<?xml version="1.0" encoding="UTF-8"?>
<testsuites name="Regression TopX 2G" time="1730.71" tests="28" failures="0" errors="0">
   <testsuite name="Regression TopX 2G" tests="28" failures="0" errors="0" time="1730.71" skipped="0" timestamp="2024-09-29 10:59:57" hostname="FatimaIbeid - LP-FatimaIbeid" id="Test Suites/PM/Hwauei/TopX/Regression TopX 2G">
      <properties>
         <property name="deviceName" value=""/>
         <property name="devicePlatform" value=""/>
         <property name="logFolder" value="C:\\Users\\FatimaIbeid\\git\\NetCell\\Reports\\20240929_105954\\PM\\Hwauei\\TopX\\Regression TopX 2G\\20240929_105954"/>
         <property name="logFiles" value="C:\\Users\\FatimaIbeid\\git\\NetCell\\Reports\\20240929_105954\\PM\\Hwauei\\TopX\\Regression TopX 2G\\20240929_105954\\execution0.log"/>
         <property name="attachments" value=""/>
         <property name="hostName" value="FatimaIbeid - LP-FatimaIbeid"/>
         <property name="os" value="Windows 11 64bit"/>
         <property name="katalonVersion" value="8.6.9.208"/>
         <property name="browser" value="Chrome 128.0.0.0"/>
         <property name="hostAddress" value="192.168.8.187"/>
         <property name="sessionId" value="5a243c105f64004f54de05e93ae2f820"/>
         <property name="seleniumVersion" value="3.141.59"/>
         <property name="proxyInformation" value="ProxyInformation { proxyOption=NO_PROXY, proxyServerType=HTTP, username=, password=********, proxyServerAddress=, proxyServerPort=0, executionList=&quot;&quot;, isApplyToDesiredCapabilities=true }"/>
         <property name="platform" value="Windows 11"/>
      </properties>
      <testcase name="Test Cases/PM/Hwauei/TopX/2G TopX/XPLMN/TopX 2G PLMN default" time="67.471" classname="Test Cases/PM/Hwauei/TopX/2G TopX/XPLMN/TopX 2G PLMN default" status="PASSED">
         <system-out><![CDATA[2024-09-29 10:59:57 - [TEST_CASE][PASSED] - Test Cases/PM/Hwauei/TopX/2G TopX/XPLMN/TopX 2G PLMN default: Test Cases/PM/Hwauei/TopX/2G TopX/XPLMN/TopX 2G PLMN default

2024-09-29 10:59:58 - [TEST_STEP][PASSED] - callTestCase(findTestCase("LoginNew"), [:], STOP_ON_FAILURE): Call Test Case 'Test Cases/LoginNew' successfully

2024-09-29 10:59:58 - [TEST_CASE][PASSED] - Test Cases/LoginNew: Test Cases/LoginNew

2024-09-29 10:59:58 - [TEST_STEP][PASSED] - driver = general.start(SwagerURL, NetCellURL): general.start is PASSED

2024-09-29 10:59:58 - [MESSAGE][INFO] - >>> chromeDriverPath=C:\Users\FatimaIbeid\.katalon\packages\Katalon_Studio_Windows_64-8.6.9\Katalon_Studio_Windows_64-8.6.9\configuration\resources\drivers\chromedriver_win32\chromedriver.exe

2024-09-29 11:00:01 - [MESSAGE][PASSED] - Current window maximized

2024-09-29 11:00:02 - [MESSAGE][PASSED] - Execute JavaScript 'window.open();' successfully

2024-09-29 11:00:02 - [MESSAGE][PASSED] - Switched to window with index: '1'

2024-09-29 11:00:03 - [MESSAGE][PASSED] - general.start is PASSED

2024-09-29 11:00:03 - [TEST_STEP][PASSED] - delay(1): Delayed 1 second(s)

2024-09-29 11:00:04 - [MESSAGE][PASSED] - Delayed 1 second(s)

2024-09-29 11:00:04 - [TEST_STEP][PASSED] - sendKeys(findTestObject("Object Repository/Login/EnterEmail2"), "homam@zztjg.onmicrosoft.com"): Keys 'homam@zztjg.onmicrosoft.com' sent to object: 'Object Repository/Login/EnterEmail2'

2024-09-29 11:00:15 - [MESSAGE][PASSED] - Keys 'homam@zztjg.onmicrosoft.com' sent to object: 'Object Repository/Login/EnterEmail2'

2024-09-29 11:00:15 - [TEST_STEP][PASSED] - delay(1): Delayed 1 second(s)

2024-09-29 11:00:16 - [MESSAGE][PASSED] - Delayed 1 second(s)

2024-09-29 11:00:16 - [TEST_STEP][PASSED] - sendKeys(findTestObject("Object Repository/Login/EnterPassword2"), "P@ssw0rd"): Keys 'P@ssw0rd' sent to object: 'Object Repository/Login/EnterPassword2'

2024-09-29 11:00:17 - [MESSAGE][PASSED] - Keys 'P@ssw0rd' sent to object: 'Object Repository/Login/EnterPassword2'

2024-09-29 11:00:17 - [TEST_STEP][PASSED] - delay(1): Delayed 1 second(s)

2024-09-29 11:00:18 - [MESSAGE][PASSED] - Delayed 1 second(s)

2024-09-29 11:00:18 - [TEST_STEP][PASSED] - click(findTestObject("Object Repository/Login/LoginButton2")): Object: 'Object Repository/Login/LoginButton2' is clicked on

2024-09-29 11:00:18 - [MESSAGE][PASSED] - Object: 'Object Repository/Login/LoginButton2' is clicked on

2024-09-29 11:00:18 - [TEST_STEP][PASSED] - delay(1): Delayed 1 second(s)

2024-09-29 11:00:19 - [MESSAGE][PASSED] - Delayed 1 second(s)

2024-09-29 11:00:19 - [TEST_STEP][PASSED] - waitForElementPresent(findTestObject("Object Repository/Login/welcome To NetCell"), 0): Object 'Object Repository/Login/welcome To NetCell' is present

2024-09-29 11:00:19 - [MESSAGE][WARNING] - Timeout '0' is invalid. Using default page load timeout: '120'

2024-09-29 11:00:19 - [MESSAGE][PASSED] - Object 'Object Repository/Login/welcome To NetCell' is present

2024-09-29 11:00:19 - [MESSAGE][PASSED] - Call Test Case 'Test Cases/LoginNew' successfully

2024-09-29 11:00:19 - [TEST_STEP][PASSED] - switchToWindowIndex(1): Switched to window with index: '1'

2024-09-29 11:00:19 - [MESSAGE][PASSED] - Switched to window with index: '1'

2024-09-29 11:00:19 - [TEST_STEP][PASSED] - PMHwaueiTopX.TopX("2G", "PLMN", false, "Hourly", false, null): PMHwaueiTopX.TopX is PASSED

2024-09-29 11:00:20 - [MESSAGE][PASSED] - Object: 'Object Repository/PM/PM-Button' is clicked on

2024-09-29 11:00:20 - [MESSAGE][PASSED] - Switched to window with index: '2'

2024-09-29 11:00:20 - [MESSAGE][PASSED] - Object: 'Object Repository/PM/Huawei-vendor/Data-view/TopX' is clicked on

2024-09-29 11:00:21 - [MESSAGE][PASSED] - Object: 'Object Repository/PM/Huawei-vendor/Technology/Technology-Arrow' is clicked on

2024-09-29 11:00:21 - [MESSAGE][PASSED] - Object: 'Object Repository/PM/Huawei-vendor/Technology/2G' is clicked on

2024-09-29 11:00:21 - [MESSAGE][PASSED] - Object: 'Object Repository/PM/Huawei-vendor/TopX/TopX Object Type' is clicked on

2024-09-29 11:00:22 - [MESSAGE][PASSED] - Delayed 1 second(s)

2024-09-29 11:00:22 - [MESSAGE][PASSED] - Object: 'Object Repository/PM/Huawei-vendor/Object-Type/TopX Object Types/TopX PLMNs/TopX PLMN' is clicked on

2024-09-29 11:00:23 - [MESSAGE][PASSED] - Delayed 1 second(s)

2024-09-29 11:00:24 - [MESSAGE][PASSED] - Object: 'Object Repository/PM/Huawei-vendor/Object-Type/TopX Object Types/TopX PLMNs/TopX PLMN checkbox' is clicked on

2024-09-29 11:00:24 - [MESSAGE][WARNING] - Timeout '0' is invalid. Using default page load timeout: '120'

2024-09-29 11:00:24 - [MESSAGE][PASSED] - Scroll to object 'Object Repository/PM/Huawei-vendor/LowXlabel' successfully

2024-09-29 11:00:24 - [MESSAGE][PASSED] - Object: 'Object Repository/PM/Huawei-vendor/TopX/TopXDate/BeforeDate' is clicked on

2024-09-29 11:00:25 - [MESSAGE][PASSED] - Delayed 1 second(s)

2024-09-29 11:00:25 - [MESSAGE][PASSED] - Object: 'Object Repository/PM/Huawei-vendor/TopX/TopXDate/Choose Month' is clicked on

2024-09-29 11:00:26 - [MESSAGE][PASSED] - Delayed 1 second(s)

2024-09-29 11:00:27 - [MESSAGE][PASSED] - Object: 'Object Repository/PM/Huawei-vendor/TopX/TopXDate/Feb' is clicked on

2024-09-29 11:00:27 - [MESSAGE][PASSED] - Object: 'Object Repository/PM/Huawei-vendor/TopX/TopXDate/Day 1' is clicked on

2024-09-29 11:00:27 - [MESSAGE][PASSED] - Object: 'Object Repository/PM/Huawei-vendor/TopX/TopXDate/Button OK' is clicked on

2024-09-29 11:00:28 - [MESSAGE][PASSED] - Object: 'Object Repository/PM/Huawei-vendor/TopX/TopXDate/After Date' is clicked on

2024-09-29 11:00:29 - [MESSAGE][PASSED] - Delayed 1 second(s)

2024-09-29 11:00:29 - [MESSAGE][PASSED] - Object: 'Object Repository/PM/Huawei-vendor/TopX/TopXDate/Choose Month' is clicked on

2024-09-29 11:00:30 - [MESSAGE][PASSED] - Delayed 1 second(s)

2024-09-29 11:00:30 - [MESSAGE][PASSED] - Object: 'Object Repository/PM/Huawei-vendor/TopX/TopXDate/Feb' is clicked on

2024-09-29 11:00:30 - [MESSAGE][PASSED] - Object: 'Object Repository/PM/Huawei-vendor/TopX/TopXDate/Day 7' is clicked on

2024-09-29 11:00:31 - [MESSAGE][PASSED] - Object: 'Object Repository/PM/Huawei-vendor/TopX/TopXDate/Button OK' is clicked on

2024-09-29 11:00:31 - [MESSAGE][PASSED] - Object: 'Object Repository/PM/Huawei-vendor/Apply-Button' is clicked on

2024-09-29 11:00:31 - [MESSAGE][WARNING] - Timeout '0' is invalid. Using default page load timeout: '120'

2024-09-29 11:00:31 - [MESSAGE][PASSED] - Web element with id: 'Object Repository/PM/Huawei-vendor/Error' located by 'By.xpath: //div[@class='toast-summary title-medium-m']' is not present after '120' second(s)

2024-09-29 11:00:32 - [MESSAGE][WARNING] - Timeout '0' is invalid. Using default page load timeout: '120'

2024-09-29 11:00:35 - [MESSAGE][PASSED] - Object 'Object Repository/PM/Huawei-vendor/Chart' is present

2024-09-29 11:00:35 - [MESSAGE][WARNING] - Timeout '0' is invalid. Using default page load timeout: '120'

2024-09-29 11:00:36 - [MESSAGE][PASSED] - Object 'Object Repository/PM/Huawei-vendor/TopX/Table View' is present

2024-09-29 11:00:36 - [MESSAGE][PASSED] - Object: 'Object Repository/PM/Huawei-vendor/TopX/Table View' is clicked on

2024-09-29 11:00:36 - [MESSAGE][PASSED] - Object: 'Object Repository/PM/Huawei-vendor/TopX/Reordering the table view' is clicked on

2024-09-29 11:00:36 - [MESSAGE][PASSED] - Object: 'Object Repository/PM/Huawei-vendor/TopX/Table View Filter ICon' is clicked on

2024-09-29 11:00:37 - [MESSAGE][PASSED] - Object: 'Object Repository/PM/Huawei-vendor/TopX/TableView CheckBox' is clicked on

2024-09-29 11:00:37 - [MESSAGE][PASSED] - Object: 'Object Repository/PM/Huawei-vendor/TopX/Table View Resolution' is clicked on

2024-09-29 11:00:37 - [MESSAGE][PASSED] - Object: 'Object Repository/PM/Huawei-vendor/TopX/Table view Resolution Daily' is clicked on

2024-09-29 11:00:38 - [MESSAGE][PASSED] - Object: 'Object Repository/PM/Huawei-vendor/TopX/Table View Start Date' is clicked on

2024-09-29 11:00:38 - [MESSAGE][PASSED] - Keys '02/01/2024' sent to object: 'Object Repository/PM/Huawei-vendor/TopX/Table View Start Date'

2024-09-29 11:00:38 - [MESSAGE][PASSED] - Object: 'Object Repository/PM/Huawei-vendor/TopX/Table View End Date' is clicked on

2024-09-29 11:00:39 - [MESSAGE][PASSED] - Keys '02/07/2024' sent to object: 'Object Repository/PM/Huawei-vendor/TopX/Table View End Date'

2024-09-29 11:00:39 - [MESSAGE][PASSED] - Object: 'Object Repository/PM/Huawei-vendor/TopX/Table View Show on map' is clicked on

2024-09-29 11:00:39 - [MESSAGE][WARNING] - Timeout '0' is invalid. Using default page load timeout: '120'

2024-09-29 11:00:39 - [MESSAGE][PASSED] - Web element with id: 'Object Repository/PM/Huawei-vendor/Error' located by 'By.xpath: //div[@class='toast-summary title-medium-m']' is not present after '120' second(s)

2024-09-29 11:00:39 - [MESSAGE][PASSED] - Switched to window with index: '3'

2024-09-29 11:00:39 - [MESSAGE][WARNING] - Timeout '0' is invalid. Using default page load timeout: '120'

2024-09-29 11:00:51 - [MESSAGE][PASSED] - Object 'Object Repository/PM/Huawei-vendor/TopX/Map' is present

2024-09-29 11:00:51 - [MESSAGE][WARNING] - Timeout '0' is invalid. Using default page load timeout: '120'

2024-09-29 11:00:51 - [MESSAGE][PASSED] - Web element with id: 'Object Repository/PM/Huawei-vendor/Error' located by 'By.xpath: //div[@class='toast-summary title-medium-m']' is not present after '120' second(s)

2024-09-29 11:00:51 - [MESSAGE][PASSED] - Window with index 3 is closed

2024-09-29 11:00:51 - [MESSAGE][PASSED] - Switched to window with index: '2'

2024-09-29 11:00:51 - [MESSAGE][PASSED] - Object: 'Object Repository/PM/Huawei-vendor/TopX/Table view Show stats' is clicked on

2024-09-29 11:00:52 - [MESSAGE][WARNING] - Timeout '0' is invalid. Using default page load timeout: '120'

2024-09-29 11:00:52 - [MESSAGE][PASSED] - Web element with id: 'Object Repository/PM/Huawei-vendor/Error' located by 'By.xpath: //div[@class='toast-summary title-medium-m']' is not present after '120' second(s)

2024-09-29 11:00:52 - [MESSAGE][PASSED] - Switched to window with index: '3'

2024-09-29 11:00:52 - [MESSAGE][WARNING] - Timeout '0' is invalid. Using default page load timeout: '120'

2024-09-29 11:01:03 - [MESSAGE][PASSED] - Object 'Object Repository/PM/Huawei-vendor/Stats Export Chart' is present

2024-09-29 11:01:04 - [MESSAGE][PASSED] - Browser is closed

2024-09-29 11:01:04 - [MESSAGE][PASSED] - PMHwaueiTopX.TopX is PASSED

2024-09-29 11:01:04 - [TEST_STEP][PASSED] - Start tear down : tearDownTestCase: Method 'tearDownTestCase' complete successfully

2024-09-29 11:01:05 - [TEST_STEP][PASSED] - closeBrowser(): Browser is closed

2024-09-29 11:01:05 - [MESSAGE][PASSED] - Browser is closed

2024-09-29 11:01:05 - [MESSAGE][PASSED] - Method 'tearDownTestCase' complete successfully]]></system-out>
         <system-err><![CDATA[]]></system-err>
      </testcase>
      <testcase name="Test Cases/PM/Hwauei/TopX/2G TopX/XPLMN/TopX 2G PLMN with LowX" time="66.928" classname="Test Cases/PM/Hwauei/TopX/2G TopX/XPLMN/TopX 2G PLMN with LowX" status="PASSED">
         <system-out><![CDATA[2024-09-29 11:01:05 - [TEST_CASE][PASSED] - Test Cases/PM/Hwauei/TopX/2G TopX/XPLMN/TopX 2G PLMN with LowX: Test Cases/PM/Hwauei/TopX/2G TopX/XPLMN/TopX 2G PLMN with LowX

2024-09-29 11:01:05 - [TEST_STEP][PASSED] - callTestCase(findTestCase("LoginNew"), [:], STOP_ON_FAILURE): Call Test Case 'Test Cases/LoginNew' successfully

2024-09-29 11:01:05 - [TEST_CASE][PASSED] - Test Cases/LoginNew: Test Cases/LoginNew

2024-09-29 11:01:05 - [TEST_STEP][PASSED] - driver = general.start(SwagerURL, NetCellURL): general.start is PASSED

2024-09-29 11:01:05 - [MESSAGE][INFO] - >>> chromeDriverPath=C:\Users\FatimaIbeid\.katalon\packages\Katalon_Studio_Windows_64-8.6.9\Katalon_Studio_Windows_64-8.6.9\configuration\resources\drivers\chromedriver_win32\chromedriver.exe

2024-09-29 11:01:07 - [MESSAGE][PASSED] - Current window maximized

2024-09-29 11:01:08 - [MESSAGE][PASSED] - Execute JavaScript 'window.open();' successfully

2024-09-29 11:01:08 - [MESSAGE][PASSED] - Switched to window with index: '1'

2024-09-29 11:01:19 - [MESSAGE][PASSED] - general.start is PASSED

2024-09-29 11:01:19 - [TEST_STEP][PASSED] - delay(1): Delayed 1 second(s)

2024-09-29 11:01:20 - [MESSAGE][PASSED] - Delayed 1 second(s)

2024-09-29 11:01:20 - [TEST_STEP][PASSED] - sendKeys(findTestObject("Object Repository/Login/EnterEmail2"), "homam@zztjg.onmicrosoft.com"): Keys 'homam@zztjg.onmicrosoft.com' sent to object: 'Object Repository/Login/EnterEmail2'

2024-09-29 11:01:20 - [MESSAGE][PASSED] - Keys 'homam@zztjg.onmicrosoft.com' sent to object: 'Object Repository/Login/EnterEmail2'

2024-09-29 11:01:20 - [TEST_STEP][PASSED] - delay(1): Delayed 1 second(s)

2024-09-29 11:01:21 - [MESSAGE][PASSED] - Delayed 1 second(s)

2024-09-29 11:01:21 - [TEST_STEP][PASSED] - sendKeys(findTestObject("Object Repository/Login/EnterPassword2"), "P@ssw0rd"): Keys 'P@ssw0rd' sent to object: 'Object Repository/Login/EnterPassword2'

2024-09-29 11:01:22 - [MESSAGE][PASSED] - Keys 'P@ssw0rd' sent to object: 'Object Repository/Login/EnterPassword2'

2024-09-29 11:01:22 - [TEST_STEP][PASSED] - delay(1): Delayed 1 second(s)

2024-09-29 11:01:23 - [MESSAGE][PASSED] - Delayed 1 second(s)

2024-09-29 11:01:23 - [TEST_STEP][PASSED] - click(findTestObject("Object Repository/Login/LoginButton2")): Object: 'Object Repository/Login/LoginButton2' is clicked on

2024-09-29 11:01:23 - [MESSAGE][PASSED] - Object: 'Object Repository/Login/LoginButton2' is clicked on

2024-09-29 11:01:23 - [TEST_STEP][PASSED] - delay(1): Delayed 1 second(s)

2024-09-29 11:01:24 - [MESSAGE][PASSED] - Delayed 1 second(s)

2024-09-29 11:01:24 - [TEST_STEP][PASSED] - waitForElementPresent(findTestObject("Object Repository/Login/welcome To NetCell"), 0): Object 'Object Repository/Login/welcome To NetCell' is present

2024-09-29 11:01:24 - [MESSAGE][WARNING] - Timeout '0' is invalid. Using default page load timeout: '120'

2024-09-29 11:01:24 - [MESSAGE][PASSED] - Object 'Object Repository/Login/welcome To NetCell' is present

2024-09-29 11:01:24 - [MESSAGE][PASSED] - Call Test Case 'Test Cases/LoginNew' successfully

2024-09-29 11:01:24 - [TEST_STEP][PASSED] - switchToWindowIndex(1): Switched to window with index: '1'

2024-09-29 11:01:24 - [MESSAGE][PASSED] - Switched to window with index: '1'

2024-09-29 11:01:24 - [TEST_STEP][PASSED] - PMHwaueiTopX.TopX("2G", "PLMN", true, "Hourly", true, null): PMHwaueiTopX.TopX is PASSED

2024-09-29 11:01:25 - [MESSAGE][PASSED] - Object: 'Object Repository/PM/PM-Button' is clicked on

2024-09-29 11:01:25 - [MESSAGE][PASSED] - Switched to window with index: '2'

2024-09-29 11:01:26 - [MESSAGE][PASSED] - Object: 'Object Repository/PM/Huawei-vendor/Data-view/TopX' is clicked on

2024-09-29 11:01:26 - [MESSAGE][PASSED] - Object: 'Object Repository/PM/Huawei-vendor/Technology/Technology-Arrow' is clicked on

2024-09-29 11:01:26 - [MESSAGE][PASSED] - Object: 'Object Repository/PM/Huawei-vendor/Technology/2G' is clicked on

2024-09-29 11:01:26 - [MESSAGE][PASSED] - Object: 'Object Repository/PM/Huawei-vendor/TopX/TopX Object Type' is clicked on

2024-09-29 11:01:27 - [MESSAGE][PASSED] - Delayed 1 second(s)

2024-09-29 11:01:28 - [MESSAGE][PASSED] - Object: 'Object Repository/PM/Huawei-vendor/Object-Type/TopX Object Types/TopX PLMNs/TopX PLMN' is clicked on

2024-09-29 11:01:29 - [MESSAGE][PASSED] - Delayed 1 second(s)

2024-09-29 11:01:29 - [MESSAGE][PASSED] - Object: 'Object Repository/PM/Huawei-vendor/Object-Type/TopX Object Types/TopX PLMNs/TopX PLMN checkbox' is clicked on

2024-09-29 11:01:29 - [MESSAGE][WARNING] - Timeout '0' is invalid. Using default page load timeout: '120'

2024-09-29 11:01:29 - [MESSAGE][PASSED] - Scroll to object 'Object Repository/PM/Huawei-vendor/LowXlabel' successfully

2024-09-29 11:01:29 - [MESSAGE][PASSED] - Object: 'Object Repository/PM/Huawei-vendor/TopX/TopXDate/BeforeDate' is clicked on

2024-09-29 11:01:30 - [MESSAGE][PASSED] - Delayed 1 second(s)

2024-09-29 11:01:31 - [MESSAGE][PASSED] - Object: 'Object Repository/PM/Huawei-vendor/TopX/TopXDate/Choose Month' is clicked on

2024-09-29 11:01:32 - [MESSAGE][PASSED] - Delayed 1 second(s)

2024-09-29 11:01:32 - [MESSAGE][PASSED] - Object: 'Object Repository/PM/Huawei-vendor/TopX/TopXDate/Feb' is clicked on

2024-09-29 11:01:32 - [MESSAGE][PASSED] - Object: 'Object Repository/PM/Huawei-vendor/TopX/TopXDate/Day 1' is clicked on

2024-09-29 11:01:32 - [MESSAGE][PASSED] - Object: 'Object Repository/PM/Huawei-vendor/TopX/TopXDate/Button OK' is clicked on

2024-09-29 11:01:33 - [MESSAGE][PASSED] - Object: 'Object Repository/PM/Huawei-vendor/TopX/TopXDate/After Date' is clicked on

2024-09-29 11:01:34 - [MESSAGE][PASSED] - Delayed 1 second(s)

2024-09-29 11:01:34 - [MESSAGE][PASSED] - Object: 'Object Repository/PM/Huawei-vendor/TopX/TopXDate/Choose Month' is clicked on

2024-09-29 11:01:35 - [MESSAGE][PASSED] - Delayed 1 second(s)

2024-09-29 11:01:35 - [MESSAGE][PASSED] - Object: 'Object Repository/PM/Huawei-vendor/TopX/TopXDate/Feb' is clicked on

2024-09-29 11:01:36 - [MESSAGE][PASSED] - Object: 'Object Repository/PM/Huawei-vendor/TopX/TopXDate/Day 7' is clicked on

2024-09-29 11:01:36 - [MESSAGE][PASSED] - Object: 'Object Repository/PM/Huawei-vendor/TopX/TopXDate/Button OK' is clicked on

2024-09-29 11:01:36 - [MESSAGE][PASSED] - Object: 'Object Repository/PM/Huawei-vendor/LowXCheckBox' is clicked on

2024-09-29 11:01:37 - [MESSAGE][PASSED] - Object: 'Object Repository/PM/Huawei-vendor/Apply-Button' is clicked on

2024-09-29 11:01:37 - [MESSAGE][WARNING] - Timeout '0' is invalid. Using default page load timeout: '120'

2024-09-29 11:01:37 - [MESSAGE][PASSED] - Web element with id: 'Object Repository/PM/Huawei-vendor/Error' located by 'By.xpath: //div[@class='toast-summary title-medium-m']' is not present after '120' second(s)

2024-09-29 11:01:37 - [MESSAGE][WARNING] - Timeout '0' is invalid. Using default page load timeout: '120'

2024-09-29 11:01:42 - [MESSAGE][PASSED] - Object 'Object Repository/PM/Huawei-vendor/Chart' is present

2024-09-29 11:01:42 - [MESSAGE][WARNING] - Timeout '0' is invalid. Using default page load timeout: '120'

2024-09-29 11:01:42 - [MESSAGE][PASSED] - Object 'Object Repository/PM/Huawei-vendor/TopX/Table View' is present

2024-09-29 11:01:42 - [MESSAGE][PASSED] - Object: 'Object Repository/PM/Huawei-vendor/TopX/Table View' is clicked on

2024-09-29 11:01:43 - [MESSAGE][PASSED] - Object: 'Object Repository/PM/Huawei-vendor/TopX/Reordering the table view' is clicked on

2024-09-29 11:01:43 - [MESSAGE][PASSED] - Object: 'Object Repository/PM/Huawei-vendor/TopX/Table View Filter ICon' is clicked on

2024-09-29 11:01:43 - [MESSAGE][PASSED] - Object: 'Object Repository/PM/Huawei-vendor/TopX/TableView CheckBox' is clicked on

2024-09-29 11:01:44 - [MESSAGE][PASSED] - Object: 'Object Repository/PM/Huawei-vendor/TopX/Table View Resolution' is clicked on

2024-09-29 11:01:44 - [MESSAGE][PASSED] - Object: 'Object Repository/PM/Huawei-vendor/TopX/Table view Resolution Hourly' is clicked on

2024-09-29 11:01:44 - [MESSAGE][PASSED] - Object: 'Object Repository/PM/Huawei-vendor/TopX/Table View Start Date' is clicked on

2024-09-29 11:01:45 - [MESSAGE][PASSED] - Keys '02/01/2024' sent to object: 'Object Repository/PM/Huawei-vendor/TopX/Table View Start Date'

2024-09-29 11:01:45 - [MESSAGE][PASSED] - Object: 'Object Repository/PM/Huawei-vendor/TopX/Table View End Date' is clicked on

2024-09-29 11:01:45 - [MESSAGE][PASSED] - Keys '02/07/2024' sent to object: 'Object Repository/PM/Huawei-vendor/TopX/Table View End Date'

2024-09-29 11:01:46 - [MESSAGE][PASSED] - Object: 'Object Repository/PM/Huawei-vendor/TopX/Table View Show on map' is clicked on

2024-09-29 11:01:46 - [MESSAGE][WARNING] - Timeout '0' is invalid. Using default page load timeout: '120'

2024-09-29 11:01:46 - [MESSAGE][PASSED] - Web element with id: 'Object Repository/PM/Huawei-vendor/Error' located by 'By.xpath: //div[@class='toast-summary title-medium-m']' is not present after '120' second(s)

2024-09-29 11:01:46 - [MESSAGE][PASSED] - Switched to window with index: '3'

2024-09-29 11:01:46 - [MESSAGE][WARNING] - Timeout '0' is invalid. Using default page load timeout: '120'

2024-09-29 11:01:57 - [MESSAGE][PASSED] - Object 'Object Repository/PM/Huawei-vendor/TopX/Map' is present

2024-09-29 11:01:57 - [MESSAGE][WARNING] - Timeout '0' is invalid. Using default page load timeout: '120'

2024-09-29 11:01:57 - [MESSAGE][PASSED] - Web element with id: 'Object Repository/PM/Huawei-vendor/Error' located by 'By.xpath: //div[@class='toast-summary title-medium-m']' is not present after '120' second(s)

2024-09-29 11:01:57 - [MESSAGE][PASSED] - Window with index 3 is closed

2024-09-29 11:01:57 - [MESSAGE][PASSED] - Switched to window with index: '2'

2024-09-29 11:01:58 - [MESSAGE][PASSED] - Object: 'Object Repository/PM/Huawei-vendor/TopX/Table view Show stats' is clicked on

2024-09-29 11:01:58 - [MESSAGE][WARNING] - Timeout '0' is invalid. Using default page load timeout: '120'

2024-09-29 11:01:58 - [MESSAGE][PASSED] - Web element with id: 'Object Repository/PM/Huawei-vendor/Error' located by 'By.xpath: //div[@class='toast-summary title-medium-m']' is not present after '120' second(s)

2024-09-29 11:01:58 - [MESSAGE][PASSED] - Switched to window with index: '3'

2024-09-29 11:01:58 - [MESSAGE][WARNING] - Timeout '0' is invalid. Using default page load timeout: '120'

2024-09-29 11:02:11 - [MESSAGE][PASSED] - Object 'Object Repository/PM/Huawei-vendor/Stats Export Chart' is present

2024-09-29 11:02:12 - [MESSAGE][PASSED] - Browser is closed

2024-09-29 11:02:12 - [MESSAGE][PASSED] - PMHwaueiTopX.TopX is PASSED

2024-09-29 11:02:12 - [TEST_STEP][PASSED] - Start tear down : tearDownTestCase: Method 'tearDownTestCase' complete successfully

2024-09-29 11:02:12 - [TEST_STEP][PASSED] - closeBrowser(): Browser is closed

2024-09-29 11:02:12 - [MESSAGE][PASSED] - Browser is closed

2024-09-29 11:02:12 - [MESSAGE][PASSED] - Method 'tearDownTestCase' complete successfully]]></system-out>
         <system-err><![CDATA[]]></system-err>
      </testcase>
      <testcase name="Test Cases/PM/Hwauei/TopX/2G TopX/XPLMN/TopX 2G PLMN Daily" time="62.649" classname="Test Cases/PM/Hwauei/TopX/2G TopX/XPLMN/TopX 2G PLMN Daily" status="PASSED">
         <system-out><![CDATA[2024-09-29 11:02:12 - [TEST_CASE][PASSED] - Test Cases/PM/Hwauei/TopX/2G TopX/XPLMN/TopX 2G PLMN Daily: Test Cases/PM/Hwauei/TopX/2G TopX/XPLMN/TopX 2G PLMN Daily

2024-09-29 11:02:12 - [TEST_STEP][PASSED] - callTestCase(findTestCase("LoginNew"), [:], STOP_ON_FAILURE): Call Test Case 'Test Cases/LoginNew' successfully

2024-09-29 11:02:12 - [TEST_CASE][PASSED] - Test Cases/LoginNew: Test Cases/LoginNew

2024-09-29 11:02:12 - [TEST_STEP][PASSED] - driver = general.start(SwagerURL, NetCellURL): general.start is PASSED

2024-09-29 11:02:12 - [MESSAGE][INFO] - >>> chromeDriverPath=C:\Users\FatimaIbeid\.katalon\packages\Katalon_Studio_Windows_64-8.6.9\Katalon_Studio_Windows_64-8.6.9\configuration\resources\drivers\chromedriver_win32\chromedriver.exe

2024-09-29 11:02:14 - [MESSAGE][PASSED] - Current window maximized

2024-09-29 11:02:14 - [MESSAGE][PASSED] - Execute JavaScript 'window.open();' successfully

2024-09-29 11:02:14 - [MESSAGE][PASSED] - Switched to window with index: '1'

2024-09-29 11:02:26 - [MESSAGE][PASSED] - general.start is PASSED

2024-09-29 11:02:26 - [TEST_STEP][PASSED] - delay(1): Delayed 1 second(s)

2024-09-29 11:02:27 - [MESSAGE][PASSED] - Delayed 1 second(s)

2024-09-29 11:02:27 - [TEST_STEP][PASSED] - sendKeys(findTestObject("Object Repository/Login/EnterEmail2"), "homam@zztjg.onmicrosoft.com"): Keys 'homam@zztjg.onmicrosoft.com' sent to object: 'Object Repository/Login/EnterEmail2'

2024-09-29 11:02:27 - [MESSAGE][PASSED] - Keys 'homam@zztjg.onmicrosoft.com' sent to object: 'Object Repository/Login/EnterEmail2'

2024-09-29 11:02:27 - [TEST_STEP][PASSED] - delay(1): Delayed 1 second(s)

2024-09-29 11:02:28 - [MESSAGE][PASSED] - Delayed 1 second(s)

2024-09-29 11:02:28 - [TEST_STEP][PASSED] - sendKeys(findTestObject("Object Repository/Login/EnterPassword2"), "P@ssw0rd"): Keys 'P@ssw0rd' sent to object: 'Object Repository/Login/EnterPassword2'

2024-09-29 11:02:28 - [MESSAGE][PASSED] - Keys 'P@ssw0rd' sent to object: 'Object Repository/Login/EnterPassword2'

2024-09-29 11:02:28 - [TEST_STEP][PASSED] - delay(1): Delayed 1 second(s)

2024-09-29 11:02:29 - [MESSAGE][PASSED] - Delayed 1 second(s)

2024-09-29 11:02:29 - [TEST_STEP][PASSED] - click(findTestObject("Object Repository/Login/LoginButton2")): Object: 'Object Repository/Login/LoginButton2' is clicked on

2024-09-29 11:02:30 - [MESSAGE][PASSED] - Object: 'Object Repository/Login/LoginButton2' is clicked on

2024-09-29 11:02:30 - [TEST_STEP][PASSED] - delay(1): Delayed 1 second(s)

2024-09-29 11:02:31 - [MESSAGE][PASSED] - Delayed 1 second(s)

2024-09-29 11:02:31 - [TEST_STEP][PASSED] - waitForElementPresent(findTestObject("Object Repository/Login/welcome To NetCell"), 0): Object 'Object Repository/Login/welcome To NetCell' is present

2024-09-29 11:02:31 - [MESSAGE][WARNING] - Timeout '0' is invalid. Using default page load timeout: '120'

2024-09-29 11:02:31 - [MESSAGE][PASSED] - Object 'Object Repository/Login/welcome To NetCell' is present

2024-09-29 11:02:31 - [MESSAGE][PASSED] - Call Test Case 'Test Cases/LoginNew' successfully

2024-09-29 11:02:31 - [TEST_STEP][PASSED] - switchToWindowIndex(1): Switched to window with index: '1'

2024-09-29 11:02:31 - [MESSAGE][PASSED] - Switched to window with index: '1'

2024-09-29 11:02:31 - [TEST_STEP][PASSED] - PMHwaueiTopX.TopX("2G", "PLMN", false, "Daily", false, null): PMHwaueiTopX.TopX is PASSED

2024-09-29 11:02:31 - [MESSAGE][PASSED] - Object: 'Object Repository/PM/PM-Button' is clicked on

2024-09-29 11:02:31 - [MESSAGE][PASSED] - Switched to window with index: '2'

2024-09-29 11:02:32 - [MESSAGE][PASSED] - Object: 'Object Repository/PM/Huawei-vendor/Data-view/TopX' is clicked on

2024-09-29 11:02:32 - [MESSAGE][PASSED] - Object: 'Object Repository/PM/Huawei-vendor/Technology/Technology-Arrow' is clicked on

2024-09-29 11:02:32 - [MESSAGE][PASSED] - Object: 'Object Repository/PM/Huawei-vendor/Technology/2G' is clicked on

2024-09-29 11:02:32 - [MESSAGE][PASSED] - Object: 'Object Repository/PM/Huawei-vendor/TopX/TopX Object Type' is clicked on

2024-09-29 11:02:33 - [MESSAGE][PASSED] - Delayed 1 second(s)

2024-09-29 11:02:33 - [MESSAGE][PASSED] - Object: 'Object Repository/PM/Huawei-vendor/Object-Type/TopX Object Types/TopX PLMNs/TopX PLMN' is clicked on

2024-09-29 11:02:34 - [MESSAGE][PASSED] - Delayed 1 second(s)

2024-09-29 11:02:34 - [MESSAGE][PASSED] - Object: 'Object Repository/PM/Huawei-vendor/Object-Type/TopX Object Types/TopX PLMNs/TopX PLMN checkbox' is clicked on

2024-09-29 11:02:35 - [MESSAGE][WARNING] - Timeout '0' is invalid. Using default page load timeout: '120'

2024-09-29 11:02:35 - [MESSAGE][PASSED] - Scroll to object 'Object Repository/PM/Huawei-vendor/LowXlabel' successfully

2024-09-29 11:02:35 - [MESSAGE][PASSED] - Object: 'Object Repository/PM/Huawei-vendor/Resolution Temp/Select Resolution temp' is clicked on

2024-09-29 11:02:35 - [MESSAGE][PASSED] - Object: 'Object Repository/PM/Huawei-vendor/Resolution Temp/Resolution Temp Daily' is clicked on

2024-09-29 11:02:35 - [MESSAGE][PASSED] - Object: 'Object Repository/PM/Huawei-vendor/TopX/TopXDate/BeforeDate' is clicked on

2024-09-29 11:02:36 - [MESSAGE][PASSED] - Delayed 1 second(s)

2024-09-29 11:02:36 - [MESSAGE][PASSED] - Object: 'Object Repository/PM/Huawei-vendor/TopX/TopXDate/Choose Month' is clicked on

2024-09-29 11:02:37 - [MESSAGE][PASSED] - Delayed 1 second(s)

2024-09-29 11:02:37 - [MESSAGE][PASSED] - Object: 'Object Repository/PM/Huawei-vendor/TopX/TopXDate/Feb' is clicked on

2024-09-29 11:02:38 - [MESSAGE][PASSED] - Object: 'Object Repository/PM/Huawei-vendor/TopX/TopXDate/Day 1' is clicked on

2024-09-29 11:02:38 - [MESSAGE][PASSED] - Object: 'Object Repository/PM/Huawei-vendor/TopX/TopXDate/Button OK' is clicked on

2024-09-29 11:02:38 - [MESSAGE][PASSED] - Object: 'Object Repository/PM/Huawei-vendor/TopX/TopXDate/After Date' is clicked on

2024-09-29 11:02:39 - [MESSAGE][PASSED] - Delayed 1 second(s)

2024-09-29 11:02:39 - [MESSAGE][PASSED] - Object: 'Object Repository/PM/Huawei-vendor/TopX/TopXDate/Choose Month' is clicked on

2024-09-29 11:02:40 - [MESSAGE][PASSED] - Delayed 1 second(s)

2024-09-29 11:02:40 - [MESSAGE][PASSED] - Object: 'Object Repository/PM/Huawei-vendor/TopX/TopXDate/Feb' is clicked on

2024-09-29 11:02:41 - [MESSAGE][PASSED] - Object: 'Object Repository/PM/Huawei-vendor/TopX/TopXDate/Day 7' is clicked on

2024-09-29 11:02:41 - [MESSAGE][PASSED] - Object: 'Object Repository/PM/Huawei-vendor/TopX/TopXDate/Button OK' is clicked on

2024-09-29 11:02:41 - [MESSAGE][PASSED] - Object: 'Object Repository/PM/Huawei-vendor/Apply-Button' is clicked on

2024-09-29 11:02:41 - [MESSAGE][WARNING] - Timeout '0' is invalid. Using default page load timeout: '120'

2024-09-29 11:02:41 - [MESSAGE][PASSED] - Web element with id: 'Object Repository/PM/Huawei-vendor/Error' located by 'By.xpath: //div[@class='toast-summary title-medium-m']' is not present after '120' second(s)

2024-09-29 11:02:41 - [MESSAGE][WARNING] - Timeout '0' is invalid. Using default page load timeout: '120'

2024-09-29 11:02:45 - [MESSAGE][PASSED] - Object 'Object Repository/PM/Huawei-vendor/Chart' is present

2024-09-29 11:02:45 - [MESSAGE][WARNING] - Timeout '0' is invalid. Using default page load timeout: '120'

2024-09-29 11:02:46 - [MESSAGE][PASSED] - Object 'Object Repository/PM/Huawei-vendor/TopX/Table View' is present

2024-09-29 11:02:46 - [MESSAGE][PASSED] - Object: 'Object Repository/PM/Huawei-vendor/TopX/Table View' is clicked on

2024-09-29 11:02:46 - [MESSAGE][PASSED] - Object: 'Object Repository/PM/Huawei-vendor/TopX/Reordering the table view' is clicked on

2024-09-29 11:02:46 - [MESSAGE][PASSED] - Object: 'Object Repository/PM/Huawei-vendor/TopX/Table View Filter ICon' is clicked on

2024-09-29 11:02:46 - [MESSAGE][PASSED] - Object: 'Object Repository/PM/Huawei-vendor/TopX/TableView CheckBox' is clicked on

2024-09-29 11:02:47 - [MESSAGE][PASSED] - Object: 'Object Repository/PM/Huawei-vendor/TopX/Table View Resolution' is clicked on

2024-09-29 11:02:47 - [MESSAGE][PASSED] - Object: 'Object Repository/PM/Huawei-vendor/TopX/Table view Resolution Hourly' is clicked on

2024-09-29 11:02:47 - [MESSAGE][PASSED] - Object: 'Object Repository/PM/Huawei-vendor/TopX/Table View Start Date' is clicked on

2024-09-29 11:02:47 - [MESSAGE][PASSED] - Keys '02/01/2024' sent to object: 'Object Repository/PM/Huawei-vendor/TopX/Table View Start Date'

2024-09-29 11:02:48 - [MESSAGE][PASSED] - Object: 'Object Repository/PM/Huawei-vendor/TopX/Table View End Date' is clicked on

2024-09-29 11:02:48 - [MESSAGE][PASSED] - Keys '02/07/2024' sent to object: 'Object Repository/PM/Huawei-vendor/TopX/Table View End Date'

2024-09-29 11:02:48 - [MESSAGE][PASSED] - Object: 'Object Repository/PM/Huawei-vendor/TopX/Table View Show on map' is clicked on

2024-09-29 11:02:48 - [MESSAGE][WARNING] - Timeout '0' is invalid. Using default page load timeout: '120'

2024-09-29 11:02:48 - [MESSAGE][PASSED] - Web element with id: 'Object Repository/PM/Huawei-vendor/Error' located by 'By.xpath: //div[@class='toast-summary title-medium-m']' is not present after '120' second(s)

2024-09-29 11:02:49 - [MESSAGE][PASSED] - Switched to window with index: '3'

2024-09-29 11:02:49 - [MESSAGE][WARNING] - Timeout '0' is invalid. Using default page load timeout: '120'

2024-09-29 11:03:00 - [MESSAGE][PASSED] - Object 'Object Repository/PM/Huawei-vendor/TopX/Map' is present

2024-09-29 11:03:00 - [MESSAGE][WARNING] - Timeout '0' is invalid. Using default page load timeout: '120'

2024-09-29 11:03:00 - [MESSAGE][PASSED] - Web element with id: 'Object Repository/PM/Huawei-vendor/Error' located by 'By.xpath: //div[@class='toast-summary title-medium-m']' is not present after '120' second(s)

2024-09-29 11:03:00 - [MESSAGE][PASSED] - Window with index 3 is closed

2024-09-29 11:03:00 - [MESSAGE][PASSED] - Switched to window with index: '2'

2024-09-29 11:03:00 - [MESSAGE][PASSED] - Object: 'Object Repository/PM/Huawei-vendor/TopX/Table view Show stats' is clicked on

2024-09-29 11:03:00 - [MESSAGE][WARNING] - Timeout '0' is invalid. Using default page load timeout: '120'

2024-09-29 11:03:00 - [MESSAGE][PASSED] - Web element with id: 'Object Repository/PM/Huawei-vendor/Error' located by 'By.xpath: //div[@class='toast-summary title-medium-m']' is not present after '120' second(s)

2024-09-29 11:03:00 - [MESSAGE][PASSED] - Switched to window with index: '3'

2024-09-29 11:03:00 - [MESSAGE][WARNING] - Timeout '0' is invalid. Using default page load timeout: '120'

2024-09-29 11:03:13 - [MESSAGE][PASSED] - Object 'Object Repository/PM/Huawei-vendor/Stats Export Chart' is present

2024-09-29 11:03:14 - [MESSAGE][PASSED] - Browser is closed

2024-09-29 11:03:14 - [MESSAGE][PASSED] - PMHwaueiTopX.TopX is PASSED

2024-09-29 11:03:14 - [TEST_STEP][PASSED] - Start tear down : tearDownTestCase: Method 'tearDownTestCase' complete successfully

2024-09-29 11:03:14 - [TEST_STEP][PASSED] - closeBrowser(): Browser is closed

2024-09-29 11:03:14 - [MESSAGE][PASSED] - Browser is closed

2024-09-29 11:03:14 - [MESSAGE][PASSED] - Method 'tearDownTestCase' complete successfully]]></system-out>
         <system-err><![CDATA[]]></system-err>
      </testcase>
      <testcase name="Test Cases/PM/Hwauei/TopX/2G TopX/XPLMN/TopX 2G PLMN DailyBH" time="63.959" classname="Test Cases/PM/Hwauei/TopX/2G TopX/XPLMN/TopX 2G PLMN DailyBH" status="PASSED">
         <system-out><![CDATA[2024-09-29 11:03:14 - [TEST_CASE][PASSED] - Test Cases/PM/Hwauei/TopX/2G TopX/XPLMN/TopX 2G PLMN DailyBH: Test Cases/PM/Hwauei/TopX/2G TopX/XPLMN/TopX 2G PLMN DailyBH

2024-09-29 11:03:15 - [TEST_STEP][PASSED] - callTestCase(findTestCase("LoginNew"), [:], STOP_ON_FAILURE): Call Test Case 'Test Cases/LoginNew' successfully

2024-09-29 11:03:15 - [TEST_CASE][PASSED] - Test Cases/LoginNew: Test Cases/LoginNew

2024-09-29 11:03:15 - [TEST_STEP][PASSED] - driver = general.start(SwagerURL, NetCellURL): general.start is PASSED

2024-09-29 11:03:15 - [MESSAGE][INFO] - >>> chromeDriverPath=C:\Users\FatimaIbeid\.katalon\packages\Katalon_Studio_Windows_64-8.6.9\Katalon_Studio_Windows_64-8.6.9\configuration\resources\drivers\chromedriver_win32\chromedriver.exe

2024-09-29 11:03:16 - [MESSAGE][PASSED] - Current window maximized

2024-09-29 11:03:17 - [MESSAGE][PASSED] - Execute JavaScript 'window.open();' successfully

2024-09-29 11:03:17 - [MESSAGE][PASSED] - Switched to window with index: '1'

2024-09-29 11:03:28 - [MESSAGE][PASSED] - general.start is PASSED

2024-09-29 11:03:28 - [TEST_STEP][PASSED] - delay(1): Delayed 1 second(s)

2024-09-29 11:03:29 - [MESSAGE][PASSED] - Delayed 1 second(s)

2024-09-29 11:03:29 - [TEST_STEP][PASSED] - sendKeys(findTestObject("Object Repository/Login/EnterEmail2"), "homam@zztjg.onmicrosoft.com"): Keys 'homam@zztjg.onmicrosoft.com' sent to object: 'Object Repository/Login/EnterEmail2'

2024-09-29 11:03:29 - [MESSAGE][PASSED] - Keys 'homam@zztjg.onmicrosoft.com' sent to object: 'Object Repository/Login/EnterEmail2'

2024-09-29 11:03:29 - [TEST_STEP][PASSED] - delay(1): Delayed 1 second(s)

2024-09-29 11:03:30 - [MESSAGE][PASSED] - Delayed 1 second(s)

2024-09-29 11:03:30 - [TEST_STEP][PASSED] - sendKeys(findTestObject("Object Repository/Login/EnterPassword2"), "P@ssw0rd"): Keys 'P@ssw0rd' sent to object: 'Object Repository/Login/EnterPassword2'

2024-09-29 11:03:31 - [MESSAGE][PASSED] - Keys 'P@ssw0rd' sent to object: 'Object Repository/Login/EnterPassword2'

2024-09-29 11:03:31 - [TEST_STEP][PASSED] - delay(1): Delayed 1 second(s)

2024-09-29 11:03:32 - [MESSAGE][PASSED] - Delayed 1 second(s)

2024-09-29 11:03:32 - [TEST_STEP][PASSED] - click(findTestObject("Object Repository/Login/LoginButton2")): Object: 'Object Repository/Login/LoginButton2' is clicked on

2024-09-29 11:03:32 - [MESSAGE][PASSED] - Object: 'Object Repository/Login/LoginButton2' is clicked on

2024-09-29 11:03:32 - [TEST_STEP][PASSED] - delay(1): Delayed 1 second(s)

2024-09-29 11:03:33 - [MESSAGE][PASSED] - Delayed 1 second(s)

2024-09-29 11:03:33 - [TEST_STEP][PASSED] - waitForElementPresent(findTestObject("Object Repository/Login/welcome To NetCell"), 0): Object 'Object Repository/Login/welcome To NetCell' is present

2024-09-29 11:03:33 - [MESSAGE][WARNING] - Timeout '0' is invalid. Using default page load timeout: '120'

2024-09-29 11:03:33 - [MESSAGE][PASSED] - Object 'Object Repository/Login/welcome To NetCell' is present

2024-09-29 11:03:33 - [MESSAGE][PASSED] - Call Test Case 'Test Cases/LoginNew' successfully

2024-09-29 11:03:33 - [TEST_STEP][PASSED] - switchToWindowIndex(1): Switched to window with index: '1'

2024-09-29 11:03:33 - [MESSAGE][PASSED] - Switched to window with index: '1'

2024-09-29 11:03:33 - [TEST_STEP][PASSED] - PMHwaueiTopX.TopX("2G", "PLMN", false, "DailyBH", false, null): PMHwaueiTopX.TopX is PASSED

2024-09-29 11:03:33 - [MESSAGE][PASSED] - Object: 'Object Repository/PM/PM-Button' is clicked on

2024-09-29 11:03:33 - [MESSAGE][PASSED] - Switched to window with index: '2'

2024-09-29 11:03:34 - [MESSAGE][PASSED] - Object: 'Object Repository/PM/Huawei-vendor/Data-view/TopX' is clicked on

2024-09-29 11:03:34 - [MESSAGE][PASSED] - Object: 'Object Repository/PM/Huawei-vendor/Technology/Technology-Arrow' is clicked on

2024-09-29 11:03:34 - [MESSAGE][PASSED] - Object: 'Object Repository/PM/Huawei-vendor/Technology/2G' is clicked on

2024-09-29 11:03:35 - [MESSAGE][PASSED] - Object: 'Object Repository/PM/Huawei-vendor/TopX/TopX Object Type' is clicked on

2024-09-29 11:03:36 - [MESSAGE][PASSED] - Delayed 1 second(s)

2024-09-29 11:03:36 - [MESSAGE][PASSED] - Object: 'Object Repository/PM/Huawei-vendor/Object-Type/TopX Object Types/TopX PLMNs/TopX PLMN' is clicked on

2024-09-29 11:03:37 - [MESSAGE][PASSED] - Delayed 1 second(s)

2024-09-29 11:03:37 - [MESSAGE][PASSED] - Object: 'Object Repository/PM/Huawei-vendor/Object-Type/TopX Object Types/TopX PLMNs/TopX PLMN checkbox' is clicked on

2024-09-29 11:03:37 - [MESSAGE][WARNING] - Timeout '0' is invalid. Using default page load timeout: '120'

2024-09-29 11:03:37 - [MESSAGE][PASSED] - Scroll to object 'Object Repository/PM/Huawei-vendor/LowXlabel' successfully

2024-09-29 11:03:37 - [MESSAGE][PASSED] - Object: 'Object Repository/PM/Huawei-vendor/Resolution Temp/Select Resolution temp' is clicked on

2024-09-29 11:03:37 - [MESSAGE][PASSED] - Object: 'Object Repository/PM/Huawei-vendor/Resolution Temp/Resolution Temp DailyBH' is clicked on

2024-09-29 11:03:38 - [MESSAGE][PASSED] - Object: 'Object Repository/PM/Huawei-vendor/TopX/TopXDate/BeforeDate' is clicked on

2024-09-29 11:03:39 - [MESSAGE][PASSED] - Delayed 1 second(s)

2024-09-29 11:03:39 - [MESSAGE][PASSED] - Object: 'Object Repository/PM/Huawei-vendor/TopX/TopXDate/Choose Month' is clicked on

2024-09-29 11:03:40 - [MESSAGE][PASSED] - Delayed 1 second(s)

2024-09-29 11:03:40 - [MESSAGE][PASSED] - Object: 'Object Repository/PM/Huawei-vendor/TopX/TopXDate/Feb' is clicked on

2024-09-29 11:03:41 - [MESSAGE][PASSED] - Object: 'Object Repository/PM/Huawei-vendor/TopX/TopXDate/Day 1' is clicked on

2024-09-29 11:03:41 - [MESSAGE][PASSED] - Object: 'Object Repository/PM/Huawei-vendor/TopX/TopXDate/Button OK' is clicked on

2024-09-29 11:03:41 - [MESSAGE][PASSED] - Object: 'Object Repository/PM/Huawei-vendor/TopX/TopXDate/After Date' is clicked on

2024-09-29 11:03:42 - [MESSAGE][PASSED] - Delayed 1 second(s)

2024-09-29 11:03:42 - [MESSAGE][PASSED] - Object: 'Object Repository/PM/Huawei-vendor/TopX/TopXDate/Choose Month' is clicked on

2024-09-29 11:03:43 - [MESSAGE][PASSED] - Delayed 1 second(s)

2024-09-29 11:03:43 - [MESSAGE][PASSED] - Object: 'Object Repository/PM/Huawei-vendor/TopX/TopXDate/Feb' is clicked on

2024-09-29 11:03:44 - [MESSAGE][PASSED] - Object: 'Object Repository/PM/Huawei-vendor/TopX/TopXDate/Day 7' is clicked on

2024-09-29 11:03:44 - [MESSAGE][PASSED] - Object: 'Object Repository/PM/Huawei-vendor/TopX/TopXDate/Button OK' is clicked on

2024-09-29 11:03:44 - [MESSAGE][PASSED] - Object: 'Object Repository/PM/Huawei-vendor/Apply-Button' is clicked on

2024-09-29 11:03:44 - [MESSAGE][WARNING] - Timeout '0' is invalid. Using default page load timeout: '120'

2024-09-29 11:03:44 - [MESSAGE][PASSED] - Web element with id: 'Object Repository/PM/Huawei-vendor/Error' located by 'By.xpath: //div[@class='toast-summary title-medium-m']' is not present after '120' second(s)

2024-09-29 11:03:44 - [MESSAGE][WARNING] - Timeout '0' is invalid. Using default page load timeout: '120'

2024-09-29 11:03:49 - [MESSAGE][PASSED] - Object 'Object Repository/PM/Huawei-vendor/Chart' is present

2024-09-29 11:03:49 - [MESSAGE][WARNING] - Timeout '0' is invalid. Using default page load timeout: '120'

2024-09-29 11:03:49 - [MESSAGE][PASSED] - Object 'Object Repository/PM/Huawei-vendor/TopX/Table View' is present

2024-09-29 11:03:49 - [MESSAGE][PASSED] - Object: 'Object Repository/PM/Huawei-vendor/TopX/Table View' is clicked on

2024-09-29 11:03:49 - [MESSAGE][PASSED] - Object: 'Object Repository/PM/Huawei-vendor/TopX/Reordering the table view' is clicked on

2024-09-29 11:03:49 - [MESSAGE][PASSED] - Object: 'Object Repository/PM/Huawei-vendor/TopX/Table View Filter ICon' is clicked on

2024-09-29 11:03:49 - [MESSAGE][PASSED] - Object: 'Object Repository/PM/Huawei-vendor/TopX/TableView CheckBox' is clicked on

2024-09-29 11:03:50 - [MESSAGE][PASSED] - Object: 'Object Repository/PM/Huawei-vendor/TopX/Table View Resolution' is clicked on

2024-09-29 11:03:50 - [MESSAGE][PASSED] - Object: 'Object Repository/PM/Huawei-vendor/TopX/Table view Resolution Hourly' is clicked on

2024-09-29 11:03:50 - [MESSAGE][PASSED] - Object: 'Object Repository/PM/Huawei-vendor/TopX/Table View Start Date' is clicked on

2024-09-29 11:03:50 - [MESSAGE][PASSED] - Keys '02/01/2024' sent to object: 'Object Repository/PM/Huawei-vendor/TopX/Table View Start Date'

2024-09-29 11:03:51 - [MESSAGE][PASSED] - Object: 'Object Repository/PM/Huawei-vendor/TopX/Table View End Date' is clicked on

2024-09-29 11:03:51 - [MESSAGE][PASSED] - Keys '02/07/2024' sent to object: 'Object Repository/PM/Huawei-vendor/TopX/Table View End Date'

2024-09-29 11:03:51 - [MESSAGE][PASSED] - Object: 'Object Repository/PM/Huawei-vendor/TopX/Table View Show on map' is clicked on

2024-09-29 11:03:51 - [MESSAGE][WARNING] - Timeout '0' is invalid. Using default page load timeout: '120'

2024-09-29 11:03:51 - [MESSAGE][PASSED] - Web element with id: 'Object Repository/PM/Huawei-vendor/Error' located by 'By.xpath: //div[@class='toast-summary title-medium-m']' is not present after '120' second(s)

2024-09-29 11:03:52 - [MESSAGE][PASSED] - Switched to window with index: '3'

2024-09-29 11:03:52 - [MESSAGE][WARNING] - Timeout '0' is invalid. Using default page load timeout: '120'

2024-09-29 11:04:04 - [MESSAGE][PASSED] - Object 'Object Repository/PM/Huawei-vendor/TopX/Map' is present

2024-09-29 11:04:04 - [MESSAGE][WARNING] - Timeout '0' is invalid. Using default page load timeout: '120'

2024-09-29 11:04:04 - [MESSAGE][PASSED] - Web element with id: 'Object Repository/PM/Huawei-vendor/Error' located by 'By.xpath: //div[@class='toast-summary title-medium-m']' is not present after '120' second(s)

2024-09-29 11:04:04 - [MESSAGE][PASSED] - Window with index 3 is closed

2024-09-29 11:04:04 - [MESSAGE][PASSED] - Switched to window with index: '2'

2024-09-29 11:04:04 - [MESSAGE][PASSED] - Object: 'Object Repository/PM/Huawei-vendor/TopX/Table view Show stats' is clicked on

2024-09-29 11:04:04 - [MESSAGE][WARNING] - Timeout '0' is invalid. Using default page load timeout: '120'

2024-09-29 11:04:04 - [MESSAGE][PASSED] - Web element with id: 'Object Repository/PM/Huawei-vendor/Error' located by 'By.xpath: //div[@class='toast-summary title-medium-m']' is not present after '120' second(s)

2024-09-29 11:04:04 - [MESSAGE][PASSED] - Switched to window with index: '3'

2024-09-29 11:04:05 - [MESSAGE][WARNING] - Timeout '0' is invalid. Using default page load timeout: '120'

2024-09-29 11:04:17 - [MESSAGE][PASSED] - Object 'Object Repository/PM/Huawei-vendor/Stats Export Chart' is present

2024-09-29 11:04:18 - [MESSAGE][PASSED] - Browser is closed

2024-09-29 11:04:18 - [MESSAGE][PASSED] - PMHwaueiTopX.TopX is PASSED

2024-09-29 11:04:18 - [TEST_STEP][PASSED] - Start tear down : tearDownTestCase: Method 'tearDownTestCase' complete successfully

2024-09-29 11:04:18 - [TEST_STEP][PASSED] - closeBrowser(): Browser is closed

2024-09-29 11:04:18 - [MESSAGE][PASSED] - Browser is closed

2024-09-29 11:04:18 - [MESSAGE][PASSED] - Method 'tearDownTestCase' complete successfully]]></system-out>
         <system-err><![CDATA[]]></system-err>
      </testcase>
      <testcase name="Test Cases/PM/Hwauei/TopX/2G TopX/XRegion/TopX 2G Region default" time="64.701" classname="Test Cases/PM/Hwauei/TopX/2G TopX/XRegion/TopX 2G Region default" status="PASSED">
         <system-out><![CDATA[2024-09-29 11:04:18 - [TEST_CASE][PASSED] - Test Cases/PM/Hwauei/TopX/2G TopX/XRegion/TopX 2G Region default: Test Cases/PM/Hwauei/TopX/2G TopX/XRegion/TopX 2G Region default

2024-09-29 11:04:18 - [TEST_STEP][PASSED] - callTestCase(findTestCase("LoginNew"), [:], STOP_ON_FAILURE): Call Test Case 'Test Cases/LoginNew' successfully

2024-09-29 11:04:19 - [TEST_CASE][PASSED] - Test Cases/LoginNew: Test Cases/LoginNew

2024-09-29 11:04:19 - [TEST_STEP][PASSED] - driver = general.start(SwagerURL, NetCellURL): general.start is PASSED

2024-09-29 11:04:19 - [MESSAGE][INFO] - >>> chromeDriverPath=C:\Users\FatimaIbeid\.katalon\packages\Katalon_Studio_Windows_64-8.6.9\Katalon_Studio_Windows_64-8.6.9\configuration\resources\drivers\chromedriver_win32\chromedriver.exe

2024-09-29 11:04:20 - [MESSAGE][PASSED] - Current window maximized

2024-09-29 11:04:21 - [MESSAGE][PASSED] - Execute JavaScript 'window.open();' successfully

2024-09-29 11:04:21 - [MESSAGE][PASSED] - Switched to window with index: '1'

2024-09-29 11:04:33 - [MESSAGE][PASSED] - general.start is PASSED

2024-09-29 11:04:33 - [TEST_STEP][PASSED] - delay(1): Delayed 1 second(s)

2024-09-29 11:04:34 - [MESSAGE][PASSED] - Delayed 1 second(s)

2024-09-29 11:04:34 - [TEST_STEP][PASSED] - sendKeys(findTestObject("Object Repository/Login/EnterEmail2"), "homam@zztjg.onmicrosoft.com"): Keys 'homam@zztjg.onmicrosoft.com' sent to object: 'Object Repository/Login/EnterEmail2'

2024-09-29 11:04:34 - [MESSAGE][PASSED] - Keys 'homam@zztjg.onmicrosoft.com' sent to object: 'Object Repository/Login/EnterEmail2'

2024-09-29 11:04:34 - [TEST_STEP][PASSED] - delay(1): Delayed 1 second(s)

2024-09-29 11:04:35 - [MESSAGE][PASSED] - Delayed 1 second(s)

2024-09-29 11:04:35 - [TEST_STEP][PASSED] - sendKeys(findTestObject("Object Repository/Login/EnterPassword2"), "P@ssw0rd"): Keys 'P@ssw0rd' sent to object: 'Object Repository/Login/EnterPassword2'

2024-09-29 11:04:35 - [MESSAGE][PASSED] - Keys 'P@ssw0rd' sent to object: 'Object Repository/Login/EnterPassword2'

2024-09-29 11:04:35 - [TEST_STEP][PASSED] - delay(1): Delayed 1 second(s)

2024-09-29 11:04:36 - [MESSAGE][PASSED] - Delayed 1 second(s)

2024-09-29 11:04:36 - [TEST_STEP][PASSED] - click(findTestObject("Object Repository/Login/LoginButton2")): Object: 'Object Repository/Login/LoginButton2' is clicked on

2024-09-29 11:04:36 - [MESSAGE][PASSED] - Object: 'Object Repository/Login/LoginButton2' is clicked on

2024-09-29 11:04:36 - [TEST_STEP][PASSED] - delay(1): Delayed 1 second(s)

2024-09-29 11:04:37 - [MESSAGE][PASSED] - Delayed 1 second(s)

2024-09-29 11:04:37 - [TEST_STEP][PASSED] - waitForElementPresent(findTestObject("Object Repository/Login/welcome To NetCell"), 0): Object 'Object Repository/Login/welcome To NetCell' is present

2024-09-29 11:04:37 - [MESSAGE][WARNING] - Timeout '0' is invalid. Using default page load timeout: '120'

2024-09-29 11:04:37 - [MESSAGE][PASSED] - Object 'Object Repository/Login/welcome To NetCell' is present

2024-09-29 11:04:37 - [MESSAGE][PASSED] - Call Test Case 'Test Cases/LoginNew' successfully

2024-09-29 11:04:37 - [TEST_STEP][PASSED] - switchToWindowIndex(1): Switched to window with index: '1'

2024-09-29 11:04:37 - [MESSAGE][PASSED] - Switched to window with index: '1'

2024-09-29 11:04:37 - [TEST_STEP][PASSED] - PMHwaueiTopX.TopX("2G", "Region", false, "Hourly", false, null): PMHwaueiTopX.TopX is PASSED

2024-09-29 11:04:38 - [MESSAGE][PASSED] - Object: 'Object Repository/PM/PM-Button' is clicked on

2024-09-29 11:04:39 - [MESSAGE][PASSED] - Switched to window with index: '2'

2024-09-29 11:04:39 - [MESSAGE][PASSED] - Object: 'Object Repository/PM/Huawei-vendor/Data-view/TopX' is clicked on

2024-09-29 11:04:40 - [MESSAGE][PASSED] - Object: 'Object Repository/PM/Huawei-vendor/Technology/Technology-Arrow' is clicked on

2024-09-29 11:04:40 - [MESSAGE][PASSED] - Object: 'Object Repository/PM/Huawei-vendor/Technology/2G' is clicked on

2024-09-29 11:04:40 - [MESSAGE][PASSED] - Object: 'Object Repository/PM/Huawei-vendor/TopX/TopX Object Type' is clicked on

2024-09-29 11:04:41 - [MESSAGE][PASSED] - Delayed 1 second(s)

2024-09-29 11:04:41 - [MESSAGE][PASSED] - Object: 'Object Repository/PM/Huawei-vendor/Object-Type/TopX Object Types/TopX Regions/TopX Region' is clicked on

2024-09-29 11:04:42 - [MESSAGE][PASSED] - Delayed 1 second(s)

2024-09-29 11:04:42 - [MESSAGE][WARNING] - Timeout '0' is invalid. Using default page load timeout: '120'

2024-09-29 11:04:42 - [MESSAGE][PASSED] - Scroll to object 'Object Repository/PM/Huawei-vendor/Object Border' successfully

2024-09-29 11:04:43 - [MESSAGE][PASSED] - Object: 'Object Repository/PM/Huawei-vendor/Object-Type/TopX Object Types/TopX Regions/TopX Region East Amman' is clicked on

2024-09-29 11:04:43 - [MESSAGE][PASSED] - Object: 'Object Repository/PM/Huawei-vendor/Object-Type/TopX Object Types/TopX Regions/TopX Region West Amman' is clicked on

2024-09-29 11:04:43 - [MESSAGE][PASSED] - Object: 'Object Repository/PM/Huawei-vendor/Object-Type/TopX Object Types/TopX Regions/TopX Region South Jordan' is clicked on

2024-09-29 11:04:43 - [MESSAGE][PASSED] - Object: 'Object Repository/PM/Huawei-vendor/Object-Type/TopX Object Types/TopX Regions/TopX Region North Jordan' is clicked on

2024-09-29 11:04:43 - [MESSAGE][WARNING] - Timeout '0' is invalid. Using default page load timeout: '120'

2024-09-29 11:04:43 - [MESSAGE][PASSED] - Scroll to object 'Object Repository/PM/Huawei-vendor/LowXlabel' successfully

2024-09-29 11:04:44 - [MESSAGE][PASSED] - Object: 'Object Repository/PM/Huawei-vendor/TopX/TopXDate/BeforeDate' is clicked on

2024-09-29 11:04:45 - [MESSAGE][PASSED] - Delayed 1 second(s)

2024-09-29 11:04:45 - [MESSAGE][PASSED] - Object: 'Object Repository/PM/Huawei-vendor/TopX/TopXDate/Choose Month' is clicked on

2024-09-29 11:04:46 - [MESSAGE][PASSED] - Delayed 1 second(s)

2024-09-29 11:04:46 - [MESSAGE][PASSED] - Object: 'Object Repository/PM/Huawei-vendor/TopX/TopXDate/Feb' is clicked on

2024-09-29 11:04:46 - [MESSAGE][PASSED] - Object: 'Object Repository/PM/Huawei-vendor/TopX/TopXDate/Day 1' is clicked on

2024-09-29 11:04:46 - [MESSAGE][PASSED] - Object: 'Object Repository/PM/Huawei-vendor/TopX/TopXDate/Button OK' is clicked on

2024-09-29 11:04:47 - [MESSAGE][PASSED] - Object: 'Object Repository/PM/Huawei-vendor/TopX/TopXDate/After Date' is clicked on

2024-09-29 11:04:48 - [MESSAGE][PASSED] - Delayed 1 second(s)

2024-09-29 11:04:48 - [MESSAGE][PASSED] - Object: 'Object Repository/PM/Huawei-vendor/TopX/TopXDate/Choose Month' is clicked on

2024-09-29 11:04:49 - [MESSAGE][PASSED] - Delayed 1 second(s)

2024-09-29 11:04:49 - [MESSAGE][PASSED] - Object: 'Object Repository/PM/Huawei-vendor/TopX/TopXDate/Feb' is clicked on

2024-09-29 11:04:49 - [MESSAGE][PASSED] - Object: 'Object Repository/PM/Huawei-vendor/TopX/TopXDate/Day 7' is clicked on

2024-09-29 11:04:50 - [MESSAGE][PASSED] - Object: 'Object Repository/PM/Huawei-vendor/TopX/TopXDate/Button OK' is clicked on

2024-09-29 11:04:50 - [MESSAGE][PASSED] - Object: 'Object Repository/PM/Huawei-vendor/Apply-Button' is clicked on

2024-09-29 11:04:50 - [MESSAGE][WARNING] - Timeout '0' is invalid. Using default page load timeout: '120'

2024-09-29 11:04:50 - [MESSAGE][PASSED] - Web element with id: 'Object Repository/PM/Huawei-vendor/Error' located by 'By.xpath: //div[@class='toast-summary title-medium-m']' is not present after '120' second(s)

2024-09-29 11:04:50 - [MESSAGE][WARNING] - Timeout '0' is invalid. Using default page load timeout: '120'

2024-09-29 11:04:53 - [MESSAGE][PASSED] - Object 'Object Repository/PM/Huawei-vendor/Chart' is present

2024-09-29 11:04:53 - [MESSAGE][WARNING] - Timeout '0' is invalid. Using default page load timeout: '120'

2024-09-29 11:04:53 - [MESSAGE][PASSED] - Object 'Object Repository/PM/Huawei-vendor/TopX/Table View' is present

2024-09-29 11:04:53 - [MESSAGE][PASSED] - Object: 'Object Repository/PM/Huawei-vendor/TopX/Table View' is clicked on

2024-09-29 11:04:53 - [MESSAGE][PASSED] - Object: 'Object Repository/PM/Huawei-vendor/TopX/Reordering the table view' is clicked on

2024-09-29 11:04:54 - [MESSAGE][PASSED] - Object: 'Object Repository/PM/Huawei-vendor/TopX/Table View Filter ICon' is clicked on

2024-09-29 11:04:54 - [MESSAGE][PASSED] - Object: 'Object Repository/PM/Huawei-vendor/TopX/TableView CheckBox' is clicked on

2024-09-29 11:04:54 - [MESSAGE][PASSED] - Object: 'Object Repository/PM/Huawei-vendor/TopX/Table View Resolution' is clicked on

2024-09-29 11:04:54 - [MESSAGE][PASSED] - Object: 'Object Repository/PM/Huawei-vendor/TopX/Table view Resolution Daily' is clicked on

2024-09-29 11:04:55 - [MESSAGE][PASSED] - Object: 'Object Repository/PM/Huawei-vendor/TopX/Table View Start Date' is clicked on

2024-09-29 11:04:55 - [MESSAGE][PASSED] - Keys '02/01/2024' sent to object: 'Object Repository/PM/Huawei-vendor/TopX/Table View Start Date'

2024-09-29 11:04:55 - [MESSAGE][PASSED] - Object: 'Object Repository/PM/Huawei-vendor/TopX/Table View End Date' is clicked on

2024-09-29 11:04:55 - [MESSAGE][PASSED] - Keys '02/07/2024' sent to object: 'Object Repository/PM/Huawei-vendor/TopX/Table View End Date'

2024-09-29 11:04:55 - [MESSAGE][PASSED] - Object: 'Object Repository/PM/Huawei-vendor/TopX/Table View Show on map' is clicked on

2024-09-29 11:04:55 - [MESSAGE][WARNING] - Timeout '0' is invalid. Using default page load timeout: '120'

2024-09-29 11:04:55 - [MESSAGE][PASSED] - Web element with id: 'Object Repository/PM/Huawei-vendor/Error' located by 'By.xpath: //div[@class='toast-summary title-medium-m']' is not present after '120' second(s)

2024-09-29 11:04:56 - [MESSAGE][PASSED] - Switched to window with index: '3'

2024-09-29 11:04:56 - [MESSAGE][WARNING] - Timeout '0' is invalid. Using default page load timeout: '120'

2024-09-29 11:05:08 - [MESSAGE][PASSED] - Object 'Object Repository/PM/Huawei-vendor/TopX/Map' is present

2024-09-29 11:05:08 - [MESSAGE][WARNING] - Timeout '0' is invalid. Using default page load timeout: '120'

2024-09-29 11:05:08 - [MESSAGE][PASSED] - Web element with id: 'Object Repository/PM/Huawei-vendor/Error' located by 'By.xpath: //div[@class='toast-summary title-medium-m']' is not present after '120' second(s)

2024-09-29 11:05:08 - [MESSAGE][PASSED] - Window with index 3 is closed

2024-09-29 11:05:08 - [MESSAGE][PASSED] - Switched to window with index: '2'

2024-09-29 11:05:08 - [MESSAGE][PASSED] - Object: 'Object Repository/PM/Huawei-vendor/TopX/Table view Show stats' is clicked on

2024-09-29 11:05:08 - [MESSAGE][WARNING] - Timeout '0' is invalid. Using default page load timeout: '120'

2024-09-29 11:05:09 - [MESSAGE][PASSED] - Web element with id: 'Object Repository/PM/Huawei-vendor/Error' located by 'By.xpath: //div[@class='toast-summary title-medium-m']' is not present after '120' second(s)

2024-09-29 11:05:09 - [MESSAGE][PASSED] - Switched to window with index: '3'

2024-09-29 11:05:09 - [MESSAGE][WARNING] - Timeout '0' is invalid. Using default page load timeout: '120'

2024-09-29 11:05:22 - [MESSAGE][PASSED] - Object 'Object Repository/PM/Huawei-vendor/Stats Export Chart' is present

2024-09-29 11:05:23 - [MESSAGE][PASSED] - Browser is closed

2024-09-29 11:05:23 - [MESSAGE][PASSED] - PMHwaueiTopX.TopX is PASSED

2024-09-29 11:05:23 - [TEST_STEP][PASSED] - Start tear down : tearDownTestCase: Method 'tearDownTestCase' complete successfully

2024-09-29 11:05:23 - [TEST_STEP][PASSED] - closeBrowser(): Browser is closed

2024-09-29 11:05:23 - [MESSAGE][PASSED] - Browser is closed

2024-09-29 11:05:23 - [MESSAGE][PASSED] - Method 'tearDownTestCase' complete successfully]]></system-out>
         <system-err><![CDATA[]]></system-err>
      </testcase>
      <testcase name="Test Cases/PM/Hwauei/TopX/2G TopX/XRegion/TopX 2G Region with LowX" time="52.044" classname="Test Cases/PM/Hwauei/TopX/2G TopX/XRegion/TopX 2G Region with LowX" status="PASSED">
         <system-out><![CDATA[2024-09-29 11:05:23 - [TEST_CASE][PASSED] - Test Cases/PM/Hwauei/TopX/2G TopX/XRegion/TopX 2G Region with LowX: Test Cases/PM/Hwauei/TopX/2G TopX/XRegion/TopX 2G Region with LowX

2024-09-29 11:05:23 - [TEST_STEP][PASSED] - callTestCase(findTestCase("LoginNew"), [:], STOP_ON_FAILURE): Call Test Case 'Test Cases/LoginNew' successfully

2024-09-29 11:05:23 - [TEST_CASE][PASSED] - Test Cases/LoginNew: Test Cases/LoginNew

2024-09-29 11:05:23 - [TEST_STEP][PASSED] - driver = general.start(SwagerURL, NetCellURL): general.start is PASSED

2024-09-29 11:05:23 - [MESSAGE][INFO] - >>> chromeDriverPath=C:\Users\FatimaIbeid\.katalon\packages\Katalon_Studio_Windows_64-8.6.9\Katalon_Studio_Windows_64-8.6.9\configuration\resources\drivers\chromedriver_win32\chromedriver.exe

2024-09-29 11:05:25 - [MESSAGE][PASSED] - Current window maximized

2024-09-29 11:05:25 - [MESSAGE][PASSED] - Execute JavaScript 'window.open();' successfully

2024-09-29 11:05:26 - [MESSAGE][PASSED] - Switched to window with index: '1'

2024-09-29 11:05:37 - [MESSAGE][PASSED] - general.start is PASSED

2024-09-29 11:05:37 - [TEST_STEP][PASSED] - delay(1): Delayed 1 second(s)

2024-09-29 11:05:38 - [MESSAGE][PASSED] - Delayed 1 second(s)

2024-09-29 11:05:38 - [TEST_STEP][PASSED] - sendKeys(findTestObject("Object Repository/Login/EnterEmail2"), "homam@zztjg.onmicrosoft.com"): Keys 'homam@zztjg.onmicrosoft.com' sent to object: 'Object Repository/Login/EnterEmail2'

2024-09-29 11:05:39 - [MESSAGE][PASSED] - Keys 'homam@zztjg.onmicrosoft.com' sent to object: 'Object Repository/Login/EnterEmail2'

2024-09-29 11:05:39 - [TEST_STEP][PASSED] - delay(1): Delayed 1 second(s)

2024-09-29 11:05:40 - [MESSAGE][PASSED] - Delayed 1 second(s)

2024-09-29 11:05:40 - [TEST_STEP][PASSED] - sendKeys(findTestObject("Object Repository/Login/EnterPassword2"), "P@ssw0rd"): Keys 'P@ssw0rd' sent to object: 'Object Repository/Login/EnterPassword2'

2024-09-29 11:05:40 - [MESSAGE][PASSED] - Keys 'P@ssw0rd' sent to object: 'Object Repository/Login/EnterPassword2'

2024-09-29 11:05:40 - [TEST_STEP][PASSED] - delay(1): Delayed 1 second(s)

2024-09-29 11:05:41 - [MESSAGE][PASSED] - Delayed 1 second(s)

2024-09-29 11:05:41 - [TEST_STEP][PASSED] - click(findTestObject("Object Repository/Login/LoginButton2")): Object: 'Object Repository/Login/LoginButton2' is clicked on

2024-09-29 11:05:41 - [MESSAGE][PASSED] - Object: 'Object Repository/Login/LoginButton2' is clicked on

2024-09-29 11:05:41 - [TEST_STEP][PASSED] - delay(1): Delayed 1 second(s)

2024-09-29 11:05:42 - [MESSAGE][PASSED] - Delayed 1 second(s)

2024-09-29 11:05:42 - [TEST_STEP][PASSED] - waitForElementPresent(findTestObject("Object Repository/Login/welcome To NetCell"), 0): Object 'Object Repository/Login/welcome To NetCell' is present

2024-09-29 11:05:42 - [MESSAGE][WARNING] - Timeout '0' is invalid. Using default page load timeout: '120'

2024-09-29 11:05:42 - [MESSAGE][PASSED] - Object 'Object Repository/Login/welcome To NetCell' is present

2024-09-29 11:05:42 - [MESSAGE][PASSED] - Call Test Case 'Test Cases/LoginNew' successfully

2024-09-29 11:05:42 - [TEST_STEP][PASSED] - switchToWindowIndex(1): Switched to window with index: '1'

2024-09-29 11:05:42 - [MESSAGE][PASSED] - Switched to window with index: '1'

2024-09-29 11:05:42 - [TEST_STEP][PASSED] - PMHwaueiTopX.TopX("2G", "Region", true, "Hourly", true, null): PMHwaueiTopX.TopX is PASSED

2024-09-29 11:05:42 - [MESSAGE][PASSED] - Object: 'Object Repository/PM/PM-Button' is clicked on

2024-09-29 11:05:43 - [MESSAGE][PASSED] - Switched to window with index: '2'

2024-09-29 11:05:43 - [MESSAGE][PASSED] - Object: 'Object Repository/PM/Huawei-vendor/Data-view/TopX' is clicked on

2024-09-29 11:05:43 - [MESSAGE][PASSED] - Object: 'Object Repository/PM/Huawei-vendor/Technology/Technology-Arrow' is clicked on

2024-09-29 11:05:43 - [MESSAGE][PASSED] - Object: 'Object Repository/PM/Huawei-vendor/Technology/2G' is clicked on

2024-09-29 11:05:44 - [MESSAGE][PASSED] - Object: 'Object Repository/PM/Huawei-vendor/TopX/TopX Object Type' is clicked on

2024-09-29 11:05:45 - [MESSAGE][PASSED] - Delayed 1 second(s)

2024-09-29 11:05:45 - [MESSAGE][PASSED] - Object: 'Object Repository/PM/Huawei-vendor/Object-Type/TopX Object Types/TopX Regions/TopX Region' is clicked on

2024-09-29 11:05:46 - [MESSAGE][PASSED] - Delayed 1 second(s)

2024-09-29 11:05:46 - [MESSAGE][WARNING] - Timeout '0' is invalid. Using default page load timeout: '120'

2024-09-29 11:05:46 - [MESSAGE][PASSED] - Scroll to object 'Object Repository/PM/Huawei-vendor/Object Border' successfully

2024-09-29 11:05:46 - [MESSAGE][PASSED] - Object: 'Object Repository/PM/Huawei-vendor/Object-Type/TopX Object Types/TopX Regions/TopX Region East Amman' is clicked on

2024-09-29 11:05:46 - [MESSAGE][PASSED] - Object: 'Object Repository/PM/Huawei-vendor/Object-Type/TopX Object Types/TopX Regions/TopX Region West Amman' is clicked on

2024-09-29 11:05:46 - [MESSAGE][PASSED] - Object: 'Object Repository/PM/Huawei-vendor/Object-Type/TopX Object Types/TopX Regions/TopX Region South Jordan' is clicked on

2024-09-29 11:05:47 - [MESSAGE][PASSED] - Object: 'Object Repository/PM/Huawei-vendor/Object-Type/TopX Object Types/TopX Regions/TopX Region North Jordan' is clicked on

2024-09-29 11:05:47 - [MESSAGE][PASSED] - Object: 'Object Repository/PM/Huawei-vendor/Object-Type/TopX Object Types/TopX Regions/TopX Region East Jordan' is clicked on

2024-09-29 11:05:47 - [MESSAGE][PASSED] - Object: 'Object Repository/PM/Huawei-vendor/Object-Type/TopX Object Types/TopX Regions/TopX Region Others' is clicked on

2024-09-29 11:05:47 - [MESSAGE][PASSED] - Object: 'Object Repository/PM/Huawei-vendor/Object-Type/TopX Object Types/TopX Regions/TopX Region South Amman' is clicked on

2024-09-29 11:05:47 - [MESSAGE][WARNING] - Timeout '0' is invalid. Using default page load timeout: '120'

2024-09-29 11:05:47 - [MESSAGE][PASSED] - Scroll to object 'Object Repository/PM/Huawei-vendor/LowXlabel' successfully

2024-09-29 11:05:48 - [MESSAGE][PASSED] - Object: 'Object Repository/PM/Huawei-vendor/TopX/TopXDate/BeforeDate' is clicked on

2024-09-29 11:05:49 - [MESSAGE][PASSED] - Delayed 1 second(s)

2024-09-29 11:05:49 - [MESSAGE][PASSED] - Object: 'Object Repository/PM/Huawei-vendor/TopX/TopXDate/Choose Month' is clicked on

2024-09-29 11:05:50 - [MESSAGE][PASSED] - Delayed 1 second(s)

2024-09-29 11:05:50 - [MESSAGE][PASSED] - Object: 'Object Repository/PM/Huawei-vendor/TopX/TopXDate/Feb' is clicked on

2024-09-29 11:05:50 - [MESSAGE][PASSED] - Object: 'Object Repository/PM/Huawei-vendor/TopX/TopXDate/Day 1' is clicked on

2024-09-29 11:05:50 - [MESSAGE][PASSED] - Object: 'Object Repository/PM/Huawei-vendor/TopX/TopXDate/Button OK' is clicked on

2024-09-29 11:05:51 - [MESSAGE][PASSED] - Object: 'Object Repository/PM/Huawei-vendor/TopX/TopXDate/After Date' is clicked on

2024-09-29 11:05:52 - [MESSAGE][PASSED] - Delayed 1 second(s)

2024-09-29 11:05:52 - [MESSAGE][PASSED] - Object: 'Object Repository/PM/Huawei-vendor/TopX/TopXDate/Choose Month' is clicked on

2024-09-29 11:05:53 - [MESSAGE][PASSED] - Delayed 1 second(s)

2024-09-29 11:05:53 - [MESSAGE][PASSED] - Object: 'Object Repository/PM/Huawei-vendor/TopX/TopXDate/Feb' is clicked on

2024-09-29 11:05:53 - [MESSAGE][PASSED] - Object: 'Object Repository/PM/Huawei-vendor/TopX/TopXDate/Day 7' is clicked on

2024-09-29 11:05:53 - [MESSAGE][PASSED] - Object: 'Object Repository/PM/Huawei-vendor/TopX/TopXDate/Button OK' is clicked on

2024-09-29 11:05:54 - [MESSAGE][PASSED] - Object: 'Object Repository/PM/Huawei-vendor/LowXCheckBox' is clicked on

2024-09-29 11:05:54 - [MESSAGE][PASSED] - Object: 'Object Repository/PM/Huawei-vendor/Apply-Button' is clicked on

2024-09-29 11:05:54 - [MESSAGE][WARNING] - Timeout '0' is invalid. Using default page load timeout: '120'

2024-09-29 11:05:54 - [MESSAGE][PASSED] - Web element with id: 'Object Repository/PM/Huawei-vendor/Error' located by 'By.xpath: //div[@class='toast-summary title-medium-m']' is not present after '120' second(s)

2024-09-29 11:05:54 - [MESSAGE][WARNING] - Timeout '0' is invalid. Using default page load timeout: '120'

2024-09-29 11:05:58 - [MESSAGE][PASSED] - Object 'Object Repository/PM/Huawei-vendor/Chart' is present

2024-09-29 11:05:58 - [MESSAGE][WARNING] - Timeout '0' is invalid. Using default page load timeout: '120'

2024-09-29 11:05:58 - [MESSAGE][PASSED] - Object 'Object Repository/PM/Huawei-vendor/TopX/Table View' is present

2024-09-29 11:05:58 - [MESSAGE][PASSED] - Object: 'Object Repository/PM/Huawei-vendor/TopX/Table View' is clicked on

2024-09-29 11:05:58 - [MESSAGE][PASSED] - Object: 'Object Repository/PM/Huawei-vendor/TopX/Reordering the table view' is clicked on

2024-09-29 11:05:59 - [MESSAGE][PASSED] - Object: 'Object Repository/PM/Huawei-vendor/TopX/Table View Filter ICon' is clicked on

2024-09-29 11:05:59 - [MESSAGE][PASSED] - Object: 'Object Repository/PM/Huawei-vendor/TopX/TableView CheckBox' is clicked on

2024-09-29 11:05:59 - [MESSAGE][PASSED] - Object: 'Object Repository/PM/Huawei-vendor/TopX/Table View Resolution' is clicked on

2024-09-29 11:05:59 - [MESSAGE][PASSED] - Object: 'Object Repository/PM/Huawei-vendor/TopX/Table view Resolution Hourly' is clicked on

2024-09-29 11:05:59 - [MESSAGE][PASSED] - Object: 'Object Repository/PM/Huawei-vendor/TopX/Table View Start Date' is clicked on

2024-09-29 11:05:59 - [MESSAGE][PASSED] - Keys '02/01/2024' sent to object: 'Object Repository/PM/Huawei-vendor/TopX/Table View Start Date'

2024-09-29 11:06:00 - [MESSAGE][PASSED] - Object: 'Object Repository/PM/Huawei-vendor/TopX/Table View End Date' is clicked on

2024-09-29 11:06:00 - [MESSAGE][PASSED] - Keys '02/07/2024' sent to object: 'Object Repository/PM/Huawei-vendor/TopX/Table View End Date'

2024-09-29 11:06:00 - [MESSAGE][PASSED] - Object: 'Object Repository/PM/Huawei-vendor/TopX/Table View Show on map' is clicked on

2024-09-29 11:06:00 - [MESSAGE][WARNING] - Timeout '0' is invalid. Using default page load timeout: '120'

2024-09-29 11:06:00 - [MESSAGE][PASSED] - Web element with id: 'Object Repository/PM/Huawei-vendor/Error' located by 'By.xpath: //div[@class='toast-summary title-medium-m']' is not present after '120' second(s)

2024-09-29 11:06:00 - [MESSAGE][PASSED] - Switched to window with index: '3'

2024-09-29 11:06:00 - [MESSAGE][WARNING] - Timeout '0' is invalid. Using default page load timeout: '120'

2024-09-29 11:06:11 - [MESSAGE][PASSED] - Object 'Object Repository/PM/Huawei-vendor/TopX/Map' is present

2024-09-29 11:06:11 - [MESSAGE][WARNING] - Timeout '0' is invalid. Using default page load timeout: '120'

2024-09-29 11:06:11 - [MESSAGE][PASSED] - Web element with id: 'Object Repository/PM/Huawei-vendor/Error' located by 'By.xpath: //div[@class='toast-summary title-medium-m']' is not present after '120' second(s)

2024-09-29 11:06:11 - [MESSAGE][PASSED] - Window with index 3 is closed

2024-09-29 11:06:11 - [MESSAGE][PASSED] - Switched to window with index: '2'

2024-09-29 11:06:12 - [MESSAGE][PASSED] - Object: 'Object Repository/PM/Huawei-vendor/TopX/Table view Show stats' is clicked on

2024-09-29 11:06:12 - [MESSAGE][WARNING] - Timeout '0' is invalid. Using default page load timeout: '120'

2024-09-29 11:06:12 - [MESSAGE][PASSED] - Web element with id: 'Object Repository/PM/Huawei-vendor/Error' located by 'By.xpath: //div[@class='toast-summary title-medium-m']' is not present after '120' second(s)

2024-09-29 11:06:12 - [MESSAGE][PASSED] - Switched to window with index: '3'

2024-09-29 11:06:12 - [MESSAGE][WARNING] - Timeout '0' is invalid. Using default page load timeout: '120'

2024-09-29 11:06:14 - [MESSAGE][PASSED] - Object 'Object Repository/PM/Huawei-vendor/Stats Export Chart' is present

2024-09-29 11:06:15 - [MESSAGE][PASSED] - Browser is closed

2024-09-29 11:06:15 - [MESSAGE][PASSED] - PMHwaueiTopX.TopX is PASSED

2024-09-29 11:06:15 - [TEST_STEP][PASSED] - Start tear down : tearDownTestCase: Method 'tearDownTestCase' complete successfully

2024-09-29 11:06:15 - [TEST_STEP][PASSED] - closeBrowser(): Browser is closed

2024-09-29 11:06:15 - [MESSAGE][PASSED] - Browser is closed

2024-09-29 11:06:15 - [MESSAGE][PASSED] - Method 'tearDownTestCase' complete successfully]]></system-out>
         <system-err><![CDATA[]]></system-err>
      </testcase>
      <testcase name="Test Cases/PM/Hwauei/TopX/2G TopX/XRegion/TopX 2G Region Daily" time="61.65" classname="Test Cases/PM/Hwauei/TopX/2G TopX/XRegion/TopX 2G Region Daily" status="PASSED">
         <system-out><![CDATA[2024-09-29 11:06:15 - [TEST_CASE][PASSED] - Test Cases/PM/Hwauei/TopX/2G TopX/XRegion/TopX 2G Region Daily: Test Cases/PM/Hwauei/TopX/2G TopX/XRegion/TopX 2G Region Daily

2024-09-29 11:06:15 - [TEST_STEP][PASSED] - callTestCase(findTestCase("LoginNew"), [:], STOP_ON_FAILURE): Call Test Case 'Test Cases/LoginNew' successfully

2024-09-29 11:06:15 - [TEST_CASE][PASSED] - Test Cases/LoginNew: Test Cases/LoginNew

2024-09-29 11:06:15 - [TEST_STEP][PASSED] - driver = general.start(SwagerURL, NetCellURL): general.start is PASSED

2024-09-29 11:06:15 - [MESSAGE][INFO] - >>> chromeDriverPath=C:\Users\FatimaIbeid\.katalon\packages\Katalon_Studio_Windows_64-8.6.9\Katalon_Studio_Windows_64-8.6.9\configuration\resources\drivers\chromedriver_win32\chromedriver.exe

2024-09-29 11:06:17 - [MESSAGE][PASSED] - Current window maximized

2024-09-29 11:06:17 - [MESSAGE][PASSED] - Execute JavaScript 'window.open();' successfully

2024-09-29 11:06:18 - [MESSAGE][PASSED] - Switched to window with index: '1'

2024-09-29 11:06:29 - [MESSAGE][PASSED] - general.start is PASSED

2024-09-29 11:06:29 - [TEST_STEP][PASSED] - delay(1): Delayed 1 second(s)

2024-09-29 11:06:30 - [MESSAGE][PASSED] - Delayed 1 second(s)

2024-09-29 11:06:30 - [TEST_STEP][PASSED] - sendKeys(findTestObject("Object Repository/Login/EnterEmail2"), "homam@zztjg.onmicrosoft.com"): Keys 'homam@zztjg.onmicrosoft.com' sent to object: 'Object Repository/Login/EnterEmail2'

2024-09-29 11:06:30 - [MESSAGE][PASSED] - Keys 'homam@zztjg.onmicrosoft.com' sent to object: 'Object Repository/Login/EnterEmail2'

2024-09-29 11:06:30 - [TEST_STEP][PASSED] - delay(1): Delayed 1 second(s)

2024-09-29 11:06:31 - [MESSAGE][PASSED] - Delayed 1 second(s)

2024-09-29 11:06:31 - [TEST_STEP][PASSED] - sendKeys(findTestObject("Object Repository/Login/EnterPassword2"), "P@ssw0rd"): Keys 'P@ssw0rd' sent to object: 'Object Repository/Login/EnterPassword2'

2024-09-29 11:06:31 - [MESSAGE][PASSED] - Keys 'P@ssw0rd' sent to object: 'Object Repository/Login/EnterPassword2'

2024-09-29 11:06:31 - [TEST_STEP][PASSED] - delay(1): Delayed 1 second(s)

2024-09-29 11:06:32 - [MESSAGE][PASSED] - Delayed 1 second(s)

2024-09-29 11:06:32 - [TEST_STEP][PASSED] - click(findTestObject("Object Repository/Login/LoginButton2")): Object: 'Object Repository/Login/LoginButton2' is clicked on

2024-09-29 11:06:33 - [MESSAGE][PASSED] - Object: 'Object Repository/Login/LoginButton2' is clicked on

2024-09-29 11:06:33 - [TEST_STEP][PASSED] - delay(1): Delayed 1 second(s)

2024-09-29 11:06:34 - [MESSAGE][PASSED] - Delayed 1 second(s)

2024-09-29 11:06:34 - [TEST_STEP][PASSED] - waitForElementPresent(findTestObject("Object Repository/Login/welcome To NetCell"), 0): Object 'Object Repository/Login/welcome To NetCell' is present

2024-09-29 11:06:34 - [MESSAGE][WARNING] - Timeout '0' is invalid. Using default page load timeout: '120'

2024-09-29 11:06:34 - [MESSAGE][PASSED] - Object 'Object Repository/Login/welcome To NetCell' is present

2024-09-29 11:06:34 - [MESSAGE][PASSED] - Call Test Case 'Test Cases/LoginNew' successfully

2024-09-29 11:06:34 - [TEST_STEP][PASSED] - switchToWindowIndex(1): Switched to window with index: '1'

2024-09-29 11:06:34 - [MESSAGE][PASSED] - Switched to window with index: '1'

2024-09-29 11:06:34 - [TEST_STEP][PASSED] - PMHwaueiTopX.TopX("2G", "Region", false, "Daily", false, null): PMHwaueiTopX.TopX is PASSED

2024-09-29 11:06:34 - [MESSAGE][PASSED] - Object: 'Object Repository/PM/PM-Button' is clicked on

2024-09-29 11:06:34 - [MESSAGE][PASSED] - Switched to window with index: '2'

2024-09-29 11:06:35 - [MESSAGE][PASSED] - Object: 'Object Repository/PM/Huawei-vendor/Data-view/TopX' is clicked on

2024-09-29 11:06:35 - [MESSAGE][PASSED] - Object: 'Object Repository/PM/Huawei-vendor/Technology/Technology-Arrow' is clicked on

2024-09-29 11:06:35 - [MESSAGE][PASSED] - Object: 'Object Repository/PM/Huawei-vendor/Technology/2G' is clicked on

2024-09-29 11:06:35 - [MESSAGE][PASSED] - Object: 'Object Repository/PM/Huawei-vendor/TopX/TopX Object Type' is clicked on

2024-09-29 11:06:36 - [MESSAGE][PASSED] - Delayed 1 second(s)

2024-09-29 11:06:36 - [MESSAGE][PASSED] - Object: 'Object Repository/PM/Huawei-vendor/Object-Type/TopX Object Types/TopX Regions/TopX Region' is clicked on

2024-09-29 11:06:37 - [MESSAGE][PASSED] - Delayed 1 second(s)

2024-09-29 11:06:37 - [MESSAGE][WARNING] - Timeout '0' is invalid. Using default page load timeout: '120'

2024-09-29 11:06:38 - [MESSAGE][PASSED] - Scroll to object 'Object Repository/PM/Huawei-vendor/Object Border' successfully

2024-09-29 11:06:38 - [MESSAGE][PASSED] - Object: 'Object Repository/PM/Huawei-vendor/Object-Type/TopX Object Types/TopX Regions/TopX Region East Amman' is clicked on

2024-09-29 11:06:38 - [MESSAGE][PASSED] - Object: 'Object Repository/PM/Huawei-vendor/Object-Type/TopX Object Types/TopX Regions/TopX Region West Amman' is clicked on

2024-09-29 11:06:38 - [MESSAGE][PASSED] - Object: 'Object Repository/PM/Huawei-vendor/Object-Type/TopX Object Types/TopX Regions/TopX Region South Jordan' is clicked on

2024-09-29 11:06:38 - [MESSAGE][PASSED] - Object: 'Object Repository/PM/Huawei-vendor/Object-Type/TopX Object Types/TopX Regions/TopX Region North Jordan' is clicked on

2024-09-29 11:06:38 - [MESSAGE][WARNING] - Timeout '0' is invalid. Using default page load timeout: '120'

2024-09-29 11:06:38 - [MESSAGE][PASSED] - Scroll to object 'Object Repository/PM/Huawei-vendor/LowXlabel' successfully

2024-09-29 11:06:38 - [MESSAGE][PASSED] - Object: 'Object Repository/PM/Huawei-vendor/Resolution Temp/Select Resolution temp' is clicked on

2024-09-29 11:06:39 - [MESSAGE][PASSED] - Object: 'Object Repository/PM/Huawei-vendor/Resolution Temp/Resolution Temp Daily' is clicked on

2024-09-29 11:06:39 - [MESSAGE][PASSED] - Object: 'Object Repository/PM/Huawei-vendor/TopX/TopXDate/BeforeDate' is clicked on

2024-09-29 11:06:40 - [MESSAGE][PASSED] - Delayed 1 second(s)

2024-09-29 11:06:40 - [MESSAGE][PASSED] - Object: 'Object Repository/PM/Huawei-vendor/TopX/TopXDate/Choose Month' is clicked on

2024-09-29 11:06:41 - [MESSAGE][PASSED] - Delayed 1 second(s)

2024-09-29 11:06:41 - [MESSAGE][PASSED] - Object: 'Object Repository/PM/Huawei-vendor/TopX/TopXDate/Feb' is clicked on

2024-09-29 11:06:41 - [MESSAGE][PASSED] - Object: 'Object Repository/PM/Huawei-vendor/TopX/TopXDate/Day 1' is clicked on

2024-09-29 11:06:41 - [MESSAGE][PASSED] - Object: 'Object Repository/PM/Huawei-vendor/TopX/TopXDate/Button OK' is clicked on

2024-09-29 11:06:42 - [MESSAGE][PASSED] - Object: 'Object Repository/PM/Huawei-vendor/TopX/TopXDate/After Date' is clicked on

2024-09-29 11:06:43 - [MESSAGE][PASSED] - Delayed 1 second(s)

2024-09-29 11:06:43 - [MESSAGE][PASSED] - Object: 'Object Repository/PM/Huawei-vendor/TopX/TopXDate/Choose Month' is clicked on

2024-09-29 11:06:44 - [MESSAGE][PASSED] - Delayed 1 second(s)

2024-09-29 11:06:44 - [MESSAGE][PASSED] - Object: 'Object Repository/PM/Huawei-vendor/TopX/TopXDate/Feb' is clicked on

2024-09-29 11:06:44 - [MESSAGE][PASSED] - Object: 'Object Repository/PM/Huawei-vendor/TopX/TopXDate/Day 7' is clicked on

2024-09-29 11:06:44 - [MESSAGE][PASSED] - Object: 'Object Repository/PM/Huawei-vendor/TopX/TopXDate/Button OK' is clicked on

2024-09-29 11:06:45 - [MESSAGE][PASSED] - Object: 'Object Repository/PM/Huawei-vendor/Apply-Button' is clicked on

2024-09-29 11:06:45 - [MESSAGE][WARNING] - Timeout '0' is invalid. Using default page load timeout: '120'

2024-09-29 11:06:45 - [MESSAGE][PASSED] - Web element with id: 'Object Repository/PM/Huawei-vendor/Error' located by 'By.xpath: //div[@class='toast-summary title-medium-m']' is not present after '120' second(s)

2024-09-29 11:06:45 - [MESSAGE][WARNING] - Timeout '0' is invalid. Using default page load timeout: '120'

2024-09-29 11:06:49 - [MESSAGE][PASSED] - Object 'Object Repository/PM/Huawei-vendor/Chart' is present

2024-09-29 11:06:49 - [MESSAGE][WARNING] - Timeout '0' is invalid. Using default page load timeout: '120'

2024-09-29 11:06:49 - [MESSAGE][PASSED] - Object 'Object Repository/PM/Huawei-vendor/TopX/Table View' is present

2024-09-29 11:06:49 - [MESSAGE][PASSED] - Object: 'Object Repository/PM/Huawei-vendor/TopX/Table View' is clicked on

2024-09-29 11:06:49 - [MESSAGE][PASSED] - Object: 'Object Repository/PM/Huawei-vendor/TopX/Reordering the table view' is clicked on

2024-09-29 11:06:49 - [MESSAGE][PASSED] - Object: 'Object Repository/PM/Huawei-vendor/TopX/Table View Filter ICon' is clicked on

2024-09-29 11:06:50 - [MESSAGE][PASSED] - Object: 'Object Repository/PM/Huawei-vendor/TopX/TableView CheckBox' is clicked on

2024-09-29 11:06:50 - [MESSAGE][PASSED] - Object: 'Object Repository/PM/Huawei-vendor/TopX/Table View Resolution' is clicked on

2024-09-29 11:06:50 - [MESSAGE][PASSED] - Object: 'Object Repository/PM/Huawei-vendor/TopX/Table view Resolution Daily' is clicked on

2024-09-29 11:06:50 - [MESSAGE][PASSED] - Object: 'Object Repository/PM/Huawei-vendor/TopX/Table View Start Date' is clicked on

2024-09-29 11:06:50 - [MESSAGE][PASSED] - Keys '02/01/2024' sent to object: 'Object Repository/PM/Huawei-vendor/TopX/Table View Start Date'

2024-09-29 11:06:51 - [MESSAGE][PASSED] - Object: 'Object Repository/PM/Huawei-vendor/TopX/Table View End Date' is clicked on

2024-09-29 11:06:51 - [MESSAGE][PASSED] - Keys '02/07/2024' sent to object: 'Object Repository/PM/Huawei-vendor/TopX/Table View End Date'

2024-09-29 11:06:51 - [MESSAGE][PASSED] - Object: 'Object Repository/PM/Huawei-vendor/TopX/Table View Show on map' is clicked on

2024-09-29 11:06:51 - [MESSAGE][WARNING] - Timeout '0' is invalid. Using default page load timeout: '120'

2024-09-29 11:06:51 - [MESSAGE][PASSED] - Web element with id: 'Object Repository/PM/Huawei-vendor/Error' located by 'By.xpath: //div[@class='toast-summary title-medium-m']' is not present after '120' second(s)

2024-09-29 11:06:52 - [MESSAGE][PASSED] - Switched to window with index: '3'

2024-09-29 11:06:52 - [MESSAGE][WARNING] - Timeout '0' is invalid. Using default page load timeout: '120'

2024-09-29 11:07:03 - [MESSAGE][PASSED] - Object 'Object Repository/PM/Huawei-vendor/TopX/Map' is present

2024-09-29 11:07:03 - [MESSAGE][WARNING] - Timeout '0' is invalid. Using default page load timeout: '120'

2024-09-29 11:07:03 - [MESSAGE][PASSED] - Web element with id: 'Object Repository/PM/Huawei-vendor/Error' located by 'By.xpath: //div[@class='toast-summary title-medium-m']' is not present after '120' second(s)

2024-09-29 11:07:03 - [MESSAGE][PASSED] - Window with index 3 is closed

2024-09-29 11:07:03 - [MESSAGE][PASSED] - Switched to window with index: '2'

2024-09-29 11:07:03 - [MESSAGE][PASSED] - Object: 'Object Repository/PM/Huawei-vendor/TopX/Table view Show stats' is clicked on

2024-09-29 11:07:03 - [MESSAGE][WARNING] - Timeout '0' is invalid. Using default page load timeout: '120'

2024-09-29 11:07:03 - [MESSAGE][PASSED] - Web element with id: 'Object Repository/PM/Huawei-vendor/Error' located by 'By.xpath: //div[@class='toast-summary title-medium-m']' is not present after '120' second(s)

2024-09-29 11:07:04 - [MESSAGE][PASSED] - Switched to window with index: '3'

2024-09-29 11:07:04 - [MESSAGE][WARNING] - Timeout '0' is invalid. Using default page load timeout: '120'

2024-09-29 11:07:16 - [MESSAGE][PASSED] - Object 'Object Repository/PM/Huawei-vendor/Stats Export Chart' is present

2024-09-29 11:07:17 - [MESSAGE][PASSED] - Browser is closed

2024-09-29 11:07:17 - [MESSAGE][PASSED] - PMHwaueiTopX.TopX is PASSED

2024-09-29 11:07:17 - [TEST_STEP][PASSED] - Start tear down : tearDownTestCase: Method 'tearDownTestCase' complete successfully

2024-09-29 11:07:17 - [TEST_STEP][PASSED] - closeBrowser(): Browser is closed

2024-09-29 11:07:17 - [MESSAGE][PASSED] - Browser is closed

2024-09-29 11:07:17 - [MESSAGE][PASSED] - Method 'tearDownTestCase' complete successfully]]></system-out>
         <system-err><![CDATA[]]></system-err>
      </testcase>
      <testcase name="Test Cases/PM/Hwauei/TopX/2G TopX/XRegion/TopX 2G Region DailyBH" time="74.717" classname="Test Cases/PM/Hwauei/TopX/2G TopX/XRegion/TopX 2G Region DailyBH" status="PASSED">
         <system-out><![CDATA[2024-09-29 11:07:17 - [TEST_CASE][PASSED] - Test Cases/PM/Hwauei/TopX/2G TopX/XRegion/TopX 2G Region DailyBH: Test Cases/PM/Hwauei/TopX/2G TopX/XRegion/TopX 2G Region DailyBH

2024-09-29 11:07:17 - [TEST_STEP][PASSED] - callTestCase(findTestCase("LoginNew"), [:], STOP_ON_FAILURE): Call Test Case 'Test Cases/LoginNew' successfully

2024-09-29 11:07:17 - [TEST_CASE][PASSED] - Test Cases/LoginNew: Test Cases/LoginNew

2024-09-29 11:07:17 - [TEST_STEP][PASSED] - driver = general.start(SwagerURL, NetCellURL): general.start is PASSED

2024-09-29 11:07:17 - [MESSAGE][INFO] - >>> chromeDriverPath=C:\Users\FatimaIbeid\.katalon\packages\Katalon_Studio_Windows_64-8.6.9\Katalon_Studio_Windows_64-8.6.9\configuration\resources\drivers\chromedriver_win32\chromedriver.exe

2024-09-29 11:07:18 - [MESSAGE][PASSED] - Current window maximized

2024-09-29 11:07:19 - [MESSAGE][PASSED] - Execute JavaScript 'window.open();' successfully

2024-09-29 11:07:19 - [MESSAGE][PASSED] - Switched to window with index: '1'

2024-09-29 11:07:30 - [MESSAGE][PASSED] - general.start is PASSED

2024-09-29 11:07:30 - [TEST_STEP][PASSED] - delay(1): Delayed 1 second(s)

2024-09-29 11:07:31 - [MESSAGE][PASSED] - Delayed 1 second(s)

2024-09-29 11:07:31 - [TEST_STEP][PASSED] - sendKeys(findTestObject("Object Repository/Login/EnterEmail2"), "homam@zztjg.onmicrosoft.com"): Keys 'homam@zztjg.onmicrosoft.com' sent to object: 'Object Repository/Login/EnterEmail2'

2024-09-29 11:07:32 - [MESSAGE][PASSED] - Keys 'homam@zztjg.onmicrosoft.com' sent to object: 'Object Repository/Login/EnterEmail2'

2024-09-29 11:07:32 - [TEST_STEP][PASSED] - delay(1): Delayed 1 second(s)

2024-09-29 11:07:33 - [MESSAGE][PASSED] - Delayed 1 second(s)

2024-09-29 11:07:33 - [TEST_STEP][PASSED] - sendKeys(findTestObject("Object Repository/Login/EnterPassword2"), "P@ssw0rd"): Keys 'P@ssw0rd' sent to object: 'Object Repository/Login/EnterPassword2'

2024-09-29 11:07:33 - [MESSAGE][PASSED] - Keys 'P@ssw0rd' sent to object: 'Object Repository/Login/EnterPassword2'

2024-09-29 11:07:33 - [TEST_STEP][PASSED] - delay(1): Delayed 1 second(s)

2024-09-29 11:07:34 - [MESSAGE][PASSED] - Delayed 1 second(s)

2024-09-29 11:07:34 - [TEST_STEP][PASSED] - click(findTestObject("Object Repository/Login/LoginButton2")): Object: 'Object Repository/Login/LoginButton2' is clicked on

2024-09-29 11:07:34 - [MESSAGE][PASSED] - Object: 'Object Repository/Login/LoginButton2' is clicked on

2024-09-29 11:07:34 - [TEST_STEP][PASSED] - delay(1): Delayed 1 second(s)

2024-09-29 11:07:35 - [MESSAGE][PASSED] - Delayed 1 second(s)

2024-09-29 11:07:35 - [TEST_STEP][PASSED] - waitForElementPresent(findTestObject("Object Repository/Login/welcome To NetCell"), 0): Object 'Object Repository/Login/welcome To NetCell' is present

2024-09-29 11:07:35 - [MESSAGE][WARNING] - Timeout '0' is invalid. Using default page load timeout: '120'

2024-09-29 11:07:35 - [MESSAGE][PASSED] - Object 'Object Repository/Login/welcome To NetCell' is present

2024-09-29 11:07:35 - [MESSAGE][PASSED] - Call Test Case 'Test Cases/LoginNew' successfully

2024-09-29 11:07:35 - [TEST_STEP][PASSED] - switchToWindowIndex(1): Switched to window with index: '1'

2024-09-29 11:07:35 - [MESSAGE][PASSED] - Switched to window with index: '1'

2024-09-29 11:07:35 - [TEST_STEP][PASSED] - PMHwaueiTopX.TopX("2G", "Region", false, "DailyBH", false, null): PMHwaueiTopX.TopX is PASSED

2024-09-29 11:07:35 - [MESSAGE][PASSED] - Object: 'Object Repository/PM/PM-Button' is clicked on

2024-09-29 11:07:35 - [MESSAGE][PASSED] - Switched to window with index: '2'

2024-09-29 11:07:48 - [MESSAGE][PASSED] - Object: 'Object Repository/PM/Huawei-vendor/Data-view/TopX' is clicked on

2024-09-29 11:07:49 - [MESSAGE][PASSED] - Object: 'Object Repository/PM/Huawei-vendor/Technology/Technology-Arrow' is clicked on

2024-09-29 11:07:49 - [MESSAGE][PASSED] - Object: 'Object Repository/PM/Huawei-vendor/Technology/2G' is clicked on

2024-09-29 11:07:49 - [MESSAGE][PASSED] - Object: 'Object Repository/PM/Huawei-vendor/TopX/TopX Object Type' is clicked on

2024-09-29 11:07:50 - [MESSAGE][PASSED] - Delayed 1 second(s)

2024-09-29 11:07:50 - [MESSAGE][PASSED] - Object: 'Object Repository/PM/Huawei-vendor/Object-Type/TopX Object Types/TopX Regions/TopX Region' is clicked on

2024-09-29 11:07:51 - [MESSAGE][PASSED] - Delayed 1 second(s)

2024-09-29 11:07:51 - [MESSAGE][WARNING] - Timeout '0' is invalid. Using default page load timeout: '120'

2024-09-29 11:07:51 - [MESSAGE][PASSED] - Scroll to object 'Object Repository/PM/Huawei-vendor/Object Border' successfully

2024-09-29 11:07:51 - [MESSAGE][PASSED] - Object: 'Object Repository/PM/Huawei-vendor/Object-Type/TopX Object Types/TopX Regions/TopX Region East Amman' is clicked on

2024-09-29 11:07:52 - [MESSAGE][PASSED] - Object: 'Object Repository/PM/Huawei-vendor/Object-Type/TopX Object Types/TopX Regions/TopX Region West Amman' is clicked on

2024-09-29 11:07:52 - [MESSAGE][PASSED] - Object: 'Object Repository/PM/Huawei-vendor/Object-Type/TopX Object Types/TopX Regions/TopX Region South Jordan' is clicked on

2024-09-29 11:07:52 - [MESSAGE][PASSED] - Object: 'Object Repository/PM/Huawei-vendor/Object-Type/TopX Object Types/TopX Regions/TopX Region North Jordan' is clicked on

2024-09-29 11:07:52 - [MESSAGE][WARNING] - Timeout '0' is invalid. Using default page load timeout: '120'

2024-09-29 11:07:52 - [MESSAGE][PASSED] - Scroll to object 'Object Repository/PM/Huawei-vendor/LowXlabel' successfully

2024-09-29 11:07:52 - [MESSAGE][PASSED] - Object: 'Object Repository/PM/Huawei-vendor/Resolution Temp/Select Resolution temp' is clicked on

2024-09-29 11:07:52 - [MESSAGE][PASSED] - Object: 'Object Repository/PM/Huawei-vendor/Resolution Temp/Resolution Temp DailyBH' is clicked on

2024-09-29 11:07:53 - [MESSAGE][PASSED] - Object: 'Object Repository/PM/Huawei-vendor/TopX/TopXDate/BeforeDate' is clicked on

2024-09-29 11:07:54 - [MESSAGE][PASSED] - Delayed 1 second(s)

2024-09-29 11:07:54 - [MESSAGE][PASSED] - Object: 'Object Repository/PM/Huawei-vendor/TopX/TopXDate/Choose Month' is clicked on

2024-09-29 11:07:55 - [MESSAGE][PASSED] - Delayed 1 second(s)

2024-09-29 11:07:55 - [MESSAGE][PASSED] - Object: 'Object Repository/PM/Huawei-vendor/TopX/TopXDate/Feb' is clicked on

2024-09-29 11:07:55 - [MESSAGE][PASSED] - Object: 'Object Repository/PM/Huawei-vendor/TopX/TopXDate/Day 1' is clicked on

2024-09-29 11:07:55 - [MESSAGE][PASSED] - Object: 'Object Repository/PM/Huawei-vendor/TopX/TopXDate/Button OK' is clicked on

2024-09-29 11:07:56 - [MESSAGE][PASSED] - Object: 'Object Repository/PM/Huawei-vendor/TopX/TopXDate/After Date' is clicked on

2024-09-29 11:07:57 - [MESSAGE][PASSED] - Delayed 1 second(s)

2024-09-29 11:07:57 - [MESSAGE][PASSED] - Object: 'Object Repository/PM/Huawei-vendor/TopX/TopXDate/Choose Month' is clicked on

2024-09-29 11:07:58 - [MESSAGE][PASSED] - Delayed 1 second(s)

2024-09-29 11:07:58 - [MESSAGE][PASSED] - Object: 'Object Repository/PM/Huawei-vendor/TopX/TopXDate/Feb' is clicked on

2024-09-29 11:07:58 - [MESSAGE][PASSED] - Object: 'Object Repository/PM/Huawei-vendor/TopX/TopXDate/Day 7' is clicked on

2024-09-29 11:07:58 - [MESSAGE][PASSED] - Object: 'Object Repository/PM/Huawei-vendor/TopX/TopXDate/Button OK' is clicked on

2024-09-29 11:07:59 - [MESSAGE][PASSED] - Object: 'Object Repository/PM/Huawei-vendor/Apply-Button' is clicked on

2024-09-29 11:07:59 - [MESSAGE][WARNING] - Timeout '0' is invalid. Using default page load timeout: '120'

2024-09-29 11:07:59 - [MESSAGE][PASSED] - Web element with id: 'Object Repository/PM/Huawei-vendor/Error' located by 'By.xpath: //div[@class='toast-summary title-medium-m']' is not present after '120' second(s)

2024-09-29 11:07:59 - [MESSAGE][WARNING] - Timeout '0' is invalid. Using default page load timeout: '120'

2024-09-29 11:08:02 - [MESSAGE][PASSED] - Object 'Object Repository/PM/Huawei-vendor/Chart' is present

2024-09-29 11:08:02 - [MESSAGE][WARNING] - Timeout '0' is invalid. Using default page load timeout: '120'

2024-09-29 11:08:02 - [MESSAGE][PASSED] - Object 'Object Repository/PM/Huawei-vendor/TopX/Table View' is present

2024-09-29 11:08:02 - [MESSAGE][PASSED] - Object: 'Object Repository/PM/Huawei-vendor/TopX/Table View' is clicked on

2024-09-29 11:08:02 - [MESSAGE][PASSED] - Object: 'Object Repository/PM/Huawei-vendor/TopX/Reordering the table view' is clicked on

2024-09-29 11:08:03 - [MESSAGE][PASSED] - Object: 'Object Repository/PM/Huawei-vendor/TopX/Table View Filter ICon' is clicked on

2024-09-29 11:08:03 - [MESSAGE][PASSED] - Object: 'Object Repository/PM/Huawei-vendor/TopX/TableView CheckBox' is clicked on

2024-09-29 11:08:03 - [MESSAGE][PASSED] - Object: 'Object Repository/PM/Huawei-vendor/TopX/Table View Resolution' is clicked on

2024-09-29 11:08:03 - [MESSAGE][PASSED] - Object: 'Object Repository/PM/Huawei-vendor/TopX/Table view Resolution Daily' is clicked on

2024-09-29 11:08:03 - [MESSAGE][PASSED] - Object: 'Object Repository/PM/Huawei-vendor/TopX/Table View Start Date' is clicked on

2024-09-29 11:08:03 - [MESSAGE][PASSED] - Keys '02/01/2024' sent to object: 'Object Repository/PM/Huawei-vendor/TopX/Table View Start Date'

2024-09-29 11:08:04 - [MESSAGE][PASSED] - Object: 'Object Repository/PM/Huawei-vendor/TopX/Table View End Date' is clicked on

2024-09-29 11:08:04 - [MESSAGE][PASSED] - Keys '02/07/2024' sent to object: 'Object Repository/PM/Huawei-vendor/TopX/Table View End Date'

2024-09-29 11:08:04 - [MESSAGE][PASSED] - Object: 'Object Repository/PM/Huawei-vendor/TopX/Table View Show on map' is clicked on

2024-09-29 11:08:04 - [MESSAGE][WARNING] - Timeout '0' is invalid. Using default page load timeout: '120'

2024-09-29 11:08:04 - [MESSAGE][PASSED] - Web element with id: 'Object Repository/PM/Huawei-vendor/Error' located by 'By.xpath: //div[@class='toast-summary title-medium-m']' is not present after '120' second(s)

2024-09-29 11:08:04 - [MESSAGE][PASSED] - Switched to window with index: '3'

2024-09-29 11:08:05 - [MESSAGE][WARNING] - Timeout '0' is invalid. Using default page load timeout: '120'

2024-09-29 11:08:17 - [MESSAGE][PASSED] - Object 'Object Repository/PM/Huawei-vendor/TopX/Map' is present

2024-09-29 11:08:17 - [MESSAGE][WARNING] - Timeout '0' is invalid. Using default page load timeout: '120'

2024-09-29 11:08:17 - [MESSAGE][PASSED] - Web element with id: 'Object Repository/PM/Huawei-vendor/Error' located by 'By.xpath: //div[@class='toast-summary title-medium-m']' is not present after '120' second(s)

2024-09-29 11:08:17 - [MESSAGE][PASSED] - Window with index 3 is closed

2024-09-29 11:08:17 - [MESSAGE][PASSED] - Switched to window with index: '2'

2024-09-29 11:08:17 - [MESSAGE][PASSED] - Object: 'Object Repository/PM/Huawei-vendor/TopX/Table view Show stats' is clicked on

2024-09-29 11:08:17 - [MESSAGE][WARNING] - Timeout '0' is invalid. Using default page load timeout: '120'

2024-09-29 11:08:17 - [MESSAGE][PASSED] - Web element with id: 'Object Repository/PM/Huawei-vendor/Error' located by 'By.xpath: //div[@class='toast-summary title-medium-m']' is not present after '120' second(s)

2024-09-29 11:08:17 - [MESSAGE][PASSED] - Switched to window with index: '3'

2024-09-29 11:08:17 - [MESSAGE][WARNING] - Timeout '0' is invalid. Using default page load timeout: '120'

2024-09-29 11:08:31 - [MESSAGE][PASSED] - Object 'Object Repository/PM/Huawei-vendor/Stats Export Chart' is present

2024-09-29 11:08:31 - [MESSAGE][PASSED] - Browser is closed

2024-09-29 11:08:31 - [MESSAGE][PASSED] - PMHwaueiTopX.TopX is PASSED

2024-09-29 11:08:31 - [TEST_STEP][PASSED] - Start tear down : tearDownTestCase: Method 'tearDownTestCase' complete successfully

2024-09-29 11:08:31 - [TEST_STEP][PASSED] - closeBrowser(): Browser is closed

2024-09-29 11:08:31 - [MESSAGE][PASSED] - Browser is closed

2024-09-29 11:08:31 - [MESSAGE][PASSED] - Method 'tearDownTestCase' complete successfully]]></system-out>
         <system-err><![CDATA[]]></system-err>
      </testcase>
      <testcase name="Test Cases/PM/Hwauei/TopX/2G TopX/XSite/TopX 2G Site default" time="65.647" classname="Test Cases/PM/Hwauei/TopX/2G TopX/XSite/TopX 2G Site default" status="PASSED">
         <system-out><![CDATA[2024-09-29 11:08:31 - [TEST_CASE][PASSED] - Test Cases/PM/Hwauei/TopX/2G TopX/XSite/TopX 2G Site default: Test Cases/PM/Hwauei/TopX/2G TopX/XSite/TopX 2G Site default

2024-09-29 11:08:32 - [TEST_STEP][PASSED] - callTestCase(findTestCase("LoginNew"), [:], STOP_ON_FAILURE): Call Test Case 'Test Cases/LoginNew' successfully

2024-09-29 11:08:32 - [TEST_CASE][PASSED] - Test Cases/LoginNew: Test Cases/LoginNew

2024-09-29 11:08:32 - [TEST_STEP][PASSED] - driver = general.start(SwagerURL, NetCellURL): general.start is PASSED

2024-09-29 11:08:32 - [MESSAGE][INFO] - >>> chromeDriverPath=C:\Users\FatimaIbeid\.katalon\packages\Katalon_Studio_Windows_64-8.6.9\Katalon_Studio_Windows_64-8.6.9\configuration\resources\drivers\chromedriver_win32\chromedriver.exe

2024-09-29 11:08:33 - [MESSAGE][PASSED] - Current window maximized

2024-09-29 11:08:34 - [MESSAGE][PASSED] - Execute JavaScript 'window.open();' successfully

2024-09-29 11:08:34 - [MESSAGE][PASSED] - Switched to window with index: '1'

2024-09-29 11:08:47 - [MESSAGE][PASSED] - general.start is PASSED

2024-09-29 11:08:47 - [TEST_STEP][PASSED] - delay(1): Delayed 1 second(s)

2024-09-29 11:08:48 - [MESSAGE][PASSED] - Delayed 1 second(s)

2024-09-29 11:08:48 - [TEST_STEP][PASSED] - sendKeys(findTestObject("Object Repository/Login/EnterEmail2"), "homam@zztjg.onmicrosoft.com"): Keys 'homam@zztjg.onmicrosoft.com' sent to object: 'Object Repository/Login/EnterEmail2'

2024-09-29 11:08:48 - [MESSAGE][PASSED] - Keys 'homam@zztjg.onmicrosoft.com' sent to object: 'Object Repository/Login/EnterEmail2'

2024-09-29 11:08:48 - [TEST_STEP][PASSED] - delay(1): Delayed 1 second(s)

2024-09-29 11:08:49 - [MESSAGE][PASSED] - Delayed 1 second(s)

2024-09-29 11:08:49 - [TEST_STEP][PASSED] - sendKeys(findTestObject("Object Repository/Login/EnterPassword2"), "P@ssw0rd"): Keys 'P@ssw0rd' sent to object: 'Object Repository/Login/EnterPassword2'

2024-09-29 11:08:49 - [MESSAGE][PASSED] - Keys 'P@ssw0rd' sent to object: 'Object Repository/Login/EnterPassword2'

2024-09-29 11:08:49 - [TEST_STEP][PASSED] - delay(1): Delayed 1 second(s)

2024-09-29 11:08:50 - [MESSAGE][PASSED] - Delayed 1 second(s)

2024-09-29 11:08:50 - [TEST_STEP][PASSED] - click(findTestObject("Object Repository/Login/LoginButton2")): Object: 'Object Repository/Login/LoginButton2' is clicked on

2024-09-29 11:08:50 - [MESSAGE][PASSED] - Object: 'Object Repository/Login/LoginButton2' is clicked on

2024-09-29 11:08:50 - [TEST_STEP][PASSED] - delay(1): Delayed 1 second(s)

2024-09-29 11:08:51 - [MESSAGE][PASSED] - Delayed 1 second(s)

2024-09-29 11:08:51 - [TEST_STEP][PASSED] - waitForElementPresent(findTestObject("Object Repository/Login/welcome To NetCell"), 0): Object 'Object Repository/Login/welcome To NetCell' is present

2024-09-29 11:08:51 - [MESSAGE][WARNING] - Timeout '0' is invalid. Using default page load timeout: '120'

2024-09-29 11:08:51 - [MESSAGE][PASSED] - Object 'Object Repository/Login/welcome To NetCell' is present

2024-09-29 11:08:51 - [MESSAGE][PASSED] - Call Test Case 'Test Cases/LoginNew' successfully

2024-09-29 11:08:51 - [TEST_STEP][PASSED] - switchToWindowIndex(1): Switched to window with index: '1'

2024-09-29 11:08:51 - [MESSAGE][PASSED] - Switched to window with index: '1'

2024-09-29 11:08:51 - [TEST_STEP][PASSED] - PMHwaueiTopX.TopX("2G", "Site", false, "Hourly", false, null): PMHwaueiTopX.TopX is PASSED

2024-09-29 11:08:52 - [MESSAGE][PASSED] - Object: 'Object Repository/PM/PM-Button' is clicked on

2024-09-29 11:08:52 - [MESSAGE][PASSED] - Switched to window with index: '2'

2024-09-29 11:08:52 - [MESSAGE][PASSED] - Object: 'Object Repository/PM/Huawei-vendor/Data-view/TopX' is clicked on

2024-09-29 11:08:52 - [MESSAGE][PASSED] - Object: 'Object Repository/PM/Huawei-vendor/Technology/Technology-Arrow' is clicked on

2024-09-29 11:08:52 - [MESSAGE][PASSED] - Object: 'Object Repository/PM/Huawei-vendor/Technology/2G' is clicked on

2024-09-29 11:08:53 - [MESSAGE][PASSED] - Object: 'Object Repository/PM/Huawei-vendor/TopX/TopX Object Type' is clicked on

2024-09-29 11:08:54 - [MESSAGE][PASSED] - Delayed 1 second(s)

2024-09-29 11:08:54 - [MESSAGE][PASSED] - Object: 'Object Repository/PM/Huawei-vendor/Object-Type/TopX Object Types/TopX Sites/TopX Site' is clicked on

2024-09-29 11:08:55 - [MESSAGE][PASSED] - Delayed 1 second(s)

2024-09-29 11:08:55 - [MESSAGE][WARNING] - Timeout '0' is invalid. Using default page load timeout: '120'

2024-09-29 11:08:55 - [MESSAGE][PASSED] - Scroll to object 'Object Repository/PM/Huawei-vendor/Object Border' successfully

2024-09-29 11:08:55 - [MESSAGE][PASSED] - Object: 'Object Repository/PM/Huawei-vendor/Object-Type/TopX Object Types/TopX Sites/TopX East Amman Arrow' is clicked on

2024-09-29 11:08:56 - [MESSAGE][PASSED] - Object: 'Object Repository/PM/Huawei-vendor/Object-Type/TopX Object Types/TopX Sites/TopX East Amman site1' is clicked on

2024-09-29 11:08:56 - [MESSAGE][PASSED] - Object: 'Object Repository/PM/Huawei-vendor/Object-Type/TopX Object Types/TopX Sites/TopX East Amman CloseArrow' is clicked on

2024-09-29 11:08:56 - [MESSAGE][PASSED] - Object: 'Object Repository/PM/Huawei-vendor/Object-Type/TopX Object Types/TopX Sites/TopX West Amman Arrow' is clicked on

2024-09-29 11:08:57 - [MESSAGE][PASSED] - Object: 'Object Repository/PM/Huawei-vendor/Object-Type/TopX Object Types/TopX Sites/TopX West Amman site1' is clicked on

2024-09-29 11:08:57 - [MESSAGE][PASSED] - Object: 'Object Repository/PM/Huawei-vendor/Object-Type/TopX Object Types/TopX Sites/TopX West Amman CloseArrow' is clicked on

2024-09-29 11:08:57 - [MESSAGE][PASSED] - Object: 'Object Repository/PM/Huawei-vendor/Object-Type/TopX Object Types/TopX Sites/TopX North Jordan Arrow' is clicked on

2024-09-29 11:08:59 - [MESSAGE][PASSED] - Object: 'Object Repository/PM/Huawei-vendor/Object-Type/TopX Object Types/TopX Sites/TopX North Jordan site1' is clicked on

2024-09-29 11:08:59 - [MESSAGE][PASSED] - Object: 'Object Repository/PM/Huawei-vendor/Object-Type/TopX Object Types/TopX Sites/TopX North Jordan CloseArrow' is clicked on

2024-09-29 11:08:59 - [MESSAGE][PASSED] - Object: 'Object Repository/PM/Huawei-vendor/Object-Type/TopX Object Types/TopX Sites/TopX South Jordan Arrow' is clicked on

2024-09-29 11:09:00 - [MESSAGE][PASSED] - Object: 'Object Repository/PM/Huawei-vendor/Object-Type/TopX Object Types/TopX Sites/TopX South Jordan site1' is clicked on

2024-09-29 11:09:00 - [MESSAGE][PASSED] - Object: 'Object Repository/PM/Huawei-vendor/Object-Type/TopX Object Types/TopX Sites/TopX South Jordan CloseArrow' is clicked on

2024-09-29 11:09:00 - [MESSAGE][WARNING] - Timeout '0' is invalid. Using default page load timeout: '120'

2024-09-29 11:09:00 - [MESSAGE][PASSED] - Scroll to object 'Object Repository/PM/Huawei-vendor/LowXlabel' successfully

2024-09-29 11:09:00 - [MESSAGE][PASSED] - Object: 'Object Repository/PM/Huawei-vendor/TopX/TopXDate/BeforeDate' is clicked on

2024-09-29 11:09:01 - [MESSAGE][PASSED] - Delayed 1 second(s)

2024-09-29 11:09:02 - [MESSAGE][PASSED] - Object: 'Object Repository/PM/Huawei-vendor/TopX/TopXDate/Choose Month' is clicked on

2024-09-29 11:09:03 - [MESSAGE][PASSED] - Delayed 1 second(s)

2024-09-29 11:09:03 - [MESSAGE][PASSED] - Object: 'Object Repository/PM/Huawei-vendor/TopX/TopXDate/Feb' is clicked on

2024-09-29 11:09:03 - [MESSAGE][PASSED] - Object: 'Object Repository/PM/Huawei-vendor/TopX/TopXDate/Day 1' is clicked on

2024-09-29 11:09:03 - [MESSAGE][PASSED] - Object: 'Object Repository/PM/Huawei-vendor/TopX/TopXDate/Button OK' is clicked on

2024-09-29 11:09:03 - [MESSAGE][PASSED] - Object: 'Object Repository/PM/Huawei-vendor/TopX/TopXDate/After Date' is clicked on

2024-09-29 11:09:04 - [MESSAGE][PASSED] - Delayed 1 second(s)

2024-09-29 11:09:05 - [MESSAGE][PASSED] - Object: 'Object Repository/PM/Huawei-vendor/TopX/TopXDate/Choose Month' is clicked on

2024-09-29 11:09:06 - [MESSAGE][PASSED] - Delayed 1 second(s)

2024-09-29 11:09:06 - [MESSAGE][PASSED] - Object: 'Object Repository/PM/Huawei-vendor/TopX/TopXDate/Feb' is clicked on

2024-09-29 11:09:06 - [MESSAGE][PASSED] - Object: 'Object Repository/PM/Huawei-vendor/TopX/TopXDate/Day 7' is clicked on

2024-09-29 11:09:06 - [MESSAGE][PASSED] - Object: 'Object Repository/PM/Huawei-vendor/TopX/TopXDate/Button OK' is clicked on

2024-09-29 11:09:06 - [MESSAGE][PASSED] - Object: 'Object Repository/PM/Huawei-vendor/Apply-Button' is clicked on

2024-09-29 11:09:06 - [MESSAGE][WARNING] - Timeout '0' is invalid. Using default page load timeout: '120'

2024-09-29 11:09:07 - [MESSAGE][PASSED] - Web element with id: 'Object Repository/PM/Huawei-vendor/Error' located by 'By.xpath: //div[@class='toast-summary title-medium-m']' is not present after '120' second(s)

2024-09-29 11:09:07 - [MESSAGE][WARNING] - Timeout '0' is invalid. Using default page load timeout: '120'

2024-09-29 11:09:07 - [MESSAGE][PASSED] - Object 'Object Repository/PM/Huawei-vendor/Chart' is present

2024-09-29 11:09:07 - [MESSAGE][WARNING] - Timeout '0' is invalid. Using default page load timeout: '120'

2024-09-29 11:09:07 - [MESSAGE][PASSED] - Object 'Object Repository/PM/Huawei-vendor/TopX/Table View' is present

2024-09-29 11:09:08 - [MESSAGE][PASSED] - Object: 'Object Repository/PM/Huawei-vendor/TopX/Table View' is clicked on

2024-09-29 11:09:08 - [MESSAGE][PASSED] - Object: 'Object Repository/PM/Huawei-vendor/TopX/Reordering the table view' is clicked on

2024-09-29 11:09:08 - [MESSAGE][PASSED] - Object: 'Object Repository/PM/Huawei-vendor/TopX/Table View Filter ICon' is clicked on

2024-09-29 11:09:08 - [MESSAGE][PASSED] - Object: 'Object Repository/PM/Huawei-vendor/TopX/TableView CheckBox' is clicked on

2024-09-29 11:09:08 - [MESSAGE][PASSED] - Object: 'Object Repository/PM/Huawei-vendor/TopX/Table View Resolution' is clicked on

2024-09-29 11:09:09 - [MESSAGE][PASSED] - Object: 'Object Repository/PM/Huawei-vendor/TopX/Table view Resolution Daily' is clicked on

2024-09-29 11:09:09 - [MESSAGE][PASSED] - Object: 'Object Repository/PM/Huawei-vendor/TopX/Table View Start Date' is clicked on

2024-09-29 11:09:09 - [MESSAGE][PASSED] - Keys '02/01/2024' sent to object: 'Object Repository/PM/Huawei-vendor/TopX/Table View Start Date'

2024-09-29 11:09:09 - [MESSAGE][PASSED] - Object: 'Object Repository/PM/Huawei-vendor/TopX/Table View End Date' is clicked on

2024-09-29 11:09:10 - [MESSAGE][PASSED] - Keys '02/07/2024' sent to object: 'Object Repository/PM/Huawei-vendor/TopX/Table View End Date'

2024-09-29 11:09:10 - [MESSAGE][PASSED] - Object: 'Object Repository/PM/Huawei-vendor/TopX/Table View Show on map' is clicked on

2024-09-29 11:09:10 - [MESSAGE][WARNING] - Timeout '0' is invalid. Using default page load timeout: '120'

2024-09-29 11:09:10 - [MESSAGE][PASSED] - Web element with id: 'Object Repository/PM/Huawei-vendor/Error' located by 'By.xpath: //div[@class='toast-summary title-medium-m']' is not present after '120' second(s)

2024-09-29 11:09:10 - [MESSAGE][PASSED] - Switched to window with index: '3'

2024-09-29 11:09:10 - [MESSAGE][WARNING] - Timeout '0' is invalid. Using default page load timeout: '120'

2024-09-29 11:09:23 - [MESSAGE][PASSED] - Object 'Object Repository/PM/Huawei-vendor/TopX/Map' is present

2024-09-29 11:09:23 - [MESSAGE][WARNING] - Timeout '0' is invalid. Using default page load timeout: '120'

2024-09-29 11:09:23 - [MESSAGE][PASSED] - Web element with id: 'Object Repository/PM/Huawei-vendor/Error' located by 'By.xpath: //div[@class='toast-summary title-medium-m']' is not present after '120' second(s)

2024-09-29 11:09:23 - [MESSAGE][PASSED] - Window with index 3 is closed

2024-09-29 11:09:23 - [MESSAGE][PASSED] - Switched to window with index: '2'

2024-09-29 11:09:23 - [MESSAGE][PASSED] - Object: 'Object Repository/PM/Huawei-vendor/TopX/Table view Show stats' is clicked on

2024-09-29 11:09:23 - [MESSAGE][WARNING] - Timeout '0' is invalid. Using default page load timeout: '120'

2024-09-29 11:09:23 - [MESSAGE][PASSED] - Web element with id: 'Object Repository/PM/Huawei-vendor/Error' located by 'By.xpath: //div[@class='toast-summary title-medium-m']' is not present after '120' second(s)

2024-09-29 11:09:23 - [MESSAGE][PASSED] - Switched to window with index: '3'

2024-09-29 11:09:23 - [MESSAGE][WARNING] - Timeout '0' is invalid. Using default page load timeout: '120'

2024-09-29 11:09:36 - [MESSAGE][PASSED] - Object 'Object Repository/PM/Huawei-vendor/Stats Export Chart' is present

2024-09-29 11:09:37 - [MESSAGE][PASSED] - Browser is closed

2024-09-29 11:09:37 - [MESSAGE][PASSED] - PMHwaueiTopX.TopX is PASSED

2024-09-29 11:09:37 - [TEST_STEP][PASSED] - Start tear down : tearDownTestCase: Method 'tearDownTestCase' complete successfully

2024-09-29 11:09:37 - [TEST_STEP][PASSED] - closeBrowser(): Browser is closed

2024-09-29 11:09:37 - [MESSAGE][PASSED] - Browser is closed

2024-09-29 11:09:37 - [MESSAGE][PASSED] - Method 'tearDownTestCase' complete successfully]]></system-out>
         <system-err><![CDATA[]]></system-err>
      </testcase>
      <testcase name="Test Cases/PM/Hwauei/TopX/2G TopX/XSite/TopX 2G Site with LowX" time="54.001" classname="Test Cases/PM/Hwauei/TopX/2G TopX/XSite/TopX 2G Site with LowX" status="PASSED">
         <system-out><![CDATA[2024-09-29 11:09:37 - [TEST_CASE][PASSED] - Test Cases/PM/Hwauei/TopX/2G TopX/XSite/TopX 2G Site with LowX: Test Cases/PM/Hwauei/TopX/2G TopX/XSite/TopX 2G Site with LowX

2024-09-29 11:09:37 - [TEST_STEP][PASSED] - callTestCase(findTestCase("LoginNew"), [:], STOP_ON_FAILURE): Call Test Case 'Test Cases/LoginNew' successfully

2024-09-29 11:09:37 - [TEST_CASE][PASSED] - Test Cases/LoginNew: Test Cases/LoginNew

2024-09-29 11:09:37 - [TEST_STEP][PASSED] - driver = general.start(SwagerURL, NetCellURL): general.start is PASSED

2024-09-29 11:09:37 - [MESSAGE][INFO] - >>> chromeDriverPath=C:\Users\FatimaIbeid\.katalon\packages\Katalon_Studio_Windows_64-8.6.9\Katalon_Studio_Windows_64-8.6.9\configuration\resources\drivers\chromedriver_win32\chromedriver.exe

2024-09-29 11:09:39 - [MESSAGE][PASSED] - Current window maximized

2024-09-29 11:09:39 - [MESSAGE][PASSED] - Execute JavaScript 'window.open();' successfully

2024-09-29 11:09:40 - [MESSAGE][PASSED] - Switched to window with index: '1'

2024-09-29 11:09:51 - [MESSAGE][PASSED] - general.start is PASSED

2024-09-29 11:09:51 - [TEST_STEP][PASSED] - delay(1): Delayed 1 second(s)

2024-09-29 11:09:52 - [MESSAGE][PASSED] - Delayed 1 second(s)

2024-09-29 11:09:52 - [TEST_STEP][PASSED] - sendKeys(findTestObject("Object Repository/Login/EnterEmail2"), "homam@zztjg.onmicrosoft.com"): Keys 'homam@zztjg.onmicrosoft.com' sent to object: 'Object Repository/Login/EnterEmail2'

2024-09-29 11:09:52 - [MESSAGE][PASSED] - Keys 'homam@zztjg.onmicrosoft.com' sent to object: 'Object Repository/Login/EnterEmail2'

2024-09-29 11:09:52 - [TEST_STEP][PASSED] - delay(1): Delayed 1 second(s)

2024-09-29 11:09:53 - [MESSAGE][PASSED] - Delayed 1 second(s)

2024-09-29 11:09:53 - [TEST_STEP][PASSED] - sendKeys(findTestObject("Object Repository/Login/EnterPassword2"), "P@ssw0rd"): Keys 'P@ssw0rd' sent to object: 'Object Repository/Login/EnterPassword2'

2024-09-29 11:09:54 - [MESSAGE][PASSED] - Keys 'P@ssw0rd' sent to object: 'Object Repository/Login/EnterPassword2'

2024-09-29 11:09:54 - [TEST_STEP][PASSED] - delay(1): Delayed 1 second(s)

2024-09-29 11:09:55 - [MESSAGE][PASSED] - Delayed 1 second(s)

2024-09-29 11:09:55 - [TEST_STEP][PASSED] - click(findTestObject("Object Repository/Login/LoginButton2")): Object: 'Object Repository/Login/LoginButton2' is clicked on

2024-09-29 11:09:55 - [MESSAGE][PASSED] - Object: 'Object Repository/Login/LoginButton2' is clicked on

2024-09-29 11:09:55 - [TEST_STEP][PASSED] - delay(1): Delayed 1 second(s)

2024-09-29 11:09:56 - [MESSAGE][PASSED] - Delayed 1 second(s)

2024-09-29 11:09:56 - [TEST_STEP][PASSED] - waitForElementPresent(findTestObject("Object Repository/Login/welcome To NetCell"), 0): Object 'Object Repository/Login/welcome To NetCell' is present

2024-09-29 11:09:56 - [MESSAGE][WARNING] - Timeout '0' is invalid. Using default page load timeout: '120'

2024-09-29 11:09:56 - [MESSAGE][PASSED] - Object 'Object Repository/Login/welcome To NetCell' is present

2024-09-29 11:09:56 - [MESSAGE][PASSED] - Call Test Case 'Test Cases/LoginNew' successfully

2024-09-29 11:09:56 - [TEST_STEP][PASSED] - switchToWindowIndex(1): Switched to window with index: '1'

2024-09-29 11:09:56 - [MESSAGE][PASSED] - Switched to window with index: '1'

2024-09-29 11:09:56 - [TEST_STEP][PASSED] - PMHwaueiTopX.TopX("2G", "Site", false, "Hourly", true, null): PMHwaueiTopX.TopX is PASSED

2024-09-29 11:09:56 - [MESSAGE][PASSED] - Object: 'Object Repository/PM/PM-Button' is clicked on

2024-09-29 11:09:57 - [MESSAGE][PASSED] - Switched to window with index: '2'

2024-09-29 11:09:57 - [MESSAGE][PASSED] - Object: 'Object Repository/PM/Huawei-vendor/Data-view/TopX' is clicked on

2024-09-29 11:09:57 - [MESSAGE][PASSED] - Object: 'Object Repository/PM/Huawei-vendor/Technology/Technology-Arrow' is clicked on

2024-09-29 11:09:58 - [MESSAGE][PASSED] - Object: 'Object Repository/PM/Huawei-vendor/Technology/2G' is clicked on

2024-09-29 11:09:58 - [MESSAGE][PASSED] - Object: 'Object Repository/PM/Huawei-vendor/TopX/TopX Object Type' is clicked on

2024-09-29 11:09:59 - [MESSAGE][PASSED] - Delayed 1 second(s)

2024-09-29 11:09:59 - [MESSAGE][PASSED] - Object: 'Object Repository/PM/Huawei-vendor/Object-Type/TopX Object Types/TopX Sites/TopX Site' is clicked on

2024-09-29 11:10:00 - [MESSAGE][PASSED] - Delayed 1 second(s)

2024-09-29 11:10:00 - [MESSAGE][WARNING] - Timeout '0' is invalid. Using default page load timeout: '120'

2024-09-29 11:10:00 - [MESSAGE][PASSED] - Scroll to object 'Object Repository/PM/Huawei-vendor/Object Border' successfully

2024-09-29 11:10:00 - [MESSAGE][PASSED] - Object: 'Object Repository/PM/Huawei-vendor/Object-Type/TopX Object Types/TopX Sites/TopX East Amman Arrow' is clicked on

2024-09-29 11:10:01 - [MESSAGE][PASSED] - Object: 'Object Repository/PM/Huawei-vendor/Object-Type/TopX Object Types/TopX Sites/TopX East Amman site1' is clicked on

2024-09-29 11:10:01 - [MESSAGE][PASSED] - Object: 'Object Repository/PM/Huawei-vendor/Object-Type/TopX Object Types/TopX Sites/TopX East Amman CloseArrow' is clicked on

2024-09-29 11:10:01 - [MESSAGE][PASSED] - Object: 'Object Repository/PM/Huawei-vendor/Object-Type/TopX Object Types/TopX Sites/TopX West Amman Arrow' is clicked on

2024-09-29 11:10:02 - [MESSAGE][PASSED] - Object: 'Object Repository/PM/Huawei-vendor/Object-Type/TopX Object Types/TopX Sites/TopX West Amman site1' is clicked on

2024-09-29 11:10:02 - [MESSAGE][PASSED] - Object: 'Object Repository/PM/Huawei-vendor/Object-Type/TopX Object Types/TopX Sites/TopX West Amman CloseArrow' is clicked on

2024-09-29 11:10:03 - [MESSAGE][PASSED] - Object: 'Object Repository/PM/Huawei-vendor/Object-Type/TopX Object Types/TopX Sites/TopX North Jordan Arrow' is clicked on

2024-09-29 11:10:04 - [MESSAGE][PASSED] - Object: 'Object Repository/PM/Huawei-vendor/Object-Type/TopX Object Types/TopX Sites/TopX North Jordan site1' is clicked on

2024-09-29 11:10:04 - [MESSAGE][PASSED] - Object: 'Object Repository/PM/Huawei-vendor/Object-Type/TopX Object Types/TopX Sites/TopX North Jordan CloseArrow' is clicked on

2024-09-29 11:10:04 - [MESSAGE][PASSED] - Object: 'Object Repository/PM/Huawei-vendor/Object-Type/TopX Object Types/TopX Sites/TopX South Jordan Arrow' is clicked on

2024-09-29 11:10:05 - [MESSAGE][PASSED] - Object: 'Object Repository/PM/Huawei-vendor/Object-Type/TopX Object Types/TopX Sites/TopX South Jordan site1' is clicked on

2024-09-29 11:10:06 - [MESSAGE][PASSED] - Object: 'Object Repository/PM/Huawei-vendor/Object-Type/TopX Object Types/TopX Sites/TopX South Jordan CloseArrow' is clicked on

2024-09-29 11:10:06 - [MESSAGE][WARNING] - Timeout '0' is invalid. Using default page load timeout: '120'

2024-09-29 11:10:06 - [MESSAGE][PASSED] - Scroll to object 'Object Repository/PM/Huawei-vendor/LowXlabel' successfully

2024-09-29 11:10:06 - [MESSAGE][PASSED] - Object: 'Object Repository/PM/Huawei-vendor/TopX/TopXDate/BeforeDate' is clicked on

2024-09-29 11:10:07 - [MESSAGE][PASSED] - Delayed 1 second(s)

2024-09-29 11:10:07 - [MESSAGE][PASSED] - Object: 'Object Repository/PM/Huawei-vendor/TopX/TopXDate/Choose Month' is clicked on

2024-09-29 11:10:08 - [MESSAGE][PASSED] - Delayed 1 second(s)

2024-09-29 11:10:08 - [MESSAGE][PASSED] - Object: 'Object Repository/PM/Huawei-vendor/TopX/TopXDate/Feb' is clicked on

2024-09-29 11:10:08 - [MESSAGE][PASSED] - Object: 'Object Repository/PM/Huawei-vendor/TopX/TopXDate/Day 1' is clicked on

2024-09-29 11:10:09 - [MESSAGE][PASSED] - Object: 'Object Repository/PM/Huawei-vendor/TopX/TopXDate/Button OK' is clicked on

2024-09-29 11:10:09 - [MESSAGE][PASSED] - Object: 'Object Repository/PM/Huawei-vendor/TopX/TopXDate/After Date' is clicked on

2024-09-29 11:10:10 - [MESSAGE][PASSED] - Delayed 1 second(s)

2024-09-29 11:10:10 - [MESSAGE][PASSED] - Object: 'Object Repository/PM/Huawei-vendor/TopX/TopXDate/Choose Month' is clicked on

2024-09-29 11:10:11 - [MESSAGE][PASSED] - Delayed 1 second(s)

2024-09-29 11:10:11 - [MESSAGE][PASSED] - Object: 'Object Repository/PM/Huawei-vendor/TopX/TopXDate/Feb' is clicked on

2024-09-29 11:10:11 - [MESSAGE][PASSED] - Object: 'Object Repository/PM/Huawei-vendor/TopX/TopXDate/Day 7' is clicked on

2024-09-29 11:10:12 - [MESSAGE][PASSED] - Object: 'Object Repository/PM/Huawei-vendor/TopX/TopXDate/Button OK' is clicked on

2024-09-29 11:10:12 - [MESSAGE][PASSED] - Object: 'Object Repository/PM/Huawei-vendor/LowXCheckBox' is clicked on

2024-09-29 11:10:12 - [MESSAGE][PASSED] - Object: 'Object Repository/PM/Huawei-vendor/Apply-Button' is clicked on

2024-09-29 11:10:12 - [MESSAGE][WARNING] - Timeout '0' is invalid. Using default page load timeout: '120'

2024-09-29 11:10:12 - [MESSAGE][PASSED] - Web element with id: 'Object Repository/PM/Huawei-vendor/Error' located by 'By.xpath: //div[@class='toast-summary title-medium-m']' is not present after '120' second(s)

2024-09-29 11:10:12 - [MESSAGE][WARNING] - Timeout '0' is invalid. Using default page load timeout: '120'

2024-09-29 11:10:13 - [MESSAGE][PASSED] - Object 'Object Repository/PM/Huawei-vendor/Chart' is present

2024-09-29 11:10:13 - [MESSAGE][WARNING] - Timeout '0' is invalid. Using default page load timeout: '120'

2024-09-29 11:10:13 - [MESSAGE][PASSED] - Object 'Object Repository/PM/Huawei-vendor/TopX/Table View' is present

2024-09-29 11:10:13 - [MESSAGE][PASSED] - Object: 'Object Repository/PM/Huawei-vendor/TopX/Table View' is clicked on

2024-09-29 11:10:14 - [MESSAGE][PASSED] - Object: 'Object Repository/PM/Huawei-vendor/TopX/Reordering the table view' is clicked on

2024-09-29 11:10:14 - [MESSAGE][PASSED] - Object: 'Object Repository/PM/Huawei-vendor/TopX/Table View Filter ICon' is clicked on

2024-09-29 11:10:14 - [MESSAGE][PASSED] - Object: 'Object Repository/PM/Huawei-vendor/TopX/TableView CheckBox' is clicked on

2024-09-29 11:10:14 - [MESSAGE][PASSED] - Object: 'Object Repository/PM/Huawei-vendor/TopX/Table View Resolution' is clicked on

2024-09-29 11:10:14 - [MESSAGE][PASSED] - Object: 'Object Repository/PM/Huawei-vendor/TopX/Table view Resolution Hourly' is clicked on

2024-09-29 11:10:14 - [MESSAGE][PASSED] - Object: 'Object Repository/PM/Huawei-vendor/TopX/Table View Start Date' is clicked on

2024-09-29 11:10:15 - [MESSAGE][PASSED] - Keys '02/01/2024' sent to object: 'Object Repository/PM/Huawei-vendor/TopX/Table View Start Date'

2024-09-29 11:10:15 - [MESSAGE][PASSED] - Object: 'Object Repository/PM/Huawei-vendor/TopX/Table View End Date' is clicked on

2024-09-29 11:10:15 - [MESSAGE][PASSED] - Keys '02/07/2024' sent to object: 'Object Repository/PM/Huawei-vendor/TopX/Table View End Date'

2024-09-29 11:10:15 - [MESSAGE][PASSED] - Object: 'Object Repository/PM/Huawei-vendor/TopX/Table View Show on map' is clicked on

2024-09-29 11:10:15 - [MESSAGE][WARNING] - Timeout '0' is invalid. Using default page load timeout: '120'

2024-09-29 11:10:16 - [MESSAGE][PASSED] - Web element with id: 'Object Repository/PM/Huawei-vendor/Error' located by 'By.xpath: //div[@class='toast-summary title-medium-m']' is not present after '120' second(s)

2024-09-29 11:10:16 - [MESSAGE][PASSED] - Switched to window with index: '3'

2024-09-29 11:10:16 - [MESSAGE][WARNING] - Timeout '0' is invalid. Using default page load timeout: '120'

2024-09-29 11:10:28 - [MESSAGE][PASSED] - Object 'Object Repository/PM/Huawei-vendor/TopX/Map' is present

2024-09-29 11:10:28 - [MESSAGE][WARNING] - Timeout '0' is invalid. Using default page load timeout: '120'

2024-09-29 11:10:28 - [MESSAGE][PASSED] - Web element with id: 'Object Repository/PM/Huawei-vendor/Error' located by 'By.xpath: //div[@class='toast-summary title-medium-m']' is not present after '120' second(s)

2024-09-29 11:10:28 - [MESSAGE][PASSED] - Window with index 3 is closed

2024-09-29 11:10:28 - [MESSAGE][PASSED] - Switched to window with index: '2'

2024-09-29 11:10:28 - [MESSAGE][PASSED] - Object: 'Object Repository/PM/Huawei-vendor/TopX/Table view Show stats' is clicked on

2024-09-29 11:10:28 - [MESSAGE][WARNING] - Timeout '0' is invalid. Using default page load timeout: '120'

2024-09-29 11:10:29 - [MESSAGE][PASSED] - Web element with id: 'Object Repository/PM/Huawei-vendor/Error' located by 'By.xpath: //div[@class='toast-summary title-medium-m']' is not present after '120' second(s)

2024-09-29 11:10:29 - [MESSAGE][PASSED] - Switched to window with index: '3'

2024-09-29 11:10:29 - [MESSAGE][WARNING] - Timeout '0' is invalid. Using default page load timeout: '120'

2024-09-29 11:10:30 - [MESSAGE][PASSED] - Object 'Object Repository/PM/Huawei-vendor/Stats Export Chart' is present

2024-09-29 11:10:31 - [MESSAGE][PASSED] - Browser is closed

2024-09-29 11:10:31 - [MESSAGE][PASSED] - PMHwaueiTopX.TopX is PASSED

2024-09-29 11:10:31 - [TEST_STEP][PASSED] - Start tear down : tearDownTestCase: Method 'tearDownTestCase' complete successfully

2024-09-29 11:10:31 - [TEST_STEP][PASSED] - closeBrowser(): Browser is closed

2024-09-29 11:10:31 - [MESSAGE][PASSED] - Browser is closed

2024-09-29 11:10:31 - [MESSAGE][PASSED] - Method 'tearDownTestCase' complete successfully]]></system-out>
         <system-err><![CDATA[]]></system-err>
      </testcase>
      <testcase name="Test Cases/PM/Hwauei/TopX/2G TopX/XSite/TopX 2G Site Daily" time="53.709" classname="Test Cases/PM/Hwauei/TopX/2G TopX/XSite/TopX 2G Site Daily" status="PASSED">
         <system-out><![CDATA[2024-09-29 11:10:31 - [TEST_CASE][PASSED] - Test Cases/PM/Hwauei/TopX/2G TopX/XSite/TopX 2G Site Daily: Test Cases/PM/Hwauei/TopX/2G TopX/XSite/TopX 2G Site Daily

2024-09-29 11:10:31 - [TEST_STEP][PASSED] - callTestCase(findTestCase("LoginNew"), [:], STOP_ON_FAILURE): Call Test Case 'Test Cases/LoginNew' successfully

2024-09-29 11:10:31 - [TEST_CASE][PASSED] - Test Cases/LoginNew: Test Cases/LoginNew

2024-09-29 11:10:31 - [TEST_STEP][PASSED] - driver = general.start(SwagerURL, NetCellURL): general.start is PASSED

2024-09-29 11:10:31 - [MESSAGE][INFO] - >>> chromeDriverPath=C:\Users\FatimaIbeid\.katalon\packages\Katalon_Studio_Windows_64-8.6.9\Katalon_Studio_Windows_64-8.6.9\configuration\resources\drivers\chromedriver_win32\chromedriver.exe

2024-09-29 11:10:33 - [MESSAGE][PASSED] - Current window maximized

2024-09-29 11:10:33 - [MESSAGE][PASSED] - Execute JavaScript 'window.open();' successfully

2024-09-29 11:10:33 - [MESSAGE][PASSED] - Switched to window with index: '1'

2024-09-29 11:10:45 - [MESSAGE][PASSED] - general.start is PASSED

2024-09-29 11:10:45 - [TEST_STEP][PASSED] - delay(1): Delayed 1 second(s)

2024-09-29 11:10:46 - [MESSAGE][PASSED] - Delayed 1 second(s)

2024-09-29 11:10:46 - [TEST_STEP][PASSED] - sendKeys(findTestObject("Object Repository/Login/EnterEmail2"), "homam@zztjg.onmicrosoft.com"): Keys 'homam@zztjg.onmicrosoft.com' sent to object: 'Object Repository/Login/EnterEmail2'

2024-09-29 11:10:46 - [MESSAGE][PASSED] - Keys 'homam@zztjg.onmicrosoft.com' sent to object: 'Object Repository/Login/EnterEmail2'

2024-09-29 11:10:46 - [TEST_STEP][PASSED] - delay(1): Delayed 1 second(s)

2024-09-29 11:10:47 - [MESSAGE][PASSED] - Delayed 1 second(s)

2024-09-29 11:10:47 - [TEST_STEP][PASSED] - sendKeys(findTestObject("Object Repository/Login/EnterPassword2"), "P@ssw0rd"): Keys 'P@ssw0rd' sent to object: 'Object Repository/Login/EnterPassword2'

2024-09-29 11:10:48 - [MESSAGE][PASSED] - Keys 'P@ssw0rd' sent to object: 'Object Repository/Login/EnterPassword2'

2024-09-29 11:10:48 - [TEST_STEP][PASSED] - delay(1): Delayed 1 second(s)

2024-09-29 11:10:49 - [MESSAGE][PASSED] - Delayed 1 second(s)

2024-09-29 11:10:49 - [TEST_STEP][PASSED] - click(findTestObject("Object Repository/Login/LoginButton2")): Object: 'Object Repository/Login/LoginButton2' is clicked on

2024-09-29 11:10:49 - [MESSAGE][PASSED] - Object: 'Object Repository/Login/LoginButton2' is clicked on

2024-09-29 11:10:49 - [TEST_STEP][PASSED] - delay(1): Delayed 1 second(s)

2024-09-29 11:10:50 - [MESSAGE][PASSED] - Delayed 1 second(s)

2024-09-29 11:10:50 - [TEST_STEP][PASSED] - waitForElementPresent(findTestObject("Object Repository/Login/welcome To NetCell"), 0): Object 'Object Repository/Login/welcome To NetCell' is present

2024-09-29 11:10:50 - [MESSAGE][WARNING] - Timeout '0' is invalid. Using default page load timeout: '120'

2024-09-29 11:10:50 - [MESSAGE][PASSED] - Object 'Object Repository/Login/welcome To NetCell' is present

2024-09-29 11:10:50 - [MESSAGE][PASSED] - Call Test Case 'Test Cases/LoginNew' successfully

2024-09-29 11:10:50 - [TEST_STEP][PASSED] - switchToWindowIndex(1): Switched to window with index: '1'

2024-09-29 11:10:50 - [MESSAGE][PASSED] - Switched to window with index: '1'

2024-09-29 11:10:50 - [TEST_STEP][PASSED] - PMHwaueiTopX.TopX("2G", "Site", false, "Daily", false, null): PMHwaueiTopX.TopX is PASSED

2024-09-29 11:10:50 - [MESSAGE][PASSED] - Object: 'Object Repository/PM/PM-Button' is clicked on

2024-09-29 11:10:50 - [MESSAGE][PASSED] - Switched to window with index: '2'

2024-09-29 11:10:51 - [MESSAGE][PASSED] - Object: 'Object Repository/PM/Huawei-vendor/Data-view/TopX' is clicked on

2024-09-29 11:10:51 - [MESSAGE][PASSED] - Object: 'Object Repository/PM/Huawei-vendor/Technology/Technology-Arrow' is clicked on

2024-09-29 11:10:51 - [MESSAGE][PASSED] - Object: 'Object Repository/PM/Huawei-vendor/Technology/2G' is clicked on

2024-09-29 11:10:52 - [MESSAGE][PASSED] - Object: 'Object Repository/PM/Huawei-vendor/TopX/TopX Object Type' is clicked on

2024-09-29 11:10:53 - [MESSAGE][PASSED] - Delayed 1 second(s)

2024-09-29 11:10:53 - [MESSAGE][PASSED] - Object: 'Object Repository/PM/Huawei-vendor/Object-Type/TopX Object Types/TopX Sites/TopX Site' is clicked on

2024-09-29 11:10:54 - [MESSAGE][PASSED] - Delayed 1 second(s)

2024-09-29 11:10:54 - [MESSAGE][WARNING] - Timeout '0' is invalid. Using default page load timeout: '120'

2024-09-29 11:10:54 - [MESSAGE][PASSED] - Scroll to object 'Object Repository/PM/Huawei-vendor/Object Border' successfully

2024-09-29 11:10:54 - [MESSAGE][PASSED] - Object: 'Object Repository/PM/Huawei-vendor/Object-Type/TopX Object Types/TopX Sites/TopX East Amman Arrow' is clicked on

2024-09-29 11:10:55 - [MESSAGE][PASSED] - Object: 'Object Repository/PM/Huawei-vendor/Object-Type/TopX Object Types/TopX Sites/TopX East Amman site1' is clicked on

2024-09-29 11:10:55 - [MESSAGE][PASSED] - Object: 'Object Repository/PM/Huawei-vendor/Object-Type/TopX Object Types/TopX Sites/TopX East Amman CloseArrow' is clicked on

2024-09-29 11:10:55 - [MESSAGE][PASSED] - Object: 'Object Repository/PM/Huawei-vendor/Object-Type/TopX Object Types/TopX Sites/TopX West Amman Arrow' is clicked on

2024-09-29 11:10:57 - [MESSAGE][PASSED] - Object: 'Object Repository/PM/Huawei-vendor/Object-Type/TopX Object Types/TopX Sites/TopX West Amman site1' is clicked on

2024-09-29 11:10:57 - [MESSAGE][PASSED] - Object: 'Object Repository/PM/Huawei-vendor/Object-Type/TopX Object Types/TopX Sites/TopX West Amman CloseArrow' is clicked on

2024-09-29 11:10:57 - [MESSAGE][PASSED] - Object: 'Object Repository/PM/Huawei-vendor/Object-Type/TopX Object Types/TopX Sites/TopX North Jordan Arrow' is clicked on

2024-09-29 11:10:59 - [MESSAGE][PASSED] - Object: 'Object Repository/PM/Huawei-vendor/Object-Type/TopX Object Types/TopX Sites/TopX North Jordan site1' is clicked on

2024-09-29 11:10:59 - [MESSAGE][PASSED] - Object: 'Object Repository/PM/Huawei-vendor/Object-Type/TopX Object Types/TopX Sites/TopX North Jordan CloseArrow' is clicked on

2024-09-29 11:10:59 - [MESSAGE][PASSED] - Object: 'Object Repository/PM/Huawei-vendor/Object-Type/TopX Object Types/TopX Sites/TopX South Jordan Arrow' is clicked on

2024-09-29 11:11:00 - [MESSAGE][PASSED] - Object: 'Object Repository/PM/Huawei-vendor/Object-Type/TopX Object Types/TopX Sites/TopX South Jordan site1' is clicked on

2024-09-29 11:11:01 - [MESSAGE][PASSED] - Object: 'Object Repository/PM/Huawei-vendor/Object-Type/TopX Object Types/TopX Sites/TopX South Jordan CloseArrow' is clicked on

2024-09-29 11:11:01 - [MESSAGE][WARNING] - Timeout '0' is invalid. Using default page load timeout: '120'

2024-09-29 11:11:01 - [MESSAGE][PASSED] - Scroll to object 'Object Repository/PM/Huawei-vendor/LowXlabel' successfully

2024-09-29 11:11:01 - [MESSAGE][PASSED] - Object: 'Object Repository/PM/Huawei-vendor/Resolution Temp/Select Resolution temp' is clicked on

2024-09-29 11:11:01 - [MESSAGE][PASSED] - Object: 'Object Repository/PM/Huawei-vendor/Resolution Temp/Resolution Temp Daily' is clicked on

2024-09-29 11:11:02 - [MESSAGE][PASSED] - Object: 'Object Repository/PM/Huawei-vendor/TopX/TopXDate/BeforeDate' is clicked on

2024-09-29 11:11:03 - [MESSAGE][PASSED] - Delayed 1 second(s)

2024-09-29 11:11:03 - [MESSAGE][PASSED] - Object: 'Object Repository/PM/Huawei-vendor/TopX/TopXDate/Choose Month' is clicked on

2024-09-29 11:11:04 - [MESSAGE][PASSED] - Delayed 1 second(s)

2024-09-29 11:11:04 - [MESSAGE][PASSED] - Object: 'Object Repository/PM/Huawei-vendor/TopX/TopXDate/Feb' is clicked on

2024-09-29 11:11:04 - [MESSAGE][PASSED] - Object: 'Object Repository/PM/Huawei-vendor/TopX/TopXDate/Day 1' is clicked on

2024-09-29 11:11:04 - [MESSAGE][PASSED] - Object: 'Object Repository/PM/Huawei-vendor/TopX/TopXDate/Button OK' is clicked on

2024-09-29 11:11:05 - [MESSAGE][PASSED] - Object: 'Object Repository/PM/Huawei-vendor/TopX/TopXDate/After Date' is clicked on

2024-09-29 11:11:06 - [MESSAGE][PASSED] - Delayed 1 second(s)

2024-09-29 11:11:06 - [MESSAGE][PASSED] - Object: 'Object Repository/PM/Huawei-vendor/TopX/TopXDate/Choose Month' is clicked on

2024-09-29 11:11:07 - [MESSAGE][PASSED] - Delayed 1 second(s)

2024-09-29 11:11:07 - [MESSAGE][PASSED] - Object: 'Object Repository/PM/Huawei-vendor/TopX/TopXDate/Feb' is clicked on

2024-09-29 11:11:07 - [MESSAGE][PASSED] - Object: 'Object Repository/PM/Huawei-vendor/TopX/TopXDate/Day 7' is clicked on

2024-09-29 11:11:07 - [MESSAGE][PASSED] - Object: 'Object Repository/PM/Huawei-vendor/TopX/TopXDate/Button OK' is clicked on

2024-09-29 11:11:08 - [MESSAGE][PASSED] - Object: 'Object Repository/PM/Huawei-vendor/Apply-Button' is clicked on

2024-09-29 11:11:08 - [MESSAGE][WARNING] - Timeout '0' is invalid. Using default page load timeout: '120'

2024-09-29 11:11:08 - [MESSAGE][PASSED] - Web element with id: 'Object Repository/PM/Huawei-vendor/Error' located by 'By.xpath: //div[@class='toast-summary title-medium-m']' is not present after '120' second(s)

2024-09-29 11:11:08 - [MESSAGE][WARNING] - Timeout '0' is invalid. Using default page load timeout: '120'

2024-09-29 11:11:09 - [MESSAGE][PASSED] - Object 'Object Repository/PM/Huawei-vendor/Chart' is present

2024-09-29 11:11:09 - [MESSAGE][WARNING] - Timeout '0' is invalid. Using default page load timeout: '120'

2024-09-29 11:11:09 - [MESSAGE][PASSED] - Object 'Object Repository/PM/Huawei-vendor/TopX/Table View' is present

2024-09-29 11:11:09 - [MESSAGE][PASSED] - Object: 'Object Repository/PM/Huawei-vendor/TopX/Table View' is clicked on

2024-09-29 11:11:09 - [MESSAGE][PASSED] - Object: 'Object Repository/PM/Huawei-vendor/TopX/Reordering the table view' is clicked on

2024-09-29 11:11:10 - [MESSAGE][PASSED] - Object: 'Object Repository/PM/Huawei-vendor/TopX/Table View Filter ICon' is clicked on

2024-09-29 11:11:10 - [MESSAGE][PASSED] - Object: 'Object Repository/PM/Huawei-vendor/TopX/TableView CheckBox' is clicked on

2024-09-29 11:11:10 - [MESSAGE][PASSED] - Object: 'Object Repository/PM/Huawei-vendor/TopX/Table View Resolution' is clicked on

2024-09-29 11:11:10 - [MESSAGE][PASSED] - Object: 'Object Repository/PM/Huawei-vendor/TopX/Table view Resolution Daily' is clicked on

2024-09-29 11:11:10 - [MESSAGE][PASSED] - Object: 'Object Repository/PM/Huawei-vendor/TopX/Table View Start Date' is clicked on

2024-09-29 11:11:11 - [MESSAGE][PASSED] - Keys '02/01/2024' sent to object: 'Object Repository/PM/Huawei-vendor/TopX/Table View Start Date'

2024-09-29 11:11:11 - [MESSAGE][PASSED] - Object: 'Object Repository/PM/Huawei-vendor/TopX/Table View End Date' is clicked on

2024-09-29 11:11:09 - [MESSAGE][PASSED] - Keys '02/07/2024' sent to object: 'Object Repository/PM/Huawei-vendor/TopX/Table View End Date'

2024-09-29 11:11:10 - [MESSAGE][PASSED] - Object: 'Object Repository/PM/Huawei-vendor/TopX/Table View Show on map' is clicked on

2024-09-29 11:11:10 - [MESSAGE][WARNING] - Timeout '0' is invalid. Using default page load timeout: '120'

2024-09-29 11:11:10 - [MESSAGE][PASSED] - Web element with id: 'Object Repository/PM/Huawei-vendor/Error' located by 'By.xpath: //div[@class='toast-summary title-medium-m']' is not present after '120' second(s)

2024-09-29 11:11:10 - [MESSAGE][PASSED] - Switched to window with index: '3'

2024-09-29 11:11:10 - [MESSAGE][WARNING] - Timeout '0' is invalid. Using default page load timeout: '120'

2024-09-29 11:11:21 - [MESSAGE][PASSED] - Object 'Object Repository/PM/Huawei-vendor/TopX/Map' is present

2024-09-29 11:11:21 - [MESSAGE][WARNING] - Timeout '0' is invalid. Using default page load timeout: '120'

2024-09-29 11:11:21 - [MESSAGE][PASSED] - Web element with id: 'Object Repository/PM/Huawei-vendor/Error' located by 'By.xpath: //div[@class='toast-summary title-medium-m']' is not present after '120' second(s)

2024-09-29 11:11:22 - [MESSAGE][PASSED] - Window with index 3 is closed

2024-09-29 11:11:22 - [MESSAGE][PASSED] - Switched to window with index: '2'

2024-09-29 11:11:22 - [MESSAGE][PASSED] - Object: 'Object Repository/PM/Huawei-vendor/TopX/Table view Show stats' is clicked on

2024-09-29 11:11:22 - [MESSAGE][WARNING] - Timeout '0' is invalid. Using default page load timeout: '120'

2024-09-29 11:11:23 - [MESSAGE][PASSED] - Web element with id: 'Object Repository/PM/Huawei-vendor/Error' located by 'By.xpath: //div[@class='toast-summary title-medium-m']' is not present after '120' second(s)

2024-09-29 11:11:23 - [MESSAGE][PASSED] - Switched to window with index: '3'

2024-09-29 11:11:23 - [MESSAGE][WARNING] - Timeout '0' is invalid. Using default page load timeout: '120'

2024-09-29 11:11:24 - [MESSAGE][PASSED] - Object 'Object Repository/PM/Huawei-vendor/Stats Export Chart' is present

2024-09-29 11:11:25 - [MESSAGE][PASSED] - Browser is closed

2024-09-29 11:11:25 - [MESSAGE][PASSED] - PMHwaueiTopX.TopX is PASSED

2024-09-29 11:11:25 - [TEST_STEP][PASSED] - Start tear down : tearDownTestCase: Method 'tearDownTestCase' complete successfully

2024-09-29 11:11:25 - [TEST_STEP][PASSED] - closeBrowser(): Browser is closed

2024-09-29 11:11:25 - [MESSAGE][PASSED] - Browser is closed

2024-09-29 11:11:25 - [MESSAGE][PASSED] - Method 'tearDownTestCase' complete successfully]]></system-out>
         <system-err><![CDATA[]]></system-err>
      </testcase>
      <testcase name="Test Cases/PM/Hwauei/TopX/2G TopX/XSite/TopX 2G Site DailyBH" time="62.31" classname="Test Cases/PM/Hwauei/TopX/2G TopX/XSite/TopX 2G Site DailyBH" status="PASSED">
         <system-out><![CDATA[2024-09-29 11:11:25 - [TEST_CASE][PASSED] - Test Cases/PM/Hwauei/TopX/2G TopX/XSite/TopX 2G Site DailyBH: Test Cases/PM/Hwauei/TopX/2G TopX/XSite/TopX 2G Site DailyBH

2024-09-29 11:11:25 - [TEST_STEP][PASSED] - callTestCase(findTestCase("LoginNew"), [:], STOP_ON_FAILURE): Call Test Case 'Test Cases/LoginNew' successfully

2024-09-29 11:11:25 - [TEST_CASE][PASSED] - Test Cases/LoginNew: Test Cases/LoginNew

2024-09-29 11:11:25 - [TEST_STEP][PASSED] - driver = general.start(SwagerURL, NetCellURL): general.start is PASSED

2024-09-29 11:11:25 - [MESSAGE][INFO] - >>> chromeDriverPath=C:\Users\FatimaIbeid\.katalon\packages\Katalon_Studio_Windows_64-8.6.9\Katalon_Studio_Windows_64-8.6.9\configuration\resources\drivers\chromedriver_win32\chromedriver.exe

2024-09-29 11:11:27 - [MESSAGE][PASSED] - Current window maximized

2024-09-29 11:11:27 - [MESSAGE][PASSED] - Execute JavaScript 'window.open();' successfully

2024-09-29 11:11:27 - [MESSAGE][PASSED] - Switched to window with index: '1'

2024-09-29 11:11:39 - [MESSAGE][PASSED] - general.start is PASSED

2024-09-29 11:11:39 - [TEST_STEP][PASSED] - delay(1): Delayed 1 second(s)

2024-09-29 11:11:40 - [MESSAGE][PASSED] - Delayed 1 second(s)

2024-09-29 11:11:40 - [TEST_STEP][PASSED] - sendKeys(findTestObject("Object Repository/Login/EnterEmail2"), "homam@zztjg.onmicrosoft.com"): Keys 'homam@zztjg.onmicrosoft.com' sent to object: 'Object Repository/Login/EnterEmail2'

2024-09-29 11:11:40 - [MESSAGE][PASSED] - Keys 'homam@zztjg.onmicrosoft.com' sent to object: 'Object Repository/Login/EnterEmail2'

2024-09-29 11:11:40 - [TEST_STEP][PASSED] - delay(1): Delayed 1 second(s)

2024-09-29 11:11:41 - [MESSAGE][PASSED] - Delayed 1 second(s)

2024-09-29 11:11:41 - [TEST_STEP][PASSED] - sendKeys(findTestObject("Object Repository/Login/EnterPassword2"), "P@ssw0rd"): Keys 'P@ssw0rd' sent to object: 'Object Repository/Login/EnterPassword2'

2024-09-29 11:11:41 - [MESSAGE][PASSED] - Keys 'P@ssw0rd' sent to object: 'Object Repository/Login/EnterPassword2'

2024-09-29 11:11:41 - [TEST_STEP][PASSED] - delay(1): Delayed 1 second(s)

2024-09-29 11:11:42 - [MESSAGE][PASSED] - Delayed 1 second(s)

2024-09-29 11:11:42 - [TEST_STEP][PASSED] - click(findTestObject("Object Repository/Login/LoginButton2")): Object: 'Object Repository/Login/LoginButton2' is clicked on

2024-09-29 11:11:43 - [MESSAGE][PASSED] - Object: 'Object Repository/Login/LoginButton2' is clicked on

2024-09-29 11:11:43 - [TEST_STEP][PASSED] - delay(1): Delayed 1 second(s)

2024-09-29 11:11:44 - [MESSAGE][PASSED] - Delayed 1 second(s)

2024-09-29 11:11:44 - [TEST_STEP][PASSED] - waitForElementPresent(findTestObject("Object Repository/Login/welcome To NetCell"), 0): Object 'Object Repository/Login/welcome To NetCell' is present

2024-09-29 11:11:44 - [MESSAGE][WARNING] - Timeout '0' is invalid. Using default page load timeout: '120'

2024-09-29 11:11:44 - [MESSAGE][PASSED] - Object 'Object Repository/Login/welcome To NetCell' is present

2024-09-29 11:11:44 - [MESSAGE][PASSED] - Call Test Case 'Test Cases/LoginNew' successfully

2024-09-29 11:11:44 - [TEST_STEP][PASSED] - switchToWindowIndex(1): Switched to window with index: '1'

2024-09-29 11:11:44 - [MESSAGE][PASSED] - Switched to window with index: '1'

2024-09-29 11:11:44 - [TEST_STEP][PASSED] - PMHwaueiTopX.TopX("2G", "Site", false, "DailyBH", false, null): PMHwaueiTopX.TopX is PASSED

2024-09-29 11:11:44 - [MESSAGE][PASSED] - Object: 'Object Repository/PM/PM-Button' is clicked on

2024-09-29 11:11:44 - [MESSAGE][PASSED] - Switched to window with index: '2'

2024-09-29 11:11:55 - [MESSAGE][PASSED] - Object: 'Object Repository/PM/Huawei-vendor/Data-view/TopX' is clicked on

2024-09-29 11:11:55 - [MESSAGE][PASSED] - Object: 'Object Repository/PM/Huawei-vendor/Technology/Technology-Arrow' is clicked on

2024-09-29 11:11:56 - [MESSAGE][PASSED] - Object: 'Object Repository/PM/Huawei-vendor/Technology/2G' is clicked on

2024-09-29 11:11:56 - [MESSAGE][PASSED] - Object: 'Object Repository/PM/Huawei-vendor/TopX/TopX Object Type' is clicked on

2024-09-29 11:11:57 - [MESSAGE][PASSED] - Delayed 1 second(s)

2024-09-29 11:11:57 - [MESSAGE][PASSED] - Object: 'Object Repository/PM/Huawei-vendor/Object-Type/TopX Object Types/TopX Sites/TopX Site' is clicked on

2024-09-29 11:11:58 - [MESSAGE][PASSED] - Delayed 1 second(s)

2024-09-29 11:11:58 - [MESSAGE][WARNING] - Timeout '0' is invalid. Using default page load timeout: '120'

2024-09-29 11:11:58 - [MESSAGE][PASSED] - Scroll to object 'Object Repository/PM/Huawei-vendor/Object Border' successfully

2024-09-29 11:11:58 - [MESSAGE][PASSED] - Object: 'Object Repository/PM/Huawei-vendor/Object-Type/TopX Object Types/TopX Sites/TopX East Amman Arrow' is clicked on

2024-09-29 11:11:59 - [MESSAGE][PASSED] - Object: 'Object Repository/PM/Huawei-vendor/Object-Type/TopX Object Types/TopX Sites/TopX East Amman site1' is clicked on

2024-09-29 11:11:59 - [MESSAGE][PASSED] - Object: 'Object Repository/PM/Huawei-vendor/Object-Type/TopX Object Types/TopX Sites/TopX East Amman CloseArrow' is clicked on

2024-09-29 11:11:59 - [MESSAGE][PASSED] - Object: 'Object Repository/PM/Huawei-vendor/Object-Type/TopX Object Types/TopX Sites/TopX West Amman Arrow' is clicked on

2024-09-29 11:12:00 - [MESSAGE][PASSED] - Object: 'Object Repository/PM/Huawei-vendor/Object-Type/TopX Object Types/TopX Sites/TopX West Amman site1' is clicked on

2024-09-29 11:12:00 - [MESSAGE][PASSED] - Object: 'Object Repository/PM/Huawei-vendor/Object-Type/TopX Object Types/TopX Sites/TopX West Amman CloseArrow' is clicked on

2024-09-29 11:12:00 - [MESSAGE][PASSED] - Object: 'Object Repository/PM/Huawei-vendor/Object-Type/TopX Object Types/TopX Sites/TopX North Jordan Arrow' is clicked on

2024-09-29 11:12:01 - [MESSAGE][PASSED] - Object: 'Object Repository/PM/Huawei-vendor/Object-Type/TopX Object Types/TopX Sites/TopX North Jordan site1' is clicked on

2024-09-29 11:12:02 - [MESSAGE][PASSED] - Object: 'Object Repository/PM/Huawei-vendor/Object-Type/TopX Object Types/TopX Sites/TopX North Jordan CloseArrow' is clicked on

2024-09-29 11:12:02 - [MESSAGE][PASSED] - Object: 'Object Repository/PM/Huawei-vendor/Object-Type/TopX Object Types/TopX Sites/TopX South Jordan Arrow' is clicked on

2024-09-29 11:12:02 - [MESSAGE][PASSED] - Object: 'Object Repository/PM/Huawei-vendor/Object-Type/TopX Object Types/TopX Sites/TopX South Jordan site1' is clicked on

2024-09-29 11:12:02 - [MESSAGE][PASSED] - Object: 'Object Repository/PM/Huawei-vendor/Object-Type/TopX Object Types/TopX Sites/TopX South Jordan CloseArrow' is clicked on

2024-09-29 11:12:03 - [MESSAGE][WARNING] - Timeout '0' is invalid. Using default page load timeout: '120'

2024-09-29 11:12:03 - [MESSAGE][PASSED] - Scroll to object 'Object Repository/PM/Huawei-vendor/LowXlabel' successfully

2024-09-29 11:12:03 - [MESSAGE][PASSED] - Object: 'Object Repository/PM/Huawei-vendor/Resolution Temp/Select Resolution temp' is clicked on

2024-09-29 11:12:03 - [MESSAGE][PASSED] - Object: 'Object Repository/PM/Huawei-vendor/Resolution Temp/Resolution Temp DailyBH' is clicked on

2024-09-29 11:12:03 - [MESSAGE][PASSED] - Object: 'Object Repository/PM/Huawei-vendor/TopX/TopXDate/BeforeDate' is clicked on

2024-09-29 11:12:04 - [MESSAGE][PASSED] - Delayed 1 second(s)

2024-09-29 11:12:04 - [MESSAGE][PASSED] - Object: 'Object Repository/PM/Huawei-vendor/TopX/TopXDate/Choose Month' is clicked on

2024-09-29 11:12:05 - [MESSAGE][PASSED] - Delayed 1 second(s)

2024-09-29 11:12:05 - [MESSAGE][PASSED] - Object: 'Object Repository/PM/Huawei-vendor/TopX/TopXDate/Feb' is clicked on

2024-09-29 11:12:06 - [MESSAGE][PASSED] - Object: 'Object Repository/PM/Huawei-vendor/TopX/TopXDate/Day 1' is clicked on

2024-09-29 11:12:06 - [MESSAGE][PASSED] - Object: 'Object Repository/PM/Huawei-vendor/TopX/TopXDate/Button OK' is clicked on

2024-09-29 11:12:06 - [MESSAGE][PASSED] - Object: 'Object Repository/PM/Huawei-vendor/TopX/TopXDate/After Date' is clicked on

2024-09-29 11:12:07 - [MESSAGE][PASSED] - Delayed 1 second(s)

2024-09-29 11:12:07 - [MESSAGE][PASSED] - Object: 'Object Repository/PM/Huawei-vendor/TopX/TopXDate/Choose Month' is clicked on

2024-09-29 11:12:08 - [MESSAGE][PASSED] - Delayed 1 second(s)

2024-09-29 11:12:08 - [MESSAGE][PASSED] - Object: 'Object Repository/PM/Huawei-vendor/TopX/TopXDate/Feb' is clicked on

2024-09-29 11:12:09 - [MESSAGE][PASSED] - Object: 'Object Repository/PM/Huawei-vendor/TopX/TopXDate/Day 7' is clicked on

2024-09-29 11:12:09 - [MESSAGE][PASSED] - Object: 'Object Repository/PM/Huawei-vendor/TopX/TopXDate/Button OK' is clicked on

2024-09-29 11:12:09 - [MESSAGE][PASSED] - Object: 'Object Repository/PM/Huawei-vendor/Apply-Button' is clicked on

2024-09-29 11:12:09 - [MESSAGE][WARNING] - Timeout '0' is invalid. Using default page load timeout: '120'

2024-09-29 11:12:09 - [MESSAGE][PASSED] - Web element with id: 'Object Repository/PM/Huawei-vendor/Error' located by 'By.xpath: //div[@class='toast-summary title-medium-m']' is not present after '120' second(s)

2024-09-29 11:12:09 - [MESSAGE][WARNING] - Timeout '0' is invalid. Using default page load timeout: '120'

2024-09-29 11:12:10 - [MESSAGE][PASSED] - Object 'Object Repository/PM/Huawei-vendor/Chart' is present

2024-09-29 11:12:10 - [MESSAGE][WARNING] - Timeout '0' is invalid. Using default page load timeout: '120'

2024-09-29 11:12:10 - [MESSAGE][PASSED] - Object 'Object Repository/PM/Huawei-vendor/TopX/Table View' is present

2024-09-29 11:12:10 - [MESSAGE][PASSED] - Object: 'Object Repository/PM/Huawei-vendor/TopX/Table View' is clicked on

2024-09-29 11:12:10 - [MESSAGE][PASSED] - Object: 'Object Repository/PM/Huawei-vendor/TopX/Reordering the table view' is clicked on

2024-09-29 11:12:11 - [MESSAGE][PASSED] - Object: 'Object Repository/PM/Huawei-vendor/TopX/Table View Filter ICon' is clicked on

2024-09-29 11:12:11 - [MESSAGE][PASSED] - Object: 'Object Repository/PM/Huawei-vendor/TopX/TableView CheckBox' is clicked on

2024-09-29 11:12:11 - [MESSAGE][PASSED] - Object: 'Object Repository/PM/Huawei-vendor/TopX/Table View Resolution' is clicked on

2024-09-29 11:12:11 - [MESSAGE][PASSED] - Object: 'Object Repository/PM/Huawei-vendor/TopX/Table view Resolution Hourly' is clicked on

2024-09-29 11:12:11 - [MESSAGE][PASSED] - Object: 'Object Repository/PM/Huawei-vendor/TopX/Table View Start Date' is clicked on

2024-09-29 11:12:11 - [MESSAGE][PASSED] - Keys '02/01/2024' sent to object: 'Object Repository/PM/Huawei-vendor/TopX/Table View Start Date'

2024-09-29 11:12:12 - [MESSAGE][PASSED] - Object: 'Object Repository/PM/Huawei-vendor/TopX/Table View End Date' is clicked on

2024-09-29 11:12:12 - [MESSAGE][PASSED] - Keys '02/07/2024' sent to object: 'Object Repository/PM/Huawei-vendor/TopX/Table View End Date'

2024-09-29 11:12:12 - [MESSAGE][PASSED] - Object: 'Object Repository/PM/Huawei-vendor/TopX/Table View Show on map' is clicked on

2024-09-29 11:12:12 - [MESSAGE][WARNING] - Timeout '0' is invalid. Using default page load timeout: '120'

2024-09-29 11:12:12 - [MESSAGE][PASSED] - Web element with id: 'Object Repository/PM/Huawei-vendor/Error' located by 'By.xpath: //div[@class='toast-summary title-medium-m']' is not present after '120' second(s)

2024-09-29 11:12:12 - [MESSAGE][PASSED] - Switched to window with index: '3'

2024-09-29 11:12:12 - [MESSAGE][WARNING] - Timeout '0' is invalid. Using default page load timeout: '120'

2024-09-29 11:12:24 - [MESSAGE][PASSED] - Object 'Object Repository/PM/Huawei-vendor/TopX/Map' is present

2024-09-29 11:12:24 - [MESSAGE][WARNING] - Timeout '0' is invalid. Using default page load timeout: '120'

2024-09-29 11:12:24 - [MESSAGE][PASSED] - Web element with id: 'Object Repository/PM/Huawei-vendor/Error' located by 'By.xpath: //div[@class='toast-summary title-medium-m']' is not present after '120' second(s)

2024-09-29 11:12:24 - [MESSAGE][PASSED] - Window with index 3 is closed

2024-09-29 11:12:24 - [MESSAGE][PASSED] - Switched to window with index: '2'

2024-09-29 11:12:24 - [MESSAGE][PASSED] - Object: 'Object Repository/PM/Huawei-vendor/TopX/Table view Show stats' is clicked on

2024-09-29 11:12:24 - [MESSAGE][WARNING] - Timeout '0' is invalid. Using default page load timeout: '120'

2024-09-29 11:12:25 - [MESSAGE][PASSED] - Web element with id: 'Object Repository/PM/Huawei-vendor/Error' located by 'By.xpath: //div[@class='toast-summary title-medium-m']' is not present after '120' second(s)

2024-09-29 11:12:25 - [MESSAGE][PASSED] - Switched to window with index: '3'

2024-09-29 11:12:25 - [MESSAGE][WARNING] - Timeout '0' is invalid. Using default page load timeout: '120'

2024-09-29 11:12:26 - [MESSAGE][PASSED] - Object 'Object Repository/PM/Huawei-vendor/Stats Export Chart' is present

2024-09-29 11:12:27 - [MESSAGE][PASSED] - Browser is closed

2024-09-29 11:12:27 - [MESSAGE][PASSED] - PMHwaueiTopX.TopX is PASSED

2024-09-29 11:12:27 - [TEST_STEP][PASSED] - Start tear down : tearDownTestCase: Method 'tearDownTestCase' complete successfully

2024-09-29 11:12:27 - [TEST_STEP][PASSED] - closeBrowser(): Browser is closed

2024-09-29 11:12:27 - [MESSAGE][PASSED] - Browser is closed

2024-09-29 11:12:27 - [MESSAGE][PASSED] - Method 'tearDownTestCase' complete successfully]]></system-out>
         <system-err><![CDATA[]]></system-err>
      </testcase>
      <testcase name="Test Cases/PM/Hwauei/TopX/2G TopX/XCells/TopX 2G Cell default" time="76.153" classname="Test Cases/PM/Hwauei/TopX/2G TopX/XCells/TopX 2G Cell default" status="PASSED">
         <system-out><![CDATA[2024-09-29 11:12:27 - [TEST_CASE][PASSED] - Test Cases/PM/Hwauei/TopX/2G TopX/XCells/TopX 2G Cell default: Test Cases/PM/Hwauei/TopX/2G TopX/XCells/TopX 2G Cell default

2024-09-29 11:12:27 - [TEST_STEP][PASSED] - callTestCase(findTestCase("LoginNew"), [:], STOP_ON_FAILURE): Call Test Case 'Test Cases/LoginNew' successfully

2024-09-29 11:12:27 - [TEST_CASE][PASSED] - Test Cases/LoginNew: Test Cases/LoginNew

2024-09-29 11:12:27 - [TEST_STEP][PASSED] - driver = general.start(SwagerURL, NetCellURL): general.start is PASSED

2024-09-29 11:12:27 - [MESSAGE][INFO] - >>> chromeDriverPath=C:\Users\FatimaIbeid\.katalon\packages\Katalon_Studio_Windows_64-8.6.9\Katalon_Studio_Windows_64-8.6.9\configuration\resources\drivers\chromedriver_win32\chromedriver.exe

2024-09-29 11:12:29 - [MESSAGE][PASSED] - Current window maximized

2024-09-29 11:12:30 - [MESSAGE][PASSED] - Execute JavaScript 'window.open();' successfully

2024-09-29 11:12:30 - [MESSAGE][PASSED] - Switched to window with index: '1'

2024-09-29 11:12:41 - [MESSAGE][PASSED] - general.start is PASSED

2024-09-29 11:12:41 - [TEST_STEP][PASSED] - delay(1): Delayed 1 second(s)

2024-09-29 11:12:42 - [MESSAGE][PASSED] - Delayed 1 second(s)

2024-09-29 11:12:42 - [TEST_STEP][PASSED] - sendKeys(findTestObject("Object Repository/Login/EnterEmail2"), "homam@zztjg.onmicrosoft.com"): Keys 'homam@zztjg.onmicrosoft.com' sent to object: 'Object Repository/Login/EnterEmail2'

2024-09-29 11:12:42 - [MESSAGE][PASSED] - Keys 'homam@zztjg.onmicrosoft.com' sent to object: 'Object Repository/Login/EnterEmail2'

2024-09-29 11:12:42 - [TEST_STEP][PASSED] - delay(1): Delayed 1 second(s)

2024-09-29 11:12:43 - [MESSAGE][PASSED] - Delayed 1 second(s)

2024-09-29 11:12:43 - [TEST_STEP][PASSED] - sendKeys(findTestObject("Object Repository/Login/EnterPassword2"), "P@ssw0rd"): Keys 'P@ssw0rd' sent to object: 'Object Repository/Login/EnterPassword2'

2024-09-29 11:12:43 - [MESSAGE][PASSED] - Keys 'P@ssw0rd' sent to object: 'Object Repository/Login/EnterPassword2'

2024-09-29 11:12:43 - [TEST_STEP][PASSED] - delay(1): Delayed 1 second(s)

2024-09-29 11:12:44 - [MESSAGE][PASSED] - Delayed 1 second(s)

2024-09-29 11:12:44 - [TEST_STEP][PASSED] - click(findTestObject("Object Repository/Login/LoginButton2")): Object: 'Object Repository/Login/LoginButton2' is clicked on

2024-09-29 11:12:44 - [MESSAGE][PASSED] - Object: 'Object Repository/Login/LoginButton2' is clicked on

2024-09-29 11:12:44 - [TEST_STEP][PASSED] - delay(1): Delayed 1 second(s)

2024-09-29 11:12:45 - [MESSAGE][PASSED] - Delayed 1 second(s)

2024-09-29 11:12:45 - [TEST_STEP][PASSED] - waitForElementPresent(findTestObject("Object Repository/Login/welcome To NetCell"), 0): Object 'Object Repository/Login/welcome To NetCell' is present

2024-09-29 11:12:45 - [MESSAGE][WARNING] - Timeout '0' is invalid. Using default page load timeout: '120'

2024-09-29 11:12:46 - [MESSAGE][PASSED] - Object 'Object Repository/Login/welcome To NetCell' is present

2024-09-29 11:12:46 - [MESSAGE][PASSED] - Call Test Case 'Test Cases/LoginNew' successfully

2024-09-29 11:12:46 - [TEST_STEP][PASSED] - switchToWindowIndex(1): Switched to window with index: '1'

2024-09-29 11:12:46 - [MESSAGE][PASSED] - Switched to window with index: '1'

2024-09-29 11:12:46 - [TEST_STEP][PASSED] - PMHwaueiTopX.TopX("2G", "Cell", false, "Hourly", false, null): PMHwaueiTopX.TopX is PASSED

2024-09-29 11:12:46 - [MESSAGE][PASSED] - Object: 'Object Repository/PM/PM-Button' is clicked on

2024-09-29 11:12:46 - [MESSAGE][PASSED] - Switched to window with index: '2'

2024-09-29 11:12:57 - [MESSAGE][PASSED] - Object: 'Object Repository/PM/Huawei-vendor/Data-view/TopX' is clicked on

2024-09-29 11:12:58 - [MESSAGE][PASSED] - Object: 'Object Repository/PM/Huawei-vendor/Technology/Technology-Arrow' is clicked on

2024-09-29 11:12:58 - [MESSAGE][PASSED] - Object: 'Object Repository/PM/Huawei-vendor/Technology/2G' is clicked on

2024-09-29 11:12:58 - [MESSAGE][PASSED] - Object: 'Object Repository/PM/Huawei-vendor/TopX/TopX Object Type' is clicked on

2024-09-29 11:12:59 - [MESSAGE][PASSED] - Delayed 1 second(s)

2024-09-29 11:12:59 - [MESSAGE][PASSED] - Object: 'Object Repository/PM/Huawei-vendor/Object-Type/TopX Object Types/TopX Cells/TopX Cell' is clicked on

2024-09-29 11:13:00 - [MESSAGE][PASSED] - Delayed 1 second(s)

2024-09-29 11:13:00 - [MESSAGE][WARNING] - Timeout '0' is invalid. Using default page load timeout: '120'

2024-09-29 11:13:00 - [MESSAGE][PASSED] - Scroll to object 'Object Repository/PM/Huawei-vendor/Object Border' successfully

2024-09-29 11:13:00 - [MESSAGE][PASSED] - Object: 'Object Repository/PM/Huawei-vendor/Object-Type/TopX Object Types/TopX Sites/TopX East Amman Arrow' is clicked on

2024-09-29 11:13:01 - [MESSAGE][PASSED] - Object: 'Object Repository/PM/Huawei-vendor/Object-Type/TopX Object Types/TopX Cells/TopX East Amman Site1 Arrow' is clicked on

2024-09-29 11:13:02 - [MESSAGE][PASSED] - Delayed 1 second(s)

2024-09-29 11:13:03 - [MESSAGE][PASSED] - Object: 'Object Repository/PM/Huawei-vendor/Object-Type/TopX Object Types/TopX Cells/TopX East Amman Site1 Cell1' is clicked on

2024-09-29 11:13:03 - [MESSAGE][PASSED] - Object: 'Object Repository/PM/Huawei-vendor/Object-Type/TopX Object Types/TopX Sites/TopX East Amman CloseArrow' is clicked on

2024-09-29 11:13:03 - [MESSAGE][PASSED] - Object: 'Object Repository/PM/Huawei-vendor/Object-Type/TopX Object Types/TopX Sites/TopX West Amman Arrow' is clicked on

2024-09-29 11:13:04 - [MESSAGE][PASSED] - Object: 'Object Repository/PM/Huawei-vendor/Object-Type/TopX Object Types/TopX Cells/TopX West Amman Site1 Arrow' is clicked on

2024-09-29 11:13:04 - [MESSAGE][PASSED] - Object: 'Object Repository/PM/Huawei-vendor/Object-Type/TopX Object Types/TopX Cells/TopX West Amman Site1 Cell1' is clicked on

2024-09-29 11:13:04 - [MESSAGE][PASSED] - Object: 'Object Repository/PM/Huawei-vendor/Object-Type/TopX Object Types/TopX Sites/TopX West Amman CloseArrow' is clicked on

2024-09-29 11:13:05 - [MESSAGE][PASSED] - Object: 'Object Repository/PM/Huawei-vendor/Object-Type/TopX Object Types/TopX Sites/TopX North Jordan Arrow' is clicked on

2024-09-29 11:13:06 - [MESSAGE][PASSED] - Object: 'Object Repository/PM/Huawei-vendor/Object-Type/TopX Object Types/TopX Cells/TopX North Jordan Site1 Arrow' is clicked on

2024-09-29 11:13:07 - [MESSAGE][PASSED] - Object: 'Object Repository/PM/Huawei-vendor/Object-Type/TopX Object Types/TopX Cells/TopX North Jordan Site1 Cell1' is clicked on

2024-09-29 11:13:07 - [MESSAGE][PASSED] - Object: 'Object Repository/PM/Huawei-vendor/Object-Type/TopX Object Types/TopX Sites/TopX North Jordan CloseArrow' is clicked on

2024-09-29 11:13:07 - [MESSAGE][PASSED] - Object: 'Object Repository/PM/Huawei-vendor/Object-Type/TopX Object Types/TopX Sites/TopX South Jordan Arrow' is clicked on

2024-09-29 11:13:08 - [MESSAGE][PASSED] - Object: 'Object Repository/PM/Huawei-vendor/Object-Type/TopX Object Types/TopX Cells/TopX South Jordan Site1 Arrow' is clicked on

2024-09-29 11:13:08 - [MESSAGE][PASSED] - Object: 'Object Repository/PM/Huawei-vendor/Object-Type/TopX Object Types/TopX Cells/TopX South Jordan Site1 Cell1' is clicked on

2024-09-29 11:13:09 - [MESSAGE][PASSED] - Object: 'Object Repository/PM/Huawei-vendor/Object-Type/TopX Object Types/TopX Sites/TopX South Jordan CloseArrow' is clicked on

2024-09-29 11:13:09 - [MESSAGE][WARNING] - Timeout '0' is invalid. Using default page load timeout: '120'

2024-09-29 11:13:09 - [MESSAGE][PASSED] - Scroll to object 'Object Repository/PM/Huawei-vendor/LowXlabel' successfully

2024-09-29 11:13:09 - [MESSAGE][PASSED] - Object: 'Object Repository/PM/Huawei-vendor/TopX/TopXDate/BeforeDate' is clicked on

2024-09-29 11:13:10 - [MESSAGE][PASSED] - Delayed 1 second(s)

2024-09-29 11:13:10 - [MESSAGE][PASSED] - Object: 'Object Repository/PM/Huawei-vendor/TopX/TopXDate/Choose Month' is clicked on

2024-09-29 11:13:11 - [MESSAGE][PASSED] - Delayed 1 second(s)

2024-09-29 11:13:11 - [MESSAGE][PASSED] - Object: 'Object Repository/PM/Huawei-vendor/TopX/TopXDate/Feb' is clicked on

2024-09-29 11:13:11 - [MESSAGE][PASSED] - Object: 'Object Repository/PM/Huawei-vendor/TopX/TopXDate/Day 1' is clicked on

2024-09-29 11:13:12 - [MESSAGE][PASSED] - Object: 'Object Repository/PM/Huawei-vendor/TopX/TopXDate/Button OK' is clicked on

2024-09-29 11:13:12 - [MESSAGE][PASSED] - Object: 'Object Repository/PM/Huawei-vendor/TopX/TopXDate/After Date' is clicked on

2024-09-29 11:13:13 - [MESSAGE][PASSED] - Delayed 1 second(s)

2024-09-29 11:13:13 - [MESSAGE][PASSED] - Object: 'Object Repository/PM/Huawei-vendor/TopX/TopXDate/Choose Month' is clicked on

2024-09-29 11:13:14 - [MESSAGE][PASSED] - Delayed 1 second(s)

2024-09-29 11:13:14 - [MESSAGE][PASSED] - Object: 'Object Repository/PM/Huawei-vendor/TopX/TopXDate/Feb' is clicked on

2024-09-29 11:13:14 - [MESSAGE][PASSED] - Object: 'Object Repository/PM/Huawei-vendor/TopX/TopXDate/Day 7' is clicked on

2024-09-29 11:13:15 - [MESSAGE][PASSED] - Object: 'Object Repository/PM/Huawei-vendor/TopX/TopXDate/Button OK' is clicked on

2024-09-29 11:13:15 - [MESSAGE][PASSED] - Object: 'Object Repository/PM/Huawei-vendor/Apply-Button' is clicked on

2024-09-29 11:13:15 - [MESSAGE][WARNING] - Timeout '0' is invalid. Using default page load timeout: '120'

2024-09-29 11:13:15 - [MESSAGE][PASSED] - Web element with id: 'Object Repository/PM/Huawei-vendor/Error' located by 'By.xpath: //div[@class='toast-summary title-medium-m']' is not present after '120' second(s)

2024-09-29 11:13:15 - [MESSAGE][WARNING] - Timeout '0' is invalid. Using default page load timeout: '120'

2024-09-29 11:13:16 - [MESSAGE][PASSED] - Object 'Object Repository/PM/Huawei-vendor/Chart' is present

2024-09-29 11:13:16 - [MESSAGE][WARNING] - Timeout '0' is invalid. Using default page load timeout: '120'

2024-09-29 11:13:16 - [MESSAGE][PASSED] - Object 'Object Repository/PM/Huawei-vendor/TopX/Table View' is present

2024-09-29 11:13:16 - [MESSAGE][PASSED] - Object: 'Object Repository/PM/Huawei-vendor/TopX/Table View' is clicked on

2024-09-29 11:13:16 - [MESSAGE][PASSED] - Object: 'Object Repository/PM/Huawei-vendor/TopX/Reordering the table view' is clicked on

2024-09-29 11:13:16 - [MESSAGE][PASSED] - Object: 'Object Repository/PM/Huawei-vendor/TopX/Table View Filter ICon' is clicked on

2024-09-29 11:13:16 - [MESSAGE][PASSED] - Object: 'Object Repository/PM/Huawei-vendor/TopX/TableView CheckBox' is clicked on

2024-09-29 11:13:17 - [MESSAGE][PASSED] - Object: 'Object Repository/PM/Huawei-vendor/TopX/Table View Resolution' is clicked on

2024-09-29 11:13:17 - [MESSAGE][PASSED] - Object: 'Object Repository/PM/Huawei-vendor/TopX/Table view Resolution Daily' is clicked on

2024-09-29 11:13:17 - [MESSAGE][PASSED] - Object: 'Object Repository/PM/Huawei-vendor/TopX/Table View Start Date' is clicked on

2024-09-29 11:13:17 - [MESSAGE][PASSED] - Keys '02/01/2024' sent to object: 'Object Repository/PM/Huawei-vendor/TopX/Table View Start Date'

2024-09-29 11:13:17 - [MESSAGE][PASSED] - Object: 'Object Repository/PM/Huawei-vendor/TopX/Table View End Date' is clicked on

2024-09-29 11:13:17 - [MESSAGE][PASSED] - Keys '02/07/2024' sent to object: 'Object Repository/PM/Huawei-vendor/TopX/Table View End Date'

2024-09-29 11:13:18 - [MESSAGE][PASSED] - Object: 'Object Repository/PM/Huawei-vendor/TopX/Table View Show on map' is clicked on

2024-09-29 11:13:18 - [MESSAGE][WARNING] - Timeout '0' is invalid. Using default page load timeout: '120'

2024-09-29 11:13:18 - [MESSAGE][PASSED] - Web element with id: 'Object Repository/PM/Huawei-vendor/Error' located by 'By.xpath: //div[@class='toast-summary title-medium-m']' is not present after '120' second(s)

2024-09-29 11:13:18 - [MESSAGE][PASSED] - Switched to window with index: '3'

2024-09-29 11:13:18 - [MESSAGE][WARNING] - Timeout '0' is invalid. Using default page load timeout: '120'

2024-09-29 11:13:29 - [MESSAGE][PASSED] - Object 'Object Repository/PM/Huawei-vendor/TopX/Map' is present

2024-09-29 11:13:29 - [MESSAGE][WARNING] - Timeout '0' is invalid. Using default page load timeout: '120'

2024-09-29 11:13:29 - [MESSAGE][PASSED] - Web element with id: 'Object Repository/PM/Huawei-vendor/Error' located by 'By.xpath: //div[@class='toast-summary title-medium-m']' is not present after '120' second(s)

2024-09-29 11:13:29 - [MESSAGE][PASSED] - Window with index 3 is closed

2024-09-29 11:13:29 - [MESSAGE][PASSED] - Switched to window with index: '2'

2024-09-29 11:13:29 - [MESSAGE][PASSED] - Object: 'Object Repository/PM/Huawei-vendor/TopX/Table view Show stats' is clicked on

2024-09-29 11:13:29 - [MESSAGE][WARNING] - Timeout '0' is invalid. Using default page load timeout: '120'

2024-09-29 11:13:29 - [MESSAGE][PASSED] - Web element with id: 'Object Repository/PM/Huawei-vendor/Error' located by 'By.xpath: //div[@class='toast-summary title-medium-m']' is not present after '120' second(s)

2024-09-29 11:13:30 - [MESSAGE][PASSED] - Switched to window with index: '3'

2024-09-29 11:13:30 - [MESSAGE][WARNING] - Timeout '0' is invalid. Using default page load timeout: '120'

2024-09-29 11:13:42 - [MESSAGE][PASSED] - Object 'Object Repository/PM/Huawei-vendor/Stats Export Chart' is present

2024-09-29 11:13:43 - [MESSAGE][PASSED] - Browser is closed

2024-09-29 11:13:43 - [MESSAGE][PASSED] - PMHwaueiTopX.TopX is PASSED

2024-09-29 11:13:43 - [TEST_STEP][PASSED] - Start tear down : tearDownTestCase: Method 'tearDownTestCase' complete successfully

2024-09-29 11:13:43 - [TEST_STEP][PASSED] - closeBrowser(): Browser is closed

2024-09-29 11:13:43 - [MESSAGE][PASSED] - Browser is closed

2024-09-29 11:13:43 - [MESSAGE][PASSED] - Method 'tearDownTestCase' complete successfully]]></system-out>
         <system-err><![CDATA[]]></system-err>
      </testcase>
      <testcase name="Test Cases/PM/Hwauei/TopX/2G TopX/XCells/TopX 2G Cell with LowX" time="73.317" classname="Test Cases/PM/Hwauei/TopX/2G TopX/XCells/TopX 2G Cell with LowX" status="PASSED">
         <system-out><![CDATA[2024-09-29 11:13:43 - [TEST_CASE][PASSED] - Test Cases/PM/Hwauei/TopX/2G TopX/XCells/TopX 2G Cell with LowX: Test Cases/PM/Hwauei/TopX/2G TopX/XCells/TopX 2G Cell with LowX

2024-09-29 11:13:43 - [TEST_STEP][PASSED] - callTestCase(findTestCase("LoginNew"), [:], STOP_ON_FAILURE): Call Test Case 'Test Cases/LoginNew' successfully

2024-09-29 11:13:44 - [TEST_CASE][PASSED] - Test Cases/LoginNew: Test Cases/LoginNew

2024-09-29 11:13:44 - [TEST_STEP][PASSED] - driver = general.start(SwagerURL, NetCellURL): general.start is PASSED

2024-09-29 11:13:44 - [MESSAGE][INFO] - >>> chromeDriverPath=C:\Users\FatimaIbeid\.katalon\packages\Katalon_Studio_Windows_64-8.6.9\Katalon_Studio_Windows_64-8.6.9\configuration\resources\drivers\chromedriver_win32\chromedriver.exe

2024-09-29 11:13:45 - [MESSAGE][PASSED] - Current window maximized

2024-09-29 11:13:46 - [MESSAGE][PASSED] - Execute JavaScript 'window.open();' successfully

2024-09-29 11:13:46 - [MESSAGE][PASSED] - Switched to window with index: '1'

2024-09-29 11:13:57 - [MESSAGE][PASSED] - general.start is PASSED

2024-09-29 11:13:57 - [TEST_STEP][PASSED] - delay(1): Delayed 1 second(s)

2024-09-29 11:13:58 - [MESSAGE][PASSED] - Delayed 1 second(s)

2024-09-29 11:13:58 - [TEST_STEP][PASSED] - sendKeys(findTestObject("Object Repository/Login/EnterEmail2"), "homam@zztjg.onmicrosoft.com"): Keys 'homam@zztjg.onmicrosoft.com' sent to object: 'Object Repository/Login/EnterEmail2'

2024-09-29 11:13:59 - [MESSAGE][PASSED] - Keys 'homam@zztjg.onmicrosoft.com' sent to object: 'Object Repository/Login/EnterEmail2'

2024-09-29 11:13:59 - [TEST_STEP][PASSED] - delay(1): Delayed 1 second(s)

2024-09-29 11:14:00 - [MESSAGE][PASSED] - Delayed 1 second(s)

2024-09-29 11:14:00 - [TEST_STEP][PASSED] - sendKeys(findTestObject("Object Repository/Login/EnterPassword2"), "P@ssw0rd"): Keys 'P@ssw0rd' sent to object: 'Object Repository/Login/EnterPassword2'

2024-09-29 11:14:00 - [MESSAGE][PASSED] - Keys 'P@ssw0rd' sent to object: 'Object Repository/Login/EnterPassword2'

2024-09-29 11:14:00 - [TEST_STEP][PASSED] - delay(1): Delayed 1 second(s)

2024-09-29 11:14:01 - [MESSAGE][PASSED] - Delayed 1 second(s)

2024-09-29 11:14:01 - [TEST_STEP][PASSED] - click(findTestObject("Object Repository/Login/LoginButton2")): Object: 'Object Repository/Login/LoginButton2' is clicked on

2024-09-29 11:14:01 - [MESSAGE][PASSED] - Object: 'Object Repository/Login/LoginButton2' is clicked on

2024-09-29 11:14:01 - [TEST_STEP][PASSED] - delay(1): Delayed 1 second(s)

2024-09-29 11:14:02 - [MESSAGE][PASSED] - Delayed 1 second(s)

2024-09-29 11:14:02 - [TEST_STEP][PASSED] - waitForElementPresent(findTestObject("Object Repository/Login/welcome To NetCell"), 0): Object 'Object Repository/Login/welcome To NetCell' is present

2024-09-29 11:14:02 - [MESSAGE][WARNING] - Timeout '0' is invalid. Using default page load timeout: '120'

2024-09-29 11:14:02 - [MESSAGE][PASSED] - Object 'Object Repository/Login/welcome To NetCell' is present

2024-09-29 11:14:02 - [MESSAGE][PASSED] - Call Test Case 'Test Cases/LoginNew' successfully

2024-09-29 11:14:02 - [TEST_STEP][PASSED] - switchToWindowIndex(1): Switched to window with index: '1'

2024-09-29 11:14:02 - [MESSAGE][PASSED] - Switched to window with index: '1'

2024-09-29 11:14:02 - [TEST_STEP][PASSED] - PMHwaueiTopX.TopX("2G", "Cell", true, "Hourly", true, null): PMHwaueiTopX.TopX is PASSED

2024-09-29 11:14:02 - [MESSAGE][PASSED] - Object: 'Object Repository/PM/PM-Button' is clicked on

2024-09-29 11:14:03 - [MESSAGE][PASSED] - Switched to window with index: '2'

2024-09-29 11:14:03 - [MESSAGE][PASSED] - Object: 'Object Repository/PM/Huawei-vendor/Data-view/TopX' is clicked on

2024-09-29 11:14:03 - [MESSAGE][PASSED] - Object: 'Object Repository/PM/Huawei-vendor/Technology/Technology-Arrow' is clicked on

2024-09-29 11:14:03 - [MESSAGE][PASSED] - Object: 'Object Repository/PM/Huawei-vendor/Technology/2G' is clicked on

2024-09-29 11:14:04 - [MESSAGE][PASSED] - Object: 'Object Repository/PM/Huawei-vendor/TopX/TopX Object Type' is clicked on

2024-09-29 11:14:05 - [MESSAGE][PASSED] - Delayed 1 second(s)

2024-09-29 11:14:05 - [MESSAGE][PASSED] - Object: 'Object Repository/PM/Huawei-vendor/Object-Type/TopX Object Types/TopX Cells/TopX Cell' is clicked on

2024-09-29 11:14:06 - [MESSAGE][PASSED] - Delayed 1 second(s)

2024-09-29 11:14:06 - [MESSAGE][WARNING] - Timeout '0' is invalid. Using default page load timeout: '120'

2024-09-29 11:14:06 - [MESSAGE][PASSED] - Scroll to object 'Object Repository/PM/Huawei-vendor/Object Border' successfully

2024-09-29 11:14:06 - [MESSAGE][PASSED] - Object: 'Object Repository/PM/Huawei-vendor/Object-Type/TopX Object Types/TopX Sites/TopX East Amman Arrow' is clicked on

2024-09-29 11:14:07 - [MESSAGE][PASSED] - Object: 'Object Repository/PM/Huawei-vendor/Object-Type/TopX Object Types/TopX Cells/TopX East Amman Site1 Arrow' is clicked on

2024-09-29 11:14:09 - [MESSAGE][PASSED] - Delayed 2 second(s)

2024-09-29 11:14:09 - [MESSAGE][PASSED] - Object: 'Object Repository/PM/Huawei-vendor/Object-Type/TopX Object Types/TopX Cells/TopX East Amman Site1 Cell1' is clicked on

2024-09-29 11:14:10 - [MESSAGE][PASSED] - Object: 'Object Repository/PM/Huawei-vendor/Object-Type/TopX Object Types/TopX Sites/TopX East Amman CloseArrow' is clicked on

2024-09-29 11:14:10 - [MESSAGE][PASSED] - Object: 'Object Repository/PM/Huawei-vendor/Object-Type/TopX Object Types/TopX Sites/TopX West Amman Arrow' is clicked on

2024-09-29 11:14:11 - [MESSAGE][PASSED] - Object: 'Object Repository/PM/Huawei-vendor/Object-Type/TopX Object Types/TopX Cells/TopX West Amman Site1 Arrow' is clicked on

2024-09-29 11:14:11 - [MESSAGE][PASSED] - Object: 'Object Repository/PM/Huawei-vendor/Object-Type/TopX Object Types/TopX Cells/TopX West Amman Site1 Cell1' is clicked on

2024-09-29 11:14:12 - [MESSAGE][PASSED] - Object: 'Object Repository/PM/Huawei-vendor/Object-Type/TopX Object Types/TopX Sites/TopX West Amman CloseArrow' is clicked on

2024-09-29 11:14:12 - [MESSAGE][PASSED] - Object: 'Object Repository/PM/Huawei-vendor/Object-Type/TopX Object Types/TopX Sites/TopX South Amman Arrow' is clicked on

2024-09-29 11:14:13 - [MESSAGE][PASSED] - Object: 'Object Repository/PM/Huawei-vendor/Object-Type/TopX Object Types/TopX Cells/TopX South Amman Site1 Arrow' is clicked on

2024-09-29 11:14:13 - [MESSAGE][PASSED] - Object: 'Object Repository/PM/Huawei-vendor/Object-Type/TopX Object Types/TopX Cells/TopX South Amman Site1 Cell1' is clicked on

2024-09-29 11:14:14 - [MESSAGE][PASSED] - Object: 'Object Repository/PM/Huawei-vendor/Object-Type/TopX Object Types/TopX Sites/TopX South Amman CloseArrow' is clicked on

2024-09-29 11:14:14 - [MESSAGE][PASSED] - Object: 'Object Repository/PM/Huawei-vendor/Object-Type/TopX Object Types/TopX Sites/TopX East Jordan Arrow' is clicked on

2024-09-29 11:14:15 - [MESSAGE][PASSED] - Object: 'Object Repository/PM/Huawei-vendor/Object-Type/TopX Object Types/TopX Cells/TopX East Jordan Site1 Arrow' is clicked on

2024-09-29 11:14:15 - [MESSAGE][PASSED] - Object: 'Object Repository/PM/Huawei-vendor/Object-Type/TopX Object Types/TopX Cells/TopX East Jordan Site1 Cell1' is clicked on

2024-09-29 11:14:15 - [MESSAGE][PASSED] - Object: 'Object Repository/PM/Huawei-vendor/Object-Type/TopX Object Types/TopX Sites/TopX East Jordan CloseArrow' is clicked on

2024-09-29 11:14:15 - [MESSAGE][PASSED] - Object: 'Object Repository/PM/Huawei-vendor/Object-Type/TopX Object Types/TopX Sites/TopX North Jordan Arrow' is clicked on

2024-09-29 11:14:17 - [MESSAGE][PASSED] - Object: 'Object Repository/PM/Huawei-vendor/Object-Type/TopX Object Types/TopX Cells/TopX North Jordan Site1 Arrow' is clicked on

2024-09-29 11:14:17 - [MESSAGE][PASSED] - Object: 'Object Repository/PM/Huawei-vendor/Object-Type/TopX Object Types/TopX Cells/TopX North Jordan Site1 Cell1' is clicked on

2024-09-29 11:14:17 - [MESSAGE][PASSED] - Object: 'Object Repository/PM/Huawei-vendor/Object-Type/TopX Object Types/TopX Sites/TopX North Jordan CloseArrow' is clicked on

2024-09-29 11:14:18 - [MESSAGE][PASSED] - Object: 'Object Repository/PM/Huawei-vendor/Object-Type/TopX Object Types/TopX Sites/TopX South Jordan Arrow' is clicked on

2024-09-29 11:14:18 - [MESSAGE][PASSED] - Object: 'Object Repository/PM/Huawei-vendor/Object-Type/TopX Object Types/TopX Cells/TopX South Jordan Site1 Arrow' is clicked on

2024-09-29 11:14:19 - [MESSAGE][PASSED] - Object: 'Object Repository/PM/Huawei-vendor/Object-Type/TopX Object Types/TopX Cells/TopX South Jordan Site1 Cell1' is clicked on

2024-09-29 11:14:19 - [MESSAGE][PASSED] - Object: 'Object Repository/PM/Huawei-vendor/Object-Type/TopX Object Types/TopX Sites/TopX South Jordan CloseArrow' is clicked on

2024-09-29 11:14:19 - [MESSAGE][PASSED] - Object: 'Object Repository/PM/Huawei-vendor/Object-Type/TopX Object Types/TopX Sites/TopX Others Arrow' is clicked on

2024-09-29 11:14:20 - [MESSAGE][PASSED] - Object: 'Object Repository/PM/Huawei-vendor/Object-Type/TopX Object Types/TopX Cells/TopX Others Site1 Arrow' is clicked on

2024-09-29 11:14:20 - [MESSAGE][PASSED] - Object: 'Object Repository/PM/Huawei-vendor/Object-Type/TopX Object Types/TopX Cells/TopX Others Site1 Cell1' is clicked on

2024-09-29 11:14:20 - [MESSAGE][PASSED] - Object: 'Object Repository/PM/Huawei-vendor/Object-Type/TopX Object Types/TopX Sites/TopX Others CloseArrow' is clicked on

2024-09-29 11:14:20 - [MESSAGE][WARNING] - Timeout '0' is invalid. Using default page load timeout: '120'

2024-09-29 11:14:20 - [MESSAGE][PASSED] - Scroll to object 'Object Repository/PM/Huawei-vendor/LowXlabel' successfully

2024-09-29 11:14:20 - [MESSAGE][PASSED] - Object: 'Object Repository/PM/Huawei-vendor/TopX/TopXDate/BeforeDate' is clicked on

2024-09-29 11:14:21 - [MESSAGE][PASSED] - Delayed 1 second(s)

2024-09-29 11:14:22 - [MESSAGE][PASSED] - Object: 'Object Repository/PM/Huawei-vendor/TopX/TopXDate/Choose Month' is clicked on

2024-09-29 11:14:23 - [MESSAGE][PASSED] - Delayed 1 second(s)

2024-09-29 11:14:23 - [MESSAGE][PASSED] - Object: 'Object Repository/PM/Huawei-vendor/TopX/TopXDate/Feb' is clicked on

2024-09-29 11:14:23 - [MESSAGE][PASSED] - Object: 'Object Repository/PM/Huawei-vendor/TopX/TopXDate/Day 1' is clicked on

2024-09-29 11:14:23 - [MESSAGE][PASSED] - Object: 'Object Repository/PM/Huawei-vendor/TopX/TopXDate/Button OK' is clicked on

2024-09-29 11:14:24 - [MESSAGE][PASSED] - Object: 'Object Repository/PM/Huawei-vendor/TopX/TopXDate/After Date' is clicked on

2024-09-29 11:14:25 - [MESSAGE][PASSED] - Delayed 1 second(s)

2024-09-29 11:14:25 - [MESSAGE][PASSED] - Object: 'Object Repository/PM/Huawei-vendor/TopX/TopXDate/Choose Month' is clicked on

2024-09-29 11:14:26 - [MESSAGE][PASSED] - Delayed 1 second(s)

2024-09-29 11:14:26 - [MESSAGE][PASSED] - Object: 'Object Repository/PM/Huawei-vendor/TopX/TopXDate/Feb' is clicked on

2024-09-29 11:14:26 - [MESSAGE][PASSED] - Object: 'Object Repository/PM/Huawei-vendor/TopX/TopXDate/Day 7' is clicked on

2024-09-29 11:14:26 - [MESSAGE][PASSED] - Object: 'Object Repository/PM/Huawei-vendor/TopX/TopXDate/Button OK' is clicked on

2024-09-29 11:14:27 - [MESSAGE][PASSED] - Object: 'Object Repository/PM/Huawei-vendor/LowXCheckBox' is clicked on

2024-09-29 11:14:27 - [MESSAGE][PASSED] - Object: 'Object Repository/PM/Huawei-vendor/Apply-Button' is clicked on

2024-09-29 11:14:27 - [MESSAGE][WARNING] - Timeout '0' is invalid. Using default page load timeout: '120'

2024-09-29 11:14:27 - [MESSAGE][PASSED] - Web element with id: 'Object Repository/PM/Huawei-vendor/Error' located by 'By.xpath: //div[@class='toast-summary title-medium-m']' is not present after '120' second(s)

2024-09-29 11:14:27 - [MESSAGE][WARNING] - Timeout '0' is invalid. Using default page load timeout: '120'

2024-09-29 11:14:28 - [MESSAGE][PASSED] - Object 'Object Repository/PM/Huawei-vendor/Chart' is present

2024-09-29 11:14:28 - [MESSAGE][WARNING] - Timeout '0' is invalid. Using default page load timeout: '120'

2024-09-29 11:14:28 - [MESSAGE][PASSED] - Object 'Object Repository/PM/Huawei-vendor/TopX/Table View' is present

2024-09-29 11:14:28 - [MESSAGE][PASSED] - Object: 'Object Repository/PM/Huawei-vendor/TopX/Table View' is clicked on

2024-09-29 11:14:28 - [MESSAGE][PASSED] - Object: 'Object Repository/PM/Huawei-vendor/TopX/Reordering the table view' is clicked on

2024-09-29 11:14:28 - [MESSAGE][PASSED] - Object: 'Object Repository/PM/Huawei-vendor/TopX/Table View Filter ICon' is clicked on

2024-09-29 11:14:29 - [MESSAGE][PASSED] - Object: 'Object Repository/PM/Huawei-vendor/TopX/TableView CheckBox' is clicked on

2024-09-29 11:14:29 - [MESSAGE][PASSED] - Object: 'Object Repository/PM/Huawei-vendor/TopX/Table View Resolution' is clicked on

2024-09-29 11:14:29 - [MESSAGE][PASSED] - Object: 'Object Repository/PM/Huawei-vendor/TopX/Table view Resolution Hourly' is clicked on

2024-09-29 11:14:29 - [MESSAGE][PASSED] - Object: 'Object Repository/PM/Huawei-vendor/TopX/Table View Start Date' is clicked on

2024-09-29 11:14:30 - [MESSAGE][PASSED] - Keys '02/01/2024' sent to object: 'Object Repository/PM/Huawei-vendor/TopX/Table View Start Date'

2024-09-29 11:14:30 - [MESSAGE][PASSED] - Object: 'Object Repository/PM/Huawei-vendor/TopX/Table View End Date' is clicked on

2024-09-29 11:14:30 - [MESSAGE][PASSED] - Keys '02/07/2024' sent to object: 'Object Repository/PM/Huawei-vendor/TopX/Table View End Date'

2024-09-29 11:14:30 - [MESSAGE][PASSED] - Object: 'Object Repository/PM/Huawei-vendor/TopX/Table View Show on map' is clicked on

2024-09-29 11:14:30 - [MESSAGE][WARNING] - Timeout '0' is invalid. Using default page load timeout: '120'

2024-09-29 11:14:30 - [MESSAGE][PASSED] - Web element with id: 'Object Repository/PM/Huawei-vendor/Error' located by 'By.xpath: //div[@class='toast-summary title-medium-m']' is not present after '120' second(s)

2024-09-29 11:14:31 - [MESSAGE][PASSED] - Switched to window with index: '3'

2024-09-29 11:14:31 - [MESSAGE][WARNING] - Timeout '0' is invalid. Using default page load timeout: '120'

2024-09-29 11:14:42 - [MESSAGE][PASSED] - Object 'Object Repository/PM/Huawei-vendor/TopX/Map' is present

2024-09-29 11:14:42 - [MESSAGE][WARNING] - Timeout '0' is invalid. Using default page load timeout: '120'

2024-09-29 11:14:42 - [MESSAGE][PASSED] - Web element with id: 'Object Repository/PM/Huawei-vendor/Error' located by 'By.xpath: //div[@class='toast-summary title-medium-m']' is not present after '120' second(s)

2024-09-29 11:14:42 - [MESSAGE][PASSED] - Window with index 3 is closed

2024-09-29 11:14:42 - [MESSAGE][PASSED] - Switched to window with index: '2'

2024-09-29 11:14:43 - [MESSAGE][PASSED] - Object: 'Object Repository/PM/Huawei-vendor/TopX/Table view Show stats' is clicked on

2024-09-29 11:14:43 - [MESSAGE][WARNING] - Timeout '0' is invalid. Using default page load timeout: '120'

2024-09-29 11:14:43 - [MESSAGE][PASSED] - Web element with id: 'Object Repository/PM/Huawei-vendor/Error' located by 'By.xpath: //div[@class='toast-summary title-medium-m']' is not present after '120' second(s)

2024-09-29 11:14:43 - [MESSAGE][PASSED] - Switched to window with index: '3'

2024-09-29 11:14:43 - [MESSAGE][WARNING] - Timeout '0' is invalid. Using default page load timeout: '120'

2024-09-29 11:14:55 - [MESSAGE][PASSED] - Object 'Object Repository/PM/Huawei-vendor/Stats Export Chart' is present

2024-09-29 11:14:56 - [MESSAGE][PASSED] - Browser is closed

2024-09-29 11:14:56 - [MESSAGE][PASSED] - PMHwaueiTopX.TopX is PASSED

2024-09-29 11:14:56 - [TEST_STEP][PASSED] - Start tear down : tearDownTestCase: Method 'tearDownTestCase' complete successfully

2024-09-29 11:14:56 - [TEST_STEP][PASSED] - closeBrowser(): Browser is closed

2024-09-29 11:14:56 - [MESSAGE][PASSED] - Browser is closed

2024-09-29 11:14:56 - [MESSAGE][PASSED] - Method 'tearDownTestCase' complete successfully]]></system-out>
         <system-err><![CDATA[]]></system-err>
      </testcase>
      <testcase name="Test Cases/PM/Hwauei/TopX/2G TopX/XCells/TopX 2G Cell Daily" time="61.132" classname="Test Cases/PM/Hwauei/TopX/2G TopX/XCells/TopX 2G Cell Daily" status="PASSED">
         <system-out><![CDATA[2024-09-29 11:14:57 - [TEST_CASE][PASSED] - Test Cases/PM/Hwauei/TopX/2G TopX/XCells/TopX 2G Cell Daily: Test Cases/PM/Hwauei/TopX/2G TopX/XCells/TopX 2G Cell Daily

2024-09-29 11:14:57 - [TEST_STEP][PASSED] - callTestCase(findTestCase("LoginNew"), [:], STOP_ON_FAILURE): Call Test Case 'Test Cases/LoginNew' successfully

2024-09-29 11:14:57 - [TEST_CASE][PASSED] - Test Cases/LoginNew: Test Cases/LoginNew

2024-09-29 11:14:57 - [TEST_STEP][PASSED] - driver = general.start(SwagerURL, NetCellURL): general.start is PASSED

2024-09-29 11:14:57 - [MESSAGE][INFO] - >>> chromeDriverPath=C:\Users\FatimaIbeid\.katalon\packages\Katalon_Studio_Windows_64-8.6.9\Katalon_Studio_Windows_64-8.6.9\configuration\resources\drivers\chromedriver_win32\chromedriver.exe

2024-09-29 11:14:59 - [MESSAGE][PASSED] - Current window maximized

2024-09-29 11:14:59 - [MESSAGE][PASSED] - Execute JavaScript 'window.open();' successfully

2024-09-29 11:14:59 - [MESSAGE][PASSED] - Switched to window with index: '1'

2024-09-29 11:15:12 - [MESSAGE][PASSED] - general.start is PASSED

2024-09-29 11:15:12 - [TEST_STEP][PASSED] - delay(1): Delayed 1 second(s)

2024-09-29 11:15:13 - [MESSAGE][PASSED] - Delayed 1 second(s)

2024-09-29 11:15:13 - [TEST_STEP][PASSED] - sendKeys(findTestObject("Object Repository/Login/EnterEmail2"), "homam@zztjg.onmicrosoft.com"): Keys 'homam@zztjg.onmicrosoft.com' sent to object: 'Object Repository/Login/EnterEmail2'

2024-09-29 11:15:13 - [MESSAGE][PASSED] - Keys 'homam@zztjg.onmicrosoft.com' sent to object: 'Object Repository/Login/EnterEmail2'

2024-09-29 11:15:13 - [TEST_STEP][PASSED] - delay(1): Delayed 1 second(s)

2024-09-29 11:15:14 - [MESSAGE][PASSED] - Delayed 1 second(s)

2024-09-29 11:15:14 - [TEST_STEP][PASSED] - sendKeys(findTestObject("Object Repository/Login/EnterPassword2"), "P@ssw0rd"): Keys 'P@ssw0rd' sent to object: 'Object Repository/Login/EnterPassword2'

2024-09-29 11:15:14 - [MESSAGE][PASSED] - Keys 'P@ssw0rd' sent to object: 'Object Repository/Login/EnterPassword2'

2024-09-29 11:15:14 - [TEST_STEP][PASSED] - delay(1): Delayed 1 second(s)

2024-09-29 11:15:15 - [MESSAGE][PASSED] - Delayed 1 second(s)

2024-09-29 11:15:15 - [TEST_STEP][PASSED] - click(findTestObject("Object Repository/Login/LoginButton2")): Object: 'Object Repository/Login/LoginButton2' is clicked on

2024-09-29 11:15:15 - [MESSAGE][PASSED] - Object: 'Object Repository/Login/LoginButton2' is clicked on

2024-09-29 11:15:15 - [TEST_STEP][PASSED] - delay(1): Delayed 1 second(s)

2024-09-29 11:15:16 - [MESSAGE][PASSED] - Delayed 1 second(s)

2024-09-29 11:15:16 - [TEST_STEP][PASSED] - waitForElementPresent(findTestObject("Object Repository/Login/welcome To NetCell"), 0): Object 'Object Repository/Login/welcome To NetCell' is present

2024-09-29 11:15:17 - [MESSAGE][WARNING] - Timeout '0' is invalid. Using default page load timeout: '120'

2024-09-29 11:15:17 - [MESSAGE][PASSED] - Object 'Object Repository/Login/welcome To NetCell' is present

2024-09-29 11:15:17 - [MESSAGE][PASSED] - Call Test Case 'Test Cases/LoginNew' successfully

2024-09-29 11:15:17 - [TEST_STEP][PASSED] - switchToWindowIndex(1): Switched to window with index: '1'

2024-09-29 11:15:17 - [MESSAGE][PASSED] - Switched to window with index: '1'

2024-09-29 11:15:17 - [TEST_STEP][PASSED] - PMHwaueiTopX.TopX("2G", "Cell", false, "Daily", false, null): PMHwaueiTopX.TopX is PASSED

2024-09-29 11:15:17 - [MESSAGE][PASSED] - Object: 'Object Repository/PM/PM-Button' is clicked on

2024-09-29 11:15:17 - [MESSAGE][PASSED] - Switched to window with index: '2'

2024-09-29 11:15:18 - [MESSAGE][PASSED] - Object: 'Object Repository/PM/Huawei-vendor/Data-view/TopX' is clicked on

2024-09-29 11:15:18 - [MESSAGE][PASSED] - Object: 'Object Repository/PM/Huawei-vendor/Technology/Technology-Arrow' is clicked on

2024-09-29 11:15:19 - [MESSAGE][PASSED] - Object: 'Object Repository/PM/Huawei-vendor/Technology/2G' is clicked on

2024-09-29 11:15:19 - [MESSAGE][PASSED] - Object: 'Object Repository/PM/Huawei-vendor/TopX/TopX Object Type' is clicked on

2024-09-29 11:15:20 - [MESSAGE][PASSED] - Delayed 1 second(s)

2024-09-29 11:15:20 - [MESSAGE][PASSED] - Object: 'Object Repository/PM/Huawei-vendor/Object-Type/TopX Object Types/TopX Cells/TopX Cell' is clicked on

2024-09-29 11:15:21 - [MESSAGE][PASSED] - Delayed 1 second(s)

2024-09-29 11:15:21 - [MESSAGE][WARNING] - Timeout '0' is invalid. Using default page load timeout: '120'

2024-09-29 11:15:21 - [MESSAGE][PASSED] - Scroll to object 'Object Repository/PM/Huawei-vendor/Object Border' successfully

2024-09-29 11:15:22 - [MESSAGE][PASSED] - Object: 'Object Repository/PM/Huawei-vendor/Object-Type/TopX Object Types/TopX Sites/TopX East Amman Arrow' is clicked on

2024-09-29 11:15:23 - [MESSAGE][PASSED] - Object: 'Object Repository/PM/Huawei-vendor/Object-Type/TopX Object Types/TopX Cells/TopX East Amman Site1 Arrow' is clicked on

2024-09-29 11:15:24 - [MESSAGE][PASSED] - Delayed 1 second(s)

2024-09-29 11:15:24 - [MESSAGE][PASSED] - Object: 'Object Repository/PM/Huawei-vendor/Object-Type/TopX Object Types/TopX Cells/TopX East Amman Site1 Cell1' is clicked on

2024-09-29 11:15:24 - [MESSAGE][PASSED] - Object: 'Object Repository/PM/Huawei-vendor/Object-Type/TopX Object Types/TopX Sites/TopX East Amman CloseArrow' is clicked on

2024-09-29 11:15:24 - [MESSAGE][PASSED] - Object: 'Object Repository/PM/Huawei-vendor/Object-Type/TopX Object Types/TopX Sites/TopX West Amman Arrow' is clicked on

2024-09-29 11:15:26 - [MESSAGE][PASSED] - Object: 'Object Repository/PM/Huawei-vendor/Object-Type/TopX Object Types/TopX Cells/TopX West Amman Site1 Arrow' is clicked on

2024-09-29 11:15:26 - [MESSAGE][PASSED] - Object: 'Object Repository/PM/Huawei-vendor/Object-Type/TopX Object Types/TopX Cells/TopX West Amman Site1 Cell1' is clicked on

2024-09-29 11:15:27 - [MESSAGE][PASSED] - Object: 'Object Repository/PM/Huawei-vendor/Object-Type/TopX Object Types/TopX Sites/TopX West Amman CloseArrow' is clicked on

2024-09-29 11:15:27 - [MESSAGE][PASSED] - Object: 'Object Repository/PM/Huawei-vendor/Object-Type/TopX Object Types/TopX Sites/TopX North Jordan Arrow' is clicked on

2024-09-29 11:15:29 - [MESSAGE][PASSED] - Object: 'Object Repository/PM/Huawei-vendor/Object-Type/TopX Object Types/TopX Cells/TopX North Jordan Site1 Arrow' is clicked on

2024-09-29 11:15:29 - [MESSAGE][PASSED] - Object: 'Object Repository/PM/Huawei-vendor/Object-Type/TopX Object Types/TopX Cells/TopX North Jordan Site1 Cell1' is clicked on

2024-09-29 11:15:29 - [MESSAGE][PASSED] - Object: 'Object Repository/PM/Huawei-vendor/Object-Type/TopX Object Types/TopX Sites/TopX North Jordan CloseArrow' is clicked on

2024-09-29 11:15:30 - [MESSAGE][PASSED] - Object: 'Object Repository/PM/Huawei-vendor/Object-Type/TopX Object Types/TopX Sites/TopX South Jordan Arrow' is clicked on

2024-09-29 11:15:31 - [MESSAGE][PASSED] - Object: 'Object Repository/PM/Huawei-vendor/Object-Type/TopX Object Types/TopX Cells/TopX South Jordan Site1 Arrow' is clicked on

2024-09-29 11:15:31 - [MESSAGE][PASSED] - Object: 'Object Repository/PM/Huawei-vendor/Object-Type/TopX Object Types/TopX Cells/TopX South Jordan Site1 Cell1' is clicked on

2024-09-29 11:15:31 - [MESSAGE][PASSED] - Object: 'Object Repository/PM/Huawei-vendor/Object-Type/TopX Object Types/TopX Sites/TopX South Jordan CloseArrow' is clicked on

2024-09-29 11:15:31 - [MESSAGE][WARNING] - Timeout '0' is invalid. Using default page load timeout: '120'

2024-09-29 11:15:31 - [MESSAGE][PASSED] - Scroll to object 'Object Repository/PM/Huawei-vendor/LowXlabel' successfully

2024-09-29 11:15:32 - [MESSAGE][PASSED] - Object: 'Object Repository/PM/Huawei-vendor/Resolution Temp/Select Resolution temp' is clicked on

2024-09-29 11:15:32 - [MESSAGE][PASSED] - Object: 'Object Repository/PM/Huawei-vendor/Resolution Temp/Resolution Temp Daily' is clicked on

2024-09-29 11:15:32 - [MESSAGE][PASSED] - Object: 'Object Repository/PM/Huawei-vendor/TopX/TopXDate/BeforeDate' is clicked on

2024-09-29 11:15:33 - [MESSAGE][PASSED] - Delayed 1 second(s)

2024-09-29 11:15:34 - [MESSAGE][PASSED] - Object: 'Object Repository/PM/Huawei-vendor/TopX/TopXDate/Choose Month' is clicked on

2024-09-29 11:15:35 - [MESSAGE][PASSED] - Delayed 1 second(s)

2024-09-29 11:15:35 - [MESSAGE][PASSED] - Object: 'Object Repository/PM/Huawei-vendor/TopX/TopXDate/Feb' is clicked on

2024-09-29 11:15:35 - [MESSAGE][PASSED] - Object: 'Object Repository/PM/Huawei-vendor/TopX/TopXDate/Day 1' is clicked on

2024-09-29 11:15:35 - [MESSAGE][PASSED] - Object: 'Object Repository/PM/Huawei-vendor/TopX/TopXDate/Button OK' is clicked on

2024-09-29 11:15:36 - [MESSAGE][PASSED] - Object: 'Object Repository/PM/Huawei-vendor/TopX/TopXDate/After Date' is clicked on

2024-09-29 11:15:37 - [MESSAGE][PASSED] - Delayed 1 second(s)

2024-09-29 11:15:37 - [MESSAGE][PASSED] - Object: 'Object Repository/PM/Huawei-vendor/TopX/TopXDate/Choose Month' is clicked on

2024-09-29 11:15:38 - [MESSAGE][PASSED] - Delayed 1 second(s)

2024-09-29 11:15:38 - [MESSAGE][PASSED] - Object: 'Object Repository/PM/Huawei-vendor/TopX/TopXDate/Feb' is clicked on

2024-09-29 11:15:38 - [MESSAGE][PASSED] - Object: 'Object Repository/PM/Huawei-vendor/TopX/TopXDate/Day 7' is clicked on

2024-09-29 11:15:39 - [MESSAGE][PASSED] - Object: 'Object Repository/PM/Huawei-vendor/TopX/TopXDate/Button OK' is clicked on

2024-09-29 11:15:39 - [MESSAGE][PASSED] - Object: 'Object Repository/PM/Huawei-vendor/Apply-Button' is clicked on

2024-09-29 11:15:39 - [MESSAGE][WARNING] - Timeout '0' is invalid. Using default page load timeout: '120'

2024-09-29 11:15:39 - [MESSAGE][PASSED] - Web element with id: 'Object Repository/PM/Huawei-vendor/Error' located by 'By.xpath: //div[@class='toast-summary title-medium-m']' is not present after '120' second(s)

2024-09-29 11:15:39 - [MESSAGE][WARNING] - Timeout '0' is invalid. Using default page load timeout: '120'

2024-09-29 11:15:40 - [MESSAGE][PASSED] - Object 'Object Repository/PM/Huawei-vendor/Chart' is present

2024-09-29 11:15:40 - [MESSAGE][WARNING] - Timeout '0' is invalid. Using default page load timeout: '120'

2024-09-29 11:15:40 - [MESSAGE][PASSED] - Object 'Object Repository/PM/Huawei-vendor/TopX/Table View' is present

2024-09-29 11:15:40 - [MESSAGE][PASSED] - Object: 'Object Repository/PM/Huawei-vendor/TopX/Table View' is clicked on

2024-09-29 11:15:40 - [MESSAGE][PASSED] - Object: 'Object Repository/PM/Huawei-vendor/TopX/Reordering the table view' is clicked on

2024-09-29 11:15:40 - [MESSAGE][PASSED] - Object: 'Object Repository/PM/Huawei-vendor/TopX/Table View Filter ICon' is clicked on

2024-09-29 11:15:41 - [MESSAGE][PASSED] - Object: 'Object Repository/PM/Huawei-vendor/TopX/TableView CheckBox' is clicked on

2024-09-29 11:15:41 - [MESSAGE][PASSED] - Object: 'Object Repository/PM/Huawei-vendor/TopX/Table View Resolution' is clicked on

2024-09-29 11:15:41 - [MESSAGE][PASSED] - Object: 'Object Repository/PM/Huawei-vendor/TopX/Table view Resolution Hourly' is clicked on

2024-09-29 11:15:41 - [MESSAGE][PASSED] - Object: 'Object Repository/PM/Huawei-vendor/TopX/Table View Start Date' is clicked on

2024-09-29 11:15:41 - [MESSAGE][PASSED] - Keys '02/01/2024' sent to object: 'Object Repository/PM/Huawei-vendor/TopX/Table View Start Date'

2024-09-29 11:15:42 - [MESSAGE][PASSED] - Object: 'Object Repository/PM/Huawei-vendor/TopX/Table View End Date' is clicked on

2024-09-29 11:15:42 - [MESSAGE][PASSED] - Keys '02/07/2024' sent to object: 'Object Repository/PM/Huawei-vendor/TopX/Table View End Date'

2024-09-29 11:15:42 - [MESSAGE][PASSED] - Object: 'Object Repository/PM/Huawei-vendor/TopX/Table View Show on map' is clicked on

2024-09-29 11:15:42 - [MESSAGE][WARNING] - Timeout '0' is invalid. Using default page load timeout: '120'

2024-09-29 11:15:42 - [MESSAGE][PASSED] - Web element with id: 'Object Repository/PM/Huawei-vendor/Error' located by 'By.xpath: //div[@class='toast-summary title-medium-m']' is not present after '120' second(s)

2024-09-29 11:15:43 - [MESSAGE][PASSED] - Switched to window with index: '3'

2024-09-29 11:15:43 - [MESSAGE][WARNING] - Timeout '0' is invalid. Using default page load timeout: '120'

2024-09-29 11:15:54 - [MESSAGE][PASSED] - Object 'Object Repository/PM/Huawei-vendor/TopX/Map' is present

2024-09-29 11:15:54 - [MESSAGE][WARNING] - Timeout '0' is invalid. Using default page load timeout: '120'

2024-09-29 11:15:54 - [MESSAGE][PASSED] - Web element with id: 'Object Repository/PM/Huawei-vendor/Error' located by 'By.xpath: //div[@class='toast-summary title-medium-m']' is not present after '120' second(s)

2024-09-29 11:15:54 - [MESSAGE][PASSED] - Window with index 3 is closed

2024-09-29 11:15:54 - [MESSAGE][PASSED] - Switched to window with index: '2'

2024-09-29 11:15:54 - [MESSAGE][PASSED] - Object: 'Object Repository/PM/Huawei-vendor/TopX/Table view Show stats' is clicked on

2024-09-29 11:15:55 - [MESSAGE][WARNING] - Timeout '0' is invalid. Using default page load timeout: '120'

2024-09-29 11:15:55 - [MESSAGE][PASSED] - Web element with id: 'Object Repository/PM/Huawei-vendor/Error' located by 'By.xpath: //div[@class='toast-summary title-medium-m']' is not present after '120' second(s)

2024-09-29 11:15:55 - [MESSAGE][PASSED] - Switched to window with index: '3'

2024-09-29 11:15:55 - [MESSAGE][WARNING] - Timeout '0' is invalid. Using default page load timeout: '120'

2024-09-29 11:15:57 - [MESSAGE][PASSED] - Object 'Object Repository/PM/Huawei-vendor/Stats Export Chart' is present

2024-09-29 11:15:58 - [MESSAGE][PASSED] - Browser is closed

2024-09-29 11:15:58 - [MESSAGE][PASSED] - PMHwaueiTopX.TopX is PASSED

2024-09-29 11:15:58 - [TEST_STEP][PASSED] - Start tear down : tearDownTestCase: Method 'tearDownTestCase' complete successfully

2024-09-29 11:15:58 - [TEST_STEP][PASSED] - closeBrowser(): Browser is closed

2024-09-29 11:15:58 - [MESSAGE][PASSED] - Browser is closed

2024-09-29 11:15:58 - [MESSAGE][PASSED] - Method 'tearDownTestCase' complete successfully]]></system-out>
         <system-err><![CDATA[]]></system-err>
      </testcase>
      <testcase name="Test Cases/PM/Hwauei/TopX/2G TopX/XCells/TopX 2G Cell DailyBH" time="81.534" classname="Test Cases/PM/Hwauei/TopX/2G TopX/XCells/TopX 2G Cell DailyBH" status="PASSED">
         <system-out><![CDATA[2024-09-29 11:15:58 - [TEST_CASE][PASSED] - Test Cases/PM/Hwauei/TopX/2G TopX/XCells/TopX 2G Cell DailyBH: Test Cases/PM/Hwauei/TopX/2G TopX/XCells/TopX 2G Cell DailyBH

2024-09-29 11:15:58 - [TEST_STEP][PASSED] - callTestCase(findTestCase("LoginNew"), [:], STOP_ON_FAILURE): Call Test Case 'Test Cases/LoginNew' successfully

2024-09-29 11:15:58 - [TEST_CASE][PASSED] - Test Cases/LoginNew: Test Cases/LoginNew

2024-09-29 11:15:58 - [TEST_STEP][PASSED] - driver = general.start(SwagerURL, NetCellURL): general.start is PASSED

2024-09-29 11:15:58 - [MESSAGE][INFO] - >>> chromeDriverPath=C:\Users\FatimaIbeid\.katalon\packages\Katalon_Studio_Windows_64-8.6.9\Katalon_Studio_Windows_64-8.6.9\configuration\resources\drivers\chromedriver_win32\chromedriver.exe

2024-09-29 11:16:00 - [MESSAGE][PASSED] - Current window maximized

2024-09-29 11:16:01 - [MESSAGE][PASSED] - Execute JavaScript 'window.open();' successfully

2024-09-29 11:16:01 - [MESSAGE][PASSED] - Switched to window with index: '1'

2024-09-29 11:16:12 - [MESSAGE][PASSED] - general.start is PASSED

2024-09-29 11:16:12 - [TEST_STEP][PASSED] - delay(1): Delayed 1 second(s)

2024-09-29 11:16:13 - [MESSAGE][PASSED] - Delayed 1 second(s)

2024-09-29 11:16:13 - [TEST_STEP][PASSED] - sendKeys(findTestObject("Object Repository/Login/EnterEmail2"), "homam@zztjg.onmicrosoft.com"): Keys 'homam@zztjg.onmicrosoft.com' sent to object: 'Object Repository/Login/EnterEmail2'

2024-09-29 11:16:13 - [MESSAGE][PASSED] - Keys 'homam@zztjg.onmicrosoft.com' sent to object: 'Object Repository/Login/EnterEmail2'

2024-09-29 11:16:13 - [TEST_STEP][PASSED] - delay(1): Delayed 1 second(s)

2024-09-29 11:16:14 - [MESSAGE][PASSED] - Delayed 1 second(s)

2024-09-29 11:16:14 - [TEST_STEP][PASSED] - sendKeys(findTestObject("Object Repository/Login/EnterPassword2"), "P@ssw0rd"): Keys 'P@ssw0rd' sent to object: 'Object Repository/Login/EnterPassword2'

2024-09-29 11:16:14 - [MESSAGE][PASSED] - Keys 'P@ssw0rd' sent to object: 'Object Repository/Login/EnterPassword2'

2024-09-29 11:16:14 - [TEST_STEP][PASSED] - delay(1): Delayed 1 second(s)

2024-09-29 11:16:15 - [MESSAGE][PASSED] - Delayed 1 second(s)

2024-09-29 11:16:15 - [TEST_STEP][PASSED] - click(findTestObject("Object Repository/Login/LoginButton2")): Object: 'Object Repository/Login/LoginButton2' is clicked on

2024-09-29 11:16:15 - [MESSAGE][PASSED] - Object: 'Object Repository/Login/LoginButton2' is clicked on

2024-09-29 11:16:15 - [TEST_STEP][PASSED] - delay(1): Delayed 1 second(s)

2024-09-29 11:16:16 - [MESSAGE][PASSED] - Delayed 1 second(s)

2024-09-29 11:16:16 - [TEST_STEP][PASSED] - waitForElementPresent(findTestObject("Object Repository/Login/welcome To NetCell"), 0): Object 'Object Repository/Login/welcome To NetCell' is present

2024-09-29 11:16:16 - [MESSAGE][WARNING] - Timeout '0' is invalid. Using default page load timeout: '120'

2024-09-29 11:16:16 - [MESSAGE][PASSED] - Object 'Object Repository/Login/welcome To NetCell' is present

2024-09-29 11:16:16 - [MESSAGE][PASSED] - Call Test Case 'Test Cases/LoginNew' successfully

2024-09-29 11:16:16 - [TEST_STEP][PASSED] - switchToWindowIndex(1): Switched to window with index: '1'

2024-09-29 11:16:17 - [MESSAGE][PASSED] - Switched to window with index: '1'

2024-09-29 11:16:17 - [TEST_STEP][PASSED] - PMHwaueiTopX.TopX("2G", "Cell", false, "DailyBH", false, null): PMHwaueiTopX.TopX is PASSED

2024-09-29 11:16:17 - [MESSAGE][PASSED] - Object: 'Object Repository/PM/PM-Button' is clicked on

2024-09-29 11:16:17 - [MESSAGE][PASSED] - Switched to window with index: '2'

2024-09-29 11:16:28 - [MESSAGE][PASSED] - Object: 'Object Repository/PM/Huawei-vendor/Data-view/TopX' is clicked on

2024-09-29 11:16:28 - [MESSAGE][PASSED] - Object: 'Object Repository/PM/Huawei-vendor/Technology/Technology-Arrow' is clicked on

2024-09-29 11:16:29 - [MESSAGE][PASSED] - Object: 'Object Repository/PM/Huawei-vendor/Technology/2G' is clicked on

2024-09-29 11:16:29 - [MESSAGE][PASSED] - Object: 'Object Repository/PM/Huawei-vendor/TopX/TopX Object Type' is clicked on

2024-09-29 11:16:30 - [MESSAGE][PASSED] - Delayed 1 second(s)

2024-09-29 11:16:30 - [MESSAGE][PASSED] - Object: 'Object Repository/PM/Huawei-vendor/Object-Type/TopX Object Types/TopX Cells/TopX Cell' is clicked on

2024-09-29 11:16:31 - [MESSAGE][PASSED] - Delayed 1 second(s)

2024-09-29 11:16:31 - [MESSAGE][WARNING] - Timeout '0' is invalid. Using default page load timeout: '120'

2024-09-29 11:16:31 - [MESSAGE][PASSED] - Scroll to object 'Object Repository/PM/Huawei-vendor/Object Border' successfully

2024-09-29 11:16:32 - [MESSAGE][PASSED] - Object: 'Object Repository/PM/Huawei-vendor/Object-Type/TopX Object Types/TopX Sites/TopX East Amman Arrow' is clicked on

2024-09-29 11:16:33 - [MESSAGE][PASSED] - Object: 'Object Repository/PM/Huawei-vendor/Object-Type/TopX Object Types/TopX Cells/TopX East Amman Site1 Arrow' is clicked on

2024-09-29 11:16:34 - [MESSAGE][PASSED] - Delayed 1 second(s)

2024-09-29 11:16:34 - [MESSAGE][PASSED] - Object: 'Object Repository/PM/Huawei-vendor/Object-Type/TopX Object Types/TopX Cells/TopX East Amman Site1 Cell1' is clicked on

2024-09-29 11:16:34 - [MESSAGE][PASSED] - Object: 'Object Repository/PM/Huawei-vendor/Object-Type/TopX Object Types/TopX Sites/TopX East Amman CloseArrow' is clicked on

2024-09-29 11:16:35 - [MESSAGE][PASSED] - Object: 'Object Repository/PM/Huawei-vendor/Object-Type/TopX Object Types/TopX Sites/TopX West Amman Arrow' is clicked on

2024-09-29 11:16:35 - [MESSAGE][PASSED] - Object: 'Object Repository/PM/Huawei-vendor/Object-Type/TopX Object Types/TopX Cells/TopX West Amman Site1 Arrow' is clicked on

2024-09-29 11:16:36 - [MESSAGE][PASSED] - Object: 'Object Repository/PM/Huawei-vendor/Object-Type/TopX Object Types/TopX Cells/TopX West Amman Site1 Cell1' is clicked on

2024-09-29 11:16:36 - [MESSAGE][PASSED] - Object: 'Object Repository/PM/Huawei-vendor/Object-Type/TopX Object Types/TopX Sites/TopX West Amman CloseArrow' is clicked on

2024-09-29 11:16:36 - [MESSAGE][PASSED] - Object: 'Object Repository/PM/Huawei-vendor/Object-Type/TopX Object Types/TopX Sites/TopX North Jordan Arrow' is clicked on

2024-09-29 11:16:38 - [MESSAGE][PASSED] - Object: 'Object Repository/PM/Huawei-vendor/Object-Type/TopX Object Types/TopX Cells/TopX North Jordan Site1 Arrow' is clicked on

2024-09-29 11:16:38 - [MESSAGE][PASSED] - Object: 'Object Repository/PM/Huawei-vendor/Object-Type/TopX Object Types/TopX Cells/TopX North Jordan Site1 Cell1' is clicked on

2024-09-29 11:16:38 - [MESSAGE][PASSED] - Object: 'Object Repository/PM/Huawei-vendor/Object-Type/TopX Object Types/TopX Sites/TopX North Jordan CloseArrow' is clicked on

2024-09-29 11:16:39 - [MESSAGE][PASSED] - Object: 'Object Repository/PM/Huawei-vendor/Object-Type/TopX Object Types/TopX Sites/TopX South Jordan Arrow' is clicked on

2024-09-29 11:16:40 - [MESSAGE][PASSED] - Object: 'Object Repository/PM/Huawei-vendor/Object-Type/TopX Object Types/TopX Cells/TopX South Jordan Site1 Arrow' is clicked on

2024-09-29 11:16:40 - [MESSAGE][PASSED] - Object: 'Object Repository/PM/Huawei-vendor/Object-Type/TopX Object Types/TopX Cells/TopX South Jordan Site1 Cell1' is clicked on

2024-09-29 11:16:40 - [MESSAGE][PASSED] - Object: 'Object Repository/PM/Huawei-vendor/Object-Type/TopX Object Types/TopX Sites/TopX South Jordan CloseArrow' is clicked on

2024-09-29 11:16:40 - [MESSAGE][WARNING] - Timeout '0' is invalid. Using default page load timeout: '120'

2024-09-29 11:16:40 - [MESSAGE][PASSED] - Scroll to object 'Object Repository/PM/Huawei-vendor/LowXlabel' successfully

2024-09-29 11:16:41 - [MESSAGE][PASSED] - Object: 'Object Repository/PM/Huawei-vendor/Resolution Temp/Select Resolution temp' is clicked on

2024-09-29 11:16:41 - [MESSAGE][PASSED] - Object: 'Object Repository/PM/Huawei-vendor/Resolution Temp/Resolution Temp DailyBH' is clicked on

2024-09-29 11:16:41 - [MESSAGE][PASSED] - Object: 'Object Repository/PM/Huawei-vendor/TopX/TopXDate/BeforeDate' is clicked on

2024-09-29 11:16:42 - [MESSAGE][PASSED] - Delayed 1 second(s)

2024-09-29 11:16:43 - [MESSAGE][PASSED] - Object: 'Object Repository/PM/Huawei-vendor/TopX/TopXDate/Choose Month' is clicked on

2024-09-29 11:16:44 - [MESSAGE][PASSED] - Delayed 1 second(s)

2024-09-29 11:16:44 - [MESSAGE][PASSED] - Object: 'Object Repository/PM/Huawei-vendor/TopX/TopXDate/Feb' is clicked on

2024-09-29 11:16:44 - [MESSAGE][PASSED] - Object: 'Object Repository/PM/Huawei-vendor/TopX/TopXDate/Day 1' is clicked on

2024-09-29 11:16:45 - [MESSAGE][PASSED] - Object: 'Object Repository/PM/Huawei-vendor/TopX/TopXDate/Button OK' is clicked on

2024-09-29 11:16:45 - [MESSAGE][PASSED] - Object: 'Object Repository/PM/Huawei-vendor/TopX/TopXDate/After Date' is clicked on

2024-09-29 11:16:46 - [MESSAGE][PASSED] - Delayed 1 second(s)

2024-09-29 11:16:46 - [MESSAGE][PASSED] - Object: 'Object Repository/PM/Huawei-vendor/TopX/TopXDate/Choose Month' is clicked on

2024-09-29 11:16:47 - [MESSAGE][PASSED] - Delayed 1 second(s)

2024-09-29 11:16:47 - [MESSAGE][PASSED] - Object: 'Object Repository/PM/Huawei-vendor/TopX/TopXDate/Feb' is clicked on

2024-09-29 11:16:48 - [MESSAGE][PASSED] - Object: 'Object Repository/PM/Huawei-vendor/TopX/TopXDate/Day 7' is clicked on

2024-09-29 11:16:48 - [MESSAGE][PASSED] - Object: 'Object Repository/PM/Huawei-vendor/TopX/TopXDate/Button OK' is clicked on

2024-09-29 11:16:48 - [MESSAGE][PASSED] - Object: 'Object Repository/PM/Huawei-vendor/Apply-Button' is clicked on

2024-09-29 11:16:49 - [MESSAGE][WARNING] - Timeout '0' is invalid. Using default page load timeout: '120'

2024-09-29 11:16:49 - [MESSAGE][PASSED] - Web element with id: 'Object Repository/PM/Huawei-vendor/Error' located by 'By.xpath: //div[@class='toast-summary title-medium-m']' is not present after '120' second(s)

2024-09-29 11:16:49 - [MESSAGE][WARNING] - Timeout '0' is invalid. Using default page load timeout: '120'

2024-09-29 11:16:49 - [MESSAGE][PASSED] - Object 'Object Repository/PM/Huawei-vendor/Chart' is present

2024-09-29 11:16:49 - [MESSAGE][WARNING] - Timeout '0' is invalid. Using default page load timeout: '120'

2024-09-29 11:16:49 - [MESSAGE][PASSED] - Object 'Object Repository/PM/Huawei-vendor/TopX/Table View' is present

2024-09-29 11:16:49 - [MESSAGE][PASSED] - Object: 'Object Repository/PM/Huawei-vendor/TopX/Table View' is clicked on

2024-09-29 11:16:50 - [MESSAGE][PASSED] - Object: 'Object Repository/PM/Huawei-vendor/TopX/Reordering the table view' is clicked on

2024-09-29 11:16:50 - [MESSAGE][PASSED] - Object: 'Object Repository/PM/Huawei-vendor/TopX/Table View Filter ICon' is clicked on

2024-09-29 11:16:50 - [MESSAGE][PASSED] - Object: 'Object Repository/PM/Huawei-vendor/TopX/TableView CheckBox' is clicked on

2024-09-29 11:16:51 - [MESSAGE][PASSED] - Object: 'Object Repository/PM/Huawei-vendor/TopX/Table View Resolution' is clicked on

2024-09-29 11:16:51 - [MESSAGE][PASSED] - Object: 'Object Repository/PM/Huawei-vendor/TopX/Table view Resolution Daily' is clicked on

2024-09-29 11:16:51 - [MESSAGE][PASSED] - Object: 'Object Repository/PM/Huawei-vendor/TopX/Table View Start Date' is clicked on

2024-09-29 11:16:52 - [MESSAGE][PASSED] - Keys '02/01/2024' sent to object: 'Object Repository/PM/Huawei-vendor/TopX/Table View Start Date'

2024-09-29 11:16:52 - [MESSAGE][PASSED] - Object: 'Object Repository/PM/Huawei-vendor/TopX/Table View End Date' is clicked on

2024-09-29 11:16:52 - [MESSAGE][PASSED] - Keys '02/07/2024' sent to object: 'Object Repository/PM/Huawei-vendor/TopX/Table View End Date'

2024-09-29 11:16:53 - [MESSAGE][PASSED] - Object: 'Object Repository/PM/Huawei-vendor/TopX/Table View Show on map' is clicked on

2024-09-29 11:16:53 - [MESSAGE][WARNING] - Timeout '0' is invalid. Using default page load timeout: '120'

2024-09-29 11:16:53 - [MESSAGE][PASSED] - Web element with id: 'Object Repository/PM/Huawei-vendor/Error' located by 'By.xpath: //div[@class='toast-summary title-medium-m']' is not present after '120' second(s)

2024-09-29 11:16:53 - [MESSAGE][PASSED] - Switched to window with index: '3'

2024-09-29 11:16:53 - [MESSAGE][WARNING] - Timeout '0' is invalid. Using default page load timeout: '120'

2024-09-29 11:17:05 - [MESSAGE][PASSED] - Object 'Object Repository/PM/Huawei-vendor/TopX/Map' is present

2024-09-29 11:17:05 - [MESSAGE][WARNING] - Timeout '0' is invalid. Using default page load timeout: '120'

2024-09-29 11:17:05 - [MESSAGE][PASSED] - Web element with id: 'Object Repository/PM/Huawei-vendor/Error' located by 'By.xpath: //div[@class='toast-summary title-medium-m']' is not present after '120' second(s)

2024-09-29 11:17:05 - [MESSAGE][PASSED] - Window with index 3 is closed

2024-09-29 11:17:05 - [MESSAGE][PASSED] - Switched to window with index: '2'

2024-09-29 11:17:05 - [MESSAGE][PASSED] - Object: 'Object Repository/PM/Huawei-vendor/TopX/Table view Show stats' is clicked on

2024-09-29 11:17:05 - [MESSAGE][WARNING] - Timeout '0' is invalid. Using default page load timeout: '120'

2024-09-29 11:17:05 - [MESSAGE][PASSED] - Web element with id: 'Object Repository/PM/Huawei-vendor/Error' located by 'By.xpath: //div[@class='toast-summary title-medium-m']' is not present after '120' second(s)

2024-09-29 11:17:05 - [MESSAGE][PASSED] - Switched to window with index: '3'

2024-09-29 11:17:05 - [MESSAGE][WARNING] - Timeout '0' is invalid. Using default page load timeout: '120'

2024-09-29 11:17:18 - [MESSAGE][PASSED] - Object 'Object Repository/PM/Huawei-vendor/Stats Export Chart' is present

2024-09-29 11:17:19 - [MESSAGE][PASSED] - Browser is closed

2024-09-29 11:17:19 - [MESSAGE][PASSED] - PMHwaueiTopX.TopX is PASSED

2024-09-29 11:17:19 - [TEST_STEP][PASSED] - Start tear down : tearDownTestCase: Method 'tearDownTestCase' complete successfully

2024-09-29 11:17:19 - [TEST_STEP][PASSED] - closeBrowser(): Browser is closed

2024-09-29 11:17:19 - [MESSAGE][PASSED] - Browser is closed

2024-09-29 11:17:19 - [MESSAGE][PASSED] - Method 'tearDownTestCase' complete successfully]]></system-out>
         <system-err><![CDATA[]]></system-err>
      </testcase>
      <testcase name="Test Cases/PM/Hwauei/TopX/2G TopX/XBSC/TopX 2G BSC default" time="60.714" classname="Test Cases/PM/Hwauei/TopX/2G TopX/XBSC/TopX 2G BSC default" status="PASSED">
         <system-out><![CDATA[2024-09-29 11:17:19 - [TEST_CASE][PASSED] - Test Cases/PM/Hwauei/TopX/2G TopX/XBSC/TopX 2G BSC default: Test Cases/PM/Hwauei/TopX/2G TopX/XBSC/TopX 2G BSC default

2024-09-29 11:17:20 - [TEST_STEP][PASSED] - callTestCase(findTestCase("LoginNew"), [:], STOP_ON_FAILURE): Call Test Case 'Test Cases/LoginNew' successfully

2024-09-29 11:17:20 - [TEST_CASE][PASSED] - Test Cases/LoginNew: Test Cases/LoginNew

2024-09-29 11:17:20 - [TEST_STEP][PASSED] - driver = general.start(SwagerURL, NetCellURL): general.start is PASSED

2024-09-29 11:17:20 - [MESSAGE][INFO] - >>> chromeDriverPath=C:\Users\FatimaIbeid\.katalon\packages\Katalon_Studio_Windows_64-8.6.9\Katalon_Studio_Windows_64-8.6.9\configuration\resources\drivers\chromedriver_win32\chromedriver.exe

2024-09-29 11:17:21 - [MESSAGE][PASSED] - Current window maximized

2024-09-29 11:17:22 - [MESSAGE][PASSED] - Execute JavaScript 'window.open();' successfully

2024-09-29 11:17:22 - [MESSAGE][PASSED] - Switched to window with index: '1'

2024-09-29 11:17:34 - [MESSAGE][PASSED] - general.start is PASSED

2024-09-29 11:17:34 - [TEST_STEP][PASSED] - delay(1): Delayed 1 second(s)

2024-09-29 11:17:35 - [MESSAGE][PASSED] - Delayed 1 second(s)

2024-09-29 11:17:35 - [TEST_STEP][PASSED] - sendKeys(findTestObject("Object Repository/Login/EnterEmail2"), "homam@zztjg.onmicrosoft.com"): Keys 'homam@zztjg.onmicrosoft.com' sent to object: 'Object Repository/Login/EnterEmail2'

2024-09-29 11:17:35 - [MESSAGE][PASSED] - Keys 'homam@zztjg.onmicrosoft.com' sent to object: 'Object Repository/Login/EnterEmail2'

2024-09-29 11:17:35 - [TEST_STEP][PASSED] - delay(1): Delayed 1 second(s)

2024-09-29 11:17:36 - [MESSAGE][PASSED] - Delayed 1 second(s)

2024-09-29 11:17:36 - [TEST_STEP][PASSED] - sendKeys(findTestObject("Object Repository/Login/EnterPassword2"), "P@ssw0rd"): Keys 'P@ssw0rd' sent to object: 'Object Repository/Login/EnterPassword2'

2024-09-29 11:17:36 - [MESSAGE][PASSED] - Keys 'P@ssw0rd' sent to object: 'Object Repository/Login/EnterPassword2'

2024-09-29 11:17:36 - [TEST_STEP][PASSED] - delay(1): Delayed 1 second(s)

2024-09-29 11:17:37 - [MESSAGE][PASSED] - Delayed 1 second(s)

2024-09-29 11:17:37 - [TEST_STEP][PASSED] - click(findTestObject("Object Repository/Login/LoginButton2")): Object: 'Object Repository/Login/LoginButton2' is clicked on

2024-09-29 11:17:37 - [MESSAGE][PASSED] - Object: 'Object Repository/Login/LoginButton2' is clicked on

2024-09-29 11:17:37 - [TEST_STEP][PASSED] - delay(1): Delayed 1 second(s)

2024-09-29 11:17:38 - [MESSAGE][PASSED] - Delayed 1 second(s)

2024-09-29 11:17:38 - [TEST_STEP][PASSED] - waitForElementPresent(findTestObject("Object Repository/Login/welcome To NetCell"), 0): Object 'Object Repository/Login/welcome To NetCell' is present

2024-09-29 11:17:38 - [MESSAGE][WARNING] - Timeout '0' is invalid. Using default page load timeout: '120'

2024-09-29 11:17:38 - [MESSAGE][PASSED] - Object 'Object Repository/Login/welcome To NetCell' is present

2024-09-29 11:17:38 - [MESSAGE][PASSED] - Call Test Case 'Test Cases/LoginNew' successfully

2024-09-29 11:17:38 - [TEST_STEP][PASSED] - switchToWindowIndex(1): Switched to window with index: '1'

2024-09-29 11:17:38 - [MESSAGE][PASSED] - Switched to window with index: '1'

2024-09-29 11:17:38 - [TEST_STEP][PASSED] - PMHwaueiTopX.TopX("2G", "BSC", false, "Hourly", false, null): PMHwaueiTopX.TopX is PASSED

2024-09-29 11:17:39 - [MESSAGE][PASSED] - Object: 'Object Repository/PM/PM-Button' is clicked on

2024-09-29 11:17:39 - [MESSAGE][PASSED] - Switched to window with index: '2'

2024-09-29 11:17:39 - [MESSAGE][PASSED] - Object: 'Object Repository/PM/Huawei-vendor/Data-view/TopX' is clicked on

2024-09-29 11:17:40 - [MESSAGE][PASSED] - Object: 'Object Repository/PM/Huawei-vendor/Technology/Technology-Arrow' is clicked on

2024-09-29 11:17:40 - [MESSAGE][PASSED] - Object: 'Object Repository/PM/Huawei-vendor/Technology/2G' is clicked on

2024-09-29 11:17:40 - [MESSAGE][PASSED] - Object: 'Object Repository/PM/Huawei-vendor/TopX/TopX Object Type' is clicked on

2024-09-29 11:17:41 - [MESSAGE][PASSED] - Delayed 1 second(s)

2024-09-29 11:17:41 - [MESSAGE][PASSED] - Object: 'Object Repository/PM/Huawei-vendor/Object-Type/TopX Object Types/TopX BSCs/TopX BSC' is clicked on

2024-09-29 11:17:42 - [MESSAGE][PASSED] - Delayed 1 second(s)

2024-09-29 11:17:42 - [MESSAGE][WARNING] - Timeout '0' is invalid. Using default page load timeout: '120'

2024-09-29 11:17:42 - [MESSAGE][PASSED] - Scroll to object 'Object Repository/PM/Huawei-vendor/Object Border' successfully

2024-09-29 11:17:42 - [MESSAGE][PASSED] - Object: 'Object Repository/PM/Huawei-vendor/Object-Type/TopX Object Types/TopX BSCs/TopX BSC Ader' is clicked on

2024-09-29 11:17:43 - [MESSAGE][PASSED] - Object: 'Object Repository/PM/Huawei-vendor/Object-Type/TopX Object Types/TopX BSCs/TopX BSC Fifa' is clicked on

2024-09-29 11:17:43 - [MESSAGE][PASSED] - Object: 'Object Repository/PM/Huawei-vendor/Object-Type/TopX Object Types/TopX BSCs/2G/TopX BSC Maan_R' is clicked on

2024-09-29 11:17:43 - [MESSAGE][PASSED] - Object: 'Object Repository/PM/Huawei-vendor/Object-Type/TopX Object Types/TopX BSCs/TopX BSC AA 01' is clicked on

2024-09-29 11:17:43 - [MESSAGE][PASSED] - Object: 'Object Repository/PM/Huawei-vendor/Object-Type/TopX Object Types/TopX BSCs/2G/TopX BSC AA 02' is clicked on

2024-09-29 11:17:43 - [MESSAGE][WARNING] - Timeout '0' is invalid. Using default page load timeout: '120'

2024-09-29 11:17:43 - [MESSAGE][PASSED] - Scroll to object 'Object Repository/PM/Huawei-vendor/LowXlabel' successfully

2024-09-29 11:17:44 - [MESSAGE][PASSED] - Object: 'Object Repository/PM/Huawei-vendor/TopX/TopXDate/BeforeDate' is clicked on

2024-09-29 11:17:45 - [MESSAGE][PASSED] - Delayed 1 second(s)

2024-09-29 11:17:45 - [MESSAGE][PASSED] - Object: 'Object Repository/PM/Huawei-vendor/TopX/TopXDate/Choose Month' is clicked on

2024-09-29 11:17:46 - [MESSAGE][PASSED] - Delayed 1 second(s)

2024-09-29 11:17:46 - [MESSAGE][PASSED] - Object: 'Object Repository/PM/Huawei-vendor/TopX/TopXDate/Feb' is clicked on

2024-09-29 11:17:46 - [MESSAGE][PASSED] - Object: 'Object Repository/PM/Huawei-vendor/TopX/TopXDate/Day 1' is clicked on

2024-09-29 11:17:46 - [MESSAGE][PASSED] - Object: 'Object Repository/PM/Huawei-vendor/TopX/TopXDate/Button OK' is clicked on

2024-09-29 11:17:47 - [MESSAGE][PASSED] - Object: 'Object Repository/PM/Huawei-vendor/TopX/TopXDate/After Date' is clicked on

2024-09-29 11:17:48 - [MESSAGE][PASSED] - Delayed 1 second(s)

2024-09-29 11:17:48 - [MESSAGE][PASSED] - Object: 'Object Repository/PM/Huawei-vendor/TopX/TopXDate/Choose Month' is clicked on

2024-09-29 11:17:49 - [MESSAGE][PASSED] - Delayed 1 second(s)

2024-09-29 11:17:49 - [MESSAGE][PASSED] - Object: 'Object Repository/PM/Huawei-vendor/TopX/TopXDate/Feb' is clicked on

2024-09-29 11:17:49 - [MESSAGE][PASSED] - Object: 'Object Repository/PM/Huawei-vendor/TopX/TopXDate/Day 7' is clicked on

2024-09-29 11:17:49 - [MESSAGE][PASSED] - Object: 'Object Repository/PM/Huawei-vendor/TopX/TopXDate/Button OK' is clicked on

2024-09-29 11:17:50 - [MESSAGE][PASSED] - Object: 'Object Repository/PM/Huawei-vendor/Apply-Button' is clicked on

2024-09-29 11:17:50 - [MESSAGE][WARNING] - Timeout '0' is invalid. Using default page load timeout: '120'

2024-09-29 11:17:50 - [MESSAGE][PASSED] - Web element with id: 'Object Repository/PM/Huawei-vendor/Error' located by 'By.xpath: //div[@class='toast-summary title-medium-m']' is not present after '120' second(s)

2024-09-29 11:17:50 - [MESSAGE][WARNING] - Timeout '0' is invalid. Using default page load timeout: '120'

2024-09-29 11:17:51 - [MESSAGE][PASSED] - Object 'Object Repository/PM/Huawei-vendor/Chart' is present

2024-09-29 11:17:51 - [MESSAGE][WARNING] - Timeout '0' is invalid. Using default page load timeout: '120'

2024-09-29 11:17:51 - [MESSAGE][PASSED] - Object 'Object Repository/PM/Huawei-vendor/TopX/Table View' is present

2024-09-29 11:17:52 - [MESSAGE][PASSED] - Object: 'Object Repository/PM/Huawei-vendor/TopX/Table View' is clicked on

2024-09-29 11:17:52 - [MESSAGE][PASSED] - Object: 'Object Repository/PM/Huawei-vendor/TopX/Reordering the table view' is clicked on

2024-09-29 11:17:52 - [MESSAGE][PASSED] - Object: 'Object Repository/PM/Huawei-vendor/TopX/Table View Filter ICon' is clicked on

2024-09-29 11:17:52 - [MESSAGE][PASSED] - Object: 'Object Repository/PM/Huawei-vendor/TopX/TableView CheckBox' is clicked on

2024-09-29 11:17:52 - [MESSAGE][PASSED] - Object: 'Object Repository/PM/Huawei-vendor/TopX/Table View Resolution' is clicked on

2024-09-29 11:17:53 - [MESSAGE][PASSED] - Object: 'Object Repository/PM/Huawei-vendor/TopX/Table view Resolution Hourly' is clicked on

2024-09-29 11:17:53 - [MESSAGE][PASSED] - Object: 'Object Repository/PM/Huawei-vendor/TopX/Table View Start Date' is clicked on

2024-09-29 11:17:53 - [MESSAGE][PASSED] - Keys '02/01/2024' sent to object: 'Object Repository/PM/Huawei-vendor/TopX/Table View Start Date'

2024-09-29 11:17:54 - [MESSAGE][PASSED] - Object: 'Object Repository/PM/Huawei-vendor/TopX/Table View End Date' is clicked on

2024-09-29 11:17:54 - [MESSAGE][PASSED] - Keys '02/07/2024' sent to object: 'Object Repository/PM/Huawei-vendor/TopX/Table View End Date'

2024-09-29 11:17:54 - [MESSAGE][PASSED] - Object: 'Object Repository/PM/Huawei-vendor/TopX/Table View Show on map' is clicked on

2024-09-29 11:17:54 - [MESSAGE][WARNING] - Timeout '0' is invalid. Using default page load timeout: '120'

2024-09-29 11:17:54 - [MESSAGE][PASSED] - Web element with id: 'Object Repository/PM/Huawei-vendor/Error' located by 'By.xpath: //div[@class='toast-summary title-medium-m']' is not present after '120' second(s)

2024-09-29 11:17:54 - [MESSAGE][PASSED] - Switched to window with index: '3'

2024-09-29 11:17:54 - [MESSAGE][WARNING] - Timeout '0' is invalid. Using default page load timeout: '120'

2024-09-29 11:18:05 - [MESSAGE][PASSED] - Object 'Object Repository/PM/Huawei-vendor/TopX/Map' is present

2024-09-29 11:18:05 - [MESSAGE][WARNING] - Timeout '0' is invalid. Using default page load timeout: '120'

2024-09-29 11:18:05 - [MESSAGE][PASSED] - Web element with id: 'Object Repository/PM/Huawei-vendor/Error' located by 'By.xpath: //div[@class='toast-summary title-medium-m']' is not present after '120' second(s)

2024-09-29 11:18:06 - [MESSAGE][PASSED] - Window with index 3 is closed

2024-09-29 11:18:06 - [MESSAGE][PASSED] - Switched to window with index: '2'

2024-09-29 11:18:06 - [MESSAGE][PASSED] - Object: 'Object Repository/PM/Huawei-vendor/TopX/Table view Show stats' is clicked on

2024-09-29 11:18:06 - [MESSAGE][WARNING] - Timeout '0' is invalid. Using default page load timeout: '120'

2024-09-29 11:18:06 - [MESSAGE][PASSED] - Web element with id: 'Object Repository/PM/Huawei-vendor/Error' located by 'By.xpath: //div[@class='toast-summary title-medium-m']' is not present after '120' second(s)

2024-09-29 11:18:06 - [MESSAGE][PASSED] - Switched to window with index: '3'

2024-09-29 11:18:06 - [MESSAGE][WARNING] - Timeout '0' is invalid. Using default page load timeout: '120'

2024-09-29 11:18:19 - [MESSAGE][PASSED] - Object 'Object Repository/PM/Huawei-vendor/Stats Export Chart' is present

2024-09-29 11:18:20 - [MESSAGE][PASSED] - Browser is closed

2024-09-29 11:18:20 - [MESSAGE][PASSED] - PMHwaueiTopX.TopX is PASSED

2024-09-29 11:18:20 - [TEST_STEP][PASSED] - Start tear down : tearDownTestCase: Method 'tearDownTestCase' complete successfully

2024-09-29 11:18:20 - [TEST_STEP][PASSED] - closeBrowser(): Browser is closed

2024-09-29 11:18:20 - [MESSAGE][PASSED] - Browser is closed

2024-09-29 11:18:20 - [MESSAGE][PASSED] - Method 'tearDownTestCase' complete successfully]]></system-out>
         <system-err><![CDATA[]]></system-err>
      </testcase>
      <testcase name="Test Cases/PM/Hwauei/TopX/2G TopX/XBSC/TopX 2G BSC with LowX" time="60.575" classname="Test Cases/PM/Hwauei/TopX/2G TopX/XBSC/TopX 2G BSC with LowX" status="PASSED">
         <system-out><![CDATA[2024-09-29 11:18:20 - [TEST_CASE][PASSED] - Test Cases/PM/Hwauei/TopX/2G TopX/XBSC/TopX 2G BSC with LowX: Test Cases/PM/Hwauei/TopX/2G TopX/XBSC/TopX 2G BSC with LowX

2024-09-29 11:18:20 - [TEST_STEP][PASSED] - callTestCase(findTestCase("LoginNew"), [:], STOP_ON_FAILURE): Call Test Case 'Test Cases/LoginNew' successfully

2024-09-29 11:18:20 - [TEST_CASE][PASSED] - Test Cases/LoginNew: Test Cases/LoginNew

2024-09-29 11:18:20 - [TEST_STEP][PASSED] - driver = general.start(SwagerURL, NetCellURL): general.start is PASSED

2024-09-29 11:18:20 - [MESSAGE][INFO] - >>> chromeDriverPath=C:\Users\FatimaIbeid\.katalon\packages\Katalon_Studio_Windows_64-8.6.9\Katalon_Studio_Windows_64-8.6.9\configuration\resources\drivers\chromedriver_win32\chromedriver.exe

2024-09-29 11:18:22 - [MESSAGE][PASSED] - Current window maximized

2024-09-29 11:18:22 - [MESSAGE][PASSED] - Execute JavaScript 'window.open();' successfully

2024-09-29 11:18:22 - [MESSAGE][PASSED] - Switched to window with index: '1'

2024-09-29 11:18:34 - [MESSAGE][PASSED] - general.start is PASSED

2024-09-29 11:18:34 - [TEST_STEP][PASSED] - delay(1): Delayed 1 second(s)

2024-09-29 11:18:35 - [MESSAGE][PASSED] - Delayed 1 second(s)

2024-09-29 11:18:35 - [TEST_STEP][PASSED] - sendKeys(findTestObject("Object Repository/Login/EnterEmail2"), "homam@zztjg.onmicrosoft.com"): Keys 'homam@zztjg.onmicrosoft.com' sent to object: 'Object Repository/Login/EnterEmail2'

2024-09-29 11:18:36 - [MESSAGE][PASSED] - Keys 'homam@zztjg.onmicrosoft.com' sent to object: 'Object Repository/Login/EnterEmail2'

2024-09-29 11:18:36 - [TEST_STEP][PASSED] - delay(1): Delayed 1 second(s)

2024-09-29 11:18:37 - [MESSAGE][PASSED] - Delayed 1 second(s)

2024-09-29 11:18:37 - [TEST_STEP][PASSED] - sendKeys(findTestObject("Object Repository/Login/EnterPassword2"), "P@ssw0rd"): Keys 'P@ssw0rd' sent to object: 'Object Repository/Login/EnterPassword2'

2024-09-29 11:18:37 - [MESSAGE][PASSED] - Keys 'P@ssw0rd' sent to object: 'Object Repository/Login/EnterPassword2'

2024-09-29 11:18:37 - [TEST_STEP][PASSED] - delay(1): Delayed 1 second(s)

2024-09-29 11:18:38 - [MESSAGE][PASSED] - Delayed 1 second(s)

2024-09-29 11:18:38 - [TEST_STEP][PASSED] - click(findTestObject("Object Repository/Login/LoginButton2")): Object: 'Object Repository/Login/LoginButton2' is clicked on

2024-09-29 11:18:38 - [MESSAGE][PASSED] - Object: 'Object Repository/Login/LoginButton2' is clicked on

2024-09-29 11:18:38 - [TEST_STEP][PASSED] - delay(1): Delayed 1 second(s)

2024-09-29 11:18:39 - [MESSAGE][PASSED] - Delayed 1 second(s)

2024-09-29 11:18:39 - [TEST_STEP][PASSED] - waitForElementPresent(findTestObject("Object Repository/Login/welcome To NetCell"), 0): Object 'Object Repository/Login/welcome To NetCell' is present

2024-09-29 11:18:39 - [MESSAGE][WARNING] - Timeout '0' is invalid. Using default page load timeout: '120'

2024-09-29 11:18:39 - [MESSAGE][PASSED] - Object 'Object Repository/Login/welcome To NetCell' is present

2024-09-29 11:18:39 - [MESSAGE][PASSED] - Call Test Case 'Test Cases/LoginNew' successfully

2024-09-29 11:18:39 - [TEST_STEP][PASSED] - switchToWindowIndex(1): Switched to window with index: '1'

2024-09-29 11:18:39 - [MESSAGE][PASSED] - Switched to window with index: '1'

2024-09-29 11:18:39 - [TEST_STEP][PASSED] - PMHwaueiTopX.TopX("2G", "BSC", true, "Hourly", true, null): PMHwaueiTopX.TopX is PASSED

2024-09-29 11:18:39 - [MESSAGE][PASSED] - Object: 'Object Repository/PM/PM-Button' is clicked on

2024-09-29 11:18:40 - [MESSAGE][PASSED] - Switched to window with index: '2'

2024-09-29 11:18:40 - [MESSAGE][PASSED] - Object: 'Object Repository/PM/Huawei-vendor/Data-view/TopX' is clicked on

2024-09-29 11:18:40 - [MESSAGE][PASSED] - Object: 'Object Repository/PM/Huawei-vendor/Technology/Technology-Arrow' is clicked on

2024-09-29 11:18:40 - [MESSAGE][PASSED] - Object: 'Object Repository/PM/Huawei-vendor/Technology/2G' is clicked on

2024-09-29 11:18:41 - [MESSAGE][PASSED] - Object: 'Object Repository/PM/Huawei-vendor/TopX/TopX Object Type' is clicked on

2024-09-29 11:18:42 - [MESSAGE][PASSED] - Delayed 1 second(s)

2024-09-29 11:18:42 - [MESSAGE][PASSED] - Object: 'Object Repository/PM/Huawei-vendor/Object-Type/TopX Object Types/TopX BSCs/TopX BSC' is clicked on

2024-09-29 11:18:43 - [MESSAGE][PASSED] - Delayed 1 second(s)

2024-09-29 11:18:43 - [MESSAGE][WARNING] - Timeout '0' is invalid. Using default page load timeout: '120'

2024-09-29 11:18:43 - [MESSAGE][PASSED] - Scroll to object 'Object Repository/PM/Huawei-vendor/Object Border' successfully

2024-09-29 11:18:43 - [MESSAGE][PASSED] - Object: 'Object Repository/PM/Huawei-vendor/Object-Type/TopX Object Types/TopX PLMNs/TopX PLMN checkbox' is clicked on

2024-09-29 11:18:43 - [MESSAGE][WARNING] - Timeout '0' is invalid. Using default page load timeout: '120'

2024-09-29 11:18:43 - [MESSAGE][PASSED] - Scroll to object 'Object Repository/PM/Huawei-vendor/LowXlabel' successfully

2024-09-29 11:18:43 - [MESSAGE][PASSED] - Object: 'Object Repository/PM/Huawei-vendor/TopX/TopXDate/BeforeDate' is clicked on

2024-09-29 11:18:44 - [MESSAGE][PASSED] - Delayed 1 second(s)

2024-09-29 11:18:44 - [MESSAGE][PASSED] - Object: 'Object Repository/PM/Huawei-vendor/TopX/TopXDate/Choose Month' is clicked on

2024-09-29 11:18:45 - [MESSAGE][PASSED] - Delayed 1 second(s)

2024-09-29 11:18:46 - [MESSAGE][PASSED] - Object: 'Object Repository/PM/Huawei-vendor/TopX/TopXDate/Feb' is clicked on

2024-09-29 11:18:46 - [MESSAGE][PASSED] - Object: 'Object Repository/PM/Huawei-vendor/TopX/TopXDate/Day 1' is clicked on

2024-09-29 11:18:46 - [MESSAGE][PASSED] - Object: 'Object Repository/PM/Huawei-vendor/TopX/TopXDate/Button OK' is clicked on

2024-09-29 11:18:46 - [MESSAGE][PASSED] - Object: 'Object Repository/PM/Huawei-vendor/TopX/TopXDate/After Date' is clicked on

2024-09-29 11:18:47 - [MESSAGE][PASSED] - Delayed 1 second(s)

2024-09-29 11:18:48 - [MESSAGE][PASSED] - Object: 'Object Repository/PM/Huawei-vendor/TopX/TopXDate/Choose Month' is clicked on

2024-09-29 11:18:49 - [MESSAGE][PASSED] - Delayed 1 second(s)

2024-09-29 11:18:49 - [MESSAGE][PASSED] - Object: 'Object Repository/PM/Huawei-vendor/TopX/TopXDate/Feb' is clicked on

2024-09-29 11:18:49 - [MESSAGE][PASSED] - Object: 'Object Repository/PM/Huawei-vendor/TopX/TopXDate/Day 7' is clicked on

2024-09-29 11:18:49 - [MESSAGE][PASSED] - Object: 'Object Repository/PM/Huawei-vendor/TopX/TopXDate/Button OK' is clicked on

2024-09-29 11:18:49 - [MESSAGE][PASSED] - Object: 'Object Repository/PM/Huawei-vendor/LowXCheckBox' is clicked on

2024-09-29 11:18:50 - [MESSAGE][PASSED] - Object: 'Object Repository/PM/Huawei-vendor/Apply-Button' is clicked on

2024-09-29 11:18:50 - [MESSAGE][WARNING] - Timeout '0' is invalid. Using default page load timeout: '120'

2024-09-29 11:18:50 - [MESSAGE][PASSED] - Web element with id: 'Object Repository/PM/Huawei-vendor/Error' located by 'By.xpath: //div[@class='toast-summary title-medium-m']' is not present after '120' second(s)

2024-09-29 11:18:50 - [MESSAGE][WARNING] - Timeout '0' is invalid. Using default page load timeout: '120'

2024-09-29 11:18:52 - [MESSAGE][PASSED] - Object 'Object Repository/PM/Huawei-vendor/Chart' is present

2024-09-29 11:18:52 - [MESSAGE][WARNING] - Timeout '0' is invalid. Using default page load timeout: '120'

2024-09-29 11:18:52 - [MESSAGE][PASSED] - Object 'Object Repository/PM/Huawei-vendor/TopX/Table View' is present

2024-09-29 11:18:52 - [MESSAGE][PASSED] - Object: 'Object Repository/PM/Huawei-vendor/TopX/Table View' is clicked on

2024-09-29 11:18:53 - [MESSAGE][PASSED] - Object: 'Object Repository/PM/Huawei-vendor/TopX/Reordering the table view' is clicked on

2024-09-29 11:18:53 - [MESSAGE][PASSED] - Object: 'Object Repository/PM/Huawei-vendor/TopX/Table View Filter ICon' is clicked on

2024-09-29 11:18:53 - [MESSAGE][PASSED] - Object: 'Object Repository/PM/Huawei-vendor/TopX/TableView CheckBox' is clicked on

2024-09-29 11:18:53 - [MESSAGE][PASSED] - Object: 'Object Repository/PM/Huawei-vendor/TopX/Table View Resolution' is clicked on

2024-09-29 11:18:54 - [MESSAGE][PASSED] - Object: 'Object Repository/PM/Huawei-vendor/TopX/Table view Resolution Daily' is clicked on

2024-09-29 11:18:54 - [MESSAGE][PASSED] - Object: 'Object Repository/PM/Huawei-vendor/TopX/Table View Start Date' is clicked on

2024-09-29 11:18:54 - [MESSAGE][PASSED] - Keys '02/01/2024' sent to object: 'Object Repository/PM/Huawei-vendor/TopX/Table View Start Date'

2024-09-29 11:18:54 - [MESSAGE][PASSED] - Object: 'Object Repository/PM/Huawei-vendor/TopX/Table View End Date' is clicked on

2024-09-29 11:18:54 - [MESSAGE][PASSED] - Keys '02/07/2024' sent to object: 'Object Repository/PM/Huawei-vendor/TopX/Table View End Date'

2024-09-29 11:18:55 - [MESSAGE][PASSED] - Object: 'Object Repository/PM/Huawei-vendor/TopX/Table View Show on map' is clicked on

2024-09-29 11:18:55 - [MESSAGE][WARNING] - Timeout '0' is invalid. Using default page load timeout: '120'

2024-09-29 11:18:55 - [MESSAGE][PASSED] - Web element with id: 'Object Repository/PM/Huawei-vendor/Error' located by 'By.xpath: //div[@class='toast-summary title-medium-m']' is not present after '120' second(s)

2024-09-29 11:18:55 - [MESSAGE][PASSED] - Switched to window with index: '3'

2024-09-29 11:18:55 - [MESSAGE][WARNING] - Timeout '0' is invalid. Using default page load timeout: '120'

2024-09-29 11:19:07 - [MESSAGE][PASSED] - Object 'Object Repository/PM/Huawei-vendor/TopX/Map' is present

2024-09-29 11:19:07 - [MESSAGE][WARNING] - Timeout '0' is invalid. Using default page load timeout: '120'

2024-09-29 11:19:07 - [MESSAGE][PASSED] - Web element with id: 'Object Repository/PM/Huawei-vendor/Error' located by 'By.xpath: //div[@class='toast-summary title-medium-m']' is not present after '120' second(s)

2024-09-29 11:19:07 - [MESSAGE][PASSED] - Window with index 3 is closed

2024-09-29 11:19:07 - [MESSAGE][PASSED] - Switched to window with index: '2'

2024-09-29 11:19:07 - [MESSAGE][PASSED] - Object: 'Object Repository/PM/Huawei-vendor/TopX/Table view Show stats' is clicked on

2024-09-29 11:19:07 - [MESSAGE][WARNING] - Timeout '0' is invalid. Using default page load timeout: '120'

2024-09-29 11:19:08 - [MESSAGE][PASSED] - Web element with id: 'Object Repository/PM/Huawei-vendor/Error' located by 'By.xpath: //div[@class='toast-summary title-medium-m']' is not present after '120' second(s)

2024-09-29 11:19:08 - [MESSAGE][PASSED] - Switched to window with index: '3'

2024-09-29 11:19:08 - [MESSAGE][WARNING] - Timeout '0' is invalid. Using default page load timeout: '120'

2024-09-29 11:19:20 - [MESSAGE][PASSED] - Object 'Object Repository/PM/Huawei-vendor/Stats Export Chart' is present

2024-09-29 11:19:20 - [MESSAGE][PASSED] - Browser is closed

2024-09-29 11:19:20 - [MESSAGE][PASSED] - PMHwaueiTopX.TopX is PASSED

2024-09-29 11:19:20 - [TEST_STEP][PASSED] - Start tear down : tearDownTestCase: Method 'tearDownTestCase' complete successfully

2024-09-29 11:19:20 - [TEST_STEP][PASSED] - closeBrowser(): Browser is closed

2024-09-29 11:19:20 - [MESSAGE][PASSED] - Browser is closed

2024-09-29 11:19:20 - [MESSAGE][PASSED] - Method 'tearDownTestCase' complete successfully]]></system-out>
         <system-err><![CDATA[]]></system-err>
      </testcase>
      <testcase name="Test Cases/PM/Hwauei/TopX/2G TopX/XBSC/TopX 2G BSC Daily" time="49.585" classname="Test Cases/PM/Hwauei/TopX/2G TopX/XBSC/TopX 2G BSC Daily" status="PASSED">
         <system-out><![CDATA[2024-09-29 11:19:21 - [TEST_CASE][PASSED] - Test Cases/PM/Hwauei/TopX/2G TopX/XBSC/TopX 2G BSC Daily: Test Cases/PM/Hwauei/TopX/2G TopX/XBSC/TopX 2G BSC Daily

2024-09-29 11:19:21 - [TEST_STEP][PASSED] - callTestCase(findTestCase("LoginNew"), [:], STOP_ON_FAILURE): Call Test Case 'Test Cases/LoginNew' successfully

2024-09-29 11:19:21 - [TEST_CASE][PASSED] - Test Cases/LoginNew: Test Cases/LoginNew

2024-09-29 11:19:21 - [TEST_STEP][PASSED] - driver = general.start(SwagerURL, NetCellURL): general.start is PASSED

2024-09-29 11:19:21 - [MESSAGE][INFO] - >>> chromeDriverPath=C:\Users\FatimaIbeid\.katalon\packages\Katalon_Studio_Windows_64-8.6.9\Katalon_Studio_Windows_64-8.6.9\configuration\resources\drivers\chromedriver_win32\chromedriver.exe

2024-09-29 11:19:22 - [MESSAGE][PASSED] - Current window maximized

2024-09-29 11:19:23 - [MESSAGE][PASSED] - Execute JavaScript 'window.open();' successfully

2024-09-29 11:19:23 - [MESSAGE][PASSED] - Switched to window with index: '1'

2024-09-29 11:19:34 - [MESSAGE][PASSED] - general.start is PASSED

2024-09-29 11:19:34 - [TEST_STEP][PASSED] - delay(1): Delayed 1 second(s)

2024-09-29 11:19:35 - [MESSAGE][PASSED] - Delayed 1 second(s)

2024-09-29 11:19:35 - [TEST_STEP][PASSED] - sendKeys(findTestObject("Object Repository/Login/EnterEmail2"), "homam@zztjg.onmicrosoft.com"): Keys 'homam@zztjg.onmicrosoft.com' sent to object: 'Object Repository/Login/EnterEmail2'

2024-09-29 11:19:36 - [MESSAGE][PASSED] - Keys 'homam@zztjg.onmicrosoft.com' sent to object: 'Object Repository/Login/EnterEmail2'

2024-09-29 11:19:36 - [TEST_STEP][PASSED] - delay(1): Delayed 1 second(s)

2024-09-29 11:19:37 - [MESSAGE][PASSED] - Delayed 1 second(s)

2024-09-29 11:19:37 - [TEST_STEP][PASSED] - sendKeys(findTestObject("Object Repository/Login/EnterPassword2"), "P@ssw0rd"): Keys 'P@ssw0rd' sent to object: 'Object Repository/Login/EnterPassword2'

2024-09-29 11:19:37 - [MESSAGE][PASSED] - Keys 'P@ssw0rd' sent to object: 'Object Repository/Login/EnterPassword2'

2024-09-29 11:19:37 - [TEST_STEP][PASSED] - delay(1): Delayed 1 second(s)

2024-09-29 11:19:38 - [MESSAGE][PASSED] - Delayed 1 second(s)

2024-09-29 11:19:38 - [TEST_STEP][PASSED] - click(findTestObject("Object Repository/Login/LoginButton2")): Object: 'Object Repository/Login/LoginButton2' is clicked on

2024-09-29 11:19:38 - [MESSAGE][PASSED] - Object: 'Object Repository/Login/LoginButton2' is clicked on

2024-09-29 11:19:38 - [TEST_STEP][PASSED] - delay(1): Delayed 1 second(s)

2024-09-29 11:19:39 - [MESSAGE][PASSED] - Delayed 1 second(s)

2024-09-29 11:19:39 - [TEST_STEP][PASSED] - waitForElementPresent(findTestObject("Object Repository/Login/welcome To NetCell"), 0): Object 'Object Repository/Login/welcome To NetCell' is present

2024-09-29 11:19:39 - [MESSAGE][WARNING] - Timeout '0' is invalid. Using default page load timeout: '120'

2024-09-29 11:19:39 - [MESSAGE][PASSED] - Object 'Object Repository/Login/welcome To NetCell' is present

2024-09-29 11:19:39 - [MESSAGE][PASSED] - Call Test Case 'Test Cases/LoginNew' successfully

2024-09-29 11:19:39 - [TEST_STEP][PASSED] - switchToWindowIndex(1): Switched to window with index: '1'

2024-09-29 11:19:39 - [MESSAGE][PASSED] - Switched to window with index: '1'

2024-09-29 11:19:39 - [TEST_STEP][PASSED] - PMHwaueiTopX.TopX("2G", "BSC", false, "Daily", false, null): PMHwaueiTopX.TopX is PASSED

2024-09-29 11:19:39 - [MESSAGE][PASSED] - Object: 'Object Repository/PM/PM-Button' is clicked on

2024-09-29 11:19:40 - [MESSAGE][PASSED] - Switched to window with index: '2'

2024-09-29 11:19:40 - [MESSAGE][PASSED] - Object: 'Object Repository/PM/Huawei-vendor/Data-view/TopX' is clicked on

2024-09-29 11:19:40 - [MESSAGE][PASSED] - Object: 'Object Repository/PM/Huawei-vendor/Technology/Technology-Arrow' is clicked on

2024-09-29 11:19:40 - [MESSAGE][PASSED] - Object: 'Object Repository/PM/Huawei-vendor/Technology/2G' is clicked on

2024-09-29 11:19:40 - [MESSAGE][PASSED] - Object: 'Object Repository/PM/Huawei-vendor/TopX/TopX Object Type' is clicked on

2024-09-29 11:19:41 - [MESSAGE][PASSED] - Delayed 1 second(s)

2024-09-29 11:19:42 - [MESSAGE][PASSED] - Object: 'Object Repository/PM/Huawei-vendor/Object-Type/TopX Object Types/TopX BSCs/TopX BSC' is clicked on

2024-09-29 11:19:43 - [MESSAGE][PASSED] - Delayed 1 second(s)

2024-09-29 11:19:43 - [MESSAGE][WARNING] - Timeout '0' is invalid. Using default page load timeout: '120'

2024-09-29 11:19:43 - [MESSAGE][PASSED] - Scroll to object 'Object Repository/PM/Huawei-vendor/Object Border' successfully

2024-09-29 11:19:43 - [MESSAGE][PASSED] - Object: 'Object Repository/PM/Huawei-vendor/Object-Type/TopX Object Types/TopX BSCs/TopX BSC Ader' is clicked on

2024-09-29 11:19:43 - [MESSAGE][PASSED] - Object: 'Object Repository/PM/Huawei-vendor/Object-Type/TopX Object Types/TopX BSCs/TopX BSC Fifa' is clicked on

2024-09-29 11:19:43 - [MESSAGE][PASSED] - Object: 'Object Repository/PM/Huawei-vendor/Object-Type/TopX Object Types/TopX BSCs/2G/TopX BSC Maan_R' is clicked on

2024-09-29 11:19:43 - [MESSAGE][PASSED] - Object: 'Object Repository/PM/Huawei-vendor/Object-Type/TopX Object Types/TopX BSCs/TopX BSC AA 01' is clicked on

2024-09-29 11:19:44 - [MESSAGE][PASSED] - Object: 'Object Repository/PM/Huawei-vendor/Object-Type/TopX Object Types/TopX BSCs/2G/TopX BSC AA 02' is clicked on

2024-09-29 11:19:44 - [MESSAGE][WARNING] - Timeout '0' is invalid. Using default page load timeout: '120'

2024-09-29 11:19:44 - [MESSAGE][PASSED] - Scroll to object 'Object Repository/PM/Huawei-vendor/LowXlabel' successfully

2024-09-29 11:19:44 - [MESSAGE][PASSED] - Object: 'Object Repository/PM/Huawei-vendor/Resolution Temp/Select Resolution temp' is clicked on

2024-09-29 11:19:44 - [MESSAGE][PASSED] - Object: 'Object Repository/PM/Huawei-vendor/Resolution Temp/Resolution Temp Daily' is clicked on

2024-09-29 11:19:44 - [MESSAGE][PASSED] - Object: 'Object Repository/PM/Huawei-vendor/TopX/TopXDate/BeforeDate' is clicked on

2024-09-29 11:19:45 - [MESSAGE][PASSED] - Delayed 1 second(s)

2024-09-29 11:19:45 - [MESSAGE][PASSED] - Object: 'Object Repository/PM/Huawei-vendor/TopX/TopXDate/Choose Month' is clicked on

2024-09-29 11:19:46 - [MESSAGE][PASSED] - Delayed 1 second(s)

2024-09-29 11:19:47 - [MESSAGE][PASSED] - Object: 'Object Repository/PM/Huawei-vendor/TopX/TopXDate/Feb' is clicked on

2024-09-29 11:19:47 - [MESSAGE][PASSED] - Object: 'Object Repository/PM/Huawei-vendor/TopX/TopXDate/Day 1' is clicked on

2024-09-29 11:19:47 - [MESSAGE][PASSED] - Object: 'Object Repository/PM/Huawei-vendor/TopX/TopXDate/Button OK' is clicked on

2024-09-29 11:19:47 - [MESSAGE][PASSED] - Object: 'Object Repository/PM/Huawei-vendor/TopX/TopXDate/After Date' is clicked on

2024-09-29 11:19:48 - [MESSAGE][PASSED] - Delayed 1 second(s)

2024-09-29 11:19:48 - [MESSAGE][PASSED] - Object: 'Object Repository/PM/Huawei-vendor/TopX/TopXDate/Choose Month' is clicked on

2024-09-29 11:19:49 - [MESSAGE][PASSED] - Delayed 1 second(s)

2024-09-29 11:19:50 - [MESSAGE][PASSED] - Object: 'Object Repository/PM/Huawei-vendor/TopX/TopXDate/Feb' is clicked on

2024-09-29 11:19:50 - [MESSAGE][PASSED] - Object: 'Object Repository/PM/Huawei-vendor/TopX/TopXDate/Day 7' is clicked on

2024-09-29 11:19:50 - [MESSAGE][PASSED] - Object: 'Object Repository/PM/Huawei-vendor/TopX/TopXDate/Button OK' is clicked on

2024-09-29 11:19:50 - [MESSAGE][PASSED] - Object: 'Object Repository/PM/Huawei-vendor/Apply-Button' is clicked on

2024-09-29 11:19:50 - [MESSAGE][WARNING] - Timeout '0' is invalid. Using default page load timeout: '120'

2024-09-29 11:19:50 - [MESSAGE][PASSED] - Web element with id: 'Object Repository/PM/Huawei-vendor/Error' located by 'By.xpath: //div[@class='toast-summary title-medium-m']' is not present after '120' second(s)

2024-09-29 11:19:50 - [MESSAGE][WARNING] - Timeout '0' is invalid. Using default page load timeout: '120'

2024-09-29 11:19:52 - [MESSAGE][PASSED] - Object 'Object Repository/PM/Huawei-vendor/Chart' is present

2024-09-29 11:19:52 - [MESSAGE][WARNING] - Timeout '0' is invalid. Using default page load timeout: '120'

2024-09-29 11:19:52 - [MESSAGE][PASSED] - Object 'Object Repository/PM/Huawei-vendor/TopX/Table View' is present

2024-09-29 11:19:53 - [MESSAGE][PASSED] - Object: 'Object Repository/PM/Huawei-vendor/TopX/Table View' is clicked on

2024-09-29 11:19:53 - [MESSAGE][PASSED] - Object: 'Object Repository/PM/Huawei-vendor/TopX/Reordering the table view' is clicked on

2024-09-29 11:19:53 - [MESSAGE][PASSED] - Object: 'Object Repository/PM/Huawei-vendor/TopX/Table View Filter ICon' is clicked on

2024-09-29 11:19:53 - [MESSAGE][PASSED] - Object: 'Object Repository/PM/Huawei-vendor/TopX/TableView CheckBox' is clicked on

2024-09-29 11:19:53 - [MESSAGE][PASSED] - Object: 'Object Repository/PM/Huawei-vendor/TopX/Table View Resolution' is clicked on

2024-09-29 11:19:53 - [MESSAGE][PASSED] - Object: 'Object Repository/PM/Huawei-vendor/TopX/Table view Resolution Hourly' is clicked on

2024-09-29 11:19:54 - [MESSAGE][PASSED] - Object: 'Object Repository/PM/Huawei-vendor/TopX/Table View Start Date' is clicked on

2024-09-29 11:19:54 - [MESSAGE][PASSED] - Keys '02/01/2024' sent to object: 'Object Repository/PM/Huawei-vendor/TopX/Table View Start Date'

2024-09-29 11:19:54 - [MESSAGE][PASSED] - Object: 'Object Repository/PM/Huawei-vendor/TopX/Table View End Date' is clicked on

2024-09-29 11:19:54 - [MESSAGE][PASSED] - Keys '02/07/2024' sent to object: 'Object Repository/PM/Huawei-vendor/TopX/Table View End Date'

2024-09-29 11:19:55 - [MESSAGE][PASSED] - Object: 'Object Repository/PM/Huawei-vendor/TopX/Table View Show on map' is clicked on

2024-09-29 11:19:55 - [MESSAGE][WARNING] - Timeout '0' is invalid. Using default page load timeout: '120'

2024-09-29 11:19:55 - [MESSAGE][PASSED] - Web element with id: 'Object Repository/PM/Huawei-vendor/Error' located by 'By.xpath: //div[@class='toast-summary title-medium-m']' is not present after '120' second(s)

2024-09-29 11:19:55 - [MESSAGE][PASSED] - Switched to window with index: '3'

2024-09-29 11:19:55 - [MESSAGE][WARNING] - Timeout '0' is invalid. Using default page load timeout: '120'

2024-09-29 11:20:06 - [MESSAGE][PASSED] - Object 'Object Repository/PM/Huawei-vendor/TopX/Map' is present

2024-09-29 11:20:06 - [MESSAGE][WARNING] - Timeout '0' is invalid. Using default page load timeout: '120'

2024-09-29 11:20:06 - [MESSAGE][PASSED] - Web element with id: 'Object Repository/PM/Huawei-vendor/Error' located by 'By.xpath: //div[@class='toast-summary title-medium-m']' is not present after '120' second(s)

2024-09-29 11:20:07 - [MESSAGE][PASSED] - Window with index 3 is closed

2024-09-29 11:20:07 - [MESSAGE][PASSED] - Switched to window with index: '2'

2024-09-29 11:20:07 - [MESSAGE][PASSED] - Object: 'Object Repository/PM/Huawei-vendor/TopX/Table view Show stats' is clicked on

2024-09-29 11:20:07 - [MESSAGE][WARNING] - Timeout '0' is invalid. Using default page load timeout: '120'

2024-09-29 11:20:07 - [MESSAGE][PASSED] - Web element with id: 'Object Repository/PM/Huawei-vendor/Error' located by 'By.xpath: //div[@class='toast-summary title-medium-m']' is not present after '120' second(s)

2024-09-29 11:20:07 - [MESSAGE][PASSED] - Switched to window with index: '3'

2024-09-29 11:20:07 - [MESSAGE][WARNING] - Timeout '0' is invalid. Using default page load timeout: '120'

2024-09-29 11:20:09 - [MESSAGE][PASSED] - Object 'Object Repository/PM/Huawei-vendor/Stats Export Chart' is present

2024-09-29 11:20:10 - [MESSAGE][PASSED] - Browser is closed

2024-09-29 11:20:10 - [MESSAGE][PASSED] - PMHwaueiTopX.TopX is PASSED

2024-09-29 11:20:10 - [TEST_STEP][PASSED] - Start tear down : tearDownTestCase: Method 'tearDownTestCase' complete successfully

2024-09-29 11:20:10 - [TEST_STEP][PASSED] - closeBrowser(): Browser is closed

2024-09-29 11:20:10 - [MESSAGE][PASSED] - Browser is closed

2024-09-29 11:20:10 - [MESSAGE][PASSED] - Method 'tearDownTestCase' complete successfully]]></system-out>
         <system-err><![CDATA[]]></system-err>
      </testcase>
      <testcase name="Test Cases/PM/Hwauei/TopX/2G TopX/XBSC/TopX 2G BSC DailyBH" time="51.958" classname="Test Cases/PM/Hwauei/TopX/2G TopX/XBSC/TopX 2G BSC DailyBH" status="PASSED">
         <system-out><![CDATA[2024-09-29 11:20:10 - [TEST_CASE][PASSED] - Test Cases/PM/Hwauei/TopX/2G TopX/XBSC/TopX 2G BSC DailyBH: Test Cases/PM/Hwauei/TopX/2G TopX/XBSC/TopX 2G BSC DailyBH

2024-09-29 11:20:10 - [TEST_STEP][PASSED] - callTestCase(findTestCase("LoginNew"), [:], STOP_ON_FAILURE): Call Test Case 'Test Cases/LoginNew' successfully

2024-09-29 11:20:10 - [TEST_CASE][PASSED] - Test Cases/LoginNew: Test Cases/LoginNew

2024-09-29 11:20:10 - [TEST_STEP][PASSED] - driver = general.start(SwagerURL, NetCellURL): general.start is PASSED

2024-09-29 11:20:10 - [MESSAGE][INFO] - >>> chromeDriverPath=C:\Users\FatimaIbeid\.katalon\packages\Katalon_Studio_Windows_64-8.6.9\Katalon_Studio_Windows_64-8.6.9\configuration\resources\drivers\chromedriver_win32\chromedriver.exe

2024-09-29 11:20:12 - [MESSAGE][PASSED] - Current window maximized

2024-09-29 11:20:12 - [MESSAGE][PASSED] - Execute JavaScript 'window.open();' successfully

2024-09-29 11:20:13 - [MESSAGE][PASSED] - Switched to window with index: '1'

2024-09-29 11:20:26 - [MESSAGE][PASSED] - general.start is PASSED

2024-09-29 11:20:26 - [TEST_STEP][PASSED] - delay(1): Delayed 1 second(s)

2024-09-29 11:20:27 - [MESSAGE][PASSED] - Delayed 1 second(s)

2024-09-29 11:20:27 - [TEST_STEP][PASSED] - sendKeys(findTestObject("Object Repository/Login/EnterEmail2"), "homam@zztjg.onmicrosoft.com"): Keys 'homam@zztjg.onmicrosoft.com' sent to object: 'Object Repository/Login/EnterEmail2'

2024-09-29 11:20:27 - [MESSAGE][PASSED] - Keys 'homam@zztjg.onmicrosoft.com' sent to object: 'Object Repository/Login/EnterEmail2'

2024-09-29 11:20:27 - [TEST_STEP][PASSED] - delay(1): Delayed 1 second(s)

2024-09-29 11:20:28 - [MESSAGE][PASSED] - Delayed 1 second(s)

2024-09-29 11:20:28 - [TEST_STEP][PASSED] - sendKeys(findTestObject("Object Repository/Login/EnterPassword2"), "P@ssw0rd"): Keys 'P@ssw0rd' sent to object: 'Object Repository/Login/EnterPassword2'

2024-09-29 11:20:28 - [MESSAGE][PASSED] - Keys 'P@ssw0rd' sent to object: 'Object Repository/Login/EnterPassword2'

2024-09-29 11:20:28 - [TEST_STEP][PASSED] - delay(1): Delayed 1 second(s)

2024-09-29 11:20:29 - [MESSAGE][PASSED] - Delayed 1 second(s)

2024-09-29 11:20:29 - [TEST_STEP][PASSED] - click(findTestObject("Object Repository/Login/LoginButton2")): Object: 'Object Repository/Login/LoginButton2' is clicked on

2024-09-29 11:20:29 - [MESSAGE][PASSED] - Object: 'Object Repository/Login/LoginButton2' is clicked on

2024-09-29 11:20:29 - [TEST_STEP][PASSED] - delay(1): Delayed 1 second(s)

2024-09-29 11:20:30 - [MESSAGE][PASSED] - Delayed 1 second(s)

2024-09-29 11:20:30 - [TEST_STEP][PASSED] - waitForElementPresent(findTestObject("Object Repository/Login/welcome To NetCell"), 0): Object 'Object Repository/Login/welcome To NetCell' is present

2024-09-29 11:20:30 - [MESSAGE][WARNING] - Timeout '0' is invalid. Using default page load timeout: '120'

2024-09-29 11:20:30 - [MESSAGE][PASSED] - Object 'Object Repository/Login/welcome To NetCell' is present

2024-09-29 11:20:30 - [MESSAGE][PASSED] - Call Test Case 'Test Cases/LoginNew' successfully

2024-09-29 11:20:30 - [TEST_STEP][PASSED] - switchToWindowIndex(1): Switched to window with index: '1'

2024-09-29 11:20:30 - [MESSAGE][PASSED] - Switched to window with index: '1'

2024-09-29 11:20:30 - [TEST_STEP][PASSED] - PMHwaueiTopX.TopX("2G", "BSC", false, "DailyBH", false, null): PMHwaueiTopX.TopX is PASSED

2024-09-29 11:20:31 - [MESSAGE][PASSED] - Object: 'Object Repository/PM/PM-Button' is clicked on

2024-09-29 11:20:31 - [MESSAGE][PASSED] - Switched to window with index: '2'

2024-09-29 11:20:31 - [MESSAGE][PASSED] - Object: 'Object Repository/PM/Huawei-vendor/Data-view/TopX' is clicked on

2024-09-29 11:20:32 - [MESSAGE][PASSED] - Object: 'Object Repository/PM/Huawei-vendor/Technology/Technology-Arrow' is clicked on

2024-09-29 11:20:32 - [MESSAGE][PASSED] - Object: 'Object Repository/PM/Huawei-vendor/Technology/2G' is clicked on

2024-09-29 11:20:32 - [MESSAGE][PASSED] - Object: 'Object Repository/PM/Huawei-vendor/TopX/TopX Object Type' is clicked on

2024-09-29 11:20:33 - [MESSAGE][PASSED] - Delayed 1 second(s)

2024-09-29 11:20:33 - [MESSAGE][PASSED] - Object: 'Object Repository/PM/Huawei-vendor/Object-Type/TopX Object Types/TopX BSCs/TopX BSC' is clicked on

2024-09-29 11:20:34 - [MESSAGE][PASSED] - Delayed 1 second(s)

2024-09-29 11:20:34 - [MESSAGE][WARNING] - Timeout '0' is invalid. Using default page load timeout: '120'

2024-09-29 11:20:34 - [MESSAGE][PASSED] - Scroll to object 'Object Repository/PM/Huawei-vendor/Object Border' successfully

2024-09-29 11:20:34 - [MESSAGE][PASSED] - Object: 'Object Repository/PM/Huawei-vendor/Object-Type/TopX Object Types/TopX BSCs/TopX BSC Ader' is clicked on

2024-09-29 11:20:35 - [MESSAGE][PASSED] - Object: 'Object Repository/PM/Huawei-vendor/Object-Type/TopX Object Types/TopX BSCs/TopX BSC Fifa' is clicked on

2024-09-29 11:20:35 - [MESSAGE][PASSED] - Object: 'Object Repository/PM/Huawei-vendor/Object-Type/TopX Object Types/TopX BSCs/2G/TopX BSC Maan_R' is clicked on

2024-09-29 11:20:35 - [MESSAGE][PASSED] - Object: 'Object Repository/PM/Huawei-vendor/Object-Type/TopX Object Types/TopX BSCs/TopX BSC AA 01' is clicked on

2024-09-29 11:20:35 - [MESSAGE][PASSED] - Object: 'Object Repository/PM/Huawei-vendor/Object-Type/TopX Object Types/TopX BSCs/2G/TopX BSC AA 02' is clicked on

2024-09-29 11:20:35 - [MESSAGE][WARNING] - Timeout '0' is invalid. Using default page load timeout: '120'

2024-09-29 11:20:35 - [MESSAGE][PASSED] - Scroll to object 'Object Repository/PM/Huawei-vendor/LowXlabel' successfully

2024-09-29 11:20:35 - [MESSAGE][PASSED] - Object: 'Object Repository/PM/Huawei-vendor/Resolution Temp/Select Resolution temp' is clicked on

2024-09-29 11:20:36 - [MESSAGE][PASSED] - Object: 'Object Repository/PM/Huawei-vendor/Resolution Temp/Resolution Temp DailyBH' is clicked on

2024-09-29 11:20:36 - [MESSAGE][PASSED] - Object: 'Object Repository/PM/Huawei-vendor/TopX/TopXDate/BeforeDate' is clicked on

2024-09-29 11:20:37 - [MESSAGE][PASSED] - Delayed 1 second(s)

2024-09-29 11:20:37 - [MESSAGE][PASSED] - Object: 'Object Repository/PM/Huawei-vendor/TopX/TopXDate/Choose Month' is clicked on

2024-09-29 11:20:38 - [MESSAGE][PASSED] - Delayed 1 second(s)

2024-09-29 11:20:38 - [MESSAGE][PASSED] - Object: 'Object Repository/PM/Huawei-vendor/TopX/TopXDate/Feb' is clicked on

2024-09-29 11:20:38 - [MESSAGE][PASSED] - Object: 'Object Repository/PM/Huawei-vendor/TopX/TopXDate/Day 1' is clicked on

2024-09-29 11:20:39 - [MESSAGE][PASSED] - Object: 'Object Repository/PM/Huawei-vendor/TopX/TopXDate/Button OK' is clicked on

2024-09-29 11:20:39 - [MESSAGE][PASSED] - Object: 'Object Repository/PM/Huawei-vendor/TopX/TopXDate/After Date' is clicked on

2024-09-29 11:20:40 - [MESSAGE][PASSED] - Delayed 1 second(s)

2024-09-29 11:20:40 - [MESSAGE][PASSED] - Object: 'Object Repository/PM/Huawei-vendor/TopX/TopXDate/Choose Month' is clicked on

2024-09-29 11:20:41 - [MESSAGE][PASSED] - Delayed 1 second(s)

2024-09-29 11:20:41 - [MESSAGE][PASSED] - Object: 'Object Repository/PM/Huawei-vendor/TopX/TopXDate/Feb' is clicked on

2024-09-29 11:20:42 - [MESSAGE][PASSED] - Object: 'Object Repository/PM/Huawei-vendor/TopX/TopXDate/Day 7' is clicked on

2024-09-29 11:20:42 - [MESSAGE][PASSED] - Object: 'Object Repository/PM/Huawei-vendor/TopX/TopXDate/Button OK' is clicked on

2024-09-29 11:20:42 - [MESSAGE][PASSED] - Object: 'Object Repository/PM/Huawei-vendor/Apply-Button' is clicked on

2024-09-29 11:20:42 - [MESSAGE][WARNING] - Timeout '0' is invalid. Using default page load timeout: '120'

2024-09-29 11:20:42 - [MESSAGE][PASSED] - Web element with id: 'Object Repository/PM/Huawei-vendor/Error' located by 'By.xpath: //div[@class='toast-summary title-medium-m']' is not present after '120' second(s)

2024-09-29 11:20:42 - [MESSAGE][WARNING] - Timeout '0' is invalid. Using default page load timeout: '120'

2024-09-29 11:20:44 - [MESSAGE][PASSED] - Object 'Object Repository/PM/Huawei-vendor/Chart' is present

2024-09-29 11:20:44 - [MESSAGE][WARNING] - Timeout '0' is invalid. Using default page load timeout: '120'

2024-09-29 11:20:44 - [MESSAGE][PASSED] - Object 'Object Repository/PM/Huawei-vendor/TopX/Table View' is present

2024-09-29 11:20:44 - [MESSAGE][PASSED] - Object: 'Object Repository/PM/Huawei-vendor/TopX/Table View' is clicked on

2024-09-29 11:20:44 - [MESSAGE][PASSED] - Object: 'Object Repository/PM/Huawei-vendor/TopX/Reordering the table view' is clicked on

2024-09-29 11:20:44 - [MESSAGE][PASSED] - Object: 'Object Repository/PM/Huawei-vendor/TopX/Table View Filter ICon' is clicked on

2024-09-29 11:20:45 - [MESSAGE][PASSED] - Object: 'Object Repository/PM/Huawei-vendor/TopX/TableView CheckBox' is clicked on

2024-09-29 11:20:45 - [MESSAGE][PASSED] - Object: 'Object Repository/PM/Huawei-vendor/TopX/Table View Resolution' is clicked on

2024-09-29 11:20:45 - [MESSAGE][PASSED] - Object: 'Object Repository/PM/Huawei-vendor/TopX/Table view Resolution Daily' is clicked on

2024-09-29 11:20:45 - [MESSAGE][PASSED] - Object: 'Object Repository/PM/Huawei-vendor/TopX/Table View Start Date' is clicked on

2024-09-29 11:20:45 - [MESSAGE][PASSED] - Keys '02/01/2024' sent to object: 'Object Repository/PM/Huawei-vendor/TopX/Table View Start Date'

2024-09-29 11:20:46 - [MESSAGE][PASSED] - Object: 'Object Repository/PM/Huawei-vendor/TopX/Table View End Date' is clicked on

2024-09-29 11:20:46 - [MESSAGE][PASSED] - Keys '02/07/2024' sent to object: 'Object Repository/PM/Huawei-vendor/TopX/Table View End Date'

2024-09-29 11:20:46 - [MESSAGE][PASSED] - Object: 'Object Repository/PM/Huawei-vendor/TopX/Table View Show on map' is clicked on

2024-09-29 11:20:46 - [MESSAGE][WARNING] - Timeout '0' is invalid. Using default page load timeout: '120'

2024-09-29 11:20:46 - [MESSAGE][PASSED] - Web element with id: 'Object Repository/PM/Huawei-vendor/Error' located by 'By.xpath: //div[@class='toast-summary title-medium-m']' is not present after '120' second(s)

2024-09-29 11:20:47 - [MESSAGE][PASSED] - Switched to window with index: '3'

2024-09-29 11:20:47 - [MESSAGE][WARNING] - Timeout '0' is invalid. Using default page load timeout: '120'

2024-09-29 11:20:58 - [MESSAGE][PASSED] - Object 'Object Repository/PM/Huawei-vendor/TopX/Map' is present

2024-09-29 11:20:58 - [MESSAGE][WARNING] - Timeout '0' is invalid. Using default page load timeout: '120'

2024-09-29 11:20:58 - [MESSAGE][PASSED] - Web element with id: 'Object Repository/PM/Huawei-vendor/Error' located by 'By.xpath: //div[@class='toast-summary title-medium-m']' is not present after '120' second(s)

2024-09-29 11:20:59 - [MESSAGE][PASSED] - Window with index 3 is closed

2024-09-29 11:20:59 - [MESSAGE][PASSED] - Switched to window with index: '2'

2024-09-29 11:20:59 - [MESSAGE][PASSED] - Object: 'Object Repository/PM/Huawei-vendor/TopX/Table view Show stats' is clicked on

2024-09-29 11:20:59 - [MESSAGE][WARNING] - Timeout '0' is invalid. Using default page load timeout: '120'

2024-09-29 11:20:59 - [MESSAGE][PASSED] - Web element with id: 'Object Repository/PM/Huawei-vendor/Error' located by 'By.xpath: //div[@class='toast-summary title-medium-m']' is not present after '120' second(s)

2024-09-29 11:20:59 - [MESSAGE][PASSED] - Switched to window with index: '3'

2024-09-29 11:20:59 - [MESSAGE][WARNING] - Timeout '0' is invalid. Using default page load timeout: '120'

2024-09-29 11:21:01 - [MESSAGE][PASSED] - Object 'Object Repository/PM/Huawei-vendor/Stats Export Chart' is present

2024-09-29 11:21:02 - [MESSAGE][PASSED] - Browser is closed

2024-09-29 11:21:02 - [MESSAGE][PASSED] - PMHwaueiTopX.TopX is PASSED

2024-09-29 11:21:02 - [TEST_STEP][PASSED] - Start tear down : tearDownTestCase: Method 'tearDownTestCase' complete successfully

2024-09-29 11:21:02 - [TEST_STEP][PASSED] - closeBrowser(): Browser is closed

2024-09-29 11:21:02 - [MESSAGE][PASSED] - Browser is closed

2024-09-29 11:21:02 - [MESSAGE][PASSED] - Method 'tearDownTestCase' complete successfully]]></system-out>
         <system-err><![CDATA[]]></system-err>
      </testcase>
      <testcase name="Test Cases/PM/Hwauei/TopX/2G TopX/XCluster/TopX 2G Cluster default" time="62.822" classname="Test Cases/PM/Hwauei/TopX/2G TopX/XCluster/TopX 2G Cluster default" status="PASSED">
         <system-out><![CDATA[2024-09-29 11:21:02 - [TEST_CASE][PASSED] - Test Cases/PM/Hwauei/TopX/2G TopX/XCluster/TopX 2G Cluster default: Test Cases/PM/Hwauei/TopX/2G TopX/XCluster/TopX 2G Cluster default

2024-09-29 11:21:02 - [TEST_STEP][PASSED] - callTestCase(findTestCase("LoginNew"), [:], STOP_ON_FAILURE): Call Test Case 'Test Cases/LoginNew' successfully

2024-09-29 11:21:02 - [TEST_CASE][PASSED] - Test Cases/LoginNew: Test Cases/LoginNew

2024-09-29 11:21:02 - [TEST_STEP][PASSED] - driver = general.start(SwagerURL, NetCellURL): general.start is PASSED

2024-09-29 11:21:02 - [MESSAGE][INFO] - >>> chromeDriverPath=C:\Users\FatimaIbeid\.katalon\packages\Katalon_Studio_Windows_64-8.6.9\Katalon_Studio_Windows_64-8.6.9\configuration\resources\drivers\chromedriver_win32\chromedriver.exe

2024-09-29 11:21:04 - [MESSAGE][PASSED] - Current window maximized

2024-09-29 11:21:04 - [MESSAGE][PASSED] - Execute JavaScript 'window.open();' successfully

2024-09-29 11:21:04 - [MESSAGE][PASSED] - Switched to window with index: '1'

2024-09-29 11:21:16 - [MESSAGE][PASSED] - general.start is PASSED

2024-09-29 11:21:16 - [TEST_STEP][PASSED] - delay(1): Delayed 1 second(s)

2024-09-29 11:21:17 - [MESSAGE][PASSED] - Delayed 1 second(s)

2024-09-29 11:21:17 - [TEST_STEP][PASSED] - sendKeys(findTestObject("Object Repository/Login/EnterEmail2"), "homam@zztjg.onmicrosoft.com"): Keys 'homam@zztjg.onmicrosoft.com' sent to object: 'Object Repository/Login/EnterEmail2'

2024-09-29 11:21:17 - [MESSAGE][PASSED] - Keys 'homam@zztjg.onmicrosoft.com' sent to object: 'Object Repository/Login/EnterEmail2'

2024-09-29 11:21:17 - [TEST_STEP][PASSED] - delay(1): Delayed 1 second(s)

2024-09-29 11:21:18 - [MESSAGE][PASSED] - Delayed 1 second(s)

2024-09-29 11:21:18 - [TEST_STEP][PASSED] - sendKeys(findTestObject("Object Repository/Login/EnterPassword2"), "P@ssw0rd"): Keys 'P@ssw0rd' sent to object: 'Object Repository/Login/EnterPassword2'

2024-09-29 11:21:18 - [MESSAGE][PASSED] - Keys 'P@ssw0rd' sent to object: 'Object Repository/Login/EnterPassword2'

2024-09-29 11:21:18 - [TEST_STEP][PASSED] - delay(1): Delayed 1 second(s)

2024-09-29 11:21:19 - [MESSAGE][PASSED] - Delayed 1 second(s)

2024-09-29 11:21:19 - [TEST_STEP][PASSED] - click(findTestObject("Object Repository/Login/LoginButton2")): Object: 'Object Repository/Login/LoginButton2' is clicked on

2024-09-29 11:21:19 - [MESSAGE][PASSED] - Object: 'Object Repository/Login/LoginButton2' is clicked on

2024-09-29 11:21:19 - [TEST_STEP][PASSED] - delay(1): Delayed 1 second(s)

2024-09-29 11:21:20 - [MESSAGE][PASSED] - Delayed 1 second(s)

2024-09-29 11:21:20 - [TEST_STEP][PASSED] - waitForElementPresent(findTestObject("Object Repository/Login/welcome To NetCell"), 0): Object 'Object Repository/Login/welcome To NetCell' is present

2024-09-29 11:21:21 - [MESSAGE][WARNING] - Timeout '0' is invalid. Using default page load timeout: '120'

2024-09-29 11:21:21 - [MESSAGE][PASSED] - Object 'Object Repository/Login/welcome To NetCell' is present

2024-09-29 11:21:21 - [MESSAGE][PASSED] - Call Test Case 'Test Cases/LoginNew' successfully

2024-09-29 11:21:21 - [TEST_STEP][PASSED] - switchToWindowIndex(1): Switched to window with index: '1'

2024-09-29 11:21:21 - [MESSAGE][PASSED] - Switched to window with index: '1'

2024-09-29 11:21:21 - [TEST_STEP][PASSED] - PMHwaueiTopX.TopX("2G", "Cluster", false, "Hourly", false, null): PMHwaueiTopX.TopX is PASSED

2024-09-29 11:21:21 - [MESSAGE][PASSED] - Object: 'Object Repository/PM/PM-Button' is clicked on

2024-09-29 11:21:21 - [MESSAGE][PASSED] - Switched to window with index: '2'

2024-09-29 11:21:21 - [MESSAGE][PASSED] - Object: 'Object Repository/PM/Huawei-vendor/Data-view/TopX' is clicked on

2024-09-29 11:21:22 - [MESSAGE][PASSED] - Object: 'Object Repository/PM/Huawei-vendor/Technology/Technology-Arrow' is clicked on

2024-09-29 11:21:22 - [MESSAGE][PASSED] - Object: 'Object Repository/PM/Huawei-vendor/Technology/2G' is clicked on

2024-09-29 11:21:22 - [MESSAGE][PASSED] - Object: 'Object Repository/PM/Huawei-vendor/TopX/TopX Object Type' is clicked on

2024-09-29 11:21:23 - [MESSAGE][PASSED] - Delayed 1 second(s)

2024-09-29 11:21:23 - [MESSAGE][PASSED] - Object: 'Object Repository/PM/Huawei-vendor/Object-Type/TopX Object Types/TopX Clusters/TopX Cluster' is clicked on

2024-09-29 11:21:24 - [MESSAGE][PASSED] - Delayed 1 second(s)

2024-09-29 11:21:24 - [MESSAGE][WARNING] - Timeout '0' is invalid. Using default page load timeout: '120'

2024-09-29 11:21:24 - [MESSAGE][PASSED] - Scroll to object 'Object Repository/PM/Huawei-vendor/Object Border' successfully

2024-09-29 11:21:24 - [MESSAGE][PASSED] - Object: 'Object Repository/PM/Huawei-vendor/Object-Type/TopX Object Types/TopX Sites/TopX East Amman Arrow' is clicked on

2024-09-29 11:21:25 - [MESSAGE][PASSED] - Object: 'Object Repository/PM/Huawei-vendor/Object-Type/TopX Object Types/TopX Cluster Bands/TopX East Amman Cluster 3' is clicked on

2024-09-29 11:21:25 - [MESSAGE][PASSED] - Object: 'Object Repository/PM/Huawei-vendor/Object-Type/TopX Object Types/TopX Cluster Bands/TopX East Amman Cluster 13' is clicked on

2024-09-29 11:21:25 - [MESSAGE][PASSED] - Object: 'Object Repository/PM/Huawei-vendor/Object-Type/TopX Object Types/TopX Sites/TopX East Amman CloseArrow' is clicked on

2024-09-29 11:21:25 - [MESSAGE][PASSED] - Object: 'Object Repository/PM/Huawei-vendor/Object-Type/TopX Object Types/TopX Sites/TopX West Amman Arrow' is clicked on

2024-09-29 11:21:25 - [MESSAGE][PASSED] - Object: 'Object Repository/PM/Huawei-vendor/Object-Type/TopX Object Types/TopX Cluster Bands/TopX West Amman Cluster 2' is clicked on

2024-09-29 11:21:25 - [MESSAGE][PASSED] - Object: 'Object Repository/PM/Huawei-vendor/Object-Type/TopX Object Types/TopX Cluster Bands/TopX West Amman Cluster 5' is clicked on

2024-09-29 11:21:26 - [MESSAGE][PASSED] - Object: 'Object Repository/PM/Huawei-vendor/Object-Type/TopX Object Types/TopX Sites/TopX West Amman CloseArrow' is clicked on

2024-09-29 11:21:26 - [MESSAGE][PASSED] - Object: 'Object Repository/PM/Huawei-vendor/Object-Type/TopX Object Types/TopX Sites/TopX North Jordan Arrow' is clicked on

2024-09-29 11:21:26 - [MESSAGE][PASSED] - Object: 'Object Repository/PM/Huawei-vendor/Object-Type/TopX Object Types/TopX Cluster Bands/TopX North Jordan Cluster 4' is clicked on

2024-09-29 11:21:26 - [MESSAGE][PASSED] - Object: 'Object Repository/PM/Huawei-vendor/Object-Type/TopX Object Types/TopX Cluster Bands/TopX North Jordan Cluster 14' is clicked on

2024-09-29 11:21:26 - [MESSAGE][PASSED] - Object: 'Object Repository/PM/Huawei-vendor/Object-Type/TopX Object Types/TopX Sites/TopX North Jordan CloseArrow' is clicked on

2024-09-29 11:21:27 - [MESSAGE][PASSED] - Object: 'Object Repository/PM/Huawei-vendor/Object-Type/TopX Object Types/TopX Sites/TopX South Jordan Arrow' is clicked on

2024-09-29 11:21:27 - [MESSAGE][PASSED] - Object: 'Object Repository/PM/Huawei-vendor/Object-Type/TopX Object Types/TopX Cluster Bands/TopX South Jordan Cluster 7' is clicked on

2024-09-29 11:21:27 - [MESSAGE][PASSED] - Object: 'Object Repository/PM/Huawei-vendor/Object-Type/TopX Object Types/TopX Cluster Bands/TopX South Jordan Cluster 8' is clicked on

2024-09-29 11:21:27 - [MESSAGE][PASSED] - Object: 'Object Repository/PM/Huawei-vendor/Object-Type/TopX Object Types/TopX Sites/TopX South Jordan CloseArrow' is clicked on

2024-09-29 11:21:27 - [MESSAGE][PASSED] - Object: 'Object Repository/PM/Huawei-vendor/Object-Type/TopX Object Types/TopX Sites/TopX South Amman Arrow' is clicked on

2024-09-29 11:21:27 - [MESSAGE][PASSED] - Object: 'Object Repository/PM/Huawei-vendor/Object-Type/TopX Object Types/TopX Cluster Bands/TopX South Amman Cluster 1' is clicked on

2024-09-29 11:21:28 - [MESSAGE][PASSED] - Object: 'Object Repository/PM/Huawei-vendor/Object-Type/TopX Object Types/TopX Cluster Bands/TopX South Amman Cluster 6' is clicked on

2024-09-29 11:21:28 - [MESSAGE][PASSED] - Object: 'Object Repository/PM/Huawei-vendor/Object-Type/TopX Object Types/TopX Sites/TopX South Amman CloseArrow' is clicked on

2024-09-29 11:21:28 - [MESSAGE][PASSED] - Object: 'Object Repository/PM/Huawei-vendor/Object-Type/TopX Object Types/TopX Sites/TopX East Jordan Arrow' is clicked on

2024-09-29 11:21:28 - [MESSAGE][PASSED] - Object: 'Object Repository/PM/Huawei-vendor/Object-Type/TopX Object Types/TopX Cluster Bands/TopX East Jordan Cluster 10' is clicked on

2024-09-29 11:21:28 - [MESSAGE][PASSED] - Object: 'Object Repository/PM/Huawei-vendor/Object-Type/TopX Object Types/TopX Cluster Bands/TopX East Jordan Cluster 11' is clicked on

2024-09-29 11:21:29 - [MESSAGE][PASSED] - Object: 'Object Repository/PM/Huawei-vendor/Object-Type/TopX Object Types/TopX Sites/TopX East Jordan CloseArrow' is clicked on

2024-09-29 11:21:29 - [MESSAGE][PASSED] - Object: 'Object Repository/PM/Huawei-vendor/Object-Type/TopX Object Types/TopX Sites/TopX Others Arrow' is clicked on

2024-09-29 11:21:29 - [MESSAGE][PASSED] - Object: 'Object Repository/PM/Huawei-vendor/Object-Type/TopX Object Types/TopX Cluster Bands/TopX Others Cluster 60' is clicked on

2024-09-29 11:21:29 - [MESSAGE][PASSED] - Object: 'Object Repository/PM/Huawei-vendor/Object-Type/TopX Object Types/TopX Cluster Bands/TopX Others Cluster 61' is clicked on

2024-09-29 11:21:29 - [MESSAGE][PASSED] - Object: 'Object Repository/PM/Huawei-vendor/Object-Type/TopX Object Types/TopX Sites/TopX Others CloseArrow' is clicked on

2024-09-29 11:21:29 - [MESSAGE][WARNING] - Timeout '0' is invalid. Using default page load timeout: '120'

2024-09-29 11:21:29 - [MESSAGE][PASSED] - Scroll to object 'Object Repository/PM/Huawei-vendor/LowXlabel' successfully

2024-09-29 11:21:30 - [MESSAGE][PASSED] - Object: 'Object Repository/PM/Huawei-vendor/TopX/TopXDate/BeforeDate' is clicked on

2024-09-29 11:21:31 - [MESSAGE][PASSED] - Delayed 1 second(s)

2024-09-29 11:21:31 - [MESSAGE][PASSED] - Object: 'Object Repository/PM/Huawei-vendor/TopX/TopXDate/Choose Month' is clicked on

2024-09-29 11:21:32 - [MESSAGE][PASSED] - Delayed 1 second(s)

2024-09-29 11:21:32 - [MESSAGE][PASSED] - Object: 'Object Repository/PM/Huawei-vendor/TopX/TopXDate/Feb' is clicked on

2024-09-29 11:21:32 - [MESSAGE][PASSED] - Object: 'Object Repository/PM/Huawei-vendor/TopX/TopXDate/Day 1' is clicked on

2024-09-29 11:21:32 - [MESSAGE][PASSED] - Object: 'Object Repository/PM/Huawei-vendor/TopX/TopXDate/Button OK' is clicked on

2024-09-29 11:21:33 - [MESSAGE][PASSED] - Object: 'Object Repository/PM/Huawei-vendor/TopX/TopXDate/After Date' is clicked on

2024-09-29 11:21:34 - [MESSAGE][PASSED] - Delayed 1 second(s)

2024-09-29 11:21:34 - [MESSAGE][PASSED] - Object: 'Object Repository/PM/Huawei-vendor/TopX/TopXDate/Choose Month' is clicked on

2024-09-29 11:21:35 - [MESSAGE][PASSED] - Delayed 1 second(s)

2024-09-29 11:21:35 - [MESSAGE][PASSED] - Object: 'Object Repository/PM/Huawei-vendor/TopX/TopXDate/Feb' is clicked on

2024-09-29 11:21:35 - [MESSAGE][PASSED] - Object: 'Object Repository/PM/Huawei-vendor/TopX/TopXDate/Day 7' is clicked on

2024-09-29 11:21:35 - [MESSAGE][PASSED] - Object: 'Object Repository/PM/Huawei-vendor/TopX/TopXDate/Button OK' is clicked on

2024-09-29 11:21:36 - [MESSAGE][PASSED] - Object: 'Object Repository/PM/Huawei-vendor/Apply-Button' is clicked on

2024-09-29 11:21:36 - [MESSAGE][WARNING] - Timeout '0' is invalid. Using default page load timeout: '120'

2024-09-29 11:21:36 - [MESSAGE][PASSED] - Web element with id: 'Object Repository/PM/Huawei-vendor/Error' located by 'By.xpath: //div[@class='toast-summary title-medium-m']' is not present after '120' second(s)

2024-09-29 11:21:36 - [MESSAGE][WARNING] - Timeout '0' is invalid. Using default page load timeout: '120'

2024-09-29 11:21:37 - [MESSAGE][PASSED] - Object 'Object Repository/PM/Huawei-vendor/Chart' is present

2024-09-29 11:21:37 - [MESSAGE][WARNING] - Timeout '0' is invalid. Using default page load timeout: '120'

2024-09-29 11:21:37 - [MESSAGE][PASSED] - Object 'Object Repository/PM/Huawei-vendor/TopX/Table View' is present

2024-09-29 11:21:37 - [MESSAGE][PASSED] - Object: 'Object Repository/PM/Huawei-vendor/TopX/Table View' is clicked on

2024-09-29 11:21:37 - [MESSAGE][PASSED] - Object: 'Object Repository/PM/Huawei-vendor/TopX/Reordering the table view' is clicked on

2024-09-29 11:21:38 - [MESSAGE][PASSED] - Object: 'Object Repository/PM/Huawei-vendor/TopX/Table View Filter ICon' is clicked on

2024-09-29 11:21:38 - [MESSAGE][PASSED] - Object: 'Object Repository/PM/Huawei-vendor/TopX/TableView CheckBox' is clicked on

2024-09-29 11:21:38 - [MESSAGE][PASSED] - Object: 'Object Repository/PM/Huawei-vendor/TopX/Table View Resolution' is clicked on

2024-09-29 11:21:38 - [MESSAGE][PASSED] - Object: 'Object Repository/PM/Huawei-vendor/TopX/Table view Resolution Daily' is clicked on

2024-09-29 11:21:38 - [MESSAGE][PASSED] - Object: 'Object Repository/PM/Huawei-vendor/TopX/Table View Start Date' is clicked on

2024-09-29 11:21:39 - [MESSAGE][PASSED] - Keys '02/01/2024' sent to object: 'Object Repository/PM/Huawei-vendor/TopX/Table View Start Date'

2024-09-29 11:21:39 - [MESSAGE][PASSED] - Object: 'Object Repository/PM/Huawei-vendor/TopX/Table View End Date' is clicked on

2024-09-29 11:21:39 - [MESSAGE][PASSED] - Keys '02/07/2024' sent to object: 'Object Repository/PM/Huawei-vendor/TopX/Table View End Date'

2024-09-29 11:21:39 - [MESSAGE][PASSED] - Object: 'Object Repository/PM/Huawei-vendor/TopX/Table View Show on map' is clicked on

2024-09-29 11:21:39 - [MESSAGE][WARNING] - Timeout '0' is invalid. Using default page load timeout: '120'

2024-09-29 11:21:40 - [MESSAGE][PASSED] - Web element with id: 'Object Repository/PM/Huawei-vendor/Error' located by 'By.xpath: //div[@class='toast-summary title-medium-m']' is not present after '120' second(s)

2024-09-29 11:21:40 - [MESSAGE][PASSED] - Switched to window with index: '3'

2024-09-29 11:21:40 - [MESSAGE][WARNING] - Timeout '0' is invalid. Using default page load timeout: '120'

2024-09-29 11:21:51 - [MESSAGE][PASSED] - Object 'Object Repository/PM/Huawei-vendor/TopX/Map' is present

2024-09-29 11:21:51 - [MESSAGE][WARNING] - Timeout '0' is invalid. Using default page load timeout: '120'

2024-09-29 11:21:51 - [MESSAGE][PASSED] - Web element with id: 'Object Repository/PM/Huawei-vendor/Error' located by 'By.xpath: //div[@class='toast-summary title-medium-m']' is not present after '120' second(s)

2024-09-29 11:21:51 - [MESSAGE][PASSED] - Window with index 3 is closed

2024-09-29 11:21:51 - [MESSAGE][PASSED] - Switched to window with index: '2'

2024-09-29 11:21:52 - [MESSAGE][PASSED] - Object: 'Object Repository/PM/Huawei-vendor/TopX/Table view Show stats' is clicked on

2024-09-29 11:21:52 - [MESSAGE][WARNING] - Timeout '0' is invalid. Using default page load timeout: '120'

2024-09-29 11:21:52 - [MESSAGE][PASSED] - Web element with id: 'Object Repository/PM/Huawei-vendor/Error' located by 'By.xpath: //div[@class='toast-summary title-medium-m']' is not present after '120' second(s)

2024-09-29 11:21:52 - [MESSAGE][PASSED] - Switched to window with index: '3'

2024-09-29 11:21:52 - [MESSAGE][WARNING] - Timeout '0' is invalid. Using default page load timeout: '120'

2024-09-29 11:22:04 - [MESSAGE][PASSED] - Object 'Object Repository/PM/Huawei-vendor/Stats Export Chart' is present

2024-09-29 11:22:05 - [MESSAGE][PASSED] - Browser is closed

2024-09-29 11:22:05 - [MESSAGE][PASSED] - PMHwaueiTopX.TopX is PASSED

2024-09-29 11:22:05 - [TEST_STEP][PASSED] - Start tear down : tearDownTestCase: Method 'tearDownTestCase' complete successfully

2024-09-29 11:22:05 - [TEST_STEP][PASSED] - closeBrowser(): Browser is closed

2024-09-29 11:22:05 - [MESSAGE][PASSED] - Browser is closed

2024-09-29 11:22:05 - [MESSAGE][PASSED] - Method 'tearDownTestCase' complete successfully]]></system-out>
         <system-err><![CDATA[]]></system-err>
      </testcase>
      <testcase name="Test Cases/PM/Hwauei/TopX/2G TopX/XCluster/TopX 2G Cluster with LowX" time="48.553" classname="Test Cases/PM/Hwauei/TopX/2G TopX/XCluster/TopX 2G Cluster with LowX" status="PASSED">
         <system-out><![CDATA[2024-09-29 11:22:05 - [TEST_CASE][PASSED] - Test Cases/PM/Hwauei/TopX/2G TopX/XCluster/TopX 2G Cluster with LowX: Test Cases/PM/Hwauei/TopX/2G TopX/XCluster/TopX 2G Cluster with LowX

2024-09-29 11:22:05 - [TEST_STEP][PASSED] - callTestCase(findTestCase("LoginNew"), [:], STOP_ON_FAILURE): Call Test Case 'Test Cases/LoginNew' successfully

2024-09-29 11:22:05 - [TEST_CASE][PASSED] - Test Cases/LoginNew: Test Cases/LoginNew

2024-09-29 11:22:05 - [TEST_STEP][PASSED] - driver = general.start(SwagerURL, NetCellURL): general.start is PASSED

2024-09-29 11:22:05 - [MESSAGE][INFO] - >>> chromeDriverPath=C:\Users\FatimaIbeid\.katalon\packages\Katalon_Studio_Windows_64-8.6.9\Katalon_Studio_Windows_64-8.6.9\configuration\resources\drivers\chromedriver_win32\chromedriver.exe

2024-09-29 11:22:07 - [MESSAGE][PASSED] - Current window maximized

2024-09-29 11:22:07 - [MESSAGE][PASSED] - Execute JavaScript 'window.open();' successfully

2024-09-29 11:22:07 - [MESSAGE][PASSED] - Switched to window with index: '1'

2024-09-29 11:22:19 - [MESSAGE][PASSED] - general.start is PASSED

2024-09-29 11:22:19 - [TEST_STEP][PASSED] - delay(1): Delayed 1 second(s)

2024-09-29 11:22:20 - [MESSAGE][PASSED] - Delayed 1 second(s)

2024-09-29 11:22:20 - [TEST_STEP][PASSED] - sendKeys(findTestObject("Object Repository/Login/EnterEmail2"), "homam@zztjg.onmicrosoft.com"): Keys 'homam@zztjg.onmicrosoft.com' sent to object: 'Object Repository/Login/EnterEmail2'

2024-09-29 11:22:20 - [MESSAGE][PASSED] - Keys 'homam@zztjg.onmicrosoft.com' sent to object: 'Object Repository/Login/EnterEmail2'

2024-09-29 11:22:20 - [TEST_STEP][PASSED] - delay(1): Delayed 1 second(s)

2024-09-29 11:22:21 - [MESSAGE][PASSED] - Delayed 1 second(s)

2024-09-29 11:22:21 - [TEST_STEP][PASSED] - sendKeys(findTestObject("Object Repository/Login/EnterPassword2"), "P@ssw0rd"): Keys 'P@ssw0rd' sent to object: 'Object Repository/Login/EnterPassword2'

2024-09-29 11:22:21 - [MESSAGE][PASSED] - Keys 'P@ssw0rd' sent to object: 'Object Repository/Login/EnterPassword2'

2024-09-29 11:22:21 - [TEST_STEP][PASSED] - delay(1): Delayed 1 second(s)

2024-09-29 11:22:22 - [MESSAGE][PASSED] - Delayed 1 second(s)

2024-09-29 11:22:22 - [TEST_STEP][PASSED] - click(findTestObject("Object Repository/Login/LoginButton2")): Object: 'Object Repository/Login/LoginButton2' is clicked on

2024-09-29 11:22:23 - [MESSAGE][PASSED] - Object: 'Object Repository/Login/LoginButton2' is clicked on

2024-09-29 11:22:23 - [TEST_STEP][PASSED] - delay(1): Delayed 1 second(s)

2024-09-29 11:22:24 - [MESSAGE][PASSED] - Delayed 1 second(s)

2024-09-29 11:22:24 - [TEST_STEP][PASSED] - waitForElementPresent(findTestObject("Object Repository/Login/welcome To NetCell"), 0): Object 'Object Repository/Login/welcome To NetCell' is present

2024-09-29 11:22:24 - [MESSAGE][WARNING] - Timeout '0' is invalid. Using default page load timeout: '120'

2024-09-29 11:22:24 - [MESSAGE][PASSED] - Object 'Object Repository/Login/welcome To NetCell' is present

2024-09-29 11:22:24 - [MESSAGE][PASSED] - Call Test Case 'Test Cases/LoginNew' successfully

2024-09-29 11:22:24 - [TEST_STEP][PASSED] - switchToWindowIndex(1): Switched to window with index: '1'

2024-09-29 11:22:24 - [MESSAGE][PASSED] - Switched to window with index: '1'

2024-09-29 11:22:24 - [TEST_STEP][PASSED] - PMHwaueiTopX.TopX("2G", "Cluster", true, "Hourly", true, null): PMHwaueiTopX.TopX is PASSED

2024-09-29 11:22:24 - [MESSAGE][PASSED] - Object: 'Object Repository/PM/PM-Button' is clicked on

2024-09-29 11:22:24 - [MESSAGE][PASSED] - Switched to window with index: '2'

2024-09-29 11:22:25 - [MESSAGE][PASSED] - Object: 'Object Repository/PM/Huawei-vendor/Data-view/TopX' is clicked on

2024-09-29 11:22:25 - [MESSAGE][PASSED] - Object: 'Object Repository/PM/Huawei-vendor/Technology/Technology-Arrow' is clicked on

2024-09-29 11:22:25 - [MESSAGE][PASSED] - Object: 'Object Repository/PM/Huawei-vendor/Technology/2G' is clicked on

2024-09-29 11:22:25 - [MESSAGE][PASSED] - Object: 'Object Repository/PM/Huawei-vendor/TopX/TopX Object Type' is clicked on

2024-09-29 11:22:26 - [MESSAGE][PASSED] - Delayed 1 second(s)

2024-09-29 11:22:26 - [MESSAGE][PASSED] - Object: 'Object Repository/PM/Huawei-vendor/Object-Type/TopX Object Types/TopX Clusters/TopX Cluster' is clicked on

2024-09-29 11:22:27 - [MESSAGE][PASSED] - Delayed 1 second(s)

2024-09-29 11:22:27 - [MESSAGE][WARNING] - Timeout '0' is invalid. Using default page load timeout: '120'

2024-09-29 11:22:27 - [MESSAGE][PASSED] - Scroll to object 'Object Repository/PM/Huawei-vendor/Object Border' successfully

2024-09-29 11:22:27 - [MESSAGE][PASSED] - Object: 'Object Repository/PM/Huawei-vendor/Object-Type/TopX Object Types/TopX Regions/TopX Region East Amman' is clicked on

2024-09-29 11:22:28 - [MESSAGE][PASSED] - Object: 'Object Repository/PM/Huawei-vendor/Object-Type/TopX Object Types/TopX Regions/TopX Region West Amman' is clicked on

2024-09-29 11:22:28 - [MESSAGE][PASSED] - Object: 'Object Repository/PM/Huawei-vendor/Object-Type/TopX Object Types/TopX Regions/TopX Region South Jordan' is clicked on

2024-09-29 11:22:28 - [MESSAGE][PASSED] - Object: 'Object Repository/PM/Huawei-vendor/Object-Type/TopX Object Types/TopX Regions/TopX Region North Jordan' is clicked on

2024-09-29 11:22:28 - [MESSAGE][PASSED] - Object: 'Object Repository/PM/Huawei-vendor/Object-Type/TopX Object Types/TopX Regions/TopX Region East Jordan' is clicked on

2024-09-29 11:22:29 - [MESSAGE][PASSED] - Object: 'Object Repository/PM/Huawei-vendor/Object-Type/TopX Object Types/TopX Regions/TopX Region Others' is clicked on

2024-09-29 11:22:29 - [MESSAGE][PASSED] - Object: 'Object Repository/PM/Huawei-vendor/Object-Type/TopX Object Types/TopX Regions/TopX Region South Amman' is clicked on

2024-09-29 11:22:29 - [MESSAGE][WARNING] - Timeout '0' is invalid. Using default page load timeout: '120'

2024-09-29 11:22:29 - [MESSAGE][PASSED] - Scroll to object 'Object Repository/PM/Huawei-vendor/LowXlabel' successfully

2024-09-29 11:22:29 - [MESSAGE][PASSED] - Object: 'Object Repository/PM/Huawei-vendor/TopX/TopXDate/BeforeDate' is clicked on

2024-09-29 11:22:30 - [MESSAGE][PASSED] - Delayed 1 second(s)

2024-09-29 11:22:30 - [MESSAGE][PASSED] - Object: 'Object Repository/PM/Huawei-vendor/TopX/TopXDate/Choose Month' is clicked on

2024-09-29 11:22:31 - [MESSAGE][PASSED] - Delayed 1 second(s)

2024-09-29 11:22:31 - [MESSAGE][PASSED] - Object: 'Object Repository/PM/Huawei-vendor/TopX/TopXDate/Feb' is clicked on

2024-09-29 11:22:32 - [MESSAGE][PASSED] - Object: 'Object Repository/PM/Huawei-vendor/TopX/TopXDate/Day 1' is clicked on

2024-09-29 11:22:32 - [MESSAGE][PASSED] - Object: 'Object Repository/PM/Huawei-vendor/TopX/TopXDate/Button OK' is clicked on

2024-09-29 11:22:32 - [MESSAGE][PASSED] - Object: 'Object Repository/PM/Huawei-vendor/TopX/TopXDate/After Date' is clicked on

2024-09-29 11:22:33 - [MESSAGE][PASSED] - Delayed 1 second(s)

2024-09-29 11:22:33 - [MESSAGE][PASSED] - Object: 'Object Repository/PM/Huawei-vendor/TopX/TopXDate/Choose Month' is clicked on

2024-09-29 11:22:34 - [MESSAGE][PASSED] - Delayed 1 second(s)

2024-09-29 11:22:34 - [MESSAGE][PASSED] - Object: 'Object Repository/PM/Huawei-vendor/TopX/TopXDate/Feb' is clicked on

2024-09-29 11:22:35 - [MESSAGE][PASSED] - Object: 'Object Repository/PM/Huawei-vendor/TopX/TopXDate/Day 7' is clicked on

2024-09-29 11:22:35 - [MESSAGE][PASSED] - Object: 'Object Repository/PM/Huawei-vendor/TopX/TopXDate/Button OK' is clicked on

2024-09-29 11:22:35 - [MESSAGE][PASSED] - Object: 'Object Repository/PM/Huawei-vendor/LowXCheckBox' is clicked on

2024-09-29 11:22:35 - [MESSAGE][PASSED] - Object: 'Object Repository/PM/Huawei-vendor/Apply-Button' is clicked on

2024-09-29 11:22:35 - [MESSAGE][WARNING] - Timeout '0' is invalid. Using default page load timeout: '120'

2024-09-29 11:22:35 - [MESSAGE][PASSED] - Web element with id: 'Object Repository/PM/Huawei-vendor/Error' located by 'By.xpath: //div[@class='toast-summary title-medium-m']' is not present after '120' second(s)

2024-09-29 11:22:35 - [MESSAGE][WARNING] - Timeout '0' is invalid. Using default page load timeout: '120'

2024-09-29 11:22:36 - [MESSAGE][PASSED] - Object 'Object Repository/PM/Huawei-vendor/Chart' is present

2024-09-29 11:22:36 - [MESSAGE][WARNING] - Timeout '0' is invalid. Using default page load timeout: '120'

2024-09-29 11:22:37 - [MESSAGE][PASSED] - Object 'Object Repository/PM/Huawei-vendor/TopX/Table View' is present

2024-09-29 11:22:37 - [MESSAGE][PASSED] - Object: 'Object Repository/PM/Huawei-vendor/TopX/Table View' is clicked on

2024-09-29 11:22:37 - [MESSAGE][PASSED] - Object: 'Object Repository/PM/Huawei-vendor/TopX/Reordering the table view' is clicked on

2024-09-29 11:22:37 - [MESSAGE][PASSED] - Object: 'Object Repository/PM/Huawei-vendor/TopX/Table View Filter ICon' is clicked on

2024-09-29 11:22:37 - [MESSAGE][PASSED] - Object: 'Object Repository/PM/Huawei-vendor/TopX/TableView CheckBox' is clicked on

2024-09-29 11:22:38 - [MESSAGE][PASSED] - Object: 'Object Repository/PM/Huawei-vendor/TopX/Table View Resolution' is clicked on

2024-09-29 11:22:38 - [MESSAGE][PASSED] - Object: 'Object Repository/PM/Huawei-vendor/TopX/Table view Resolution Daily' is clicked on

2024-09-29 11:22:38 - [MESSAGE][PASSED] - Object: 'Object Repository/PM/Huawei-vendor/TopX/Table View Start Date' is clicked on

2024-09-29 11:22:38 - [MESSAGE][PASSED] - Keys '02/01/2024' sent to object: 'Object Repository/PM/Huawei-vendor/TopX/Table View Start Date'

2024-09-29 11:22:38 - [MESSAGE][PASSED] - Object: 'Object Repository/PM/Huawei-vendor/TopX/Table View End Date' is clicked on

2024-09-29 11:22:39 - [MESSAGE][PASSED] - Keys '02/07/2024' sent to object: 'Object Repository/PM/Huawei-vendor/TopX/Table View End Date'

2024-09-29 11:22:39 - [MESSAGE][PASSED] - Object: 'Object Repository/PM/Huawei-vendor/TopX/Table View Show on map' is clicked on

2024-09-29 11:22:39 - [MESSAGE][WARNING] - Timeout '0' is invalid. Using default page load timeout: '120'

2024-09-29 11:22:39 - [MESSAGE][PASSED] - Web element with id: 'Object Repository/PM/Huawei-vendor/Error' located by 'By.xpath: //div[@class='toast-summary title-medium-m']' is not present after '120' second(s)

2024-09-29 11:22:39 - [MESSAGE][PASSED] - Switched to window with index: '3'

2024-09-29 11:22:39 - [MESSAGE][WARNING] - Timeout '0' is invalid. Using default page load timeout: '120'

2024-09-29 11:22:50 - [MESSAGE][PASSED] - Object 'Object Repository/PM/Huawei-vendor/TopX/Map' is present

2024-09-29 11:22:50 - [MESSAGE][WARNING] - Timeout '0' is invalid. Using default page load timeout: '120'

2024-09-29 11:22:51 - [MESSAGE][PASSED] - Web element with id: 'Object Repository/PM/Huawei-vendor/Error' located by 'By.xpath: //div[@class='toast-summary title-medium-m']' is not present after '120' second(s)

2024-09-29 11:22:51 - [MESSAGE][PASSED] - Window with index 3 is closed

2024-09-29 11:22:51 - [MESSAGE][PASSED] - Switched to window with index: '2'

2024-09-29 11:22:51 - [MESSAGE][PASSED] - Object: 'Object Repository/PM/Huawei-vendor/TopX/Table view Show stats' is clicked on

2024-09-29 11:22:51 - [MESSAGE][WARNING] - Timeout '0' is invalid. Using default page load timeout: '120'

2024-09-29 11:22:51 - [MESSAGE][PASSED] - Web element with id: 'Object Repository/PM/Huawei-vendor/Error' located by 'By.xpath: //div[@class='toast-summary title-medium-m']' is not present after '120' second(s)

2024-09-29 11:22:51 - [MESSAGE][PASSED] - Switched to window with index: '3'

2024-09-29 11:22:51 - [MESSAGE][WARNING] - Timeout '0' is invalid. Using default page load timeout: '120'

2024-09-29 11:22:53 - [MESSAGE][PASSED] - Object 'Object Repository/PM/Huawei-vendor/Stats Export Chart' is present

2024-09-29 11:22:53 - [MESSAGE][PASSED] - Browser is closed

2024-09-29 11:22:53 - [MESSAGE][PASSED] - PMHwaueiTopX.TopX is PASSED

2024-09-29 11:22:53 - [TEST_STEP][PASSED] - Start tear down : tearDownTestCase: Method 'tearDownTestCase' complete successfully

2024-09-29 11:22:53 - [TEST_STEP][PASSED] - closeBrowser(): Browser is closed

2024-09-29 11:22:53 - [MESSAGE][PASSED] - Browser is closed

2024-09-29 11:22:53 - [MESSAGE][PASSED] - Method 'tearDownTestCase' complete successfully]]></system-out>
         <system-err><![CDATA[]]></system-err>
      </testcase>
      <testcase name="Test Cases/PM/Hwauei/TopX/2G TopX/XCluster/TopX 2G Cluster Daily" time="53.859" classname="Test Cases/PM/Hwauei/TopX/2G TopX/XCluster/TopX 2G Cluster Daily" status="PASSED">
         <system-out><![CDATA[2024-09-29 11:22:53 - [TEST_CASE][PASSED] - Test Cases/PM/Hwauei/TopX/2G TopX/XCluster/TopX 2G Cluster Daily: Test Cases/PM/Hwauei/TopX/2G TopX/XCluster/TopX 2G Cluster Daily

2024-09-29 11:22:54 - [TEST_STEP][PASSED] - callTestCase(findTestCase("LoginNew"), [:], STOP_ON_FAILURE): Call Test Case 'Test Cases/LoginNew' successfully

2024-09-29 11:22:54 - [TEST_CASE][PASSED] - Test Cases/LoginNew: Test Cases/LoginNew

2024-09-29 11:22:54 - [TEST_STEP][PASSED] - driver = general.start(SwagerURL, NetCellURL): general.start is PASSED

2024-09-29 11:22:54 - [MESSAGE][INFO] - >>> chromeDriverPath=C:\Users\FatimaIbeid\.katalon\packages\Katalon_Studio_Windows_64-8.6.9\Katalon_Studio_Windows_64-8.6.9\configuration\resources\drivers\chromedriver_win32\chromedriver.exe

2024-09-29 11:22:55 - [MESSAGE][PASSED] - Current window maximized

2024-09-29 11:22:56 - [MESSAGE][PASSED] - Execute JavaScript 'window.open();' successfully

2024-09-29 11:22:56 - [MESSAGE][PASSED] - Switched to window with index: '1'

2024-09-29 11:23:08 - [MESSAGE][PASSED] - general.start is PASSED

2024-09-29 11:23:08 - [TEST_STEP][PASSED] - delay(1): Delayed 1 second(s)

2024-09-29 11:23:09 - [MESSAGE][PASSED] - Delayed 1 second(s)

2024-09-29 11:23:09 - [TEST_STEP][PASSED] - sendKeys(findTestObject("Object Repository/Login/EnterEmail2"), "homam@zztjg.onmicrosoft.com"): Keys 'homam@zztjg.onmicrosoft.com' sent to object: 'Object Repository/Login/EnterEmail2'

2024-09-29 11:23:09 - [MESSAGE][PASSED] - Keys 'homam@zztjg.onmicrosoft.com' sent to object: 'Object Repository/Login/EnterEmail2'

2024-09-29 11:23:09 - [TEST_STEP][PASSED] - delay(1): Delayed 1 second(s)

2024-09-29 11:23:10 - [MESSAGE][PASSED] - Delayed 1 second(s)

2024-09-29 11:23:10 - [TEST_STEP][PASSED] - sendKeys(findTestObject("Object Repository/Login/EnterPassword2"), "P@ssw0rd"): Keys 'P@ssw0rd' sent to object: 'Object Repository/Login/EnterPassword2'

2024-09-29 11:23:11 - [MESSAGE][PASSED] - Keys 'P@ssw0rd' sent to object: 'Object Repository/Login/EnterPassword2'

2024-09-29 11:23:11 - [TEST_STEP][PASSED] - delay(1): Delayed 1 second(s)

2024-09-29 11:23:12 - [MESSAGE][PASSED] - Delayed 1 second(s)

2024-09-29 11:23:12 - [TEST_STEP][PASSED] - click(findTestObject("Object Repository/Login/LoginButton2")): Object: 'Object Repository/Login/LoginButton2' is clicked on

2024-09-29 11:23:12 - [MESSAGE][PASSED] - Object: 'Object Repository/Login/LoginButton2' is clicked on

2024-09-29 11:23:12 - [TEST_STEP][PASSED] - delay(1): Delayed 1 second(s)

2024-09-29 11:23:13 - [MESSAGE][PASSED] - Delayed 1 second(s)

2024-09-29 11:23:13 - [TEST_STEP][PASSED] - waitForElementPresent(findTestObject("Object Repository/Login/welcome To NetCell"), 0): Object 'Object Repository/Login/welcome To NetCell' is present

2024-09-29 11:23:13 - [MESSAGE][WARNING] - Timeout '0' is invalid. Using default page load timeout: '120'

2024-09-29 11:23:13 - [MESSAGE][PASSED] - Object 'Object Repository/Login/welcome To NetCell' is present

2024-09-29 11:23:13 - [MESSAGE][PASSED] - Call Test Case 'Test Cases/LoginNew' successfully

2024-09-29 11:23:13 - [TEST_STEP][PASSED] - switchToWindowIndex(1): Switched to window with index: '1'

2024-09-29 11:23:13 - [MESSAGE][PASSED] - Switched to window with index: '1'

2024-09-29 11:23:13 - [TEST_STEP][PASSED] - PMHwaueiTopX.TopX("2G", "Cluster", false, "Daily", false, null): PMHwaueiTopX.TopX is PASSED

2024-09-29 11:23:13 - [MESSAGE][PASSED] - Object: 'Object Repository/PM/PM-Button' is clicked on

2024-09-29 11:23:13 - [MESSAGE][PASSED] - Switched to window with index: '2'

2024-09-29 11:23:14 - [MESSAGE][PASSED] - Object: 'Object Repository/PM/Huawei-vendor/Data-view/TopX' is clicked on

2024-09-29 11:23:14 - [MESSAGE][PASSED] - Object: 'Object Repository/PM/Huawei-vendor/Technology/Technology-Arrow' is clicked on

2024-09-29 11:23:14 - [MESSAGE][PASSED] - Object: 'Object Repository/PM/Huawei-vendor/Technology/2G' is clicked on

2024-09-29 11:23:14 - [MESSAGE][PASSED] - Object: 'Object Repository/PM/Huawei-vendor/TopX/TopX Object Type' is clicked on

2024-09-29 11:23:15 - [MESSAGE][PASSED] - Delayed 1 second(s)

2024-09-29 11:23:15 - [MESSAGE][PASSED] - Object: 'Object Repository/PM/Huawei-vendor/Object-Type/TopX Object Types/TopX Clusters/TopX Cluster' is clicked on

2024-09-29 11:23:16 - [MESSAGE][PASSED] - Delayed 1 second(s)

2024-09-29 11:23:16 - [MESSAGE][WARNING] - Timeout '0' is invalid. Using default page load timeout: '120'

2024-09-29 11:23:16 - [MESSAGE][PASSED] - Scroll to object 'Object Repository/PM/Huawei-vendor/Object Border' successfully

2024-09-29 11:23:17 - [MESSAGE][PASSED] - Object: 'Object Repository/PM/Huawei-vendor/Object-Type/TopX Object Types/TopX Sites/TopX East Amman Arrow' is clicked on

2024-09-29 11:23:17 - [MESSAGE][PASSED] - Object: 'Object Repository/PM/Huawei-vendor/Object-Type/TopX Object Types/TopX Cluster Bands/TopX East Amman Cluster 3' is clicked on

2024-09-29 11:23:17 - [MESSAGE][PASSED] - Object: 'Object Repository/PM/Huawei-vendor/Object-Type/TopX Object Types/TopX Cluster Bands/TopX East Amman Cluster 13' is clicked on

2024-09-29 11:23:17 - [MESSAGE][PASSED] - Object: 'Object Repository/PM/Huawei-vendor/Object-Type/TopX Object Types/TopX Sites/TopX East Amman CloseArrow' is clicked on

2024-09-29 11:23:17 - [MESSAGE][PASSED] - Object: 'Object Repository/PM/Huawei-vendor/Object-Type/TopX Object Types/TopX Sites/TopX West Amman Arrow' is clicked on

2024-09-29 11:23:18 - [MESSAGE][PASSED] - Object: 'Object Repository/PM/Huawei-vendor/Object-Type/TopX Object Types/TopX Cluster Bands/TopX West Amman Cluster 2' is clicked on

2024-09-29 11:23:18 - [MESSAGE][PASSED] - Object: 'Object Repository/PM/Huawei-vendor/Object-Type/TopX Object Types/TopX Cluster Bands/TopX West Amman Cluster 5' is clicked on

2024-09-29 11:23:18 - [MESSAGE][PASSED] - Object: 'Object Repository/PM/Huawei-vendor/Object-Type/TopX Object Types/TopX Sites/TopX West Amman CloseArrow' is clicked on

2024-09-29 11:23:18 - [MESSAGE][PASSED] - Object: 'Object Repository/PM/Huawei-vendor/Object-Type/TopX Object Types/TopX Sites/TopX North Jordan Arrow' is clicked on

2024-09-29 11:23:18 - [MESSAGE][PASSED] - Object: 'Object Repository/PM/Huawei-vendor/Object-Type/TopX Object Types/TopX Cluster Bands/TopX North Jordan Cluster 4' is clicked on

2024-09-29 11:23:18 - [MESSAGE][PASSED] - Object: 'Object Repository/PM/Huawei-vendor/Object-Type/TopX Object Types/TopX Cluster Bands/TopX North Jordan Cluster 14' is clicked on

2024-09-29 11:23:19 - [MESSAGE][PASSED] - Object: 'Object Repository/PM/Huawei-vendor/Object-Type/TopX Object Types/TopX Sites/TopX North Jordan CloseArrow' is clicked on

2024-09-29 11:23:19 - [MESSAGE][PASSED] - Object: 'Object Repository/PM/Huawei-vendor/Object-Type/TopX Object Types/TopX Sites/TopX South Jordan Arrow' is clicked on

2024-09-29 11:23:19 - [MESSAGE][PASSED] - Object: 'Object Repository/PM/Huawei-vendor/Object-Type/TopX Object Types/TopX Cluster Bands/TopX South Jordan Cluster 7' is clicked on

2024-09-29 11:23:19 - [MESSAGE][PASSED] - Object: 'Object Repository/PM/Huawei-vendor/Object-Type/TopX Object Types/TopX Cluster Bands/TopX South Jordan Cluster 8' is clicked on

2024-09-29 11:23:19 - [MESSAGE][PASSED] - Object: 'Object Repository/PM/Huawei-vendor/Object-Type/TopX Object Types/TopX Sites/TopX South Jordan CloseArrow' is clicked on

2024-09-29 11:23:19 - [MESSAGE][PASSED] - Object: 'Object Repository/PM/Huawei-vendor/Object-Type/TopX Object Types/TopX Sites/TopX South Amman Arrow' is clicked on

2024-09-29 11:23:20 - [MESSAGE][PASSED] - Object: 'Object Repository/PM/Huawei-vendor/Object-Type/TopX Object Types/TopX Cluster Bands/TopX South Amman Cluster 1' is clicked on

2024-09-29 11:23:20 - [MESSAGE][PASSED] - Object: 'Object Repository/PM/Huawei-vendor/Object-Type/TopX Object Types/TopX Cluster Bands/TopX South Amman Cluster 6' is clicked on

2024-09-29 11:23:20 - [MESSAGE][PASSED] - Object: 'Object Repository/PM/Huawei-vendor/Object-Type/TopX Object Types/TopX Sites/TopX South Amman CloseArrow' is clicked on

2024-09-29 11:23:20 - [MESSAGE][PASSED] - Object: 'Object Repository/PM/Huawei-vendor/Object-Type/TopX Object Types/TopX Sites/TopX East Jordan Arrow' is clicked on

2024-09-29 11:23:20 - [MESSAGE][PASSED] - Object: 'Object Repository/PM/Huawei-vendor/Object-Type/TopX Object Types/TopX Cluster Bands/TopX East Jordan Cluster 10' is clicked on

2024-09-29 11:23:20 - [MESSAGE][PASSED] - Object: 'Object Repository/PM/Huawei-vendor/Object-Type/TopX Object Types/TopX Cluster Bands/TopX East Jordan Cluster 11' is clicked on

2024-09-29 11:23:21 - [MESSAGE][PASSED] - Object: 'Object Repository/PM/Huawei-vendor/Object-Type/TopX Object Types/TopX Sites/TopX East Jordan CloseArrow' is clicked on

2024-09-29 11:23:21 - [MESSAGE][PASSED] - Object: 'Object Repository/PM/Huawei-vendor/Object-Type/TopX Object Types/TopX Sites/TopX Others Arrow' is clicked on

2024-09-29 11:23:21 - [MESSAGE][PASSED] - Object: 'Object Repository/PM/Huawei-vendor/Object-Type/TopX Object Types/TopX Cluster Bands/TopX Others Cluster 60' is clicked on

2024-09-29 11:23:21 - [MESSAGE][PASSED] - Object: 'Object Repository/PM/Huawei-vendor/Object-Type/TopX Object Types/TopX Cluster Bands/TopX Others Cluster 61' is clicked on

2024-09-29 11:23:21 - [MESSAGE][PASSED] - Object: 'Object Repository/PM/Huawei-vendor/Object-Type/TopX Object Types/TopX Sites/TopX Others CloseArrow' is clicked on

2024-09-29 11:23:21 - [MESSAGE][WARNING] - Timeout '0' is invalid. Using default page load timeout: '120'

2024-09-29 11:23:21 - [MESSAGE][PASSED] - Scroll to object 'Object Repository/PM/Huawei-vendor/LowXlabel' successfully

2024-09-29 11:23:22 - [MESSAGE][PASSED] - Object: 'Object Repository/PM/Huawei-vendor/Resolution Temp/Select Resolution temp' is clicked on

2024-09-29 11:23:22 - [MESSAGE][PASSED] - Object: 'Object Repository/PM/Huawei-vendor/Resolution Temp/Resolution Temp Daily' is clicked on

2024-09-29 11:23:22 - [MESSAGE][PASSED] - Object: 'Object Repository/PM/Huawei-vendor/TopX/TopXDate/BeforeDate' is clicked on

2024-09-29 11:23:23 - [MESSAGE][PASSED] - Delayed 1 second(s)

2024-09-29 11:23:23 - [MESSAGE][PASSED] - Object: 'Object Repository/PM/Huawei-vendor/TopX/TopXDate/Choose Month' is clicked on

2024-09-29 11:23:24 - [MESSAGE][PASSED] - Delayed 1 second(s)

2024-09-29 11:23:24 - [MESSAGE][PASSED] - Object: 'Object Repository/PM/Huawei-vendor/TopX/TopXDate/Feb' is clicked on

2024-09-29 11:23:24 - [MESSAGE][PASSED] - Object: 'Object Repository/PM/Huawei-vendor/TopX/TopXDate/Day 1' is clicked on

2024-09-29 11:23:25 - [MESSAGE][PASSED] - Object: 'Object Repository/PM/Huawei-vendor/TopX/TopXDate/Button OK' is clicked on

2024-09-29 11:23:25 - [MESSAGE][PASSED] - Object: 'Object Repository/PM/Huawei-vendor/TopX/TopXDate/After Date' is clicked on

2024-09-29 11:23:26 - [MESSAGE][PASSED] - Delayed 1 second(s)

2024-09-29 11:23:26 - [MESSAGE][PASSED] - Object: 'Object Repository/PM/Huawei-vendor/TopX/TopXDate/Choose Month' is clicked on

2024-09-29 11:23:27 - [MESSAGE][PASSED] - Delayed 1 second(s)

2024-09-29 11:23:27 - [MESSAGE][PASSED] - Object: 'Object Repository/PM/Huawei-vendor/TopX/TopXDate/Feb' is clicked on

2024-09-29 11:23:28 - [MESSAGE][PASSED] - Object: 'Object Repository/PM/Huawei-vendor/TopX/TopXDate/Day 7' is clicked on

2024-09-29 11:23:28 - [MESSAGE][PASSED] - Object: 'Object Repository/PM/Huawei-vendor/TopX/TopXDate/Button OK' is clicked on

2024-09-29 11:23:28 - [MESSAGE][PASSED] - Object: 'Object Repository/PM/Huawei-vendor/Apply-Button' is clicked on

2024-09-29 11:23:28 - [MESSAGE][WARNING] - Timeout '0' is invalid. Using default page load timeout: '120'

2024-09-29 11:23:28 - [MESSAGE][PASSED] - Web element with id: 'Object Repository/PM/Huawei-vendor/Error' located by 'By.xpath: //div[@class='toast-summary title-medium-m']' is not present after '120' second(s)

2024-09-29 11:23:28 - [MESSAGE][WARNING] - Timeout '0' is invalid. Using default page load timeout: '120'

2024-09-29 11:23:29 - [MESSAGE][PASSED] - Object 'Object Repository/PM/Huawei-vendor/Chart' is present

2024-09-29 11:23:29 - [MESSAGE][WARNING] - Timeout '0' is invalid. Using default page load timeout: '120'

2024-09-29 11:23:30 - [MESSAGE][PASSED] - Object 'Object Repository/PM/Huawei-vendor/TopX/Table View' is present

2024-09-29 11:23:30 - [MESSAGE][PASSED] - Object: 'Object Repository/PM/Huawei-vendor/TopX/Table View' is clicked on

2024-09-29 11:23:30 - [MESSAGE][PASSED] - Object: 'Object Repository/PM/Huawei-vendor/TopX/Reordering the table view' is clicked on

2024-09-29 11:23:30 - [MESSAGE][PASSED] - Object: 'Object Repository/PM/Huawei-vendor/TopX/Table View Filter ICon' is clicked on

2024-09-29 11:23:30 - [MESSAGE][PASSED] - Object: 'Object Repository/PM/Huawei-vendor/TopX/TableView CheckBox' is clicked on

2024-09-29 11:23:30 - [MESSAGE][PASSED] - Object: 'Object Repository/PM/Huawei-vendor/TopX/Table View Resolution' is clicked on

2024-09-29 11:23:31 - [MESSAGE][PASSED] - Object: 'Object Repository/PM/Huawei-vendor/TopX/Table view Resolution Daily' is clicked on

2024-09-29 11:23:31 - [MESSAGE][PASSED] - Object: 'Object Repository/PM/Huawei-vendor/TopX/Table View Start Date' is clicked on

2024-09-29 11:23:31 - [MESSAGE][PASSED] - Keys '02/01/2024' sent to object: 'Object Repository/PM/Huawei-vendor/TopX/Table View Start Date'

2024-09-29 11:23:31 - [MESSAGE][PASSED] - Object: 'Object Repository/PM/Huawei-vendor/TopX/Table View End Date' is clicked on

2024-09-29 11:23:31 - [MESSAGE][PASSED] - Keys '02/07/2024' sent to object: 'Object Repository/PM/Huawei-vendor/TopX/Table View End Date'

2024-09-29 11:23:32 - [MESSAGE][PASSED] - Object: 'Object Repository/PM/Huawei-vendor/TopX/Table View Show on map' is clicked on

2024-09-29 11:23:32 - [MESSAGE][WARNING] - Timeout '0' is invalid. Using default page load timeout: '120'

2024-09-29 11:23:32 - [MESSAGE][PASSED] - Web element with id: 'Object Repository/PM/Huawei-vendor/Error' located by 'By.xpath: //div[@class='toast-summary title-medium-m']' is not present after '120' second(s)

2024-09-29 11:23:32 - [MESSAGE][PASSED] - Switched to window with index: '3'

2024-09-29 11:23:32 - [MESSAGE][WARNING] - Timeout '0' is invalid. Using default page load timeout: '120'

2024-09-29 11:23:44 - [MESSAGE][PASSED] - Object 'Object Repository/PM/Huawei-vendor/TopX/Map' is present

2024-09-29 11:23:44 - [MESSAGE][WARNING] - Timeout '0' is invalid. Using default page load timeout: '120'

2024-09-29 11:23:44 - [MESSAGE][PASSED] - Web element with id: 'Object Repository/PM/Huawei-vendor/Error' located by 'By.xpath: //div[@class='toast-summary title-medium-m']' is not present after '120' second(s)

2024-09-29 11:23:44 - [MESSAGE][PASSED] - Window with index 3 is closed

2024-09-29 11:23:45 - [MESSAGE][PASSED] - Switched to window with index: '2'

2024-09-29 11:23:45 - [MESSAGE][PASSED] - Object: 'Object Repository/PM/Huawei-vendor/TopX/Table view Show stats' is clicked on

2024-09-29 11:23:45 - [MESSAGE][WARNING] - Timeout '0' is invalid. Using default page load timeout: '120'

2024-09-29 11:23:45 - [MESSAGE][PASSED] - Web element with id: 'Object Repository/PM/Huawei-vendor/Error' located by 'By.xpath: //div[@class='toast-summary title-medium-m']' is not present after '120' second(s)

2024-09-29 11:23:45 - [MESSAGE][PASSED] - Switched to window with index: '3'

2024-09-29 11:23:45 - [MESSAGE][WARNING] - Timeout '0' is invalid. Using default page load timeout: '120'

2024-09-29 11:23:47 - [MESSAGE][PASSED] - Object 'Object Repository/PM/Huawei-vendor/Stats Export Chart' is present

2024-09-29 11:23:47 - [MESSAGE][PASSED] - Browser is closed

2024-09-29 11:23:47 - [MESSAGE][PASSED] - PMHwaueiTopX.TopX is PASSED

2024-09-29 11:23:47 - [TEST_STEP][PASSED] - Start tear down : tearDownTestCase: Method 'tearDownTestCase' complete successfully

2024-09-29 11:23:47 - [TEST_STEP][PASSED] - closeBrowser(): Browser is closed

2024-09-29 11:23:47 - [MESSAGE][PASSED] - Browser is closed

2024-09-29 11:23:47 - [MESSAGE][PASSED] - Method 'tearDownTestCase' complete successfully]]></system-out>
         <system-err><![CDATA[]]></system-err>
      </testcase>
      <testcase name="Test Cases/PM/Hwauei/TopX/2G TopX/XCluster/TopX 2G Cluster DailyBH" time="64.43" classname="Test Cases/PM/Hwauei/TopX/2G TopX/XCluster/TopX 2G Cluster DailyBH" status="PASSED">
         <system-out><![CDATA[2024-09-29 11:23:47 - [TEST_CASE][PASSED] - Test Cases/PM/Hwauei/TopX/2G TopX/XCluster/TopX 2G Cluster DailyBH: Test Cases/PM/Hwauei/TopX/2G TopX/XCluster/TopX 2G Cluster DailyBH

2024-09-29 11:23:48 - [TEST_STEP][PASSED] - callTestCase(findTestCase("LoginNew"), [:], STOP_ON_FAILURE): Call Test Case 'Test Cases/LoginNew' successfully

2024-09-29 11:23:48 - [TEST_CASE][PASSED] - Test Cases/LoginNew: Test Cases/LoginNew

2024-09-29 11:23:48 - [TEST_STEP][PASSED] - driver = general.start(SwagerURL, NetCellURL): general.start is PASSED

2024-09-29 11:23:48 - [MESSAGE][INFO] - >>> chromeDriverPath=C:\Users\FatimaIbeid\.katalon\packages\Katalon_Studio_Windows_64-8.6.9\Katalon_Studio_Windows_64-8.6.9\configuration\resources\drivers\chromedriver_win32\chromedriver.exe

2024-09-29 11:23:49 - [MESSAGE][PASSED] - Current window maximized

2024-09-29 11:23:50 - [MESSAGE][PASSED] - Execute JavaScript 'window.open();' successfully

2024-09-29 11:23:50 - [MESSAGE][PASSED] - Switched to window with index: '1'

2024-09-29 11:24:02 - [MESSAGE][PASSED] - general.start is PASSED

2024-09-29 11:24:02 - [TEST_STEP][PASSED] - delay(1): Delayed 1 second(s)

2024-09-29 11:24:03 - [MESSAGE][PASSED] - Delayed 1 second(s)

2024-09-29 11:24:03 - [TEST_STEP][PASSED] - sendKeys(findTestObject("Object Repository/Login/EnterEmail2"), "homam@zztjg.onmicrosoft.com"): Keys 'homam@zztjg.onmicrosoft.com' sent to object: 'Object Repository/Login/EnterEmail2'

2024-09-29 11:24:03 - [MESSAGE][PASSED] - Keys 'homam@zztjg.onmicrosoft.com' sent to object: 'Object Repository/Login/EnterEmail2'

2024-09-29 11:24:03 - [TEST_STEP][PASSED] - delay(1): Delayed 1 second(s)

2024-09-29 11:24:04 - [MESSAGE][PASSED] - Delayed 1 second(s)

2024-09-29 11:24:04 - [TEST_STEP][PASSED] - sendKeys(findTestObject("Object Repository/Login/EnterPassword2"), "P@ssw0rd"): Keys 'P@ssw0rd' sent to object: 'Object Repository/Login/EnterPassword2'

2024-09-29 11:24:04 - [MESSAGE][PASSED] - Keys 'P@ssw0rd' sent to object: 'Object Repository/Login/EnterPassword2'

2024-09-29 11:24:04 - [TEST_STEP][PASSED] - delay(1): Delayed 1 second(s)

2024-09-29 11:24:05 - [MESSAGE][PASSED] - Delayed 1 second(s)

2024-09-29 11:24:05 - [TEST_STEP][PASSED] - click(findTestObject("Object Repository/Login/LoginButton2")): Object: 'Object Repository/Login/LoginButton2' is clicked on

2024-09-29 11:24:05 - [MESSAGE][PASSED] - Object: 'Object Repository/Login/LoginButton2' is clicked on

2024-09-29 11:24:05 - [TEST_STEP][PASSED] - delay(1): Delayed 1 second(s)

2024-09-29 11:24:06 - [MESSAGE][PASSED] - Delayed 1 second(s)

2024-09-29 11:24:06 - [TEST_STEP][PASSED] - waitForElementPresent(findTestObject("Object Repository/Login/welcome To NetCell"), 0): Object 'Object Repository/Login/welcome To NetCell' is present

2024-09-29 11:24:06 - [MESSAGE][WARNING] - Timeout '0' is invalid. Using default page load timeout: '120'

2024-09-29 11:24:06 - [MESSAGE][PASSED] - Object 'Object Repository/Login/welcome To NetCell' is present

2024-09-29 11:24:06 - [MESSAGE][PASSED] - Call Test Case 'Test Cases/LoginNew' successfully

2024-09-29 11:24:06 - [TEST_STEP][PASSED] - switchToWindowIndex(1): Switched to window with index: '1'

2024-09-29 11:24:06 - [MESSAGE][PASSED] - Switched to window with index: '1'

2024-09-29 11:24:06 - [TEST_STEP][PASSED] - PMHwaueiTopX.TopX("2G", "Cluster", false, "DailyBH", false, null): PMHwaueiTopX.TopX is PASSED

2024-09-29 11:24:07 - [MESSAGE][PASSED] - Object: 'Object Repository/PM/PM-Button' is clicked on

2024-09-29 11:24:07 - [MESSAGE][PASSED] - Switched to window with index: '2'

2024-09-29 11:24:07 - [MESSAGE][PASSED] - Object: 'Object Repository/PM/Huawei-vendor/Data-view/TopX' is clicked on

2024-09-29 11:24:07 - [MESSAGE][PASSED] - Object: 'Object Repository/PM/Huawei-vendor/Technology/Technology-Arrow' is clicked on

2024-09-29 11:24:08 - [MESSAGE][PASSED] - Object: 'Object Repository/PM/Huawei-vendor/Technology/2G' is clicked on

2024-09-29 11:24:08 - [MESSAGE][PASSED] - Object: 'Object Repository/PM/Huawei-vendor/TopX/TopX Object Type' is clicked on

2024-09-29 11:24:09 - [MESSAGE][PASSED] - Delayed 1 second(s)

2024-09-29 11:24:09 - [MESSAGE][PASSED] - Object: 'Object Repository/PM/Huawei-vendor/Object-Type/TopX Object Types/TopX Clusters/TopX Cluster' is clicked on

2024-09-29 11:24:10 - [MESSAGE][PASSED] - Delayed 1 second(s)

2024-09-29 11:24:10 - [MESSAGE][WARNING] - Timeout '0' is invalid. Using default page load timeout: '120'

2024-09-29 11:24:10 - [MESSAGE][PASSED] - Scroll to object 'Object Repository/PM/Huawei-vendor/Object Border' successfully

2024-09-29 11:24:10 - [MESSAGE][PASSED] - Object: 'Object Repository/PM/Huawei-vendor/Object-Type/TopX Object Types/TopX Sites/TopX East Amman Arrow' is clicked on

2024-09-29 11:24:10 - [MESSAGE][PASSED] - Object: 'Object Repository/PM/Huawei-vendor/Object-Type/TopX Object Types/TopX Cluster Bands/TopX East Amman Cluster 3' is clicked on

2024-09-29 11:24:11 - [MESSAGE][PASSED] - Object: 'Object Repository/PM/Huawei-vendor/Object-Type/TopX Object Types/TopX Cluster Bands/TopX East Amman Cluster 13' is clicked on

2024-09-29 11:24:11 - [MESSAGE][PASSED] - Object: 'Object Repository/PM/Huawei-vendor/Object-Type/TopX Object Types/TopX Sites/TopX East Amman CloseArrow' is clicked on

2024-09-29 11:24:11 - [MESSAGE][PASSED] - Object: 'Object Repository/PM/Huawei-vendor/Object-Type/TopX Object Types/TopX Sites/TopX West Amman Arrow' is clicked on

2024-09-29 11:24:11 - [MESSAGE][PASSED] - Object: 'Object Repository/PM/Huawei-vendor/Object-Type/TopX Object Types/TopX Cluster Bands/TopX West Amman Cluster 2' is clicked on

2024-09-29 11:24:11 - [MESSAGE][PASSED] - Object: 'Object Repository/PM/Huawei-vendor/Object-Type/TopX Object Types/TopX Cluster Bands/TopX West Amman Cluster 5' is clicked on

2024-09-29 11:24:11 - [MESSAGE][PASSED] - Object: 'Object Repository/PM/Huawei-vendor/Object-Type/TopX Object Types/TopX Sites/TopX West Amman CloseArrow' is clicked on

2024-09-29 11:24:11 - [MESSAGE][PASSED] - Object: 'Object Repository/PM/Huawei-vendor/Object-Type/TopX Object Types/TopX Sites/TopX North Jordan Arrow' is clicked on

2024-09-29 11:24:12 - [MESSAGE][PASSED] - Object: 'Object Repository/PM/Huawei-vendor/Object-Type/TopX Object Types/TopX Cluster Bands/TopX North Jordan Cluster 4' is clicked on

2024-09-29 11:24:12 - [MESSAGE][PASSED] - Object: 'Object Repository/PM/Huawei-vendor/Object-Type/TopX Object Types/TopX Cluster Bands/TopX North Jordan Cluster 14' is clicked on

2024-09-29 11:24:12 - [MESSAGE][PASSED] - Object: 'Object Repository/PM/Huawei-vendor/Object-Type/TopX Object Types/TopX Sites/TopX North Jordan CloseArrow' is clicked on

2024-09-29 11:24:12 - [MESSAGE][PASSED] - Object: 'Object Repository/PM/Huawei-vendor/Object-Type/TopX Object Types/TopX Sites/TopX South Jordan Arrow' is clicked on

2024-09-29 11:24:12 - [MESSAGE][PASSED] - Object: 'Object Repository/PM/Huawei-vendor/Object-Type/TopX Object Types/TopX Cluster Bands/TopX South Jordan Cluster 7' is clicked on

2024-09-29 11:24:12 - [MESSAGE][PASSED] - Object: 'Object Repository/PM/Huawei-vendor/Object-Type/TopX Object Types/TopX Cluster Bands/TopX South Jordan Cluster 8' is clicked on

2024-09-29 11:24:13 - [MESSAGE][PASSED] - Object: 'Object Repository/PM/Huawei-vendor/Object-Type/TopX Object Types/TopX Sites/TopX South Jordan CloseArrow' is clicked on

2024-09-29 11:24:13 - [MESSAGE][PASSED] - Object: 'Object Repository/PM/Huawei-vendor/Object-Type/TopX Object Types/TopX Sites/TopX South Amman Arrow' is clicked on

2024-09-29 11:24:13 - [MESSAGE][PASSED] - Object: 'Object Repository/PM/Huawei-vendor/Object-Type/TopX Object Types/TopX Cluster Bands/TopX South Amman Cluster 1' is clicked on

2024-09-29 11:24:13 - [MESSAGE][PASSED] - Object: 'Object Repository/PM/Huawei-vendor/Object-Type/TopX Object Types/TopX Cluster Bands/TopX South Amman Cluster 6' is clicked on

2024-09-29 11:24:13 - [MESSAGE][PASSED] - Object: 'Object Repository/PM/Huawei-vendor/Object-Type/TopX Object Types/TopX Sites/TopX South Amman CloseArrow' is clicked on

2024-09-29 11:24:13 - [MESSAGE][PASSED] - Object: 'Object Repository/PM/Huawei-vendor/Object-Type/TopX Object Types/TopX Sites/TopX East Jordan Arrow' is clicked on

2024-09-29 11:24:14 - [MESSAGE][PASSED] - Object: 'Object Repository/PM/Huawei-vendor/Object-Type/TopX Object Types/TopX Cluster Bands/TopX East Jordan Cluster 10' is clicked on

2024-09-29 11:24:14 - [MESSAGE][PASSED] - Object: 'Object Repository/PM/Huawei-vendor/Object-Type/TopX Object Types/TopX Cluster Bands/TopX East Jordan Cluster 11' is clicked on

2024-09-29 11:24:14 - [MESSAGE][PASSED] - Object: 'Object Repository/PM/Huawei-vendor/Object-Type/TopX Object Types/TopX Sites/TopX East Jordan CloseArrow' is clicked on

2024-09-29 11:24:14 - [MESSAGE][PASSED] - Object: 'Object Repository/PM/Huawei-vendor/Object-Type/TopX Object Types/TopX Sites/TopX Others Arrow' is clicked on

2024-09-29 11:24:14 - [MESSAGE][PASSED] - Object: 'Object Repository/PM/Huawei-vendor/Object-Type/TopX Object Types/TopX Cluster Bands/TopX Others Cluster 60' is clicked on

2024-09-29 11:24:14 - [MESSAGE][PASSED] - Object: 'Object Repository/PM/Huawei-vendor/Object-Type/TopX Object Types/TopX Cluster Bands/TopX Others Cluster 61' is clicked on

2024-09-29 11:24:15 - [MESSAGE][PASSED] - Object: 'Object Repository/PM/Huawei-vendor/Object-Type/TopX Object Types/TopX Sites/TopX Others CloseArrow' is clicked on

2024-09-29 11:24:15 - [MESSAGE][WARNING] - Timeout '0' is invalid. Using default page load timeout: '120'

2024-09-29 11:24:15 - [MESSAGE][PASSED] - Scroll to object 'Object Repository/PM/Huawei-vendor/LowXlabel' successfully

2024-09-29 11:24:15 - [MESSAGE][PASSED] - Object: 'Object Repository/PM/Huawei-vendor/Resolution Temp/Select Resolution temp' is clicked on

2024-09-29 11:24:15 - [MESSAGE][PASSED] - Object: 'Object Repository/PM/Huawei-vendor/Resolution Temp/Resolution Temp DailyBH' is clicked on

2024-09-29 11:24:15 - [MESSAGE][PASSED] - Object: 'Object Repository/PM/Huawei-vendor/TopX/TopXDate/BeforeDate' is clicked on

2024-09-29 11:24:16 - [MESSAGE][PASSED] - Delayed 1 second(s)

2024-09-29 11:24:16 - [MESSAGE][PASSED] - Object: 'Object Repository/PM/Huawei-vendor/TopX/TopXDate/Choose Month' is clicked on

2024-09-29 11:24:17 - [MESSAGE][PASSED] - Delayed 1 second(s)

2024-09-29 11:24:18 - [MESSAGE][PASSED] - Object: 'Object Repository/PM/Huawei-vendor/TopX/TopXDate/Feb' is clicked on

2024-09-29 11:24:18 - [MESSAGE][PASSED] - Object: 'Object Repository/PM/Huawei-vendor/TopX/TopXDate/Day 1' is clicked on

2024-09-29 11:24:18 - [MESSAGE][PASSED] - Object: 'Object Repository/PM/Huawei-vendor/TopX/TopXDate/Button OK' is clicked on

2024-09-29 11:24:18 - [MESSAGE][PASSED] - Object: 'Object Repository/PM/Huawei-vendor/TopX/TopXDate/After Date' is clicked on

2024-09-29 11:24:19 - [MESSAGE][PASSED] - Delayed 1 second(s)

2024-09-29 11:24:19 - [MESSAGE][PASSED] - Object: 'Object Repository/PM/Huawei-vendor/TopX/TopXDate/Choose Month' is clicked on

2024-09-29 11:24:20 - [MESSAGE][PASSED] - Delayed 1 second(s)

2024-09-29 11:24:21 - [MESSAGE][PASSED] - Object: 'Object Repository/PM/Huawei-vendor/TopX/TopXDate/Feb' is clicked on

2024-09-29 11:24:21 - [MESSAGE][PASSED] - Object: 'Object Repository/PM/Huawei-vendor/TopX/TopXDate/Day 7' is clicked on

2024-09-29 11:24:21 - [MESSAGE][PASSED] - Object: 'Object Repository/PM/Huawei-vendor/TopX/TopXDate/Button OK' is clicked on

2024-09-29 11:24:21 - [MESSAGE][PASSED] - Object: 'Object Repository/PM/Huawei-vendor/Apply-Button' is clicked on

2024-09-29 11:24:21 - [MESSAGE][WARNING] - Timeout '0' is invalid. Using default page load timeout: '120'

2024-09-29 11:24:21 - [MESSAGE][PASSED] - Web element with id: 'Object Repository/PM/Huawei-vendor/Error' located by 'By.xpath: //div[@class='toast-summary title-medium-m']' is not present after '120' second(s)

2024-09-29 11:24:21 - [MESSAGE][WARNING] - Timeout '0' is invalid. Using default page load timeout: '120'

2024-09-29 11:24:23 - [MESSAGE][PASSED] - Object 'Object Repository/PM/Huawei-vendor/Chart' is present

2024-09-29 11:24:23 - [MESSAGE][WARNING] - Timeout '0' is invalid. Using default page load timeout: '120'

2024-09-29 11:24:23 - [MESSAGE][PASSED] - Object 'Object Repository/PM/Huawei-vendor/TopX/Table View' is present

2024-09-29 11:24:23 - [MESSAGE][PASSED] - Object: 'Object Repository/PM/Huawei-vendor/TopX/Table View' is clicked on

2024-09-29 11:24:23 - [MESSAGE][PASSED] - Object: 'Object Repository/PM/Huawei-vendor/TopX/Reordering the table view' is clicked on

2024-09-29 11:24:23 - [MESSAGE][PASSED] - Object: 'Object Repository/PM/Huawei-vendor/TopX/Table View Filter ICon' is clicked on

2024-09-29 11:24:24 - [MESSAGE][PASSED] - Object: 'Object Repository/PM/Huawei-vendor/TopX/TableView CheckBox' is clicked on

2024-09-29 11:24:24 - [MESSAGE][PASSED] - Object: 'Object Repository/PM/Huawei-vendor/TopX/Table View Resolution' is clicked on

2024-09-29 11:24:24 - [MESSAGE][PASSED] - Object: 'Object Repository/PM/Huawei-vendor/TopX/Table view Resolution Hourly' is clicked on

2024-09-29 11:24:24 - [MESSAGE][PASSED] - Object: 'Object Repository/PM/Huawei-vendor/TopX/Table View Start Date' is clicked on

2024-09-29 11:24:24 - [MESSAGE][PASSED] - Keys '02/01/2024' sent to object: 'Object Repository/PM/Huawei-vendor/TopX/Table View Start Date'

2024-09-29 11:24:25 - [MESSAGE][PASSED] - Object: 'Object Repository/PM/Huawei-vendor/TopX/Table View End Date' is clicked on

2024-09-29 11:24:25 - [MESSAGE][PASSED] - Keys '02/07/2024' sent to object: 'Object Repository/PM/Huawei-vendor/TopX/Table View End Date'

2024-09-29 11:24:25 - [MESSAGE][PASSED] - Object: 'Object Repository/PM/Huawei-vendor/TopX/Table View Show on map' is clicked on

2024-09-29 11:24:25 - [MESSAGE][WARNING] - Timeout '0' is invalid. Using default page load timeout: '120'

2024-09-29 11:24:25 - [MESSAGE][PASSED] - Web element with id: 'Object Repository/PM/Huawei-vendor/Error' located by 'By.xpath: //div[@class='toast-summary title-medium-m']' is not present after '120' second(s)

2024-09-29 11:24:26 - [MESSAGE][PASSED] - Switched to window with index: '3'

2024-09-29 11:24:26 - [MESSAGE][WARNING] - Timeout '0' is invalid. Using default page load timeout: '120'

2024-09-29 11:24:37 - [MESSAGE][PASSED] - Object 'Object Repository/PM/Huawei-vendor/TopX/Map' is present

2024-09-29 11:24:37 - [MESSAGE][WARNING] - Timeout '0' is invalid. Using default page load timeout: '120'

2024-09-29 11:24:37 - [MESSAGE][PASSED] - Web element with id: 'Object Repository/PM/Huawei-vendor/Error' located by 'By.xpath: //div[@class='toast-summary title-medium-m']' is not present after '120' second(s)

2024-09-29 11:24:37 - [MESSAGE][PASSED] - Window with index 3 is closed

2024-09-29 11:24:37 - [MESSAGE][PASSED] - Switched to window with index: '2'

2024-09-29 11:24:37 - [MESSAGE][PASSED] - Object: 'Object Repository/PM/Huawei-vendor/TopX/Table view Show stats' is clicked on

2024-09-29 11:24:37 - [MESSAGE][WARNING] - Timeout '0' is invalid. Using default page load timeout: '120'

2024-09-29 11:24:37 - [MESSAGE][PASSED] - Web element with id: 'Object Repository/PM/Huawei-vendor/Error' located by 'By.xpath: //div[@class='toast-summary title-medium-m']' is not present after '120' second(s)

2024-09-29 11:24:37 - [MESSAGE][PASSED] - Switched to window with index: '3'

2024-09-29 11:24:37 - [MESSAGE][WARNING] - Timeout '0' is invalid. Using default page load timeout: '120'

2024-09-29 11:24:51 - [MESSAGE][PASSED] - Object 'Object Repository/PM/Huawei-vendor/Stats Export Chart' is present

2024-09-29 11:24:52 - [MESSAGE][PASSED] - Browser is closed

2024-09-29 11:24:52 - [MESSAGE][PASSED] - PMHwaueiTopX.TopX is PASSED

2024-09-29 11:24:52 - [TEST_STEP][PASSED] - Start tear down : tearDownTestCase: Method 'tearDownTestCase' complete successfully

2024-09-29 11:24:52 - [TEST_STEP][PASSED] - closeBrowser(): Browser is closed

2024-09-29 11:24:52 - [MESSAGE][PASSED] - Browser is closed

2024-09-29 11:24:52 - [MESSAGE][PASSED] - Method 'tearDownTestCase' complete successfully]]></system-out>
         <system-err><![CDATA[]]></system-err>
      </testcase>
      <testcase name="Test Cases/PM/Hwauei/TopX/2G TopX/XGovernorate/TopX 2G Governorate default" time="50.655" classname="Test Cases/PM/Hwauei/TopX/2G TopX/XGovernorate/TopX 2G Governorate default" status="PASSED">
         <system-out><![CDATA[2024-09-29 11:24:52 - [TEST_CASE][PASSED] - Test Cases/PM/Hwauei/TopX/2G TopX/XGovernorate/TopX 2G Governorate default: Test Cases/PM/Hwauei/TopX/2G TopX/XGovernorate/TopX 2G Governorate default

2024-09-29 11:24:52 - [TEST_STEP][PASSED] - callTestCase(findTestCase("LoginNew"), [:], STOP_ON_FAILURE): Call Test Case 'Test Cases/LoginNew' successfully

2024-09-29 11:24:52 - [TEST_CASE][PASSED] - Test Cases/LoginNew: Test Cases/LoginNew

2024-09-29 11:24:52 - [TEST_STEP][PASSED] - driver = general.start(SwagerURL, NetCellURL): general.start is PASSED

2024-09-29 11:24:52 - [MESSAGE][INFO] - >>> chromeDriverPath=C:\Users\FatimaIbeid\.katalon\packages\Katalon_Studio_Windows_64-8.6.9\Katalon_Studio_Windows_64-8.6.9\configuration\resources\drivers\chromedriver_win32\chromedriver.exe

2024-09-29 11:24:54 - [MESSAGE][PASSED] - Current window maximized

2024-09-29 11:24:54 - [MESSAGE][PASSED] - Execute JavaScript 'window.open();' successfully

2024-09-29 11:24:54 - [MESSAGE][PASSED] - Switched to window with index: '1'

2024-09-29 11:25:06 - [MESSAGE][PASSED] - general.start is PASSED

2024-09-29 11:25:06 - [TEST_STEP][PASSED] - delay(1): Delayed 1 second(s)

2024-09-29 11:25:07 - [MESSAGE][PASSED] - Delayed 1 second(s)

2024-09-29 11:25:07 - [TEST_STEP][PASSED] - sendKeys(findTestObject("Object Repository/Login/EnterEmail2"), "homam@zztjg.onmicrosoft.com"): Keys 'homam@zztjg.onmicrosoft.com' sent to object: 'Object Repository/Login/EnterEmail2'

2024-09-29 11:25:07 - [MESSAGE][PASSED] - Keys 'homam@zztjg.onmicrosoft.com' sent to object: 'Object Repository/Login/EnterEmail2'

2024-09-29 11:25:07 - [TEST_STEP][PASSED] - delay(1): Delayed 1 second(s)

2024-09-29 11:25:08 - [MESSAGE][PASSED] - Delayed 1 second(s)

2024-09-29 11:25:08 - [TEST_STEP][PASSED] - sendKeys(findTestObject("Object Repository/Login/EnterPassword2"), "P@ssw0rd"): Keys 'P@ssw0rd' sent to object: 'Object Repository/Login/EnterPassword2'

2024-09-29 11:25:08 - [MESSAGE][PASSED] - Keys 'P@ssw0rd' sent to object: 'Object Repository/Login/EnterPassword2'

2024-09-29 11:25:08 - [TEST_STEP][PASSED] - delay(1): Delayed 1 second(s)

2024-09-29 11:25:09 - [MESSAGE][PASSED] - Delayed 1 second(s)

2024-09-29 11:25:09 - [TEST_STEP][PASSED] - click(findTestObject("Object Repository/Login/LoginButton2")): Object: 'Object Repository/Login/LoginButton2' is clicked on

2024-09-29 11:25:09 - [MESSAGE][PASSED] - Object: 'Object Repository/Login/LoginButton2' is clicked on

2024-09-29 11:25:09 - [TEST_STEP][PASSED] - delay(1): Delayed 1 second(s)

2024-09-29 11:25:10 - [MESSAGE][PASSED] - Delayed 1 second(s)

2024-09-29 11:25:10 - [TEST_STEP][PASSED] - waitForElementPresent(findTestObject("Object Repository/Login/welcome To NetCell"), 0): Object 'Object Repository/Login/welcome To NetCell' is present

2024-09-29 11:25:10 - [MESSAGE][WARNING] - Timeout '0' is invalid. Using default page load timeout: '120'

2024-09-29 11:25:11 - [MESSAGE][PASSED] - Object 'Object Repository/Login/welcome To NetCell' is present

2024-09-29 11:25:11 - [MESSAGE][PASSED] - Call Test Case 'Test Cases/LoginNew' successfully

2024-09-29 11:25:11 - [TEST_STEP][PASSED] - switchToWindowIndex(1): Switched to window with index: '1'

2024-09-29 11:25:11 - [MESSAGE][PASSED] - Switched to window with index: '1'

2024-09-29 11:25:11 - [TEST_STEP][PASSED] - PMHwaueiTopX.TopX("2G", "Governorate", false, "Hourly", false, null): PMHwaueiTopX.TopX is PASSED

2024-09-29 11:25:11 - [MESSAGE][PASSED] - Object: 'Object Repository/PM/PM-Button' is clicked on

2024-09-29 11:25:11 - [MESSAGE][PASSED] - Switched to window with index: '2'

2024-09-29 11:25:11 - [MESSAGE][PASSED] - Object: 'Object Repository/PM/Huawei-vendor/Data-view/TopX' is clicked on

2024-09-29 11:25:12 - [MESSAGE][PASSED] - Object: 'Object Repository/PM/Huawei-vendor/Technology/Technology-Arrow' is clicked on

2024-09-29 11:25:12 - [MESSAGE][PASSED] - Object: 'Object Repository/PM/Huawei-vendor/Technology/2G' is clicked on

2024-09-29 11:25:12 - [MESSAGE][PASSED] - Object: 'Object Repository/PM/Huawei-vendor/TopX/TopX Object Type' is clicked on

2024-09-29 11:25:13 - [MESSAGE][PASSED] - Delayed 1 second(s)

2024-09-29 11:25:13 - [MESSAGE][PASSED] - Object: 'Object Repository/PM/Huawei-vendor/Object-Type/TopX Object Types/TopX Governorates/TopX Governorate' is clicked on

2024-09-29 11:25:14 - [MESSAGE][PASSED] - Delayed 1 second(s)

2024-09-29 11:25:14 - [MESSAGE][WARNING] - Timeout '0' is invalid. Using default page load timeout: '120'

2024-09-29 11:25:14 - [MESSAGE][PASSED] - Scroll to object 'Object Repository/PM/Huawei-vendor/Object Border' successfully

2024-09-29 11:25:14 - [MESSAGE][PASSED] - Object: 'Object Repository/PM/Huawei-vendor/Object-Type/TopX Object Types/TopX Governorates/TopX Amman' is clicked on

2024-09-29 11:25:15 - [MESSAGE][PASSED] - Object: 'Object Repository/PM/Huawei-vendor/Object-Type/TopX Object Types/TopX Governorates/TopX Irbid' is clicked on

2024-09-29 11:25:15 - [MESSAGE][PASSED] - Object: 'Object Repository/PM/Huawei-vendor/Object-Type/TopX Object Types/TopX Governorates/TopX Aqaba' is clicked on

2024-09-29 11:25:15 - [MESSAGE][PASSED] - Object: 'Object Repository/PM/Huawei-vendor/Object-Type/TopX Object Types/TopX Governorates/TopX Jerash' is clicked on

2024-09-29 11:25:15 - [MESSAGE][PASSED] - Object: 'Object Repository/PM/Huawei-vendor/Object-Type/TopX Object Types/TopX Governorates/TopX Mafraq' is clicked on

2024-09-29 11:25:15 - [MESSAGE][PASSED] - Object: 'Object Repository/PM/Huawei-vendor/Object-Type/TopX Object Types/TopX Governorates/TopX Zarqa' is clicked on

2024-09-29 11:25:15 - [MESSAGE][WARNING] - Timeout '0' is invalid. Using default page load timeout: '120'

2024-09-29 11:25:16 - [MESSAGE][PASSED] - Scroll to object 'Object Repository/PM/Huawei-vendor/LowXlabel' successfully

2024-09-29 11:25:16 - [MESSAGE][PASSED] - Object: 'Object Repository/PM/Huawei-vendor/TopX/TopXDate/BeforeDate' is clicked on

2024-09-29 11:25:17 - [MESSAGE][PASSED] - Delayed 1 second(s)

2024-09-29 11:25:17 - [MESSAGE][PASSED] - Object: 'Object Repository/PM/Huawei-vendor/TopX/TopXDate/Choose Month' is clicked on

2024-09-29 11:25:18 - [MESSAGE][PASSED] - Delayed 1 second(s)

2024-09-29 11:25:18 - [MESSAGE][PASSED] - Object: 'Object Repository/PM/Huawei-vendor/TopX/TopXDate/Feb' is clicked on

2024-09-29 11:25:18 - [MESSAGE][PASSED] - Object: 'Object Repository/PM/Huawei-vendor/TopX/TopXDate/Day 1' is clicked on

2024-09-29 11:25:18 - [MESSAGE][PASSED] - Object: 'Object Repository/PM/Huawei-vendor/TopX/TopXDate/Button OK' is clicked on

2024-09-29 11:25:19 - [MESSAGE][PASSED] - Object: 'Object Repository/PM/Huawei-vendor/TopX/TopXDate/After Date' is clicked on

2024-09-29 11:25:20 - [MESSAGE][PASSED] - Delayed 1 second(s)

2024-09-29 11:25:20 - [MESSAGE][PASSED] - Object: 'Object Repository/PM/Huawei-vendor/TopX/TopXDate/Choose Month' is clicked on

2024-09-29 11:25:21 - [MESSAGE][PASSED] - Delayed 1 second(s)

2024-09-29 11:25:22 - [MESSAGE][PASSED] - Object: 'Object Repository/PM/Huawei-vendor/TopX/TopXDate/Feb' is clicked on

2024-09-29 11:25:22 - [MESSAGE][PASSED] - Object: 'Object Repository/PM/Huawei-vendor/TopX/TopXDate/Day 7' is clicked on

2024-09-29 11:25:22 - [MESSAGE][PASSED] - Object: 'Object Repository/PM/Huawei-vendor/TopX/TopXDate/Button OK' is clicked on

2024-09-29 11:25:22 - [MESSAGE][PASSED] - Object: 'Object Repository/PM/Huawei-vendor/Apply-Button' is clicked on

2024-09-29 11:25:22 - [MESSAGE][WARNING] - Timeout '0' is invalid. Using default page load timeout: '120'

2024-09-29 11:25:22 - [MESSAGE][PASSED] - Web element with id: 'Object Repository/PM/Huawei-vendor/Error' located by 'By.xpath: //div[@class='toast-summary title-medium-m']' is not present after '120' second(s)

2024-09-29 11:25:22 - [MESSAGE][WARNING] - Timeout '0' is invalid. Using default page load timeout: '120'

2024-09-29 11:25:25 - [MESSAGE][PASSED] - Object 'Object Repository/PM/Huawei-vendor/Chart' is present

2024-09-29 11:25:25 - [MESSAGE][WARNING] - Timeout '0' is invalid. Using default page load timeout: '120'

2024-09-29 11:25:25 - [MESSAGE][PASSED] - Object 'Object Repository/PM/Huawei-vendor/TopX/Table View' is present

2024-09-29 11:25:26 - [MESSAGE][PASSED] - Object: 'Object Repository/PM/Huawei-vendor/TopX/Table View' is clicked on

2024-09-29 11:25:26 - [MESSAGE][PASSED] - Object: 'Object Repository/PM/Huawei-vendor/TopX/Reordering the table view' is clicked on

2024-09-29 11:25:26 - [MESSAGE][PASSED] - Object: 'Object Repository/PM/Huawei-vendor/TopX/Table View Filter ICon' is clicked on

2024-09-29 11:25:26 - [MESSAGE][PASSED] - Object: 'Object Repository/PM/Huawei-vendor/TopX/TableView CheckBox' is clicked on

2024-09-29 11:25:27 - [MESSAGE][PASSED] - Object: 'Object Repository/PM/Huawei-vendor/TopX/Table View Resolution' is clicked on

2024-09-29 11:25:27 - [MESSAGE][PASSED] - Object: 'Object Repository/PM/Huawei-vendor/TopX/Table view Resolution Daily' is clicked on

2024-09-29 11:25:27 - [MESSAGE][PASSED] - Object: 'Object Repository/PM/Huawei-vendor/TopX/Table View Start Date' is clicked on

2024-09-29 11:25:27 - [MESSAGE][PASSED] - Keys '02/01/2024' sent to object: 'Object Repository/PM/Huawei-vendor/TopX/Table View Start Date'

2024-09-29 11:25:27 - [MESSAGE][PASSED] - Object: 'Object Repository/PM/Huawei-vendor/TopX/Table View End Date' is clicked on

2024-09-29 11:25:28 - [MESSAGE][PASSED] - Keys '02/07/2024' sent to object: 'Object Repository/PM/Huawei-vendor/TopX/Table View End Date'

2024-09-29 11:25:28 - [MESSAGE][PASSED] - Object: 'Object Repository/PM/Huawei-vendor/TopX/Table View Show on map' is clicked on

2024-09-29 11:25:28 - [MESSAGE][WARNING] - Timeout '0' is invalid. Using default page load timeout: '120'

2024-09-29 11:25:28 - [MESSAGE][PASSED] - Web element with id: 'Object Repository/PM/Huawei-vendor/Error' located by 'By.xpath: //div[@class='toast-summary title-medium-m']' is not present after '120' second(s)

2024-09-29 11:25:28 - [MESSAGE][PASSED] - Switched to window with index: '3'

2024-09-29 11:25:28 - [MESSAGE][WARNING] - Timeout '0' is invalid. Using default page load timeout: '120'

2024-09-29 11:25:39 - [MESSAGE][PASSED] - Object 'Object Repository/PM/Huawei-vendor/TopX/Map' is present

2024-09-29 11:25:39 - [MESSAGE][WARNING] - Timeout '0' is invalid. Using default page load timeout: '120'

2024-09-29 11:25:39 - [MESSAGE][PASSED] - Web element with id: 'Object Repository/PM/Huawei-vendor/Error' located by 'By.xpath: //div[@class='toast-summary title-medium-m']' is not present after '120' second(s)

2024-09-29 11:25:40 - [MESSAGE][PASSED] - Window with index 3 is closed

2024-09-29 11:25:40 - [MESSAGE][PASSED] - Switched to window with index: '2'

2024-09-29 11:25:40 - [MESSAGE][PASSED] - Object: 'Object Repository/PM/Huawei-vendor/TopX/Table view Show stats' is clicked on

2024-09-29 11:25:40 - [MESSAGE][WARNING] - Timeout '0' is invalid. Using default page load timeout: '120'

2024-09-29 11:25:40 - [MESSAGE][PASSED] - Web element with id: 'Object Repository/PM/Huawei-vendor/Error' located by 'By.xpath: //div[@class='toast-summary title-medium-m']' is not present after '120' second(s)

2024-09-29 11:25:40 - [MESSAGE][PASSED] - Switched to window with index: '3'

2024-09-29 11:25:40 - [MESSAGE][WARNING] - Timeout '0' is invalid. Using default page load timeout: '120'

2024-09-29 11:25:42 - [MESSAGE][PASSED] - Object 'Object Repository/PM/Huawei-vendor/Stats Export Chart' is present

2024-09-29 11:25:42 - [MESSAGE][PASSED] - Browser is closed

2024-09-29 11:25:42 - [MESSAGE][PASSED] - PMHwaueiTopX.TopX is PASSED

2024-09-29 11:25:42 - [TEST_STEP][PASSED] - Start tear down : tearDownTestCase: Method 'tearDownTestCase' complete successfully

2024-09-29 11:25:42 - [TEST_STEP][PASSED] - closeBrowser(): Browser is closed

2024-09-29 11:25:42 - [MESSAGE][PASSED] - Browser is closed

2024-09-29 11:25:42 - [MESSAGE][PASSED] - Method 'tearDownTestCase' complete successfully]]></system-out>
         <system-err><![CDATA[]]></system-err>
      </testcase>
      <testcase name="Test Cases/PM/Hwauei/TopX/2G TopX/XGovernorate/TopX 2G Governorate with LowX" time="60.213" classname="Test Cases/PM/Hwauei/TopX/2G TopX/XGovernorate/TopX 2G Governorate with LowX" status="PASSED">
         <system-out><![CDATA[2024-09-29 11:25:42 - [TEST_CASE][PASSED] - Test Cases/PM/Hwauei/TopX/2G TopX/XGovernorate/TopX 2G Governorate with LowX: Test Cases/PM/Hwauei/TopX/2G TopX/XGovernorate/TopX 2G Governorate with LowX

2024-09-29 11:25:43 - [TEST_STEP][PASSED] - callTestCase(findTestCase("LoginNew"), [:], STOP_ON_FAILURE): Call Test Case 'Test Cases/LoginNew' successfully

2024-09-29 11:25:43 - [TEST_CASE][PASSED] - Test Cases/LoginNew: Test Cases/LoginNew

2024-09-29 11:25:43 - [TEST_STEP][PASSED] - driver = general.start(SwagerURL, NetCellURL): general.start is PASSED

2024-09-29 11:25:43 - [MESSAGE][INFO] - >>> chromeDriverPath=C:\Users\FatimaIbeid\.katalon\packages\Katalon_Studio_Windows_64-8.6.9\Katalon_Studio_Windows_64-8.6.9\configuration\resources\drivers\chromedriver_win32\chromedriver.exe

2024-09-29 11:25:44 - [MESSAGE][PASSED] - Current window maximized

2024-09-29 11:25:45 - [MESSAGE][PASSED] - Execute JavaScript 'window.open();' successfully

2024-09-29 11:25:45 - [MESSAGE][PASSED] - Switched to window with index: '1'

2024-09-29 11:25:56 - [MESSAGE][PASSED] - general.start is PASSED

2024-09-29 11:25:56 - [TEST_STEP][PASSED] - delay(1): Delayed 1 second(s)

2024-09-29 11:25:57 - [MESSAGE][PASSED] - Delayed 1 second(s)

2024-09-29 11:25:57 - [TEST_STEP][PASSED] - sendKeys(findTestObject("Object Repository/Login/EnterEmail2"), "homam@zztjg.onmicrosoft.com"): Keys 'homam@zztjg.onmicrosoft.com' sent to object: 'Object Repository/Login/EnterEmail2'

2024-09-29 11:25:57 - [MESSAGE][PASSED] - Keys 'homam@zztjg.onmicrosoft.com' sent to object: 'Object Repository/Login/EnterEmail2'

2024-09-29 11:25:57 - [TEST_STEP][PASSED] - delay(1): Delayed 1 second(s)

2024-09-29 11:25:58 - [MESSAGE][PASSED] - Delayed 1 second(s)

2024-09-29 11:25:58 - [TEST_STEP][PASSED] - sendKeys(findTestObject("Object Repository/Login/EnterPassword2"), "P@ssw0rd"): Keys 'P@ssw0rd' sent to object: 'Object Repository/Login/EnterPassword2'

2024-09-29 11:25:59 - [MESSAGE][PASSED] - Keys 'P@ssw0rd' sent to object: 'Object Repository/Login/EnterPassword2'

2024-09-29 11:25:59 - [TEST_STEP][PASSED] - delay(1): Delayed 1 second(s)

2024-09-29 11:26:00 - [MESSAGE][PASSED] - Delayed 1 second(s)

2024-09-29 11:26:00 - [TEST_STEP][PASSED] - click(findTestObject("Object Repository/Login/LoginButton2")): Object: 'Object Repository/Login/LoginButton2' is clicked on

2024-09-29 11:26:00 - [MESSAGE][PASSED] - Object: 'Object Repository/Login/LoginButton2' is clicked on

2024-09-29 11:26:00 - [TEST_STEP][PASSED] - delay(1): Delayed 1 second(s)

2024-09-29 11:26:01 - [MESSAGE][PASSED] - Delayed 1 second(s)

2024-09-29 11:26:01 - [TEST_STEP][PASSED] - waitForElementPresent(findTestObject("Object Repository/Login/welcome To NetCell"), 0): Object 'Object Repository/Login/welcome To NetCell' is present

2024-09-29 11:26:01 - [MESSAGE][WARNING] - Timeout '0' is invalid. Using default page load timeout: '120'

2024-09-29 11:26:01 - [MESSAGE][PASSED] - Object 'Object Repository/Login/welcome To NetCell' is present

2024-09-29 11:26:01 - [MESSAGE][PASSED] - Call Test Case 'Test Cases/LoginNew' successfully

2024-09-29 11:26:01 - [TEST_STEP][PASSED] - switchToWindowIndex(1): Switched to window with index: '1'

2024-09-29 11:26:01 - [MESSAGE][PASSED] - Switched to window with index: '1'

2024-09-29 11:26:01 - [TEST_STEP][PASSED] - PMHwaueiTopX.TopX("2G", "Governorate", true, "Hourly", true, null): PMHwaueiTopX.TopX is PASSED

2024-09-29 11:26:01 - [MESSAGE][PASSED] - Object: 'Object Repository/PM/PM-Button' is clicked on

2024-09-29 11:26:01 - [MESSAGE][PASSED] - Switched to window with index: '2'

2024-09-29 11:26:02 - [MESSAGE][PASSED] - Object: 'Object Repository/PM/Huawei-vendor/Data-view/TopX' is clicked on

2024-09-29 11:26:02 - [MESSAGE][PASSED] - Object: 'Object Repository/PM/Huawei-vendor/Technology/Technology-Arrow' is clicked on

2024-09-29 11:26:02 - [MESSAGE][PASSED] - Object: 'Object Repository/PM/Huawei-vendor/Technology/2G' is clicked on

2024-09-29 11:26:02 - [MESSAGE][PASSED] - Object: 'Object Repository/PM/Huawei-vendor/TopX/TopX Object Type' is clicked on

2024-09-29 11:26:03 - [MESSAGE][PASSED] - Delayed 1 second(s)

2024-09-29 11:26:03 - [MESSAGE][PASSED] - Object: 'Object Repository/PM/Huawei-vendor/Object-Type/TopX Object Types/TopX Governorates/TopX Governorate' is clicked on

2024-09-29 11:26:04 - [MESSAGE][PASSED] - Delayed 1 second(s)

2024-09-29 11:26:04 - [MESSAGE][WARNING] - Timeout '0' is invalid. Using default page load timeout: '120'

2024-09-29 11:26:05 - [MESSAGE][PASSED] - Scroll to object 'Object Repository/PM/Huawei-vendor/Object Border' successfully

2024-09-29 11:26:05 - [MESSAGE][PASSED] - Object: 'Object Repository/PM/Huawei-vendor/Object-Type/TopX Object Types/TopX PLMNs/TopX PLMN checkbox' is clicked on

2024-09-29 11:26:05 - [MESSAGE][WARNING] - Timeout '0' is invalid. Using default page load timeout: '120'

2024-09-29 11:26:05 - [MESSAGE][PASSED] - Scroll to object 'Object Repository/PM/Huawei-vendor/LowXlabel' successfully

2024-09-29 11:26:05 - [MESSAGE][PASSED] - Object: 'Object Repository/PM/Huawei-vendor/TopX/TopXDate/BeforeDate' is clicked on

2024-09-29 11:26:06 - [MESSAGE][PASSED] - Delayed 1 second(s)

2024-09-29 11:26:06 - [MESSAGE][PASSED] - Object: 'Object Repository/PM/Huawei-vendor/TopX/TopXDate/Choose Month' is clicked on

2024-09-29 11:26:07 - [MESSAGE][PASSED] - Delayed 1 second(s)

2024-09-29 11:26:07 - [MESSAGE][PASSED] - Object: 'Object Repository/PM/Huawei-vendor/TopX/TopXDate/Feb' is clicked on

2024-09-29 11:26:08 - [MESSAGE][PASSED] - Object: 'Object Repository/PM/Huawei-vendor/TopX/TopXDate/Day 1' is clicked on

2024-09-29 11:26:08 - [MESSAGE][PASSED] - Object: 'Object Repository/PM/Huawei-vendor/TopX/TopXDate/Button OK' is clicked on

2024-09-29 11:26:08 - [MESSAGE][PASSED] - Object: 'Object Repository/PM/Huawei-vendor/TopX/TopXDate/After Date' is clicked on

2024-09-29 11:26:09 - [MESSAGE][PASSED] - Delayed 1 second(s)

2024-09-29 11:26:09 - [MESSAGE][PASSED] - Object: 'Object Repository/PM/Huawei-vendor/TopX/TopXDate/Choose Month' is clicked on

2024-09-29 11:26:10 - [MESSAGE][PASSED] - Delayed 1 second(s)

2024-09-29 11:26:10 - [MESSAGE][PASSED] - Object: 'Object Repository/PM/Huawei-vendor/TopX/TopXDate/Feb' is clicked on

2024-09-29 11:26:11 - [MESSAGE][PASSED] - Object: 'Object Repository/PM/Huawei-vendor/TopX/TopXDate/Day 7' is clicked on

2024-09-29 11:26:11 - [MESSAGE][PASSED] - Object: 'Object Repository/PM/Huawei-vendor/TopX/TopXDate/Button OK' is clicked on

2024-09-29 11:26:11 - [MESSAGE][PASSED] - Object: 'Object Repository/PM/Huawei-vendor/LowXCheckBox' is clicked on

2024-09-29 11:26:11 - [MESSAGE][PASSED] - Object: 'Object Repository/PM/Huawei-vendor/Apply-Button' is clicked on

2024-09-29 11:26:11 - [MESSAGE][WARNING] - Timeout '0' is invalid. Using default page load timeout: '120'

2024-09-29 11:26:11 - [MESSAGE][PASSED] - Web element with id: 'Object Repository/PM/Huawei-vendor/Error' located by 'By.xpath: //div[@class='toast-summary title-medium-m']' is not present after '120' second(s)

2024-09-29 11:26:11 - [MESSAGE][WARNING] - Timeout '0' is invalid. Using default page load timeout: '120'

2024-09-29 11:26:15 - [MESSAGE][PASSED] - Object 'Object Repository/PM/Huawei-vendor/Chart' is present

2024-09-29 11:26:15 - [MESSAGE][WARNING] - Timeout '0' is invalid. Using default page load timeout: '120'

2024-09-29 11:26:15 - [MESSAGE][PASSED] - Object 'Object Repository/PM/Huawei-vendor/TopX/Table View' is present

2024-09-29 11:26:15 - [MESSAGE][PASSED] - Object: 'Object Repository/PM/Huawei-vendor/TopX/Table View' is clicked on

2024-09-29 11:26:15 - [MESSAGE][PASSED] - Object: 'Object Repository/PM/Huawei-vendor/TopX/Reordering the table view' is clicked on

2024-09-29 11:26:16 - [MESSAGE][PASSED] - Object: 'Object Repository/PM/Huawei-vendor/TopX/Table View Filter ICon' is clicked on

2024-09-29 11:26:16 - [MESSAGE][PASSED] - Object: 'Object Repository/PM/Huawei-vendor/TopX/TableView CheckBox' is clicked on

2024-09-29 11:26:16 - [MESSAGE][PASSED] - Object: 'Object Repository/PM/Huawei-vendor/TopX/Table View Resolution' is clicked on

2024-09-29 11:26:16 - [MESSAGE][PASSED] - Object: 'Object Repository/PM/Huawei-vendor/TopX/Table view Resolution Hourly' is clicked on

2024-09-29 11:26:16 - [MESSAGE][PASSED] - Object: 'Object Repository/PM/Huawei-vendor/TopX/Table View Start Date' is clicked on

2024-09-29 11:26:17 - [MESSAGE][PASSED] - Keys '02/01/2024' sent to object: 'Object Repository/PM/Huawei-vendor/TopX/Table View Start Date'

2024-09-29 11:26:17 - [MESSAGE][PASSED] - Object: 'Object Repository/PM/Huawei-vendor/TopX/Table View End Date' is clicked on

2024-09-29 11:26:17 - [MESSAGE][PASSED] - Keys '02/07/2024' sent to object: 'Object Repository/PM/Huawei-vendor/TopX/Table View End Date'

2024-09-29 11:26:17 - [MESSAGE][PASSED] - Object: 'Object Repository/PM/Huawei-vendor/TopX/Table View Show on map' is clicked on

2024-09-29 11:26:17 - [MESSAGE][WARNING] - Timeout '0' is invalid. Using default page load timeout: '120'

2024-09-29 11:26:17 - [MESSAGE][PASSED] - Web element with id: 'Object Repository/PM/Huawei-vendor/Error' located by 'By.xpath: //div[@class='toast-summary title-medium-m']' is not present after '120' second(s)

2024-09-29 11:26:18 - [MESSAGE][PASSED] - Switched to window with index: '3'

2024-09-29 11:26:18 - [MESSAGE][WARNING] - Timeout '0' is invalid. Using default page load timeout: '120'

2024-09-29 11:26:29 - [MESSAGE][PASSED] - Object 'Object Repository/PM/Huawei-vendor/TopX/Map' is present

2024-09-29 11:26:29 - [MESSAGE][WARNING] - Timeout '0' is invalid. Using default page load timeout: '120'

2024-09-29 11:26:29 - [MESSAGE][PASSED] - Web element with id: 'Object Repository/PM/Huawei-vendor/Error' located by 'By.xpath: //div[@class='toast-summary title-medium-m']' is not present after '120' second(s)

2024-09-29 11:26:29 - [MESSAGE][PASSED] - Window with index 3 is closed

2024-09-29 11:26:29 - [MESSAGE][PASSED] - Switched to window with index: '2'

2024-09-29 11:26:29 - [MESSAGE][PASSED] - Object: 'Object Repository/PM/Huawei-vendor/TopX/Table view Show stats' is clicked on

2024-09-29 11:26:29 - [MESSAGE][WARNING] - Timeout '0' is invalid. Using default page load timeout: '120'

2024-09-29 11:26:29 - [MESSAGE][PASSED] - Web element with id: 'Object Repository/PM/Huawei-vendor/Error' located by 'By.xpath: //div[@class='toast-summary title-medium-m']' is not present after '120' second(s)

2024-09-29 11:26:29 - [MESSAGE][PASSED] - Switched to window with index: '3'

2024-09-29 11:26:29 - [MESSAGE][WARNING] - Timeout '0' is invalid. Using default page load timeout: '120'

2024-09-29 11:26:42 - [MESSAGE][PASSED] - Object 'Object Repository/PM/Huawei-vendor/Stats Export Chart' is present

2024-09-29 11:26:43 - [MESSAGE][PASSED] - Browser is closed

2024-09-29 11:26:43 - [MESSAGE][PASSED] - PMHwaueiTopX.TopX is PASSED

2024-09-29 11:26:43 - [TEST_STEP][PASSED] - Start tear down : tearDownTestCase: Method 'tearDownTestCase' complete successfully

2024-09-29 11:26:43 - [TEST_STEP][PASSED] - closeBrowser(): Browser is closed

2024-09-29 11:26:43 - [MESSAGE][PASSED] - Browser is closed

2024-09-29 11:26:43 - [MESSAGE][PASSED] - Method 'tearDownTestCase' complete successfully]]></system-out>
         <system-err><![CDATA[]]></system-err>
      </testcase>
      <testcase name="Test Cases/PM/Hwauei/TopX/2G TopX/XGovernorate/TopX 2G Governorate Daily" time="63.338" classname="Test Cases/PM/Hwauei/TopX/2G TopX/XGovernorate/TopX 2G Governorate Daily" status="PASSED">
         <system-out><![CDATA[2024-09-29 11:26:43 - [TEST_CASE][PASSED] - Test Cases/PM/Hwauei/TopX/2G TopX/XGovernorate/TopX 2G Governorate Daily: Test Cases/PM/Hwauei/TopX/2G TopX/XGovernorate/TopX 2G Governorate Daily

2024-09-29 11:26:43 - [TEST_STEP][PASSED] - callTestCase(findTestCase("LoginNew"), [:], STOP_ON_FAILURE): Call Test Case 'Test Cases/LoginNew' successfully

2024-09-29 11:26:43 - [TEST_CASE][PASSED] - Test Cases/LoginNew: Test Cases/LoginNew

2024-09-29 11:26:43 - [TEST_STEP][PASSED] - driver = general.start(SwagerURL, NetCellURL): general.start is PASSED

2024-09-29 11:26:43 - [MESSAGE][INFO] - >>> chromeDriverPath=C:\Users\FatimaIbeid\.katalon\packages\Katalon_Studio_Windows_64-8.6.9\Katalon_Studio_Windows_64-8.6.9\configuration\resources\drivers\chromedriver_win32\chromedriver.exe

2024-09-29 11:26:44 - [MESSAGE][PASSED] - Current window maximized

2024-09-29 11:26:45 - [MESSAGE][PASSED] - Execute JavaScript 'window.open();' successfully

2024-09-29 11:26:45 - [MESSAGE][PASSED] - Switched to window with index: '1'

2024-09-29 11:26:57 - [MESSAGE][PASSED] - general.start is PASSED

2024-09-29 11:26:57 - [TEST_STEP][PASSED] - delay(1): Delayed 1 second(s)

2024-09-29 11:26:58 - [MESSAGE][PASSED] - Delayed 1 second(s)

2024-09-29 11:26:58 - [TEST_STEP][PASSED] - sendKeys(findTestObject("Object Repository/Login/EnterEmail2"), "homam@zztjg.onmicrosoft.com"): Keys 'homam@zztjg.onmicrosoft.com' sent to object: 'Object Repository/Login/EnterEmail2'

2024-09-29 11:26:58 - [MESSAGE][PASSED] - Keys 'homam@zztjg.onmicrosoft.com' sent to object: 'Object Repository/Login/EnterEmail2'

2024-09-29 11:26:58 - [TEST_STEP][PASSED] - delay(1): Delayed 1 second(s)

2024-09-29 11:26:59 - [MESSAGE][PASSED] - Delayed 1 second(s)

2024-09-29 11:26:59 - [TEST_STEP][PASSED] - sendKeys(findTestObject("Object Repository/Login/EnterPassword2"), "P@ssw0rd"): Keys 'P@ssw0rd' sent to object: 'Object Repository/Login/EnterPassword2'

2024-09-29 11:27:00 - [MESSAGE][PASSED] - Keys 'P@ssw0rd' sent to object: 'Object Repository/Login/EnterPassword2'

2024-09-29 11:27:00 - [TEST_STEP][PASSED] - delay(1): Delayed 1 second(s)

2024-09-29 11:27:01 - [MESSAGE][PASSED] - Delayed 1 second(s)

2024-09-29 11:27:01 - [TEST_STEP][PASSED] - click(findTestObject("Object Repository/Login/LoginButton2")): Object: 'Object Repository/Login/LoginButton2' is clicked on

2024-09-29 11:27:01 - [MESSAGE][PASSED] - Object: 'Object Repository/Login/LoginButton2' is clicked on

2024-09-29 11:27:01 - [TEST_STEP][PASSED] - delay(1): Delayed 1 second(s)

2024-09-29 11:27:02 - [MESSAGE][PASSED] - Delayed 1 second(s)

2024-09-29 11:27:02 - [TEST_STEP][PASSED] - waitForElementPresent(findTestObject("Object Repository/Login/welcome To NetCell"), 0): Object 'Object Repository/Login/welcome To NetCell' is present

2024-09-29 11:27:02 - [MESSAGE][WARNING] - Timeout '0' is invalid. Using default page load timeout: '120'

2024-09-29 11:27:02 - [MESSAGE][PASSED] - Object 'Object Repository/Login/welcome To NetCell' is present

2024-09-29 11:27:02 - [MESSAGE][PASSED] - Call Test Case 'Test Cases/LoginNew' successfully

2024-09-29 11:27:02 - [TEST_STEP][PASSED] - switchToWindowIndex(1): Switched to window with index: '1'

2024-09-29 11:27:02 - [MESSAGE][PASSED] - Switched to window with index: '1'

2024-09-29 11:27:02 - [TEST_STEP][PASSED] - PMHwaueiTopX.TopX("2G", "Governorate", false, "Daily", false, null): PMHwaueiTopX.TopX is PASSED

2024-09-29 11:27:02 - [MESSAGE][PASSED] - Object: 'Object Repository/PM/PM-Button' is clicked on

2024-09-29 11:27:02 - [MESSAGE][PASSED] - Switched to window with index: '2'

2024-09-29 11:27:03 - [MESSAGE][PASSED] - Object: 'Object Repository/PM/Huawei-vendor/Data-view/TopX' is clicked on

2024-09-29 11:27:03 - [MESSAGE][PASSED] - Object: 'Object Repository/PM/Huawei-vendor/Technology/Technology-Arrow' is clicked on

2024-09-29 11:27:03 - [MESSAGE][PASSED] - Object: 'Object Repository/PM/Huawei-vendor/Technology/2G' is clicked on

2024-09-29 11:27:03 - [MESSAGE][PASSED] - Object: 'Object Repository/PM/Huawei-vendor/TopX/TopX Object Type' is clicked on

2024-09-29 11:27:04 - [MESSAGE][PASSED] - Delayed 1 second(s)

2024-09-29 11:27:04 - [MESSAGE][PASSED] - Object: 'Object Repository/PM/Huawei-vendor/Object-Type/TopX Object Types/TopX Governorates/TopX Governorate' is clicked on

2024-09-29 11:27:05 - [MESSAGE][PASSED] - Delayed 1 second(s)

2024-09-29 11:27:05 - [MESSAGE][WARNING] - Timeout '0' is invalid. Using default page load timeout: '120'

2024-09-29 11:27:05 - [MESSAGE][PASSED] - Scroll to object 'Object Repository/PM/Huawei-vendor/Object Border' successfully

2024-09-29 11:27:06 - [MESSAGE][PASSED] - Object: 'Object Repository/PM/Huawei-vendor/Object-Type/TopX Object Types/TopX Governorates/TopX Amman' is clicked on

2024-09-29 11:27:06 - [MESSAGE][PASSED] - Object: 'Object Repository/PM/Huawei-vendor/Object-Type/TopX Object Types/TopX Governorates/TopX Irbid' is clicked on

2024-09-29 11:27:06 - [MESSAGE][PASSED] - Object: 'Object Repository/PM/Huawei-vendor/Object-Type/TopX Object Types/TopX Governorates/TopX Aqaba' is clicked on

2024-09-29 11:27:06 - [MESSAGE][PASSED] - Object: 'Object Repository/PM/Huawei-vendor/Object-Type/TopX Object Types/TopX Governorates/TopX Jerash' is clicked on

2024-09-29 11:27:06 - [MESSAGE][PASSED] - Object: 'Object Repository/PM/Huawei-vendor/Object-Type/TopX Object Types/TopX Governorates/TopX Mafraq' is clicked on

2024-09-29 11:27:06 - [MESSAGE][PASSED] - Object: 'Object Repository/PM/Huawei-vendor/Object-Type/TopX Object Types/TopX Governorates/TopX Zarqa' is clicked on

2024-09-29 11:27:06 - [MESSAGE][WARNING] - Timeout '0' is invalid. Using default page load timeout: '120'

2024-09-29 11:27:06 - [MESSAGE][PASSED] - Scroll to object 'Object Repository/PM/Huawei-vendor/LowXlabel' successfully

2024-09-29 11:27:07 - [MESSAGE][PASSED] - Object: 'Object Repository/PM/Huawei-vendor/Resolution Temp/Select Resolution temp' is clicked on

2024-09-29 11:27:07 - [MESSAGE][PASSED] - Object: 'Object Repository/PM/Huawei-vendor/Resolution Temp/Resolution Temp Daily' is clicked on

2024-09-29 11:27:07 - [MESSAGE][PASSED] - Object: 'Object Repository/PM/Huawei-vendor/TopX/TopXDate/BeforeDate' is clicked on

2024-09-29 11:27:08 - [MESSAGE][PASSED] - Delayed 1 second(s)

2024-09-29 11:27:08 - [MESSAGE][PASSED] - Object: 'Object Repository/PM/Huawei-vendor/TopX/TopXDate/Choose Month' is clicked on

2024-09-29 11:27:09 - [MESSAGE][PASSED] - Delayed 1 second(s)

2024-09-29 11:27:09 - [MESSAGE][PASSED] - Object: 'Object Repository/PM/Huawei-vendor/TopX/TopXDate/Feb' is clicked on

2024-09-29 11:27:10 - [MESSAGE][PASSED] - Object: 'Object Repository/PM/Huawei-vendor/TopX/TopXDate/Day 1' is clicked on

2024-09-29 11:27:10 - [MESSAGE][PASSED] - Object: 'Object Repository/PM/Huawei-vendor/TopX/TopXDate/Button OK' is clicked on

2024-09-29 11:27:10 - [MESSAGE][PASSED] - Object: 'Object Repository/PM/Huawei-vendor/TopX/TopXDate/After Date' is clicked on

2024-09-29 11:27:11 - [MESSAGE][PASSED] - Delayed 1 second(s)

2024-09-29 11:27:11 - [MESSAGE][PASSED] - Object: 'Object Repository/PM/Huawei-vendor/TopX/TopXDate/Choose Month' is clicked on

2024-09-29 11:27:12 - [MESSAGE][PASSED] - Delayed 1 second(s)

2024-09-29 11:27:12 - [MESSAGE][PASSED] - Object: 'Object Repository/PM/Huawei-vendor/TopX/TopXDate/Feb' is clicked on

2024-09-29 11:27:13 - [MESSAGE][PASSED] - Object: 'Object Repository/PM/Huawei-vendor/TopX/TopXDate/Day 7' is clicked on

2024-09-29 11:27:13 - [MESSAGE][PASSED] - Object: 'Object Repository/PM/Huawei-vendor/TopX/TopXDate/Button OK' is clicked on

2024-09-29 11:27:13 - [MESSAGE][PASSED] - Object: 'Object Repository/PM/Huawei-vendor/Apply-Button' is clicked on

2024-09-29 11:27:13 - [MESSAGE][WARNING] - Timeout '0' is invalid. Using default page load timeout: '120'

2024-09-29 11:27:13 - [MESSAGE][PASSED] - Web element with id: 'Object Repository/PM/Huawei-vendor/Error' located by 'By.xpath: //div[@class='toast-summary title-medium-m']' is not present after '120' second(s)

2024-09-29 11:27:13 - [MESSAGE][WARNING] - Timeout '0' is invalid. Using default page load timeout: '120'

2024-09-29 11:27:17 - [MESSAGE][PASSED] - Object 'Object Repository/PM/Huawei-vendor/Chart' is present

2024-09-29 11:27:17 - [MESSAGE][WARNING] - Timeout '0' is invalid. Using default page load timeout: '120'

2024-09-29 11:27:17 - [MESSAGE][PASSED] - Object 'Object Repository/PM/Huawei-vendor/TopX/Table View' is present

2024-09-29 11:27:17 - [MESSAGE][PASSED] - Object: 'Object Repository/PM/Huawei-vendor/TopX/Table View' is clicked on

2024-09-29 11:27:17 - [MESSAGE][PASSED] - Object: 'Object Repository/PM/Huawei-vendor/TopX/Reordering the table view' is clicked on

2024-09-29 11:27:17 - [MESSAGE][PASSED] - Object: 'Object Repository/PM/Huawei-vendor/TopX/Table View Filter ICon' is clicked on

2024-09-29 11:27:18 - [MESSAGE][PASSED] - Object: 'Object Repository/PM/Huawei-vendor/TopX/TableView CheckBox' is clicked on

2024-09-29 11:27:18 - [MESSAGE][PASSED] - Object: 'Object Repository/PM/Huawei-vendor/TopX/Table View Resolution' is clicked on

2024-09-29 11:27:18 - [MESSAGE][PASSED] - Object: 'Object Repository/PM/Huawei-vendor/TopX/Table view Resolution Daily' is clicked on

2024-09-29 11:27:18 - [MESSAGE][PASSED] - Object: 'Object Repository/PM/Huawei-vendor/TopX/Table View Start Date' is clicked on

2024-09-29 11:27:18 - [MESSAGE][PASSED] - Keys '02/01/2024' sent to object: 'Object Repository/PM/Huawei-vendor/TopX/Table View Start Date'

2024-09-29 11:27:19 - [MESSAGE][PASSED] - Object: 'Object Repository/PM/Huawei-vendor/TopX/Table View End Date' is clicked on

2024-09-29 11:27:19 - [MESSAGE][PASSED] - Keys '02/07/2024' sent to object: 'Object Repository/PM/Huawei-vendor/TopX/Table View End Date'

2024-09-29 11:27:19 - [MESSAGE][PASSED] - Object: 'Object Repository/PM/Huawei-vendor/TopX/Table View Show on map' is clicked on

2024-09-29 11:27:19 - [MESSAGE][WARNING] - Timeout '0' is invalid. Using default page load timeout: '120'

2024-09-29 11:27:19 - [MESSAGE][PASSED] - Web element with id: 'Object Repository/PM/Huawei-vendor/Error' located by 'By.xpath: //div[@class='toast-summary title-medium-m']' is not present after '120' second(s)

2024-09-29 11:27:20 - [MESSAGE][PASSED] - Switched to window with index: '3'

2024-09-29 11:27:20 - [MESSAGE][WARNING] - Timeout '0' is invalid. Using default page load timeout: '120'

2024-09-29 11:27:32 - [MESSAGE][PASSED] - Object 'Object Repository/PM/Huawei-vendor/TopX/Map' is present

2024-09-29 11:27:32 - [MESSAGE][WARNING] - Timeout '0' is invalid. Using default page load timeout: '120'

2024-09-29 11:27:32 - [MESSAGE][PASSED] - Web element with id: 'Object Repository/PM/Huawei-vendor/Error' located by 'By.xpath: //div[@class='toast-summary title-medium-m']' is not present after '120' second(s)

2024-09-29 11:27:32 - [MESSAGE][PASSED] - Window with index 3 is closed

2024-09-29 11:27:32 - [MESSAGE][PASSED] - Switched to window with index: '2'

2024-09-29 11:27:32 - [MESSAGE][PASSED] - Object: 'Object Repository/PM/Huawei-vendor/TopX/Table view Show stats' is clicked on

2024-09-29 11:27:32 - [MESSAGE][WARNING] - Timeout '0' is invalid. Using default page load timeout: '120'

2024-09-29 11:27:32 - [MESSAGE][PASSED] - Web element with id: 'Object Repository/PM/Huawei-vendor/Error' located by 'By.xpath: //div[@class='toast-summary title-medium-m']' is not present after '120' second(s)

2024-09-29 11:27:32 - [MESSAGE][PASSED] - Switched to window with index: '3'

2024-09-29 11:27:32 - [MESSAGE][WARNING] - Timeout '0' is invalid. Using default page load timeout: '120'

2024-09-29 11:27:45 - [MESSAGE][PASSED] - Object 'Object Repository/PM/Huawei-vendor/Stats Export Chart' is present

2024-09-29 11:27:46 - [MESSAGE][PASSED] - Browser is closed

2024-09-29 11:27:46 - [MESSAGE][PASSED] - PMHwaueiTopX.TopX is PASSED

2024-09-29 11:27:46 - [TEST_STEP][PASSED] - Start tear down : tearDownTestCase: Method 'tearDownTestCase' complete successfully

2024-09-29 11:27:46 - [TEST_STEP][PASSED] - closeBrowser(): Browser is closed

2024-09-29 11:27:46 - [MESSAGE][PASSED] - Browser is closed

2024-09-29 11:27:46 - [MESSAGE][PASSED] - Method 'tearDownTestCase' complete successfully]]></system-out>
         <system-err><![CDATA[]]></system-err>
      </testcase>
      <testcase name="Test Cases/PM/Hwauei/TopX/2G TopX/XGovernorate/TopX 2G Governorate DailyBH" time="61.5" classname="Test Cases/PM/Hwauei/TopX/2G TopX/XGovernorate/TopX 2G Governorate DailyBH" status="PASSED">
         <system-out><![CDATA[2024-09-29 11:27:46 - [TEST_CASE][PASSED] - Test Cases/PM/Hwauei/TopX/2G TopX/XGovernorate/TopX 2G Governorate DailyBH: Test Cases/PM/Hwauei/TopX/2G TopX/XGovernorate/TopX 2G Governorate DailyBH

2024-09-29 11:27:46 - [TEST_STEP][PASSED] - callTestCase(findTestCase("LoginNew"), [:], STOP_ON_FAILURE): Call Test Case 'Test Cases/LoginNew' successfully

2024-09-29 11:27:46 - [TEST_CASE][PASSED] - Test Cases/LoginNew: Test Cases/LoginNew

2024-09-29 11:27:46 - [TEST_STEP][PASSED] - driver = general.start(SwagerURL, NetCellURL): general.start is PASSED

2024-09-29 11:27:46 - [MESSAGE][INFO] - >>> chromeDriverPath=C:\Users\FatimaIbeid\.katalon\packages\Katalon_Studio_Windows_64-8.6.9\Katalon_Studio_Windows_64-8.6.9\configuration\resources\drivers\chromedriver_win32\chromedriver.exe

2024-09-29 11:27:48 - [MESSAGE][PASSED] - Current window maximized

2024-09-29 11:27:48 - [MESSAGE][PASSED] - Execute JavaScript 'window.open();' successfully

2024-09-29 11:27:49 - [MESSAGE][PASSED] - Switched to window with index: '1'

2024-09-29 11:28:00 - [MESSAGE][PASSED] - general.start is PASSED

2024-09-29 11:28:00 - [TEST_STEP][PASSED] - delay(1): Delayed 1 second(s)

2024-09-29 11:28:01 - [MESSAGE][PASSED] - Delayed 1 second(s)

2024-09-29 11:28:01 - [TEST_STEP][PASSED] - sendKeys(findTestObject("Object Repository/Login/EnterEmail2"), "homam@zztjg.onmicrosoft.com"): Keys 'homam@zztjg.onmicrosoft.com' sent to object: 'Object Repository/Login/EnterEmail2'

2024-09-29 11:28:01 - [MESSAGE][PASSED] - Keys 'homam@zztjg.onmicrosoft.com' sent to object: 'Object Repository/Login/EnterEmail2'

2024-09-29 11:28:01 - [TEST_STEP][PASSED] - delay(1): Delayed 1 second(s)

2024-09-29 11:28:02 - [MESSAGE][PASSED] - Delayed 1 second(s)

2024-09-29 11:28:02 - [TEST_STEP][PASSED] - sendKeys(findTestObject("Object Repository/Login/EnterPassword2"), "P@ssw0rd"): Keys 'P@ssw0rd' sent to object: 'Object Repository/Login/EnterPassword2'

2024-09-29 11:28:02 - [MESSAGE][PASSED] - Keys 'P@ssw0rd' sent to object: 'Object Repository/Login/EnterPassword2'

2024-09-29 11:28:02 - [TEST_STEP][PASSED] - delay(1): Delayed 1 second(s)

2024-09-29 11:28:03 - [MESSAGE][PASSED] - Delayed 1 second(s)

2024-09-29 11:28:03 - [TEST_STEP][PASSED] - click(findTestObject("Object Repository/Login/LoginButton2")): Object: 'Object Repository/Login/LoginButton2' is clicked on

2024-09-29 11:28:03 - [MESSAGE][PASSED] - Object: 'Object Repository/Login/LoginButton2' is clicked on

2024-09-29 11:28:03 - [TEST_STEP][PASSED] - delay(1): Delayed 1 second(s)

2024-09-29 11:28:04 - [MESSAGE][PASSED] - Delayed 1 second(s)

2024-09-29 11:28:04 - [TEST_STEP][PASSED] - waitForElementPresent(findTestObject("Object Repository/Login/welcome To NetCell"), 0): Object 'Object Repository/Login/welcome To NetCell' is present

2024-09-29 11:28:05 - [MESSAGE][WARNING] - Timeout '0' is invalid. Using default page load timeout: '120'

2024-09-29 11:28:05 - [MESSAGE][PASSED] - Object 'Object Repository/Login/welcome To NetCell' is present

2024-09-29 11:28:05 - [MESSAGE][PASSED] - Call Test Case 'Test Cases/LoginNew' successfully

2024-09-29 11:28:05 - [TEST_STEP][PASSED] - switchToWindowIndex(1): Switched to window with index: '1'

2024-09-29 11:28:05 - [MESSAGE][PASSED] - Switched to window with index: '1'

2024-09-29 11:28:05 - [TEST_STEP][PASSED] - PMHwaueiTopX.TopX("2G", "Governorate", false, "DailyBH", false, null): PMHwaueiTopX.TopX is PASSED

2024-09-29 11:28:05 - [MESSAGE][PASSED] - Object: 'Object Repository/PM/PM-Button' is clicked on

2024-09-29 11:28:05 - [MESSAGE][PASSED] - Switched to window with index: '2'

2024-09-29 11:28:05 - [MESSAGE][PASSED] - Object: 'Object Repository/PM/Huawei-vendor/Data-view/TopX' is clicked on

2024-09-29 11:28:06 - [MESSAGE][PASSED] - Object: 'Object Repository/PM/Huawei-vendor/Technology/Technology-Arrow' is clicked on

2024-09-29 11:28:06 - [MESSAGE][PASSED] - Object: 'Object Repository/PM/Huawei-vendor/Technology/2G' is clicked on

2024-09-29 11:28:06 - [MESSAGE][PASSED] - Object: 'Object Repository/PM/Huawei-vendor/TopX/TopX Object Type' is clicked on

2024-09-29 11:28:07 - [MESSAGE][PASSED] - Delayed 1 second(s)

2024-09-29 11:28:07 - [MESSAGE][PASSED] - Object: 'Object Repository/PM/Huawei-vendor/Object-Type/TopX Object Types/TopX Governorates/TopX Governorate' is clicked on

2024-09-29 11:28:08 - [MESSAGE][PASSED] - Delayed 1 second(s)

2024-09-29 11:28:08 - [MESSAGE][WARNING] - Timeout '0' is invalid. Using default page load timeout: '120'

2024-09-29 11:28:08 - [MESSAGE][PASSED] - Scroll to object 'Object Repository/PM/Huawei-vendor/Object Border' successfully

2024-09-29 11:28:08 - [MESSAGE][PASSED] - Object: 'Object Repository/PM/Huawei-vendor/Object-Type/TopX Object Types/TopX Governorates/TopX Amman' is clicked on

2024-09-29 11:28:09 - [MESSAGE][PASSED] - Object: 'Object Repository/PM/Huawei-vendor/Object-Type/TopX Object Types/TopX Governorates/TopX Irbid' is clicked on

2024-09-29 11:28:09 - [MESSAGE][PASSED] - Object: 'Object Repository/PM/Huawei-vendor/Object-Type/TopX Object Types/TopX Governorates/TopX Aqaba' is clicked on

2024-09-29 11:28:09 - [MESSAGE][PASSED] - Object: 'Object Repository/PM/Huawei-vendor/Object-Type/TopX Object Types/TopX Governorates/TopX Jerash' is clicked on

2024-09-29 11:28:09 - [MESSAGE][PASSED] - Object: 'Object Repository/PM/Huawei-vendor/Object-Type/TopX Object Types/TopX Governorates/TopX Mafraq' is clicked on

2024-09-29 11:28:09 - [MESSAGE][PASSED] - Object: 'Object Repository/PM/Huawei-vendor/Object-Type/TopX Object Types/TopX Governorates/TopX Zarqa' is clicked on

2024-09-29 11:28:09 - [MESSAGE][WARNING] - Timeout '0' is invalid. Using default page load timeout: '120'

2024-09-29 11:28:09 - [MESSAGE][PASSED] - Scroll to object 'Object Repository/PM/Huawei-vendor/LowXlabel' successfully

2024-09-29 11:28:10 - [MESSAGE][PASSED] - Object: 'Object Repository/PM/Huawei-vendor/Resolution Temp/Select Resolution temp' is clicked on

2024-09-29 11:28:10 - [MESSAGE][PASSED] - Object: 'Object Repository/PM/Huawei-vendor/Resolution Temp/Resolution Temp DailyBH' is clicked on

2024-09-29 11:28:11 - [MESSAGE][PASSED] - Object: 'Object Repository/PM/Huawei-vendor/TopX/TopXDate/BeforeDate' is clicked on

2024-09-29 11:28:12 - [MESSAGE][PASSED] - Delayed 1 second(s)

2024-09-29 11:28:12 - [MESSAGE][PASSED] - Object: 'Object Repository/PM/Huawei-vendor/TopX/TopXDate/Choose Month' is clicked on

2024-09-29 11:28:13 - [MESSAGE][PASSED] - Delayed 1 second(s)

2024-09-29 11:28:13 - [MESSAGE][PASSED] - Object: 'Object Repository/PM/Huawei-vendor/TopX/TopXDate/Feb' is clicked on

2024-09-29 11:28:13 - [MESSAGE][PASSED] - Object: 'Object Repository/PM/Huawei-vendor/TopX/TopXDate/Day 1' is clicked on

2024-09-29 11:28:13 - [MESSAGE][PASSED] - Object: 'Object Repository/PM/Huawei-vendor/TopX/TopXDate/Button OK' is clicked on

2024-09-29 11:28:14 - [MESSAGE][PASSED] - Object: 'Object Repository/PM/Huawei-vendor/TopX/TopXDate/After Date' is clicked on

2024-09-29 11:28:15 - [MESSAGE][PASSED] - Delayed 1 second(s)

2024-09-29 11:28:15 - [MESSAGE][PASSED] - Object: 'Object Repository/PM/Huawei-vendor/TopX/TopXDate/Choose Month' is clicked on

2024-09-29 11:28:16 - [MESSAGE][PASSED] - Delayed 1 second(s)

2024-09-29 11:28:16 - [MESSAGE][PASSED] - Object: 'Object Repository/PM/Huawei-vendor/TopX/TopXDate/Feb' is clicked on

2024-09-29 11:28:16 - [MESSAGE][PASSED] - Object: 'Object Repository/PM/Huawei-vendor/TopX/TopXDate/Day 7' is clicked on

2024-09-29 11:28:16 - [MESSAGE][PASSED] - Object: 'Object Repository/PM/Huawei-vendor/TopX/TopXDate/Button OK' is clicked on

2024-09-29 11:28:17 - [MESSAGE][PASSED] - Object: 'Object Repository/PM/Huawei-vendor/Apply-Button' is clicked on

2024-09-29 11:28:17 - [MESSAGE][WARNING] - Timeout '0' is invalid. Using default page load timeout: '120'

2024-09-29 11:28:17 - [MESSAGE][PASSED] - Web element with id: 'Object Repository/PM/Huawei-vendor/Error' located by 'By.xpath: //div[@class='toast-summary title-medium-m']' is not present after '120' second(s)

2024-09-29 11:28:17 - [MESSAGE][WARNING] - Timeout '0' is invalid. Using default page load timeout: '120'

2024-09-29 11:28:20 - [MESSAGE][PASSED] - Object 'Object Repository/PM/Huawei-vendor/Chart' is present

2024-09-29 11:28:20 - [MESSAGE][WARNING] - Timeout '0' is invalid. Using default page load timeout: '120'

2024-09-29 11:28:20 - [MESSAGE][PASSED] - Object 'Object Repository/PM/Huawei-vendor/TopX/Table View' is present

2024-09-29 11:28:20 - [MESSAGE][PASSED] - Object: 'Object Repository/PM/Huawei-vendor/TopX/Table View' is clicked on

2024-09-29 11:28:20 - [MESSAGE][PASSED] - Object: 'Object Repository/PM/Huawei-vendor/TopX/Reordering the table view' is clicked on

2024-09-29 11:28:20 - [MESSAGE][PASSED] - Object: 'Object Repository/PM/Huawei-vendor/TopX/Table View Filter ICon' is clicked on

2024-09-29 11:28:20 - [MESSAGE][PASSED] - Object: 'Object Repository/PM/Huawei-vendor/TopX/TableView CheckBox' is clicked on

2024-09-29 11:28:21 - [MESSAGE][PASSED] - Object: 'Object Repository/PM/Huawei-vendor/TopX/Table View Resolution' is clicked on

2024-09-29 11:28:21 - [MESSAGE][PASSED] - Object: 'Object Repository/PM/Huawei-vendor/TopX/Table view Resolution Daily' is clicked on

2024-09-29 11:28:21 - [MESSAGE][PASSED] - Object: 'Object Repository/PM/Huawei-vendor/TopX/Table View Start Date' is clicked on

2024-09-29 11:28:21 - [MESSAGE][PASSED] - Keys '02/01/2024' sent to object: 'Object Repository/PM/Huawei-vendor/TopX/Table View Start Date'

2024-09-29 11:28:21 - [MESSAGE][PASSED] - Object: 'Object Repository/PM/Huawei-vendor/TopX/Table View End Date' is clicked on

2024-09-29 11:28:22 - [MESSAGE][PASSED] - Keys '02/07/2024' sent to object: 'Object Repository/PM/Huawei-vendor/TopX/Table View End Date'

2024-09-29 11:28:22 - [MESSAGE][PASSED] - Object: 'Object Repository/PM/Huawei-vendor/TopX/Table View Show on map' is clicked on

2024-09-29 11:28:22 - [MESSAGE][WARNING] - Timeout '0' is invalid. Using default page load timeout: '120'

2024-09-29 11:28:22 - [MESSAGE][PASSED] - Web element with id: 'Object Repository/PM/Huawei-vendor/Error' located by 'By.xpath: //div[@class='toast-summary title-medium-m']' is not present after '120' second(s)

2024-09-29 11:28:22 - [MESSAGE][PASSED] - Switched to window with index: '3'

2024-09-29 11:28:22 - [MESSAGE][WARNING] - Timeout '0' is invalid. Using default page load timeout: '120'

2024-09-29 11:28:34 - [MESSAGE][PASSED] - Object 'Object Repository/PM/Huawei-vendor/TopX/Map' is present

2024-09-29 11:28:34 - [MESSAGE][WARNING] - Timeout '0' is invalid. Using default page load timeout: '120'

2024-09-29 11:28:34 - [MESSAGE][PASSED] - Web element with id: 'Object Repository/PM/Huawei-vendor/Error' located by 'By.xpath: //div[@class='toast-summary title-medium-m']' is not present after '120' second(s)

2024-09-29 11:28:34 - [MESSAGE][PASSED] - Window with index 3 is closed

2024-09-29 11:28:34 - [MESSAGE][PASSED] - Switched to window with index: '2'

2024-09-29 11:28:34 - [MESSAGE][PASSED] - Object: 'Object Repository/PM/Huawei-vendor/TopX/Table view Show stats' is clicked on

2024-09-29 11:28:34 - [MESSAGE][WARNING] - Timeout '0' is invalid. Using default page load timeout: '120'

2024-09-29 11:28:34 - [MESSAGE][PASSED] - Web element with id: 'Object Repository/PM/Huawei-vendor/Error' located by 'By.xpath: //div[@class='toast-summary title-medium-m']' is not present after '120' second(s)

2024-09-29 11:28:34 - [MESSAGE][PASSED] - Switched to window with index: '3'

2024-09-29 11:28:34 - [MESSAGE][WARNING] - Timeout '0' is invalid. Using default page load timeout: '120'

2024-09-29 11:28:47 - [MESSAGE][PASSED] - Object 'Object Repository/PM/Huawei-vendor/Stats Export Chart' is present

2024-09-29 11:28:48 - [MESSAGE][PASSED] - Browser is closed

2024-09-29 11:28:48 - [MESSAGE][PASSED] - PMHwaueiTopX.TopX is PASSED

2024-09-29 11:28:48 - [TEST_STEP][PASSED] - Start tear down : tearDownTestCase: Method 'tearDownTestCase' complete successfully

2024-09-29 11:28:48 - [TEST_STEP][PASSED] - closeBrowser(): Browser is closed

2024-09-29 11:28:48 - [MESSAGE][PASSED] - Browser is closed

2024-09-29 11:28:48 - [MESSAGE][PASSED] - Method 'tearDownTestCase' complete successfully]]></system-out>
         <system-err><![CDATA[]]></system-err>
      </testcase>
      <system-out><![CDATA[2024-09-29 10:59:57 - [TEST_SUITE][PASSED] - Regression TopX 2G: Test Cases/PM/Hwauei/TopX/2G TopX/XGovernorate/TopX 2G Governorate DailyBH]]></system-out>
      <system-err><![CDATA[]]></system-err>
   </testsuite>
</testsuites>
