<?xml version="1.0" encoding="UTF-8"?>
<testsuites name="2G Regression" time="5498.151" tests="70" failures="19" errors="0">
   <testsuite name="2G Regression" tests="70" failures="19" errors="0" time="5498.151" skipped="0" timestamp="2024-09-03 16:44:13" hostname="FatimaIbeid - LP-FatimaIbeid" id="Test Suites/SON/Hwauei/2G/2G Regression">
      <properties>
         <property name="deviceName" value=""/>
         <property name="devicePlatform" value=""/>
         <property name="logFolder" value="C:\\Users\\FatimaIbeid\\git\\NetCell\\Reports\\20240903_164410\\SON\\Hwauei\\2G\\2G Regression\\20240903_164411"/>
         <property name="logFiles" value="C:\\Users\\FatimaIbeid\\git\\NetCell\\Reports\\20240903_164410\\SON\\Hwauei\\2G\\2G Regression\\20240903_164411\\execution0.log"/>
         <property name="attachments" value="C:\\Users\\FatimaIbeid\\git\\NetCell\\Reports\\20240903_164410\\SON\\Hwauei\\2G\\2G Regression\\20240903_164411\\1725371321130.png, C:\\Users\\FatimaIbeid\\git\\NetCell\\Reports\\20240903_164410\\SON\\Hwauei\\2G\\2G Regression\\20240903_164411\\1725371479874.png, C:\\Users\\FatimaIbeid\\git\\NetCell\\Reports\\20240903_164410\\SON\\Hwauei\\2G\\2G Regression\\20240903_164411\\1725371841113.png, C:\\Users\\FatimaIbeid\\git\\NetCell\\Reports\\20240903_164410\\SON\\Hwauei\\2G\\2G Regression\\20240903_164411\\1725372242701.png, C:\\Users\\FatimaIbeid\\git\\NetCell\\Reports\\20240903_164410\\SON\\Hwauei\\2G\\2G Regression\\20240903_164411\\1725372242924.png, C:\\Users\\FatimaIbeid\\git\\NetCell\\Reports\\20240903_164410\\SON\\Hwauei\\2G\\2G Regression\\20240903_164411\\1725372477611.png, C:\\Users\\FatimaIbeid\\git\\NetCell\\Reports\\20240903_164410\\SON\\Hwauei\\2G\\2G Regression\\20240903_164411\\1725372477914.png, C:\\Users\\FatimaIbeid\\git\\NetCell\\Reports\\20240903_164410\\SON\\Hwauei\\2G\\2G Regression\\20240903_164411\\1725372632912.png, C:\\Users\\FatimaIbeid\\git\\NetCell\\Reports\\20240903_164410\\SON\\Hwauei\\2G\\2G Regression\\20240903_164411\\1725372916340.png, C:\\Users\\FatimaIbeid\\git\\NetCell\\Reports\\20240903_164410\\SON\\Hwauei\\2G\\2G Regression\\20240903_164411\\1725372916549.png, C:\\Users\\FatimaIbeid\\git\\NetCell\\Reports\\20240903_164410\\SON\\Hwauei\\2G\\2G Regression\\20240903_164411\\1725373390259.png, C:\\Users\\FatimaIbeid\\git\\NetCell\\Reports\\20240903_164410\\SON\\Hwauei\\2G\\2G Regression\\20240903_164411\\1725373390444.png, C:\\Users\\FatimaIbeid\\git\\NetCell\\Reports\\20240903_164410\\SON\\Hwauei\\2G\\2G Regression\\20240903_164411\\1725373729489.png, C:\\Users\\FatimaIbeid\\git\\NetCell\\Reports\\20240903_164410\\SON\\Hwauei\\2G\\2G Regression\\20240903_164411\\1725374142740.png, C:\\Users\\FatimaIbeid\\git\\NetCell\\Reports\\20240903_164410\\SON\\Hwauei\\2G\\2G Regression\\20240903_164411\\1725374539143.png, C:\\Users\\FatimaIbeid\\git\\NetCell\\Reports\\20240903_164410\\SON\\Hwauei\\2G\\2G Regression\\20240903_164411\\1725374961436.png, C:\\Users\\FatimaIbeid\\git\\NetCell\\Reports\\20240903_164410\\SON\\Hwauei\\2G\\2G Regression\\20240903_164411\\1725375119808.png, C:\\Users\\FatimaIbeid\\git\\NetCell\\Reports\\20240903_164410\\SON\\Hwauei\\2G\\2G Regression\\20240903_164411\\1725375255352.png, C:\\Users\\FatimaIbeid\\git\\NetCell\\Reports\\20240903_164410\\SON\\Hwauei\\2G\\2G Regression\\20240903_164411\\1725375602632.png, C:\\Users\\FatimaIbeid\\git\\NetCell\\Reports\\20240903_164410\\SON\\Hwauei\\2G\\2G Regression\\20240903_164411\\1725375967267.png"/>
         <property name="hostName" value="FatimaIbeid - LP-FatimaIbeid"/>
         <property name="os" value="Windows 11 64bit"/>
         <property name="katalonVersion" value="8.6.9.208"/>
         <property name="browser" value="Chrome 128.0.0.0"/>
         <property name="hostAddress" value="192.168.9.99"/>
         <property name="sessionId" value="e7ffdeaf859392a4dc21a86da95e43a7"/>
         <property name="seleniumVersion" value="3.141.59"/>
         <property name="proxyInformation" value="ProxyInformation { proxyOption=NO_PROXY, proxyServerType=HTTP, username=, password=********, proxyServerAddress=, proxyServerPort=0, executionList=&quot;&quot;, isApplyToDesiredCapabilities=true }"/>
         <property name="platform" value="Windows 11"/>
      </properties>
      <testcase name="Test Cases/SON/Huawei/2G/PLMN/PLMN 2G Neighbors" time="54.031" classname="Test Cases/SON/Huawei/2G/PLMN/PLMN 2G Neighbors" status="PASSED">
         <system-out><![CDATA[2024-09-03 16:44:13 - [TEST_CASE][PASSED] - Test Cases/SON/Huawei/2G/PLMN/PLMN 2G Neighbors: Test Cases/SON/Huawei/2G/PLMN/PLMN 2G Neighbors

2024-09-03 16:44:13 - [TEST_STEP][PASSED] - callTestCase(findTestCase("Login"), [:], STOP_ON_FAILURE): Call Test Case 'Test Cases/Login' successfully

2024-09-03 16:44:13 - [TEST_CASE][PASSED] - Test Cases/Login: Test Cases/Login

2024-09-03 16:44:14 - [TEST_STEP][PASSED] - driver = general.start(SwagerURL, NetCellURL): general.start is PASSED

2024-09-03 16:44:14 - [MESSAGE][INFO] - >>> chromeDriverPath=C:\Users\FatimaIbeid\.katalon\packages\Katalon_Studio_Windows_64-8.6.9\Katalon_Studio_Windows_64-8.6.9\configuration\resources\drivers\chromedriver_win32\chromedriver.exe

2024-09-03 16:44:16 - [MESSAGE][PASSED] - Current window maximized

2024-09-03 16:44:17 - [MESSAGE][PASSED] - Execute JavaScript 'window.open();' successfully

2024-09-03 16:44:17 - [MESSAGE][PASSED] - Switched to window with index: '1'

2024-09-03 16:44:30 - [MESSAGE][PASSED] - general.start is PASSED

2024-09-03 16:44:30 - [TEST_STEP][PASSED] - click(findTestObject("Object Repository/Login/LoginButton")): Object: 'Object Repository/Login/LoginButton' is clicked on

2024-09-03 16:44:31 - [MESSAGE][PASSED] - Object: 'Object Repository/Login/LoginButton' is clicked on

2024-09-03 16:44:31 - [TEST_STEP][PASSED] - switchToWindowIndex(2): Switched to window with index: '2'

2024-09-03 16:44:31 - [MESSAGE][PASSED] - Switched to window with index: '2'

2024-09-03 16:44:31 - [TEST_STEP][PASSED] - delay(1): Delayed 1 second(s)

2024-09-03 16:44:32 - [MESSAGE][PASSED] - Delayed 1 second(s)

2024-09-03 16:44:32 - [TEST_STEP][PASSED] - sendKeys(findTestObject("Object Repository/Login/EnterEmail"), "homam@zztjg.onmicrosoft.com"): Keys 'homam@zztjg.onmicrosoft.com' sent to object: 'Object Repository/Login/EnterEmail'

2024-09-03 16:44:32 - [MESSAGE][PASSED] - Keys 'homam@zztjg.onmicrosoft.com' sent to object: 'Object Repository/Login/EnterEmail'

2024-09-03 16:44:32 - [TEST_STEP][PASSED] - delay(1): Delayed 1 second(s)

2024-09-03 16:44:33 - [MESSAGE][PASSED] - Delayed 1 second(s)

2024-09-03 16:44:33 - [TEST_STEP][PASSED] - click(findTestObject("Object Repository/Login/NextButton")): Object: 'Object Repository/Login/NextButton' is clicked on

2024-09-03 16:44:34 - [MESSAGE][PASSED] - Object: 'Object Repository/Login/NextButton' is clicked on

2024-09-03 16:44:34 - [TEST_STEP][PASSED] - delay(2): Delayed 2 second(s)

2024-09-03 16:44:36 - [MESSAGE][PASSED] - Delayed 2 second(s)

2024-09-03 16:44:36 - [TEST_STEP][PASSED] - sendKeys(findTestObject("Object Repository/Login/EnterPassword"), "Holder12345"): Keys 'Holder12345' sent to object: 'Object Repository/Login/EnterPassword'

2024-09-03 16:44:36 - [MESSAGE][PASSED] - Keys 'Holder12345' sent to object: 'Object Repository/Login/EnterPassword'

2024-09-03 16:44:36 - [TEST_STEP][PASSED] - delay(1): Delayed 1 second(s)

2024-09-03 16:44:37 - [MESSAGE][PASSED] - Delayed 1 second(s)

2024-09-03 16:44:37 - [TEST_STEP][PASSED] - click(findTestObject("Object Repository/Login/SigninButton")): Object: 'Object Repository/Login/SigninButton' is clicked on

2024-09-03 16:44:37 - [MESSAGE][PASSED] - Object: 'Object Repository/Login/SigninButton' is clicked on

2024-09-03 16:44:37 - [TEST_STEP][PASSED] - delay(1): Delayed 1 second(s)

2024-09-03 16:44:38 - [MESSAGE][PASSED] - Delayed 1 second(s)

2024-09-03 16:44:38 - [TEST_STEP][PASSED] - click(findTestObject("Object Repository/Login/YesStayInButton")): Object: 'Object Repository/Login/YesStayInButton' is clicked on

2024-09-03 16:44:39 - [MESSAGE][PASSED] - Object: 'Object Repository/Login/YesStayInButton' is clicked on

2024-09-03 16:44:39 - [MESSAGE][PASSED] - Call Test Case 'Test Cases/Login' successfully

2024-09-03 16:44:39 - [TEST_STEP][PASSED] - switchToWindowIndex(1): Switched to window with index: '1'

2024-09-03 16:44:39 - [MESSAGE][PASSED] - Switched to window with index: '1'

2024-09-03 16:44:39 - [TEST_STEP][PASSED] - SON.son("huawei", "2G", "PLMN", "2G Neighbors", "", ""): SON.son is PASSED

2024-09-03 16:44:40 - [MESSAGE][PASSED] - Object: 'Object Repository/SON/sonBtn' is clicked on

2024-09-03 16:44:40 - [MESSAGE][PASSED] - Switched to window with index: '2'

2024-09-03 16:44:41 - [MESSAGE][PASSED] - Object: 'Object Repository/PM/Huawei-vendor/Technology/Technology-Arrow' is clicked on

2024-09-03 16:44:41 - [MESSAGE][PASSED] - Object: 'Object Repository/PM/Huawei-vendor/Technology/2G' is clicked on

2024-09-03 16:44:41 - [MESSAGE][PASSED] - Object: 'Object Repository/PM/Huawei-vendor/TopX/TopX Object Type' is clicked on

2024-09-03 16:44:42 - [MESSAGE][PASSED] - Delayed 1 second(s)

2024-09-03 16:44:42 - [MESSAGE][PASSED] - Object: 'Object Repository/PM/Huawei-vendor/Object-Type/TopX Object Types/TopX PLMNs/TopX PLMN' is clicked on

2024-09-03 16:44:43 - [MESSAGE][PASSED] - Delayed 1 second(s)

2024-09-03 16:44:44 - [MESSAGE][PASSED] - Object: 'Object Repository/PM/Huawei-vendor/Object-Type/TopX Object Types/TopX PLMNs/TopX PLMN checkbox' is clicked on

2024-09-03 16:44:46 - [MESSAGE][PASSED] - Delayed 2 second(s)

2024-09-03 16:44:46 - [MESSAGE][PASSED] - Object: 'Object Repository/SON/SonType/Type-Arrow' is clicked on

2024-09-03 16:44:46 - [MESSAGE][PASSED] - Object: 'Object Repository/PM/Huawei-vendor/Apply-Button' is clicked on

2024-09-03 16:45:07 - [MESSAGE][PASSED] - Web element with id: 'Object Repository/SON/Error' located by 'By.xpath: //div[@class='home-logo']' is not present after '200' second(s)

2024-09-03 16:45:07 - [MESSAGE][PASSED] - SON.son is PASSED]]></system-out>
         <system-err><![CDATA[]]></system-err>
      </testcase>
      <testcase name="Test Cases/SON/Huawei/2G/Region/Region 2G Neighbors" time="54.936" classname="Test Cases/SON/Huawei/2G/Region/Region 2G Neighbors" status="PASSED">
         <system-out><![CDATA[2024-09-03 16:45:07 - [TEST_CASE][PASSED] - Test Cases/SON/Huawei/2G/Region/Region 2G Neighbors: Test Cases/SON/Huawei/2G/Region/Region 2G Neighbors

2024-09-03 16:45:07 - [TEST_STEP][PASSED] - callTestCase(findTestCase("Login"), [:], STOP_ON_FAILURE): Call Test Case 'Test Cases/Login' successfully

2024-09-03 16:45:07 - [TEST_CASE][PASSED] - Test Cases/Login: Test Cases/Login

2024-09-03 16:45:07 - [TEST_STEP][PASSED] - driver = general.start(SwagerURL, NetCellURL): general.start is PASSED

2024-09-03 16:45:07 - [MESSAGE][INFO] - >>> chromeDriverPath=C:\Users\FatimaIbeid\.katalon\packages\Katalon_Studio_Windows_64-8.6.9\Katalon_Studio_Windows_64-8.6.9\configuration\resources\drivers\chromedriver_win32\chromedriver.exe

2024-09-03 16:45:09 - [MESSAGE][PASSED] - Current window maximized

2024-09-03 16:45:09 - [MESSAGE][PASSED] - Execute JavaScript 'window.open();' successfully

2024-09-03 16:45:09 - [MESSAGE][PASSED] - Switched to window with index: '1'

2024-09-03 16:45:23 - [MESSAGE][PASSED] - general.start is PASSED

2024-09-03 16:45:23 - [TEST_STEP][PASSED] - click(findTestObject("Object Repository/Login/LoginButton")): Object: 'Object Repository/Login/LoginButton' is clicked on

2024-09-03 16:45:23 - [MESSAGE][PASSED] - Object: 'Object Repository/Login/LoginButton' is clicked on

2024-09-03 16:45:23 - [TEST_STEP][PASSED] - switchToWindowIndex(2): Switched to window with index: '2'

2024-09-03 16:45:24 - [MESSAGE][PASSED] - Switched to window with index: '2'

2024-09-03 16:45:24 - [TEST_STEP][PASSED] - delay(1): Delayed 1 second(s)

2024-09-03 16:45:25 - [MESSAGE][PASSED] - Delayed 1 second(s)

2024-09-03 16:45:25 - [TEST_STEP][PASSED] - sendKeys(findTestObject("Object Repository/Login/EnterEmail"), "homam@zztjg.onmicrosoft.com"): Keys 'homam@zztjg.onmicrosoft.com' sent to object: 'Object Repository/Login/EnterEmail'

2024-09-03 16:45:26 - [MESSAGE][PASSED] - Keys 'homam@zztjg.onmicrosoft.com' sent to object: 'Object Repository/Login/EnterEmail'

2024-09-03 16:45:26 - [TEST_STEP][PASSED] - delay(1): Delayed 1 second(s)

2024-09-03 16:45:27 - [MESSAGE][PASSED] - Delayed 1 second(s)

2024-09-03 16:45:27 - [TEST_STEP][PASSED] - click(findTestObject("Object Repository/Login/NextButton")): Object: 'Object Repository/Login/NextButton' is clicked on

2024-09-03 16:45:27 - [MESSAGE][PASSED] - Object: 'Object Repository/Login/NextButton' is clicked on

2024-09-03 16:45:27 - [TEST_STEP][PASSED] - delay(2): Delayed 2 second(s)

2024-09-03 16:45:29 - [MESSAGE][PASSED] - Delayed 2 second(s)

2024-09-03 16:45:29 - [TEST_STEP][PASSED] - sendKeys(findTestObject("Object Repository/Login/EnterPassword"), "Holder12345"): Keys 'Holder12345' sent to object: 'Object Repository/Login/EnterPassword'

2024-09-03 16:45:29 - [MESSAGE][PASSED] - Keys 'Holder12345' sent to object: 'Object Repository/Login/EnterPassword'

2024-09-03 16:45:29 - [TEST_STEP][PASSED] - delay(1): Delayed 1 second(s)

2024-09-03 16:45:30 - [MESSAGE][PASSED] - Delayed 1 second(s)

2024-09-03 16:45:30 - [TEST_STEP][PASSED] - click(findTestObject("Object Repository/Login/SigninButton")): Object: 'Object Repository/Login/SigninButton' is clicked on

2024-09-03 16:45:31 - [MESSAGE][PASSED] - Object: 'Object Repository/Login/SigninButton' is clicked on

2024-09-03 16:45:31 - [TEST_STEP][PASSED] - delay(1): Delayed 1 second(s)

2024-09-03 16:45:32 - [MESSAGE][PASSED] - Delayed 1 second(s)

2024-09-03 16:45:32 - [TEST_STEP][PASSED] - click(findTestObject("Object Repository/Login/YesStayInButton")): Object: 'Object Repository/Login/YesStayInButton' is clicked on

2024-09-03 16:45:32 - [MESSAGE][PASSED] - Object: 'Object Repository/Login/YesStayInButton' is clicked on

2024-09-03 16:45:32 - [MESSAGE][PASSED] - Call Test Case 'Test Cases/Login' successfully

2024-09-03 16:45:32 - [TEST_STEP][PASSED] - switchToWindowIndex(1): Switched to window with index: '1'

2024-09-03 16:45:32 - [MESSAGE][PASSED] - Switched to window with index: '1'

2024-09-03 16:45:32 - [TEST_STEP][PASSED] - SON.son("huawei", "2G", "Region", "2G Neighbors", "", ""): SON.son is PASSED

2024-09-03 16:45:34 - [MESSAGE][PASSED] - Object: 'Object Repository/SON/sonBtn' is clicked on

2024-09-03 16:45:34 - [MESSAGE][PASSED] - Switched to window with index: '2'

2024-09-03 16:45:35 - [MESSAGE][PASSED] - Object: 'Object Repository/PM/Huawei-vendor/Technology/Technology-Arrow' is clicked on

2024-09-03 16:45:35 - [MESSAGE][PASSED] - Object: 'Object Repository/PM/Huawei-vendor/Technology/2G' is clicked on

2024-09-03 16:45:35 - [MESSAGE][PASSED] - Object: 'Object Repository/PM/Huawei-vendor/TopX/TopX Object Type' is clicked on

2024-09-03 16:45:36 - [MESSAGE][PASSED] - Delayed 1 second(s)

2024-09-03 16:45:36 - [MESSAGE][PASSED] - Object: 'Object Repository/PM/Huawei-vendor/Object-Type/TopX Object Types/TopX Regions/TopX Region' is clicked on

2024-09-03 16:45:37 - [MESSAGE][PASSED] - Delayed 1 second(s)

2024-09-03 16:45:37 - [MESSAGE][WARNING] - Timeout '0' is invalid. Using default page load timeout: '120'

2024-09-03 16:45:37 - [MESSAGE][PASSED] - Scroll to object 'Object Repository/PM/Huawei-vendor/Object Border' successfully

2024-09-03 16:45:37 - [MESSAGE][PASSED] - Object: 'Object Repository/PM/Huawei-vendor/Object-Type/TopX Object Types/TopX Regions/TopX Region East Amman' is clicked on

2024-09-03 16:45:37 - [MESSAGE][PASSED] - Object: 'Object Repository/PM/Huawei-vendor/Object-Type/TopX Object Types/TopX Regions/TopX Region West Amman' is clicked on

2024-09-03 16:45:37 - [MESSAGE][PASSED] - Object: 'Object Repository/PM/Huawei-vendor/Object-Type/TopX Object Types/TopX Regions/TopX Region South Amman' is clicked on

2024-09-03 16:45:38 - [MESSAGE][PASSED] - Object: 'Object Repository/PM/Huawei-vendor/Object-Type/TopX Object Types/TopX Regions/TopX Region South Jordan' is clicked on

2024-09-03 16:45:38 - [MESSAGE][PASSED] - Object: 'Object Repository/PM/Huawei-vendor/Object-Type/TopX Object Types/TopX Regions/TopX Region North Jordan' is clicked on

2024-09-03 16:45:38 - [MESSAGE][PASSED] - Object: 'Object Repository/PM/Huawei-vendor/Object-Type/TopX Object Types/TopX Regions/TopX Region East Jordan' is clicked on

2024-09-03 16:45:38 - [MESSAGE][PASSED] - Object: 'Object Repository/PM/Huawei-vendor/Object-Type/TopX Object Types/TopX Regions/TopX Region Others' is clicked on

2024-09-03 16:45:40 - [MESSAGE][PASSED] - Delayed 2 second(s)

2024-09-03 16:45:40 - [MESSAGE][PASSED] - Object: 'Object Repository/SON/SonType/Type-Arrow' is clicked on

2024-09-03 16:45:40 - [MESSAGE][PASSED] - Object: 'Object Repository/PM/Huawei-vendor/Apply-Button' is clicked on

2024-09-03 16:46:02 - [MESSAGE][PASSED] - Web element with id: 'Object Repository/SON/Error' located by 'By.xpath: //div[@class='home-logo']' is not present after '200' second(s)

2024-09-03 16:46:02 - [MESSAGE][PASSED] - SON.son is PASSED]]></system-out>
         <system-err><![CDATA[]]></system-err>
      </testcase>
      <testcase name="Test Cases/SON/Huawei/2G/Site/Site 2G Neighbors" time="158.69" classname="Test Cases/SON/Huawei/2G/Site/Site 2G Neighbors" status="FAILED">
         <failure type="FAILED" message="Test Cases/SON/Huawei/2G/Site/Site 2G Neighbors FAILED.
Reason:
com.kms.katalon.core.exception.StepFailedException: Unable to click on object 'Object Repository/SON/ObjectType/East Amman site1'
	at com.kms.katalon.core.webui.keyword.internal.WebUIKeywordMain.stepFailed(WebUIKeywordMain.groovy:64)
	at com.kms.katalon.core.webui.keyword.internal.WebUIKeywordMain.runKeyword(WebUIKeywordMain.groovy:26)
	at com.kms.katalon.core.webui.keyword.builtin.ClickKeyword.click(ClickKeyword.groovy:74)
	at com.kms.katalon.core.webui.keyword.builtin.ClickKeyword.execute(ClickKeyword.groovy:40)
	at com.kms.katalon.core.keyword.internal.KeywordExecutor.executeKeywordForPlatform(KeywordExecutor.groovy:74)
	at com.kms.katalon.core.webui.keyword.WebUiBuiltInKeywords.click(WebUiBuiltInKeywords.groovy:620)
	at com.kms.katalon.core.webui.keyword.WebUiBuiltInKeywords$click$2.call(Unknown Source)
	at SON.selectObjectType(SON.groovy:146)
	at SON.son(SON.groovy:73)
	at SON.invokeMethod(SON.groovy)
	at com.kms.katalon.core.main.CustomKeywordDelegatingMetaClass.invokeStaticMethod(CustomKeywordDelegatingMetaClass.java:55)
	at Site 2G Neighbors.run(Site 2G Neighbors:42)
	at com.kms.katalon.core.main.ScriptEngine.run(ScriptEngine.java:194)
	at com.kms.katalon.core.main.ScriptEngine.runScriptAsRawText(ScriptEngine.java:119)
	at com.kms.katalon.core.main.TestCaseExecutor.runScript(TestCaseExecutor.java:448)
	at com.kms.katalon.core.main.TestCaseExecutor.doExecute(TestCaseExecutor.java:439)
	at com.kms.katalon.core.main.TestCaseExecutor.processExecutionPhase(TestCaseExecutor.java:418)
	at com.kms.katalon.core.main.TestCaseExecutor.accessMainPhase(TestCaseExecutor.java:410)
	at com.kms.katalon.core.main.TestCaseExecutor.execute(TestCaseExecutor.java:285)
	at com.kms.katalon.core.common.CommonExecutor.accessTestCaseMainPhase(CommonExecutor.java:65)
	at com.kms.katalon.core.main.TestSuiteExecutor.accessTestSuiteMainPhase(TestSuiteExecutor.java:148)
	at com.kms.katalon.core.main.TestSuiteExecutor.execute(TestSuiteExecutor.java:106)
	at com.kms.katalon.core.main.TestCaseMain.startTestSuite(TestCaseMain.java:187)
	at com.kms.katalon.core.main.TestCaseMain$startTestSuite$0.call(Unknown Source)
	at TempTestSuite1725371051772.run(TempTestSuite1725371051772.groovy:35)
Caused by: com.kms.katalon.core.webui.exception.WebElementNotFoundException: Web element with id: 'Object Repository/SON/ObjectType/East Amman site1' located by '//span[contains(text(),'301-ULT_King_Hussein_St_PD_Fiber_Manage')]' not found
	at com.kms.katalon.core.webui.common.WebUiCommonHelper.findWebElement(WebUiCommonHelper.java:1381)
	at com.kms.katalon.core.webui.keyword.internal.WebUIAbstractKeyword.findWebElement(WebUIAbstractKeyword.groovy:27)
	at com.kms.katalon.core.webui.keyword.builtin.ClickKeyword$_click_closure1.doCall(ClickKeyword.groovy:65)
	at com.kms.katalon.core.webui.keyword.builtin.ClickKeyword$_click_closure1.call(ClickKeyword.groovy)
	at com.kms.katalon.core.webui.keyword.internal.WebUIKeywordMain.runKeyword(WebUIKeywordMain.groovy:20)
	... 23 more
"/>
         <system-out><![CDATA[2024-09-03 16:46:02 - [TEST_CASE][FAILED] - Test Cases/SON/Huawei/2G/Site/Site 2G Neighbors: Test Cases/SON/Huawei/2G/Site/Site 2G Neighbors FAILED.
Reason:
com.kms.katalon.core.exception.StepFailedException: Unable to click on object 'Object Repository/SON/ObjectType/East Amman site1'
	at com.kms.katalon.core.webui.keyword.internal.WebUIKeywordMain.stepFailed(WebUIKeywordMain.groovy:64)
	at com.kms.katalon.core.webui.keyword.internal.WebUIKeywordMain.runKeyword(WebUIKeywordMain.groovy:26)
	at com.kms.katalon.core.webui.keyword.builtin.ClickKeyword.click(ClickKeyword.groovy:74)
	at com.kms.katalon.core.webui.keyword.builtin.ClickKeyword.execute(ClickKeyword.groovy:40)
	at com.kms.katalon.core.keyword.internal.KeywordExecutor.executeKeywordForPlatform(KeywordExecutor.groovy:74)
	at com.kms.katalon.core.webui.keyword.WebUiBuiltInKeywords.click(WebUiBuiltInKeywords.groovy:620)
	at com.kms.katalon.core.webui.keyword.WebUiBuiltInKeywords$click$2.call(Unknown Source)
	at SON.selectObjectType(SON.groovy:146)
	at SON.son(SON.groovy:73)
	at SON.invokeMethod(SON.groovy)
	at com.kms.katalon.core.main.CustomKeywordDelegatingMetaClass.invokeStaticMethod(CustomKeywordDelegatingMetaClass.java:55)
	at Site 2G Neighbors.run(Site 2G Neighbors:42)
	at com.kms.katalon.core.main.ScriptEngine.run(ScriptEngine.java:194)
	at com.kms.katalon.core.main.ScriptEngine.runScriptAsRawText(ScriptEngine.java:119)
	at com.kms.katalon.core.main.TestCaseExecutor.runScript(TestCaseExecutor.java:448)
	at com.kms.katalon.core.main.TestCaseExecutor.doExecute(TestCaseExecutor.java:439)
	at com.kms.katalon.core.main.TestCaseExecutor.processExecutionPhase(TestCaseExecutor.java:418)
	at com.kms.katalon.core.main.TestCaseExecutor.accessMainPhase(TestCaseExecutor.java:410)
	at com.kms.katalon.core.main.TestCaseExecutor.execute(TestCaseExecutor.java:285)
	at com.kms.katalon.core.common.CommonExecutor.accessTestCaseMainPhase(CommonExecutor.java:65)
	at com.kms.katalon.core.main.TestSuiteExecutor.accessTestSuiteMainPhase(TestSuiteExecutor.java:148)
	at com.kms.katalon.core.main.TestSuiteExecutor.execute(TestSuiteExecutor.java:106)
	at com.kms.katalon.core.main.TestCaseMain.startTestSuite(TestCaseMain.java:187)
	at com.kms.katalon.core.main.TestCaseMain$startTestSuite$0.call(Unknown Source)
	at TempTestSuite1725371051772.run(TempTestSuite1725371051772.groovy:35)
Caused by: com.kms.katalon.core.webui.exception.WebElementNotFoundException: Web element with id: 'Object Repository/SON/ObjectType/East Amman site1' located by '//span[contains(text(),'301-ULT_King_Hussein_St_PD_Fiber_Manage')]' not found
	at com.kms.katalon.core.webui.common.WebUiCommonHelper.findWebElement(WebUiCommonHelper.java:1381)
	at com.kms.katalon.core.webui.keyword.internal.WebUIAbstractKeyword.findWebElement(WebUIAbstractKeyword.groovy:27)
	at com.kms.katalon.core.webui.keyword.builtin.ClickKeyword$_click_closure1.doCall(ClickKeyword.groovy:65)
	at com.kms.katalon.core.webui.keyword.builtin.ClickKeyword$_click_closure1.call(ClickKeyword.groovy)
	at com.kms.katalon.core.webui.keyword.internal.WebUIKeywordMain.runKeyword(WebUIKeywordMain.groovy:20)
	... 23 more


2024-09-03 16:46:02 - [TEST_STEP][PASSED] - callTestCase(findTestCase("Login"), [:], STOP_ON_FAILURE): Call Test Case 'Test Cases/Login' successfully

2024-09-03 16:46:02 - [TEST_CASE][PASSED] - Test Cases/Login: Test Cases/Login

2024-09-03 16:46:02 - [TEST_STEP][PASSED] - driver = general.start(SwagerURL, NetCellURL): general.start is PASSED

2024-09-03 16:46:02 - [MESSAGE][INFO] - >>> chromeDriverPath=C:\Users\FatimaIbeid\.katalon\packages\Katalon_Studio_Windows_64-8.6.9\Katalon_Studio_Windows_64-8.6.9\configuration\resources\drivers\chromedriver_win32\chromedriver.exe

2024-09-03 16:46:04 - [MESSAGE][PASSED] - Current window maximized

2024-09-03 16:46:04 - [MESSAGE][PASSED] - Execute JavaScript 'window.open();' successfully

2024-09-03 16:46:04 - [MESSAGE][PASSED] - Switched to window with index: '1'

2024-09-03 16:46:04 - [MESSAGE][PASSED] - general.start is PASSED

2024-09-03 16:46:04 - [TEST_STEP][PASSED] - click(findTestObject("Object Repository/Login/LoginButton")): Object: 'Object Repository/Login/LoginButton' is clicked on

2024-09-03 16:46:18 - [MESSAGE][PASSED] - Object: 'Object Repository/Login/LoginButton' is clicked on

2024-09-03 16:46:18 - [TEST_STEP][PASSED] - switchToWindowIndex(2): Switched to window with index: '2'

2024-09-03 16:46:18 - [MESSAGE][PASSED] - Switched to window with index: '2'

2024-09-03 16:46:18 - [TEST_STEP][PASSED] - delay(1): Delayed 1 second(s)

2024-09-03 16:46:19 - [MESSAGE][PASSED] - Delayed 1 second(s)

2024-09-03 16:46:19 - [TEST_STEP][PASSED] - sendKeys(findTestObject("Object Repository/Login/EnterEmail"), "homam@zztjg.onmicrosoft.com"): Keys 'homam@zztjg.onmicrosoft.com' sent to object: 'Object Repository/Login/EnterEmail'

2024-09-03 16:46:20 - [MESSAGE][PASSED] - Keys 'homam@zztjg.onmicrosoft.com' sent to object: 'Object Repository/Login/EnterEmail'

2024-09-03 16:46:20 - [TEST_STEP][PASSED] - delay(1): Delayed 1 second(s)

2024-09-03 16:46:21 - [MESSAGE][PASSED] - Delayed 1 second(s)

2024-09-03 16:46:21 - [TEST_STEP][PASSED] - click(findTestObject("Object Repository/Login/NextButton")): Object: 'Object Repository/Login/NextButton' is clicked on

2024-09-03 16:46:22 - [MESSAGE][PASSED] - Object: 'Object Repository/Login/NextButton' is clicked on

2024-09-03 16:46:22 - [TEST_STEP][PASSED] - delay(2): Delayed 2 second(s)

2024-09-03 16:46:24 - [MESSAGE][PASSED] - Delayed 2 second(s)

2024-09-03 16:46:24 - [TEST_STEP][PASSED] - sendKeys(findTestObject("Object Repository/Login/EnterPassword"), "Holder12345"): Keys 'Holder12345' sent to object: 'Object Repository/Login/EnterPassword'

2024-09-03 16:46:24 - [MESSAGE][PASSED] - Keys 'Holder12345' sent to object: 'Object Repository/Login/EnterPassword'

2024-09-03 16:46:24 - [TEST_STEP][PASSED] - delay(1): Delayed 1 second(s)

2024-09-03 16:46:25 - [MESSAGE][PASSED] - Delayed 1 second(s)

2024-09-03 16:46:25 - [TEST_STEP][PASSED] - click(findTestObject("Object Repository/Login/SigninButton")): Object: 'Object Repository/Login/SigninButton' is clicked on

2024-09-03 16:46:25 - [MESSAGE][PASSED] - Object: 'Object Repository/Login/SigninButton' is clicked on

2024-09-03 16:46:25 - [TEST_STEP][PASSED] - delay(1): Delayed 1 second(s)

2024-09-03 16:46:26 - [MESSAGE][PASSED] - Delayed 1 second(s)

2024-09-03 16:46:26 - [TEST_STEP][PASSED] - click(findTestObject("Object Repository/Login/YesStayInButton")): Object: 'Object Repository/Login/YesStayInButton' is clicked on

2024-09-03 16:46:27 - [MESSAGE][PASSED] - Object: 'Object Repository/Login/YesStayInButton' is clicked on

2024-09-03 16:46:27 - [MESSAGE][PASSED] - Call Test Case 'Test Cases/Login' successfully

2024-09-03 16:46:27 - [TEST_STEP][PASSED] - switchToWindowIndex(1): Switched to window with index: '1'

2024-09-03 16:46:27 - [MESSAGE][PASSED] - Switched to window with index: '1'

2024-09-03 16:46:27 - [TEST_STEP][FAILED] - SON.son("huawei", "2G", "Site", "2G Neighbors", "", ""): Unable to click on object 'Object Repository/SON/ObjectType/East Amman site1'

2024-09-03 16:46:31 - [MESSAGE][PASSED] - Object: 'Object Repository/SON/sonBtn' is clicked on

2024-09-03 16:46:31 - [MESSAGE][PASSED] - Switched to window with index: '2'

2024-09-03 16:46:35 - [MESSAGE][PASSED] - Object: 'Object Repository/PM/Huawei-vendor/Technology/Technology-Arrow' is clicked on

2024-09-03 16:46:35 - [MESSAGE][PASSED] - Object: 'Object Repository/PM/Huawei-vendor/Technology/2G' is clicked on

2024-09-03 16:46:37 - [MESSAGE][PASSED] - Object: 'Object Repository/PM/Huawei-vendor/TopX/TopX Object Type' is clicked on

2024-09-03 16:46:38 - [MESSAGE][PASSED] - Delayed 1 second(s)

2024-09-03 16:46:38 - [MESSAGE][PASSED] - Object: 'Object Repository/PM/Huawei-vendor/Object-Type/TopX Object Types/TopX Sites/TopX Site' is clicked on

2024-09-03 16:46:39 - [MESSAGE][PASSED] - Delayed 1 second(s)

2024-09-03 16:46:39 - [MESSAGE][WARNING] - Timeout '0' is invalid. Using default page load timeout: '120'

2024-09-03 16:46:39 - [MESSAGE][PASSED] - Scroll to object 'Object Repository/PM/Huawei-vendor/Object Border' successfully

2024-09-03 16:46:40 - [MESSAGE][PASSED] - Object: 'Object Repository/PM/Huawei-vendor/Object-Type/TopX Object Types/TopX Sites/TopX East Amman Arrow' is clicked on

2024-09-03 16:48:41 - [MESSAGE][INFO] - Unable to find the element located by 'By.xpath: //span[contains(text(),'301-ULT_King_Hussein_St_PD_Fiber_Manage')]'. Please recheck the objects properties to make sure the desired element is located. 

2024-09-03 16:48:41 - [MESSAGE][FAILED] - Unable to click on object 'Object Repository/SON/ObjectType/East Amman site1' (Root cause: com.kms.katalon.core.exception.StepFailedException: Unable to click on object 'Object Repository/SON/ObjectType/East Amman site1'
	at com.kms.katalon.core.webui.keyword.internal.WebUIKeywordMain.stepFailed(WebUIKeywordMain.groovy:64)
	at com.kms.katalon.core.webui.keyword.internal.WebUIKeywordMain.runKeyword(WebUIKeywordMain.groovy:26)
	at com.kms.katalon.core.webui.keyword.builtin.ClickKeyword.click(ClickKeyword.groovy:74)
	at com.kms.katalon.core.webui.keyword.builtin.ClickKeyword.execute(ClickKeyword.groovy:40)
	at com.kms.katalon.core.keyword.internal.KeywordExecutor.executeKeywordForPlatform(KeywordExecutor.groovy:74)
	at com.kms.katalon.core.webui.keyword.WebUiBuiltInKeywords.click(WebUiBuiltInKeywords.groovy:620)
	at com.kms.katalon.core.webui.keyword.WebUiBuiltInKeywords$click$2.call(Unknown Source)
	at SON.selectObjectType(SON.groovy:146)
	at SON.son(SON.groovy:73)
	at SON.invokeMethod(SON.groovy)
	at com.kms.katalon.core.main.CustomKeywordDelegatingMetaClass.invokeStaticMethod(CustomKeywordDelegatingMetaClass.java:55)
	at Site 2G Neighbors.run(Site 2G Neighbors:42)
	at com.kms.katalon.core.main.ScriptEngine.run(ScriptEngine.java:194)
	at com.kms.katalon.core.main.ScriptEngine.runScriptAsRawText(ScriptEngine.java:119)
	at com.kms.katalon.core.main.TestCaseExecutor.runScript(TestCaseExecutor.java:448)
	at com.kms.katalon.core.main.TestCaseExecutor.doExecute(TestCaseExecutor.java:439)
	at com.kms.katalon.core.main.TestCaseExecutor.processExecutionPhase(TestCaseExecutor.java:418)
	at com.kms.katalon.core.main.TestCaseExecutor.accessMainPhase(TestCaseExecutor.java:410)
	at com.kms.katalon.core.main.TestCaseExecutor.execute(TestCaseExecutor.java:285)
	at com.kms.katalon.core.common.CommonExecutor.accessTestCaseMainPhase(CommonExecutor.java:65)
	at com.kms.katalon.core.main.TestSuiteExecutor.accessTestSuiteMainPhase(TestSuiteExecutor.java:148)
	at com.kms.katalon.core.main.TestSuiteExecutor.execute(TestSuiteExecutor.java:106)
	at com.kms.katalon.core.main.TestCaseMain.startTestSuite(TestCaseMain.java:187)
	at com.kms.katalon.core.main.TestCaseMain$startTestSuite$0.call(Unknown Source)
	at TempTestSuite1725371051772.run(TempTestSuite1725371051772.groovy:35)
Caused by: com.kms.katalon.core.webui.exception.WebElementNotFoundException: Web element with id: 'Object Repository/SON/ObjectType/East Amman site1' located by '//span[contains(text(),'301-ULT_King_Hussein_St_PD_Fiber_Manage')]' not found
	at com.kms.katalon.core.webui.common.WebUiCommonHelper.findWebElement(WebUiCommonHelper.java:1381)
	at com.kms.katalon.core.webui.keyword.internal.WebUIAbstractKeyword.findWebElement(WebUIAbstractKeyword.groovy:27)
	at com.kms.katalon.core.webui.keyword.builtin.ClickKeyword$_click_closure1.doCall(ClickKeyword.groovy:65)
	at com.kms.katalon.core.webui.keyword.builtin.ClickKeyword$_click_closure1.call(ClickKeyword.groovy)
	at com.kms.katalon.core.webui.keyword.internal.WebUIKeywordMain.runKeyword(WebUIKeywordMain.groovy:20)
	at com.kms.katalon.core.webui.keyword.builtin.ClickKeyword.click(ClickKeyword.groovy:74)
	at com.kms.katalon.core.webui.keyword.builtin.ClickKeyword.execute(ClickKeyword.groovy:40)
	at com.kms.katalon.core.keyword.internal.KeywordExecutor.executeKeywordForPlatform(KeywordExecutor.groovy:74)
	at com.kms.katalon.core.webui.keyword.WebUiBuiltInKeywords.click(WebUiBuiltInKeywords.groovy:620)
	at com.kms.katalon.core.webui.keyword.WebUiBuiltInKeywords$click$2.call(Unknown Source)
	at SON.selectObjectType(SON.groovy:146)
	at SON.son(SON.groovy:73)
	at SON.invokeMethod(SON.groovy)
	at com.kms.katalon.core.main.CustomKeywordDelegatingMetaClass.invokeStaticMethod(CustomKeywordDelegatingMetaClass.java:55)
	at Script1723560462961.run(Script1723560462961.groovy:42)
	... 13 more
)
[[ATTACHMENT|C:\\Users\\FatimaIbeid\\git\\NetCell\\Reports\\20240903_164410\\SON\\Hwauei\\2G\\2G Regression\\20240903_164411\\1725371321130.png]]

2024-09-03 16:48:41 - [MESSAGE][FAILED] - Unable to click on object 'Object Repository/SON/ObjectType/East Amman site1']]></system-out>
         <system-err><![CDATA[2024-09-03 16:46:02 - [TEST_CASE][FAILED] - Test Cases/SON/Huawei/2G/Site/Site 2G Neighbors: Test Cases/SON/Huawei/2G/Site/Site 2G Neighbors FAILED.
Reason:
com.kms.katalon.core.exception.StepFailedException: Unable to click on object 'Object Repository/SON/ObjectType/East Amman site1'
	at com.kms.katalon.core.webui.keyword.internal.WebUIKeywordMain.stepFailed(WebUIKeywordMain.groovy:64)
	at com.kms.katalon.core.webui.keyword.internal.WebUIKeywordMain.runKeyword(WebUIKeywordMain.groovy:26)
	at com.kms.katalon.core.webui.keyword.builtin.ClickKeyword.click(ClickKeyword.groovy:74)
	at com.kms.katalon.core.webui.keyword.builtin.ClickKeyword.execute(ClickKeyword.groovy:40)
	at com.kms.katalon.core.keyword.internal.KeywordExecutor.executeKeywordForPlatform(KeywordExecutor.groovy:74)
	at com.kms.katalon.core.webui.keyword.WebUiBuiltInKeywords.click(WebUiBuiltInKeywords.groovy:620)
	at com.kms.katalon.core.webui.keyword.WebUiBuiltInKeywords$click$2.call(Unknown Source)
	at SON.selectObjectType(SON.groovy:146)
	at SON.son(SON.groovy:73)
	at SON.invokeMethod(SON.groovy)
	at com.kms.katalon.core.main.CustomKeywordDelegatingMetaClass.invokeStaticMethod(CustomKeywordDelegatingMetaClass.java:55)
	at Site 2G Neighbors.run(Site 2G Neighbors:42)
	at com.kms.katalon.core.main.ScriptEngine.run(ScriptEngine.java:194)
	at com.kms.katalon.core.main.ScriptEngine.runScriptAsRawText(ScriptEngine.java:119)
	at com.kms.katalon.core.main.TestCaseExecutor.runScript(TestCaseExecutor.java:448)
	at com.kms.katalon.core.main.TestCaseExecutor.doExecute(TestCaseExecutor.java:439)
	at com.kms.katalon.core.main.TestCaseExecutor.processExecutionPhase(TestCaseExecutor.java:418)
	at com.kms.katalon.core.main.TestCaseExecutor.accessMainPhase(TestCaseExecutor.java:410)
	at com.kms.katalon.core.main.TestCaseExecutor.execute(TestCaseExecutor.java:285)
	at com.kms.katalon.core.common.CommonExecutor.accessTestCaseMainPhase(CommonExecutor.java:65)
	at com.kms.katalon.core.main.TestSuiteExecutor.accessTestSuiteMainPhase(TestSuiteExecutor.java:148)
	at com.kms.katalon.core.main.TestSuiteExecutor.execute(TestSuiteExecutor.java:106)
	at com.kms.katalon.core.main.TestCaseMain.startTestSuite(TestCaseMain.java:187)
	at com.kms.katalon.core.main.TestCaseMain$startTestSuite$0.call(Unknown Source)
	at TempTestSuite1725371051772.run(TempTestSuite1725371051772.groovy:35)
Caused by: com.kms.katalon.core.webui.exception.WebElementNotFoundException: Web element with id: 'Object Repository/SON/ObjectType/East Amman site1' located by '//span[contains(text(),'301-ULT_King_Hussein_St_PD_Fiber_Manage')]' not found
	at com.kms.katalon.core.webui.common.WebUiCommonHelper.findWebElement(WebUiCommonHelper.java:1381)
	at com.kms.katalon.core.webui.keyword.internal.WebUIAbstractKeyword.findWebElement(WebUIAbstractKeyword.groovy:27)
	at com.kms.katalon.core.webui.keyword.builtin.ClickKeyword$_click_closure1.doCall(ClickKeyword.groovy:65)
	at com.kms.katalon.core.webui.keyword.builtin.ClickKeyword$_click_closure1.call(ClickKeyword.groovy)
	at com.kms.katalon.core.webui.keyword.internal.WebUIKeywordMain.runKeyword(WebUIKeywordMain.groovy:20)
	... 23 more]]></system-err>
      </testcase>
      <testcase name="Test Cases/SON/Huawei/2G/Cell/Cell 2G Neighbors" time="158.703" classname="Test Cases/SON/Huawei/2G/Cell/Cell 2G Neighbors" status="FAILED">
         <failure type="FAILED" message="Test Cases/SON/Huawei/2G/Cell/Cell 2G Neighbors FAILED.
Reason:
com.kms.katalon.core.exception.StepFailedException: Unable to click on object 'Object Repository/PM/Huawei-vendor/Object-Type/TopX Object Types/TopX Cells/TopX East Amman Site1 Arrow'
	at com.kms.katalon.core.webui.keyword.internal.WebUIKeywordMain.stepFailed(WebUIKeywordMain.groovy:64)
	at com.kms.katalon.core.webui.keyword.internal.WebUIKeywordMain.runKeyword(WebUIKeywordMain.groovy:26)
	at com.kms.katalon.core.webui.keyword.builtin.ClickKeyword.click(ClickKeyword.groovy:74)
	at com.kms.katalon.core.webui.keyword.builtin.ClickKeyword.execute(ClickKeyword.groovy:40)
	at com.kms.katalon.core.keyword.internal.KeywordExecutor.executeKeywordForPlatform(KeywordExecutor.groovy:74)
	at com.kms.katalon.core.webui.keyword.WebUiBuiltInKeywords.click(WebUiBuiltInKeywords.groovy:620)
	at com.kms.katalon.core.webui.keyword.WebUiBuiltInKeywords$click$2.call(Unknown Source)
	at SON.selectObjectType(SON.groovy:218)
	at SON.son(SON.groovy:73)
	at SON.invokeMethod(SON.groovy)
	at com.kms.katalon.core.main.CustomKeywordDelegatingMetaClass.invokeStaticMethod(CustomKeywordDelegatingMetaClass.java:55)
	at Cell 2G Neighbors.run(Cell 2G Neighbors:42)
	at com.kms.katalon.core.main.ScriptEngine.run(ScriptEngine.java:194)
	at com.kms.katalon.core.main.ScriptEngine.runScriptAsRawText(ScriptEngine.java:119)
	at com.kms.katalon.core.main.TestCaseExecutor.runScript(TestCaseExecutor.java:448)
	at com.kms.katalon.core.main.TestCaseExecutor.doExecute(TestCaseExecutor.java:439)
	at com.kms.katalon.core.main.TestCaseExecutor.processExecutionPhase(TestCaseExecutor.java:418)
	at com.kms.katalon.core.main.TestCaseExecutor.accessMainPhase(TestCaseExecutor.java:410)
	at com.kms.katalon.core.main.TestCaseExecutor.execute(TestCaseExecutor.java:285)
	at com.kms.katalon.core.common.CommonExecutor.accessTestCaseMainPhase(CommonExecutor.java:65)
	at com.kms.katalon.core.main.TestSuiteExecutor.accessTestSuiteMainPhase(TestSuiteExecutor.java:148)
	at com.kms.katalon.core.main.TestSuiteExecutor.execute(TestSuiteExecutor.java:106)
	at com.kms.katalon.core.main.TestCaseMain.startTestSuite(TestCaseMain.java:187)
	at com.kms.katalon.core.main.TestCaseMain$startTestSuite$0.call(Unknown Source)
	at TempTestSuite1725371051772.run(TempTestSuite1725371051772.groovy:35)
Caused by: org.openqa.selenium.ElementClickInterceptedException: element click intercepted: Element &lt;svg width=&quot;14&quot; height=&quot;14&quot; viewBox=&quot;0 0 14 14&quot; fill=&quot;none&quot; xmlns=&quot;http://www.w3.org/2000/svg&quot; class=&quot;p-icon p-tree-toggler-icon&quot; aria-hidden=&quot;true&quot;>...&lt;/svg> is not clickable at point (72, 667). Other element would receive the click: &lt;div _ngcontent-ng-c4073245554=&quot;&quot; class=&quot;apply-button-div&quot;>...&lt;/div>
  (Session info: chrome=128.0.6613.113)
Build info: version: '3.141.59', revision: 'e82be7d358', time: '2018-11-14T08:25:53'
System info: host: 'LP-FATIMAIBEID', ip: '192.168.9.99', os.name: 'Windows 11', os.arch: 'amd64', os.version: '10.0', java.version: '1.8.0_362'
Driver info: org.openqa.selenium.chrome.ChromeDriver
Capabilities {acceptInsecureCerts: true, browserName: chrome, browserVersion: 128.0.6613.113, chrome: {chromedriverVersion: 127.0.6533.88 (a2d0cb026721..., userDataDir: C:\Users\FATIMA~1\AppData\L...}, fedcm:accounts: true, goog:chromeOptions: {debuggerAddress: localhost:52401}, javascriptEnabled: true, networkConnectionEnabled: false, pageLoadStrategy: normal, platform: WINDOWS, platformName: WINDOWS, proxy: Proxy(), setWindowRect: true, strictFileInteractability: false, timeouts: {implicit: 0, pageLoad: 300000, script: 30000}, unhandledPromptBehavior: dismiss and notify, webauthn:extension:credBlob: true, webauthn:extension:largeBlob: true, webauthn:extension:minPinLength: true, webauthn:extension:prf: true, webauthn:virtualAuthenticators: true}
Session ID: ef8c6e1e60ee26d8ded1a9cfdbcbac78
	at org.openqa.selenium.remote.http.W3CHttpResponseCodec.createException(W3CHttpResponseCodec.java:187)
	at org.openqa.selenium.remote.http.W3CHttpResponseCodec.decode(W3CHttpResponseCodec.java:122)
	at org.openqa.selenium.remote.http.W3CHttpResponseCodec.decode(W3CHttpResponseCodec.java:49)
	at org.openqa.selenium.remote.HttpCommandExecutor.execute(HttpCommandExecutor.java:158)
	at org.openqa.selenium.remote.service.DriverCommandExecutor.execute(DriverCommandExecutor.java:83)
	at org.openqa.selenium.remote.RemoteWebDriver.execute(RemoteWebDriver.java:552)
	at org.openqa.selenium.remote.RemoteWebElement.execute(RemoteWebElement.java:285)
	at org.openqa.selenium.remote.RemoteWebElement.click(RemoteWebElement.java:84)
	at org.openqa.selenium.support.events.EventFiringWebDriver$EventFiringWebElement.lambda$new$0(EventFiringWebDriver.java:404)
	at com.sun.proxy.$Proxy12.click(Unknown Source)
	at org.openqa.selenium.support.events.EventFiringWebDriver$EventFiringWebElement.click(EventFiringWebDriver.java:417)
	at org.openqa.selenium.WebElement$click.call(Unknown Source)
	at com.kms.katalon.core.webui.keyword.builtin.ClickKeyword.clickUntilSuccessWithTimeout(ClickKeyword.groovy:81)
	at com.kms.katalon.core.webui.keyword.builtin.ClickKeyword.clickUntilSuccessWithTimeout(ClickKeyword.groovy)
	at com.kms.katalon.core.webui.keyword.builtin.ClickKeyword$_click_closure1.doCall(ClickKeyword.groovy:67)
	at com.kms.katalon.core.webui.keyword.builtin.ClickKeyword$_click_closure1.call(ClickKeyword.groovy)
	at com.kms.katalon.core.webui.keyword.internal.WebUIKeywordMain.runKeyword(WebUIKeywordMain.groovy:20)
	... 23 more
"/>
         <system-out><![CDATA[2024-09-03 16:48:41 - [TEST_CASE][FAILED] - Test Cases/SON/Huawei/2G/Cell/Cell 2G Neighbors: Test Cases/SON/Huawei/2G/Cell/Cell 2G Neighbors FAILED.
Reason:
com.kms.katalon.core.exception.StepFailedException: Unable to click on object 'Object Repository/PM/Huawei-vendor/Object-Type/TopX Object Types/TopX Cells/TopX East Amman Site1 Arrow'
	at com.kms.katalon.core.webui.keyword.internal.WebUIKeywordMain.stepFailed(WebUIKeywordMain.groovy:64)
	at com.kms.katalon.core.webui.keyword.internal.WebUIKeywordMain.runKeyword(WebUIKeywordMain.groovy:26)
	at com.kms.katalon.core.webui.keyword.builtin.ClickKeyword.click(ClickKeyword.groovy:74)
	at com.kms.katalon.core.webui.keyword.builtin.ClickKeyword.execute(ClickKeyword.groovy:40)
	at com.kms.katalon.core.keyword.internal.KeywordExecutor.executeKeywordForPlatform(KeywordExecutor.groovy:74)
	at com.kms.katalon.core.webui.keyword.WebUiBuiltInKeywords.click(WebUiBuiltInKeywords.groovy:620)
	at com.kms.katalon.core.webui.keyword.WebUiBuiltInKeywords$click$2.call(Unknown Source)
	at SON.selectObjectType(SON.groovy:218)
	at SON.son(SON.groovy:73)
	at SON.invokeMethod(SON.groovy)
	at com.kms.katalon.core.main.CustomKeywordDelegatingMetaClass.invokeStaticMethod(CustomKeywordDelegatingMetaClass.java:55)
	at Cell 2G Neighbors.run(Cell 2G Neighbors:42)
	at com.kms.katalon.core.main.ScriptEngine.run(ScriptEngine.java:194)
	at com.kms.katalon.core.main.ScriptEngine.runScriptAsRawText(ScriptEngine.java:119)
	at com.kms.katalon.core.main.TestCaseExecutor.runScript(TestCaseExecutor.java:448)
	at com.kms.katalon.core.main.TestCaseExecutor.doExecute(TestCaseExecutor.java:439)
	at com.kms.katalon.core.main.TestCaseExecutor.processExecutionPhase(TestCaseExecutor.java:418)
	at com.kms.katalon.core.main.TestCaseExecutor.accessMainPhase(TestCaseExecutor.java:410)
	at com.kms.katalon.core.main.TestCaseExecutor.execute(TestCaseExecutor.java:285)
	at com.kms.katalon.core.common.CommonExecutor.accessTestCaseMainPhase(CommonExecutor.java:65)
	at com.kms.katalon.core.main.TestSuiteExecutor.accessTestSuiteMainPhase(TestSuiteExecutor.java:148)
	at com.kms.katalon.core.main.TestSuiteExecutor.execute(TestSuiteExecutor.java:106)
	at com.kms.katalon.core.main.TestCaseMain.startTestSuite(TestCaseMain.java:187)
	at com.kms.katalon.core.main.TestCaseMain$startTestSuite$0.call(Unknown Source)
	at TempTestSuite1725371051772.run(TempTestSuite1725371051772.groovy:35)
Caused by: org.openqa.selenium.ElementClickInterceptedException: element click intercepted: Element <svg width="14" height="14" viewBox="0 0 14 14" fill="none" xmlns="http://www.w3.org/2000/svg" class="p-icon p-tree-toggler-icon" aria-hidden="true">...</svg> is not clickable at point (72, 667). Other element would receive the click: <div _ngcontent-ng-c4073245554="" class="apply-button-div">...</div>
  (Session info: chrome=128.0.6613.113)
Build info: version: '3.141.59', revision: 'e82be7d358', time: '2018-11-14T08:25:53'
System info: host: 'LP-FATIMAIBEID', ip: '192.168.9.99', os.name: 'Windows 11', os.arch: 'amd64', os.version: '10.0', java.version: '1.8.0_362'
Driver info: org.openqa.selenium.chrome.ChromeDriver
Capabilities {acceptInsecureCerts: true, browserName: chrome, browserVersion: 128.0.6613.113, chrome: {chromedriverVersion: 127.0.6533.88 (a2d0cb026721..., userDataDir: C:\Users\FATIMA~1\AppData\L...}, fedcm:accounts: true, goog:chromeOptions: {debuggerAddress: localhost:52401}, javascriptEnabled: true, networkConnectionEnabled: false, pageLoadStrategy: normal, platform: WINDOWS, platformName: WINDOWS, proxy: Proxy(), setWindowRect: true, strictFileInteractability: false, timeouts: {implicit: 0, pageLoad: 300000, script: 30000}, unhandledPromptBehavior: dismiss and notify, webauthn:extension:credBlob: true, webauthn:extension:largeBlob: true, webauthn:extension:minPinLength: true, webauthn:extension:prf: true, webauthn:virtualAuthenticators: true}
Session ID: ef8c6e1e60ee26d8ded1a9cfdbcbac78
	at org.openqa.selenium.remote.http.W3CHttpResponseCodec.createException(W3CHttpResponseCodec.java:187)
	at org.openqa.selenium.remote.http.W3CHttpResponseCodec.decode(W3CHttpResponseCodec.java:122)
	at org.openqa.selenium.remote.http.W3CHttpResponseCodec.decode(W3CHttpResponseCodec.java:49)
	at org.openqa.selenium.remote.HttpCommandExecutor.execute(HttpCommandExecutor.java:158)
	at org.openqa.selenium.remote.service.DriverCommandExecutor.execute(DriverCommandExecutor.java:83)
	at org.openqa.selenium.remote.RemoteWebDriver.execute(RemoteWebDriver.java:552)
	at org.openqa.selenium.remote.RemoteWebElement.execute(RemoteWebElement.java:285)
	at org.openqa.selenium.remote.RemoteWebElement.click(RemoteWebElement.java:84)
	at org.openqa.selenium.support.events.EventFiringWebDriver$EventFiringWebElement.lambda$new$0(EventFiringWebDriver.java:404)
	at com.sun.proxy.$Proxy12.click(Unknown Source)
	at org.openqa.selenium.support.events.EventFiringWebDriver$EventFiringWebElement.click(EventFiringWebDriver.java:417)
	at org.openqa.selenium.WebElement$click.call(Unknown Source)
	at com.kms.katalon.core.webui.keyword.builtin.ClickKeyword.clickUntilSuccessWithTimeout(ClickKeyword.groovy:81)
	at com.kms.katalon.core.webui.keyword.builtin.ClickKeyword.clickUntilSuccessWithTimeout(ClickKeyword.groovy)
	at com.kms.katalon.core.webui.keyword.builtin.ClickKeyword$_click_closure1.doCall(ClickKeyword.groovy:67)
	at com.kms.katalon.core.webui.keyword.builtin.ClickKeyword$_click_closure1.call(ClickKeyword.groovy)
	at com.kms.katalon.core.webui.keyword.internal.WebUIKeywordMain.runKeyword(WebUIKeywordMain.groovy:20)
	... 23 more


2024-09-03 16:48:41 - [TEST_STEP][PASSED] - callTestCase(findTestCase("Login"), [:], STOP_ON_FAILURE): Call Test Case 'Test Cases/Login' successfully

2024-09-03 16:48:41 - [TEST_CASE][PASSED] - Test Cases/Login: Test Cases/Login

2024-09-03 16:48:41 - [TEST_STEP][PASSED] - driver = general.start(SwagerURL, NetCellURL): general.start is PASSED

2024-09-03 16:48:41 - [MESSAGE][INFO] - >>> chromeDriverPath=C:\Users\FatimaIbeid\.katalon\packages\Katalon_Studio_Windows_64-8.6.9\Katalon_Studio_Windows_64-8.6.9\configuration\resources\drivers\chromedriver_win32\chromedriver.exe

2024-09-03 16:48:42 - [MESSAGE][PASSED] - Current window maximized

2024-09-03 16:48:43 - [MESSAGE][PASSED] - Execute JavaScript 'window.open();' successfully

2024-09-03 16:48:43 - [MESSAGE][PASSED] - Switched to window with index: '1'

2024-09-03 16:48:57 - [MESSAGE][PASSED] - general.start is PASSED

2024-09-03 16:48:57 - [TEST_STEP][PASSED] - click(findTestObject("Object Repository/Login/LoginButton")): Object: 'Object Repository/Login/LoginButton' is clicked on

2024-09-03 16:48:57 - [MESSAGE][PASSED] - Object: 'Object Repository/Login/LoginButton' is clicked on

2024-09-03 16:48:57 - [TEST_STEP][PASSED] - switchToWindowIndex(2): Switched to window with index: '2'

2024-09-03 16:48:58 - [MESSAGE][PASSED] - Switched to window with index: '2'

2024-09-03 16:48:58 - [TEST_STEP][PASSED] - delay(1): Delayed 1 second(s)

2024-09-03 16:48:59 - [MESSAGE][PASSED] - Delayed 1 second(s)

2024-09-03 16:48:59 - [TEST_STEP][PASSED] - sendKeys(findTestObject("Object Repository/Login/EnterEmail"), "homam@zztjg.onmicrosoft.com"): Keys 'homam@zztjg.onmicrosoft.com' sent to object: 'Object Repository/Login/EnterEmail'

2024-09-03 16:48:59 - [MESSAGE][PASSED] - Keys 'homam@zztjg.onmicrosoft.com' sent to object: 'Object Repository/Login/EnterEmail'

2024-09-03 16:48:59 - [TEST_STEP][PASSED] - delay(1): Delayed 1 second(s)

2024-09-03 16:49:01 - [MESSAGE][PASSED] - Delayed 1 second(s)

2024-09-03 16:49:01 - [TEST_STEP][PASSED] - click(findTestObject("Object Repository/Login/NextButton")): Object: 'Object Repository/Login/NextButton' is clicked on

2024-09-03 16:49:01 - [MESSAGE][PASSED] - Object: 'Object Repository/Login/NextButton' is clicked on

2024-09-03 16:49:01 - [TEST_STEP][PASSED] - delay(2): Delayed 2 second(s)

2024-09-03 16:49:03 - [MESSAGE][PASSED] - Delayed 2 second(s)

2024-09-03 16:49:03 - [TEST_STEP][PASSED] - sendKeys(findTestObject("Object Repository/Login/EnterPassword"), "Holder12345"): Keys 'Holder12345' sent to object: 'Object Repository/Login/EnterPassword'

2024-09-03 16:49:03 - [MESSAGE][PASSED] - Keys 'Holder12345' sent to object: 'Object Repository/Login/EnterPassword'

2024-09-03 16:49:03 - [TEST_STEP][PASSED] - delay(1): Delayed 1 second(s)

2024-09-03 16:49:04 - [MESSAGE][PASSED] - Delayed 1 second(s)

2024-09-03 16:49:04 - [TEST_STEP][PASSED] - click(findTestObject("Object Repository/Login/SigninButton")): Object: 'Object Repository/Login/SigninButton' is clicked on

2024-09-03 16:49:04 - [MESSAGE][PASSED] - Object: 'Object Repository/Login/SigninButton' is clicked on

2024-09-03 16:49:04 - [TEST_STEP][PASSED] - delay(1): Delayed 1 second(s)

2024-09-03 16:49:05 - [MESSAGE][PASSED] - Delayed 1 second(s)

2024-09-03 16:49:05 - [TEST_STEP][PASSED] - click(findTestObject("Object Repository/Login/YesStayInButton")): Object: 'Object Repository/Login/YesStayInButton' is clicked on

2024-09-03 16:49:06 - [MESSAGE][PASSED] - Object: 'Object Repository/Login/YesStayInButton' is clicked on

2024-09-03 16:49:06 - [MESSAGE][PASSED] - Call Test Case 'Test Cases/Login' successfully

2024-09-03 16:49:06 - [TEST_STEP][PASSED] - switchToWindowIndex(1): Switched to window with index: '1'

2024-09-03 16:49:06 - [MESSAGE][PASSED] - Switched to window with index: '1'

2024-09-03 16:49:06 - [TEST_STEP][FAILED] - SON.son("huawei", "2G", "Cell", "2G Neighbors", "", ""): Unable to click on object 'Object Repository/PM/Huawei-vendor/Object-Type/TopX Object Types/TopX Cells/TopX East Amman Site1 Arrow'

2024-09-03 16:49:07 - [MESSAGE][PASSED] - Object: 'Object Repository/SON/sonBtn' is clicked on

2024-09-03 16:49:07 - [MESSAGE][PASSED] - Switched to window with index: '2'

2024-09-03 16:49:08 - [MESSAGE][PASSED] - Object: 'Object Repository/PM/Huawei-vendor/Technology/Technology-Arrow' is clicked on

2024-09-03 16:49:08 - [MESSAGE][PASSED] - Object: 'Object Repository/PM/Huawei-vendor/Technology/2G' is clicked on

2024-09-03 16:49:08 - [MESSAGE][PASSED] - Object: 'Object Repository/PM/Huawei-vendor/TopX/TopX Object Type' is clicked on

2024-09-03 16:49:09 - [MESSAGE][PASSED] - Delayed 1 second(s)

2024-09-03 16:49:09 - [MESSAGE][PASSED] - Object: 'Object Repository/PM/Huawei-vendor/Object-Type/TopX Object Types/TopX Cells/TopX Cell' is clicked on

2024-09-03 16:49:10 - [MESSAGE][PASSED] - Delayed 1 second(s)

2024-09-03 16:49:10 - [MESSAGE][WARNING] - Timeout '0' is invalid. Using default page load timeout: '120'

2024-09-03 16:49:10 - [MESSAGE][PASSED] - Scroll to object 'Object Repository/PM/Huawei-vendor/Object Border' successfully

2024-09-03 16:49:11 - [MESSAGE][PASSED] - Object: 'Object Repository/PM/Huawei-vendor/Object-Type/TopX Object Types/TopX Sites/TopX East Amman Arrow' is clicked on

2024-09-03 16:51:20 - [MESSAGE][FAILED] - Unable to click on object 'Object Repository/PM/Huawei-vendor/Object-Type/TopX Object Types/TopX Cells/TopX East Amman Site1 Arrow' (Root cause: com.kms.katalon.core.exception.StepFailedException: Unable to click on object 'Object Repository/PM/Huawei-vendor/Object-Type/TopX Object Types/TopX Cells/TopX East Amman Site1 Arrow'
	at com.kms.katalon.core.webui.keyword.internal.WebUIKeywordMain.stepFailed(WebUIKeywordMain.groovy:64)
	at com.kms.katalon.core.webui.keyword.internal.WebUIKeywordMain.runKeyword(WebUIKeywordMain.groovy:26)
	at com.kms.katalon.core.webui.keyword.builtin.ClickKeyword.click(ClickKeyword.groovy:74)
	at com.kms.katalon.core.webui.keyword.builtin.ClickKeyword.execute(ClickKeyword.groovy:40)
	at com.kms.katalon.core.keyword.internal.KeywordExecutor.executeKeywordForPlatform(KeywordExecutor.groovy:74)
	at com.kms.katalon.core.webui.keyword.WebUiBuiltInKeywords.click(WebUiBuiltInKeywords.groovy:620)
	at com.kms.katalon.core.webui.keyword.WebUiBuiltInKeywords$click$2.call(Unknown Source)
	at SON.selectObjectType(SON.groovy:218)
	at SON.son(SON.groovy:73)
	at SON.invokeMethod(SON.groovy)
	at com.kms.katalon.core.main.CustomKeywordDelegatingMetaClass.invokeStaticMethod(CustomKeywordDelegatingMetaClass.java:55)
	at Cell 2G Neighbors.run(Cell 2G Neighbors:42)
	at com.kms.katalon.core.main.ScriptEngine.run(ScriptEngine.java:194)
	at com.kms.katalon.core.main.ScriptEngine.runScriptAsRawText(ScriptEngine.java:119)
	at com.kms.katalon.core.main.TestCaseExecutor.runScript(TestCaseExecutor.java:448)
	at com.kms.katalon.core.main.TestCaseExecutor.doExecute(TestCaseExecutor.java:439)
	at com.kms.katalon.core.main.TestCaseExecutor.processExecutionPhase(TestCaseExecutor.java:418)
	at com.kms.katalon.core.main.TestCaseExecutor.accessMainPhase(TestCaseExecutor.java:410)
	at com.kms.katalon.core.main.TestCaseExecutor.execute(TestCaseExecutor.java:285)
	at com.kms.katalon.core.common.CommonExecutor.accessTestCaseMainPhase(CommonExecutor.java:65)
	at com.kms.katalon.core.main.TestSuiteExecutor.accessTestSuiteMainPhase(TestSuiteExecutor.java:148)
	at com.kms.katalon.core.main.TestSuiteExecutor.execute(TestSuiteExecutor.java:106)
	at com.kms.katalon.core.main.TestCaseMain.startTestSuite(TestCaseMain.java:187)
	at com.kms.katalon.core.main.TestCaseMain$startTestSuite$0.call(Unknown Source)
	at TempTestSuite1725371051772.run(TempTestSuite1725371051772.groovy:35)
Caused by: org.openqa.selenium.ElementClickInterceptedException: element click intercepted: Element <svg width="14" height="14" viewBox="0 0 14 14" fill="none" xmlns="http://www.w3.org/2000/svg" class="p-icon p-tree-toggler-icon" aria-hidden="true">...</svg> is not clickable at point (72, 667). Other element would receive the click: <div _ngcontent-ng-c4073245554="" class="apply-button-div">...</div>
  (Session info: chrome=128.0.6613.113)
Build info: version: '3.141.59', revision: 'e82be7d358', time: '2018-11-14T08:25:53'
System info: host: 'LP-FATIMAIBEID', ip: '192.168.9.99', os.name: 'Windows 11', os.arch: 'amd64', os.version: '10.0', java.version: '1.8.0_362'
Driver info: org.openqa.selenium.chrome.ChromeDriver
Capabilities {acceptInsecureCerts: true, browserName: chrome, browserVersion: 128.0.6613.113, chrome: {chromedriverVersion: 127.0.6533.88 (a2d0cb026721..., userDataDir: C:\Users\FATIMA~1\AppData\L...}, fedcm:accounts: true, goog:chromeOptions: {debuggerAddress: localhost:52401}, javascriptEnabled: true, networkConnectionEnabled: false, pageLoadStrategy: normal, platform: WINDOWS, platformName: WINDOWS, proxy: Proxy(), setWindowRect: true, strictFileInteractability: false, timeouts: {implicit: 0, pageLoad: 300000, script: 30000}, unhandledPromptBehavior: dismiss and notify, webauthn:extension:credBlob: true, webauthn:extension:largeBlob: true, webauthn:extension:minPinLength: true, webauthn:extension:prf: true, webauthn:virtualAuthenticators: true}
Session ID: ef8c6e1e60ee26d8ded1a9cfdbcbac78
	at org.openqa.selenium.remote.http.W3CHttpResponseCodec.createException(W3CHttpResponseCodec.java:187)
	at org.openqa.selenium.remote.http.W3CHttpResponseCodec.decode(W3CHttpResponseCodec.java:122)
	at org.openqa.selenium.remote.http.W3CHttpResponseCodec.decode(W3CHttpResponseCodec.java:49)
	at org.openqa.selenium.remote.HttpCommandExecutor.execute(HttpCommandExecutor.java:158)
	at org.openqa.selenium.remote.service.DriverCommandExecutor.execute(DriverCommandExecutor.java:83)
	at org.openqa.selenium.remote.RemoteWebDriver.execute(RemoteWebDriver.java:552)
	at org.openqa.selenium.remote.RemoteWebElement.execute(RemoteWebElement.java:285)
	at org.openqa.selenium.remote.RemoteWebElement.click(RemoteWebElement.java:84)
	at org.openqa.selenium.support.events.EventFiringWebDriver$EventFiringWebElement.lambda$new$0(EventFiringWebDriver.java:404)
	at com.sun.proxy.$Proxy12.click(Unknown Source)
	at org.openqa.selenium.support.events.EventFiringWebDriver$EventFiringWebElement.click(EventFiringWebDriver.java:417)
	at org.openqa.selenium.WebElement$click.call(Unknown Source)
	at com.kms.katalon.core.webui.keyword.builtin.ClickKeyword.clickUntilSuccessWithTimeout(ClickKeyword.groovy:81)
	at com.kms.katalon.core.webui.keyword.builtin.ClickKeyword.clickUntilSuccessWithTimeout(ClickKeyword.groovy)
	at com.kms.katalon.core.webui.keyword.builtin.ClickKeyword$_click_closure1.doCall(ClickKeyword.groovy:67)
	at com.kms.katalon.core.webui.keyword.builtin.ClickKeyword$_click_closure1.call(ClickKeyword.groovy)
	at com.kms.katalon.core.webui.keyword.internal.WebUIKeywordMain.runKeyword(WebUIKeywordMain.groovy:20)
	at com.kms.katalon.core.webui.keyword.builtin.ClickKeyword.click(ClickKeyword.groovy:74)
	at com.kms.katalon.core.webui.keyword.builtin.ClickKeyword.execute(ClickKeyword.groovy:40)
	at com.kms.katalon.core.keyword.internal.KeywordExecutor.executeKeywordForPlatform(KeywordExecutor.groovy:74)
	at com.kms.katalon.core.webui.keyword.WebUiBuiltInKeywords.click(WebUiBuiltInKeywords.groovy:620)
	at com.kms.katalon.core.webui.keyword.WebUiBuiltInKeywords$click$2.call(Unknown Source)
	at SON.selectObjectType(SON.groovy:218)
	at SON.son(SON.groovy:73)
	at SON.invokeMethod(SON.groovy)
	at com.kms.katalon.core.main.CustomKeywordDelegatingMetaClass.invokeStaticMethod(CustomKeywordDelegatingMetaClass.java:55)
	at Script1723731560901.run(Script1723731560901.groovy:42)
	... 13 more
)
[[ATTACHMENT|C:\\Users\\FatimaIbeid\\git\\NetCell\\Reports\\20240903_164410\\SON\\Hwauei\\2G\\2G Regression\\20240903_164411\\1725371479874.png]]

2024-09-03 16:51:20 - [MESSAGE][FAILED] - Unable to click on object 'Object Repository/PM/Huawei-vendor/Object-Type/TopX Object Types/TopX Cells/TopX East Amman Site1 Arrow']]></system-out>
         <system-err><![CDATA[2024-09-03 16:48:41 - [TEST_CASE][FAILED] - Test Cases/SON/Huawei/2G/Cell/Cell 2G Neighbors: Test Cases/SON/Huawei/2G/Cell/Cell 2G Neighbors FAILED.
Reason:
com.kms.katalon.core.exception.StepFailedException: Unable to click on object 'Object Repository/PM/Huawei-vendor/Object-Type/TopX Object Types/TopX Cells/TopX East Amman Site1 Arrow'
	at com.kms.katalon.core.webui.keyword.internal.WebUIKeywordMain.stepFailed(WebUIKeywordMain.groovy:64)
	at com.kms.katalon.core.webui.keyword.internal.WebUIKeywordMain.runKeyword(WebUIKeywordMain.groovy:26)
	at com.kms.katalon.core.webui.keyword.builtin.ClickKeyword.click(ClickKeyword.groovy:74)
	at com.kms.katalon.core.webui.keyword.builtin.ClickKeyword.execute(ClickKeyword.groovy:40)
	at com.kms.katalon.core.keyword.internal.KeywordExecutor.executeKeywordForPlatform(KeywordExecutor.groovy:74)
	at com.kms.katalon.core.webui.keyword.WebUiBuiltInKeywords.click(WebUiBuiltInKeywords.groovy:620)
	at com.kms.katalon.core.webui.keyword.WebUiBuiltInKeywords$click$2.call(Unknown Source)
	at SON.selectObjectType(SON.groovy:218)
	at SON.son(SON.groovy:73)
	at SON.invokeMethod(SON.groovy)
	at com.kms.katalon.core.main.CustomKeywordDelegatingMetaClass.invokeStaticMethod(CustomKeywordDelegatingMetaClass.java:55)
	at Cell 2G Neighbors.run(Cell 2G Neighbors:42)
	at com.kms.katalon.core.main.ScriptEngine.run(ScriptEngine.java:194)
	at com.kms.katalon.core.main.ScriptEngine.runScriptAsRawText(ScriptEngine.java:119)
	at com.kms.katalon.core.main.TestCaseExecutor.runScript(TestCaseExecutor.java:448)
	at com.kms.katalon.core.main.TestCaseExecutor.doExecute(TestCaseExecutor.java:439)
	at com.kms.katalon.core.main.TestCaseExecutor.processExecutionPhase(TestCaseExecutor.java:418)
	at com.kms.katalon.core.main.TestCaseExecutor.accessMainPhase(TestCaseExecutor.java:410)
	at com.kms.katalon.core.main.TestCaseExecutor.execute(TestCaseExecutor.java:285)
	at com.kms.katalon.core.common.CommonExecutor.accessTestCaseMainPhase(CommonExecutor.java:65)
	at com.kms.katalon.core.main.TestSuiteExecutor.accessTestSuiteMainPhase(TestSuiteExecutor.java:148)
	at com.kms.katalon.core.main.TestSuiteExecutor.execute(TestSuiteExecutor.java:106)
	at com.kms.katalon.core.main.TestCaseMain.startTestSuite(TestCaseMain.java:187)
	at com.kms.katalon.core.main.TestCaseMain$startTestSuite$0.call(Unknown Source)
	at TempTestSuite1725371051772.run(TempTestSuite1725371051772.groovy:35)
Caused by: org.openqa.selenium.ElementClickInterceptedException: element click intercepted: Element <svg width="14" height="14" viewBox="0 0 14 14" fill="none" xmlns="http://www.w3.org/2000/svg" class="p-icon p-tree-toggler-icon" aria-hidden="true">...</svg> is not clickable at point (72, 667). Other element would receive the click: <div _ngcontent-ng-c4073245554="" class="apply-button-div">...</div>
  (Session info: chrome=128.0.6613.113)
Build info: version: '3.141.59', revision: 'e82be7d358', time: '2018-11-14T08:25:53'
System info: host: 'LP-FATIMAIBEID', ip: '192.168.9.99', os.name: 'Windows 11', os.arch: 'amd64', os.version: '10.0', java.version: '1.8.0_362'
Driver info: org.openqa.selenium.chrome.ChromeDriver
Capabilities {acceptInsecureCerts: true, browserName: chrome, browserVersion: 128.0.6613.113, chrome: {chromedriverVersion: 127.0.6533.88 (a2d0cb026721..., userDataDir: C:\Users\FATIMA~1\AppData\L...}, fedcm:accounts: true, goog:chromeOptions: {debuggerAddress: localhost:52401}, javascriptEnabled: true, networkConnectionEnabled: false, pageLoadStrategy: normal, platform: WINDOWS, platformName: WINDOWS, proxy: Proxy(), setWindowRect: true, strictFileInteractability: false, timeouts: {implicit: 0, pageLoad: 300000, script: 30000}, unhandledPromptBehavior: dismiss and notify, webauthn:extension:credBlob: true, webauthn:extension:largeBlob: true, webauthn:extension:minPinLength: true, webauthn:extension:prf: true, webauthn:virtualAuthenticators: true}
Session ID: ef8c6e1e60ee26d8ded1a9cfdbcbac78
	at org.openqa.selenium.remote.http.W3CHttpResponseCodec.createException(W3CHttpResponseCodec.java:187)
	at org.openqa.selenium.remote.http.W3CHttpResponseCodec.decode(W3CHttpResponseCodec.java:122)
	at org.openqa.selenium.remote.http.W3CHttpResponseCodec.decode(W3CHttpResponseCodec.java:49)
	at org.openqa.selenium.remote.HttpCommandExecutor.execute(HttpCommandExecutor.java:158)
	at org.openqa.selenium.remote.service.DriverCommandExecutor.execute(DriverCommandExecutor.java:83)
	at org.openqa.selenium.remote.RemoteWebDriver.execute(RemoteWebDriver.java:552)
	at org.openqa.selenium.remote.RemoteWebElement.execute(RemoteWebElement.java:285)
	at org.openqa.selenium.remote.RemoteWebElement.click(RemoteWebElement.java:84)
	at org.openqa.selenium.support.events.EventFiringWebDriver$EventFiringWebElement.lambda$new$0(EventFiringWebDriver.java:404)
	at com.sun.proxy.$Proxy12.click(Unknown Source)
	at org.openqa.selenium.support.events.EventFiringWebDriver$EventFiringWebElement.click(EventFiringWebDriver.java:417)
	at org.openqa.selenium.WebElement$click.call(Unknown Source)
	at com.kms.katalon.core.webui.keyword.builtin.ClickKeyword.clickUntilSuccessWithTimeout(ClickKeyword.groovy:81)
	at com.kms.katalon.core.webui.keyword.builtin.ClickKeyword.clickUntilSuccessWithTimeout(ClickKeyword.groovy)
	at com.kms.katalon.core.webui.keyword.builtin.ClickKeyword$_click_closure1.doCall(ClickKeyword.groovy:67)
	at com.kms.katalon.core.webui.keyword.builtin.ClickKeyword$_click_closure1.call(ClickKeyword.groovy)
	at com.kms.katalon.core.webui.keyword.internal.WebUIKeywordMain.runKeyword(WebUIKeywordMain.groovy:20)
	... 23 more]]></system-err>
      </testcase>
      <testcase name="Test Cases/SON/Huawei/2G/BSC/BSC 2G Neighbors" time="42.149" classname="Test Cases/SON/Huawei/2G/BSC/BSC 2G Neighbors" status="PASSED">
         <system-out><![CDATA[2024-09-03 16:51:20 - [TEST_CASE][PASSED] - Test Cases/SON/Huawei/2G/BSC/BSC 2G Neighbors: Test Cases/SON/Huawei/2G/BSC/BSC 2G Neighbors

2024-09-03 16:51:20 - [TEST_STEP][PASSED] - callTestCase(findTestCase("Login"), [:], STOP_ON_FAILURE): Call Test Case 'Test Cases/Login' successfully

2024-09-03 16:51:20 - [TEST_CASE][PASSED] - Test Cases/Login: Test Cases/Login

2024-09-03 16:51:20 - [TEST_STEP][PASSED] - driver = general.start(SwagerURL, NetCellURL): general.start is PASSED

2024-09-03 16:51:20 - [MESSAGE][INFO] - >>> chromeDriverPath=C:\Users\FatimaIbeid\.katalon\packages\Katalon_Studio_Windows_64-8.6.9\Katalon_Studio_Windows_64-8.6.9\configuration\resources\drivers\chromedriver_win32\chromedriver.exe

2024-09-03 16:51:21 - [MESSAGE][PASSED] - Current window maximized

2024-09-03 16:51:21 - [MESSAGE][PASSED] - Execute JavaScript 'window.open();' successfully

2024-09-03 16:51:21 - [MESSAGE][PASSED] - Switched to window with index: '1'

2024-09-03 16:51:36 - [MESSAGE][PASSED] - general.start is PASSED

2024-09-03 16:51:36 - [TEST_STEP][PASSED] - click(findTestObject("Object Repository/Login/LoginButton")): Object: 'Object Repository/Login/LoginButton' is clicked on

2024-09-03 16:51:36 - [MESSAGE][PASSED] - Object: 'Object Repository/Login/LoginButton' is clicked on

2024-09-03 16:51:36 - [TEST_STEP][PASSED] - switchToWindowIndex(2): Switched to window with index: '2'

2024-09-03 16:51:36 - [MESSAGE][PASSED] - Switched to window with index: '2'

2024-09-03 16:51:36 - [TEST_STEP][PASSED] - delay(1): Delayed 1 second(s)

2024-09-03 16:51:37 - [MESSAGE][PASSED] - Delayed 1 second(s)

2024-09-03 16:51:37 - [TEST_STEP][PASSED] - sendKeys(findTestObject("Object Repository/Login/EnterEmail"), "homam@zztjg.onmicrosoft.com"): Keys 'homam@zztjg.onmicrosoft.com' sent to object: 'Object Repository/Login/EnterEmail'

2024-09-03 16:51:38 - [MESSAGE][PASSED] - Keys 'homam@zztjg.onmicrosoft.com' sent to object: 'Object Repository/Login/EnterEmail'

2024-09-03 16:51:38 - [TEST_STEP][PASSED] - delay(1): Delayed 1 second(s)

2024-09-03 16:51:39 - [MESSAGE][PASSED] - Delayed 1 second(s)

2024-09-03 16:51:39 - [TEST_STEP][PASSED] - click(findTestObject("Object Repository/Login/NextButton")): Object: 'Object Repository/Login/NextButton' is clicked on

2024-09-03 16:51:39 - [MESSAGE][PASSED] - Object: 'Object Repository/Login/NextButton' is clicked on

2024-09-03 16:51:39 - [TEST_STEP][PASSED] - delay(2): Delayed 2 second(s)

2024-09-03 16:51:41 - [MESSAGE][PASSED] - Delayed 2 second(s)

2024-09-03 16:51:41 - [TEST_STEP][PASSED] - sendKeys(findTestObject("Object Repository/Login/EnterPassword"), "Holder12345"): Keys 'Holder12345' sent to object: 'Object Repository/Login/EnterPassword'

2024-09-03 16:51:41 - [MESSAGE][PASSED] - Keys 'Holder12345' sent to object: 'Object Repository/Login/EnterPassword'

2024-09-03 16:51:41 - [TEST_STEP][PASSED] - delay(1): Delayed 1 second(s)

2024-09-03 16:51:42 - [MESSAGE][PASSED] - Delayed 1 second(s)

2024-09-03 16:51:42 - [TEST_STEP][PASSED] - click(findTestObject("Object Repository/Login/SigninButton")): Object: 'Object Repository/Login/SigninButton' is clicked on

2024-09-03 16:51:43 - [MESSAGE][PASSED] - Object: 'Object Repository/Login/SigninButton' is clicked on

2024-09-03 16:51:43 - [TEST_STEP][PASSED] - delay(1): Delayed 1 second(s)

2024-09-03 16:51:44 - [MESSAGE][PASSED] - Delayed 1 second(s)

2024-09-03 16:51:44 - [TEST_STEP][PASSED] - click(findTestObject("Object Repository/Login/YesStayInButton")): Object: 'Object Repository/Login/YesStayInButton' is clicked on

2024-09-03 16:51:44 - [MESSAGE][PASSED] - Object: 'Object Repository/Login/YesStayInButton' is clicked on

2024-09-03 16:51:44 - [MESSAGE][PASSED] - Call Test Case 'Test Cases/Login' successfully

2024-09-03 16:51:44 - [TEST_STEP][PASSED] - switchToWindowIndex(1): Switched to window with index: '1'

2024-09-03 16:51:44 - [MESSAGE][PASSED] - Switched to window with index: '1'

2024-09-03 16:51:44 - [TEST_STEP][PASSED] - SON.son("huawei", "2G", "BSC", "2G Neighbors", "", ""): SON.son is PASSED

2024-09-03 16:51:46 - [MESSAGE][PASSED] - Object: 'Object Repository/SON/sonBtn' is clicked on

2024-09-03 16:51:46 - [MESSAGE][PASSED] - Switched to window with index: '2'

2024-09-03 16:51:46 - [MESSAGE][PASSED] - Object: 'Object Repository/PM/Huawei-vendor/Technology/Technology-Arrow' is clicked on

2024-09-03 16:51:46 - [MESSAGE][PASSED] - Object: 'Object Repository/PM/Huawei-vendor/Technology/2G' is clicked on

2024-09-03 16:51:47 - [MESSAGE][PASSED] - Object: 'Object Repository/PM/Huawei-vendor/TopX/TopX Object Type' is clicked on

2024-09-03 16:51:48 - [MESSAGE][PASSED] - Delayed 1 second(s)

2024-09-03 16:51:48 - [MESSAGE][PASSED] - Object: 'Object Repository/PM/Huawei-vendor/Object-Type/TopX Object Types/TopX BSCs/TopX BSC' is clicked on

2024-09-03 16:51:49 - [MESSAGE][PASSED] - Delayed 1 second(s)

2024-09-03 16:51:49 - [MESSAGE][WARNING] - Timeout '0' is invalid. Using default page load timeout: '120'

2024-09-03 16:51:49 - [MESSAGE][PASSED] - Scroll to object 'Object Repository/PM/Huawei-vendor/Object Border' successfully

2024-09-03 16:51:49 - [MESSAGE][PASSED] - Object: 'Object Repository/PM/Huawei-vendor/Object-Type/TopX Object Types/TopX BSCs/TopX BSC Ader' is clicked on

2024-09-03 16:51:49 - [MESSAGE][PASSED] - Object: 'Object Repository/PM/Huawei-vendor/Object-Type/TopX Object Types/TopX BSCs/TopX BSC Fifa' is clicked on

2024-09-03 16:51:49 - [MESSAGE][PASSED] - Object: 'Object Repository/SON/ObjectType/BSC/TopX BSC HQ 04' is clicked on

2024-09-03 16:51:49 - [MESSAGE][PASSED] - Object: 'Object Repository/PM/Huawei-vendor/Object-Type/TopX Object Types/TopX BSCs/TopX BSC AA 01' is clicked on

2024-09-03 16:51:51 - [MESSAGE][PASSED] - Delayed 2 second(s)

2024-09-03 16:51:52 - [MESSAGE][PASSED] - Object: 'Object Repository/SON/SonType/Type-Arrow' is clicked on

2024-09-03 16:51:52 - [MESSAGE][PASSED] - Object: 'Object Repository/PM/Huawei-vendor/Apply-Button' is clicked on

2024-09-03 16:52:02 - [MESSAGE][PASSED] - Web element with id: 'Object Repository/SON/Error' located by 'By.xpath: //div[@class='home-logo']' is not present after '200' second(s)

2024-09-03 16:52:02 - [MESSAGE][PASSED] - SON.son is PASSED]]></system-out>
         <system-err><![CDATA[]]></system-err>
      </testcase>
      <testcase name="Test Cases/SON/Huawei/2G/Cluster/Cluster 2G Neighbors" time="39.755" classname="Test Cases/SON/Huawei/2G/Cluster/Cluster 2G Neighbors" status="PASSED">
         <system-out><![CDATA[2024-09-03 16:52:02 - [TEST_CASE][PASSED] - Test Cases/SON/Huawei/2G/Cluster/Cluster 2G Neighbors: Test Cases/SON/Huawei/2G/Cluster/Cluster 2G Neighbors

2024-09-03 16:52:02 - [TEST_STEP][PASSED] - callTestCase(findTestCase("Login"), [:], STOP_ON_FAILURE): Call Test Case 'Test Cases/Login' successfully

2024-09-03 16:52:02 - [TEST_CASE][PASSED] - Test Cases/Login: Test Cases/Login

2024-09-03 16:52:02 - [TEST_STEP][PASSED] - driver = general.start(SwagerURL, NetCellURL): general.start is PASSED

2024-09-03 16:52:02 - [MESSAGE][INFO] - >>> chromeDriverPath=C:\Users\FatimaIbeid\.katalon\packages\Katalon_Studio_Windows_64-8.6.9\Katalon_Studio_Windows_64-8.6.9\configuration\resources\drivers\chromedriver_win32\chromedriver.exe

2024-09-03 16:52:03 - [MESSAGE][PASSED] - Current window maximized

2024-09-03 16:52:04 - [MESSAGE][PASSED] - Execute JavaScript 'window.open();' successfully

2024-09-03 16:52:04 - [MESSAGE][PASSED] - Switched to window with index: '1'

2024-09-03 16:52:18 - [MESSAGE][PASSED] - general.start is PASSED

2024-09-03 16:52:18 - [TEST_STEP][PASSED] - click(findTestObject("Object Repository/Login/LoginButton")): Object: 'Object Repository/Login/LoginButton' is clicked on

2024-09-03 16:52:18 - [MESSAGE][PASSED] - Object: 'Object Repository/Login/LoginButton' is clicked on

2024-09-03 16:52:18 - [TEST_STEP][PASSED] - switchToWindowIndex(2): Switched to window with index: '2'

2024-09-03 16:52:18 - [MESSAGE][PASSED] - Switched to window with index: '2'

2024-09-03 16:52:18 - [TEST_STEP][PASSED] - delay(1): Delayed 1 second(s)

2024-09-03 16:52:19 - [MESSAGE][PASSED] - Delayed 1 second(s)

2024-09-03 16:52:19 - [TEST_STEP][PASSED] - sendKeys(findTestObject("Object Repository/Login/EnterEmail"), "homam@zztjg.onmicrosoft.com"): Keys 'homam@zztjg.onmicrosoft.com' sent to object: 'Object Repository/Login/EnterEmail'

2024-09-03 16:52:20 - [MESSAGE][PASSED] - Keys 'homam@zztjg.onmicrosoft.com' sent to object: 'Object Repository/Login/EnterEmail'

2024-09-03 16:52:20 - [TEST_STEP][PASSED] - delay(1): Delayed 1 second(s)

2024-09-03 16:52:21 - [MESSAGE][PASSED] - Delayed 1 second(s)

2024-09-03 16:52:21 - [TEST_STEP][PASSED] - click(findTestObject("Object Repository/Login/NextButton")): Object: 'Object Repository/Login/NextButton' is clicked on

2024-09-03 16:52:21 - [MESSAGE][PASSED] - Object: 'Object Repository/Login/NextButton' is clicked on

2024-09-03 16:52:21 - [TEST_STEP][PASSED] - delay(2): Delayed 2 second(s)

2024-09-03 16:52:23 - [MESSAGE][PASSED] - Delayed 2 second(s)

2024-09-03 16:52:23 - [TEST_STEP][PASSED] - sendKeys(findTestObject("Object Repository/Login/EnterPassword"), "Holder12345"): Keys 'Holder12345' sent to object: 'Object Repository/Login/EnterPassword'

2024-09-03 16:52:23 - [MESSAGE][PASSED] - Keys 'Holder12345' sent to object: 'Object Repository/Login/EnterPassword'

2024-09-03 16:52:23 - [TEST_STEP][PASSED] - delay(1): Delayed 1 second(s)

2024-09-03 16:52:24 - [MESSAGE][PASSED] - Delayed 1 second(s)

2024-09-03 16:52:24 - [TEST_STEP][PASSED] - click(findTestObject("Object Repository/Login/SigninButton")): Object: 'Object Repository/Login/SigninButton' is clicked on

2024-09-03 16:52:24 - [MESSAGE][PASSED] - Object: 'Object Repository/Login/SigninButton' is clicked on

2024-09-03 16:52:24 - [TEST_STEP][PASSED] - delay(1): Delayed 1 second(s)

2024-09-03 16:52:25 - [MESSAGE][PASSED] - Delayed 1 second(s)

2024-09-03 16:52:25 - [TEST_STEP][PASSED] - click(findTestObject("Object Repository/Login/YesStayInButton")): Object: 'Object Repository/Login/YesStayInButton' is clicked on

2024-09-03 16:52:26 - [MESSAGE][PASSED] - Object: 'Object Repository/Login/YesStayInButton' is clicked on

2024-09-03 16:52:26 - [MESSAGE][PASSED] - Call Test Case 'Test Cases/Login' successfully

2024-09-03 16:52:26 - [TEST_STEP][PASSED] - switchToWindowIndex(1): Switched to window with index: '1'

2024-09-03 16:52:26 - [MESSAGE][PASSED] - Switched to window with index: '1'

2024-09-03 16:52:26 - [TEST_STEP][PASSED] - SON.son("huawei", "2G", "Cluster", "2G Neighbors", "", ""): SON.son is PASSED

2024-09-03 16:52:27 - [MESSAGE][PASSED] - Object: 'Object Repository/SON/sonBtn' is clicked on

2024-09-03 16:52:27 - [MESSAGE][PASSED] - Switched to window with index: '2'

2024-09-03 16:52:28 - [MESSAGE][PASSED] - Object: 'Object Repository/PM/Huawei-vendor/Technology/Technology-Arrow' is clicked on

2024-09-03 16:52:29 - [MESSAGE][PASSED] - Object: 'Object Repository/PM/Huawei-vendor/Technology/2G' is clicked on

2024-09-03 16:52:29 - [MESSAGE][PASSED] - Object: 'Object Repository/PM/Huawei-vendor/TopX/TopX Object Type' is clicked on

2024-09-03 16:52:30 - [MESSAGE][PASSED] - Delayed 1 second(s)

2024-09-03 16:52:30 - [MESSAGE][PASSED] - Object: 'Object Repository/PM/Huawei-vendor/Object-Type/TopX Object Types/TopX Clusters/TopX Cluster' is clicked on

2024-09-03 16:52:31 - [MESSAGE][PASSED] - Delayed 1 second(s)

2024-09-03 16:52:31 - [MESSAGE][WARNING] - Timeout '0' is invalid. Using default page load timeout: '120'

2024-09-03 16:52:31 - [MESSAGE][PASSED] - Scroll to object 'Object Repository/PM/Huawei-vendor/Object Border' successfully

2024-09-03 16:52:31 - [MESSAGE][PASSED] - Object: 'Object Repository/PM/Huawei-vendor/Object-Type/TopX Object Types/TopX Sites/TopX East Amman Arrow' is clicked on

2024-09-03 16:52:31 - [MESSAGE][PASSED] - Object: 'Object Repository/PM/Huawei-vendor/Object-Type/TopX Object Types/TopX Clusters/TopX East Amman Cluster 3' is clicked on

2024-09-03 16:52:31 - [MESSAGE][PASSED] - Object: 'Object Repository/PM/Huawei-vendor/Object-Type/TopX Object Types/TopX Clusters/TopX East Amman Cluster 13' is clicked on

2024-09-03 16:52:32 - [MESSAGE][PASSED] - Object: 'Object Repository/PM/Huawei-vendor/Object-Type/TopX Object Types/TopX Sites/TopX East Amman CloseArrow' is clicked on

2024-09-03 16:52:32 - [MESSAGE][PASSED] - Object: 'Object Repository/PM/Huawei-vendor/Object-Type/TopX Object Types/TopX Sites/TopX West Amman Arrow' is clicked on

2024-09-03 16:52:32 - [MESSAGE][PASSED] - Object: 'Object Repository/PM/Huawei-vendor/Object-Type/TopX Object Types/TopX Clusters/TopX West Amman Cluster 2' is clicked on

2024-09-03 16:52:32 - [MESSAGE][PASSED] - Object: 'Object Repository/PM/Huawei-vendor/Object-Type/TopX Object Types/TopX Clusters/TopX West Amman Cluster 5' is clicked on

2024-09-03 16:52:32 - [MESSAGE][PASSED] - Object: 'Object Repository/PM/Huawei-vendor/Object-Type/TopX Object Types/TopX Sites/TopX West Amman CloseArrow' is clicked on

2024-09-03 16:52:32 - [MESSAGE][PASSED] - Object: 'Object Repository/PM/Huawei-vendor/Object-Type/TopX Object Types/TopX Sites/TopX North Jordan Arrow' is clicked on

2024-09-03 16:52:32 - [MESSAGE][PASSED] - Object: 'Object Repository/PM/Huawei-vendor/Object-Type/TopX Object Types/TopX Clusters/TopX North Jordan Cluster 4' is clicked on

2024-09-03 16:52:32 - [MESSAGE][PASSED] - Object: 'Object Repository/PM/Huawei-vendor/Object-Type/TopX Object Types/TopX Clusters/TopX North Jordan Cluster 14' is clicked on

2024-09-03 16:52:32 - [MESSAGE][PASSED] - Object: 'Object Repository/PM/Huawei-vendor/Object-Type/TopX Object Types/TopX Sites/TopX North Jordan CloseArrow' is clicked on

2024-09-03 16:52:32 - [MESSAGE][PASSED] - Object: 'Object Repository/PM/Huawei-vendor/Object-Type/TopX Object Types/TopX Sites/TopX South Jordan Arrow' is clicked on

2024-09-03 16:52:33 - [MESSAGE][PASSED] - Object: 'Object Repository/PM/Huawei-vendor/Object-Type/TopX Object Types/TopX Clusters/TopX South Jordan Cluster 7' is clicked on

2024-09-03 16:52:33 - [MESSAGE][PASSED] - Object: 'Object Repository/PM/Huawei-vendor/Object-Type/TopX Object Types/TopX Clusters/TopX South Jordan Cluster 8' is clicked on

2024-09-03 16:52:33 - [MESSAGE][PASSED] - Object: 'Object Repository/PM/Huawei-vendor/Object-Type/TopX Object Types/TopX Sites/TopX South Jordan CloseArrow' is clicked on

2024-09-03 16:52:33 - [MESSAGE][PASSED] - Object: 'Object Repository/PM/Huawei-vendor/Object-Type/TopX Object Types/TopX Sites/TopX South Amman Arrow' is clicked on

2024-09-03 16:52:33 - [MESSAGE][PASSED] - Object: 'Object Repository/PM/Huawei-vendor/Object-Type/TopX Object Types/TopX Clusters/TopX South Amman Cluster 1' is clicked on

2024-09-03 16:52:33 - [MESSAGE][PASSED] - Object: 'Object Repository/PM/Huawei-vendor/Object-Type/TopX Object Types/TopX Clusters/TopX South Amman Cluster 6' is clicked on

2024-09-03 16:52:33 - [MESSAGE][PASSED] - Object: 'Object Repository/PM/Huawei-vendor/Object-Type/TopX Object Types/TopX Sites/TopX South Amman CloseArrow' is clicked on

2024-09-03 16:52:33 - [MESSAGE][PASSED] - Object: 'Object Repository/PM/Huawei-vendor/Object-Type/TopX Object Types/TopX Sites/TopX East Jordan Arrow' is clicked on

2024-09-03 16:52:33 - [MESSAGE][PASSED] - Object: 'Object Repository/PM/Huawei-vendor/Object-Type/TopX Object Types/TopX Clusters/TopX East Jordan Cluster 10' is clicked on

2024-09-03 16:52:34 - [MESSAGE][PASSED] - Object: 'Object Repository/PM/Huawei-vendor/Object-Type/TopX Object Types/TopX Clusters/TopX East Jordan Cluster 11' is clicked on

2024-09-03 16:52:34 - [MESSAGE][PASSED] - Object: 'Object Repository/PM/Huawei-vendor/Object-Type/TopX Object Types/TopX Sites/TopX East Jordan CloseArrow' is clicked on

2024-09-03 16:52:34 - [MESSAGE][PASSED] - Object: 'Object Repository/PM/Huawei-vendor/Object-Type/TopX Object Types/TopX Sites/TopX Others Arrow' is clicked on

2024-09-03 16:52:34 - [MESSAGE][PASSED] - Object: 'Object Repository/PM/Huawei-vendor/Object-Type/TopX Object Types/TopX Clusters/TopX Others Cluster 60' is clicked on

2024-09-03 16:52:34 - [MESSAGE][PASSED] - Object: 'Object Repository/PM/Huawei-vendor/Object-Type/TopX Object Types/TopX Clusters/TopX Others Cluster 61' is clicked on

2024-09-03 16:52:34 - [MESSAGE][PASSED] - Object: 'Object Repository/PM/Huawei-vendor/Object-Type/TopX Object Types/TopX Sites/TopX Others CloseArrow' is clicked on

2024-09-03 16:52:36 - [MESSAGE][PASSED] - Delayed 2 second(s)

2024-09-03 16:52:36 - [MESSAGE][PASSED] - Object: 'Object Repository/SON/SonType/Type-Arrow' is clicked on

2024-09-03 16:52:36 - [MESSAGE][PASSED] - Object: 'Object Repository/PM/Huawei-vendor/Apply-Button' is clicked on

2024-09-03 16:52:41 - [MESSAGE][PASSED] - Web element with id: 'Object Repository/SON/Error' located by 'By.xpath: //div[@class='home-logo']' is not present after '200' second(s)

2024-09-03 16:52:41 - [MESSAGE][PASSED] - SON.son is PASSED]]></system-out>
         <system-err><![CDATA[]]></system-err>
      </testcase>
      <testcase name="Test Cases/SON/Huawei/2G/Governorate/Governorate 2G Neighbors" time="51.22" classname="Test Cases/SON/Huawei/2G/Governorate/Governorate 2G Neighbors" status="PASSED">
         <system-out><![CDATA[2024-09-03 16:52:41 - [TEST_CASE][PASSED] - Test Cases/SON/Huawei/2G/Governorate/Governorate 2G Neighbors: Test Cases/SON/Huawei/2G/Governorate/Governorate 2G Neighbors

2024-09-03 16:52:42 - [TEST_STEP][PASSED] - callTestCase(findTestCase("Login"), [:], STOP_ON_FAILURE): Call Test Case 'Test Cases/Login' successfully

2024-09-03 16:52:42 - [TEST_CASE][PASSED] - Test Cases/Login: Test Cases/Login

2024-09-03 16:52:42 - [TEST_STEP][PASSED] - driver = general.start(SwagerURL, NetCellURL): general.start is PASSED

2024-09-03 16:52:42 - [MESSAGE][INFO] - >>> chromeDriverPath=C:\Users\FatimaIbeid\.katalon\packages\Katalon_Studio_Windows_64-8.6.9\Katalon_Studio_Windows_64-8.6.9\configuration\resources\drivers\chromedriver_win32\chromedriver.exe

2024-09-03 16:52:43 - [MESSAGE][PASSED] - Current window maximized

2024-09-03 16:52:43 - [MESSAGE][PASSED] - Execute JavaScript 'window.open();' successfully

2024-09-03 16:52:44 - [MESSAGE][PASSED] - Switched to window with index: '1'

2024-09-03 16:52:58 - [MESSAGE][PASSED] - general.start is PASSED

2024-09-03 16:52:58 - [TEST_STEP][PASSED] - click(findTestObject("Object Repository/Login/LoginButton")): Object: 'Object Repository/Login/LoginButton' is clicked on

2024-09-03 16:52:58 - [MESSAGE][PASSED] - Object: 'Object Repository/Login/LoginButton' is clicked on

2024-09-03 16:52:58 - [TEST_STEP][PASSED] - switchToWindowIndex(2): Switched to window with index: '2'

2024-09-03 16:52:58 - [MESSAGE][PASSED] - Switched to window with index: '2'

2024-09-03 16:52:58 - [TEST_STEP][PASSED] - delay(1): Delayed 1 second(s)

2024-09-03 16:52:59 - [MESSAGE][PASSED] - Delayed 1 second(s)

2024-09-03 16:52:59 - [TEST_STEP][PASSED] - sendKeys(findTestObject("Object Repository/Login/EnterEmail"), "homam@zztjg.onmicrosoft.com"): Keys 'homam@zztjg.onmicrosoft.com' sent to object: 'Object Repository/Login/EnterEmail'

2024-09-03 16:53:00 - [MESSAGE][PASSED] - Keys 'homam@zztjg.onmicrosoft.com' sent to object: 'Object Repository/Login/EnterEmail'

2024-09-03 16:53:00 - [TEST_STEP][PASSED] - delay(1): Delayed 1 second(s)

2024-09-03 16:53:01 - [MESSAGE][PASSED] - Delayed 1 second(s)

2024-09-03 16:53:01 - [TEST_STEP][PASSED] - click(findTestObject("Object Repository/Login/NextButton")): Object: 'Object Repository/Login/NextButton' is clicked on

2024-09-03 16:53:01 - [MESSAGE][PASSED] - Object: 'Object Repository/Login/NextButton' is clicked on

2024-09-03 16:53:01 - [TEST_STEP][PASSED] - delay(2): Delayed 2 second(s)

2024-09-03 16:53:03 - [MESSAGE][PASSED] - Delayed 2 second(s)

2024-09-03 16:53:03 - [TEST_STEP][PASSED] - sendKeys(findTestObject("Object Repository/Login/EnterPassword"), "Holder12345"): Keys 'Holder12345' sent to object: 'Object Repository/Login/EnterPassword'

2024-09-03 16:53:03 - [MESSAGE][PASSED] - Keys 'Holder12345' sent to object: 'Object Repository/Login/EnterPassword'

2024-09-03 16:53:03 - [TEST_STEP][PASSED] - delay(1): Delayed 1 second(s)

2024-09-03 16:53:04 - [MESSAGE][PASSED] - Delayed 1 second(s)

2024-09-03 16:53:04 - [TEST_STEP][PASSED] - click(findTestObject("Object Repository/Login/SigninButton")): Object: 'Object Repository/Login/SigninButton' is clicked on

2024-09-03 16:53:04 - [MESSAGE][PASSED] - Object: 'Object Repository/Login/SigninButton' is clicked on

2024-09-03 16:53:04 - [TEST_STEP][PASSED] - delay(1): Delayed 1 second(s)

2024-09-03 16:53:05 - [MESSAGE][PASSED] - Delayed 1 second(s)

2024-09-03 16:53:05 - [TEST_STEP][PASSED] - click(findTestObject("Object Repository/Login/YesStayInButton")): Object: 'Object Repository/Login/YesStayInButton' is clicked on

2024-09-03 16:53:06 - [MESSAGE][PASSED] - Object: 'Object Repository/Login/YesStayInButton' is clicked on

2024-09-03 16:53:06 - [MESSAGE][PASSED] - Call Test Case 'Test Cases/Login' successfully

2024-09-03 16:53:06 - [TEST_STEP][PASSED] - switchToWindowIndex(1): Switched to window with index: '1'

2024-09-03 16:53:06 - [MESSAGE][PASSED] - Switched to window with index: '1'

2024-09-03 16:53:06 - [TEST_STEP][PASSED] - SON.son("huawei", "2G", "Governorate", "2G Neighbors", "", ""): SON.son is PASSED

2024-09-03 16:53:07 - [MESSAGE][PASSED] - Object: 'Object Repository/SON/sonBtn' is clicked on

2024-09-03 16:53:08 - [MESSAGE][PASSED] - Switched to window with index: '2'

2024-09-03 16:53:09 - [MESSAGE][PASSED] - Object: 'Object Repository/PM/Huawei-vendor/Technology/Technology-Arrow' is clicked on

2024-09-03 16:53:09 - [MESSAGE][PASSED] - Object: 'Object Repository/PM/Huawei-vendor/Technology/2G' is clicked on

2024-09-03 16:53:09 - [MESSAGE][PASSED] - Object: 'Object Repository/PM/Huawei-vendor/TopX/TopX Object Type' is clicked on

2024-09-03 16:53:10 - [MESSAGE][PASSED] - Delayed 1 second(s)

2024-09-03 16:53:10 - [MESSAGE][PASSED] - Object: 'Object Repository/PM/Huawei-vendor/Object-Type/TopX Object Types/TopX Governorates/TopX Governorate' is clicked on

2024-09-03 16:53:11 - [MESSAGE][PASSED] - Delayed 1 second(s)

2024-09-03 16:53:12 - [MESSAGE][WARNING] - Timeout '0' is invalid. Using default page load timeout: '120'

2024-09-03 16:53:12 - [MESSAGE][PASSED] - Scroll to object 'Object Repository/PM/Huawei-vendor/Object Border' successfully

2024-09-03 16:53:12 - [MESSAGE][PASSED] - Object: 'Object Repository/PM/Huawei-vendor/Object-Type/TopX Object Types/TopX Governorates/TopX Amman' is clicked on

2024-09-03 16:53:12 - [MESSAGE][PASSED] - Object: 'Object Repository/PM/Huawei-vendor/Object-Type/TopX Object Types/TopX Governorates/TopX Irbid' is clicked on

2024-09-03 16:53:12 - [MESSAGE][PASSED] - Object: 'Object Repository/PM/Huawei-vendor/Object-Type/TopX Object Types/TopX Governorates/TopX Aqaba' is clicked on

2024-09-03 16:53:12 - [MESSAGE][PASSED] - Object: 'Object Repository/PM/Huawei-vendor/Object-Type/TopX Object Types/TopX Governorates/TopX Jerash' is clicked on

2024-09-03 16:53:12 - [MESSAGE][PASSED] - Object: 'Object Repository/PM/Huawei-vendor/Object-Type/TopX Object Types/TopX Governorates/TopX Mafraq' is clicked on

2024-09-03 16:53:13 - [MESSAGE][PASSED] - Object: 'Object Repository/PM/Huawei-vendor/Object-Type/TopX Object Types/TopX Governorates/TopX Zarqa' is clicked on

2024-09-03 16:53:15 - [MESSAGE][PASSED] - Delayed 2 second(s)

2024-09-03 16:53:15 - [MESSAGE][PASSED] - Object: 'Object Repository/SON/SonType/Type-Arrow' is clicked on

2024-09-03 16:53:15 - [MESSAGE][PASSED] - Object: 'Object Repository/PM/Huawei-vendor/Apply-Button' is clicked on

2024-09-03 16:53:33 - [MESSAGE][PASSED] - Web element with id: 'Object Repository/SON/Error' located by 'By.xpath: //div[@class='home-logo']' is not present after '200' second(s)

2024-09-03 16:53:33 - [MESSAGE][PASSED] - SON.son is PASSED]]></system-out>
         <system-err><![CDATA[]]></system-err>
      </testcase>
      <testcase name="Test Cases/SON/Huawei/2G/PLMN/PLMN 2G CoBCCH" time="41.748" classname="Test Cases/SON/Huawei/2G/PLMN/PLMN 2G CoBCCH" status="PASSED">
         <system-out><![CDATA[2024-09-03 16:53:33 - [TEST_CASE][PASSED] - Test Cases/SON/Huawei/2G/PLMN/PLMN 2G CoBCCH: Test Cases/SON/Huawei/2G/PLMN/PLMN 2G CoBCCH

2024-09-03 16:53:33 - [TEST_STEP][PASSED] - callTestCase(findTestCase("Login"), [:], STOP_ON_FAILURE): Call Test Case 'Test Cases/Login' successfully

2024-09-03 16:53:33 - [TEST_CASE][PASSED] - Test Cases/Login: Test Cases/Login

2024-09-03 16:53:33 - [TEST_STEP][PASSED] - driver = general.start(SwagerURL, NetCellURL): general.start is PASSED

2024-09-03 16:53:33 - [MESSAGE][INFO] - >>> chromeDriverPath=C:\Users\FatimaIbeid\.katalon\packages\Katalon_Studio_Windows_64-8.6.9\Katalon_Studio_Windows_64-8.6.9\configuration\resources\drivers\chromedriver_win32\chromedriver.exe

2024-09-03 16:53:34 - [MESSAGE][PASSED] - Current window maximized

2024-09-03 16:53:35 - [MESSAGE][PASSED] - Execute JavaScript 'window.open();' successfully

2024-09-03 16:53:35 - [MESSAGE][PASSED] - Switched to window with index: '1'

2024-09-03 16:53:49 - [MESSAGE][PASSED] - general.start is PASSED

2024-09-03 16:53:49 - [TEST_STEP][PASSED] - click(findTestObject("Object Repository/Login/LoginButton")): Object: 'Object Repository/Login/LoginButton' is clicked on

2024-09-03 16:53:49 - [MESSAGE][PASSED] - Object: 'Object Repository/Login/LoginButton' is clicked on

2024-09-03 16:53:49 - [TEST_STEP][PASSED] - switchToWindowIndex(2): Switched to window with index: '2'

2024-09-03 16:53:50 - [MESSAGE][PASSED] - Switched to window with index: '2'

2024-09-03 16:53:50 - [TEST_STEP][PASSED] - delay(1): Delayed 1 second(s)

2024-09-03 16:53:51 - [MESSAGE][PASSED] - Delayed 1 second(s)

2024-09-03 16:53:51 - [TEST_STEP][PASSED] - sendKeys(findTestObject("Object Repository/Login/EnterEmail"), "homam@zztjg.onmicrosoft.com"): Keys 'homam@zztjg.onmicrosoft.com' sent to object: 'Object Repository/Login/EnterEmail'

2024-09-03 16:53:51 - [MESSAGE][PASSED] - Keys 'homam@zztjg.onmicrosoft.com' sent to object: 'Object Repository/Login/EnterEmail'

2024-09-03 16:53:51 - [TEST_STEP][PASSED] - delay(1): Delayed 1 second(s)

2024-09-03 16:53:52 - [MESSAGE][PASSED] - Delayed 1 second(s)

2024-09-03 16:53:52 - [TEST_STEP][PASSED] - click(findTestObject("Object Repository/Login/NextButton")): Object: 'Object Repository/Login/NextButton' is clicked on

2024-09-03 16:53:52 - [MESSAGE][PASSED] - Object: 'Object Repository/Login/NextButton' is clicked on

2024-09-03 16:53:52 - [TEST_STEP][PASSED] - delay(2): Delayed 2 second(s)

2024-09-03 16:53:54 - [MESSAGE][PASSED] - Delayed 2 second(s)

2024-09-03 16:53:54 - [TEST_STEP][PASSED] - sendKeys(findTestObject("Object Repository/Login/EnterPassword"), "Holder12345"): Keys 'Holder12345' sent to object: 'Object Repository/Login/EnterPassword'

2024-09-03 16:53:54 - [MESSAGE][PASSED] - Keys 'Holder12345' sent to object: 'Object Repository/Login/EnterPassword'

2024-09-03 16:53:54 - [TEST_STEP][PASSED] - delay(1): Delayed 1 second(s)

2024-09-03 16:53:55 - [MESSAGE][PASSED] - Delayed 1 second(s)

2024-09-03 16:53:55 - [TEST_STEP][PASSED] - click(findTestObject("Object Repository/Login/SigninButton")): Object: 'Object Repository/Login/SigninButton' is clicked on

2024-09-03 16:53:56 - [MESSAGE][PASSED] - Object: 'Object Repository/Login/SigninButton' is clicked on

2024-09-03 16:53:56 - [TEST_STEP][PASSED] - delay(1): Delayed 1 second(s)

2024-09-03 16:53:57 - [MESSAGE][PASSED] - Delayed 1 second(s)

2024-09-03 16:53:57 - [TEST_STEP][PASSED] - click(findTestObject("Object Repository/Login/YesStayInButton")): Object: 'Object Repository/Login/YesStayInButton' is clicked on

2024-09-03 16:53:58 - [MESSAGE][PASSED] - Object: 'Object Repository/Login/YesStayInButton' is clicked on

2024-09-03 16:53:58 - [MESSAGE][PASSED] - Call Test Case 'Test Cases/Login' successfully

2024-09-03 16:53:58 - [TEST_STEP][PASSED] - switchToWindowIndex(1): Switched to window with index: '1'

2024-09-03 16:53:58 - [MESSAGE][PASSED] - Switched to window with index: '1'

2024-09-03 16:53:58 - [TEST_STEP][PASSED] - SON.son("huawei", "2G", "PLMN", "2G CoBCCH", "", ""): SON.son is PASSED

2024-09-03 16:53:59 - [MESSAGE][PASSED] - Object: 'Object Repository/SON/sonBtn' is clicked on

2024-09-03 16:54:00 - [MESSAGE][PASSED] - Switched to window with index: '2'

2024-09-03 16:54:00 - [MESSAGE][PASSED] - Object: 'Object Repository/PM/Huawei-vendor/Technology/Technology-Arrow' is clicked on

2024-09-03 16:54:01 - [MESSAGE][PASSED] - Object: 'Object Repository/PM/Huawei-vendor/Technology/2G' is clicked on

2024-09-03 16:54:01 - [MESSAGE][PASSED] - Object: 'Object Repository/PM/Huawei-vendor/TopX/TopX Object Type' is clicked on

2024-09-03 16:54:02 - [MESSAGE][PASSED] - Delayed 1 second(s)

2024-09-03 16:54:02 - [MESSAGE][PASSED] - Object: 'Object Repository/PM/Huawei-vendor/Object-Type/TopX Object Types/TopX PLMNs/TopX PLMN' is clicked on

2024-09-03 16:54:03 - [MESSAGE][PASSED] - Delayed 1 second(s)

2024-09-03 16:54:03 - [MESSAGE][PASSED] - Object: 'Object Repository/PM/Huawei-vendor/Object-Type/TopX Object Types/TopX PLMNs/TopX PLMN checkbox' is clicked on

2024-09-03 16:54:05 - [MESSAGE][PASSED] - Delayed 2 second(s)

2024-09-03 16:54:05 - [MESSAGE][PASSED] - Object: 'Object Repository/SON/SonType/Type-Arrow' is clicked on

2024-09-03 16:54:06 - [MESSAGE][PASSED] - Object: 'Object Repository/PM/Huawei-vendor/Apply-Button' is clicked on

2024-09-03 16:54:14 - [MESSAGE][PASSED] - Web element with id: 'Object Repository/SON/Error' located by 'By.xpath: //div[@class='home-logo']' is not present after '200' second(s)

2024-09-03 16:54:14 - [MESSAGE][PASSED] - SON.son is PASSED]]></system-out>
         <system-err><![CDATA[]]></system-err>
      </testcase>
      <testcase name="Test Cases/SON/Huawei/2G/Region/Region 2G CoBCCH" time="36.02" classname="Test Cases/SON/Huawei/2G/Region/Region 2G CoBCCH" status="PASSED">
         <system-out><![CDATA[2024-09-03 16:54:14 - [TEST_CASE][PASSED] - Test Cases/SON/Huawei/2G/Region/Region 2G CoBCCH: Test Cases/SON/Huawei/2G/Region/Region 2G CoBCCH

2024-09-03 16:54:15 - [TEST_STEP][PASSED] - callTestCase(findTestCase("Login"), [:], STOP_ON_FAILURE): Call Test Case 'Test Cases/Login' successfully

2024-09-03 16:54:15 - [TEST_CASE][PASSED] - Test Cases/Login: Test Cases/Login

2024-09-03 16:54:15 - [TEST_STEP][PASSED] - driver = general.start(SwagerURL, NetCellURL): general.start is PASSED

2024-09-03 16:54:15 - [MESSAGE][INFO] - >>> chromeDriverPath=C:\Users\FatimaIbeid\.katalon\packages\Katalon_Studio_Windows_64-8.6.9\Katalon_Studio_Windows_64-8.6.9\configuration\resources\drivers\chromedriver_win32\chromedriver.exe

2024-09-03 16:54:16 - [MESSAGE][PASSED] - Current window maximized

2024-09-03 16:54:17 - [MESSAGE][PASSED] - Execute JavaScript 'window.open();' successfully

2024-09-03 16:54:17 - [MESSAGE][PASSED] - Switched to window with index: '1'

2024-09-03 16:54:31 - [MESSAGE][PASSED] - general.start is PASSED

2024-09-03 16:54:31 - [TEST_STEP][PASSED] - click(findTestObject("Object Repository/Login/LoginButton")): Object: 'Object Repository/Login/LoginButton' is clicked on

2024-09-03 16:54:31 - [MESSAGE][PASSED] - Object: 'Object Repository/Login/LoginButton' is clicked on

2024-09-03 16:54:31 - [TEST_STEP][PASSED] - switchToWindowIndex(2): Switched to window with index: '2'

2024-09-03 16:54:32 - [MESSAGE][PASSED] - Switched to window with index: '2'

2024-09-03 16:54:32 - [TEST_STEP][PASSED] - delay(1): Delayed 1 second(s)

2024-09-03 16:54:33 - [MESSAGE][PASSED] - Delayed 1 second(s)

2024-09-03 16:54:33 - [TEST_STEP][PASSED] - sendKeys(findTestObject("Object Repository/Login/EnterEmail"), "homam@zztjg.onmicrosoft.com"): Keys 'homam@zztjg.onmicrosoft.com' sent to object: 'Object Repository/Login/EnterEmail'

2024-09-03 16:54:33 - [MESSAGE][PASSED] - Keys 'homam@zztjg.onmicrosoft.com' sent to object: 'Object Repository/Login/EnterEmail'

2024-09-03 16:54:33 - [TEST_STEP][PASSED] - delay(1): Delayed 1 second(s)

2024-09-03 16:54:34 - [MESSAGE][PASSED] - Delayed 1 second(s)

2024-09-03 16:54:34 - [TEST_STEP][PASSED] - click(findTestObject("Object Repository/Login/NextButton")): Object: 'Object Repository/Login/NextButton' is clicked on

2024-09-03 16:54:34 - [MESSAGE][PASSED] - Object: 'Object Repository/Login/NextButton' is clicked on

2024-09-03 16:54:34 - [TEST_STEP][PASSED] - delay(2): Delayed 2 second(s)

2024-09-03 16:54:36 - [MESSAGE][PASSED] - Delayed 2 second(s)

2024-09-03 16:54:36 - [TEST_STEP][PASSED] - sendKeys(findTestObject("Object Repository/Login/EnterPassword"), "Holder12345"): Keys 'Holder12345' sent to object: 'Object Repository/Login/EnterPassword'

2024-09-03 16:54:36 - [MESSAGE][PASSED] - Keys 'Holder12345' sent to object: 'Object Repository/Login/EnterPassword'

2024-09-03 16:54:36 - [TEST_STEP][PASSED] - delay(1): Delayed 1 second(s)

2024-09-03 16:54:37 - [MESSAGE][PASSED] - Delayed 1 second(s)

2024-09-03 16:54:37 - [TEST_STEP][PASSED] - click(findTestObject("Object Repository/Login/SigninButton")): Object: 'Object Repository/Login/SigninButton' is clicked on

2024-09-03 16:54:38 - [MESSAGE][PASSED] - Object: 'Object Repository/Login/SigninButton' is clicked on

2024-09-03 16:54:38 - [TEST_STEP][PASSED] - delay(1): Delayed 1 second(s)

2024-09-03 16:54:39 - [MESSAGE][PASSED] - Delayed 1 second(s)

2024-09-03 16:54:39 - [TEST_STEP][PASSED] - click(findTestObject("Object Repository/Login/YesStayInButton")): Object: 'Object Repository/Login/YesStayInButton' is clicked on

2024-09-03 16:54:39 - [MESSAGE][PASSED] - Object: 'Object Repository/Login/YesStayInButton' is clicked on

2024-09-03 16:54:39 - [MESSAGE][PASSED] - Call Test Case 'Test Cases/Login' successfully

2024-09-03 16:54:39 - [TEST_STEP][PASSED] - switchToWindowIndex(1): Switched to window with index: '1'

2024-09-03 16:54:39 - [MESSAGE][PASSED] - Switched to window with index: '1'

2024-09-03 16:54:39 - [TEST_STEP][PASSED] - SON.son("huawei", "2G", "Region", "2G CoBCCH", "", ""): SON.son is PASSED

2024-09-03 16:54:41 - [MESSAGE][PASSED] - Object: 'Object Repository/SON/sonBtn' is clicked on

2024-09-03 16:54:41 - [MESSAGE][PASSED] - Switched to window with index: '2'

2024-09-03 16:54:42 - [MESSAGE][PASSED] - Object: 'Object Repository/PM/Huawei-vendor/Technology/Technology-Arrow' is clicked on

2024-09-03 16:54:42 - [MESSAGE][PASSED] - Object: 'Object Repository/PM/Huawei-vendor/Technology/2G' is clicked on

2024-09-03 16:54:42 - [MESSAGE][PASSED] - Object: 'Object Repository/PM/Huawei-vendor/TopX/TopX Object Type' is clicked on

2024-09-03 16:54:43 - [MESSAGE][PASSED] - Delayed 1 second(s)

2024-09-03 16:54:43 - [MESSAGE][PASSED] - Object: 'Object Repository/PM/Huawei-vendor/Object-Type/TopX Object Types/TopX Regions/TopX Region' is clicked on

2024-09-03 16:54:44 - [MESSAGE][PASSED] - Delayed 1 second(s)

2024-09-03 16:54:44 - [MESSAGE][WARNING] - Timeout '0' is invalid. Using default page load timeout: '120'

2024-09-03 16:54:44 - [MESSAGE][PASSED] - Scroll to object 'Object Repository/PM/Huawei-vendor/Object Border' successfully

2024-09-03 16:54:44 - [MESSAGE][PASSED] - Object: 'Object Repository/PM/Huawei-vendor/Object-Type/TopX Object Types/TopX Regions/TopX Region East Amman' is clicked on

2024-09-03 16:54:45 - [MESSAGE][PASSED] - Object: 'Object Repository/PM/Huawei-vendor/Object-Type/TopX Object Types/TopX Regions/TopX Region West Amman' is clicked on

2024-09-03 16:54:45 - [MESSAGE][PASSED] - Object: 'Object Repository/PM/Huawei-vendor/Object-Type/TopX Object Types/TopX Regions/TopX Region South Amman' is clicked on

2024-09-03 16:54:45 - [MESSAGE][PASSED] - Object: 'Object Repository/PM/Huawei-vendor/Object-Type/TopX Object Types/TopX Regions/TopX Region South Jordan' is clicked on

2024-09-03 16:54:45 - [MESSAGE][PASSED] - Object: 'Object Repository/PM/Huawei-vendor/Object-Type/TopX Object Types/TopX Regions/TopX Region North Jordan' is clicked on

2024-09-03 16:54:45 - [MESSAGE][PASSED] - Object: 'Object Repository/PM/Huawei-vendor/Object-Type/TopX Object Types/TopX Regions/TopX Region East Jordan' is clicked on

2024-09-03 16:54:45 - [MESSAGE][PASSED] - Object: 'Object Repository/PM/Huawei-vendor/Object-Type/TopX Object Types/TopX Regions/TopX Region Others' is clicked on

2024-09-03 16:54:47 - [MESSAGE][PASSED] - Delayed 2 second(s)

2024-09-03 16:54:47 - [MESSAGE][PASSED] - Object: 'Object Repository/SON/SonType/Type-Arrow' is clicked on

2024-09-03 16:54:48 - [MESSAGE][PASSED] - Object: 'Object Repository/PM/Huawei-vendor/Apply-Button' is clicked on

2024-09-03 16:54:50 - [MESSAGE][PASSED] - Web element with id: 'Object Repository/SON/Error' located by 'By.xpath: //div[@class='home-logo']' is not present after '200' second(s)

2024-09-03 16:54:50 - [MESSAGE][PASSED] - SON.son is PASSED]]></system-out>
         <system-err><![CDATA[]]></system-err>
      </testcase>
      <testcase name="Test Cases/SON/Huawei/2G/Site/Site 2G CoBCCH" time="150.335" classname="Test Cases/SON/Huawei/2G/Site/Site 2G CoBCCH" status="FAILED">
         <failure type="FAILED" message="Test Cases/SON/Huawei/2G/Site/Site 2G CoBCCH FAILED.
Reason:
com.kms.katalon.core.exception.StepFailedException: Unable to click on object 'Object Repository/SON/ObjectType/East Amman site1'
	at com.kms.katalon.core.webui.keyword.internal.WebUIKeywordMain.stepFailed(WebUIKeywordMain.groovy:64)
	at com.kms.katalon.core.webui.keyword.internal.WebUIKeywordMain.runKeyword(WebUIKeywordMain.groovy:26)
	at com.kms.katalon.core.webui.keyword.builtin.ClickKeyword.click(ClickKeyword.groovy:74)
	at com.kms.katalon.core.webui.keyword.builtin.ClickKeyword.execute(ClickKeyword.groovy:40)
	at com.kms.katalon.core.keyword.internal.KeywordExecutor.executeKeywordForPlatform(KeywordExecutor.groovy:74)
	at com.kms.katalon.core.webui.keyword.WebUiBuiltInKeywords.click(WebUiBuiltInKeywords.groovy:620)
	at com.kms.katalon.core.webui.keyword.WebUiBuiltInKeywords$click$2.call(Unknown Source)
	at SON.selectObjectType(SON.groovy:146)
	at SON.son(SON.groovy:73)
	at SON.invokeMethod(SON.groovy)
	at com.kms.katalon.core.main.CustomKeywordDelegatingMetaClass.invokeStaticMethod(CustomKeywordDelegatingMetaClass.java:55)
	at Site 2G CoBCCH.run(Site 2G CoBCCH:42)
	at com.kms.katalon.core.main.ScriptEngine.run(ScriptEngine.java:194)
	at com.kms.katalon.core.main.ScriptEngine.runScriptAsRawText(ScriptEngine.java:119)
	at com.kms.katalon.core.main.TestCaseExecutor.runScript(TestCaseExecutor.java:448)
	at com.kms.katalon.core.main.TestCaseExecutor.doExecute(TestCaseExecutor.java:439)
	at com.kms.katalon.core.main.TestCaseExecutor.processExecutionPhase(TestCaseExecutor.java:418)
	at com.kms.katalon.core.main.TestCaseExecutor.accessMainPhase(TestCaseExecutor.java:410)
	at com.kms.katalon.core.main.TestCaseExecutor.execute(TestCaseExecutor.java:285)
	at com.kms.katalon.core.common.CommonExecutor.accessTestCaseMainPhase(CommonExecutor.java:65)
	at com.kms.katalon.core.main.TestSuiteExecutor.accessTestSuiteMainPhase(TestSuiteExecutor.java:148)
	at com.kms.katalon.core.main.TestSuiteExecutor.execute(TestSuiteExecutor.java:106)
	at com.kms.katalon.core.main.TestCaseMain.startTestSuite(TestCaseMain.java:187)
	at com.kms.katalon.core.main.TestCaseMain$startTestSuite$0.call(Unknown Source)
	at TempTestSuite1725371051772.run(TempTestSuite1725371051772.groovy:35)
Caused by: com.kms.katalon.core.webui.exception.WebElementNotFoundException: Web element with id: 'Object Repository/SON/ObjectType/East Amman site1' located by '//span[contains(text(),'301-ULT_King_Hussein_St_PD_Fiber_Manage')]' not found
	at com.kms.katalon.core.webui.common.WebUiCommonHelper.findWebElement(WebUiCommonHelper.java:1381)
	at com.kms.katalon.core.webui.keyword.internal.WebUIAbstractKeyword.findWebElement(WebUIAbstractKeyword.groovy:27)
	at com.kms.katalon.core.webui.keyword.builtin.ClickKeyword$_click_closure1.doCall(ClickKeyword.groovy:65)
	at com.kms.katalon.core.webui.keyword.builtin.ClickKeyword$_click_closure1.call(ClickKeyword.groovy)
	at com.kms.katalon.core.webui.keyword.internal.WebUIKeywordMain.runKeyword(WebUIKeywordMain.groovy:20)
	... 23 more
"/>
         <system-out><![CDATA[2024-09-03 16:54:50 - [TEST_CASE][FAILED] - Test Cases/SON/Huawei/2G/Site/Site 2G CoBCCH: Test Cases/SON/Huawei/2G/Site/Site 2G CoBCCH FAILED.
Reason:
com.kms.katalon.core.exception.StepFailedException: Unable to click on object 'Object Repository/SON/ObjectType/East Amman site1'
	at com.kms.katalon.core.webui.keyword.internal.WebUIKeywordMain.stepFailed(WebUIKeywordMain.groovy:64)
	at com.kms.katalon.core.webui.keyword.internal.WebUIKeywordMain.runKeyword(WebUIKeywordMain.groovy:26)
	at com.kms.katalon.core.webui.keyword.builtin.ClickKeyword.click(ClickKeyword.groovy:74)
	at com.kms.katalon.core.webui.keyword.builtin.ClickKeyword.execute(ClickKeyword.groovy:40)
	at com.kms.katalon.core.keyword.internal.KeywordExecutor.executeKeywordForPlatform(KeywordExecutor.groovy:74)
	at com.kms.katalon.core.webui.keyword.WebUiBuiltInKeywords.click(WebUiBuiltInKeywords.groovy:620)
	at com.kms.katalon.core.webui.keyword.WebUiBuiltInKeywords$click$2.call(Unknown Source)
	at SON.selectObjectType(SON.groovy:146)
	at SON.son(SON.groovy:73)
	at SON.invokeMethod(SON.groovy)
	at com.kms.katalon.core.main.CustomKeywordDelegatingMetaClass.invokeStaticMethod(CustomKeywordDelegatingMetaClass.java:55)
	at Site 2G CoBCCH.run(Site 2G CoBCCH:42)
	at com.kms.katalon.core.main.ScriptEngine.run(ScriptEngine.java:194)
	at com.kms.katalon.core.main.ScriptEngine.runScriptAsRawText(ScriptEngine.java:119)
	at com.kms.katalon.core.main.TestCaseExecutor.runScript(TestCaseExecutor.java:448)
	at com.kms.katalon.core.main.TestCaseExecutor.doExecute(TestCaseExecutor.java:439)
	at com.kms.katalon.core.main.TestCaseExecutor.processExecutionPhase(TestCaseExecutor.java:418)
	at com.kms.katalon.core.main.TestCaseExecutor.accessMainPhase(TestCaseExecutor.java:410)
	at com.kms.katalon.core.main.TestCaseExecutor.execute(TestCaseExecutor.java:285)
	at com.kms.katalon.core.common.CommonExecutor.accessTestCaseMainPhase(CommonExecutor.java:65)
	at com.kms.katalon.core.main.TestSuiteExecutor.accessTestSuiteMainPhase(TestSuiteExecutor.java:148)
	at com.kms.katalon.core.main.TestSuiteExecutor.execute(TestSuiteExecutor.java:106)
	at com.kms.katalon.core.main.TestCaseMain.startTestSuite(TestCaseMain.java:187)
	at com.kms.katalon.core.main.TestCaseMain$startTestSuite$0.call(Unknown Source)
	at TempTestSuite1725371051772.run(TempTestSuite1725371051772.groovy:35)
Caused by: com.kms.katalon.core.webui.exception.WebElementNotFoundException: Web element with id: 'Object Repository/SON/ObjectType/East Amman site1' located by '//span[contains(text(),'301-ULT_King_Hussein_St_PD_Fiber_Manage')]' not found
	at com.kms.katalon.core.webui.common.WebUiCommonHelper.findWebElement(WebUiCommonHelper.java:1381)
	at com.kms.katalon.core.webui.keyword.internal.WebUIAbstractKeyword.findWebElement(WebUIAbstractKeyword.groovy:27)
	at com.kms.katalon.core.webui.keyword.builtin.ClickKeyword$_click_closure1.doCall(ClickKeyword.groovy:65)
	at com.kms.katalon.core.webui.keyword.builtin.ClickKeyword$_click_closure1.call(ClickKeyword.groovy)
	at com.kms.katalon.core.webui.keyword.internal.WebUIKeywordMain.runKeyword(WebUIKeywordMain.groovy:20)
	... 23 more


2024-09-03 16:54:51 - [TEST_STEP][PASSED] - callTestCase(findTestCase("Login"), [:], STOP_ON_FAILURE): Call Test Case 'Test Cases/Login' successfully

2024-09-03 16:54:51 - [TEST_CASE][PASSED] - Test Cases/Login: Test Cases/Login

2024-09-03 16:54:51 - [TEST_STEP][PASSED] - driver = general.start(SwagerURL, NetCellURL): general.start is PASSED

2024-09-03 16:54:51 - [MESSAGE][INFO] - >>> chromeDriverPath=C:\Users\FatimaIbeid\.katalon\packages\Katalon_Studio_Windows_64-8.6.9\Katalon_Studio_Windows_64-8.6.9\configuration\resources\drivers\chromedriver_win32\chromedriver.exe

2024-09-03 16:54:52 - [MESSAGE][PASSED] - Current window maximized

2024-09-03 16:54:53 - [MESSAGE][PASSED] - Execute JavaScript 'window.open();' successfully

2024-09-03 16:54:53 - [MESSAGE][PASSED] - Switched to window with index: '1'

2024-09-03 16:55:07 - [MESSAGE][PASSED] - general.start is PASSED

2024-09-03 16:55:07 - [TEST_STEP][PASSED] - click(findTestObject("Object Repository/Login/LoginButton")): Object: 'Object Repository/Login/LoginButton' is clicked on

2024-09-03 16:55:07 - [MESSAGE][PASSED] - Object: 'Object Repository/Login/LoginButton' is clicked on

2024-09-03 16:55:07 - [TEST_STEP][PASSED] - switchToWindowIndex(2): Switched to window with index: '2'

2024-09-03 16:55:08 - [MESSAGE][PASSED] - Switched to window with index: '2'

2024-09-03 16:55:08 - [TEST_STEP][PASSED] - delay(1): Delayed 1 second(s)

2024-09-03 16:55:09 - [MESSAGE][PASSED] - Delayed 1 second(s)

2024-09-03 16:55:09 - [TEST_STEP][PASSED] - sendKeys(findTestObject("Object Repository/Login/EnterEmail"), "homam@zztjg.onmicrosoft.com"): Keys 'homam@zztjg.onmicrosoft.com' sent to object: 'Object Repository/Login/EnterEmail'

2024-09-03 16:55:09 - [MESSAGE][PASSED] - Keys 'homam@zztjg.onmicrosoft.com' sent to object: 'Object Repository/Login/EnterEmail'

2024-09-03 16:55:09 - [TEST_STEP][PASSED] - delay(1): Delayed 1 second(s)

2024-09-03 16:55:10 - [MESSAGE][PASSED] - Delayed 1 second(s)

2024-09-03 16:55:10 - [TEST_STEP][PASSED] - click(findTestObject("Object Repository/Login/NextButton")): Object: 'Object Repository/Login/NextButton' is clicked on

2024-09-03 16:55:10 - [MESSAGE][PASSED] - Object: 'Object Repository/Login/NextButton' is clicked on

2024-09-03 16:55:10 - [TEST_STEP][PASSED] - delay(2): Delayed 2 second(s)

2024-09-03 16:55:12 - [MESSAGE][PASSED] - Delayed 2 second(s)

2024-09-03 16:55:12 - [TEST_STEP][PASSED] - sendKeys(findTestObject("Object Repository/Login/EnterPassword"), "Holder12345"): Keys 'Holder12345' sent to object: 'Object Repository/Login/EnterPassword'

2024-09-03 16:55:13 - [MESSAGE][PASSED] - Keys 'Holder12345' sent to object: 'Object Repository/Login/EnterPassword'

2024-09-03 16:55:13 - [TEST_STEP][PASSED] - delay(1): Delayed 1 second(s)

2024-09-03 16:55:14 - [MESSAGE][PASSED] - Delayed 1 second(s)

2024-09-03 16:55:14 - [TEST_STEP][PASSED] - click(findTestObject("Object Repository/Login/SigninButton")): Object: 'Object Repository/Login/SigninButton' is clicked on

2024-09-03 16:55:14 - [MESSAGE][PASSED] - Object: 'Object Repository/Login/SigninButton' is clicked on

2024-09-03 16:55:14 - [TEST_STEP][PASSED] - delay(1): Delayed 1 second(s)

2024-09-03 16:55:15 - [MESSAGE][PASSED] - Delayed 1 second(s)

2024-09-03 16:55:15 - [TEST_STEP][PASSED] - click(findTestObject("Object Repository/Login/YesStayInButton")): Object: 'Object Repository/Login/YesStayInButton' is clicked on

2024-09-03 16:55:15 - [MESSAGE][PASSED] - Object: 'Object Repository/Login/YesStayInButton' is clicked on

2024-09-03 16:55:15 - [MESSAGE][PASSED] - Call Test Case 'Test Cases/Login' successfully

2024-09-03 16:55:15 - [TEST_STEP][PASSED] - switchToWindowIndex(1): Switched to window with index: '1'

2024-09-03 16:55:15 - [MESSAGE][PASSED] - Switched to window with index: '1'

2024-09-03 16:55:15 - [TEST_STEP][FAILED] - SON.son("huawei", "2G", "Site", "2G CoBCCH", "", ""): Unable to click on object 'Object Repository/SON/ObjectType/East Amman site1'

2024-09-03 16:55:16 - [MESSAGE][PASSED] - Object: 'Object Repository/SON/sonBtn' is clicked on

2024-09-03 16:55:17 - [MESSAGE][PASSED] - Switched to window with index: '2'

2024-09-03 16:55:17 - [MESSAGE][PASSED] - Object: 'Object Repository/PM/Huawei-vendor/Technology/Technology-Arrow' is clicked on

2024-09-03 16:55:17 - [MESSAGE][PASSED] - Object: 'Object Repository/PM/Huawei-vendor/Technology/2G' is clicked on

2024-09-03 16:55:17 - [MESSAGE][PASSED] - Object: 'Object Repository/PM/Huawei-vendor/TopX/TopX Object Type' is clicked on

2024-09-03 16:55:18 - [MESSAGE][PASSED] - Delayed 1 second(s)

2024-09-03 16:55:18 - [MESSAGE][PASSED] - Object: 'Object Repository/PM/Huawei-vendor/Object-Type/TopX Object Types/TopX Sites/TopX Site' is clicked on

2024-09-03 16:55:19 - [MESSAGE][PASSED] - Delayed 1 second(s)

2024-09-03 16:55:19 - [MESSAGE][WARNING] - Timeout '0' is invalid. Using default page load timeout: '120'

2024-09-03 16:55:19 - [MESSAGE][PASSED] - Scroll to object 'Object Repository/PM/Huawei-vendor/Object Border' successfully

2024-09-03 16:55:20 - [MESSAGE][PASSED] - Object: 'Object Repository/PM/Huawei-vendor/Object-Type/TopX Object Types/TopX Sites/TopX East Amman Arrow' is clicked on

2024-09-03 16:57:21 - [MESSAGE][INFO] - Unable to find the element located by 'By.xpath: //span[contains(text(),'301-ULT_King_Hussein_St_PD_Fiber_Manage')]'. Please recheck the objects properties to make sure the desired element is located. 

2024-09-03 16:57:21 - [MESSAGE][FAILED] - Unable to click on object 'Object Repository/SON/ObjectType/East Amman site1' (Root cause: com.kms.katalon.core.exception.StepFailedException: Unable to click on object 'Object Repository/SON/ObjectType/East Amman site1'
	at com.kms.katalon.core.webui.keyword.internal.WebUIKeywordMain.stepFailed(WebUIKeywordMain.groovy:64)
	at com.kms.katalon.core.webui.keyword.internal.WebUIKeywordMain.runKeyword(WebUIKeywordMain.groovy:26)
	at com.kms.katalon.core.webui.keyword.builtin.ClickKeyword.click(ClickKeyword.groovy:74)
	at com.kms.katalon.core.webui.keyword.builtin.ClickKeyword.execute(ClickKeyword.groovy:40)
	at com.kms.katalon.core.keyword.internal.KeywordExecutor.executeKeywordForPlatform(KeywordExecutor.groovy:74)
	at com.kms.katalon.core.webui.keyword.WebUiBuiltInKeywords.click(WebUiBuiltInKeywords.groovy:620)
	at com.kms.katalon.core.webui.keyword.WebUiBuiltInKeywords$click$2.call(Unknown Source)
	at SON.selectObjectType(SON.groovy:146)
	at SON.son(SON.groovy:73)
	at SON.invokeMethod(SON.groovy)
	at com.kms.katalon.core.main.CustomKeywordDelegatingMetaClass.invokeStaticMethod(CustomKeywordDelegatingMetaClass.java:55)
	at Site 2G CoBCCH.run(Site 2G CoBCCH:42)
	at com.kms.katalon.core.main.ScriptEngine.run(ScriptEngine.java:194)
	at com.kms.katalon.core.main.ScriptEngine.runScriptAsRawText(ScriptEngine.java:119)
	at com.kms.katalon.core.main.TestCaseExecutor.runScript(TestCaseExecutor.java:448)
	at com.kms.katalon.core.main.TestCaseExecutor.doExecute(TestCaseExecutor.java:439)
	at com.kms.katalon.core.main.TestCaseExecutor.processExecutionPhase(TestCaseExecutor.java:418)
	at com.kms.katalon.core.main.TestCaseExecutor.accessMainPhase(TestCaseExecutor.java:410)
	at com.kms.katalon.core.main.TestCaseExecutor.execute(TestCaseExecutor.java:285)
	at com.kms.katalon.core.common.CommonExecutor.accessTestCaseMainPhase(CommonExecutor.java:65)
	at com.kms.katalon.core.main.TestSuiteExecutor.accessTestSuiteMainPhase(TestSuiteExecutor.java:148)
	at com.kms.katalon.core.main.TestSuiteExecutor.execute(TestSuiteExecutor.java:106)
	at com.kms.katalon.core.main.TestCaseMain.startTestSuite(TestCaseMain.java:187)
	at com.kms.katalon.core.main.TestCaseMain$startTestSuite$0.call(Unknown Source)
	at TempTestSuite1725371051772.run(TempTestSuite1725371051772.groovy:35)
Caused by: com.kms.katalon.core.webui.exception.WebElementNotFoundException: Web element with id: 'Object Repository/SON/ObjectType/East Amman site1' located by '//span[contains(text(),'301-ULT_King_Hussein_St_PD_Fiber_Manage')]' not found
	at com.kms.katalon.core.webui.common.WebUiCommonHelper.findWebElement(WebUiCommonHelper.java:1381)
	at com.kms.katalon.core.webui.keyword.internal.WebUIAbstractKeyword.findWebElement(WebUIAbstractKeyword.groovy:27)
	at com.kms.katalon.core.webui.keyword.builtin.ClickKeyword$_click_closure1.doCall(ClickKeyword.groovy:65)
	at com.kms.katalon.core.webui.keyword.builtin.ClickKeyword$_click_closure1.call(ClickKeyword.groovy)
	at com.kms.katalon.core.webui.keyword.internal.WebUIKeywordMain.runKeyword(WebUIKeywordMain.groovy:20)
	at com.kms.katalon.core.webui.keyword.builtin.ClickKeyword.click(ClickKeyword.groovy:74)
	at com.kms.katalon.core.webui.keyword.builtin.ClickKeyword.execute(ClickKeyword.groovy:40)
	at com.kms.katalon.core.keyword.internal.KeywordExecutor.executeKeywordForPlatform(KeywordExecutor.groovy:74)
	at com.kms.katalon.core.webui.keyword.WebUiBuiltInKeywords.click(WebUiBuiltInKeywords.groovy:620)
	at com.kms.katalon.core.webui.keyword.WebUiBuiltInKeywords$click$2.call(Unknown Source)
	at SON.selectObjectType(SON.groovy:146)
	at SON.son(SON.groovy:73)
	at SON.invokeMethod(SON.groovy)
	at com.kms.katalon.core.main.CustomKeywordDelegatingMetaClass.invokeStaticMethod(CustomKeywordDelegatingMetaClass.java:55)
	at Script1723560496829.run(Script1723560496829.groovy:42)
	... 13 more
)
[[ATTACHMENT|C:\\Users\\FatimaIbeid\\git\\NetCell\\Reports\\20240903_164410\\SON\\Hwauei\\2G\\2G Regression\\20240903_164411\\1725371841113.png]]

2024-09-03 16:57:21 - [MESSAGE][FAILED] - Unable to click on object 'Object Repository/SON/ObjectType/East Amman site1']]></system-out>
         <system-err><![CDATA[2024-09-03 16:54:50 - [TEST_CASE][FAILED] - Test Cases/SON/Huawei/2G/Site/Site 2G CoBCCH: Test Cases/SON/Huawei/2G/Site/Site 2G CoBCCH FAILED.
Reason:
com.kms.katalon.core.exception.StepFailedException: Unable to click on object 'Object Repository/SON/ObjectType/East Amman site1'
	at com.kms.katalon.core.webui.keyword.internal.WebUIKeywordMain.stepFailed(WebUIKeywordMain.groovy:64)
	at com.kms.katalon.core.webui.keyword.internal.WebUIKeywordMain.runKeyword(WebUIKeywordMain.groovy:26)
	at com.kms.katalon.core.webui.keyword.builtin.ClickKeyword.click(ClickKeyword.groovy:74)
	at com.kms.katalon.core.webui.keyword.builtin.ClickKeyword.execute(ClickKeyword.groovy:40)
	at com.kms.katalon.core.keyword.internal.KeywordExecutor.executeKeywordForPlatform(KeywordExecutor.groovy:74)
	at com.kms.katalon.core.webui.keyword.WebUiBuiltInKeywords.click(WebUiBuiltInKeywords.groovy:620)
	at com.kms.katalon.core.webui.keyword.WebUiBuiltInKeywords$click$2.call(Unknown Source)
	at SON.selectObjectType(SON.groovy:146)
	at SON.son(SON.groovy:73)
	at SON.invokeMethod(SON.groovy)
	at com.kms.katalon.core.main.CustomKeywordDelegatingMetaClass.invokeStaticMethod(CustomKeywordDelegatingMetaClass.java:55)
	at Site 2G CoBCCH.run(Site 2G CoBCCH:42)
	at com.kms.katalon.core.main.ScriptEngine.run(ScriptEngine.java:194)
	at com.kms.katalon.core.main.ScriptEngine.runScriptAsRawText(ScriptEngine.java:119)
	at com.kms.katalon.core.main.TestCaseExecutor.runScript(TestCaseExecutor.java:448)
	at com.kms.katalon.core.main.TestCaseExecutor.doExecute(TestCaseExecutor.java:439)
	at com.kms.katalon.core.main.TestCaseExecutor.processExecutionPhase(TestCaseExecutor.java:418)
	at com.kms.katalon.core.main.TestCaseExecutor.accessMainPhase(TestCaseExecutor.java:410)
	at com.kms.katalon.core.main.TestCaseExecutor.execute(TestCaseExecutor.java:285)
	at com.kms.katalon.core.common.CommonExecutor.accessTestCaseMainPhase(CommonExecutor.java:65)
	at com.kms.katalon.core.main.TestSuiteExecutor.accessTestSuiteMainPhase(TestSuiteExecutor.java:148)
	at com.kms.katalon.core.main.TestSuiteExecutor.execute(TestSuiteExecutor.java:106)
	at com.kms.katalon.core.main.TestCaseMain.startTestSuite(TestCaseMain.java:187)
	at com.kms.katalon.core.main.TestCaseMain$startTestSuite$0.call(Unknown Source)
	at TempTestSuite1725371051772.run(TempTestSuite1725371051772.groovy:35)
Caused by: com.kms.katalon.core.webui.exception.WebElementNotFoundException: Web element with id: 'Object Repository/SON/ObjectType/East Amman site1' located by '//span[contains(text(),'301-ULT_King_Hussein_St_PD_Fiber_Manage')]' not found
	at com.kms.katalon.core.webui.common.WebUiCommonHelper.findWebElement(WebUiCommonHelper.java:1381)
	at com.kms.katalon.core.webui.keyword.internal.WebUIAbstractKeyword.findWebElement(WebUIAbstractKeyword.groovy:27)
	at com.kms.katalon.core.webui.keyword.builtin.ClickKeyword$_click_closure1.doCall(ClickKeyword.groovy:65)
	at com.kms.katalon.core.webui.keyword.builtin.ClickKeyword$_click_closure1.call(ClickKeyword.groovy)
	at com.kms.katalon.core.webui.keyword.internal.WebUIKeywordMain.runKeyword(WebUIKeywordMain.groovy:20)
	... 23 more]]></system-err>
      </testcase>
      <testcase name="Test Cases/SON/Huawei/2G/Cell/Cell 2G CoBCCH" time="45.028" classname="Test Cases/SON/Huawei/2G/Cell/Cell 2G CoBCCH" status="PASSED">
         <system-out><![CDATA[2024-09-03 16:57:21 - [TEST_CASE][PASSED] - Test Cases/SON/Huawei/2G/Cell/Cell 2G CoBCCH: Test Cases/SON/Huawei/2G/Cell/Cell 2G CoBCCH

2024-09-03 16:57:21 - [TEST_STEP][PASSED] - callTestCase(findTestCase("Login"), [:], STOP_ON_FAILURE): Call Test Case 'Test Cases/Login' successfully

2024-09-03 16:57:21 - [TEST_CASE][PASSED] - Test Cases/Login: Test Cases/Login

2024-09-03 16:57:21 - [TEST_STEP][PASSED] - driver = general.start(SwagerURL, NetCellURL): general.start is PASSED

2024-09-03 16:57:21 - [MESSAGE][INFO] - >>> chromeDriverPath=C:\Users\FatimaIbeid\.katalon\packages\Katalon_Studio_Windows_64-8.6.9\Katalon_Studio_Windows_64-8.6.9\configuration\resources\drivers\chromedriver_win32\chromedriver.exe

2024-09-03 16:57:22 - [MESSAGE][PASSED] - Current window maximized

2024-09-03 16:57:23 - [MESSAGE][PASSED] - Execute JavaScript 'window.open();' successfully

2024-09-03 16:57:23 - [MESSAGE][PASSED] - Switched to window with index: '1'

2024-09-03 16:57:37 - [MESSAGE][PASSED] - general.start is PASSED

2024-09-03 16:57:37 - [TEST_STEP][PASSED] - click(findTestObject("Object Repository/Login/LoginButton")): Object: 'Object Repository/Login/LoginButton' is clicked on

2024-09-03 16:57:37 - [MESSAGE][PASSED] - Object: 'Object Repository/Login/LoginButton' is clicked on

2024-09-03 16:57:37 - [TEST_STEP][PASSED] - switchToWindowIndex(2): Switched to window with index: '2'

2024-09-03 16:57:37 - [MESSAGE][PASSED] - Switched to window with index: '2'

2024-09-03 16:57:37 - [TEST_STEP][PASSED] - delay(1): Delayed 1 second(s)

2024-09-03 16:57:38 - [MESSAGE][PASSED] - Delayed 1 second(s)

2024-09-03 16:57:38 - [TEST_STEP][PASSED] - sendKeys(findTestObject("Object Repository/Login/EnterEmail"), "homam@zztjg.onmicrosoft.com"): Keys 'homam@zztjg.onmicrosoft.com' sent to object: 'Object Repository/Login/EnterEmail'

2024-09-03 16:57:39 - [MESSAGE][PASSED] - Keys 'homam@zztjg.onmicrosoft.com' sent to object: 'Object Repository/Login/EnterEmail'

2024-09-03 16:57:39 - [TEST_STEP][PASSED] - delay(1): Delayed 1 second(s)

2024-09-03 16:57:40 - [MESSAGE][PASSED] - Delayed 1 second(s)

2024-09-03 16:57:40 - [TEST_STEP][PASSED] - click(findTestObject("Object Repository/Login/NextButton")): Object: 'Object Repository/Login/NextButton' is clicked on

2024-09-03 16:57:41 - [MESSAGE][PASSED] - Object: 'Object Repository/Login/NextButton' is clicked on

2024-09-03 16:57:41 - [TEST_STEP][PASSED] - delay(2): Delayed 2 second(s)

2024-09-03 16:57:43 - [MESSAGE][PASSED] - Delayed 2 second(s)

2024-09-03 16:57:43 - [TEST_STEP][PASSED] - sendKeys(findTestObject("Object Repository/Login/EnterPassword"), "Holder12345"): Keys 'Holder12345' sent to object: 'Object Repository/Login/EnterPassword'

2024-09-03 16:57:43 - [MESSAGE][PASSED] - Keys 'Holder12345' sent to object: 'Object Repository/Login/EnterPassword'

2024-09-03 16:57:43 - [TEST_STEP][PASSED] - delay(1): Delayed 1 second(s)

2024-09-03 16:57:44 - [MESSAGE][PASSED] - Delayed 1 second(s)

2024-09-03 16:57:44 - [TEST_STEP][PASSED] - click(findTestObject("Object Repository/Login/SigninButton")): Object: 'Object Repository/Login/SigninButton' is clicked on

2024-09-03 16:57:44 - [MESSAGE][PASSED] - Object: 'Object Repository/Login/SigninButton' is clicked on

2024-09-03 16:57:44 - [TEST_STEP][PASSED] - delay(1): Delayed 1 second(s)

2024-09-03 16:57:45 - [MESSAGE][PASSED] - Delayed 1 second(s)

2024-09-03 16:57:45 - [TEST_STEP][PASSED] - click(findTestObject("Object Repository/Login/YesStayInButton")): Object: 'Object Repository/Login/YesStayInButton' is clicked on

2024-09-03 16:57:46 - [MESSAGE][PASSED] - Object: 'Object Repository/Login/YesStayInButton' is clicked on

2024-09-03 16:57:46 - [MESSAGE][PASSED] - Call Test Case 'Test Cases/Login' successfully

2024-09-03 16:57:46 - [TEST_STEP][PASSED] - switchToWindowIndex(1): Switched to window with index: '1'

2024-09-03 16:57:46 - [MESSAGE][PASSED] - Switched to window with index: '1'

2024-09-03 16:57:46 - [TEST_STEP][PASSED] - SON.son("huawei", "2G", "Cell", "2G CoBCCH", "", ""): SON.son is PASSED

2024-09-03 16:57:47 - [MESSAGE][PASSED] - Object: 'Object Repository/SON/sonBtn' is clicked on

2024-09-03 16:57:47 - [MESSAGE][PASSED] - Switched to window with index: '2'

2024-09-03 16:57:48 - [MESSAGE][PASSED] - Object: 'Object Repository/PM/Huawei-vendor/Technology/Technology-Arrow' is clicked on

2024-09-03 16:57:48 - [MESSAGE][PASSED] - Object: 'Object Repository/PM/Huawei-vendor/Technology/2G' is clicked on

2024-09-03 16:57:48 - [MESSAGE][PASSED] - Object: 'Object Repository/PM/Huawei-vendor/TopX/TopX Object Type' is clicked on

2024-09-03 16:57:49 - [MESSAGE][PASSED] - Delayed 1 second(s)

2024-09-03 16:57:49 - [MESSAGE][PASSED] - Object: 'Object Repository/PM/Huawei-vendor/Object-Type/TopX Object Types/TopX Cells/TopX Cell' is clicked on

2024-09-03 16:57:50 - [MESSAGE][PASSED] - Delayed 1 second(s)

2024-09-03 16:57:50 - [MESSAGE][WARNING] - Timeout '0' is invalid. Using default page load timeout: '120'

2024-09-03 16:57:50 - [MESSAGE][PASSED] - Scroll to object 'Object Repository/PM/Huawei-vendor/Object Border' successfully

2024-09-03 16:57:50 - [MESSAGE][PASSED] - Object: 'Object Repository/PM/Huawei-vendor/Object-Type/TopX Object Types/TopX Sites/TopX East Amman Arrow' is clicked on

2024-09-03 16:57:52 - [MESSAGE][PASSED] - Object: 'Object Repository/PM/Huawei-vendor/Object-Type/TopX Object Types/TopX Cells/TopX East Amman Site1 Arrow' is clicked on

2024-09-03 16:57:54 - [MESSAGE][PASSED] - Delayed 2 second(s)

2024-09-03 16:57:54 - [MESSAGE][PASSED] - Object: 'Object Repository/SON/ObjectType/Cell/East Amman Site1 Cell1 2G' is clicked on

2024-09-03 16:57:55 - [MESSAGE][PASSED] - Object: 'Object Repository/PM/Huawei-vendor/Object-Type/TopX Object Types/TopX Sites/TopX East Amman CloseArrow' is clicked on

2024-09-03 16:57:55 - [MESSAGE][PASSED] - Object: 'Object Repository/PM/Huawei-vendor/Object-Type/TopX Object Types/TopX Sites/TopX West Amman Arrow' is clicked on

2024-09-03 16:57:56 - [MESSAGE][PASSED] - Object: 'Object Repository/PM/Huawei-vendor/Object-Type/TopX Object Types/TopX Cells/TopX West Amman Site1 Arrow' is clicked on

2024-09-03 16:57:56 - [MESSAGE][PASSED] - Object: 'Object Repository/SON/ObjectType/Cell/West Amman Site1 Cell1 2G' is clicked on

2024-09-03 16:57:56 - [MESSAGE][PASSED] - Object: 'Object Repository/PM/Huawei-vendor/Object-Type/TopX Object Types/TopX Sites/TopX West Amman CloseArrow' is clicked on

2024-09-03 16:57:56 - [MESSAGE][PASSED] - Object: 'Object Repository/PM/Huawei-vendor/Object-Type/TopX Object Types/TopX Sites/TopX South Amman Arrow' is clicked on

2024-09-03 16:57:57 - [MESSAGE][PASSED] - Object: 'Object Repository/PM/Huawei-vendor/Object-Type/TopX Object Types/TopX Cells/TopX South Amman Site1 Arrow' is clicked on

2024-09-03 16:57:57 - [MESSAGE][PASSED] - Object: 'Object Repository/SON/ObjectType/Cell/South Amman Site1 Cell1 2G' is clicked on

2024-09-03 16:57:58 - [MESSAGE][PASSED] - Object: 'Object Repository/PM/Huawei-vendor/Object-Type/TopX Object Types/TopX Sites/TopX South Amman CloseArrow' is clicked on

2024-09-03 16:57:58 - [MESSAGE][PASSED] - Object: 'Object Repository/PM/Huawei-vendor/Object-Type/TopX Object Types/TopX Sites/TopX East Jordan Arrow' is clicked on

2024-09-03 16:57:58 - [MESSAGE][PASSED] - Object: 'Object Repository/PM/Huawei-vendor/Object-Type/TopX Object Types/TopX Cells/TopX East Jordan Site1 Arrow' is clicked on

2024-09-03 16:57:59 - [MESSAGE][PASSED] - Object: 'Object Repository/SON/ObjectType/Cell/East Jordan Site1 Cell1 2G' is clicked on

2024-09-03 16:57:59 - [MESSAGE][PASSED] - Object: 'Object Repository/PM/Huawei-vendor/Object-Type/TopX Object Types/TopX Sites/TopX East Jordan CloseArrow' is clicked on

2024-09-03 16:57:59 - [MESSAGE][PASSED] - Object: 'Object Repository/PM/Huawei-vendor/Object-Type/TopX Object Types/TopX Sites/TopX North Jordan Arrow' is clicked on

2024-09-03 16:58:01 - [MESSAGE][PASSED] - Object: 'Object Repository/PM/Huawei-vendor/Object-Type/TopX Object Types/TopX Cells/TopX North Jordan Site1 Arrow' is clicked on

2024-09-03 16:58:01 - [MESSAGE][PASSED] - Object: 'Object Repository/SON/ObjectType/Cell/North Jordan Site1 Cell1 2G' is clicked on

2024-09-03 16:58:01 - [MESSAGE][PASSED] - Object: 'Object Repository/PM/Huawei-vendor/Object-Type/TopX Object Types/TopX Sites/TopX North Jordan CloseArrow' is clicked on

2024-09-03 16:58:01 - [MESSAGE][PASSED] - Object: 'Object Repository/PM/Huawei-vendor/Object-Type/TopX Object Types/TopX Sites/TopX South Jordan Arrow' is clicked on

2024-09-03 16:58:02 - [MESSAGE][PASSED] - Object: 'Object Repository/PM/Huawei-vendor/Object-Type/TopX Object Types/TopX Cells/TopX South Jordan Site1 Arrow' is clicked on

2024-09-03 16:58:02 - [MESSAGE][PASSED] - Object: 'Object Repository/SON/ObjectType/Cell/South Jordan Site1 Cell1 2G' is clicked on

2024-09-03 16:58:03 - [MESSAGE][PASSED] - Object: 'Object Repository/PM/Huawei-vendor/Object-Type/TopX Object Types/TopX Sites/TopX South Jordan CloseArrow' is clicked on

2024-09-03 16:58:03 - [MESSAGE][PASSED] - Object: 'Object Repository/SON/ObjectType/Other Site' is clicked on

2024-09-03 16:58:05 - [MESSAGE][PASSED] - Delayed 2 second(s)

2024-09-03 16:58:05 - [MESSAGE][PASSED] - Object: 'Object Repository/SON/SonType/Type-Arrow' is clicked on

2024-09-03 16:58:05 - [MESSAGE][PASSED] - Object: 'Object Repository/PM/Huawei-vendor/Apply-Button' is clicked on

2024-09-03 16:58:06 - [MESSAGE][PASSED] - Web element with id: 'Object Repository/SON/Error' located by 'By.xpath: //div[@class='home-logo']' is not present after '200' second(s)

2024-09-03 16:58:06 - [MESSAGE][PASSED] - SON.son is PASSED]]></system-out>
         <system-err><![CDATA[]]></system-err>
      </testcase>
      <testcase name="Test Cases/SON/Huawei/2G/BSC/BSC 2G CoBCCH" time="34.842" classname="Test Cases/SON/Huawei/2G/BSC/BSC 2G CoBCCH" status="PASSED">
         <system-out><![CDATA[2024-09-03 16:58:06 - [TEST_CASE][PASSED] - Test Cases/SON/Huawei/2G/BSC/BSC 2G CoBCCH: Test Cases/SON/Huawei/2G/BSC/BSC 2G CoBCCH

2024-09-03 16:58:06 - [TEST_STEP][PASSED] - callTestCase(findTestCase("Login"), [:], STOP_ON_FAILURE): Call Test Case 'Test Cases/Login' successfully

2024-09-03 16:58:06 - [TEST_CASE][PASSED] - Test Cases/Login: Test Cases/Login

2024-09-03 16:58:06 - [TEST_STEP][PASSED] - driver = general.start(SwagerURL, NetCellURL): general.start is PASSED

2024-09-03 16:58:06 - [MESSAGE][INFO] - >>> chromeDriverPath=C:\Users\FatimaIbeid\.katalon\packages\Katalon_Studio_Windows_64-8.6.9\Katalon_Studio_Windows_64-8.6.9\configuration\resources\drivers\chromedriver_win32\chromedriver.exe

2024-09-03 16:58:07 - [MESSAGE][PASSED] - Current window maximized

2024-09-03 16:58:08 - [MESSAGE][PASSED] - Execute JavaScript 'window.open();' successfully

2024-09-03 16:58:08 - [MESSAGE][PASSED] - Switched to window with index: '1'

2024-09-03 16:58:22 - [MESSAGE][PASSED] - general.start is PASSED

2024-09-03 16:58:22 - [TEST_STEP][PASSED] - click(findTestObject("Object Repository/Login/LoginButton")): Object: 'Object Repository/Login/LoginButton' is clicked on

2024-09-03 16:58:22 - [MESSAGE][PASSED] - Object: 'Object Repository/Login/LoginButton' is clicked on

2024-09-03 16:58:22 - [TEST_STEP][PASSED] - switchToWindowIndex(2): Switched to window with index: '2'

2024-09-03 16:58:22 - [MESSAGE][PASSED] - Switched to window with index: '2'

2024-09-03 16:58:22 - [TEST_STEP][PASSED] - delay(1): Delayed 1 second(s)

2024-09-03 16:58:23 - [MESSAGE][PASSED] - Delayed 1 second(s)

2024-09-03 16:58:23 - [TEST_STEP][PASSED] - sendKeys(findTestObject("Object Repository/Login/EnterEmail"), "homam@zztjg.onmicrosoft.com"): Keys 'homam@zztjg.onmicrosoft.com' sent to object: 'Object Repository/Login/EnterEmail'

2024-09-03 16:58:24 - [MESSAGE][PASSED] - Keys 'homam@zztjg.onmicrosoft.com' sent to object: 'Object Repository/Login/EnterEmail'

2024-09-03 16:58:24 - [TEST_STEP][PASSED] - delay(1): Delayed 1 second(s)

2024-09-03 16:58:25 - [MESSAGE][PASSED] - Delayed 1 second(s)

2024-09-03 16:58:25 - [TEST_STEP][PASSED] - click(findTestObject("Object Repository/Login/NextButton")): Object: 'Object Repository/Login/NextButton' is clicked on

2024-09-03 16:58:25 - [MESSAGE][PASSED] - Object: 'Object Repository/Login/NextButton' is clicked on

2024-09-03 16:58:25 - [TEST_STEP][PASSED] - delay(2): Delayed 2 second(s)

2024-09-03 16:58:27 - [MESSAGE][PASSED] - Delayed 2 second(s)

2024-09-03 16:58:27 - [TEST_STEP][PASSED] - sendKeys(findTestObject("Object Repository/Login/EnterPassword"), "Holder12345"): Keys 'Holder12345' sent to object: 'Object Repository/Login/EnterPassword'

2024-09-03 16:58:28 - [MESSAGE][PASSED] - Keys 'Holder12345' sent to object: 'Object Repository/Login/EnterPassword'

2024-09-03 16:58:28 - [TEST_STEP][PASSED] - delay(1): Delayed 1 second(s)

2024-09-03 16:58:29 - [MESSAGE][PASSED] - Delayed 1 second(s)

2024-09-03 16:58:29 - [TEST_STEP][PASSED] - click(findTestObject("Object Repository/Login/SigninButton")): Object: 'Object Repository/Login/SigninButton' is clicked on

2024-09-03 16:58:29 - [MESSAGE][PASSED] - Object: 'Object Repository/Login/SigninButton' is clicked on

2024-09-03 16:58:29 - [TEST_STEP][PASSED] - delay(1): Delayed 1 second(s)

2024-09-03 16:58:30 - [MESSAGE][PASSED] - Delayed 1 second(s)

2024-09-03 16:58:30 - [TEST_STEP][PASSED] - click(findTestObject("Object Repository/Login/YesStayInButton")): Object: 'Object Repository/Login/YesStayInButton' is clicked on

2024-09-03 16:58:31 - [MESSAGE][PASSED] - Object: 'Object Repository/Login/YesStayInButton' is clicked on

2024-09-03 16:58:31 - [MESSAGE][PASSED] - Call Test Case 'Test Cases/Login' successfully

2024-09-03 16:58:31 - [TEST_STEP][PASSED] - switchToWindowIndex(1): Switched to window with index: '1'

2024-09-03 16:58:31 - [MESSAGE][PASSED] - Switched to window with index: '1'

2024-09-03 16:58:31 - [TEST_STEP][PASSED] - SON.son("huawei", "2G", "BSC", "2G CoBCCH", "", ""): SON.son is PASSED

2024-09-03 16:58:32 - [MESSAGE][PASSED] - Object: 'Object Repository/SON/sonBtn' is clicked on

2024-09-03 16:58:32 - [MESSAGE][PASSED] - Switched to window with index: '2'

2024-09-03 16:58:33 - [MESSAGE][PASSED] - Object: 'Object Repository/PM/Huawei-vendor/Technology/Technology-Arrow' is clicked on

2024-09-03 16:58:33 - [MESSAGE][PASSED] - Object: 'Object Repository/PM/Huawei-vendor/Technology/2G' is clicked on

2024-09-03 16:58:33 - [MESSAGE][PASSED] - Object: 'Object Repository/PM/Huawei-vendor/TopX/TopX Object Type' is clicked on

2024-09-03 16:58:34 - [MESSAGE][PASSED] - Delayed 1 second(s)

2024-09-03 16:58:34 - [MESSAGE][PASSED] - Object: 'Object Repository/PM/Huawei-vendor/Object-Type/TopX Object Types/TopX BSCs/TopX BSC' is clicked on

2024-09-03 16:58:35 - [MESSAGE][PASSED] - Delayed 1 second(s)

2024-09-03 16:58:35 - [MESSAGE][WARNING] - Timeout '0' is invalid. Using default page load timeout: '120'

2024-09-03 16:58:35 - [MESSAGE][PASSED] - Scroll to object 'Object Repository/PM/Huawei-vendor/Object Border' successfully

2024-09-03 16:58:36 - [MESSAGE][PASSED] - Object: 'Object Repository/PM/Huawei-vendor/Object-Type/TopX Object Types/TopX BSCs/TopX BSC Ader' is clicked on

2024-09-03 16:58:36 - [MESSAGE][PASSED] - Object: 'Object Repository/PM/Huawei-vendor/Object-Type/TopX Object Types/TopX BSCs/TopX BSC Fifa' is clicked on

2024-09-03 16:58:36 - [MESSAGE][PASSED] - Object: 'Object Repository/SON/ObjectType/BSC/TopX BSC HQ 04' is clicked on

2024-09-03 16:58:36 - [MESSAGE][PASSED] - Object: 'Object Repository/PM/Huawei-vendor/Object-Type/TopX Object Types/TopX BSCs/TopX BSC AA 01' is clicked on

2024-09-03 16:58:38 - [MESSAGE][PASSED] - Delayed 2 second(s)

2024-09-03 16:58:38 - [MESSAGE][PASSED] - Object: 'Object Repository/SON/SonType/Type-Arrow' is clicked on

2024-09-03 16:58:38 - [MESSAGE][PASSED] - Object: 'Object Repository/PM/Huawei-vendor/Apply-Button' is clicked on

2024-09-03 16:58:41 - [MESSAGE][PASSED] - Web element with id: 'Object Repository/SON/Error' located by 'By.xpath: //div[@class='home-logo']' is not present after '200' second(s)

2024-09-03 16:58:41 - [MESSAGE][PASSED] - SON.son is PASSED]]></system-out>
         <system-err><![CDATA[]]></system-err>
      </testcase>
      <testcase name="Test Cases/SON/Huawei/2G/Cluster/Cluster 2G CoBCCH" time="39.885" classname="Test Cases/SON/Huawei/2G/Cluster/Cluster 2G CoBCCH" status="PASSED">
         <system-out><![CDATA[2024-09-03 16:58:41 - [TEST_CASE][PASSED] - Test Cases/SON/Huawei/2G/Cluster/Cluster 2G CoBCCH: Test Cases/SON/Huawei/2G/Cluster/Cluster 2G CoBCCH

2024-09-03 16:58:41 - [TEST_STEP][PASSED] - callTestCase(findTestCase("Login"), [:], STOP_ON_FAILURE): Call Test Case 'Test Cases/Login' successfully

2024-09-03 16:58:41 - [TEST_CASE][PASSED] - Test Cases/Login: Test Cases/Login

2024-09-03 16:58:41 - [TEST_STEP][PASSED] - driver = general.start(SwagerURL, NetCellURL): general.start is PASSED

2024-09-03 16:58:41 - [MESSAGE][INFO] - >>> chromeDriverPath=C:\Users\FatimaIbeid\.katalon\packages\Katalon_Studio_Windows_64-8.6.9\Katalon_Studio_Windows_64-8.6.9\configuration\resources\drivers\chromedriver_win32\chromedriver.exe

2024-09-03 16:58:42 - [MESSAGE][PASSED] - Current window maximized

2024-09-03 16:58:43 - [MESSAGE][PASSED] - Execute JavaScript 'window.open();' successfully

2024-09-03 16:58:43 - [MESSAGE][PASSED] - Switched to window with index: '1'

2024-09-03 16:58:54 - [MESSAGE][PASSED] - general.start is PASSED

2024-09-03 16:58:54 - [TEST_STEP][PASSED] - click(findTestObject("Object Repository/Login/LoginButton")): Object: 'Object Repository/Login/LoginButton' is clicked on

2024-09-03 16:58:54 - [MESSAGE][PASSED] - Object: 'Object Repository/Login/LoginButton' is clicked on

2024-09-03 16:58:54 - [TEST_STEP][PASSED] - switchToWindowIndex(2): Switched to window with index: '2'

2024-09-03 16:58:54 - [MESSAGE][PASSED] - Switched to window with index: '2'

2024-09-03 16:58:54 - [TEST_STEP][PASSED] - delay(1): Delayed 1 second(s)

2024-09-03 16:58:55 - [MESSAGE][PASSED] - Delayed 1 second(s)

2024-09-03 16:58:55 - [TEST_STEP][PASSED] - sendKeys(findTestObject("Object Repository/Login/EnterEmail"), "homam@zztjg.onmicrosoft.com"): Keys 'homam@zztjg.onmicrosoft.com' sent to object: 'Object Repository/Login/EnterEmail'

2024-09-03 16:58:57 - [MESSAGE][PASSED] - Keys 'homam@zztjg.onmicrosoft.com' sent to object: 'Object Repository/Login/EnterEmail'

2024-09-03 16:58:57 - [TEST_STEP][PASSED] - delay(1): Delayed 1 second(s)

2024-09-03 16:58:58 - [MESSAGE][PASSED] - Delayed 1 second(s)

2024-09-03 16:58:58 - [TEST_STEP][PASSED] - click(findTestObject("Object Repository/Login/NextButton")): Object: 'Object Repository/Login/NextButton' is clicked on

2024-09-03 16:58:58 - [MESSAGE][PASSED] - Object: 'Object Repository/Login/NextButton' is clicked on

2024-09-03 16:58:58 - [TEST_STEP][PASSED] - delay(2): Delayed 2 second(s)

2024-09-03 16:59:00 - [MESSAGE][PASSED] - Delayed 2 second(s)

2024-09-03 16:59:00 - [TEST_STEP][PASSED] - sendKeys(findTestObject("Object Repository/Login/EnterPassword"), "Holder12345"): Keys 'Holder12345' sent to object: 'Object Repository/Login/EnterPassword'

2024-09-03 16:59:00 - [MESSAGE][PASSED] - Keys 'Holder12345' sent to object: 'Object Repository/Login/EnterPassword'

2024-09-03 16:59:00 - [TEST_STEP][PASSED] - delay(1): Delayed 1 second(s)

2024-09-03 16:59:01 - [MESSAGE][PASSED] - Delayed 1 second(s)

2024-09-03 16:59:01 - [TEST_STEP][PASSED] - click(findTestObject("Object Repository/Login/SigninButton")): Object: 'Object Repository/Login/SigninButton' is clicked on

2024-09-03 16:59:02 - [MESSAGE][PASSED] - Object: 'Object Repository/Login/SigninButton' is clicked on

2024-09-03 16:59:02 - [TEST_STEP][PASSED] - delay(1): Delayed 1 second(s)

2024-09-03 16:59:03 - [MESSAGE][PASSED] - Delayed 1 second(s)

2024-09-03 16:59:03 - [TEST_STEP][PASSED] - click(findTestObject("Object Repository/Login/YesStayInButton")): Object: 'Object Repository/Login/YesStayInButton' is clicked on

2024-09-03 16:59:03 - [MESSAGE][PASSED] - Object: 'Object Repository/Login/YesStayInButton' is clicked on

2024-09-03 16:59:03 - [MESSAGE][PASSED] - Call Test Case 'Test Cases/Login' successfully

2024-09-03 16:59:03 - [TEST_STEP][PASSED] - switchToWindowIndex(1): Switched to window with index: '1'

2024-09-03 16:59:03 - [MESSAGE][PASSED] - Switched to window with index: '1'

2024-09-03 16:59:03 - [TEST_STEP][PASSED] - SON.son("huawei", "2G", "Cluster", "2G CoBCCH", "", ""): SON.son is PASSED

2024-09-03 16:59:05 - [MESSAGE][PASSED] - Object: 'Object Repository/SON/sonBtn' is clicked on

2024-09-03 16:59:05 - [MESSAGE][PASSED] - Switched to window with index: '2'

2024-09-03 16:59:08 - [MESSAGE][PASSED] - Object: 'Object Repository/PM/Huawei-vendor/Technology/Technology-Arrow' is clicked on

2024-09-03 16:59:08 - [MESSAGE][PASSED] - Object: 'Object Repository/PM/Huawei-vendor/Technology/2G' is clicked on

2024-09-03 16:59:09 - [MESSAGE][PASSED] - Object: 'Object Repository/PM/Huawei-vendor/TopX/TopX Object Type' is clicked on

2024-09-03 16:59:10 - [MESSAGE][PASSED] - Delayed 1 second(s)

2024-09-03 16:59:10 - [MESSAGE][PASSED] - Object: 'Object Repository/PM/Huawei-vendor/Object-Type/TopX Object Types/TopX Clusters/TopX Cluster' is clicked on

2024-09-03 16:59:11 - [MESSAGE][PASSED] - Delayed 1 second(s)

2024-09-03 16:59:11 - [MESSAGE][WARNING] - Timeout '0' is invalid. Using default page load timeout: '120'

2024-09-03 16:59:11 - [MESSAGE][PASSED] - Scroll to object 'Object Repository/PM/Huawei-vendor/Object Border' successfully

2024-09-03 16:59:11 - [MESSAGE][PASSED] - Object: 'Object Repository/PM/Huawei-vendor/Object-Type/TopX Object Types/TopX Sites/TopX East Amman Arrow' is clicked on

2024-09-03 16:59:11 - [MESSAGE][PASSED] - Object: 'Object Repository/PM/Huawei-vendor/Object-Type/TopX Object Types/TopX Clusters/TopX East Amman Cluster 3' is clicked on

2024-09-03 16:59:11 - [MESSAGE][PASSED] - Object: 'Object Repository/PM/Huawei-vendor/Object-Type/TopX Object Types/TopX Clusters/TopX East Amman Cluster 13' is clicked on

2024-09-03 16:59:11 - [MESSAGE][PASSED] - Object: 'Object Repository/PM/Huawei-vendor/Object-Type/TopX Object Types/TopX Sites/TopX East Amman CloseArrow' is clicked on

2024-09-03 16:59:12 - [MESSAGE][PASSED] - Object: 'Object Repository/PM/Huawei-vendor/Object-Type/TopX Object Types/TopX Sites/TopX West Amman Arrow' is clicked on

2024-09-03 16:59:12 - [MESSAGE][PASSED] - Object: 'Object Repository/PM/Huawei-vendor/Object-Type/TopX Object Types/TopX Clusters/TopX West Amman Cluster 2' is clicked on

2024-09-03 16:59:12 - [MESSAGE][PASSED] - Object: 'Object Repository/PM/Huawei-vendor/Object-Type/TopX Object Types/TopX Clusters/TopX West Amman Cluster 5' is clicked on

2024-09-03 16:59:12 - [MESSAGE][PASSED] - Object: 'Object Repository/PM/Huawei-vendor/Object-Type/TopX Object Types/TopX Sites/TopX West Amman CloseArrow' is clicked on

2024-09-03 16:59:12 - [MESSAGE][PASSED] - Object: 'Object Repository/PM/Huawei-vendor/Object-Type/TopX Object Types/TopX Sites/TopX North Jordan Arrow' is clicked on

2024-09-03 16:59:12 - [MESSAGE][PASSED] - Object: 'Object Repository/PM/Huawei-vendor/Object-Type/TopX Object Types/TopX Clusters/TopX North Jordan Cluster 4' is clicked on

2024-09-03 16:59:12 - [MESSAGE][PASSED] - Object: 'Object Repository/PM/Huawei-vendor/Object-Type/TopX Object Types/TopX Clusters/TopX North Jordan Cluster 14' is clicked on

2024-09-03 16:59:13 - [MESSAGE][PASSED] - Object: 'Object Repository/PM/Huawei-vendor/Object-Type/TopX Object Types/TopX Sites/TopX North Jordan CloseArrow' is clicked on

2024-09-03 16:59:13 - [MESSAGE][PASSED] - Object: 'Object Repository/PM/Huawei-vendor/Object-Type/TopX Object Types/TopX Sites/TopX South Jordan Arrow' is clicked on

2024-09-03 16:59:13 - [MESSAGE][PASSED] - Object: 'Object Repository/PM/Huawei-vendor/Object-Type/TopX Object Types/TopX Clusters/TopX South Jordan Cluster 7' is clicked on

2024-09-03 16:59:13 - [MESSAGE][PASSED] - Object: 'Object Repository/PM/Huawei-vendor/Object-Type/TopX Object Types/TopX Clusters/TopX South Jordan Cluster 8' is clicked on

2024-09-03 16:59:13 - [MESSAGE][PASSED] - Object: 'Object Repository/PM/Huawei-vendor/Object-Type/TopX Object Types/TopX Sites/TopX South Jordan CloseArrow' is clicked on

2024-09-03 16:59:13 - [MESSAGE][PASSED] - Object: 'Object Repository/PM/Huawei-vendor/Object-Type/TopX Object Types/TopX Sites/TopX South Amman Arrow' is clicked on

2024-09-03 16:59:13 - [MESSAGE][PASSED] - Object: 'Object Repository/PM/Huawei-vendor/Object-Type/TopX Object Types/TopX Clusters/TopX South Amman Cluster 1' is clicked on

2024-09-03 16:59:14 - [MESSAGE][PASSED] - Object: 'Object Repository/PM/Huawei-vendor/Object-Type/TopX Object Types/TopX Clusters/TopX South Amman Cluster 6' is clicked on

2024-09-03 16:59:14 - [MESSAGE][PASSED] - Object: 'Object Repository/PM/Huawei-vendor/Object-Type/TopX Object Types/TopX Sites/TopX South Amman CloseArrow' is clicked on

2024-09-03 16:59:14 - [MESSAGE][PASSED] - Object: 'Object Repository/PM/Huawei-vendor/Object-Type/TopX Object Types/TopX Sites/TopX East Jordan Arrow' is clicked on

2024-09-03 16:59:14 - [MESSAGE][PASSED] - Object: 'Object Repository/PM/Huawei-vendor/Object-Type/TopX Object Types/TopX Clusters/TopX East Jordan Cluster 10' is clicked on

2024-09-03 16:59:14 - [MESSAGE][PASSED] - Object: 'Object Repository/PM/Huawei-vendor/Object-Type/TopX Object Types/TopX Clusters/TopX East Jordan Cluster 11' is clicked on

2024-09-03 16:59:14 - [MESSAGE][PASSED] - Object: 'Object Repository/PM/Huawei-vendor/Object-Type/TopX Object Types/TopX Sites/TopX East Jordan CloseArrow' is clicked on

2024-09-03 16:59:15 - [MESSAGE][PASSED] - Object: 'Object Repository/PM/Huawei-vendor/Object-Type/TopX Object Types/TopX Sites/TopX Others Arrow' is clicked on

2024-09-03 16:59:15 - [MESSAGE][PASSED] - Object: 'Object Repository/PM/Huawei-vendor/Object-Type/TopX Object Types/TopX Clusters/TopX Others Cluster 60' is clicked on

2024-09-03 16:59:15 - [MESSAGE][PASSED] - Object: 'Object Repository/PM/Huawei-vendor/Object-Type/TopX Object Types/TopX Clusters/TopX Others Cluster 61' is clicked on

2024-09-03 16:59:15 - [MESSAGE][PASSED] - Object: 'Object Repository/PM/Huawei-vendor/Object-Type/TopX Object Types/TopX Sites/TopX Others CloseArrow' is clicked on

2024-09-03 16:59:17 - [MESSAGE][PASSED] - Delayed 2 second(s)

2024-09-03 16:59:17 - [MESSAGE][PASSED] - Object: 'Object Repository/SON/SonType/Type-Arrow' is clicked on

2024-09-03 16:59:18 - [MESSAGE][PASSED] - Object: 'Object Repository/PM/Huawei-vendor/Apply-Button' is clicked on

2024-09-03 16:59:21 - [MESSAGE][PASSED] - Web element with id: 'Object Repository/SON/Error' located by 'By.xpath: //div[@class='home-logo']' is not present after '200' second(s)

2024-09-03 16:59:21 - [MESSAGE][PASSED] - SON.son is PASSED]]></system-out>
         <system-err><![CDATA[]]></system-err>
      </testcase>
      <testcase name="Test Cases/SON/Huawei/2G/Governorate/Governorate 2G CoBCCH" time="37.035" classname="Test Cases/SON/Huawei/2G/Governorate/Governorate 2G CoBCCH" status="PASSED">
         <system-out><![CDATA[2024-09-03 16:59:21 - [TEST_CASE][PASSED] - Test Cases/SON/Huawei/2G/Governorate/Governorate 2G CoBCCH: Test Cases/SON/Huawei/2G/Governorate/Governorate 2G CoBCCH

2024-09-03 16:59:21 - [TEST_STEP][PASSED] - callTestCase(findTestCase("Login"), [:], STOP_ON_FAILURE): Call Test Case 'Test Cases/Login' successfully

2024-09-03 16:59:21 - [TEST_CASE][PASSED] - Test Cases/Login: Test Cases/Login

2024-09-03 16:59:21 - [TEST_STEP][PASSED] - driver = general.start(SwagerURL, NetCellURL): general.start is PASSED

2024-09-03 16:59:21 - [MESSAGE][INFO] - >>> chromeDriverPath=C:\Users\FatimaIbeid\.katalon\packages\Katalon_Studio_Windows_64-8.6.9\Katalon_Studio_Windows_64-8.6.9\configuration\resources\drivers\chromedriver_win32\chromedriver.exe

2024-09-03 16:59:23 - [MESSAGE][PASSED] - Current window maximized

2024-09-03 16:59:25 - [MESSAGE][PASSED] - Execute JavaScript 'window.open();' successfully

2024-09-03 16:59:25 - [MESSAGE][PASSED] - Switched to window with index: '1'

2024-09-03 16:59:36 - [MESSAGE][PASSED] - general.start is PASSED

2024-09-03 16:59:36 - [TEST_STEP][PASSED] - click(findTestObject("Object Repository/Login/LoginButton")): Object: 'Object Repository/Login/LoginButton' is clicked on

2024-09-03 16:59:36 - [MESSAGE][PASSED] - Object: 'Object Repository/Login/LoginButton' is clicked on

2024-09-03 16:59:36 - [TEST_STEP][PASSED] - switchToWindowIndex(2): Switched to window with index: '2'

2024-09-03 16:59:36 - [MESSAGE][PASSED] - Switched to window with index: '2'

2024-09-03 16:59:36 - [TEST_STEP][PASSED] - delay(1): Delayed 1 second(s)

2024-09-03 16:59:37 - [MESSAGE][PASSED] - Delayed 1 second(s)

2024-09-03 16:59:37 - [TEST_STEP][PASSED] - sendKeys(findTestObject("Object Repository/Login/EnterEmail"), "homam@zztjg.onmicrosoft.com"): Keys 'homam@zztjg.onmicrosoft.com' sent to object: 'Object Repository/Login/EnterEmail'

2024-09-03 16:59:39 - [MESSAGE][PASSED] - Keys 'homam@zztjg.onmicrosoft.com' sent to object: 'Object Repository/Login/EnterEmail'

2024-09-03 16:59:39 - [TEST_STEP][PASSED] - delay(1): Delayed 1 second(s)

2024-09-03 16:59:40 - [MESSAGE][PASSED] - Delayed 1 second(s)

2024-09-03 16:59:40 - [TEST_STEP][PASSED] - click(findTestObject("Object Repository/Login/NextButton")): Object: 'Object Repository/Login/NextButton' is clicked on

2024-09-03 16:59:40 - [MESSAGE][PASSED] - Object: 'Object Repository/Login/NextButton' is clicked on

2024-09-03 16:59:40 - [TEST_STEP][PASSED] - delay(2): Delayed 2 second(s)

2024-09-03 16:59:42 - [MESSAGE][PASSED] - Delayed 2 second(s)

2024-09-03 16:59:42 - [TEST_STEP][PASSED] - sendKeys(findTestObject("Object Repository/Login/EnterPassword"), "Holder12345"): Keys 'Holder12345' sent to object: 'Object Repository/Login/EnterPassword'

2024-09-03 16:59:42 - [MESSAGE][PASSED] - Keys 'Holder12345' sent to object: 'Object Repository/Login/EnterPassword'

2024-09-03 16:59:42 - [TEST_STEP][PASSED] - delay(1): Delayed 1 second(s)

2024-09-03 16:59:43 - [MESSAGE][PASSED] - Delayed 1 second(s)

2024-09-03 16:59:43 - [TEST_STEP][PASSED] - click(findTestObject("Object Repository/Login/SigninButton")): Object: 'Object Repository/Login/SigninButton' is clicked on

2024-09-03 16:59:43 - [MESSAGE][PASSED] - Object: 'Object Repository/Login/SigninButton' is clicked on

2024-09-03 16:59:43 - [TEST_STEP][PASSED] - delay(1): Delayed 1 second(s)

2024-09-03 16:59:44 - [MESSAGE][PASSED] - Delayed 1 second(s)

2024-09-03 16:59:44 - [TEST_STEP][PASSED] - click(findTestObject("Object Repository/Login/YesStayInButton")): Object: 'Object Repository/Login/YesStayInButton' is clicked on

2024-09-03 16:59:45 - [MESSAGE][PASSED] - Object: 'Object Repository/Login/YesStayInButton' is clicked on

2024-09-03 16:59:45 - [MESSAGE][PASSED] - Call Test Case 'Test Cases/Login' successfully

2024-09-03 16:59:45 - [TEST_STEP][PASSED] - switchToWindowIndex(1): Switched to window with index: '1'

2024-09-03 16:59:45 - [MESSAGE][PASSED] - Switched to window with index: '1'

2024-09-03 16:59:45 - [TEST_STEP][PASSED] - SON.son("huawei", "2G", "Governorate", "2G CoBCCH", "", ""): SON.son is PASSED

2024-09-03 16:59:47 - [MESSAGE][PASSED] - Object: 'Object Repository/SON/sonBtn' is clicked on

2024-09-03 16:59:47 - [MESSAGE][PASSED] - Switched to window with index: '2'

2024-09-03 16:59:49 - [MESSAGE][PASSED] - Object: 'Object Repository/PM/Huawei-vendor/Technology/Technology-Arrow' is clicked on

2024-09-03 16:59:49 - [MESSAGE][PASSED] - Object: 'Object Repository/PM/Huawei-vendor/Technology/2G' is clicked on

2024-09-03 16:59:49 - [MESSAGE][PASSED] - Object: 'Object Repository/PM/Huawei-vendor/TopX/TopX Object Type' is clicked on

2024-09-03 16:59:50 - [MESSAGE][PASSED] - Delayed 1 second(s)

2024-09-03 16:59:51 - [MESSAGE][PASSED] - Object: 'Object Repository/PM/Huawei-vendor/Object-Type/TopX Object Types/TopX Governorates/TopX Governorate' is clicked on

2024-09-03 16:59:52 - [MESSAGE][PASSED] - Delayed 1 second(s)

2024-09-03 16:59:52 - [MESSAGE][WARNING] - Timeout '0' is invalid. Using default page load timeout: '120'

2024-09-03 16:59:52 - [MESSAGE][PASSED] - Scroll to object 'Object Repository/PM/Huawei-vendor/Object Border' successfully

2024-09-03 16:59:52 - [MESSAGE][PASSED] - Object: 'Object Repository/PM/Huawei-vendor/Object-Type/TopX Object Types/TopX Governorates/TopX Amman' is clicked on

2024-09-03 16:59:52 - [MESSAGE][PASSED] - Object: 'Object Repository/PM/Huawei-vendor/Object-Type/TopX Object Types/TopX Governorates/TopX Irbid' is clicked on

2024-09-03 16:59:52 - [MESSAGE][PASSED] - Object: 'Object Repository/PM/Huawei-vendor/Object-Type/TopX Object Types/TopX Governorates/TopX Aqaba' is clicked on

2024-09-03 16:59:52 - [MESSAGE][PASSED] - Object: 'Object Repository/PM/Huawei-vendor/Object-Type/TopX Object Types/TopX Governorates/TopX Jerash' is clicked on

2024-09-03 16:59:53 - [MESSAGE][PASSED] - Object: 'Object Repository/PM/Huawei-vendor/Object-Type/TopX Object Types/TopX Governorates/TopX Mafraq' is clicked on

2024-09-03 16:59:53 - [MESSAGE][PASSED] - Object: 'Object Repository/PM/Huawei-vendor/Object-Type/TopX Object Types/TopX Governorates/TopX Zarqa' is clicked on

2024-09-03 16:59:55 - [MESSAGE][PASSED] - Delayed 2 second(s)

2024-09-03 16:59:55 - [MESSAGE][PASSED] - Object: 'Object Repository/SON/SonType/Type-Arrow' is clicked on

2024-09-03 16:59:55 - [MESSAGE][PASSED] - Object: 'Object Repository/PM/Huawei-vendor/Apply-Button' is clicked on

2024-09-03 16:59:58 - [MESSAGE][PASSED] - Web element with id: 'Object Repository/SON/Error' located by 'By.xpath: //div[@class='home-logo']' is not present after '200' second(s)

2024-09-03 16:59:58 - [MESSAGE][PASSED] - SON.son is PASSED]]></system-out>
         <system-err><![CDATA[]]></system-err>
      </testcase>
      <testcase name="Test Cases/SON/Huawei/2G/PLMN/PLMN Sleeping Cells Hourly" time="245.065" classname="Test Cases/SON/Huawei/2G/PLMN/PLMN Sleeping Cells Hourly" status="FAILED">
         <failure type="FAILED" message="Test Cases/SON/Huawei/2G/PLMN/PLMN Sleeping Cells Hourly FAILED.
Reason:
com.kms.katalon.core.exception.StepFailedException: Unable to verify object 'Object Repository/SON/Error' is not present
	at com.kms.katalon.core.webui.keyword.internal.WebUIKeywordMain.stepFailed(WebUIKeywordMain.groovy:64)
	at com.kms.katalon.core.webui.keyword.internal.WebUIKeywordMain.runKeyword(WebUIKeywordMain.groovy:26)
	at com.kms.katalon.core.webui.keyword.internal.WebUIKeywordMain$runKeyword.call(Unknown Source)
	at com.kms.katalon.core.webui.keyword.builtin.VerifyElementNotPresentKeyword.verifyElementNotPresent(VerifyElementNotPresentKeyword.groovy:122)
	at com.kms.katalon.core.webui.keyword.builtin.VerifyElementNotPresentKeyword.execute(VerifyElementNotPresentKeyword.groovy:68)
	at com.kms.katalon.core.keyword.internal.KeywordExecutor.executeKeywordForPlatform(KeywordExecutor.groovy:74)
	at com.kms.katalon.core.webui.keyword.WebUiBuiltInKeywords.verifyElementNotPresent(WebUiBuiltInKeywords.groovy:1497)
	at com.kms.katalon.core.webui.keyword.WebUiBuiltInKeywords$verifyElementNotPresent$4.call(Unknown Source)
	at SON.son(SON.groovy:93)
	at SON.invokeMethod(SON.groovy)
	at com.kms.katalon.core.main.CustomKeywordDelegatingMetaClass.invokeStaticMethod(CustomKeywordDelegatingMetaClass.java:55)
	at PLMN Sleeping Cells Hourly.run(PLMN Sleeping Cells Hourly:25)
	at com.kms.katalon.core.main.ScriptEngine.run(ScriptEngine.java:194)
	at com.kms.katalon.core.main.ScriptEngine.runScriptAsRawText(ScriptEngine.java:119)
	at com.kms.katalon.core.main.TestCaseExecutor.runScript(TestCaseExecutor.java:448)
	at com.kms.katalon.core.main.TestCaseExecutor.doExecute(TestCaseExecutor.java:439)
	at com.kms.katalon.core.main.TestCaseExecutor.processExecutionPhase(TestCaseExecutor.java:418)
	at com.kms.katalon.core.main.TestCaseExecutor.accessMainPhase(TestCaseExecutor.java:410)
	at com.kms.katalon.core.main.TestCaseExecutor.execute(TestCaseExecutor.java:285)
	at com.kms.katalon.core.common.CommonExecutor.accessTestCaseMainPhase(CommonExecutor.java:65)
	at com.kms.katalon.core.main.TestSuiteExecutor.accessTestSuiteMainPhase(TestSuiteExecutor.java:148)
	at com.kms.katalon.core.main.TestSuiteExecutor.execute(TestSuiteExecutor.java:106)
	at com.kms.katalon.core.main.TestCaseMain.startTestSuite(TestCaseMain.java:187)
	at com.kms.katalon.core.main.TestCaseMain$startTestSuite$0.call(Unknown Source)
	at TempTestSuite1725371051772.run(TempTestSuite1725371051772.groovy:35)
Caused by: com.kms.katalon.core.exception.StepFailedException: Web element with id: 'Object Repository/SON/Error' located by 'By.xpath: //div[@class='home-logo']' is present after '200' second(s)
	at com.kms.katalon.core.webui.keyword.internal.WebUIKeywordMain.stepFailed(WebUIKeywordMain.groovy:64)
	at com.kms.katalon.core.webui.keyword.internal.WebUIKeywordMain$stepFailed$0.call(Unknown Source)
	at com.kms.katalon.core.webui.keyword.builtin.VerifyElementNotPresentKeyword$_verifyElementNotPresent_closure1.doCall(VerifyElementNotPresentKeyword.groovy:113)
	at com.kms.katalon.core.webui.keyword.builtin.VerifyElementNotPresentKeyword$_verifyElementNotPresent_closure1.doCall(VerifyElementNotPresentKeyword.groovy)
	at com.kms.katalon.core.webui.keyword.internal.WebUIKeywordMain.runKeyword(WebUIKeywordMain.groovy:20)
	... 23 more
"/>
         <system-out><![CDATA[2024-09-03 16:59:58 - [TEST_CASE][FAILED] - Test Cases/SON/Huawei/2G/PLMN/PLMN Sleeping Cells Hourly: Test Cases/SON/Huawei/2G/PLMN/PLMN Sleeping Cells Hourly FAILED.
Reason:
com.kms.katalon.core.exception.StepFailedException: Unable to verify object 'Object Repository/SON/Error' is not present
	at com.kms.katalon.core.webui.keyword.internal.WebUIKeywordMain.stepFailed(WebUIKeywordMain.groovy:64)
	at com.kms.katalon.core.webui.keyword.internal.WebUIKeywordMain.runKeyword(WebUIKeywordMain.groovy:26)
	at com.kms.katalon.core.webui.keyword.internal.WebUIKeywordMain$runKeyword.call(Unknown Source)
	at com.kms.katalon.core.webui.keyword.builtin.VerifyElementNotPresentKeyword.verifyElementNotPresent(VerifyElementNotPresentKeyword.groovy:122)
	at com.kms.katalon.core.webui.keyword.builtin.VerifyElementNotPresentKeyword.execute(VerifyElementNotPresentKeyword.groovy:68)
	at com.kms.katalon.core.keyword.internal.KeywordExecutor.executeKeywordForPlatform(KeywordExecutor.groovy:74)
	at com.kms.katalon.core.webui.keyword.WebUiBuiltInKeywords.verifyElementNotPresent(WebUiBuiltInKeywords.groovy:1497)
	at com.kms.katalon.core.webui.keyword.WebUiBuiltInKeywords$verifyElementNotPresent$4.call(Unknown Source)
	at SON.son(SON.groovy:93)
	at SON.invokeMethod(SON.groovy)
	at com.kms.katalon.core.main.CustomKeywordDelegatingMetaClass.invokeStaticMethod(CustomKeywordDelegatingMetaClass.java:55)
	at PLMN Sleeping Cells Hourly.run(PLMN Sleeping Cells Hourly:25)
	at com.kms.katalon.core.main.ScriptEngine.run(ScriptEngine.java:194)
	at com.kms.katalon.core.main.ScriptEngine.runScriptAsRawText(ScriptEngine.java:119)
	at com.kms.katalon.core.main.TestCaseExecutor.runScript(TestCaseExecutor.java:448)
	at com.kms.katalon.core.main.TestCaseExecutor.doExecute(TestCaseExecutor.java:439)
	at com.kms.katalon.core.main.TestCaseExecutor.processExecutionPhase(TestCaseExecutor.java:418)
	at com.kms.katalon.core.main.TestCaseExecutor.accessMainPhase(TestCaseExecutor.java:410)
	at com.kms.katalon.core.main.TestCaseExecutor.execute(TestCaseExecutor.java:285)
	at com.kms.katalon.core.common.CommonExecutor.accessTestCaseMainPhase(CommonExecutor.java:65)
	at com.kms.katalon.core.main.TestSuiteExecutor.accessTestSuiteMainPhase(TestSuiteExecutor.java:148)
	at com.kms.katalon.core.main.TestSuiteExecutor.execute(TestSuiteExecutor.java:106)
	at com.kms.katalon.core.main.TestCaseMain.startTestSuite(TestCaseMain.java:187)
	at com.kms.katalon.core.main.TestCaseMain$startTestSuite$0.call(Unknown Source)
	at TempTestSuite1725371051772.run(TempTestSuite1725371051772.groovy:35)
Caused by: com.kms.katalon.core.exception.StepFailedException: Web element with id: 'Object Repository/SON/Error' located by 'By.xpath: //div[@class='home-logo']' is present after '200' second(s)
	at com.kms.katalon.core.webui.keyword.internal.WebUIKeywordMain.stepFailed(WebUIKeywordMain.groovy:64)
	at com.kms.katalon.core.webui.keyword.internal.WebUIKeywordMain$stepFailed$0.call(Unknown Source)
	at com.kms.katalon.core.webui.keyword.builtin.VerifyElementNotPresentKeyword$_verifyElementNotPresent_closure1.doCall(VerifyElementNotPresentKeyword.groovy:113)
	at com.kms.katalon.core.webui.keyword.builtin.VerifyElementNotPresentKeyword$_verifyElementNotPresent_closure1.doCall(VerifyElementNotPresentKeyword.groovy)
	at com.kms.katalon.core.webui.keyword.internal.WebUIKeywordMain.runKeyword(WebUIKeywordMain.groovy:20)
	... 23 more


2024-09-03 16:59:58 - [TEST_STEP][PASSED] - callTestCase(findTestCase("Login"), [:], STOP_ON_FAILURE): Call Test Case 'Test Cases/Login' successfully

2024-09-03 16:59:58 - [TEST_CASE][PASSED] - Test Cases/Login: Test Cases/Login

2024-09-03 16:59:58 - [TEST_STEP][PASSED] - driver = general.start(SwagerURL, NetCellURL): general.start is PASSED

2024-09-03 16:59:58 - [MESSAGE][INFO] - >>> chromeDriverPath=C:\Users\FatimaIbeid\.katalon\packages\Katalon_Studio_Windows_64-8.6.9\Katalon_Studio_Windows_64-8.6.9\configuration\resources\drivers\chromedriver_win32\chromedriver.exe

2024-09-03 16:59:59 - [MESSAGE][PASSED] - Current window maximized

2024-09-03 17:00:00 - [MESSAGE][PASSED] - Execute JavaScript 'window.open();' successfully

2024-09-03 17:00:00 - [MESSAGE][PASSED] - Switched to window with index: '1'

2024-09-03 17:00:00 - [MESSAGE][PASSED] - general.start is PASSED

2024-09-03 17:00:00 - [TEST_STEP][PASSED] - click(findTestObject("Object Repository/Login/LoginButton")): Object: 'Object Repository/Login/LoginButton' is clicked on

2024-09-03 17:00:12 - [MESSAGE][PASSED] - Object: 'Object Repository/Login/LoginButton' is clicked on

2024-09-03 17:00:12 - [TEST_STEP][PASSED] - switchToWindowIndex(2): Switched to window with index: '2'

2024-09-03 17:00:12 - [MESSAGE][PASSED] - Switched to window with index: '2'

2024-09-03 17:00:12 - [TEST_STEP][PASSED] - delay(1): Delayed 1 second(s)

2024-09-03 17:00:13 - [MESSAGE][PASSED] - Delayed 1 second(s)

2024-09-03 17:00:13 - [TEST_STEP][PASSED] - sendKeys(findTestObject("Object Repository/Login/EnterEmail"), "homam@zztjg.onmicrosoft.com"): Keys 'homam@zztjg.onmicrosoft.com' sent to object: 'Object Repository/Login/EnterEmail'

2024-09-03 17:00:14 - [MESSAGE][PASSED] - Keys 'homam@zztjg.onmicrosoft.com' sent to object: 'Object Repository/Login/EnterEmail'

2024-09-03 17:00:14 - [TEST_STEP][PASSED] - delay(1): Delayed 1 second(s)

2024-09-03 17:00:15 - [MESSAGE][PASSED] - Delayed 1 second(s)

2024-09-03 17:00:15 - [TEST_STEP][PASSED] - click(findTestObject("Object Repository/Login/NextButton")): Object: 'Object Repository/Login/NextButton' is clicked on

2024-09-03 17:00:15 - [MESSAGE][PASSED] - Object: 'Object Repository/Login/NextButton' is clicked on

2024-09-03 17:00:15 - [TEST_STEP][PASSED] - delay(2): Delayed 2 second(s)

2024-09-03 17:00:17 - [MESSAGE][PASSED] - Delayed 2 second(s)

2024-09-03 17:00:17 - [TEST_STEP][PASSED] - sendKeys(findTestObject("Object Repository/Login/EnterPassword"), "Holder12345"): Keys 'Holder12345' sent to object: 'Object Repository/Login/EnterPassword'

2024-09-03 17:00:17 - [MESSAGE][PASSED] - Keys 'Holder12345' sent to object: 'Object Repository/Login/EnterPassword'

2024-09-03 17:00:17 - [TEST_STEP][PASSED] - delay(1): Delayed 1 second(s)

2024-09-03 17:00:18 - [MESSAGE][PASSED] - Delayed 1 second(s)

2024-09-03 17:00:18 - [TEST_STEP][PASSED] - click(findTestObject("Object Repository/Login/SigninButton")): Object: 'Object Repository/Login/SigninButton' is clicked on

2024-09-03 17:00:19 - [MESSAGE][PASSED] - Object: 'Object Repository/Login/SigninButton' is clicked on

2024-09-03 17:00:19 - [TEST_STEP][PASSED] - delay(1): Delayed 1 second(s)

2024-09-03 17:00:20 - [MESSAGE][PASSED] - Delayed 1 second(s)

2024-09-03 17:00:20 - [TEST_STEP][PASSED] - click(findTestObject("Object Repository/Login/YesStayInButton")): Object: 'Object Repository/Login/YesStayInButton' is clicked on

2024-09-03 17:00:20 - [MESSAGE][PASSED] - Object: 'Object Repository/Login/YesStayInButton' is clicked on

2024-09-03 17:00:20 - [MESSAGE][PASSED] - Call Test Case 'Test Cases/Login' successfully

2024-09-03 17:00:20 - [TEST_STEP][PASSED] - switchToWindowIndex(1): Switched to window with index: '1'

2024-09-03 17:00:20 - [MESSAGE][PASSED] - Switched to window with index: '1'

2024-09-03 17:00:20 - [TEST_STEP][FAILED] - SON.son("huawei", "2G", "PLMN", "Sleeping Cells", "Hourly", ""): Unable to verify object 'Object Repository/SON/Error' is not present

2024-09-03 17:00:23 - [MESSAGE][PASSED] - Object: 'Object Repository/SON/sonBtn' is clicked on

2024-09-03 17:00:23 - [MESSAGE][PASSED] - Switched to window with index: '2'

2024-09-03 17:00:35 - [MESSAGE][PASSED] - Object: 'Object Repository/PM/Huawei-vendor/Technology/Technology-Arrow' is clicked on

2024-09-03 17:00:35 - [MESSAGE][PASSED] - Object: 'Object Repository/PM/Huawei-vendor/Technology/2G' is clicked on

2024-09-03 17:00:35 - [MESSAGE][PASSED] - Object: 'Object Repository/PM/Huawei-vendor/TopX/TopX Object Type' is clicked on

2024-09-03 17:00:36 - [MESSAGE][PASSED] - Delayed 1 second(s)

2024-09-03 17:00:36 - [MESSAGE][PASSED] - Object: 'Object Repository/PM/Huawei-vendor/Object-Type/TopX Object Types/TopX PLMNs/TopX PLMN' is clicked on

2024-09-03 17:00:37 - [MESSAGE][PASSED] - Delayed 1 second(s)

2024-09-03 17:00:37 - [MESSAGE][PASSED] - Object: 'Object Repository/PM/Huawei-vendor/Object-Type/TopX Object Types/TopX PLMNs/TopX PLMN checkbox' is clicked on

2024-09-03 17:00:39 - [MESSAGE][PASSED] - Delayed 2 second(s)

2024-09-03 17:00:40 - [MESSAGE][PASSED] - Object: 'Object Repository/SON/SonType/Type-Arrow' is clicked on

2024-09-03 17:00:40 - [MESSAGE][WARNING] - Timeout '0' is invalid. Using default page load timeout: '120'

2024-09-03 17:00:40 - [MESSAGE][PASSED] - Scroll to object 'Object Repository/SON/Exclude Options' successfully

2024-09-03 17:00:40 - [MESSAGE][PASSED] - Object: 'Object Repository/PM/Huawei-vendor/StartDate/Monthly-Selection' is clicked on

2024-09-03 17:00:40 - [MESSAGE][PASSED] - Object: 'Object Repository/PM/Huawei-vendor/StartDate/Fep-Selection' is clicked on

2024-09-03 17:00:41 - [MESSAGE][PASSED] - Delayed 1 second(s)

2024-09-03 17:00:42 - [MESSAGE][PASSED] - Object: 'Object Repository/PM/Huawei-vendor/StartDate/1-Fep' is clicked on

2024-09-03 17:00:42 - [MESSAGE][PASSED] - Object: 'Object Repository/PM/Huawei-vendor/Apply-Button' is clicked on

2024-09-03 17:04:02 - [MESSAGE][FAILED] - Web element with id: 'Object Repository/SON/Error' located by 'By.xpath: //div[@class='home-logo']' is present after '200' second(s) (Root cause: com.kms.katalon.core.exception.StepFailedException: Web element with id: 'Object Repository/SON/Error' located by 'By.xpath: //div[@class='home-logo']' is present after '200' second(s)
	at com.kms.katalon.core.webui.keyword.internal.WebUIKeywordMain.stepFailed(WebUIKeywordMain.groovy:64)
	at com.kms.katalon.core.webui.keyword.internal.WebUIKeywordMain$stepFailed$0.call(Unknown Source)
	at com.kms.katalon.core.webui.keyword.builtin.VerifyElementNotPresentKeyword$_verifyElementNotPresent_closure1.doCall(VerifyElementNotPresentKeyword.groovy:113)
	at com.kms.katalon.core.webui.keyword.builtin.VerifyElementNotPresentKeyword$_verifyElementNotPresent_closure1.doCall(VerifyElementNotPresentKeyword.groovy)
	at com.kms.katalon.core.webui.keyword.internal.WebUIKeywordMain.runKeyword(WebUIKeywordMain.groovy:20)
	at com.kms.katalon.core.webui.keyword.internal.WebUIKeywordMain$runKeyword.call(Unknown Source)
	at com.kms.katalon.core.webui.keyword.builtin.VerifyElementNotPresentKeyword.verifyElementNotPresent(VerifyElementNotPresentKeyword.groovy:122)
	at com.kms.katalon.core.webui.keyword.builtin.VerifyElementNotPresentKeyword.execute(VerifyElementNotPresentKeyword.groovy:68)
	at com.kms.katalon.core.keyword.internal.KeywordExecutor.executeKeywordForPlatform(KeywordExecutor.groovy:74)
	at com.kms.katalon.core.webui.keyword.WebUiBuiltInKeywords.verifyElementNotPresent(WebUiBuiltInKeywords.groovy:1497)
	at com.kms.katalon.core.webui.keyword.WebUiBuiltInKeywords$verifyElementNotPresent$4.call(Unknown Source)
	at SON.son(SON.groovy:93)
	at SON.invokeMethod(SON.groovy)
	at com.kms.katalon.core.main.CustomKeywordDelegatingMetaClass.invokeStaticMethod(CustomKeywordDelegatingMetaClass.java:55)
	at PLMN Sleeping Cells Hourly.run(PLMN Sleeping Cells Hourly:25)
	at com.kms.katalon.core.main.ScriptEngine.run(ScriptEngine.java:194)
	at com.kms.katalon.core.main.ScriptEngine.runScriptAsRawText(ScriptEngine.java:119)
	at com.kms.katalon.core.main.TestCaseExecutor.runScript(TestCaseExecutor.java:448)
	at com.kms.katalon.core.main.TestCaseExecutor.doExecute(TestCaseExecutor.java:439)
	at com.kms.katalon.core.main.TestCaseExecutor.processExecutionPhase(TestCaseExecutor.java:418)
	at com.kms.katalon.core.main.TestCaseExecutor.accessMainPhase(TestCaseExecutor.java:410)
	at com.kms.katalon.core.main.TestCaseExecutor.execute(TestCaseExecutor.java:285)
	at com.kms.katalon.core.common.CommonExecutor.accessTestCaseMainPhase(CommonExecutor.java:65)
	at com.kms.katalon.core.main.TestSuiteExecutor.accessTestSuiteMainPhase(TestSuiteExecutor.java:148)
	at com.kms.katalon.core.main.TestSuiteExecutor.execute(TestSuiteExecutor.java:106)
	at com.kms.katalon.core.main.TestCaseMain.startTestSuite(TestCaseMain.java:187)
	at com.kms.katalon.core.main.TestCaseMain$startTestSuite$0.call(Unknown Source)
	at TempTestSuite1725371051772.run(TempTestSuite1725371051772.groovy:35)
)
[[ATTACHMENT|C:\\Users\\FatimaIbeid\\git\\NetCell\\Reports\\20240903_164410\\SON\\Hwauei\\2G\\2G Regression\\20240903_164411\\1725372242701.png]]

2024-09-03 17:04:03 - [MESSAGE][FAILED] - Unable to verify object 'Object Repository/SON/Error' is not present (Root cause: com.kms.katalon.core.exception.StepFailedException: Unable to verify object 'Object Repository/SON/Error' is not present
	at com.kms.katalon.core.webui.keyword.internal.WebUIKeywordMain.stepFailed(WebUIKeywordMain.groovy:64)
	at com.kms.katalon.core.webui.keyword.internal.WebUIKeywordMain.runKeyword(WebUIKeywordMain.groovy:26)
	at com.kms.katalon.core.webui.keyword.internal.WebUIKeywordMain$runKeyword.call(Unknown Source)
	at com.kms.katalon.core.webui.keyword.builtin.VerifyElementNotPresentKeyword.verifyElementNotPresent(VerifyElementNotPresentKeyword.groovy:122)
	at com.kms.katalon.core.webui.keyword.builtin.VerifyElementNotPresentKeyword.execute(VerifyElementNotPresentKeyword.groovy:68)
	at com.kms.katalon.core.keyword.internal.KeywordExecutor.executeKeywordForPlatform(KeywordExecutor.groovy:74)
	at com.kms.katalon.core.webui.keyword.WebUiBuiltInKeywords.verifyElementNotPresent(WebUiBuiltInKeywords.groovy:1497)
	at com.kms.katalon.core.webui.keyword.WebUiBuiltInKeywords$verifyElementNotPresent$4.call(Unknown Source)
	at SON.son(SON.groovy:93)
	at SON.invokeMethod(SON.groovy)
	at com.kms.katalon.core.main.CustomKeywordDelegatingMetaClass.invokeStaticMethod(CustomKeywordDelegatingMetaClass.java:55)
	at PLMN Sleeping Cells Hourly.run(PLMN Sleeping Cells Hourly:25)
	at com.kms.katalon.core.main.ScriptEngine.run(ScriptEngine.java:194)
	at com.kms.katalon.core.main.ScriptEngine.runScriptAsRawText(ScriptEngine.java:119)
	at com.kms.katalon.core.main.TestCaseExecutor.runScript(TestCaseExecutor.java:448)
	at com.kms.katalon.core.main.TestCaseExecutor.doExecute(TestCaseExecutor.java:439)
	at com.kms.katalon.core.main.TestCaseExecutor.processExecutionPhase(TestCaseExecutor.java:418)
	at com.kms.katalon.core.main.TestCaseExecutor.accessMainPhase(TestCaseExecutor.java:410)
	at com.kms.katalon.core.main.TestCaseExecutor.execute(TestCaseExecutor.java:285)
	at com.kms.katalon.core.common.CommonExecutor.accessTestCaseMainPhase(CommonExecutor.java:65)
	at com.kms.katalon.core.main.TestSuiteExecutor.accessTestSuiteMainPhase(TestSuiteExecutor.java:148)
	at com.kms.katalon.core.main.TestSuiteExecutor.execute(TestSuiteExecutor.java:106)
	at com.kms.katalon.core.main.TestCaseMain.startTestSuite(TestCaseMain.java:187)
	at com.kms.katalon.core.main.TestCaseMain$startTestSuite$0.call(Unknown Source)
	at TempTestSuite1725371051772.run(TempTestSuite1725371051772.groovy:35)
Caused by: com.kms.katalon.core.exception.StepFailedException: Web element with id: 'Object Repository/SON/Error' located by 'By.xpath: //div[@class='home-logo']' is present after '200' second(s)
	at com.kms.katalon.core.webui.keyword.internal.WebUIKeywordMain.stepFailed(WebUIKeywordMain.groovy:64)
	at com.kms.katalon.core.webui.keyword.internal.WebUIKeywordMain$stepFailed$0.call(Unknown Source)
	at com.kms.katalon.core.webui.keyword.builtin.VerifyElementNotPresentKeyword$_verifyElementNotPresent_closure1.doCall(VerifyElementNotPresentKeyword.groovy:113)
	at com.kms.katalon.core.webui.keyword.builtin.VerifyElementNotPresentKeyword$_verifyElementNotPresent_closure1.doCall(VerifyElementNotPresentKeyword.groovy)
	at com.kms.katalon.core.webui.keyword.internal.WebUIKeywordMain.runKeyword(WebUIKeywordMain.groovy:20)
	... 23 more
)
[[ATTACHMENT|C:\\Users\\FatimaIbeid\\git\\NetCell\\Reports\\20240903_164410\\SON\\Hwauei\\2G\\2G Regression\\20240903_164411\\1725372242924.png]]

2024-09-03 17:04:03 - [MESSAGE][FAILED] - Unable to verify object 'Object Repository/SON/Error' is not present]]></system-out>
         <system-err><![CDATA[2024-09-03 16:59:58 - [TEST_CASE][FAILED] - Test Cases/SON/Huawei/2G/PLMN/PLMN Sleeping Cells Hourly: Test Cases/SON/Huawei/2G/PLMN/PLMN Sleeping Cells Hourly FAILED.
Reason:
com.kms.katalon.core.exception.StepFailedException: Unable to verify object 'Object Repository/SON/Error' is not present
	at com.kms.katalon.core.webui.keyword.internal.WebUIKeywordMain.stepFailed(WebUIKeywordMain.groovy:64)
	at com.kms.katalon.core.webui.keyword.internal.WebUIKeywordMain.runKeyword(WebUIKeywordMain.groovy:26)
	at com.kms.katalon.core.webui.keyword.internal.WebUIKeywordMain$runKeyword.call(Unknown Source)
	at com.kms.katalon.core.webui.keyword.builtin.VerifyElementNotPresentKeyword.verifyElementNotPresent(VerifyElementNotPresentKeyword.groovy:122)
	at com.kms.katalon.core.webui.keyword.builtin.VerifyElementNotPresentKeyword.execute(VerifyElementNotPresentKeyword.groovy:68)
	at com.kms.katalon.core.keyword.internal.KeywordExecutor.executeKeywordForPlatform(KeywordExecutor.groovy:74)
	at com.kms.katalon.core.webui.keyword.WebUiBuiltInKeywords.verifyElementNotPresent(WebUiBuiltInKeywords.groovy:1497)
	at com.kms.katalon.core.webui.keyword.WebUiBuiltInKeywords$verifyElementNotPresent$4.call(Unknown Source)
	at SON.son(SON.groovy:93)
	at SON.invokeMethod(SON.groovy)
	at com.kms.katalon.core.main.CustomKeywordDelegatingMetaClass.invokeStaticMethod(CustomKeywordDelegatingMetaClass.java:55)
	at PLMN Sleeping Cells Hourly.run(PLMN Sleeping Cells Hourly:25)
	at com.kms.katalon.core.main.ScriptEngine.run(ScriptEngine.java:194)
	at com.kms.katalon.core.main.ScriptEngine.runScriptAsRawText(ScriptEngine.java:119)
	at com.kms.katalon.core.main.TestCaseExecutor.runScript(TestCaseExecutor.java:448)
	at com.kms.katalon.core.main.TestCaseExecutor.doExecute(TestCaseExecutor.java:439)
	at com.kms.katalon.core.main.TestCaseExecutor.processExecutionPhase(TestCaseExecutor.java:418)
	at com.kms.katalon.core.main.TestCaseExecutor.accessMainPhase(TestCaseExecutor.java:410)
	at com.kms.katalon.core.main.TestCaseExecutor.execute(TestCaseExecutor.java:285)
	at com.kms.katalon.core.common.CommonExecutor.accessTestCaseMainPhase(CommonExecutor.java:65)
	at com.kms.katalon.core.main.TestSuiteExecutor.accessTestSuiteMainPhase(TestSuiteExecutor.java:148)
	at com.kms.katalon.core.main.TestSuiteExecutor.execute(TestSuiteExecutor.java:106)
	at com.kms.katalon.core.main.TestCaseMain.startTestSuite(TestCaseMain.java:187)
	at com.kms.katalon.core.main.TestCaseMain$startTestSuite$0.call(Unknown Source)
	at TempTestSuite1725371051772.run(TempTestSuite1725371051772.groovy:35)
Caused by: com.kms.katalon.core.exception.StepFailedException: Web element with id: 'Object Repository/SON/Error' located by 'By.xpath: //div[@class='home-logo']' is present after '200' second(s)
	at com.kms.katalon.core.webui.keyword.internal.WebUIKeywordMain.stepFailed(WebUIKeywordMain.groovy:64)
	at com.kms.katalon.core.webui.keyword.internal.WebUIKeywordMain$stepFailed$0.call(Unknown Source)
	at com.kms.katalon.core.webui.keyword.builtin.VerifyElementNotPresentKeyword$_verifyElementNotPresent_closure1.doCall(VerifyElementNotPresentKeyword.groovy:113)
	at com.kms.katalon.core.webui.keyword.builtin.VerifyElementNotPresentKeyword$_verifyElementNotPresent_closure1.doCall(VerifyElementNotPresentKeyword.groovy)
	at com.kms.katalon.core.webui.keyword.internal.WebUIKeywordMain.runKeyword(WebUIKeywordMain.groovy:20)
	... 23 more]]></system-err>
      </testcase>
      <testcase name="Test Cases/SON/Huawei/2G/Region/Region Sleeping Cells Hourly" time="235.055" classname="Test Cases/SON/Huawei/2G/Region/Region Sleeping Cells Hourly" status="FAILED">
         <failure type="FAILED" message="Test Cases/SON/Huawei/2G/Region/Region Sleeping Cells Hourly FAILED.
Reason:
com.kms.katalon.core.exception.StepFailedException: Unable to verify object 'Object Repository/SON/Error' is not present
	at com.kms.katalon.core.webui.keyword.internal.WebUIKeywordMain.stepFailed(WebUIKeywordMain.groovy:64)
	at com.kms.katalon.core.webui.keyword.internal.WebUIKeywordMain.runKeyword(WebUIKeywordMain.groovy:26)
	at com.kms.katalon.core.webui.keyword.internal.WebUIKeywordMain$runKeyword.call(Unknown Source)
	at com.kms.katalon.core.webui.keyword.builtin.VerifyElementNotPresentKeyword.verifyElementNotPresent(VerifyElementNotPresentKeyword.groovy:122)
	at com.kms.katalon.core.webui.keyword.builtin.VerifyElementNotPresentKeyword.execute(VerifyElementNotPresentKeyword.groovy:68)
	at com.kms.katalon.core.keyword.internal.KeywordExecutor.executeKeywordForPlatform(KeywordExecutor.groovy:74)
	at com.kms.katalon.core.webui.keyword.WebUiBuiltInKeywords.verifyElementNotPresent(WebUiBuiltInKeywords.groovy:1497)
	at com.kms.katalon.core.webui.keyword.WebUiBuiltInKeywords$verifyElementNotPresent$4.call(Unknown Source)
	at SON.son(SON.groovy:93)
	at SON.invokeMethod(SON.groovy)
	at com.kms.katalon.core.main.CustomKeywordDelegatingMetaClass.invokeStaticMethod(CustomKeywordDelegatingMetaClass.java:55)
	at Region Sleeping Cells Hourly.run(Region Sleeping Cells Hourly:25)
	at com.kms.katalon.core.main.ScriptEngine.run(ScriptEngine.java:194)
	at com.kms.katalon.core.main.ScriptEngine.runScriptAsRawText(ScriptEngine.java:119)
	at com.kms.katalon.core.main.TestCaseExecutor.runScript(TestCaseExecutor.java:448)
	at com.kms.katalon.core.main.TestCaseExecutor.doExecute(TestCaseExecutor.java:439)
	at com.kms.katalon.core.main.TestCaseExecutor.processExecutionPhase(TestCaseExecutor.java:418)
	at com.kms.katalon.core.main.TestCaseExecutor.accessMainPhase(TestCaseExecutor.java:410)
	at com.kms.katalon.core.main.TestCaseExecutor.execute(TestCaseExecutor.java:285)
	at com.kms.katalon.core.common.CommonExecutor.accessTestCaseMainPhase(CommonExecutor.java:65)
	at com.kms.katalon.core.main.TestSuiteExecutor.accessTestSuiteMainPhase(TestSuiteExecutor.java:148)
	at com.kms.katalon.core.main.TestSuiteExecutor.execute(TestSuiteExecutor.java:106)
	at com.kms.katalon.core.main.TestCaseMain.startTestSuite(TestCaseMain.java:187)
	at com.kms.katalon.core.main.TestCaseMain$startTestSuite$0.call(Unknown Source)
	at TempTestSuite1725371051772.run(TempTestSuite1725371051772.groovy:35)
Caused by: com.kms.katalon.core.exception.StepFailedException: Web element with id: 'Object Repository/SON/Error' located by 'By.xpath: //div[@class='home-logo']' is present after '200' second(s)
	at com.kms.katalon.core.webui.keyword.internal.WebUIKeywordMain.stepFailed(WebUIKeywordMain.groovy:64)
	at com.kms.katalon.core.webui.keyword.internal.WebUIKeywordMain$stepFailed$0.call(Unknown Source)
	at com.kms.katalon.core.webui.keyword.builtin.VerifyElementNotPresentKeyword$_verifyElementNotPresent_closure1.doCall(VerifyElementNotPresentKeyword.groovy:113)
	at com.kms.katalon.core.webui.keyword.builtin.VerifyElementNotPresentKeyword$_verifyElementNotPresent_closure1.doCall(VerifyElementNotPresentKeyword.groovy)
	at com.kms.katalon.core.webui.keyword.internal.WebUIKeywordMain.runKeyword(WebUIKeywordMain.groovy:20)
	... 23 more
"/>
         <system-out><![CDATA[2024-09-03 17:04:03 - [TEST_CASE][FAILED] - Test Cases/SON/Huawei/2G/Region/Region Sleeping Cells Hourly: Test Cases/SON/Huawei/2G/Region/Region Sleeping Cells Hourly FAILED.
Reason:
com.kms.katalon.core.exception.StepFailedException: Unable to verify object 'Object Repository/SON/Error' is not present
	at com.kms.katalon.core.webui.keyword.internal.WebUIKeywordMain.stepFailed(WebUIKeywordMain.groovy:64)
	at com.kms.katalon.core.webui.keyword.internal.WebUIKeywordMain.runKeyword(WebUIKeywordMain.groovy:26)
	at com.kms.katalon.core.webui.keyword.internal.WebUIKeywordMain$runKeyword.call(Unknown Source)
	at com.kms.katalon.core.webui.keyword.builtin.VerifyElementNotPresentKeyword.verifyElementNotPresent(VerifyElementNotPresentKeyword.groovy:122)
	at com.kms.katalon.core.webui.keyword.builtin.VerifyElementNotPresentKeyword.execute(VerifyElementNotPresentKeyword.groovy:68)
	at com.kms.katalon.core.keyword.internal.KeywordExecutor.executeKeywordForPlatform(KeywordExecutor.groovy:74)
	at com.kms.katalon.core.webui.keyword.WebUiBuiltInKeywords.verifyElementNotPresent(WebUiBuiltInKeywords.groovy:1497)
	at com.kms.katalon.core.webui.keyword.WebUiBuiltInKeywords$verifyElementNotPresent$4.call(Unknown Source)
	at SON.son(SON.groovy:93)
	at SON.invokeMethod(SON.groovy)
	at com.kms.katalon.core.main.CustomKeywordDelegatingMetaClass.invokeStaticMethod(CustomKeywordDelegatingMetaClass.java:55)
	at Region Sleeping Cells Hourly.run(Region Sleeping Cells Hourly:25)
	at com.kms.katalon.core.main.ScriptEngine.run(ScriptEngine.java:194)
	at com.kms.katalon.core.main.ScriptEngine.runScriptAsRawText(ScriptEngine.java:119)
	at com.kms.katalon.core.main.TestCaseExecutor.runScript(TestCaseExecutor.java:448)
	at com.kms.katalon.core.main.TestCaseExecutor.doExecute(TestCaseExecutor.java:439)
	at com.kms.katalon.core.main.TestCaseExecutor.processExecutionPhase(TestCaseExecutor.java:418)
	at com.kms.katalon.core.main.TestCaseExecutor.accessMainPhase(TestCaseExecutor.java:410)
	at com.kms.katalon.core.main.TestCaseExecutor.execute(TestCaseExecutor.java:285)
	at com.kms.katalon.core.common.CommonExecutor.accessTestCaseMainPhase(CommonExecutor.java:65)
	at com.kms.katalon.core.main.TestSuiteExecutor.accessTestSuiteMainPhase(TestSuiteExecutor.java:148)
	at com.kms.katalon.core.main.TestSuiteExecutor.execute(TestSuiteExecutor.java:106)
	at com.kms.katalon.core.main.TestCaseMain.startTestSuite(TestCaseMain.java:187)
	at com.kms.katalon.core.main.TestCaseMain$startTestSuite$0.call(Unknown Source)
	at TempTestSuite1725371051772.run(TempTestSuite1725371051772.groovy:35)
Caused by: com.kms.katalon.core.exception.StepFailedException: Web element with id: 'Object Repository/SON/Error' located by 'By.xpath: //div[@class='home-logo']' is present after '200' second(s)
	at com.kms.katalon.core.webui.keyword.internal.WebUIKeywordMain.stepFailed(WebUIKeywordMain.groovy:64)
	at com.kms.katalon.core.webui.keyword.internal.WebUIKeywordMain$stepFailed$0.call(Unknown Source)
	at com.kms.katalon.core.webui.keyword.builtin.VerifyElementNotPresentKeyword$_verifyElementNotPresent_closure1.doCall(VerifyElementNotPresentKeyword.groovy:113)
	at com.kms.katalon.core.webui.keyword.builtin.VerifyElementNotPresentKeyword$_verifyElementNotPresent_closure1.doCall(VerifyElementNotPresentKeyword.groovy)
	at com.kms.katalon.core.webui.keyword.internal.WebUIKeywordMain.runKeyword(WebUIKeywordMain.groovy:20)
	... 23 more


2024-09-03 17:04:03 - [TEST_STEP][PASSED] - callTestCase(findTestCase("Login"), [:], STOP_ON_FAILURE): Call Test Case 'Test Cases/Login' successfully

2024-09-03 17:04:03 - [TEST_CASE][PASSED] - Test Cases/Login: Test Cases/Login

2024-09-03 17:04:03 - [TEST_STEP][PASSED] - driver = general.start(SwagerURL, NetCellURL): general.start is PASSED

2024-09-03 17:04:03 - [MESSAGE][INFO] - >>> chromeDriverPath=C:\Users\FatimaIbeid\.katalon\packages\Katalon_Studio_Windows_64-8.6.9\Katalon_Studio_Windows_64-8.6.9\configuration\resources\drivers\chromedriver_win32\chromedriver.exe

2024-09-03 17:04:04 - [MESSAGE][PASSED] - Current window maximized

2024-09-03 17:04:05 - [MESSAGE][PASSED] - Execute JavaScript 'window.open();' successfully

2024-09-03 17:04:05 - [MESSAGE][PASSED] - Switched to window with index: '1'

2024-09-03 17:04:18 - [MESSAGE][PASSED] - general.start is PASSED

2024-09-03 17:04:18 - [TEST_STEP][PASSED] - click(findTestObject("Object Repository/Login/LoginButton")): Object: 'Object Repository/Login/LoginButton' is clicked on

2024-09-03 17:04:18 - [MESSAGE][PASSED] - Object: 'Object Repository/Login/LoginButton' is clicked on

2024-09-03 17:04:18 - [TEST_STEP][PASSED] - switchToWindowIndex(2): Switched to window with index: '2'

2024-09-03 17:04:18 - [MESSAGE][PASSED] - Switched to window with index: '2'

2024-09-03 17:04:18 - [TEST_STEP][PASSED] - delay(1): Delayed 1 second(s)

2024-09-03 17:04:19 - [MESSAGE][PASSED] - Delayed 1 second(s)

2024-09-03 17:04:19 - [TEST_STEP][PASSED] - sendKeys(findTestObject("Object Repository/Login/EnterEmail"), "homam@zztjg.onmicrosoft.com"): Keys 'homam@zztjg.onmicrosoft.com' sent to object: 'Object Repository/Login/EnterEmail'

2024-09-03 17:04:20 - [MESSAGE][PASSED] - Keys 'homam@zztjg.onmicrosoft.com' sent to object: 'Object Repository/Login/EnterEmail'

2024-09-03 17:04:20 - [TEST_STEP][PASSED] - delay(1): Delayed 1 second(s)

2024-09-03 17:04:21 - [MESSAGE][PASSED] - Delayed 1 second(s)

2024-09-03 17:04:21 - [TEST_STEP][PASSED] - click(findTestObject("Object Repository/Login/NextButton")): Object: 'Object Repository/Login/NextButton' is clicked on

2024-09-03 17:04:22 - [MESSAGE][PASSED] - Object: 'Object Repository/Login/NextButton' is clicked on

2024-09-03 17:04:22 - [TEST_STEP][PASSED] - delay(2): Delayed 2 second(s)

2024-09-03 17:04:24 - [MESSAGE][PASSED] - Delayed 2 second(s)

2024-09-03 17:04:24 - [TEST_STEP][PASSED] - sendKeys(findTestObject("Object Repository/Login/EnterPassword"), "Holder12345"): Keys 'Holder12345' sent to object: 'Object Repository/Login/EnterPassword'

2024-09-03 17:04:24 - [MESSAGE][PASSED] - Keys 'Holder12345' sent to object: 'Object Repository/Login/EnterPassword'

2024-09-03 17:04:24 - [TEST_STEP][PASSED] - delay(1): Delayed 1 second(s)

2024-09-03 17:04:25 - [MESSAGE][PASSED] - Delayed 1 second(s)

2024-09-03 17:04:25 - [TEST_STEP][PASSED] - click(findTestObject("Object Repository/Login/SigninButton")): Object: 'Object Repository/Login/SigninButton' is clicked on

2024-09-03 17:04:25 - [MESSAGE][PASSED] - Object: 'Object Repository/Login/SigninButton' is clicked on

2024-09-03 17:04:25 - [TEST_STEP][PASSED] - delay(1): Delayed 1 second(s)

2024-09-03 17:04:26 - [MESSAGE][PASSED] - Delayed 1 second(s)

2024-09-03 17:04:26 - [TEST_STEP][PASSED] - click(findTestObject("Object Repository/Login/YesStayInButton")): Object: 'Object Repository/Login/YesStayInButton' is clicked on

2024-09-03 17:04:27 - [MESSAGE][PASSED] - Object: 'Object Repository/Login/YesStayInButton' is clicked on

2024-09-03 17:04:27 - [MESSAGE][PASSED] - Call Test Case 'Test Cases/Login' successfully

2024-09-03 17:04:27 - [TEST_STEP][PASSED] - switchToWindowIndex(1): Switched to window with index: '1'

2024-09-03 17:04:27 - [MESSAGE][PASSED] - Switched to window with index: '1'

2024-09-03 17:04:27 - [TEST_STEP][FAILED] - SON.son("huawei", "2G", "Region", "Sleeping Cells", "Hourly", ""): Unable to verify object 'Object Repository/SON/Error' is not present

2024-09-03 17:04:28 - [MESSAGE][PASSED] - Object: 'Object Repository/SON/sonBtn' is clicked on

2024-09-03 17:04:28 - [MESSAGE][PASSED] - Switched to window with index: '2'

2024-09-03 17:04:29 - [MESSAGE][PASSED] - Object: 'Object Repository/PM/Huawei-vendor/Technology/Technology-Arrow' is clicked on

2024-09-03 17:04:29 - [MESSAGE][PASSED] - Object: 'Object Repository/PM/Huawei-vendor/Technology/2G' is clicked on

2024-09-03 17:04:29 - [MESSAGE][PASSED] - Object: 'Object Repository/PM/Huawei-vendor/TopX/TopX Object Type' is clicked on

2024-09-03 17:04:30 - [MESSAGE][PASSED] - Delayed 1 second(s)

2024-09-03 17:04:31 - [MESSAGE][PASSED] - Object: 'Object Repository/PM/Huawei-vendor/Object-Type/TopX Object Types/TopX Regions/TopX Region' is clicked on

2024-09-03 17:04:32 - [MESSAGE][PASSED] - Delayed 1 second(s)

2024-09-03 17:04:32 - [MESSAGE][WARNING] - Timeout '0' is invalid. Using default page load timeout: '120'

2024-09-03 17:04:32 - [MESSAGE][PASSED] - Scroll to object 'Object Repository/PM/Huawei-vendor/Object Border' successfully

2024-09-03 17:04:32 - [MESSAGE][PASSED] - Object: 'Object Repository/PM/Huawei-vendor/Object-Type/TopX Object Types/TopX Regions/TopX Region East Amman' is clicked on

2024-09-03 17:04:32 - [MESSAGE][PASSED] - Object: 'Object Repository/PM/Huawei-vendor/Object-Type/TopX Object Types/TopX Regions/TopX Region West Amman' is clicked on

2024-09-03 17:04:32 - [MESSAGE][PASSED] - Object: 'Object Repository/PM/Huawei-vendor/Object-Type/TopX Object Types/TopX Regions/TopX Region South Amman' is clicked on

2024-09-03 17:04:32 - [MESSAGE][PASSED] - Object: 'Object Repository/PM/Huawei-vendor/Object-Type/TopX Object Types/TopX Regions/TopX Region South Jordan' is clicked on

2024-09-03 17:04:32 - [MESSAGE][PASSED] - Object: 'Object Repository/PM/Huawei-vendor/Object-Type/TopX Object Types/TopX Regions/TopX Region North Jordan' is clicked on

2024-09-03 17:04:32 - [MESSAGE][PASSED] - Object: 'Object Repository/PM/Huawei-vendor/Object-Type/TopX Object Types/TopX Regions/TopX Region East Jordan' is clicked on

2024-09-03 17:04:33 - [MESSAGE][PASSED] - Object: 'Object Repository/PM/Huawei-vendor/Object-Type/TopX Object Types/TopX Regions/TopX Region Others' is clicked on

2024-09-03 17:04:35 - [MESSAGE][PASSED] - Delayed 2 second(s)

2024-09-03 17:04:35 - [MESSAGE][PASSED] - Object: 'Object Repository/SON/SonType/Type-Arrow' is clicked on

2024-09-03 17:04:35 - [MESSAGE][WARNING] - Timeout '0' is invalid. Using default page load timeout: '120'

2024-09-03 17:04:35 - [MESSAGE][PASSED] - Scroll to object 'Object Repository/SON/Exclude Options' successfully

2024-09-03 17:04:35 - [MESSAGE][PASSED] - Object: 'Object Repository/PM/Huawei-vendor/StartDate/Monthly-Selection' is clicked on

2024-09-03 17:04:35 - [MESSAGE][PASSED] - Object: 'Object Repository/PM/Huawei-vendor/StartDate/Fep-Selection' is clicked on

2024-09-03 17:04:36 - [MESSAGE][PASSED] - Delayed 1 second(s)

2024-09-03 17:04:37 - [MESSAGE][PASSED] - Object: 'Object Repository/PM/Huawei-vendor/StartDate/1-Fep' is clicked on

2024-09-03 17:04:37 - [MESSAGE][PASSED] - Object: 'Object Repository/PM/Huawei-vendor/Apply-Button' is clicked on

2024-09-03 17:07:57 - [MESSAGE][FAILED] - Web element with id: 'Object Repository/SON/Error' located by 'By.xpath: //div[@class='home-logo']' is present after '200' second(s) (Root cause: com.kms.katalon.core.exception.StepFailedException: Web element with id: 'Object Repository/SON/Error' located by 'By.xpath: //div[@class='home-logo']' is present after '200' second(s)
	at com.kms.katalon.core.webui.keyword.internal.WebUIKeywordMain.stepFailed(WebUIKeywordMain.groovy:64)
	at com.kms.katalon.core.webui.keyword.internal.WebUIKeywordMain$stepFailed$0.call(Unknown Source)
	at com.kms.katalon.core.webui.keyword.builtin.VerifyElementNotPresentKeyword$_verifyElementNotPresent_closure1.doCall(VerifyElementNotPresentKeyword.groovy:113)
	at com.kms.katalon.core.webui.keyword.builtin.VerifyElementNotPresentKeyword$_verifyElementNotPresent_closure1.doCall(VerifyElementNotPresentKeyword.groovy)
	at com.kms.katalon.core.webui.keyword.internal.WebUIKeywordMain.runKeyword(WebUIKeywordMain.groovy:20)
	at com.kms.katalon.core.webui.keyword.internal.WebUIKeywordMain$runKeyword.call(Unknown Source)
	at com.kms.katalon.core.webui.keyword.builtin.VerifyElementNotPresentKeyword.verifyElementNotPresent(VerifyElementNotPresentKeyword.groovy:122)
	at com.kms.katalon.core.webui.keyword.builtin.VerifyElementNotPresentKeyword.execute(VerifyElementNotPresentKeyword.groovy:68)
	at com.kms.katalon.core.keyword.internal.KeywordExecutor.executeKeywordForPlatform(KeywordExecutor.groovy:74)
	at com.kms.katalon.core.webui.keyword.WebUiBuiltInKeywords.verifyElementNotPresent(WebUiBuiltInKeywords.groovy:1497)
	at com.kms.katalon.core.webui.keyword.WebUiBuiltInKeywords$verifyElementNotPresent$4.call(Unknown Source)
	at SON.son(SON.groovy:93)
	at SON.invokeMethod(SON.groovy)
	at com.kms.katalon.core.main.CustomKeywordDelegatingMetaClass.invokeStaticMethod(CustomKeywordDelegatingMetaClass.java:55)
	at Region Sleeping Cells Hourly.run(Region Sleeping Cells Hourly:25)
	at com.kms.katalon.core.main.ScriptEngine.run(ScriptEngine.java:194)
	at com.kms.katalon.core.main.ScriptEngine.runScriptAsRawText(ScriptEngine.java:119)
	at com.kms.katalon.core.main.TestCaseExecutor.runScript(TestCaseExecutor.java:448)
	at com.kms.katalon.core.main.TestCaseExecutor.doExecute(TestCaseExecutor.java:439)
	at com.kms.katalon.core.main.TestCaseExecutor.processExecutionPhase(TestCaseExecutor.java:418)
	at com.kms.katalon.core.main.TestCaseExecutor.accessMainPhase(TestCaseExecutor.java:410)
	at com.kms.katalon.core.main.TestCaseExecutor.execute(TestCaseExecutor.java:285)
	at com.kms.katalon.core.common.CommonExecutor.accessTestCaseMainPhase(CommonExecutor.java:65)
	at com.kms.katalon.core.main.TestSuiteExecutor.accessTestSuiteMainPhase(TestSuiteExecutor.java:148)
	at com.kms.katalon.core.main.TestSuiteExecutor.execute(TestSuiteExecutor.java:106)
	at com.kms.katalon.core.main.TestCaseMain.startTestSuite(TestCaseMain.java:187)
	at com.kms.katalon.core.main.TestCaseMain$startTestSuite$0.call(Unknown Source)
	at TempTestSuite1725371051772.run(TempTestSuite1725371051772.groovy:35)
)
[[ATTACHMENT|C:\\Users\\FatimaIbeid\\git\\NetCell\\Reports\\20240903_164410\\SON\\Hwauei\\2G\\2G Regression\\20240903_164411\\1725372477611.png]]

2024-09-03 17:07:58 - [MESSAGE][FAILED] - Unable to verify object 'Object Repository/SON/Error' is not present (Root cause: com.kms.katalon.core.exception.StepFailedException: Unable to verify object 'Object Repository/SON/Error' is not present
	at com.kms.katalon.core.webui.keyword.internal.WebUIKeywordMain.stepFailed(WebUIKeywordMain.groovy:64)
	at com.kms.katalon.core.webui.keyword.internal.WebUIKeywordMain.runKeyword(WebUIKeywordMain.groovy:26)
	at com.kms.katalon.core.webui.keyword.internal.WebUIKeywordMain$runKeyword.call(Unknown Source)
	at com.kms.katalon.core.webui.keyword.builtin.VerifyElementNotPresentKeyword.verifyElementNotPresent(VerifyElementNotPresentKeyword.groovy:122)
	at com.kms.katalon.core.webui.keyword.builtin.VerifyElementNotPresentKeyword.execute(VerifyElementNotPresentKeyword.groovy:68)
	at com.kms.katalon.core.keyword.internal.KeywordExecutor.executeKeywordForPlatform(KeywordExecutor.groovy:74)
	at com.kms.katalon.core.webui.keyword.WebUiBuiltInKeywords.verifyElementNotPresent(WebUiBuiltInKeywords.groovy:1497)
	at com.kms.katalon.core.webui.keyword.WebUiBuiltInKeywords$verifyElementNotPresent$4.call(Unknown Source)
	at SON.son(SON.groovy:93)
	at SON.invokeMethod(SON.groovy)
	at com.kms.katalon.core.main.CustomKeywordDelegatingMetaClass.invokeStaticMethod(CustomKeywordDelegatingMetaClass.java:55)
	at Region Sleeping Cells Hourly.run(Region Sleeping Cells Hourly:25)
	at com.kms.katalon.core.main.ScriptEngine.run(ScriptEngine.java:194)
	at com.kms.katalon.core.main.ScriptEngine.runScriptAsRawText(ScriptEngine.java:119)
	at com.kms.katalon.core.main.TestCaseExecutor.runScript(TestCaseExecutor.java:448)
	at com.kms.katalon.core.main.TestCaseExecutor.doExecute(TestCaseExecutor.java:439)
	at com.kms.katalon.core.main.TestCaseExecutor.processExecutionPhase(TestCaseExecutor.java:418)
	at com.kms.katalon.core.main.TestCaseExecutor.accessMainPhase(TestCaseExecutor.java:410)
	at com.kms.katalon.core.main.TestCaseExecutor.execute(TestCaseExecutor.java:285)
	at com.kms.katalon.core.common.CommonExecutor.accessTestCaseMainPhase(CommonExecutor.java:65)
	at com.kms.katalon.core.main.TestSuiteExecutor.accessTestSuiteMainPhase(TestSuiteExecutor.java:148)
	at com.kms.katalon.core.main.TestSuiteExecutor.execute(TestSuiteExecutor.java:106)
	at com.kms.katalon.core.main.TestCaseMain.startTestSuite(TestCaseMain.java:187)
	at com.kms.katalon.core.main.TestCaseMain$startTestSuite$0.call(Unknown Source)
	at TempTestSuite1725371051772.run(TempTestSuite1725371051772.groovy:35)
Caused by: com.kms.katalon.core.exception.StepFailedException: Web element with id: 'Object Repository/SON/Error' located by 'By.xpath: //div[@class='home-logo']' is present after '200' second(s)
	at com.kms.katalon.core.webui.keyword.internal.WebUIKeywordMain.stepFailed(WebUIKeywordMain.groovy:64)
	at com.kms.katalon.core.webui.keyword.internal.WebUIKeywordMain$stepFailed$0.call(Unknown Source)
	at com.kms.katalon.core.webui.keyword.builtin.VerifyElementNotPresentKeyword$_verifyElementNotPresent_closure1.doCall(VerifyElementNotPresentKeyword.groovy:113)
	at com.kms.katalon.core.webui.keyword.builtin.VerifyElementNotPresentKeyword$_verifyElementNotPresent_closure1.doCall(VerifyElementNotPresentKeyword.groovy)
	at com.kms.katalon.core.webui.keyword.internal.WebUIKeywordMain.runKeyword(WebUIKeywordMain.groovy:20)
	... 23 more
)
[[ATTACHMENT|C:\\Users\\FatimaIbeid\\git\\NetCell\\Reports\\20240903_164410\\SON\\Hwauei\\2G\\2G Regression\\20240903_164411\\1725372477914.png]]

2024-09-03 17:07:58 - [MESSAGE][FAILED] - Unable to verify object 'Object Repository/SON/Error' is not present]]></system-out>
         <system-err><![CDATA[2024-09-03 17:04:03 - [TEST_CASE][FAILED] - Test Cases/SON/Huawei/2G/Region/Region Sleeping Cells Hourly: Test Cases/SON/Huawei/2G/Region/Region Sleeping Cells Hourly FAILED.
Reason:
com.kms.katalon.core.exception.StepFailedException: Unable to verify object 'Object Repository/SON/Error' is not present
	at com.kms.katalon.core.webui.keyword.internal.WebUIKeywordMain.stepFailed(WebUIKeywordMain.groovy:64)
	at com.kms.katalon.core.webui.keyword.internal.WebUIKeywordMain.runKeyword(WebUIKeywordMain.groovy:26)
	at com.kms.katalon.core.webui.keyword.internal.WebUIKeywordMain$runKeyword.call(Unknown Source)
	at com.kms.katalon.core.webui.keyword.builtin.VerifyElementNotPresentKeyword.verifyElementNotPresent(VerifyElementNotPresentKeyword.groovy:122)
	at com.kms.katalon.core.webui.keyword.builtin.VerifyElementNotPresentKeyword.execute(VerifyElementNotPresentKeyword.groovy:68)
	at com.kms.katalon.core.keyword.internal.KeywordExecutor.executeKeywordForPlatform(KeywordExecutor.groovy:74)
	at com.kms.katalon.core.webui.keyword.WebUiBuiltInKeywords.verifyElementNotPresent(WebUiBuiltInKeywords.groovy:1497)
	at com.kms.katalon.core.webui.keyword.WebUiBuiltInKeywords$verifyElementNotPresent$4.call(Unknown Source)
	at SON.son(SON.groovy:93)
	at SON.invokeMethod(SON.groovy)
	at com.kms.katalon.core.main.CustomKeywordDelegatingMetaClass.invokeStaticMethod(CustomKeywordDelegatingMetaClass.java:55)
	at Region Sleeping Cells Hourly.run(Region Sleeping Cells Hourly:25)
	at com.kms.katalon.core.main.ScriptEngine.run(ScriptEngine.java:194)
	at com.kms.katalon.core.main.ScriptEngine.runScriptAsRawText(ScriptEngine.java:119)
	at com.kms.katalon.core.main.TestCaseExecutor.runScript(TestCaseExecutor.java:448)
	at com.kms.katalon.core.main.TestCaseExecutor.doExecute(TestCaseExecutor.java:439)
	at com.kms.katalon.core.main.TestCaseExecutor.processExecutionPhase(TestCaseExecutor.java:418)
	at com.kms.katalon.core.main.TestCaseExecutor.accessMainPhase(TestCaseExecutor.java:410)
	at com.kms.katalon.core.main.TestCaseExecutor.execute(TestCaseExecutor.java:285)
	at com.kms.katalon.core.common.CommonExecutor.accessTestCaseMainPhase(CommonExecutor.java:65)
	at com.kms.katalon.core.main.TestSuiteExecutor.accessTestSuiteMainPhase(TestSuiteExecutor.java:148)
	at com.kms.katalon.core.main.TestSuiteExecutor.execute(TestSuiteExecutor.java:106)
	at com.kms.katalon.core.main.TestCaseMain.startTestSuite(TestCaseMain.java:187)
	at com.kms.katalon.core.main.TestCaseMain$startTestSuite$0.call(Unknown Source)
	at TempTestSuite1725371051772.run(TempTestSuite1725371051772.groovy:35)
Caused by: com.kms.katalon.core.exception.StepFailedException: Web element with id: 'Object Repository/SON/Error' located by 'By.xpath: //div[@class='home-logo']' is present after '200' second(s)
	at com.kms.katalon.core.webui.keyword.internal.WebUIKeywordMain.stepFailed(WebUIKeywordMain.groovy:64)
	at com.kms.katalon.core.webui.keyword.internal.WebUIKeywordMain$stepFailed$0.call(Unknown Source)
	at com.kms.katalon.core.webui.keyword.builtin.VerifyElementNotPresentKeyword$_verifyElementNotPresent_closure1.doCall(VerifyElementNotPresentKeyword.groovy:113)
	at com.kms.katalon.core.webui.keyword.builtin.VerifyElementNotPresentKeyword$_verifyElementNotPresent_closure1.doCall(VerifyElementNotPresentKeyword.groovy)
	at com.kms.katalon.core.webui.keyword.internal.WebUIKeywordMain.runKeyword(WebUIKeywordMain.groovy:20)
	... 23 more]]></system-err>
      </testcase>
      <testcase name="Test Cases/SON/Huawei/2G/Site/Site Sleeping Cells Hourly" time="154.883" classname="Test Cases/SON/Huawei/2G/Site/Site Sleeping Cells Hourly" status="FAILED">
         <failure type="FAILED" message="Test Cases/SON/Huawei/2G/Site/Site Sleeping Cells Hourly FAILED.
Reason:
com.kms.katalon.core.exception.StepFailedException: Unable to click on object 'Object Repository/SON/ObjectType/East Amman site1'
	at com.kms.katalon.core.webui.keyword.internal.WebUIKeywordMain.stepFailed(WebUIKeywordMain.groovy:64)
	at com.kms.katalon.core.webui.keyword.internal.WebUIKeywordMain.runKeyword(WebUIKeywordMain.groovy:26)
	at com.kms.katalon.core.webui.keyword.builtin.ClickKeyword.click(ClickKeyword.groovy:74)
	at com.kms.katalon.core.webui.keyword.builtin.ClickKeyword.execute(ClickKeyword.groovy:40)
	at com.kms.katalon.core.keyword.internal.KeywordExecutor.executeKeywordForPlatform(KeywordExecutor.groovy:74)
	at com.kms.katalon.core.webui.keyword.WebUiBuiltInKeywords.click(WebUiBuiltInKeywords.groovy:620)
	at com.kms.katalon.core.webui.keyword.WebUiBuiltInKeywords$click$2.call(Unknown Source)
	at SON.selectObjectType(SON.groovy:146)
	at SON.son(SON.groovy:73)
	at SON.invokeMethod(SON.groovy)
	at com.kms.katalon.core.main.CustomKeywordDelegatingMetaClass.invokeStaticMethod(CustomKeywordDelegatingMetaClass.java:55)
	at Site Sleeping Cells Hourly.run(Site Sleeping Cells Hourly:25)
	at com.kms.katalon.core.main.ScriptEngine.run(ScriptEngine.java:194)
	at com.kms.katalon.core.main.ScriptEngine.runScriptAsRawText(ScriptEngine.java:119)
	at com.kms.katalon.core.main.TestCaseExecutor.runScript(TestCaseExecutor.java:448)
	at com.kms.katalon.core.main.TestCaseExecutor.doExecute(TestCaseExecutor.java:439)
	at com.kms.katalon.core.main.TestCaseExecutor.processExecutionPhase(TestCaseExecutor.java:418)
	at com.kms.katalon.core.main.TestCaseExecutor.accessMainPhase(TestCaseExecutor.java:410)
	at com.kms.katalon.core.main.TestCaseExecutor.execute(TestCaseExecutor.java:285)
	at com.kms.katalon.core.common.CommonExecutor.accessTestCaseMainPhase(CommonExecutor.java:65)
	at com.kms.katalon.core.main.TestSuiteExecutor.accessTestSuiteMainPhase(TestSuiteExecutor.java:148)
	at com.kms.katalon.core.main.TestSuiteExecutor.execute(TestSuiteExecutor.java:106)
	at com.kms.katalon.core.main.TestCaseMain.startTestSuite(TestCaseMain.java:187)
	at com.kms.katalon.core.main.TestCaseMain$startTestSuite$0.call(Unknown Source)
	at TempTestSuite1725371051772.run(TempTestSuite1725371051772.groovy:35)
Caused by: com.kms.katalon.core.webui.exception.WebElementNotFoundException: Web element with id: 'Object Repository/SON/ObjectType/East Amman site1' located by '//span[contains(text(),'301-ULT_King_Hussein_St_PD_Fiber_Manage')]' not found
	at com.kms.katalon.core.webui.common.WebUiCommonHelper.findWebElement(WebUiCommonHelper.java:1381)
	at com.kms.katalon.core.webui.keyword.internal.WebUIAbstractKeyword.findWebElement(WebUIAbstractKeyword.groovy:27)
	at com.kms.katalon.core.webui.keyword.builtin.ClickKeyword$_click_closure1.doCall(ClickKeyword.groovy:65)
	at com.kms.katalon.core.webui.keyword.builtin.ClickKeyword$_click_closure1.call(ClickKeyword.groovy)
	at com.kms.katalon.core.webui.keyword.internal.WebUIKeywordMain.runKeyword(WebUIKeywordMain.groovy:20)
	... 23 more
"/>
         <system-out><![CDATA[2024-09-03 17:07:58 - [TEST_CASE][FAILED] - Test Cases/SON/Huawei/2G/Site/Site Sleeping Cells Hourly: Test Cases/SON/Huawei/2G/Site/Site Sleeping Cells Hourly FAILED.
Reason:
com.kms.katalon.core.exception.StepFailedException: Unable to click on object 'Object Repository/SON/ObjectType/East Amman site1'
	at com.kms.katalon.core.webui.keyword.internal.WebUIKeywordMain.stepFailed(WebUIKeywordMain.groovy:64)
	at com.kms.katalon.core.webui.keyword.internal.WebUIKeywordMain.runKeyword(WebUIKeywordMain.groovy:26)
	at com.kms.katalon.core.webui.keyword.builtin.ClickKeyword.click(ClickKeyword.groovy:74)
	at com.kms.katalon.core.webui.keyword.builtin.ClickKeyword.execute(ClickKeyword.groovy:40)
	at com.kms.katalon.core.keyword.internal.KeywordExecutor.executeKeywordForPlatform(KeywordExecutor.groovy:74)
	at com.kms.katalon.core.webui.keyword.WebUiBuiltInKeywords.click(WebUiBuiltInKeywords.groovy:620)
	at com.kms.katalon.core.webui.keyword.WebUiBuiltInKeywords$click$2.call(Unknown Source)
	at SON.selectObjectType(SON.groovy:146)
	at SON.son(SON.groovy:73)
	at SON.invokeMethod(SON.groovy)
	at com.kms.katalon.core.main.CustomKeywordDelegatingMetaClass.invokeStaticMethod(CustomKeywordDelegatingMetaClass.java:55)
	at Site Sleeping Cells Hourly.run(Site Sleeping Cells Hourly:25)
	at com.kms.katalon.core.main.ScriptEngine.run(ScriptEngine.java:194)
	at com.kms.katalon.core.main.ScriptEngine.runScriptAsRawText(ScriptEngine.java:119)
	at com.kms.katalon.core.main.TestCaseExecutor.runScript(TestCaseExecutor.java:448)
	at com.kms.katalon.core.main.TestCaseExecutor.doExecute(TestCaseExecutor.java:439)
	at com.kms.katalon.core.main.TestCaseExecutor.processExecutionPhase(TestCaseExecutor.java:418)
	at com.kms.katalon.core.main.TestCaseExecutor.accessMainPhase(TestCaseExecutor.java:410)
	at com.kms.katalon.core.main.TestCaseExecutor.execute(TestCaseExecutor.java:285)
	at com.kms.katalon.core.common.CommonExecutor.accessTestCaseMainPhase(CommonExecutor.java:65)
	at com.kms.katalon.core.main.TestSuiteExecutor.accessTestSuiteMainPhase(TestSuiteExecutor.java:148)
	at com.kms.katalon.core.main.TestSuiteExecutor.execute(TestSuiteExecutor.java:106)
	at com.kms.katalon.core.main.TestCaseMain.startTestSuite(TestCaseMain.java:187)
	at com.kms.katalon.core.main.TestCaseMain$startTestSuite$0.call(Unknown Source)
	at TempTestSuite1725371051772.run(TempTestSuite1725371051772.groovy:35)
Caused by: com.kms.katalon.core.webui.exception.WebElementNotFoundException: Web element with id: 'Object Repository/SON/ObjectType/East Amman site1' located by '//span[contains(text(),'301-ULT_King_Hussein_St_PD_Fiber_Manage')]' not found
	at com.kms.katalon.core.webui.common.WebUiCommonHelper.findWebElement(WebUiCommonHelper.java:1381)
	at com.kms.katalon.core.webui.keyword.internal.WebUIAbstractKeyword.findWebElement(WebUIAbstractKeyword.groovy:27)
	at com.kms.katalon.core.webui.keyword.builtin.ClickKeyword$_click_closure1.doCall(ClickKeyword.groovy:65)
	at com.kms.katalon.core.webui.keyword.builtin.ClickKeyword$_click_closure1.call(ClickKeyword.groovy)
	at com.kms.katalon.core.webui.keyword.internal.WebUIKeywordMain.runKeyword(WebUIKeywordMain.groovy:20)
	... 23 more


2024-09-03 17:07:58 - [TEST_STEP][PASSED] - callTestCase(findTestCase("Login"), [:], STOP_ON_FAILURE): Call Test Case 'Test Cases/Login' successfully

2024-09-03 17:07:58 - [TEST_CASE][PASSED] - Test Cases/Login: Test Cases/Login

2024-09-03 17:07:58 - [TEST_STEP][PASSED] - driver = general.start(SwagerURL, NetCellURL): general.start is PASSED

2024-09-03 17:07:58 - [MESSAGE][INFO] - >>> chromeDriverPath=C:\Users\FatimaIbeid\.katalon\packages\Katalon_Studio_Windows_64-8.6.9\Katalon_Studio_Windows_64-8.6.9\configuration\resources\drivers\chromedriver_win32\chromedriver.exe

2024-09-03 17:08:00 - [MESSAGE][PASSED] - Current window maximized

2024-09-03 17:08:02 - [MESSAGE][PASSED] - Execute JavaScript 'window.open();' successfully

2024-09-03 17:08:02 - [MESSAGE][PASSED] - Switched to window with index: '1'

2024-09-03 17:08:15 - [MESSAGE][PASSED] - general.start is PASSED

2024-09-03 17:08:15 - [TEST_STEP][PASSED] - click(findTestObject("Object Repository/Login/LoginButton")): Object: 'Object Repository/Login/LoginButton' is clicked on

2024-09-03 17:08:15 - [MESSAGE][PASSED] - Object: 'Object Repository/Login/LoginButton' is clicked on

2024-09-03 17:08:15 - [TEST_STEP][PASSED] - switchToWindowIndex(2): Switched to window with index: '2'

2024-09-03 17:08:16 - [MESSAGE][PASSED] - Switched to window with index: '2'

2024-09-03 17:08:16 - [TEST_STEP][PASSED] - delay(1): Delayed 1 second(s)

2024-09-03 17:08:17 - [MESSAGE][PASSED] - Delayed 1 second(s)

2024-09-03 17:08:17 - [TEST_STEP][PASSED] - sendKeys(findTestObject("Object Repository/Login/EnterEmail"), "homam@zztjg.onmicrosoft.com"): Keys 'homam@zztjg.onmicrosoft.com' sent to object: 'Object Repository/Login/EnterEmail'

2024-09-03 17:08:17 - [MESSAGE][PASSED] - Keys 'homam@zztjg.onmicrosoft.com' sent to object: 'Object Repository/Login/EnterEmail'

2024-09-03 17:08:17 - [TEST_STEP][PASSED] - delay(1): Delayed 1 second(s)

2024-09-03 17:08:18 - [MESSAGE][PASSED] - Delayed 1 second(s)

2024-09-03 17:08:18 - [TEST_STEP][PASSED] - click(findTestObject("Object Repository/Login/NextButton")): Object: 'Object Repository/Login/NextButton' is clicked on

2024-09-03 17:08:19 - [MESSAGE][PASSED] - Object: 'Object Repository/Login/NextButton' is clicked on

2024-09-03 17:08:19 - [TEST_STEP][PASSED] - delay(2): Delayed 2 second(s)

2024-09-03 17:08:21 - [MESSAGE][PASSED] - Delayed 2 second(s)

2024-09-03 17:08:21 - [TEST_STEP][PASSED] - sendKeys(findTestObject("Object Repository/Login/EnterPassword"), "Holder12345"): Keys 'Holder12345' sent to object: 'Object Repository/Login/EnterPassword'

2024-09-03 17:08:21 - [MESSAGE][PASSED] - Keys 'Holder12345' sent to object: 'Object Repository/Login/EnterPassword'

2024-09-03 17:08:21 - [TEST_STEP][PASSED] - delay(1): Delayed 1 second(s)

2024-09-03 17:08:22 - [MESSAGE][PASSED] - Delayed 1 second(s)

2024-09-03 17:08:22 - [TEST_STEP][PASSED] - click(findTestObject("Object Repository/Login/SigninButton")): Object: 'Object Repository/Login/SigninButton' is clicked on

2024-09-03 17:08:22 - [MESSAGE][PASSED] - Object: 'Object Repository/Login/SigninButton' is clicked on

2024-09-03 17:08:22 - [TEST_STEP][PASSED] - delay(1): Delayed 1 second(s)

2024-09-03 17:08:23 - [MESSAGE][PASSED] - Delayed 1 second(s)

2024-09-03 17:08:23 - [TEST_STEP][PASSED] - click(findTestObject("Object Repository/Login/YesStayInButton")): Object: 'Object Repository/Login/YesStayInButton' is clicked on

2024-09-03 17:08:24 - [MESSAGE][PASSED] - Object: 'Object Repository/Login/YesStayInButton' is clicked on

2024-09-03 17:08:24 - [MESSAGE][PASSED] - Call Test Case 'Test Cases/Login' successfully

2024-09-03 17:08:24 - [TEST_STEP][PASSED] - switchToWindowIndex(1): Switched to window with index: '1'

2024-09-03 17:08:24 - [MESSAGE][PASSED] - Switched to window with index: '1'

2024-09-03 17:08:24 - [TEST_STEP][FAILED] - SON.son("huawei", "2G", "Site", "Sleeping Cells", "Hourly", ""): Unable to click on object 'Object Repository/SON/ObjectType/East Amman site1'

2024-09-03 17:08:26 - [MESSAGE][PASSED] - Object: 'Object Repository/SON/sonBtn' is clicked on

2024-09-03 17:08:26 - [MESSAGE][PASSED] - Switched to window with index: '2'

2024-09-03 17:08:28 - [MESSAGE][PASSED] - Object: 'Object Repository/PM/Huawei-vendor/Technology/Technology-Arrow' is clicked on

2024-09-03 17:08:28 - [MESSAGE][PASSED] - Object: 'Object Repository/PM/Huawei-vendor/Technology/2G' is clicked on

2024-09-03 17:08:29 - [MESSAGE][PASSED] - Object: 'Object Repository/PM/Huawei-vendor/TopX/TopX Object Type' is clicked on

2024-09-03 17:08:30 - [MESSAGE][PASSED] - Delayed 1 second(s)

2024-09-03 17:08:30 - [MESSAGE][PASSED] - Object: 'Object Repository/PM/Huawei-vendor/Object-Type/TopX Object Types/TopX Sites/TopX Site' is clicked on

2024-09-03 17:08:31 - [MESSAGE][PASSED] - Delayed 1 second(s)

2024-09-03 17:08:31 - [MESSAGE][WARNING] - Timeout '0' is invalid. Using default page load timeout: '120'

2024-09-03 17:08:31 - [MESSAGE][PASSED] - Scroll to object 'Object Repository/PM/Huawei-vendor/Object Border' successfully

2024-09-03 17:08:31 - [MESSAGE][PASSED] - Object: 'Object Repository/PM/Huawei-vendor/Object-Type/TopX Object Types/TopX Sites/TopX East Amman Arrow' is clicked on

2024-09-03 17:10:32 - [MESSAGE][INFO] - Unable to find the element located by 'By.xpath: //span[contains(text(),'301-ULT_King_Hussein_St_PD_Fiber_Manage')]'. Please recheck the objects properties to make sure the desired element is located. 

2024-09-03 17:10:33 - [MESSAGE][FAILED] - Unable to click on object 'Object Repository/SON/ObjectType/East Amman site1' (Root cause: com.kms.katalon.core.exception.StepFailedException: Unable to click on object 'Object Repository/SON/ObjectType/East Amman site1'
	at com.kms.katalon.core.webui.keyword.internal.WebUIKeywordMain.stepFailed(WebUIKeywordMain.groovy:64)
	at com.kms.katalon.core.webui.keyword.internal.WebUIKeywordMain.runKeyword(WebUIKeywordMain.groovy:26)
	at com.kms.katalon.core.webui.keyword.builtin.ClickKeyword.click(ClickKeyword.groovy:74)
	at com.kms.katalon.core.webui.keyword.builtin.ClickKeyword.execute(ClickKeyword.groovy:40)
	at com.kms.katalon.core.keyword.internal.KeywordExecutor.executeKeywordForPlatform(KeywordExecutor.groovy:74)
	at com.kms.katalon.core.webui.keyword.WebUiBuiltInKeywords.click(WebUiBuiltInKeywords.groovy:620)
	at com.kms.katalon.core.webui.keyword.WebUiBuiltInKeywords$click$2.call(Unknown Source)
	at SON.selectObjectType(SON.groovy:146)
	at SON.son(SON.groovy:73)
	at SON.invokeMethod(SON.groovy)
	at com.kms.katalon.core.main.CustomKeywordDelegatingMetaClass.invokeStaticMethod(CustomKeywordDelegatingMetaClass.java:55)
	at Site Sleeping Cells Hourly.run(Site Sleeping Cells Hourly:25)
	at com.kms.katalon.core.main.ScriptEngine.run(ScriptEngine.java:194)
	at com.kms.katalon.core.main.ScriptEngine.runScriptAsRawText(ScriptEngine.java:119)
	at com.kms.katalon.core.main.TestCaseExecutor.runScript(TestCaseExecutor.java:448)
	at com.kms.katalon.core.main.TestCaseExecutor.doExecute(TestCaseExecutor.java:439)
	at com.kms.katalon.core.main.TestCaseExecutor.processExecutionPhase(TestCaseExecutor.java:418)
	at com.kms.katalon.core.main.TestCaseExecutor.accessMainPhase(TestCaseExecutor.java:410)
	at com.kms.katalon.core.main.TestCaseExecutor.execute(TestCaseExecutor.java:285)
	at com.kms.katalon.core.common.CommonExecutor.accessTestCaseMainPhase(CommonExecutor.java:65)
	at com.kms.katalon.core.main.TestSuiteExecutor.accessTestSuiteMainPhase(TestSuiteExecutor.java:148)
	at com.kms.katalon.core.main.TestSuiteExecutor.execute(TestSuiteExecutor.java:106)
	at com.kms.katalon.core.main.TestCaseMain.startTestSuite(TestCaseMain.java:187)
	at com.kms.katalon.core.main.TestCaseMain$startTestSuite$0.call(Unknown Source)
	at TempTestSuite1725371051772.run(TempTestSuite1725371051772.groovy:35)
Caused by: com.kms.katalon.core.webui.exception.WebElementNotFoundException: Web element with id: 'Object Repository/SON/ObjectType/East Amman site1' located by '//span[contains(text(),'301-ULT_King_Hussein_St_PD_Fiber_Manage')]' not found
	at com.kms.katalon.core.webui.common.WebUiCommonHelper.findWebElement(WebUiCommonHelper.java:1381)
	at com.kms.katalon.core.webui.keyword.internal.WebUIAbstractKeyword.findWebElement(WebUIAbstractKeyword.groovy:27)
	at com.kms.katalon.core.webui.keyword.builtin.ClickKeyword$_click_closure1.doCall(ClickKeyword.groovy:65)
	at com.kms.katalon.core.webui.keyword.builtin.ClickKeyword$_click_closure1.call(ClickKeyword.groovy)
	at com.kms.katalon.core.webui.keyword.internal.WebUIKeywordMain.runKeyword(WebUIKeywordMain.groovy:20)
	at com.kms.katalon.core.webui.keyword.builtin.ClickKeyword.click(ClickKeyword.groovy:74)
	at com.kms.katalon.core.webui.keyword.builtin.ClickKeyword.execute(ClickKeyword.groovy:40)
	at com.kms.katalon.core.keyword.internal.KeywordExecutor.executeKeywordForPlatform(KeywordExecutor.groovy:74)
	at com.kms.katalon.core.webui.keyword.WebUiBuiltInKeywords.click(WebUiBuiltInKeywords.groovy:620)
	at com.kms.katalon.core.webui.keyword.WebUiBuiltInKeywords$click$2.call(Unknown Source)
	at SON.selectObjectType(SON.groovy:146)
	at SON.son(SON.groovy:73)
	at SON.invokeMethod(SON.groovy)
	at com.kms.katalon.core.main.CustomKeywordDelegatingMetaClass.invokeStaticMethod(CustomKeywordDelegatingMetaClass.java:55)
	at Script1725174724302.run(Script1725174724302.groovy:25)
	... 13 more
)
[[ATTACHMENT|C:\\Users\\FatimaIbeid\\git\\NetCell\\Reports\\20240903_164410\\SON\\Hwauei\\2G\\2G Regression\\20240903_164411\\1725372632912.png]]

2024-09-03 17:10:33 - [MESSAGE][FAILED] - Unable to click on object 'Object Repository/SON/ObjectType/East Amman site1']]></system-out>
         <system-err><![CDATA[2024-09-03 17:07:58 - [TEST_CASE][FAILED] - Test Cases/SON/Huawei/2G/Site/Site Sleeping Cells Hourly: Test Cases/SON/Huawei/2G/Site/Site Sleeping Cells Hourly FAILED.
Reason:
com.kms.katalon.core.exception.StepFailedException: Unable to click on object 'Object Repository/SON/ObjectType/East Amman site1'
	at com.kms.katalon.core.webui.keyword.internal.WebUIKeywordMain.stepFailed(WebUIKeywordMain.groovy:64)
	at com.kms.katalon.core.webui.keyword.internal.WebUIKeywordMain.runKeyword(WebUIKeywordMain.groovy:26)
	at com.kms.katalon.core.webui.keyword.builtin.ClickKeyword.click(ClickKeyword.groovy:74)
	at com.kms.katalon.core.webui.keyword.builtin.ClickKeyword.execute(ClickKeyword.groovy:40)
	at com.kms.katalon.core.keyword.internal.KeywordExecutor.executeKeywordForPlatform(KeywordExecutor.groovy:74)
	at com.kms.katalon.core.webui.keyword.WebUiBuiltInKeywords.click(WebUiBuiltInKeywords.groovy:620)
	at com.kms.katalon.core.webui.keyword.WebUiBuiltInKeywords$click$2.call(Unknown Source)
	at SON.selectObjectType(SON.groovy:146)
	at SON.son(SON.groovy:73)
	at SON.invokeMethod(SON.groovy)
	at com.kms.katalon.core.main.CustomKeywordDelegatingMetaClass.invokeStaticMethod(CustomKeywordDelegatingMetaClass.java:55)
	at Site Sleeping Cells Hourly.run(Site Sleeping Cells Hourly:25)
	at com.kms.katalon.core.main.ScriptEngine.run(ScriptEngine.java:194)
	at com.kms.katalon.core.main.ScriptEngine.runScriptAsRawText(ScriptEngine.java:119)
	at com.kms.katalon.core.main.TestCaseExecutor.runScript(TestCaseExecutor.java:448)
	at com.kms.katalon.core.main.TestCaseExecutor.doExecute(TestCaseExecutor.java:439)
	at com.kms.katalon.core.main.TestCaseExecutor.processExecutionPhase(TestCaseExecutor.java:418)
	at com.kms.katalon.core.main.TestCaseExecutor.accessMainPhase(TestCaseExecutor.java:410)
	at com.kms.katalon.core.main.TestCaseExecutor.execute(TestCaseExecutor.java:285)
	at com.kms.katalon.core.common.CommonExecutor.accessTestCaseMainPhase(CommonExecutor.java:65)
	at com.kms.katalon.core.main.TestSuiteExecutor.accessTestSuiteMainPhase(TestSuiteExecutor.java:148)
	at com.kms.katalon.core.main.TestSuiteExecutor.execute(TestSuiteExecutor.java:106)
	at com.kms.katalon.core.main.TestCaseMain.startTestSuite(TestCaseMain.java:187)
	at com.kms.katalon.core.main.TestCaseMain$startTestSuite$0.call(Unknown Source)
	at TempTestSuite1725371051772.run(TempTestSuite1725371051772.groovy:35)
Caused by: com.kms.katalon.core.webui.exception.WebElementNotFoundException: Web element with id: 'Object Repository/SON/ObjectType/East Amman site1' located by '//span[contains(text(),'301-ULT_King_Hussein_St_PD_Fiber_Manage')]' not found
	at com.kms.katalon.core.webui.common.WebUiCommonHelper.findWebElement(WebUiCommonHelper.java:1381)
	at com.kms.katalon.core.webui.keyword.internal.WebUIAbstractKeyword.findWebElement(WebUIAbstractKeyword.groovy:27)
	at com.kms.katalon.core.webui.keyword.builtin.ClickKeyword$_click_closure1.doCall(ClickKeyword.groovy:65)
	at com.kms.katalon.core.webui.keyword.builtin.ClickKeyword$_click_closure1.call(ClickKeyword.groovy)
	at com.kms.katalon.core.webui.keyword.internal.WebUIKeywordMain.runKeyword(WebUIKeywordMain.groovy:20)
	... 23 more]]></system-err>
      </testcase>
      <testcase name="Test Cases/SON/Huawei/2G/Cell/Cell Sleeping Cells Hourly" time="49.837" classname="Test Cases/SON/Huawei/2G/Cell/Cell Sleeping Cells Hourly" status="PASSED">
         <system-out><![CDATA[2024-09-03 17:10:33 - [TEST_CASE][PASSED] - Test Cases/SON/Huawei/2G/Cell/Cell Sleeping Cells Hourly: Test Cases/SON/Huawei/2G/Cell/Cell Sleeping Cells Hourly

2024-09-03 17:10:33 - [TEST_STEP][PASSED] - callTestCase(findTestCase("Login"), [:], STOP_ON_FAILURE): Call Test Case 'Test Cases/Login' successfully

2024-09-03 17:10:33 - [TEST_CASE][PASSED] - Test Cases/Login: Test Cases/Login

2024-09-03 17:10:33 - [TEST_STEP][PASSED] - driver = general.start(SwagerURL, NetCellURL): general.start is PASSED

2024-09-03 17:10:33 - [MESSAGE][INFO] - >>> chromeDriverPath=C:\Users\FatimaIbeid\.katalon\packages\Katalon_Studio_Windows_64-8.6.9\Katalon_Studio_Windows_64-8.6.9\configuration\resources\drivers\chromedriver_win32\chromedriver.exe

2024-09-03 17:10:34 - [MESSAGE][PASSED] - Current window maximized

2024-09-03 17:10:35 - [MESSAGE][PASSED] - Execute JavaScript 'window.open();' successfully

2024-09-03 17:10:35 - [MESSAGE][PASSED] - Switched to window with index: '1'

2024-09-03 17:10:48 - [MESSAGE][PASSED] - general.start is PASSED

2024-09-03 17:10:48 - [TEST_STEP][PASSED] - click(findTestObject("Object Repository/Login/LoginButton")): Object: 'Object Repository/Login/LoginButton' is clicked on

2024-09-03 17:10:48 - [MESSAGE][PASSED] - Object: 'Object Repository/Login/LoginButton' is clicked on

2024-09-03 17:10:48 - [TEST_STEP][PASSED] - switchToWindowIndex(2): Switched to window with index: '2'

2024-09-03 17:10:48 - [MESSAGE][PASSED] - Switched to window with index: '2'

2024-09-03 17:10:48 - [TEST_STEP][PASSED] - delay(1): Delayed 1 second(s)

2024-09-03 17:10:49 - [MESSAGE][PASSED] - Delayed 1 second(s)

2024-09-03 17:10:49 - [TEST_STEP][PASSED] - sendKeys(findTestObject("Object Repository/Login/EnterEmail"), "homam@zztjg.onmicrosoft.com"): Keys 'homam@zztjg.onmicrosoft.com' sent to object: 'Object Repository/Login/EnterEmail'

2024-09-03 17:10:50 - [MESSAGE][PASSED] - Keys 'homam@zztjg.onmicrosoft.com' sent to object: 'Object Repository/Login/EnterEmail'

2024-09-03 17:10:50 - [TEST_STEP][PASSED] - delay(1): Delayed 1 second(s)

2024-09-03 17:10:51 - [MESSAGE][PASSED] - Delayed 1 second(s)

2024-09-03 17:10:51 - [TEST_STEP][PASSED] - click(findTestObject("Object Repository/Login/NextButton")): Object: 'Object Repository/Login/NextButton' is clicked on

2024-09-03 17:10:51 - [MESSAGE][PASSED] - Object: 'Object Repository/Login/NextButton' is clicked on

2024-09-03 17:10:51 - [TEST_STEP][PASSED] - delay(2): Delayed 2 second(s)

2024-09-03 17:10:53 - [MESSAGE][PASSED] - Delayed 2 second(s)

2024-09-03 17:10:53 - [TEST_STEP][PASSED] - sendKeys(findTestObject("Object Repository/Login/EnterPassword"), "Holder12345"): Keys 'Holder12345' sent to object: 'Object Repository/Login/EnterPassword'

2024-09-03 17:10:53 - [MESSAGE][PASSED] - Keys 'Holder12345' sent to object: 'Object Repository/Login/EnterPassword'

2024-09-03 17:10:53 - [TEST_STEP][PASSED] - delay(1): Delayed 1 second(s)

2024-09-03 17:10:54 - [MESSAGE][PASSED] - Delayed 1 second(s)

2024-09-03 17:10:54 - [TEST_STEP][PASSED] - click(findTestObject("Object Repository/Login/SigninButton")): Object: 'Object Repository/Login/SigninButton' is clicked on

2024-09-03 17:10:55 - [MESSAGE][PASSED] - Object: 'Object Repository/Login/SigninButton' is clicked on

2024-09-03 17:10:55 - [TEST_STEP][PASSED] - delay(1): Delayed 1 second(s)

2024-09-03 17:10:56 - [MESSAGE][PASSED] - Delayed 1 second(s)

2024-09-03 17:10:56 - [TEST_STEP][PASSED] - click(findTestObject("Object Repository/Login/YesStayInButton")): Object: 'Object Repository/Login/YesStayInButton' is clicked on

2024-09-03 17:10:56 - [MESSAGE][PASSED] - Object: 'Object Repository/Login/YesStayInButton' is clicked on

2024-09-03 17:10:56 - [MESSAGE][PASSED] - Call Test Case 'Test Cases/Login' successfully

2024-09-03 17:10:56 - [TEST_STEP][PASSED] - switchToWindowIndex(1): Switched to window with index: '1'

2024-09-03 17:10:56 - [MESSAGE][PASSED] - Switched to window with index: '1'

2024-09-03 17:10:56 - [TEST_STEP][PASSED] - SON.son("huawei", "2G", "Cell", "Sleeping Cells", "Hourly", ""): SON.son is PASSED

2024-09-03 17:10:58 - [MESSAGE][PASSED] - Object: 'Object Repository/SON/sonBtn' is clicked on

2024-09-03 17:10:58 - [MESSAGE][PASSED] - Switched to window with index: '2'

2024-09-03 17:10:59 - [MESSAGE][PASSED] - Object: 'Object Repository/PM/Huawei-vendor/Technology/Technology-Arrow' is clicked on

2024-09-03 17:10:59 - [MESSAGE][PASSED] - Object: 'Object Repository/PM/Huawei-vendor/Technology/2G' is clicked on

2024-09-03 17:11:00 - [MESSAGE][PASSED] - Object: 'Object Repository/PM/Huawei-vendor/TopX/TopX Object Type' is clicked on

2024-09-03 17:11:01 - [MESSAGE][PASSED] - Delayed 1 second(s)

2024-09-03 17:11:01 - [MESSAGE][PASSED] - Object: 'Object Repository/PM/Huawei-vendor/Object-Type/TopX Object Types/TopX Cells/TopX Cell' is clicked on

2024-09-03 17:11:02 - [MESSAGE][PASSED] - Delayed 1 second(s)

2024-09-03 17:11:02 - [MESSAGE][WARNING] - Timeout '0' is invalid. Using default page load timeout: '120'

2024-09-03 17:11:02 - [MESSAGE][PASSED] - Scroll to object 'Object Repository/PM/Huawei-vendor/Object Border' successfully

2024-09-03 17:11:02 - [MESSAGE][PASSED] - Object: 'Object Repository/PM/Huawei-vendor/Object-Type/TopX Object Types/TopX Sites/TopX East Amman Arrow' is clicked on

2024-09-03 17:11:04 - [MESSAGE][PASSED] - Object: 'Object Repository/PM/Huawei-vendor/Object-Type/TopX Object Types/TopX Cells/TopX East Amman Site1 Arrow' is clicked on

2024-09-03 17:11:06 - [MESSAGE][PASSED] - Delayed 2 second(s)

2024-09-03 17:11:07 - [MESSAGE][PASSED] - Object: 'Object Repository/SON/ObjectType/Cell/East Amman Site1 Cell1 2G' is clicked on

2024-09-03 17:11:07 - [MESSAGE][PASSED] - Object: 'Object Repository/PM/Huawei-vendor/Object-Type/TopX Object Types/TopX Sites/TopX East Amman CloseArrow' is clicked on

2024-09-03 17:11:07 - [MESSAGE][PASSED] - Object: 'Object Repository/PM/Huawei-vendor/Object-Type/TopX Object Types/TopX Sites/TopX West Amman Arrow' is clicked on

2024-09-03 17:11:08 - [MESSAGE][PASSED] - Object: 'Object Repository/PM/Huawei-vendor/Object-Type/TopX Object Types/TopX Cells/TopX West Amman Site1 Arrow' is clicked on

2024-09-03 17:11:08 - [MESSAGE][PASSED] - Object: 'Object Repository/SON/ObjectType/Cell/West Amman Site1 Cell1 2G' is clicked on

2024-09-03 17:11:09 - [MESSAGE][PASSED] - Object: 'Object Repository/PM/Huawei-vendor/Object-Type/TopX Object Types/TopX Sites/TopX West Amman CloseArrow' is clicked on

2024-09-03 17:11:09 - [MESSAGE][PASSED] - Object: 'Object Repository/PM/Huawei-vendor/Object-Type/TopX Object Types/TopX Sites/TopX South Amman Arrow' is clicked on

2024-09-03 17:11:10 - [MESSAGE][PASSED] - Object: 'Object Repository/PM/Huawei-vendor/Object-Type/TopX Object Types/TopX Cells/TopX South Amman Site1 Arrow' is clicked on

2024-09-03 17:11:11 - [MESSAGE][PASSED] - Object: 'Object Repository/SON/ObjectType/Cell/South Amman Site1 Cell1 2G' is clicked on

2024-09-03 17:11:11 - [MESSAGE][PASSED] - Object: 'Object Repository/PM/Huawei-vendor/Object-Type/TopX Object Types/TopX Sites/TopX South Amman CloseArrow' is clicked on

2024-09-03 17:11:11 - [MESSAGE][PASSED] - Object: 'Object Repository/PM/Huawei-vendor/Object-Type/TopX Object Types/TopX Sites/TopX East Jordan Arrow' is clicked on

2024-09-03 17:11:12 - [MESSAGE][PASSED] - Object: 'Object Repository/PM/Huawei-vendor/Object-Type/TopX Object Types/TopX Cells/TopX East Jordan Site1 Arrow' is clicked on

2024-09-03 17:11:12 - [MESSAGE][PASSED] - Object: 'Object Repository/SON/ObjectType/Cell/East Jordan Site1 Cell1 2G' is clicked on

2024-09-03 17:11:12 - [MESSAGE][PASSED] - Object: 'Object Repository/PM/Huawei-vendor/Object-Type/TopX Object Types/TopX Sites/TopX East Jordan CloseArrow' is clicked on

2024-09-03 17:11:12 - [MESSAGE][PASSED] - Object: 'Object Repository/PM/Huawei-vendor/Object-Type/TopX Object Types/TopX Sites/TopX North Jordan Arrow' is clicked on

2024-09-03 17:11:14 - [MESSAGE][PASSED] - Object: 'Object Repository/PM/Huawei-vendor/Object-Type/TopX Object Types/TopX Cells/TopX North Jordan Site1 Arrow' is clicked on

2024-09-03 17:11:14 - [MESSAGE][PASSED] - Object: 'Object Repository/SON/ObjectType/Cell/North Jordan Site1 Cell1 2G' is clicked on

2024-09-03 17:11:14 - [MESSAGE][PASSED] - Object: 'Object Repository/PM/Huawei-vendor/Object-Type/TopX Object Types/TopX Sites/TopX North Jordan CloseArrow' is clicked on

2024-09-03 17:11:14 - [MESSAGE][PASSED] - Object: 'Object Repository/PM/Huawei-vendor/Object-Type/TopX Object Types/TopX Sites/TopX South Jordan Arrow' is clicked on

2024-09-03 17:11:15 - [MESSAGE][PASSED] - Object: 'Object Repository/PM/Huawei-vendor/Object-Type/TopX Object Types/TopX Cells/TopX South Jordan Site1 Arrow' is clicked on

2024-09-03 17:11:15 - [MESSAGE][PASSED] - Object: 'Object Repository/SON/ObjectType/Cell/South Jordan Site1 Cell1 2G' is clicked on

2024-09-03 17:11:15 - [MESSAGE][PASSED] - Object: 'Object Repository/PM/Huawei-vendor/Object-Type/TopX Object Types/TopX Sites/TopX South Jordan CloseArrow' is clicked on

2024-09-03 17:11:16 - [MESSAGE][PASSED] - Object: 'Object Repository/SON/ObjectType/Other Site' is clicked on

2024-09-03 17:11:18 - [MESSAGE][PASSED] - Delayed 2 second(s)

2024-09-03 17:11:18 - [MESSAGE][PASSED] - Object: 'Object Repository/SON/SonType/Type-Arrow' is clicked on

2024-09-03 17:11:18 - [MESSAGE][WARNING] - Timeout '0' is invalid. Using default page load timeout: '120'

2024-09-03 17:11:18 - [MESSAGE][PASSED] - Scroll to object 'Object Repository/SON/Exclude Options' successfully

2024-09-03 17:11:18 - [MESSAGE][PASSED] - Object: 'Object Repository/PM/Huawei-vendor/StartDate/Monthly-Selection' is clicked on

2024-09-03 17:11:18 - [MESSAGE][PASSED] - Object: 'Object Repository/PM/Huawei-vendor/StartDate/Fep-Selection' is clicked on

2024-09-03 17:11:19 - [MESSAGE][PASSED] - Delayed 1 second(s)

2024-09-03 17:11:19 - [MESSAGE][PASSED] - Object: 'Object Repository/PM/Huawei-vendor/StartDate/1-Fep' is clicked on

2024-09-03 17:11:19 - [MESSAGE][PASSED] - Object: 'Object Repository/PM/Huawei-vendor/Apply-Button' is clicked on

2024-09-03 17:11:22 - [MESSAGE][PASSED] - Web element with id: 'Object Repository/SON/Error' located by 'By.xpath: //div[@class='home-logo']' is not present after '200' second(s)

2024-09-03 17:11:22 - [MESSAGE][PASSED] - SON.son is PASSED]]></system-out>
         <system-err><![CDATA[]]></system-err>
      </testcase>
      <testcase name="Test Cases/SON/Huawei/2G/BSC/BSC Sleeping Cells Hourly" time="233.786" classname="Test Cases/SON/Huawei/2G/BSC/BSC Sleeping Cells Hourly" status="FAILED">
         <failure type="FAILED" message="Test Cases/SON/Huawei/2G/BSC/BSC Sleeping Cells Hourly FAILED.
Reason:
com.kms.katalon.core.exception.StepFailedException: Unable to verify object 'Object Repository/SON/Error' is not present
	at com.kms.katalon.core.webui.keyword.internal.WebUIKeywordMain.stepFailed(WebUIKeywordMain.groovy:64)
	at com.kms.katalon.core.webui.keyword.internal.WebUIKeywordMain.runKeyword(WebUIKeywordMain.groovy:26)
	at com.kms.katalon.core.webui.keyword.internal.WebUIKeywordMain$runKeyword.call(Unknown Source)
	at com.kms.katalon.core.webui.keyword.builtin.VerifyElementNotPresentKeyword.verifyElementNotPresent(VerifyElementNotPresentKeyword.groovy:122)
	at com.kms.katalon.core.webui.keyword.builtin.VerifyElementNotPresentKeyword.execute(VerifyElementNotPresentKeyword.groovy:68)
	at com.kms.katalon.core.keyword.internal.KeywordExecutor.executeKeywordForPlatform(KeywordExecutor.groovy:74)
	at com.kms.katalon.core.webui.keyword.WebUiBuiltInKeywords.verifyElementNotPresent(WebUiBuiltInKeywords.groovy:1497)
	at com.kms.katalon.core.webui.keyword.WebUiBuiltInKeywords$verifyElementNotPresent$4.call(Unknown Source)
	at SON.son(SON.groovy:93)
	at SON.invokeMethod(SON.groovy)
	at com.kms.katalon.core.main.CustomKeywordDelegatingMetaClass.invokeStaticMethod(CustomKeywordDelegatingMetaClass.java:55)
	at BSC Sleeping Cells Hourly.run(BSC Sleeping Cells Hourly:25)
	at com.kms.katalon.core.main.ScriptEngine.run(ScriptEngine.java:194)
	at com.kms.katalon.core.main.ScriptEngine.runScriptAsRawText(ScriptEngine.java:119)
	at com.kms.katalon.core.main.TestCaseExecutor.runScript(TestCaseExecutor.java:448)
	at com.kms.katalon.core.main.TestCaseExecutor.doExecute(TestCaseExecutor.java:439)
	at com.kms.katalon.core.main.TestCaseExecutor.processExecutionPhase(TestCaseExecutor.java:418)
	at com.kms.katalon.core.main.TestCaseExecutor.accessMainPhase(TestCaseExecutor.java:410)
	at com.kms.katalon.core.main.TestCaseExecutor.execute(TestCaseExecutor.java:285)
	at com.kms.katalon.core.common.CommonExecutor.accessTestCaseMainPhase(CommonExecutor.java:65)
	at com.kms.katalon.core.main.TestSuiteExecutor.accessTestSuiteMainPhase(TestSuiteExecutor.java:148)
	at com.kms.katalon.core.main.TestSuiteExecutor.execute(TestSuiteExecutor.java:106)
	at com.kms.katalon.core.main.TestCaseMain.startTestSuite(TestCaseMain.java:187)
	at com.kms.katalon.core.main.TestCaseMain$startTestSuite$0.call(Unknown Source)
	at TempTestSuite1725371051772.run(TempTestSuite1725371051772.groovy:35)
Caused by: com.kms.katalon.core.exception.StepFailedException: Web element with id: 'Object Repository/SON/Error' located by 'By.xpath: //div[@class='home-logo']' is present after '200' second(s)
	at com.kms.katalon.core.webui.keyword.internal.WebUIKeywordMain.stepFailed(WebUIKeywordMain.groovy:64)
	at com.kms.katalon.core.webui.keyword.internal.WebUIKeywordMain$stepFailed$0.call(Unknown Source)
	at com.kms.katalon.core.webui.keyword.builtin.VerifyElementNotPresentKeyword$_verifyElementNotPresent_closure1.doCall(VerifyElementNotPresentKeyword.groovy:113)
	at com.kms.katalon.core.webui.keyword.builtin.VerifyElementNotPresentKeyword$_verifyElementNotPresent_closure1.doCall(VerifyElementNotPresentKeyword.groovy)
	at com.kms.katalon.core.webui.keyword.internal.WebUIKeywordMain.runKeyword(WebUIKeywordMain.groovy:20)
	... 23 more
"/>
         <system-out><![CDATA[2024-09-03 17:11:22 - [TEST_CASE][FAILED] - Test Cases/SON/Huawei/2G/BSC/BSC Sleeping Cells Hourly: Test Cases/SON/Huawei/2G/BSC/BSC Sleeping Cells Hourly FAILED.
Reason:
com.kms.katalon.core.exception.StepFailedException: Unable to verify object 'Object Repository/SON/Error' is not present
	at com.kms.katalon.core.webui.keyword.internal.WebUIKeywordMain.stepFailed(WebUIKeywordMain.groovy:64)
	at com.kms.katalon.core.webui.keyword.internal.WebUIKeywordMain.runKeyword(WebUIKeywordMain.groovy:26)
	at com.kms.katalon.core.webui.keyword.internal.WebUIKeywordMain$runKeyword.call(Unknown Source)
	at com.kms.katalon.core.webui.keyword.builtin.VerifyElementNotPresentKeyword.verifyElementNotPresent(VerifyElementNotPresentKeyword.groovy:122)
	at com.kms.katalon.core.webui.keyword.builtin.VerifyElementNotPresentKeyword.execute(VerifyElementNotPresentKeyword.groovy:68)
	at com.kms.katalon.core.keyword.internal.KeywordExecutor.executeKeywordForPlatform(KeywordExecutor.groovy:74)
	at com.kms.katalon.core.webui.keyword.WebUiBuiltInKeywords.verifyElementNotPresent(WebUiBuiltInKeywords.groovy:1497)
	at com.kms.katalon.core.webui.keyword.WebUiBuiltInKeywords$verifyElementNotPresent$4.call(Unknown Source)
	at SON.son(SON.groovy:93)
	at SON.invokeMethod(SON.groovy)
	at com.kms.katalon.core.main.CustomKeywordDelegatingMetaClass.invokeStaticMethod(CustomKeywordDelegatingMetaClass.java:55)
	at BSC Sleeping Cells Hourly.run(BSC Sleeping Cells Hourly:25)
	at com.kms.katalon.core.main.ScriptEngine.run(ScriptEngine.java:194)
	at com.kms.katalon.core.main.ScriptEngine.runScriptAsRawText(ScriptEngine.java:119)
	at com.kms.katalon.core.main.TestCaseExecutor.runScript(TestCaseExecutor.java:448)
	at com.kms.katalon.core.main.TestCaseExecutor.doExecute(TestCaseExecutor.java:439)
	at com.kms.katalon.core.main.TestCaseExecutor.processExecutionPhase(TestCaseExecutor.java:418)
	at com.kms.katalon.core.main.TestCaseExecutor.accessMainPhase(TestCaseExecutor.java:410)
	at com.kms.katalon.core.main.TestCaseExecutor.execute(TestCaseExecutor.java:285)
	at com.kms.katalon.core.common.CommonExecutor.accessTestCaseMainPhase(CommonExecutor.java:65)
	at com.kms.katalon.core.main.TestSuiteExecutor.accessTestSuiteMainPhase(TestSuiteExecutor.java:148)
	at com.kms.katalon.core.main.TestSuiteExecutor.execute(TestSuiteExecutor.java:106)
	at com.kms.katalon.core.main.TestCaseMain.startTestSuite(TestCaseMain.java:187)
	at com.kms.katalon.core.main.TestCaseMain$startTestSuite$0.call(Unknown Source)
	at TempTestSuite1725371051772.run(TempTestSuite1725371051772.groovy:35)
Caused by: com.kms.katalon.core.exception.StepFailedException: Web element with id: 'Object Repository/SON/Error' located by 'By.xpath: //div[@class='home-logo']' is present after '200' second(s)
	at com.kms.katalon.core.webui.keyword.internal.WebUIKeywordMain.stepFailed(WebUIKeywordMain.groovy:64)
	at com.kms.katalon.core.webui.keyword.internal.WebUIKeywordMain$stepFailed$0.call(Unknown Source)
	at com.kms.katalon.core.webui.keyword.builtin.VerifyElementNotPresentKeyword$_verifyElementNotPresent_closure1.doCall(VerifyElementNotPresentKeyword.groovy:113)
	at com.kms.katalon.core.webui.keyword.builtin.VerifyElementNotPresentKeyword$_verifyElementNotPresent_closure1.doCall(VerifyElementNotPresentKeyword.groovy)
	at com.kms.katalon.core.webui.keyword.internal.WebUIKeywordMain.runKeyword(WebUIKeywordMain.groovy:20)
	... 23 more


2024-09-03 17:11:23 - [TEST_STEP][PASSED] - callTestCase(findTestCase("Login"), [:], STOP_ON_FAILURE): Call Test Case 'Test Cases/Login' successfully

2024-09-03 17:11:23 - [TEST_CASE][PASSED] - Test Cases/Login: Test Cases/Login

2024-09-03 17:11:23 - [TEST_STEP][PASSED] - driver = general.start(SwagerURL, NetCellURL): general.start is PASSED

2024-09-03 17:11:23 - [MESSAGE][INFO] - >>> chromeDriverPath=C:\Users\FatimaIbeid\.katalon\packages\Katalon_Studio_Windows_64-8.6.9\Katalon_Studio_Windows_64-8.6.9\configuration\resources\drivers\chromedriver_win32\chromedriver.exe

2024-09-03 17:11:24 - [MESSAGE][PASSED] - Current window maximized

2024-09-03 17:11:24 - [MESSAGE][PASSED] - Execute JavaScript 'window.open();' successfully

2024-09-03 17:11:24 - [MESSAGE][PASSED] - Switched to window with index: '1'

2024-09-03 17:11:25 - [MESSAGE][PASSED] - general.start is PASSED

2024-09-03 17:11:25 - [TEST_STEP][PASSED] - click(findTestObject("Object Repository/Login/LoginButton")): Object: 'Object Repository/Login/LoginButton' is clicked on

2024-09-03 17:11:37 - [MESSAGE][PASSED] - Object: 'Object Repository/Login/LoginButton' is clicked on

2024-09-03 17:11:37 - [TEST_STEP][PASSED] - switchToWindowIndex(2): Switched to window with index: '2'

2024-09-03 17:11:37 - [MESSAGE][PASSED] - Switched to window with index: '2'

2024-09-03 17:11:37 - [TEST_STEP][PASSED] - delay(1): Delayed 1 second(s)

2024-09-03 17:11:38 - [MESSAGE][PASSED] - Delayed 1 second(s)

2024-09-03 17:11:38 - [TEST_STEP][PASSED] - sendKeys(findTestObject("Object Repository/Login/EnterEmail"), "homam@zztjg.onmicrosoft.com"): Keys 'homam@zztjg.onmicrosoft.com' sent to object: 'Object Repository/Login/EnterEmail'

2024-09-03 17:11:39 - [MESSAGE][PASSED] - Keys 'homam@zztjg.onmicrosoft.com' sent to object: 'Object Repository/Login/EnterEmail'

2024-09-03 17:11:39 - [TEST_STEP][PASSED] - delay(1): Delayed 1 second(s)

2024-09-03 17:11:40 - [MESSAGE][PASSED] - Delayed 1 second(s)

2024-09-03 17:11:40 - [TEST_STEP][PASSED] - click(findTestObject("Object Repository/Login/NextButton")): Object: 'Object Repository/Login/NextButton' is clicked on

2024-09-03 17:11:40 - [MESSAGE][PASSED] - Object: 'Object Repository/Login/NextButton' is clicked on

2024-09-03 17:11:40 - [TEST_STEP][PASSED] - delay(2): Delayed 2 second(s)

2024-09-03 17:11:42 - [MESSAGE][PASSED] - Delayed 2 second(s)

2024-09-03 17:11:42 - [TEST_STEP][PASSED] - sendKeys(findTestObject("Object Repository/Login/EnterPassword"), "Holder12345"): Keys 'Holder12345' sent to object: 'Object Repository/Login/EnterPassword'

2024-09-03 17:11:42 - [MESSAGE][PASSED] - Keys 'Holder12345' sent to object: 'Object Repository/Login/EnterPassword'

2024-09-03 17:11:42 - [TEST_STEP][PASSED] - delay(1): Delayed 1 second(s)

2024-09-03 17:11:43 - [MESSAGE][PASSED] - Delayed 1 second(s)

2024-09-03 17:11:43 - [TEST_STEP][PASSED] - click(findTestObject("Object Repository/Login/SigninButton")): Object: 'Object Repository/Login/SigninButton' is clicked on

2024-09-03 17:11:44 - [MESSAGE][PASSED] - Object: 'Object Repository/Login/SigninButton' is clicked on

2024-09-03 17:11:44 - [TEST_STEP][PASSED] - delay(1): Delayed 1 second(s)

2024-09-03 17:11:45 - [MESSAGE][PASSED] - Delayed 1 second(s)

2024-09-03 17:11:45 - [TEST_STEP][PASSED] - click(findTestObject("Object Repository/Login/YesStayInButton")): Object: 'Object Repository/Login/YesStayInButton' is clicked on

2024-09-03 17:11:46 - [MESSAGE][PASSED] - Object: 'Object Repository/Login/YesStayInButton' is clicked on

2024-09-03 17:11:46 - [MESSAGE][PASSED] - Call Test Case 'Test Cases/Login' successfully

2024-09-03 17:11:46 - [TEST_STEP][PASSED] - switchToWindowIndex(1): Switched to window with index: '1'

2024-09-03 17:11:46 - [MESSAGE][PASSED] - Switched to window with index: '1'

2024-09-03 17:11:46 - [TEST_STEP][FAILED] - SON.son("huawei", "2G", "BSC", "Sleeping Cells", "Hourly", ""): Unable to verify object 'Object Repository/SON/Error' is not present

2024-09-03 17:11:47 - [MESSAGE][PASSED] - Object: 'Object Repository/SON/sonBtn' is clicked on

2024-09-03 17:11:47 - [MESSAGE][PASSED] - Switched to window with index: '2'

2024-09-03 17:11:48 - [MESSAGE][PASSED] - Object: 'Object Repository/PM/Huawei-vendor/Technology/Technology-Arrow' is clicked on

2024-09-03 17:11:48 - [MESSAGE][PASSED] - Object: 'Object Repository/PM/Huawei-vendor/Technology/2G' is clicked on

2024-09-03 17:11:48 - [MESSAGE][PASSED] - Object: 'Object Repository/PM/Huawei-vendor/TopX/TopX Object Type' is clicked on

2024-09-03 17:11:49 - [MESSAGE][PASSED] - Delayed 1 second(s)

2024-09-03 17:11:50 - [MESSAGE][PASSED] - Object: 'Object Repository/PM/Huawei-vendor/Object-Type/TopX Object Types/TopX BSCs/TopX BSC' is clicked on

2024-09-03 17:11:51 - [MESSAGE][PASSED] - Delayed 1 second(s)

2024-09-03 17:11:51 - [MESSAGE][WARNING] - Timeout '0' is invalid. Using default page load timeout: '120'

2024-09-03 17:11:51 - [MESSAGE][PASSED] - Scroll to object 'Object Repository/PM/Huawei-vendor/Object Border' successfully

2024-09-03 17:11:51 - [MESSAGE][PASSED] - Object: 'Object Repository/PM/Huawei-vendor/Object-Type/TopX Object Types/TopX BSCs/TopX BSC Ader' is clicked on

2024-09-03 17:11:51 - [MESSAGE][PASSED] - Object: 'Object Repository/PM/Huawei-vendor/Object-Type/TopX Object Types/TopX BSCs/TopX BSC Fifa' is clicked on

2024-09-03 17:11:51 - [MESSAGE][PASSED] - Object: 'Object Repository/SON/ObjectType/BSC/TopX BSC HQ 04' is clicked on

2024-09-03 17:11:51 - [MESSAGE][PASSED] - Object: 'Object Repository/PM/Huawei-vendor/Object-Type/TopX Object Types/TopX BSCs/TopX BSC AA 01' is clicked on

2024-09-03 17:11:53 - [MESSAGE][PASSED] - Delayed 2 second(s)

2024-09-03 17:11:53 - [MESSAGE][PASSED] - Object: 'Object Repository/SON/SonType/Type-Arrow' is clicked on

2024-09-03 17:11:54 - [MESSAGE][WARNING] - Timeout '0' is invalid. Using default page load timeout: '120'

2024-09-03 17:11:54 - [MESSAGE][PASSED] - Scroll to object 'Object Repository/SON/Exclude Options' successfully

2024-09-03 17:11:54 - [MESSAGE][PASSED] - Object: 'Object Repository/PM/Huawei-vendor/StartDate/Monthly-Selection' is clicked on

2024-09-03 17:11:54 - [MESSAGE][PASSED] - Object: 'Object Repository/PM/Huawei-vendor/StartDate/Fep-Selection' is clicked on

2024-09-03 17:11:55 - [MESSAGE][PASSED] - Delayed 1 second(s)

2024-09-03 17:11:55 - [MESSAGE][PASSED] - Object: 'Object Repository/PM/Huawei-vendor/StartDate/1-Fep' is clicked on

2024-09-03 17:11:55 - [MESSAGE][PASSED] - Object: 'Object Repository/PM/Huawei-vendor/Apply-Button' is clicked on

2024-09-03 17:15:16 - [MESSAGE][FAILED] - Web element with id: 'Object Repository/SON/Error' located by 'By.xpath: //div[@class='home-logo']' is present after '200' second(s) (Root cause: com.kms.katalon.core.exception.StepFailedException: Web element with id: 'Object Repository/SON/Error' located by 'By.xpath: //div[@class='home-logo']' is present after '200' second(s)
	at com.kms.katalon.core.webui.keyword.internal.WebUIKeywordMain.stepFailed(WebUIKeywordMain.groovy:64)
	at com.kms.katalon.core.webui.keyword.internal.WebUIKeywordMain$stepFailed$0.call(Unknown Source)
	at com.kms.katalon.core.webui.keyword.builtin.VerifyElementNotPresentKeyword$_verifyElementNotPresent_closure1.doCall(VerifyElementNotPresentKeyword.groovy:113)
	at com.kms.katalon.core.webui.keyword.builtin.VerifyElementNotPresentKeyword$_verifyElementNotPresent_closure1.doCall(VerifyElementNotPresentKeyword.groovy)
	at com.kms.katalon.core.webui.keyword.internal.WebUIKeywordMain.runKeyword(WebUIKeywordMain.groovy:20)
	at com.kms.katalon.core.webui.keyword.internal.WebUIKeywordMain$runKeyword.call(Unknown Source)
	at com.kms.katalon.core.webui.keyword.builtin.VerifyElementNotPresentKeyword.verifyElementNotPresent(VerifyElementNotPresentKeyword.groovy:122)
	at com.kms.katalon.core.webui.keyword.builtin.VerifyElementNotPresentKeyword.execute(VerifyElementNotPresentKeyword.groovy:68)
	at com.kms.katalon.core.keyword.internal.KeywordExecutor.executeKeywordForPlatform(KeywordExecutor.groovy:74)
	at com.kms.katalon.core.webui.keyword.WebUiBuiltInKeywords.verifyElementNotPresent(WebUiBuiltInKeywords.groovy:1497)
	at com.kms.katalon.core.webui.keyword.WebUiBuiltInKeywords$verifyElementNotPresent$4.call(Unknown Source)
	at SON.son(SON.groovy:93)
	at SON.invokeMethod(SON.groovy)
	at com.kms.katalon.core.main.CustomKeywordDelegatingMetaClass.invokeStaticMethod(CustomKeywordDelegatingMetaClass.java:55)
	at BSC Sleeping Cells Hourly.run(BSC Sleeping Cells Hourly:25)
	at com.kms.katalon.core.main.ScriptEngine.run(ScriptEngine.java:194)
	at com.kms.katalon.core.main.ScriptEngine.runScriptAsRawText(ScriptEngine.java:119)
	at com.kms.katalon.core.main.TestCaseExecutor.runScript(TestCaseExecutor.java:448)
	at com.kms.katalon.core.main.TestCaseExecutor.doExecute(TestCaseExecutor.java:439)
	at com.kms.katalon.core.main.TestCaseExecutor.processExecutionPhase(TestCaseExecutor.java:418)
	at com.kms.katalon.core.main.TestCaseExecutor.accessMainPhase(TestCaseExecutor.java:410)
	at com.kms.katalon.core.main.TestCaseExecutor.execute(TestCaseExecutor.java:285)
	at com.kms.katalon.core.common.CommonExecutor.accessTestCaseMainPhase(CommonExecutor.java:65)
	at com.kms.katalon.core.main.TestSuiteExecutor.accessTestSuiteMainPhase(TestSuiteExecutor.java:148)
	at com.kms.katalon.core.main.TestSuiteExecutor.execute(TestSuiteExecutor.java:106)
	at com.kms.katalon.core.main.TestCaseMain.startTestSuite(TestCaseMain.java:187)
	at com.kms.katalon.core.main.TestCaseMain$startTestSuite$0.call(Unknown Source)
	at TempTestSuite1725371051772.run(TempTestSuite1725371051772.groovy:35)
)
[[ATTACHMENT|C:\\Users\\FatimaIbeid\\git\\NetCell\\Reports\\20240903_164410\\SON\\Hwauei\\2G\\2G Regression\\20240903_164411\\1725372916340.png]]

2024-09-03 17:15:16 - [MESSAGE][FAILED] - Unable to verify object 'Object Repository/SON/Error' is not present (Root cause: com.kms.katalon.core.exception.StepFailedException: Unable to verify object 'Object Repository/SON/Error' is not present
	at com.kms.katalon.core.webui.keyword.internal.WebUIKeywordMain.stepFailed(WebUIKeywordMain.groovy:64)
	at com.kms.katalon.core.webui.keyword.internal.WebUIKeywordMain.runKeyword(WebUIKeywordMain.groovy:26)
	at com.kms.katalon.core.webui.keyword.internal.WebUIKeywordMain$runKeyword.call(Unknown Source)
	at com.kms.katalon.core.webui.keyword.builtin.VerifyElementNotPresentKeyword.verifyElementNotPresent(VerifyElementNotPresentKeyword.groovy:122)
	at com.kms.katalon.core.webui.keyword.builtin.VerifyElementNotPresentKeyword.execute(VerifyElementNotPresentKeyword.groovy:68)
	at com.kms.katalon.core.keyword.internal.KeywordExecutor.executeKeywordForPlatform(KeywordExecutor.groovy:74)
	at com.kms.katalon.core.webui.keyword.WebUiBuiltInKeywords.verifyElementNotPresent(WebUiBuiltInKeywords.groovy:1497)
	at com.kms.katalon.core.webui.keyword.WebUiBuiltInKeywords$verifyElementNotPresent$4.call(Unknown Source)
	at SON.son(SON.groovy:93)
	at SON.invokeMethod(SON.groovy)
	at com.kms.katalon.core.main.CustomKeywordDelegatingMetaClass.invokeStaticMethod(CustomKeywordDelegatingMetaClass.java:55)
	at BSC Sleeping Cells Hourly.run(BSC Sleeping Cells Hourly:25)
	at com.kms.katalon.core.main.ScriptEngine.run(ScriptEngine.java:194)
	at com.kms.katalon.core.main.ScriptEngine.runScriptAsRawText(ScriptEngine.java:119)
	at com.kms.katalon.core.main.TestCaseExecutor.runScript(TestCaseExecutor.java:448)
	at com.kms.katalon.core.main.TestCaseExecutor.doExecute(TestCaseExecutor.java:439)
	at com.kms.katalon.core.main.TestCaseExecutor.processExecutionPhase(TestCaseExecutor.java:418)
	at com.kms.katalon.core.main.TestCaseExecutor.accessMainPhase(TestCaseExecutor.java:410)
	at com.kms.katalon.core.main.TestCaseExecutor.execute(TestCaseExecutor.java:285)
	at com.kms.katalon.core.common.CommonExecutor.accessTestCaseMainPhase(CommonExecutor.java:65)
	at com.kms.katalon.core.main.TestSuiteExecutor.accessTestSuiteMainPhase(TestSuiteExecutor.java:148)
	at com.kms.katalon.core.main.TestSuiteExecutor.execute(TestSuiteExecutor.java:106)
	at com.kms.katalon.core.main.TestCaseMain.startTestSuite(TestCaseMain.java:187)
	at com.kms.katalon.core.main.TestCaseMain$startTestSuite$0.call(Unknown Source)
	at TempTestSuite1725371051772.run(TempTestSuite1725371051772.groovy:35)
Caused by: com.kms.katalon.core.exception.StepFailedException: Web element with id: 'Object Repository/SON/Error' located by 'By.xpath: //div[@class='home-logo']' is present after '200' second(s)
	at com.kms.katalon.core.webui.keyword.internal.WebUIKeywordMain.stepFailed(WebUIKeywordMain.groovy:64)
	at com.kms.katalon.core.webui.keyword.internal.WebUIKeywordMain$stepFailed$0.call(Unknown Source)
	at com.kms.katalon.core.webui.keyword.builtin.VerifyElementNotPresentKeyword$_verifyElementNotPresent_closure1.doCall(VerifyElementNotPresentKeyword.groovy:113)
	at com.kms.katalon.core.webui.keyword.builtin.VerifyElementNotPresentKeyword$_verifyElementNotPresent_closure1.doCall(VerifyElementNotPresentKeyword.groovy)
	at com.kms.katalon.core.webui.keyword.internal.WebUIKeywordMain.runKeyword(WebUIKeywordMain.groovy:20)
	... 23 more
)
[[ATTACHMENT|C:\\Users\\FatimaIbeid\\git\\NetCell\\Reports\\20240903_164410\\SON\\Hwauei\\2G\\2G Regression\\20240903_164411\\1725372916549.png]]

2024-09-03 17:15:16 - [MESSAGE][FAILED] - Unable to verify object 'Object Repository/SON/Error' is not present]]></system-out>
         <system-err><![CDATA[2024-09-03 17:11:22 - [TEST_CASE][FAILED] - Test Cases/SON/Huawei/2G/BSC/BSC Sleeping Cells Hourly: Test Cases/SON/Huawei/2G/BSC/BSC Sleeping Cells Hourly FAILED.
Reason:
com.kms.katalon.core.exception.StepFailedException: Unable to verify object 'Object Repository/SON/Error' is not present
	at com.kms.katalon.core.webui.keyword.internal.WebUIKeywordMain.stepFailed(WebUIKeywordMain.groovy:64)
	at com.kms.katalon.core.webui.keyword.internal.WebUIKeywordMain.runKeyword(WebUIKeywordMain.groovy:26)
	at com.kms.katalon.core.webui.keyword.internal.WebUIKeywordMain$runKeyword.call(Unknown Source)
	at com.kms.katalon.core.webui.keyword.builtin.VerifyElementNotPresentKeyword.verifyElementNotPresent(VerifyElementNotPresentKeyword.groovy:122)
	at com.kms.katalon.core.webui.keyword.builtin.VerifyElementNotPresentKeyword.execute(VerifyElementNotPresentKeyword.groovy:68)
	at com.kms.katalon.core.keyword.internal.KeywordExecutor.executeKeywordForPlatform(KeywordExecutor.groovy:74)
	at com.kms.katalon.core.webui.keyword.WebUiBuiltInKeywords.verifyElementNotPresent(WebUiBuiltInKeywords.groovy:1497)
	at com.kms.katalon.core.webui.keyword.WebUiBuiltInKeywords$verifyElementNotPresent$4.call(Unknown Source)
	at SON.son(SON.groovy:93)
	at SON.invokeMethod(SON.groovy)
	at com.kms.katalon.core.main.CustomKeywordDelegatingMetaClass.invokeStaticMethod(CustomKeywordDelegatingMetaClass.java:55)
	at BSC Sleeping Cells Hourly.run(BSC Sleeping Cells Hourly:25)
	at com.kms.katalon.core.main.ScriptEngine.run(ScriptEngine.java:194)
	at com.kms.katalon.core.main.ScriptEngine.runScriptAsRawText(ScriptEngine.java:119)
	at com.kms.katalon.core.main.TestCaseExecutor.runScript(TestCaseExecutor.java:448)
	at com.kms.katalon.core.main.TestCaseExecutor.doExecute(TestCaseExecutor.java:439)
	at com.kms.katalon.core.main.TestCaseExecutor.processExecutionPhase(TestCaseExecutor.java:418)
	at com.kms.katalon.core.main.TestCaseExecutor.accessMainPhase(TestCaseExecutor.java:410)
	at com.kms.katalon.core.main.TestCaseExecutor.execute(TestCaseExecutor.java:285)
	at com.kms.katalon.core.common.CommonExecutor.accessTestCaseMainPhase(CommonExecutor.java:65)
	at com.kms.katalon.core.main.TestSuiteExecutor.accessTestSuiteMainPhase(TestSuiteExecutor.java:148)
	at com.kms.katalon.core.main.TestSuiteExecutor.execute(TestSuiteExecutor.java:106)
	at com.kms.katalon.core.main.TestCaseMain.startTestSuite(TestCaseMain.java:187)
	at com.kms.katalon.core.main.TestCaseMain$startTestSuite$0.call(Unknown Source)
	at TempTestSuite1725371051772.run(TempTestSuite1725371051772.groovy:35)
Caused by: com.kms.katalon.core.exception.StepFailedException: Web element with id: 'Object Repository/SON/Error' located by 'By.xpath: //div[@class='home-logo']' is present after '200' second(s)
	at com.kms.katalon.core.webui.keyword.internal.WebUIKeywordMain.stepFailed(WebUIKeywordMain.groovy:64)
	at com.kms.katalon.core.webui.keyword.internal.WebUIKeywordMain$stepFailed$0.call(Unknown Source)
	at com.kms.katalon.core.webui.keyword.builtin.VerifyElementNotPresentKeyword$_verifyElementNotPresent_closure1.doCall(VerifyElementNotPresentKeyword.groovy:113)
	at com.kms.katalon.core.webui.keyword.builtin.VerifyElementNotPresentKeyword$_verifyElementNotPresent_closure1.doCall(VerifyElementNotPresentKeyword.groovy)
	at com.kms.katalon.core.webui.keyword.internal.WebUIKeywordMain.runKeyword(WebUIKeywordMain.groovy:20)
	... 23 more]]></system-err>
      </testcase>
      <testcase name="Test Cases/SON/Huawei/2G/Cluster/Cluster Sleeping Cells Hourly" time="235.343" classname="Test Cases/SON/Huawei/2G/Cluster/Cluster Sleeping Cells Hourly" status="FAILED">
         <failure type="FAILED" message="Test Cases/SON/Huawei/2G/Cluster/Cluster Sleeping Cells Hourly FAILED.
Reason:
com.kms.katalon.core.exception.StepFailedException: Unable to verify object 'Object Repository/SON/Error' is not present
	at com.kms.katalon.core.webui.keyword.internal.WebUIKeywordMain.stepFailed(WebUIKeywordMain.groovy:64)
	at com.kms.katalon.core.webui.keyword.internal.WebUIKeywordMain.runKeyword(WebUIKeywordMain.groovy:26)
	at com.kms.katalon.core.webui.keyword.internal.WebUIKeywordMain$runKeyword.call(Unknown Source)
	at com.kms.katalon.core.webui.keyword.builtin.VerifyElementNotPresentKeyword.verifyElementNotPresent(VerifyElementNotPresentKeyword.groovy:122)
	at com.kms.katalon.core.webui.keyword.builtin.VerifyElementNotPresentKeyword.execute(VerifyElementNotPresentKeyword.groovy:68)
	at com.kms.katalon.core.keyword.internal.KeywordExecutor.executeKeywordForPlatform(KeywordExecutor.groovy:74)
	at com.kms.katalon.core.webui.keyword.WebUiBuiltInKeywords.verifyElementNotPresent(WebUiBuiltInKeywords.groovy:1497)
	at com.kms.katalon.core.webui.keyword.WebUiBuiltInKeywords$verifyElementNotPresent$4.call(Unknown Source)
	at SON.son(SON.groovy:93)
	at SON.invokeMethod(SON.groovy)
	at com.kms.katalon.core.main.CustomKeywordDelegatingMetaClass.invokeStaticMethod(CustomKeywordDelegatingMetaClass.java:55)
	at Cluster Sleeping Cells Hourly.run(Cluster Sleeping Cells Hourly:25)
	at com.kms.katalon.core.main.ScriptEngine.run(ScriptEngine.java:194)
	at com.kms.katalon.core.main.ScriptEngine.runScriptAsRawText(ScriptEngine.java:119)
	at com.kms.katalon.core.main.TestCaseExecutor.runScript(TestCaseExecutor.java:448)
	at com.kms.katalon.core.main.TestCaseExecutor.doExecute(TestCaseExecutor.java:439)
	at com.kms.katalon.core.main.TestCaseExecutor.processExecutionPhase(TestCaseExecutor.java:418)
	at com.kms.katalon.core.main.TestCaseExecutor.accessMainPhase(TestCaseExecutor.java:410)
	at com.kms.katalon.core.main.TestCaseExecutor.execute(TestCaseExecutor.java:285)
	at com.kms.katalon.core.common.CommonExecutor.accessTestCaseMainPhase(CommonExecutor.java:65)
	at com.kms.katalon.core.main.TestSuiteExecutor.accessTestSuiteMainPhase(TestSuiteExecutor.java:148)
	at com.kms.katalon.core.main.TestSuiteExecutor.execute(TestSuiteExecutor.java:106)
	at com.kms.katalon.core.main.TestCaseMain.startTestSuite(TestCaseMain.java:187)
	at com.kms.katalon.core.main.TestCaseMain$startTestSuite$0.call(Unknown Source)
	at TempTestSuite1725371051772.run(TempTestSuite1725371051772.groovy:35)
Caused by: org.openqa.selenium.NoSuchWindowException: no such window: target window already closed
from unknown error: web view not found
  (Session info: chrome=128.0.6613.113)
Build info: version: '3.141.59', revision: 'e82be7d358', time: '2018-11-14T08:25:53'
System info: host: 'LP-FATIMAIBEID', ip: '192.168.9.99', os.name: 'Windows 11', os.arch: 'amd64', os.version: '10.0', java.version: '1.8.0_362'
Driver info: org.openqa.selenium.chrome.ChromeDriver
Capabilities {acceptInsecureCerts: true, browserName: chrome, browserVersion: 128.0.6613.113, chrome: {chromedriverVersion: 127.0.6533.88 (a2d0cb026721..., userDataDir: C:\Users\FATIMA~1\AppData\L...}, fedcm:accounts: true, goog:chromeOptions: {debuggerAddress: localhost:56358}, javascriptEnabled: true, networkConnectionEnabled: false, pageLoadStrategy: normal, platform: WINDOWS, platformName: WINDOWS, proxy: Proxy(), setWindowRect: true, strictFileInteractability: false, timeouts: {implicit: 0, pageLoad: 300000, script: 30000}, unhandledPromptBehavior: dismiss and notify, webauthn:extension:credBlob: true, webauthn:extension:largeBlob: true, webauthn:extension:minPinLength: true, webauthn:extension:prf: true, webauthn:virtualAuthenticators: true}
Session ID: 5651fd40a750a06aa881cfddeff7daba
*** Element info: {Using=xpath, value=//div[@class='home-logo']}
	at org.openqa.selenium.remote.http.W3CHttpResponseCodec.createException(W3CHttpResponseCodec.java:187)
	at org.openqa.selenium.remote.http.W3CHttpResponseCodec.decode(W3CHttpResponseCodec.java:122)
	at org.openqa.selenium.remote.http.W3CHttpResponseCodec.decode(W3CHttpResponseCodec.java:49)
	at org.openqa.selenium.remote.HttpCommandExecutor.execute(HttpCommandExecutor.java:158)
	at org.openqa.selenium.remote.service.DriverCommandExecutor.execute(DriverCommandExecutor.java:83)
	at org.openqa.selenium.remote.RemoteWebDriver.execute(RemoteWebDriver.java:552)
	at org.openqa.selenium.remote.RemoteWebDriver.findElement(RemoteWebDriver.java:323)
	at org.openqa.selenium.remote.RemoteWebDriver.findElementByXPath(RemoteWebDriver.java:428)
	at org.openqa.selenium.By$ByXPath.findElement(By.java:353)
	at org.openqa.selenium.remote.RemoteWebDriver.findElement(RemoteWebDriver.java:315)
	at org.openqa.selenium.support.events.EventFiringWebDriver.lambda$new$1(EventFiringWebDriver.java:105)
	at com.sun.proxy.$Proxy11.findElement(Unknown Source)
	at org.openqa.selenium.support.events.EventFiringWebDriver.findElement(EventFiringWebDriver.java:194)
	at org.openqa.selenium.WebDriver$findElement$0.call(Unknown Source)
	at com.kms.katalon.core.webui.keyword.builtin.VerifyElementNotPresentKeyword$1.apply(VerifyElementNotPresentKeyword.groovy:95)
	at com.kms.katalon.core.webui.keyword.builtin.VerifyElementNotPresentKeyword$1.apply(VerifyElementNotPresentKeyword.groovy)
	at org.openqa.selenium.support.ui.FluentWait.until(FluentWait.java:249)
	at org.openqa.selenium.support.ui.Wait$until.call(Unknown Source)
	at com.kms.katalon.core.webui.keyword.builtin.VerifyElementNotPresentKeyword$_verifyElementNotPresent_closure1.doCall(VerifyElementNotPresentKeyword.groovy:85)
	at com.kms.katalon.core.webui.keyword.builtin.VerifyElementNotPresentKeyword$_verifyElementNotPresent_closure1.doCall(VerifyElementNotPresentKeyword.groovy)
	at com.kms.katalon.core.webui.keyword.internal.WebUIKeywordMain.runKeyword(WebUIKeywordMain.groovy:20)
	... 23 more
"/>
         <system-out><![CDATA[2024-09-03 17:15:16 - [TEST_CASE][FAILED] - Test Cases/SON/Huawei/2G/Cluster/Cluster Sleeping Cells Hourly: Test Cases/SON/Huawei/2G/Cluster/Cluster Sleeping Cells Hourly FAILED.
Reason:
com.kms.katalon.core.exception.StepFailedException: Unable to verify object 'Object Repository/SON/Error' is not present
	at com.kms.katalon.core.webui.keyword.internal.WebUIKeywordMain.stepFailed(WebUIKeywordMain.groovy:64)
	at com.kms.katalon.core.webui.keyword.internal.WebUIKeywordMain.runKeyword(WebUIKeywordMain.groovy:26)
	at com.kms.katalon.core.webui.keyword.internal.WebUIKeywordMain$runKeyword.call(Unknown Source)
	at com.kms.katalon.core.webui.keyword.builtin.VerifyElementNotPresentKeyword.verifyElementNotPresent(VerifyElementNotPresentKeyword.groovy:122)
	at com.kms.katalon.core.webui.keyword.builtin.VerifyElementNotPresentKeyword.execute(VerifyElementNotPresentKeyword.groovy:68)
	at com.kms.katalon.core.keyword.internal.KeywordExecutor.executeKeywordForPlatform(KeywordExecutor.groovy:74)
	at com.kms.katalon.core.webui.keyword.WebUiBuiltInKeywords.verifyElementNotPresent(WebUiBuiltInKeywords.groovy:1497)
	at com.kms.katalon.core.webui.keyword.WebUiBuiltInKeywords$verifyElementNotPresent$4.call(Unknown Source)
	at SON.son(SON.groovy:93)
	at SON.invokeMethod(SON.groovy)
	at com.kms.katalon.core.main.CustomKeywordDelegatingMetaClass.invokeStaticMethod(CustomKeywordDelegatingMetaClass.java:55)
	at Cluster Sleeping Cells Hourly.run(Cluster Sleeping Cells Hourly:25)
	at com.kms.katalon.core.main.ScriptEngine.run(ScriptEngine.java:194)
	at com.kms.katalon.core.main.ScriptEngine.runScriptAsRawText(ScriptEngine.java:119)
	at com.kms.katalon.core.main.TestCaseExecutor.runScript(TestCaseExecutor.java:448)
	at com.kms.katalon.core.main.TestCaseExecutor.doExecute(TestCaseExecutor.java:439)
	at com.kms.katalon.core.main.TestCaseExecutor.processExecutionPhase(TestCaseExecutor.java:418)
	at com.kms.katalon.core.main.TestCaseExecutor.accessMainPhase(TestCaseExecutor.java:410)
	at com.kms.katalon.core.main.TestCaseExecutor.execute(TestCaseExecutor.java:285)
	at com.kms.katalon.core.common.CommonExecutor.accessTestCaseMainPhase(CommonExecutor.java:65)
	at com.kms.katalon.core.main.TestSuiteExecutor.accessTestSuiteMainPhase(TestSuiteExecutor.java:148)
	at com.kms.katalon.core.main.TestSuiteExecutor.execute(TestSuiteExecutor.java:106)
	at com.kms.katalon.core.main.TestCaseMain.startTestSuite(TestCaseMain.java:187)
	at com.kms.katalon.core.main.TestCaseMain$startTestSuite$0.call(Unknown Source)
	at TempTestSuite1725371051772.run(TempTestSuite1725371051772.groovy:35)
Caused by: org.openqa.selenium.NoSuchWindowException: no such window: target window already closed
from unknown error: web view not found
  (Session info: chrome=128.0.6613.113)
Build info: version: '3.141.59', revision: 'e82be7d358', time: '2018-11-14T08:25:53'
System info: host: 'LP-FATIMAIBEID', ip: '192.168.9.99', os.name: 'Windows 11', os.arch: 'amd64', os.version: '10.0', java.version: '1.8.0_362'
Driver info: org.openqa.selenium.chrome.ChromeDriver
Capabilities {acceptInsecureCerts: true, browserName: chrome, browserVersion: 128.0.6613.113, chrome: {chromedriverVersion: 127.0.6533.88 (a2d0cb026721..., userDataDir: C:\Users\FATIMA~1\AppData\L...}, fedcm:accounts: true, goog:chromeOptions: {debuggerAddress: localhost:56358}, javascriptEnabled: true, networkConnectionEnabled: false, pageLoadStrategy: normal, platform: WINDOWS, platformName: WINDOWS, proxy: Proxy(), setWindowRect: true, strictFileInteractability: false, timeouts: {implicit: 0, pageLoad: 300000, script: 30000}, unhandledPromptBehavior: dismiss and notify, webauthn:extension:credBlob: true, webauthn:extension:largeBlob: true, webauthn:extension:minPinLength: true, webauthn:extension:prf: true, webauthn:virtualAuthenticators: true}
Session ID: 5651fd40a750a06aa881cfddeff7daba
*** Element info: {Using=xpath, value=//div[@class='home-logo']}
	at org.openqa.selenium.remote.http.W3CHttpResponseCodec.createException(W3CHttpResponseCodec.java:187)
	at org.openqa.selenium.remote.http.W3CHttpResponseCodec.decode(W3CHttpResponseCodec.java:122)
	at org.openqa.selenium.remote.http.W3CHttpResponseCodec.decode(W3CHttpResponseCodec.java:49)
	at org.openqa.selenium.remote.HttpCommandExecutor.execute(HttpCommandExecutor.java:158)
	at org.openqa.selenium.remote.service.DriverCommandExecutor.execute(DriverCommandExecutor.java:83)
	at org.openqa.selenium.remote.RemoteWebDriver.execute(RemoteWebDriver.java:552)
	at org.openqa.selenium.remote.RemoteWebDriver.findElement(RemoteWebDriver.java:323)
	at org.openqa.selenium.remote.RemoteWebDriver.findElementByXPath(RemoteWebDriver.java:428)
	at org.openqa.selenium.By$ByXPath.findElement(By.java:353)
	at org.openqa.selenium.remote.RemoteWebDriver.findElement(RemoteWebDriver.java:315)
	at org.openqa.selenium.support.events.EventFiringWebDriver.lambda$new$1(EventFiringWebDriver.java:105)
	at com.sun.proxy.$Proxy11.findElement(Unknown Source)
	at org.openqa.selenium.support.events.EventFiringWebDriver.findElement(EventFiringWebDriver.java:194)
	at org.openqa.selenium.WebDriver$findElement$0.call(Unknown Source)
	at com.kms.katalon.core.webui.keyword.builtin.VerifyElementNotPresentKeyword$1.apply(VerifyElementNotPresentKeyword.groovy:95)
	at com.kms.katalon.core.webui.keyword.builtin.VerifyElementNotPresentKeyword$1.apply(VerifyElementNotPresentKeyword.groovy)
	at org.openqa.selenium.support.ui.FluentWait.until(FluentWait.java:249)
	at org.openqa.selenium.support.ui.Wait$until.call(Unknown Source)
	at com.kms.katalon.core.webui.keyword.builtin.VerifyElementNotPresentKeyword$_verifyElementNotPresent_closure1.doCall(VerifyElementNotPresentKeyword.groovy:85)
	at com.kms.katalon.core.webui.keyword.builtin.VerifyElementNotPresentKeyword$_verifyElementNotPresent_closure1.doCall(VerifyElementNotPresentKeyword.groovy)
	at com.kms.katalon.core.webui.keyword.internal.WebUIKeywordMain.runKeyword(WebUIKeywordMain.groovy:20)
	... 23 more


2024-09-03 17:15:16 - [TEST_STEP][PASSED] - callTestCase(findTestCase("Login"), [:], STOP_ON_FAILURE): Call Test Case 'Test Cases/Login' successfully

2024-09-03 17:15:17 - [TEST_CASE][PASSED] - Test Cases/Login: Test Cases/Login

2024-09-03 17:15:17 - [TEST_STEP][PASSED] - driver = general.start(SwagerURL, NetCellURL): general.start is PASSED

2024-09-03 17:15:17 - [MESSAGE][INFO] - >>> chromeDriverPath=C:\Users\FatimaIbeid\.katalon\packages\Katalon_Studio_Windows_64-8.6.9\Katalon_Studio_Windows_64-8.6.9\configuration\resources\drivers\chromedriver_win32\chromedriver.exe

2024-09-03 17:15:18 - [MESSAGE][PASSED] - Current window maximized

2024-09-03 17:15:19 - [MESSAGE][PASSED] - Execute JavaScript 'window.open();' successfully

2024-09-03 17:15:19 - [MESSAGE][PASSED] - Switched to window with index: '1'

2024-09-03 17:15:33 - [MESSAGE][PASSED] - general.start is PASSED

2024-09-03 17:15:33 - [TEST_STEP][PASSED] - click(findTestObject("Object Repository/Login/LoginButton")): Object: 'Object Repository/Login/LoginButton' is clicked on

2024-09-03 17:15:33 - [MESSAGE][PASSED] - Object: 'Object Repository/Login/LoginButton' is clicked on

2024-09-03 17:15:33 - [TEST_STEP][PASSED] - switchToWindowIndex(2): Switched to window with index: '2'

2024-09-03 17:15:33 - [MESSAGE][PASSED] - Switched to window with index: '2'

2024-09-03 17:15:33 - [TEST_STEP][PASSED] - delay(1): Delayed 1 second(s)

2024-09-03 17:15:34 - [MESSAGE][PASSED] - Delayed 1 second(s)

2024-09-03 17:15:34 - [TEST_STEP][PASSED] - sendKeys(findTestObject("Object Repository/Login/EnterEmail"), "homam@zztjg.onmicrosoft.com"): Keys 'homam@zztjg.onmicrosoft.com' sent to object: 'Object Repository/Login/EnterEmail'

2024-09-03 17:15:35 - [MESSAGE][PASSED] - Keys 'homam@zztjg.onmicrosoft.com' sent to object: 'Object Repository/Login/EnterEmail'

2024-09-03 17:15:35 - [TEST_STEP][PASSED] - delay(1): Delayed 1 second(s)

2024-09-03 17:15:36 - [MESSAGE][PASSED] - Delayed 1 second(s)

2024-09-03 17:15:36 - [TEST_STEP][PASSED] - click(findTestObject("Object Repository/Login/NextButton")): Object: 'Object Repository/Login/NextButton' is clicked on

2024-09-03 17:15:36 - [MESSAGE][PASSED] - Object: 'Object Repository/Login/NextButton' is clicked on

2024-09-03 17:15:36 - [TEST_STEP][PASSED] - delay(2): Delayed 2 second(s)

2024-09-03 17:15:38 - [MESSAGE][PASSED] - Delayed 2 second(s)

2024-09-03 17:15:38 - [TEST_STEP][PASSED] - sendKeys(findTestObject("Object Repository/Login/EnterPassword"), "Holder12345"): Keys 'Holder12345' sent to object: 'Object Repository/Login/EnterPassword'

2024-09-03 17:15:38 - [MESSAGE][PASSED] - Keys 'Holder12345' sent to object: 'Object Repository/Login/EnterPassword'

2024-09-03 17:15:38 - [TEST_STEP][PASSED] - delay(1): Delayed 1 second(s)

2024-09-03 17:15:39 - [MESSAGE][PASSED] - Delayed 1 second(s)

2024-09-03 17:15:39 - [TEST_STEP][PASSED] - click(findTestObject("Object Repository/Login/SigninButton")): Object: 'Object Repository/Login/SigninButton' is clicked on

2024-09-03 17:15:40 - [MESSAGE][PASSED] - Object: 'Object Repository/Login/SigninButton' is clicked on

2024-09-03 17:15:40 - [TEST_STEP][PASSED] - delay(1): Delayed 1 second(s)

2024-09-03 17:15:41 - [MESSAGE][PASSED] - Delayed 1 second(s)

2024-09-03 17:15:41 - [TEST_STEP][PASSED] - click(findTestObject("Object Repository/Login/YesStayInButton")): Object: 'Object Repository/Login/YesStayInButton' is clicked on

2024-09-03 17:15:42 - [MESSAGE][PASSED] - Object: 'Object Repository/Login/YesStayInButton' is clicked on

2024-09-03 17:15:42 - [MESSAGE][PASSED] - Call Test Case 'Test Cases/Login' successfully

2024-09-03 17:15:42 - [TEST_STEP][PASSED] - switchToWindowIndex(1): Switched to window with index: '1'

2024-09-03 17:15:42 - [MESSAGE][PASSED] - Switched to window with index: '1'

2024-09-03 17:15:42 - [TEST_STEP][FAILED] - SON.son("huawei", "2G", "Cluster", "Sleeping Cells", "Hourly", ""): Unable to verify object 'Object Repository/SON/Error' is not present

2024-09-03 17:15:44 - [MESSAGE][PASSED] - Object: 'Object Repository/SON/sonBtn' is clicked on

2024-09-03 17:15:44 - [MESSAGE][PASSED] - Switched to window with index: '2'

2024-09-03 17:15:45 - [MESSAGE][PASSED] - Object: 'Object Repository/PM/Huawei-vendor/Technology/Technology-Arrow' is clicked on

2024-09-03 17:15:45 - [MESSAGE][PASSED] - Object: 'Object Repository/PM/Huawei-vendor/Technology/2G' is clicked on

2024-09-03 17:15:45 - [MESSAGE][PASSED] - Object: 'Object Repository/PM/Huawei-vendor/TopX/TopX Object Type' is clicked on

2024-09-03 17:15:47 - [MESSAGE][PASSED] - Delayed 1 second(s)

2024-09-03 17:15:47 - [MESSAGE][PASSED] - Object: 'Object Repository/PM/Huawei-vendor/Object-Type/TopX Object Types/TopX Clusters/TopX Cluster' is clicked on

2024-09-03 17:15:48 - [MESSAGE][PASSED] - Delayed 1 second(s)

2024-09-03 17:15:48 - [MESSAGE][WARNING] - Timeout '0' is invalid. Using default page load timeout: '120'

2024-09-03 17:15:48 - [MESSAGE][PASSED] - Scroll to object 'Object Repository/PM/Huawei-vendor/Object Border' successfully

2024-09-03 17:15:48 - [MESSAGE][PASSED] - Object: 'Object Repository/PM/Huawei-vendor/Object-Type/TopX Object Types/TopX Sites/TopX East Amman Arrow' is clicked on

2024-09-03 17:15:48 - [MESSAGE][PASSED] - Object: 'Object Repository/PM/Huawei-vendor/Object-Type/TopX Object Types/TopX Clusters/TopX East Amman Cluster 3' is clicked on

2024-09-03 17:15:48 - [MESSAGE][PASSED] - Object: 'Object Repository/PM/Huawei-vendor/Object-Type/TopX Object Types/TopX Clusters/TopX East Amman Cluster 13' is clicked on

2024-09-03 17:15:49 - [MESSAGE][PASSED] - Object: 'Object Repository/PM/Huawei-vendor/Object-Type/TopX Object Types/TopX Sites/TopX East Amman CloseArrow' is clicked on

2024-09-03 17:15:49 - [MESSAGE][PASSED] - Object: 'Object Repository/PM/Huawei-vendor/Object-Type/TopX Object Types/TopX Sites/TopX West Amman Arrow' is clicked on

2024-09-03 17:15:49 - [MESSAGE][PASSED] - Object: 'Object Repository/PM/Huawei-vendor/Object-Type/TopX Object Types/TopX Clusters/TopX West Amman Cluster 2' is clicked on

2024-09-03 17:15:49 - [MESSAGE][PASSED] - Object: 'Object Repository/PM/Huawei-vendor/Object-Type/TopX Object Types/TopX Clusters/TopX West Amman Cluster 5' is clicked on

2024-09-03 17:15:49 - [MESSAGE][PASSED] - Object: 'Object Repository/PM/Huawei-vendor/Object-Type/TopX Object Types/TopX Sites/TopX West Amman CloseArrow' is clicked on

2024-09-03 17:15:49 - [MESSAGE][PASSED] - Object: 'Object Repository/PM/Huawei-vendor/Object-Type/TopX Object Types/TopX Sites/TopX North Jordan Arrow' is clicked on

2024-09-03 17:15:50 - [MESSAGE][PASSED] - Object: 'Object Repository/PM/Huawei-vendor/Object-Type/TopX Object Types/TopX Clusters/TopX North Jordan Cluster 4' is clicked on

2024-09-03 17:15:50 - [MESSAGE][PASSED] - Object: 'Object Repository/PM/Huawei-vendor/Object-Type/TopX Object Types/TopX Clusters/TopX North Jordan Cluster 14' is clicked on

2024-09-03 17:15:50 - [MESSAGE][PASSED] - Object: 'Object Repository/PM/Huawei-vendor/Object-Type/TopX Object Types/TopX Sites/TopX North Jordan CloseArrow' is clicked on

2024-09-03 17:15:50 - [MESSAGE][PASSED] - Object: 'Object Repository/PM/Huawei-vendor/Object-Type/TopX Object Types/TopX Sites/TopX South Jordan Arrow' is clicked on

2024-09-03 17:15:50 - [MESSAGE][PASSED] - Object: 'Object Repository/PM/Huawei-vendor/Object-Type/TopX Object Types/TopX Clusters/TopX South Jordan Cluster 7' is clicked on

2024-09-03 17:15:50 - [MESSAGE][PASSED] - Object: 'Object Repository/PM/Huawei-vendor/Object-Type/TopX Object Types/TopX Clusters/TopX South Jordan Cluster 8' is clicked on

2024-09-03 17:15:50 - [MESSAGE][PASSED] - Object: 'Object Repository/PM/Huawei-vendor/Object-Type/TopX Object Types/TopX Sites/TopX South Jordan CloseArrow' is clicked on

2024-09-03 17:15:50 - [MESSAGE][PASSED] - Object: 'Object Repository/PM/Huawei-vendor/Object-Type/TopX Object Types/TopX Sites/TopX South Amman Arrow' is clicked on

2024-09-03 17:15:51 - [MESSAGE][PASSED] - Object: 'Object Repository/PM/Huawei-vendor/Object-Type/TopX Object Types/TopX Clusters/TopX South Amman Cluster 1' is clicked on

2024-09-03 17:15:51 - [MESSAGE][PASSED] - Object: 'Object Repository/PM/Huawei-vendor/Object-Type/TopX Object Types/TopX Clusters/TopX South Amman Cluster 6' is clicked on

2024-09-03 17:15:51 - [MESSAGE][PASSED] - Object: 'Object Repository/PM/Huawei-vendor/Object-Type/TopX Object Types/TopX Sites/TopX South Amman CloseArrow' is clicked on

2024-09-03 17:15:51 - [MESSAGE][PASSED] - Object: 'Object Repository/PM/Huawei-vendor/Object-Type/TopX Object Types/TopX Sites/TopX East Jordan Arrow' is clicked on

2024-09-03 17:15:51 - [MESSAGE][PASSED] - Object: 'Object Repository/PM/Huawei-vendor/Object-Type/TopX Object Types/TopX Clusters/TopX East Jordan Cluster 10' is clicked on

2024-09-03 17:15:51 - [MESSAGE][PASSED] - Object: 'Object Repository/PM/Huawei-vendor/Object-Type/TopX Object Types/TopX Clusters/TopX East Jordan Cluster 11' is clicked on

2024-09-03 17:15:51 - [MESSAGE][PASSED] - Object: 'Object Repository/PM/Huawei-vendor/Object-Type/TopX Object Types/TopX Sites/TopX East Jordan CloseArrow' is clicked on

2024-09-03 17:15:52 - [MESSAGE][PASSED] - Object: 'Object Repository/PM/Huawei-vendor/Object-Type/TopX Object Types/TopX Sites/TopX Others Arrow' is clicked on

2024-09-03 17:15:52 - [MESSAGE][PASSED] - Object: 'Object Repository/PM/Huawei-vendor/Object-Type/TopX Object Types/TopX Clusters/TopX Others Cluster 60' is clicked on

2024-09-03 17:15:52 - [MESSAGE][PASSED] - Object: 'Object Repository/PM/Huawei-vendor/Object-Type/TopX Object Types/TopX Clusters/TopX Others Cluster 61' is clicked on

2024-09-03 17:15:52 - [MESSAGE][PASSED] - Object: 'Object Repository/PM/Huawei-vendor/Object-Type/TopX Object Types/TopX Sites/TopX Others CloseArrow' is clicked on

2024-09-03 17:15:54 - [MESSAGE][PASSED] - Delayed 2 second(s)

2024-09-03 17:15:54 - [MESSAGE][PASSED] - Object: 'Object Repository/SON/SonType/Type-Arrow' is clicked on

2024-09-03 17:15:54 - [MESSAGE][WARNING] - Timeout '0' is invalid. Using default page load timeout: '120'

2024-09-03 17:15:55 - [MESSAGE][PASSED] - Scroll to object 'Object Repository/SON/Exclude Options' successfully

2024-09-03 17:15:55 - [MESSAGE][PASSED] - Object: 'Object Repository/PM/Huawei-vendor/StartDate/Monthly-Selection' is clicked on

2024-09-03 17:15:55 - [MESSAGE][PASSED] - Object: 'Object Repository/PM/Huawei-vendor/StartDate/Fep-Selection' is clicked on

2024-09-03 17:15:56 - [MESSAGE][PASSED] - Delayed 1 second(s)

2024-09-03 17:15:56 - [MESSAGE][PASSED] - Object: 'Object Repository/PM/Huawei-vendor/StartDate/1-Fep' is clicked on

2024-09-03 17:15:56 - [MESSAGE][PASSED] - Object: 'Object Repository/PM/Huawei-vendor/Apply-Button' is clicked on

2024-09-03 17:19:12 - [MESSAGE][WARNING] - Cannot take screenshot

2024-09-03 17:19:12 - [MESSAGE][FAILED] - Unable to verify object 'Object Repository/SON/Error' is not present (Root cause: com.kms.katalon.core.exception.StepFailedException: Unable to verify object 'Object Repository/SON/Error' is not present
	at com.kms.katalon.core.webui.keyword.internal.WebUIKeywordMain.stepFailed(WebUIKeywordMain.groovy:64)
	at com.kms.katalon.core.webui.keyword.internal.WebUIKeywordMain.runKeyword(WebUIKeywordMain.groovy:26)
	at com.kms.katalon.core.webui.keyword.internal.WebUIKeywordMain$runKeyword.call(Unknown Source)
	at com.kms.katalon.core.webui.keyword.builtin.VerifyElementNotPresentKeyword.verifyElementNotPresent(VerifyElementNotPresentKeyword.groovy:122)
	at com.kms.katalon.core.webui.keyword.builtin.VerifyElementNotPresentKeyword.execute(VerifyElementNotPresentKeyword.groovy:68)
	at com.kms.katalon.core.keyword.internal.KeywordExecutor.executeKeywordForPlatform(KeywordExecutor.groovy:74)
	at com.kms.katalon.core.webui.keyword.WebUiBuiltInKeywords.verifyElementNotPresent(WebUiBuiltInKeywords.groovy:1497)
	at com.kms.katalon.core.webui.keyword.WebUiBuiltInKeywords$verifyElementNotPresent$4.call(Unknown Source)
	at SON.son(SON.groovy:93)
	at SON.invokeMethod(SON.groovy)
	at com.kms.katalon.core.main.CustomKeywordDelegatingMetaClass.invokeStaticMethod(CustomKeywordDelegatingMetaClass.java:55)
	at Cluster Sleeping Cells Hourly.run(Cluster Sleeping Cells Hourly:25)
	at com.kms.katalon.core.main.ScriptEngine.run(ScriptEngine.java:194)
	at com.kms.katalon.core.main.ScriptEngine.runScriptAsRawText(ScriptEngine.java:119)
	at com.kms.katalon.core.main.TestCaseExecutor.runScript(TestCaseExecutor.java:448)
	at com.kms.katalon.core.main.TestCaseExecutor.doExecute(TestCaseExecutor.java:439)
	at com.kms.katalon.core.main.TestCaseExecutor.processExecutionPhase(TestCaseExecutor.java:418)
	at com.kms.katalon.core.main.TestCaseExecutor.accessMainPhase(TestCaseExecutor.java:410)
	at com.kms.katalon.core.main.TestCaseExecutor.execute(TestCaseExecutor.java:285)
	at com.kms.katalon.core.common.CommonExecutor.accessTestCaseMainPhase(CommonExecutor.java:65)
	at com.kms.katalon.core.main.TestSuiteExecutor.accessTestSuiteMainPhase(TestSuiteExecutor.java:148)
	at com.kms.katalon.core.main.TestSuiteExecutor.execute(TestSuiteExecutor.java:106)
	at com.kms.katalon.core.main.TestCaseMain.startTestSuite(TestCaseMain.java:187)
	at com.kms.katalon.core.main.TestCaseMain$startTestSuite$0.call(Unknown Source)
	at TempTestSuite1725371051772.run(TempTestSuite1725371051772.groovy:35)
Caused by: org.openqa.selenium.NoSuchWindowException: no such window: target window already closed
from unknown error: web view not found
  (Session info: chrome=128.0.6613.113)
Build info: version: '3.141.59', revision: 'e82be7d358', time: '2018-11-14T08:25:53'
System info: host: 'LP-FATIMAIBEID', ip: '192.168.9.99', os.name: 'Windows 11', os.arch: 'amd64', os.version: '10.0', java.version: '1.8.0_362'
Driver info: org.openqa.selenium.chrome.ChromeDriver
Capabilities {acceptInsecureCerts: true, browserName: chrome, browserVersion: 128.0.6613.113, chrome: {chromedriverVersion: 127.0.6533.88 (a2d0cb026721..., userDataDir: C:\Users\FATIMA~1\AppData\L...}, fedcm:accounts: true, goog:chromeOptions: {debuggerAddress: localhost:56358}, javascriptEnabled: true, networkConnectionEnabled: false, pageLoadStrategy: normal, platform: WINDOWS, platformName: WINDOWS, proxy: Proxy(), setWindowRect: true, strictFileInteractability: false, timeouts: {implicit: 0, pageLoad: 300000, script: 30000}, unhandledPromptBehavior: dismiss and notify, webauthn:extension:credBlob: true, webauthn:extension:largeBlob: true, webauthn:extension:minPinLength: true, webauthn:extension:prf: true, webauthn:virtualAuthenticators: true}
Session ID: 5651fd40a750a06aa881cfddeff7daba
*** Element info: {Using=xpath, value=//div[@class='home-logo']}
	at org.openqa.selenium.remote.http.W3CHttpResponseCodec.createException(W3CHttpResponseCodec.java:187)
	at org.openqa.selenium.remote.http.W3CHttpResponseCodec.decode(W3CHttpResponseCodec.java:122)
	at org.openqa.selenium.remote.http.W3CHttpResponseCodec.decode(W3CHttpResponseCodec.java:49)
	at org.openqa.selenium.remote.HttpCommandExecutor.execute(HttpCommandExecutor.java:158)
	at org.openqa.selenium.remote.service.DriverCommandExecutor.execute(DriverCommandExecutor.java:83)
	at org.openqa.selenium.remote.RemoteWebDriver.execute(RemoteWebDriver.java:552)
	at org.openqa.selenium.remote.RemoteWebDriver.findElement(RemoteWebDriver.java:323)
	at org.openqa.selenium.remote.RemoteWebDriver.findElementByXPath(RemoteWebDriver.java:428)
	at org.openqa.selenium.By$ByXPath.findElement(By.java:353)
	at org.openqa.selenium.remote.RemoteWebDriver.findElement(RemoteWebDriver.java:315)
	at org.openqa.selenium.support.events.EventFiringWebDriver.lambda$new$1(EventFiringWebDriver.java:105)
	at com.sun.proxy.$Proxy11.findElement(Unknown Source)
	at org.openqa.selenium.support.events.EventFiringWebDriver.findElement(EventFiringWebDriver.java:194)
	at org.openqa.selenium.WebDriver$findElement$0.call(Unknown Source)
	at com.kms.katalon.core.webui.keyword.builtin.VerifyElementNotPresentKeyword$1.apply(VerifyElementNotPresentKeyword.groovy:95)
	at com.kms.katalon.core.webui.keyword.builtin.VerifyElementNotPresentKeyword$1.apply(VerifyElementNotPresentKeyword.groovy)
	at org.openqa.selenium.support.ui.FluentWait.until(FluentWait.java:249)
	at org.openqa.selenium.support.ui.Wait$until.call(Unknown Source)
	at com.kms.katalon.core.webui.keyword.builtin.VerifyElementNotPresentKeyword$_verifyElementNotPresent_closure1.doCall(VerifyElementNotPresentKeyword.groovy:85)
	at com.kms.katalon.core.webui.keyword.builtin.VerifyElementNotPresentKeyword$_verifyElementNotPresent_closure1.doCall(VerifyElementNotPresentKeyword.groovy)
	at com.kms.katalon.core.webui.keyword.internal.WebUIKeywordMain.runKeyword(WebUIKeywordMain.groovy:20)
	at com.kms.katalon.core.webui.keyword.internal.WebUIKeywordMain$runKeyword.call(Unknown Source)
	at com.kms.katalon.core.webui.keyword.builtin.VerifyElementNotPresentKeyword.verifyElementNotPresent(VerifyElementNotPresentKeyword.groovy:122)
	at com.kms.katalon.core.webui.keyword.builtin.VerifyElementNotPresentKeyword.execute(VerifyElementNotPresentKeyword.groovy:68)
	at com.kms.katalon.core.keyword.internal.KeywordExecutor.executeKeywordForPlatform(KeywordExecutor.groovy:74)
	at com.kms.katalon.core.webui.keyword.WebUiBuiltInKeywords.verifyElementNotPresent(WebUiBuiltInKeywords.groovy:1497)
	at com.kms.katalon.core.webui.keyword.WebUiBuiltInKeywords$verifyElementNotPresent$4.call(Unknown Source)
	at SON.son(SON.groovy:93)
	at SON.invokeMethod(SON.groovy)
	at com.kms.katalon.core.main.CustomKeywordDelegatingMetaClass.invokeStaticMethod(CustomKeywordDelegatingMetaClass.java:55)
	at Script1725176784118.run(Script1725176784118.groovy:25)
	... 13 more
)

2024-09-03 17:19:12 - [MESSAGE][FAILED] - Unable to verify object 'Object Repository/SON/Error' is not present]]></system-out>
         <system-err><![CDATA[2024-09-03 17:15:16 - [TEST_CASE][FAILED] - Test Cases/SON/Huawei/2G/Cluster/Cluster Sleeping Cells Hourly: Test Cases/SON/Huawei/2G/Cluster/Cluster Sleeping Cells Hourly FAILED.
Reason:
com.kms.katalon.core.exception.StepFailedException: Unable to verify object 'Object Repository/SON/Error' is not present
	at com.kms.katalon.core.webui.keyword.internal.WebUIKeywordMain.stepFailed(WebUIKeywordMain.groovy:64)
	at com.kms.katalon.core.webui.keyword.internal.WebUIKeywordMain.runKeyword(WebUIKeywordMain.groovy:26)
	at com.kms.katalon.core.webui.keyword.internal.WebUIKeywordMain$runKeyword.call(Unknown Source)
	at com.kms.katalon.core.webui.keyword.builtin.VerifyElementNotPresentKeyword.verifyElementNotPresent(VerifyElementNotPresentKeyword.groovy:122)
	at com.kms.katalon.core.webui.keyword.builtin.VerifyElementNotPresentKeyword.execute(VerifyElementNotPresentKeyword.groovy:68)
	at com.kms.katalon.core.keyword.internal.KeywordExecutor.executeKeywordForPlatform(KeywordExecutor.groovy:74)
	at com.kms.katalon.core.webui.keyword.WebUiBuiltInKeywords.verifyElementNotPresent(WebUiBuiltInKeywords.groovy:1497)
	at com.kms.katalon.core.webui.keyword.WebUiBuiltInKeywords$verifyElementNotPresent$4.call(Unknown Source)
	at SON.son(SON.groovy:93)
	at SON.invokeMethod(SON.groovy)
	at com.kms.katalon.core.main.CustomKeywordDelegatingMetaClass.invokeStaticMethod(CustomKeywordDelegatingMetaClass.java:55)
	at Cluster Sleeping Cells Hourly.run(Cluster Sleeping Cells Hourly:25)
	at com.kms.katalon.core.main.ScriptEngine.run(ScriptEngine.java:194)
	at com.kms.katalon.core.main.ScriptEngine.runScriptAsRawText(ScriptEngine.java:119)
	at com.kms.katalon.core.main.TestCaseExecutor.runScript(TestCaseExecutor.java:448)
	at com.kms.katalon.core.main.TestCaseExecutor.doExecute(TestCaseExecutor.java:439)
	at com.kms.katalon.core.main.TestCaseExecutor.processExecutionPhase(TestCaseExecutor.java:418)
	at com.kms.katalon.core.main.TestCaseExecutor.accessMainPhase(TestCaseExecutor.java:410)
	at com.kms.katalon.core.main.TestCaseExecutor.execute(TestCaseExecutor.java:285)
	at com.kms.katalon.core.common.CommonExecutor.accessTestCaseMainPhase(CommonExecutor.java:65)
	at com.kms.katalon.core.main.TestSuiteExecutor.accessTestSuiteMainPhase(TestSuiteExecutor.java:148)
	at com.kms.katalon.core.main.TestSuiteExecutor.execute(TestSuiteExecutor.java:106)
	at com.kms.katalon.core.main.TestCaseMain.startTestSuite(TestCaseMain.java:187)
	at com.kms.katalon.core.main.TestCaseMain$startTestSuite$0.call(Unknown Source)
	at TempTestSuite1725371051772.run(TempTestSuite1725371051772.groovy:35)
Caused by: org.openqa.selenium.NoSuchWindowException: no such window: target window already closed
from unknown error: web view not found
  (Session info: chrome=128.0.6613.113)
Build info: version: '3.141.59', revision: 'e82be7d358', time: '2018-11-14T08:25:53'
System info: host: 'LP-FATIMAIBEID', ip: '192.168.9.99', os.name: 'Windows 11', os.arch: 'amd64', os.version: '10.0', java.version: '1.8.0_362'
Driver info: org.openqa.selenium.chrome.ChromeDriver
Capabilities {acceptInsecureCerts: true, browserName: chrome, browserVersion: 128.0.6613.113, chrome: {chromedriverVersion: 127.0.6533.88 (a2d0cb026721..., userDataDir: C:\Users\FATIMA~1\AppData\L...}, fedcm:accounts: true, goog:chromeOptions: {debuggerAddress: localhost:56358}, javascriptEnabled: true, networkConnectionEnabled: false, pageLoadStrategy: normal, platform: WINDOWS, platformName: WINDOWS, proxy: Proxy(), setWindowRect: true, strictFileInteractability: false, timeouts: {implicit: 0, pageLoad: 300000, script: 30000}, unhandledPromptBehavior: dismiss and notify, webauthn:extension:credBlob: true, webauthn:extension:largeBlob: true, webauthn:extension:minPinLength: true, webauthn:extension:prf: true, webauthn:virtualAuthenticators: true}
Session ID: 5651fd40a750a06aa881cfddeff7daba
*** Element info: {Using=xpath, value=//div[@class='home-logo']}
	at org.openqa.selenium.remote.http.W3CHttpResponseCodec.createException(W3CHttpResponseCodec.java:187)
	at org.openqa.selenium.remote.http.W3CHttpResponseCodec.decode(W3CHttpResponseCodec.java:122)
	at org.openqa.selenium.remote.http.W3CHttpResponseCodec.decode(W3CHttpResponseCodec.java:49)
	at org.openqa.selenium.remote.HttpCommandExecutor.execute(HttpCommandExecutor.java:158)
	at org.openqa.selenium.remote.service.DriverCommandExecutor.execute(DriverCommandExecutor.java:83)
	at org.openqa.selenium.remote.RemoteWebDriver.execute(RemoteWebDriver.java:552)
	at org.openqa.selenium.remote.RemoteWebDriver.findElement(RemoteWebDriver.java:323)
	at org.openqa.selenium.remote.RemoteWebDriver.findElementByXPath(RemoteWebDriver.java:428)
	at org.openqa.selenium.By$ByXPath.findElement(By.java:353)
	at org.openqa.selenium.remote.RemoteWebDriver.findElement(RemoteWebDriver.java:315)
	at org.openqa.selenium.support.events.EventFiringWebDriver.lambda$new$1(EventFiringWebDriver.java:105)
	at com.sun.proxy.$Proxy11.findElement(Unknown Source)
	at org.openqa.selenium.support.events.EventFiringWebDriver.findElement(EventFiringWebDriver.java:194)
	at org.openqa.selenium.WebDriver$findElement$0.call(Unknown Source)
	at com.kms.katalon.core.webui.keyword.builtin.VerifyElementNotPresentKeyword$1.apply(VerifyElementNotPresentKeyword.groovy:95)
	at com.kms.katalon.core.webui.keyword.builtin.VerifyElementNotPresentKeyword$1.apply(VerifyElementNotPresentKeyword.groovy)
	at org.openqa.selenium.support.ui.FluentWait.until(FluentWait.java:249)
	at org.openqa.selenium.support.ui.Wait$until.call(Unknown Source)
	at com.kms.katalon.core.webui.keyword.builtin.VerifyElementNotPresentKeyword$_verifyElementNotPresent_closure1.doCall(VerifyElementNotPresentKeyword.groovy:85)
	at com.kms.katalon.core.webui.keyword.builtin.VerifyElementNotPresentKeyword$_verifyElementNotPresent_closure1.doCall(VerifyElementNotPresentKeyword.groovy)
	at com.kms.katalon.core.webui.keyword.internal.WebUIKeywordMain.runKeyword(WebUIKeywordMain.groovy:20)
	... 23 more]]></system-err>
      </testcase>
      <testcase name="Test Cases/SON/Huawei/2G/Governorate/Governorate Sleeping Cells Hourly" time="238.545" classname="Test Cases/SON/Huawei/2G/Governorate/Governorate Sleeping Cells Hourly" status="FAILED">
         <failure type="FAILED" message="Test Cases/SON/Huawei/2G/Governorate/Governorate Sleeping Cells Hourly FAILED.
Reason:
com.kms.katalon.core.exception.StepFailedException: Unable to verify object 'Object Repository/SON/Error' is not present
	at com.kms.katalon.core.webui.keyword.internal.WebUIKeywordMain.stepFailed(WebUIKeywordMain.groovy:64)
	at com.kms.katalon.core.webui.keyword.internal.WebUIKeywordMain.runKeyword(WebUIKeywordMain.groovy:26)
	at com.kms.katalon.core.webui.keyword.internal.WebUIKeywordMain$runKeyword.call(Unknown Source)
	at com.kms.katalon.core.webui.keyword.builtin.VerifyElementNotPresentKeyword.verifyElementNotPresent(VerifyElementNotPresentKeyword.groovy:122)
	at com.kms.katalon.core.webui.keyword.builtin.VerifyElementNotPresentKeyword.execute(VerifyElementNotPresentKeyword.groovy:68)
	at com.kms.katalon.core.keyword.internal.KeywordExecutor.executeKeywordForPlatform(KeywordExecutor.groovy:74)
	at com.kms.katalon.core.webui.keyword.WebUiBuiltInKeywords.verifyElementNotPresent(WebUiBuiltInKeywords.groovy:1497)
	at com.kms.katalon.core.webui.keyword.WebUiBuiltInKeywords$verifyElementNotPresent$4.call(Unknown Source)
	at SON.son(SON.groovy:93)
	at SON.invokeMethod(SON.groovy)
	at com.kms.katalon.core.main.CustomKeywordDelegatingMetaClass.invokeStaticMethod(CustomKeywordDelegatingMetaClass.java:55)
	at Governorate Sleeping Cells Hourly.run(Governorate Sleeping Cells Hourly:25)
	at com.kms.katalon.core.main.ScriptEngine.run(ScriptEngine.java:194)
	at com.kms.katalon.core.main.ScriptEngine.runScriptAsRawText(ScriptEngine.java:119)
	at com.kms.katalon.core.main.TestCaseExecutor.runScript(TestCaseExecutor.java:448)
	at com.kms.katalon.core.main.TestCaseExecutor.doExecute(TestCaseExecutor.java:439)
	at com.kms.katalon.core.main.TestCaseExecutor.processExecutionPhase(TestCaseExecutor.java:418)
	at com.kms.katalon.core.main.TestCaseExecutor.accessMainPhase(TestCaseExecutor.java:410)
	at com.kms.katalon.core.main.TestCaseExecutor.execute(TestCaseExecutor.java:285)
	at com.kms.katalon.core.common.CommonExecutor.accessTestCaseMainPhase(CommonExecutor.java:65)
	at com.kms.katalon.core.main.TestSuiteExecutor.accessTestSuiteMainPhase(TestSuiteExecutor.java:148)
	at com.kms.katalon.core.main.TestSuiteExecutor.execute(TestSuiteExecutor.java:106)
	at com.kms.katalon.core.main.TestCaseMain.startTestSuite(TestCaseMain.java:187)
	at com.kms.katalon.core.main.TestCaseMain$startTestSuite$0.call(Unknown Source)
	at TempTestSuite1725371051772.run(TempTestSuite1725371051772.groovy:35)
Caused by: com.kms.katalon.core.exception.StepFailedException: Web element with id: 'Object Repository/SON/Error' located by 'By.xpath: //div[@class='home-logo']' is present after '200' second(s)
	at com.kms.katalon.core.webui.keyword.internal.WebUIKeywordMain.stepFailed(WebUIKeywordMain.groovy:64)
	at com.kms.katalon.core.webui.keyword.internal.WebUIKeywordMain$stepFailed$0.call(Unknown Source)
	at com.kms.katalon.core.webui.keyword.builtin.VerifyElementNotPresentKeyword$_verifyElementNotPresent_closure1.doCall(VerifyElementNotPresentKeyword.groovy:113)
	at com.kms.katalon.core.webui.keyword.builtin.VerifyElementNotPresentKeyword$_verifyElementNotPresent_closure1.doCall(VerifyElementNotPresentKeyword.groovy)
	at com.kms.katalon.core.webui.keyword.internal.WebUIKeywordMain.runKeyword(WebUIKeywordMain.groovy:20)
	... 23 more
"/>
         <system-out><![CDATA[2024-09-03 17:19:12 - [TEST_CASE][FAILED] - Test Cases/SON/Huawei/2G/Governorate/Governorate Sleeping Cells Hourly: Test Cases/SON/Huawei/2G/Governorate/Governorate Sleeping Cells Hourly FAILED.
Reason:
com.kms.katalon.core.exception.StepFailedException: Unable to verify object 'Object Repository/SON/Error' is not present
	at com.kms.katalon.core.webui.keyword.internal.WebUIKeywordMain.stepFailed(WebUIKeywordMain.groovy:64)
	at com.kms.katalon.core.webui.keyword.internal.WebUIKeywordMain.runKeyword(WebUIKeywordMain.groovy:26)
	at com.kms.katalon.core.webui.keyword.internal.WebUIKeywordMain$runKeyword.call(Unknown Source)
	at com.kms.katalon.core.webui.keyword.builtin.VerifyElementNotPresentKeyword.verifyElementNotPresent(VerifyElementNotPresentKeyword.groovy:122)
	at com.kms.katalon.core.webui.keyword.builtin.VerifyElementNotPresentKeyword.execute(VerifyElementNotPresentKeyword.groovy:68)
	at com.kms.katalon.core.keyword.internal.KeywordExecutor.executeKeywordForPlatform(KeywordExecutor.groovy:74)
	at com.kms.katalon.core.webui.keyword.WebUiBuiltInKeywords.verifyElementNotPresent(WebUiBuiltInKeywords.groovy:1497)
	at com.kms.katalon.core.webui.keyword.WebUiBuiltInKeywords$verifyElementNotPresent$4.call(Unknown Source)
	at SON.son(SON.groovy:93)
	at SON.invokeMethod(SON.groovy)
	at com.kms.katalon.core.main.CustomKeywordDelegatingMetaClass.invokeStaticMethod(CustomKeywordDelegatingMetaClass.java:55)
	at Governorate Sleeping Cells Hourly.run(Governorate Sleeping Cells Hourly:25)
	at com.kms.katalon.core.main.ScriptEngine.run(ScriptEngine.java:194)
	at com.kms.katalon.core.main.ScriptEngine.runScriptAsRawText(ScriptEngine.java:119)
	at com.kms.katalon.core.main.TestCaseExecutor.runScript(TestCaseExecutor.java:448)
	at com.kms.katalon.core.main.TestCaseExecutor.doExecute(TestCaseExecutor.java:439)
	at com.kms.katalon.core.main.TestCaseExecutor.processExecutionPhase(TestCaseExecutor.java:418)
	at com.kms.katalon.core.main.TestCaseExecutor.accessMainPhase(TestCaseExecutor.java:410)
	at com.kms.katalon.core.main.TestCaseExecutor.execute(TestCaseExecutor.java:285)
	at com.kms.katalon.core.common.CommonExecutor.accessTestCaseMainPhase(CommonExecutor.java:65)
	at com.kms.katalon.core.main.TestSuiteExecutor.accessTestSuiteMainPhase(TestSuiteExecutor.java:148)
	at com.kms.katalon.core.main.TestSuiteExecutor.execute(TestSuiteExecutor.java:106)
	at com.kms.katalon.core.main.TestCaseMain.startTestSuite(TestCaseMain.java:187)
	at com.kms.katalon.core.main.TestCaseMain$startTestSuite$0.call(Unknown Source)
	at TempTestSuite1725371051772.run(TempTestSuite1725371051772.groovy:35)
Caused by: com.kms.katalon.core.exception.StepFailedException: Web element with id: 'Object Repository/SON/Error' located by 'By.xpath: //div[@class='home-logo']' is present after '200' second(s)
	at com.kms.katalon.core.webui.keyword.internal.WebUIKeywordMain.stepFailed(WebUIKeywordMain.groovy:64)
	at com.kms.katalon.core.webui.keyword.internal.WebUIKeywordMain$stepFailed$0.call(Unknown Source)
	at com.kms.katalon.core.webui.keyword.builtin.VerifyElementNotPresentKeyword$_verifyElementNotPresent_closure1.doCall(VerifyElementNotPresentKeyword.groovy:113)
	at com.kms.katalon.core.webui.keyword.builtin.VerifyElementNotPresentKeyword$_verifyElementNotPresent_closure1.doCall(VerifyElementNotPresentKeyword.groovy)
	at com.kms.katalon.core.webui.keyword.internal.WebUIKeywordMain.runKeyword(WebUIKeywordMain.groovy:20)
	... 23 more


2024-09-03 17:19:12 - [TEST_STEP][PASSED] - callTestCase(findTestCase("Login"), [:], STOP_ON_FAILURE): Call Test Case 'Test Cases/Login' successfully

2024-09-03 17:19:12 - [TEST_CASE][PASSED] - Test Cases/Login: Test Cases/Login

2024-09-03 17:19:12 - [TEST_STEP][PASSED] - driver = general.start(SwagerURL, NetCellURL): general.start is PASSED

2024-09-03 17:19:12 - [MESSAGE][INFO] - >>> chromeDriverPath=C:\Users\FatimaIbeid\.katalon\packages\Katalon_Studio_Windows_64-8.6.9\Katalon_Studio_Windows_64-8.6.9\configuration\resources\drivers\chromedriver_win32\chromedriver.exe

2024-09-03 17:19:13 - [MESSAGE][PASSED] - Current window maximized

2024-09-03 17:19:14 - [MESSAGE][PASSED] - Execute JavaScript 'window.open();' successfully

2024-09-03 17:19:14 - [MESSAGE][PASSED] - Switched to window with index: '1'

2024-09-03 17:19:28 - [MESSAGE][PASSED] - general.start is PASSED

2024-09-03 17:19:28 - [TEST_STEP][PASSED] - click(findTestObject("Object Repository/Login/LoginButton")): Object: 'Object Repository/Login/LoginButton' is clicked on

2024-09-03 17:19:28 - [MESSAGE][PASSED] - Object: 'Object Repository/Login/LoginButton' is clicked on

2024-09-03 17:19:28 - [TEST_STEP][PASSED] - switchToWindowIndex(2): Switched to window with index: '2'

2024-09-03 17:19:28 - [MESSAGE][PASSED] - Switched to window with index: '2'

2024-09-03 17:19:28 - [TEST_STEP][PASSED] - delay(1): Delayed 1 second(s)

2024-09-03 17:19:29 - [MESSAGE][PASSED] - Delayed 1 second(s)

2024-09-03 17:19:29 - [TEST_STEP][PASSED] - sendKeys(findTestObject("Object Repository/Login/EnterEmail"), "homam@zztjg.onmicrosoft.com"): Keys 'homam@zztjg.onmicrosoft.com' sent to object: 'Object Repository/Login/EnterEmail'

2024-09-03 17:19:30 - [MESSAGE][PASSED] - Keys 'homam@zztjg.onmicrosoft.com' sent to object: 'Object Repository/Login/EnterEmail'

2024-09-03 17:19:30 - [TEST_STEP][PASSED] - delay(1): Delayed 1 second(s)

2024-09-03 17:19:31 - [MESSAGE][PASSED] - Delayed 1 second(s)

2024-09-03 17:19:31 - [TEST_STEP][PASSED] - click(findTestObject("Object Repository/Login/NextButton")): Object: 'Object Repository/Login/NextButton' is clicked on

2024-09-03 17:19:31 - [MESSAGE][PASSED] - Object: 'Object Repository/Login/NextButton' is clicked on

2024-09-03 17:19:31 - [TEST_STEP][PASSED] - delay(2): Delayed 2 second(s)

2024-09-03 17:19:33 - [MESSAGE][PASSED] - Delayed 2 second(s)

2024-09-03 17:19:33 - [TEST_STEP][PASSED] - sendKeys(findTestObject("Object Repository/Login/EnterPassword"), "Holder12345"): Keys 'Holder12345' sent to object: 'Object Repository/Login/EnterPassword'

2024-09-03 17:19:33 - [MESSAGE][PASSED] - Keys 'Holder12345' sent to object: 'Object Repository/Login/EnterPassword'

2024-09-03 17:19:33 - [TEST_STEP][PASSED] - delay(1): Delayed 1 second(s)

2024-09-03 17:19:34 - [MESSAGE][PASSED] - Delayed 1 second(s)

2024-09-03 17:19:34 - [TEST_STEP][PASSED] - click(findTestObject("Object Repository/Login/SigninButton")): Object: 'Object Repository/Login/SigninButton' is clicked on

2024-09-03 17:19:36 - [MESSAGE][PASSED] - Object: 'Object Repository/Login/SigninButton' is clicked on

2024-09-03 17:19:36 - [TEST_STEP][PASSED] - delay(1): Delayed 1 second(s)

2024-09-03 17:19:37 - [MESSAGE][PASSED] - Delayed 1 second(s)

2024-09-03 17:19:37 - [TEST_STEP][PASSED] - click(findTestObject("Object Repository/Login/YesStayInButton")): Object: 'Object Repository/Login/YesStayInButton' is clicked on

2024-09-03 17:19:38 - [MESSAGE][PASSED] - Object: 'Object Repository/Login/YesStayInButton' is clicked on

2024-09-03 17:19:38 - [MESSAGE][PASSED] - Call Test Case 'Test Cases/Login' successfully

2024-09-03 17:19:38 - [TEST_STEP][PASSED] - switchToWindowIndex(1): Switched to window with index: '1'

2024-09-03 17:19:38 - [MESSAGE][PASSED] - Switched to window with index: '1'

2024-09-03 17:19:38 - [TEST_STEP][FAILED] - SON.son("huawei", "2G", "Governorate", "Sleeping Cells", "Hourly", ""): Unable to verify object 'Object Repository/SON/Error' is not present

2024-09-03 17:19:39 - [MESSAGE][PASSED] - Object: 'Object Repository/SON/sonBtn' is clicked on

2024-09-03 17:19:39 - [MESSAGE][PASSED] - Switched to window with index: '2'

2024-09-03 17:19:40 - [MESSAGE][PASSED] - Object: 'Object Repository/PM/Huawei-vendor/Technology/Technology-Arrow' is clicked on

2024-09-03 17:19:41 - [MESSAGE][PASSED] - Object: 'Object Repository/PM/Huawei-vendor/Technology/2G' is clicked on

2024-09-03 17:19:41 - [MESSAGE][PASSED] - Object: 'Object Repository/PM/Huawei-vendor/TopX/TopX Object Type' is clicked on

2024-09-03 17:19:42 - [MESSAGE][PASSED] - Delayed 1 second(s)

2024-09-03 17:19:42 - [MESSAGE][PASSED] - Object: 'Object Repository/PM/Huawei-vendor/Object-Type/TopX Object Types/TopX Governorates/TopX Governorate' is clicked on

2024-09-03 17:19:43 - [MESSAGE][PASSED] - Delayed 1 second(s)

2024-09-03 17:19:43 - [MESSAGE][WARNING] - Timeout '0' is invalid. Using default page load timeout: '120'

2024-09-03 17:19:43 - [MESSAGE][PASSED] - Scroll to object 'Object Repository/PM/Huawei-vendor/Object Border' successfully

2024-09-03 17:19:43 - [MESSAGE][PASSED] - Object: 'Object Repository/PM/Huawei-vendor/Object-Type/TopX Object Types/TopX Governorates/TopX Amman' is clicked on

2024-09-03 17:19:44 - [MESSAGE][PASSED] - Object: 'Object Repository/PM/Huawei-vendor/Object-Type/TopX Object Types/TopX Governorates/TopX Irbid' is clicked on

2024-09-03 17:19:44 - [MESSAGE][PASSED] - Object: 'Object Repository/PM/Huawei-vendor/Object-Type/TopX Object Types/TopX Governorates/TopX Aqaba' is clicked on

2024-09-03 17:19:44 - [MESSAGE][PASSED] - Object: 'Object Repository/PM/Huawei-vendor/Object-Type/TopX Object Types/TopX Governorates/TopX Jerash' is clicked on

2024-09-03 17:19:44 - [MESSAGE][PASSED] - Object: 'Object Repository/PM/Huawei-vendor/Object-Type/TopX Object Types/TopX Governorates/TopX Mafraq' is clicked on

2024-09-03 17:19:45 - [MESSAGE][PASSED] - Object: 'Object Repository/PM/Huawei-vendor/Object-Type/TopX Object Types/TopX Governorates/TopX Zarqa' is clicked on

2024-09-03 17:19:47 - [MESSAGE][PASSED] - Delayed 2 second(s)

2024-09-03 17:19:47 - [MESSAGE][PASSED] - Object: 'Object Repository/SON/SonType/Type-Arrow' is clicked on

2024-09-03 17:19:47 - [MESSAGE][WARNING] - Timeout '0' is invalid. Using default page load timeout: '120'

2024-09-03 17:19:47 - [MESSAGE][PASSED] - Scroll to object 'Object Repository/SON/Exclude Options' successfully

2024-09-03 17:19:48 - [MESSAGE][PASSED] - Object: 'Object Repository/PM/Huawei-vendor/StartDate/Monthly-Selection' is clicked on

2024-09-03 17:19:48 - [MESSAGE][PASSED] - Object: 'Object Repository/PM/Huawei-vendor/StartDate/Fep-Selection' is clicked on

2024-09-03 17:19:49 - [MESSAGE][PASSED] - Delayed 1 second(s)

2024-09-03 17:19:49 - [MESSAGE][PASSED] - Object: 'Object Repository/PM/Huawei-vendor/StartDate/1-Fep' is clicked on

2024-09-03 17:19:49 - [MESSAGE][PASSED] - Object: 'Object Repository/PM/Huawei-vendor/Apply-Button' is clicked on

2024-09-03 17:23:10 - [MESSAGE][FAILED] - Web element with id: 'Object Repository/SON/Error' located by 'By.xpath: //div[@class='home-logo']' is present after '200' second(s) (Root cause: com.kms.katalon.core.exception.StepFailedException: Web element with id: 'Object Repository/SON/Error' located by 'By.xpath: //div[@class='home-logo']' is present after '200' second(s)
	at com.kms.katalon.core.webui.keyword.internal.WebUIKeywordMain.stepFailed(WebUIKeywordMain.groovy:64)
	at com.kms.katalon.core.webui.keyword.internal.WebUIKeywordMain$stepFailed$0.call(Unknown Source)
	at com.kms.katalon.core.webui.keyword.builtin.VerifyElementNotPresentKeyword$_verifyElementNotPresent_closure1.doCall(VerifyElementNotPresentKeyword.groovy:113)
	at com.kms.katalon.core.webui.keyword.builtin.VerifyElementNotPresentKeyword$_verifyElementNotPresent_closure1.doCall(VerifyElementNotPresentKeyword.groovy)
	at com.kms.katalon.core.webui.keyword.internal.WebUIKeywordMain.runKeyword(WebUIKeywordMain.groovy:20)
	at com.kms.katalon.core.webui.keyword.internal.WebUIKeywordMain$runKeyword.call(Unknown Source)
	at com.kms.katalon.core.webui.keyword.builtin.VerifyElementNotPresentKeyword.verifyElementNotPresent(VerifyElementNotPresentKeyword.groovy:122)
	at com.kms.katalon.core.webui.keyword.builtin.VerifyElementNotPresentKeyword.execute(VerifyElementNotPresentKeyword.groovy:68)
	at com.kms.katalon.core.keyword.internal.KeywordExecutor.executeKeywordForPlatform(KeywordExecutor.groovy:74)
	at com.kms.katalon.core.webui.keyword.WebUiBuiltInKeywords.verifyElementNotPresent(WebUiBuiltInKeywords.groovy:1497)
	at com.kms.katalon.core.webui.keyword.WebUiBuiltInKeywords$verifyElementNotPresent$4.call(Unknown Source)
	at SON.son(SON.groovy:93)
	at SON.invokeMethod(SON.groovy)
	at com.kms.katalon.core.main.CustomKeywordDelegatingMetaClass.invokeStaticMethod(CustomKeywordDelegatingMetaClass.java:55)
	at Governorate Sleeping Cells Hourly.run(Governorate Sleeping Cells Hourly:25)
	at com.kms.katalon.core.main.ScriptEngine.run(ScriptEngine.java:194)
	at com.kms.katalon.core.main.ScriptEngine.runScriptAsRawText(ScriptEngine.java:119)
	at com.kms.katalon.core.main.TestCaseExecutor.runScript(TestCaseExecutor.java:448)
	at com.kms.katalon.core.main.TestCaseExecutor.doExecute(TestCaseExecutor.java:439)
	at com.kms.katalon.core.main.TestCaseExecutor.processExecutionPhase(TestCaseExecutor.java:418)
	at com.kms.katalon.core.main.TestCaseExecutor.accessMainPhase(TestCaseExecutor.java:410)
	at com.kms.katalon.core.main.TestCaseExecutor.execute(TestCaseExecutor.java:285)
	at com.kms.katalon.core.common.CommonExecutor.accessTestCaseMainPhase(CommonExecutor.java:65)
	at com.kms.katalon.core.main.TestSuiteExecutor.accessTestSuiteMainPhase(TestSuiteExecutor.java:148)
	at com.kms.katalon.core.main.TestSuiteExecutor.execute(TestSuiteExecutor.java:106)
	at com.kms.katalon.core.main.TestCaseMain.startTestSuite(TestCaseMain.java:187)
	at com.kms.katalon.core.main.TestCaseMain$startTestSuite$0.call(Unknown Source)
	at TempTestSuite1725371051772.run(TempTestSuite1725371051772.groovy:35)
)
[[ATTACHMENT|C:\\Users\\FatimaIbeid\\git\\NetCell\\Reports\\20240903_164410\\SON\\Hwauei\\2G\\2G Regression\\20240903_164411\\1725373390259.png]]

2024-09-03 17:23:10 - [MESSAGE][FAILED] - Unable to verify object 'Object Repository/SON/Error' is not present (Root cause: com.kms.katalon.core.exception.StepFailedException: Unable to verify object 'Object Repository/SON/Error' is not present
	at com.kms.katalon.core.webui.keyword.internal.WebUIKeywordMain.stepFailed(WebUIKeywordMain.groovy:64)
	at com.kms.katalon.core.webui.keyword.internal.WebUIKeywordMain.runKeyword(WebUIKeywordMain.groovy:26)
	at com.kms.katalon.core.webui.keyword.internal.WebUIKeywordMain$runKeyword.call(Unknown Source)
	at com.kms.katalon.core.webui.keyword.builtin.VerifyElementNotPresentKeyword.verifyElementNotPresent(VerifyElementNotPresentKeyword.groovy:122)
	at com.kms.katalon.core.webui.keyword.builtin.VerifyElementNotPresentKeyword.execute(VerifyElementNotPresentKeyword.groovy:68)
	at com.kms.katalon.core.keyword.internal.KeywordExecutor.executeKeywordForPlatform(KeywordExecutor.groovy:74)
	at com.kms.katalon.core.webui.keyword.WebUiBuiltInKeywords.verifyElementNotPresent(WebUiBuiltInKeywords.groovy:1497)
	at com.kms.katalon.core.webui.keyword.WebUiBuiltInKeywords$verifyElementNotPresent$4.call(Unknown Source)
	at SON.son(SON.groovy:93)
	at SON.invokeMethod(SON.groovy)
	at com.kms.katalon.core.main.CustomKeywordDelegatingMetaClass.invokeStaticMethod(CustomKeywordDelegatingMetaClass.java:55)
	at Governorate Sleeping Cells Hourly.run(Governorate Sleeping Cells Hourly:25)
	at com.kms.katalon.core.main.ScriptEngine.run(ScriptEngine.java:194)
	at com.kms.katalon.core.main.ScriptEngine.runScriptAsRawText(ScriptEngine.java:119)
	at com.kms.katalon.core.main.TestCaseExecutor.runScript(TestCaseExecutor.java:448)
	at com.kms.katalon.core.main.TestCaseExecutor.doExecute(TestCaseExecutor.java:439)
	at com.kms.katalon.core.main.TestCaseExecutor.processExecutionPhase(TestCaseExecutor.java:418)
	at com.kms.katalon.core.main.TestCaseExecutor.accessMainPhase(TestCaseExecutor.java:410)
	at com.kms.katalon.core.main.TestCaseExecutor.execute(TestCaseExecutor.java:285)
	at com.kms.katalon.core.common.CommonExecutor.accessTestCaseMainPhase(CommonExecutor.java:65)
	at com.kms.katalon.core.main.TestSuiteExecutor.accessTestSuiteMainPhase(TestSuiteExecutor.java:148)
	at com.kms.katalon.core.main.TestSuiteExecutor.execute(TestSuiteExecutor.java:106)
	at com.kms.katalon.core.main.TestCaseMain.startTestSuite(TestCaseMain.java:187)
	at com.kms.katalon.core.main.TestCaseMain$startTestSuite$0.call(Unknown Source)
	at TempTestSuite1725371051772.run(TempTestSuite1725371051772.groovy:35)
Caused by: com.kms.katalon.core.exception.StepFailedException: Web element with id: 'Object Repository/SON/Error' located by 'By.xpath: //div[@class='home-logo']' is present after '200' second(s)
	at com.kms.katalon.core.webui.keyword.internal.WebUIKeywordMain.stepFailed(WebUIKeywordMain.groovy:64)
	at com.kms.katalon.core.webui.keyword.internal.WebUIKeywordMain$stepFailed$0.call(Unknown Source)
	at com.kms.katalon.core.webui.keyword.builtin.VerifyElementNotPresentKeyword$_verifyElementNotPresent_closure1.doCall(VerifyElementNotPresentKeyword.groovy:113)
	at com.kms.katalon.core.webui.keyword.builtin.VerifyElementNotPresentKeyword$_verifyElementNotPresent_closure1.doCall(VerifyElementNotPresentKeyword.groovy)
	at com.kms.katalon.core.webui.keyword.internal.WebUIKeywordMain.runKeyword(WebUIKeywordMain.groovy:20)
	... 23 more
)
[[ATTACHMENT|C:\\Users\\FatimaIbeid\\git\\NetCell\\Reports\\20240903_164410\\SON\\Hwauei\\2G\\2G Regression\\20240903_164411\\1725373390444.png]]

2024-09-03 17:23:10 - [MESSAGE][FAILED] - Unable to verify object 'Object Repository/SON/Error' is not present]]></system-out>
         <system-err><![CDATA[2024-09-03 17:19:12 - [TEST_CASE][FAILED] - Test Cases/SON/Huawei/2G/Governorate/Governorate Sleeping Cells Hourly: Test Cases/SON/Huawei/2G/Governorate/Governorate Sleeping Cells Hourly FAILED.
Reason:
com.kms.katalon.core.exception.StepFailedException: Unable to verify object 'Object Repository/SON/Error' is not present
	at com.kms.katalon.core.webui.keyword.internal.WebUIKeywordMain.stepFailed(WebUIKeywordMain.groovy:64)
	at com.kms.katalon.core.webui.keyword.internal.WebUIKeywordMain.runKeyword(WebUIKeywordMain.groovy:26)
	at com.kms.katalon.core.webui.keyword.internal.WebUIKeywordMain$runKeyword.call(Unknown Source)
	at com.kms.katalon.core.webui.keyword.builtin.VerifyElementNotPresentKeyword.verifyElementNotPresent(VerifyElementNotPresentKeyword.groovy:122)
	at com.kms.katalon.core.webui.keyword.builtin.VerifyElementNotPresentKeyword.execute(VerifyElementNotPresentKeyword.groovy:68)
	at com.kms.katalon.core.keyword.internal.KeywordExecutor.executeKeywordForPlatform(KeywordExecutor.groovy:74)
	at com.kms.katalon.core.webui.keyword.WebUiBuiltInKeywords.verifyElementNotPresent(WebUiBuiltInKeywords.groovy:1497)
	at com.kms.katalon.core.webui.keyword.WebUiBuiltInKeywords$verifyElementNotPresent$4.call(Unknown Source)
	at SON.son(SON.groovy:93)
	at SON.invokeMethod(SON.groovy)
	at com.kms.katalon.core.main.CustomKeywordDelegatingMetaClass.invokeStaticMethod(CustomKeywordDelegatingMetaClass.java:55)
	at Governorate Sleeping Cells Hourly.run(Governorate Sleeping Cells Hourly:25)
	at com.kms.katalon.core.main.ScriptEngine.run(ScriptEngine.java:194)
	at com.kms.katalon.core.main.ScriptEngine.runScriptAsRawText(ScriptEngine.java:119)
	at com.kms.katalon.core.main.TestCaseExecutor.runScript(TestCaseExecutor.java:448)
	at com.kms.katalon.core.main.TestCaseExecutor.doExecute(TestCaseExecutor.java:439)
	at com.kms.katalon.core.main.TestCaseExecutor.processExecutionPhase(TestCaseExecutor.java:418)
	at com.kms.katalon.core.main.TestCaseExecutor.accessMainPhase(TestCaseExecutor.java:410)
	at com.kms.katalon.core.main.TestCaseExecutor.execute(TestCaseExecutor.java:285)
	at com.kms.katalon.core.common.CommonExecutor.accessTestCaseMainPhase(CommonExecutor.java:65)
	at com.kms.katalon.core.main.TestSuiteExecutor.accessTestSuiteMainPhase(TestSuiteExecutor.java:148)
	at com.kms.katalon.core.main.TestSuiteExecutor.execute(TestSuiteExecutor.java:106)
	at com.kms.katalon.core.main.TestCaseMain.startTestSuite(TestCaseMain.java:187)
	at com.kms.katalon.core.main.TestCaseMain$startTestSuite$0.call(Unknown Source)
	at TempTestSuite1725371051772.run(TempTestSuite1725371051772.groovy:35)
Caused by: com.kms.katalon.core.exception.StepFailedException: Web element with id: 'Object Repository/SON/Error' located by 'By.xpath: //div[@class='home-logo']' is present after '200' second(s)
	at com.kms.katalon.core.webui.keyword.internal.WebUIKeywordMain.stepFailed(WebUIKeywordMain.groovy:64)
	at com.kms.katalon.core.webui.keyword.internal.WebUIKeywordMain$stepFailed$0.call(Unknown Source)
	at com.kms.katalon.core.webui.keyword.builtin.VerifyElementNotPresentKeyword$_verifyElementNotPresent_closure1.doCall(VerifyElementNotPresentKeyword.groovy:113)
	at com.kms.katalon.core.webui.keyword.builtin.VerifyElementNotPresentKeyword$_verifyElementNotPresent_closure1.doCall(VerifyElementNotPresentKeyword.groovy)
	at com.kms.katalon.core.webui.keyword.internal.WebUIKeywordMain.runKeyword(WebUIKeywordMain.groovy:20)
	... 23 more]]></system-err>
      </testcase>
      <testcase name="Test Cases/SON/Huawei/2G/PLMN/PLMN Sleeping Cells Daily" time="121.711" classname="Test Cases/SON/Huawei/2G/PLMN/PLMN Sleeping Cells Daily" status="PASSED">
         <system-out><![CDATA[2024-09-03 17:23:10 - [TEST_CASE][PASSED] - Test Cases/SON/Huawei/2G/PLMN/PLMN Sleeping Cells Daily: Test Cases/SON/Huawei/2G/PLMN/PLMN Sleeping Cells Daily

2024-09-03 17:23:10 - [TEST_STEP][PASSED] - callTestCase(findTestCase("Login"), [:], STOP_ON_FAILURE): Call Test Case 'Test Cases/Login' successfully

2024-09-03 17:23:11 - [TEST_CASE][PASSED] - Test Cases/Login: Test Cases/Login

2024-09-03 17:23:11 - [TEST_STEP][PASSED] - driver = general.start(SwagerURL, NetCellURL): general.start is PASSED

2024-09-03 17:23:11 - [MESSAGE][INFO] - >>> chromeDriverPath=C:\Users\FatimaIbeid\.katalon\packages\Katalon_Studio_Windows_64-8.6.9\Katalon_Studio_Windows_64-8.6.9\configuration\resources\drivers\chromedriver_win32\chromedriver.exe

2024-09-03 17:23:12 - [MESSAGE][PASSED] - Current window maximized

2024-09-03 17:23:12 - [MESSAGE][PASSED] - Execute JavaScript 'window.open();' successfully

2024-09-03 17:23:12 - [MESSAGE][PASSED] - Switched to window with index: '1'

2024-09-03 17:23:25 - [MESSAGE][PASSED] - general.start is PASSED

2024-09-03 17:23:25 - [TEST_STEP][PASSED] - click(findTestObject("Object Repository/Login/LoginButton")): Object: 'Object Repository/Login/LoginButton' is clicked on

2024-09-03 17:23:25 - [MESSAGE][PASSED] - Object: 'Object Repository/Login/LoginButton' is clicked on

2024-09-03 17:23:25 - [TEST_STEP][PASSED] - switchToWindowIndex(2): Switched to window with index: '2'

2024-09-03 17:23:26 - [MESSAGE][PASSED] - Switched to window with index: '2'

2024-09-03 17:23:26 - [TEST_STEP][PASSED] - delay(1): Delayed 1 second(s)

2024-09-03 17:23:27 - [MESSAGE][PASSED] - Delayed 1 second(s)

2024-09-03 17:23:27 - [TEST_STEP][PASSED] - sendKeys(findTestObject("Object Repository/Login/EnterEmail"), "homam@zztjg.onmicrosoft.com"): Keys 'homam@zztjg.onmicrosoft.com' sent to object: 'Object Repository/Login/EnterEmail'

2024-09-03 17:23:27 - [MESSAGE][PASSED] - Keys 'homam@zztjg.onmicrosoft.com' sent to object: 'Object Repository/Login/EnterEmail'

2024-09-03 17:23:27 - [TEST_STEP][PASSED] - delay(1): Delayed 1 second(s)

2024-09-03 17:23:28 - [MESSAGE][PASSED] - Delayed 1 second(s)

2024-09-03 17:23:28 - [TEST_STEP][PASSED] - click(findTestObject("Object Repository/Login/NextButton")): Object: 'Object Repository/Login/NextButton' is clicked on

2024-09-03 17:23:28 - [MESSAGE][PASSED] - Object: 'Object Repository/Login/NextButton' is clicked on

2024-09-03 17:23:28 - [TEST_STEP][PASSED] - delay(2): Delayed 2 second(s)

2024-09-03 17:23:30 - [MESSAGE][PASSED] - Delayed 2 second(s)

2024-09-03 17:23:30 - [TEST_STEP][PASSED] - sendKeys(findTestObject("Object Repository/Login/EnterPassword"), "Holder12345"): Keys 'Holder12345' sent to object: 'Object Repository/Login/EnterPassword'

2024-09-03 17:23:30 - [MESSAGE][PASSED] - Keys 'Holder12345' sent to object: 'Object Repository/Login/EnterPassword'

2024-09-03 17:23:30 - [TEST_STEP][PASSED] - delay(1): Delayed 1 second(s)

2024-09-03 17:23:31 - [MESSAGE][PASSED] - Delayed 1 second(s)

2024-09-03 17:23:31 - [TEST_STEP][PASSED] - click(findTestObject("Object Repository/Login/SigninButton")): Object: 'Object Repository/Login/SigninButton' is clicked on

2024-09-03 17:23:32 - [MESSAGE][PASSED] - Object: 'Object Repository/Login/SigninButton' is clicked on

2024-09-03 17:23:32 - [TEST_STEP][PASSED] - delay(1): Delayed 1 second(s)

2024-09-03 17:23:33 - [MESSAGE][PASSED] - Delayed 1 second(s)

2024-09-03 17:23:33 - [TEST_STEP][PASSED] - click(findTestObject("Object Repository/Login/YesStayInButton")): Object: 'Object Repository/Login/YesStayInButton' is clicked on

2024-09-03 17:23:33 - [MESSAGE][PASSED] - Object: 'Object Repository/Login/YesStayInButton' is clicked on

2024-09-03 17:23:33 - [MESSAGE][PASSED] - Call Test Case 'Test Cases/Login' successfully

2024-09-03 17:23:33 - [TEST_STEP][PASSED] - switchToWindowIndex(1): Switched to window with index: '1'

2024-09-03 17:23:33 - [MESSAGE][PASSED] - Switched to window with index: '1'

2024-09-03 17:23:33 - [TEST_STEP][PASSED] - SON.son("huawei", "2G", "PLMN", "Sleeping Cells", "Daily", ""): SON.son is PASSED

2024-09-03 17:23:36 - [MESSAGE][PASSED] - Object: 'Object Repository/SON/sonBtn' is clicked on

2024-09-03 17:23:36 - [MESSAGE][PASSED] - Switched to window with index: '2'

2024-09-03 17:23:50 - [MESSAGE][PASSED] - Object: 'Object Repository/PM/Huawei-vendor/Technology/Technology-Arrow' is clicked on

2024-09-03 17:23:50 - [MESSAGE][PASSED] - Object: 'Object Repository/PM/Huawei-vendor/Technology/2G' is clicked on

2024-09-03 17:23:50 - [MESSAGE][PASSED] - Object: 'Object Repository/PM/Huawei-vendor/TopX/TopX Object Type' is clicked on

2024-09-03 17:23:51 - [MESSAGE][PASSED] - Delayed 1 second(s)

2024-09-03 17:23:51 - [MESSAGE][PASSED] - Object: 'Object Repository/PM/Huawei-vendor/Object-Type/TopX Object Types/TopX PLMNs/TopX PLMN' is clicked on

2024-09-03 17:23:52 - [MESSAGE][PASSED] - Delayed 1 second(s)

2024-09-03 17:23:52 - [MESSAGE][PASSED] - Object: 'Object Repository/PM/Huawei-vendor/Object-Type/TopX Object Types/TopX PLMNs/TopX PLMN checkbox' is clicked on

2024-09-03 17:23:55 - [MESSAGE][PASSED] - Delayed 2 second(s)

2024-09-03 17:23:55 - [MESSAGE][PASSED] - Object: 'Object Repository/SON/SonType/Type-Arrow' is clicked on

2024-09-03 17:23:55 - [MESSAGE][WARNING] - Timeout '0' is invalid. Using default page load timeout: '120'

2024-09-03 17:23:55 - [MESSAGE][PASSED] - Scroll to object 'Object Repository/SON/Exclude Options' successfully

2024-09-03 17:23:55 - [MESSAGE][PASSED] - Object: 'Object Repository/SON/Resolution/Hourly' is clicked on

2024-09-03 17:23:55 - [MESSAGE][PASSED] - Object: 'Object Repository/SON/Resolution/Daily' is clicked on

2024-09-03 17:23:55 - [MESSAGE][PASSED] - Object: 'Object Repository/PM/Huawei-vendor/StartDate/Monthly-Selection' is clicked on

2024-09-03 17:23:56 - [MESSAGE][PASSED] - Object: 'Object Repository/PM/Huawei-vendor/StartDate/Fep-Selection' is clicked on

2024-09-03 17:23:57 - [MESSAGE][PASSED] - Delayed 1 second(s)

2024-09-03 17:23:57 - [MESSAGE][PASSED] - Object: 'Object Repository/PM/Huawei-vendor/StartDate/1-Fep' is clicked on

2024-09-03 17:23:57 - [MESSAGE][PASSED] - Object: 'Object Repository/PM/Huawei-vendor/Apply-Button' is clicked on

2024-09-03 17:25:12 - [MESSAGE][PASSED] - Web element with id: 'Object Repository/SON/Error' located by 'By.xpath: //div[@class='home-logo']' is not present after '200' second(s)

2024-09-03 17:25:12 - [MESSAGE][PASSED] - SON.son is PASSED]]></system-out>
         <system-err><![CDATA[]]></system-err>
      </testcase>
      <testcase name="Test Cases/SON/Huawei/2G/Region/Region Sleeping Cells Daily" time="54.38" classname="Test Cases/SON/Huawei/2G/Region/Region Sleeping Cells Daily" status="PASSED">
         <system-out><![CDATA[2024-09-03 17:25:12 - [TEST_CASE][PASSED] - Test Cases/SON/Huawei/2G/Region/Region Sleeping Cells Daily: Test Cases/SON/Huawei/2G/Region/Region Sleeping Cells Daily

2024-09-03 17:25:12 - [TEST_STEP][PASSED] - callTestCase(findTestCase("Login"), [:], STOP_ON_FAILURE): Call Test Case 'Test Cases/Login' successfully

2024-09-03 17:25:12 - [TEST_CASE][PASSED] - Test Cases/Login: Test Cases/Login

2024-09-03 17:25:12 - [TEST_STEP][PASSED] - driver = general.start(SwagerURL, NetCellURL): general.start is PASSED

2024-09-03 17:25:12 - [MESSAGE][INFO] - >>> chromeDriverPath=C:\Users\FatimaIbeid\.katalon\packages\Katalon_Studio_Windows_64-8.6.9\Katalon_Studio_Windows_64-8.6.9\configuration\resources\drivers\chromedriver_win32\chromedriver.exe

2024-09-03 17:25:14 - [MESSAGE][PASSED] - Current window maximized

2024-09-03 17:25:14 - [MESSAGE][PASSED] - Execute JavaScript 'window.open();' successfully

2024-09-03 17:25:14 - [MESSAGE][PASSED] - Switched to window with index: '1'

2024-09-03 17:25:28 - [MESSAGE][PASSED] - general.start is PASSED

2024-09-03 17:25:28 - [TEST_STEP][PASSED] - click(findTestObject("Object Repository/Login/LoginButton")): Object: 'Object Repository/Login/LoginButton' is clicked on

2024-09-03 17:25:28 - [MESSAGE][PASSED] - Object: 'Object Repository/Login/LoginButton' is clicked on

2024-09-03 17:25:28 - [TEST_STEP][PASSED] - switchToWindowIndex(2): Switched to window with index: '2'

2024-09-03 17:25:29 - [MESSAGE][PASSED] - Switched to window with index: '2'

2024-09-03 17:25:29 - [TEST_STEP][PASSED] - delay(1): Delayed 1 second(s)

2024-09-03 17:25:30 - [MESSAGE][PASSED] - Delayed 1 second(s)

2024-09-03 17:25:30 - [TEST_STEP][PASSED] - sendKeys(findTestObject("Object Repository/Login/EnterEmail"), "homam@zztjg.onmicrosoft.com"): Keys 'homam@zztjg.onmicrosoft.com' sent to object: 'Object Repository/Login/EnterEmail'

2024-09-03 17:25:30 - [MESSAGE][PASSED] - Keys 'homam@zztjg.onmicrosoft.com' sent to object: 'Object Repository/Login/EnterEmail'

2024-09-03 17:25:30 - [TEST_STEP][PASSED] - delay(1): Delayed 1 second(s)

2024-09-03 17:25:31 - [MESSAGE][PASSED] - Delayed 1 second(s)

2024-09-03 17:25:31 - [TEST_STEP][PASSED] - click(findTestObject("Object Repository/Login/NextButton")): Object: 'Object Repository/Login/NextButton' is clicked on

2024-09-03 17:25:32 - [MESSAGE][PASSED] - Object: 'Object Repository/Login/NextButton' is clicked on

2024-09-03 17:25:32 - [TEST_STEP][PASSED] - delay(2): Delayed 2 second(s)

2024-09-03 17:25:34 - [MESSAGE][PASSED] - Delayed 2 second(s)

2024-09-03 17:25:34 - [TEST_STEP][PASSED] - sendKeys(findTestObject("Object Repository/Login/EnterPassword"), "Holder12345"): Keys 'Holder12345' sent to object: 'Object Repository/Login/EnterPassword'

2024-09-03 17:25:34 - [MESSAGE][PASSED] - Keys 'Holder12345' sent to object: 'Object Repository/Login/EnterPassword'

2024-09-03 17:25:34 - [TEST_STEP][PASSED] - delay(1): Delayed 1 second(s)

2024-09-03 17:25:35 - [MESSAGE][PASSED] - Delayed 1 second(s)

2024-09-03 17:25:35 - [TEST_STEP][PASSED] - click(findTestObject("Object Repository/Login/SigninButton")): Object: 'Object Repository/Login/SigninButton' is clicked on

2024-09-03 17:25:35 - [MESSAGE][PASSED] - Object: 'Object Repository/Login/SigninButton' is clicked on

2024-09-03 17:25:35 - [TEST_STEP][PASSED] - delay(1): Delayed 1 second(s)

2024-09-03 17:25:36 - [MESSAGE][PASSED] - Delayed 1 second(s)

2024-09-03 17:25:36 - [TEST_STEP][PASSED] - click(findTestObject("Object Repository/Login/YesStayInButton")): Object: 'Object Repository/Login/YesStayInButton' is clicked on

2024-09-03 17:25:37 - [MESSAGE][PASSED] - Object: 'Object Repository/Login/YesStayInButton' is clicked on

2024-09-03 17:25:37 - [MESSAGE][PASSED] - Call Test Case 'Test Cases/Login' successfully

2024-09-03 17:25:37 - [TEST_STEP][PASSED] - switchToWindowIndex(1): Switched to window with index: '1'

2024-09-03 17:25:37 - [MESSAGE][PASSED] - Switched to window with index: '1'

2024-09-03 17:25:37 - [TEST_STEP][PASSED] - SON.son("huawei", "2G", "Region", "Sleeping Cells", "Daily", ""): SON.son is PASSED

2024-09-03 17:25:39 - [MESSAGE][PASSED] - Object: 'Object Repository/SON/sonBtn' is clicked on

2024-09-03 17:25:39 - [MESSAGE][PASSED] - Switched to window with index: '2'

2024-09-03 17:25:52 - [MESSAGE][PASSED] - Object: 'Object Repository/PM/Huawei-vendor/Technology/Technology-Arrow' is clicked on

2024-09-03 17:25:53 - [MESSAGE][PASSED] - Object: 'Object Repository/PM/Huawei-vendor/Technology/2G' is clicked on

2024-09-03 17:25:53 - [MESSAGE][PASSED] - Object: 'Object Repository/PM/Huawei-vendor/TopX/TopX Object Type' is clicked on

2024-09-03 17:25:54 - [MESSAGE][PASSED] - Delayed 1 second(s)

2024-09-03 17:25:54 - [MESSAGE][PASSED] - Object: 'Object Repository/PM/Huawei-vendor/Object-Type/TopX Object Types/TopX Regions/TopX Region' is clicked on

2024-09-03 17:25:55 - [MESSAGE][PASSED] - Delayed 1 second(s)

2024-09-03 17:25:55 - [MESSAGE][WARNING] - Timeout '0' is invalid. Using default page load timeout: '120'

2024-09-03 17:25:55 - [MESSAGE][PASSED] - Scroll to object 'Object Repository/PM/Huawei-vendor/Object Border' successfully

2024-09-03 17:25:55 - [MESSAGE][PASSED] - Object: 'Object Repository/PM/Huawei-vendor/Object-Type/TopX Object Types/TopX Regions/TopX Region East Amman' is clicked on

2024-09-03 17:25:55 - [MESSAGE][PASSED] - Object: 'Object Repository/PM/Huawei-vendor/Object-Type/TopX Object Types/TopX Regions/TopX Region West Amman' is clicked on

2024-09-03 17:25:55 - [MESSAGE][PASSED] - Object: 'Object Repository/PM/Huawei-vendor/Object-Type/TopX Object Types/TopX Regions/TopX Region South Amman' is clicked on

2024-09-03 17:25:55 - [MESSAGE][PASSED] - Object: 'Object Repository/PM/Huawei-vendor/Object-Type/TopX Object Types/TopX Regions/TopX Region South Jordan' is clicked on

2024-09-03 17:25:56 - [MESSAGE][PASSED] - Object: 'Object Repository/PM/Huawei-vendor/Object-Type/TopX Object Types/TopX Regions/TopX Region North Jordan' is clicked on

2024-09-03 17:25:56 - [MESSAGE][PASSED] - Object: 'Object Repository/PM/Huawei-vendor/Object-Type/TopX Object Types/TopX Regions/TopX Region East Jordan' is clicked on

2024-09-03 17:25:56 - [MESSAGE][PASSED] - Object: 'Object Repository/PM/Huawei-vendor/Object-Type/TopX Object Types/TopX Regions/TopX Region Others' is clicked on

2024-09-03 17:25:58 - [MESSAGE][PASSED] - Delayed 2 second(s)

2024-09-03 17:25:58 - [MESSAGE][PASSED] - Object: 'Object Repository/SON/SonType/Type-Arrow' is clicked on

2024-09-03 17:25:58 - [MESSAGE][WARNING] - Timeout '0' is invalid. Using default page load timeout: '120'

2024-09-03 17:25:58 - [MESSAGE][PASSED] - Scroll to object 'Object Repository/SON/Exclude Options' successfully

2024-09-03 17:25:58 - [MESSAGE][PASSED] - Object: 'Object Repository/SON/Resolution/Hourly' is clicked on

2024-09-03 17:25:59 - [MESSAGE][PASSED] - Object: 'Object Repository/SON/Resolution/Daily' is clicked on

2024-09-03 17:25:59 - [MESSAGE][PASSED] - Object: 'Object Repository/PM/Huawei-vendor/StartDate/Monthly-Selection' is clicked on

2024-09-03 17:25:59 - [MESSAGE][PASSED] - Object: 'Object Repository/PM/Huawei-vendor/StartDate/Fep-Selection' is clicked on

2024-09-03 17:26:00 - [MESSAGE][PASSED] - Delayed 1 second(s)

2024-09-03 17:26:00 - [MESSAGE][PASSED] - Object: 'Object Repository/PM/Huawei-vendor/StartDate/1-Fep' is clicked on

2024-09-03 17:26:01 - [MESSAGE][PASSED] - Object: 'Object Repository/PM/Huawei-vendor/Apply-Button' is clicked on

2024-09-03 17:26:06 - [MESSAGE][PASSED] - Web element with id: 'Object Repository/SON/Error' located by 'By.xpath: //div[@class='home-logo']' is not present after '200' second(s)

2024-09-03 17:26:06 - [MESSAGE][PASSED] - SON.son is PASSED]]></system-out>
         <system-err><![CDATA[]]></system-err>
      </testcase>
      <testcase name="Test Cases/SON/Huawei/2G/Site/Site Sleeping Cells Daily" time="162.876" classname="Test Cases/SON/Huawei/2G/Site/Site Sleeping Cells Daily" status="FAILED">
         <failure type="FAILED" message="Test Cases/SON/Huawei/2G/Site/Site Sleeping Cells Daily FAILED.
Reason:
com.kms.katalon.core.exception.StepFailedException: Unable to click on object 'Object Repository/SON/ObjectType/East Amman site1'
	at com.kms.katalon.core.webui.keyword.internal.WebUIKeywordMain.stepFailed(WebUIKeywordMain.groovy:64)
	at com.kms.katalon.core.webui.keyword.internal.WebUIKeywordMain.runKeyword(WebUIKeywordMain.groovy:26)
	at com.kms.katalon.core.webui.keyword.builtin.ClickKeyword.click(ClickKeyword.groovy:74)
	at com.kms.katalon.core.webui.keyword.builtin.ClickKeyword.execute(ClickKeyword.groovy:40)
	at com.kms.katalon.core.keyword.internal.KeywordExecutor.executeKeywordForPlatform(KeywordExecutor.groovy:74)
	at com.kms.katalon.core.webui.keyword.WebUiBuiltInKeywords.click(WebUiBuiltInKeywords.groovy:620)
	at com.kms.katalon.core.webui.keyword.WebUiBuiltInKeywords$click$2.call(Unknown Source)
	at SON.selectObjectType(SON.groovy:146)
	at SON.son(SON.groovy:73)
	at SON.invokeMethod(SON.groovy)
	at com.kms.katalon.core.main.CustomKeywordDelegatingMetaClass.invokeStaticMethod(CustomKeywordDelegatingMetaClass.java:55)
	at Site Sleeping Cells Daily.run(Site Sleeping Cells Daily:25)
	at com.kms.katalon.core.main.ScriptEngine.run(ScriptEngine.java:194)
	at com.kms.katalon.core.main.ScriptEngine.runScriptAsRawText(ScriptEngine.java:119)
	at com.kms.katalon.core.main.TestCaseExecutor.runScript(TestCaseExecutor.java:448)
	at com.kms.katalon.core.main.TestCaseExecutor.doExecute(TestCaseExecutor.java:439)
	at com.kms.katalon.core.main.TestCaseExecutor.processExecutionPhase(TestCaseExecutor.java:418)
	at com.kms.katalon.core.main.TestCaseExecutor.accessMainPhase(TestCaseExecutor.java:410)
	at com.kms.katalon.core.main.TestCaseExecutor.execute(TestCaseExecutor.java:285)
	at com.kms.katalon.core.common.CommonExecutor.accessTestCaseMainPhase(CommonExecutor.java:65)
	at com.kms.katalon.core.main.TestSuiteExecutor.accessTestSuiteMainPhase(TestSuiteExecutor.java:148)
	at com.kms.katalon.core.main.TestSuiteExecutor.execute(TestSuiteExecutor.java:106)
	at com.kms.katalon.core.main.TestCaseMain.startTestSuite(TestCaseMain.java:187)
	at com.kms.katalon.core.main.TestCaseMain$startTestSuite$0.call(Unknown Source)
	at TempTestSuite1725371051772.run(TempTestSuite1725371051772.groovy:35)
Caused by: com.kms.katalon.core.webui.exception.WebElementNotFoundException: Web element with id: 'Object Repository/SON/ObjectType/East Amman site1' located by '//span[contains(text(),'301-ULT_King_Hussein_St_PD_Fiber_Manage')]' not found
	at com.kms.katalon.core.webui.common.WebUiCommonHelper.findWebElement(WebUiCommonHelper.java:1381)
	at com.kms.katalon.core.webui.keyword.internal.WebUIAbstractKeyword.findWebElement(WebUIAbstractKeyword.groovy:27)
	at com.kms.katalon.core.webui.keyword.builtin.ClickKeyword$_click_closure1.doCall(ClickKeyword.groovy:65)
	at com.kms.katalon.core.webui.keyword.builtin.ClickKeyword$_click_closure1.call(ClickKeyword.groovy)
	at com.kms.katalon.core.webui.keyword.internal.WebUIKeywordMain.runKeyword(WebUIKeywordMain.groovy:20)
	... 23 more
"/>
         <system-out><![CDATA[2024-09-03 17:26:06 - [TEST_CASE][FAILED] - Test Cases/SON/Huawei/2G/Site/Site Sleeping Cells Daily: Test Cases/SON/Huawei/2G/Site/Site Sleeping Cells Daily FAILED.
Reason:
com.kms.katalon.core.exception.StepFailedException: Unable to click on object 'Object Repository/SON/ObjectType/East Amman site1'
	at com.kms.katalon.core.webui.keyword.internal.WebUIKeywordMain.stepFailed(WebUIKeywordMain.groovy:64)
	at com.kms.katalon.core.webui.keyword.internal.WebUIKeywordMain.runKeyword(WebUIKeywordMain.groovy:26)
	at com.kms.katalon.core.webui.keyword.builtin.ClickKeyword.click(ClickKeyword.groovy:74)
	at com.kms.katalon.core.webui.keyword.builtin.ClickKeyword.execute(ClickKeyword.groovy:40)
	at com.kms.katalon.core.keyword.internal.KeywordExecutor.executeKeywordForPlatform(KeywordExecutor.groovy:74)
	at com.kms.katalon.core.webui.keyword.WebUiBuiltInKeywords.click(WebUiBuiltInKeywords.groovy:620)
	at com.kms.katalon.core.webui.keyword.WebUiBuiltInKeywords$click$2.call(Unknown Source)
	at SON.selectObjectType(SON.groovy:146)
	at SON.son(SON.groovy:73)
	at SON.invokeMethod(SON.groovy)
	at com.kms.katalon.core.main.CustomKeywordDelegatingMetaClass.invokeStaticMethod(CustomKeywordDelegatingMetaClass.java:55)
	at Site Sleeping Cells Daily.run(Site Sleeping Cells Daily:25)
	at com.kms.katalon.core.main.ScriptEngine.run(ScriptEngine.java:194)
	at com.kms.katalon.core.main.ScriptEngine.runScriptAsRawText(ScriptEngine.java:119)
	at com.kms.katalon.core.main.TestCaseExecutor.runScript(TestCaseExecutor.java:448)
	at com.kms.katalon.core.main.TestCaseExecutor.doExecute(TestCaseExecutor.java:439)
	at com.kms.katalon.core.main.TestCaseExecutor.processExecutionPhase(TestCaseExecutor.java:418)
	at com.kms.katalon.core.main.TestCaseExecutor.accessMainPhase(TestCaseExecutor.java:410)
	at com.kms.katalon.core.main.TestCaseExecutor.execute(TestCaseExecutor.java:285)
	at com.kms.katalon.core.common.CommonExecutor.accessTestCaseMainPhase(CommonExecutor.java:65)
	at com.kms.katalon.core.main.TestSuiteExecutor.accessTestSuiteMainPhase(TestSuiteExecutor.java:148)
	at com.kms.katalon.core.main.TestSuiteExecutor.execute(TestSuiteExecutor.java:106)
	at com.kms.katalon.core.main.TestCaseMain.startTestSuite(TestCaseMain.java:187)
	at com.kms.katalon.core.main.TestCaseMain$startTestSuite$0.call(Unknown Source)
	at TempTestSuite1725371051772.run(TempTestSuite1725371051772.groovy:35)
Caused by: com.kms.katalon.core.webui.exception.WebElementNotFoundException: Web element with id: 'Object Repository/SON/ObjectType/East Amman site1' located by '//span[contains(text(),'301-ULT_King_Hussein_St_PD_Fiber_Manage')]' not found
	at com.kms.katalon.core.webui.common.WebUiCommonHelper.findWebElement(WebUiCommonHelper.java:1381)
	at com.kms.katalon.core.webui.keyword.internal.WebUIAbstractKeyword.findWebElement(WebUIAbstractKeyword.groovy:27)
	at com.kms.katalon.core.webui.keyword.builtin.ClickKeyword$_click_closure1.doCall(ClickKeyword.groovy:65)
	at com.kms.katalon.core.webui.keyword.builtin.ClickKeyword$_click_closure1.call(ClickKeyword.groovy)
	at com.kms.katalon.core.webui.keyword.internal.WebUIKeywordMain.runKeyword(WebUIKeywordMain.groovy:20)
	... 23 more


2024-09-03 17:26:07 - [TEST_STEP][PASSED] - callTestCase(findTestCase("Login"), [:], STOP_ON_FAILURE): Call Test Case 'Test Cases/Login' successfully

2024-09-03 17:26:07 - [TEST_CASE][PASSED] - Test Cases/Login: Test Cases/Login

2024-09-03 17:26:07 - [TEST_STEP][PASSED] - driver = general.start(SwagerURL, NetCellURL): general.start is PASSED

2024-09-03 17:26:07 - [MESSAGE][INFO] - >>> chromeDriverPath=C:\Users\FatimaIbeid\.katalon\packages\Katalon_Studio_Windows_64-8.6.9\Katalon_Studio_Windows_64-8.6.9\configuration\resources\drivers\chromedriver_win32\chromedriver.exe

2024-09-03 17:26:08 - [MESSAGE][PASSED] - Current window maximized

2024-09-03 17:26:09 - [MESSAGE][PASSED] - Execute JavaScript 'window.open();' successfully

2024-09-03 17:26:09 - [MESSAGE][PASSED] - Switched to window with index: '1'

2024-09-03 17:26:21 - [MESSAGE][PASSED] - general.start is PASSED

2024-09-03 17:26:21 - [TEST_STEP][PASSED] - click(findTestObject("Object Repository/Login/LoginButton")): Object: 'Object Repository/Login/LoginButton' is clicked on

2024-09-03 17:26:21 - [MESSAGE][PASSED] - Object: 'Object Repository/Login/LoginButton' is clicked on

2024-09-03 17:26:21 - [TEST_STEP][PASSED] - switchToWindowIndex(2): Switched to window with index: '2'

2024-09-03 17:26:22 - [MESSAGE][PASSED] - Switched to window with index: '2'

2024-09-03 17:26:22 - [TEST_STEP][PASSED] - delay(1): Delayed 1 second(s)

2024-09-03 17:26:23 - [MESSAGE][PASSED] - Delayed 1 second(s)

2024-09-03 17:26:23 - [TEST_STEP][PASSED] - sendKeys(findTestObject("Object Repository/Login/EnterEmail"), "homam@zztjg.onmicrosoft.com"): Keys 'homam@zztjg.onmicrosoft.com' sent to object: 'Object Repository/Login/EnterEmail'

2024-09-03 17:26:23 - [MESSAGE][PASSED] - Keys 'homam@zztjg.onmicrosoft.com' sent to object: 'Object Repository/Login/EnterEmail'

2024-09-03 17:26:23 - [TEST_STEP][PASSED] - delay(1): Delayed 1 second(s)

2024-09-03 17:26:24 - [MESSAGE][PASSED] - Delayed 1 second(s)

2024-09-03 17:26:24 - [TEST_STEP][PASSED] - click(findTestObject("Object Repository/Login/NextButton")): Object: 'Object Repository/Login/NextButton' is clicked on

2024-09-03 17:26:24 - [MESSAGE][PASSED] - Object: 'Object Repository/Login/NextButton' is clicked on

2024-09-03 17:26:24 - [TEST_STEP][PASSED] - delay(2): Delayed 2 second(s)

2024-09-03 17:26:26 - [MESSAGE][PASSED] - Delayed 2 second(s)

2024-09-03 17:26:26 - [TEST_STEP][PASSED] - sendKeys(findTestObject("Object Repository/Login/EnterPassword"), "Holder12345"): Keys 'Holder12345' sent to object: 'Object Repository/Login/EnterPassword'

2024-09-03 17:26:26 - [MESSAGE][PASSED] - Keys 'Holder12345' sent to object: 'Object Repository/Login/EnterPassword'

2024-09-03 17:26:26 - [TEST_STEP][PASSED] - delay(1): Delayed 1 second(s)

2024-09-03 17:26:27 - [MESSAGE][PASSED] - Delayed 1 second(s)

2024-09-03 17:26:27 - [TEST_STEP][PASSED] - click(findTestObject("Object Repository/Login/SigninButton")): Object: 'Object Repository/Login/SigninButton' is clicked on

2024-09-03 17:26:28 - [MESSAGE][PASSED] - Object: 'Object Repository/Login/SigninButton' is clicked on

2024-09-03 17:26:28 - [TEST_STEP][PASSED] - delay(1): Delayed 1 second(s)

2024-09-03 17:26:29 - [MESSAGE][PASSED] - Delayed 1 second(s)

2024-09-03 17:26:29 - [TEST_STEP][PASSED] - click(findTestObject("Object Repository/Login/YesStayInButton")): Object: 'Object Repository/Login/YesStayInButton' is clicked on

2024-09-03 17:26:30 - [MESSAGE][PASSED] - Object: 'Object Repository/Login/YesStayInButton' is clicked on

2024-09-03 17:26:30 - [MESSAGE][PASSED] - Call Test Case 'Test Cases/Login' successfully

2024-09-03 17:26:30 - [TEST_STEP][PASSED] - switchToWindowIndex(1): Switched to window with index: '1'

2024-09-03 17:26:30 - [MESSAGE][PASSED] - Switched to window with index: '1'

2024-09-03 17:26:30 - [TEST_STEP][FAILED] - SON.son("huawei", "2G", "Site", "Sleeping Cells", "Daily", ""): Unable to click on object 'Object Repository/SON/ObjectType/East Amman site1'

2024-09-03 17:26:32 - [MESSAGE][PASSED] - Object: 'Object Repository/SON/sonBtn' is clicked on

2024-09-03 17:26:32 - [MESSAGE][PASSED] - Switched to window with index: '2'

2024-09-03 17:26:45 - [MESSAGE][PASSED] - Object: 'Object Repository/PM/Huawei-vendor/Technology/Technology-Arrow' is clicked on

2024-09-03 17:26:45 - [MESSAGE][PASSED] - Object: 'Object Repository/PM/Huawei-vendor/Technology/2G' is clicked on

2024-09-03 17:26:46 - [MESSAGE][PASSED] - Object: 'Object Repository/PM/Huawei-vendor/TopX/TopX Object Type' is clicked on

2024-09-03 17:26:47 - [MESSAGE][PASSED] - Delayed 1 second(s)

2024-09-03 17:26:47 - [MESSAGE][PASSED] - Object: 'Object Repository/PM/Huawei-vendor/Object-Type/TopX Object Types/TopX Sites/TopX Site' is clicked on

2024-09-03 17:26:48 - [MESSAGE][PASSED] - Delayed 1 second(s)

2024-09-03 17:26:48 - [MESSAGE][WARNING] - Timeout '0' is invalid. Using default page load timeout: '120'

2024-09-03 17:26:48 - [MESSAGE][PASSED] - Scroll to object 'Object Repository/PM/Huawei-vendor/Object Border' successfully

2024-09-03 17:26:48 - [MESSAGE][PASSED] - Object: 'Object Repository/PM/Huawei-vendor/Object-Type/TopX Object Types/TopX Sites/TopX East Amman Arrow' is clicked on

2024-09-03 17:28:49 - [MESSAGE][INFO] - Unable to find the element located by 'By.xpath: //span[contains(text(),'301-ULT_King_Hussein_St_PD_Fiber_Manage')]'. Please recheck the objects properties to make sure the desired element is located. 

2024-09-03 17:28:49 - [MESSAGE][FAILED] - Unable to click on object 'Object Repository/SON/ObjectType/East Amman site1' (Root cause: com.kms.katalon.core.exception.StepFailedException: Unable to click on object 'Object Repository/SON/ObjectType/East Amman site1'
	at com.kms.katalon.core.webui.keyword.internal.WebUIKeywordMain.stepFailed(WebUIKeywordMain.groovy:64)
	at com.kms.katalon.core.webui.keyword.internal.WebUIKeywordMain.runKeyword(WebUIKeywordMain.groovy:26)
	at com.kms.katalon.core.webui.keyword.builtin.ClickKeyword.click(ClickKeyword.groovy:74)
	at com.kms.katalon.core.webui.keyword.builtin.ClickKeyword.execute(ClickKeyword.groovy:40)
	at com.kms.katalon.core.keyword.internal.KeywordExecutor.executeKeywordForPlatform(KeywordExecutor.groovy:74)
	at com.kms.katalon.core.webui.keyword.WebUiBuiltInKeywords.click(WebUiBuiltInKeywords.groovy:620)
	at com.kms.katalon.core.webui.keyword.WebUiBuiltInKeywords$click$2.call(Unknown Source)
	at SON.selectObjectType(SON.groovy:146)
	at SON.son(SON.groovy:73)
	at SON.invokeMethod(SON.groovy)
	at com.kms.katalon.core.main.CustomKeywordDelegatingMetaClass.invokeStaticMethod(CustomKeywordDelegatingMetaClass.java:55)
	at Site Sleeping Cells Daily.run(Site Sleeping Cells Daily:25)
	at com.kms.katalon.core.main.ScriptEngine.run(ScriptEngine.java:194)
	at com.kms.katalon.core.main.ScriptEngine.runScriptAsRawText(ScriptEngine.java:119)
	at com.kms.katalon.core.main.TestCaseExecutor.runScript(TestCaseExecutor.java:448)
	at com.kms.katalon.core.main.TestCaseExecutor.doExecute(TestCaseExecutor.java:439)
	at com.kms.katalon.core.main.TestCaseExecutor.processExecutionPhase(TestCaseExecutor.java:418)
	at com.kms.katalon.core.main.TestCaseExecutor.accessMainPhase(TestCaseExecutor.java:410)
	at com.kms.katalon.core.main.TestCaseExecutor.execute(TestCaseExecutor.java:285)
	at com.kms.katalon.core.common.CommonExecutor.accessTestCaseMainPhase(CommonExecutor.java:65)
	at com.kms.katalon.core.main.TestSuiteExecutor.accessTestSuiteMainPhase(TestSuiteExecutor.java:148)
	at com.kms.katalon.core.main.TestSuiteExecutor.execute(TestSuiteExecutor.java:106)
	at com.kms.katalon.core.main.TestCaseMain.startTestSuite(TestCaseMain.java:187)
	at com.kms.katalon.core.main.TestCaseMain$startTestSuite$0.call(Unknown Source)
	at TempTestSuite1725371051772.run(TempTestSuite1725371051772.groovy:35)
Caused by: com.kms.katalon.core.webui.exception.WebElementNotFoundException: Web element with id: 'Object Repository/SON/ObjectType/East Amman site1' located by '//span[contains(text(),'301-ULT_King_Hussein_St_PD_Fiber_Manage')]' not found
	at com.kms.katalon.core.webui.common.WebUiCommonHelper.findWebElement(WebUiCommonHelper.java:1381)
	at com.kms.katalon.core.webui.keyword.internal.WebUIAbstractKeyword.findWebElement(WebUIAbstractKeyword.groovy:27)
	at com.kms.katalon.core.webui.keyword.builtin.ClickKeyword$_click_closure1.doCall(ClickKeyword.groovy:65)
	at com.kms.katalon.core.webui.keyword.builtin.ClickKeyword$_click_closure1.call(ClickKeyword.groovy)
	at com.kms.katalon.core.webui.keyword.internal.WebUIKeywordMain.runKeyword(WebUIKeywordMain.groovy:20)
	at com.kms.katalon.core.webui.keyword.builtin.ClickKeyword.click(ClickKeyword.groovy:74)
	at com.kms.katalon.core.webui.keyword.builtin.ClickKeyword.execute(ClickKeyword.groovy:40)
	at com.kms.katalon.core.keyword.internal.KeywordExecutor.executeKeywordForPlatform(KeywordExecutor.groovy:74)
	at com.kms.katalon.core.webui.keyword.WebUiBuiltInKeywords.click(WebUiBuiltInKeywords.groovy:620)
	at com.kms.katalon.core.webui.keyword.WebUiBuiltInKeywords$click$2.call(Unknown Source)
	at SON.selectObjectType(SON.groovy:146)
	at SON.son(SON.groovy:73)
	at SON.invokeMethod(SON.groovy)
	at com.kms.katalon.core.main.CustomKeywordDelegatingMetaClass.invokeStaticMethod(CustomKeywordDelegatingMetaClass.java:55)
	at Script1725179760720.run(Script1725179760720.groovy:25)
	... 13 more
)
[[ATTACHMENT|C:\\Users\\FatimaIbeid\\git\\NetCell\\Reports\\20240903_164410\\SON\\Hwauei\\2G\\2G Regression\\20240903_164411\\1725373729489.png]]

2024-09-03 17:28:49 - [MESSAGE][FAILED] - Unable to click on object 'Object Repository/SON/ObjectType/East Amman site1']]></system-out>
         <system-err><![CDATA[2024-09-03 17:26:06 - [TEST_CASE][FAILED] - Test Cases/SON/Huawei/2G/Site/Site Sleeping Cells Daily: Test Cases/SON/Huawei/2G/Site/Site Sleeping Cells Daily FAILED.
Reason:
com.kms.katalon.core.exception.StepFailedException: Unable to click on object 'Object Repository/SON/ObjectType/East Amman site1'
	at com.kms.katalon.core.webui.keyword.internal.WebUIKeywordMain.stepFailed(WebUIKeywordMain.groovy:64)
	at com.kms.katalon.core.webui.keyword.internal.WebUIKeywordMain.runKeyword(WebUIKeywordMain.groovy:26)
	at com.kms.katalon.core.webui.keyword.builtin.ClickKeyword.click(ClickKeyword.groovy:74)
	at com.kms.katalon.core.webui.keyword.builtin.ClickKeyword.execute(ClickKeyword.groovy:40)
	at com.kms.katalon.core.keyword.internal.KeywordExecutor.executeKeywordForPlatform(KeywordExecutor.groovy:74)
	at com.kms.katalon.core.webui.keyword.WebUiBuiltInKeywords.click(WebUiBuiltInKeywords.groovy:620)
	at com.kms.katalon.core.webui.keyword.WebUiBuiltInKeywords$click$2.call(Unknown Source)
	at SON.selectObjectType(SON.groovy:146)
	at SON.son(SON.groovy:73)
	at SON.invokeMethod(SON.groovy)
	at com.kms.katalon.core.main.CustomKeywordDelegatingMetaClass.invokeStaticMethod(CustomKeywordDelegatingMetaClass.java:55)
	at Site Sleeping Cells Daily.run(Site Sleeping Cells Daily:25)
	at com.kms.katalon.core.main.ScriptEngine.run(ScriptEngine.java:194)
	at com.kms.katalon.core.main.ScriptEngine.runScriptAsRawText(ScriptEngine.java:119)
	at com.kms.katalon.core.main.TestCaseExecutor.runScript(TestCaseExecutor.java:448)
	at com.kms.katalon.core.main.TestCaseExecutor.doExecute(TestCaseExecutor.java:439)
	at com.kms.katalon.core.main.TestCaseExecutor.processExecutionPhase(TestCaseExecutor.java:418)
	at com.kms.katalon.core.main.TestCaseExecutor.accessMainPhase(TestCaseExecutor.java:410)
	at com.kms.katalon.core.main.TestCaseExecutor.execute(TestCaseExecutor.java:285)
	at com.kms.katalon.core.common.CommonExecutor.accessTestCaseMainPhase(CommonExecutor.java:65)
	at com.kms.katalon.core.main.TestSuiteExecutor.accessTestSuiteMainPhase(TestSuiteExecutor.java:148)
	at com.kms.katalon.core.main.TestSuiteExecutor.execute(TestSuiteExecutor.java:106)
	at com.kms.katalon.core.main.TestCaseMain.startTestSuite(TestCaseMain.java:187)
	at com.kms.katalon.core.main.TestCaseMain$startTestSuite$0.call(Unknown Source)
	at TempTestSuite1725371051772.run(TempTestSuite1725371051772.groovy:35)
Caused by: com.kms.katalon.core.webui.exception.WebElementNotFoundException: Web element with id: 'Object Repository/SON/ObjectType/East Amman site1' located by '//span[contains(text(),'301-ULT_King_Hussein_St_PD_Fiber_Manage')]' not found
	at com.kms.katalon.core.webui.common.WebUiCommonHelper.findWebElement(WebUiCommonHelper.java:1381)
	at com.kms.katalon.core.webui.keyword.internal.WebUIAbstractKeyword.findWebElement(WebUIAbstractKeyword.groovy:27)
	at com.kms.katalon.core.webui.keyword.builtin.ClickKeyword$_click_closure1.doCall(ClickKeyword.groovy:65)
	at com.kms.katalon.core.webui.keyword.builtin.ClickKeyword$_click_closure1.call(ClickKeyword.groovy)
	at com.kms.katalon.core.webui.keyword.internal.WebUIKeywordMain.runKeyword(WebUIKeywordMain.groovy:20)
	... 23 more]]></system-err>
      </testcase>
      <testcase name="Test Cases/SON/Huawei/2G/Cell/Cell Sleeping Cells Daily" time="55.272" classname="Test Cases/SON/Huawei/2G/Cell/Cell Sleeping Cells Daily" status="PASSED">
         <system-out><![CDATA[2024-09-03 17:28:49 - [TEST_CASE][PASSED] - Test Cases/SON/Huawei/2G/Cell/Cell Sleeping Cells Daily: Test Cases/SON/Huawei/2G/Cell/Cell Sleeping Cells Daily

2024-09-03 17:28:49 - [TEST_STEP][PASSED] - callTestCase(findTestCase("Login"), [:], STOP_ON_FAILURE): Call Test Case 'Test Cases/Login' successfully

2024-09-03 17:28:49 - [TEST_CASE][PASSED] - Test Cases/Login: Test Cases/Login

2024-09-03 17:28:49 - [TEST_STEP][PASSED] - driver = general.start(SwagerURL, NetCellURL): general.start is PASSED

2024-09-03 17:28:49 - [MESSAGE][INFO] - >>> chromeDriverPath=C:\Users\FatimaIbeid\.katalon\packages\Katalon_Studio_Windows_64-8.6.9\Katalon_Studio_Windows_64-8.6.9\configuration\resources\drivers\chromedriver_win32\chromedriver.exe

2024-09-03 17:28:51 - [MESSAGE][PASSED] - Current window maximized

2024-09-03 17:28:51 - [MESSAGE][PASSED] - Execute JavaScript 'window.open();' successfully

2024-09-03 17:28:51 - [MESSAGE][PASSED] - Switched to window with index: '1'

2024-09-03 17:29:03 - [MESSAGE][PASSED] - general.start is PASSED

2024-09-03 17:29:03 - [TEST_STEP][PASSED] - click(findTestObject("Object Repository/Login/LoginButton")): Object: 'Object Repository/Login/LoginButton' is clicked on

2024-09-03 17:29:03 - [MESSAGE][PASSED] - Object: 'Object Repository/Login/LoginButton' is clicked on

2024-09-03 17:29:03 - [TEST_STEP][PASSED] - switchToWindowIndex(2): Switched to window with index: '2'

2024-09-03 17:29:04 - [MESSAGE][PASSED] - Switched to window with index: '2'

2024-09-03 17:29:04 - [TEST_STEP][PASSED] - delay(1): Delayed 1 second(s)

2024-09-03 17:29:05 - [MESSAGE][PASSED] - Delayed 1 second(s)

2024-09-03 17:29:05 - [TEST_STEP][PASSED] - sendKeys(findTestObject("Object Repository/Login/EnterEmail"), "homam@zztjg.onmicrosoft.com"): Keys 'homam@zztjg.onmicrosoft.com' sent to object: 'Object Repository/Login/EnterEmail'

2024-09-03 17:29:06 - [MESSAGE][PASSED] - Keys 'homam@zztjg.onmicrosoft.com' sent to object: 'Object Repository/Login/EnterEmail'

2024-09-03 17:29:06 - [TEST_STEP][PASSED] - delay(1): Delayed 1 second(s)

2024-09-03 17:29:07 - [MESSAGE][PASSED] - Delayed 1 second(s)

2024-09-03 17:29:07 - [TEST_STEP][PASSED] - click(findTestObject("Object Repository/Login/NextButton")): Object: 'Object Repository/Login/NextButton' is clicked on

2024-09-03 17:29:07 - [MESSAGE][PASSED] - Object: 'Object Repository/Login/NextButton' is clicked on

2024-09-03 17:29:07 - [TEST_STEP][PASSED] - delay(2): Delayed 2 second(s)

2024-09-03 17:29:09 - [MESSAGE][PASSED] - Delayed 2 second(s)

2024-09-03 17:29:09 - [TEST_STEP][PASSED] - sendKeys(findTestObject("Object Repository/Login/EnterPassword"), "Holder12345"): Keys 'Holder12345' sent to object: 'Object Repository/Login/EnterPassword'

2024-09-03 17:29:09 - [MESSAGE][PASSED] - Keys 'Holder12345' sent to object: 'Object Repository/Login/EnterPassword'

2024-09-03 17:29:09 - [TEST_STEP][PASSED] - delay(1): Delayed 1 second(s)

2024-09-03 17:29:10 - [MESSAGE][PASSED] - Delayed 1 second(s)

2024-09-03 17:29:10 - [TEST_STEP][PASSED] - click(findTestObject("Object Repository/Login/SigninButton")): Object: 'Object Repository/Login/SigninButton' is clicked on

2024-09-03 17:29:10 - [MESSAGE][PASSED] - Object: 'Object Repository/Login/SigninButton' is clicked on

2024-09-03 17:29:10 - [TEST_STEP][PASSED] - delay(1): Delayed 1 second(s)

2024-09-03 17:29:11 - [MESSAGE][PASSED] - Delayed 1 second(s)

2024-09-03 17:29:11 - [TEST_STEP][PASSED] - click(findTestObject("Object Repository/Login/YesStayInButton")): Object: 'Object Repository/Login/YesStayInButton' is clicked on

2024-09-03 17:29:12 - [MESSAGE][PASSED] - Object: 'Object Repository/Login/YesStayInButton' is clicked on

2024-09-03 17:29:12 - [MESSAGE][PASSED] - Call Test Case 'Test Cases/Login' successfully

2024-09-03 17:29:12 - [TEST_STEP][PASSED] - switchToWindowIndex(1): Switched to window with index: '1'

2024-09-03 17:29:12 - [MESSAGE][PASSED] - Switched to window with index: '1'

2024-09-03 17:29:12 - [TEST_STEP][PASSED] - SON.son("huawei", "2G", "Cell", "Sleeping Cells", "Daily", ""): SON.son is PASSED

2024-09-03 17:29:13 - [MESSAGE][PASSED] - Object: 'Object Repository/SON/sonBtn' is clicked on

2024-09-03 17:29:13 - [MESSAGE][PASSED] - Switched to window with index: '2'

2024-09-03 17:29:24 - [MESSAGE][PASSED] - Object: 'Object Repository/PM/Huawei-vendor/Technology/Technology-Arrow' is clicked on

2024-09-03 17:29:25 - [MESSAGE][PASSED] - Object: 'Object Repository/PM/Huawei-vendor/Technology/2G' is clicked on

2024-09-03 17:29:25 - [MESSAGE][PASSED] - Object: 'Object Repository/PM/Huawei-vendor/TopX/TopX Object Type' is clicked on

2024-09-03 17:29:26 - [MESSAGE][PASSED] - Delayed 1 second(s)

2024-09-03 17:29:26 - [MESSAGE][PASSED] - Object: 'Object Repository/PM/Huawei-vendor/Object-Type/TopX Object Types/TopX Cells/TopX Cell' is clicked on

2024-09-03 17:29:27 - [MESSAGE][PASSED] - Delayed 1 second(s)

2024-09-03 17:29:27 - [MESSAGE][WARNING] - Timeout '0' is invalid. Using default page load timeout: '120'

2024-09-03 17:29:27 - [MESSAGE][PASSED] - Scroll to object 'Object Repository/PM/Huawei-vendor/Object Border' successfully

2024-09-03 17:29:27 - [MESSAGE][PASSED] - Object: 'Object Repository/PM/Huawei-vendor/Object-Type/TopX Object Types/TopX Sites/TopX East Amman Arrow' is clicked on

2024-09-03 17:29:28 - [MESSAGE][PASSED] - Object: 'Object Repository/PM/Huawei-vendor/Object-Type/TopX Object Types/TopX Cells/TopX East Amman Site1 Arrow' is clicked on

2024-09-03 17:29:30 - [MESSAGE][PASSED] - Delayed 2 second(s)

2024-09-03 17:29:30 - [MESSAGE][PASSED] - Object: 'Object Repository/SON/ObjectType/Cell/East Amman Site1 Cell1 2G' is clicked on

2024-09-03 17:29:30 - [MESSAGE][PASSED] - Object: 'Object Repository/PM/Huawei-vendor/Object-Type/TopX Object Types/TopX Sites/TopX East Amman CloseArrow' is clicked on

2024-09-03 17:29:30 - [MESSAGE][PASSED] - Object: 'Object Repository/PM/Huawei-vendor/Object-Type/TopX Object Types/TopX Sites/TopX West Amman Arrow' is clicked on

2024-09-03 17:29:31 - [MESSAGE][PASSED] - Object: 'Object Repository/PM/Huawei-vendor/Object-Type/TopX Object Types/TopX Cells/TopX West Amman Site1 Arrow' is clicked on

2024-09-03 17:29:31 - [MESSAGE][PASSED] - Object: 'Object Repository/SON/ObjectType/Cell/West Amman Site1 Cell1 2G' is clicked on

2024-09-03 17:29:31 - [MESSAGE][PASSED] - Object: 'Object Repository/PM/Huawei-vendor/Object-Type/TopX Object Types/TopX Sites/TopX West Amman CloseArrow' is clicked on

2024-09-03 17:29:31 - [MESSAGE][PASSED] - Object: 'Object Repository/PM/Huawei-vendor/Object-Type/TopX Object Types/TopX Sites/TopX South Amman Arrow' is clicked on

2024-09-03 17:29:32 - [MESSAGE][PASSED] - Object: 'Object Repository/PM/Huawei-vendor/Object-Type/TopX Object Types/TopX Cells/TopX South Amman Site1 Arrow' is clicked on

2024-09-03 17:29:32 - [MESSAGE][PASSED] - Object: 'Object Repository/SON/ObjectType/Cell/South Amman Site1 Cell1 2G' is clicked on

2024-09-03 17:29:32 - [MESSAGE][PASSED] - Object: 'Object Repository/PM/Huawei-vendor/Object-Type/TopX Object Types/TopX Sites/TopX South Amman CloseArrow' is clicked on

2024-09-03 17:29:33 - [MESSAGE][PASSED] - Object: 'Object Repository/PM/Huawei-vendor/Object-Type/TopX Object Types/TopX Sites/TopX East Jordan Arrow' is clicked on

2024-09-03 17:29:33 - [MESSAGE][PASSED] - Object: 'Object Repository/PM/Huawei-vendor/Object-Type/TopX Object Types/TopX Cells/TopX East Jordan Site1 Arrow' is clicked on

2024-09-03 17:29:34 - [MESSAGE][PASSED] - Object: 'Object Repository/SON/ObjectType/Cell/East Jordan Site1 Cell1 2G' is clicked on

2024-09-03 17:29:34 - [MESSAGE][PASSED] - Object: 'Object Repository/PM/Huawei-vendor/Object-Type/TopX Object Types/TopX Sites/TopX East Jordan CloseArrow' is clicked on

2024-09-03 17:29:34 - [MESSAGE][PASSED] - Object: 'Object Repository/PM/Huawei-vendor/Object-Type/TopX Object Types/TopX Sites/TopX North Jordan Arrow' is clicked on

2024-09-03 17:29:35 - [MESSAGE][PASSED] - Object: 'Object Repository/PM/Huawei-vendor/Object-Type/TopX Object Types/TopX Cells/TopX North Jordan Site1 Arrow' is clicked on

2024-09-03 17:29:35 - [MESSAGE][PASSED] - Object: 'Object Repository/SON/ObjectType/Cell/North Jordan Site1 Cell1 2G' is clicked on

2024-09-03 17:29:35 - [MESSAGE][PASSED] - Object: 'Object Repository/PM/Huawei-vendor/Object-Type/TopX Object Types/TopX Sites/TopX North Jordan CloseArrow' is clicked on

2024-09-03 17:29:36 - [MESSAGE][PASSED] - Object: 'Object Repository/PM/Huawei-vendor/Object-Type/TopX Object Types/TopX Sites/TopX South Jordan Arrow' is clicked on

2024-09-03 17:29:36 - [MESSAGE][PASSED] - Object: 'Object Repository/PM/Huawei-vendor/Object-Type/TopX Object Types/TopX Cells/TopX South Jordan Site1 Arrow' is clicked on

2024-09-03 17:29:37 - [MESSAGE][PASSED] - Object: 'Object Repository/SON/ObjectType/Cell/South Jordan Site1 Cell1 2G' is clicked on

2024-09-03 17:29:37 - [MESSAGE][PASSED] - Object: 'Object Repository/PM/Huawei-vendor/Object-Type/TopX Object Types/TopX Sites/TopX South Jordan CloseArrow' is clicked on

2024-09-03 17:29:37 - [MESSAGE][PASSED] - Object: 'Object Repository/SON/ObjectType/Other Site' is clicked on

2024-09-03 17:29:39 - [MESSAGE][PASSED] - Delayed 2 second(s)

2024-09-03 17:29:39 - [MESSAGE][PASSED] - Object: 'Object Repository/SON/SonType/Type-Arrow' is clicked on

2024-09-03 17:29:39 - [MESSAGE][WARNING] - Timeout '0' is invalid. Using default page load timeout: '120'

2024-09-03 17:29:39 - [MESSAGE][PASSED] - Scroll to object 'Object Repository/SON/Exclude Options' successfully

2024-09-03 17:29:39 - [MESSAGE][PASSED] - Object: 'Object Repository/SON/Resolution/Hourly' is clicked on

2024-09-03 17:29:39 - [MESSAGE][PASSED] - Object: 'Object Repository/SON/Resolution/Daily' is clicked on

2024-09-03 17:29:40 - [MESSAGE][PASSED] - Object: 'Object Repository/PM/Huawei-vendor/StartDate/Monthly-Selection' is clicked on

2024-09-03 17:29:40 - [MESSAGE][PASSED] - Object: 'Object Repository/PM/Huawei-vendor/StartDate/Fep-Selection' is clicked on

2024-09-03 17:29:41 - [MESSAGE][PASSED] - Delayed 1 second(s)

2024-09-03 17:29:41 - [MESSAGE][PASSED] - Object: 'Object Repository/PM/Huawei-vendor/StartDate/1-Fep' is clicked on

2024-09-03 17:29:41 - [MESSAGE][PASSED] - Object: 'Object Repository/PM/Huawei-vendor/Apply-Button' is clicked on

2024-09-03 17:29:44 - [MESSAGE][PASSED] - Web element with id: 'Object Repository/SON/Error' located by 'By.xpath: //div[@class='home-logo']' is not present after '200' second(s)

2024-09-03 17:29:44 - [MESSAGE][PASSED] - SON.son is PASSED]]></system-out>
         <system-err><![CDATA[]]></system-err>
      </testcase>
      <testcase name="Test Cases/SON/Huawei/2G/BSC/BSC Sleeping Cells Daily" time="37.687" classname="Test Cases/SON/Huawei/2G/BSC/BSC Sleeping Cells Daily" status="PASSED">
         <system-out><![CDATA[2024-09-03 17:29:44 - [TEST_CASE][PASSED] - Test Cases/SON/Huawei/2G/BSC/BSC Sleeping Cells Daily: Test Cases/SON/Huawei/2G/BSC/BSC Sleeping Cells Daily

2024-09-03 17:29:45 - [TEST_STEP][PASSED] - callTestCase(findTestCase("Login"), [:], STOP_ON_FAILURE): Call Test Case 'Test Cases/Login' successfully

2024-09-03 17:29:45 - [TEST_CASE][PASSED] - Test Cases/Login: Test Cases/Login

2024-09-03 17:29:45 - [TEST_STEP][PASSED] - driver = general.start(SwagerURL, NetCellURL): general.start is PASSED

2024-09-03 17:29:45 - [MESSAGE][INFO] - >>> chromeDriverPath=C:\Users\FatimaIbeid\.katalon\packages\Katalon_Studio_Windows_64-8.6.9\Katalon_Studio_Windows_64-8.6.9\configuration\resources\drivers\chromedriver_win32\chromedriver.exe

2024-09-03 17:29:46 - [MESSAGE][PASSED] - Current window maximized

2024-09-03 17:29:47 - [MESSAGE][PASSED] - Execute JavaScript 'window.open();' successfully

2024-09-03 17:29:47 - [MESSAGE][PASSED] - Switched to window with index: '1'

2024-09-03 17:29:58 - [MESSAGE][PASSED] - general.start is PASSED

2024-09-03 17:29:58 - [TEST_STEP][PASSED] - click(findTestObject("Object Repository/Login/LoginButton")): Object: 'Object Repository/Login/LoginButton' is clicked on

2024-09-03 17:29:58 - [MESSAGE][PASSED] - Object: 'Object Repository/Login/LoginButton' is clicked on

2024-09-03 17:29:58 - [TEST_STEP][PASSED] - switchToWindowIndex(2): Switched to window with index: '2'

2024-09-03 17:29:58 - [MESSAGE][PASSED] - Switched to window with index: '2'

2024-09-03 17:29:58 - [TEST_STEP][PASSED] - delay(1): Delayed 1 second(s)

2024-09-03 17:29:59 - [MESSAGE][PASSED] - Delayed 1 second(s)

2024-09-03 17:29:59 - [TEST_STEP][PASSED] - sendKeys(findTestObject("Object Repository/Login/EnterEmail"), "homam@zztjg.onmicrosoft.com"): Keys 'homam@zztjg.onmicrosoft.com' sent to object: 'Object Repository/Login/EnterEmail'

2024-09-03 17:30:01 - [MESSAGE][PASSED] - Keys 'homam@zztjg.onmicrosoft.com' sent to object: 'Object Repository/Login/EnterEmail'

2024-09-03 17:30:01 - [TEST_STEP][PASSED] - delay(1): Delayed 1 second(s)

2024-09-03 17:30:02 - [MESSAGE][PASSED] - Delayed 1 second(s)

2024-09-03 17:30:02 - [TEST_STEP][PASSED] - click(findTestObject("Object Repository/Login/NextButton")): Object: 'Object Repository/Login/NextButton' is clicked on

2024-09-03 17:30:02 - [MESSAGE][PASSED] - Object: 'Object Repository/Login/NextButton' is clicked on

2024-09-03 17:30:02 - [TEST_STEP][PASSED] - delay(2): Delayed 2 second(s)

2024-09-03 17:30:04 - [MESSAGE][PASSED] - Delayed 2 second(s)

2024-09-03 17:30:04 - [TEST_STEP][PASSED] - sendKeys(findTestObject("Object Repository/Login/EnterPassword"), "Holder12345"): Keys 'Holder12345' sent to object: 'Object Repository/Login/EnterPassword'

2024-09-03 17:30:04 - [MESSAGE][PASSED] - Keys 'Holder12345' sent to object: 'Object Repository/Login/EnterPassword'

2024-09-03 17:30:04 - [TEST_STEP][PASSED] - delay(1): Delayed 1 second(s)

2024-09-03 17:30:05 - [MESSAGE][PASSED] - Delayed 1 second(s)

2024-09-03 17:30:05 - [TEST_STEP][PASSED] - click(findTestObject("Object Repository/Login/SigninButton")): Object: 'Object Repository/Login/SigninButton' is clicked on

2024-09-03 17:30:06 - [MESSAGE][PASSED] - Object: 'Object Repository/Login/SigninButton' is clicked on

2024-09-03 17:30:06 - [TEST_STEP][PASSED] - delay(1): Delayed 1 second(s)

2024-09-03 17:30:07 - [MESSAGE][PASSED] - Delayed 1 second(s)

2024-09-03 17:30:07 - [TEST_STEP][PASSED] - click(findTestObject("Object Repository/Login/YesStayInButton")): Object: 'Object Repository/Login/YesStayInButton' is clicked on

2024-09-03 17:30:07 - [MESSAGE][PASSED] - Object: 'Object Repository/Login/YesStayInButton' is clicked on

2024-09-03 17:30:07 - [MESSAGE][PASSED] - Call Test Case 'Test Cases/Login' successfully

2024-09-03 17:30:07 - [TEST_STEP][PASSED] - switchToWindowIndex(1): Switched to window with index: '1'

2024-09-03 17:30:07 - [MESSAGE][PASSED] - Switched to window with index: '1'

2024-09-03 17:30:07 - [TEST_STEP][PASSED] - SON.son("huawei", "2G", "BSC", "Sleeping Cells", "Daily", ""): SON.son is PASSED

2024-09-03 17:30:09 - [MESSAGE][PASSED] - Object: 'Object Repository/SON/sonBtn' is clicked on

2024-09-03 17:30:09 - [MESSAGE][PASSED] - Switched to window with index: '2'

2024-09-03 17:30:10 - [MESSAGE][PASSED] - Object: 'Object Repository/PM/Huawei-vendor/Technology/Technology-Arrow' is clicked on

2024-09-03 17:30:11 - [MESSAGE][PASSED] - Object: 'Object Repository/PM/Huawei-vendor/Technology/2G' is clicked on

2024-09-03 17:30:12 - [MESSAGE][PASSED] - Object: 'Object Repository/PM/Huawei-vendor/TopX/TopX Object Type' is clicked on

2024-09-03 17:30:13 - [MESSAGE][PASSED] - Delayed 1 second(s)

2024-09-03 17:30:13 - [MESSAGE][PASSED] - Object: 'Object Repository/PM/Huawei-vendor/Object-Type/TopX Object Types/TopX BSCs/TopX BSC' is clicked on

2024-09-03 17:30:14 - [MESSAGE][PASSED] - Delayed 1 second(s)

2024-09-03 17:30:14 - [MESSAGE][WARNING] - Timeout '0' is invalid. Using default page load timeout: '120'

2024-09-03 17:30:14 - [MESSAGE][PASSED] - Scroll to object 'Object Repository/PM/Huawei-vendor/Object Border' successfully

2024-09-03 17:30:14 - [MESSAGE][PASSED] - Object: 'Object Repository/PM/Huawei-vendor/Object-Type/TopX Object Types/TopX BSCs/TopX BSC Ader' is clicked on

2024-09-03 17:30:14 - [MESSAGE][PASSED] - Object: 'Object Repository/PM/Huawei-vendor/Object-Type/TopX Object Types/TopX BSCs/TopX BSC Fifa' is clicked on

2024-09-03 17:30:14 - [MESSAGE][PASSED] - Object: 'Object Repository/SON/ObjectType/BSC/TopX BSC HQ 04' is clicked on

2024-09-03 17:30:14 - [MESSAGE][PASSED] - Object: 'Object Repository/PM/Huawei-vendor/Object-Type/TopX Object Types/TopX BSCs/TopX BSC AA 01' is clicked on

2024-09-03 17:30:16 - [MESSAGE][PASSED] - Delayed 2 second(s)

2024-09-03 17:30:17 - [MESSAGE][PASSED] - Object: 'Object Repository/SON/SonType/Type-Arrow' is clicked on

2024-09-03 17:30:17 - [MESSAGE][WARNING] - Timeout '0' is invalid. Using default page load timeout: '120'

2024-09-03 17:30:17 - [MESSAGE][PASSED] - Scroll to object 'Object Repository/SON/Exclude Options' successfully

2024-09-03 17:30:17 - [MESSAGE][PASSED] - Object: 'Object Repository/SON/Resolution/Hourly' is clicked on

2024-09-03 17:30:17 - [MESSAGE][PASSED] - Object: 'Object Repository/SON/Resolution/Daily' is clicked on

2024-09-03 17:30:17 - [MESSAGE][PASSED] - Object: 'Object Repository/PM/Huawei-vendor/StartDate/Monthly-Selection' is clicked on

2024-09-03 17:30:17 - [MESSAGE][PASSED] - Object: 'Object Repository/PM/Huawei-vendor/StartDate/Fep-Selection' is clicked on

2024-09-03 17:30:18 - [MESSAGE][PASSED] - Delayed 1 second(s)

2024-09-03 17:30:19 - [MESSAGE][PASSED] - Object: 'Object Repository/PM/Huawei-vendor/StartDate/1-Fep' is clicked on

2024-09-03 17:30:19 - [MESSAGE][PASSED] - Object: 'Object Repository/PM/Huawei-vendor/Apply-Button' is clicked on

2024-09-03 17:30:22 - [MESSAGE][PASSED] - Web element with id: 'Object Repository/SON/Error' located by 'By.xpath: //div[@class='home-logo']' is not present after '200' second(s)

2024-09-03 17:30:22 - [MESSAGE][PASSED] - SON.son is PASSED]]></system-out>
         <system-err><![CDATA[]]></system-err>
      </testcase>
      <testcase name="Test Cases/SON/Huawei/2G/Cluster/Cluster Sleeping Cells Daily" time="37.601" classname="Test Cases/SON/Huawei/2G/Cluster/Cluster Sleeping Cells Daily" status="PASSED">
         <system-out><![CDATA[2024-09-03 17:30:22 - [TEST_CASE][PASSED] - Test Cases/SON/Huawei/2G/Cluster/Cluster Sleeping Cells Daily: Test Cases/SON/Huawei/2G/Cluster/Cluster Sleeping Cells Daily

2024-09-03 17:30:22 - [TEST_STEP][PASSED] - callTestCase(findTestCase("Login"), [:], STOP_ON_FAILURE): Call Test Case 'Test Cases/Login' successfully

2024-09-03 17:30:22 - [TEST_CASE][PASSED] - Test Cases/Login: Test Cases/Login

2024-09-03 17:30:22 - [TEST_STEP][PASSED] - driver = general.start(SwagerURL, NetCellURL): general.start is PASSED

2024-09-03 17:30:22 - [MESSAGE][INFO] - >>> chromeDriverPath=C:\Users\FatimaIbeid\.katalon\packages\Katalon_Studio_Windows_64-8.6.9\Katalon_Studio_Windows_64-8.6.9\configuration\resources\drivers\chromedriver_win32\chromedriver.exe

2024-09-03 17:30:24 - [MESSAGE][PASSED] - Current window maximized

2024-09-03 17:30:24 - [MESSAGE][PASSED] - Execute JavaScript 'window.open();' successfully

2024-09-03 17:30:24 - [MESSAGE][PASSED] - Switched to window with index: '1'

2024-09-03 17:30:35 - [MESSAGE][PASSED] - general.start is PASSED

2024-09-03 17:30:35 - [TEST_STEP][PASSED] - click(findTestObject("Object Repository/Login/LoginButton")): Object: 'Object Repository/Login/LoginButton' is clicked on

2024-09-03 17:30:35 - [MESSAGE][PASSED] - Object: 'Object Repository/Login/LoginButton' is clicked on

2024-09-03 17:30:35 - [TEST_STEP][PASSED] - switchToWindowIndex(2): Switched to window with index: '2'

2024-09-03 17:30:36 - [MESSAGE][PASSED] - Switched to window with index: '2'

2024-09-03 17:30:36 - [TEST_STEP][PASSED] - delay(1): Delayed 1 second(s)

2024-09-03 17:30:37 - [MESSAGE][PASSED] - Delayed 1 second(s)

2024-09-03 17:30:37 - [TEST_STEP][PASSED] - sendKeys(findTestObject("Object Repository/Login/EnterEmail"), "homam@zztjg.onmicrosoft.com"): Keys 'homam@zztjg.onmicrosoft.com' sent to object: 'Object Repository/Login/EnterEmail'

2024-09-03 17:30:38 - [MESSAGE][PASSED] - Keys 'homam@zztjg.onmicrosoft.com' sent to object: 'Object Repository/Login/EnterEmail'

2024-09-03 17:30:38 - [TEST_STEP][PASSED] - delay(1): Delayed 1 second(s)

2024-09-03 17:30:39 - [MESSAGE][PASSED] - Delayed 1 second(s)

2024-09-03 17:30:39 - [TEST_STEP][PASSED] - click(findTestObject("Object Repository/Login/NextButton")): Object: 'Object Repository/Login/NextButton' is clicked on

2024-09-03 17:30:39 - [MESSAGE][PASSED] - Object: 'Object Repository/Login/NextButton' is clicked on

2024-09-03 17:30:39 - [TEST_STEP][PASSED] - delay(2): Delayed 2 second(s)

2024-09-03 17:30:41 - [MESSAGE][PASSED] - Delayed 2 second(s)

2024-09-03 17:30:41 - [TEST_STEP][PASSED] - sendKeys(findTestObject("Object Repository/Login/EnterPassword"), "Holder12345"): Keys 'Holder12345' sent to object: 'Object Repository/Login/EnterPassword'

2024-09-03 17:30:41 - [MESSAGE][PASSED] - Keys 'Holder12345' sent to object: 'Object Repository/Login/EnterPassword'

2024-09-03 17:30:41 - [TEST_STEP][PASSED] - delay(1): Delayed 1 second(s)

2024-09-03 17:30:42 - [MESSAGE][PASSED] - Delayed 1 second(s)

2024-09-03 17:30:42 - [TEST_STEP][PASSED] - click(findTestObject("Object Repository/Login/SigninButton")): Object: 'Object Repository/Login/SigninButton' is clicked on

2024-09-03 17:30:42 - [MESSAGE][PASSED] - Object: 'Object Repository/Login/SigninButton' is clicked on

2024-09-03 17:30:42 - [TEST_STEP][PASSED] - delay(1): Delayed 1 second(s)

2024-09-03 17:30:43 - [MESSAGE][PASSED] - Delayed 1 second(s)

2024-09-03 17:30:43 - [TEST_STEP][PASSED] - click(findTestObject("Object Repository/Login/YesStayInButton")): Object: 'Object Repository/Login/YesStayInButton' is clicked on

2024-09-03 17:30:44 - [MESSAGE][PASSED] - Object: 'Object Repository/Login/YesStayInButton' is clicked on

2024-09-03 17:30:44 - [MESSAGE][PASSED] - Call Test Case 'Test Cases/Login' successfully

2024-09-03 17:30:44 - [TEST_STEP][PASSED] - switchToWindowIndex(1): Switched to window with index: '1'

2024-09-03 17:30:44 - [MESSAGE][PASSED] - Switched to window with index: '1'

2024-09-03 17:30:44 - [TEST_STEP][PASSED] - SON.son("huawei", "2G", "Cluster", "Sleeping Cells", "Daily", ""): SON.son is PASSED

2024-09-03 17:30:45 - [MESSAGE][PASSED] - Object: 'Object Repository/SON/sonBtn' is clicked on

2024-09-03 17:30:45 - [MESSAGE][PASSED] - Switched to window with index: '2'

2024-09-03 17:30:46 - [MESSAGE][PASSED] - Object: 'Object Repository/PM/Huawei-vendor/Technology/Technology-Arrow' is clicked on

2024-09-03 17:30:46 - [MESSAGE][PASSED] - Object: 'Object Repository/PM/Huawei-vendor/Technology/2G' is clicked on

2024-09-03 17:30:46 - [MESSAGE][PASSED] - Object: 'Object Repository/PM/Huawei-vendor/TopX/TopX Object Type' is clicked on

2024-09-03 17:30:47 - [MESSAGE][PASSED] - Delayed 1 second(s)

2024-09-03 17:30:47 - [MESSAGE][PASSED] - Object: 'Object Repository/PM/Huawei-vendor/Object-Type/TopX Object Types/TopX Clusters/TopX Cluster' is clicked on

2024-09-03 17:30:48 - [MESSAGE][PASSED] - Delayed 1 second(s)

2024-09-03 17:30:48 - [MESSAGE][WARNING] - Timeout '0' is invalid. Using default page load timeout: '120'

2024-09-03 17:30:48 - [MESSAGE][PASSED] - Scroll to object 'Object Repository/PM/Huawei-vendor/Object Border' successfully

2024-09-03 17:30:49 - [MESSAGE][PASSED] - Object: 'Object Repository/PM/Huawei-vendor/Object-Type/TopX Object Types/TopX Sites/TopX East Amman Arrow' is clicked on

2024-09-03 17:30:49 - [MESSAGE][PASSED] - Object: 'Object Repository/PM/Huawei-vendor/Object-Type/TopX Object Types/TopX Clusters/TopX East Amman Cluster 3' is clicked on

2024-09-03 17:30:49 - [MESSAGE][PASSED] - Object: 'Object Repository/PM/Huawei-vendor/Object-Type/TopX Object Types/TopX Clusters/TopX East Amman Cluster 13' is clicked on

2024-09-03 17:30:49 - [MESSAGE][PASSED] - Object: 'Object Repository/PM/Huawei-vendor/Object-Type/TopX Object Types/TopX Sites/TopX East Amman CloseArrow' is clicked on

2024-09-03 17:30:49 - [MESSAGE][PASSED] - Object: 'Object Repository/PM/Huawei-vendor/Object-Type/TopX Object Types/TopX Sites/TopX West Amman Arrow' is clicked on

2024-09-03 17:30:49 - [MESSAGE][PASSED] - Object: 'Object Repository/PM/Huawei-vendor/Object-Type/TopX Object Types/TopX Clusters/TopX West Amman Cluster 2' is clicked on

2024-09-03 17:30:49 - [MESSAGE][PASSED] - Object: 'Object Repository/PM/Huawei-vendor/Object-Type/TopX Object Types/TopX Clusters/TopX West Amman Cluster 5' is clicked on

2024-09-03 17:30:50 - [MESSAGE][PASSED] - Object: 'Object Repository/PM/Huawei-vendor/Object-Type/TopX Object Types/TopX Sites/TopX West Amman CloseArrow' is clicked on

2024-09-03 17:30:50 - [MESSAGE][PASSED] - Object: 'Object Repository/PM/Huawei-vendor/Object-Type/TopX Object Types/TopX Sites/TopX North Jordan Arrow' is clicked on

2024-09-03 17:30:50 - [MESSAGE][PASSED] - Object: 'Object Repository/PM/Huawei-vendor/Object-Type/TopX Object Types/TopX Clusters/TopX North Jordan Cluster 4' is clicked on

2024-09-03 17:30:50 - [MESSAGE][PASSED] - Object: 'Object Repository/PM/Huawei-vendor/Object-Type/TopX Object Types/TopX Clusters/TopX North Jordan Cluster 14' is clicked on

2024-09-03 17:30:50 - [MESSAGE][PASSED] - Object: 'Object Repository/PM/Huawei-vendor/Object-Type/TopX Object Types/TopX Sites/TopX North Jordan CloseArrow' is clicked on

2024-09-03 17:30:50 - [MESSAGE][PASSED] - Object: 'Object Repository/PM/Huawei-vendor/Object-Type/TopX Object Types/TopX Sites/TopX South Jordan Arrow' is clicked on

2024-09-03 17:30:50 - [MESSAGE][PASSED] - Object: 'Object Repository/PM/Huawei-vendor/Object-Type/TopX Object Types/TopX Clusters/TopX South Jordan Cluster 7' is clicked on

2024-09-03 17:30:50 - [MESSAGE][PASSED] - Object: 'Object Repository/PM/Huawei-vendor/Object-Type/TopX Object Types/TopX Clusters/TopX South Jordan Cluster 8' is clicked on

2024-09-03 17:30:51 - [MESSAGE][PASSED] - Object: 'Object Repository/PM/Huawei-vendor/Object-Type/TopX Object Types/TopX Sites/TopX South Jordan CloseArrow' is clicked on

2024-09-03 17:30:51 - [MESSAGE][PASSED] - Object: 'Object Repository/PM/Huawei-vendor/Object-Type/TopX Object Types/TopX Sites/TopX South Amman Arrow' is clicked on

2024-09-03 17:30:51 - [MESSAGE][PASSED] - Object: 'Object Repository/PM/Huawei-vendor/Object-Type/TopX Object Types/TopX Clusters/TopX South Amman Cluster 1' is clicked on

2024-09-03 17:30:51 - [MESSAGE][PASSED] - Object: 'Object Repository/PM/Huawei-vendor/Object-Type/TopX Object Types/TopX Clusters/TopX South Amman Cluster 6' is clicked on

2024-09-03 17:30:51 - [MESSAGE][PASSED] - Object: 'Object Repository/PM/Huawei-vendor/Object-Type/TopX Object Types/TopX Sites/TopX South Amman CloseArrow' is clicked on

2024-09-03 17:30:51 - [MESSAGE][PASSED] - Object: 'Object Repository/PM/Huawei-vendor/Object-Type/TopX Object Types/TopX Sites/TopX East Jordan Arrow' is clicked on

2024-09-03 17:30:51 - [MESSAGE][PASSED] - Object: 'Object Repository/PM/Huawei-vendor/Object-Type/TopX Object Types/TopX Clusters/TopX East Jordan Cluster 10' is clicked on

2024-09-03 17:30:51 - [MESSAGE][PASSED] - Object: 'Object Repository/PM/Huawei-vendor/Object-Type/TopX Object Types/TopX Clusters/TopX East Jordan Cluster 11' is clicked on

2024-09-03 17:30:52 - [MESSAGE][PASSED] - Object: 'Object Repository/PM/Huawei-vendor/Object-Type/TopX Object Types/TopX Sites/TopX East Jordan CloseArrow' is clicked on

2024-09-03 17:30:52 - [MESSAGE][PASSED] - Object: 'Object Repository/PM/Huawei-vendor/Object-Type/TopX Object Types/TopX Sites/TopX Others Arrow' is clicked on

2024-09-03 17:30:52 - [MESSAGE][PASSED] - Object: 'Object Repository/PM/Huawei-vendor/Object-Type/TopX Object Types/TopX Clusters/TopX Others Cluster 60' is clicked on

2024-09-03 17:30:52 - [MESSAGE][PASSED] - Object: 'Object Repository/PM/Huawei-vendor/Object-Type/TopX Object Types/TopX Clusters/TopX Others Cluster 61' is clicked on

2024-09-03 17:30:52 - [MESSAGE][PASSED] - Object: 'Object Repository/PM/Huawei-vendor/Object-Type/TopX Object Types/TopX Sites/TopX Others CloseArrow' is clicked on

2024-09-03 17:30:54 - [MESSAGE][PASSED] - Delayed 2 second(s)

2024-09-03 17:30:54 - [MESSAGE][PASSED] - Object: 'Object Repository/SON/SonType/Type-Arrow' is clicked on

2024-09-03 17:30:54 - [MESSAGE][WARNING] - Timeout '0' is invalid. Using default page load timeout: '120'

2024-09-03 17:30:54 - [MESSAGE][PASSED] - Scroll to object 'Object Repository/SON/Exclude Options' successfully

2024-09-03 17:30:54 - [MESSAGE][PASSED] - Object: 'Object Repository/SON/Resolution/Hourly' is clicked on

2024-09-03 17:30:55 - [MESSAGE][PASSED] - Object: 'Object Repository/SON/Resolution/Daily' is clicked on

2024-09-03 17:30:55 - [MESSAGE][PASSED] - Object: 'Object Repository/PM/Huawei-vendor/StartDate/Monthly-Selection' is clicked on

2024-09-03 17:30:55 - [MESSAGE][PASSED] - Object: 'Object Repository/PM/Huawei-vendor/StartDate/Fep-Selection' is clicked on

2024-09-03 17:30:56 - [MESSAGE][PASSED] - Delayed 1 second(s)

2024-09-03 17:30:56 - [MESSAGE][PASSED] - Object: 'Object Repository/PM/Huawei-vendor/StartDate/1-Fep' is clicked on

2024-09-03 17:30:56 - [MESSAGE][PASSED] - Object: 'Object Repository/PM/Huawei-vendor/Apply-Button' is clicked on

2024-09-03 17:31:00 - [MESSAGE][PASSED] - Web element with id: 'Object Repository/SON/Error' located by 'By.xpath: //div[@class='home-logo']' is not present after '200' second(s)

2024-09-03 17:31:00 - [MESSAGE][PASSED] - SON.son is PASSED]]></system-out>
         <system-err><![CDATA[]]></system-err>
      </testcase>
      <testcase name="Test Cases/SON/Huawei/2G/Governorate/Governorate Sleeping Cells Daily" time="38.772" classname="Test Cases/SON/Huawei/2G/Governorate/Governorate Sleeping Cells Daily" status="PASSED">
         <system-out><![CDATA[2024-09-03 17:31:00 - [TEST_CASE][PASSED] - Test Cases/SON/Huawei/2G/Governorate/Governorate Sleeping Cells Daily: Test Cases/SON/Huawei/2G/Governorate/Governorate Sleeping Cells Daily

2024-09-03 17:31:00 - [TEST_STEP][PASSED] - callTestCase(findTestCase("Login"), [:], STOP_ON_FAILURE): Call Test Case 'Test Cases/Login' successfully

2024-09-03 17:31:00 - [TEST_CASE][PASSED] - Test Cases/Login: Test Cases/Login

2024-09-03 17:31:00 - [TEST_STEP][PASSED] - driver = general.start(SwagerURL, NetCellURL): general.start is PASSED

2024-09-03 17:31:00 - [MESSAGE][INFO] - >>> chromeDriverPath=C:\Users\FatimaIbeid\.katalon\packages\Katalon_Studio_Windows_64-8.6.9\Katalon_Studio_Windows_64-8.6.9\configuration\resources\drivers\chromedriver_win32\chromedriver.exe

2024-09-03 17:31:01 - [MESSAGE][PASSED] - Current window maximized

2024-09-03 17:31:02 - [MESSAGE][PASSED] - Execute JavaScript 'window.open();' successfully

2024-09-03 17:31:02 - [MESSAGE][PASSED] - Switched to window with index: '1'

2024-09-03 17:31:13 - [MESSAGE][PASSED] - general.start is PASSED

2024-09-03 17:31:13 - [TEST_STEP][PASSED] - click(findTestObject("Object Repository/Login/LoginButton")): Object: 'Object Repository/Login/LoginButton' is clicked on

2024-09-03 17:31:14 - [MESSAGE][PASSED] - Object: 'Object Repository/Login/LoginButton' is clicked on

2024-09-03 17:31:14 - [TEST_STEP][PASSED] - switchToWindowIndex(2): Switched to window with index: '2'

2024-09-03 17:31:14 - [MESSAGE][PASSED] - Switched to window with index: '2'

2024-09-03 17:31:14 - [TEST_STEP][PASSED] - delay(1): Delayed 1 second(s)

2024-09-03 17:31:15 - [MESSAGE][PASSED] - Delayed 1 second(s)

2024-09-03 17:31:15 - [TEST_STEP][PASSED] - sendKeys(findTestObject("Object Repository/Login/EnterEmail"), "homam@zztjg.onmicrosoft.com"): Keys 'homam@zztjg.onmicrosoft.com' sent to object: 'Object Repository/Login/EnterEmail'

2024-09-03 17:31:16 - [MESSAGE][PASSED] - Keys 'homam@zztjg.onmicrosoft.com' sent to object: 'Object Repository/Login/EnterEmail'

2024-09-03 17:31:16 - [TEST_STEP][PASSED] - delay(1): Delayed 1 second(s)

2024-09-03 17:31:17 - [MESSAGE][PASSED] - Delayed 1 second(s)

2024-09-03 17:31:17 - [TEST_STEP][PASSED] - click(findTestObject("Object Repository/Login/NextButton")): Object: 'Object Repository/Login/NextButton' is clicked on

2024-09-03 17:31:17 - [MESSAGE][PASSED] - Object: 'Object Repository/Login/NextButton' is clicked on

2024-09-03 17:31:17 - [TEST_STEP][PASSED] - delay(2): Delayed 2 second(s)

2024-09-03 17:31:19 - [MESSAGE][PASSED] - Delayed 2 second(s)

2024-09-03 17:31:19 - [TEST_STEP][PASSED] - sendKeys(findTestObject("Object Repository/Login/EnterPassword"), "Holder12345"): Keys 'Holder12345' sent to object: 'Object Repository/Login/EnterPassword'

2024-09-03 17:31:19 - [MESSAGE][PASSED] - Keys 'Holder12345' sent to object: 'Object Repository/Login/EnterPassword'

2024-09-03 17:31:19 - [TEST_STEP][PASSED] - delay(1): Delayed 1 second(s)

2024-09-03 17:31:20 - [MESSAGE][PASSED] - Delayed 1 second(s)

2024-09-03 17:31:20 - [TEST_STEP][PASSED] - click(findTestObject("Object Repository/Login/SigninButton")): Object: 'Object Repository/Login/SigninButton' is clicked on

2024-09-03 17:31:21 - [MESSAGE][PASSED] - Object: 'Object Repository/Login/SigninButton' is clicked on

2024-09-03 17:31:21 - [TEST_STEP][PASSED] - delay(1): Delayed 1 second(s)

2024-09-03 17:31:22 - [MESSAGE][PASSED] - Delayed 1 second(s)

2024-09-03 17:31:22 - [TEST_STEP][PASSED] - click(findTestObject("Object Repository/Login/YesStayInButton")): Object: 'Object Repository/Login/YesStayInButton' is clicked on

2024-09-03 17:31:22 - [MESSAGE][PASSED] - Object: 'Object Repository/Login/YesStayInButton' is clicked on

2024-09-03 17:31:22 - [MESSAGE][PASSED] - Call Test Case 'Test Cases/Login' successfully

2024-09-03 17:31:22 - [TEST_STEP][PASSED] - switchToWindowIndex(1): Switched to window with index: '1'

2024-09-03 17:31:22 - [MESSAGE][PASSED] - Switched to window with index: '1'

2024-09-03 17:31:22 - [TEST_STEP][PASSED] - SON.son("huawei", "2G", "Governorate", "Sleeping Cells", "Daily", ""): SON.son is PASSED

2024-09-03 17:31:24 - [MESSAGE][PASSED] - Object: 'Object Repository/SON/sonBtn' is clicked on

2024-09-03 17:31:24 - [MESSAGE][PASSED] - Switched to window with index: '2'

2024-09-03 17:31:25 - [MESSAGE][PASSED] - Object: 'Object Repository/PM/Huawei-vendor/Technology/Technology-Arrow' is clicked on

2024-09-03 17:31:25 - [MESSAGE][PASSED] - Object: 'Object Repository/PM/Huawei-vendor/Technology/2G' is clicked on

2024-09-03 17:31:25 - [MESSAGE][PASSED] - Object: 'Object Repository/PM/Huawei-vendor/TopX/TopX Object Type' is clicked on

2024-09-03 17:31:26 - [MESSAGE][PASSED] - Delayed 1 second(s)

2024-09-03 17:31:26 - [MESSAGE][PASSED] - Object: 'Object Repository/PM/Huawei-vendor/Object-Type/TopX Object Types/TopX Governorates/TopX Governorate' is clicked on

2024-09-03 17:31:27 - [MESSAGE][PASSED] - Delayed 1 second(s)

2024-09-03 17:31:27 - [MESSAGE][WARNING] - Timeout '0' is invalid. Using default page load timeout: '120'

2024-09-03 17:31:27 - [MESSAGE][PASSED] - Scroll to object 'Object Repository/PM/Huawei-vendor/Object Border' successfully

2024-09-03 17:31:27 - [MESSAGE][PASSED] - Object: 'Object Repository/PM/Huawei-vendor/Object-Type/TopX Object Types/TopX Governorates/TopX Amman' is clicked on

2024-09-03 17:31:27 - [MESSAGE][PASSED] - Object: 'Object Repository/PM/Huawei-vendor/Object-Type/TopX Object Types/TopX Governorates/TopX Irbid' is clicked on

2024-09-03 17:31:27 - [MESSAGE][PASSED] - Object: 'Object Repository/PM/Huawei-vendor/Object-Type/TopX Object Types/TopX Governorates/TopX Aqaba' is clicked on

2024-09-03 17:31:28 - [MESSAGE][PASSED] - Object: 'Object Repository/PM/Huawei-vendor/Object-Type/TopX Object Types/TopX Governorates/TopX Jerash' is clicked on

2024-09-03 17:31:28 - [MESSAGE][PASSED] - Object: 'Object Repository/PM/Huawei-vendor/Object-Type/TopX Object Types/TopX Governorates/TopX Mafraq' is clicked on

2024-09-03 17:31:28 - [MESSAGE][PASSED] - Object: 'Object Repository/PM/Huawei-vendor/Object-Type/TopX Object Types/TopX Governorates/TopX Zarqa' is clicked on

2024-09-03 17:31:30 - [MESSAGE][PASSED] - Delayed 2 second(s)

2024-09-03 17:31:30 - [MESSAGE][PASSED] - Object: 'Object Repository/SON/SonType/Type-Arrow' is clicked on

2024-09-03 17:31:30 - [MESSAGE][WARNING] - Timeout '0' is invalid. Using default page load timeout: '120'

2024-09-03 17:31:30 - [MESSAGE][PASSED] - Scroll to object 'Object Repository/SON/Exclude Options' successfully

2024-09-03 17:31:30 - [MESSAGE][PASSED] - Object: 'Object Repository/SON/Resolution/Hourly' is clicked on

2024-09-03 17:31:31 - [MESSAGE][PASSED] - Object: 'Object Repository/SON/Resolution/Daily' is clicked on

2024-09-03 17:31:31 - [MESSAGE][PASSED] - Object: 'Object Repository/PM/Huawei-vendor/StartDate/Monthly-Selection' is clicked on

2024-09-03 17:31:31 - [MESSAGE][PASSED] - Object: 'Object Repository/PM/Huawei-vendor/StartDate/Fep-Selection' is clicked on

2024-09-03 17:31:32 - [MESSAGE][PASSED] - Delayed 1 second(s)

2024-09-03 17:31:32 - [MESSAGE][PASSED] - Object: 'Object Repository/PM/Huawei-vendor/StartDate/1-Fep' is clicked on

2024-09-03 17:31:32 - [MESSAGE][PASSED] - Object: 'Object Repository/PM/Huawei-vendor/Apply-Button' is clicked on

2024-09-03 17:31:38 - [MESSAGE][PASSED] - Web element with id: 'Object Repository/SON/Error' located by 'By.xpath: //div[@class='home-logo']' is not present after '200' second(s)

2024-09-03 17:31:38 - [MESSAGE][PASSED] - SON.son is PASSED]]></system-out>
         <system-err><![CDATA[]]></system-err>
      </testcase>
      <testcase name="Test Cases/SON/Huawei/2G/PLMN/PLMN Sleeping Cells Weekly" time="37.844" classname="Test Cases/SON/Huawei/2G/PLMN/PLMN Sleeping Cells Weekly" status="PASSED">
         <system-out><![CDATA[2024-09-03 17:31:38 - [TEST_CASE][PASSED] - Test Cases/SON/Huawei/2G/PLMN/PLMN Sleeping Cells Weekly: Test Cases/SON/Huawei/2G/PLMN/PLMN Sleeping Cells Weekly

2024-09-03 17:31:39 - [TEST_STEP][PASSED] - callTestCase(findTestCase("Login"), [:], STOP_ON_FAILURE): Call Test Case 'Test Cases/Login' successfully

2024-09-03 17:31:39 - [TEST_CASE][PASSED] - Test Cases/Login: Test Cases/Login

2024-09-03 17:31:39 - [TEST_STEP][PASSED] - driver = general.start(SwagerURL, NetCellURL): general.start is PASSED

2024-09-03 17:31:39 - [MESSAGE][INFO] - >>> chromeDriverPath=C:\Users\FatimaIbeid\.katalon\packages\Katalon_Studio_Windows_64-8.6.9\Katalon_Studio_Windows_64-8.6.9\configuration\resources\drivers\chromedriver_win32\chromedriver.exe

2024-09-03 17:31:40 - [MESSAGE][PASSED] - Current window maximized

2024-09-03 17:31:42 - [MESSAGE][PASSED] - Execute JavaScript 'window.open();' successfully

2024-09-03 17:31:42 - [MESSAGE][PASSED] - Switched to window with index: '1'

2024-09-03 17:31:54 - [MESSAGE][PASSED] - general.start is PASSED

2024-09-03 17:31:54 - [TEST_STEP][PASSED] - click(findTestObject("Object Repository/Login/LoginButton")): Object: 'Object Repository/Login/LoginButton' is clicked on

2024-09-03 17:31:54 - [MESSAGE][PASSED] - Object: 'Object Repository/Login/LoginButton' is clicked on

2024-09-03 17:31:54 - [TEST_STEP][PASSED] - switchToWindowIndex(2): Switched to window with index: '2'

2024-09-03 17:31:54 - [MESSAGE][PASSED] - Switched to window with index: '2'

2024-09-03 17:31:54 - [TEST_STEP][PASSED] - delay(1): Delayed 1 second(s)

2024-09-03 17:31:55 - [MESSAGE][PASSED] - Delayed 1 second(s)

2024-09-03 17:31:55 - [TEST_STEP][PASSED] - sendKeys(findTestObject("Object Repository/Login/EnterEmail"), "homam@zztjg.onmicrosoft.com"): Keys 'homam@zztjg.onmicrosoft.com' sent to object: 'Object Repository/Login/EnterEmail'

2024-09-03 17:31:56 - [MESSAGE][PASSED] - Keys 'homam@zztjg.onmicrosoft.com' sent to object: 'Object Repository/Login/EnterEmail'

2024-09-03 17:31:56 - [TEST_STEP][PASSED] - delay(1): Delayed 1 second(s)

2024-09-03 17:31:57 - [MESSAGE][PASSED] - Delayed 1 second(s)

2024-09-03 17:31:57 - [TEST_STEP][PASSED] - click(findTestObject("Object Repository/Login/NextButton")): Object: 'Object Repository/Login/NextButton' is clicked on

2024-09-03 17:31:57 - [MESSAGE][PASSED] - Object: 'Object Repository/Login/NextButton' is clicked on

2024-09-03 17:31:57 - [TEST_STEP][PASSED] - delay(2): Delayed 2 second(s)

2024-09-03 17:31:59 - [MESSAGE][PASSED] - Delayed 2 second(s)

2024-09-03 17:31:59 - [TEST_STEP][PASSED] - sendKeys(findTestObject("Object Repository/Login/EnterPassword"), "Holder12345"): Keys 'Holder12345' sent to object: 'Object Repository/Login/EnterPassword'

2024-09-03 17:31:59 - [MESSAGE][PASSED] - Keys 'Holder12345' sent to object: 'Object Repository/Login/EnterPassword'

2024-09-03 17:31:59 - [TEST_STEP][PASSED] - delay(1): Delayed 1 second(s)

2024-09-03 17:32:00 - [MESSAGE][PASSED] - Delayed 1 second(s)

2024-09-03 17:32:00 - [TEST_STEP][PASSED] - click(findTestObject("Object Repository/Login/SigninButton")): Object: 'Object Repository/Login/SigninButton' is clicked on

2024-09-03 17:32:02 - [MESSAGE][PASSED] - Object: 'Object Repository/Login/SigninButton' is clicked on

2024-09-03 17:32:02 - [TEST_STEP][PASSED] - delay(1): Delayed 1 second(s)

2024-09-03 17:32:03 - [MESSAGE][PASSED] - Delayed 1 second(s)

2024-09-03 17:32:03 - [TEST_STEP][PASSED] - click(findTestObject("Object Repository/Login/YesStayInButton")): Object: 'Object Repository/Login/YesStayInButton' is clicked on

2024-09-03 17:32:03 - [MESSAGE][PASSED] - Object: 'Object Repository/Login/YesStayInButton' is clicked on

2024-09-03 17:32:03 - [MESSAGE][PASSED] - Call Test Case 'Test Cases/Login' successfully

2024-09-03 17:32:03 - [TEST_STEP][PASSED] - switchToWindowIndex(1): Switched to window with index: '1'

2024-09-03 17:32:03 - [MESSAGE][PASSED] - Switched to window with index: '1'

2024-09-03 17:32:03 - [TEST_STEP][PASSED] - SON.son("huawei", "2G", "PLMN", "Sleeping Cells", "Weekly", ""): SON.son is PASSED

2024-09-03 17:32:05 - [MESSAGE][PASSED] - Object: 'Object Repository/SON/sonBtn' is clicked on

2024-09-03 17:32:05 - [MESSAGE][PASSED] - Switched to window with index: '2'

2024-09-03 17:32:06 - [MESSAGE][PASSED] - Object: 'Object Repository/PM/Huawei-vendor/Technology/Technology-Arrow' is clicked on

2024-09-03 17:32:06 - [MESSAGE][PASSED] - Object: 'Object Repository/PM/Huawei-vendor/Technology/2G' is clicked on

2024-09-03 17:32:06 - [MESSAGE][PASSED] - Object: 'Object Repository/PM/Huawei-vendor/TopX/TopX Object Type' is clicked on

2024-09-03 17:32:07 - [MESSAGE][PASSED] - Delayed 1 second(s)

2024-09-03 17:32:07 - [MESSAGE][PASSED] - Object: 'Object Repository/PM/Huawei-vendor/Object-Type/TopX Object Types/TopX PLMNs/TopX PLMN' is clicked on

2024-09-03 17:32:08 - [MESSAGE][PASSED] - Delayed 1 second(s)

2024-09-03 17:32:08 - [MESSAGE][PASSED] - Object: 'Object Repository/PM/Huawei-vendor/Object-Type/TopX Object Types/TopX PLMNs/TopX PLMN checkbox' is clicked on

2024-09-03 17:32:10 - [MESSAGE][PASSED] - Delayed 2 second(s)

2024-09-03 17:32:11 - [MESSAGE][PASSED] - Object: 'Object Repository/SON/SonType/Type-Arrow' is clicked on

2024-09-03 17:32:11 - [MESSAGE][WARNING] - Timeout '0' is invalid. Using default page load timeout: '120'

2024-09-03 17:32:11 - [MESSAGE][PASSED] - Scroll to object 'Object Repository/SON/Exclude Options' successfully

2024-09-03 17:32:11 - [MESSAGE][PASSED] - Object: 'Object Repository/SON/Resolution/Hourly' is clicked on

2024-09-03 17:32:11 - [MESSAGE][PASSED] - Object: 'Object Repository/SON/Resolution/Weekly' is clicked on

2024-09-03 17:32:11 - [MESSAGE][PASSED] - Object: 'Object Repository/PM/Huawei-vendor/StartDate/Monthly-Selection' is clicked on

2024-09-03 17:32:12 - [MESSAGE][PASSED] - Object: 'Object Repository/PM/Huawei-vendor/StartDate/Fep-Selection' is clicked on

2024-09-03 17:32:13 - [MESSAGE][PASSED] - Delayed 1 second(s)

2024-09-03 17:32:13 - [MESSAGE][PASSED] - Object: 'Object Repository/PM/Huawei-vendor/StartDate/1-Fep' is clicked on

2024-09-03 17:32:13 - [MESSAGE][PASSED] - Object: 'Object Repository/PM/Huawei-vendor/Apply-Button' is clicked on

2024-09-03 17:32:16 - [MESSAGE][PASSED] - Web element with id: 'Object Repository/SON/Error' located by 'By.xpath: //div[@class='home-logo']' is not present after '200' second(s)

2024-09-03 17:32:16 - [MESSAGE][PASSED] - SON.son is PASSED]]></system-out>
         <system-err><![CDATA[]]></system-err>
      </testcase>
      <testcase name="Test Cases/SON/Huawei/2G/Region/Region Sleeping Cells Weekly" time="48.164" classname="Test Cases/SON/Huawei/2G/Region/Region Sleeping Cells Weekly" status="PASSED">
         <system-out><![CDATA[2024-09-03 17:32:16 - [TEST_CASE][PASSED] - Test Cases/SON/Huawei/2G/Region/Region Sleeping Cells Weekly: Test Cases/SON/Huawei/2G/Region/Region Sleeping Cells Weekly

2024-09-03 17:32:17 - [TEST_STEP][PASSED] - callTestCase(findTestCase("Login"), [:], STOP_ON_FAILURE): Call Test Case 'Test Cases/Login' successfully

2024-09-03 17:32:17 - [TEST_CASE][PASSED] - Test Cases/Login: Test Cases/Login

2024-09-03 17:32:17 - [TEST_STEP][PASSED] - driver = general.start(SwagerURL, NetCellURL): general.start is PASSED

2024-09-03 17:32:17 - [MESSAGE][INFO] - >>> chromeDriverPath=C:\Users\FatimaIbeid\.katalon\packages\Katalon_Studio_Windows_64-8.6.9\Katalon_Studio_Windows_64-8.6.9\configuration\resources\drivers\chromedriver_win32\chromedriver.exe

2024-09-03 17:32:18 - [MESSAGE][PASSED] - Current window maximized

2024-09-03 17:32:18 - [MESSAGE][PASSED] - Execute JavaScript 'window.open();' successfully

2024-09-03 17:32:18 - [MESSAGE][PASSED] - Switched to window with index: '1'

2024-09-03 17:32:30 - [MESSAGE][PASSED] - general.start is PASSED

2024-09-03 17:32:30 - [TEST_STEP][PASSED] - click(findTestObject("Object Repository/Login/LoginButton")): Object: 'Object Repository/Login/LoginButton' is clicked on

2024-09-03 17:32:30 - [MESSAGE][PASSED] - Object: 'Object Repository/Login/LoginButton' is clicked on

2024-09-03 17:32:30 - [TEST_STEP][PASSED] - switchToWindowIndex(2): Switched to window with index: '2'

2024-09-03 17:32:30 - [MESSAGE][PASSED] - Switched to window with index: '2'

2024-09-03 17:32:30 - [TEST_STEP][PASSED] - delay(1): Delayed 1 second(s)

2024-09-03 17:32:31 - [MESSAGE][PASSED] - Delayed 1 second(s)

2024-09-03 17:32:31 - [TEST_STEP][PASSED] - sendKeys(findTestObject("Object Repository/Login/EnterEmail"), "homam@zztjg.onmicrosoft.com"): Keys 'homam@zztjg.onmicrosoft.com' sent to object: 'Object Repository/Login/EnterEmail'

2024-09-03 17:32:32 - [MESSAGE][PASSED] - Keys 'homam@zztjg.onmicrosoft.com' sent to object: 'Object Repository/Login/EnterEmail'

2024-09-03 17:32:32 - [TEST_STEP][PASSED] - delay(1): Delayed 1 second(s)

2024-09-03 17:32:33 - [MESSAGE][PASSED] - Delayed 1 second(s)

2024-09-03 17:32:33 - [TEST_STEP][PASSED] - click(findTestObject("Object Repository/Login/NextButton")): Object: 'Object Repository/Login/NextButton' is clicked on

2024-09-03 17:32:33 - [MESSAGE][PASSED] - Object: 'Object Repository/Login/NextButton' is clicked on

2024-09-03 17:32:33 - [TEST_STEP][PASSED] - delay(2): Delayed 2 second(s)

2024-09-03 17:32:35 - [MESSAGE][PASSED] - Delayed 2 second(s)

2024-09-03 17:32:35 - [TEST_STEP][PASSED] - sendKeys(findTestObject("Object Repository/Login/EnterPassword"), "Holder12345"): Keys 'Holder12345' sent to object: 'Object Repository/Login/EnterPassword'

2024-09-03 17:32:35 - [MESSAGE][PASSED] - Keys 'Holder12345' sent to object: 'Object Repository/Login/EnterPassword'

2024-09-03 17:32:35 - [TEST_STEP][PASSED] - delay(1): Delayed 1 second(s)

2024-09-03 17:32:36 - [MESSAGE][PASSED] - Delayed 1 second(s)

2024-09-03 17:32:36 - [TEST_STEP][PASSED] - click(findTestObject("Object Repository/Login/SigninButton")): Object: 'Object Repository/Login/SigninButton' is clicked on

2024-09-03 17:32:37 - [MESSAGE][PASSED] - Object: 'Object Repository/Login/SigninButton' is clicked on

2024-09-03 17:32:37 - [TEST_STEP][PASSED] - delay(1): Delayed 1 second(s)

2024-09-03 17:32:38 - [MESSAGE][PASSED] - Delayed 1 second(s)

2024-09-03 17:32:38 - [TEST_STEP][PASSED] - click(findTestObject("Object Repository/Login/YesStayInButton")): Object: 'Object Repository/Login/YesStayInButton' is clicked on

2024-09-03 17:32:39 - [MESSAGE][PASSED] - Object: 'Object Repository/Login/YesStayInButton' is clicked on

2024-09-03 17:32:39 - [MESSAGE][PASSED] - Call Test Case 'Test Cases/Login' successfully

2024-09-03 17:32:39 - [TEST_STEP][PASSED] - switchToWindowIndex(1): Switched to window with index: '1'

2024-09-03 17:32:39 - [MESSAGE][PASSED] - Switched to window with index: '1'

2024-09-03 17:32:39 - [TEST_STEP][PASSED] - SON.son("huawei", "2G", "Region", "Sleeping Cells", "Weekly", ""): SON.son is PASSED

2024-09-03 17:32:42 - [MESSAGE][PASSED] - Object: 'Object Repository/SON/sonBtn' is clicked on

2024-09-03 17:32:42 - [MESSAGE][PASSED] - Switched to window with index: '2'

2024-09-03 17:32:54 - [MESSAGE][PASSED] - Object: 'Object Repository/PM/Huawei-vendor/Technology/Technology-Arrow' is clicked on

2024-09-03 17:32:54 - [MESSAGE][PASSED] - Object: 'Object Repository/PM/Huawei-vendor/Technology/2G' is clicked on

2024-09-03 17:32:54 - [MESSAGE][PASSED] - Object: 'Object Repository/PM/Huawei-vendor/TopX/TopX Object Type' is clicked on

2024-09-03 17:32:55 - [MESSAGE][PASSED] - Delayed 1 second(s)

2024-09-03 17:32:55 - [MESSAGE][PASSED] - Object: 'Object Repository/PM/Huawei-vendor/Object-Type/TopX Object Types/TopX Regions/TopX Region' is clicked on

2024-09-03 17:32:56 - [MESSAGE][PASSED] - Delayed 1 second(s)

2024-09-03 17:32:56 - [MESSAGE][WARNING] - Timeout '0' is invalid. Using default page load timeout: '120'

2024-09-03 17:32:56 - [MESSAGE][PASSED] - Scroll to object 'Object Repository/PM/Huawei-vendor/Object Border' successfully

2024-09-03 17:32:56 - [MESSAGE][PASSED] - Object: 'Object Repository/PM/Huawei-vendor/Object-Type/TopX Object Types/TopX Regions/TopX Region East Amman' is clicked on

2024-09-03 17:32:57 - [MESSAGE][PASSED] - Object: 'Object Repository/PM/Huawei-vendor/Object-Type/TopX Object Types/TopX Regions/TopX Region West Amman' is clicked on

2024-09-03 17:32:57 - [MESSAGE][PASSED] - Object: 'Object Repository/PM/Huawei-vendor/Object-Type/TopX Object Types/TopX Regions/TopX Region South Amman' is clicked on

2024-09-03 17:32:57 - [MESSAGE][PASSED] - Object: 'Object Repository/PM/Huawei-vendor/Object-Type/TopX Object Types/TopX Regions/TopX Region South Jordan' is clicked on

2024-09-03 17:32:57 - [MESSAGE][PASSED] - Object: 'Object Repository/PM/Huawei-vendor/Object-Type/TopX Object Types/TopX Regions/TopX Region North Jordan' is clicked on

2024-09-03 17:32:57 - [MESSAGE][PASSED] - Object: 'Object Repository/PM/Huawei-vendor/Object-Type/TopX Object Types/TopX Regions/TopX Region East Jordan' is clicked on

2024-09-03 17:32:57 - [MESSAGE][PASSED] - Object: 'Object Repository/PM/Huawei-vendor/Object-Type/TopX Object Types/TopX Regions/TopX Region Others' is clicked on

2024-09-03 17:32:59 - [MESSAGE][PASSED] - Delayed 2 second(s)

2024-09-03 17:32:59 - [MESSAGE][PASSED] - Object: 'Object Repository/SON/SonType/Type-Arrow' is clicked on

2024-09-03 17:33:00 - [MESSAGE][WARNING] - Timeout '0' is invalid. Using default page load timeout: '120'

2024-09-03 17:33:00 - [MESSAGE][PASSED] - Scroll to object 'Object Repository/SON/Exclude Options' successfully

2024-09-03 17:33:00 - [MESSAGE][PASSED] - Object: 'Object Repository/SON/Resolution/Hourly' is clicked on

2024-09-03 17:33:00 - [MESSAGE][PASSED] - Object: 'Object Repository/SON/Resolution/Weekly' is clicked on

2024-09-03 17:33:00 - [MESSAGE][PASSED] - Object: 'Object Repository/PM/Huawei-vendor/StartDate/Monthly-Selection' is clicked on

2024-09-03 17:33:00 - [MESSAGE][PASSED] - Object: 'Object Repository/PM/Huawei-vendor/StartDate/Fep-Selection' is clicked on

2024-09-03 17:33:01 - [MESSAGE][PASSED] - Delayed 1 second(s)

2024-09-03 17:33:02 - [MESSAGE][PASSED] - Object: 'Object Repository/PM/Huawei-vendor/StartDate/1-Fep' is clicked on

2024-09-03 17:33:02 - [MESSAGE][PASSED] - Object: 'Object Repository/PM/Huawei-vendor/Apply-Button' is clicked on

2024-09-03 17:33:04 - [MESSAGE][PASSED] - Web element with id: 'Object Repository/SON/Error' located by 'By.xpath: //div[@class='home-logo']' is not present after '200' second(s)

2024-09-03 17:33:04 - [MESSAGE][PASSED] - SON.son is PASSED]]></system-out>
         <system-err><![CDATA[]]></system-err>
      </testcase>
      <testcase name="Test Cases/SON/Huawei/2G/Site/Site Sleeping Cells Weekly" time="157.874" classname="Test Cases/SON/Huawei/2G/Site/Site Sleeping Cells Weekly" status="FAILED">
         <failure type="FAILED" message="Test Cases/SON/Huawei/2G/Site/Site Sleeping Cells Weekly FAILED.
Reason:
com.kms.katalon.core.exception.StepFailedException: Unable to click on object 'Object Repository/SON/ObjectType/East Amman site1'
	at com.kms.katalon.core.webui.keyword.internal.WebUIKeywordMain.stepFailed(WebUIKeywordMain.groovy:64)
	at com.kms.katalon.core.webui.keyword.internal.WebUIKeywordMain.runKeyword(WebUIKeywordMain.groovy:26)
	at com.kms.katalon.core.webui.keyword.builtin.ClickKeyword.click(ClickKeyword.groovy:74)
	at com.kms.katalon.core.webui.keyword.builtin.ClickKeyword.execute(ClickKeyword.groovy:40)
	at com.kms.katalon.core.keyword.internal.KeywordExecutor.executeKeywordForPlatform(KeywordExecutor.groovy:74)
	at com.kms.katalon.core.webui.keyword.WebUiBuiltInKeywords.click(WebUiBuiltInKeywords.groovy:620)
	at com.kms.katalon.core.webui.keyword.WebUiBuiltInKeywords$click$2.call(Unknown Source)
	at SON.selectObjectType(SON.groovy:146)
	at SON.son(SON.groovy:73)
	at SON.invokeMethod(SON.groovy)
	at com.kms.katalon.core.main.CustomKeywordDelegatingMetaClass.invokeStaticMethod(CustomKeywordDelegatingMetaClass.java:55)
	at Site Sleeping Cells Weekly.run(Site Sleeping Cells Weekly:25)
	at com.kms.katalon.core.main.ScriptEngine.run(ScriptEngine.java:194)
	at com.kms.katalon.core.main.ScriptEngine.runScriptAsRawText(ScriptEngine.java:119)
	at com.kms.katalon.core.main.TestCaseExecutor.runScript(TestCaseExecutor.java:448)
	at com.kms.katalon.core.main.TestCaseExecutor.doExecute(TestCaseExecutor.java:439)
	at com.kms.katalon.core.main.TestCaseExecutor.processExecutionPhase(TestCaseExecutor.java:418)
	at com.kms.katalon.core.main.TestCaseExecutor.accessMainPhase(TestCaseExecutor.java:410)
	at com.kms.katalon.core.main.TestCaseExecutor.execute(TestCaseExecutor.java:285)
	at com.kms.katalon.core.common.CommonExecutor.accessTestCaseMainPhase(CommonExecutor.java:65)
	at com.kms.katalon.core.main.TestSuiteExecutor.accessTestSuiteMainPhase(TestSuiteExecutor.java:148)
	at com.kms.katalon.core.main.TestSuiteExecutor.execute(TestSuiteExecutor.java:106)
	at com.kms.katalon.core.main.TestCaseMain.startTestSuite(TestCaseMain.java:187)
	at com.kms.katalon.core.main.TestCaseMain$startTestSuite$0.call(Unknown Source)
	at TempTestSuite1725371051772.run(TempTestSuite1725371051772.groovy:35)
Caused by: com.kms.katalon.core.webui.exception.WebElementNotFoundException: Web element with id: 'Object Repository/SON/ObjectType/East Amman site1' located by '//span[contains(text(),'301-ULT_King_Hussein_St_PD_Fiber_Manage')]' not found
	at com.kms.katalon.core.webui.common.WebUiCommonHelper.findWebElement(WebUiCommonHelper.java:1381)
	at com.kms.katalon.core.webui.keyword.internal.WebUIAbstractKeyword.findWebElement(WebUIAbstractKeyword.groovy:27)
	at com.kms.katalon.core.webui.keyword.builtin.ClickKeyword$_click_closure1.doCall(ClickKeyword.groovy:65)
	at com.kms.katalon.core.webui.keyword.builtin.ClickKeyword$_click_closure1.call(ClickKeyword.groovy)
	at com.kms.katalon.core.webui.keyword.internal.WebUIKeywordMain.runKeyword(WebUIKeywordMain.groovy:20)
	... 23 more
"/>
         <system-out><![CDATA[2024-09-03 17:33:04 - [TEST_CASE][FAILED] - Test Cases/SON/Huawei/2G/Site/Site Sleeping Cells Weekly: Test Cases/SON/Huawei/2G/Site/Site Sleeping Cells Weekly FAILED.
Reason:
com.kms.katalon.core.exception.StepFailedException: Unable to click on object 'Object Repository/SON/ObjectType/East Amman site1'
	at com.kms.katalon.core.webui.keyword.internal.WebUIKeywordMain.stepFailed(WebUIKeywordMain.groovy:64)
	at com.kms.katalon.core.webui.keyword.internal.WebUIKeywordMain.runKeyword(WebUIKeywordMain.groovy:26)
	at com.kms.katalon.core.webui.keyword.builtin.ClickKeyword.click(ClickKeyword.groovy:74)
	at com.kms.katalon.core.webui.keyword.builtin.ClickKeyword.execute(ClickKeyword.groovy:40)
	at com.kms.katalon.core.keyword.internal.KeywordExecutor.executeKeywordForPlatform(KeywordExecutor.groovy:74)
	at com.kms.katalon.core.webui.keyword.WebUiBuiltInKeywords.click(WebUiBuiltInKeywords.groovy:620)
	at com.kms.katalon.core.webui.keyword.WebUiBuiltInKeywords$click$2.call(Unknown Source)
	at SON.selectObjectType(SON.groovy:146)
	at SON.son(SON.groovy:73)
	at SON.invokeMethod(SON.groovy)
	at com.kms.katalon.core.main.CustomKeywordDelegatingMetaClass.invokeStaticMethod(CustomKeywordDelegatingMetaClass.java:55)
	at Site Sleeping Cells Weekly.run(Site Sleeping Cells Weekly:25)
	at com.kms.katalon.core.main.ScriptEngine.run(ScriptEngine.java:194)
	at com.kms.katalon.core.main.ScriptEngine.runScriptAsRawText(ScriptEngine.java:119)
	at com.kms.katalon.core.main.TestCaseExecutor.runScript(TestCaseExecutor.java:448)
	at com.kms.katalon.core.main.TestCaseExecutor.doExecute(TestCaseExecutor.java:439)
	at com.kms.katalon.core.main.TestCaseExecutor.processExecutionPhase(TestCaseExecutor.java:418)
	at com.kms.katalon.core.main.TestCaseExecutor.accessMainPhase(TestCaseExecutor.java:410)
	at com.kms.katalon.core.main.TestCaseExecutor.execute(TestCaseExecutor.java:285)
	at com.kms.katalon.core.common.CommonExecutor.accessTestCaseMainPhase(CommonExecutor.java:65)
	at com.kms.katalon.core.main.TestSuiteExecutor.accessTestSuiteMainPhase(TestSuiteExecutor.java:148)
	at com.kms.katalon.core.main.TestSuiteExecutor.execute(TestSuiteExecutor.java:106)
	at com.kms.katalon.core.main.TestCaseMain.startTestSuite(TestCaseMain.java:187)
	at com.kms.katalon.core.main.TestCaseMain$startTestSuite$0.call(Unknown Source)
	at TempTestSuite1725371051772.run(TempTestSuite1725371051772.groovy:35)
Caused by: com.kms.katalon.core.webui.exception.WebElementNotFoundException: Web element with id: 'Object Repository/SON/ObjectType/East Amman site1' located by '//span[contains(text(),'301-ULT_King_Hussein_St_PD_Fiber_Manage')]' not found
	at com.kms.katalon.core.webui.common.WebUiCommonHelper.findWebElement(WebUiCommonHelper.java:1381)
	at com.kms.katalon.core.webui.keyword.internal.WebUIAbstractKeyword.findWebElement(WebUIAbstractKeyword.groovy:27)
	at com.kms.katalon.core.webui.keyword.builtin.ClickKeyword$_click_closure1.doCall(ClickKeyword.groovy:65)
	at com.kms.katalon.core.webui.keyword.builtin.ClickKeyword$_click_closure1.call(ClickKeyword.groovy)
	at com.kms.katalon.core.webui.keyword.internal.WebUIKeywordMain.runKeyword(WebUIKeywordMain.groovy:20)
	... 23 more


2024-09-03 17:33:05 - [TEST_STEP][PASSED] - callTestCase(findTestCase("Login"), [:], STOP_ON_FAILURE): Call Test Case 'Test Cases/Login' successfully

2024-09-03 17:33:05 - [TEST_CASE][PASSED] - Test Cases/Login: Test Cases/Login

2024-09-03 17:33:05 - [TEST_STEP][PASSED] - driver = general.start(SwagerURL, NetCellURL): general.start is PASSED

2024-09-03 17:33:05 - [MESSAGE][INFO] - >>> chromeDriverPath=C:\Users\FatimaIbeid\.katalon\packages\Katalon_Studio_Windows_64-8.6.9\Katalon_Studio_Windows_64-8.6.9\configuration\resources\drivers\chromedriver_win32\chromedriver.exe

2024-09-03 17:33:06 - [MESSAGE][PASSED] - Current window maximized

2024-09-03 17:33:07 - [MESSAGE][PASSED] - Execute JavaScript 'window.open();' successfully

2024-09-03 17:33:07 - [MESSAGE][PASSED] - Switched to window with index: '1'

2024-09-03 17:33:18 - [MESSAGE][PASSED] - general.start is PASSED

2024-09-03 17:33:18 - [TEST_STEP][PASSED] - click(findTestObject("Object Repository/Login/LoginButton")): Object: 'Object Repository/Login/LoginButton' is clicked on

2024-09-03 17:33:18 - [MESSAGE][PASSED] - Object: 'Object Repository/Login/LoginButton' is clicked on

2024-09-03 17:33:18 - [TEST_STEP][PASSED] - switchToWindowIndex(2): Switched to window with index: '2'

2024-09-03 17:33:18 - [MESSAGE][PASSED] - Switched to window with index: '2'

2024-09-03 17:33:18 - [TEST_STEP][PASSED] - delay(1): Delayed 1 second(s)

2024-09-03 17:33:19 - [MESSAGE][PASSED] - Delayed 1 second(s)

2024-09-03 17:33:19 - [TEST_STEP][PASSED] - sendKeys(findTestObject("Object Repository/Login/EnterEmail"), "homam@zztjg.onmicrosoft.com"): Keys 'homam@zztjg.onmicrosoft.com' sent to object: 'Object Repository/Login/EnterEmail'

2024-09-03 17:33:20 - [MESSAGE][PASSED] - Keys 'homam@zztjg.onmicrosoft.com' sent to object: 'Object Repository/Login/EnterEmail'

2024-09-03 17:33:20 - [TEST_STEP][PASSED] - delay(1): Delayed 1 second(s)

2024-09-03 17:33:21 - [MESSAGE][PASSED] - Delayed 1 second(s)

2024-09-03 17:33:21 - [TEST_STEP][PASSED] - click(findTestObject("Object Repository/Login/NextButton")): Object: 'Object Repository/Login/NextButton' is clicked on

2024-09-03 17:33:21 - [MESSAGE][PASSED] - Object: 'Object Repository/Login/NextButton' is clicked on

2024-09-03 17:33:21 - [TEST_STEP][PASSED] - delay(2): Delayed 2 second(s)

2024-09-03 17:33:23 - [MESSAGE][PASSED] - Delayed 2 second(s)

2024-09-03 17:33:23 - [TEST_STEP][PASSED] - sendKeys(findTestObject("Object Repository/Login/EnterPassword"), "Holder12345"): Keys 'Holder12345' sent to object: 'Object Repository/Login/EnterPassword'

2024-09-03 17:33:23 - [MESSAGE][PASSED] - Keys 'Holder12345' sent to object: 'Object Repository/Login/EnterPassword'

2024-09-03 17:33:23 - [TEST_STEP][PASSED] - delay(1): Delayed 1 second(s)

2024-09-03 17:33:24 - [MESSAGE][PASSED] - Delayed 1 second(s)

2024-09-03 17:33:24 - [TEST_STEP][PASSED] - click(findTestObject("Object Repository/Login/SigninButton")): Object: 'Object Repository/Login/SigninButton' is clicked on

2024-09-03 17:33:25 - [MESSAGE][PASSED] - Object: 'Object Repository/Login/SigninButton' is clicked on

2024-09-03 17:33:25 - [TEST_STEP][PASSED] - delay(1): Delayed 1 second(s)

2024-09-03 17:33:26 - [MESSAGE][PASSED] - Delayed 1 second(s)

2024-09-03 17:33:26 - [TEST_STEP][PASSED] - click(findTestObject("Object Repository/Login/YesStayInButton")): Object: 'Object Repository/Login/YesStayInButton' is clicked on

2024-09-03 17:33:26 - [MESSAGE][PASSED] - Object: 'Object Repository/Login/YesStayInButton' is clicked on

2024-09-03 17:33:26 - [MESSAGE][PASSED] - Call Test Case 'Test Cases/Login' successfully

2024-09-03 17:33:26 - [TEST_STEP][PASSED] - switchToWindowIndex(1): Switched to window with index: '1'

2024-09-03 17:33:26 - [MESSAGE][PASSED] - Switched to window with index: '1'

2024-09-03 17:33:26 - [TEST_STEP][FAILED] - SON.son("huawei", "2G", "Site", "Sleeping Cells", "Weekly", ""): Unable to click on object 'Object Repository/SON/ObjectType/East Amman site1'

2024-09-03 17:33:28 - [MESSAGE][PASSED] - Object: 'Object Repository/SON/sonBtn' is clicked on

2024-09-03 17:33:28 - [MESSAGE][PASSED] - Switched to window with index: '2'

2024-09-03 17:33:38 - [MESSAGE][PASSED] - Object: 'Object Repository/PM/Huawei-vendor/Technology/Technology-Arrow' is clicked on

2024-09-03 17:33:39 - [MESSAGE][PASSED] - Object: 'Object Repository/PM/Huawei-vendor/Technology/2G' is clicked on

2024-09-03 17:33:39 - [MESSAGE][PASSED] - Object: 'Object Repository/PM/Huawei-vendor/TopX/TopX Object Type' is clicked on

2024-09-03 17:33:40 - [MESSAGE][PASSED] - Delayed 1 second(s)

2024-09-03 17:33:40 - [MESSAGE][PASSED] - Object: 'Object Repository/PM/Huawei-vendor/Object-Type/TopX Object Types/TopX Sites/TopX Site' is clicked on

2024-09-03 17:33:41 - [MESSAGE][PASSED] - Delayed 1 second(s)

2024-09-03 17:33:41 - [MESSAGE][WARNING] - Timeout '0' is invalid. Using default page load timeout: '120'

2024-09-03 17:33:41 - [MESSAGE][PASSED] - Scroll to object 'Object Repository/PM/Huawei-vendor/Object Border' successfully

2024-09-03 17:33:41 - [MESSAGE][PASSED] - Object: 'Object Repository/PM/Huawei-vendor/Object-Type/TopX Object Types/TopX Sites/TopX East Amman Arrow' is clicked on

2024-09-03 17:35:42 - [MESSAGE][INFO] - Unable to find the element located by 'By.xpath: //span[contains(text(),'301-ULT_King_Hussein_St_PD_Fiber_Manage')]'. Please recheck the objects properties to make sure the desired element is located. 

2024-09-03 17:35:42 - [MESSAGE][FAILED] - Unable to click on object 'Object Repository/SON/ObjectType/East Amman site1' (Root cause: com.kms.katalon.core.exception.StepFailedException: Unable to click on object 'Object Repository/SON/ObjectType/East Amman site1'
	at com.kms.katalon.core.webui.keyword.internal.WebUIKeywordMain.stepFailed(WebUIKeywordMain.groovy:64)
	at com.kms.katalon.core.webui.keyword.internal.WebUIKeywordMain.runKeyword(WebUIKeywordMain.groovy:26)
	at com.kms.katalon.core.webui.keyword.builtin.ClickKeyword.click(ClickKeyword.groovy:74)
	at com.kms.katalon.core.webui.keyword.builtin.ClickKeyword.execute(ClickKeyword.groovy:40)
	at com.kms.katalon.core.keyword.internal.KeywordExecutor.executeKeywordForPlatform(KeywordExecutor.groovy:74)
	at com.kms.katalon.core.webui.keyword.WebUiBuiltInKeywords.click(WebUiBuiltInKeywords.groovy:620)
	at com.kms.katalon.core.webui.keyword.WebUiBuiltInKeywords$click$2.call(Unknown Source)
	at SON.selectObjectType(SON.groovy:146)
	at SON.son(SON.groovy:73)
	at SON.invokeMethod(SON.groovy)
	at com.kms.katalon.core.main.CustomKeywordDelegatingMetaClass.invokeStaticMethod(CustomKeywordDelegatingMetaClass.java:55)
	at Site Sleeping Cells Weekly.run(Site Sleeping Cells Weekly:25)
	at com.kms.katalon.core.main.ScriptEngine.run(ScriptEngine.java:194)
	at com.kms.katalon.core.main.ScriptEngine.runScriptAsRawText(ScriptEngine.java:119)
	at com.kms.katalon.core.main.TestCaseExecutor.runScript(TestCaseExecutor.java:448)
	at com.kms.katalon.core.main.TestCaseExecutor.doExecute(TestCaseExecutor.java:439)
	at com.kms.katalon.core.main.TestCaseExecutor.processExecutionPhase(TestCaseExecutor.java:418)
	at com.kms.katalon.core.main.TestCaseExecutor.accessMainPhase(TestCaseExecutor.java:410)
	at com.kms.katalon.core.main.TestCaseExecutor.execute(TestCaseExecutor.java:285)
	at com.kms.katalon.core.common.CommonExecutor.accessTestCaseMainPhase(CommonExecutor.java:65)
	at com.kms.katalon.core.main.TestSuiteExecutor.accessTestSuiteMainPhase(TestSuiteExecutor.java:148)
	at com.kms.katalon.core.main.TestSuiteExecutor.execute(TestSuiteExecutor.java:106)
	at com.kms.katalon.core.main.TestCaseMain.startTestSuite(TestCaseMain.java:187)
	at com.kms.katalon.core.main.TestCaseMain$startTestSuite$0.call(Unknown Source)
	at TempTestSuite1725371051772.run(TempTestSuite1725371051772.groovy:35)
Caused by: com.kms.katalon.core.webui.exception.WebElementNotFoundException: Web element with id: 'Object Repository/SON/ObjectType/East Amman site1' located by '//span[contains(text(),'301-ULT_King_Hussein_St_PD_Fiber_Manage')]' not found
	at com.kms.katalon.core.webui.common.WebUiCommonHelper.findWebElement(WebUiCommonHelper.java:1381)
	at com.kms.katalon.core.webui.keyword.internal.WebUIAbstractKeyword.findWebElement(WebUIAbstractKeyword.groovy:27)
	at com.kms.katalon.core.webui.keyword.builtin.ClickKeyword$_click_closure1.doCall(ClickKeyword.groovy:65)
	at com.kms.katalon.core.webui.keyword.builtin.ClickKeyword$_click_closure1.call(ClickKeyword.groovy)
	at com.kms.katalon.core.webui.keyword.internal.WebUIKeywordMain.runKeyword(WebUIKeywordMain.groovy:20)
	at com.kms.katalon.core.webui.keyword.builtin.ClickKeyword.click(ClickKeyword.groovy:74)
	at com.kms.katalon.core.webui.keyword.builtin.ClickKeyword.execute(ClickKeyword.groovy:40)
	at com.kms.katalon.core.keyword.internal.KeywordExecutor.executeKeywordForPlatform(KeywordExecutor.groovy:74)
	at com.kms.katalon.core.webui.keyword.WebUiBuiltInKeywords.click(WebUiBuiltInKeywords.groovy:620)
	at com.kms.katalon.core.webui.keyword.WebUiBuiltInKeywords$click$2.call(Unknown Source)
	at SON.selectObjectType(SON.groovy:146)
	at SON.son(SON.groovy:73)
	at SON.invokeMethod(SON.groovy)
	at com.kms.katalon.core.main.CustomKeywordDelegatingMetaClass.invokeStaticMethod(CustomKeywordDelegatingMetaClass.java:55)
	at Script1725180545399.run(Script1725180545399.groovy:25)
	... 13 more
)
[[ATTACHMENT|C:\\Users\\FatimaIbeid\\git\\NetCell\\Reports\\20240903_164410\\SON\\Hwauei\\2G\\2G Regression\\20240903_164411\\1725374142740.png]]

2024-09-03 17:35:42 - [MESSAGE][FAILED] - Unable to click on object 'Object Repository/SON/ObjectType/East Amman site1']]></system-out>
         <system-err><![CDATA[2024-09-03 17:33:04 - [TEST_CASE][FAILED] - Test Cases/SON/Huawei/2G/Site/Site Sleeping Cells Weekly: Test Cases/SON/Huawei/2G/Site/Site Sleeping Cells Weekly FAILED.
Reason:
com.kms.katalon.core.exception.StepFailedException: Unable to click on object 'Object Repository/SON/ObjectType/East Amman site1'
	at com.kms.katalon.core.webui.keyword.internal.WebUIKeywordMain.stepFailed(WebUIKeywordMain.groovy:64)
	at com.kms.katalon.core.webui.keyword.internal.WebUIKeywordMain.runKeyword(WebUIKeywordMain.groovy:26)
	at com.kms.katalon.core.webui.keyword.builtin.ClickKeyword.click(ClickKeyword.groovy:74)
	at com.kms.katalon.core.webui.keyword.builtin.ClickKeyword.execute(ClickKeyword.groovy:40)
	at com.kms.katalon.core.keyword.internal.KeywordExecutor.executeKeywordForPlatform(KeywordExecutor.groovy:74)
	at com.kms.katalon.core.webui.keyword.WebUiBuiltInKeywords.click(WebUiBuiltInKeywords.groovy:620)
	at com.kms.katalon.core.webui.keyword.WebUiBuiltInKeywords$click$2.call(Unknown Source)
	at SON.selectObjectType(SON.groovy:146)
	at SON.son(SON.groovy:73)
	at SON.invokeMethod(SON.groovy)
	at com.kms.katalon.core.main.CustomKeywordDelegatingMetaClass.invokeStaticMethod(CustomKeywordDelegatingMetaClass.java:55)
	at Site Sleeping Cells Weekly.run(Site Sleeping Cells Weekly:25)
	at com.kms.katalon.core.main.ScriptEngine.run(ScriptEngine.java:194)
	at com.kms.katalon.core.main.ScriptEngine.runScriptAsRawText(ScriptEngine.java:119)
	at com.kms.katalon.core.main.TestCaseExecutor.runScript(TestCaseExecutor.java:448)
	at com.kms.katalon.core.main.TestCaseExecutor.doExecute(TestCaseExecutor.java:439)
	at com.kms.katalon.core.main.TestCaseExecutor.processExecutionPhase(TestCaseExecutor.java:418)
	at com.kms.katalon.core.main.TestCaseExecutor.accessMainPhase(TestCaseExecutor.java:410)
	at com.kms.katalon.core.main.TestCaseExecutor.execute(TestCaseExecutor.java:285)
	at com.kms.katalon.core.common.CommonExecutor.accessTestCaseMainPhase(CommonExecutor.java:65)
	at com.kms.katalon.core.main.TestSuiteExecutor.accessTestSuiteMainPhase(TestSuiteExecutor.java:148)
	at com.kms.katalon.core.main.TestSuiteExecutor.execute(TestSuiteExecutor.java:106)
	at com.kms.katalon.core.main.TestCaseMain.startTestSuite(TestCaseMain.java:187)
	at com.kms.katalon.core.main.TestCaseMain$startTestSuite$0.call(Unknown Source)
	at TempTestSuite1725371051772.run(TempTestSuite1725371051772.groovy:35)
Caused by: com.kms.katalon.core.webui.exception.WebElementNotFoundException: Web element with id: 'Object Repository/SON/ObjectType/East Amman site1' located by '//span[contains(text(),'301-ULT_King_Hussein_St_PD_Fiber_Manage')]' not found
	at com.kms.katalon.core.webui.common.WebUiCommonHelper.findWebElement(WebUiCommonHelper.java:1381)
	at com.kms.katalon.core.webui.keyword.internal.WebUIAbstractKeyword.findWebElement(WebUIAbstractKeyword.groovy:27)
	at com.kms.katalon.core.webui.keyword.builtin.ClickKeyword$_click_closure1.doCall(ClickKeyword.groovy:65)
	at com.kms.katalon.core.webui.keyword.builtin.ClickKeyword$_click_closure1.call(ClickKeyword.groovy)
	at com.kms.katalon.core.webui.keyword.internal.WebUIKeywordMain.runKeyword(WebUIKeywordMain.groovy:20)
	... 23 more]]></system-err>
      </testcase>
      <testcase name="Test Cases/SON/Huawei/2G/Cell/Cell Sleeping Cells Weekly" time="56.608" classname="Test Cases/SON/Huawei/2G/Cell/Cell Sleeping Cells Weekly" status="PASSED">
         <system-out><![CDATA[2024-09-03 17:35:42 - [TEST_CASE][PASSED] - Test Cases/SON/Huawei/2G/Cell/Cell Sleeping Cells Weekly: Test Cases/SON/Huawei/2G/Cell/Cell Sleeping Cells Weekly

2024-09-03 17:35:43 - [TEST_STEP][PASSED] - callTestCase(findTestCase("Login"), [:], STOP_ON_FAILURE): Call Test Case 'Test Cases/Login' successfully

2024-09-03 17:35:43 - [TEST_CASE][PASSED] - Test Cases/Login: Test Cases/Login

2024-09-03 17:35:43 - [TEST_STEP][PASSED] - driver = general.start(SwagerURL, NetCellURL): general.start is PASSED

2024-09-03 17:35:43 - [MESSAGE][INFO] - >>> chromeDriverPath=C:\Users\FatimaIbeid\.katalon\packages\Katalon_Studio_Windows_64-8.6.9\Katalon_Studio_Windows_64-8.6.9\configuration\resources\drivers\chromedriver_win32\chromedriver.exe

2024-09-03 17:35:44 - [MESSAGE][PASSED] - Current window maximized

2024-09-03 17:35:45 - [MESSAGE][PASSED] - Execute JavaScript 'window.open();' successfully

2024-09-03 17:35:45 - [MESSAGE][PASSED] - Switched to window with index: '1'

2024-09-03 17:35:56 - [MESSAGE][PASSED] - general.start is PASSED

2024-09-03 17:35:56 - [TEST_STEP][PASSED] - click(findTestObject("Object Repository/Login/LoginButton")): Object: 'Object Repository/Login/LoginButton' is clicked on

2024-09-03 17:35:57 - [MESSAGE][PASSED] - Object: 'Object Repository/Login/LoginButton' is clicked on

2024-09-03 17:35:57 - [TEST_STEP][PASSED] - switchToWindowIndex(2): Switched to window with index: '2'

2024-09-03 17:35:57 - [MESSAGE][PASSED] - Switched to window with index: '2'

2024-09-03 17:35:57 - [TEST_STEP][PASSED] - delay(1): Delayed 1 second(s)

2024-09-03 17:35:58 - [MESSAGE][PASSED] - Delayed 1 second(s)

2024-09-03 17:35:58 - [TEST_STEP][PASSED] - sendKeys(findTestObject("Object Repository/Login/EnterEmail"), "homam@zztjg.onmicrosoft.com"): Keys 'homam@zztjg.onmicrosoft.com' sent to object: 'Object Repository/Login/EnterEmail'

2024-09-03 17:35:59 - [MESSAGE][PASSED] - Keys 'homam@zztjg.onmicrosoft.com' sent to object: 'Object Repository/Login/EnterEmail'

2024-09-03 17:35:59 - [TEST_STEP][PASSED] - delay(1): Delayed 1 second(s)

2024-09-03 17:36:00 - [MESSAGE][PASSED] - Delayed 1 second(s)

2024-09-03 17:36:00 - [TEST_STEP][PASSED] - click(findTestObject("Object Repository/Login/NextButton")): Object: 'Object Repository/Login/NextButton' is clicked on

2024-09-03 17:36:00 - [MESSAGE][PASSED] - Object: 'Object Repository/Login/NextButton' is clicked on

2024-09-03 17:36:00 - [TEST_STEP][PASSED] - delay(2): Delayed 2 second(s)

2024-09-03 17:36:02 - [MESSAGE][PASSED] - Delayed 2 second(s)

2024-09-03 17:36:02 - [TEST_STEP][PASSED] - sendKeys(findTestObject("Object Repository/Login/EnterPassword"), "Holder12345"): Keys 'Holder12345' sent to object: 'Object Repository/Login/EnterPassword'

2024-09-03 17:36:02 - [MESSAGE][PASSED] - Keys 'Holder12345' sent to object: 'Object Repository/Login/EnterPassword'

2024-09-03 17:36:02 - [TEST_STEP][PASSED] - delay(1): Delayed 1 second(s)

2024-09-03 17:36:03 - [MESSAGE][PASSED] - Delayed 1 second(s)

2024-09-03 17:36:03 - [TEST_STEP][PASSED] - click(findTestObject("Object Repository/Login/SigninButton")): Object: 'Object Repository/Login/SigninButton' is clicked on

2024-09-03 17:36:04 - [MESSAGE][PASSED] - Object: 'Object Repository/Login/SigninButton' is clicked on

2024-09-03 17:36:04 - [TEST_STEP][PASSED] - delay(1): Delayed 1 second(s)

2024-09-03 17:36:05 - [MESSAGE][PASSED] - Delayed 1 second(s)

2024-09-03 17:36:05 - [TEST_STEP][PASSED] - click(findTestObject("Object Repository/Login/YesStayInButton")): Object: 'Object Repository/Login/YesStayInButton' is clicked on

2024-09-03 17:36:05 - [MESSAGE][PASSED] - Object: 'Object Repository/Login/YesStayInButton' is clicked on

2024-09-03 17:36:05 - [MESSAGE][PASSED] - Call Test Case 'Test Cases/Login' successfully

2024-09-03 17:36:05 - [TEST_STEP][PASSED] - switchToWindowIndex(1): Switched to window with index: '1'

2024-09-03 17:36:05 - [MESSAGE][PASSED] - Switched to window with index: '1'

2024-09-03 17:36:05 - [TEST_STEP][PASSED] - SON.son("huawei", "2G", "Cell", "Sleeping Cells", "Weekly", ""): SON.son is PASSED

2024-09-03 17:36:07 - [MESSAGE][PASSED] - Object: 'Object Repository/SON/sonBtn' is clicked on

2024-09-03 17:36:07 - [MESSAGE][PASSED] - Switched to window with index: '2'

2024-09-03 17:36:18 - [MESSAGE][PASSED] - Object: 'Object Repository/PM/Huawei-vendor/Technology/Technology-Arrow' is clicked on

2024-09-03 17:36:18 - [MESSAGE][PASSED] - Object: 'Object Repository/PM/Huawei-vendor/Technology/2G' is clicked on

2024-09-03 17:36:18 - [MESSAGE][PASSED] - Object: 'Object Repository/PM/Huawei-vendor/TopX/TopX Object Type' is clicked on

2024-09-03 17:36:19 - [MESSAGE][PASSED] - Delayed 1 second(s)

2024-09-03 17:36:20 - [MESSAGE][PASSED] - Object: 'Object Repository/PM/Huawei-vendor/Object-Type/TopX Object Types/TopX Cells/TopX Cell' is clicked on

2024-09-03 17:36:21 - [MESSAGE][PASSED] - Delayed 1 second(s)

2024-09-03 17:36:21 - [MESSAGE][WARNING] - Timeout '0' is invalid. Using default page load timeout: '120'

2024-09-03 17:36:21 - [MESSAGE][PASSED] - Scroll to object 'Object Repository/PM/Huawei-vendor/Object Border' successfully

2024-09-03 17:36:21 - [MESSAGE][PASSED] - Object: 'Object Repository/PM/Huawei-vendor/Object-Type/TopX Object Types/TopX Sites/TopX East Amman Arrow' is clicked on

2024-09-03 17:36:22 - [MESSAGE][PASSED] - Object: 'Object Repository/PM/Huawei-vendor/Object-Type/TopX Object Types/TopX Cells/TopX East Amman Site1 Arrow' is clicked on

2024-09-03 17:36:24 - [MESSAGE][PASSED] - Delayed 2 second(s)

2024-09-03 17:36:24 - [MESSAGE][PASSED] - Object: 'Object Repository/SON/ObjectType/Cell/East Amman Site1 Cell1 2G' is clicked on

2024-09-03 17:36:24 - [MESSAGE][PASSED] - Object: 'Object Repository/PM/Huawei-vendor/Object-Type/TopX Object Types/TopX Sites/TopX East Amman CloseArrow' is clicked on

2024-09-03 17:36:24 - [MESSAGE][PASSED] - Object: 'Object Repository/PM/Huawei-vendor/Object-Type/TopX Object Types/TopX Sites/TopX West Amman Arrow' is clicked on

2024-09-03 17:36:25 - [MESSAGE][PASSED] - Object: 'Object Repository/PM/Huawei-vendor/Object-Type/TopX Object Types/TopX Cells/TopX West Amman Site1 Arrow' is clicked on

2024-09-03 17:36:25 - [MESSAGE][PASSED] - Object: 'Object Repository/SON/ObjectType/Cell/West Amman Site1 Cell1 2G' is clicked on

2024-09-03 17:36:25 - [MESSAGE][PASSED] - Object: 'Object Repository/PM/Huawei-vendor/Object-Type/TopX Object Types/TopX Sites/TopX West Amman CloseArrow' is clicked on

2024-09-03 17:36:26 - [MESSAGE][PASSED] - Object: 'Object Repository/PM/Huawei-vendor/Object-Type/TopX Object Types/TopX Sites/TopX South Amman Arrow' is clicked on

2024-09-03 17:36:27 - [MESSAGE][PASSED] - Object: 'Object Repository/PM/Huawei-vendor/Object-Type/TopX Object Types/TopX Cells/TopX South Amman Site1 Arrow' is clicked on

2024-09-03 17:36:27 - [MESSAGE][PASSED] - Object: 'Object Repository/SON/ObjectType/Cell/South Amman Site1 Cell1 2G' is clicked on

2024-09-03 17:36:27 - [MESSAGE][PASSED] - Object: 'Object Repository/PM/Huawei-vendor/Object-Type/TopX Object Types/TopX Sites/TopX South Amman CloseArrow' is clicked on

2024-09-03 17:36:27 - [MESSAGE][PASSED] - Object: 'Object Repository/PM/Huawei-vendor/Object-Type/TopX Object Types/TopX Sites/TopX East Jordan Arrow' is clicked on

2024-09-03 17:36:28 - [MESSAGE][PASSED] - Object: 'Object Repository/PM/Huawei-vendor/Object-Type/TopX Object Types/TopX Cells/TopX East Jordan Site1 Arrow' is clicked on

2024-09-03 17:36:28 - [MESSAGE][PASSED] - Object: 'Object Repository/SON/ObjectType/Cell/East Jordan Site1 Cell1 2G' is clicked on

2024-09-03 17:36:28 - [MESSAGE][PASSED] - Object: 'Object Repository/PM/Huawei-vendor/Object-Type/TopX Object Types/TopX Sites/TopX East Jordan CloseArrow' is clicked on

2024-09-03 17:36:29 - [MESSAGE][PASSED] - Object: 'Object Repository/PM/Huawei-vendor/Object-Type/TopX Object Types/TopX Sites/TopX North Jordan Arrow' is clicked on

2024-09-03 17:36:30 - [MESSAGE][PASSED] - Object: 'Object Repository/PM/Huawei-vendor/Object-Type/TopX Object Types/TopX Cells/TopX North Jordan Site1 Arrow' is clicked on

2024-09-03 17:36:30 - [MESSAGE][PASSED] - Object: 'Object Repository/SON/ObjectType/Cell/North Jordan Site1 Cell1 2G' is clicked on

2024-09-03 17:36:31 - [MESSAGE][PASSED] - Object: 'Object Repository/PM/Huawei-vendor/Object-Type/TopX Object Types/TopX Sites/TopX North Jordan CloseArrow' is clicked on

2024-09-03 17:36:31 - [MESSAGE][PASSED] - Object: 'Object Repository/PM/Huawei-vendor/Object-Type/TopX Object Types/TopX Sites/TopX South Jordan Arrow' is clicked on

2024-09-03 17:36:31 - [MESSAGE][PASSED] - Object: 'Object Repository/PM/Huawei-vendor/Object-Type/TopX Object Types/TopX Cells/TopX South Jordan Site1 Arrow' is clicked on

2024-09-03 17:36:32 - [MESSAGE][PASSED] - Object: 'Object Repository/SON/ObjectType/Cell/South Jordan Site1 Cell1 2G' is clicked on

2024-09-03 17:36:32 - [MESSAGE][PASSED] - Object: 'Object Repository/PM/Huawei-vendor/Object-Type/TopX Object Types/TopX Sites/TopX South Jordan CloseArrow' is clicked on

2024-09-03 17:36:32 - [MESSAGE][PASSED] - Object: 'Object Repository/SON/ObjectType/Other Site' is clicked on

2024-09-03 17:36:34 - [MESSAGE][PASSED] - Delayed 2 second(s)

2024-09-03 17:36:34 - [MESSAGE][PASSED] - Object: 'Object Repository/SON/SonType/Type-Arrow' is clicked on

2024-09-03 17:36:34 - [MESSAGE][WARNING] - Timeout '0' is invalid. Using default page load timeout: '120'

2024-09-03 17:36:34 - [MESSAGE][PASSED] - Scroll to object 'Object Repository/SON/Exclude Options' successfully

2024-09-03 17:36:35 - [MESSAGE][PASSED] - Object: 'Object Repository/SON/Resolution/Hourly' is clicked on

2024-09-03 17:36:35 - [MESSAGE][PASSED] - Object: 'Object Repository/SON/Resolution/Weekly' is clicked on

2024-09-03 17:36:35 - [MESSAGE][PASSED] - Object: 'Object Repository/PM/Huawei-vendor/StartDate/Monthly-Selection' is clicked on

2024-09-03 17:36:35 - [MESSAGE][PASSED] - Object: 'Object Repository/PM/Huawei-vendor/StartDate/Fep-Selection' is clicked on

2024-09-03 17:36:36 - [MESSAGE][PASSED] - Delayed 1 second(s)

2024-09-03 17:36:37 - [MESSAGE][PASSED] - Object: 'Object Repository/PM/Huawei-vendor/StartDate/1-Fep' is clicked on

2024-09-03 17:36:37 - [MESSAGE][PASSED] - Object: 'Object Repository/PM/Huawei-vendor/Apply-Button' is clicked on

2024-09-03 17:36:39 - [MESSAGE][PASSED] - Web element with id: 'Object Repository/SON/Error' located by 'By.xpath: //div[@class='home-logo']' is not present after '200' second(s)

2024-09-03 17:36:39 - [MESSAGE][PASSED] - SON.son is PASSED]]></system-out>
         <system-err><![CDATA[]]></system-err>
      </testcase>
      <testcase name="Test Cases/SON/Huawei/2G/BSC/BSC Sleeping Cells Weekly" time="36.165" classname="Test Cases/SON/Huawei/2G/BSC/BSC Sleeping Cells Weekly" status="PASSED">
         <system-out><![CDATA[2024-09-03 17:36:39 - [TEST_CASE][PASSED] - Test Cases/SON/Huawei/2G/BSC/BSC Sleeping Cells Weekly: Test Cases/SON/Huawei/2G/BSC/BSC Sleeping Cells Weekly

2024-09-03 17:36:39 - [TEST_STEP][PASSED] - callTestCase(findTestCase("Login"), [:], STOP_ON_FAILURE): Call Test Case 'Test Cases/Login' successfully

2024-09-03 17:36:39 - [TEST_CASE][PASSED] - Test Cases/Login: Test Cases/Login

2024-09-03 17:36:39 - [TEST_STEP][PASSED] - driver = general.start(SwagerURL, NetCellURL): general.start is PASSED

2024-09-03 17:36:39 - [MESSAGE][INFO] - >>> chromeDriverPath=C:\Users\FatimaIbeid\.katalon\packages\Katalon_Studio_Windows_64-8.6.9\Katalon_Studio_Windows_64-8.6.9\configuration\resources\drivers\chromedriver_win32\chromedriver.exe

2024-09-03 17:36:41 - [MESSAGE][PASSED] - Current window maximized

2024-09-03 17:36:42 - [MESSAGE][PASSED] - Execute JavaScript 'window.open();' successfully

2024-09-03 17:36:42 - [MESSAGE][PASSED] - Switched to window with index: '1'

2024-09-03 17:36:53 - [MESSAGE][PASSED] - general.start is PASSED

2024-09-03 17:36:53 - [TEST_STEP][PASSED] - click(findTestObject("Object Repository/Login/LoginButton")): Object: 'Object Repository/Login/LoginButton' is clicked on

2024-09-03 17:36:53 - [MESSAGE][PASSED] - Object: 'Object Repository/Login/LoginButton' is clicked on

2024-09-03 17:36:53 - [TEST_STEP][PASSED] - switchToWindowIndex(2): Switched to window with index: '2'

2024-09-03 17:36:54 - [MESSAGE][PASSED] - Switched to window with index: '2'

2024-09-03 17:36:54 - [TEST_STEP][PASSED] - delay(1): Delayed 1 second(s)

2024-09-03 17:36:55 - [MESSAGE][PASSED] - Delayed 1 second(s)

2024-09-03 17:36:55 - [TEST_STEP][PASSED] - sendKeys(findTestObject("Object Repository/Login/EnterEmail"), "homam@zztjg.onmicrosoft.com"): Keys 'homam@zztjg.onmicrosoft.com' sent to object: 'Object Repository/Login/EnterEmail'

2024-09-03 17:36:55 - [MESSAGE][PASSED] - Keys 'homam@zztjg.onmicrosoft.com' sent to object: 'Object Repository/Login/EnterEmail'

2024-09-03 17:36:55 - [TEST_STEP][PASSED] - delay(1): Delayed 1 second(s)

2024-09-03 17:36:56 - [MESSAGE][PASSED] - Delayed 1 second(s)

2024-09-03 17:36:56 - [TEST_STEP][PASSED] - click(findTestObject("Object Repository/Login/NextButton")): Object: 'Object Repository/Login/NextButton' is clicked on

2024-09-03 17:36:56 - [MESSAGE][PASSED] - Object: 'Object Repository/Login/NextButton' is clicked on

2024-09-03 17:36:56 - [TEST_STEP][PASSED] - delay(2): Delayed 2 second(s)

2024-09-03 17:36:58 - [MESSAGE][PASSED] - Delayed 2 second(s)

2024-09-03 17:36:58 - [TEST_STEP][PASSED] - sendKeys(findTestObject("Object Repository/Login/EnterPassword"), "Holder12345"): Keys 'Holder12345' sent to object: 'Object Repository/Login/EnterPassword'

2024-09-03 17:36:58 - [MESSAGE][PASSED] - Keys 'Holder12345' sent to object: 'Object Repository/Login/EnterPassword'

2024-09-03 17:36:58 - [TEST_STEP][PASSED] - delay(1): Delayed 1 second(s)

2024-09-03 17:36:59 - [MESSAGE][PASSED] - Delayed 1 second(s)

2024-09-03 17:36:59 - [TEST_STEP][PASSED] - click(findTestObject("Object Repository/Login/SigninButton")): Object: 'Object Repository/Login/SigninButton' is clicked on

2024-09-03 17:37:00 - [MESSAGE][PASSED] - Object: 'Object Repository/Login/SigninButton' is clicked on

2024-09-03 17:37:00 - [TEST_STEP][PASSED] - delay(1): Delayed 1 second(s)

2024-09-03 17:37:01 - [MESSAGE][PASSED] - Delayed 1 second(s)

2024-09-03 17:37:01 - [TEST_STEP][PASSED] - click(findTestObject("Object Repository/Login/YesStayInButton")): Object: 'Object Repository/Login/YesStayInButton' is clicked on

2024-09-03 17:37:01 - [MESSAGE][PASSED] - Object: 'Object Repository/Login/YesStayInButton' is clicked on

2024-09-03 17:37:01 - [MESSAGE][PASSED] - Call Test Case 'Test Cases/Login' successfully

2024-09-03 17:37:01 - [TEST_STEP][PASSED] - switchToWindowIndex(1): Switched to window with index: '1'

2024-09-03 17:37:02 - [MESSAGE][PASSED] - Switched to window with index: '1'

2024-09-03 17:37:02 - [TEST_STEP][PASSED] - SON.son("huawei", "2G", "BSC", "Sleeping Cells", "Weekly", ""): SON.son is PASSED

2024-09-03 17:37:03 - [MESSAGE][PASSED] - Object: 'Object Repository/SON/sonBtn' is clicked on

2024-09-03 17:37:03 - [MESSAGE][PASSED] - Switched to window with index: '2'

2024-09-03 17:37:04 - [MESSAGE][PASSED] - Object: 'Object Repository/PM/Huawei-vendor/Technology/Technology-Arrow' is clicked on

2024-09-03 17:37:04 - [MESSAGE][PASSED] - Object: 'Object Repository/PM/Huawei-vendor/Technology/2G' is clicked on

2024-09-03 17:37:04 - [MESSAGE][PASSED] - Object: 'Object Repository/PM/Huawei-vendor/TopX/TopX Object Type' is clicked on

2024-09-03 17:37:05 - [MESSAGE][PASSED] - Delayed 1 second(s)

2024-09-03 17:37:05 - [MESSAGE][PASSED] - Object: 'Object Repository/PM/Huawei-vendor/Object-Type/TopX Object Types/TopX BSCs/TopX BSC' is clicked on

2024-09-03 17:37:06 - [MESSAGE][PASSED] - Delayed 1 second(s)

2024-09-03 17:37:07 - [MESSAGE][WARNING] - Timeout '0' is invalid. Using default page load timeout: '120'

2024-09-03 17:37:07 - [MESSAGE][PASSED] - Scroll to object 'Object Repository/PM/Huawei-vendor/Object Border' successfully

2024-09-03 17:37:07 - [MESSAGE][PASSED] - Object: 'Object Repository/PM/Huawei-vendor/Object-Type/TopX Object Types/TopX BSCs/TopX BSC Ader' is clicked on

2024-09-03 17:37:07 - [MESSAGE][PASSED] - Object: 'Object Repository/PM/Huawei-vendor/Object-Type/TopX Object Types/TopX BSCs/TopX BSC Fifa' is clicked on

2024-09-03 17:37:07 - [MESSAGE][PASSED] - Object: 'Object Repository/SON/ObjectType/BSC/TopX BSC HQ 04' is clicked on

2024-09-03 17:37:07 - [MESSAGE][PASSED] - Object: 'Object Repository/PM/Huawei-vendor/Object-Type/TopX Object Types/TopX BSCs/TopX BSC AA 01' is clicked on

2024-09-03 17:37:09 - [MESSAGE][PASSED] - Delayed 2 second(s)

2024-09-03 17:37:09 - [MESSAGE][PASSED] - Object: 'Object Repository/SON/SonType/Type-Arrow' is clicked on

2024-09-03 17:37:10 - [MESSAGE][WARNING] - Timeout '0' is invalid. Using default page load timeout: '120'

2024-09-03 17:37:10 - [MESSAGE][PASSED] - Scroll to object 'Object Repository/SON/Exclude Options' successfully

2024-09-03 17:37:10 - [MESSAGE][PASSED] - Object: 'Object Repository/SON/Resolution/Hourly' is clicked on

2024-09-03 17:37:10 - [MESSAGE][PASSED] - Object: 'Object Repository/SON/Resolution/Weekly' is clicked on

2024-09-03 17:37:10 - [MESSAGE][PASSED] - Object: 'Object Repository/PM/Huawei-vendor/StartDate/Monthly-Selection' is clicked on

2024-09-03 17:37:10 - [MESSAGE][PASSED] - Object: 'Object Repository/PM/Huawei-vendor/StartDate/Fep-Selection' is clicked on

2024-09-03 17:37:11 - [MESSAGE][PASSED] - Delayed 1 second(s)

2024-09-03 17:37:12 - [MESSAGE][PASSED] - Object: 'Object Repository/PM/Huawei-vendor/StartDate/1-Fep' is clicked on

2024-09-03 17:37:12 - [MESSAGE][PASSED] - Object: 'Object Repository/PM/Huawei-vendor/Apply-Button' is clicked on

2024-09-03 17:37:15 - [MESSAGE][PASSED] - Web element with id: 'Object Repository/SON/Error' located by 'By.xpath: //div[@class='home-logo']' is not present after '200' second(s)

2024-09-03 17:37:15 - [MESSAGE][PASSED] - SON.son is PASSED]]></system-out>
         <system-err><![CDATA[]]></system-err>
      </testcase>
      <testcase name="Test Cases/SON/Huawei/2G/Cluster/Cluster Sleeping Cells Weekly" time="38.476" classname="Test Cases/SON/Huawei/2G/Cluster/Cluster Sleeping Cells Weekly" status="PASSED">
         <system-out><![CDATA[2024-09-03 17:37:15 - [TEST_CASE][PASSED] - Test Cases/SON/Huawei/2G/Cluster/Cluster Sleeping Cells Weekly: Test Cases/SON/Huawei/2G/Cluster/Cluster Sleeping Cells Weekly

2024-09-03 17:37:16 - [TEST_STEP][PASSED] - callTestCase(findTestCase("Login"), [:], STOP_ON_FAILURE): Call Test Case 'Test Cases/Login' successfully

2024-09-03 17:37:16 - [TEST_CASE][PASSED] - Test Cases/Login: Test Cases/Login

2024-09-03 17:37:16 - [TEST_STEP][PASSED] - driver = general.start(SwagerURL, NetCellURL): general.start is PASSED

2024-09-03 17:37:16 - [MESSAGE][INFO] - >>> chromeDriverPath=C:\Users\FatimaIbeid\.katalon\packages\Katalon_Studio_Windows_64-8.6.9\Katalon_Studio_Windows_64-8.6.9\configuration\resources\drivers\chromedriver_win32\chromedriver.exe

2024-09-03 17:37:17 - [MESSAGE][PASSED] - Current window maximized

2024-09-03 17:37:18 - [MESSAGE][PASSED] - Execute JavaScript 'window.open();' successfully

2024-09-03 17:37:18 - [MESSAGE][PASSED] - Switched to window with index: '1'

2024-09-03 17:37:29 - [MESSAGE][PASSED] - general.start is PASSED

2024-09-03 17:37:29 - [TEST_STEP][PASSED] - click(findTestObject("Object Repository/Login/LoginButton")): Object: 'Object Repository/Login/LoginButton' is clicked on

2024-09-03 17:37:29 - [MESSAGE][PASSED] - Object: 'Object Repository/Login/LoginButton' is clicked on

2024-09-03 17:37:29 - [TEST_STEP][PASSED] - switchToWindowIndex(2): Switched to window with index: '2'

2024-09-03 17:37:29 - [MESSAGE][PASSED] - Switched to window with index: '2'

2024-09-03 17:37:29 - [TEST_STEP][PASSED] - delay(1): Delayed 1 second(s)

2024-09-03 17:37:30 - [MESSAGE][PASSED] - Delayed 1 second(s)

2024-09-03 17:37:30 - [TEST_STEP][PASSED] - sendKeys(findTestObject("Object Repository/Login/EnterEmail"), "homam@zztjg.onmicrosoft.com"): Keys 'homam@zztjg.onmicrosoft.com' sent to object: 'Object Repository/Login/EnterEmail'

2024-09-03 17:37:31 - [MESSAGE][PASSED] - Keys 'homam@zztjg.onmicrosoft.com' sent to object: 'Object Repository/Login/EnterEmail'

2024-09-03 17:37:31 - [TEST_STEP][PASSED] - delay(1): Delayed 1 second(s)

2024-09-03 17:37:32 - [MESSAGE][PASSED] - Delayed 1 second(s)

2024-09-03 17:37:32 - [TEST_STEP][PASSED] - click(findTestObject("Object Repository/Login/NextButton")): Object: 'Object Repository/Login/NextButton' is clicked on

2024-09-03 17:37:33 - [MESSAGE][PASSED] - Object: 'Object Repository/Login/NextButton' is clicked on

2024-09-03 17:37:33 - [TEST_STEP][PASSED] - delay(2): Delayed 2 second(s)

2024-09-03 17:37:35 - [MESSAGE][PASSED] - Delayed 2 second(s)

2024-09-03 17:37:35 - [TEST_STEP][PASSED] - sendKeys(findTestObject("Object Repository/Login/EnterPassword"), "Holder12345"): Keys 'Holder12345' sent to object: 'Object Repository/Login/EnterPassword'

2024-09-03 17:37:35 - [MESSAGE][PASSED] - Keys 'Holder12345' sent to object: 'Object Repository/Login/EnterPassword'

2024-09-03 17:37:35 - [TEST_STEP][PASSED] - delay(1): Delayed 1 second(s)

2024-09-03 17:37:36 - [MESSAGE][PASSED] - Delayed 1 second(s)

2024-09-03 17:37:36 - [TEST_STEP][PASSED] - click(findTestObject("Object Repository/Login/SigninButton")): Object: 'Object Repository/Login/SigninButton' is clicked on

2024-09-03 17:37:36 - [MESSAGE][PASSED] - Object: 'Object Repository/Login/SigninButton' is clicked on

2024-09-03 17:37:36 - [TEST_STEP][PASSED] - delay(1): Delayed 1 second(s)

2024-09-03 17:37:37 - [MESSAGE][PASSED] - Delayed 1 second(s)

2024-09-03 17:37:37 - [TEST_STEP][PASSED] - click(findTestObject("Object Repository/Login/YesStayInButton")): Object: 'Object Repository/Login/YesStayInButton' is clicked on

2024-09-03 17:37:38 - [MESSAGE][PASSED] - Object: 'Object Repository/Login/YesStayInButton' is clicked on

2024-09-03 17:37:38 - [MESSAGE][PASSED] - Call Test Case 'Test Cases/Login' successfully

2024-09-03 17:37:38 - [TEST_STEP][PASSED] - switchToWindowIndex(1): Switched to window with index: '1'

2024-09-03 17:37:38 - [MESSAGE][PASSED] - Switched to window with index: '1'

2024-09-03 17:37:38 - [TEST_STEP][PASSED] - SON.son("huawei", "2G", "Cluster", "Sleeping Cells", "Weekly", ""): SON.son is PASSED

2024-09-03 17:37:39 - [MESSAGE][PASSED] - Object: 'Object Repository/SON/sonBtn' is clicked on

2024-09-03 17:37:39 - [MESSAGE][PASSED] - Switched to window with index: '2'

2024-09-03 17:37:40 - [MESSAGE][PASSED] - Object: 'Object Repository/PM/Huawei-vendor/Technology/Technology-Arrow' is clicked on

2024-09-03 17:37:40 - [MESSAGE][PASSED] - Object: 'Object Repository/PM/Huawei-vendor/Technology/2G' is clicked on

2024-09-03 17:37:40 - [MESSAGE][PASSED] - Object: 'Object Repository/PM/Huawei-vendor/TopX/TopX Object Type' is clicked on

2024-09-03 17:37:41 - [MESSAGE][PASSED] - Delayed 1 second(s)

2024-09-03 17:37:41 - [MESSAGE][PASSED] - Object: 'Object Repository/PM/Huawei-vendor/Object-Type/TopX Object Types/TopX Clusters/TopX Cluster' is clicked on

2024-09-03 17:37:42 - [MESSAGE][PASSED] - Delayed 1 second(s)

2024-09-03 17:37:42 - [MESSAGE][WARNING] - Timeout '0' is invalid. Using default page load timeout: '120'

2024-09-03 17:37:42 - [MESSAGE][PASSED] - Scroll to object 'Object Repository/PM/Huawei-vendor/Object Border' successfully

2024-09-03 17:37:42 - [MESSAGE][PASSED] - Object: 'Object Repository/PM/Huawei-vendor/Object-Type/TopX Object Types/TopX Sites/TopX East Amman Arrow' is clicked on

2024-09-03 17:37:43 - [MESSAGE][PASSED] - Object: 'Object Repository/PM/Huawei-vendor/Object-Type/TopX Object Types/TopX Clusters/TopX East Amman Cluster 3' is clicked on

2024-09-03 17:37:43 - [MESSAGE][PASSED] - Object: 'Object Repository/PM/Huawei-vendor/Object-Type/TopX Object Types/TopX Clusters/TopX East Amman Cluster 13' is clicked on

2024-09-03 17:37:43 - [MESSAGE][PASSED] - Object: 'Object Repository/PM/Huawei-vendor/Object-Type/TopX Object Types/TopX Sites/TopX East Amman CloseArrow' is clicked on

2024-09-03 17:37:43 - [MESSAGE][PASSED] - Object: 'Object Repository/PM/Huawei-vendor/Object-Type/TopX Object Types/TopX Sites/TopX West Amman Arrow' is clicked on

2024-09-03 17:37:43 - [MESSAGE][PASSED] - Object: 'Object Repository/PM/Huawei-vendor/Object-Type/TopX Object Types/TopX Clusters/TopX West Amman Cluster 2' is clicked on

2024-09-03 17:37:43 - [MESSAGE][PASSED] - Object: 'Object Repository/PM/Huawei-vendor/Object-Type/TopX Object Types/TopX Clusters/TopX West Amman Cluster 5' is clicked on

2024-09-03 17:37:43 - [MESSAGE][PASSED] - Object: 'Object Repository/PM/Huawei-vendor/Object-Type/TopX Object Types/TopX Sites/TopX West Amman CloseArrow' is clicked on

2024-09-03 17:37:44 - [MESSAGE][PASSED] - Object: 'Object Repository/PM/Huawei-vendor/Object-Type/TopX Object Types/TopX Sites/TopX North Jordan Arrow' is clicked on

2024-09-03 17:37:44 - [MESSAGE][PASSED] - Object: 'Object Repository/PM/Huawei-vendor/Object-Type/TopX Object Types/TopX Clusters/TopX North Jordan Cluster 4' is clicked on

2024-09-03 17:37:44 - [MESSAGE][PASSED] - Object: 'Object Repository/PM/Huawei-vendor/Object-Type/TopX Object Types/TopX Clusters/TopX North Jordan Cluster 14' is clicked on

2024-09-03 17:37:44 - [MESSAGE][PASSED] - Object: 'Object Repository/PM/Huawei-vendor/Object-Type/TopX Object Types/TopX Sites/TopX North Jordan CloseArrow' is clicked on

2024-09-03 17:37:44 - [MESSAGE][PASSED] - Object: 'Object Repository/PM/Huawei-vendor/Object-Type/TopX Object Types/TopX Sites/TopX South Jordan Arrow' is clicked on

2024-09-03 17:37:44 - [MESSAGE][PASSED] - Object: 'Object Repository/PM/Huawei-vendor/Object-Type/TopX Object Types/TopX Clusters/TopX South Jordan Cluster 7' is clicked on

2024-09-03 17:37:44 - [MESSAGE][PASSED] - Object: 'Object Repository/PM/Huawei-vendor/Object-Type/TopX Object Types/TopX Clusters/TopX South Jordan Cluster 8' is clicked on

2024-09-03 17:37:45 - [MESSAGE][PASSED] - Object: 'Object Repository/PM/Huawei-vendor/Object-Type/TopX Object Types/TopX Sites/TopX South Jordan CloseArrow' is clicked on

2024-09-03 17:37:45 - [MESSAGE][PASSED] - Object: 'Object Repository/PM/Huawei-vendor/Object-Type/TopX Object Types/TopX Sites/TopX South Amman Arrow' is clicked on

2024-09-03 17:37:45 - [MESSAGE][PASSED] - Object: 'Object Repository/PM/Huawei-vendor/Object-Type/TopX Object Types/TopX Clusters/TopX South Amman Cluster 1' is clicked on

2024-09-03 17:37:45 - [MESSAGE][PASSED] - Object: 'Object Repository/PM/Huawei-vendor/Object-Type/TopX Object Types/TopX Clusters/TopX South Amman Cluster 6' is clicked on

2024-09-03 17:37:45 - [MESSAGE][PASSED] - Object: 'Object Repository/PM/Huawei-vendor/Object-Type/TopX Object Types/TopX Sites/TopX South Amman CloseArrow' is clicked on

2024-09-03 17:37:45 - [MESSAGE][PASSED] - Object: 'Object Repository/PM/Huawei-vendor/Object-Type/TopX Object Types/TopX Sites/TopX East Jordan Arrow' is clicked on

2024-09-03 17:37:45 - [MESSAGE][PASSED] - Object: 'Object Repository/PM/Huawei-vendor/Object-Type/TopX Object Types/TopX Clusters/TopX East Jordan Cluster 10' is clicked on

2024-09-03 17:37:45 - [MESSAGE][PASSED] - Object: 'Object Repository/PM/Huawei-vendor/Object-Type/TopX Object Types/TopX Clusters/TopX East Jordan Cluster 11' is clicked on

2024-09-03 17:37:46 - [MESSAGE][PASSED] - Object: 'Object Repository/PM/Huawei-vendor/Object-Type/TopX Object Types/TopX Sites/TopX East Jordan CloseArrow' is clicked on

2024-09-03 17:37:46 - [MESSAGE][PASSED] - Object: 'Object Repository/PM/Huawei-vendor/Object-Type/TopX Object Types/TopX Sites/TopX Others Arrow' is clicked on

2024-09-03 17:37:46 - [MESSAGE][PASSED] - Object: 'Object Repository/PM/Huawei-vendor/Object-Type/TopX Object Types/TopX Clusters/TopX Others Cluster 60' is clicked on

2024-09-03 17:37:46 - [MESSAGE][PASSED] - Object: 'Object Repository/PM/Huawei-vendor/Object-Type/TopX Object Types/TopX Clusters/TopX Others Cluster 61' is clicked on

2024-09-03 17:37:46 - [MESSAGE][PASSED] - Object: 'Object Repository/PM/Huawei-vendor/Object-Type/TopX Object Types/TopX Sites/TopX Others CloseArrow' is clicked on

2024-09-03 17:37:48 - [MESSAGE][PASSED] - Delayed 2 second(s)

2024-09-03 17:37:48 - [MESSAGE][PASSED] - Object: 'Object Repository/SON/SonType/Type-Arrow' is clicked on

2024-09-03 17:37:49 - [MESSAGE][WARNING] - Timeout '0' is invalid. Using default page load timeout: '120'

2024-09-03 17:37:49 - [MESSAGE][PASSED] - Scroll to object 'Object Repository/SON/Exclude Options' successfully

2024-09-03 17:37:49 - [MESSAGE][PASSED] - Object: 'Object Repository/SON/Resolution/Hourly' is clicked on

2024-09-03 17:37:49 - [MESSAGE][PASSED] - Object: 'Object Repository/SON/Resolution/Weekly' is clicked on

2024-09-03 17:37:49 - [MESSAGE][PASSED] - Object: 'Object Repository/PM/Huawei-vendor/StartDate/Monthly-Selection' is clicked on

2024-09-03 17:37:49 - [MESSAGE][PASSED] - Object: 'Object Repository/PM/Huawei-vendor/StartDate/Fep-Selection' is clicked on

2024-09-03 17:37:50 - [MESSAGE][PASSED] - Delayed 1 second(s)

2024-09-03 17:37:51 - [MESSAGE][PASSED] - Object: 'Object Repository/PM/Huawei-vendor/StartDate/1-Fep' is clicked on

2024-09-03 17:37:51 - [MESSAGE][PASSED] - Object: 'Object Repository/PM/Huawei-vendor/Apply-Button' is clicked on

2024-09-03 17:37:54 - [MESSAGE][PASSED] - Web element with id: 'Object Repository/SON/Error' located by 'By.xpath: //div[@class='home-logo']' is not present after '200' second(s)

2024-09-03 17:37:54 - [MESSAGE][PASSED] - SON.son is PASSED]]></system-out>
         <system-err><![CDATA[]]></system-err>
      </testcase>
      <testcase name="Test Cases/SON/Huawei/2G/Governorate/Governorate Sleeping Cells Weekly" time="36.984" classname="Test Cases/SON/Huawei/2G/Governorate/Governorate Sleeping Cells Weekly" status="PASSED">
         <system-out><![CDATA[2024-09-03 17:37:54 - [TEST_CASE][PASSED] - Test Cases/SON/Huawei/2G/Governorate/Governorate Sleeping Cells Weekly: Test Cases/SON/Huawei/2G/Governorate/Governorate Sleeping Cells Weekly

2024-09-03 17:37:54 - [TEST_STEP][PASSED] - callTestCase(findTestCase("Login"), [:], STOP_ON_FAILURE): Call Test Case 'Test Cases/Login' successfully

2024-09-03 17:37:54 - [TEST_CASE][PASSED] - Test Cases/Login: Test Cases/Login

2024-09-03 17:37:54 - [TEST_STEP][PASSED] - driver = general.start(SwagerURL, NetCellURL): general.start is PASSED

2024-09-03 17:37:54 - [MESSAGE][INFO] - >>> chromeDriverPath=C:\Users\FatimaIbeid\.katalon\packages\Katalon_Studio_Windows_64-8.6.9\Katalon_Studio_Windows_64-8.6.9\configuration\resources\drivers\chromedriver_win32\chromedriver.exe

2024-09-03 17:37:55 - [MESSAGE][PASSED] - Current window maximized

2024-09-03 17:37:56 - [MESSAGE][PASSED] - Execute JavaScript 'window.open();' successfully

2024-09-03 17:37:56 - [MESSAGE][PASSED] - Switched to window with index: '1'

2024-09-03 17:38:07 - [MESSAGE][PASSED] - general.start is PASSED

2024-09-03 17:38:07 - [TEST_STEP][PASSED] - click(findTestObject("Object Repository/Login/LoginButton")): Object: 'Object Repository/Login/LoginButton' is clicked on

2024-09-03 17:38:07 - [MESSAGE][PASSED] - Object: 'Object Repository/Login/LoginButton' is clicked on

2024-09-03 17:38:07 - [TEST_STEP][PASSED] - switchToWindowIndex(2): Switched to window with index: '2'

2024-09-03 17:38:07 - [MESSAGE][PASSED] - Switched to window with index: '2'

2024-09-03 17:38:07 - [TEST_STEP][PASSED] - delay(1): Delayed 1 second(s)

2024-09-03 17:38:08 - [MESSAGE][PASSED] - Delayed 1 second(s)

2024-09-03 17:38:08 - [TEST_STEP][PASSED] - sendKeys(findTestObject("Object Repository/Login/EnterEmail"), "homam@zztjg.onmicrosoft.com"): Keys 'homam@zztjg.onmicrosoft.com' sent to object: 'Object Repository/Login/EnterEmail'

2024-09-03 17:38:09 - [MESSAGE][PASSED] - Keys 'homam@zztjg.onmicrosoft.com' sent to object: 'Object Repository/Login/EnterEmail'

2024-09-03 17:38:09 - [TEST_STEP][PASSED] - delay(1): Delayed 1 second(s)

2024-09-03 17:38:10 - [MESSAGE][PASSED] - Delayed 1 second(s)

2024-09-03 17:38:10 - [TEST_STEP][PASSED] - click(findTestObject("Object Repository/Login/NextButton")): Object: 'Object Repository/Login/NextButton' is clicked on

2024-09-03 17:38:10 - [MESSAGE][PASSED] - Object: 'Object Repository/Login/NextButton' is clicked on

2024-09-03 17:38:10 - [TEST_STEP][PASSED] - delay(2): Delayed 2 second(s)

2024-09-03 17:38:12 - [MESSAGE][PASSED] - Delayed 2 second(s)

2024-09-03 17:38:12 - [TEST_STEP][PASSED] - sendKeys(findTestObject("Object Repository/Login/EnterPassword"), "Holder12345"): Keys 'Holder12345' sent to object: 'Object Repository/Login/EnterPassword'

2024-09-03 17:38:12 - [MESSAGE][PASSED] - Keys 'Holder12345' sent to object: 'Object Repository/Login/EnterPassword'

2024-09-03 17:38:12 - [TEST_STEP][PASSED] - delay(1): Delayed 1 second(s)

2024-09-03 17:38:13 - [MESSAGE][PASSED] - Delayed 1 second(s)

2024-09-03 17:38:13 - [TEST_STEP][PASSED] - click(findTestObject("Object Repository/Login/SigninButton")): Object: 'Object Repository/Login/SigninButton' is clicked on

2024-09-03 17:38:14 - [MESSAGE][PASSED] - Object: 'Object Repository/Login/SigninButton' is clicked on

2024-09-03 17:38:14 - [TEST_STEP][PASSED] - delay(1): Delayed 1 second(s)

2024-09-03 17:38:15 - [MESSAGE][PASSED] - Delayed 1 second(s)

2024-09-03 17:38:15 - [TEST_STEP][PASSED] - click(findTestObject("Object Repository/Login/YesStayInButton")): Object: 'Object Repository/Login/YesStayInButton' is clicked on

2024-09-03 17:38:15 - [MESSAGE][PASSED] - Object: 'Object Repository/Login/YesStayInButton' is clicked on

2024-09-03 17:38:15 - [MESSAGE][PASSED] - Call Test Case 'Test Cases/Login' successfully

2024-09-03 17:38:15 - [TEST_STEP][PASSED] - switchToWindowIndex(1): Switched to window with index: '1'

2024-09-03 17:38:15 - [MESSAGE][PASSED] - Switched to window with index: '1'

2024-09-03 17:38:15 - [TEST_STEP][PASSED] - SON.son("huawei", "2G", "Governorate", "Sleeping Cells", "Weekly", ""): SON.son is PASSED

2024-09-03 17:38:17 - [MESSAGE][PASSED] - Object: 'Object Repository/SON/sonBtn' is clicked on

2024-09-03 17:38:17 - [MESSAGE][PASSED] - Switched to window with index: '2'

2024-09-03 17:38:20 - [MESSAGE][PASSED] - Object: 'Object Repository/PM/Huawei-vendor/Technology/Technology-Arrow' is clicked on

2024-09-03 17:38:20 - [MESSAGE][PASSED] - Object: 'Object Repository/PM/Huawei-vendor/Technology/2G' is clicked on

2024-09-03 17:38:20 - [MESSAGE][PASSED] - Object: 'Object Repository/PM/Huawei-vendor/TopX/TopX Object Type' is clicked on

2024-09-03 17:38:21 - [MESSAGE][PASSED] - Delayed 1 second(s)

2024-09-03 17:38:21 - [MESSAGE][PASSED] - Object: 'Object Repository/PM/Huawei-vendor/Object-Type/TopX Object Types/TopX Governorates/TopX Governorate' is clicked on

2024-09-03 17:38:22 - [MESSAGE][PASSED] - Delayed 1 second(s)

2024-09-03 17:38:22 - [MESSAGE][WARNING] - Timeout '0' is invalid. Using default page load timeout: '120'

2024-09-03 17:38:22 - [MESSAGE][PASSED] - Scroll to object 'Object Repository/PM/Huawei-vendor/Object Border' successfully

2024-09-03 17:38:23 - [MESSAGE][PASSED] - Object: 'Object Repository/PM/Huawei-vendor/Object-Type/TopX Object Types/TopX Governorates/TopX Amman' is clicked on

2024-09-03 17:38:23 - [MESSAGE][PASSED] - Object: 'Object Repository/PM/Huawei-vendor/Object-Type/TopX Object Types/TopX Governorates/TopX Irbid' is clicked on

2024-09-03 17:38:23 - [MESSAGE][PASSED] - Object: 'Object Repository/PM/Huawei-vendor/Object-Type/TopX Object Types/TopX Governorates/TopX Aqaba' is clicked on

2024-09-03 17:38:23 - [MESSAGE][PASSED] - Object: 'Object Repository/PM/Huawei-vendor/Object-Type/TopX Object Types/TopX Governorates/TopX Jerash' is clicked on

2024-09-03 17:38:23 - [MESSAGE][PASSED] - Object: 'Object Repository/PM/Huawei-vendor/Object-Type/TopX Object Types/TopX Governorates/TopX Mafraq' is clicked on

2024-09-03 17:38:23 - [MESSAGE][PASSED] - Object: 'Object Repository/PM/Huawei-vendor/Object-Type/TopX Object Types/TopX Governorates/TopX Zarqa' is clicked on

2024-09-03 17:38:25 - [MESSAGE][PASSED] - Delayed 2 second(s)

2024-09-03 17:38:26 - [MESSAGE][PASSED] - Object: 'Object Repository/SON/SonType/Type-Arrow' is clicked on

2024-09-03 17:38:26 - [MESSAGE][WARNING] - Timeout '0' is invalid. Using default page load timeout: '120'

2024-09-03 17:38:26 - [MESSAGE][PASSED] - Scroll to object 'Object Repository/SON/Exclude Options' successfully

2024-09-03 17:38:26 - [MESSAGE][PASSED] - Object: 'Object Repository/SON/Resolution/Hourly' is clicked on

2024-09-03 17:38:26 - [MESSAGE][PASSED] - Object: 'Object Repository/SON/Resolution/Weekly' is clicked on

2024-09-03 17:38:26 - [MESSAGE][PASSED] - Object: 'Object Repository/PM/Huawei-vendor/StartDate/Monthly-Selection' is clicked on

2024-09-03 17:38:26 - [MESSAGE][PASSED] - Object: 'Object Repository/PM/Huawei-vendor/StartDate/Fep-Selection' is clicked on

2024-09-03 17:38:27 - [MESSAGE][PASSED] - Delayed 1 second(s)

2024-09-03 17:38:28 - [MESSAGE][PASSED] - Object: 'Object Repository/PM/Huawei-vendor/StartDate/1-Fep' is clicked on

2024-09-03 17:38:28 - [MESSAGE][PASSED] - Object: 'Object Repository/PM/Huawei-vendor/Apply-Button' is clicked on

2024-09-03 17:38:31 - [MESSAGE][PASSED] - Web element with id: 'Object Repository/SON/Error' located by 'By.xpath: //div[@class='home-logo']' is not present after '200' second(s)

2024-09-03 17:38:31 - [MESSAGE][PASSED] - SON.son is PASSED]]></system-out>
         <system-err><![CDATA[]]></system-err>
      </testcase>
      <testcase name="Test Cases/SON/Huawei/2G/PLMN/PLMN Sleeping Cells Monthly" time="38.005" classname="Test Cases/SON/Huawei/2G/PLMN/PLMN Sleeping Cells Monthly" status="PASSED">
         <system-out><![CDATA[2024-09-03 17:38:31 - [TEST_CASE][PASSED] - Test Cases/SON/Huawei/2G/PLMN/PLMN Sleeping Cells Monthly: Test Cases/SON/Huawei/2G/PLMN/PLMN Sleeping Cells Monthly

2024-09-03 17:38:31 - [TEST_STEP][PASSED] - callTestCase(findTestCase("Login"), [:], STOP_ON_FAILURE): Call Test Case 'Test Cases/Login' successfully

2024-09-03 17:38:31 - [TEST_CASE][PASSED] - Test Cases/Login: Test Cases/Login

2024-09-03 17:38:31 - [TEST_STEP][PASSED] - driver = general.start(SwagerURL, NetCellURL): general.start is PASSED

2024-09-03 17:38:31 - [MESSAGE][INFO] - >>> chromeDriverPath=C:\Users\FatimaIbeid\.katalon\packages\Katalon_Studio_Windows_64-8.6.9\Katalon_Studio_Windows_64-8.6.9\configuration\resources\drivers\chromedriver_win32\chromedriver.exe

2024-09-03 17:38:33 - [MESSAGE][PASSED] - Current window maximized

2024-09-03 17:38:33 - [MESSAGE][PASSED] - Execute JavaScript 'window.open();' successfully

2024-09-03 17:38:34 - [MESSAGE][PASSED] - Switched to window with index: '1'

2024-09-03 17:38:34 - [MESSAGE][PASSED] - general.start is PASSED

2024-09-03 17:38:34 - [TEST_STEP][PASSED] - click(findTestObject("Object Repository/Login/LoginButton")): Object: 'Object Repository/Login/LoginButton' is clicked on

2024-09-03 17:38:45 - [MESSAGE][PASSED] - Object: 'Object Repository/Login/LoginButton' is clicked on

2024-09-03 17:38:45 - [TEST_STEP][PASSED] - switchToWindowIndex(2): Switched to window with index: '2'

2024-09-03 17:38:46 - [MESSAGE][PASSED] - Switched to window with index: '2'

2024-09-03 17:38:46 - [TEST_STEP][PASSED] - delay(1): Delayed 1 second(s)

2024-09-03 17:38:47 - [MESSAGE][PASSED] - Delayed 1 second(s)

2024-09-03 17:38:47 - [TEST_STEP][PASSED] - sendKeys(findTestObject("Object Repository/Login/EnterEmail"), "homam@zztjg.onmicrosoft.com"): Keys 'homam@zztjg.onmicrosoft.com' sent to object: 'Object Repository/Login/EnterEmail'

2024-09-03 17:38:48 - [MESSAGE][PASSED] - Keys 'homam@zztjg.onmicrosoft.com' sent to object: 'Object Repository/Login/EnterEmail'

2024-09-03 17:38:48 - [TEST_STEP][PASSED] - delay(1): Delayed 1 second(s)

2024-09-03 17:38:49 - [MESSAGE][PASSED] - Delayed 1 second(s)

2024-09-03 17:38:49 - [TEST_STEP][PASSED] - click(findTestObject("Object Repository/Login/NextButton")): Object: 'Object Repository/Login/NextButton' is clicked on

2024-09-03 17:38:49 - [MESSAGE][PASSED] - Object: 'Object Repository/Login/NextButton' is clicked on

2024-09-03 17:38:49 - [TEST_STEP][PASSED] - delay(2): Delayed 2 second(s)

2024-09-03 17:38:51 - [MESSAGE][PASSED] - Delayed 2 second(s)

2024-09-03 17:38:51 - [TEST_STEP][PASSED] - sendKeys(findTestObject("Object Repository/Login/EnterPassword"), "Holder12345"): Keys 'Holder12345' sent to object: 'Object Repository/Login/EnterPassword'

2024-09-03 17:38:51 - [MESSAGE][PASSED] - Keys 'Holder12345' sent to object: 'Object Repository/Login/EnterPassword'

2024-09-03 17:38:51 - [TEST_STEP][PASSED] - delay(1): Delayed 1 second(s)

2024-09-03 17:38:52 - [MESSAGE][PASSED] - Delayed 1 second(s)

2024-09-03 17:38:52 - [TEST_STEP][PASSED] - click(findTestObject("Object Repository/Login/SigninButton")): Object: 'Object Repository/Login/SigninButton' is clicked on

2024-09-03 17:38:53 - [MESSAGE][PASSED] - Object: 'Object Repository/Login/SigninButton' is clicked on

2024-09-03 17:38:53 - [TEST_STEP][PASSED] - delay(1): Delayed 1 second(s)

2024-09-03 17:38:54 - [MESSAGE][PASSED] - Delayed 1 second(s)

2024-09-03 17:38:54 - [TEST_STEP][PASSED] - click(findTestObject("Object Repository/Login/YesStayInButton")): Object: 'Object Repository/Login/YesStayInButton' is clicked on

2024-09-03 17:38:54 - [MESSAGE][PASSED] - Object: 'Object Repository/Login/YesStayInButton' is clicked on

2024-09-03 17:38:54 - [MESSAGE][PASSED] - Call Test Case 'Test Cases/Login' successfully

2024-09-03 17:38:54 - [TEST_STEP][PASSED] - switchToWindowIndex(1): Switched to window with index: '1'

2024-09-03 17:38:54 - [MESSAGE][PASSED] - Switched to window with index: '1'

2024-09-03 17:38:54 - [TEST_STEP][PASSED] - SON.son("huawei", "2G", "PLMN", "Sleeping Cells", "Monthly", ""): SON.son is PASSED

2024-09-03 17:38:56 - [MESSAGE][PASSED] - Object: 'Object Repository/SON/sonBtn' is clicked on

2024-09-03 17:38:56 - [MESSAGE][PASSED] - Switched to window with index: '2'

2024-09-03 17:38:56 - [MESSAGE][PASSED] - Object: 'Object Repository/PM/Huawei-vendor/Technology/Technology-Arrow' is clicked on

2024-09-03 17:38:57 - [MESSAGE][PASSED] - Object: 'Object Repository/PM/Huawei-vendor/Technology/2G' is clicked on

2024-09-03 17:38:57 - [MESSAGE][PASSED] - Object: 'Object Repository/PM/Huawei-vendor/TopX/TopX Object Type' is clicked on

2024-09-03 17:38:58 - [MESSAGE][PASSED] - Delayed 1 second(s)

2024-09-03 17:38:58 - [MESSAGE][PASSED] - Object: 'Object Repository/PM/Huawei-vendor/Object-Type/TopX Object Types/TopX PLMNs/TopX PLMN' is clicked on

2024-09-03 17:38:59 - [MESSAGE][PASSED] - Delayed 1 second(s)

2024-09-03 17:38:59 - [MESSAGE][PASSED] - Object: 'Object Repository/PM/Huawei-vendor/Object-Type/TopX Object Types/TopX PLMNs/TopX PLMN checkbox' is clicked on

2024-09-03 17:39:01 - [MESSAGE][PASSED] - Delayed 2 second(s)

2024-09-03 17:39:01 - [MESSAGE][PASSED] - Object: 'Object Repository/SON/SonType/Type-Arrow' is clicked on

2024-09-03 17:39:01 - [MESSAGE][WARNING] - Timeout '0' is invalid. Using default page load timeout: '120'

2024-09-03 17:39:01 - [MESSAGE][PASSED] - Scroll to object 'Object Repository/SON/Exclude Options' successfully

2024-09-03 17:39:02 - [MESSAGE][PASSED] - Object: 'Object Repository/SON/Resolution/Hourly' is clicked on

2024-09-03 17:39:02 - [MESSAGE][PASSED] - Object: 'Object Repository/SON/Resolution/Monthly' is clicked on

2024-09-03 17:39:02 - [MESSAGE][PASSED] - Object: 'Object Repository/PM/Huawei-vendor/StartDate/Monthly-Selection' is clicked on

2024-09-03 17:39:02 - [MESSAGE][PASSED] - Object: 'Object Repository/PM/Huawei-vendor/StartDate/Fep-Selection' is clicked on

2024-09-03 17:39:03 - [MESSAGE][PASSED] - Delayed 1 second(s)

2024-09-03 17:39:03 - [MESSAGE][PASSED] - Object: 'Object Repository/PM/Huawei-vendor/StartDate/1-Fep' is clicked on

2024-09-03 17:39:04 - [MESSAGE][PASSED] - Object: 'Object Repository/PM/Huawei-vendor/Apply-Button' is clicked on

2024-09-03 17:39:09 - [MESSAGE][PASSED] - Web element with id: 'Object Repository/SON/Error' located by 'By.xpath: //div[@class='home-logo']' is not present after '200' second(s)

2024-09-03 17:39:09 - [MESSAGE][PASSED] - SON.son is PASSED]]></system-out>
         <system-err><![CDATA[]]></system-err>
      </testcase>
      <testcase name="Test Cases/SON/Huawei/2G/Region/Region Sleeping Cells Monthly" time="40.099" classname="Test Cases/SON/Huawei/2G/Region/Region Sleeping Cells Monthly" status="PASSED">
         <system-out><![CDATA[2024-09-03 17:39:09 - [TEST_CASE][PASSED] - Test Cases/SON/Huawei/2G/Region/Region Sleeping Cells Monthly: Test Cases/SON/Huawei/2G/Region/Region Sleeping Cells Monthly

2024-09-03 17:39:09 - [TEST_STEP][PASSED] - callTestCase(findTestCase("Login"), [:], STOP_ON_FAILURE): Call Test Case 'Test Cases/Login' successfully

2024-09-03 17:39:09 - [TEST_CASE][PASSED] - Test Cases/Login: Test Cases/Login

2024-09-03 17:39:09 - [TEST_STEP][PASSED] - driver = general.start(SwagerURL, NetCellURL): general.start is PASSED

2024-09-03 17:39:09 - [MESSAGE][INFO] - >>> chromeDriverPath=C:\Users\FatimaIbeid\.katalon\packages\Katalon_Studio_Windows_64-8.6.9\Katalon_Studio_Windows_64-8.6.9\configuration\resources\drivers\chromedriver_win32\chromedriver.exe

2024-09-03 17:39:10 - [MESSAGE][PASSED] - Current window maximized

2024-09-03 17:39:11 - [MESSAGE][PASSED] - Execute JavaScript 'window.open();' successfully

2024-09-03 17:39:11 - [MESSAGE][PASSED] - Switched to window with index: '1'

2024-09-03 17:39:22 - [MESSAGE][PASSED] - general.start is PASSED

2024-09-03 17:39:22 - [TEST_STEP][PASSED] - click(findTestObject("Object Repository/Login/LoginButton")): Object: 'Object Repository/Login/LoginButton' is clicked on

2024-09-03 17:39:22 - [MESSAGE][PASSED] - Object: 'Object Repository/Login/LoginButton' is clicked on

2024-09-03 17:39:22 - [TEST_STEP][PASSED] - switchToWindowIndex(2): Switched to window with index: '2'

2024-09-03 17:39:23 - [MESSAGE][PASSED] - Switched to window with index: '2'

2024-09-03 17:39:23 - [TEST_STEP][PASSED] - delay(1): Delayed 1 second(s)

2024-09-03 17:39:24 - [MESSAGE][PASSED] - Delayed 1 second(s)

2024-09-03 17:39:24 - [TEST_STEP][PASSED] - sendKeys(findTestObject("Object Repository/Login/EnterEmail"), "homam@zztjg.onmicrosoft.com"): Keys 'homam@zztjg.onmicrosoft.com' sent to object: 'Object Repository/Login/EnterEmail'

2024-09-03 17:39:25 - [MESSAGE][PASSED] - Keys 'homam@zztjg.onmicrosoft.com' sent to object: 'Object Repository/Login/EnterEmail'

2024-09-03 17:39:25 - [TEST_STEP][PASSED] - delay(1): Delayed 1 second(s)

2024-09-03 17:39:26 - [MESSAGE][PASSED] - Delayed 1 second(s)

2024-09-03 17:39:26 - [TEST_STEP][PASSED] - click(findTestObject("Object Repository/Login/NextButton")): Object: 'Object Repository/Login/NextButton' is clicked on

2024-09-03 17:39:26 - [MESSAGE][PASSED] - Object: 'Object Repository/Login/NextButton' is clicked on

2024-09-03 17:39:26 - [TEST_STEP][PASSED] - delay(2): Delayed 2 second(s)

2024-09-03 17:39:28 - [MESSAGE][PASSED] - Delayed 2 second(s)

2024-09-03 17:39:28 - [TEST_STEP][PASSED] - sendKeys(findTestObject("Object Repository/Login/EnterPassword"), "Holder12345"): Keys 'Holder12345' sent to object: 'Object Repository/Login/EnterPassword'

2024-09-03 17:39:28 - [MESSAGE][PASSED] - Keys 'Holder12345' sent to object: 'Object Repository/Login/EnterPassword'

2024-09-03 17:39:28 - [TEST_STEP][PASSED] - delay(1): Delayed 1 second(s)

2024-09-03 17:39:29 - [MESSAGE][PASSED] - Delayed 1 second(s)

2024-09-03 17:39:29 - [TEST_STEP][PASSED] - click(findTestObject("Object Repository/Login/SigninButton")): Object: 'Object Repository/Login/SigninButton' is clicked on

2024-09-03 17:39:29 - [MESSAGE][PASSED] - Object: 'Object Repository/Login/SigninButton' is clicked on

2024-09-03 17:39:29 - [TEST_STEP][PASSED] - delay(1): Delayed 1 second(s)

2024-09-03 17:39:30 - [MESSAGE][PASSED] - Delayed 1 second(s)

2024-09-03 17:39:30 - [TEST_STEP][PASSED] - click(findTestObject("Object Repository/Login/YesStayInButton")): Object: 'Object Repository/Login/YesStayInButton' is clicked on

2024-09-03 17:39:32 - [MESSAGE][PASSED] - Object: 'Object Repository/Login/YesStayInButton' is clicked on

2024-09-03 17:39:32 - [MESSAGE][PASSED] - Call Test Case 'Test Cases/Login' successfully

2024-09-03 17:39:32 - [TEST_STEP][PASSED] - switchToWindowIndex(1): Switched to window with index: '1'

2024-09-03 17:39:32 - [MESSAGE][PASSED] - Switched to window with index: '1'

2024-09-03 17:39:32 - [TEST_STEP][PASSED] - SON.son("huawei", "2G", "Region", "Sleeping Cells", "Monthly", ""): SON.son is PASSED

2024-09-03 17:39:33 - [MESSAGE][PASSED] - Object: 'Object Repository/SON/sonBtn' is clicked on

2024-09-03 17:39:33 - [MESSAGE][PASSED] - Switched to window with index: '2'

2024-09-03 17:39:35 - [MESSAGE][PASSED] - Object: 'Object Repository/PM/Huawei-vendor/Technology/Technology-Arrow' is clicked on

2024-09-03 17:39:35 - [MESSAGE][PASSED] - Object: 'Object Repository/PM/Huawei-vendor/Technology/2G' is clicked on

2024-09-03 17:39:35 - [MESSAGE][PASSED] - Object: 'Object Repository/PM/Huawei-vendor/TopX/TopX Object Type' is clicked on

2024-09-03 17:39:36 - [MESSAGE][PASSED] - Delayed 1 second(s)

2024-09-03 17:39:37 - [MESSAGE][PASSED] - Object: 'Object Repository/PM/Huawei-vendor/Object-Type/TopX Object Types/TopX Regions/TopX Region' is clicked on

2024-09-03 17:39:38 - [MESSAGE][PASSED] - Delayed 1 second(s)

2024-09-03 17:39:38 - [MESSAGE][WARNING] - Timeout '0' is invalid. Using default page load timeout: '120'

2024-09-03 17:39:38 - [MESSAGE][PASSED] - Scroll to object 'Object Repository/PM/Huawei-vendor/Object Border' successfully

2024-09-03 17:39:38 - [MESSAGE][PASSED] - Object: 'Object Repository/PM/Huawei-vendor/Object-Type/TopX Object Types/TopX Regions/TopX Region East Amman' is clicked on

2024-09-03 17:39:38 - [MESSAGE][PASSED] - Object: 'Object Repository/PM/Huawei-vendor/Object-Type/TopX Object Types/TopX Regions/TopX Region West Amman' is clicked on

2024-09-03 17:39:38 - [MESSAGE][PASSED] - Object: 'Object Repository/PM/Huawei-vendor/Object-Type/TopX Object Types/TopX Regions/TopX Region South Amman' is clicked on

2024-09-03 17:39:38 - [MESSAGE][PASSED] - Object: 'Object Repository/PM/Huawei-vendor/Object-Type/TopX Object Types/TopX Regions/TopX Region South Jordan' is clicked on

2024-09-03 17:39:38 - [MESSAGE][PASSED] - Object: 'Object Repository/PM/Huawei-vendor/Object-Type/TopX Object Types/TopX Regions/TopX Region North Jordan' is clicked on

2024-09-03 17:39:39 - [MESSAGE][PASSED] - Object: 'Object Repository/PM/Huawei-vendor/Object-Type/TopX Object Types/TopX Regions/TopX Region East Jordan' is clicked on

2024-09-03 17:39:39 - [MESSAGE][PASSED] - Object: 'Object Repository/PM/Huawei-vendor/Object-Type/TopX Object Types/TopX Regions/TopX Region Others' is clicked on

2024-09-03 17:39:41 - [MESSAGE][PASSED] - Delayed 2 second(s)

2024-09-03 17:39:41 - [MESSAGE][PASSED] - Object: 'Object Repository/SON/SonType/Type-Arrow' is clicked on

2024-09-03 17:39:41 - [MESSAGE][WARNING] - Timeout '0' is invalid. Using default page load timeout: '120'

2024-09-03 17:39:41 - [MESSAGE][PASSED] - Scroll to object 'Object Repository/SON/Exclude Options' successfully

2024-09-03 17:39:41 - [MESSAGE][PASSED] - Object: 'Object Repository/SON/Resolution/Hourly' is clicked on

2024-09-03 17:39:41 - [MESSAGE][PASSED] - Object: 'Object Repository/SON/Resolution/Monthly' is clicked on

2024-09-03 17:39:42 - [MESSAGE][PASSED] - Object: 'Object Repository/PM/Huawei-vendor/StartDate/Monthly-Selection' is clicked on

2024-09-03 17:39:42 - [MESSAGE][PASSED] - Object: 'Object Repository/PM/Huawei-vendor/StartDate/Fep-Selection' is clicked on

2024-09-03 17:39:43 - [MESSAGE][PASSED] - Delayed 1 second(s)

2024-09-03 17:39:43 - [MESSAGE][PASSED] - Object: 'Object Repository/PM/Huawei-vendor/StartDate/1-Fep' is clicked on

2024-09-03 17:39:43 - [MESSAGE][PASSED] - Object: 'Object Repository/PM/Huawei-vendor/Apply-Button' is clicked on

2024-09-03 17:39:49 - [MESSAGE][PASSED] - Web element with id: 'Object Repository/SON/Error' located by 'By.xpath: //div[@class='home-logo']' is not present after '200' second(s)

2024-09-03 17:39:49 - [MESSAGE][PASSED] - SON.son is PASSED]]></system-out>
         <system-err><![CDATA[]]></system-err>
      </testcase>
      <testcase name="Test Cases/SON/Huawei/2G/Site/Site Sleeping Cells Monthly" time="150.014" classname="Test Cases/SON/Huawei/2G/Site/Site Sleeping Cells Monthly" status="FAILED">
         <failure type="FAILED" message="Test Cases/SON/Huawei/2G/Site/Site Sleeping Cells Monthly FAILED.
Reason:
com.kms.katalon.core.exception.StepFailedException: Unable to click on object 'Object Repository/SON/ObjectType/East Amman site1'
	at com.kms.katalon.core.webui.keyword.internal.WebUIKeywordMain.stepFailed(WebUIKeywordMain.groovy:64)
	at com.kms.katalon.core.webui.keyword.internal.WebUIKeywordMain.runKeyword(WebUIKeywordMain.groovy:26)
	at com.kms.katalon.core.webui.keyword.builtin.ClickKeyword.click(ClickKeyword.groovy:74)
	at com.kms.katalon.core.webui.keyword.builtin.ClickKeyword.execute(ClickKeyword.groovy:40)
	at com.kms.katalon.core.keyword.internal.KeywordExecutor.executeKeywordForPlatform(KeywordExecutor.groovy:74)
	at com.kms.katalon.core.webui.keyword.WebUiBuiltInKeywords.click(WebUiBuiltInKeywords.groovy:620)
	at com.kms.katalon.core.webui.keyword.WebUiBuiltInKeywords$click$2.call(Unknown Source)
	at SON.selectObjectType(SON.groovy:146)
	at SON.son(SON.groovy:73)
	at SON.invokeMethod(SON.groovy)
	at com.kms.katalon.core.main.CustomKeywordDelegatingMetaClass.invokeStaticMethod(CustomKeywordDelegatingMetaClass.java:55)
	at Site Sleeping Cells Monthly.run(Site Sleeping Cells Monthly:25)
	at com.kms.katalon.core.main.ScriptEngine.run(ScriptEngine.java:194)
	at com.kms.katalon.core.main.ScriptEngine.runScriptAsRawText(ScriptEngine.java:119)
	at com.kms.katalon.core.main.TestCaseExecutor.runScript(TestCaseExecutor.java:448)
	at com.kms.katalon.core.main.TestCaseExecutor.doExecute(TestCaseExecutor.java:439)
	at com.kms.katalon.core.main.TestCaseExecutor.processExecutionPhase(TestCaseExecutor.java:418)
	at com.kms.katalon.core.main.TestCaseExecutor.accessMainPhase(TestCaseExecutor.java:410)
	at com.kms.katalon.core.main.TestCaseExecutor.execute(TestCaseExecutor.java:285)
	at com.kms.katalon.core.common.CommonExecutor.accessTestCaseMainPhase(CommonExecutor.java:65)
	at com.kms.katalon.core.main.TestSuiteExecutor.accessTestSuiteMainPhase(TestSuiteExecutor.java:148)
	at com.kms.katalon.core.main.TestSuiteExecutor.execute(TestSuiteExecutor.java:106)
	at com.kms.katalon.core.main.TestCaseMain.startTestSuite(TestCaseMain.java:187)
	at com.kms.katalon.core.main.TestCaseMain$startTestSuite$0.call(Unknown Source)
	at TempTestSuite1725371051772.run(TempTestSuite1725371051772.groovy:35)
Caused by: com.kms.katalon.core.webui.exception.WebElementNotFoundException: Web element with id: 'Object Repository/SON/ObjectType/East Amman site1' located by '//span[contains(text(),'301-ULT_King_Hussein_St_PD_Fiber_Manage')]' not found
	at com.kms.katalon.core.webui.common.WebUiCommonHelper.findWebElement(WebUiCommonHelper.java:1381)
	at com.kms.katalon.core.webui.keyword.internal.WebUIAbstractKeyword.findWebElement(WebUIAbstractKeyword.groovy:27)
	at com.kms.katalon.core.webui.keyword.builtin.ClickKeyword$_click_closure1.doCall(ClickKeyword.groovy:65)
	at com.kms.katalon.core.webui.keyword.builtin.ClickKeyword$_click_closure1.call(ClickKeyword.groovy)
	at com.kms.katalon.core.webui.keyword.internal.WebUIKeywordMain.runKeyword(WebUIKeywordMain.groovy:20)
	... 23 more
"/>
         <system-out><![CDATA[2024-09-03 17:39:49 - [TEST_CASE][FAILED] - Test Cases/SON/Huawei/2G/Site/Site Sleeping Cells Monthly: Test Cases/SON/Huawei/2G/Site/Site Sleeping Cells Monthly FAILED.
Reason:
com.kms.katalon.core.exception.StepFailedException: Unable to click on object 'Object Repository/SON/ObjectType/East Amman site1'
	at com.kms.katalon.core.webui.keyword.internal.WebUIKeywordMain.stepFailed(WebUIKeywordMain.groovy:64)
	at com.kms.katalon.core.webui.keyword.internal.WebUIKeywordMain.runKeyword(WebUIKeywordMain.groovy:26)
	at com.kms.katalon.core.webui.keyword.builtin.ClickKeyword.click(ClickKeyword.groovy:74)
	at com.kms.katalon.core.webui.keyword.builtin.ClickKeyword.execute(ClickKeyword.groovy:40)
	at com.kms.katalon.core.keyword.internal.KeywordExecutor.executeKeywordForPlatform(KeywordExecutor.groovy:74)
	at com.kms.katalon.core.webui.keyword.WebUiBuiltInKeywords.click(WebUiBuiltInKeywords.groovy:620)
	at com.kms.katalon.core.webui.keyword.WebUiBuiltInKeywords$click$2.call(Unknown Source)
	at SON.selectObjectType(SON.groovy:146)
	at SON.son(SON.groovy:73)
	at SON.invokeMethod(SON.groovy)
	at com.kms.katalon.core.main.CustomKeywordDelegatingMetaClass.invokeStaticMethod(CustomKeywordDelegatingMetaClass.java:55)
	at Site Sleeping Cells Monthly.run(Site Sleeping Cells Monthly:25)
	at com.kms.katalon.core.main.ScriptEngine.run(ScriptEngine.java:194)
	at com.kms.katalon.core.main.ScriptEngine.runScriptAsRawText(ScriptEngine.java:119)
	at com.kms.katalon.core.main.TestCaseExecutor.runScript(TestCaseExecutor.java:448)
	at com.kms.katalon.core.main.TestCaseExecutor.doExecute(TestCaseExecutor.java:439)
	at com.kms.katalon.core.main.TestCaseExecutor.processExecutionPhase(TestCaseExecutor.java:418)
	at com.kms.katalon.core.main.TestCaseExecutor.accessMainPhase(TestCaseExecutor.java:410)
	at com.kms.katalon.core.main.TestCaseExecutor.execute(TestCaseExecutor.java:285)
	at com.kms.katalon.core.common.CommonExecutor.accessTestCaseMainPhase(CommonExecutor.java:65)
	at com.kms.katalon.core.main.TestSuiteExecutor.accessTestSuiteMainPhase(TestSuiteExecutor.java:148)
	at com.kms.katalon.core.main.TestSuiteExecutor.execute(TestSuiteExecutor.java:106)
	at com.kms.katalon.core.main.TestCaseMain.startTestSuite(TestCaseMain.java:187)
	at com.kms.katalon.core.main.TestCaseMain$startTestSuite$0.call(Unknown Source)
	at TempTestSuite1725371051772.run(TempTestSuite1725371051772.groovy:35)
Caused by: com.kms.katalon.core.webui.exception.WebElementNotFoundException: Web element with id: 'Object Repository/SON/ObjectType/East Amman site1' located by '//span[contains(text(),'301-ULT_King_Hussein_St_PD_Fiber_Manage')]' not found
	at com.kms.katalon.core.webui.common.WebUiCommonHelper.findWebElement(WebUiCommonHelper.java:1381)
	at com.kms.katalon.core.webui.keyword.internal.WebUIAbstractKeyword.findWebElement(WebUIAbstractKeyword.groovy:27)
	at com.kms.katalon.core.webui.keyword.builtin.ClickKeyword$_click_closure1.doCall(ClickKeyword.groovy:65)
	at com.kms.katalon.core.webui.keyword.builtin.ClickKeyword$_click_closure1.call(ClickKeyword.groovy)
	at com.kms.katalon.core.webui.keyword.internal.WebUIKeywordMain.runKeyword(WebUIKeywordMain.groovy:20)
	... 23 more


2024-09-03 17:39:49 - [TEST_STEP][PASSED] - callTestCase(findTestCase("Login"), [:], STOP_ON_FAILURE): Call Test Case 'Test Cases/Login' successfully

2024-09-03 17:39:49 - [TEST_CASE][PASSED] - Test Cases/Login: Test Cases/Login

2024-09-03 17:39:49 - [TEST_STEP][PASSED] - driver = general.start(SwagerURL, NetCellURL): general.start is PASSED

2024-09-03 17:39:49 - [MESSAGE][INFO] - >>> chromeDriverPath=C:\Users\FatimaIbeid\.katalon\packages\Katalon_Studio_Windows_64-8.6.9\Katalon_Studio_Windows_64-8.6.9\configuration\resources\drivers\chromedriver_win32\chromedriver.exe

2024-09-03 17:39:50 - [MESSAGE][PASSED] - Current window maximized

2024-09-03 17:39:51 - [MESSAGE][PASSED] - Execute JavaScript 'window.open();' successfully

2024-09-03 17:39:51 - [MESSAGE][PASSED] - Switched to window with index: '1'

2024-09-03 17:40:03 - [MESSAGE][PASSED] - general.start is PASSED

2024-09-03 17:40:03 - [TEST_STEP][PASSED] - click(findTestObject("Object Repository/Login/LoginButton")): Object: 'Object Repository/Login/LoginButton' is clicked on

2024-09-03 17:40:03 - [MESSAGE][PASSED] - Object: 'Object Repository/Login/LoginButton' is clicked on

2024-09-03 17:40:03 - [TEST_STEP][PASSED] - switchToWindowIndex(2): Switched to window with index: '2'

2024-09-03 17:40:03 - [MESSAGE][PASSED] - Switched to window with index: '2'

2024-09-03 17:40:03 - [TEST_STEP][PASSED] - delay(1): Delayed 1 second(s)

2024-09-03 17:40:04 - [MESSAGE][PASSED] - Delayed 1 second(s)

2024-09-03 17:40:04 - [TEST_STEP][PASSED] - sendKeys(findTestObject("Object Repository/Login/EnterEmail"), "homam@zztjg.onmicrosoft.com"): Keys 'homam@zztjg.onmicrosoft.com' sent to object: 'Object Repository/Login/EnterEmail'

2024-09-03 17:40:05 - [MESSAGE][PASSED] - Keys 'homam@zztjg.onmicrosoft.com' sent to object: 'Object Repository/Login/EnterEmail'

2024-09-03 17:40:05 - [TEST_STEP][PASSED] - delay(1): Delayed 1 second(s)

2024-09-03 17:40:06 - [MESSAGE][PASSED] - Delayed 1 second(s)

2024-09-03 17:40:06 - [TEST_STEP][PASSED] - click(findTestObject("Object Repository/Login/NextButton")): Object: 'Object Repository/Login/NextButton' is clicked on

2024-09-03 17:40:07 - [MESSAGE][PASSED] - Object: 'Object Repository/Login/NextButton' is clicked on

2024-09-03 17:40:07 - [TEST_STEP][PASSED] - delay(2): Delayed 2 second(s)

2024-09-03 17:40:09 - [MESSAGE][PASSED] - Delayed 2 second(s)

2024-09-03 17:40:09 - [TEST_STEP][PASSED] - sendKeys(findTestObject("Object Repository/Login/EnterPassword"), "Holder12345"): Keys 'Holder12345' sent to object: 'Object Repository/Login/EnterPassword'

2024-09-03 17:40:09 - [MESSAGE][PASSED] - Keys 'Holder12345' sent to object: 'Object Repository/Login/EnterPassword'

2024-09-03 17:40:09 - [TEST_STEP][PASSED] - delay(1): Delayed 1 second(s)

2024-09-03 17:40:10 - [MESSAGE][PASSED] - Delayed 1 second(s)

2024-09-03 17:40:10 - [TEST_STEP][PASSED] - click(findTestObject("Object Repository/Login/SigninButton")): Object: 'Object Repository/Login/SigninButton' is clicked on

2024-09-03 17:40:10 - [MESSAGE][PASSED] - Object: 'Object Repository/Login/SigninButton' is clicked on

2024-09-03 17:40:10 - [TEST_STEP][PASSED] - delay(1): Delayed 1 second(s)

2024-09-03 17:40:11 - [MESSAGE][PASSED] - Delayed 1 second(s)

2024-09-03 17:40:11 - [TEST_STEP][PASSED] - click(findTestObject("Object Repository/Login/YesStayInButton")): Object: 'Object Repository/Login/YesStayInButton' is clicked on

2024-09-03 17:40:12 - [MESSAGE][PASSED] - Object: 'Object Repository/Login/YesStayInButton' is clicked on

2024-09-03 17:40:12 - [MESSAGE][PASSED] - Call Test Case 'Test Cases/Login' successfully

2024-09-03 17:40:12 - [TEST_STEP][PASSED] - switchToWindowIndex(1): Switched to window with index: '1'

2024-09-03 17:40:12 - [MESSAGE][PASSED] - Switched to window with index: '1'

2024-09-03 17:40:12 - [TEST_STEP][FAILED] - SON.son("huawei", "2G", "Site", "Sleeping Cells", "Monthly", ""): Unable to click on object 'Object Repository/SON/ObjectType/East Amman site1'

2024-09-03 17:40:14 - [MESSAGE][PASSED] - Object: 'Object Repository/SON/sonBtn' is clicked on

2024-09-03 17:40:14 - [MESSAGE][PASSED] - Switched to window with index: '2'

2024-09-03 17:40:15 - [MESSAGE][PASSED] - Object: 'Object Repository/PM/Huawei-vendor/Technology/Technology-Arrow' is clicked on

2024-09-03 17:40:15 - [MESSAGE][PASSED] - Object: 'Object Repository/PM/Huawei-vendor/Technology/2G' is clicked on

2024-09-03 17:40:15 - [MESSAGE][PASSED] - Object: 'Object Repository/PM/Huawei-vendor/TopX/TopX Object Type' is clicked on

2024-09-03 17:40:16 - [MESSAGE][PASSED] - Delayed 1 second(s)

2024-09-03 17:40:16 - [MESSAGE][PASSED] - Object: 'Object Repository/PM/Huawei-vendor/Object-Type/TopX Object Types/TopX Sites/TopX Site' is clicked on

2024-09-03 17:40:17 - [MESSAGE][PASSED] - Delayed 1 second(s)

2024-09-03 17:40:17 - [MESSAGE][WARNING] - Timeout '0' is invalid. Using default page load timeout: '120'

2024-09-03 17:40:17 - [MESSAGE][PASSED] - Scroll to object 'Object Repository/PM/Huawei-vendor/Object Border' successfully

2024-09-03 17:40:18 - [MESSAGE][PASSED] - Object: 'Object Repository/PM/Huawei-vendor/Object-Type/TopX Object Types/TopX Sites/TopX East Amman Arrow' is clicked on

2024-09-03 17:42:19 - [MESSAGE][INFO] - Unable to find the element located by 'By.xpath: //span[contains(text(),'301-ULT_King_Hussein_St_PD_Fiber_Manage')]'. Please recheck the objects properties to make sure the desired element is located. 

2024-09-03 17:42:19 - [MESSAGE][FAILED] - Unable to click on object 'Object Repository/SON/ObjectType/East Amman site1' (Root cause: com.kms.katalon.core.exception.StepFailedException: Unable to click on object 'Object Repository/SON/ObjectType/East Amman site1'
	at com.kms.katalon.core.webui.keyword.internal.WebUIKeywordMain.stepFailed(WebUIKeywordMain.groovy:64)
	at com.kms.katalon.core.webui.keyword.internal.WebUIKeywordMain.runKeyword(WebUIKeywordMain.groovy:26)
	at com.kms.katalon.core.webui.keyword.builtin.ClickKeyword.click(ClickKeyword.groovy:74)
	at com.kms.katalon.core.webui.keyword.builtin.ClickKeyword.execute(ClickKeyword.groovy:40)
	at com.kms.katalon.core.keyword.internal.KeywordExecutor.executeKeywordForPlatform(KeywordExecutor.groovy:74)
	at com.kms.katalon.core.webui.keyword.WebUiBuiltInKeywords.click(WebUiBuiltInKeywords.groovy:620)
	at com.kms.katalon.core.webui.keyword.WebUiBuiltInKeywords$click$2.call(Unknown Source)
	at SON.selectObjectType(SON.groovy:146)
	at SON.son(SON.groovy:73)
	at SON.invokeMethod(SON.groovy)
	at com.kms.katalon.core.main.CustomKeywordDelegatingMetaClass.invokeStaticMethod(CustomKeywordDelegatingMetaClass.java:55)
	at Site Sleeping Cells Monthly.run(Site Sleeping Cells Monthly:25)
	at com.kms.katalon.core.main.ScriptEngine.run(ScriptEngine.java:194)
	at com.kms.katalon.core.main.ScriptEngine.runScriptAsRawText(ScriptEngine.java:119)
	at com.kms.katalon.core.main.TestCaseExecutor.runScript(TestCaseExecutor.java:448)
	at com.kms.katalon.core.main.TestCaseExecutor.doExecute(TestCaseExecutor.java:439)
	at com.kms.katalon.core.main.TestCaseExecutor.processExecutionPhase(TestCaseExecutor.java:418)
	at com.kms.katalon.core.main.TestCaseExecutor.accessMainPhase(TestCaseExecutor.java:410)
	at com.kms.katalon.core.main.TestCaseExecutor.execute(TestCaseExecutor.java:285)
	at com.kms.katalon.core.common.CommonExecutor.accessTestCaseMainPhase(CommonExecutor.java:65)
	at com.kms.katalon.core.main.TestSuiteExecutor.accessTestSuiteMainPhase(TestSuiteExecutor.java:148)
	at com.kms.katalon.core.main.TestSuiteExecutor.execute(TestSuiteExecutor.java:106)
	at com.kms.katalon.core.main.TestCaseMain.startTestSuite(TestCaseMain.java:187)
	at com.kms.katalon.core.main.TestCaseMain$startTestSuite$0.call(Unknown Source)
	at TempTestSuite1725371051772.run(TempTestSuite1725371051772.groovy:35)
Caused by: com.kms.katalon.core.webui.exception.WebElementNotFoundException: Web element with id: 'Object Repository/SON/ObjectType/East Amman site1' located by '//span[contains(text(),'301-ULT_King_Hussein_St_PD_Fiber_Manage')]' not found
	at com.kms.katalon.core.webui.common.WebUiCommonHelper.findWebElement(WebUiCommonHelper.java:1381)
	at com.kms.katalon.core.webui.keyword.internal.WebUIAbstractKeyword.findWebElement(WebUIAbstractKeyword.groovy:27)
	at com.kms.katalon.core.webui.keyword.builtin.ClickKeyword$_click_closure1.doCall(ClickKeyword.groovy:65)
	at com.kms.katalon.core.webui.keyword.builtin.ClickKeyword$_click_closure1.call(ClickKeyword.groovy)
	at com.kms.katalon.core.webui.keyword.internal.WebUIKeywordMain.runKeyword(WebUIKeywordMain.groovy:20)
	at com.kms.katalon.core.webui.keyword.builtin.ClickKeyword.click(ClickKeyword.groovy:74)
	at com.kms.katalon.core.webui.keyword.builtin.ClickKeyword.execute(ClickKeyword.groovy:40)
	at com.kms.katalon.core.keyword.internal.KeywordExecutor.executeKeywordForPlatform(KeywordExecutor.groovy:74)
	at com.kms.katalon.core.webui.keyword.WebUiBuiltInKeywords.click(WebUiBuiltInKeywords.groovy:620)
	at com.kms.katalon.core.webui.keyword.WebUiBuiltInKeywords$click$2.call(Unknown Source)
	at SON.selectObjectType(SON.groovy:146)
	at SON.son(SON.groovy:73)
	at SON.invokeMethod(SON.groovy)
	at com.kms.katalon.core.main.CustomKeywordDelegatingMetaClass.invokeStaticMethod(CustomKeywordDelegatingMetaClass.java:55)
	at Script1725182537296.run(Script1725182537296.groovy:25)
	... 13 more
)
[[ATTACHMENT|C:\\Users\\FatimaIbeid\\git\\NetCell\\Reports\\20240903_164410\\SON\\Hwauei\\2G\\2G Regression\\20240903_164411\\1725374539143.png]]

2024-09-03 17:42:19 - [MESSAGE][FAILED] - Unable to click on object 'Object Repository/SON/ObjectType/East Amman site1']]></system-out>
         <system-err><![CDATA[2024-09-03 17:39:49 - [TEST_CASE][FAILED] - Test Cases/SON/Huawei/2G/Site/Site Sleeping Cells Monthly: Test Cases/SON/Huawei/2G/Site/Site Sleeping Cells Monthly FAILED.
Reason:
com.kms.katalon.core.exception.StepFailedException: Unable to click on object 'Object Repository/SON/ObjectType/East Amman site1'
	at com.kms.katalon.core.webui.keyword.internal.WebUIKeywordMain.stepFailed(WebUIKeywordMain.groovy:64)
	at com.kms.katalon.core.webui.keyword.internal.WebUIKeywordMain.runKeyword(WebUIKeywordMain.groovy:26)
	at com.kms.katalon.core.webui.keyword.builtin.ClickKeyword.click(ClickKeyword.groovy:74)
	at com.kms.katalon.core.webui.keyword.builtin.ClickKeyword.execute(ClickKeyword.groovy:40)
	at com.kms.katalon.core.keyword.internal.KeywordExecutor.executeKeywordForPlatform(KeywordExecutor.groovy:74)
	at com.kms.katalon.core.webui.keyword.WebUiBuiltInKeywords.click(WebUiBuiltInKeywords.groovy:620)
	at com.kms.katalon.core.webui.keyword.WebUiBuiltInKeywords$click$2.call(Unknown Source)
	at SON.selectObjectType(SON.groovy:146)
	at SON.son(SON.groovy:73)
	at SON.invokeMethod(SON.groovy)
	at com.kms.katalon.core.main.CustomKeywordDelegatingMetaClass.invokeStaticMethod(CustomKeywordDelegatingMetaClass.java:55)
	at Site Sleeping Cells Monthly.run(Site Sleeping Cells Monthly:25)
	at com.kms.katalon.core.main.ScriptEngine.run(ScriptEngine.java:194)
	at com.kms.katalon.core.main.ScriptEngine.runScriptAsRawText(ScriptEngine.java:119)
	at com.kms.katalon.core.main.TestCaseExecutor.runScript(TestCaseExecutor.java:448)
	at com.kms.katalon.core.main.TestCaseExecutor.doExecute(TestCaseExecutor.java:439)
	at com.kms.katalon.core.main.TestCaseExecutor.processExecutionPhase(TestCaseExecutor.java:418)
	at com.kms.katalon.core.main.TestCaseExecutor.accessMainPhase(TestCaseExecutor.java:410)
	at com.kms.katalon.core.main.TestCaseExecutor.execute(TestCaseExecutor.java:285)
	at com.kms.katalon.core.common.CommonExecutor.accessTestCaseMainPhase(CommonExecutor.java:65)
	at com.kms.katalon.core.main.TestSuiteExecutor.accessTestSuiteMainPhase(TestSuiteExecutor.java:148)
	at com.kms.katalon.core.main.TestSuiteExecutor.execute(TestSuiteExecutor.java:106)
	at com.kms.katalon.core.main.TestCaseMain.startTestSuite(TestCaseMain.java:187)
	at com.kms.katalon.core.main.TestCaseMain$startTestSuite$0.call(Unknown Source)
	at TempTestSuite1725371051772.run(TempTestSuite1725371051772.groovy:35)
Caused by: com.kms.katalon.core.webui.exception.WebElementNotFoundException: Web element with id: 'Object Repository/SON/ObjectType/East Amman site1' located by '//span[contains(text(),'301-ULT_King_Hussein_St_PD_Fiber_Manage')]' not found
	at com.kms.katalon.core.webui.common.WebUiCommonHelper.findWebElement(WebUiCommonHelper.java:1381)
	at com.kms.katalon.core.webui.keyword.internal.WebUIAbstractKeyword.findWebElement(WebUIAbstractKeyword.groovy:27)
	at com.kms.katalon.core.webui.keyword.builtin.ClickKeyword$_click_closure1.doCall(ClickKeyword.groovy:65)
	at com.kms.katalon.core.webui.keyword.builtin.ClickKeyword$_click_closure1.call(ClickKeyword.groovy)
	at com.kms.katalon.core.webui.keyword.internal.WebUIKeywordMain.runKeyword(WebUIKeywordMain.groovy:20)
	... 23 more]]></system-err>
      </testcase>
      <testcase name="Test Cases/SON/Huawei/2G/Cell/Cell Sleeping Cells Monthly" time="44.377" classname="Test Cases/SON/Huawei/2G/Cell/Cell Sleeping Cells Monthly" status="PASSED">
         <system-out><![CDATA[2024-09-03 17:42:19 - [TEST_CASE][PASSED] - Test Cases/SON/Huawei/2G/Cell/Cell Sleeping Cells Monthly: Test Cases/SON/Huawei/2G/Cell/Cell Sleeping Cells Monthly

2024-09-03 17:42:19 - [TEST_STEP][PASSED] - callTestCase(findTestCase("Login"), [:], STOP_ON_FAILURE): Call Test Case 'Test Cases/Login' successfully

2024-09-03 17:42:19 - [TEST_CASE][PASSED] - Test Cases/Login: Test Cases/Login

2024-09-03 17:42:19 - [TEST_STEP][PASSED] - driver = general.start(SwagerURL, NetCellURL): general.start is PASSED

2024-09-03 17:42:19 - [MESSAGE][INFO] - >>> chromeDriverPath=C:\Users\FatimaIbeid\.katalon\packages\Katalon_Studio_Windows_64-8.6.9\Katalon_Studio_Windows_64-8.6.9\configuration\resources\drivers\chromedriver_win32\chromedriver.exe

2024-09-03 17:42:20 - [MESSAGE][PASSED] - Current window maximized

2024-09-03 17:42:21 - [MESSAGE][PASSED] - Execute JavaScript 'window.open();' successfully

2024-09-03 17:42:21 - [MESSAGE][PASSED] - Switched to window with index: '1'

2024-09-03 17:42:32 - [MESSAGE][PASSED] - general.start is PASSED

2024-09-03 17:42:32 - [TEST_STEP][PASSED] - click(findTestObject("Object Repository/Login/LoginButton")): Object: 'Object Repository/Login/LoginButton' is clicked on

2024-09-03 17:42:32 - [MESSAGE][PASSED] - Object: 'Object Repository/Login/LoginButton' is clicked on

2024-09-03 17:42:32 - [TEST_STEP][PASSED] - switchToWindowIndex(2): Switched to window with index: '2'

2024-09-03 17:42:33 - [MESSAGE][PASSED] - Switched to window with index: '2'

2024-09-03 17:42:33 - [TEST_STEP][PASSED] - delay(1): Delayed 1 second(s)

2024-09-03 17:42:34 - [MESSAGE][PASSED] - Delayed 1 second(s)

2024-09-03 17:42:34 - [TEST_STEP][PASSED] - sendKeys(findTestObject("Object Repository/Login/EnterEmail"), "homam@zztjg.onmicrosoft.com"): Keys 'homam@zztjg.onmicrosoft.com' sent to object: 'Object Repository/Login/EnterEmail'

2024-09-03 17:42:35 - [MESSAGE][PASSED] - Keys 'homam@zztjg.onmicrosoft.com' sent to object: 'Object Repository/Login/EnterEmail'

2024-09-03 17:42:35 - [TEST_STEP][PASSED] - delay(1): Delayed 1 second(s)

2024-09-03 17:42:36 - [MESSAGE][PASSED] - Delayed 1 second(s)

2024-09-03 17:42:36 - [TEST_STEP][PASSED] - click(findTestObject("Object Repository/Login/NextButton")): Object: 'Object Repository/Login/NextButton' is clicked on

2024-09-03 17:42:36 - [MESSAGE][PASSED] - Object: 'Object Repository/Login/NextButton' is clicked on

2024-09-03 17:42:36 - [TEST_STEP][PASSED] - delay(2): Delayed 2 second(s)

2024-09-03 17:42:38 - [MESSAGE][PASSED] - Delayed 2 second(s)

2024-09-03 17:42:38 - [TEST_STEP][PASSED] - sendKeys(findTestObject("Object Repository/Login/EnterPassword"), "Holder12345"): Keys 'Holder12345' sent to object: 'Object Repository/Login/EnterPassword'

2024-09-03 17:42:38 - [MESSAGE][PASSED] - Keys 'Holder12345' sent to object: 'Object Repository/Login/EnterPassword'

2024-09-03 17:42:38 - [TEST_STEP][PASSED] - delay(1): Delayed 1 second(s)

2024-09-03 17:42:39 - [MESSAGE][PASSED] - Delayed 1 second(s)

2024-09-03 17:42:39 - [TEST_STEP][PASSED] - click(findTestObject("Object Repository/Login/SigninButton")): Object: 'Object Repository/Login/SigninButton' is clicked on

2024-09-03 17:42:39 - [MESSAGE][PASSED] - Object: 'Object Repository/Login/SigninButton' is clicked on

2024-09-03 17:42:39 - [TEST_STEP][PASSED] - delay(1): Delayed 1 second(s)

2024-09-03 17:42:40 - [MESSAGE][PASSED] - Delayed 1 second(s)

2024-09-03 17:42:40 - [TEST_STEP][PASSED] - click(findTestObject("Object Repository/Login/YesStayInButton")): Object: 'Object Repository/Login/YesStayInButton' is clicked on

2024-09-03 17:42:41 - [MESSAGE][PASSED] - Object: 'Object Repository/Login/YesStayInButton' is clicked on

2024-09-03 17:42:41 - [MESSAGE][PASSED] - Call Test Case 'Test Cases/Login' successfully

2024-09-03 17:42:41 - [TEST_STEP][PASSED] - switchToWindowIndex(1): Switched to window with index: '1'

2024-09-03 17:42:41 - [MESSAGE][PASSED] - Switched to window with index: '1'

2024-09-03 17:42:41 - [TEST_STEP][PASSED] - SON.son("huawei", "2G", "Cell", "Sleeping Cells", "Monthly", ""): SON.son is PASSED

2024-09-03 17:42:42 - [MESSAGE][PASSED] - Object: 'Object Repository/SON/sonBtn' is clicked on

2024-09-03 17:42:42 - [MESSAGE][PASSED] - Switched to window with index: '2'

2024-09-03 17:42:43 - [MESSAGE][PASSED] - Object: 'Object Repository/PM/Huawei-vendor/Technology/Technology-Arrow' is clicked on

2024-09-03 17:42:43 - [MESSAGE][PASSED] - Object: 'Object Repository/PM/Huawei-vendor/Technology/2G' is clicked on

2024-09-03 17:42:43 - [MESSAGE][PASSED] - Object: 'Object Repository/PM/Huawei-vendor/TopX/TopX Object Type' is clicked on

2024-09-03 17:42:44 - [MESSAGE][PASSED] - Delayed 1 second(s)

2024-09-03 17:42:44 - [MESSAGE][PASSED] - Object: 'Object Repository/PM/Huawei-vendor/Object-Type/TopX Object Types/TopX Cells/TopX Cell' is clicked on

2024-09-03 17:42:45 - [MESSAGE][PASSED] - Delayed 1 second(s)

2024-09-03 17:42:46 - [MESSAGE][WARNING] - Timeout '0' is invalid. Using default page load timeout: '120'

2024-09-03 17:42:46 - [MESSAGE][PASSED] - Scroll to object 'Object Repository/PM/Huawei-vendor/Object Border' successfully

2024-09-03 17:42:46 - [MESSAGE][PASSED] - Object: 'Object Repository/PM/Huawei-vendor/Object-Type/TopX Object Types/TopX Sites/TopX East Amman Arrow' is clicked on

2024-09-03 17:42:47 - [MESSAGE][PASSED] - Object: 'Object Repository/PM/Huawei-vendor/Object-Type/TopX Object Types/TopX Cells/TopX East Amman Site1 Arrow' is clicked on

2024-09-03 17:42:49 - [MESSAGE][PASSED] - Delayed 2 second(s)

2024-09-03 17:42:49 - [MESSAGE][PASSED] - Object: 'Object Repository/SON/ObjectType/Cell/East Amman Site1 Cell1 2G' is clicked on

2024-09-03 17:42:49 - [MESSAGE][PASSED] - Object: 'Object Repository/PM/Huawei-vendor/Object-Type/TopX Object Types/TopX Sites/TopX East Amman CloseArrow' is clicked on

2024-09-03 17:42:49 - [MESSAGE][PASSED] - Object: 'Object Repository/PM/Huawei-vendor/Object-Type/TopX Object Types/TopX Sites/TopX West Amman Arrow' is clicked on

2024-09-03 17:42:50 - [MESSAGE][PASSED] - Object: 'Object Repository/PM/Huawei-vendor/Object-Type/TopX Object Types/TopX Cells/TopX West Amman Site1 Arrow' is clicked on

2024-09-03 17:42:50 - [MESSAGE][PASSED] - Object: 'Object Repository/SON/ObjectType/Cell/West Amman Site1 Cell1 2G' is clicked on

2024-09-03 17:42:50 - [MESSAGE][PASSED] - Object: 'Object Repository/PM/Huawei-vendor/Object-Type/TopX Object Types/TopX Sites/TopX West Amman CloseArrow' is clicked on

2024-09-03 17:42:50 - [MESSAGE][PASSED] - Object: 'Object Repository/PM/Huawei-vendor/Object-Type/TopX Object Types/TopX Sites/TopX South Amman Arrow' is clicked on

2024-09-03 17:42:51 - [MESSAGE][PASSED] - Object: 'Object Repository/PM/Huawei-vendor/Object-Type/TopX Object Types/TopX Cells/TopX South Amman Site1 Arrow' is clicked on

2024-09-03 17:42:52 - [MESSAGE][PASSED] - Object: 'Object Repository/SON/ObjectType/Cell/South Amman Site1 Cell1 2G' is clicked on

2024-09-03 17:42:52 - [MESSAGE][PASSED] - Object: 'Object Repository/PM/Huawei-vendor/Object-Type/TopX Object Types/TopX Sites/TopX South Amman CloseArrow' is clicked on

2024-09-03 17:42:52 - [MESSAGE][PASSED] - Object: 'Object Repository/PM/Huawei-vendor/Object-Type/TopX Object Types/TopX Sites/TopX East Jordan Arrow' is clicked on

2024-09-03 17:42:53 - [MESSAGE][PASSED] - Object: 'Object Repository/PM/Huawei-vendor/Object-Type/TopX Object Types/TopX Cells/TopX East Jordan Site1 Arrow' is clicked on

2024-09-03 17:42:53 - [MESSAGE][PASSED] - Object: 'Object Repository/SON/ObjectType/Cell/East Jordan Site1 Cell1 2G' is clicked on

2024-09-03 17:42:53 - [MESSAGE][PASSED] - Object: 'Object Repository/PM/Huawei-vendor/Object-Type/TopX Object Types/TopX Sites/TopX East Jordan CloseArrow' is clicked on

2024-09-03 17:42:53 - [MESSAGE][PASSED] - Object: 'Object Repository/PM/Huawei-vendor/Object-Type/TopX Object Types/TopX Sites/TopX North Jordan Arrow' is clicked on

2024-09-03 17:42:54 - [MESSAGE][PASSED] - Object: 'Object Repository/PM/Huawei-vendor/Object-Type/TopX Object Types/TopX Cells/TopX North Jordan Site1 Arrow' is clicked on

2024-09-03 17:42:55 - [MESSAGE][PASSED] - Object: 'Object Repository/SON/ObjectType/Cell/North Jordan Site1 Cell1 2G' is clicked on

2024-09-03 17:42:55 - [MESSAGE][PASSED] - Object: 'Object Repository/PM/Huawei-vendor/Object-Type/TopX Object Types/TopX Sites/TopX North Jordan CloseArrow' is clicked on

2024-09-03 17:42:55 - [MESSAGE][PASSED] - Object: 'Object Repository/PM/Huawei-vendor/Object-Type/TopX Object Types/TopX Sites/TopX South Jordan Arrow' is clicked on

2024-09-03 17:42:56 - [MESSAGE][PASSED] - Object: 'Object Repository/PM/Huawei-vendor/Object-Type/TopX Object Types/TopX Cells/TopX South Jordan Site1 Arrow' is clicked on

2024-09-03 17:42:56 - [MESSAGE][PASSED] - Object: 'Object Repository/SON/ObjectType/Cell/South Jordan Site1 Cell1 2G' is clicked on

2024-09-03 17:42:56 - [MESSAGE][PASSED] - Object: 'Object Repository/PM/Huawei-vendor/Object-Type/TopX Object Types/TopX Sites/TopX South Jordan CloseArrow' is clicked on

2024-09-03 17:42:56 - [MESSAGE][PASSED] - Object: 'Object Repository/SON/ObjectType/Other Site' is clicked on

2024-09-03 17:42:58 - [MESSAGE][PASSED] - Delayed 2 second(s)

2024-09-03 17:42:59 - [MESSAGE][PASSED] - Object: 'Object Repository/SON/SonType/Type-Arrow' is clicked on

2024-09-03 17:42:59 - [MESSAGE][WARNING] - Timeout '0' is invalid. Using default page load timeout: '120'

2024-09-03 17:42:59 - [MESSAGE][PASSED] - Scroll to object 'Object Repository/SON/Exclude Options' successfully

2024-09-03 17:42:59 - [MESSAGE][PASSED] - Object: 'Object Repository/SON/Resolution/Hourly' is clicked on

2024-09-03 17:42:59 - [MESSAGE][PASSED] - Object: 'Object Repository/SON/Resolution/Monthly' is clicked on

2024-09-03 17:42:59 - [MESSAGE][PASSED] - Object: 'Object Repository/PM/Huawei-vendor/StartDate/Monthly-Selection' is clicked on

2024-09-03 17:43:00 - [MESSAGE][PASSED] - Object: 'Object Repository/PM/Huawei-vendor/StartDate/Fep-Selection' is clicked on

2024-09-03 17:43:01 - [MESSAGE][PASSED] - Delayed 1 second(s)

2024-09-03 17:43:01 - [MESSAGE][PASSED] - Object: 'Object Repository/PM/Huawei-vendor/StartDate/1-Fep' is clicked on

2024-09-03 17:43:01 - [MESSAGE][PASSED] - Object: 'Object Repository/PM/Huawei-vendor/Apply-Button' is clicked on

2024-09-03 17:43:03 - [MESSAGE][PASSED] - Web element with id: 'Object Repository/SON/Error' located by 'By.xpath: //div[@class='home-logo']' is not present after '200' second(s)

2024-09-03 17:43:03 - [MESSAGE][PASSED] - SON.son is PASSED]]></system-out>
         <system-err><![CDATA[]]></system-err>
      </testcase>
      <testcase name="Test Cases/SON/Huawei/2G/BSC/BSC Sleeping Cells Monthly" time="34.042" classname="Test Cases/SON/Huawei/2G/BSC/BSC Sleeping Cells Monthly" status="PASSED">
         <system-out><![CDATA[2024-09-03 17:43:03 - [TEST_CASE][PASSED] - Test Cases/SON/Huawei/2G/BSC/BSC Sleeping Cells Monthly: Test Cases/SON/Huawei/2G/BSC/BSC Sleeping Cells Monthly

2024-09-03 17:43:03 - [TEST_STEP][PASSED] - callTestCase(findTestCase("Login"), [:], STOP_ON_FAILURE): Call Test Case 'Test Cases/Login' successfully

2024-09-03 17:43:03 - [TEST_CASE][PASSED] - Test Cases/Login: Test Cases/Login

2024-09-03 17:43:03 - [TEST_STEP][PASSED] - driver = general.start(SwagerURL, NetCellURL): general.start is PASSED

2024-09-03 17:43:03 - [MESSAGE][INFO] - >>> chromeDriverPath=C:\Users\FatimaIbeid\.katalon\packages\Katalon_Studio_Windows_64-8.6.9\Katalon_Studio_Windows_64-8.6.9\configuration\resources\drivers\chromedriver_win32\chromedriver.exe

2024-09-03 17:43:05 - [MESSAGE][PASSED] - Current window maximized

2024-09-03 17:43:05 - [MESSAGE][PASSED] - Execute JavaScript 'window.open();' successfully

2024-09-03 17:43:05 - [MESSAGE][PASSED] - Switched to window with index: '1'

2024-09-03 17:43:16 - [MESSAGE][PASSED] - general.start is PASSED

2024-09-03 17:43:16 - [TEST_STEP][PASSED] - click(findTestObject("Object Repository/Login/LoginButton")): Object: 'Object Repository/Login/LoginButton' is clicked on

2024-09-03 17:43:17 - [MESSAGE][PASSED] - Object: 'Object Repository/Login/LoginButton' is clicked on

2024-09-03 17:43:17 - [TEST_STEP][PASSED] - switchToWindowIndex(2): Switched to window with index: '2'

2024-09-03 17:43:17 - [MESSAGE][PASSED] - Switched to window with index: '2'

2024-09-03 17:43:17 - [TEST_STEP][PASSED] - delay(1): Delayed 1 second(s)

2024-09-03 17:43:18 - [MESSAGE][PASSED] - Delayed 1 second(s)

2024-09-03 17:43:18 - [TEST_STEP][PASSED] - sendKeys(findTestObject("Object Repository/Login/EnterEmail"), "homam@zztjg.onmicrosoft.com"): Keys 'homam@zztjg.onmicrosoft.com' sent to object: 'Object Repository/Login/EnterEmail'

2024-09-03 17:43:18 - [MESSAGE][PASSED] - Keys 'homam@zztjg.onmicrosoft.com' sent to object: 'Object Repository/Login/EnterEmail'

2024-09-03 17:43:18 - [TEST_STEP][PASSED] - delay(1): Delayed 1 second(s)

2024-09-03 17:43:19 - [MESSAGE][PASSED] - Delayed 1 second(s)

2024-09-03 17:43:19 - [TEST_STEP][PASSED] - click(findTestObject("Object Repository/Login/NextButton")): Object: 'Object Repository/Login/NextButton' is clicked on

2024-09-03 17:43:19 - [MESSAGE][PASSED] - Object: 'Object Repository/Login/NextButton' is clicked on

2024-09-03 17:43:19 - [TEST_STEP][PASSED] - delay(2): Delayed 2 second(s)

2024-09-03 17:43:21 - [MESSAGE][PASSED] - Delayed 2 second(s)

2024-09-03 17:43:21 - [TEST_STEP][PASSED] - sendKeys(findTestObject("Object Repository/Login/EnterPassword"), "Holder12345"): Keys 'Holder12345' sent to object: 'Object Repository/Login/EnterPassword'

2024-09-03 17:43:22 - [MESSAGE][PASSED] - Keys 'Holder12345' sent to object: 'Object Repository/Login/EnterPassword'

2024-09-03 17:43:22 - [TEST_STEP][PASSED] - delay(1): Delayed 1 second(s)

2024-09-03 17:43:23 - [MESSAGE][PASSED] - Delayed 1 second(s)

2024-09-03 17:43:23 - [TEST_STEP][PASSED] - click(findTestObject("Object Repository/Login/SigninButton")): Object: 'Object Repository/Login/SigninButton' is clicked on

2024-09-03 17:43:23 - [MESSAGE][PASSED] - Object: 'Object Repository/Login/SigninButton' is clicked on

2024-09-03 17:43:23 - [TEST_STEP][PASSED] - delay(1): Delayed 1 second(s)

2024-09-03 17:43:24 - [MESSAGE][PASSED] - Delayed 1 second(s)

2024-09-03 17:43:24 - [TEST_STEP][PASSED] - click(findTestObject("Object Repository/Login/YesStayInButton")): Object: 'Object Repository/Login/YesStayInButton' is clicked on

2024-09-03 17:43:24 - [MESSAGE][PASSED] - Object: 'Object Repository/Login/YesStayInButton' is clicked on

2024-09-03 17:43:24 - [MESSAGE][PASSED] - Call Test Case 'Test Cases/Login' successfully

2024-09-03 17:43:24 - [TEST_STEP][PASSED] - switchToWindowIndex(1): Switched to window with index: '1'

2024-09-03 17:43:25 - [MESSAGE][PASSED] - Switched to window with index: '1'

2024-09-03 17:43:25 - [TEST_STEP][PASSED] - SON.son("huawei", "2G", "BSC", "Sleeping Cells", "Monthly", ""): SON.son is PASSED

2024-09-03 17:43:26 - [MESSAGE][PASSED] - Object: 'Object Repository/SON/sonBtn' is clicked on

2024-09-03 17:43:26 - [MESSAGE][PASSED] - Switched to window with index: '2'

2024-09-03 17:43:26 - [MESSAGE][PASSED] - Object: 'Object Repository/PM/Huawei-vendor/Technology/Technology-Arrow' is clicked on

2024-09-03 17:43:26 - [MESSAGE][PASSED] - Object: 'Object Repository/PM/Huawei-vendor/Technology/2G' is clicked on

2024-09-03 17:43:27 - [MESSAGE][PASSED] - Object: 'Object Repository/PM/Huawei-vendor/TopX/TopX Object Type' is clicked on

2024-09-03 17:43:28 - [MESSAGE][PASSED] - Delayed 1 second(s)

2024-09-03 17:43:28 - [MESSAGE][PASSED] - Object: 'Object Repository/PM/Huawei-vendor/Object-Type/TopX Object Types/TopX BSCs/TopX BSC' is clicked on

2024-09-03 17:43:29 - [MESSAGE][PASSED] - Delayed 1 second(s)

2024-09-03 17:43:29 - [MESSAGE][WARNING] - Timeout '0' is invalid. Using default page load timeout: '120'

2024-09-03 17:43:29 - [MESSAGE][PASSED] - Scroll to object 'Object Repository/PM/Huawei-vendor/Object Border' successfully

2024-09-03 17:43:29 - [MESSAGE][PASSED] - Object: 'Object Repository/PM/Huawei-vendor/Object-Type/TopX Object Types/TopX BSCs/TopX BSC Ader' is clicked on

2024-09-03 17:43:29 - [MESSAGE][PASSED] - Object: 'Object Repository/PM/Huawei-vendor/Object-Type/TopX Object Types/TopX BSCs/TopX BSC Fifa' is clicked on

2024-09-03 17:43:29 - [MESSAGE][PASSED] - Object: 'Object Repository/SON/ObjectType/BSC/TopX BSC HQ 04' is clicked on

2024-09-03 17:43:29 - [MESSAGE][PASSED] - Object: 'Object Repository/PM/Huawei-vendor/Object-Type/TopX Object Types/TopX BSCs/TopX BSC AA 01' is clicked on

2024-09-03 17:43:31 - [MESSAGE][PASSED] - Delayed 2 second(s)

2024-09-03 17:43:31 - [MESSAGE][PASSED] - Object: 'Object Repository/SON/SonType/Type-Arrow' is clicked on

2024-09-03 17:43:32 - [MESSAGE][WARNING] - Timeout '0' is invalid. Using default page load timeout: '120'

2024-09-03 17:43:32 - [MESSAGE][PASSED] - Scroll to object 'Object Repository/SON/Exclude Options' successfully

2024-09-03 17:43:32 - [MESSAGE][PASSED] - Object: 'Object Repository/SON/Resolution/Hourly' is clicked on

2024-09-03 17:43:32 - [MESSAGE][PASSED] - Object: 'Object Repository/SON/Resolution/Monthly' is clicked on

2024-09-03 17:43:32 - [MESSAGE][PASSED] - Object: 'Object Repository/PM/Huawei-vendor/StartDate/Monthly-Selection' is clicked on

2024-09-03 17:43:32 - [MESSAGE][PASSED] - Object: 'Object Repository/PM/Huawei-vendor/StartDate/Fep-Selection' is clicked on

2024-09-03 17:43:33 - [MESSAGE][PASSED] - Delayed 1 second(s)

2024-09-03 17:43:34 - [MESSAGE][PASSED] - Object: 'Object Repository/PM/Huawei-vendor/StartDate/1-Fep' is clicked on

2024-09-03 17:43:34 - [MESSAGE][PASSED] - Object: 'Object Repository/PM/Huawei-vendor/Apply-Button' is clicked on

2024-09-03 17:43:37 - [MESSAGE][PASSED] - Web element with id: 'Object Repository/SON/Error' located by 'By.xpath: //div[@class='home-logo']' is not present after '200' second(s)

2024-09-03 17:43:37 - [MESSAGE][PASSED] - SON.son is PASSED]]></system-out>
         <system-err><![CDATA[]]></system-err>
      </testcase>
      <testcase name="Test Cases/SON/Huawei/2G/Cluster/Cluster Sleeping Cells Monthly" time="42.045" classname="Test Cases/SON/Huawei/2G/Cluster/Cluster Sleeping Cells Monthly" status="PASSED">
         <system-out><![CDATA[2024-09-03 17:43:37 - [TEST_CASE][PASSED] - Test Cases/SON/Huawei/2G/Cluster/Cluster Sleeping Cells Monthly: Test Cases/SON/Huawei/2G/Cluster/Cluster Sleeping Cells Monthly

2024-09-03 17:43:37 - [TEST_STEP][PASSED] - callTestCase(findTestCase("Login"), [:], STOP_ON_FAILURE): Call Test Case 'Test Cases/Login' successfully

2024-09-03 17:43:37 - [TEST_CASE][PASSED] - Test Cases/Login: Test Cases/Login

2024-09-03 17:43:38 - [TEST_STEP][PASSED] - driver = general.start(SwagerURL, NetCellURL): general.start is PASSED

2024-09-03 17:43:38 - [MESSAGE][INFO] - >>> chromeDriverPath=C:\Users\FatimaIbeid\.katalon\packages\Katalon_Studio_Windows_64-8.6.9\Katalon_Studio_Windows_64-8.6.9\configuration\resources\drivers\chromedriver_win32\chromedriver.exe

2024-09-03 17:43:39 - [MESSAGE][PASSED] - Current window maximized

2024-09-03 17:43:40 - [MESSAGE][PASSED] - Execute JavaScript 'window.open();' successfully

2024-09-03 17:43:40 - [MESSAGE][PASSED] - Switched to window with index: '1'

2024-09-03 17:43:51 - [MESSAGE][PASSED] - general.start is PASSED

2024-09-03 17:43:51 - [TEST_STEP][PASSED] - click(findTestObject("Object Repository/Login/LoginButton")): Object: 'Object Repository/Login/LoginButton' is clicked on

2024-09-03 17:43:51 - [MESSAGE][PASSED] - Object: 'Object Repository/Login/LoginButton' is clicked on

2024-09-03 17:43:51 - [TEST_STEP][PASSED] - switchToWindowIndex(2): Switched to window with index: '2'

2024-09-03 17:43:52 - [MESSAGE][PASSED] - Switched to window with index: '2'

2024-09-03 17:43:52 - [TEST_STEP][PASSED] - delay(1): Delayed 1 second(s)

2024-09-03 17:43:53 - [MESSAGE][PASSED] - Delayed 1 second(s)

2024-09-03 17:43:53 - [TEST_STEP][PASSED] - sendKeys(findTestObject("Object Repository/Login/EnterEmail"), "homam@zztjg.onmicrosoft.com"): Keys 'homam@zztjg.onmicrosoft.com' sent to object: 'Object Repository/Login/EnterEmail'

2024-09-03 17:43:53 - [MESSAGE][PASSED] - Keys 'homam@zztjg.onmicrosoft.com' sent to object: 'Object Repository/Login/EnterEmail'

2024-09-03 17:43:53 - [TEST_STEP][PASSED] - delay(1): Delayed 1 second(s)

2024-09-03 17:43:54 - [MESSAGE][PASSED] - Delayed 1 second(s)

2024-09-03 17:43:54 - [TEST_STEP][PASSED] - click(findTestObject("Object Repository/Login/NextButton")): Object: 'Object Repository/Login/NextButton' is clicked on

2024-09-03 17:43:54 - [MESSAGE][PASSED] - Object: 'Object Repository/Login/NextButton' is clicked on

2024-09-03 17:43:54 - [TEST_STEP][PASSED] - delay(2): Delayed 2 second(s)

2024-09-03 17:43:56 - [MESSAGE][PASSED] - Delayed 2 second(s)

2024-09-03 17:43:56 - [TEST_STEP][PASSED] - sendKeys(findTestObject("Object Repository/Login/EnterPassword"), "Holder12345"): Keys 'Holder12345' sent to object: 'Object Repository/Login/EnterPassword'

2024-09-03 17:43:57 - [MESSAGE][PASSED] - Keys 'Holder12345' sent to object: 'Object Repository/Login/EnterPassword'

2024-09-03 17:43:57 - [TEST_STEP][PASSED] - delay(1): Delayed 1 second(s)

2024-09-03 17:43:58 - [MESSAGE][PASSED] - Delayed 1 second(s)

2024-09-03 17:43:58 - [TEST_STEP][PASSED] - click(findTestObject("Object Repository/Login/SigninButton")): Object: 'Object Repository/Login/SigninButton' is clicked on

2024-09-03 17:43:58 - [MESSAGE][PASSED] - Object: 'Object Repository/Login/SigninButton' is clicked on

2024-09-03 17:43:58 - [TEST_STEP][PASSED] - delay(1): Delayed 1 second(s)

2024-09-03 17:43:59 - [MESSAGE][PASSED] - Delayed 1 second(s)

2024-09-03 17:43:59 - [TEST_STEP][PASSED] - click(findTestObject("Object Repository/Login/YesStayInButton")): Object: 'Object Repository/Login/YesStayInButton' is clicked on

2024-09-03 17:43:59 - [MESSAGE][PASSED] - Object: 'Object Repository/Login/YesStayInButton' is clicked on

2024-09-03 17:43:59 - [MESSAGE][PASSED] - Call Test Case 'Test Cases/Login' successfully

2024-09-03 17:43:59 - [TEST_STEP][PASSED] - switchToWindowIndex(1): Switched to window with index: '1'

2024-09-03 17:43:59 - [MESSAGE][PASSED] - Switched to window with index: '1'

2024-09-03 17:43:59 - [TEST_STEP][PASSED] - SON.son("huawei", "2G", "Cluster", "Sleeping Cells", "Monthly", ""): SON.son is PASSED

2024-09-03 17:44:01 - [MESSAGE][PASSED] - Object: 'Object Repository/SON/sonBtn' is clicked on

2024-09-03 17:44:01 - [MESSAGE][PASSED] - Switched to window with index: '2'

2024-09-03 17:44:01 - [MESSAGE][PASSED] - Object: 'Object Repository/PM/Huawei-vendor/Technology/Technology-Arrow' is clicked on

2024-09-03 17:44:02 - [MESSAGE][PASSED] - Object: 'Object Repository/PM/Huawei-vendor/Technology/2G' is clicked on

2024-09-03 17:44:02 - [MESSAGE][PASSED] - Object: 'Object Repository/PM/Huawei-vendor/TopX/TopX Object Type' is clicked on

2024-09-03 17:44:03 - [MESSAGE][PASSED] - Delayed 1 second(s)

2024-09-03 17:44:03 - [MESSAGE][PASSED] - Object: 'Object Repository/PM/Huawei-vendor/Object-Type/TopX Object Types/TopX Clusters/TopX Cluster' is clicked on

2024-09-03 17:44:04 - [MESSAGE][PASSED] - Delayed 1 second(s)

2024-09-03 17:44:04 - [MESSAGE][WARNING] - Timeout '0' is invalid. Using default page load timeout: '120'

2024-09-03 17:44:04 - [MESSAGE][PASSED] - Scroll to object 'Object Repository/PM/Huawei-vendor/Object Border' successfully

2024-09-03 17:44:04 - [MESSAGE][PASSED] - Object: 'Object Repository/PM/Huawei-vendor/Object-Type/TopX Object Types/TopX Sites/TopX East Amman Arrow' is clicked on

2024-09-03 17:44:04 - [MESSAGE][PASSED] - Object: 'Object Repository/PM/Huawei-vendor/Object-Type/TopX Object Types/TopX Clusters/TopX East Amman Cluster 3' is clicked on

2024-09-03 17:44:04 - [MESSAGE][PASSED] - Object: 'Object Repository/PM/Huawei-vendor/Object-Type/TopX Object Types/TopX Clusters/TopX East Amman Cluster 13' is clicked on

2024-09-03 17:44:05 - [MESSAGE][PASSED] - Object: 'Object Repository/PM/Huawei-vendor/Object-Type/TopX Object Types/TopX Sites/TopX East Amman CloseArrow' is clicked on

2024-09-03 17:44:05 - [MESSAGE][PASSED] - Object: 'Object Repository/PM/Huawei-vendor/Object-Type/TopX Object Types/TopX Sites/TopX West Amman Arrow' is clicked on

2024-09-03 17:44:05 - [MESSAGE][PASSED] - Object: 'Object Repository/PM/Huawei-vendor/Object-Type/TopX Object Types/TopX Clusters/TopX West Amman Cluster 2' is clicked on

2024-09-03 17:44:05 - [MESSAGE][PASSED] - Object: 'Object Repository/PM/Huawei-vendor/Object-Type/TopX Object Types/TopX Clusters/TopX West Amman Cluster 5' is clicked on

2024-09-03 17:44:05 - [MESSAGE][PASSED] - Object: 'Object Repository/PM/Huawei-vendor/Object-Type/TopX Object Types/TopX Sites/TopX West Amman CloseArrow' is clicked on

2024-09-03 17:44:05 - [MESSAGE][PASSED] - Object: 'Object Repository/PM/Huawei-vendor/Object-Type/TopX Object Types/TopX Sites/TopX North Jordan Arrow' is clicked on

2024-09-03 17:44:06 - [MESSAGE][PASSED] - Object: 'Object Repository/PM/Huawei-vendor/Object-Type/TopX Object Types/TopX Clusters/TopX North Jordan Cluster 4' is clicked on

2024-09-03 17:44:06 - [MESSAGE][PASSED] - Object: 'Object Repository/PM/Huawei-vendor/Object-Type/TopX Object Types/TopX Clusters/TopX North Jordan Cluster 14' is clicked on

2024-09-03 17:44:06 - [MESSAGE][PASSED] - Object: 'Object Repository/PM/Huawei-vendor/Object-Type/TopX Object Types/TopX Sites/TopX North Jordan CloseArrow' is clicked on

2024-09-03 17:44:06 - [MESSAGE][PASSED] - Object: 'Object Repository/PM/Huawei-vendor/Object-Type/TopX Object Types/TopX Sites/TopX South Jordan Arrow' is clicked on

2024-09-03 17:44:06 - [MESSAGE][PASSED] - Object: 'Object Repository/PM/Huawei-vendor/Object-Type/TopX Object Types/TopX Clusters/TopX South Jordan Cluster 7' is clicked on

2024-09-03 17:44:06 - [MESSAGE][PASSED] - Object: 'Object Repository/PM/Huawei-vendor/Object-Type/TopX Object Types/TopX Clusters/TopX South Jordan Cluster 8' is clicked on

2024-09-03 17:44:06 - [MESSAGE][PASSED] - Object: 'Object Repository/PM/Huawei-vendor/Object-Type/TopX Object Types/TopX Sites/TopX South Jordan CloseArrow' is clicked on

2024-09-03 17:44:07 - [MESSAGE][PASSED] - Object: 'Object Repository/PM/Huawei-vendor/Object-Type/TopX Object Types/TopX Sites/TopX South Amman Arrow' is clicked on

2024-09-03 17:44:07 - [MESSAGE][PASSED] - Object: 'Object Repository/PM/Huawei-vendor/Object-Type/TopX Object Types/TopX Clusters/TopX South Amman Cluster 1' is clicked on

2024-09-03 17:44:07 - [MESSAGE][PASSED] - Object: 'Object Repository/PM/Huawei-vendor/Object-Type/TopX Object Types/TopX Clusters/TopX South Amman Cluster 6' is clicked on

2024-09-03 17:44:07 - [MESSAGE][PASSED] - Object: 'Object Repository/PM/Huawei-vendor/Object-Type/TopX Object Types/TopX Sites/TopX South Amman CloseArrow' is clicked on

2024-09-03 17:44:07 - [MESSAGE][PASSED] - Object: 'Object Repository/PM/Huawei-vendor/Object-Type/TopX Object Types/TopX Sites/TopX East Jordan Arrow' is clicked on

2024-09-03 17:44:07 - [MESSAGE][PASSED] - Object: 'Object Repository/PM/Huawei-vendor/Object-Type/TopX Object Types/TopX Clusters/TopX East Jordan Cluster 10' is clicked on

2024-09-03 17:44:08 - [MESSAGE][PASSED] - Object: 'Object Repository/PM/Huawei-vendor/Object-Type/TopX Object Types/TopX Clusters/TopX East Jordan Cluster 11' is clicked on

2024-09-03 17:44:08 - [MESSAGE][PASSED] - Object: 'Object Repository/PM/Huawei-vendor/Object-Type/TopX Object Types/TopX Sites/TopX East Jordan CloseArrow' is clicked on

2024-09-03 17:44:08 - [MESSAGE][PASSED] - Object: 'Object Repository/PM/Huawei-vendor/Object-Type/TopX Object Types/TopX Sites/TopX Others Arrow' is clicked on

2024-09-03 17:44:08 - [MESSAGE][PASSED] - Object: 'Object Repository/PM/Huawei-vendor/Object-Type/TopX Object Types/TopX Clusters/TopX Others Cluster 60' is clicked on

2024-09-03 17:44:08 - [MESSAGE][PASSED] - Object: 'Object Repository/PM/Huawei-vendor/Object-Type/TopX Object Types/TopX Clusters/TopX Others Cluster 61' is clicked on

2024-09-03 17:44:08 - [MESSAGE][PASSED] - Object: 'Object Repository/PM/Huawei-vendor/Object-Type/TopX Object Types/TopX Sites/TopX Others CloseArrow' is clicked on

2024-09-03 17:44:10 - [MESSAGE][PASSED] - Delayed 2 second(s)

2024-09-03 17:44:11 - [MESSAGE][PASSED] - Object: 'Object Repository/SON/SonType/Type-Arrow' is clicked on

2024-09-03 17:44:11 - [MESSAGE][WARNING] - Timeout '0' is invalid. Using default page load timeout: '120'

2024-09-03 17:44:11 - [MESSAGE][PASSED] - Scroll to object 'Object Repository/SON/Exclude Options' successfully

2024-09-03 17:44:11 - [MESSAGE][PASSED] - Object: 'Object Repository/SON/Resolution/Hourly' is clicked on

2024-09-03 17:44:11 - [MESSAGE][PASSED] - Object: 'Object Repository/SON/Resolution/Monthly' is clicked on

2024-09-03 17:44:12 - [MESSAGE][PASSED] - Object: 'Object Repository/PM/Huawei-vendor/StartDate/Monthly-Selection' is clicked on

2024-09-03 17:44:12 - [MESSAGE][PASSED] - Object: 'Object Repository/PM/Huawei-vendor/StartDate/Fep-Selection' is clicked on

2024-09-03 17:44:13 - [MESSAGE][PASSED] - Delayed 1 second(s)

2024-09-03 17:44:13 - [MESSAGE][PASSED] - Object: 'Object Repository/PM/Huawei-vendor/StartDate/1-Fep' is clicked on

2024-09-03 17:44:13 - [MESSAGE][PASSED] - Object: 'Object Repository/PM/Huawei-vendor/Apply-Button' is clicked on

2024-09-03 17:44:19 - [MESSAGE][PASSED] - Web element with id: 'Object Repository/SON/Error' located by 'By.xpath: //div[@class='home-logo']' is not present after '200' second(s)

2024-09-03 17:44:19 - [MESSAGE][PASSED] - SON.son is PASSED]]></system-out>
         <system-err><![CDATA[]]></system-err>
      </testcase>
      <testcase name="Test Cases/SON/Huawei/2G/Governorate/Governorate Sleeping Cells Monthly" time="36.481" classname="Test Cases/SON/Huawei/2G/Governorate/Governorate Sleeping Cells Monthly" status="PASSED">
         <system-out><![CDATA[2024-09-03 17:44:19 - [TEST_CASE][PASSED] - Test Cases/SON/Huawei/2G/Governorate/Governorate Sleeping Cells Monthly: Test Cases/SON/Huawei/2G/Governorate/Governorate Sleeping Cells Monthly

2024-09-03 17:44:20 - [TEST_STEP][PASSED] - callTestCase(findTestCase("Login"), [:], STOP_ON_FAILURE): Call Test Case 'Test Cases/Login' successfully

2024-09-03 17:44:20 - [TEST_CASE][PASSED] - Test Cases/Login: Test Cases/Login

2024-09-03 17:44:20 - [TEST_STEP][PASSED] - driver = general.start(SwagerURL, NetCellURL): general.start is PASSED

2024-09-03 17:44:20 - [MESSAGE][INFO] - >>> chromeDriverPath=C:\Users\FatimaIbeid\.katalon\packages\Katalon_Studio_Windows_64-8.6.9\Katalon_Studio_Windows_64-8.6.9\configuration\resources\drivers\chromedriver_win32\chromedriver.exe

2024-09-03 17:44:21 - [MESSAGE][PASSED] - Current window maximized

2024-09-03 17:44:22 - [MESSAGE][PASSED] - Execute JavaScript 'window.open();' successfully

2024-09-03 17:44:22 - [MESSAGE][PASSED] - Switched to window with index: '1'

2024-09-03 17:44:22 - [MESSAGE][PASSED] - general.start is PASSED

2024-09-03 17:44:22 - [TEST_STEP][PASSED] - click(findTestObject("Object Repository/Login/LoginButton")): Object: 'Object Repository/Login/LoginButton' is clicked on

2024-09-03 17:44:33 - [MESSAGE][PASSED] - Object: 'Object Repository/Login/LoginButton' is clicked on

2024-09-03 17:44:33 - [TEST_STEP][PASSED] - switchToWindowIndex(2): Switched to window with index: '2'

2024-09-03 17:44:33 - [MESSAGE][PASSED] - Switched to window with index: '2'

2024-09-03 17:44:33 - [TEST_STEP][PASSED] - delay(1): Delayed 1 second(s)

2024-09-03 17:44:34 - [MESSAGE][PASSED] - Delayed 1 second(s)

2024-09-03 17:44:34 - [TEST_STEP][PASSED] - sendKeys(findTestObject("Object Repository/Login/EnterEmail"), "homam@zztjg.onmicrosoft.com"): Keys 'homam@zztjg.onmicrosoft.com' sent to object: 'Object Repository/Login/EnterEmail'

2024-09-03 17:44:35 - [MESSAGE][PASSED] - Keys 'homam@zztjg.onmicrosoft.com' sent to object: 'Object Repository/Login/EnterEmail'

2024-09-03 17:44:35 - [TEST_STEP][PASSED] - delay(1): Delayed 1 second(s)

2024-09-03 17:44:36 - [MESSAGE][PASSED] - Delayed 1 second(s)

2024-09-03 17:44:36 - [TEST_STEP][PASSED] - click(findTestObject("Object Repository/Login/NextButton")): Object: 'Object Repository/Login/NextButton' is clicked on

2024-09-03 17:44:36 - [MESSAGE][PASSED] - Object: 'Object Repository/Login/NextButton' is clicked on

2024-09-03 17:44:36 - [TEST_STEP][PASSED] - delay(2): Delayed 2 second(s)

2024-09-03 17:44:38 - [MESSAGE][PASSED] - Delayed 2 second(s)

2024-09-03 17:44:38 - [TEST_STEP][PASSED] - sendKeys(findTestObject("Object Repository/Login/EnterPassword"), "Holder12345"): Keys 'Holder12345' sent to object: 'Object Repository/Login/EnterPassword'

2024-09-03 17:44:38 - [MESSAGE][PASSED] - Keys 'Holder12345' sent to object: 'Object Repository/Login/EnterPassword'

2024-09-03 17:44:38 - [TEST_STEP][PASSED] - delay(1): Delayed 1 second(s)

2024-09-03 17:44:39 - [MESSAGE][PASSED] - Delayed 1 second(s)

2024-09-03 17:44:39 - [TEST_STEP][PASSED] - click(findTestObject("Object Repository/Login/SigninButton")): Object: 'Object Repository/Login/SigninButton' is clicked on

2024-09-03 17:44:40 - [MESSAGE][PASSED] - Object: 'Object Repository/Login/SigninButton' is clicked on

2024-09-03 17:44:40 - [TEST_STEP][PASSED] - delay(1): Delayed 1 second(s)

2024-09-03 17:44:41 - [MESSAGE][PASSED] - Delayed 1 second(s)

2024-09-03 17:44:41 - [TEST_STEP][PASSED] - click(findTestObject("Object Repository/Login/YesStayInButton")): Object: 'Object Repository/Login/YesStayInButton' is clicked on

2024-09-03 17:44:41 - [MESSAGE][PASSED] - Object: 'Object Repository/Login/YesStayInButton' is clicked on

2024-09-03 17:44:41 - [MESSAGE][PASSED] - Call Test Case 'Test Cases/Login' successfully

2024-09-03 17:44:41 - [TEST_STEP][PASSED] - switchToWindowIndex(1): Switched to window with index: '1'

2024-09-03 17:44:41 - [MESSAGE][PASSED] - Switched to window with index: '1'

2024-09-03 17:44:41 - [TEST_STEP][PASSED] - SON.son("huawei", "2G", "Governorate", "Sleeping Cells", "Monthly", ""): SON.son is PASSED

2024-09-03 17:44:43 - [MESSAGE][PASSED] - Object: 'Object Repository/SON/sonBtn' is clicked on

2024-09-03 17:44:43 - [MESSAGE][PASSED] - Switched to window with index: '2'

2024-09-03 17:44:44 - [MESSAGE][PASSED] - Object: 'Object Repository/PM/Huawei-vendor/Technology/Technology-Arrow' is clicked on

2024-09-03 17:44:44 - [MESSAGE][PASSED] - Object: 'Object Repository/PM/Huawei-vendor/Technology/2G' is clicked on

2024-09-03 17:44:44 - [MESSAGE][PASSED] - Object: 'Object Repository/PM/Huawei-vendor/TopX/TopX Object Type' is clicked on

2024-09-03 17:44:45 - [MESSAGE][PASSED] - Delayed 1 second(s)

2024-09-03 17:44:45 - [MESSAGE][PASSED] - Object: 'Object Repository/PM/Huawei-vendor/Object-Type/TopX Object Types/TopX Governorates/TopX Governorate' is clicked on

2024-09-03 17:44:46 - [MESSAGE][PASSED] - Delayed 1 second(s)

2024-09-03 17:44:46 - [MESSAGE][WARNING] - Timeout '0' is invalid. Using default page load timeout: '120'

2024-09-03 17:44:47 - [MESSAGE][PASSED] - Scroll to object 'Object Repository/PM/Huawei-vendor/Object Border' successfully

2024-09-03 17:44:47 - [MESSAGE][PASSED] - Object: 'Object Repository/PM/Huawei-vendor/Object-Type/TopX Object Types/TopX Governorates/TopX Amman' is clicked on

2024-09-03 17:44:47 - [MESSAGE][PASSED] - Object: 'Object Repository/PM/Huawei-vendor/Object-Type/TopX Object Types/TopX Governorates/TopX Irbid' is clicked on

2024-09-03 17:44:47 - [MESSAGE][PASSED] - Object: 'Object Repository/PM/Huawei-vendor/Object-Type/TopX Object Types/TopX Governorates/TopX Aqaba' is clicked on

2024-09-03 17:44:47 - [MESSAGE][PASSED] - Object: 'Object Repository/PM/Huawei-vendor/Object-Type/TopX Object Types/TopX Governorates/TopX Jerash' is clicked on

2024-09-03 17:44:47 - [MESSAGE][PASSED] - Object: 'Object Repository/PM/Huawei-vendor/Object-Type/TopX Object Types/TopX Governorates/TopX Mafraq' is clicked on

2024-09-03 17:44:47 - [MESSAGE][PASSED] - Object: 'Object Repository/PM/Huawei-vendor/Object-Type/TopX Object Types/TopX Governorates/TopX Zarqa' is clicked on

2024-09-03 17:44:49 - [MESSAGE][PASSED] - Delayed 2 second(s)

2024-09-03 17:44:49 - [MESSAGE][PASSED] - Object: 'Object Repository/SON/SonType/Type-Arrow' is clicked on

2024-09-03 17:44:50 - [MESSAGE][WARNING] - Timeout '0' is invalid. Using default page load timeout: '120'

2024-09-03 17:44:50 - [MESSAGE][PASSED] - Scroll to object 'Object Repository/SON/Exclude Options' successfully

2024-09-03 17:44:50 - [MESSAGE][PASSED] - Object: 'Object Repository/SON/Resolution/Hourly' is clicked on

2024-09-03 17:44:50 - [MESSAGE][PASSED] - Object: 'Object Repository/SON/Resolution/Monthly' is clicked on

2024-09-03 17:44:50 - [MESSAGE][PASSED] - Object: 'Object Repository/PM/Huawei-vendor/StartDate/Monthly-Selection' is clicked on

2024-09-03 17:44:50 - [MESSAGE][PASSED] - Object: 'Object Repository/PM/Huawei-vendor/StartDate/Fep-Selection' is clicked on

2024-09-03 17:44:51 - [MESSAGE][PASSED] - Delayed 1 second(s)

2024-09-03 17:44:52 - [MESSAGE][PASSED] - Object: 'Object Repository/PM/Huawei-vendor/StartDate/1-Fep' is clicked on

2024-09-03 17:44:52 - [MESSAGE][PASSED] - Object: 'Object Repository/PM/Huawei-vendor/Apply-Button' is clicked on

2024-09-03 17:44:56 - [MESSAGE][PASSED] - Web element with id: 'Object Repository/SON/Error' located by 'By.xpath: //div[@class='home-logo']' is not present after '200' second(s)

2024-09-03 17:44:56 - [MESSAGE][PASSED] - SON.son is PASSED]]></system-out>
         <system-err><![CDATA[]]></system-err>
      </testcase>
      <testcase name="Test Cases/SON/Huawei/2G/PLMN/PLMN Sleeping Cells DailyBH" time="78.256" classname="Test Cases/SON/Huawei/2G/PLMN/PLMN Sleeping Cells DailyBH" status="PASSED">
         <system-out><![CDATA[2024-09-03 17:44:56 - [TEST_CASE][PASSED] - Test Cases/SON/Huawei/2G/PLMN/PLMN Sleeping Cells DailyBH: Test Cases/SON/Huawei/2G/PLMN/PLMN Sleeping Cells DailyBH

2024-09-03 17:44:56 - [TEST_STEP][PASSED] - callTestCase(findTestCase("Login"), [:], STOP_ON_FAILURE): Call Test Case 'Test Cases/Login' successfully

2024-09-03 17:44:56 - [TEST_CASE][PASSED] - Test Cases/Login: Test Cases/Login

2024-09-03 17:44:56 - [TEST_STEP][PASSED] - driver = general.start(SwagerURL, NetCellURL): general.start is PASSED

2024-09-03 17:44:56 - [MESSAGE][INFO] - >>> chromeDriverPath=C:\Users\FatimaIbeid\.katalon\packages\Katalon_Studio_Windows_64-8.6.9\Katalon_Studio_Windows_64-8.6.9\configuration\resources\drivers\chromedriver_win32\chromedriver.exe

2024-09-03 17:44:58 - [MESSAGE][PASSED] - Current window maximized

2024-09-03 17:44:58 - [MESSAGE][PASSED] - Execute JavaScript 'window.open();' successfully

2024-09-03 17:44:58 - [MESSAGE][PASSED] - Switched to window with index: '1'

2024-09-03 17:45:10 - [MESSAGE][PASSED] - general.start is PASSED

2024-09-03 17:45:10 - [TEST_STEP][PASSED] - click(findTestObject("Object Repository/Login/LoginButton")): Object: 'Object Repository/Login/LoginButton' is clicked on

2024-09-03 17:45:11 - [MESSAGE][PASSED] - Object: 'Object Repository/Login/LoginButton' is clicked on

2024-09-03 17:45:11 - [TEST_STEP][PASSED] - switchToWindowIndex(2): Switched to window with index: '2'

2024-09-03 17:45:11 - [MESSAGE][PASSED] - Switched to window with index: '2'

2024-09-03 17:45:11 - [TEST_STEP][PASSED] - delay(1): Delayed 1 second(s)

2024-09-03 17:45:12 - [MESSAGE][PASSED] - Delayed 1 second(s)

2024-09-03 17:45:12 - [TEST_STEP][PASSED] - sendKeys(findTestObject("Object Repository/Login/EnterEmail"), "homam@zztjg.onmicrosoft.com"): Keys 'homam@zztjg.onmicrosoft.com' sent to object: 'Object Repository/Login/EnterEmail'

2024-09-03 17:45:13 - [MESSAGE][PASSED] - Keys 'homam@zztjg.onmicrosoft.com' sent to object: 'Object Repository/Login/EnterEmail'

2024-09-03 17:45:13 - [TEST_STEP][PASSED] - delay(1): Delayed 1 second(s)

2024-09-03 17:45:14 - [MESSAGE][PASSED] - Delayed 1 second(s)

2024-09-03 17:45:14 - [TEST_STEP][PASSED] - click(findTestObject("Object Repository/Login/NextButton")): Object: 'Object Repository/Login/NextButton' is clicked on

2024-09-03 17:45:14 - [MESSAGE][PASSED] - Object: 'Object Repository/Login/NextButton' is clicked on

2024-09-03 17:45:14 - [TEST_STEP][PASSED] - delay(2): Delayed 2 second(s)

2024-09-03 17:45:16 - [MESSAGE][PASSED] - Delayed 2 second(s)

2024-09-03 17:45:16 - [TEST_STEP][PASSED] - sendKeys(findTestObject("Object Repository/Login/EnterPassword"), "Holder12345"): Keys 'Holder12345' sent to object: 'Object Repository/Login/EnterPassword'

2024-09-03 17:45:16 - [MESSAGE][PASSED] - Keys 'Holder12345' sent to object: 'Object Repository/Login/EnterPassword'

2024-09-03 17:45:16 - [TEST_STEP][PASSED] - delay(1): Delayed 1 second(s)

2024-09-03 17:45:17 - [MESSAGE][PASSED] - Delayed 1 second(s)

2024-09-03 17:45:17 - [TEST_STEP][PASSED] - click(findTestObject("Object Repository/Login/SigninButton")): Object: 'Object Repository/Login/SigninButton' is clicked on

2024-09-03 17:45:18 - [MESSAGE][PASSED] - Object: 'Object Repository/Login/SigninButton' is clicked on

2024-09-03 17:45:18 - [TEST_STEP][PASSED] - delay(1): Delayed 1 second(s)

2024-09-03 17:45:19 - [MESSAGE][PASSED] - Delayed 1 second(s)

2024-09-03 17:45:19 - [TEST_STEP][PASSED] - click(findTestObject("Object Repository/Login/YesStayInButton")): Object: 'Object Repository/Login/YesStayInButton' is clicked on

2024-09-03 17:45:19 - [MESSAGE][PASSED] - Object: 'Object Repository/Login/YesStayInButton' is clicked on

2024-09-03 17:45:19 - [MESSAGE][PASSED] - Call Test Case 'Test Cases/Login' successfully

2024-09-03 17:45:19 - [TEST_STEP][PASSED] - switchToWindowIndex(1): Switched to window with index: '1'

2024-09-03 17:45:19 - [MESSAGE][PASSED] - Switched to window with index: '1'

2024-09-03 17:45:19 - [TEST_STEP][PASSED] - SON.son("huawei", "2G", "PLMN", "Sleeping Cells", "DailyBH", ""): SON.son is PASSED

2024-09-03 17:45:21 - [MESSAGE][PASSED] - Object: 'Object Repository/SON/sonBtn' is clicked on

2024-09-03 17:45:21 - [MESSAGE][PASSED] - Switched to window with index: '2'

2024-09-03 17:45:22 - [MESSAGE][PASSED] - Object: 'Object Repository/PM/Huawei-vendor/Technology/Technology-Arrow' is clicked on

2024-09-03 17:45:22 - [MESSAGE][PASSED] - Object: 'Object Repository/PM/Huawei-vendor/Technology/2G' is clicked on

2024-09-03 17:45:22 - [MESSAGE][PASSED] - Object: 'Object Repository/PM/Huawei-vendor/TopX/TopX Object Type' is clicked on

2024-09-03 17:45:23 - [MESSAGE][PASSED] - Delayed 1 second(s)

2024-09-03 17:45:23 - [MESSAGE][PASSED] - Object: 'Object Repository/PM/Huawei-vendor/Object-Type/TopX Object Types/TopX PLMNs/TopX PLMN' is clicked on

2024-09-03 17:45:24 - [MESSAGE][PASSED] - Delayed 1 second(s)

2024-09-03 17:45:24 - [MESSAGE][PASSED] - Object: 'Object Repository/PM/Huawei-vendor/Object-Type/TopX Object Types/TopX PLMNs/TopX PLMN checkbox' is clicked on

2024-09-03 17:45:26 - [MESSAGE][PASSED] - Delayed 2 second(s)

2024-09-03 17:45:26 - [MESSAGE][PASSED] - Object: 'Object Repository/SON/SonType/Type-Arrow' is clicked on

2024-09-03 17:45:27 - [MESSAGE][WARNING] - Timeout '0' is invalid. Using default page load timeout: '120'

2024-09-03 17:45:27 - [MESSAGE][PASSED] - Scroll to object 'Object Repository/SON/Exclude Options' successfully

2024-09-03 17:45:27 - [MESSAGE][PASSED] - Object: 'Object Repository/SON/Resolution/Hourly' is clicked on

2024-09-03 17:45:27 - [MESSAGE][PASSED] - Object: 'Object Repository/SON/Resolution/DailyBH' is clicked on

2024-09-03 17:45:27 - [MESSAGE][PASSED] - Object: 'Object Repository/PM/Huawei-vendor/StartDate/Monthly-Selection' is clicked on

2024-09-03 17:45:27 - [MESSAGE][PASSED] - Object: 'Object Repository/PM/Huawei-vendor/StartDate/Fep-Selection' is clicked on

2024-09-03 17:45:28 - [MESSAGE][PASSED] - Delayed 1 second(s)

2024-09-03 17:45:29 - [MESSAGE][PASSED] - Object: 'Object Repository/PM/Huawei-vendor/StartDate/1-Fep' is clicked on

2024-09-03 17:45:29 - [MESSAGE][PASSED] - Object: 'Object Repository/PM/Huawei-vendor/Apply-Button' is clicked on

2024-09-03 17:46:14 - [MESSAGE][PASSED] - Web element with id: 'Object Repository/SON/Error' located by 'By.xpath: //div[@class='home-logo']' is not present after '200' second(s)

2024-09-03 17:46:14 - [MESSAGE][PASSED] - SON.son is PASSED]]></system-out>
         <system-err><![CDATA[]]></system-err>
      </testcase>
      <testcase name="Test Cases/SON/Huawei/2G/Region/Region Sleeping Cells DailyBH" time="37.846" classname="Test Cases/SON/Huawei/2G/Region/Region Sleeping Cells DailyBH" status="PASSED">
         <system-out><![CDATA[2024-09-03 17:46:14 - [TEST_CASE][PASSED] - Test Cases/SON/Huawei/2G/Region/Region Sleeping Cells DailyBH: Test Cases/SON/Huawei/2G/Region/Region Sleeping Cells DailyBH

2024-09-03 17:46:14 - [TEST_STEP][PASSED] - callTestCase(findTestCase("Login"), [:], STOP_ON_FAILURE): Call Test Case 'Test Cases/Login' successfully

2024-09-03 17:46:14 - [TEST_CASE][PASSED] - Test Cases/Login: Test Cases/Login

2024-09-03 17:46:14 - [TEST_STEP][PASSED] - driver = general.start(SwagerURL, NetCellURL): general.start is PASSED

2024-09-03 17:46:14 - [MESSAGE][INFO] - >>> chromeDriverPath=C:\Users\FatimaIbeid\.katalon\packages\Katalon_Studio_Windows_64-8.6.9\Katalon_Studio_Windows_64-8.6.9\configuration\resources\drivers\chromedriver_win32\chromedriver.exe

2024-09-03 17:46:16 - [MESSAGE][PASSED] - Current window maximized

2024-09-03 17:46:16 - [MESSAGE][PASSED] - Execute JavaScript 'window.open();' successfully

2024-09-03 17:46:16 - [MESSAGE][PASSED] - Switched to window with index: '1'

2024-09-03 17:46:28 - [MESSAGE][PASSED] - general.start is PASSED

2024-09-03 17:46:28 - [TEST_STEP][PASSED] - click(findTestObject("Object Repository/Login/LoginButton")): Object: 'Object Repository/Login/LoginButton' is clicked on

2024-09-03 17:46:28 - [MESSAGE][PASSED] - Object: 'Object Repository/Login/LoginButton' is clicked on

2024-09-03 17:46:28 - [TEST_STEP][PASSED] - switchToWindowIndex(2): Switched to window with index: '2'

2024-09-03 17:46:28 - [MESSAGE][PASSED] - Switched to window with index: '2'

2024-09-03 17:46:28 - [TEST_STEP][PASSED] - delay(1): Delayed 1 second(s)

2024-09-03 17:46:29 - [MESSAGE][PASSED] - Delayed 1 second(s)

2024-09-03 17:46:29 - [TEST_STEP][PASSED] - sendKeys(findTestObject("Object Repository/Login/EnterEmail"), "homam@zztjg.onmicrosoft.com"): Keys 'homam@zztjg.onmicrosoft.com' sent to object: 'Object Repository/Login/EnterEmail'

2024-09-03 17:46:30 - [MESSAGE][PASSED] - Keys 'homam@zztjg.onmicrosoft.com' sent to object: 'Object Repository/Login/EnterEmail'

2024-09-03 17:46:30 - [TEST_STEP][PASSED] - delay(1): Delayed 1 second(s)

2024-09-03 17:46:31 - [MESSAGE][PASSED] - Delayed 1 second(s)

2024-09-03 17:46:31 - [TEST_STEP][PASSED] - click(findTestObject("Object Repository/Login/NextButton")): Object: 'Object Repository/Login/NextButton' is clicked on

2024-09-03 17:46:31 - [MESSAGE][PASSED] - Object: 'Object Repository/Login/NextButton' is clicked on

2024-09-03 17:46:31 - [TEST_STEP][PASSED] - delay(2): Delayed 2 second(s)

2024-09-03 17:46:33 - [MESSAGE][PASSED] - Delayed 2 second(s)

2024-09-03 17:46:33 - [TEST_STEP][PASSED] - sendKeys(findTestObject("Object Repository/Login/EnterPassword"), "Holder12345"): Keys 'Holder12345' sent to object: 'Object Repository/Login/EnterPassword'

2024-09-03 17:46:33 - [MESSAGE][PASSED] - Keys 'Holder12345' sent to object: 'Object Repository/Login/EnterPassword'

2024-09-03 17:46:33 - [TEST_STEP][PASSED] - delay(1): Delayed 1 second(s)

2024-09-03 17:46:34 - [MESSAGE][PASSED] - Delayed 1 second(s)

2024-09-03 17:46:34 - [TEST_STEP][PASSED] - click(findTestObject("Object Repository/Login/SigninButton")): Object: 'Object Repository/Login/SigninButton' is clicked on

2024-09-03 17:46:35 - [MESSAGE][PASSED] - Object: 'Object Repository/Login/SigninButton' is clicked on

2024-09-03 17:46:35 - [TEST_STEP][PASSED] - delay(1): Delayed 1 second(s)

2024-09-03 17:46:36 - [MESSAGE][PASSED] - Delayed 1 second(s)

2024-09-03 17:46:36 - [TEST_STEP][PASSED] - click(findTestObject("Object Repository/Login/YesStayInButton")): Object: 'Object Repository/Login/YesStayInButton' is clicked on

2024-09-03 17:46:37 - [MESSAGE][PASSED] - Object: 'Object Repository/Login/YesStayInButton' is clicked on

2024-09-03 17:46:37 - [MESSAGE][PASSED] - Call Test Case 'Test Cases/Login' successfully

2024-09-03 17:46:37 - [TEST_STEP][PASSED] - switchToWindowIndex(1): Switched to window with index: '1'

2024-09-03 17:46:37 - [MESSAGE][PASSED] - Switched to window with index: '1'

2024-09-03 17:46:37 - [TEST_STEP][PASSED] - SON.son("huawei", "2G", "Region", "Sleeping Cells", "DailyBH", ""): SON.son is PASSED

2024-09-03 17:46:38 - [MESSAGE][PASSED] - Object: 'Object Repository/SON/sonBtn' is clicked on

2024-09-03 17:46:38 - [MESSAGE][PASSED] - Switched to window with index: '2'

2024-09-03 17:46:39 - [MESSAGE][PASSED] - Object: 'Object Repository/PM/Huawei-vendor/Technology/Technology-Arrow' is clicked on

2024-09-03 17:46:39 - [MESSAGE][PASSED] - Object: 'Object Repository/PM/Huawei-vendor/Technology/2G' is clicked on

2024-09-03 17:46:39 - [MESSAGE][PASSED] - Object: 'Object Repository/PM/Huawei-vendor/TopX/TopX Object Type' is clicked on

2024-09-03 17:46:40 - [MESSAGE][PASSED] - Delayed 1 second(s)

2024-09-03 17:46:40 - [MESSAGE][PASSED] - Object: 'Object Repository/PM/Huawei-vendor/Object-Type/TopX Object Types/TopX Regions/TopX Region' is clicked on

2024-09-03 17:46:41 - [MESSAGE][PASSED] - Delayed 1 second(s)

2024-09-03 17:46:41 - [MESSAGE][WARNING] - Timeout '0' is invalid. Using default page load timeout: '120'

2024-09-03 17:46:41 - [MESSAGE][PASSED] - Scroll to object 'Object Repository/PM/Huawei-vendor/Object Border' successfully

2024-09-03 17:46:41 - [MESSAGE][PASSED] - Object: 'Object Repository/PM/Huawei-vendor/Object-Type/TopX Object Types/TopX Regions/TopX Region East Amman' is clicked on

2024-09-03 17:46:41 - [MESSAGE][PASSED] - Object: 'Object Repository/PM/Huawei-vendor/Object-Type/TopX Object Types/TopX Regions/TopX Region West Amman' is clicked on

2024-09-03 17:46:42 - [MESSAGE][PASSED] - Object: 'Object Repository/PM/Huawei-vendor/Object-Type/TopX Object Types/TopX Regions/TopX Region South Amman' is clicked on

2024-09-03 17:46:42 - [MESSAGE][PASSED] - Object: 'Object Repository/PM/Huawei-vendor/Object-Type/TopX Object Types/TopX Regions/TopX Region South Jordan' is clicked on

2024-09-03 17:46:42 - [MESSAGE][PASSED] - Object: 'Object Repository/PM/Huawei-vendor/Object-Type/TopX Object Types/TopX Regions/TopX Region North Jordan' is clicked on

2024-09-03 17:46:42 - [MESSAGE][PASSED] - Object: 'Object Repository/PM/Huawei-vendor/Object-Type/TopX Object Types/TopX Regions/TopX Region East Jordan' is clicked on

2024-09-03 17:46:42 - [MESSAGE][PASSED] - Object: 'Object Repository/PM/Huawei-vendor/Object-Type/TopX Object Types/TopX Regions/TopX Region Others' is clicked on

2024-09-03 17:46:44 - [MESSAGE][PASSED] - Delayed 2 second(s)

2024-09-03 17:46:44 - [MESSAGE][PASSED] - Object: 'Object Repository/SON/SonType/Type-Arrow' is clicked on

2024-09-03 17:46:44 - [MESSAGE][WARNING] - Timeout '0' is invalid. Using default page load timeout: '120'

2024-09-03 17:46:44 - [MESSAGE][PASSED] - Scroll to object 'Object Repository/SON/Exclude Options' successfully

2024-09-03 17:46:44 - [MESSAGE][PASSED] - Object: 'Object Repository/SON/Resolution/Hourly' is clicked on

2024-09-03 17:46:45 - [MESSAGE][PASSED] - Object: 'Object Repository/SON/Resolution/DailyBH' is clicked on

2024-09-03 17:46:45 - [MESSAGE][PASSED] - Object: 'Object Repository/PM/Huawei-vendor/StartDate/Monthly-Selection' is clicked on

2024-09-03 17:46:45 - [MESSAGE][PASSED] - Object: 'Object Repository/PM/Huawei-vendor/StartDate/Fep-Selection' is clicked on

2024-09-03 17:46:46 - [MESSAGE][PASSED] - Delayed 1 second(s)

2024-09-03 17:46:46 - [MESSAGE][PASSED] - Object: 'Object Repository/PM/Huawei-vendor/StartDate/1-Fep' is clicked on

2024-09-03 17:46:46 - [MESSAGE][PASSED] - Object: 'Object Repository/PM/Huawei-vendor/Apply-Button' is clicked on

2024-09-03 17:46:52 - [MESSAGE][PASSED] - Web element with id: 'Object Repository/SON/Error' located by 'By.xpath: //div[@class='home-logo']' is not present after '200' second(s)

2024-09-03 17:46:52 - [MESSAGE][PASSED] - SON.son is PASSED]]></system-out>
         <system-err><![CDATA[]]></system-err>
      </testcase>
      <testcase name="Test Cases/SON/Huawei/2G/Site/Site Sleeping Cells DailyBH" time="149.222" classname="Test Cases/SON/Huawei/2G/Site/Site Sleeping Cells DailyBH" status="FAILED">
         <failure type="FAILED" message="Test Cases/SON/Huawei/2G/Site/Site Sleeping Cells DailyBH FAILED.
Reason:
com.kms.katalon.core.exception.StepFailedException: Unable to click on object 'Object Repository/SON/ObjectType/East Amman site1'
	at com.kms.katalon.core.webui.keyword.internal.WebUIKeywordMain.stepFailed(WebUIKeywordMain.groovy:64)
	at com.kms.katalon.core.webui.keyword.internal.WebUIKeywordMain.runKeyword(WebUIKeywordMain.groovy:26)
	at com.kms.katalon.core.webui.keyword.builtin.ClickKeyword.click(ClickKeyword.groovy:74)
	at com.kms.katalon.core.webui.keyword.builtin.ClickKeyword.execute(ClickKeyword.groovy:40)
	at com.kms.katalon.core.keyword.internal.KeywordExecutor.executeKeywordForPlatform(KeywordExecutor.groovy:74)
	at com.kms.katalon.core.webui.keyword.WebUiBuiltInKeywords.click(WebUiBuiltInKeywords.groovy:620)
	at com.kms.katalon.core.webui.keyword.WebUiBuiltInKeywords$click$2.call(Unknown Source)
	at SON.selectObjectType(SON.groovy:146)
	at SON.son(SON.groovy:73)
	at SON.invokeMethod(SON.groovy)
	at com.kms.katalon.core.main.CustomKeywordDelegatingMetaClass.invokeStaticMethod(CustomKeywordDelegatingMetaClass.java:55)
	at Site Sleeping Cells DailyBH.run(Site Sleeping Cells DailyBH:25)
	at com.kms.katalon.core.main.ScriptEngine.run(ScriptEngine.java:194)
	at com.kms.katalon.core.main.ScriptEngine.runScriptAsRawText(ScriptEngine.java:119)
	at com.kms.katalon.core.main.TestCaseExecutor.runScript(TestCaseExecutor.java:448)
	at com.kms.katalon.core.main.TestCaseExecutor.doExecute(TestCaseExecutor.java:439)
	at com.kms.katalon.core.main.TestCaseExecutor.processExecutionPhase(TestCaseExecutor.java:418)
	at com.kms.katalon.core.main.TestCaseExecutor.accessMainPhase(TestCaseExecutor.java:410)
	at com.kms.katalon.core.main.TestCaseExecutor.execute(TestCaseExecutor.java:285)
	at com.kms.katalon.core.common.CommonExecutor.accessTestCaseMainPhase(CommonExecutor.java:65)
	at com.kms.katalon.core.main.TestSuiteExecutor.accessTestSuiteMainPhase(TestSuiteExecutor.java:148)
	at com.kms.katalon.core.main.TestSuiteExecutor.execute(TestSuiteExecutor.java:106)
	at com.kms.katalon.core.main.TestCaseMain.startTestSuite(TestCaseMain.java:187)
	at com.kms.katalon.core.main.TestCaseMain$startTestSuite$0.call(Unknown Source)
	at TempTestSuite1725371051772.run(TempTestSuite1725371051772.groovy:35)
Caused by: com.kms.katalon.core.webui.exception.WebElementNotFoundException: Web element with id: 'Object Repository/SON/ObjectType/East Amman site1' located by '//span[contains(text(),'301-ULT_King_Hussein_St_PD_Fiber_Manage')]' not found
	at com.kms.katalon.core.webui.common.WebUiCommonHelper.findWebElement(WebUiCommonHelper.java:1381)
	at com.kms.katalon.core.webui.keyword.internal.WebUIAbstractKeyword.findWebElement(WebUIAbstractKeyword.groovy:27)
	at com.kms.katalon.core.webui.keyword.builtin.ClickKeyword$_click_closure1.doCall(ClickKeyword.groovy:65)
	at com.kms.katalon.core.webui.keyword.builtin.ClickKeyword$_click_closure1.call(ClickKeyword.groovy)
	at com.kms.katalon.core.webui.keyword.internal.WebUIKeywordMain.runKeyword(WebUIKeywordMain.groovy:20)
	... 23 more
"/>
         <system-out><![CDATA[2024-09-03 17:46:52 - [TEST_CASE][FAILED] - Test Cases/SON/Huawei/2G/Site/Site Sleeping Cells DailyBH: Test Cases/SON/Huawei/2G/Site/Site Sleeping Cells DailyBH FAILED.
Reason:
com.kms.katalon.core.exception.StepFailedException: Unable to click on object 'Object Repository/SON/ObjectType/East Amman site1'
	at com.kms.katalon.core.webui.keyword.internal.WebUIKeywordMain.stepFailed(WebUIKeywordMain.groovy:64)
	at com.kms.katalon.core.webui.keyword.internal.WebUIKeywordMain.runKeyword(WebUIKeywordMain.groovy:26)
	at com.kms.katalon.core.webui.keyword.builtin.ClickKeyword.click(ClickKeyword.groovy:74)
	at com.kms.katalon.core.webui.keyword.builtin.ClickKeyword.execute(ClickKeyword.groovy:40)
	at com.kms.katalon.core.keyword.internal.KeywordExecutor.executeKeywordForPlatform(KeywordExecutor.groovy:74)
	at com.kms.katalon.core.webui.keyword.WebUiBuiltInKeywords.click(WebUiBuiltInKeywords.groovy:620)
	at com.kms.katalon.core.webui.keyword.WebUiBuiltInKeywords$click$2.call(Unknown Source)
	at SON.selectObjectType(SON.groovy:146)
	at SON.son(SON.groovy:73)
	at SON.invokeMethod(SON.groovy)
	at com.kms.katalon.core.main.CustomKeywordDelegatingMetaClass.invokeStaticMethod(CustomKeywordDelegatingMetaClass.java:55)
	at Site Sleeping Cells DailyBH.run(Site Sleeping Cells DailyBH:25)
	at com.kms.katalon.core.main.ScriptEngine.run(ScriptEngine.java:194)
	at com.kms.katalon.core.main.ScriptEngine.runScriptAsRawText(ScriptEngine.java:119)
	at com.kms.katalon.core.main.TestCaseExecutor.runScript(TestCaseExecutor.java:448)
	at com.kms.katalon.core.main.TestCaseExecutor.doExecute(TestCaseExecutor.java:439)
	at com.kms.katalon.core.main.TestCaseExecutor.processExecutionPhase(TestCaseExecutor.java:418)
	at com.kms.katalon.core.main.TestCaseExecutor.accessMainPhase(TestCaseExecutor.java:410)
	at com.kms.katalon.core.main.TestCaseExecutor.execute(TestCaseExecutor.java:285)
	at com.kms.katalon.core.common.CommonExecutor.accessTestCaseMainPhase(CommonExecutor.java:65)
	at com.kms.katalon.core.main.TestSuiteExecutor.accessTestSuiteMainPhase(TestSuiteExecutor.java:148)
	at com.kms.katalon.core.main.TestSuiteExecutor.execute(TestSuiteExecutor.java:106)
	at com.kms.katalon.core.main.TestCaseMain.startTestSuite(TestCaseMain.java:187)
	at com.kms.katalon.core.main.TestCaseMain$startTestSuite$0.call(Unknown Source)
	at TempTestSuite1725371051772.run(TempTestSuite1725371051772.groovy:35)
Caused by: com.kms.katalon.core.webui.exception.WebElementNotFoundException: Web element with id: 'Object Repository/SON/ObjectType/East Amman site1' located by '//span[contains(text(),'301-ULT_King_Hussein_St_PD_Fiber_Manage')]' not found
	at com.kms.katalon.core.webui.common.WebUiCommonHelper.findWebElement(WebUiCommonHelper.java:1381)
	at com.kms.katalon.core.webui.keyword.internal.WebUIAbstractKeyword.findWebElement(WebUIAbstractKeyword.groovy:27)
	at com.kms.katalon.core.webui.keyword.builtin.ClickKeyword$_click_closure1.doCall(ClickKeyword.groovy:65)
	at com.kms.katalon.core.webui.keyword.builtin.ClickKeyword$_click_closure1.call(ClickKeyword.groovy)
	at com.kms.katalon.core.webui.keyword.internal.WebUIKeywordMain.runKeyword(WebUIKeywordMain.groovy:20)
	... 23 more


2024-09-03 17:46:52 - [TEST_STEP][PASSED] - callTestCase(findTestCase("Login"), [:], STOP_ON_FAILURE): Call Test Case 'Test Cases/Login' successfully

2024-09-03 17:46:52 - [TEST_CASE][PASSED] - Test Cases/Login: Test Cases/Login

2024-09-03 17:46:52 - [TEST_STEP][PASSED] - driver = general.start(SwagerURL, NetCellURL): general.start is PASSED

2024-09-03 17:46:52 - [MESSAGE][INFO] - >>> chromeDriverPath=C:\Users\FatimaIbeid\.katalon\packages\Katalon_Studio_Windows_64-8.6.9\Katalon_Studio_Windows_64-8.6.9\configuration\resources\drivers\chromedriver_win32\chromedriver.exe

2024-09-03 17:46:54 - [MESSAGE][PASSED] - Current window maximized

2024-09-03 17:46:54 - [MESSAGE][PASSED] - Execute JavaScript 'window.open();' successfully

2024-09-03 17:46:54 - [MESSAGE][PASSED] - Switched to window with index: '1'

2024-09-03 17:47:06 - [MESSAGE][PASSED] - general.start is PASSED

2024-09-03 17:47:06 - [TEST_STEP][PASSED] - click(findTestObject("Object Repository/Login/LoginButton")): Object: 'Object Repository/Login/LoginButton' is clicked on

2024-09-03 17:47:06 - [MESSAGE][PASSED] - Object: 'Object Repository/Login/LoginButton' is clicked on

2024-09-03 17:47:06 - [TEST_STEP][PASSED] - switchToWindowIndex(2): Switched to window with index: '2'

2024-09-03 17:47:06 - [MESSAGE][PASSED] - Switched to window with index: '2'

2024-09-03 17:47:06 - [TEST_STEP][PASSED] - delay(1): Delayed 1 second(s)

2024-09-03 17:47:07 - [MESSAGE][PASSED] - Delayed 1 second(s)

2024-09-03 17:47:07 - [TEST_STEP][PASSED] - sendKeys(findTestObject("Object Repository/Login/EnterEmail"), "homam@zztjg.onmicrosoft.com"): Keys 'homam@zztjg.onmicrosoft.com' sent to object: 'Object Repository/Login/EnterEmail'

2024-09-03 17:47:08 - [MESSAGE][PASSED] - Keys 'homam@zztjg.onmicrosoft.com' sent to object: 'Object Repository/Login/EnterEmail'

2024-09-03 17:47:08 - [TEST_STEP][PASSED] - delay(1): Delayed 1 second(s)

2024-09-03 17:47:09 - [MESSAGE][PASSED] - Delayed 1 second(s)

2024-09-03 17:47:09 - [TEST_STEP][PASSED] - click(findTestObject("Object Repository/Login/NextButton")): Object: 'Object Repository/Login/NextButton' is clicked on

2024-09-03 17:47:10 - [MESSAGE][PASSED] - Object: 'Object Repository/Login/NextButton' is clicked on

2024-09-03 17:47:10 - [TEST_STEP][PASSED] - delay(2): Delayed 2 second(s)

2024-09-03 17:47:12 - [MESSAGE][PASSED] - Delayed 2 second(s)

2024-09-03 17:47:12 - [TEST_STEP][PASSED] - sendKeys(findTestObject("Object Repository/Login/EnterPassword"), "Holder12345"): Keys 'Holder12345' sent to object: 'Object Repository/Login/EnterPassword'

2024-09-03 17:47:12 - [MESSAGE][PASSED] - Keys 'Holder12345' sent to object: 'Object Repository/Login/EnterPassword'

2024-09-03 17:47:12 - [TEST_STEP][PASSED] - delay(1): Delayed 1 second(s)

2024-09-03 17:47:13 - [MESSAGE][PASSED] - Delayed 1 second(s)

2024-09-03 17:47:13 - [TEST_STEP][PASSED] - click(findTestObject("Object Repository/Login/SigninButton")): Object: 'Object Repository/Login/SigninButton' is clicked on

2024-09-03 17:47:13 - [MESSAGE][PASSED] - Object: 'Object Repository/Login/SigninButton' is clicked on

2024-09-03 17:47:13 - [TEST_STEP][PASSED] - delay(1): Delayed 1 second(s)

2024-09-03 17:47:14 - [MESSAGE][PASSED] - Delayed 1 second(s)

2024-09-03 17:47:14 - [TEST_STEP][PASSED] - click(findTestObject("Object Repository/Login/YesStayInButton")): Object: 'Object Repository/Login/YesStayInButton' is clicked on

2024-09-03 17:47:15 - [MESSAGE][PASSED] - Object: 'Object Repository/Login/YesStayInButton' is clicked on

2024-09-03 17:47:15 - [MESSAGE][PASSED] - Call Test Case 'Test Cases/Login' successfully

2024-09-03 17:47:15 - [TEST_STEP][PASSED] - switchToWindowIndex(1): Switched to window with index: '1'

2024-09-03 17:47:15 - [MESSAGE][PASSED] - Switched to window with index: '1'

2024-09-03 17:47:15 - [TEST_STEP][FAILED] - SON.son("huawei", "2G", "Site", "Sleeping Cells", "DailyBH", ""): Unable to click on object 'Object Repository/SON/ObjectType/East Amman site1'

2024-09-03 17:47:17 - [MESSAGE][PASSED] - Object: 'Object Repository/SON/sonBtn' is clicked on

2024-09-03 17:47:17 - [MESSAGE][PASSED] - Switched to window with index: '2'

2024-09-03 17:47:17 - [MESSAGE][PASSED] - Object: 'Object Repository/PM/Huawei-vendor/Technology/Technology-Arrow' is clicked on

2024-09-03 17:47:17 - [MESSAGE][PASSED] - Object: 'Object Repository/PM/Huawei-vendor/Technology/2G' is clicked on

2024-09-03 17:47:18 - [MESSAGE][PASSED] - Object: 'Object Repository/PM/Huawei-vendor/TopX/TopX Object Type' is clicked on

2024-09-03 17:47:19 - [MESSAGE][PASSED] - Delayed 1 second(s)

2024-09-03 17:47:19 - [MESSAGE][PASSED] - Object: 'Object Repository/PM/Huawei-vendor/Object-Type/TopX Object Types/TopX Sites/TopX Site' is clicked on

2024-09-03 17:47:20 - [MESSAGE][PASSED] - Delayed 1 second(s)

2024-09-03 17:47:20 - [MESSAGE][WARNING] - Timeout '0' is invalid. Using default page load timeout: '120'

2024-09-03 17:47:20 - [MESSAGE][PASSED] - Scroll to object 'Object Repository/PM/Huawei-vendor/Object Border' successfully

2024-09-03 17:47:20 - [MESSAGE][PASSED] - Object: 'Object Repository/PM/Huawei-vendor/Object-Type/TopX Object Types/TopX Sites/TopX East Amman Arrow' is clicked on

2024-09-03 17:49:21 - [MESSAGE][INFO] - Unable to find the element located by 'By.xpath: //span[contains(text(),'301-ULT_King_Hussein_St_PD_Fiber_Manage')]'. Please recheck the objects properties to make sure the desired element is located. 

2024-09-03 17:49:21 - [MESSAGE][FAILED] - Unable to click on object 'Object Repository/SON/ObjectType/East Amman site1' (Root cause: com.kms.katalon.core.exception.StepFailedException: Unable to click on object 'Object Repository/SON/ObjectType/East Amman site1'
	at com.kms.katalon.core.webui.keyword.internal.WebUIKeywordMain.stepFailed(WebUIKeywordMain.groovy:64)
	at com.kms.katalon.core.webui.keyword.internal.WebUIKeywordMain.runKeyword(WebUIKeywordMain.groovy:26)
	at com.kms.katalon.core.webui.keyword.builtin.ClickKeyword.click(ClickKeyword.groovy:74)
	at com.kms.katalon.core.webui.keyword.builtin.ClickKeyword.execute(ClickKeyword.groovy:40)
	at com.kms.katalon.core.keyword.internal.KeywordExecutor.executeKeywordForPlatform(KeywordExecutor.groovy:74)
	at com.kms.katalon.core.webui.keyword.WebUiBuiltInKeywords.click(WebUiBuiltInKeywords.groovy:620)
	at com.kms.katalon.core.webui.keyword.WebUiBuiltInKeywords$click$2.call(Unknown Source)
	at SON.selectObjectType(SON.groovy:146)
	at SON.son(SON.groovy:73)
	at SON.invokeMethod(SON.groovy)
	at com.kms.katalon.core.main.CustomKeywordDelegatingMetaClass.invokeStaticMethod(CustomKeywordDelegatingMetaClass.java:55)
	at Site Sleeping Cells DailyBH.run(Site Sleeping Cells DailyBH:25)
	at com.kms.katalon.core.main.ScriptEngine.run(ScriptEngine.java:194)
	at com.kms.katalon.core.main.ScriptEngine.runScriptAsRawText(ScriptEngine.java:119)
	at com.kms.katalon.core.main.TestCaseExecutor.runScript(TestCaseExecutor.java:448)
	at com.kms.katalon.core.main.TestCaseExecutor.doExecute(TestCaseExecutor.java:439)
	at com.kms.katalon.core.main.TestCaseExecutor.processExecutionPhase(TestCaseExecutor.java:418)
	at com.kms.katalon.core.main.TestCaseExecutor.accessMainPhase(TestCaseExecutor.java:410)
	at com.kms.katalon.core.main.TestCaseExecutor.execute(TestCaseExecutor.java:285)
	at com.kms.katalon.core.common.CommonExecutor.accessTestCaseMainPhase(CommonExecutor.java:65)
	at com.kms.katalon.core.main.TestSuiteExecutor.accessTestSuiteMainPhase(TestSuiteExecutor.java:148)
	at com.kms.katalon.core.main.TestSuiteExecutor.execute(TestSuiteExecutor.java:106)
	at com.kms.katalon.core.main.TestCaseMain.startTestSuite(TestCaseMain.java:187)
	at com.kms.katalon.core.main.TestCaseMain$startTestSuite$0.call(Unknown Source)
	at TempTestSuite1725371051772.run(TempTestSuite1725371051772.groovy:35)
Caused by: com.kms.katalon.core.webui.exception.WebElementNotFoundException: Web element with id: 'Object Repository/SON/ObjectType/East Amman site1' located by '//span[contains(text(),'301-ULT_King_Hussein_St_PD_Fiber_Manage')]' not found
	at com.kms.katalon.core.webui.common.WebUiCommonHelper.findWebElement(WebUiCommonHelper.java:1381)
	at com.kms.katalon.core.webui.keyword.internal.WebUIAbstractKeyword.findWebElement(WebUIAbstractKeyword.groovy:27)
	at com.kms.katalon.core.webui.keyword.builtin.ClickKeyword$_click_closure1.doCall(ClickKeyword.groovy:65)
	at com.kms.katalon.core.webui.keyword.builtin.ClickKeyword$_click_closure1.call(ClickKeyword.groovy)
	at com.kms.katalon.core.webui.keyword.internal.WebUIKeywordMain.runKeyword(WebUIKeywordMain.groovy:20)
	at com.kms.katalon.core.webui.keyword.builtin.ClickKeyword.click(ClickKeyword.groovy:74)
	at com.kms.katalon.core.webui.keyword.builtin.ClickKeyword.execute(ClickKeyword.groovy:40)
	at com.kms.katalon.core.keyword.internal.KeywordExecutor.executeKeywordForPlatform(KeywordExecutor.groovy:74)
	at com.kms.katalon.core.webui.keyword.WebUiBuiltInKeywords.click(WebUiBuiltInKeywords.groovy:620)
	at com.kms.katalon.core.webui.keyword.WebUiBuiltInKeywords$click$2.call(Unknown Source)
	at SON.selectObjectType(SON.groovy:146)
	at SON.son(SON.groovy:73)
	at SON.invokeMethod(SON.groovy)
	at com.kms.katalon.core.main.CustomKeywordDelegatingMetaClass.invokeStaticMethod(CustomKeywordDelegatingMetaClass.java:55)
	at Script1725183261474.run(Script1725183261474.groovy:25)
	... 13 more
)
[[ATTACHMENT|C:\\Users\\FatimaIbeid\\git\\NetCell\\Reports\\20240903_164410\\SON\\Hwauei\\2G\\2G Regression\\20240903_164411\\1725374961436.png]]

2024-09-03 17:49:21 - [MESSAGE][FAILED] - Unable to click on object 'Object Repository/SON/ObjectType/East Amman site1']]></system-out>
         <system-err><![CDATA[2024-09-03 17:46:52 - [TEST_CASE][FAILED] - Test Cases/SON/Huawei/2G/Site/Site Sleeping Cells DailyBH: Test Cases/SON/Huawei/2G/Site/Site Sleeping Cells DailyBH FAILED.
Reason:
com.kms.katalon.core.exception.StepFailedException: Unable to click on object 'Object Repository/SON/ObjectType/East Amman site1'
	at com.kms.katalon.core.webui.keyword.internal.WebUIKeywordMain.stepFailed(WebUIKeywordMain.groovy:64)
	at com.kms.katalon.core.webui.keyword.internal.WebUIKeywordMain.runKeyword(WebUIKeywordMain.groovy:26)
	at com.kms.katalon.core.webui.keyword.builtin.ClickKeyword.click(ClickKeyword.groovy:74)
	at com.kms.katalon.core.webui.keyword.builtin.ClickKeyword.execute(ClickKeyword.groovy:40)
	at com.kms.katalon.core.keyword.internal.KeywordExecutor.executeKeywordForPlatform(KeywordExecutor.groovy:74)
	at com.kms.katalon.core.webui.keyword.WebUiBuiltInKeywords.click(WebUiBuiltInKeywords.groovy:620)
	at com.kms.katalon.core.webui.keyword.WebUiBuiltInKeywords$click$2.call(Unknown Source)
	at SON.selectObjectType(SON.groovy:146)
	at SON.son(SON.groovy:73)
	at SON.invokeMethod(SON.groovy)
	at com.kms.katalon.core.main.CustomKeywordDelegatingMetaClass.invokeStaticMethod(CustomKeywordDelegatingMetaClass.java:55)
	at Site Sleeping Cells DailyBH.run(Site Sleeping Cells DailyBH:25)
	at com.kms.katalon.core.main.ScriptEngine.run(ScriptEngine.java:194)
	at com.kms.katalon.core.main.ScriptEngine.runScriptAsRawText(ScriptEngine.java:119)
	at com.kms.katalon.core.main.TestCaseExecutor.runScript(TestCaseExecutor.java:448)
	at com.kms.katalon.core.main.TestCaseExecutor.doExecute(TestCaseExecutor.java:439)
	at com.kms.katalon.core.main.TestCaseExecutor.processExecutionPhase(TestCaseExecutor.java:418)
	at com.kms.katalon.core.main.TestCaseExecutor.accessMainPhase(TestCaseExecutor.java:410)
	at com.kms.katalon.core.main.TestCaseExecutor.execute(TestCaseExecutor.java:285)
	at com.kms.katalon.core.common.CommonExecutor.accessTestCaseMainPhase(CommonExecutor.java:65)
	at com.kms.katalon.core.main.TestSuiteExecutor.accessTestSuiteMainPhase(TestSuiteExecutor.java:148)
	at com.kms.katalon.core.main.TestSuiteExecutor.execute(TestSuiteExecutor.java:106)
	at com.kms.katalon.core.main.TestCaseMain.startTestSuite(TestCaseMain.java:187)
	at com.kms.katalon.core.main.TestCaseMain$startTestSuite$0.call(Unknown Source)
	at TempTestSuite1725371051772.run(TempTestSuite1725371051772.groovy:35)
Caused by: com.kms.katalon.core.webui.exception.WebElementNotFoundException: Web element with id: 'Object Repository/SON/ObjectType/East Amman site1' located by '//span[contains(text(),'301-ULT_King_Hussein_St_PD_Fiber_Manage')]' not found
	at com.kms.katalon.core.webui.common.WebUiCommonHelper.findWebElement(WebUiCommonHelper.java:1381)
	at com.kms.katalon.core.webui.keyword.internal.WebUIAbstractKeyword.findWebElement(WebUIAbstractKeyword.groovy:27)
	at com.kms.katalon.core.webui.keyword.builtin.ClickKeyword$_click_closure1.doCall(ClickKeyword.groovy:65)
	at com.kms.katalon.core.webui.keyword.builtin.ClickKeyword$_click_closure1.call(ClickKeyword.groovy)
	at com.kms.katalon.core.webui.keyword.internal.WebUIKeywordMain.runKeyword(WebUIKeywordMain.groovy:20)
	... 23 more]]></system-err>
      </testcase>
      <testcase name="Test Cases/SON/Huawei/2G/Cell/Cell Sleeping Cells DailyBH" time="158.42" classname="Test Cases/SON/Huawei/2G/Cell/Cell Sleeping Cells DailyBH" status="FAILED">
         <failure type="FAILED" message="Test Cases/SON/Huawei/2G/Cell/Cell Sleeping Cells DailyBH FAILED.
Reason:
com.kms.katalon.core.exception.StepFailedException: Unable to click on object 'Object Repository/SON/ObjectType/Cell/East Jordan Site1 Cell1 2G'
	at com.kms.katalon.core.webui.keyword.internal.WebUIKeywordMain.stepFailed(WebUIKeywordMain.groovy:64)
	at com.kms.katalon.core.webui.keyword.internal.WebUIKeywordMain.runKeyword(WebUIKeywordMain.groovy:26)
	at com.kms.katalon.core.webui.keyword.builtin.ClickKeyword.click(ClickKeyword.groovy:74)
	at com.kms.katalon.core.webui.keyword.builtin.ClickKeyword.execute(ClickKeyword.groovy:40)
	at com.kms.katalon.core.keyword.internal.KeywordExecutor.executeKeywordForPlatform(KeywordExecutor.groovy:74)
	at com.kms.katalon.core.webui.keyword.WebUiBuiltInKeywords.click(WebUiBuiltInKeywords.groovy:620)
	at com.kms.katalon.core.webui.keyword.WebUiBuiltInKeywords$click$2.call(Unknown Source)
	at SON.selectObjectType(SON.groovy:235)
	at SON.son(SON.groovy:73)
	at SON.invokeMethod(SON.groovy)
	at com.kms.katalon.core.main.CustomKeywordDelegatingMetaClass.invokeStaticMethod(CustomKeywordDelegatingMetaClass.java:55)
	at Cell Sleeping Cells DailyBH.run(Cell Sleeping Cells DailyBH:25)
	at com.kms.katalon.core.main.ScriptEngine.run(ScriptEngine.java:194)
	at com.kms.katalon.core.main.ScriptEngine.runScriptAsRawText(ScriptEngine.java:119)
	at com.kms.katalon.core.main.TestCaseExecutor.runScript(TestCaseExecutor.java:448)
	at com.kms.katalon.core.main.TestCaseExecutor.doExecute(TestCaseExecutor.java:439)
	at com.kms.katalon.core.main.TestCaseExecutor.processExecutionPhase(TestCaseExecutor.java:418)
	at com.kms.katalon.core.main.TestCaseExecutor.accessMainPhase(TestCaseExecutor.java:410)
	at com.kms.katalon.core.main.TestCaseExecutor.execute(TestCaseExecutor.java:285)
	at com.kms.katalon.core.common.CommonExecutor.accessTestCaseMainPhase(CommonExecutor.java:65)
	at com.kms.katalon.core.main.TestSuiteExecutor.accessTestSuiteMainPhase(TestSuiteExecutor.java:148)
	at com.kms.katalon.core.main.TestSuiteExecutor.execute(TestSuiteExecutor.java:106)
	at com.kms.katalon.core.main.TestCaseMain.startTestSuite(TestCaseMain.java:187)
	at com.kms.katalon.core.main.TestCaseMain$startTestSuite$0.call(Unknown Source)
	at TempTestSuite1725371051772.run(TempTestSuite1725371051772.groovy:35)
Caused by: com.kms.katalon.core.webui.exception.WebElementNotFoundException: Web element with id: 'Object Repository/SON/ObjectType/Cell/East Jordan Site1 Cell1 2G' located by '//span[@class='p-element p-tree-node-label'][normalize-space()='1001-BSC_Dwaik_PA_Fiber_TASC_O-A']' not found
	at com.kms.katalon.core.webui.common.WebUiCommonHelper.findWebElement(WebUiCommonHelper.java:1381)
	at com.kms.katalon.core.webui.keyword.internal.WebUIAbstractKeyword.findWebElement(WebUIAbstractKeyword.groovy:27)
	at com.kms.katalon.core.webui.keyword.builtin.ClickKeyword$_click_closure1.doCall(ClickKeyword.groovy:65)
	at com.kms.katalon.core.webui.keyword.builtin.ClickKeyword$_click_closure1.call(ClickKeyword.groovy)
	at com.kms.katalon.core.webui.keyword.internal.WebUIKeywordMain.runKeyword(WebUIKeywordMain.groovy:20)
	... 23 more
"/>
         <system-out><![CDATA[2024-09-03 17:49:21 - [TEST_CASE][FAILED] - Test Cases/SON/Huawei/2G/Cell/Cell Sleeping Cells DailyBH: Test Cases/SON/Huawei/2G/Cell/Cell Sleeping Cells DailyBH FAILED.
Reason:
com.kms.katalon.core.exception.StepFailedException: Unable to click on object 'Object Repository/SON/ObjectType/Cell/East Jordan Site1 Cell1 2G'
	at com.kms.katalon.core.webui.keyword.internal.WebUIKeywordMain.stepFailed(WebUIKeywordMain.groovy:64)
	at com.kms.katalon.core.webui.keyword.internal.WebUIKeywordMain.runKeyword(WebUIKeywordMain.groovy:26)
	at com.kms.katalon.core.webui.keyword.builtin.ClickKeyword.click(ClickKeyword.groovy:74)
	at com.kms.katalon.core.webui.keyword.builtin.ClickKeyword.execute(ClickKeyword.groovy:40)
	at com.kms.katalon.core.keyword.internal.KeywordExecutor.executeKeywordForPlatform(KeywordExecutor.groovy:74)
	at com.kms.katalon.core.webui.keyword.WebUiBuiltInKeywords.click(WebUiBuiltInKeywords.groovy:620)
	at com.kms.katalon.core.webui.keyword.WebUiBuiltInKeywords$click$2.call(Unknown Source)
	at SON.selectObjectType(SON.groovy:235)
	at SON.son(SON.groovy:73)
	at SON.invokeMethod(SON.groovy)
	at com.kms.katalon.core.main.CustomKeywordDelegatingMetaClass.invokeStaticMethod(CustomKeywordDelegatingMetaClass.java:55)
	at Cell Sleeping Cells DailyBH.run(Cell Sleeping Cells DailyBH:25)
	at com.kms.katalon.core.main.ScriptEngine.run(ScriptEngine.java:194)
	at com.kms.katalon.core.main.ScriptEngine.runScriptAsRawText(ScriptEngine.java:119)
	at com.kms.katalon.core.main.TestCaseExecutor.runScript(TestCaseExecutor.java:448)
	at com.kms.katalon.core.main.TestCaseExecutor.doExecute(TestCaseExecutor.java:439)
	at com.kms.katalon.core.main.TestCaseExecutor.processExecutionPhase(TestCaseExecutor.java:418)
	at com.kms.katalon.core.main.TestCaseExecutor.accessMainPhase(TestCaseExecutor.java:410)
	at com.kms.katalon.core.main.TestCaseExecutor.execute(TestCaseExecutor.java:285)
	at com.kms.katalon.core.common.CommonExecutor.accessTestCaseMainPhase(CommonExecutor.java:65)
	at com.kms.katalon.core.main.TestSuiteExecutor.accessTestSuiteMainPhase(TestSuiteExecutor.java:148)
	at com.kms.katalon.core.main.TestSuiteExecutor.execute(TestSuiteExecutor.java:106)
	at com.kms.katalon.core.main.TestCaseMain.startTestSuite(TestCaseMain.java:187)
	at com.kms.katalon.core.main.TestCaseMain$startTestSuite$0.call(Unknown Source)
	at TempTestSuite1725371051772.run(TempTestSuite1725371051772.groovy:35)
Caused by: com.kms.katalon.core.webui.exception.WebElementNotFoundException: Web element with id: 'Object Repository/SON/ObjectType/Cell/East Jordan Site1 Cell1 2G' located by '//span[@class='p-element p-tree-node-label'][normalize-space()='1001-BSC_Dwaik_PA_Fiber_TASC_O-A']' not found
	at com.kms.katalon.core.webui.common.WebUiCommonHelper.findWebElement(WebUiCommonHelper.java:1381)
	at com.kms.katalon.core.webui.keyword.internal.WebUIAbstractKeyword.findWebElement(WebUIAbstractKeyword.groovy:27)
	at com.kms.katalon.core.webui.keyword.builtin.ClickKeyword$_click_closure1.doCall(ClickKeyword.groovy:65)
	at com.kms.katalon.core.webui.keyword.builtin.ClickKeyword$_click_closure1.call(ClickKeyword.groovy)
	at com.kms.katalon.core.webui.keyword.internal.WebUIKeywordMain.runKeyword(WebUIKeywordMain.groovy:20)
	... 23 more


2024-09-03 17:49:21 - [TEST_STEP][PASSED] - callTestCase(findTestCase("Login"), [:], STOP_ON_FAILURE): Call Test Case 'Test Cases/Login' successfully

2024-09-03 17:49:21 - [TEST_CASE][PASSED] - Test Cases/Login: Test Cases/Login

2024-09-03 17:49:21 - [TEST_STEP][PASSED] - driver = general.start(SwagerURL, NetCellURL): general.start is PASSED

2024-09-03 17:49:21 - [MESSAGE][INFO] - >>> chromeDriverPath=C:\Users\FatimaIbeid\.katalon\packages\Katalon_Studio_Windows_64-8.6.9\Katalon_Studio_Windows_64-8.6.9\configuration\resources\drivers\chromedriver_win32\chromedriver.exe

2024-09-03 17:49:23 - [MESSAGE][PASSED] - Current window maximized

2024-09-03 17:49:23 - [MESSAGE][PASSED] - Execute JavaScript 'window.open();' successfully

2024-09-03 17:49:23 - [MESSAGE][PASSED] - Switched to window with index: '1'

2024-09-03 17:49:36 - [MESSAGE][PASSED] - general.start is PASSED

2024-09-03 17:49:36 - [TEST_STEP][PASSED] - click(findTestObject("Object Repository/Login/LoginButton")): Object: 'Object Repository/Login/LoginButton' is clicked on

2024-09-03 17:49:36 - [MESSAGE][PASSED] - Object: 'Object Repository/Login/LoginButton' is clicked on

2024-09-03 17:49:36 - [TEST_STEP][PASSED] - switchToWindowIndex(2): Switched to window with index: '2'

2024-09-03 17:49:37 - [MESSAGE][PASSED] - Switched to window with index: '2'

2024-09-03 17:49:37 - [TEST_STEP][PASSED] - delay(1): Delayed 1 second(s)

2024-09-03 17:49:38 - [MESSAGE][PASSED] - Delayed 1 second(s)

2024-09-03 17:49:38 - [TEST_STEP][PASSED] - sendKeys(findTestObject("Object Repository/Login/EnterEmail"), "homam@zztjg.onmicrosoft.com"): Keys 'homam@zztjg.onmicrosoft.com' sent to object: 'Object Repository/Login/EnterEmail'

2024-09-03 17:49:39 - [MESSAGE][PASSED] - Keys 'homam@zztjg.onmicrosoft.com' sent to object: 'Object Repository/Login/EnterEmail'

2024-09-03 17:49:39 - [TEST_STEP][PASSED] - delay(1): Delayed 1 second(s)

2024-09-03 17:49:40 - [MESSAGE][PASSED] - Delayed 1 second(s)

2024-09-03 17:49:40 - [TEST_STEP][PASSED] - click(findTestObject("Object Repository/Login/NextButton")): Object: 'Object Repository/Login/NextButton' is clicked on

2024-09-03 17:49:40 - [MESSAGE][PASSED] - Object: 'Object Repository/Login/NextButton' is clicked on

2024-09-03 17:49:40 - [TEST_STEP][PASSED] - delay(2): Delayed 2 second(s)

2024-09-03 17:49:42 - [MESSAGE][PASSED] - Delayed 2 second(s)

2024-09-03 17:49:42 - [TEST_STEP][PASSED] - sendKeys(findTestObject("Object Repository/Login/EnterPassword"), "Holder12345"): Keys 'Holder12345' sent to object: 'Object Repository/Login/EnterPassword'

2024-09-03 17:49:42 - [MESSAGE][PASSED] - Keys 'Holder12345' sent to object: 'Object Repository/Login/EnterPassword'

2024-09-03 17:49:42 - [TEST_STEP][PASSED] - delay(1): Delayed 1 second(s)

2024-09-03 17:49:43 - [MESSAGE][PASSED] - Delayed 1 second(s)

2024-09-03 17:49:43 - [TEST_STEP][PASSED] - click(findTestObject("Object Repository/Login/SigninButton")): Object: 'Object Repository/Login/SigninButton' is clicked on

2024-09-03 17:49:43 - [MESSAGE][PASSED] - Object: 'Object Repository/Login/SigninButton' is clicked on

2024-09-03 17:49:43 - [TEST_STEP][PASSED] - delay(1): Delayed 1 second(s)

2024-09-03 17:49:44 - [MESSAGE][PASSED] - Delayed 1 second(s)

2024-09-03 17:49:44 - [TEST_STEP][PASSED] - click(findTestObject("Object Repository/Login/YesStayInButton")): Object: 'Object Repository/Login/YesStayInButton' is clicked on

2024-09-03 17:49:45 - [MESSAGE][PASSED] - Object: 'Object Repository/Login/YesStayInButton' is clicked on

2024-09-03 17:49:45 - [MESSAGE][PASSED] - Call Test Case 'Test Cases/Login' successfully

2024-09-03 17:49:45 - [TEST_STEP][PASSED] - switchToWindowIndex(1): Switched to window with index: '1'

2024-09-03 17:49:45 - [MESSAGE][PASSED] - Switched to window with index: '1'

2024-09-03 17:49:45 - [TEST_STEP][FAILED] - SON.son("huawei", "2G", "Cell", "Sleeping Cells", "DailyBH", ""): Unable to click on object 'Object Repository/SON/ObjectType/Cell/East Jordan Site1 Cell1 2G'

2024-09-03 17:49:47 - [MESSAGE][PASSED] - Object: 'Object Repository/SON/sonBtn' is clicked on

2024-09-03 17:49:47 - [MESSAGE][PASSED] - Switched to window with index: '2'

2024-09-03 17:49:49 - [MESSAGE][PASSED] - Object: 'Object Repository/PM/Huawei-vendor/Technology/Technology-Arrow' is clicked on

2024-09-03 17:49:49 - [MESSAGE][PASSED] - Object: 'Object Repository/PM/Huawei-vendor/Technology/2G' is clicked on

2024-09-03 17:49:49 - [MESSAGE][PASSED] - Object: 'Object Repository/PM/Huawei-vendor/TopX/TopX Object Type' is clicked on

2024-09-03 17:49:50 - [MESSAGE][PASSED] - Delayed 1 second(s)

2024-09-03 17:49:50 - [MESSAGE][PASSED] - Object: 'Object Repository/PM/Huawei-vendor/Object-Type/TopX Object Types/TopX Cells/TopX Cell' is clicked on

2024-09-03 17:49:51 - [MESSAGE][PASSED] - Delayed 1 second(s)

2024-09-03 17:49:51 - [MESSAGE][WARNING] - Timeout '0' is invalid. Using default page load timeout: '120'

2024-09-03 17:49:51 - [MESSAGE][PASSED] - Scroll to object 'Object Repository/PM/Huawei-vendor/Object Border' successfully

2024-09-03 17:49:51 - [MESSAGE][PASSED] - Object: 'Object Repository/PM/Huawei-vendor/Object-Type/TopX Object Types/TopX Sites/TopX East Amman Arrow' is clicked on

2024-09-03 17:49:52 - [MESSAGE][PASSED] - Object: 'Object Repository/PM/Huawei-vendor/Object-Type/TopX Object Types/TopX Cells/TopX East Amman Site1 Arrow' is clicked on

2024-09-03 17:49:54 - [MESSAGE][PASSED] - Delayed 2 second(s)

2024-09-03 17:49:55 - [MESSAGE][PASSED] - Object: 'Object Repository/SON/ObjectType/Cell/East Amman Site1 Cell1 2G' is clicked on

2024-09-03 17:49:55 - [MESSAGE][PASSED] - Object: 'Object Repository/PM/Huawei-vendor/Object-Type/TopX Object Types/TopX Sites/TopX East Amman CloseArrow' is clicked on

2024-09-03 17:49:55 - [MESSAGE][PASSED] - Object: 'Object Repository/PM/Huawei-vendor/Object-Type/TopX Object Types/TopX Sites/TopX West Amman Arrow' is clicked on

2024-09-03 17:49:56 - [MESSAGE][PASSED] - Object: 'Object Repository/PM/Huawei-vendor/Object-Type/TopX Object Types/TopX Cells/TopX West Amman Site1 Arrow' is clicked on

2024-09-03 17:49:56 - [MESSAGE][PASSED] - Object: 'Object Repository/SON/ObjectType/Cell/West Amman Site1 Cell1 2G' is clicked on

2024-09-03 17:49:56 - [MESSAGE][PASSED] - Object: 'Object Repository/PM/Huawei-vendor/Object-Type/TopX Object Types/TopX Sites/TopX West Amman CloseArrow' is clicked on

2024-09-03 17:49:56 - [MESSAGE][PASSED] - Object: 'Object Repository/PM/Huawei-vendor/Object-Type/TopX Object Types/TopX Sites/TopX South Amman Arrow' is clicked on

2024-09-03 17:49:57 - [MESSAGE][PASSED] - Object: 'Object Repository/PM/Huawei-vendor/Object-Type/TopX Object Types/TopX Cells/TopX South Amman Site1 Arrow' is clicked on

2024-09-03 17:49:57 - [MESSAGE][PASSED] - Object: 'Object Repository/SON/ObjectType/Cell/South Amman Site1 Cell1 2G' is clicked on

2024-09-03 17:49:57 - [MESSAGE][PASSED] - Object: 'Object Repository/PM/Huawei-vendor/Object-Type/TopX Object Types/TopX Sites/TopX South Amman CloseArrow' is clicked on

2024-09-03 17:49:58 - [MESSAGE][PASSED] - Object: 'Object Repository/PM/Huawei-vendor/Object-Type/TopX Object Types/TopX Sites/TopX East Jordan Arrow' is clicked on

2024-09-03 17:49:58 - [MESSAGE][PASSED] - Object: 'Object Repository/PM/Huawei-vendor/Object-Type/TopX Object Types/TopX Cells/TopX East Jordan Site1 Arrow' is clicked on

2024-09-03 17:51:59 - [MESSAGE][INFO] - Unable to find the element located by 'By.xpath: //span[@class='p-element p-tree-node-label'][normalize-space()='1001-BSC_Dwaik_PA_Fiber_TASC_O-A']'. Please recheck the objects properties to make sure the desired element is located. 

2024-09-03 17:51:59 - [MESSAGE][FAILED] - Unable to click on object 'Object Repository/SON/ObjectType/Cell/East Jordan Site1 Cell1 2G' (Root cause: com.kms.katalon.core.exception.StepFailedException: Unable to click on object 'Object Repository/SON/ObjectType/Cell/East Jordan Site1 Cell1 2G'
	at com.kms.katalon.core.webui.keyword.internal.WebUIKeywordMain.stepFailed(WebUIKeywordMain.groovy:64)
	at com.kms.katalon.core.webui.keyword.internal.WebUIKeywordMain.runKeyword(WebUIKeywordMain.groovy:26)
	at com.kms.katalon.core.webui.keyword.builtin.ClickKeyword.click(ClickKeyword.groovy:74)
	at com.kms.katalon.core.webui.keyword.builtin.ClickKeyword.execute(ClickKeyword.groovy:40)
	at com.kms.katalon.core.keyword.internal.KeywordExecutor.executeKeywordForPlatform(KeywordExecutor.groovy:74)
	at com.kms.katalon.core.webui.keyword.WebUiBuiltInKeywords.click(WebUiBuiltInKeywords.groovy:620)
	at com.kms.katalon.core.webui.keyword.WebUiBuiltInKeywords$click$2.call(Unknown Source)
	at SON.selectObjectType(SON.groovy:235)
	at SON.son(SON.groovy:73)
	at SON.invokeMethod(SON.groovy)
	at com.kms.katalon.core.main.CustomKeywordDelegatingMetaClass.invokeStaticMethod(CustomKeywordDelegatingMetaClass.java:55)
	at Cell Sleeping Cells DailyBH.run(Cell Sleeping Cells DailyBH:25)
	at com.kms.katalon.core.main.ScriptEngine.run(ScriptEngine.java:194)
	at com.kms.katalon.core.main.ScriptEngine.runScriptAsRawText(ScriptEngine.java:119)
	at com.kms.katalon.core.main.TestCaseExecutor.runScript(TestCaseExecutor.java:448)
	at com.kms.katalon.core.main.TestCaseExecutor.doExecute(TestCaseExecutor.java:439)
	at com.kms.katalon.core.main.TestCaseExecutor.processExecutionPhase(TestCaseExecutor.java:418)
	at com.kms.katalon.core.main.TestCaseExecutor.accessMainPhase(TestCaseExecutor.java:410)
	at com.kms.katalon.core.main.TestCaseExecutor.execute(TestCaseExecutor.java:285)
	at com.kms.katalon.core.common.CommonExecutor.accessTestCaseMainPhase(CommonExecutor.java:65)
	at com.kms.katalon.core.main.TestSuiteExecutor.accessTestSuiteMainPhase(TestSuiteExecutor.java:148)
	at com.kms.katalon.core.main.TestSuiteExecutor.execute(TestSuiteExecutor.java:106)
	at com.kms.katalon.core.main.TestCaseMain.startTestSuite(TestCaseMain.java:187)
	at com.kms.katalon.core.main.TestCaseMain$startTestSuite$0.call(Unknown Source)
	at TempTestSuite1725371051772.run(TempTestSuite1725371051772.groovy:35)
Caused by: com.kms.katalon.core.webui.exception.WebElementNotFoundException: Web element with id: 'Object Repository/SON/ObjectType/Cell/East Jordan Site1 Cell1 2G' located by '//span[@class='p-element p-tree-node-label'][normalize-space()='1001-BSC_Dwaik_PA_Fiber_TASC_O-A']' not found
	at com.kms.katalon.core.webui.common.WebUiCommonHelper.findWebElement(WebUiCommonHelper.java:1381)
	at com.kms.katalon.core.webui.keyword.internal.WebUIAbstractKeyword.findWebElement(WebUIAbstractKeyword.groovy:27)
	at com.kms.katalon.core.webui.keyword.builtin.ClickKeyword$_click_closure1.doCall(ClickKeyword.groovy:65)
	at com.kms.katalon.core.webui.keyword.builtin.ClickKeyword$_click_closure1.call(ClickKeyword.groovy)
	at com.kms.katalon.core.webui.keyword.internal.WebUIKeywordMain.runKeyword(WebUIKeywordMain.groovy:20)
	at com.kms.katalon.core.webui.keyword.builtin.ClickKeyword.click(ClickKeyword.groovy:74)
	at com.kms.katalon.core.webui.keyword.builtin.ClickKeyword.execute(ClickKeyword.groovy:40)
	at com.kms.katalon.core.keyword.internal.KeywordExecutor.executeKeywordForPlatform(KeywordExecutor.groovy:74)
	at com.kms.katalon.core.webui.keyword.WebUiBuiltInKeywords.click(WebUiBuiltInKeywords.groovy:620)
	at com.kms.katalon.core.webui.keyword.WebUiBuiltInKeywords$click$2.call(Unknown Source)
	at SON.selectObjectType(SON.groovy:235)
	at SON.son(SON.groovy:73)
	at SON.invokeMethod(SON.groovy)
	at com.kms.katalon.core.main.CustomKeywordDelegatingMetaClass.invokeStaticMethod(CustomKeywordDelegatingMetaClass.java:55)
	at Script1725183398268.run(Script1725183398268.groovy:25)
	... 13 more
)
[[ATTACHMENT|C:\\Users\\FatimaIbeid\\git\\NetCell\\Reports\\20240903_164410\\SON\\Hwauei\\2G\\2G Regression\\20240903_164411\\1725375119808.png]]

2024-09-03 17:51:59 - [MESSAGE][FAILED] - Unable to click on object 'Object Repository/SON/ObjectType/Cell/East Jordan Site1 Cell1 2G']]></system-out>
         <system-err><![CDATA[2024-09-03 17:49:21 - [TEST_CASE][FAILED] - Test Cases/SON/Huawei/2G/Cell/Cell Sleeping Cells DailyBH: Test Cases/SON/Huawei/2G/Cell/Cell Sleeping Cells DailyBH FAILED.
Reason:
com.kms.katalon.core.exception.StepFailedException: Unable to click on object 'Object Repository/SON/ObjectType/Cell/East Jordan Site1 Cell1 2G'
	at com.kms.katalon.core.webui.keyword.internal.WebUIKeywordMain.stepFailed(WebUIKeywordMain.groovy:64)
	at com.kms.katalon.core.webui.keyword.internal.WebUIKeywordMain.runKeyword(WebUIKeywordMain.groovy:26)
	at com.kms.katalon.core.webui.keyword.builtin.ClickKeyword.click(ClickKeyword.groovy:74)
	at com.kms.katalon.core.webui.keyword.builtin.ClickKeyword.execute(ClickKeyword.groovy:40)
	at com.kms.katalon.core.keyword.internal.KeywordExecutor.executeKeywordForPlatform(KeywordExecutor.groovy:74)
	at com.kms.katalon.core.webui.keyword.WebUiBuiltInKeywords.click(WebUiBuiltInKeywords.groovy:620)
	at com.kms.katalon.core.webui.keyword.WebUiBuiltInKeywords$click$2.call(Unknown Source)
	at SON.selectObjectType(SON.groovy:235)
	at SON.son(SON.groovy:73)
	at SON.invokeMethod(SON.groovy)
	at com.kms.katalon.core.main.CustomKeywordDelegatingMetaClass.invokeStaticMethod(CustomKeywordDelegatingMetaClass.java:55)
	at Cell Sleeping Cells DailyBH.run(Cell Sleeping Cells DailyBH:25)
	at com.kms.katalon.core.main.ScriptEngine.run(ScriptEngine.java:194)
	at com.kms.katalon.core.main.ScriptEngine.runScriptAsRawText(ScriptEngine.java:119)
	at com.kms.katalon.core.main.TestCaseExecutor.runScript(TestCaseExecutor.java:448)
	at com.kms.katalon.core.main.TestCaseExecutor.doExecute(TestCaseExecutor.java:439)
	at com.kms.katalon.core.main.TestCaseExecutor.processExecutionPhase(TestCaseExecutor.java:418)
	at com.kms.katalon.core.main.TestCaseExecutor.accessMainPhase(TestCaseExecutor.java:410)
	at com.kms.katalon.core.main.TestCaseExecutor.execute(TestCaseExecutor.java:285)
	at com.kms.katalon.core.common.CommonExecutor.accessTestCaseMainPhase(CommonExecutor.java:65)
	at com.kms.katalon.core.main.TestSuiteExecutor.accessTestSuiteMainPhase(TestSuiteExecutor.java:148)
	at com.kms.katalon.core.main.TestSuiteExecutor.execute(TestSuiteExecutor.java:106)
	at com.kms.katalon.core.main.TestCaseMain.startTestSuite(TestCaseMain.java:187)
	at com.kms.katalon.core.main.TestCaseMain$startTestSuite$0.call(Unknown Source)
	at TempTestSuite1725371051772.run(TempTestSuite1725371051772.groovy:35)
Caused by: com.kms.katalon.core.webui.exception.WebElementNotFoundException: Web element with id: 'Object Repository/SON/ObjectType/Cell/East Jordan Site1 Cell1 2G' located by '//span[@class='p-element p-tree-node-label'][normalize-space()='1001-BSC_Dwaik_PA_Fiber_TASC_O-A']' not found
	at com.kms.katalon.core.webui.common.WebUiCommonHelper.findWebElement(WebUiCommonHelper.java:1381)
	at com.kms.katalon.core.webui.keyword.internal.WebUIAbstractKeyword.findWebElement(WebUIAbstractKeyword.groovy:27)
	at com.kms.katalon.core.webui.keyword.builtin.ClickKeyword$_click_closure1.doCall(ClickKeyword.groovy:65)
	at com.kms.katalon.core.webui.keyword.builtin.ClickKeyword$_click_closure1.call(ClickKeyword.groovy)
	at com.kms.katalon.core.webui.keyword.internal.WebUIKeywordMain.runKeyword(WebUIKeywordMain.groovy:20)
	... 23 more]]></system-err>
      </testcase>
      <testcase name="Test Cases/SON/Huawei/2G/BSC/BSC Sleeping Cells DailyBH" time="135.467" classname="Test Cases/SON/Huawei/2G/BSC/BSC Sleeping Cells DailyBH" status="FAILED">
         <failure type="FAILED" message="Test Cases/SON/Huawei/2G/BSC/BSC Sleeping Cells DailyBH FAILED.
Reason:
com.kms.katalon.core.exception.StepFailedException: Call Test Case 'Test Cases/Login' failed
	at com.kms.katalon.core.keyword.builtin.CallTestCaseKeyword$_callTestCase_closure1.doCall(CallTestCaseKeyword.groovy:63)
	at com.kms.katalon.core.keyword.builtin.CallTestCaseKeyword$_callTestCase_closure1.call(CallTestCaseKeyword.groovy)
	at com.kms.katalon.core.keyword.internal.KeywordMain.runKeyword(KeywordMain.groovy:75)
	at com.kms.katalon.core.keyword.builtin.CallTestCaseKeyword.callTestCase(CallTestCaseKeyword.groovy:81)
	at com.kms.katalon.core.keyword.builtin.CallTestCaseKeyword.execute(CallTestCaseKeyword.groovy:44)
	at com.kms.katalon.core.keyword.internal.KeywordExecutor.executeKeywordForPlatform(KeywordExecutor.groovy:74)
	at com.kms.katalon.core.keyword.BuiltinKeywords.callTestCase(BuiltinKeywords.groovy:310)
	at BSC Sleeping Cells DailyBH.run(BSC Sleeping Cells DailyBH:20)
	at com.kms.katalon.core.main.ScriptEngine.run(ScriptEngine.java:194)
	at com.kms.katalon.core.main.ScriptEngine.runScriptAsRawText(ScriptEngine.java:119)
	at com.kms.katalon.core.main.TestCaseExecutor.runScript(TestCaseExecutor.java:448)
	at com.kms.katalon.core.main.TestCaseExecutor.doExecute(TestCaseExecutor.java:439)
	at com.kms.katalon.core.main.TestCaseExecutor.processExecutionPhase(TestCaseExecutor.java:418)
	at com.kms.katalon.core.main.TestCaseExecutor.accessMainPhase(TestCaseExecutor.java:410)
	at com.kms.katalon.core.main.TestCaseExecutor.execute(TestCaseExecutor.java:285)
	at com.kms.katalon.core.common.CommonExecutor.accessTestCaseMainPhase(CommonExecutor.java:65)
	at com.kms.katalon.core.main.TestSuiteExecutor.accessTestSuiteMainPhase(TestSuiteExecutor.java:148)
	at com.kms.katalon.core.main.TestSuiteExecutor.execute(TestSuiteExecutor.java:106)
	at com.kms.katalon.core.main.TestCaseMain.startTestSuite(TestCaseMain.java:187)
	at com.kms.katalon.core.main.TestCaseMain$startTestSuite$0.call(Unknown Source)
	at TempTestSuite1725371051772.run(TempTestSuite1725371051772.groovy:35)
Caused by: com.kms.katalon.core.exception.StepFailedException: Unable to click on object 'Object Repository/Login/LoginButton'
	at com.kms.katalon.core.webui.keyword.internal.WebUIKeywordMain.stepFailed(WebUIKeywordMain.groovy:64)
	at com.kms.katalon.core.webui.keyword.internal.WebUIKeywordMain.runKeyword(WebUIKeywordMain.groovy:26)
	at com.kms.katalon.core.webui.keyword.builtin.ClickKeyword.click(ClickKeyword.groovy:74)
	at com.kms.katalon.core.webui.keyword.builtin.ClickKeyword.execute(ClickKeyword.groovy:40)
	at com.kms.katalon.core.keyword.internal.KeywordExecutor.executeKeywordForPlatform(KeywordExecutor.groovy:74)
	at com.kms.katalon.core.webui.keyword.WebUiBuiltInKeywords.click(WebUiBuiltInKeywords.groovy:620)
	at com.kms.katalon.core.webui.keyword.WebUiBuiltInKeywords$click$2.call(Unknown Source)
	at Login.run(Login:25)
	at com.kms.katalon.core.main.ScriptEngine.run(ScriptEngine.java:194)
	at com.kms.katalon.core.main.ScriptEngine.runScriptAsRawText(ScriptEngine.java:119)
	at com.kms.katalon.core.main.TestCaseExecutor.runScript(TestCaseExecutor.java:448)
	at com.kms.katalon.core.main.TestCaseExecutor.doExecute(TestCaseExecutor.java:439)
	at com.kms.katalon.core.main.TestCaseExecutor.processExecutionPhase(TestCaseExecutor.java:418)
	at com.kms.katalon.core.main.TestCaseExecutor.accessMainPhase(TestCaseExecutor.java:410)
	at com.kms.katalon.core.main.TestCaseExecutor.execute(TestCaseExecutor.java:285)
	at com.kms.katalon.core.main.TestCaseMain.runTestCase(TestCaseMain.java:144)
	at com.kms.katalon.core.keyword.builtin.CallTestCaseKeyword$_callTestCase_closure1.doCall(CallTestCaseKeyword.groovy:59)
	... 20 more
Caused by: com.kms.katalon.core.webui.exception.WebElementNotFoundException: Web element with id: 'Object Repository/Login/LoginButton' located by '//button[@class='btn btn-primary']
' not found
	at com.kms.katalon.core.webui.common.WebUiCommonHelper.findWebElement(WebUiCommonHelper.java:1381)
	at com.kms.katalon.core.webui.keyword.internal.WebUIAbstractKeyword.findWebElement(WebUIAbstractKeyword.groovy:27)
	at com.kms.katalon.core.webui.keyword.builtin.ClickKeyword$_click_closure1.doCall(ClickKeyword.groovy:65)
	at com.kms.katalon.core.webui.keyword.builtin.ClickKeyword$_click_closure1.call(ClickKeyword.groovy)
	at com.kms.katalon.core.webui.keyword.internal.WebUIKeywordMain.runKeyword(WebUIKeywordMain.groovy:20)
	... 35 more
"/>
         <system-out><![CDATA[2024-09-03 17:52:00 - [TEST_CASE][FAILED] - Test Cases/SON/Huawei/2G/BSC/BSC Sleeping Cells DailyBH: Test Cases/SON/Huawei/2G/BSC/BSC Sleeping Cells DailyBH FAILED.
Reason:
com.kms.katalon.core.exception.StepFailedException: Call Test Case 'Test Cases/Login' failed
	at com.kms.katalon.core.keyword.builtin.CallTestCaseKeyword$_callTestCase_closure1.doCall(CallTestCaseKeyword.groovy:63)
	at com.kms.katalon.core.keyword.builtin.CallTestCaseKeyword$_callTestCase_closure1.call(CallTestCaseKeyword.groovy)
	at com.kms.katalon.core.keyword.internal.KeywordMain.runKeyword(KeywordMain.groovy:75)
	at com.kms.katalon.core.keyword.builtin.CallTestCaseKeyword.callTestCase(CallTestCaseKeyword.groovy:81)
	at com.kms.katalon.core.keyword.builtin.CallTestCaseKeyword.execute(CallTestCaseKeyword.groovy:44)
	at com.kms.katalon.core.keyword.internal.KeywordExecutor.executeKeywordForPlatform(KeywordExecutor.groovy:74)
	at com.kms.katalon.core.keyword.BuiltinKeywords.callTestCase(BuiltinKeywords.groovy:310)
	at BSC Sleeping Cells DailyBH.run(BSC Sleeping Cells DailyBH:20)
	at com.kms.katalon.core.main.ScriptEngine.run(ScriptEngine.java:194)
	at com.kms.katalon.core.main.ScriptEngine.runScriptAsRawText(ScriptEngine.java:119)
	at com.kms.katalon.core.main.TestCaseExecutor.runScript(TestCaseExecutor.java:448)
	at com.kms.katalon.core.main.TestCaseExecutor.doExecute(TestCaseExecutor.java:439)
	at com.kms.katalon.core.main.TestCaseExecutor.processExecutionPhase(TestCaseExecutor.java:418)
	at com.kms.katalon.core.main.TestCaseExecutor.accessMainPhase(TestCaseExecutor.java:410)
	at com.kms.katalon.core.main.TestCaseExecutor.execute(TestCaseExecutor.java:285)
	at com.kms.katalon.core.common.CommonExecutor.accessTestCaseMainPhase(CommonExecutor.java:65)
	at com.kms.katalon.core.main.TestSuiteExecutor.accessTestSuiteMainPhase(TestSuiteExecutor.java:148)
	at com.kms.katalon.core.main.TestSuiteExecutor.execute(TestSuiteExecutor.java:106)
	at com.kms.katalon.core.main.TestCaseMain.startTestSuite(TestCaseMain.java:187)
	at com.kms.katalon.core.main.TestCaseMain$startTestSuite$0.call(Unknown Source)
	at TempTestSuite1725371051772.run(TempTestSuite1725371051772.groovy:35)
Caused by: com.kms.katalon.core.exception.StepFailedException: Unable to click on object 'Object Repository/Login/LoginButton'
	at com.kms.katalon.core.webui.keyword.internal.WebUIKeywordMain.stepFailed(WebUIKeywordMain.groovy:64)
	at com.kms.katalon.core.webui.keyword.internal.WebUIKeywordMain.runKeyword(WebUIKeywordMain.groovy:26)
	at com.kms.katalon.core.webui.keyword.builtin.ClickKeyword.click(ClickKeyword.groovy:74)
	at com.kms.katalon.core.webui.keyword.builtin.ClickKeyword.execute(ClickKeyword.groovy:40)
	at com.kms.katalon.core.keyword.internal.KeywordExecutor.executeKeywordForPlatform(KeywordExecutor.groovy:74)
	at com.kms.katalon.core.webui.keyword.WebUiBuiltInKeywords.click(WebUiBuiltInKeywords.groovy:620)
	at com.kms.katalon.core.webui.keyword.WebUiBuiltInKeywords$click$2.call(Unknown Source)
	at Login.run(Login:25)
	at com.kms.katalon.core.main.ScriptEngine.run(ScriptEngine.java:194)
	at com.kms.katalon.core.main.ScriptEngine.runScriptAsRawText(ScriptEngine.java:119)
	at com.kms.katalon.core.main.TestCaseExecutor.runScript(TestCaseExecutor.java:448)
	at com.kms.katalon.core.main.TestCaseExecutor.doExecute(TestCaseExecutor.java:439)
	at com.kms.katalon.core.main.TestCaseExecutor.processExecutionPhase(TestCaseExecutor.java:418)
	at com.kms.katalon.core.main.TestCaseExecutor.accessMainPhase(TestCaseExecutor.java:410)
	at com.kms.katalon.core.main.TestCaseExecutor.execute(TestCaseExecutor.java:285)
	at com.kms.katalon.core.main.TestCaseMain.runTestCase(TestCaseMain.java:144)
	at com.kms.katalon.core.keyword.builtin.CallTestCaseKeyword$_callTestCase_closure1.doCall(CallTestCaseKeyword.groovy:59)
	... 20 more
Caused by: com.kms.katalon.core.webui.exception.WebElementNotFoundException: Web element with id: 'Object Repository/Login/LoginButton' located by '//button[@class='btn btn-primary']
' not found
	at com.kms.katalon.core.webui.common.WebUiCommonHelper.findWebElement(WebUiCommonHelper.java:1381)
	at com.kms.katalon.core.webui.keyword.internal.WebUIAbstractKeyword.findWebElement(WebUIAbstractKeyword.groovy:27)
	at com.kms.katalon.core.webui.keyword.builtin.ClickKeyword$_click_closure1.doCall(ClickKeyword.groovy:65)
	at com.kms.katalon.core.webui.keyword.builtin.ClickKeyword$_click_closure1.call(ClickKeyword.groovy)
	at com.kms.katalon.core.webui.keyword.internal.WebUIKeywordMain.runKeyword(WebUIKeywordMain.groovy:20)
	... 35 more


2024-09-03 17:52:00 - [TEST_STEP][FAILED] - callTestCase(findTestCase("Login"), [:], STOP_ON_FAILURE): Unable to call Test Case 'Test Cases/Login' (Root cause: com.kms.katalon.core.exception.StepFailedException: Call Test Case 'Test Cases/Login' failed
	at com.kms.katalon.core.keyword.builtin.CallTestCaseKeyword$_callTestCase_closure1.doCall(CallTestCaseKeyword.groovy:63)
	at com.kms.katalon.core.keyword.builtin.CallTestCaseKeyword$_callTestCase_closure1.call(CallTestCaseKeyword.groovy)
	at com.kms.katalon.core.keyword.internal.KeywordMain.runKeyword(KeywordMain.groovy:75)
	at com.kms.katalon.core.keyword.builtin.CallTestCaseKeyword.callTestCase(CallTestCaseKeyword.groovy:81)
	at com.kms.katalon.core.keyword.builtin.CallTestCaseKeyword.execute(CallTestCaseKeyword.groovy:44)
	at com.kms.katalon.core.keyword.internal.KeywordExecutor.executeKeywordForPlatform(KeywordExecutor.groovy:74)
	at com.kms.katalon.core.keyword.BuiltinKeywords.callTestCase(BuiltinKeywords.groovy:310)
	at BSC Sleeping Cells DailyBH.run(BSC Sleeping Cells DailyBH:20)
	at com.kms.katalon.core.main.ScriptEngine.run(ScriptEngine.java:194)
	at com.kms.katalon.core.main.ScriptEngine.runScriptAsRawText(ScriptEngine.java:119)
	at com.kms.katalon.core.main.TestCaseExecutor.runScript(TestCaseExecutor.java:448)
	at com.kms.katalon.core.main.TestCaseExecutor.doExecute(TestCaseExecutor.java:439)
	at com.kms.katalon.core.main.TestCaseExecutor.processExecutionPhase(TestCaseExecutor.java:418)
	at com.kms.katalon.core.main.TestCaseExecutor.accessMainPhase(TestCaseExecutor.java:410)
	at com.kms.katalon.core.main.TestCaseExecutor.execute(TestCaseExecutor.java:285)
	at com.kms.katalon.core.common.CommonExecutor.accessTestCaseMainPhase(CommonExecutor.java:65)
	at com.kms.katalon.core.main.TestSuiteExecutor.accessTestSuiteMainPhase(TestSuiteExecutor.java:148)
	at com.kms.katalon.core.main.TestSuiteExecutor.execute(TestSuiteExecutor.java:106)
	at com.kms.katalon.core.main.TestCaseMain.startTestSuite(TestCaseMain.java:187)
	at com.kms.katalon.core.main.TestCaseMain$startTestSuite$0.call(Unknown Source)
	at TempTestSuite1725371051772.run(TempTestSuite1725371051772.groovy:35)
Caused by: com.kms.katalon.core.exception.StepFailedException: Unable to click on object 'Object Repository/Login/LoginButton'
	at com.kms.katalon.core.webui.keyword.internal.WebUIKeywordMain.stepFailed(WebUIKeywordMain.groovy:64)
	at com.kms.katalon.core.webui.keyword.internal.WebUIKeywordMain.runKeyword(WebUIKeywordMain.groovy:26)
	at com.kms.katalon.core.webui.keyword.builtin.ClickKeyword.click(ClickKeyword.groovy:74)
	at com.kms.katalon.core.webui.keyword.builtin.ClickKeyword.execute(ClickKeyword.groovy:40)
	at com.kms.katalon.core.keyword.internal.KeywordExecutor.executeKeywordForPlatform(KeywordExecutor.groovy:74)
	at com.kms.katalon.core.webui.keyword.WebUiBuiltInKeywords.click(WebUiBuiltInKeywords.groovy:620)
	at com.kms.katalon.core.webui.keyword.WebUiBuiltInKeywords$click$2.call(Unknown Source)
	at Login.run(Login:25)
	at com.kms.katalon.core.main.ScriptEngine.run(ScriptEngine.java:194)
	at com.kms.katalon.core.main.ScriptEngine.runScriptAsRawText(ScriptEngine.java:119)
	at com.kms.katalon.core.main.TestCaseExecutor.runScript(TestCaseExecutor.java:448)
	at com.kms.katalon.core.main.TestCaseExecutor.doExecute(TestCaseExecutor.java:439)
	at com.kms.katalon.core.main.TestCaseExecutor.processExecutionPhase(TestCaseExecutor.java:418)
	at com.kms.katalon.core.main.TestCaseExecutor.accessMainPhase(TestCaseExecutor.java:410)
	at com.kms.katalon.core.main.TestCaseExecutor.execute(TestCaseExecutor.java:285)
	at com.kms.katalon.core.main.TestCaseMain.runTestCase(TestCaseMain.java:144)
	at com.kms.katalon.core.keyword.builtin.CallTestCaseKeyword$_callTestCase_closure1.doCall(CallTestCaseKeyword.groovy:59)
	... 20 more
Caused by: com.kms.katalon.core.webui.exception.WebElementNotFoundException: Web element with id: 'Object Repository/Login/LoginButton' located by '//button[@class='btn btn-primary']
' not found
	at com.kms.katalon.core.webui.common.WebUiCommonHelper.findWebElement(WebUiCommonHelper.java:1381)
	at com.kms.katalon.core.webui.keyword.internal.WebUIAbstractKeyword.findWebElement(WebUIAbstractKeyword.groovy:27)
	at com.kms.katalon.core.webui.keyword.builtin.ClickKeyword$_click_closure1.doCall(ClickKeyword.groovy:65)
	at com.kms.katalon.core.webui.keyword.builtin.ClickKeyword$_click_closure1.call(ClickKeyword.groovy)
	at com.kms.katalon.core.webui.keyword.internal.WebUIKeywordMain.runKeyword(WebUIKeywordMain.groovy:20)
	... 35 more
)

2024-09-03 17:52:00 - [TEST_CASE][FAILED] - Test Cases/Login: Test Cases/Login FAILED.
Reason:
com.kms.katalon.core.exception.StepFailedException: Unable to click on object 'Object Repository/Login/LoginButton'
	at com.kms.katalon.core.webui.keyword.internal.WebUIKeywordMain.stepFailed(WebUIKeywordMain.groovy:64)
	at com.kms.katalon.core.webui.keyword.internal.WebUIKeywordMain.runKeyword(WebUIKeywordMain.groovy:26)
	at com.kms.katalon.core.webui.keyword.builtin.ClickKeyword.click(ClickKeyword.groovy:74)
	at com.kms.katalon.core.webui.keyword.builtin.ClickKeyword.execute(ClickKeyword.groovy:40)
	at com.kms.katalon.core.keyword.internal.KeywordExecutor.executeKeywordForPlatform(KeywordExecutor.groovy:74)
	at com.kms.katalon.core.webui.keyword.WebUiBuiltInKeywords.click(WebUiBuiltInKeywords.groovy:620)
	at com.kms.katalon.core.webui.keyword.WebUiBuiltInKeywords$click$2.call(Unknown Source)
	at Login.run(Login:25)
	at com.kms.katalon.core.main.ScriptEngine.run(ScriptEngine.java:194)
	at com.kms.katalon.core.main.ScriptEngine.runScriptAsRawText(ScriptEngine.java:119)
	at com.kms.katalon.core.main.TestCaseExecutor.runScript(TestCaseExecutor.java:448)
	at com.kms.katalon.core.main.TestCaseExecutor.doExecute(TestCaseExecutor.java:439)
	at com.kms.katalon.core.main.TestCaseExecutor.processExecutionPhase(TestCaseExecutor.java:418)
	at com.kms.katalon.core.main.TestCaseExecutor.accessMainPhase(TestCaseExecutor.java:410)
	at com.kms.katalon.core.main.TestCaseExecutor.execute(TestCaseExecutor.java:285)
	at com.kms.katalon.core.main.TestCaseMain.runTestCase(TestCaseMain.java:144)
	at com.kms.katalon.core.keyword.builtin.CallTestCaseKeyword$_callTestCase_closure1.doCall(CallTestCaseKeyword.groovy:59)
	at com.kms.katalon.core.keyword.builtin.CallTestCaseKeyword$_callTestCase_closure1.call(CallTestCaseKeyword.groovy)
	at com.kms.katalon.core.keyword.internal.KeywordMain.runKeyword(KeywordMain.groovy:75)
	at com.kms.katalon.core.keyword.builtin.CallTestCaseKeyword.callTestCase(CallTestCaseKeyword.groovy:81)
	at com.kms.katalon.core.keyword.builtin.CallTestCaseKeyword.execute(CallTestCaseKeyword.groovy:44)
	at com.kms.katalon.core.keyword.internal.KeywordExecutor.executeKeywordForPlatform(KeywordExecutor.groovy:74)
	at com.kms.katalon.core.keyword.BuiltinKeywords.callTestCase(BuiltinKeywords.groovy:310)
	at BSC Sleeping Cells DailyBH.run(BSC Sleeping Cells DailyBH:20)
	at com.kms.katalon.core.main.ScriptEngine.run(ScriptEngine.java:194)
	at com.kms.katalon.core.main.ScriptEngine.runScriptAsRawText(ScriptEngine.java:119)
	at com.kms.katalon.core.main.TestCaseExecutor.runScript(TestCaseExecutor.java:448)
	at com.kms.katalon.core.main.TestCaseExecutor.doExecute(TestCaseExecutor.java:439)
	at com.kms.katalon.core.main.TestCaseExecutor.processExecutionPhase(TestCaseExecutor.java:418)
	at com.kms.katalon.core.main.TestCaseExecutor.accessMainPhase(TestCaseExecutor.java:410)
	at com.kms.katalon.core.main.TestCaseExecutor.execute(TestCaseExecutor.java:285)
	at com.kms.katalon.core.common.CommonExecutor.accessTestCaseMainPhase(CommonExecutor.java:65)
	at com.kms.katalon.core.main.TestSuiteExecutor.accessTestSuiteMainPhase(TestSuiteExecutor.java:148)
	at com.kms.katalon.core.main.TestSuiteExecutor.execute(TestSuiteExecutor.java:106)
	at com.kms.katalon.core.main.TestCaseMain.startTestSuite(TestCaseMain.java:187)
	at com.kms.katalon.core.main.TestCaseMain$startTestSuite$0.call(Unknown Source)
	at TempTestSuite1725371051772.run(TempTestSuite1725371051772.groovy:35)
Caused by: com.kms.katalon.core.webui.exception.WebElementNotFoundException: Web element with id: 'Object Repository/Login/LoginButton' located by '//button[@class='btn btn-primary']
' not found
	at com.kms.katalon.core.webui.common.WebUiCommonHelper.findWebElement(WebUiCommonHelper.java:1381)
	at com.kms.katalon.core.webui.keyword.internal.WebUIAbstractKeyword.findWebElement(WebUIAbstractKeyword.groovy:27)
	at com.kms.katalon.core.webui.keyword.builtin.ClickKeyword$_click_closure1.doCall(ClickKeyword.groovy:65)
	at com.kms.katalon.core.webui.keyword.builtin.ClickKeyword$_click_closure1.call(ClickKeyword.groovy)
	at com.kms.katalon.core.webui.keyword.internal.WebUIKeywordMain.runKeyword(WebUIKeywordMain.groovy:20)
	... 35 more


2024-09-03 17:52:00 - [TEST_STEP][PASSED] - driver = general.start(SwagerURL, NetCellURL): general.start is PASSED

2024-09-03 17:52:00 - [MESSAGE][INFO] - >>> chromeDriverPath=C:\Users\FatimaIbeid\.katalon\packages\Katalon_Studio_Windows_64-8.6.9\Katalon_Studio_Windows_64-8.6.9\configuration\resources\drivers\chromedriver_win32\chromedriver.exe

2024-09-03 17:52:01 - [MESSAGE][PASSED] - Current window maximized

2024-09-03 17:52:01 - [MESSAGE][PASSED] - Execute JavaScript 'window.open();' successfully

2024-09-03 17:52:01 - [MESSAGE][PASSED] - Switched to window with index: '1'

2024-09-03 17:52:14 - [MESSAGE][PASSED] - general.start is PASSED

2024-09-03 17:52:14 - [TEST_STEP][FAILED] - click(findTestObject("Object Repository/Login/LoginButton")): Unable to click on object 'Object Repository/Login/LoginButton' (Root cause: com.kms.katalon.core.exception.StepFailedException: Unable to click on object 'Object Repository/Login/LoginButton'
	at com.kms.katalon.core.webui.keyword.internal.WebUIKeywordMain.stepFailed(WebUIKeywordMain.groovy:64)
	at com.kms.katalon.core.webui.keyword.internal.WebUIKeywordMain.runKeyword(WebUIKeywordMain.groovy:26)
	at com.kms.katalon.core.webui.keyword.builtin.ClickKeyword.click(ClickKeyword.groovy:74)
	at com.kms.katalon.core.webui.keyword.builtin.ClickKeyword.execute(ClickKeyword.groovy:40)
	at com.kms.katalon.core.keyword.internal.KeywordExecutor.executeKeywordForPlatform(KeywordExecutor.groovy:74)
	at com.kms.katalon.core.webui.keyword.WebUiBuiltInKeywords.click(WebUiBuiltInKeywords.groovy:620)
	at com.kms.katalon.core.webui.keyword.WebUiBuiltInKeywords$click$2.call(Unknown Source)
	at Login.run(Login:25)
	at com.kms.katalon.core.main.ScriptEngine.run(ScriptEngine.java:194)
	at com.kms.katalon.core.main.ScriptEngine.runScriptAsRawText(ScriptEngine.java:119)
	at com.kms.katalon.core.main.TestCaseExecutor.runScript(TestCaseExecutor.java:448)
	at com.kms.katalon.core.main.TestCaseExecutor.doExecute(TestCaseExecutor.java:439)
	at com.kms.katalon.core.main.TestCaseExecutor.processExecutionPhase(TestCaseExecutor.java:418)
	at com.kms.katalon.core.main.TestCaseExecutor.accessMainPhase(TestCaseExecutor.java:410)
	at com.kms.katalon.core.main.TestCaseExecutor.execute(TestCaseExecutor.java:285)
	at com.kms.katalon.core.main.TestCaseMain.runTestCase(TestCaseMain.java:144)
	at com.kms.katalon.core.keyword.builtin.CallTestCaseKeyword$_callTestCase_closure1.doCall(CallTestCaseKeyword.groovy:59)
	at com.kms.katalon.core.keyword.builtin.CallTestCaseKeyword$_callTestCase_closure1.call(CallTestCaseKeyword.groovy)
	at com.kms.katalon.core.keyword.internal.KeywordMain.runKeyword(KeywordMain.groovy:75)
	at com.kms.katalon.core.keyword.builtin.CallTestCaseKeyword.callTestCase(CallTestCaseKeyword.groovy:81)
	at com.kms.katalon.core.keyword.builtin.CallTestCaseKeyword.execute(CallTestCaseKeyword.groovy:44)
	at com.kms.katalon.core.keyword.internal.KeywordExecutor.executeKeywordForPlatform(KeywordExecutor.groovy:74)
	at com.kms.katalon.core.keyword.BuiltinKeywords.callTestCase(BuiltinKeywords.groovy:310)
	at BSC Sleeping Cells DailyBH.run(BSC Sleeping Cells DailyBH:20)
	at com.kms.katalon.core.main.ScriptEngine.run(ScriptEngine.java:194)
	at com.kms.katalon.core.main.ScriptEngine.runScriptAsRawText(ScriptEngine.java:119)
	at com.kms.katalon.core.main.TestCaseExecutor.runScript(TestCaseExecutor.java:448)
	at com.kms.katalon.core.main.TestCaseExecutor.doExecute(TestCaseExecutor.java:439)
	at com.kms.katalon.core.main.TestCaseExecutor.processExecutionPhase(TestCaseExecutor.java:418)
	at com.kms.katalon.core.main.TestCaseExecutor.accessMainPhase(TestCaseExecutor.java:410)
	at com.kms.katalon.core.main.TestCaseExecutor.execute(TestCaseExecutor.java:285)
	at com.kms.katalon.core.common.CommonExecutor.accessTestCaseMainPhase(CommonExecutor.java:65)
	at com.kms.katalon.core.main.TestSuiteExecutor.accessTestSuiteMainPhase(TestSuiteExecutor.java:148)
	at com.kms.katalon.core.main.TestSuiteExecutor.execute(TestSuiteExecutor.java:106)
	at com.kms.katalon.core.main.TestCaseMain.startTestSuite(TestCaseMain.java:187)
	at com.kms.katalon.core.main.TestCaseMain$startTestSuite$0.call(Unknown Source)
	at TempTestSuite1725371051772.run(TempTestSuite1725371051772.groovy:35)
Caused by: com.kms.katalon.core.webui.exception.WebElementNotFoundException: Web element with id: 'Object Repository/Login/LoginButton' located by '//button[@class='btn btn-primary']
' not found
	at com.kms.katalon.core.webui.common.WebUiCommonHelper.findWebElement(WebUiCommonHelper.java:1381)
	at com.kms.katalon.core.webui.keyword.internal.WebUIAbstractKeyword.findWebElement(WebUIAbstractKeyword.groovy:27)
	at com.kms.katalon.core.webui.keyword.builtin.ClickKeyword$_click_closure1.doCall(ClickKeyword.groovy:65)
	at com.kms.katalon.core.webui.keyword.builtin.ClickKeyword$_click_closure1.call(ClickKeyword.groovy)
	at com.kms.katalon.core.webui.keyword.internal.WebUIKeywordMain.runKeyword(WebUIKeywordMain.groovy:20)
	at com.kms.katalon.core.webui.keyword.builtin.ClickKeyword.click(ClickKeyword.groovy:74)
	at com.kms.katalon.core.webui.keyword.builtin.ClickKeyword.execute(ClickKeyword.groovy:40)
	at com.kms.katalon.core.keyword.internal.KeywordExecutor.executeKeywordForPlatform(KeywordExecutor.groovy:74)
	at com.kms.katalon.core.webui.keyword.WebUiBuiltInKeywords.click(WebUiBuiltInKeywords.groovy:620)
	at com.kms.katalon.core.webui.keyword.WebUiBuiltInKeywords$click$2.call(Unknown Source)
	at Script1720529153887.run(Script1720529153887.groovy:25)
	at com.kms.katalon.core.main.ScriptEngine.run(ScriptEngine.java:194)
	at com.kms.katalon.core.main.ScriptEngine.runScriptAsRawText(ScriptEngine.java:119)
	at com.kms.katalon.core.main.TestCaseExecutor.runScript(TestCaseExecutor.java:448)
	at com.kms.katalon.core.main.TestCaseExecutor.doExecute(TestCaseExecutor.java:439)
	at com.kms.katalon.core.main.TestCaseExecutor.processExecutionPhase(TestCaseExecutor.java:418)
	at com.kms.katalon.core.main.TestCaseExecutor.accessMainPhase(TestCaseExecutor.java:410)
	at com.kms.katalon.core.main.TestCaseExecutor.execute(TestCaseExecutor.java:285)
	at com.kms.katalon.core.main.TestCaseMain.runTestCase(TestCaseMain.java:144)
	at com.kms.katalon.core.keyword.builtin.CallTestCaseKeyword$_callTestCase_closure1.doCall(CallTestCaseKeyword.groovy:59)
	at com.kms.katalon.core.keyword.builtin.CallTestCaseKeyword$_callTestCase_closure1.call(CallTestCaseKeyword.groovy)
	at com.kms.katalon.core.keyword.internal.KeywordMain.runKeyword(KeywordMain.groovy:75)
	at com.kms.katalon.core.keyword.builtin.CallTestCaseKeyword.callTestCase(CallTestCaseKeyword.groovy:81)
	at com.kms.katalon.core.keyword.builtin.CallTestCaseKeyword.execute(CallTestCaseKeyword.groovy:44)
	at com.kms.katalon.core.keyword.internal.KeywordExecutor.executeKeywordForPlatform(KeywordExecutor.groovy:74)
	at com.kms.katalon.core.keyword.BuiltinKeywords.callTestCase(BuiltinKeywords.groovy:310)
	at Script1725183436287.run(Script1725183436287.groovy:20)
	... 13 more
)

2024-09-03 17:54:15 - [MESSAGE][INFO] - Unable to find the element located by 'By.xpath: //button[@class='btn btn-primary']
'. Please recheck the objects properties to make sure the desired element is located. 

2024-09-03 17:54:15 - [MESSAGE][FAILED] - Unable to click on object 'Object Repository/Login/LoginButton' (Root cause: com.kms.katalon.core.exception.StepFailedException: Unable to click on object 'Object Repository/Login/LoginButton'
	at com.kms.katalon.core.webui.keyword.internal.WebUIKeywordMain.stepFailed(WebUIKeywordMain.groovy:64)
	at com.kms.katalon.core.webui.keyword.internal.WebUIKeywordMain.runKeyword(WebUIKeywordMain.groovy:26)
	at com.kms.katalon.core.webui.keyword.builtin.ClickKeyword.click(ClickKeyword.groovy:74)
	at com.kms.katalon.core.webui.keyword.builtin.ClickKeyword.execute(ClickKeyword.groovy:40)
	at com.kms.katalon.core.keyword.internal.KeywordExecutor.executeKeywordForPlatform(KeywordExecutor.groovy:74)
	at com.kms.katalon.core.webui.keyword.WebUiBuiltInKeywords.click(WebUiBuiltInKeywords.groovy:620)
	at com.kms.katalon.core.webui.keyword.WebUiBuiltInKeywords$click$2.call(Unknown Source)
	at Login.run(Login:25)
	at com.kms.katalon.core.main.ScriptEngine.run(ScriptEngine.java:194)
	at com.kms.katalon.core.main.ScriptEngine.runScriptAsRawText(ScriptEngine.java:119)
	at com.kms.katalon.core.main.TestCaseExecutor.runScript(TestCaseExecutor.java:448)
	at com.kms.katalon.core.main.TestCaseExecutor.doExecute(TestCaseExecutor.java:439)
	at com.kms.katalon.core.main.TestCaseExecutor.processExecutionPhase(TestCaseExecutor.java:418)
	at com.kms.katalon.core.main.TestCaseExecutor.accessMainPhase(TestCaseExecutor.java:410)
	at com.kms.katalon.core.main.TestCaseExecutor.execute(TestCaseExecutor.java:285)
	at com.kms.katalon.core.main.TestCaseMain.runTestCase(TestCaseMain.java:144)
	at com.kms.katalon.core.keyword.builtin.CallTestCaseKeyword$_callTestCase_closure1.doCall(CallTestCaseKeyword.groovy:59)
	at com.kms.katalon.core.keyword.builtin.CallTestCaseKeyword$_callTestCase_closure1.call(CallTestCaseKeyword.groovy)
	at com.kms.katalon.core.keyword.internal.KeywordMain.runKeyword(KeywordMain.groovy:75)
	at com.kms.katalon.core.keyword.builtin.CallTestCaseKeyword.callTestCase(CallTestCaseKeyword.groovy:81)
	at com.kms.katalon.core.keyword.builtin.CallTestCaseKeyword.execute(CallTestCaseKeyword.groovy:44)
	at com.kms.katalon.core.keyword.internal.KeywordExecutor.executeKeywordForPlatform(KeywordExecutor.groovy:74)
	at com.kms.katalon.core.keyword.BuiltinKeywords.callTestCase(BuiltinKeywords.groovy:310)
	at BSC Sleeping Cells DailyBH.run(BSC Sleeping Cells DailyBH:20)
	at com.kms.katalon.core.main.ScriptEngine.run(ScriptEngine.java:194)
	at com.kms.katalon.core.main.ScriptEngine.runScriptAsRawText(ScriptEngine.java:119)
	at com.kms.katalon.core.main.TestCaseExecutor.runScript(TestCaseExecutor.java:448)
	at com.kms.katalon.core.main.TestCaseExecutor.doExecute(TestCaseExecutor.java:439)
	at com.kms.katalon.core.main.TestCaseExecutor.processExecutionPhase(TestCaseExecutor.java:418)
	at com.kms.katalon.core.main.TestCaseExecutor.accessMainPhase(TestCaseExecutor.java:410)
	at com.kms.katalon.core.main.TestCaseExecutor.execute(TestCaseExecutor.java:285)
	at com.kms.katalon.core.common.CommonExecutor.accessTestCaseMainPhase(CommonExecutor.java:65)
	at com.kms.katalon.core.main.TestSuiteExecutor.accessTestSuiteMainPhase(TestSuiteExecutor.java:148)
	at com.kms.katalon.core.main.TestSuiteExecutor.execute(TestSuiteExecutor.java:106)
	at com.kms.katalon.core.main.TestCaseMain.startTestSuite(TestCaseMain.java:187)
	at com.kms.katalon.core.main.TestCaseMain$startTestSuite$0.call(Unknown Source)
	at TempTestSuite1725371051772.run(TempTestSuite1725371051772.groovy:35)
Caused by: com.kms.katalon.core.webui.exception.WebElementNotFoundException: Web element with id: 'Object Repository/Login/LoginButton' located by '//button[@class='btn btn-primary']
' not found
	at com.kms.katalon.core.webui.common.WebUiCommonHelper.findWebElement(WebUiCommonHelper.java:1381)
	at com.kms.katalon.core.webui.keyword.internal.WebUIAbstractKeyword.findWebElement(WebUIAbstractKeyword.groovy:27)
	at com.kms.katalon.core.webui.keyword.builtin.ClickKeyword$_click_closure1.doCall(ClickKeyword.groovy:65)
	at com.kms.katalon.core.webui.keyword.builtin.ClickKeyword$_click_closure1.call(ClickKeyword.groovy)
	at com.kms.katalon.core.webui.keyword.internal.WebUIKeywordMain.runKeyword(WebUIKeywordMain.groovy:20)
	at com.kms.katalon.core.webui.keyword.builtin.ClickKeyword.click(ClickKeyword.groovy:74)
	at com.kms.katalon.core.webui.keyword.builtin.ClickKeyword.execute(ClickKeyword.groovy:40)
	at com.kms.katalon.core.keyword.internal.KeywordExecutor.executeKeywordForPlatform(KeywordExecutor.groovy:74)
	at com.kms.katalon.core.webui.keyword.WebUiBuiltInKeywords.click(WebUiBuiltInKeywords.groovy:620)
	at com.kms.katalon.core.webui.keyword.WebUiBuiltInKeywords$click$2.call(Unknown Source)
	at Script1720529153887.run(Script1720529153887.groovy:25)
	at com.kms.katalon.core.main.ScriptEngine.run(ScriptEngine.java:194)
	at com.kms.katalon.core.main.ScriptEngine.runScriptAsRawText(ScriptEngine.java:119)
	at com.kms.katalon.core.main.TestCaseExecutor.runScript(TestCaseExecutor.java:448)
	at com.kms.katalon.core.main.TestCaseExecutor.doExecute(TestCaseExecutor.java:439)
	at com.kms.katalon.core.main.TestCaseExecutor.processExecutionPhase(TestCaseExecutor.java:418)
	at com.kms.katalon.core.main.TestCaseExecutor.accessMainPhase(TestCaseExecutor.java:410)
	at com.kms.katalon.core.main.TestCaseExecutor.execute(TestCaseExecutor.java:285)
	at com.kms.katalon.core.main.TestCaseMain.runTestCase(TestCaseMain.java:144)
	at com.kms.katalon.core.keyword.builtin.CallTestCaseKeyword$_callTestCase_closure1.doCall(CallTestCaseKeyword.groovy:59)
	at com.kms.katalon.core.keyword.builtin.CallTestCaseKeyword$_callTestCase_closure1.call(CallTestCaseKeyword.groovy)
	at com.kms.katalon.core.keyword.internal.KeywordMain.runKeyword(KeywordMain.groovy:75)
	at com.kms.katalon.core.keyword.builtin.CallTestCaseKeyword.callTestCase(CallTestCaseKeyword.groovy:81)
	at com.kms.katalon.core.keyword.builtin.CallTestCaseKeyword.execute(CallTestCaseKeyword.groovy:44)
	at com.kms.katalon.core.keyword.internal.KeywordExecutor.executeKeywordForPlatform(KeywordExecutor.groovy:74)
	at com.kms.katalon.core.keyword.BuiltinKeywords.callTestCase(BuiltinKeywords.groovy:310)
	at Script1725183436287.run(Script1725183436287.groovy:20)
	... 13 more
)
[[ATTACHMENT|C:\\Users\\FatimaIbeid\\git\\NetCell\\Reports\\20240903_164410\\SON\\Hwauei\\2G\\2G Regression\\20240903_164411\\1725375255352.png]]

2024-09-03 17:54:15 - [MESSAGE][FAILED] - Unable to call Test Case 'Test Cases/Login' (Root cause: com.kms.katalon.core.exception.StepFailedException: Call Test Case 'Test Cases/Login' failed
	at com.kms.katalon.core.keyword.builtin.CallTestCaseKeyword$_callTestCase_closure1.doCall(CallTestCaseKeyword.groovy:63)
	at com.kms.katalon.core.keyword.builtin.CallTestCaseKeyword$_callTestCase_closure1.call(CallTestCaseKeyword.groovy)
	at com.kms.katalon.core.keyword.internal.KeywordMain.runKeyword(KeywordMain.groovy:75)
	at com.kms.katalon.core.keyword.builtin.CallTestCaseKeyword.callTestCase(CallTestCaseKeyword.groovy:81)
	at com.kms.katalon.core.keyword.builtin.CallTestCaseKeyword.execute(CallTestCaseKeyword.groovy:44)
	at com.kms.katalon.core.keyword.internal.KeywordExecutor.executeKeywordForPlatform(KeywordExecutor.groovy:74)
	at com.kms.katalon.core.keyword.BuiltinKeywords.callTestCase(BuiltinKeywords.groovy:310)
	at BSC Sleeping Cells DailyBH.run(BSC Sleeping Cells DailyBH:20)
	at com.kms.katalon.core.main.ScriptEngine.run(ScriptEngine.java:194)
	at com.kms.katalon.core.main.ScriptEngine.runScriptAsRawText(ScriptEngine.java:119)
	at com.kms.katalon.core.main.TestCaseExecutor.runScript(TestCaseExecutor.java:448)
	at com.kms.katalon.core.main.TestCaseExecutor.doExecute(TestCaseExecutor.java:439)
	at com.kms.katalon.core.main.TestCaseExecutor.processExecutionPhase(TestCaseExecutor.java:418)
	at com.kms.katalon.core.main.TestCaseExecutor.accessMainPhase(TestCaseExecutor.java:410)
	at com.kms.katalon.core.main.TestCaseExecutor.execute(TestCaseExecutor.java:285)
	at com.kms.katalon.core.common.CommonExecutor.accessTestCaseMainPhase(CommonExecutor.java:65)
	at com.kms.katalon.core.main.TestSuiteExecutor.accessTestSuiteMainPhase(TestSuiteExecutor.java:148)
	at com.kms.katalon.core.main.TestSuiteExecutor.execute(TestSuiteExecutor.java:106)
	at com.kms.katalon.core.main.TestCaseMain.startTestSuite(TestCaseMain.java:187)
	at com.kms.katalon.core.main.TestCaseMain$startTestSuite$0.call(Unknown Source)
	at TempTestSuite1725371051772.run(TempTestSuite1725371051772.groovy:35)
Caused by: com.kms.katalon.core.exception.StepFailedException: Unable to click on object 'Object Repository/Login/LoginButton'
	at com.kms.katalon.core.webui.keyword.internal.WebUIKeywordMain.stepFailed(WebUIKeywordMain.groovy:64)
	at com.kms.katalon.core.webui.keyword.internal.WebUIKeywordMain.runKeyword(WebUIKeywordMain.groovy:26)
	at com.kms.katalon.core.webui.keyword.builtin.ClickKeyword.click(ClickKeyword.groovy:74)
	at com.kms.katalon.core.webui.keyword.builtin.ClickKeyword.execute(ClickKeyword.groovy:40)
	at com.kms.katalon.core.keyword.internal.KeywordExecutor.executeKeywordForPlatform(KeywordExecutor.groovy:74)
	at com.kms.katalon.core.webui.keyword.WebUiBuiltInKeywords.click(WebUiBuiltInKeywords.groovy:620)
	at com.kms.katalon.core.webui.keyword.WebUiBuiltInKeywords$click$2.call(Unknown Source)
	at Login.run(Login:25)
	at com.kms.katalon.core.main.ScriptEngine.run(ScriptEngine.java:194)
	at com.kms.katalon.core.main.ScriptEngine.runScriptAsRawText(ScriptEngine.java:119)
	at com.kms.katalon.core.main.TestCaseExecutor.runScript(TestCaseExecutor.java:448)
	at com.kms.katalon.core.main.TestCaseExecutor.doExecute(TestCaseExecutor.java:439)
	at com.kms.katalon.core.main.TestCaseExecutor.processExecutionPhase(TestCaseExecutor.java:418)
	at com.kms.katalon.core.main.TestCaseExecutor.accessMainPhase(TestCaseExecutor.java:410)
	at com.kms.katalon.core.main.TestCaseExecutor.execute(TestCaseExecutor.java:285)
	at com.kms.katalon.core.main.TestCaseMain.runTestCase(TestCaseMain.java:144)
	at com.kms.katalon.core.keyword.builtin.CallTestCaseKeyword$_callTestCase_closure1.doCall(CallTestCaseKeyword.groovy:59)
	... 20 more
Caused by: com.kms.katalon.core.webui.exception.WebElementNotFoundException: Web element with id: 'Object Repository/Login/LoginButton' located by '//button[@class='btn btn-primary']
' not found
	at com.kms.katalon.core.webui.common.WebUiCommonHelper.findWebElement(WebUiCommonHelper.java:1381)
	at com.kms.katalon.core.webui.keyword.internal.WebUIAbstractKeyword.findWebElement(WebUIAbstractKeyword.groovy:27)
	at com.kms.katalon.core.webui.keyword.builtin.ClickKeyword$_click_closure1.doCall(ClickKeyword.groovy:65)
	at com.kms.katalon.core.webui.keyword.builtin.ClickKeyword$_click_closure1.call(ClickKeyword.groovy)
	at com.kms.katalon.core.webui.keyword.internal.WebUIKeywordMain.runKeyword(WebUIKeywordMain.groovy:20)
	... 35 more
)]]></system-out>
         <system-err><![CDATA[2024-09-03 17:52:00 - [TEST_CASE][FAILED] - Test Cases/SON/Huawei/2G/BSC/BSC Sleeping Cells DailyBH: Test Cases/SON/Huawei/2G/BSC/BSC Sleeping Cells DailyBH FAILED.
Reason:
com.kms.katalon.core.exception.StepFailedException: Call Test Case 'Test Cases/Login' failed
	at com.kms.katalon.core.keyword.builtin.CallTestCaseKeyword$_callTestCase_closure1.doCall(CallTestCaseKeyword.groovy:63)
	at com.kms.katalon.core.keyword.builtin.CallTestCaseKeyword$_callTestCase_closure1.call(CallTestCaseKeyword.groovy)
	at com.kms.katalon.core.keyword.internal.KeywordMain.runKeyword(KeywordMain.groovy:75)
	at com.kms.katalon.core.keyword.builtin.CallTestCaseKeyword.callTestCase(CallTestCaseKeyword.groovy:81)
	at com.kms.katalon.core.keyword.builtin.CallTestCaseKeyword.execute(CallTestCaseKeyword.groovy:44)
	at com.kms.katalon.core.keyword.internal.KeywordExecutor.executeKeywordForPlatform(KeywordExecutor.groovy:74)
	at com.kms.katalon.core.keyword.BuiltinKeywords.callTestCase(BuiltinKeywords.groovy:310)
	at BSC Sleeping Cells DailyBH.run(BSC Sleeping Cells DailyBH:20)
	at com.kms.katalon.core.main.ScriptEngine.run(ScriptEngine.java:194)
	at com.kms.katalon.core.main.ScriptEngine.runScriptAsRawText(ScriptEngine.java:119)
	at com.kms.katalon.core.main.TestCaseExecutor.runScript(TestCaseExecutor.java:448)
	at com.kms.katalon.core.main.TestCaseExecutor.doExecute(TestCaseExecutor.java:439)
	at com.kms.katalon.core.main.TestCaseExecutor.processExecutionPhase(TestCaseExecutor.java:418)
	at com.kms.katalon.core.main.TestCaseExecutor.accessMainPhase(TestCaseExecutor.java:410)
	at com.kms.katalon.core.main.TestCaseExecutor.execute(TestCaseExecutor.java:285)
	at com.kms.katalon.core.common.CommonExecutor.accessTestCaseMainPhase(CommonExecutor.java:65)
	at com.kms.katalon.core.main.TestSuiteExecutor.accessTestSuiteMainPhase(TestSuiteExecutor.java:148)
	at com.kms.katalon.core.main.TestSuiteExecutor.execute(TestSuiteExecutor.java:106)
	at com.kms.katalon.core.main.TestCaseMain.startTestSuite(TestCaseMain.java:187)
	at com.kms.katalon.core.main.TestCaseMain$startTestSuite$0.call(Unknown Source)
	at TempTestSuite1725371051772.run(TempTestSuite1725371051772.groovy:35)
Caused by: com.kms.katalon.core.exception.StepFailedException: Unable to click on object 'Object Repository/Login/LoginButton'
	at com.kms.katalon.core.webui.keyword.internal.WebUIKeywordMain.stepFailed(WebUIKeywordMain.groovy:64)
	at com.kms.katalon.core.webui.keyword.internal.WebUIKeywordMain.runKeyword(WebUIKeywordMain.groovy:26)
	at com.kms.katalon.core.webui.keyword.builtin.ClickKeyword.click(ClickKeyword.groovy:74)
	at com.kms.katalon.core.webui.keyword.builtin.ClickKeyword.execute(ClickKeyword.groovy:40)
	at com.kms.katalon.core.keyword.internal.KeywordExecutor.executeKeywordForPlatform(KeywordExecutor.groovy:74)
	at com.kms.katalon.core.webui.keyword.WebUiBuiltInKeywords.click(WebUiBuiltInKeywords.groovy:620)
	at com.kms.katalon.core.webui.keyword.WebUiBuiltInKeywords$click$2.call(Unknown Source)
	at Login.run(Login:25)
	at com.kms.katalon.core.main.ScriptEngine.run(ScriptEngine.java:194)
	at com.kms.katalon.core.main.ScriptEngine.runScriptAsRawText(ScriptEngine.java:119)
	at com.kms.katalon.core.main.TestCaseExecutor.runScript(TestCaseExecutor.java:448)
	at com.kms.katalon.core.main.TestCaseExecutor.doExecute(TestCaseExecutor.java:439)
	at com.kms.katalon.core.main.TestCaseExecutor.processExecutionPhase(TestCaseExecutor.java:418)
	at com.kms.katalon.core.main.TestCaseExecutor.accessMainPhase(TestCaseExecutor.java:410)
	at com.kms.katalon.core.main.TestCaseExecutor.execute(TestCaseExecutor.java:285)
	at com.kms.katalon.core.main.TestCaseMain.runTestCase(TestCaseMain.java:144)
	at com.kms.katalon.core.keyword.builtin.CallTestCaseKeyword$_callTestCase_closure1.doCall(CallTestCaseKeyword.groovy:59)
	... 20 more
Caused by: com.kms.katalon.core.webui.exception.WebElementNotFoundException: Web element with id: 'Object Repository/Login/LoginButton' located by '//button[@class='btn btn-primary']
' not found
	at com.kms.katalon.core.webui.common.WebUiCommonHelper.findWebElement(WebUiCommonHelper.java:1381)
	at com.kms.katalon.core.webui.keyword.internal.WebUIAbstractKeyword.findWebElement(WebUIAbstractKeyword.groovy:27)
	at com.kms.katalon.core.webui.keyword.builtin.ClickKeyword$_click_closure1.doCall(ClickKeyword.groovy:65)
	at com.kms.katalon.core.webui.keyword.builtin.ClickKeyword$_click_closure1.call(ClickKeyword.groovy)
	at com.kms.katalon.core.webui.keyword.internal.WebUIKeywordMain.runKeyword(WebUIKeywordMain.groovy:20)
	... 35 more]]></system-err>
      </testcase>
      <testcase name="Test Cases/SON/Huawei/2G/Cluster/Cluster Sleeping Cells DailyBH" time="70.692" classname="Test Cases/SON/Huawei/2G/Cluster/Cluster Sleeping Cells DailyBH" status="PASSED">
         <system-out><![CDATA[2024-09-03 17:54:15 - [TEST_CASE][PASSED] - Test Cases/SON/Huawei/2G/Cluster/Cluster Sleeping Cells DailyBH: Test Cases/SON/Huawei/2G/Cluster/Cluster Sleeping Cells DailyBH

2024-09-03 17:54:15 - [TEST_STEP][PASSED] - callTestCase(findTestCase("Login"), [:], STOP_ON_FAILURE): Call Test Case 'Test Cases/Login' successfully

2024-09-03 17:54:15 - [TEST_CASE][PASSED] - Test Cases/Login: Test Cases/Login

2024-09-03 17:54:15 - [TEST_STEP][PASSED] - driver = general.start(SwagerURL, NetCellURL): general.start is PASSED

2024-09-03 17:54:15 - [MESSAGE][INFO] - >>> chromeDriverPath=C:\Users\FatimaIbeid\.katalon\packages\Katalon_Studio_Windows_64-8.6.9\Katalon_Studio_Windows_64-8.6.9\configuration\resources\drivers\chromedriver_win32\chromedriver.exe

2024-09-03 17:54:17 - [MESSAGE][PASSED] - Current window maximized

2024-09-03 17:54:25 - [MESSAGE][PASSED] - Execute JavaScript 'window.open();' successfully

2024-09-03 17:54:25 - [MESSAGE][PASSED] - Switched to window with index: '1'

2024-09-03 17:54:37 - [MESSAGE][PASSED] - general.start is PASSED

2024-09-03 17:54:37 - [TEST_STEP][PASSED] - click(findTestObject("Object Repository/Login/LoginButton")): Object: 'Object Repository/Login/LoginButton' is clicked on

2024-09-03 17:54:38 - [MESSAGE][PASSED] - Object: 'Object Repository/Login/LoginButton' is clicked on

2024-09-03 17:54:38 - [TEST_STEP][PASSED] - switchToWindowIndex(2): Switched to window with index: '2'

2024-09-03 17:54:38 - [MESSAGE][PASSED] - Switched to window with index: '2'

2024-09-03 17:54:38 - [TEST_STEP][PASSED] - delay(1): Delayed 1 second(s)

2024-09-03 17:54:39 - [MESSAGE][PASSED] - Delayed 1 second(s)

2024-09-03 17:54:39 - [TEST_STEP][PASSED] - sendKeys(findTestObject("Object Repository/Login/EnterEmail"), "homam@zztjg.onmicrosoft.com"): Keys 'homam@zztjg.onmicrosoft.com' sent to object: 'Object Repository/Login/EnterEmail'

2024-09-03 17:54:40 - [MESSAGE][PASSED] - Keys 'homam@zztjg.onmicrosoft.com' sent to object: 'Object Repository/Login/EnterEmail'

2024-09-03 17:54:40 - [TEST_STEP][PASSED] - delay(1): Delayed 1 second(s)

2024-09-03 17:54:41 - [MESSAGE][PASSED] - Delayed 1 second(s)

2024-09-03 17:54:41 - [TEST_STEP][PASSED] - click(findTestObject("Object Repository/Login/NextButton")): Object: 'Object Repository/Login/NextButton' is clicked on

2024-09-03 17:54:41 - [MESSAGE][PASSED] - Object: 'Object Repository/Login/NextButton' is clicked on

2024-09-03 17:54:41 - [TEST_STEP][PASSED] - delay(2): Delayed 2 second(s)

2024-09-03 17:54:43 - [MESSAGE][PASSED] - Delayed 2 second(s)

2024-09-03 17:54:43 - [TEST_STEP][PASSED] - sendKeys(findTestObject("Object Repository/Login/EnterPassword"), "Holder12345"): Keys 'Holder12345' sent to object: 'Object Repository/Login/EnterPassword'

2024-09-03 17:54:43 - [MESSAGE][PASSED] - Keys 'Holder12345' sent to object: 'Object Repository/Login/EnterPassword'

2024-09-03 17:54:43 - [TEST_STEP][PASSED] - delay(1): Delayed 1 second(s)

2024-09-03 17:54:44 - [MESSAGE][PASSED] - Delayed 1 second(s)

2024-09-03 17:54:44 - [TEST_STEP][PASSED] - click(findTestObject("Object Repository/Login/SigninButton")): Object: 'Object Repository/Login/SigninButton' is clicked on

2024-09-03 17:54:45 - [MESSAGE][PASSED] - Object: 'Object Repository/Login/SigninButton' is clicked on

2024-09-03 17:54:45 - [TEST_STEP][PASSED] - delay(1): Delayed 1 second(s)

2024-09-03 17:54:46 - [MESSAGE][PASSED] - Delayed 1 second(s)

2024-09-03 17:54:46 - [TEST_STEP][PASSED] - click(findTestObject("Object Repository/Login/YesStayInButton")): Object: 'Object Repository/Login/YesStayInButton' is clicked on

2024-09-03 17:54:46 - [MESSAGE][PASSED] - Object: 'Object Repository/Login/YesStayInButton' is clicked on

2024-09-03 17:54:46 - [MESSAGE][PASSED] - Call Test Case 'Test Cases/Login' successfully

2024-09-03 17:54:46 - [TEST_STEP][PASSED] - switchToWindowIndex(1): Switched to window with index: '1'

2024-09-03 17:54:46 - [MESSAGE][PASSED] - Switched to window with index: '1'

2024-09-03 17:54:46 - [TEST_STEP][PASSED] - SON.son("huawei", "2G", "Cluster", "Sleeping Cells", "DailyBH", ""): SON.son is PASSED

2024-09-03 17:54:51 - [MESSAGE][PASSED] - Object: 'Object Repository/SON/sonBtn' is clicked on

2024-09-03 17:54:51 - [MESSAGE][PASSED] - Switched to window with index: '2'

2024-09-03 17:55:05 - [MESSAGE][PASSED] - Object: 'Object Repository/PM/Huawei-vendor/Technology/Technology-Arrow' is clicked on

2024-09-03 17:55:05 - [MESSAGE][PASSED] - Object: 'Object Repository/PM/Huawei-vendor/Technology/2G' is clicked on

2024-09-03 17:55:05 - [MESSAGE][PASSED] - Object: 'Object Repository/PM/Huawei-vendor/TopX/TopX Object Type' is clicked on

2024-09-03 17:55:06 - [MESSAGE][PASSED] - Delayed 1 second(s)

2024-09-03 17:55:06 - [MESSAGE][PASSED] - Object: 'Object Repository/PM/Huawei-vendor/Object-Type/TopX Object Types/TopX Clusters/TopX Cluster' is clicked on

2024-09-03 17:55:07 - [MESSAGE][PASSED] - Delayed 1 second(s)

2024-09-03 17:55:07 - [MESSAGE][WARNING] - Timeout '0' is invalid. Using default page load timeout: '120'

2024-09-03 17:55:08 - [MESSAGE][PASSED] - Scroll to object 'Object Repository/PM/Huawei-vendor/Object Border' successfully

2024-09-03 17:55:08 - [MESSAGE][PASSED] - Object: 'Object Repository/PM/Huawei-vendor/Object-Type/TopX Object Types/TopX Sites/TopX East Amman Arrow' is clicked on

2024-09-03 17:55:08 - [MESSAGE][PASSED] - Object: 'Object Repository/PM/Huawei-vendor/Object-Type/TopX Object Types/TopX Clusters/TopX East Amman Cluster 3' is clicked on

2024-09-03 17:55:08 - [MESSAGE][PASSED] - Object: 'Object Repository/PM/Huawei-vendor/Object-Type/TopX Object Types/TopX Clusters/TopX East Amman Cluster 13' is clicked on

2024-09-03 17:55:08 - [MESSAGE][PASSED] - Object: 'Object Repository/PM/Huawei-vendor/Object-Type/TopX Object Types/TopX Sites/TopX East Amman CloseArrow' is clicked on

2024-09-03 17:55:08 - [MESSAGE][PASSED] - Object: 'Object Repository/PM/Huawei-vendor/Object-Type/TopX Object Types/TopX Sites/TopX West Amman Arrow' is clicked on

2024-09-03 17:55:08 - [MESSAGE][PASSED] - Object: 'Object Repository/PM/Huawei-vendor/Object-Type/TopX Object Types/TopX Clusters/TopX West Amman Cluster 2' is clicked on

2024-09-03 17:55:08 - [MESSAGE][PASSED] - Object: 'Object Repository/PM/Huawei-vendor/Object-Type/TopX Object Types/TopX Clusters/TopX West Amman Cluster 5' is clicked on

2024-09-03 17:55:08 - [MESSAGE][PASSED] - Object: 'Object Repository/PM/Huawei-vendor/Object-Type/TopX Object Types/TopX Sites/TopX West Amman CloseArrow' is clicked on

2024-09-03 17:55:09 - [MESSAGE][PASSED] - Object: 'Object Repository/PM/Huawei-vendor/Object-Type/TopX Object Types/TopX Sites/TopX North Jordan Arrow' is clicked on

2024-09-03 17:55:09 - [MESSAGE][PASSED] - Object: 'Object Repository/PM/Huawei-vendor/Object-Type/TopX Object Types/TopX Clusters/TopX North Jordan Cluster 4' is clicked on

2024-09-03 17:55:09 - [MESSAGE][PASSED] - Object: 'Object Repository/PM/Huawei-vendor/Object-Type/TopX Object Types/TopX Clusters/TopX North Jordan Cluster 14' is clicked on

2024-09-03 17:55:09 - [MESSAGE][PASSED] - Object: 'Object Repository/PM/Huawei-vendor/Object-Type/TopX Object Types/TopX Sites/TopX North Jordan CloseArrow' is clicked on

2024-09-03 17:55:09 - [MESSAGE][PASSED] - Object: 'Object Repository/PM/Huawei-vendor/Object-Type/TopX Object Types/TopX Sites/TopX South Jordan Arrow' is clicked on

2024-09-03 17:55:09 - [MESSAGE][PASSED] - Object: 'Object Repository/PM/Huawei-vendor/Object-Type/TopX Object Types/TopX Clusters/TopX South Jordan Cluster 7' is clicked on

2024-09-03 17:55:09 - [MESSAGE][PASSED] - Object: 'Object Repository/PM/Huawei-vendor/Object-Type/TopX Object Types/TopX Clusters/TopX South Jordan Cluster 8' is clicked on

2024-09-03 17:55:09 - [MESSAGE][PASSED] - Object: 'Object Repository/PM/Huawei-vendor/Object-Type/TopX Object Types/TopX Sites/TopX South Jordan CloseArrow' is clicked on

2024-09-03 17:55:10 - [MESSAGE][PASSED] - Object: 'Object Repository/PM/Huawei-vendor/Object-Type/TopX Object Types/TopX Sites/TopX South Amman Arrow' is clicked on

2024-09-03 17:55:10 - [MESSAGE][PASSED] - Object: 'Object Repository/PM/Huawei-vendor/Object-Type/TopX Object Types/TopX Clusters/TopX South Amman Cluster 1' is clicked on

2024-09-03 17:55:10 - [MESSAGE][PASSED] - Object: 'Object Repository/PM/Huawei-vendor/Object-Type/TopX Object Types/TopX Clusters/TopX South Amman Cluster 6' is clicked on

2024-09-03 17:55:10 - [MESSAGE][PASSED] - Object: 'Object Repository/PM/Huawei-vendor/Object-Type/TopX Object Types/TopX Sites/TopX South Amman CloseArrow' is clicked on

2024-09-03 17:55:10 - [MESSAGE][PASSED] - Object: 'Object Repository/PM/Huawei-vendor/Object-Type/TopX Object Types/TopX Sites/TopX East Jordan Arrow' is clicked on

2024-09-03 17:55:10 - [MESSAGE][PASSED] - Object: 'Object Repository/PM/Huawei-vendor/Object-Type/TopX Object Types/TopX Clusters/TopX East Jordan Cluster 10' is clicked on

2024-09-03 17:55:10 - [MESSAGE][PASSED] - Object: 'Object Repository/PM/Huawei-vendor/Object-Type/TopX Object Types/TopX Clusters/TopX East Jordan Cluster 11' is clicked on

2024-09-03 17:55:10 - [MESSAGE][PASSED] - Object: 'Object Repository/PM/Huawei-vendor/Object-Type/TopX Object Types/TopX Sites/TopX East Jordan CloseArrow' is clicked on

2024-09-03 17:55:11 - [MESSAGE][PASSED] - Object: 'Object Repository/PM/Huawei-vendor/Object-Type/TopX Object Types/TopX Sites/TopX Others Arrow' is clicked on

2024-09-03 17:55:11 - [MESSAGE][PASSED] - Object: 'Object Repository/PM/Huawei-vendor/Object-Type/TopX Object Types/TopX Clusters/TopX Others Cluster 60' is clicked on

2024-09-03 17:55:11 - [MESSAGE][PASSED] - Object: 'Object Repository/PM/Huawei-vendor/Object-Type/TopX Object Types/TopX Clusters/TopX Others Cluster 61' is clicked on

2024-09-03 17:55:11 - [MESSAGE][PASSED] - Object: 'Object Repository/PM/Huawei-vendor/Object-Type/TopX Object Types/TopX Sites/TopX Others CloseArrow' is clicked on

2024-09-03 17:55:13 - [MESSAGE][PASSED] - Delayed 2 second(s)

2024-09-03 17:55:13 - [MESSAGE][PASSED] - Object: 'Object Repository/SON/SonType/Type-Arrow' is clicked on

2024-09-03 17:55:13 - [MESSAGE][WARNING] - Timeout '0' is invalid. Using default page load timeout: '120'

2024-09-03 17:55:13 - [MESSAGE][PASSED] - Scroll to object 'Object Repository/SON/Exclude Options' successfully

2024-09-03 17:55:13 - [MESSAGE][PASSED] - Object: 'Object Repository/SON/Resolution/Hourly' is clicked on

2024-09-03 17:55:13 - [MESSAGE][PASSED] - Object: 'Object Repository/SON/Resolution/DailyBH' is clicked on

2024-09-03 17:55:14 - [MESSAGE][PASSED] - Object: 'Object Repository/PM/Huawei-vendor/StartDate/Monthly-Selection' is clicked on

2024-09-03 17:55:14 - [MESSAGE][PASSED] - Object: 'Object Repository/PM/Huawei-vendor/StartDate/Fep-Selection' is clicked on

2024-09-03 17:55:15 - [MESSAGE][PASSED] - Delayed 1 second(s)

2024-09-03 17:55:15 - [MESSAGE][PASSED] - Object: 'Object Repository/PM/Huawei-vendor/StartDate/1-Fep' is clicked on

2024-09-03 17:55:15 - [MESSAGE][PASSED] - Object: 'Object Repository/PM/Huawei-vendor/Apply-Button' is clicked on

2024-09-03 17:55:26 - [MESSAGE][PASSED] - Web element with id: 'Object Repository/SON/Error' located by 'By.xpath: //div[@class='home-logo']' is not present after '200' second(s)

2024-09-03 17:55:26 - [MESSAGE][PASSED] - SON.son is PASSED]]></system-out>
         <system-err><![CDATA[]]></system-err>
      </testcase>
      <testcase name="Test Cases/SON/Huawei/2G/Governorate/Governorate Sleeping Cells DailyBH" time="52.296" classname="Test Cases/SON/Huawei/2G/Governorate/Governorate Sleeping Cells DailyBH" status="PASSED">
         <system-out><![CDATA[2024-09-03 17:55:26 - [TEST_CASE][PASSED] - Test Cases/SON/Huawei/2G/Governorate/Governorate Sleeping Cells DailyBH: Test Cases/SON/Huawei/2G/Governorate/Governorate Sleeping Cells DailyBH

2024-09-03 17:55:26 - [TEST_STEP][PASSED] - callTestCase(findTestCase("Login"), [:], STOP_ON_FAILURE): Call Test Case 'Test Cases/Login' successfully

2024-09-03 17:55:26 - [TEST_CASE][PASSED] - Test Cases/Login: Test Cases/Login

2024-09-03 17:55:26 - [TEST_STEP][PASSED] - driver = general.start(SwagerURL, NetCellURL): general.start is PASSED

2024-09-03 17:55:26 - [MESSAGE][INFO] - >>> chromeDriverPath=C:\Users\FatimaIbeid\.katalon\packages\Katalon_Studio_Windows_64-8.6.9\Katalon_Studio_Windows_64-8.6.9\configuration\resources\drivers\chromedriver_win32\chromedriver.exe

2024-09-03 17:55:27 - [MESSAGE][PASSED] - Current window maximized

2024-09-03 17:55:28 - [MESSAGE][PASSED] - Execute JavaScript 'window.open();' successfully

2024-09-03 17:55:28 - [MESSAGE][PASSED] - Switched to window with index: '1'

2024-09-03 17:55:42 - [MESSAGE][PASSED] - general.start is PASSED

2024-09-03 17:55:42 - [TEST_STEP][PASSED] - click(findTestObject("Object Repository/Login/LoginButton")): Object: 'Object Repository/Login/LoginButton' is clicked on

2024-09-03 17:55:42 - [MESSAGE][PASSED] - Object: 'Object Repository/Login/LoginButton' is clicked on

2024-09-03 17:55:42 - [TEST_STEP][PASSED] - switchToWindowIndex(2): Switched to window with index: '2'

2024-09-03 17:55:42 - [MESSAGE][PASSED] - Switched to window with index: '2'

2024-09-03 17:55:42 - [TEST_STEP][PASSED] - delay(1): Delayed 1 second(s)

2024-09-03 17:55:43 - [MESSAGE][PASSED] - Delayed 1 second(s)

2024-09-03 17:55:43 - [TEST_STEP][PASSED] - sendKeys(findTestObject("Object Repository/Login/EnterEmail"), "homam@zztjg.onmicrosoft.com"): Keys 'homam@zztjg.onmicrosoft.com' sent to object: 'Object Repository/Login/EnterEmail'

2024-09-03 17:55:44 - [MESSAGE][PASSED] - Keys 'homam@zztjg.onmicrosoft.com' sent to object: 'Object Repository/Login/EnterEmail'

2024-09-03 17:55:44 - [TEST_STEP][PASSED] - delay(1): Delayed 1 second(s)

2024-09-03 17:55:45 - [MESSAGE][PASSED] - Delayed 1 second(s)

2024-09-03 17:55:45 - [TEST_STEP][PASSED] - click(findTestObject("Object Repository/Login/NextButton")): Object: 'Object Repository/Login/NextButton' is clicked on

2024-09-03 17:55:45 - [MESSAGE][PASSED] - Object: 'Object Repository/Login/NextButton' is clicked on

2024-09-03 17:55:45 - [TEST_STEP][PASSED] - delay(2): Delayed 2 second(s)

2024-09-03 17:55:47 - [MESSAGE][PASSED] - Delayed 2 second(s)

2024-09-03 17:55:47 - [TEST_STEP][PASSED] - sendKeys(findTestObject("Object Repository/Login/EnterPassword"), "Holder12345"): Keys 'Holder12345' sent to object: 'Object Repository/Login/EnterPassword'

2024-09-03 17:55:47 - [MESSAGE][PASSED] - Keys 'Holder12345' sent to object: 'Object Repository/Login/EnterPassword'

2024-09-03 17:55:47 - [TEST_STEP][PASSED] - delay(1): Delayed 1 second(s)

2024-09-03 17:55:48 - [MESSAGE][PASSED] - Delayed 1 second(s)

2024-09-03 17:55:48 - [TEST_STEP][PASSED] - click(findTestObject("Object Repository/Login/SigninButton")): Object: 'Object Repository/Login/SigninButton' is clicked on

2024-09-03 17:55:49 - [MESSAGE][PASSED] - Object: 'Object Repository/Login/SigninButton' is clicked on

2024-09-03 17:55:49 - [TEST_STEP][PASSED] - delay(1): Delayed 1 second(s)

2024-09-03 17:55:50 - [MESSAGE][PASSED] - Delayed 1 second(s)

2024-09-03 17:55:50 - [TEST_STEP][PASSED] - click(findTestObject("Object Repository/Login/YesStayInButton")): Object: 'Object Repository/Login/YesStayInButton' is clicked on

2024-09-03 17:55:50 - [MESSAGE][PASSED] - Object: 'Object Repository/Login/YesStayInButton' is clicked on

2024-09-03 17:55:50 - [MESSAGE][PASSED] - Call Test Case 'Test Cases/Login' successfully

2024-09-03 17:55:50 - [TEST_STEP][PASSED] - switchToWindowIndex(1): Switched to window with index: '1'

2024-09-03 17:55:50 - [MESSAGE][PASSED] - Switched to window with index: '1'

2024-09-03 17:55:50 - [TEST_STEP][PASSED] - SON.son("huawei", "2G", "Governorate", "Sleeping Cells", "DailyBH", ""): SON.son is PASSED

2024-09-03 17:55:53 - [MESSAGE][PASSED] - Object: 'Object Repository/SON/sonBtn' is clicked on

2024-09-03 17:55:53 - [MESSAGE][PASSED] - Switched to window with index: '2'

2024-09-03 17:56:05 - [MESSAGE][PASSED] - Object: 'Object Repository/PM/Huawei-vendor/Technology/Technology-Arrow' is clicked on

2024-09-03 17:56:05 - [MESSAGE][PASSED] - Object: 'Object Repository/PM/Huawei-vendor/Technology/2G' is clicked on

2024-09-03 17:56:05 - [MESSAGE][PASSED] - Object: 'Object Repository/PM/Huawei-vendor/TopX/TopX Object Type' is clicked on

2024-09-03 17:56:06 - [MESSAGE][PASSED] - Delayed 1 second(s)

2024-09-03 17:56:06 - [MESSAGE][PASSED] - Object: 'Object Repository/PM/Huawei-vendor/Object-Type/TopX Object Types/TopX Governorates/TopX Governorate' is clicked on

2024-09-03 17:56:07 - [MESSAGE][PASSED] - Delayed 1 second(s)

2024-09-03 17:56:07 - [MESSAGE][WARNING] - Timeout '0' is invalid. Using default page load timeout: '120'

2024-09-03 17:56:07 - [MESSAGE][PASSED] - Scroll to object 'Object Repository/PM/Huawei-vendor/Object Border' successfully

2024-09-03 17:56:07 - [MESSAGE][PASSED] - Object: 'Object Repository/PM/Huawei-vendor/Object-Type/TopX Object Types/TopX Governorates/TopX Amman' is clicked on

2024-09-03 17:56:08 - [MESSAGE][PASSED] - Object: 'Object Repository/PM/Huawei-vendor/Object-Type/TopX Object Types/TopX Governorates/TopX Irbid' is clicked on

2024-09-03 17:56:08 - [MESSAGE][PASSED] - Object: 'Object Repository/PM/Huawei-vendor/Object-Type/TopX Object Types/TopX Governorates/TopX Aqaba' is clicked on

2024-09-03 17:56:08 - [MESSAGE][PASSED] - Object: 'Object Repository/PM/Huawei-vendor/Object-Type/TopX Object Types/TopX Governorates/TopX Jerash' is clicked on

2024-09-03 17:56:08 - [MESSAGE][PASSED] - Object: 'Object Repository/PM/Huawei-vendor/Object-Type/TopX Object Types/TopX Governorates/TopX Mafraq' is clicked on

2024-09-03 17:56:08 - [MESSAGE][PASSED] - Object: 'Object Repository/PM/Huawei-vendor/Object-Type/TopX Object Types/TopX Governorates/TopX Zarqa' is clicked on

2024-09-03 17:56:10 - [MESSAGE][PASSED] - Delayed 2 second(s)

2024-09-03 17:56:10 - [MESSAGE][PASSED] - Object: 'Object Repository/SON/SonType/Type-Arrow' is clicked on

2024-09-03 17:56:10 - [MESSAGE][WARNING] - Timeout '0' is invalid. Using default page load timeout: '120'

2024-09-03 17:56:10 - [MESSAGE][PASSED] - Scroll to object 'Object Repository/SON/Exclude Options' successfully

2024-09-03 17:56:11 - [MESSAGE][PASSED] - Object: 'Object Repository/SON/Resolution/Hourly' is clicked on

2024-09-03 17:56:11 - [MESSAGE][PASSED] - Object: 'Object Repository/SON/Resolution/DailyBH' is clicked on

2024-09-03 17:56:11 - [MESSAGE][PASSED] - Object: 'Object Repository/PM/Huawei-vendor/StartDate/Monthly-Selection' is clicked on

2024-09-03 17:56:11 - [MESSAGE][PASSED] - Object: 'Object Repository/PM/Huawei-vendor/StartDate/Fep-Selection' is clicked on

2024-09-03 17:56:12 - [MESSAGE][PASSED] - Delayed 1 second(s)

2024-09-03 17:56:12 - [MESSAGE][PASSED] - Object: 'Object Repository/PM/Huawei-vendor/StartDate/1-Fep' is clicked on

2024-09-03 17:56:12 - [MESSAGE][PASSED] - Object: 'Object Repository/PM/Huawei-vendor/Apply-Button' is clicked on

2024-09-03 17:56:18 - [MESSAGE][PASSED] - Web element with id: 'Object Repository/SON/Error' located by 'By.xpath: //div[@class='home-logo']' is not present after '200' second(s)

2024-09-03 17:56:18 - [MESSAGE][PASSED] - SON.son is PASSED]]></system-out>
         <system-err><![CDATA[]]></system-err>
      </testcase>
      <testcase name="Test Cases/SON/Huawei/2G/PLMN/PLMN Sleeping Cells WeeklyBH" time="38.216" classname="Test Cases/SON/Huawei/2G/PLMN/PLMN Sleeping Cells WeeklyBH" status="PASSED">
         <system-out><![CDATA[2024-09-03 17:56:18 - [TEST_CASE][PASSED] - Test Cases/SON/Huawei/2G/PLMN/PLMN Sleeping Cells WeeklyBH: Test Cases/SON/Huawei/2G/PLMN/PLMN Sleeping Cells WeeklyBH

2024-09-03 17:56:18 - [TEST_STEP][PASSED] - callTestCase(findTestCase("Login"), [:], STOP_ON_FAILURE): Call Test Case 'Test Cases/Login' successfully

2024-09-03 17:56:18 - [TEST_CASE][PASSED] - Test Cases/Login: Test Cases/Login

2024-09-03 17:56:18 - [TEST_STEP][PASSED] - driver = general.start(SwagerURL, NetCellURL): general.start is PASSED

2024-09-03 17:56:18 - [MESSAGE][INFO] - >>> chromeDriverPath=C:\Users\FatimaIbeid\.katalon\packages\Katalon_Studio_Windows_64-8.6.9\Katalon_Studio_Windows_64-8.6.9\configuration\resources\drivers\chromedriver_win32\chromedriver.exe

2024-09-03 17:56:20 - [MESSAGE][PASSED] - Current window maximized

2024-09-03 17:56:20 - [MESSAGE][PASSED] - Execute JavaScript 'window.open();' successfully

2024-09-03 17:56:20 - [MESSAGE][PASSED] - Switched to window with index: '1'

2024-09-03 17:56:33 - [MESSAGE][PASSED] - general.start is PASSED

2024-09-03 17:56:33 - [TEST_STEP][PASSED] - click(findTestObject("Object Repository/Login/LoginButton")): Object: 'Object Repository/Login/LoginButton' is clicked on

2024-09-03 17:56:33 - [MESSAGE][PASSED] - Object: 'Object Repository/Login/LoginButton' is clicked on

2024-09-03 17:56:33 - [TEST_STEP][PASSED] - switchToWindowIndex(2): Switched to window with index: '2'

2024-09-03 17:56:33 - [MESSAGE][PASSED] - Switched to window with index: '2'

2024-09-03 17:56:33 - [TEST_STEP][PASSED] - delay(1): Delayed 1 second(s)

2024-09-03 17:56:34 - [MESSAGE][PASSED] - Delayed 1 second(s)

2024-09-03 17:56:34 - [TEST_STEP][PASSED] - sendKeys(findTestObject("Object Repository/Login/EnterEmail"), "homam@zztjg.onmicrosoft.com"): Keys 'homam@zztjg.onmicrosoft.com' sent to object: 'Object Repository/Login/EnterEmail'

2024-09-03 17:56:35 - [MESSAGE][PASSED] - Keys 'homam@zztjg.onmicrosoft.com' sent to object: 'Object Repository/Login/EnterEmail'

2024-09-03 17:56:35 - [TEST_STEP][PASSED] - delay(1): Delayed 1 second(s)

2024-09-03 17:56:36 - [MESSAGE][PASSED] - Delayed 1 second(s)

2024-09-03 17:56:36 - [TEST_STEP][PASSED] - click(findTestObject("Object Repository/Login/NextButton")): Object: 'Object Repository/Login/NextButton' is clicked on

2024-09-03 17:56:36 - [MESSAGE][PASSED] - Object: 'Object Repository/Login/NextButton' is clicked on

2024-09-03 17:56:36 - [TEST_STEP][PASSED] - delay(2): Delayed 2 second(s)

2024-09-03 17:56:38 - [MESSAGE][PASSED] - Delayed 2 second(s)

2024-09-03 17:56:38 - [TEST_STEP][PASSED] - sendKeys(findTestObject("Object Repository/Login/EnterPassword"), "Holder12345"): Keys 'Holder12345' sent to object: 'Object Repository/Login/EnterPassword'

2024-09-03 17:56:38 - [MESSAGE][PASSED] - Keys 'Holder12345' sent to object: 'Object Repository/Login/EnterPassword'

2024-09-03 17:56:38 - [TEST_STEP][PASSED] - delay(1): Delayed 1 second(s)

2024-09-03 17:56:39 - [MESSAGE][PASSED] - Delayed 1 second(s)

2024-09-03 17:56:39 - [TEST_STEP][PASSED] - click(findTestObject("Object Repository/Login/SigninButton")): Object: 'Object Repository/Login/SigninButton' is clicked on

2024-09-03 17:56:40 - [MESSAGE][PASSED] - Object: 'Object Repository/Login/SigninButton' is clicked on

2024-09-03 17:56:40 - [TEST_STEP][PASSED] - delay(1): Delayed 1 second(s)

2024-09-03 17:56:41 - [MESSAGE][PASSED] - Delayed 1 second(s)

2024-09-03 17:56:41 - [TEST_STEP][PASSED] - click(findTestObject("Object Repository/Login/YesStayInButton")): Object: 'Object Repository/Login/YesStayInButton' is clicked on

2024-09-03 17:56:41 - [MESSAGE][PASSED] - Object: 'Object Repository/Login/YesStayInButton' is clicked on

2024-09-03 17:56:41 - [MESSAGE][PASSED] - Call Test Case 'Test Cases/Login' successfully

2024-09-03 17:56:41 - [TEST_STEP][PASSED] - switchToWindowIndex(1): Switched to window with index: '1'

2024-09-03 17:56:41 - [MESSAGE][PASSED] - Switched to window with index: '1'

2024-09-03 17:56:41 - [TEST_STEP][PASSED] - SON.son("huawei", "2G", "PLMN", "Sleeping Cells", "WeeklyBH", ""): SON.son is PASSED

2024-09-03 17:56:43 - [MESSAGE][PASSED] - Object: 'Object Repository/SON/sonBtn' is clicked on

2024-09-03 17:56:43 - [MESSAGE][PASSED] - Switched to window with index: '2'

2024-09-03 17:56:44 - [MESSAGE][PASSED] - Object: 'Object Repository/PM/Huawei-vendor/Technology/Technology-Arrow' is clicked on

2024-09-03 17:56:44 - [MESSAGE][PASSED] - Object: 'Object Repository/PM/Huawei-vendor/Technology/2G' is clicked on

2024-09-03 17:56:44 - [MESSAGE][PASSED] - Object: 'Object Repository/PM/Huawei-vendor/TopX/TopX Object Type' is clicked on

2024-09-03 17:56:45 - [MESSAGE][PASSED] - Delayed 1 second(s)

2024-09-03 17:56:45 - [MESSAGE][PASSED] - Object: 'Object Repository/PM/Huawei-vendor/Object-Type/TopX Object Types/TopX PLMNs/TopX PLMN' is clicked on

2024-09-03 17:56:46 - [MESSAGE][PASSED] - Delayed 1 second(s)

2024-09-03 17:56:46 - [MESSAGE][PASSED] - Object: 'Object Repository/PM/Huawei-vendor/Object-Type/TopX Object Types/TopX PLMNs/TopX PLMN checkbox' is clicked on

2024-09-03 17:56:48 - [MESSAGE][PASSED] - Delayed 2 second(s)

2024-09-03 17:56:48 - [MESSAGE][PASSED] - Object: 'Object Repository/SON/SonType/Type-Arrow' is clicked on

2024-09-03 17:56:49 - [MESSAGE][WARNING] - Timeout '0' is invalid. Using default page load timeout: '120'

2024-09-03 17:56:49 - [MESSAGE][PASSED] - Scroll to object 'Object Repository/SON/Exclude Options' successfully

2024-09-03 17:56:49 - [MESSAGE][PASSED] - Object: 'Object Repository/SON/Resolution/Hourly' is clicked on

2024-09-03 17:56:49 - [MESSAGE][PASSED] - Object: 'Object Repository/SON/Resolution/WeeklyBH' is clicked on

2024-09-03 17:56:49 - [MESSAGE][PASSED] - Object: 'Object Repository/PM/Huawei-vendor/StartDate/Monthly-Selection' is clicked on

2024-09-03 17:56:49 - [MESSAGE][PASSED] - Object: 'Object Repository/PM/Huawei-vendor/StartDate/Fep-Selection' is clicked on

2024-09-03 17:56:50 - [MESSAGE][PASSED] - Delayed 1 second(s)

2024-09-03 17:56:51 - [MESSAGE][PASSED] - Object: 'Object Repository/PM/Huawei-vendor/StartDate/1-Fep' is clicked on

2024-09-03 17:56:51 - [MESSAGE][PASSED] - Object: 'Object Repository/PM/Huawei-vendor/Apply-Button' is clicked on

2024-09-03 17:56:56 - [MESSAGE][PASSED] - Web element with id: 'Object Repository/SON/Error' located by 'By.xpath: //div[@class='home-logo']' is not present after '200' second(s)

2024-09-03 17:56:56 - [MESSAGE][PASSED] - SON.son is PASSED]]></system-out>
         <system-err><![CDATA[]]></system-err>
      </testcase>
      <testcase name="Test Cases/SON/Huawei/2G/Region/Region Sleeping Cells WeeklyBH" time="37.006" classname="Test Cases/SON/Huawei/2G/Region/Region Sleeping Cells WeeklyBH" status="PASSED">
         <system-out><![CDATA[2024-09-03 17:56:56 - [TEST_CASE][PASSED] - Test Cases/SON/Huawei/2G/Region/Region Sleeping Cells WeeklyBH: Test Cases/SON/Huawei/2G/Region/Region Sleeping Cells WeeklyBH

2024-09-03 17:56:56 - [TEST_STEP][PASSED] - callTestCase(findTestCase("Login"), [:], STOP_ON_FAILURE): Call Test Case 'Test Cases/Login' successfully

2024-09-03 17:56:57 - [TEST_CASE][PASSED] - Test Cases/Login: Test Cases/Login

2024-09-03 17:56:57 - [TEST_STEP][PASSED] - driver = general.start(SwagerURL, NetCellURL): general.start is PASSED

2024-09-03 17:56:57 - [MESSAGE][INFO] - >>> chromeDriverPath=C:\Users\FatimaIbeid\.katalon\packages\Katalon_Studio_Windows_64-8.6.9\Katalon_Studio_Windows_64-8.6.9\configuration\resources\drivers\chromedriver_win32\chromedriver.exe

2024-09-03 17:56:58 - [MESSAGE][PASSED] - Current window maximized

2024-09-03 17:56:59 - [MESSAGE][PASSED] - Execute JavaScript 'window.open();' successfully

2024-09-03 17:56:59 - [MESSAGE][PASSED] - Switched to window with index: '1'

2024-09-03 17:57:11 - [MESSAGE][PASSED] - general.start is PASSED

2024-09-03 17:57:11 - [TEST_STEP][PASSED] - click(findTestObject("Object Repository/Login/LoginButton")): Object: 'Object Repository/Login/LoginButton' is clicked on

2024-09-03 17:57:11 - [MESSAGE][PASSED] - Object: 'Object Repository/Login/LoginButton' is clicked on

2024-09-03 17:57:11 - [TEST_STEP][PASSED] - switchToWindowIndex(2): Switched to window with index: '2'

2024-09-03 17:57:11 - [MESSAGE][PASSED] - Switched to window with index: '2'

2024-09-03 17:57:11 - [TEST_STEP][PASSED] - delay(1): Delayed 1 second(s)

2024-09-03 17:57:12 - [MESSAGE][PASSED] - Delayed 1 second(s)

2024-09-03 17:57:12 - [TEST_STEP][PASSED] - sendKeys(findTestObject("Object Repository/Login/EnterEmail"), "homam@zztjg.onmicrosoft.com"): Keys 'homam@zztjg.onmicrosoft.com' sent to object: 'Object Repository/Login/EnterEmail'

2024-09-03 17:57:14 - [MESSAGE][PASSED] - Keys 'homam@zztjg.onmicrosoft.com' sent to object: 'Object Repository/Login/EnterEmail'

2024-09-03 17:57:14 - [TEST_STEP][PASSED] - delay(1): Delayed 1 second(s)

2024-09-03 17:57:15 - [MESSAGE][PASSED] - Delayed 1 second(s)

2024-09-03 17:57:15 - [TEST_STEP][PASSED] - click(findTestObject("Object Repository/Login/NextButton")): Object: 'Object Repository/Login/NextButton' is clicked on

2024-09-03 17:57:15 - [MESSAGE][PASSED] - Object: 'Object Repository/Login/NextButton' is clicked on

2024-09-03 17:57:15 - [TEST_STEP][PASSED] - delay(2): Delayed 2 second(s)

2024-09-03 17:57:17 - [MESSAGE][PASSED] - Delayed 2 second(s)

2024-09-03 17:57:17 - [TEST_STEP][PASSED] - sendKeys(findTestObject("Object Repository/Login/EnterPassword"), "Holder12345"): Keys 'Holder12345' sent to object: 'Object Repository/Login/EnterPassword'

2024-09-03 17:57:17 - [MESSAGE][PASSED] - Keys 'Holder12345' sent to object: 'Object Repository/Login/EnterPassword'

2024-09-03 17:57:17 - [TEST_STEP][PASSED] - delay(1): Delayed 1 second(s)

2024-09-03 17:57:18 - [MESSAGE][PASSED] - Delayed 1 second(s)

2024-09-03 17:57:18 - [TEST_STEP][PASSED] - click(findTestObject("Object Repository/Login/SigninButton")): Object: 'Object Repository/Login/SigninButton' is clicked on

2024-09-03 17:57:18 - [MESSAGE][PASSED] - Object: 'Object Repository/Login/SigninButton' is clicked on

2024-09-03 17:57:18 - [TEST_STEP][PASSED] - delay(1): Delayed 1 second(s)

2024-09-03 17:57:19 - [MESSAGE][PASSED] - Delayed 1 second(s)

2024-09-03 17:57:19 - [TEST_STEP][PASSED] - click(findTestObject("Object Repository/Login/YesStayInButton")): Object: 'Object Repository/Login/YesStayInButton' is clicked on

2024-09-03 17:57:20 - [MESSAGE][PASSED] - Object: 'Object Repository/Login/YesStayInButton' is clicked on

2024-09-03 17:57:20 - [MESSAGE][PASSED] - Call Test Case 'Test Cases/Login' successfully

2024-09-03 17:57:20 - [TEST_STEP][PASSED] - switchToWindowIndex(1): Switched to window with index: '1'

2024-09-03 17:57:20 - [MESSAGE][PASSED] - Switched to window with index: '1'

2024-09-03 17:57:20 - [TEST_STEP][PASSED] - SON.son("huawei", "2G", "Region", "Sleeping Cells", "WeeklyBH", ""): SON.son is PASSED

2024-09-03 17:57:22 - [MESSAGE][PASSED] - Object: 'Object Repository/SON/sonBtn' is clicked on

2024-09-03 17:57:22 - [MESSAGE][PASSED] - Switched to window with index: '2'

2024-09-03 17:57:23 - [MESSAGE][PASSED] - Object: 'Object Repository/PM/Huawei-vendor/Technology/Technology-Arrow' is clicked on

2024-09-03 17:57:23 - [MESSAGE][PASSED] - Object: 'Object Repository/PM/Huawei-vendor/Technology/2G' is clicked on

2024-09-03 17:57:23 - [MESSAGE][PASSED] - Object: 'Object Repository/PM/Huawei-vendor/TopX/TopX Object Type' is clicked on

2024-09-03 17:57:24 - [MESSAGE][PASSED] - Delayed 1 second(s)

2024-09-03 17:57:24 - [MESSAGE][PASSED] - Object: 'Object Repository/PM/Huawei-vendor/Object-Type/TopX Object Types/TopX Regions/TopX Region' is clicked on

2024-09-03 17:57:25 - [MESSAGE][PASSED] - Delayed 1 second(s)

2024-09-03 17:57:25 - [MESSAGE][WARNING] - Timeout '0' is invalid. Using default page load timeout: '120'

2024-09-03 17:57:25 - [MESSAGE][PASSED] - Scroll to object 'Object Repository/PM/Huawei-vendor/Object Border' successfully

2024-09-03 17:57:25 - [MESSAGE][PASSED] - Object: 'Object Repository/PM/Huawei-vendor/Object-Type/TopX Object Types/TopX Regions/TopX Region East Amman' is clicked on

2024-09-03 17:57:26 - [MESSAGE][PASSED] - Object: 'Object Repository/PM/Huawei-vendor/Object-Type/TopX Object Types/TopX Regions/TopX Region West Amman' is clicked on

2024-09-03 17:57:26 - [MESSAGE][PASSED] - Object: 'Object Repository/PM/Huawei-vendor/Object-Type/TopX Object Types/TopX Regions/TopX Region South Amman' is clicked on

2024-09-03 17:57:26 - [MESSAGE][PASSED] - Object: 'Object Repository/PM/Huawei-vendor/Object-Type/TopX Object Types/TopX Regions/TopX Region South Jordan' is clicked on

2024-09-03 17:57:26 - [MESSAGE][PASSED] - Object: 'Object Repository/PM/Huawei-vendor/Object-Type/TopX Object Types/TopX Regions/TopX Region North Jordan' is clicked on

2024-09-03 17:57:26 - [MESSAGE][PASSED] - Object: 'Object Repository/PM/Huawei-vendor/Object-Type/TopX Object Types/TopX Regions/TopX Region East Jordan' is clicked on

2024-09-03 17:57:26 - [MESSAGE][PASSED] - Object: 'Object Repository/PM/Huawei-vendor/Object-Type/TopX Object Types/TopX Regions/TopX Region Others' is clicked on

2024-09-03 17:57:28 - [MESSAGE][PASSED] - Delayed 2 second(s)

2024-09-03 17:57:28 - [MESSAGE][PASSED] - Object: 'Object Repository/SON/SonType/Type-Arrow' is clicked on

2024-09-03 17:57:28 - [MESSAGE][WARNING] - Timeout '0' is invalid. Using default page load timeout: '120'

2024-09-03 17:57:28 - [MESSAGE][PASSED] - Scroll to object 'Object Repository/SON/Exclude Options' successfully

2024-09-03 17:57:29 - [MESSAGE][PASSED] - Object: 'Object Repository/SON/Resolution/Hourly' is clicked on

2024-09-03 17:57:29 - [MESSAGE][PASSED] - Object: 'Object Repository/SON/Resolution/WeeklyBH' is clicked on

2024-09-03 17:57:29 - [MESSAGE][PASSED] - Object: 'Object Repository/PM/Huawei-vendor/StartDate/Monthly-Selection' is clicked on

2024-09-03 17:57:29 - [MESSAGE][PASSED] - Object: 'Object Repository/PM/Huawei-vendor/StartDate/Fep-Selection' is clicked on

2024-09-03 17:57:30 - [MESSAGE][PASSED] - Delayed 1 second(s)

2024-09-03 17:57:30 - [MESSAGE][PASSED] - Object: 'Object Repository/PM/Huawei-vendor/StartDate/1-Fep' is clicked on

2024-09-03 17:57:30 - [MESSAGE][PASSED] - Object: 'Object Repository/PM/Huawei-vendor/Apply-Button' is clicked on

2024-09-03 17:57:33 - [MESSAGE][PASSED] - Web element with id: 'Object Repository/SON/Error' located by 'By.xpath: //div[@class='home-logo']' is not present after '200' second(s)

2024-09-03 17:57:33 - [MESSAGE][PASSED] - SON.son is PASSED]]></system-out>
         <system-err><![CDATA[]]></system-err>
      </testcase>
      <testcase name="Test Cases/SON/Huawei/2G/Site/Site Sleeping Cells WeeklyBH" time="148.997" classname="Test Cases/SON/Huawei/2G/Site/Site Sleeping Cells WeeklyBH" status="FAILED">
         <failure type="FAILED" message="Test Cases/SON/Huawei/2G/Site/Site Sleeping Cells WeeklyBH FAILED.
Reason:
com.kms.katalon.core.exception.StepFailedException: Unable to click on object 'Object Repository/SON/ObjectType/East Amman site1'
	at com.kms.katalon.core.webui.keyword.internal.WebUIKeywordMain.stepFailed(WebUIKeywordMain.groovy:64)
	at com.kms.katalon.core.webui.keyword.internal.WebUIKeywordMain.runKeyword(WebUIKeywordMain.groovy:26)
	at com.kms.katalon.core.webui.keyword.builtin.ClickKeyword.click(ClickKeyword.groovy:74)
	at com.kms.katalon.core.webui.keyword.builtin.ClickKeyword.execute(ClickKeyword.groovy:40)
	at com.kms.katalon.core.keyword.internal.KeywordExecutor.executeKeywordForPlatform(KeywordExecutor.groovy:74)
	at com.kms.katalon.core.webui.keyword.WebUiBuiltInKeywords.click(WebUiBuiltInKeywords.groovy:620)
	at com.kms.katalon.core.webui.keyword.WebUiBuiltInKeywords$click$2.call(Unknown Source)
	at SON.selectObjectType(SON.groovy:146)
	at SON.son(SON.groovy:73)
	at SON.invokeMethod(SON.groovy)
	at com.kms.katalon.core.main.CustomKeywordDelegatingMetaClass.invokeStaticMethod(CustomKeywordDelegatingMetaClass.java:55)
	at Site Sleeping Cells WeeklyBH.run(Site Sleeping Cells WeeklyBH:25)
	at com.kms.katalon.core.main.ScriptEngine.run(ScriptEngine.java:194)
	at com.kms.katalon.core.main.ScriptEngine.runScriptAsRawText(ScriptEngine.java:119)
	at com.kms.katalon.core.main.TestCaseExecutor.runScript(TestCaseExecutor.java:448)
	at com.kms.katalon.core.main.TestCaseExecutor.doExecute(TestCaseExecutor.java:439)
	at com.kms.katalon.core.main.TestCaseExecutor.processExecutionPhase(TestCaseExecutor.java:418)
	at com.kms.katalon.core.main.TestCaseExecutor.accessMainPhase(TestCaseExecutor.java:410)
	at com.kms.katalon.core.main.TestCaseExecutor.execute(TestCaseExecutor.java:285)
	at com.kms.katalon.core.common.CommonExecutor.accessTestCaseMainPhase(CommonExecutor.java:65)
	at com.kms.katalon.core.main.TestSuiteExecutor.accessTestSuiteMainPhase(TestSuiteExecutor.java:148)
	at com.kms.katalon.core.main.TestSuiteExecutor.execute(TestSuiteExecutor.java:106)
	at com.kms.katalon.core.main.TestCaseMain.startTestSuite(TestCaseMain.java:187)
	at com.kms.katalon.core.main.TestCaseMain$startTestSuite$0.call(Unknown Source)
	at TempTestSuite1725371051772.run(TempTestSuite1725371051772.groovy:35)
Caused by: com.kms.katalon.core.webui.exception.WebElementNotFoundException: Web element with id: 'Object Repository/SON/ObjectType/East Amman site1' located by '//span[contains(text(),'301-ULT_King_Hussein_St_PD_Fiber_Manage')]' not found
	at com.kms.katalon.core.webui.common.WebUiCommonHelper.findWebElement(WebUiCommonHelper.java:1381)
	at com.kms.katalon.core.webui.keyword.internal.WebUIAbstractKeyword.findWebElement(WebUIAbstractKeyword.groovy:27)
	at com.kms.katalon.core.webui.keyword.builtin.ClickKeyword$_click_closure1.doCall(ClickKeyword.groovy:65)
	at com.kms.katalon.core.webui.keyword.builtin.ClickKeyword$_click_closure1.call(ClickKeyword.groovy)
	at com.kms.katalon.core.webui.keyword.internal.WebUIKeywordMain.runKeyword(WebUIKeywordMain.groovy:20)
	... 23 more
"/>
         <system-out><![CDATA[2024-09-03 17:57:33 - [TEST_CASE][FAILED] - Test Cases/SON/Huawei/2G/Site/Site Sleeping Cells WeeklyBH: Test Cases/SON/Huawei/2G/Site/Site Sleeping Cells WeeklyBH FAILED.
Reason:
com.kms.katalon.core.exception.StepFailedException: Unable to click on object 'Object Repository/SON/ObjectType/East Amman site1'
	at com.kms.katalon.core.webui.keyword.internal.WebUIKeywordMain.stepFailed(WebUIKeywordMain.groovy:64)
	at com.kms.katalon.core.webui.keyword.internal.WebUIKeywordMain.runKeyword(WebUIKeywordMain.groovy:26)
	at com.kms.katalon.core.webui.keyword.builtin.ClickKeyword.click(ClickKeyword.groovy:74)
	at com.kms.katalon.core.webui.keyword.builtin.ClickKeyword.execute(ClickKeyword.groovy:40)
	at com.kms.katalon.core.keyword.internal.KeywordExecutor.executeKeywordForPlatform(KeywordExecutor.groovy:74)
	at com.kms.katalon.core.webui.keyword.WebUiBuiltInKeywords.click(WebUiBuiltInKeywords.groovy:620)
	at com.kms.katalon.core.webui.keyword.WebUiBuiltInKeywords$click$2.call(Unknown Source)
	at SON.selectObjectType(SON.groovy:146)
	at SON.son(SON.groovy:73)
	at SON.invokeMethod(SON.groovy)
	at com.kms.katalon.core.main.CustomKeywordDelegatingMetaClass.invokeStaticMethod(CustomKeywordDelegatingMetaClass.java:55)
	at Site Sleeping Cells WeeklyBH.run(Site Sleeping Cells WeeklyBH:25)
	at com.kms.katalon.core.main.ScriptEngine.run(ScriptEngine.java:194)
	at com.kms.katalon.core.main.ScriptEngine.runScriptAsRawText(ScriptEngine.java:119)
	at com.kms.katalon.core.main.TestCaseExecutor.runScript(TestCaseExecutor.java:448)
	at com.kms.katalon.core.main.TestCaseExecutor.doExecute(TestCaseExecutor.java:439)
	at com.kms.katalon.core.main.TestCaseExecutor.processExecutionPhase(TestCaseExecutor.java:418)
	at com.kms.katalon.core.main.TestCaseExecutor.accessMainPhase(TestCaseExecutor.java:410)
	at com.kms.katalon.core.main.TestCaseExecutor.execute(TestCaseExecutor.java:285)
	at com.kms.katalon.core.common.CommonExecutor.accessTestCaseMainPhase(CommonExecutor.java:65)
	at com.kms.katalon.core.main.TestSuiteExecutor.accessTestSuiteMainPhase(TestSuiteExecutor.java:148)
	at com.kms.katalon.core.main.TestSuiteExecutor.execute(TestSuiteExecutor.java:106)
	at com.kms.katalon.core.main.TestCaseMain.startTestSuite(TestCaseMain.java:187)
	at com.kms.katalon.core.main.TestCaseMain$startTestSuite$0.call(Unknown Source)
	at TempTestSuite1725371051772.run(TempTestSuite1725371051772.groovy:35)
Caused by: com.kms.katalon.core.webui.exception.WebElementNotFoundException: Web element with id: 'Object Repository/SON/ObjectType/East Amman site1' located by '//span[contains(text(),'301-ULT_King_Hussein_St_PD_Fiber_Manage')]' not found
	at com.kms.katalon.core.webui.common.WebUiCommonHelper.findWebElement(WebUiCommonHelper.java:1381)
	at com.kms.katalon.core.webui.keyword.internal.WebUIAbstractKeyword.findWebElement(WebUIAbstractKeyword.groovy:27)
	at com.kms.katalon.core.webui.keyword.builtin.ClickKeyword$_click_closure1.doCall(ClickKeyword.groovy:65)
	at com.kms.katalon.core.webui.keyword.builtin.ClickKeyword$_click_closure1.call(ClickKeyword.groovy)
	at com.kms.katalon.core.webui.keyword.internal.WebUIKeywordMain.runKeyword(WebUIKeywordMain.groovy:20)
	... 23 more


2024-09-03 17:57:33 - [TEST_STEP][PASSED] - callTestCase(findTestCase("Login"), [:], STOP_ON_FAILURE): Call Test Case 'Test Cases/Login' successfully

2024-09-03 17:57:34 - [TEST_CASE][PASSED] - Test Cases/Login: Test Cases/Login

2024-09-03 17:57:34 - [TEST_STEP][PASSED] - driver = general.start(SwagerURL, NetCellURL): general.start is PASSED

2024-09-03 17:57:34 - [MESSAGE][INFO] - >>> chromeDriverPath=C:\Users\FatimaIbeid\.katalon\packages\Katalon_Studio_Windows_64-8.6.9\Katalon_Studio_Windows_64-8.6.9\configuration\resources\drivers\chromedriver_win32\chromedriver.exe

2024-09-03 17:57:35 - [MESSAGE][PASSED] - Current window maximized

2024-09-03 17:57:35 - [MESSAGE][PASSED] - Execute JavaScript 'window.open();' successfully

2024-09-03 17:57:35 - [MESSAGE][PASSED] - Switched to window with index: '1'

2024-09-03 17:57:47 - [MESSAGE][PASSED] - general.start is PASSED

2024-09-03 17:57:47 - [TEST_STEP][PASSED] - click(findTestObject("Object Repository/Login/LoginButton")): Object: 'Object Repository/Login/LoginButton' is clicked on

2024-09-03 17:57:48 - [MESSAGE][PASSED] - Object: 'Object Repository/Login/LoginButton' is clicked on

2024-09-03 17:57:48 - [TEST_STEP][PASSED] - switchToWindowIndex(2): Switched to window with index: '2'

2024-09-03 17:57:48 - [MESSAGE][PASSED] - Switched to window with index: '2'

2024-09-03 17:57:48 - [TEST_STEP][PASSED] - delay(1): Delayed 1 second(s)

2024-09-03 17:57:49 - [MESSAGE][PASSED] - Delayed 1 second(s)

2024-09-03 17:57:49 - [TEST_STEP][PASSED] - sendKeys(findTestObject("Object Repository/Login/EnterEmail"), "homam@zztjg.onmicrosoft.com"): Keys 'homam@zztjg.onmicrosoft.com' sent to object: 'Object Repository/Login/EnterEmail'

2024-09-03 17:57:50 - [MESSAGE][PASSED] - Keys 'homam@zztjg.onmicrosoft.com' sent to object: 'Object Repository/Login/EnterEmail'

2024-09-03 17:57:50 - [TEST_STEP][PASSED] - delay(1): Delayed 1 second(s)

2024-09-03 17:57:51 - [MESSAGE][PASSED] - Delayed 1 second(s)

2024-09-03 17:57:51 - [TEST_STEP][PASSED] - click(findTestObject("Object Repository/Login/NextButton")): Object: 'Object Repository/Login/NextButton' is clicked on

2024-09-03 17:57:51 - [MESSAGE][PASSED] - Object: 'Object Repository/Login/NextButton' is clicked on

2024-09-03 17:57:51 - [TEST_STEP][PASSED] - delay(2): Delayed 2 second(s)

2024-09-03 17:57:53 - [MESSAGE][PASSED] - Delayed 2 second(s)

2024-09-03 17:57:53 - [TEST_STEP][PASSED] - sendKeys(findTestObject("Object Repository/Login/EnterPassword"), "Holder12345"): Keys 'Holder12345' sent to object: 'Object Repository/Login/EnterPassword'

2024-09-03 17:57:53 - [MESSAGE][PASSED] - Keys 'Holder12345' sent to object: 'Object Repository/Login/EnterPassword'

2024-09-03 17:57:53 - [TEST_STEP][PASSED] - delay(1): Delayed 1 second(s)

2024-09-03 17:57:54 - [MESSAGE][PASSED] - Delayed 1 second(s)

2024-09-03 17:57:54 - [TEST_STEP][PASSED] - click(findTestObject("Object Repository/Login/SigninButton")): Object: 'Object Repository/Login/SigninButton' is clicked on

2024-09-03 17:57:55 - [MESSAGE][PASSED] - Object: 'Object Repository/Login/SigninButton' is clicked on

2024-09-03 17:57:55 - [TEST_STEP][PASSED] - delay(1): Delayed 1 second(s)

2024-09-03 17:57:56 - [MESSAGE][PASSED] - Delayed 1 second(s)

2024-09-03 17:57:56 - [TEST_STEP][PASSED] - click(findTestObject("Object Repository/Login/YesStayInButton")): Object: 'Object Repository/Login/YesStayInButton' is clicked on

2024-09-03 17:57:56 - [MESSAGE][PASSED] - Object: 'Object Repository/Login/YesStayInButton' is clicked on

2024-09-03 17:57:56 - [MESSAGE][PASSED] - Call Test Case 'Test Cases/Login' successfully

2024-09-03 17:57:56 - [TEST_STEP][PASSED] - switchToWindowIndex(1): Switched to window with index: '1'

2024-09-03 17:57:56 - [MESSAGE][PASSED] - Switched to window with index: '1'

2024-09-03 17:57:56 - [TEST_STEP][FAILED] - SON.son("huawei", "2G", "Site", "Sleeping Cells", "WeeklyBH", ""): Unable to click on object 'Object Repository/SON/ObjectType/East Amman site1'

2024-09-03 17:57:58 - [MESSAGE][PASSED] - Object: 'Object Repository/SON/sonBtn' is clicked on

2024-09-03 17:57:58 - [MESSAGE][PASSED] - Switched to window with index: '2'

2024-09-03 17:57:58 - [MESSAGE][PASSED] - Object: 'Object Repository/PM/Huawei-vendor/Technology/Technology-Arrow' is clicked on

2024-09-03 17:57:59 - [MESSAGE][PASSED] - Object: 'Object Repository/PM/Huawei-vendor/Technology/2G' is clicked on

2024-09-03 17:57:59 - [MESSAGE][PASSED] - Object: 'Object Repository/PM/Huawei-vendor/TopX/TopX Object Type' is clicked on

2024-09-03 17:58:00 - [MESSAGE][PASSED] - Delayed 1 second(s)

2024-09-03 17:58:00 - [MESSAGE][PASSED] - Object: 'Object Repository/PM/Huawei-vendor/Object-Type/TopX Object Types/TopX Sites/TopX Site' is clicked on

2024-09-03 17:58:01 - [MESSAGE][PASSED] - Delayed 1 second(s)

2024-09-03 17:58:01 - [MESSAGE][WARNING] - Timeout '0' is invalid. Using default page load timeout: '120'

2024-09-03 17:58:01 - [MESSAGE][PASSED] - Scroll to object 'Object Repository/PM/Huawei-vendor/Object Border' successfully

2024-09-03 17:58:01 - [MESSAGE][PASSED] - Object: 'Object Repository/PM/Huawei-vendor/Object-Type/TopX Object Types/TopX Sites/TopX East Amman Arrow' is clicked on

2024-09-03 18:00:02 - [MESSAGE][INFO] - Unable to find the element located by 'By.xpath: //span[contains(text(),'301-ULT_King_Hussein_St_PD_Fiber_Manage')]'. Please recheck the objects properties to make sure the desired element is located. 

2024-09-03 18:00:02 - [MESSAGE][FAILED] - Unable to click on object 'Object Repository/SON/ObjectType/East Amman site1' (Root cause: com.kms.katalon.core.exception.StepFailedException: Unable to click on object 'Object Repository/SON/ObjectType/East Amman site1'
	at com.kms.katalon.core.webui.keyword.internal.WebUIKeywordMain.stepFailed(WebUIKeywordMain.groovy:64)
	at com.kms.katalon.core.webui.keyword.internal.WebUIKeywordMain.runKeyword(WebUIKeywordMain.groovy:26)
	at com.kms.katalon.core.webui.keyword.builtin.ClickKeyword.click(ClickKeyword.groovy:74)
	at com.kms.katalon.core.webui.keyword.builtin.ClickKeyword.execute(ClickKeyword.groovy:40)
	at com.kms.katalon.core.keyword.internal.KeywordExecutor.executeKeywordForPlatform(KeywordExecutor.groovy:74)
	at com.kms.katalon.core.webui.keyword.WebUiBuiltInKeywords.click(WebUiBuiltInKeywords.groovy:620)
	at com.kms.katalon.core.webui.keyword.WebUiBuiltInKeywords$click$2.call(Unknown Source)
	at SON.selectObjectType(SON.groovy:146)
	at SON.son(SON.groovy:73)
	at SON.invokeMethod(SON.groovy)
	at com.kms.katalon.core.main.CustomKeywordDelegatingMetaClass.invokeStaticMethod(CustomKeywordDelegatingMetaClass.java:55)
	at Site Sleeping Cells WeeklyBH.run(Site Sleeping Cells WeeklyBH:25)
	at com.kms.katalon.core.main.ScriptEngine.run(ScriptEngine.java:194)
	at com.kms.katalon.core.main.ScriptEngine.runScriptAsRawText(ScriptEngine.java:119)
	at com.kms.katalon.core.main.TestCaseExecutor.runScript(TestCaseExecutor.java:448)
	at com.kms.katalon.core.main.TestCaseExecutor.doExecute(TestCaseExecutor.java:439)
	at com.kms.katalon.core.main.TestCaseExecutor.processExecutionPhase(TestCaseExecutor.java:418)
	at com.kms.katalon.core.main.TestCaseExecutor.accessMainPhase(TestCaseExecutor.java:410)
	at com.kms.katalon.core.main.TestCaseExecutor.execute(TestCaseExecutor.java:285)
	at com.kms.katalon.core.common.CommonExecutor.accessTestCaseMainPhase(CommonExecutor.java:65)
	at com.kms.katalon.core.main.TestSuiteExecutor.accessTestSuiteMainPhase(TestSuiteExecutor.java:148)
	at com.kms.katalon.core.main.TestSuiteExecutor.execute(TestSuiteExecutor.java:106)
	at com.kms.katalon.core.main.TestCaseMain.startTestSuite(TestCaseMain.java:187)
	at com.kms.katalon.core.main.TestCaseMain$startTestSuite$0.call(Unknown Source)
	at TempTestSuite1725371051772.run(TempTestSuite1725371051772.groovy:35)
Caused by: com.kms.katalon.core.webui.exception.WebElementNotFoundException: Web element with id: 'Object Repository/SON/ObjectType/East Amman site1' located by '//span[contains(text(),'301-ULT_King_Hussein_St_PD_Fiber_Manage')]' not found
	at com.kms.katalon.core.webui.common.WebUiCommonHelper.findWebElement(WebUiCommonHelper.java:1381)
	at com.kms.katalon.core.webui.keyword.internal.WebUIAbstractKeyword.findWebElement(WebUIAbstractKeyword.groovy:27)
	at com.kms.katalon.core.webui.keyword.builtin.ClickKeyword$_click_closure1.doCall(ClickKeyword.groovy:65)
	at com.kms.katalon.core.webui.keyword.builtin.ClickKeyword$_click_closure1.call(ClickKeyword.groovy)
	at com.kms.katalon.core.webui.keyword.internal.WebUIKeywordMain.runKeyword(WebUIKeywordMain.groovy:20)
	at com.kms.katalon.core.webui.keyword.builtin.ClickKeyword.click(ClickKeyword.groovy:74)
	at com.kms.katalon.core.webui.keyword.builtin.ClickKeyword.execute(ClickKeyword.groovy:40)
	at com.kms.katalon.core.keyword.internal.KeywordExecutor.executeKeywordForPlatform(KeywordExecutor.groovy:74)
	at com.kms.katalon.core.webui.keyword.WebUiBuiltInKeywords.click(WebUiBuiltInKeywords.groovy:620)
	at com.kms.katalon.core.webui.keyword.WebUiBuiltInKeywords$click$2.call(Unknown Source)
	at SON.selectObjectType(SON.groovy:146)
	at SON.son(SON.groovy:73)
	at SON.invokeMethod(SON.groovy)
	at com.kms.katalon.core.main.CustomKeywordDelegatingMetaClass.invokeStaticMethod(CustomKeywordDelegatingMetaClass.java:55)
	at Script1725185642187.run(Script1725185642187.groovy:25)
	... 13 more
)
[[ATTACHMENT|C:\\Users\\FatimaIbeid\\git\\NetCell\\Reports\\20240903_164410\\SON\\Hwauei\\2G\\2G Regression\\20240903_164411\\1725375602632.png]]

2024-09-03 18:00:02 - [MESSAGE][FAILED] - Unable to click on object 'Object Repository/SON/ObjectType/East Amman site1']]></system-out>
         <system-err><![CDATA[2024-09-03 17:57:33 - [TEST_CASE][FAILED] - Test Cases/SON/Huawei/2G/Site/Site Sleeping Cells WeeklyBH: Test Cases/SON/Huawei/2G/Site/Site Sleeping Cells WeeklyBH FAILED.
Reason:
com.kms.katalon.core.exception.StepFailedException: Unable to click on object 'Object Repository/SON/ObjectType/East Amman site1'
	at com.kms.katalon.core.webui.keyword.internal.WebUIKeywordMain.stepFailed(WebUIKeywordMain.groovy:64)
	at com.kms.katalon.core.webui.keyword.internal.WebUIKeywordMain.runKeyword(WebUIKeywordMain.groovy:26)
	at com.kms.katalon.core.webui.keyword.builtin.ClickKeyword.click(ClickKeyword.groovy:74)
	at com.kms.katalon.core.webui.keyword.builtin.ClickKeyword.execute(ClickKeyword.groovy:40)
	at com.kms.katalon.core.keyword.internal.KeywordExecutor.executeKeywordForPlatform(KeywordExecutor.groovy:74)
	at com.kms.katalon.core.webui.keyword.WebUiBuiltInKeywords.click(WebUiBuiltInKeywords.groovy:620)
	at com.kms.katalon.core.webui.keyword.WebUiBuiltInKeywords$click$2.call(Unknown Source)
	at SON.selectObjectType(SON.groovy:146)
	at SON.son(SON.groovy:73)
	at SON.invokeMethod(SON.groovy)
	at com.kms.katalon.core.main.CustomKeywordDelegatingMetaClass.invokeStaticMethod(CustomKeywordDelegatingMetaClass.java:55)
	at Site Sleeping Cells WeeklyBH.run(Site Sleeping Cells WeeklyBH:25)
	at com.kms.katalon.core.main.ScriptEngine.run(ScriptEngine.java:194)
	at com.kms.katalon.core.main.ScriptEngine.runScriptAsRawText(ScriptEngine.java:119)
	at com.kms.katalon.core.main.TestCaseExecutor.runScript(TestCaseExecutor.java:448)
	at com.kms.katalon.core.main.TestCaseExecutor.doExecute(TestCaseExecutor.java:439)
	at com.kms.katalon.core.main.TestCaseExecutor.processExecutionPhase(TestCaseExecutor.java:418)
	at com.kms.katalon.core.main.TestCaseExecutor.accessMainPhase(TestCaseExecutor.java:410)
	at com.kms.katalon.core.main.TestCaseExecutor.execute(TestCaseExecutor.java:285)
	at com.kms.katalon.core.common.CommonExecutor.accessTestCaseMainPhase(CommonExecutor.java:65)
	at com.kms.katalon.core.main.TestSuiteExecutor.accessTestSuiteMainPhase(TestSuiteExecutor.java:148)
	at com.kms.katalon.core.main.TestSuiteExecutor.execute(TestSuiteExecutor.java:106)
	at com.kms.katalon.core.main.TestCaseMain.startTestSuite(TestCaseMain.java:187)
	at com.kms.katalon.core.main.TestCaseMain$startTestSuite$0.call(Unknown Source)
	at TempTestSuite1725371051772.run(TempTestSuite1725371051772.groovy:35)
Caused by: com.kms.katalon.core.webui.exception.WebElementNotFoundException: Web element with id: 'Object Repository/SON/ObjectType/East Amman site1' located by '//span[contains(text(),'301-ULT_King_Hussein_St_PD_Fiber_Manage')]' not found
	at com.kms.katalon.core.webui.common.WebUiCommonHelper.findWebElement(WebUiCommonHelper.java:1381)
	at com.kms.katalon.core.webui.keyword.internal.WebUIAbstractKeyword.findWebElement(WebUIAbstractKeyword.groovy:27)
	at com.kms.katalon.core.webui.keyword.builtin.ClickKeyword$_click_closure1.doCall(ClickKeyword.groovy:65)
	at com.kms.katalon.core.webui.keyword.builtin.ClickKeyword$_click_closure1.call(ClickKeyword.groovy)
	at com.kms.katalon.core.webui.keyword.internal.WebUIKeywordMain.runKeyword(WebUIKeywordMain.groovy:20)
	... 23 more]]></system-err>
      </testcase>
      <testcase name="Test Cases/SON/Huawei/2G/Cell/Cell Sleeping Cells WeeklyBH" time="48.381" classname="Test Cases/SON/Huawei/2G/Cell/Cell Sleeping Cells WeeklyBH" status="PASSED">
         <system-out><![CDATA[2024-09-03 18:00:02 - [TEST_CASE][PASSED] - Test Cases/SON/Huawei/2G/Cell/Cell Sleeping Cells WeeklyBH: Test Cases/SON/Huawei/2G/Cell/Cell Sleeping Cells WeeklyBH

2024-09-03 18:00:02 - [TEST_STEP][PASSED] - callTestCase(findTestCase("Login"), [:], STOP_ON_FAILURE): Call Test Case 'Test Cases/Login' successfully

2024-09-03 18:00:03 - [TEST_CASE][PASSED] - Test Cases/Login: Test Cases/Login

2024-09-03 18:00:03 - [TEST_STEP][PASSED] - driver = general.start(SwagerURL, NetCellURL): general.start is PASSED

2024-09-03 18:00:03 - [MESSAGE][INFO] - >>> chromeDriverPath=C:\Users\FatimaIbeid\.katalon\packages\Katalon_Studio_Windows_64-8.6.9\Katalon_Studio_Windows_64-8.6.9\configuration\resources\drivers\chromedriver_win32\chromedriver.exe

2024-09-03 18:00:04 - [MESSAGE][PASSED] - Current window maximized

2024-09-03 18:00:04 - [MESSAGE][PASSED] - Execute JavaScript 'window.open();' successfully

2024-09-03 18:00:04 - [MESSAGE][PASSED] - Switched to window with index: '1'

2024-09-03 18:00:17 - [MESSAGE][PASSED] - general.start is PASSED

2024-09-03 18:00:17 - [TEST_STEP][PASSED] - click(findTestObject("Object Repository/Login/LoginButton")): Object: 'Object Repository/Login/LoginButton' is clicked on

2024-09-03 18:00:17 - [MESSAGE][PASSED] - Object: 'Object Repository/Login/LoginButton' is clicked on

2024-09-03 18:00:17 - [TEST_STEP][PASSED] - switchToWindowIndex(2): Switched to window with index: '2'

2024-09-03 18:00:17 - [MESSAGE][PASSED] - Switched to window with index: '2'

2024-09-03 18:00:17 - [TEST_STEP][PASSED] - delay(1): Delayed 1 second(s)

2024-09-03 18:00:19 - [MESSAGE][PASSED] - Delayed 1 second(s)

2024-09-03 18:00:19 - [TEST_STEP][PASSED] - sendKeys(findTestObject("Object Repository/Login/EnterEmail"), "homam@zztjg.onmicrosoft.com"): Keys 'homam@zztjg.onmicrosoft.com' sent to object: 'Object Repository/Login/EnterEmail'

2024-09-03 18:00:19 - [MESSAGE][PASSED] - Keys 'homam@zztjg.onmicrosoft.com' sent to object: 'Object Repository/Login/EnterEmail'

2024-09-03 18:00:19 - [TEST_STEP][PASSED] - delay(1): Delayed 1 second(s)

2024-09-03 18:00:20 - [MESSAGE][PASSED] - Delayed 1 second(s)

2024-09-03 18:00:20 - [TEST_STEP][PASSED] - click(findTestObject("Object Repository/Login/NextButton")): Object: 'Object Repository/Login/NextButton' is clicked on

2024-09-03 18:00:21 - [MESSAGE][PASSED] - Object: 'Object Repository/Login/NextButton' is clicked on

2024-09-03 18:00:21 - [TEST_STEP][PASSED] - delay(2): Delayed 2 second(s)

2024-09-03 18:00:23 - [MESSAGE][PASSED] - Delayed 2 second(s)

2024-09-03 18:00:23 - [TEST_STEP][PASSED] - sendKeys(findTestObject("Object Repository/Login/EnterPassword"), "Holder12345"): Keys 'Holder12345' sent to object: 'Object Repository/Login/EnterPassword'

2024-09-03 18:00:23 - [MESSAGE][PASSED] - Keys 'Holder12345' sent to object: 'Object Repository/Login/EnterPassword'

2024-09-03 18:00:23 - [TEST_STEP][PASSED] - delay(1): Delayed 1 second(s)

2024-09-03 18:00:24 - [MESSAGE][PASSED] - Delayed 1 second(s)

2024-09-03 18:00:24 - [TEST_STEP][PASSED] - click(findTestObject("Object Repository/Login/SigninButton")): Object: 'Object Repository/Login/SigninButton' is clicked on

2024-09-03 18:00:24 - [MESSAGE][PASSED] - Object: 'Object Repository/Login/SigninButton' is clicked on

2024-09-03 18:00:24 - [TEST_STEP][PASSED] - delay(1): Delayed 1 second(s)

2024-09-03 18:00:25 - [MESSAGE][PASSED] - Delayed 1 second(s)

2024-09-03 18:00:25 - [TEST_STEP][PASSED] - click(findTestObject("Object Repository/Login/YesStayInButton")): Object: 'Object Repository/Login/YesStayInButton' is clicked on

2024-09-03 18:00:26 - [MESSAGE][PASSED] - Object: 'Object Repository/Login/YesStayInButton' is clicked on

2024-09-03 18:00:26 - [MESSAGE][PASSED] - Call Test Case 'Test Cases/Login' successfully

2024-09-03 18:00:26 - [TEST_STEP][PASSED] - switchToWindowIndex(1): Switched to window with index: '1'

2024-09-03 18:00:26 - [MESSAGE][PASSED] - Switched to window with index: '1'

2024-09-03 18:00:26 - [TEST_STEP][PASSED] - SON.son("huawei", "2G", "Cell", "Sleeping Cells", "WeeklyBH", ""): SON.son is PASSED

2024-09-03 18:00:28 - [MESSAGE][PASSED] - Object: 'Object Repository/SON/sonBtn' is clicked on

2024-09-03 18:00:28 - [MESSAGE][PASSED] - Switched to window with index: '2'

2024-09-03 18:00:28 - [MESSAGE][PASSED] - Object: 'Object Repository/PM/Huawei-vendor/Technology/Technology-Arrow' is clicked on

2024-09-03 18:00:29 - [MESSAGE][PASSED] - Object: 'Object Repository/PM/Huawei-vendor/Technology/2G' is clicked on

2024-09-03 18:00:29 - [MESSAGE][PASSED] - Object: 'Object Repository/PM/Huawei-vendor/TopX/TopX Object Type' is clicked on

2024-09-03 18:00:30 - [MESSAGE][PASSED] - Delayed 1 second(s)

2024-09-03 18:00:30 - [MESSAGE][PASSED] - Object: 'Object Repository/PM/Huawei-vendor/Object-Type/TopX Object Types/TopX Cells/TopX Cell' is clicked on

2024-09-03 18:00:31 - [MESSAGE][PASSED] - Delayed 1 second(s)

2024-09-03 18:00:31 - [MESSAGE][WARNING] - Timeout '0' is invalid. Using default page load timeout: '120'

2024-09-03 18:00:31 - [MESSAGE][PASSED] - Scroll to object 'Object Repository/PM/Huawei-vendor/Object Border' successfully

2024-09-03 18:00:31 - [MESSAGE][PASSED] - Object: 'Object Repository/PM/Huawei-vendor/Object-Type/TopX Object Types/TopX Sites/TopX East Amman Arrow' is clicked on

2024-09-03 18:00:32 - [MESSAGE][PASSED] - Object: 'Object Repository/PM/Huawei-vendor/Object-Type/TopX Object Types/TopX Cells/TopX East Amman Site1 Arrow' is clicked on

2024-09-03 18:00:34 - [MESSAGE][PASSED] - Delayed 2 second(s)

2024-09-03 18:00:34 - [MESSAGE][PASSED] - Object: 'Object Repository/SON/ObjectType/Cell/East Amman Site1 Cell1 2G' is clicked on

2024-09-03 18:00:35 - [MESSAGE][PASSED] - Object: 'Object Repository/PM/Huawei-vendor/Object-Type/TopX Object Types/TopX Sites/TopX East Amman CloseArrow' is clicked on

2024-09-03 18:00:35 - [MESSAGE][PASSED] - Object: 'Object Repository/PM/Huawei-vendor/Object-Type/TopX Object Types/TopX Sites/TopX West Amman Arrow' is clicked on

2024-09-03 18:00:35 - [MESSAGE][PASSED] - Object: 'Object Repository/PM/Huawei-vendor/Object-Type/TopX Object Types/TopX Cells/TopX West Amman Site1 Arrow' is clicked on

2024-09-03 18:00:36 - [MESSAGE][PASSED] - Object: 'Object Repository/SON/ObjectType/Cell/West Amman Site1 Cell1 2G' is clicked on

2024-09-03 18:00:36 - [MESSAGE][PASSED] - Object: 'Object Repository/PM/Huawei-vendor/Object-Type/TopX Object Types/TopX Sites/TopX West Amman CloseArrow' is clicked on

2024-09-03 18:00:36 - [MESSAGE][PASSED] - Object: 'Object Repository/PM/Huawei-vendor/Object-Type/TopX Object Types/TopX Sites/TopX South Amman Arrow' is clicked on

2024-09-03 18:00:37 - [MESSAGE][PASSED] - Object: 'Object Repository/PM/Huawei-vendor/Object-Type/TopX Object Types/TopX Cells/TopX South Amman Site1 Arrow' is clicked on

2024-09-03 18:00:37 - [MESSAGE][PASSED] - Object: 'Object Repository/SON/ObjectType/Cell/South Amman Site1 Cell1 2G' is clicked on

2024-09-03 18:00:38 - [MESSAGE][PASSED] - Object: 'Object Repository/PM/Huawei-vendor/Object-Type/TopX Object Types/TopX Sites/TopX South Amman CloseArrow' is clicked on

2024-09-03 18:00:38 - [MESSAGE][PASSED] - Object: 'Object Repository/PM/Huawei-vendor/Object-Type/TopX Object Types/TopX Sites/TopX East Jordan Arrow' is clicked on

2024-09-03 18:00:39 - [MESSAGE][PASSED] - Object: 'Object Repository/PM/Huawei-vendor/Object-Type/TopX Object Types/TopX Cells/TopX East Jordan Site1 Arrow' is clicked on

2024-09-03 18:00:39 - [MESSAGE][PASSED] - Object: 'Object Repository/SON/ObjectType/Cell/East Jordan Site1 Cell1 2G' is clicked on

2024-09-03 18:00:39 - [MESSAGE][PASSED] - Object: 'Object Repository/PM/Huawei-vendor/Object-Type/TopX Object Types/TopX Sites/TopX East Jordan CloseArrow' is clicked on

2024-09-03 18:00:39 - [MESSAGE][PASSED] - Object: 'Object Repository/PM/Huawei-vendor/Object-Type/TopX Object Types/TopX Sites/TopX North Jordan Arrow' is clicked on

2024-09-03 18:00:41 - [MESSAGE][PASSED] - Object: 'Object Repository/PM/Huawei-vendor/Object-Type/TopX Object Types/TopX Cells/TopX North Jordan Site1 Arrow' is clicked on

2024-09-03 18:00:41 - [MESSAGE][PASSED] - Object: 'Object Repository/SON/ObjectType/Cell/North Jordan Site1 Cell1 2G' is clicked on

2024-09-03 18:00:41 - [MESSAGE][PASSED] - Object: 'Object Repository/PM/Huawei-vendor/Object-Type/TopX Object Types/TopX Sites/TopX North Jordan CloseArrow' is clicked on

2024-09-03 18:00:42 - [MESSAGE][PASSED] - Object: 'Object Repository/PM/Huawei-vendor/Object-Type/TopX Object Types/TopX Sites/TopX South Jordan Arrow' is clicked on

2024-09-03 18:00:42 - [MESSAGE][PASSED] - Object: 'Object Repository/PM/Huawei-vendor/Object-Type/TopX Object Types/TopX Cells/TopX South Jordan Site1 Arrow' is clicked on

2024-09-03 18:00:43 - [MESSAGE][PASSED] - Object: 'Object Repository/SON/ObjectType/Cell/South Jordan Site1 Cell1 2G' is clicked on

2024-09-03 18:00:43 - [MESSAGE][PASSED] - Object: 'Object Repository/PM/Huawei-vendor/Object-Type/TopX Object Types/TopX Sites/TopX South Jordan CloseArrow' is clicked on

2024-09-03 18:00:43 - [MESSAGE][PASSED] - Object: 'Object Repository/SON/ObjectType/Other Site' is clicked on

2024-09-03 18:00:45 - [MESSAGE][PASSED] - Delayed 2 second(s)

2024-09-03 18:00:45 - [MESSAGE][PASSED] - Object: 'Object Repository/SON/SonType/Type-Arrow' is clicked on

2024-09-03 18:00:45 - [MESSAGE][WARNING] - Timeout '0' is invalid. Using default page load timeout: '120'

2024-09-03 18:00:45 - [MESSAGE][PASSED] - Scroll to object 'Object Repository/SON/Exclude Options' successfully

2024-09-03 18:00:45 - [MESSAGE][PASSED] - Object: 'Object Repository/SON/Resolution/Hourly' is clicked on

2024-09-03 18:00:46 - [MESSAGE][PASSED] - Object: 'Object Repository/SON/Resolution/WeeklyBH' is clicked on

2024-09-03 18:00:46 - [MESSAGE][PASSED] - Object: 'Object Repository/PM/Huawei-vendor/StartDate/Monthly-Selection' is clicked on

2024-09-03 18:00:46 - [MESSAGE][PASSED] - Object: 'Object Repository/PM/Huawei-vendor/StartDate/Fep-Selection' is clicked on

2024-09-03 18:00:47 - [MESSAGE][PASSED] - Delayed 1 second(s)

2024-09-03 18:00:47 - [MESSAGE][PASSED] - Object: 'Object Repository/PM/Huawei-vendor/StartDate/1-Fep' is clicked on

2024-09-03 18:00:47 - [MESSAGE][PASSED] - Object: 'Object Repository/PM/Huawei-vendor/Apply-Button' is clicked on

2024-09-03 18:00:51 - [MESSAGE][PASSED] - Web element with id: 'Object Repository/SON/Error' located by 'By.xpath: //div[@class='home-logo']' is not present after '200' second(s)

2024-09-03 18:00:51 - [MESSAGE][PASSED] - SON.son is PASSED]]></system-out>
         <system-err><![CDATA[]]></system-err>
      </testcase>
      <testcase name="Test Cases/SON/Huawei/2G/BSC/BSC Sleeping Cells WeeklyBH" time="36.014" classname="Test Cases/SON/Huawei/2G/BSC/BSC Sleeping Cells WeeklyBH" status="PASSED">
         <system-out><![CDATA[2024-09-03 18:00:51 - [TEST_CASE][PASSED] - Test Cases/SON/Huawei/2G/BSC/BSC Sleeping Cells WeeklyBH: Test Cases/SON/Huawei/2G/BSC/BSC Sleeping Cells WeeklyBH

2024-09-03 18:00:51 - [TEST_STEP][PASSED] - callTestCase(findTestCase("Login"), [:], STOP_ON_FAILURE): Call Test Case 'Test Cases/Login' successfully

2024-09-03 18:00:51 - [TEST_CASE][PASSED] - Test Cases/Login: Test Cases/Login

2024-09-03 18:00:51 - [TEST_STEP][PASSED] - driver = general.start(SwagerURL, NetCellURL): general.start is PASSED

2024-09-03 18:00:51 - [MESSAGE][INFO] - >>> chromeDriverPath=C:\Users\FatimaIbeid\.katalon\packages\Katalon_Studio_Windows_64-8.6.9\Katalon_Studio_Windows_64-8.6.9\configuration\resources\drivers\chromedriver_win32\chromedriver.exe

2024-09-03 18:00:52 - [MESSAGE][PASSED] - Current window maximized

2024-09-03 18:00:53 - [MESSAGE][PASSED] - Execute JavaScript 'window.open();' successfully

2024-09-03 18:00:53 - [MESSAGE][PASSED] - Switched to window with index: '1'

2024-09-03 18:01:06 - [MESSAGE][PASSED] - general.start is PASSED

2024-09-03 18:01:06 - [TEST_STEP][PASSED] - click(findTestObject("Object Repository/Login/LoginButton")): Object: 'Object Repository/Login/LoginButton' is clicked on

2024-09-03 18:01:06 - [MESSAGE][PASSED] - Object: 'Object Repository/Login/LoginButton' is clicked on

2024-09-03 18:01:06 - [TEST_STEP][PASSED] - switchToWindowIndex(2): Switched to window with index: '2'

2024-09-03 18:01:06 - [MESSAGE][PASSED] - Switched to window with index: '2'

2024-09-03 18:01:06 - [TEST_STEP][PASSED] - delay(1): Delayed 1 second(s)

2024-09-03 18:01:07 - [MESSAGE][PASSED] - Delayed 1 second(s)

2024-09-03 18:01:07 - [TEST_STEP][PASSED] - sendKeys(findTestObject("Object Repository/Login/EnterEmail"), "homam@zztjg.onmicrosoft.com"): Keys 'homam@zztjg.onmicrosoft.com' sent to object: 'Object Repository/Login/EnterEmail'

2024-09-03 18:01:08 - [MESSAGE][PASSED] - Keys 'homam@zztjg.onmicrosoft.com' sent to object: 'Object Repository/Login/EnterEmail'

2024-09-03 18:01:08 - [TEST_STEP][PASSED] - delay(1): Delayed 1 second(s)

2024-09-03 18:01:09 - [MESSAGE][PASSED] - Delayed 1 second(s)

2024-09-03 18:01:09 - [TEST_STEP][PASSED] - click(findTestObject("Object Repository/Login/NextButton")): Object: 'Object Repository/Login/NextButton' is clicked on

2024-09-03 18:01:09 - [MESSAGE][PASSED] - Object: 'Object Repository/Login/NextButton' is clicked on

2024-09-03 18:01:09 - [TEST_STEP][PASSED] - delay(2): Delayed 2 second(s)

2024-09-03 18:01:11 - [MESSAGE][PASSED] - Delayed 2 second(s)

2024-09-03 18:01:11 - [TEST_STEP][PASSED] - sendKeys(findTestObject("Object Repository/Login/EnterPassword"), "Holder12345"): Keys 'Holder12345' sent to object: 'Object Repository/Login/EnterPassword'

2024-09-03 18:01:11 - [MESSAGE][PASSED] - Keys 'Holder12345' sent to object: 'Object Repository/Login/EnterPassword'

2024-09-03 18:01:11 - [TEST_STEP][PASSED] - delay(1): Delayed 1 second(s)

2024-09-03 18:01:12 - [MESSAGE][PASSED] - Delayed 1 second(s)

2024-09-03 18:01:12 - [TEST_STEP][PASSED] - click(findTestObject("Object Repository/Login/SigninButton")): Object: 'Object Repository/Login/SigninButton' is clicked on

2024-09-03 18:01:13 - [MESSAGE][PASSED] - Object: 'Object Repository/Login/SigninButton' is clicked on

2024-09-03 18:01:13 - [TEST_STEP][PASSED] - delay(1): Delayed 1 second(s)

2024-09-03 18:01:14 - [MESSAGE][PASSED] - Delayed 1 second(s)

2024-09-03 18:01:14 - [TEST_STEP][PASSED] - click(findTestObject("Object Repository/Login/YesStayInButton")): Object: 'Object Repository/Login/YesStayInButton' is clicked on

2024-09-03 18:01:14 - [MESSAGE][PASSED] - Object: 'Object Repository/Login/YesStayInButton' is clicked on

2024-09-03 18:01:14 - [MESSAGE][PASSED] - Call Test Case 'Test Cases/Login' successfully

2024-09-03 18:01:14 - [TEST_STEP][PASSED] - switchToWindowIndex(1): Switched to window with index: '1'

2024-09-03 18:01:14 - [MESSAGE][PASSED] - Switched to window with index: '1'

2024-09-03 18:01:14 - [TEST_STEP][PASSED] - SON.son("huawei", "2G", "BSC", "Sleeping Cells", "WeeklyBH", ""): SON.son is PASSED

2024-09-03 18:01:16 - [MESSAGE][PASSED] - Object: 'Object Repository/SON/sonBtn' is clicked on

2024-09-03 18:01:16 - [MESSAGE][PASSED] - Switched to window with index: '2'

2024-09-03 18:01:17 - [MESSAGE][PASSED] - Object: 'Object Repository/PM/Huawei-vendor/Technology/Technology-Arrow' is clicked on

2024-09-03 18:01:17 - [MESSAGE][PASSED] - Object: 'Object Repository/PM/Huawei-vendor/Technology/2G' is clicked on

2024-09-03 18:01:17 - [MESSAGE][PASSED] - Object: 'Object Repository/PM/Huawei-vendor/TopX/TopX Object Type' is clicked on

2024-09-03 18:01:18 - [MESSAGE][PASSED] - Delayed 1 second(s)

2024-09-03 18:01:18 - [MESSAGE][PASSED] - Object: 'Object Repository/PM/Huawei-vendor/Object-Type/TopX Object Types/TopX BSCs/TopX BSC' is clicked on

2024-09-03 18:01:19 - [MESSAGE][PASSED] - Delayed 1 second(s)

2024-09-03 18:01:19 - [MESSAGE][WARNING] - Timeout '0' is invalid. Using default page load timeout: '120'

2024-09-03 18:01:19 - [MESSAGE][PASSED] - Scroll to object 'Object Repository/PM/Huawei-vendor/Object Border' successfully

2024-09-03 18:01:19 - [MESSAGE][PASSED] - Object: 'Object Repository/PM/Huawei-vendor/Object-Type/TopX Object Types/TopX BSCs/TopX BSC Ader' is clicked on

2024-09-03 18:01:19 - [MESSAGE][PASSED] - Object: 'Object Repository/PM/Huawei-vendor/Object-Type/TopX Object Types/TopX BSCs/TopX BSC Fifa' is clicked on

2024-09-03 18:01:20 - [MESSAGE][PASSED] - Object: 'Object Repository/SON/ObjectType/BSC/TopX BSC HQ 04' is clicked on

2024-09-03 18:01:20 - [MESSAGE][PASSED] - Object: 'Object Repository/PM/Huawei-vendor/Object-Type/TopX Object Types/TopX BSCs/TopX BSC AA 01' is clicked on

2024-09-03 18:01:22 - [MESSAGE][PASSED] - Delayed 2 second(s)

2024-09-03 18:01:22 - [MESSAGE][PASSED] - Object: 'Object Repository/SON/SonType/Type-Arrow' is clicked on

2024-09-03 18:01:22 - [MESSAGE][WARNING] - Timeout '0' is invalid. Using default page load timeout: '120'

2024-09-03 18:01:22 - [MESSAGE][PASSED] - Scroll to object 'Object Repository/SON/Exclude Options' successfully

2024-09-03 18:01:22 - [MESSAGE][PASSED] - Object: 'Object Repository/SON/Resolution/Hourly' is clicked on

2024-09-03 18:01:22 - [MESSAGE][PASSED] - Object: 'Object Repository/SON/Resolution/WeeklyBH' is clicked on

2024-09-03 18:01:23 - [MESSAGE][PASSED] - Object: 'Object Repository/PM/Huawei-vendor/StartDate/Monthly-Selection' is clicked on

2024-09-03 18:01:23 - [MESSAGE][PASSED] - Object: 'Object Repository/PM/Huawei-vendor/StartDate/Fep-Selection' is clicked on

2024-09-03 18:01:24 - [MESSAGE][PASSED] - Delayed 1 second(s)

2024-09-03 18:01:24 - [MESSAGE][PASSED] - Object: 'Object Repository/PM/Huawei-vendor/StartDate/1-Fep' is clicked on

2024-09-03 18:01:24 - [MESSAGE][PASSED] - Object: 'Object Repository/PM/Huawei-vendor/Apply-Button' is clicked on

2024-09-03 18:01:27 - [MESSAGE][PASSED] - Web element with id: 'Object Repository/SON/Error' located by 'By.xpath: //div[@class='home-logo']' is not present after '200' second(s)

2024-09-03 18:01:27 - [MESSAGE][PASSED] - SON.son is PASSED]]></system-out>
         <system-err><![CDATA[]]></system-err>
      </testcase>
      <testcase name="Test Cases/SON/Huawei/2G/Cluster/Cluster Sleeping Cells WeeklyBH" time="44.277" classname="Test Cases/SON/Huawei/2G/Cluster/Cluster Sleeping Cells WeeklyBH" status="PASSED">
         <system-out><![CDATA[2024-09-03 18:01:27 - [TEST_CASE][PASSED] - Test Cases/SON/Huawei/2G/Cluster/Cluster Sleeping Cells WeeklyBH: Test Cases/SON/Huawei/2G/Cluster/Cluster Sleeping Cells WeeklyBH

2024-09-03 18:01:27 - [TEST_STEP][PASSED] - callTestCase(findTestCase("Login"), [:], STOP_ON_FAILURE): Call Test Case 'Test Cases/Login' successfully

2024-09-03 18:01:27 - [TEST_CASE][PASSED] - Test Cases/Login: Test Cases/Login

2024-09-03 18:01:27 - [TEST_STEP][PASSED] - driver = general.start(SwagerURL, NetCellURL): general.start is PASSED

2024-09-03 18:01:27 - [MESSAGE][INFO] - >>> chromeDriverPath=C:\Users\FatimaIbeid\.katalon\packages\Katalon_Studio_Windows_64-8.6.9\Katalon_Studio_Windows_64-8.6.9\configuration\resources\drivers\chromedriver_win32\chromedriver.exe

2024-09-03 18:01:28 - [MESSAGE][PASSED] - Current window maximized

2024-09-03 18:01:29 - [MESSAGE][PASSED] - Execute JavaScript 'window.open();' successfully

2024-09-03 18:01:29 - [MESSAGE][PASSED] - Switched to window with index: '1'

2024-09-03 18:01:41 - [MESSAGE][PASSED] - general.start is PASSED

2024-09-03 18:01:41 - [TEST_STEP][PASSED] - click(findTestObject("Object Repository/Login/LoginButton")): Object: 'Object Repository/Login/LoginButton' is clicked on

2024-09-03 18:01:41 - [MESSAGE][PASSED] - Object: 'Object Repository/Login/LoginButton' is clicked on

2024-09-03 18:01:41 - [TEST_STEP][PASSED] - switchToWindowIndex(2): Switched to window with index: '2'

2024-09-03 18:01:42 - [MESSAGE][PASSED] - Switched to window with index: '2'

2024-09-03 18:01:42 - [TEST_STEP][PASSED] - delay(1): Delayed 1 second(s)

2024-09-03 18:01:43 - [MESSAGE][PASSED] - Delayed 1 second(s)

2024-09-03 18:01:43 - [TEST_STEP][PASSED] - sendKeys(findTestObject("Object Repository/Login/EnterEmail"), "homam@zztjg.onmicrosoft.com"): Keys 'homam@zztjg.onmicrosoft.com' sent to object: 'Object Repository/Login/EnterEmail'

2024-09-03 18:01:44 - [MESSAGE][PASSED] - Keys 'homam@zztjg.onmicrosoft.com' sent to object: 'Object Repository/Login/EnterEmail'

2024-09-03 18:01:44 - [TEST_STEP][PASSED] - delay(1): Delayed 1 second(s)

2024-09-03 18:01:45 - [MESSAGE][PASSED] - Delayed 1 second(s)

2024-09-03 18:01:45 - [TEST_STEP][PASSED] - click(findTestObject("Object Repository/Login/NextButton")): Object: 'Object Repository/Login/NextButton' is clicked on

2024-09-03 18:01:45 - [MESSAGE][PASSED] - Object: 'Object Repository/Login/NextButton' is clicked on

2024-09-03 18:01:45 - [TEST_STEP][PASSED] - delay(2): Delayed 2 second(s)

2024-09-03 18:01:47 - [MESSAGE][PASSED] - Delayed 2 second(s)

2024-09-03 18:01:47 - [TEST_STEP][PASSED] - sendKeys(findTestObject("Object Repository/Login/EnterPassword"), "Holder12345"): Keys 'Holder12345' sent to object: 'Object Repository/Login/EnterPassword'

2024-09-03 18:01:47 - [MESSAGE][PASSED] - Keys 'Holder12345' sent to object: 'Object Repository/Login/EnterPassword'

2024-09-03 18:01:47 - [TEST_STEP][PASSED] - delay(1): Delayed 1 second(s)

2024-09-03 18:01:48 - [MESSAGE][PASSED] - Delayed 1 second(s)

2024-09-03 18:01:48 - [TEST_STEP][PASSED] - click(findTestObject("Object Repository/Login/SigninButton")): Object: 'Object Repository/Login/SigninButton' is clicked on

2024-09-03 18:01:48 - [MESSAGE][PASSED] - Object: 'Object Repository/Login/SigninButton' is clicked on

2024-09-03 18:01:48 - [TEST_STEP][PASSED] - delay(1): Delayed 1 second(s)

2024-09-03 18:01:49 - [MESSAGE][PASSED] - Delayed 1 second(s)

2024-09-03 18:01:49 - [TEST_STEP][PASSED] - click(findTestObject("Object Repository/Login/YesStayInButton")): Object: 'Object Repository/Login/YesStayInButton' is clicked on

2024-09-03 18:01:50 - [MESSAGE][PASSED] - Object: 'Object Repository/Login/YesStayInButton' is clicked on

2024-09-03 18:01:50 - [MESSAGE][PASSED] - Call Test Case 'Test Cases/Login' successfully

2024-09-03 18:01:50 - [TEST_STEP][PASSED] - switchToWindowIndex(1): Switched to window with index: '1'

2024-09-03 18:01:50 - [MESSAGE][PASSED] - Switched to window with index: '1'

2024-09-03 18:01:50 - [TEST_STEP][PASSED] - SON.son("huawei", "2G", "Cluster", "Sleeping Cells", "WeeklyBH", ""): SON.son is PASSED

2024-09-03 18:01:51 - [MESSAGE][PASSED] - Object: 'Object Repository/SON/sonBtn' is clicked on

2024-09-03 18:01:51 - [MESSAGE][PASSED] - Switched to window with index: '2'

2024-09-03 18:01:52 - [MESSAGE][PASSED] - Object: 'Object Repository/PM/Huawei-vendor/Technology/Technology-Arrow' is clicked on

2024-09-03 18:01:52 - [MESSAGE][PASSED] - Object: 'Object Repository/PM/Huawei-vendor/Technology/2G' is clicked on

2024-09-03 18:01:52 - [MESSAGE][PASSED] - Object: 'Object Repository/PM/Huawei-vendor/TopX/TopX Object Type' is clicked on

2024-09-03 18:01:53 - [MESSAGE][PASSED] - Delayed 1 second(s)

2024-09-03 18:01:53 - [MESSAGE][PASSED] - Object: 'Object Repository/PM/Huawei-vendor/Object-Type/TopX Object Types/TopX Clusters/TopX Cluster' is clicked on

2024-09-03 18:01:54 - [MESSAGE][PASSED] - Delayed 1 second(s)

2024-09-03 18:01:54 - [MESSAGE][WARNING] - Timeout '0' is invalid. Using default page load timeout: '120'

2024-09-03 18:01:54 - [MESSAGE][PASSED] - Scroll to object 'Object Repository/PM/Huawei-vendor/Object Border' successfully

2024-09-03 18:01:54 - [MESSAGE][PASSED] - Object: 'Object Repository/PM/Huawei-vendor/Object-Type/TopX Object Types/TopX Sites/TopX East Amman Arrow' is clicked on

2024-09-03 18:01:54 - [MESSAGE][PASSED] - Object: 'Object Repository/PM/Huawei-vendor/Object-Type/TopX Object Types/TopX Clusters/TopX East Amman Cluster 3' is clicked on

2024-09-03 18:01:55 - [MESSAGE][PASSED] - Object: 'Object Repository/PM/Huawei-vendor/Object-Type/TopX Object Types/TopX Clusters/TopX East Amman Cluster 13' is clicked on

2024-09-03 18:01:55 - [MESSAGE][PASSED] - Object: 'Object Repository/PM/Huawei-vendor/Object-Type/TopX Object Types/TopX Sites/TopX East Amman CloseArrow' is clicked on

2024-09-03 18:01:55 - [MESSAGE][PASSED] - Object: 'Object Repository/PM/Huawei-vendor/Object-Type/TopX Object Types/TopX Sites/TopX West Amman Arrow' is clicked on

2024-09-03 18:01:55 - [MESSAGE][PASSED] - Object: 'Object Repository/PM/Huawei-vendor/Object-Type/TopX Object Types/TopX Clusters/TopX West Amman Cluster 2' is clicked on

2024-09-03 18:01:55 - [MESSAGE][PASSED] - Object: 'Object Repository/PM/Huawei-vendor/Object-Type/TopX Object Types/TopX Clusters/TopX West Amman Cluster 5' is clicked on

2024-09-03 18:01:55 - [MESSAGE][PASSED] - Object: 'Object Repository/PM/Huawei-vendor/Object-Type/TopX Object Types/TopX Sites/TopX West Amman CloseArrow' is clicked on

2024-09-03 18:01:55 - [MESSAGE][PASSED] - Object: 'Object Repository/PM/Huawei-vendor/Object-Type/TopX Object Types/TopX Sites/TopX North Jordan Arrow' is clicked on

2024-09-03 18:01:55 - [MESSAGE][PASSED] - Object: 'Object Repository/PM/Huawei-vendor/Object-Type/TopX Object Types/TopX Clusters/TopX North Jordan Cluster 4' is clicked on

2024-09-03 18:01:56 - [MESSAGE][PASSED] - Object: 'Object Repository/PM/Huawei-vendor/Object-Type/TopX Object Types/TopX Clusters/TopX North Jordan Cluster 14' is clicked on

2024-09-03 18:01:56 - [MESSAGE][PASSED] - Object: 'Object Repository/PM/Huawei-vendor/Object-Type/TopX Object Types/TopX Sites/TopX North Jordan CloseArrow' is clicked on

2024-09-03 18:01:56 - [MESSAGE][PASSED] - Object: 'Object Repository/PM/Huawei-vendor/Object-Type/TopX Object Types/TopX Sites/TopX South Jordan Arrow' is clicked on

2024-09-03 18:01:56 - [MESSAGE][PASSED] - Object: 'Object Repository/PM/Huawei-vendor/Object-Type/TopX Object Types/TopX Clusters/TopX South Jordan Cluster 7' is clicked on

2024-09-03 18:01:56 - [MESSAGE][PASSED] - Object: 'Object Repository/PM/Huawei-vendor/Object-Type/TopX Object Types/TopX Clusters/TopX South Jordan Cluster 8' is clicked on

2024-09-03 18:01:56 - [MESSAGE][PASSED] - Object: 'Object Repository/PM/Huawei-vendor/Object-Type/TopX Object Types/TopX Sites/TopX South Jordan CloseArrow' is clicked on

2024-09-03 18:01:56 - [MESSAGE][PASSED] - Object: 'Object Repository/PM/Huawei-vendor/Object-Type/TopX Object Types/TopX Sites/TopX South Amman Arrow' is clicked on

2024-09-03 18:01:56 - [MESSAGE][PASSED] - Object: 'Object Repository/PM/Huawei-vendor/Object-Type/TopX Object Types/TopX Clusters/TopX South Amman Cluster 1' is clicked on

2024-09-03 18:01:56 - [MESSAGE][PASSED] - Object: 'Object Repository/PM/Huawei-vendor/Object-Type/TopX Object Types/TopX Clusters/TopX South Amman Cluster 6' is clicked on

2024-09-03 18:01:57 - [MESSAGE][PASSED] - Object: 'Object Repository/PM/Huawei-vendor/Object-Type/TopX Object Types/TopX Sites/TopX South Amman CloseArrow' is clicked on

2024-09-03 18:01:57 - [MESSAGE][PASSED] - Object: 'Object Repository/PM/Huawei-vendor/Object-Type/TopX Object Types/TopX Sites/TopX East Jordan Arrow' is clicked on

2024-09-03 18:01:57 - [MESSAGE][PASSED] - Object: 'Object Repository/PM/Huawei-vendor/Object-Type/TopX Object Types/TopX Clusters/TopX East Jordan Cluster 10' is clicked on

2024-09-03 18:01:57 - [MESSAGE][PASSED] - Object: 'Object Repository/PM/Huawei-vendor/Object-Type/TopX Object Types/TopX Clusters/TopX East Jordan Cluster 11' is clicked on

2024-09-03 18:01:57 - [MESSAGE][PASSED] - Object: 'Object Repository/PM/Huawei-vendor/Object-Type/TopX Object Types/TopX Sites/TopX East Jordan CloseArrow' is clicked on

2024-09-03 18:01:57 - [MESSAGE][PASSED] - Object: 'Object Repository/PM/Huawei-vendor/Object-Type/TopX Object Types/TopX Sites/TopX Others Arrow' is clicked on

2024-09-03 18:01:57 - [MESSAGE][PASSED] - Object: 'Object Repository/PM/Huawei-vendor/Object-Type/TopX Object Types/TopX Clusters/TopX Others Cluster 60' is clicked on

2024-09-03 18:01:57 - [MESSAGE][PASSED] - Object: 'Object Repository/PM/Huawei-vendor/Object-Type/TopX Object Types/TopX Clusters/TopX Others Cluster 61' is clicked on

2024-09-03 18:01:58 - [MESSAGE][PASSED] - Object: 'Object Repository/PM/Huawei-vendor/Object-Type/TopX Object Types/TopX Sites/TopX Others CloseArrow' is clicked on

2024-09-03 18:02:00 - [MESSAGE][PASSED] - Delayed 2 second(s)

2024-09-03 18:02:00 - [MESSAGE][PASSED] - Object: 'Object Repository/SON/SonType/Type-Arrow' is clicked on

2024-09-03 18:02:00 - [MESSAGE][WARNING] - Timeout '0' is invalid. Using default page load timeout: '120'

2024-09-03 18:02:00 - [MESSAGE][PASSED] - Scroll to object 'Object Repository/SON/Exclude Options' successfully

2024-09-03 18:02:00 - [MESSAGE][PASSED] - Object: 'Object Repository/SON/Resolution/Hourly' is clicked on

2024-09-03 18:02:00 - [MESSAGE][PASSED] - Object: 'Object Repository/SON/Resolution/WeeklyBH' is clicked on

2024-09-03 18:02:01 - [MESSAGE][PASSED] - Object: 'Object Repository/PM/Huawei-vendor/StartDate/Monthly-Selection' is clicked on

2024-09-03 18:02:01 - [MESSAGE][PASSED] - Object: 'Object Repository/PM/Huawei-vendor/StartDate/Fep-Selection' is clicked on

2024-09-03 18:02:02 - [MESSAGE][PASSED] - Delayed 1 second(s)

2024-09-03 18:02:02 - [MESSAGE][PASSED] - Object: 'Object Repository/PM/Huawei-vendor/StartDate/1-Fep' is clicked on

2024-09-03 18:02:02 - [MESSAGE][PASSED] - Object: 'Object Repository/PM/Huawei-vendor/Apply-Button' is clicked on

2024-09-03 18:02:11 - [MESSAGE][PASSED] - Web element with id: 'Object Repository/SON/Error' located by 'By.xpath: //div[@class='home-logo']' is not present after '200' second(s)

2024-09-03 18:02:11 - [MESSAGE][PASSED] - SON.son is PASSED]]></system-out>
         <system-err><![CDATA[]]></system-err>
      </testcase>
      <testcase name="Test Cases/SON/Huawei/2G/Governorate/Governorate Sleeping Cells WeeklyBH" time="37.335" classname="Test Cases/SON/Huawei/2G/Governorate/Governorate Sleeping Cells WeeklyBH" status="PASSED">
         <system-out><![CDATA[2024-09-03 18:02:11 - [TEST_CASE][PASSED] - Test Cases/SON/Huawei/2G/Governorate/Governorate Sleeping Cells WeeklyBH: Test Cases/SON/Huawei/2G/Governorate/Governorate Sleeping Cells WeeklyBH

2024-09-03 18:02:11 - [TEST_STEP][PASSED] - callTestCase(findTestCase("Login"), [:], STOP_ON_FAILURE): Call Test Case 'Test Cases/Login' successfully

2024-09-03 18:02:11 - [TEST_CASE][PASSED] - Test Cases/Login: Test Cases/Login

2024-09-03 18:02:11 - [TEST_STEP][PASSED] - driver = general.start(SwagerURL, NetCellURL): general.start is PASSED

2024-09-03 18:02:11 - [MESSAGE][INFO] - >>> chromeDriverPath=C:\Users\FatimaIbeid\.katalon\packages\Katalon_Studio_Windows_64-8.6.9\Katalon_Studio_Windows_64-8.6.9\configuration\resources\drivers\chromedriver_win32\chromedriver.exe

2024-09-03 18:02:12 - [MESSAGE][PASSED] - Current window maximized

2024-09-03 18:02:13 - [MESSAGE][PASSED] - Execute JavaScript 'window.open();' successfully

2024-09-03 18:02:13 - [MESSAGE][PASSED] - Switched to window with index: '1'

2024-09-03 18:02:27 - [MESSAGE][PASSED] - general.start is PASSED

2024-09-03 18:02:27 - [TEST_STEP][PASSED] - click(findTestObject("Object Repository/Login/LoginButton")): Object: 'Object Repository/Login/LoginButton' is clicked on

2024-09-03 18:02:27 - [MESSAGE][PASSED] - Object: 'Object Repository/Login/LoginButton' is clicked on

2024-09-03 18:02:27 - [TEST_STEP][PASSED] - switchToWindowIndex(2): Switched to window with index: '2'

2024-09-03 18:02:28 - [MESSAGE][PASSED] - Switched to window with index: '2'

2024-09-03 18:02:28 - [TEST_STEP][PASSED] - delay(1): Delayed 1 second(s)

2024-09-03 18:02:29 - [MESSAGE][PASSED] - Delayed 1 second(s)

2024-09-03 18:02:29 - [TEST_STEP][PASSED] - sendKeys(findTestObject("Object Repository/Login/EnterEmail"), "homam@zztjg.onmicrosoft.com"): Keys 'homam@zztjg.onmicrosoft.com' sent to object: 'Object Repository/Login/EnterEmail'

2024-09-03 18:02:29 - [MESSAGE][PASSED] - Keys 'homam@zztjg.onmicrosoft.com' sent to object: 'Object Repository/Login/EnterEmail'

2024-09-03 18:02:29 - [TEST_STEP][PASSED] - delay(1): Delayed 1 second(s)

2024-09-03 18:02:30 - [MESSAGE][PASSED] - Delayed 1 second(s)

2024-09-03 18:02:30 - [TEST_STEP][PASSED] - click(findTestObject("Object Repository/Login/NextButton")): Object: 'Object Repository/Login/NextButton' is clicked on

2024-09-03 18:02:30 - [MESSAGE][PASSED] - Object: 'Object Repository/Login/NextButton' is clicked on

2024-09-03 18:02:30 - [TEST_STEP][PASSED] - delay(2): Delayed 2 second(s)

2024-09-03 18:02:33 - [MESSAGE][PASSED] - Delayed 2 second(s)

2024-09-03 18:02:33 - [TEST_STEP][PASSED] - sendKeys(findTestObject("Object Repository/Login/EnterPassword"), "Holder12345"): Keys 'Holder12345' sent to object: 'Object Repository/Login/EnterPassword'

2024-09-03 18:02:33 - [MESSAGE][PASSED] - Keys 'Holder12345' sent to object: 'Object Repository/Login/EnterPassword'

2024-09-03 18:02:33 - [TEST_STEP][PASSED] - delay(1): Delayed 1 second(s)

2024-09-03 18:02:34 - [MESSAGE][PASSED] - Delayed 1 second(s)

2024-09-03 18:02:34 - [TEST_STEP][PASSED] - click(findTestObject("Object Repository/Login/SigninButton")): Object: 'Object Repository/Login/SigninButton' is clicked on

2024-09-03 18:02:34 - [MESSAGE][PASSED] - Object: 'Object Repository/Login/SigninButton' is clicked on

2024-09-03 18:02:34 - [TEST_STEP][PASSED] - delay(1): Delayed 1 second(s)

2024-09-03 18:02:35 - [MESSAGE][PASSED] - Delayed 1 second(s)

2024-09-03 18:02:35 - [TEST_STEP][PASSED] - click(findTestObject("Object Repository/Login/YesStayInButton")): Object: 'Object Repository/Login/YesStayInButton' is clicked on

2024-09-03 18:02:36 - [MESSAGE][PASSED] - Object: 'Object Repository/Login/YesStayInButton' is clicked on

2024-09-03 18:02:36 - [MESSAGE][PASSED] - Call Test Case 'Test Cases/Login' successfully

2024-09-03 18:02:36 - [TEST_STEP][PASSED] - switchToWindowIndex(1): Switched to window with index: '1'

2024-09-03 18:02:36 - [MESSAGE][PASSED] - Switched to window with index: '1'

2024-09-03 18:02:36 - [TEST_STEP][PASSED] - SON.son("huawei", "2G", "Governorate", "Sleeping Cells", "WeeklyBH", ""): SON.son is PASSED

2024-09-03 18:02:37 - [MESSAGE][PASSED] - Object: 'Object Repository/SON/sonBtn' is clicked on

2024-09-03 18:02:37 - [MESSAGE][PASSED] - Switched to window with index: '2'

2024-09-03 18:02:38 - [MESSAGE][PASSED] - Object: 'Object Repository/PM/Huawei-vendor/Technology/Technology-Arrow' is clicked on

2024-09-03 18:02:38 - [MESSAGE][PASSED] - Object: 'Object Repository/PM/Huawei-vendor/Technology/2G' is clicked on

2024-09-03 18:02:38 - [MESSAGE][PASSED] - Object: 'Object Repository/PM/Huawei-vendor/TopX/TopX Object Type' is clicked on

2024-09-03 18:02:39 - [MESSAGE][PASSED] - Delayed 1 second(s)

2024-09-03 18:02:40 - [MESSAGE][PASSED] - Object: 'Object Repository/PM/Huawei-vendor/Object-Type/TopX Object Types/TopX Governorates/TopX Governorate' is clicked on

2024-09-03 18:02:41 - [MESSAGE][PASSED] - Delayed 1 second(s)

2024-09-03 18:02:41 - [MESSAGE][WARNING] - Timeout '0' is invalid. Using default page load timeout: '120'

2024-09-03 18:02:41 - [MESSAGE][PASSED] - Scroll to object 'Object Repository/PM/Huawei-vendor/Object Border' successfully

2024-09-03 18:02:41 - [MESSAGE][PASSED] - Object: 'Object Repository/PM/Huawei-vendor/Object-Type/TopX Object Types/TopX Governorates/TopX Amman' is clicked on

2024-09-03 18:02:41 - [MESSAGE][PASSED] - Object: 'Object Repository/PM/Huawei-vendor/Object-Type/TopX Object Types/TopX Governorates/TopX Irbid' is clicked on

2024-09-03 18:02:41 - [MESSAGE][PASSED] - Object: 'Object Repository/PM/Huawei-vendor/Object-Type/TopX Object Types/TopX Governorates/TopX Aqaba' is clicked on

2024-09-03 18:02:41 - [MESSAGE][PASSED] - Object: 'Object Repository/PM/Huawei-vendor/Object-Type/TopX Object Types/TopX Governorates/TopX Jerash' is clicked on

2024-09-03 18:02:41 - [MESSAGE][PASSED] - Object: 'Object Repository/PM/Huawei-vendor/Object-Type/TopX Object Types/TopX Governorates/TopX Mafraq' is clicked on

2024-09-03 18:02:41 - [MESSAGE][PASSED] - Object: 'Object Repository/PM/Huawei-vendor/Object-Type/TopX Object Types/TopX Governorates/TopX Zarqa' is clicked on

2024-09-03 18:02:43 - [MESSAGE][PASSED] - Delayed 2 second(s)

2024-09-03 18:02:43 - [MESSAGE][PASSED] - Object: 'Object Repository/SON/SonType/Type-Arrow' is clicked on

2024-09-03 18:02:44 - [MESSAGE][WARNING] - Timeout '0' is invalid. Using default page load timeout: '120'

2024-09-03 18:02:44 - [MESSAGE][PASSED] - Scroll to object 'Object Repository/SON/Exclude Options' successfully

2024-09-03 18:02:44 - [MESSAGE][PASSED] - Object: 'Object Repository/SON/Resolution/Hourly' is clicked on

2024-09-03 18:02:44 - [MESSAGE][PASSED] - Object: 'Object Repository/SON/Resolution/WeeklyBH' is clicked on

2024-09-03 18:02:44 - [MESSAGE][PASSED] - Object: 'Object Repository/PM/Huawei-vendor/StartDate/Monthly-Selection' is clicked on

2024-09-03 18:02:44 - [MESSAGE][PASSED] - Object: 'Object Repository/PM/Huawei-vendor/StartDate/Fep-Selection' is clicked on

2024-09-03 18:02:45 - [MESSAGE][PASSED] - Delayed 1 second(s)

2024-09-03 18:02:45 - [MESSAGE][PASSED] - Object: 'Object Repository/PM/Huawei-vendor/StartDate/1-Fep' is clicked on

2024-09-03 18:02:45 - [MESSAGE][PASSED] - Object: 'Object Repository/PM/Huawei-vendor/Apply-Button' is clicked on

2024-09-03 18:02:48 - [MESSAGE][PASSED] - Web element with id: 'Object Repository/SON/Error' located by 'By.xpath: //div[@class='home-logo']' is not present after '200' second(s)

2024-09-03 18:02:48 - [MESSAGE][PASSED] - SON.son is PASSED]]></system-out>
         <system-err><![CDATA[]]></system-err>
      </testcase>
      <testcase name="Test Cases/SON/Huawei/2G/PLMN/PLMN Sleeping Cells MonthlyBH" time="35.961" classname="Test Cases/SON/Huawei/2G/PLMN/PLMN Sleeping Cells MonthlyBH" status="PASSED">
         <system-out><![CDATA[2024-09-03 18:02:48 - [TEST_CASE][PASSED] - Test Cases/SON/Huawei/2G/PLMN/PLMN Sleeping Cells MonthlyBH: Test Cases/SON/Huawei/2G/PLMN/PLMN Sleeping Cells MonthlyBH

2024-09-03 18:02:49 - [TEST_STEP][PASSED] - callTestCase(findTestCase("Login"), [:], STOP_ON_FAILURE): Call Test Case 'Test Cases/Login' successfully

2024-09-03 18:02:49 - [TEST_CASE][PASSED] - Test Cases/Login: Test Cases/Login

2024-09-03 18:02:49 - [TEST_STEP][PASSED] - driver = general.start(SwagerURL, NetCellURL): general.start is PASSED

2024-09-03 18:02:49 - [MESSAGE][INFO] - >>> chromeDriverPath=C:\Users\FatimaIbeid\.katalon\packages\Katalon_Studio_Windows_64-8.6.9\Katalon_Studio_Windows_64-8.6.9\configuration\resources\drivers\chromedriver_win32\chromedriver.exe

2024-09-03 18:02:50 - [MESSAGE][PASSED] - Current window maximized

2024-09-03 18:02:50 - [MESSAGE][PASSED] - Execute JavaScript 'window.open();' successfully

2024-09-03 18:02:50 - [MESSAGE][PASSED] - Switched to window with index: '1'

2024-09-03 18:03:03 - [MESSAGE][PASSED] - general.start is PASSED

2024-09-03 18:03:03 - [TEST_STEP][PASSED] - click(findTestObject("Object Repository/Login/LoginButton")): Object: 'Object Repository/Login/LoginButton' is clicked on

2024-09-03 18:03:03 - [MESSAGE][PASSED] - Object: 'Object Repository/Login/LoginButton' is clicked on

2024-09-03 18:03:03 - [TEST_STEP][PASSED] - switchToWindowIndex(2): Switched to window with index: '2'

2024-09-03 18:03:03 - [MESSAGE][PASSED] - Switched to window with index: '2'

2024-09-03 18:03:03 - [TEST_STEP][PASSED] - delay(1): Delayed 1 second(s)

2024-09-03 18:03:04 - [MESSAGE][PASSED] - Delayed 1 second(s)

2024-09-03 18:03:04 - [TEST_STEP][PASSED] - sendKeys(findTestObject("Object Repository/Login/EnterEmail"), "homam@zztjg.onmicrosoft.com"): Keys 'homam@zztjg.onmicrosoft.com' sent to object: 'Object Repository/Login/EnterEmail'

2024-09-03 18:03:05 - [MESSAGE][PASSED] - Keys 'homam@zztjg.onmicrosoft.com' sent to object: 'Object Repository/Login/EnterEmail'

2024-09-03 18:03:05 - [TEST_STEP][PASSED] - delay(1): Delayed 1 second(s)

2024-09-03 18:03:06 - [MESSAGE][PASSED] - Delayed 1 second(s)

2024-09-03 18:03:06 - [TEST_STEP][PASSED] - click(findTestObject("Object Repository/Login/NextButton")): Object: 'Object Repository/Login/NextButton' is clicked on

2024-09-03 18:03:06 - [MESSAGE][PASSED] - Object: 'Object Repository/Login/NextButton' is clicked on

2024-09-03 18:03:06 - [TEST_STEP][PASSED] - delay(2): Delayed 2 second(s)

2024-09-03 18:03:08 - [MESSAGE][PASSED] - Delayed 2 second(s)

2024-09-03 18:03:08 - [TEST_STEP][PASSED] - sendKeys(findTestObject("Object Repository/Login/EnterPassword"), "Holder12345"): Keys 'Holder12345' sent to object: 'Object Repository/Login/EnterPassword'

2024-09-03 18:03:08 - [MESSAGE][PASSED] - Keys 'Holder12345' sent to object: 'Object Repository/Login/EnterPassword'

2024-09-03 18:03:08 - [TEST_STEP][PASSED] - delay(1): Delayed 1 second(s)

2024-09-03 18:03:09 - [MESSAGE][PASSED] - Delayed 1 second(s)

2024-09-03 18:03:09 - [TEST_STEP][PASSED] - click(findTestObject("Object Repository/Login/SigninButton")): Object: 'Object Repository/Login/SigninButton' is clicked on

2024-09-03 18:03:10 - [MESSAGE][PASSED] - Object: 'Object Repository/Login/SigninButton' is clicked on

2024-09-03 18:03:10 - [TEST_STEP][PASSED] - delay(1): Delayed 1 second(s)

2024-09-03 18:03:11 - [MESSAGE][PASSED] - Delayed 1 second(s)

2024-09-03 18:03:11 - [TEST_STEP][PASSED] - click(findTestObject("Object Repository/Login/YesStayInButton")): Object: 'Object Repository/Login/YesStayInButton' is clicked on

2024-09-03 18:03:11 - [MESSAGE][PASSED] - Object: 'Object Repository/Login/YesStayInButton' is clicked on

2024-09-03 18:03:11 - [MESSAGE][PASSED] - Call Test Case 'Test Cases/Login' successfully

2024-09-03 18:03:11 - [TEST_STEP][PASSED] - switchToWindowIndex(1): Switched to window with index: '1'

2024-09-03 18:03:11 - [MESSAGE][PASSED] - Switched to window with index: '1'

2024-09-03 18:03:11 - [TEST_STEP][PASSED] - SON.son("huawei", "2G", "PLMN", "Sleeping Cells", "MonthlyBH", ""): SON.son is PASSED

2024-09-03 18:03:13 - [MESSAGE][PASSED] - Object: 'Object Repository/SON/sonBtn' is clicked on

2024-09-03 18:03:13 - [MESSAGE][PASSED] - Switched to window with index: '2'

2024-09-03 18:03:14 - [MESSAGE][PASSED] - Object: 'Object Repository/PM/Huawei-vendor/Technology/Technology-Arrow' is clicked on

2024-09-03 18:03:14 - [MESSAGE][PASSED] - Object: 'Object Repository/PM/Huawei-vendor/Technology/2G' is clicked on

2024-09-03 18:03:14 - [MESSAGE][PASSED] - Object: 'Object Repository/PM/Huawei-vendor/TopX/TopX Object Type' is clicked on

2024-09-03 18:03:15 - [MESSAGE][PASSED] - Delayed 1 second(s)

2024-09-03 18:03:15 - [MESSAGE][PASSED] - Object: 'Object Repository/PM/Huawei-vendor/Object-Type/TopX Object Types/TopX PLMNs/TopX PLMN' is clicked on

2024-09-03 18:03:16 - [MESSAGE][PASSED] - Delayed 1 second(s)

2024-09-03 18:03:16 - [MESSAGE][PASSED] - Object: 'Object Repository/PM/Huawei-vendor/Object-Type/TopX Object Types/TopX PLMNs/TopX PLMN checkbox' is clicked on

2024-09-03 18:03:18 - [MESSAGE][PASSED] - Delayed 2 second(s)

2024-09-03 18:03:19 - [MESSAGE][PASSED] - Object: 'Object Repository/SON/SonType/Type-Arrow' is clicked on

2024-09-03 18:03:19 - [MESSAGE][WARNING] - Timeout '0' is invalid. Using default page load timeout: '120'

2024-09-03 18:03:19 - [MESSAGE][PASSED] - Scroll to object 'Object Repository/SON/Exclude Options' successfully

2024-09-03 18:03:19 - [MESSAGE][PASSED] - Object: 'Object Repository/SON/Resolution/Hourly' is clicked on

2024-09-03 18:03:19 - [MESSAGE][PASSED] - Object: 'Object Repository/SON/Resolution/MonthlyBH' is clicked on

2024-09-03 18:03:19 - [MESSAGE][PASSED] - Object: 'Object Repository/PM/Huawei-vendor/StartDate/Monthly-Selection' is clicked on

2024-09-03 18:03:20 - [MESSAGE][PASSED] - Object: 'Object Repository/PM/Huawei-vendor/StartDate/Fep-Selection' is clicked on

2024-09-03 18:03:21 - [MESSAGE][PASSED] - Delayed 1 second(s)

2024-09-03 18:03:21 - [MESSAGE][PASSED] - Object: 'Object Repository/PM/Huawei-vendor/StartDate/1-Fep' is clicked on

2024-09-03 18:03:21 - [MESSAGE][PASSED] - Object: 'Object Repository/PM/Huawei-vendor/Apply-Button' is clicked on

2024-09-03 18:03:24 - [MESSAGE][PASSED] - Web element with id: 'Object Repository/SON/Error' located by 'By.xpath: //div[@class='home-logo']' is not present after '200' second(s)

2024-09-03 18:03:24 - [MESSAGE][PASSED] - SON.son is PASSED]]></system-out>
         <system-err><![CDATA[]]></system-err>
      </testcase>
      <testcase name="Test Cases/SON/Huawei/2G/Region/Region Sleeping Cells MonthlyBH" time="162.675" classname="Test Cases/SON/Huawei/2G/Region/Region Sleeping Cells MonthlyBH" status="FAILED">
         <failure type="FAILED" message="Test Cases/SON/Huawei/2G/Region/Region Sleeping Cells MonthlyBH FAILED.
Reason:
com.kms.katalon.core.exception.StepFailedException: Unable to click on object 'Object Repository/PM/Huawei-vendor/Object-Type/TopX Object Types/TopX Regions/TopX Region Others'
	at com.kms.katalon.core.webui.keyword.internal.WebUIKeywordMain.stepFailed(WebUIKeywordMain.groovy:64)
	at com.kms.katalon.core.webui.keyword.internal.WebUIKeywordMain.runKeyword(WebUIKeywordMain.groovy:26)
	at com.kms.katalon.core.webui.keyword.builtin.ClickKeyword.click(ClickKeyword.groovy:74)
	at com.kms.katalon.core.webui.keyword.builtin.ClickKeyword.execute(ClickKeyword.groovy:40)
	at com.kms.katalon.core.keyword.internal.KeywordExecutor.executeKeywordForPlatform(KeywordExecutor.groovy:74)
	at com.kms.katalon.core.webui.keyword.WebUiBuiltInKeywords.click(WebUiBuiltInKeywords.groovy:620)
	at com.kms.katalon.core.webui.keyword.WebUiBuiltInKeywords$click$2.call(Unknown Source)
	at SON.selectObjectType(SON.groovy:129)
	at SON.son(SON.groovy:73)
	at SON.invokeMethod(SON.groovy)
	at com.kms.katalon.core.main.CustomKeywordDelegatingMetaClass.invokeStaticMethod(CustomKeywordDelegatingMetaClass.java:55)
	at Region Sleeping Cells MonthlyBH.run(Region Sleeping Cells MonthlyBH:25)
	at com.kms.katalon.core.main.ScriptEngine.run(ScriptEngine.java:194)
	at com.kms.katalon.core.main.ScriptEngine.runScriptAsRawText(ScriptEngine.java:119)
	at com.kms.katalon.core.main.TestCaseExecutor.runScript(TestCaseExecutor.java:448)
	at com.kms.katalon.core.main.TestCaseExecutor.doExecute(TestCaseExecutor.java:439)
	at com.kms.katalon.core.main.TestCaseExecutor.processExecutionPhase(TestCaseExecutor.java:418)
	at com.kms.katalon.core.main.TestCaseExecutor.accessMainPhase(TestCaseExecutor.java:410)
	at com.kms.katalon.core.main.TestCaseExecutor.execute(TestCaseExecutor.java:285)
	at com.kms.katalon.core.common.CommonExecutor.accessTestCaseMainPhase(CommonExecutor.java:65)
	at com.kms.katalon.core.main.TestSuiteExecutor.accessTestSuiteMainPhase(TestSuiteExecutor.java:148)
	at com.kms.katalon.core.main.TestSuiteExecutor.execute(TestSuiteExecutor.java:106)
	at com.kms.katalon.core.main.TestCaseMain.startTestSuite(TestCaseMain.java:187)
	at com.kms.katalon.core.main.TestCaseMain$startTestSuite$0.call(Unknown Source)
	at TempTestSuite1725371051772.run(TempTestSuite1725371051772.groovy:35)
Caused by: org.openqa.selenium.ElementClickInterceptedException: element click intercepted: Element &lt;span _ngcontent-ng-c3577215391=&quot;&quot; tooltipposition=&quot;right&quot; class=&quot;p-element p-tree-node-label&quot;>...&lt;/span> is not clickable at point (236, 616). Other element would receive the click: &lt;div _ngcontent-ng-c4073245554=&quot;&quot; class=&quot;apply-button-div&quot;>...&lt;/div>
  (Session info: chrome=128.0.6613.113)
Build info: version: '3.141.59', revision: 'e82be7d358', time: '2018-11-14T08:25:53'
System info: host: 'LP-FATIMAIBEID', ip: '192.168.9.99', os.name: 'Windows 11', os.arch: 'amd64', os.version: '10.0', java.version: '1.8.0_362'
Driver info: org.openqa.selenium.chrome.ChromeDriver
Capabilities {acceptInsecureCerts: true, browserName: chrome, browserVersion: 128.0.6613.113, chrome: {chromedriverVersion: 127.0.6533.88 (a2d0cb026721..., userDataDir: C:\Users\FATIMA~1\AppData\L...}, fedcm:accounts: true, goog:chromeOptions: {debuggerAddress: localhost:61764}, javascriptEnabled: true, networkConnectionEnabled: false, pageLoadStrategy: normal, platform: WINDOWS, platformName: WINDOWS, proxy: Proxy(), setWindowRect: true, strictFileInteractability: false, timeouts: {implicit: 0, pageLoad: 300000, script: 30000}, unhandledPromptBehavior: dismiss and notify, webauthn:extension:credBlob: true, webauthn:extension:largeBlob: true, webauthn:extension:minPinLength: true, webauthn:extension:prf: true, webauthn:virtualAuthenticators: true}
Session ID: 431eca751f958a0f3d92df775020f706
	at org.openqa.selenium.remote.http.W3CHttpResponseCodec.createException(W3CHttpResponseCodec.java:187)
	at org.openqa.selenium.remote.http.W3CHttpResponseCodec.decode(W3CHttpResponseCodec.java:122)
	at org.openqa.selenium.remote.http.W3CHttpResponseCodec.decode(W3CHttpResponseCodec.java:49)
	at org.openqa.selenium.remote.HttpCommandExecutor.execute(HttpCommandExecutor.java:158)
	at org.openqa.selenium.remote.service.DriverCommandExecutor.execute(DriverCommandExecutor.java:83)
	at org.openqa.selenium.remote.RemoteWebDriver.execute(RemoteWebDriver.java:552)
	at org.openqa.selenium.remote.RemoteWebElement.execute(RemoteWebElement.java:285)
	at org.openqa.selenium.remote.RemoteWebElement.click(RemoteWebElement.java:84)
	at org.openqa.selenium.support.events.EventFiringWebDriver$EventFiringWebElement.lambda$new$0(EventFiringWebDriver.java:404)
	at com.sun.proxy.$Proxy12.click(Unknown Source)
	at org.openqa.selenium.support.events.EventFiringWebDriver$EventFiringWebElement.click(EventFiringWebDriver.java:417)
	at org.openqa.selenium.WebElement$click.call(Unknown Source)
	at com.kms.katalon.core.webui.keyword.builtin.ClickKeyword.clickUntilSuccessWithTimeout(ClickKeyword.groovy:81)
	at com.kms.katalon.core.webui.keyword.builtin.ClickKeyword.clickUntilSuccessWithTimeout(ClickKeyword.groovy)
	at com.kms.katalon.core.webui.keyword.builtin.ClickKeyword$_click_closure1.doCall(ClickKeyword.groovy:67)
	at com.kms.katalon.core.webui.keyword.builtin.ClickKeyword$_click_closure1.call(ClickKeyword.groovy)
	at com.kms.katalon.core.webui.keyword.internal.WebUIKeywordMain.runKeyword(WebUIKeywordMain.groovy:20)
	... 23 more
"/>
         <system-out><![CDATA[2024-09-03 18:03:24 - [TEST_CASE][FAILED] - Test Cases/SON/Huawei/2G/Region/Region Sleeping Cells MonthlyBH: Test Cases/SON/Huawei/2G/Region/Region Sleeping Cells MonthlyBH FAILED.
Reason:
com.kms.katalon.core.exception.StepFailedException: Unable to click on object 'Object Repository/PM/Huawei-vendor/Object-Type/TopX Object Types/TopX Regions/TopX Region Others'
	at com.kms.katalon.core.webui.keyword.internal.WebUIKeywordMain.stepFailed(WebUIKeywordMain.groovy:64)
	at com.kms.katalon.core.webui.keyword.internal.WebUIKeywordMain.runKeyword(WebUIKeywordMain.groovy:26)
	at com.kms.katalon.core.webui.keyword.builtin.ClickKeyword.click(ClickKeyword.groovy:74)
	at com.kms.katalon.core.webui.keyword.builtin.ClickKeyword.execute(ClickKeyword.groovy:40)
	at com.kms.katalon.core.keyword.internal.KeywordExecutor.executeKeywordForPlatform(KeywordExecutor.groovy:74)
	at com.kms.katalon.core.webui.keyword.WebUiBuiltInKeywords.click(WebUiBuiltInKeywords.groovy:620)
	at com.kms.katalon.core.webui.keyword.WebUiBuiltInKeywords$click$2.call(Unknown Source)
	at SON.selectObjectType(SON.groovy:129)
	at SON.son(SON.groovy:73)
	at SON.invokeMethod(SON.groovy)
	at com.kms.katalon.core.main.CustomKeywordDelegatingMetaClass.invokeStaticMethod(CustomKeywordDelegatingMetaClass.java:55)
	at Region Sleeping Cells MonthlyBH.run(Region Sleeping Cells MonthlyBH:25)
	at com.kms.katalon.core.main.ScriptEngine.run(ScriptEngine.java:194)
	at com.kms.katalon.core.main.ScriptEngine.runScriptAsRawText(ScriptEngine.java:119)
	at com.kms.katalon.core.main.TestCaseExecutor.runScript(TestCaseExecutor.java:448)
	at com.kms.katalon.core.main.TestCaseExecutor.doExecute(TestCaseExecutor.java:439)
	at com.kms.katalon.core.main.TestCaseExecutor.processExecutionPhase(TestCaseExecutor.java:418)
	at com.kms.katalon.core.main.TestCaseExecutor.accessMainPhase(TestCaseExecutor.java:410)
	at com.kms.katalon.core.main.TestCaseExecutor.execute(TestCaseExecutor.java:285)
	at com.kms.katalon.core.common.CommonExecutor.accessTestCaseMainPhase(CommonExecutor.java:65)
	at com.kms.katalon.core.main.TestSuiteExecutor.accessTestSuiteMainPhase(TestSuiteExecutor.java:148)
	at com.kms.katalon.core.main.TestSuiteExecutor.execute(TestSuiteExecutor.java:106)
	at com.kms.katalon.core.main.TestCaseMain.startTestSuite(TestCaseMain.java:187)
	at com.kms.katalon.core.main.TestCaseMain$startTestSuite$0.call(Unknown Source)
	at TempTestSuite1725371051772.run(TempTestSuite1725371051772.groovy:35)
Caused by: org.openqa.selenium.ElementClickInterceptedException: element click intercepted: Element <span _ngcontent-ng-c3577215391="" tooltipposition="right" class="p-element p-tree-node-label">...</span> is not clickable at point (236, 616). Other element would receive the click: <div _ngcontent-ng-c4073245554="" class="apply-button-div">...</div>
  (Session info: chrome=128.0.6613.113)
Build info: version: '3.141.59', revision: 'e82be7d358', time: '2018-11-14T08:25:53'
System info: host: 'LP-FATIMAIBEID', ip: '192.168.9.99', os.name: 'Windows 11', os.arch: 'amd64', os.version: '10.0', java.version: '1.8.0_362'
Driver info: org.openqa.selenium.chrome.ChromeDriver
Capabilities {acceptInsecureCerts: true, browserName: chrome, browserVersion: 128.0.6613.113, chrome: {chromedriverVersion: 127.0.6533.88 (a2d0cb026721..., userDataDir: C:\Users\FATIMA~1\AppData\L...}, fedcm:accounts: true, goog:chromeOptions: {debuggerAddress: localhost:61764}, javascriptEnabled: true, networkConnectionEnabled: false, pageLoadStrategy: normal, platform: WINDOWS, platformName: WINDOWS, proxy: Proxy(), setWindowRect: true, strictFileInteractability: false, timeouts: {implicit: 0, pageLoad: 300000, script: 30000}, unhandledPromptBehavior: dismiss and notify, webauthn:extension:credBlob: true, webauthn:extension:largeBlob: true, webauthn:extension:minPinLength: true, webauthn:extension:prf: true, webauthn:virtualAuthenticators: true}
Session ID: 431eca751f958a0f3d92df775020f706
	at org.openqa.selenium.remote.http.W3CHttpResponseCodec.createException(W3CHttpResponseCodec.java:187)
	at org.openqa.selenium.remote.http.W3CHttpResponseCodec.decode(W3CHttpResponseCodec.java:122)
	at org.openqa.selenium.remote.http.W3CHttpResponseCodec.decode(W3CHttpResponseCodec.java:49)
	at org.openqa.selenium.remote.HttpCommandExecutor.execute(HttpCommandExecutor.java:158)
	at org.openqa.selenium.remote.service.DriverCommandExecutor.execute(DriverCommandExecutor.java:83)
	at org.openqa.selenium.remote.RemoteWebDriver.execute(RemoteWebDriver.java:552)
	at org.openqa.selenium.remote.RemoteWebElement.execute(RemoteWebElement.java:285)
	at org.openqa.selenium.remote.RemoteWebElement.click(RemoteWebElement.java:84)
	at org.openqa.selenium.support.events.EventFiringWebDriver$EventFiringWebElement.lambda$new$0(EventFiringWebDriver.java:404)
	at com.sun.proxy.$Proxy12.click(Unknown Source)
	at org.openqa.selenium.support.events.EventFiringWebDriver$EventFiringWebElement.click(EventFiringWebDriver.java:417)
	at org.openqa.selenium.WebElement$click.call(Unknown Source)
	at com.kms.katalon.core.webui.keyword.builtin.ClickKeyword.clickUntilSuccessWithTimeout(ClickKeyword.groovy:81)
	at com.kms.katalon.core.webui.keyword.builtin.ClickKeyword.clickUntilSuccessWithTimeout(ClickKeyword.groovy)
	at com.kms.katalon.core.webui.keyword.builtin.ClickKeyword$_click_closure1.doCall(ClickKeyword.groovy:67)
	at com.kms.katalon.core.webui.keyword.builtin.ClickKeyword$_click_closure1.call(ClickKeyword.groovy)
	at com.kms.katalon.core.webui.keyword.internal.WebUIKeywordMain.runKeyword(WebUIKeywordMain.groovy:20)
	... 23 more


2024-09-03 18:03:25 - [TEST_STEP][PASSED] - callTestCase(findTestCase("Login"), [:], STOP_ON_FAILURE): Call Test Case 'Test Cases/Login' successfully

2024-09-03 18:03:25 - [TEST_CASE][PASSED] - Test Cases/Login: Test Cases/Login

2024-09-03 18:03:25 - [TEST_STEP][PASSED] - driver = general.start(SwagerURL, NetCellURL): general.start is PASSED

2024-09-03 18:03:25 - [MESSAGE][INFO] - >>> chromeDriverPath=C:\Users\FatimaIbeid\.katalon\packages\Katalon_Studio_Windows_64-8.6.9\Katalon_Studio_Windows_64-8.6.9\configuration\resources\drivers\chromedriver_win32\chromedriver.exe

2024-09-03 18:03:26 - [MESSAGE][PASSED] - Current window maximized

2024-09-03 18:03:26 - [MESSAGE][PASSED] - Execute JavaScript 'window.open();' successfully

2024-09-03 18:03:26 - [MESSAGE][PASSED] - Switched to window with index: '1'

2024-09-03 18:03:39 - [MESSAGE][PASSED] - general.start is PASSED

2024-09-03 18:03:39 - [TEST_STEP][PASSED] - click(findTestObject("Object Repository/Login/LoginButton")): Object: 'Object Repository/Login/LoginButton' is clicked on

2024-09-03 18:03:39 - [MESSAGE][PASSED] - Object: 'Object Repository/Login/LoginButton' is clicked on

2024-09-03 18:03:39 - [TEST_STEP][PASSED] - switchToWindowIndex(2): Switched to window with index: '2'

2024-09-03 18:03:39 - [MESSAGE][PASSED] - Switched to window with index: '2'

2024-09-03 18:03:39 - [TEST_STEP][PASSED] - delay(1): Delayed 1 second(s)

2024-09-03 18:03:40 - [MESSAGE][PASSED] - Delayed 1 second(s)

2024-09-03 18:03:40 - [TEST_STEP][PASSED] - sendKeys(findTestObject("Object Repository/Login/EnterEmail"), "homam@zztjg.onmicrosoft.com"): Keys 'homam@zztjg.onmicrosoft.com' sent to object: 'Object Repository/Login/EnterEmail'

2024-09-03 18:03:41 - [MESSAGE][PASSED] - Keys 'homam@zztjg.onmicrosoft.com' sent to object: 'Object Repository/Login/EnterEmail'

2024-09-03 18:03:41 - [TEST_STEP][PASSED] - delay(1): Delayed 1 second(s)

2024-09-03 18:03:42 - [MESSAGE][PASSED] - Delayed 1 second(s)

2024-09-03 18:03:42 - [TEST_STEP][PASSED] - click(findTestObject("Object Repository/Login/NextButton")): Object: 'Object Repository/Login/NextButton' is clicked on

2024-09-03 18:03:42 - [MESSAGE][PASSED] - Object: 'Object Repository/Login/NextButton' is clicked on

2024-09-03 18:03:42 - [TEST_STEP][PASSED] - delay(2): Delayed 2 second(s)

2024-09-03 18:03:44 - [MESSAGE][PASSED] - Delayed 2 second(s)

2024-09-03 18:03:44 - [TEST_STEP][PASSED] - sendKeys(findTestObject("Object Repository/Login/EnterPassword"), "Holder12345"): Keys 'Holder12345' sent to object: 'Object Repository/Login/EnterPassword'

2024-09-03 18:03:45 - [MESSAGE][PASSED] - Keys 'Holder12345' sent to object: 'Object Repository/Login/EnterPassword'

2024-09-03 18:03:45 - [TEST_STEP][PASSED] - delay(1): Delayed 1 second(s)

2024-09-03 18:03:46 - [MESSAGE][PASSED] - Delayed 1 second(s)

2024-09-03 18:03:46 - [TEST_STEP][PASSED] - click(findTestObject("Object Repository/Login/SigninButton")): Object: 'Object Repository/Login/SigninButton' is clicked on

2024-09-03 18:03:46 - [MESSAGE][PASSED] - Object: 'Object Repository/Login/SigninButton' is clicked on

2024-09-03 18:03:46 - [TEST_STEP][PASSED] - delay(1): Delayed 1 second(s)

2024-09-03 18:03:47 - [MESSAGE][PASSED] - Delayed 1 second(s)

2024-09-03 18:03:47 - [TEST_STEP][PASSED] - click(findTestObject("Object Repository/Login/YesStayInButton")): Object: 'Object Repository/Login/YesStayInButton' is clicked on

2024-09-03 18:03:47 - [MESSAGE][PASSED] - Object: 'Object Repository/Login/YesStayInButton' is clicked on

2024-09-03 18:03:47 - [MESSAGE][PASSED] - Call Test Case 'Test Cases/Login' successfully

2024-09-03 18:03:47 - [TEST_STEP][PASSED] - switchToWindowIndex(1): Switched to window with index: '1'

2024-09-03 18:03:48 - [MESSAGE][PASSED] - Switched to window with index: '1'

2024-09-03 18:03:48 - [TEST_STEP][FAILED] - SON.son("huawei", "2G", "Region", "Sleeping Cells", "MonthlyBH", ""): Unable to click on object 'Object Repository/PM/Huawei-vendor/Object-Type/TopX Object Types/TopX Regions/TopX Region Others'

2024-09-03 18:03:49 - [MESSAGE][PASSED] - Object: 'Object Repository/SON/sonBtn' is clicked on

2024-09-03 18:03:49 - [MESSAGE][PASSED] - Switched to window with index: '2'

2024-09-03 18:04:02 - [MESSAGE][PASSED] - Object: 'Object Repository/PM/Huawei-vendor/Technology/Technology-Arrow' is clicked on

2024-09-03 18:04:02 - [MESSAGE][PASSED] - Object: 'Object Repository/PM/Huawei-vendor/Technology/2G' is clicked on

2024-09-03 18:04:02 - [MESSAGE][PASSED] - Object: 'Object Repository/PM/Huawei-vendor/TopX/TopX Object Type' is clicked on

2024-09-03 18:04:03 - [MESSAGE][PASSED] - Delayed 1 second(s)

2024-09-03 18:04:03 - [MESSAGE][PASSED] - Object: 'Object Repository/PM/Huawei-vendor/Object-Type/TopX Object Types/TopX Regions/TopX Region' is clicked on

2024-09-03 18:04:04 - [MESSAGE][PASSED] - Delayed 1 second(s)

2024-09-03 18:04:04 - [MESSAGE][WARNING] - Timeout '0' is invalid. Using default page load timeout: '120'

2024-09-03 18:04:04 - [MESSAGE][PASSED] - Scroll to object 'Object Repository/PM/Huawei-vendor/Object Border' successfully

2024-09-03 18:04:05 - [MESSAGE][PASSED] - Object: 'Object Repository/PM/Huawei-vendor/Object-Type/TopX Object Types/TopX Regions/TopX Region East Amman' is clicked on

2024-09-03 18:04:05 - [MESSAGE][PASSED] - Object: 'Object Repository/PM/Huawei-vendor/Object-Type/TopX Object Types/TopX Regions/TopX Region West Amman' is clicked on

2024-09-03 18:04:05 - [MESSAGE][PASSED] - Object: 'Object Repository/PM/Huawei-vendor/Object-Type/TopX Object Types/TopX Regions/TopX Region South Amman' is clicked on

2024-09-03 18:04:05 - [MESSAGE][PASSED] - Object: 'Object Repository/PM/Huawei-vendor/Object-Type/TopX Object Types/TopX Regions/TopX Region South Jordan' is clicked on

2024-09-03 18:04:05 - [MESSAGE][PASSED] - Object: 'Object Repository/PM/Huawei-vendor/Object-Type/TopX Object Types/TopX Regions/TopX Region North Jordan' is clicked on

2024-09-03 18:04:05 - [MESSAGE][PASSED] - Object: 'Object Repository/PM/Huawei-vendor/Object-Type/TopX Object Types/TopX Regions/TopX Region East Jordan' is clicked on

2024-09-03 18:06:07 - [MESSAGE][FAILED] - Unable to click on object 'Object Repository/PM/Huawei-vendor/Object-Type/TopX Object Types/TopX Regions/TopX Region Others' (Root cause: com.kms.katalon.core.exception.StepFailedException: Unable to click on object 'Object Repository/PM/Huawei-vendor/Object-Type/TopX Object Types/TopX Regions/TopX Region Others'
	at com.kms.katalon.core.webui.keyword.internal.WebUIKeywordMain.stepFailed(WebUIKeywordMain.groovy:64)
	at com.kms.katalon.core.webui.keyword.internal.WebUIKeywordMain.runKeyword(WebUIKeywordMain.groovy:26)
	at com.kms.katalon.core.webui.keyword.builtin.ClickKeyword.click(ClickKeyword.groovy:74)
	at com.kms.katalon.core.webui.keyword.builtin.ClickKeyword.execute(ClickKeyword.groovy:40)
	at com.kms.katalon.core.keyword.internal.KeywordExecutor.executeKeywordForPlatform(KeywordExecutor.groovy:74)
	at com.kms.katalon.core.webui.keyword.WebUiBuiltInKeywords.click(WebUiBuiltInKeywords.groovy:620)
	at com.kms.katalon.core.webui.keyword.WebUiBuiltInKeywords$click$2.call(Unknown Source)
	at SON.selectObjectType(SON.groovy:129)
	at SON.son(SON.groovy:73)
	at SON.invokeMethod(SON.groovy)
	at com.kms.katalon.core.main.CustomKeywordDelegatingMetaClass.invokeStaticMethod(CustomKeywordDelegatingMetaClass.java:55)
	at Region Sleeping Cells MonthlyBH.run(Region Sleeping Cells MonthlyBH:25)
	at com.kms.katalon.core.main.ScriptEngine.run(ScriptEngine.java:194)
	at com.kms.katalon.core.main.ScriptEngine.runScriptAsRawText(ScriptEngine.java:119)
	at com.kms.katalon.core.main.TestCaseExecutor.runScript(TestCaseExecutor.java:448)
	at com.kms.katalon.core.main.TestCaseExecutor.doExecute(TestCaseExecutor.java:439)
	at com.kms.katalon.core.main.TestCaseExecutor.processExecutionPhase(TestCaseExecutor.java:418)
	at com.kms.katalon.core.main.TestCaseExecutor.accessMainPhase(TestCaseExecutor.java:410)
	at com.kms.katalon.core.main.TestCaseExecutor.execute(TestCaseExecutor.java:285)
	at com.kms.katalon.core.common.CommonExecutor.accessTestCaseMainPhase(CommonExecutor.java:65)
	at com.kms.katalon.core.main.TestSuiteExecutor.accessTestSuiteMainPhase(TestSuiteExecutor.java:148)
	at com.kms.katalon.core.main.TestSuiteExecutor.execute(TestSuiteExecutor.java:106)
	at com.kms.katalon.core.main.TestCaseMain.startTestSuite(TestCaseMain.java:187)
	at com.kms.katalon.core.main.TestCaseMain$startTestSuite$0.call(Unknown Source)
	at TempTestSuite1725371051772.run(TempTestSuite1725371051772.groovy:35)
Caused by: org.openqa.selenium.ElementClickInterceptedException: element click intercepted: Element <span _ngcontent-ng-c3577215391="" tooltipposition="right" class="p-element p-tree-node-label">...</span> is not clickable at point (236, 616). Other element would receive the click: <div _ngcontent-ng-c4073245554="" class="apply-button-div">...</div>
  (Session info: chrome=128.0.6613.113)
Build info: version: '3.141.59', revision: 'e82be7d358', time: '2018-11-14T08:25:53'
System info: host: 'LP-FATIMAIBEID', ip: '192.168.9.99', os.name: 'Windows 11', os.arch: 'amd64', os.version: '10.0', java.version: '1.8.0_362'
Driver info: org.openqa.selenium.chrome.ChromeDriver
Capabilities {acceptInsecureCerts: true, browserName: chrome, browserVersion: 128.0.6613.113, chrome: {chromedriverVersion: 127.0.6533.88 (a2d0cb026721..., userDataDir: C:\Users\FATIMA~1\AppData\L...}, fedcm:accounts: true, goog:chromeOptions: {debuggerAddress: localhost:61764}, javascriptEnabled: true, networkConnectionEnabled: false, pageLoadStrategy: normal, platform: WINDOWS, platformName: WINDOWS, proxy: Proxy(), setWindowRect: true, strictFileInteractability: false, timeouts: {implicit: 0, pageLoad: 300000, script: 30000}, unhandledPromptBehavior: dismiss and notify, webauthn:extension:credBlob: true, webauthn:extension:largeBlob: true, webauthn:extension:minPinLength: true, webauthn:extension:prf: true, webauthn:virtualAuthenticators: true}
Session ID: 431eca751f958a0f3d92df775020f706
	at org.openqa.selenium.remote.http.W3CHttpResponseCodec.createException(W3CHttpResponseCodec.java:187)
	at org.openqa.selenium.remote.http.W3CHttpResponseCodec.decode(W3CHttpResponseCodec.java:122)
	at org.openqa.selenium.remote.http.W3CHttpResponseCodec.decode(W3CHttpResponseCodec.java:49)
	at org.openqa.selenium.remote.HttpCommandExecutor.execute(HttpCommandExecutor.java:158)
	at org.openqa.selenium.remote.service.DriverCommandExecutor.execute(DriverCommandExecutor.java:83)
	at org.openqa.selenium.remote.RemoteWebDriver.execute(RemoteWebDriver.java:552)
	at org.openqa.selenium.remote.RemoteWebElement.execute(RemoteWebElement.java:285)
	at org.openqa.selenium.remote.RemoteWebElement.click(RemoteWebElement.java:84)
	at org.openqa.selenium.support.events.EventFiringWebDriver$EventFiringWebElement.lambda$new$0(EventFiringWebDriver.java:404)
	at com.sun.proxy.$Proxy12.click(Unknown Source)
	at org.openqa.selenium.support.events.EventFiringWebDriver$EventFiringWebElement.click(EventFiringWebDriver.java:417)
	at org.openqa.selenium.WebElement$click.call(Unknown Source)
	at com.kms.katalon.core.webui.keyword.builtin.ClickKeyword.clickUntilSuccessWithTimeout(ClickKeyword.groovy:81)
	at com.kms.katalon.core.webui.keyword.builtin.ClickKeyword.clickUntilSuccessWithTimeout(ClickKeyword.groovy)
	at com.kms.katalon.core.webui.keyword.builtin.ClickKeyword$_click_closure1.doCall(ClickKeyword.groovy:67)
	at com.kms.katalon.core.webui.keyword.builtin.ClickKeyword$_click_closure1.call(ClickKeyword.groovy)
	at com.kms.katalon.core.webui.keyword.internal.WebUIKeywordMain.runKeyword(WebUIKeywordMain.groovy:20)
	at com.kms.katalon.core.webui.keyword.builtin.ClickKeyword.click(ClickKeyword.groovy:74)
	at com.kms.katalon.core.webui.keyword.builtin.ClickKeyword.execute(ClickKeyword.groovy:40)
	at com.kms.katalon.core.keyword.internal.KeywordExecutor.executeKeywordForPlatform(KeywordExecutor.groovy:74)
	at com.kms.katalon.core.webui.keyword.WebUiBuiltInKeywords.click(WebUiBuiltInKeywords.groovy:620)
	at com.kms.katalon.core.webui.keyword.WebUiBuiltInKeywords$click$2.call(Unknown Source)
	at SON.selectObjectType(SON.groovy:129)
	at SON.son(SON.groovy:73)
	at SON.invokeMethod(SON.groovy)
	at com.kms.katalon.core.main.CustomKeywordDelegatingMetaClass.invokeStaticMethod(CustomKeywordDelegatingMetaClass.java:55)
	at Script1725186619325.run(Script1725186619325.groovy:25)
	... 13 more
)
[[ATTACHMENT|C:\\Users\\FatimaIbeid\\git\\NetCell\\Reports\\20240903_164410\\SON\\Hwauei\\2G\\2G Regression\\20240903_164411\\1725375967267.png]]

2024-09-03 18:06:07 - [MESSAGE][FAILED] - Unable to click on object 'Object Repository/PM/Huawei-vendor/Object-Type/TopX Object Types/TopX Regions/TopX Region Others']]></system-out>
         <system-err><![CDATA[2024-09-03 18:03:24 - [TEST_CASE][FAILED] - Test Cases/SON/Huawei/2G/Region/Region Sleeping Cells MonthlyBH: Test Cases/SON/Huawei/2G/Region/Region Sleeping Cells MonthlyBH FAILED.
Reason:
com.kms.katalon.core.exception.StepFailedException: Unable to click on object 'Object Repository/PM/Huawei-vendor/Object-Type/TopX Object Types/TopX Regions/TopX Region Others'
	at com.kms.katalon.core.webui.keyword.internal.WebUIKeywordMain.stepFailed(WebUIKeywordMain.groovy:64)
	at com.kms.katalon.core.webui.keyword.internal.WebUIKeywordMain.runKeyword(WebUIKeywordMain.groovy:26)
	at com.kms.katalon.core.webui.keyword.builtin.ClickKeyword.click(ClickKeyword.groovy:74)
	at com.kms.katalon.core.webui.keyword.builtin.ClickKeyword.execute(ClickKeyword.groovy:40)
	at com.kms.katalon.core.keyword.internal.KeywordExecutor.executeKeywordForPlatform(KeywordExecutor.groovy:74)
	at com.kms.katalon.core.webui.keyword.WebUiBuiltInKeywords.click(WebUiBuiltInKeywords.groovy:620)
	at com.kms.katalon.core.webui.keyword.WebUiBuiltInKeywords$click$2.call(Unknown Source)
	at SON.selectObjectType(SON.groovy:129)
	at SON.son(SON.groovy:73)
	at SON.invokeMethod(SON.groovy)
	at com.kms.katalon.core.main.CustomKeywordDelegatingMetaClass.invokeStaticMethod(CustomKeywordDelegatingMetaClass.java:55)
	at Region Sleeping Cells MonthlyBH.run(Region Sleeping Cells MonthlyBH:25)
	at com.kms.katalon.core.main.ScriptEngine.run(ScriptEngine.java:194)
	at com.kms.katalon.core.main.ScriptEngine.runScriptAsRawText(ScriptEngine.java:119)
	at com.kms.katalon.core.main.TestCaseExecutor.runScript(TestCaseExecutor.java:448)
	at com.kms.katalon.core.main.TestCaseExecutor.doExecute(TestCaseExecutor.java:439)
	at com.kms.katalon.core.main.TestCaseExecutor.processExecutionPhase(TestCaseExecutor.java:418)
	at com.kms.katalon.core.main.TestCaseExecutor.accessMainPhase(TestCaseExecutor.java:410)
	at com.kms.katalon.core.main.TestCaseExecutor.execute(TestCaseExecutor.java:285)
	at com.kms.katalon.core.common.CommonExecutor.accessTestCaseMainPhase(CommonExecutor.java:65)
	at com.kms.katalon.core.main.TestSuiteExecutor.accessTestSuiteMainPhase(TestSuiteExecutor.java:148)
	at com.kms.katalon.core.main.TestSuiteExecutor.execute(TestSuiteExecutor.java:106)
	at com.kms.katalon.core.main.TestCaseMain.startTestSuite(TestCaseMain.java:187)
	at com.kms.katalon.core.main.TestCaseMain$startTestSuite$0.call(Unknown Source)
	at TempTestSuite1725371051772.run(TempTestSuite1725371051772.groovy:35)
Caused by: org.openqa.selenium.ElementClickInterceptedException: element click intercepted: Element <span _ngcontent-ng-c3577215391="" tooltipposition="right" class="p-element p-tree-node-label">...</span> is not clickable at point (236, 616). Other element would receive the click: <div _ngcontent-ng-c4073245554="" class="apply-button-div">...</div>
  (Session info: chrome=128.0.6613.113)
Build info: version: '3.141.59', revision: 'e82be7d358', time: '2018-11-14T08:25:53'
System info: host: 'LP-FATIMAIBEID', ip: '192.168.9.99', os.name: 'Windows 11', os.arch: 'amd64', os.version: '10.0', java.version: '1.8.0_362'
Driver info: org.openqa.selenium.chrome.ChromeDriver
Capabilities {acceptInsecureCerts: true, browserName: chrome, browserVersion: 128.0.6613.113, chrome: {chromedriverVersion: 127.0.6533.88 (a2d0cb026721..., userDataDir: C:\Users\FATIMA~1\AppData\L...}, fedcm:accounts: true, goog:chromeOptions: {debuggerAddress: localhost:61764}, javascriptEnabled: true, networkConnectionEnabled: false, pageLoadStrategy: normal, platform: WINDOWS, platformName: WINDOWS, proxy: Proxy(), setWindowRect: true, strictFileInteractability: false, timeouts: {implicit: 0, pageLoad: 300000, script: 30000}, unhandledPromptBehavior: dismiss and notify, webauthn:extension:credBlob: true, webauthn:extension:largeBlob: true, webauthn:extension:minPinLength: true, webauthn:extension:prf: true, webauthn:virtualAuthenticators: true}
Session ID: 431eca751f958a0f3d92df775020f706
	at org.openqa.selenium.remote.http.W3CHttpResponseCodec.createException(W3CHttpResponseCodec.java:187)
	at org.openqa.selenium.remote.http.W3CHttpResponseCodec.decode(W3CHttpResponseCodec.java:122)
	at org.openqa.selenium.remote.http.W3CHttpResponseCodec.decode(W3CHttpResponseCodec.java:49)
	at org.openqa.selenium.remote.HttpCommandExecutor.execute(HttpCommandExecutor.java:158)
	at org.openqa.selenium.remote.service.DriverCommandExecutor.execute(DriverCommandExecutor.java:83)
	at org.openqa.selenium.remote.RemoteWebDriver.execute(RemoteWebDriver.java:552)
	at org.openqa.selenium.remote.RemoteWebElement.execute(RemoteWebElement.java:285)
	at org.openqa.selenium.remote.RemoteWebElement.click(RemoteWebElement.java:84)
	at org.openqa.selenium.support.events.EventFiringWebDriver$EventFiringWebElement.lambda$new$0(EventFiringWebDriver.java:404)
	at com.sun.proxy.$Proxy12.click(Unknown Source)
	at org.openqa.selenium.support.events.EventFiringWebDriver$EventFiringWebElement.click(EventFiringWebDriver.java:417)
	at org.openqa.selenium.WebElement$click.call(Unknown Source)
	at com.kms.katalon.core.webui.keyword.builtin.ClickKeyword.clickUntilSuccessWithTimeout(ClickKeyword.groovy:81)
	at com.kms.katalon.core.webui.keyword.builtin.ClickKeyword.clickUntilSuccessWithTimeout(ClickKeyword.groovy)
	at com.kms.katalon.core.webui.keyword.builtin.ClickKeyword$_click_closure1.doCall(ClickKeyword.groovy:67)
	at com.kms.katalon.core.webui.keyword.builtin.ClickKeyword$_click_closure1.call(ClickKeyword.groovy)
	at com.kms.katalon.core.webui.keyword.internal.WebUIKeywordMain.runKeyword(WebUIKeywordMain.groovy:20)
	... 23 more]]></system-err>
      </testcase>
      <testcase name="Test Cases/SON/Huawei/2G/Site/Site Sleeping Cells MonthlyBH" time="135.352" classname="Test Cases/SON/Huawei/2G/Site/Site Sleeping Cells MonthlyBH" status="FAILED">
         <failure type="FAILED" message="Test Cases/SON/Huawei/2G/Site/Site Sleeping Cells MonthlyBH FAILED.
Reason:
com.kms.katalon.core.exception.StepFailedException: Unable to click on object 'Object Repository/SON/ObjectType/East Amman site1'
	at com.kms.katalon.core.webui.keyword.internal.WebUIKeywordMain.stepFailed(WebUIKeywordMain.groovy:64)
	at com.kms.katalon.core.webui.keyword.internal.WebUIKeywordMain.runKeyword(WebUIKeywordMain.groovy:26)
	at com.kms.katalon.core.webui.keyword.builtin.ClickKeyword.click(ClickKeyword.groovy:74)
	at com.kms.katalon.core.webui.keyword.builtin.ClickKeyword.execute(ClickKeyword.groovy:40)
	at com.kms.katalon.core.keyword.internal.KeywordExecutor.executeKeywordForPlatform(KeywordExecutor.groovy:74)
	at com.kms.katalon.core.webui.keyword.WebUiBuiltInKeywords.click(WebUiBuiltInKeywords.groovy:620)
	at com.kms.katalon.core.webui.keyword.WebUiBuiltInKeywords$click$2.call(Unknown Source)
	at SON.selectObjectType(SON.groovy:146)
	at SON.son(SON.groovy:73)
	at SON.invokeMethod(SON.groovy)
	at com.kms.katalon.core.main.CustomKeywordDelegatingMetaClass.invokeStaticMethod(CustomKeywordDelegatingMetaClass.java:55)
	at Site Sleeping Cells MonthlyBH.run(Site Sleeping Cells MonthlyBH:25)
	at com.kms.katalon.core.main.ScriptEngine.run(ScriptEngine.java:194)
	at com.kms.katalon.core.main.ScriptEngine.runScriptAsRawText(ScriptEngine.java:119)
	at com.kms.katalon.core.main.TestCaseExecutor.runScript(TestCaseExecutor.java:448)
	at com.kms.katalon.core.main.TestCaseExecutor.doExecute(TestCaseExecutor.java:439)
	at com.kms.katalon.core.main.TestCaseExecutor.processExecutionPhase(TestCaseExecutor.java:418)
	at com.kms.katalon.core.main.TestCaseExecutor.accessMainPhase(TestCaseExecutor.java:410)
	at com.kms.katalon.core.main.TestCaseExecutor.execute(TestCaseExecutor.java:285)
	at com.kms.katalon.core.common.CommonExecutor.accessTestCaseMainPhase(CommonExecutor.java:65)
	at com.kms.katalon.core.main.TestSuiteExecutor.accessTestSuiteMainPhase(TestSuiteExecutor.java:148)
	at com.kms.katalon.core.main.TestSuiteExecutor.execute(TestSuiteExecutor.java:106)
	at com.kms.katalon.core.main.TestCaseMain.startTestSuite(TestCaseMain.java:187)
	at com.kms.katalon.core.main.TestCaseMain$startTestSuite$0.call(Unknown Source)
	at TempTestSuite1725371051772.run(TempTestSuite1725371051772.groovy:35)
Caused by: org.openqa.selenium.WebDriverException: java.net.ConnectException: Failed to connect to localhost/0:0:0:0:0:0:0:1:39060
Build info: version: '3.141.59', revision: 'e82be7d358', time: '2018-11-14T08:25:53'
System info: host: 'LP-FATIMAIBEID', ip: '192.168.9.99', os.name: 'Windows 11', os.arch: 'amd64', os.version: '10.0', java.version: '1.8.0_362'
Driver info: driver.version: EventFiringWebDriver
	at org.openqa.selenium.remote.service.DriverCommandExecutor.execute(DriverCommandExecutor.java:92)
	at org.openqa.selenium.remote.RemoteWebDriver.execute(RemoteWebDriver.java:552)
	at org.openqa.selenium.remote.RemoteWebDriver.findElements(RemoteWebDriver.java:353)
	at org.openqa.selenium.remote.RemoteWebDriver.findElementsByXPath(RemoteWebDriver.java:432)
	at org.openqa.selenium.By$ByXPath.findElements(By.java:348)
	at org.openqa.selenium.remote.RemoteWebDriver.findElements(RemoteWebDriver.java:311)
	at org.openqa.selenium.support.events.EventFiringWebDriver.lambda$new$1(EventFiringWebDriver.java:105)
	at com.sun.proxy.$Proxy11.findElements(Unknown Source)
	at org.openqa.selenium.support.events.EventFiringWebDriver.findElements(EventFiringWebDriver.java:182)
	at com.kms.katalon.core.webui.common.WebUiCommonHelper.findElementByNormalMethods(WebUiCommonHelper.java:1027)
	at com.kms.katalon.core.webui.common.WebUiCommonHelper.findElementsBySelectedMethod(WebUiCommonHelper.java:919)
	at com.kms.katalon.core.webui.common.WebUiCommonHelper.findElementsBySelectedMethod(WebUiCommonHelper.java:901)
	at com.kms.katalon.core.webui.common.WebUiCommonHelper.findElementsBySelectedMethod(WebUiCommonHelper.java:896)
	at com.kms.katalon.core.webui.common.WebUiCommonHelper.findElementsByDefault(WebUiCommonHelper.java:892)
	at com.kms.katalon.core.webui.common.WebUiCommonHelper.findWebElements(WebUiCommonHelper.java:720)
	at com.kms.katalon.core.webui.common.WebUiCommonHelper.findWebElement(WebUiCommonHelper.java:1376)
	at com.kms.katalon.core.webui.keyword.internal.WebUIAbstractKeyword.findWebElement(WebUIAbstractKeyword.groovy:27)
	at com.kms.katalon.core.webui.keyword.builtin.ClickKeyword$_click_closure1.doCall(ClickKeyword.groovy:65)
	at com.kms.katalon.core.webui.keyword.builtin.ClickKeyword$_click_closure1.call(ClickKeyword.groovy)
	at com.kms.katalon.core.webui.keyword.internal.WebUIKeywordMain.runKeyword(WebUIKeywordMain.groovy:20)
	at com.kms.katalon.core.webui.keyword.builtin.ClickKeyword.click(ClickKeyword.groovy:74)
	at com.kms.katalon.core.webui.keyword.builtin.ClickKeyword.execute(ClickKeyword.groovy:40)
	at com.kms.katalon.core.keyword.internal.KeywordExecutor.executeKeywordForPlatform(KeywordExecutor.groovy:74)
	at com.kms.katalon.core.webui.keyword.WebUiBuiltInKeywords.click(WebUiBuiltInKeywords.groovy:620)
	at com.kms.katalon.core.webui.keyword.WebUiBuiltInKeywords$click$2.call(Unknown Source)
	at SON.selectObjectType(SON.groovy:146)
	at SON.son(SON.groovy:73)
	at SON.invokeMethod(SON.groovy)
	at com.kms.katalon.core.main.CustomKeywordDelegatingMetaClass.invokeStaticMethod(CustomKeywordDelegatingMetaClass.java:55)
	at Script1725186648350.run(Script1725186648350.groovy:25)
	... 13 more
Caused by: java.net.ConnectException: Failed to connect to localhost/0:0:0:0:0:0:0:1:39060
	at okhttp3.internal.connection.RealConnection.connectSocket(RealConnection.java:247)
	at okhttp3.internal.connection.RealConnection.connect(RealConnection.java:165)
	at okhttp3.internal.connection.StreamAllocation.findConnection(StreamAllocation.java:257)
	at okhttp3.internal.connection.StreamAllocation.findHealthyConnection(StreamAllocation.java:135)
	at okhttp3.internal.connection.StreamAllocation.newStream(StreamAllocation.java:114)
	at okhttp3.internal.connection.ConnectInterceptor.intercept(ConnectInterceptor.java:42)
	at okhttp3.internal.http.RealInterceptorChain.proceed(RealInterceptorChain.java:147)
	at okhttp3.internal.http.RealInterceptorChain.proceed(RealInterceptorChain.java:121)
	at okhttp3.internal.cache.CacheInterceptor.intercept(CacheInterceptor.java:93)
	at okhttp3.internal.http.RealInterceptorChain.proceed(RealInterceptorChain.java:147)
	at okhttp3.internal.http.RealInterceptorChain.proceed(RealInterceptorChain.java:121)
	at okhttp3.internal.http.BridgeInterceptor.intercept(BridgeInterceptor.java:93)
	at okhttp3.internal.http.RealInterceptorChain.proceed(RealInterceptorChain.java:147)
	at okhttp3.internal.http.RetryAndFollowUpInterceptor.intercept(RetryAndFollowUpInterceptor.java:126)
	at okhttp3.internal.http.RealInterceptorChain.proceed(RealInterceptorChain.java:147)
	at okhttp3.internal.http.RealInterceptorChain.proceed(RealInterceptorChain.java:121)
	at okhttp3.RealCall.getResponseWithInterceptorChain(RealCall.java:200)
	at okhttp3.RealCall.execute(RealCall.java:77)
	at org.openqa.selenium.remote.internal.OkHttpClient.execute(OkHttpClient.java:103)
	at org.openqa.selenium.remote.HttpCommandExecutor.execute(HttpCommandExecutor.java:155)
	at org.openqa.selenium.remote.service.DriverCommandExecutor.execute(DriverCommandExecutor.java:83)
	... 42 more
Caused by: java.net.ConnectException: Connection refused: connect
	at okhttp3.internal.platform.Platform.connectSocket(Platform.java:129)
	at okhttp3.internal.connection.RealConnection.connectSocket(RealConnection.java:245)
	at okhttp3.internal.connection.RealConnection.connect(RealConnection.java:165)
	at okhttp3.internal.connection.StreamAllocation.findConnection(StreamAllocation.java:257)
	at okhttp3.internal.connection.StreamAllocation.findHealthyConnection(StreamAllocation.java:135)
	at okhttp3.internal.connection.StreamAllocation.newStream(StreamAllocation.java:114)
	at okhttp3.internal.connection.ConnectInterceptor.intercept(ConnectInterceptor.java:42)
	at okhttp3.internal.http.RealInterceptorChain.proceed(RealInterceptorChain.java:147)
	at okhttp3.internal.http.RealInterceptorChain.proceed(RealInterceptorChain.java:121)
	at okhttp3.internal.cache.CacheInterceptor.intercept(CacheInterceptor.java:93)
	at okhttp3.internal.http.RealInterceptorChain.proceed(RealInterceptorChain.java:147)
	at okhttp3.internal.http.RealInterceptorChain.proceed(RealInterceptorChain.java:121)
	at okhttp3.internal.http.BridgeInterceptor.intercept(BridgeInterceptor.java:93)
	at okhttp3.internal.http.RealInterceptorChain.proceed(RealInterceptorChain.java:147)
	at okhttp3.internal.http.RetryAndFollowUpInterceptor.intercept(RetryAndFollowUpInterceptor.java:126)
	at okhttp3.internal.http.RealInterceptorChain.proceed(RealInterceptorChain.java:147)
	at okhttp3.internal.http.RealInterceptorChain.proceed(RealInterceptorChain.java:121)
	at okhttp3.RealCall.getResponseWithInterceptorChain(RealCall.java:200)
	at okhttp3.RealCall.execute(RealCall.java:77)
	at org.openqa.selenium.remote.internal.OkHttpClient.execute(OkHttpClient.java:103)
	at org.openqa.selenium.remote.HttpCommandExecutor.execute(HttpCommandExecutor.java:155)
	at org.openqa.selenium.remote.service.DriverCommandExecutor.execute(DriverCommandExecutor.java:83)
	at org.openqa.selenium.remote.RemoteWebDriver.execute(RemoteWebDriver.java:552)
	at org.openqa.selenium.remote.RemoteWebDriver.findElements(RemoteWebDriver.java:353)
	at org.openqa.selenium.remote.RemoteWebDriver.findElementsByXPath(RemoteWebDriver.java:432)
	at org.openqa.selenium.By$ByXPath.findElements(By.java:348)
	at org.openqa.selenium.remote.RemoteWebDriver.findElements(RemoteWebDriver.java:311)
	at org.openqa.selenium.support.events.EventFiringWebDriver.lambda$new$1(EventFiringWebDriver.java:105)
	at com.sun.proxy.$Proxy11.findElements(Unknown Source)
	at org.openqa.selenium.support.events.EventFiringWebDriver.findElements(EventFiringWebDriver.java:182)
	at com.kms.katalon.core.webui.common.WebUiCommonHelper.findElementByNormalMethods(WebUiCommonHelper.java:1027)
	at com.kms.katalon.core.webui.common.WebUiCommonHelper.findElementsBySelectedMethod(WebUiCommonHelper.java:919)
	at com.kms.katalon.core.webui.common.WebUiCommonHelper.findElementsBySelectedMethod(WebUiCommonHelper.java:901)
	at com.kms.katalon.core.webui.common.WebUiCommonHelper.findElementsBySelectedMethod(WebUiCommonHelper.java:896)
	at com.kms.katalon.core.webui.common.WebUiCommonHelper.findElementsByDefault(WebUiCommonHelper.java:892)
	at com.kms.katalon.core.webui.common.WebUiCommonHelper.findWebElements(WebUiCommonHelper.java:720)
	at com.kms.katalon.core.webui.common.WebUiCommonHelper.findWebElement(WebUiCommonHelper.java:1376)
	at com.kms.katalon.core.webui.keyword.internal.WebUIAbstractKeyword.findWebElement(WebUIAbstractKeyword.groovy:27)
	at com.kms.katalon.core.webui.keyword.builtin.ClickKeyword$_click_closure1.doCall(ClickKeyword.groovy:65)
	at com.kms.katalon.core.webui.keyword.builtin.ClickKeyword$_click_closure1.call(ClickKeyword.groovy)
	at com.kms.katalon.core.webui.keyword.internal.WebUIKeywordMain.runKeyword(WebUIKeywordMain.groovy:20)
	at com.kms.katalon.core.webui.keyword.builtin.ClickKeyword.click(ClickKeyword.groovy:74)
	at com.kms.katalon.core.webui.keyword.builtin.ClickKeyword.execute(ClickKeyword.groovy:40)
	at com.kms.katalon.core.keyword.internal.KeywordExecutor.executeKeywordForPlatform(KeywordExecutor.groovy:74)
	at com.kms.katalon.core.webui.keyword.WebUiBuiltInKeywords.click(WebUiBuiltInKeywords.groovy:620)
	at com.kms.katalon.core.webui.keyword.WebUiBuiltInKeywords$click$2.call(Unknown Source)
	at SON.selectObjectType(SON.groovy:146)
	at SON.son(SON.groovy:73)
	at SON.invokeMethod(SON.groovy)
	at com.kms.katalon.core.main.CustomKeywordDelegatingMetaClass.invokeStaticMethod(CustomKeywordDelegatingMetaClass.java:55)
	at Site Sleeping Cells MonthlyBH.run(Site Sleeping Cells MonthlyBH:25)
	... 13 more
"/>
         <system-out><![CDATA[2024-09-03 18:06:07 - [TEST_CASE][FAILED] - Test Cases/SON/Huawei/2G/Site/Site Sleeping Cells MonthlyBH: Test Cases/SON/Huawei/2G/Site/Site Sleeping Cells MonthlyBH FAILED.
Reason:
com.kms.katalon.core.exception.StepFailedException: Unable to click on object 'Object Repository/SON/ObjectType/East Amman site1'
	at com.kms.katalon.core.webui.keyword.internal.WebUIKeywordMain.stepFailed(WebUIKeywordMain.groovy:64)
	at com.kms.katalon.core.webui.keyword.internal.WebUIKeywordMain.runKeyword(WebUIKeywordMain.groovy:26)
	at com.kms.katalon.core.webui.keyword.builtin.ClickKeyword.click(ClickKeyword.groovy:74)
	at com.kms.katalon.core.webui.keyword.builtin.ClickKeyword.execute(ClickKeyword.groovy:40)
	at com.kms.katalon.core.keyword.internal.KeywordExecutor.executeKeywordForPlatform(KeywordExecutor.groovy:74)
	at com.kms.katalon.core.webui.keyword.WebUiBuiltInKeywords.click(WebUiBuiltInKeywords.groovy:620)
	at com.kms.katalon.core.webui.keyword.WebUiBuiltInKeywords$click$2.call(Unknown Source)
	at SON.selectObjectType(SON.groovy:146)
	at SON.son(SON.groovy:73)
	at SON.invokeMethod(SON.groovy)
	at com.kms.katalon.core.main.CustomKeywordDelegatingMetaClass.invokeStaticMethod(CustomKeywordDelegatingMetaClass.java:55)
	at Site Sleeping Cells MonthlyBH.run(Site Sleeping Cells MonthlyBH:25)
	at com.kms.katalon.core.main.ScriptEngine.run(ScriptEngine.java:194)
	at com.kms.katalon.core.main.ScriptEngine.runScriptAsRawText(ScriptEngine.java:119)
	at com.kms.katalon.core.main.TestCaseExecutor.runScript(TestCaseExecutor.java:448)
	at com.kms.katalon.core.main.TestCaseExecutor.doExecute(TestCaseExecutor.java:439)
	at com.kms.katalon.core.main.TestCaseExecutor.processExecutionPhase(TestCaseExecutor.java:418)
	at com.kms.katalon.core.main.TestCaseExecutor.accessMainPhase(TestCaseExecutor.java:410)
	at com.kms.katalon.core.main.TestCaseExecutor.execute(TestCaseExecutor.java:285)
	at com.kms.katalon.core.common.CommonExecutor.accessTestCaseMainPhase(CommonExecutor.java:65)
	at com.kms.katalon.core.main.TestSuiteExecutor.accessTestSuiteMainPhase(TestSuiteExecutor.java:148)
	at com.kms.katalon.core.main.TestSuiteExecutor.execute(TestSuiteExecutor.java:106)
	at com.kms.katalon.core.main.TestCaseMain.startTestSuite(TestCaseMain.java:187)
	at com.kms.katalon.core.main.TestCaseMain$startTestSuite$0.call(Unknown Source)
	at TempTestSuite1725371051772.run(TempTestSuite1725371051772.groovy:35)
Caused by: org.openqa.selenium.WebDriverException: java.net.ConnectException: Failed to connect to localhost/0:0:0:0:0:0:0:1:39060
Build info: version: '3.141.59', revision: 'e82be7d358', time: '2018-11-14T08:25:53'
System info: host: 'LP-FATIMAIBEID', ip: '192.168.9.99', os.name: 'Windows 11', os.arch: 'amd64', os.version: '10.0', java.version: '1.8.0_362'
Driver info: driver.version: EventFiringWebDriver
	at org.openqa.selenium.remote.service.DriverCommandExecutor.execute(DriverCommandExecutor.java:92)
	at org.openqa.selenium.remote.RemoteWebDriver.execute(RemoteWebDriver.java:552)
	at org.openqa.selenium.remote.RemoteWebDriver.findElements(RemoteWebDriver.java:353)
	at org.openqa.selenium.remote.RemoteWebDriver.findElementsByXPath(RemoteWebDriver.java:432)
	at org.openqa.selenium.By$ByXPath.findElements(By.java:348)
	at org.openqa.selenium.remote.RemoteWebDriver.findElements(RemoteWebDriver.java:311)
	at org.openqa.selenium.support.events.EventFiringWebDriver.lambda$new$1(EventFiringWebDriver.java:105)
	at com.sun.proxy.$Proxy11.findElements(Unknown Source)
	at org.openqa.selenium.support.events.EventFiringWebDriver.findElements(EventFiringWebDriver.java:182)
	at com.kms.katalon.core.webui.common.WebUiCommonHelper.findElementByNormalMethods(WebUiCommonHelper.java:1027)
	at com.kms.katalon.core.webui.common.WebUiCommonHelper.findElementsBySelectedMethod(WebUiCommonHelper.java:919)
	at com.kms.katalon.core.webui.common.WebUiCommonHelper.findElementsBySelectedMethod(WebUiCommonHelper.java:901)
	at com.kms.katalon.core.webui.common.WebUiCommonHelper.findElementsBySelectedMethod(WebUiCommonHelper.java:896)
	at com.kms.katalon.core.webui.common.WebUiCommonHelper.findElementsByDefault(WebUiCommonHelper.java:892)
	at com.kms.katalon.core.webui.common.WebUiCommonHelper.findWebElements(WebUiCommonHelper.java:720)
	at com.kms.katalon.core.webui.common.WebUiCommonHelper.findWebElement(WebUiCommonHelper.java:1376)
	at com.kms.katalon.core.webui.keyword.internal.WebUIAbstractKeyword.findWebElement(WebUIAbstractKeyword.groovy:27)
	at com.kms.katalon.core.webui.keyword.builtin.ClickKeyword$_click_closure1.doCall(ClickKeyword.groovy:65)
	at com.kms.katalon.core.webui.keyword.builtin.ClickKeyword$_click_closure1.call(ClickKeyword.groovy)
	at com.kms.katalon.core.webui.keyword.internal.WebUIKeywordMain.runKeyword(WebUIKeywordMain.groovy:20)
	at com.kms.katalon.core.webui.keyword.builtin.ClickKeyword.click(ClickKeyword.groovy:74)
	at com.kms.katalon.core.webui.keyword.builtin.ClickKeyword.execute(ClickKeyword.groovy:40)
	at com.kms.katalon.core.keyword.internal.KeywordExecutor.executeKeywordForPlatform(KeywordExecutor.groovy:74)
	at com.kms.katalon.core.webui.keyword.WebUiBuiltInKeywords.click(WebUiBuiltInKeywords.groovy:620)
	at com.kms.katalon.core.webui.keyword.WebUiBuiltInKeywords$click$2.call(Unknown Source)
	at SON.selectObjectType(SON.groovy:146)
	at SON.son(SON.groovy:73)
	at SON.invokeMethod(SON.groovy)
	at com.kms.katalon.core.main.CustomKeywordDelegatingMetaClass.invokeStaticMethod(CustomKeywordDelegatingMetaClass.java:55)
	at Script1725186648350.run(Script1725186648350.groovy:25)
	... 13 more
Caused by: java.net.ConnectException: Failed to connect to localhost/0:0:0:0:0:0:0:1:39060
	at okhttp3.internal.connection.RealConnection.connectSocket(RealConnection.java:247)
	at okhttp3.internal.connection.RealConnection.connect(RealConnection.java:165)
	at okhttp3.internal.connection.StreamAllocation.findConnection(StreamAllocation.java:257)
	at okhttp3.internal.connection.StreamAllocation.findHealthyConnection(StreamAllocation.java:135)
	at okhttp3.internal.connection.StreamAllocation.newStream(StreamAllocation.java:114)
	at okhttp3.internal.connection.ConnectInterceptor.intercept(ConnectInterceptor.java:42)
	at okhttp3.internal.http.RealInterceptorChain.proceed(RealInterceptorChain.java:147)
	at okhttp3.internal.http.RealInterceptorChain.proceed(RealInterceptorChain.java:121)
	at okhttp3.internal.cache.CacheInterceptor.intercept(CacheInterceptor.java:93)
	at okhttp3.internal.http.RealInterceptorChain.proceed(RealInterceptorChain.java:147)
	at okhttp3.internal.http.RealInterceptorChain.proceed(RealInterceptorChain.java:121)
	at okhttp3.internal.http.BridgeInterceptor.intercept(BridgeInterceptor.java:93)
	at okhttp3.internal.http.RealInterceptorChain.proceed(RealInterceptorChain.java:147)
	at okhttp3.internal.http.RetryAndFollowUpInterceptor.intercept(RetryAndFollowUpInterceptor.java:126)
	at okhttp3.internal.http.RealInterceptorChain.proceed(RealInterceptorChain.java:147)
	at okhttp3.internal.http.RealInterceptorChain.proceed(RealInterceptorChain.java:121)
	at okhttp3.RealCall.getResponseWithInterceptorChain(RealCall.java:200)
	at okhttp3.RealCall.execute(RealCall.java:77)
	at org.openqa.selenium.remote.internal.OkHttpClient.execute(OkHttpClient.java:103)
	at org.openqa.selenium.remote.HttpCommandExecutor.execute(HttpCommandExecutor.java:155)
	at org.openqa.selenium.remote.service.DriverCommandExecutor.execute(DriverCommandExecutor.java:83)
	... 42 more
Caused by: java.net.ConnectException: Connection refused: connect
	at okhttp3.internal.platform.Platform.connectSocket(Platform.java:129)
	at okhttp3.internal.connection.RealConnection.connectSocket(RealConnection.java:245)
	at okhttp3.internal.connection.RealConnection.connect(RealConnection.java:165)
	at okhttp3.internal.connection.StreamAllocation.findConnection(StreamAllocation.java:257)
	at okhttp3.internal.connection.StreamAllocation.findHealthyConnection(StreamAllocation.java:135)
	at okhttp3.internal.connection.StreamAllocation.newStream(StreamAllocation.java:114)
	at okhttp3.internal.connection.ConnectInterceptor.intercept(ConnectInterceptor.java:42)
	at okhttp3.internal.http.RealInterceptorChain.proceed(RealInterceptorChain.java:147)
	at okhttp3.internal.http.RealInterceptorChain.proceed(RealInterceptorChain.java:121)
	at okhttp3.internal.cache.CacheInterceptor.intercept(CacheInterceptor.java:93)
	at okhttp3.internal.http.RealInterceptorChain.proceed(RealInterceptorChain.java:147)
	at okhttp3.internal.http.RealInterceptorChain.proceed(RealInterceptorChain.java:121)
	at okhttp3.internal.http.BridgeInterceptor.intercept(BridgeInterceptor.java:93)
	at okhttp3.internal.http.RealInterceptorChain.proceed(RealInterceptorChain.java:147)
	at okhttp3.internal.http.RetryAndFollowUpInterceptor.intercept(RetryAndFollowUpInterceptor.java:126)
	at okhttp3.internal.http.RealInterceptorChain.proceed(RealInterceptorChain.java:147)
	at okhttp3.internal.http.RealInterceptorChain.proceed(RealInterceptorChain.java:121)
	at okhttp3.RealCall.getResponseWithInterceptorChain(RealCall.java:200)
	at okhttp3.RealCall.execute(RealCall.java:77)
	at org.openqa.selenium.remote.internal.OkHttpClient.execute(OkHttpClient.java:103)
	at org.openqa.selenium.remote.HttpCommandExecutor.execute(HttpCommandExecutor.java:155)
	at org.openqa.selenium.remote.service.DriverCommandExecutor.execute(DriverCommandExecutor.java:83)
	at org.openqa.selenium.remote.RemoteWebDriver.execute(RemoteWebDriver.java:552)
	at org.openqa.selenium.remote.RemoteWebDriver.findElements(RemoteWebDriver.java:353)
	at org.openqa.selenium.remote.RemoteWebDriver.findElementsByXPath(RemoteWebDriver.java:432)
	at org.openqa.selenium.By$ByXPath.findElements(By.java:348)
	at org.openqa.selenium.remote.RemoteWebDriver.findElements(RemoteWebDriver.java:311)
	at org.openqa.selenium.support.events.EventFiringWebDriver.lambda$new$1(EventFiringWebDriver.java:105)
	at com.sun.proxy.$Proxy11.findElements(Unknown Source)
	at org.openqa.selenium.support.events.EventFiringWebDriver.findElements(EventFiringWebDriver.java:182)
	at com.kms.katalon.core.webui.common.WebUiCommonHelper.findElementByNormalMethods(WebUiCommonHelper.java:1027)
	at com.kms.katalon.core.webui.common.WebUiCommonHelper.findElementsBySelectedMethod(WebUiCommonHelper.java:919)
	at com.kms.katalon.core.webui.common.WebUiCommonHelper.findElementsBySelectedMethod(WebUiCommonHelper.java:901)
	at com.kms.katalon.core.webui.common.WebUiCommonHelper.findElementsBySelectedMethod(WebUiCommonHelper.java:896)
	at com.kms.katalon.core.webui.common.WebUiCommonHelper.findElementsByDefault(WebUiCommonHelper.java:892)
	at com.kms.katalon.core.webui.common.WebUiCommonHelper.findWebElements(WebUiCommonHelper.java:720)
	at com.kms.katalon.core.webui.common.WebUiCommonHelper.findWebElement(WebUiCommonHelper.java:1376)
	at com.kms.katalon.core.webui.keyword.internal.WebUIAbstractKeyword.findWebElement(WebUIAbstractKeyword.groovy:27)
	at com.kms.katalon.core.webui.keyword.builtin.ClickKeyword$_click_closure1.doCall(ClickKeyword.groovy:65)
	at com.kms.katalon.core.webui.keyword.builtin.ClickKeyword$_click_closure1.call(ClickKeyword.groovy)
	at com.kms.katalon.core.webui.keyword.internal.WebUIKeywordMain.runKeyword(WebUIKeywordMain.groovy:20)
	at com.kms.katalon.core.webui.keyword.builtin.ClickKeyword.click(ClickKeyword.groovy:74)
	at com.kms.katalon.core.webui.keyword.builtin.ClickKeyword.execute(ClickKeyword.groovy:40)
	at com.kms.katalon.core.keyword.internal.KeywordExecutor.executeKeywordForPlatform(KeywordExecutor.groovy:74)
	at com.kms.katalon.core.webui.keyword.WebUiBuiltInKeywords.click(WebUiBuiltInKeywords.groovy:620)
	at com.kms.katalon.core.webui.keyword.WebUiBuiltInKeywords$click$2.call(Unknown Source)
	at SON.selectObjectType(SON.groovy:146)
	at SON.son(SON.groovy:73)
	at SON.invokeMethod(SON.groovy)
	at com.kms.katalon.core.main.CustomKeywordDelegatingMetaClass.invokeStaticMethod(CustomKeywordDelegatingMetaClass.java:55)
	at Site Sleeping Cells MonthlyBH.run(Site Sleeping Cells MonthlyBH:25)
	... 13 more


2024-09-03 18:06:07 - [TEST_STEP][PASSED] - callTestCase(findTestCase("Login"), [:], STOP_ON_FAILURE): Call Test Case 'Test Cases/Login' successfully

2024-09-03 18:06:07 - [TEST_CASE][PASSED] - Test Cases/Login: Test Cases/Login

2024-09-03 18:06:07 - [TEST_STEP][PASSED] - driver = general.start(SwagerURL, NetCellURL): general.start is PASSED

2024-09-03 18:06:07 - [MESSAGE][INFO] - >>> chromeDriverPath=C:\Users\FatimaIbeid\.katalon\packages\Katalon_Studio_Windows_64-8.6.9\Katalon_Studio_Windows_64-8.6.9\configuration\resources\drivers\chromedriver_win32\chromedriver.exe

2024-09-03 18:06:08 - [MESSAGE][PASSED] - Current window maximized

2024-09-03 18:06:09 - [MESSAGE][PASSED] - Execute JavaScript 'window.open();' successfully

2024-09-03 18:06:09 - [MESSAGE][PASSED] - Switched to window with index: '1'

2024-09-03 18:06:20 - [MESSAGE][PASSED] - general.start is PASSED

2024-09-03 18:06:20 - [TEST_STEP][PASSED] - click(findTestObject("Object Repository/Login/LoginButton")): Object: 'Object Repository/Login/LoginButton' is clicked on

2024-09-03 18:06:20 - [MESSAGE][PASSED] - Object: 'Object Repository/Login/LoginButton' is clicked on

2024-09-03 18:06:20 - [TEST_STEP][PASSED] - switchToWindowIndex(2): Switched to window with index: '2'

2024-09-03 18:06:20 - [MESSAGE][PASSED] - Switched to window with index: '2'

2024-09-03 18:06:20 - [TEST_STEP][PASSED] - delay(1): Delayed 1 second(s)

2024-09-03 18:06:21 - [MESSAGE][PASSED] - Delayed 1 second(s)

2024-09-03 18:06:21 - [TEST_STEP][PASSED] - sendKeys(findTestObject("Object Repository/Login/EnterEmail"), "homam@zztjg.onmicrosoft.com"): Keys 'homam@zztjg.onmicrosoft.com' sent to object: 'Object Repository/Login/EnterEmail'

2024-09-03 18:06:22 - [MESSAGE][PASSED] - Keys 'homam@zztjg.onmicrosoft.com' sent to object: 'Object Repository/Login/EnterEmail'

2024-09-03 18:06:22 - [TEST_STEP][PASSED] - delay(1): Delayed 1 second(s)

2024-09-03 18:06:23 - [MESSAGE][PASSED] - Delayed 1 second(s)

2024-09-03 18:06:23 - [TEST_STEP][PASSED] - click(findTestObject("Object Repository/Login/NextButton")): Object: 'Object Repository/Login/NextButton' is clicked on

2024-09-03 18:06:23 - [MESSAGE][PASSED] - Object: 'Object Repository/Login/NextButton' is clicked on

2024-09-03 18:06:23 - [TEST_STEP][PASSED] - delay(2): Delayed 2 second(s)

2024-09-03 18:06:25 - [MESSAGE][PASSED] - Delayed 2 second(s)

2024-09-03 18:06:25 - [TEST_STEP][PASSED] - sendKeys(findTestObject("Object Repository/Login/EnterPassword"), "Holder12345"): Keys 'Holder12345' sent to object: 'Object Repository/Login/EnterPassword'

2024-09-03 18:06:26 - [MESSAGE][PASSED] - Keys 'Holder12345' sent to object: 'Object Repository/Login/EnterPassword'

2024-09-03 18:06:26 - [TEST_STEP][PASSED] - delay(1): Delayed 1 second(s)

2024-09-03 18:06:27 - [MESSAGE][PASSED] - Delayed 1 second(s)

2024-09-03 18:06:27 - [TEST_STEP][PASSED] - click(findTestObject("Object Repository/Login/SigninButton")): Object: 'Object Repository/Login/SigninButton' is clicked on

2024-09-03 18:06:27 - [MESSAGE][PASSED] - Object: 'Object Repository/Login/SigninButton' is clicked on

2024-09-03 18:06:27 - [TEST_STEP][PASSED] - delay(1): Delayed 1 second(s)

2024-09-03 18:06:28 - [MESSAGE][PASSED] - Delayed 1 second(s)

2024-09-03 18:06:28 - [TEST_STEP][PASSED] - click(findTestObject("Object Repository/Login/YesStayInButton")): Object: 'Object Repository/Login/YesStayInButton' is clicked on

2024-09-03 18:06:28 - [MESSAGE][PASSED] - Object: 'Object Repository/Login/YesStayInButton' is clicked on

2024-09-03 18:06:28 - [MESSAGE][PASSED] - Call Test Case 'Test Cases/Login' successfully

2024-09-03 18:06:28 - [TEST_STEP][PASSED] - switchToWindowIndex(1): Switched to window with index: '1'

2024-09-03 18:06:28 - [MESSAGE][PASSED] - Switched to window with index: '1'

2024-09-03 18:06:28 - [TEST_STEP][FAILED] - SON.son("huawei", "2G", "Site", "Sleeping Cells", "MonthlyBH", ""): Unable to click on object 'Object Repository/SON/ObjectType/East Amman site1'

2024-09-03 18:06:30 - [MESSAGE][PASSED] - Object: 'Object Repository/SON/sonBtn' is clicked on

2024-09-03 18:06:30 - [MESSAGE][PASSED] - Switched to window with index: '2'

2024-09-03 18:06:41 - [MESSAGE][PASSED] - Object: 'Object Repository/PM/Huawei-vendor/Technology/Technology-Arrow' is clicked on

2024-09-03 18:06:41 - [MESSAGE][PASSED] - Object: 'Object Repository/PM/Huawei-vendor/Technology/2G' is clicked on

2024-09-03 18:06:41 - [MESSAGE][PASSED] - Object: 'Object Repository/PM/Huawei-vendor/TopX/TopX Object Type' is clicked on

2024-09-03 18:06:42 - [MESSAGE][PASSED] - Delayed 1 second(s)

2024-09-03 18:06:42 - [MESSAGE][PASSED] - Object: 'Object Repository/PM/Huawei-vendor/Object-Type/TopX Object Types/TopX Sites/TopX Site' is clicked on

2024-09-03 18:06:43 - [MESSAGE][PASSED] - Delayed 1 second(s)

2024-09-03 18:06:43 - [MESSAGE][WARNING] - Timeout '0' is invalid. Using default page load timeout: '120'

2024-09-03 18:06:43 - [MESSAGE][PASSED] - Scroll to object 'Object Repository/PM/Huawei-vendor/Object Border' successfully

2024-09-03 18:06:43 - [MESSAGE][PASSED] - Object: 'Object Repository/PM/Huawei-vendor/Object-Type/TopX Object Types/TopX Sites/TopX East Amman Arrow' is clicked on

2024-09-03 18:08:22 - [MESSAGE][WARNING] - Cannot take screenshot

2024-09-03 18:08:22 - [MESSAGE][FAILED] - Unable to click on object 'Object Repository/SON/ObjectType/East Amman site1' (Root cause: com.kms.katalon.core.exception.StepFailedException: Unable to click on object 'Object Repository/SON/ObjectType/East Amman site1'
	at com.kms.katalon.core.webui.keyword.internal.WebUIKeywordMain.stepFailed(WebUIKeywordMain.groovy:64)
	at com.kms.katalon.core.webui.keyword.internal.WebUIKeywordMain.runKeyword(WebUIKeywordMain.groovy:26)
	at com.kms.katalon.core.webui.keyword.builtin.ClickKeyword.click(ClickKeyword.groovy:74)
	at com.kms.katalon.core.webui.keyword.builtin.ClickKeyword.execute(ClickKeyword.groovy:40)
	at com.kms.katalon.core.keyword.internal.KeywordExecutor.executeKeywordForPlatform(KeywordExecutor.groovy:74)
	at com.kms.katalon.core.webui.keyword.WebUiBuiltInKeywords.click(WebUiBuiltInKeywords.groovy:620)
	at com.kms.katalon.core.webui.keyword.WebUiBuiltInKeywords$click$2.call(Unknown Source)
	at SON.selectObjectType(SON.groovy:146)
	at SON.son(SON.groovy:73)
	at SON.invokeMethod(SON.groovy)
	at com.kms.katalon.core.main.CustomKeywordDelegatingMetaClass.invokeStaticMethod(CustomKeywordDelegatingMetaClass.java:55)
	at Site Sleeping Cells MonthlyBH.run(Site Sleeping Cells MonthlyBH:25)
	at com.kms.katalon.core.main.ScriptEngine.run(ScriptEngine.java:194)
	at com.kms.katalon.core.main.ScriptEngine.runScriptAsRawText(ScriptEngine.java:119)
	at com.kms.katalon.core.main.TestCaseExecutor.runScript(TestCaseExecutor.java:448)
	at com.kms.katalon.core.main.TestCaseExecutor.doExecute(TestCaseExecutor.java:439)
	at com.kms.katalon.core.main.TestCaseExecutor.processExecutionPhase(TestCaseExecutor.java:418)
	at com.kms.katalon.core.main.TestCaseExecutor.accessMainPhase(TestCaseExecutor.java:410)
	at com.kms.katalon.core.main.TestCaseExecutor.execute(TestCaseExecutor.java:285)
	at com.kms.katalon.core.common.CommonExecutor.accessTestCaseMainPhase(CommonExecutor.java:65)
	at com.kms.katalon.core.main.TestSuiteExecutor.accessTestSuiteMainPhase(TestSuiteExecutor.java:148)
	at com.kms.katalon.core.main.TestSuiteExecutor.execute(TestSuiteExecutor.java:106)
	at com.kms.katalon.core.main.TestCaseMain.startTestSuite(TestCaseMain.java:187)
	at com.kms.katalon.core.main.TestCaseMain$startTestSuite$0.call(Unknown Source)
	at TempTestSuite1725371051772.run(TempTestSuite1725371051772.groovy:35)
Caused by: org.openqa.selenium.WebDriverException: java.net.ConnectException: Failed to connect to localhost/0:0:0:0:0:0:0:1:39060
Build info: version: '3.141.59', revision: 'e82be7d358', time: '2018-11-14T08:25:53'
System info: host: 'LP-FATIMAIBEID', ip: '192.168.9.99', os.name: 'Windows 11', os.arch: 'amd64', os.version: '10.0', java.version: '1.8.0_362'
Driver info: driver.version: EventFiringWebDriver
	at org.openqa.selenium.remote.service.DriverCommandExecutor.execute(DriverCommandExecutor.java:92)
	at org.openqa.selenium.remote.RemoteWebDriver.execute(RemoteWebDriver.java:552)
	at org.openqa.selenium.remote.RemoteWebDriver.findElements(RemoteWebDriver.java:353)
	at org.openqa.selenium.remote.RemoteWebDriver.findElementsByXPath(RemoteWebDriver.java:432)
	at org.openqa.selenium.By$ByXPath.findElements(By.java:348)
	at org.openqa.selenium.remote.RemoteWebDriver.findElements(RemoteWebDriver.java:311)
	at org.openqa.selenium.support.events.EventFiringWebDriver.lambda$new$1(EventFiringWebDriver.java:105)
	at com.sun.proxy.$Proxy11.findElements(Unknown Source)
	at org.openqa.selenium.support.events.EventFiringWebDriver.findElements(EventFiringWebDriver.java:182)
	at com.kms.katalon.core.webui.common.WebUiCommonHelper.findElementByNormalMethods(WebUiCommonHelper.java:1027)
	at com.kms.katalon.core.webui.common.WebUiCommonHelper.findElementsBySelectedMethod(WebUiCommonHelper.java:919)
	at com.kms.katalon.core.webui.common.WebUiCommonHelper.findElementsBySelectedMethod(WebUiCommonHelper.java:901)
	at com.kms.katalon.core.webui.common.WebUiCommonHelper.findElementsBySelectedMethod(WebUiCommonHelper.java:896)
	at com.kms.katalon.core.webui.common.WebUiCommonHelper.findElementsByDefault(WebUiCommonHelper.java:892)
	at com.kms.katalon.core.webui.common.WebUiCommonHelper.findWebElements(WebUiCommonHelper.java:720)
	at com.kms.katalon.core.webui.common.WebUiCommonHelper.findWebElement(WebUiCommonHelper.java:1376)
	at com.kms.katalon.core.webui.keyword.internal.WebUIAbstractKeyword.findWebElement(WebUIAbstractKeyword.groovy:27)
	at com.kms.katalon.core.webui.keyword.builtin.ClickKeyword$_click_closure1.doCall(ClickKeyword.groovy:65)
	at com.kms.katalon.core.webui.keyword.builtin.ClickKeyword$_click_closure1.call(ClickKeyword.groovy)
	at com.kms.katalon.core.webui.keyword.internal.WebUIKeywordMain.runKeyword(WebUIKeywordMain.groovy:20)
	at com.kms.katalon.core.webui.keyword.builtin.ClickKeyword.click(ClickKeyword.groovy:74)
	at com.kms.katalon.core.webui.keyword.builtin.ClickKeyword.execute(ClickKeyword.groovy:40)
	at com.kms.katalon.core.keyword.internal.KeywordExecutor.executeKeywordForPlatform(KeywordExecutor.groovy:74)
	at com.kms.katalon.core.webui.keyword.WebUiBuiltInKeywords.click(WebUiBuiltInKeywords.groovy:620)
	at com.kms.katalon.core.webui.keyword.WebUiBuiltInKeywords$click$2.call(Unknown Source)
	at SON.selectObjectType(SON.groovy:146)
	at SON.son(SON.groovy:73)
	at SON.invokeMethod(SON.groovy)
	at com.kms.katalon.core.main.CustomKeywordDelegatingMetaClass.invokeStaticMethod(CustomKeywordDelegatingMetaClass.java:55)
	at Script1725186648350.run(Script1725186648350.groovy:25)
	... 13 more
Caused by: java.net.ConnectException: Failed to connect to localhost/0:0:0:0:0:0:0:1:39060
	at okhttp3.internal.connection.RealConnection.connectSocket(RealConnection.java:247)
	at okhttp3.internal.connection.RealConnection.connect(RealConnection.java:165)
	at okhttp3.internal.connection.StreamAllocation.findConnection(StreamAllocation.java:257)
	at okhttp3.internal.connection.StreamAllocation.findHealthyConnection(StreamAllocation.java:135)
	at okhttp3.internal.connection.StreamAllocation.newStream(StreamAllocation.java:114)
	at okhttp3.internal.connection.ConnectInterceptor.intercept(ConnectInterceptor.java:42)
	at okhttp3.internal.http.RealInterceptorChain.proceed(RealInterceptorChain.java:147)
	at okhttp3.internal.http.RealInterceptorChain.proceed(RealInterceptorChain.java:121)
	at okhttp3.internal.cache.CacheInterceptor.intercept(CacheInterceptor.java:93)
	at okhttp3.internal.http.RealInterceptorChain.proceed(RealInterceptorChain.java:147)
	at okhttp3.internal.http.RealInterceptorChain.proceed(RealInterceptorChain.java:121)
	at okhttp3.internal.http.BridgeInterceptor.intercept(BridgeInterceptor.java:93)
	at okhttp3.internal.http.RealInterceptorChain.proceed(RealInterceptorChain.java:147)
	at okhttp3.internal.http.RetryAndFollowUpInterceptor.intercept(RetryAndFollowUpInterceptor.java:126)
	at okhttp3.internal.http.RealInterceptorChain.proceed(RealInterceptorChain.java:147)
	at okhttp3.internal.http.RealInterceptorChain.proceed(RealInterceptorChain.java:121)
	at okhttp3.RealCall.getResponseWithInterceptorChain(RealCall.java:200)
	at okhttp3.RealCall.execute(RealCall.java:77)
	at org.openqa.selenium.remote.internal.OkHttpClient.execute(OkHttpClient.java:103)
	at org.openqa.selenium.remote.HttpCommandExecutor.execute(HttpCommandExecutor.java:155)
	at org.openqa.selenium.remote.service.DriverCommandExecutor.execute(DriverCommandExecutor.java:83)
	... 42 more
Caused by: java.net.ConnectException: Connection refused: connect
	at okhttp3.internal.platform.Platform.connectSocket(Platform.java:129)
	at okhttp3.internal.connection.RealConnection.connectSocket(RealConnection.java:245)
	... 62 more
)

2024-09-03 18:08:22 - [MESSAGE][FAILED] - Unable to click on object 'Object Repository/SON/ObjectType/East Amman site1']]></system-out>
         <system-err><![CDATA[2024-09-03 18:06:07 - [TEST_CASE][FAILED] - Test Cases/SON/Huawei/2G/Site/Site Sleeping Cells MonthlyBH: Test Cases/SON/Huawei/2G/Site/Site Sleeping Cells MonthlyBH FAILED.
Reason:
com.kms.katalon.core.exception.StepFailedException: Unable to click on object 'Object Repository/SON/ObjectType/East Amman site1'
	at com.kms.katalon.core.webui.keyword.internal.WebUIKeywordMain.stepFailed(WebUIKeywordMain.groovy:64)
	at com.kms.katalon.core.webui.keyword.internal.WebUIKeywordMain.runKeyword(WebUIKeywordMain.groovy:26)
	at com.kms.katalon.core.webui.keyword.builtin.ClickKeyword.click(ClickKeyword.groovy:74)
	at com.kms.katalon.core.webui.keyword.builtin.ClickKeyword.execute(ClickKeyword.groovy:40)
	at com.kms.katalon.core.keyword.internal.KeywordExecutor.executeKeywordForPlatform(KeywordExecutor.groovy:74)
	at com.kms.katalon.core.webui.keyword.WebUiBuiltInKeywords.click(WebUiBuiltInKeywords.groovy:620)
	at com.kms.katalon.core.webui.keyword.WebUiBuiltInKeywords$click$2.call(Unknown Source)
	at SON.selectObjectType(SON.groovy:146)
	at SON.son(SON.groovy:73)
	at SON.invokeMethod(SON.groovy)
	at com.kms.katalon.core.main.CustomKeywordDelegatingMetaClass.invokeStaticMethod(CustomKeywordDelegatingMetaClass.java:55)
	at Site Sleeping Cells MonthlyBH.run(Site Sleeping Cells MonthlyBH:25)
	at com.kms.katalon.core.main.ScriptEngine.run(ScriptEngine.java:194)
	at com.kms.katalon.core.main.ScriptEngine.runScriptAsRawText(ScriptEngine.java:119)
	at com.kms.katalon.core.main.TestCaseExecutor.runScript(TestCaseExecutor.java:448)
	at com.kms.katalon.core.main.TestCaseExecutor.doExecute(TestCaseExecutor.java:439)
	at com.kms.katalon.core.main.TestCaseExecutor.processExecutionPhase(TestCaseExecutor.java:418)
	at com.kms.katalon.core.main.TestCaseExecutor.accessMainPhase(TestCaseExecutor.java:410)
	at com.kms.katalon.core.main.TestCaseExecutor.execute(TestCaseExecutor.java:285)
	at com.kms.katalon.core.common.CommonExecutor.accessTestCaseMainPhase(CommonExecutor.java:65)
	at com.kms.katalon.core.main.TestSuiteExecutor.accessTestSuiteMainPhase(TestSuiteExecutor.java:148)
	at com.kms.katalon.core.main.TestSuiteExecutor.execute(TestSuiteExecutor.java:106)
	at com.kms.katalon.core.main.TestCaseMain.startTestSuite(TestCaseMain.java:187)
	at com.kms.katalon.core.main.TestCaseMain$startTestSuite$0.call(Unknown Source)
	at TempTestSuite1725371051772.run(TempTestSuite1725371051772.groovy:35)
Caused by: org.openqa.selenium.WebDriverException: java.net.ConnectException: Failed to connect to localhost/0:0:0:0:0:0:0:1:39060
Build info: version: '3.141.59', revision: 'e82be7d358', time: '2018-11-14T08:25:53'
System info: host: 'LP-FATIMAIBEID', ip: '192.168.9.99', os.name: 'Windows 11', os.arch: 'amd64', os.version: '10.0', java.version: '1.8.0_362'
Driver info: driver.version: EventFiringWebDriver
	at org.openqa.selenium.remote.service.DriverCommandExecutor.execute(DriverCommandExecutor.java:92)
	at org.openqa.selenium.remote.RemoteWebDriver.execute(RemoteWebDriver.java:552)
	at org.openqa.selenium.remote.RemoteWebDriver.findElements(RemoteWebDriver.java:353)
	at org.openqa.selenium.remote.RemoteWebDriver.findElementsByXPath(RemoteWebDriver.java:432)
	at org.openqa.selenium.By$ByXPath.findElements(By.java:348)
	at org.openqa.selenium.remote.RemoteWebDriver.findElements(RemoteWebDriver.java:311)
	at org.openqa.selenium.support.events.EventFiringWebDriver.lambda$new$1(EventFiringWebDriver.java:105)
	at com.sun.proxy.$Proxy11.findElements(Unknown Source)
	at org.openqa.selenium.support.events.EventFiringWebDriver.findElements(EventFiringWebDriver.java:182)
	at com.kms.katalon.core.webui.common.WebUiCommonHelper.findElementByNormalMethods(WebUiCommonHelper.java:1027)
	at com.kms.katalon.core.webui.common.WebUiCommonHelper.findElementsBySelectedMethod(WebUiCommonHelper.java:919)
	at com.kms.katalon.core.webui.common.WebUiCommonHelper.findElementsBySelectedMethod(WebUiCommonHelper.java:901)
	at com.kms.katalon.core.webui.common.WebUiCommonHelper.findElementsBySelectedMethod(WebUiCommonHelper.java:896)
	at com.kms.katalon.core.webui.common.WebUiCommonHelper.findElementsByDefault(WebUiCommonHelper.java:892)
	at com.kms.katalon.core.webui.common.WebUiCommonHelper.findWebElements(WebUiCommonHelper.java:720)
	at com.kms.katalon.core.webui.common.WebUiCommonHelper.findWebElement(WebUiCommonHelper.java:1376)
	at com.kms.katalon.core.webui.keyword.internal.WebUIAbstractKeyword.findWebElement(WebUIAbstractKeyword.groovy:27)
	at com.kms.katalon.core.webui.keyword.builtin.ClickKeyword$_click_closure1.doCall(ClickKeyword.groovy:65)
	at com.kms.katalon.core.webui.keyword.builtin.ClickKeyword$_click_closure1.call(ClickKeyword.groovy)
	at com.kms.katalon.core.webui.keyword.internal.WebUIKeywordMain.runKeyword(WebUIKeywordMain.groovy:20)
	at com.kms.katalon.core.webui.keyword.builtin.ClickKeyword.click(ClickKeyword.groovy:74)
	at com.kms.katalon.core.webui.keyword.builtin.ClickKeyword.execute(ClickKeyword.groovy:40)
	at com.kms.katalon.core.keyword.internal.KeywordExecutor.executeKeywordForPlatform(KeywordExecutor.groovy:74)
	at com.kms.katalon.core.webui.keyword.WebUiBuiltInKeywords.click(WebUiBuiltInKeywords.groovy:620)
	at com.kms.katalon.core.webui.keyword.WebUiBuiltInKeywords$click$2.call(Unknown Source)
	at SON.selectObjectType(SON.groovy:146)
	at SON.son(SON.groovy:73)
	at SON.invokeMethod(SON.groovy)
	at com.kms.katalon.core.main.CustomKeywordDelegatingMetaClass.invokeStaticMethod(CustomKeywordDelegatingMetaClass.java:55)
	at Script1725186648350.run(Script1725186648350.groovy:25)
	... 13 more
Caused by: java.net.ConnectException: Failed to connect to localhost/0:0:0:0:0:0:0:1:39060
	at okhttp3.internal.connection.RealConnection.connectSocket(RealConnection.java:247)
	at okhttp3.internal.connection.RealConnection.connect(RealConnection.java:165)
	at okhttp3.internal.connection.StreamAllocation.findConnection(StreamAllocation.java:257)
	at okhttp3.internal.connection.StreamAllocation.findHealthyConnection(StreamAllocation.java:135)
	at okhttp3.internal.connection.StreamAllocation.newStream(StreamAllocation.java:114)
	at okhttp3.internal.connection.ConnectInterceptor.intercept(ConnectInterceptor.java:42)
	at okhttp3.internal.http.RealInterceptorChain.proceed(RealInterceptorChain.java:147)
	at okhttp3.internal.http.RealInterceptorChain.proceed(RealInterceptorChain.java:121)
	at okhttp3.internal.cache.CacheInterceptor.intercept(CacheInterceptor.java:93)
	at okhttp3.internal.http.RealInterceptorChain.proceed(RealInterceptorChain.java:147)
	at okhttp3.internal.http.RealInterceptorChain.proceed(RealInterceptorChain.java:121)
	at okhttp3.internal.http.BridgeInterceptor.intercept(BridgeInterceptor.java:93)
	at okhttp3.internal.http.RealInterceptorChain.proceed(RealInterceptorChain.java:147)
	at okhttp3.internal.http.RetryAndFollowUpInterceptor.intercept(RetryAndFollowUpInterceptor.java:126)
	at okhttp3.internal.http.RealInterceptorChain.proceed(RealInterceptorChain.java:147)
	at okhttp3.internal.http.RealInterceptorChain.proceed(RealInterceptorChain.java:121)
	at okhttp3.RealCall.getResponseWithInterceptorChain(RealCall.java:200)
	at okhttp3.RealCall.execute(RealCall.java:77)
	at org.openqa.selenium.remote.internal.OkHttpClient.execute(OkHttpClient.java:103)
	at org.openqa.selenium.remote.HttpCommandExecutor.execute(HttpCommandExecutor.java:155)
	at org.openqa.selenium.remote.service.DriverCommandExecutor.execute(DriverCommandExecutor.java:83)
	... 42 more
Caused by: java.net.ConnectException: Connection refused: connect
	at okhttp3.internal.platform.Platform.connectSocket(Platform.java:129)
	at okhttp3.internal.connection.RealConnection.connectSocket(RealConnection.java:245)
	at okhttp3.internal.connection.RealConnection.connect(RealConnection.java:165)
	at okhttp3.internal.connection.StreamAllocation.findConnection(StreamAllocation.java:257)
	at okhttp3.internal.connection.StreamAllocation.findHealthyConnection(StreamAllocation.java:135)
	at okhttp3.internal.connection.StreamAllocation.newStream(StreamAllocation.java:114)
	at okhttp3.internal.connection.ConnectInterceptor.intercept(ConnectInterceptor.java:42)
	at okhttp3.internal.http.RealInterceptorChain.proceed(RealInterceptorChain.java:147)
	at okhttp3.internal.http.RealInterceptorChain.proceed(RealInterceptorChain.java:121)
	at okhttp3.internal.cache.CacheInterceptor.intercept(CacheInterceptor.java:93)
	at okhttp3.internal.http.RealInterceptorChain.proceed(RealInterceptorChain.java:147)
	at okhttp3.internal.http.RealInterceptorChain.proceed(RealInterceptorChain.java:121)
	at okhttp3.internal.http.BridgeInterceptor.intercept(BridgeInterceptor.java:93)
	at okhttp3.internal.http.RealInterceptorChain.proceed(RealInterceptorChain.java:147)
	at okhttp3.internal.http.RetryAndFollowUpInterceptor.intercept(RetryAndFollowUpInterceptor.java:126)
	at okhttp3.internal.http.RealInterceptorChain.proceed(RealInterceptorChain.java:147)
	at okhttp3.internal.http.RealInterceptorChain.proceed(RealInterceptorChain.java:121)
	at okhttp3.RealCall.getResponseWithInterceptorChain(RealCall.java:200)
	at okhttp3.RealCall.execute(RealCall.java:77)
	at org.openqa.selenium.remote.internal.OkHttpClient.execute(OkHttpClient.java:103)
	at org.openqa.selenium.remote.HttpCommandExecutor.execute(HttpCommandExecutor.java:155)
	at org.openqa.selenium.remote.service.DriverCommandExecutor.execute(DriverCommandExecutor.java:83)
	at org.openqa.selenium.remote.RemoteWebDriver.execute(RemoteWebDriver.java:552)
	at org.openqa.selenium.remote.RemoteWebDriver.findElements(RemoteWebDriver.java:353)
	at org.openqa.selenium.remote.RemoteWebDriver.findElementsByXPath(RemoteWebDriver.java:432)
	at org.openqa.selenium.By$ByXPath.findElements(By.java:348)
	at org.openqa.selenium.remote.RemoteWebDriver.findElements(RemoteWebDriver.java:311)
	at org.openqa.selenium.support.events.EventFiringWebDriver.lambda$new$1(EventFiringWebDriver.java:105)
	at com.sun.proxy.$Proxy11.findElements(Unknown Source)
	at org.openqa.selenium.support.events.EventFiringWebDriver.findElements(EventFiringWebDriver.java:182)
	at com.kms.katalon.core.webui.common.WebUiCommonHelper.findElementByNormalMethods(WebUiCommonHelper.java:1027)
	at com.kms.katalon.core.webui.common.WebUiCommonHelper.findElementsBySelectedMethod(WebUiCommonHelper.java:919)
	at com.kms.katalon.core.webui.common.WebUiCommonHelper.findElementsBySelectedMethod(WebUiCommonHelper.java:901)
	at com.kms.katalon.core.webui.common.WebUiCommonHelper.findElementsBySelectedMethod(WebUiCommonHelper.java:896)
	at com.kms.katalon.core.webui.common.WebUiCommonHelper.findElementsByDefault(WebUiCommonHelper.java:892)
	at com.kms.katalon.core.webui.common.WebUiCommonHelper.findWebElements(WebUiCommonHelper.java:720)
	at com.kms.katalon.core.webui.common.WebUiCommonHelper.findWebElement(WebUiCommonHelper.java:1376)
	at com.kms.katalon.core.webui.keyword.internal.WebUIAbstractKeyword.findWebElement(WebUIAbstractKeyword.groovy:27)
	at com.kms.katalon.core.webui.keyword.builtin.ClickKeyword$_click_closure1.doCall(ClickKeyword.groovy:65)
	at com.kms.katalon.core.webui.keyword.builtin.ClickKeyword$_click_closure1.call(ClickKeyword.groovy)
	at com.kms.katalon.core.webui.keyword.internal.WebUIKeywordMain.runKeyword(WebUIKeywordMain.groovy:20)
	at com.kms.katalon.core.webui.keyword.builtin.ClickKeyword.click(ClickKeyword.groovy:74)
	at com.kms.katalon.core.webui.keyword.builtin.ClickKeyword.execute(ClickKeyword.groovy:40)
	at com.kms.katalon.core.keyword.internal.KeywordExecutor.executeKeywordForPlatform(KeywordExecutor.groovy:74)
	at com.kms.katalon.core.webui.keyword.WebUiBuiltInKeywords.click(WebUiBuiltInKeywords.groovy:620)
	at com.kms.katalon.core.webui.keyword.WebUiBuiltInKeywords$click$2.call(Unknown Source)
	at SON.selectObjectType(SON.groovy:146)
	at SON.son(SON.groovy:73)
	at SON.invokeMethod(SON.groovy)
	at com.kms.katalon.core.main.CustomKeywordDelegatingMetaClass.invokeStaticMethod(CustomKeywordDelegatingMetaClass.java:55)
	at Site Sleeping Cells MonthlyBH.run(Site Sleeping Cells MonthlyBH:25)
	... 13 more]]></system-err>
      </testcase>
      <testcase name="Test Cases/SON/Huawei/2G/Cell/Cell Sleeping Cells MonthlyBH" time="54.955" classname="Test Cases/SON/Huawei/2G/Cell/Cell Sleeping Cells MonthlyBH" status="PASSED">
         <system-out><![CDATA[2024-09-03 18:08:22 - [TEST_CASE][PASSED] - Test Cases/SON/Huawei/2G/Cell/Cell Sleeping Cells MonthlyBH: Test Cases/SON/Huawei/2G/Cell/Cell Sleeping Cells MonthlyBH

2024-09-03 18:08:23 - [TEST_STEP][PASSED] - callTestCase(findTestCase("Login"), [:], STOP_ON_FAILURE): Call Test Case 'Test Cases/Login' successfully

2024-09-03 18:08:23 - [TEST_CASE][PASSED] - Test Cases/Login: Test Cases/Login

2024-09-03 18:08:23 - [TEST_STEP][PASSED] - driver = general.start(SwagerURL, NetCellURL): general.start is PASSED

2024-09-03 18:08:23 - [MESSAGE][INFO] - >>> chromeDriverPath=C:\Users\FatimaIbeid\.katalon\packages\Katalon_Studio_Windows_64-8.6.9\Katalon_Studio_Windows_64-8.6.9\configuration\resources\drivers\chromedriver_win32\chromedriver.exe

2024-09-03 18:08:24 - [MESSAGE][PASSED] - Current window maximized

2024-09-03 18:08:24 - [MESSAGE][PASSED] - Execute JavaScript 'window.open();' successfully

2024-09-03 18:08:24 - [MESSAGE][PASSED] - Switched to window with index: '1'

2024-09-03 18:08:35 - [MESSAGE][PASSED] - general.start is PASSED

2024-09-03 18:08:35 - [TEST_STEP][PASSED] - click(findTestObject("Object Repository/Login/LoginButton")): Object: 'Object Repository/Login/LoginButton' is clicked on

2024-09-03 18:08:35 - [MESSAGE][PASSED] - Object: 'Object Repository/Login/LoginButton' is clicked on

2024-09-03 18:08:35 - [TEST_STEP][PASSED] - switchToWindowIndex(2): Switched to window with index: '2'

2024-09-03 18:08:35 - [MESSAGE][PASSED] - Switched to window with index: '2'

2024-09-03 18:08:35 - [TEST_STEP][PASSED] - delay(1): Delayed 1 second(s)

2024-09-03 18:08:36 - [MESSAGE][PASSED] - Delayed 1 second(s)

2024-09-03 18:08:36 - [TEST_STEP][PASSED] - sendKeys(findTestObject("Object Repository/Login/EnterEmail"), "homam@zztjg.onmicrosoft.com"): Keys 'homam@zztjg.onmicrosoft.com' sent to object: 'Object Repository/Login/EnterEmail'

2024-09-03 18:08:37 - [MESSAGE][PASSED] - Keys 'homam@zztjg.onmicrosoft.com' sent to object: 'Object Repository/Login/EnterEmail'

2024-09-03 18:08:37 - [TEST_STEP][PASSED] - delay(1): Delayed 1 second(s)

2024-09-03 18:08:38 - [MESSAGE][PASSED] - Delayed 1 second(s)

2024-09-03 18:08:38 - [TEST_STEP][PASSED] - click(findTestObject("Object Repository/Login/NextButton")): Object: 'Object Repository/Login/NextButton' is clicked on

2024-09-03 18:08:38 - [MESSAGE][PASSED] - Object: 'Object Repository/Login/NextButton' is clicked on

2024-09-03 18:08:38 - [TEST_STEP][PASSED] - delay(2): Delayed 2 second(s)

2024-09-03 18:08:40 - [MESSAGE][PASSED] - Delayed 2 second(s)

2024-09-03 18:08:40 - [TEST_STEP][PASSED] - sendKeys(findTestObject("Object Repository/Login/EnterPassword"), "Holder12345"): Keys 'Holder12345' sent to object: 'Object Repository/Login/EnterPassword'

2024-09-03 18:08:41 - [MESSAGE][PASSED] - Keys 'Holder12345' sent to object: 'Object Repository/Login/EnterPassword'

2024-09-03 18:08:41 - [TEST_STEP][PASSED] - delay(1): Delayed 1 second(s)

2024-09-03 18:08:42 - [MESSAGE][PASSED] - Delayed 1 second(s)

2024-09-03 18:08:42 - [TEST_STEP][PASSED] - click(findTestObject("Object Repository/Login/SigninButton")): Object: 'Object Repository/Login/SigninButton' is clicked on

2024-09-03 18:08:42 - [MESSAGE][PASSED] - Object: 'Object Repository/Login/SigninButton' is clicked on

2024-09-03 18:08:42 - [TEST_STEP][PASSED] - delay(1): Delayed 1 second(s)

2024-09-03 18:08:43 - [MESSAGE][PASSED] - Delayed 1 second(s)

2024-09-03 18:08:43 - [TEST_STEP][PASSED] - click(findTestObject("Object Repository/Login/YesStayInButton")): Object: 'Object Repository/Login/YesStayInButton' is clicked on

2024-09-03 18:08:44 - [MESSAGE][PASSED] - Object: 'Object Repository/Login/YesStayInButton' is clicked on

2024-09-03 18:08:44 - [MESSAGE][PASSED] - Call Test Case 'Test Cases/Login' successfully

2024-09-03 18:08:44 - [TEST_STEP][PASSED] - switchToWindowIndex(1): Switched to window with index: '1'

2024-09-03 18:08:44 - [MESSAGE][PASSED] - Switched to window with index: '1'

2024-09-03 18:08:44 - [TEST_STEP][PASSED] - SON.son("huawei", "2G", "Cell", "Sleeping Cells", "MonthlyBH", ""): SON.son is PASSED

2024-09-03 18:08:45 - [MESSAGE][PASSED] - Object: 'Object Repository/SON/sonBtn' is clicked on

2024-09-03 18:08:45 - [MESSAGE][PASSED] - Switched to window with index: '2'

2024-09-03 18:08:56 - [MESSAGE][PASSED] - Object: 'Object Repository/PM/Huawei-vendor/Technology/Technology-Arrow' is clicked on

2024-09-03 18:08:56 - [MESSAGE][PASSED] - Object: 'Object Repository/PM/Huawei-vendor/Technology/2G' is clicked on

2024-09-03 18:08:56 - [MESSAGE][PASSED] - Object: 'Object Repository/PM/Huawei-vendor/TopX/TopX Object Type' is clicked on

2024-09-03 18:08:57 - [MESSAGE][PASSED] - Delayed 1 second(s)

2024-09-03 18:08:57 - [MESSAGE][PASSED] - Object: 'Object Repository/PM/Huawei-vendor/Object-Type/TopX Object Types/TopX Cells/TopX Cell' is clicked on

2024-09-03 18:08:59 - [MESSAGE][PASSED] - Delayed 1 second(s)

2024-09-03 18:08:59 - [MESSAGE][WARNING] - Timeout '0' is invalid. Using default page load timeout: '120'

2024-09-03 18:08:59 - [MESSAGE][PASSED] - Scroll to object 'Object Repository/PM/Huawei-vendor/Object Border' successfully

2024-09-03 18:08:59 - [MESSAGE][PASSED] - Object: 'Object Repository/PM/Huawei-vendor/Object-Type/TopX Object Types/TopX Sites/TopX East Amman Arrow' is clicked on

2024-09-03 18:09:00 - [MESSAGE][PASSED] - Object: 'Object Repository/PM/Huawei-vendor/Object-Type/TopX Object Types/TopX Cells/TopX East Amman Site1 Arrow' is clicked on

2024-09-03 18:09:02 - [MESSAGE][PASSED] - Delayed 2 second(s)

2024-09-03 18:09:02 - [MESSAGE][PASSED] - Object: 'Object Repository/SON/ObjectType/Cell/East Amman Site1 Cell1 2G' is clicked on

2024-09-03 18:09:02 - [MESSAGE][PASSED] - Object: 'Object Repository/PM/Huawei-vendor/Object-Type/TopX Object Types/TopX Sites/TopX East Amman CloseArrow' is clicked on

2024-09-03 18:09:02 - [MESSAGE][PASSED] - Object: 'Object Repository/PM/Huawei-vendor/Object-Type/TopX Object Types/TopX Sites/TopX West Amman Arrow' is clicked on

2024-09-03 18:09:03 - [MESSAGE][PASSED] - Object: 'Object Repository/PM/Huawei-vendor/Object-Type/TopX Object Types/TopX Cells/TopX West Amman Site1 Arrow' is clicked on

2024-09-03 18:09:03 - [MESSAGE][PASSED] - Object: 'Object Repository/SON/ObjectType/Cell/West Amman Site1 Cell1 2G' is clicked on

2024-09-03 18:09:03 - [MESSAGE][PASSED] - Object: 'Object Repository/PM/Huawei-vendor/Object-Type/TopX Object Types/TopX Sites/TopX West Amman CloseArrow' is clicked on

2024-09-03 18:09:03 - [MESSAGE][PASSED] - Object: 'Object Repository/PM/Huawei-vendor/Object-Type/TopX Object Types/TopX Sites/TopX South Amman Arrow' is clicked on

2024-09-03 18:09:04 - [MESSAGE][PASSED] - Object: 'Object Repository/PM/Huawei-vendor/Object-Type/TopX Object Types/TopX Cells/TopX South Amman Site1 Arrow' is clicked on

2024-09-03 18:09:05 - [MESSAGE][PASSED] - Object: 'Object Repository/SON/ObjectType/Cell/South Amman Site1 Cell1 2G' is clicked on

2024-09-03 18:09:05 - [MESSAGE][PASSED] - Object: 'Object Repository/PM/Huawei-vendor/Object-Type/TopX Object Types/TopX Sites/TopX South Amman CloseArrow' is clicked on

2024-09-03 18:09:05 - [MESSAGE][PASSED] - Object: 'Object Repository/PM/Huawei-vendor/Object-Type/TopX Object Types/TopX Sites/TopX East Jordan Arrow' is clicked on

2024-09-03 18:09:06 - [MESSAGE][PASSED] - Object: 'Object Repository/PM/Huawei-vendor/Object-Type/TopX Object Types/TopX Cells/TopX East Jordan Site1 Arrow' is clicked on

2024-09-03 18:09:06 - [MESSAGE][PASSED] - Object: 'Object Repository/SON/ObjectType/Cell/East Jordan Site1 Cell1 2G' is clicked on

2024-09-03 18:09:06 - [MESSAGE][PASSED] - Object: 'Object Repository/PM/Huawei-vendor/Object-Type/TopX Object Types/TopX Sites/TopX East Jordan CloseArrow' is clicked on

2024-09-03 18:09:06 - [MESSAGE][PASSED] - Object: 'Object Repository/PM/Huawei-vendor/Object-Type/TopX Object Types/TopX Sites/TopX North Jordan Arrow' is clicked on

2024-09-03 18:09:08 - [MESSAGE][PASSED] - Object: 'Object Repository/PM/Huawei-vendor/Object-Type/TopX Object Types/TopX Cells/TopX North Jordan Site1 Arrow' is clicked on

2024-09-03 18:09:08 - [MESSAGE][PASSED] - Object: 'Object Repository/SON/ObjectType/Cell/North Jordan Site1 Cell1 2G' is clicked on

2024-09-03 18:09:08 - [MESSAGE][PASSED] - Object: 'Object Repository/PM/Huawei-vendor/Object-Type/TopX Object Types/TopX Sites/TopX North Jordan CloseArrow' is clicked on

2024-09-03 18:09:08 - [MESSAGE][PASSED] - Object: 'Object Repository/PM/Huawei-vendor/Object-Type/TopX Object Types/TopX Sites/TopX South Jordan Arrow' is clicked on

2024-09-03 18:09:09 - [MESSAGE][PASSED] - Object: 'Object Repository/PM/Huawei-vendor/Object-Type/TopX Object Types/TopX Cells/TopX South Jordan Site1 Arrow' is clicked on

2024-09-03 18:09:09 - [MESSAGE][PASSED] - Object: 'Object Repository/SON/ObjectType/Cell/South Jordan Site1 Cell1 2G' is clicked on

2024-09-03 18:09:09 - [MESSAGE][PASSED] - Object: 'Object Repository/PM/Huawei-vendor/Object-Type/TopX Object Types/TopX Sites/TopX South Jordan CloseArrow' is clicked on

2024-09-03 18:09:09 - [MESSAGE][PASSED] - Object: 'Object Repository/SON/ObjectType/Other Site' is clicked on

2024-09-03 18:09:12 - [MESSAGE][PASSED] - Delayed 2 second(s)

2024-09-03 18:09:12 - [MESSAGE][PASSED] - Object: 'Object Repository/SON/SonType/Type-Arrow' is clicked on

2024-09-03 18:09:12 - [MESSAGE][WARNING] - Timeout '0' is invalid. Using default page load timeout: '120'

2024-09-03 18:09:12 - [MESSAGE][PASSED] - Scroll to object 'Object Repository/SON/Exclude Options' successfully

2024-09-03 18:09:12 - [MESSAGE][PASSED] - Object: 'Object Repository/SON/Resolution/Hourly' is clicked on

2024-09-03 18:09:12 - [MESSAGE][PASSED] - Object: 'Object Repository/SON/Resolution/MonthlyBH' is clicked on

2024-09-03 18:09:12 - [MESSAGE][PASSED] - Object: 'Object Repository/PM/Huawei-vendor/StartDate/Monthly-Selection' is clicked on

2024-09-03 18:09:13 - [MESSAGE][PASSED] - Object: 'Object Repository/PM/Huawei-vendor/StartDate/Fep-Selection' is clicked on

2024-09-03 18:09:14 - [MESSAGE][PASSED] - Delayed 1 second(s)

2024-09-03 18:09:14 - [MESSAGE][PASSED] - Object: 'Object Repository/PM/Huawei-vendor/StartDate/1-Fep' is clicked on

2024-09-03 18:09:14 - [MESSAGE][PASSED] - Object: 'Object Repository/PM/Huawei-vendor/Apply-Button' is clicked on

2024-09-03 18:09:17 - [MESSAGE][PASSED] - Web element with id: 'Object Repository/SON/Error' located by 'By.xpath: //div[@class='home-logo']' is not present after '200' second(s)

2024-09-03 18:09:17 - [MESSAGE][PASSED] - SON.son is PASSED]]></system-out>
         <system-err><![CDATA[]]></system-err>
      </testcase>
      <testcase name="Test Cases/SON/Huawei/2G/BSC/BSC Sleeping Cells MonthlyBH" time="41.872" classname="Test Cases/SON/Huawei/2G/BSC/BSC Sleeping Cells MonthlyBH" status="PASSED">
         <system-out><![CDATA[2024-09-03 18:09:17 - [TEST_CASE][PASSED] - Test Cases/SON/Huawei/2G/BSC/BSC Sleeping Cells MonthlyBH: Test Cases/SON/Huawei/2G/BSC/BSC Sleeping Cells MonthlyBH

2024-09-03 18:09:18 - [TEST_STEP][PASSED] - callTestCase(findTestCase("Login"), [:], STOP_ON_FAILURE): Call Test Case 'Test Cases/Login' successfully

2024-09-03 18:09:18 - [TEST_CASE][PASSED] - Test Cases/Login: Test Cases/Login

2024-09-03 18:09:18 - [TEST_STEP][PASSED] - driver = general.start(SwagerURL, NetCellURL): general.start is PASSED

2024-09-03 18:09:18 - [MESSAGE][INFO] - >>> chromeDriverPath=C:\Users\FatimaIbeid\.katalon\packages\Katalon_Studio_Windows_64-8.6.9\Katalon_Studio_Windows_64-8.6.9\configuration\resources\drivers\chromedriver_win32\chromedriver.exe

2024-09-03 18:09:19 - [MESSAGE][PASSED] - Current window maximized

2024-09-03 18:09:19 - [MESSAGE][PASSED] - Execute JavaScript 'window.open();' successfully

2024-09-03 18:09:19 - [MESSAGE][PASSED] - Switched to window with index: '1'

2024-09-03 18:09:29 - [MESSAGE][PASSED] - general.start is PASSED

2024-09-03 18:09:29 - [TEST_STEP][PASSED] - click(findTestObject("Object Repository/Login/LoginButton")): Object: 'Object Repository/Login/LoginButton' is clicked on

2024-09-03 18:09:29 - [MESSAGE][PASSED] - Object: 'Object Repository/Login/LoginButton' is clicked on

2024-09-03 18:09:29 - [TEST_STEP][PASSED] - switchToWindowIndex(2): Switched to window with index: '2'

2024-09-03 18:09:29 - [MESSAGE][PASSED] - Switched to window with index: '2'

2024-09-03 18:09:29 - [TEST_STEP][PASSED] - delay(1): Delayed 1 second(s)

2024-09-03 18:09:30 - [MESSAGE][PASSED] - Delayed 1 second(s)

2024-09-03 18:09:30 - [TEST_STEP][PASSED] - sendKeys(findTestObject("Object Repository/Login/EnterEmail"), "homam@zztjg.onmicrosoft.com"): Keys 'homam@zztjg.onmicrosoft.com' sent to object: 'Object Repository/Login/EnterEmail'

2024-09-03 18:09:31 - [MESSAGE][PASSED] - Keys 'homam@zztjg.onmicrosoft.com' sent to object: 'Object Repository/Login/EnterEmail'

2024-09-03 18:09:31 - [TEST_STEP][PASSED] - delay(1): Delayed 1 second(s)

2024-09-03 18:09:32 - [MESSAGE][PASSED] - Delayed 1 second(s)

2024-09-03 18:09:32 - [TEST_STEP][PASSED] - click(findTestObject("Object Repository/Login/NextButton")): Object: 'Object Repository/Login/NextButton' is clicked on

2024-09-03 18:09:32 - [MESSAGE][PASSED] - Object: 'Object Repository/Login/NextButton' is clicked on

2024-09-03 18:09:32 - [TEST_STEP][PASSED] - delay(2): Delayed 2 second(s)

2024-09-03 18:09:34 - [MESSAGE][PASSED] - Delayed 2 second(s)

2024-09-03 18:09:34 - [TEST_STEP][PASSED] - sendKeys(findTestObject("Object Repository/Login/EnterPassword"), "Holder12345"): Keys 'Holder12345' sent to object: 'Object Repository/Login/EnterPassword'

2024-09-03 18:09:35 - [MESSAGE][PASSED] - Keys 'Holder12345' sent to object: 'Object Repository/Login/EnterPassword'

2024-09-03 18:09:35 - [TEST_STEP][PASSED] - delay(1): Delayed 1 second(s)

2024-09-03 18:09:36 - [MESSAGE][PASSED] - Delayed 1 second(s)

2024-09-03 18:09:36 - [TEST_STEP][PASSED] - click(findTestObject("Object Repository/Login/SigninButton")): Object: 'Object Repository/Login/SigninButton' is clicked on

2024-09-03 18:09:36 - [MESSAGE][PASSED] - Object: 'Object Repository/Login/SigninButton' is clicked on

2024-09-03 18:09:36 - [TEST_STEP][PASSED] - delay(1): Delayed 1 second(s)

2024-09-03 18:09:37 - [MESSAGE][PASSED] - Delayed 1 second(s)

2024-09-03 18:09:37 - [TEST_STEP][PASSED] - click(findTestObject("Object Repository/Login/YesStayInButton")): Object: 'Object Repository/Login/YesStayInButton' is clicked on

2024-09-03 18:09:38 - [MESSAGE][PASSED] - Object: 'Object Repository/Login/YesStayInButton' is clicked on

2024-09-03 18:09:38 - [MESSAGE][PASSED] - Call Test Case 'Test Cases/Login' successfully

2024-09-03 18:09:38 - [TEST_STEP][PASSED] - switchToWindowIndex(1): Switched to window with index: '1'

2024-09-03 18:09:38 - [MESSAGE][PASSED] - Switched to window with index: '1'

2024-09-03 18:09:38 - [TEST_STEP][PASSED] - SON.son("huawei", "2G", "BSC", "Sleeping Cells", "MonthlyBH", ""): SON.son is PASSED

2024-09-03 18:09:39 - [MESSAGE][PASSED] - Object: 'Object Repository/SON/sonBtn' is clicked on

2024-09-03 18:09:39 - [MESSAGE][PASSED] - Switched to window with index: '2'

2024-09-03 18:09:49 - [MESSAGE][PASSED] - Object: 'Object Repository/PM/Huawei-vendor/Technology/Technology-Arrow' is clicked on

2024-09-03 18:09:49 - [MESSAGE][PASSED] - Object: 'Object Repository/PM/Huawei-vendor/Technology/2G' is clicked on

2024-09-03 18:09:49 - [MESSAGE][PASSED] - Object: 'Object Repository/PM/Huawei-vendor/TopX/TopX Object Type' is clicked on

2024-09-03 18:09:50 - [MESSAGE][PASSED] - Delayed 1 second(s)

2024-09-03 18:09:50 - [MESSAGE][PASSED] - Object: 'Object Repository/PM/Huawei-vendor/Object-Type/TopX Object Types/TopX BSCs/TopX BSC' is clicked on

2024-09-03 18:09:51 - [MESSAGE][PASSED] - Delayed 1 second(s)

2024-09-03 18:09:51 - [MESSAGE][WARNING] - Timeout '0' is invalid. Using default page load timeout: '120'

2024-09-03 18:09:51 - [MESSAGE][PASSED] - Scroll to object 'Object Repository/PM/Huawei-vendor/Object Border' successfully

2024-09-03 18:09:51 - [MESSAGE][PASSED] - Object: 'Object Repository/PM/Huawei-vendor/Object-Type/TopX Object Types/TopX BSCs/TopX BSC Ader' is clicked on

2024-09-03 18:09:52 - [MESSAGE][PASSED] - Object: 'Object Repository/PM/Huawei-vendor/Object-Type/TopX Object Types/TopX BSCs/TopX BSC Fifa' is clicked on

2024-09-03 18:09:52 - [MESSAGE][PASSED] - Object: 'Object Repository/SON/ObjectType/BSC/TopX BSC HQ 04' is clicked on

2024-09-03 18:09:52 - [MESSAGE][PASSED] - Object: 'Object Repository/PM/Huawei-vendor/Object-Type/TopX Object Types/TopX BSCs/TopX BSC AA 01' is clicked on

2024-09-03 18:09:54 - [MESSAGE][PASSED] - Delayed 2 second(s)

2024-09-03 18:09:54 - [MESSAGE][PASSED] - Object: 'Object Repository/SON/SonType/Type-Arrow' is clicked on

2024-09-03 18:09:54 - [MESSAGE][WARNING] - Timeout '0' is invalid. Using default page load timeout: '120'

2024-09-03 18:09:54 - [MESSAGE][PASSED] - Scroll to object 'Object Repository/SON/Exclude Options' successfully

2024-09-03 18:09:54 - [MESSAGE][PASSED] - Object: 'Object Repository/SON/Resolution/Hourly' is clicked on

2024-09-03 18:09:55 - [MESSAGE][PASSED] - Object: 'Object Repository/SON/Resolution/MonthlyBH' is clicked on

2024-09-03 18:09:55 - [MESSAGE][PASSED] - Object: 'Object Repository/PM/Huawei-vendor/StartDate/Monthly-Selection' is clicked on

2024-09-03 18:09:55 - [MESSAGE][PASSED] - Object: 'Object Repository/PM/Huawei-vendor/StartDate/Fep-Selection' is clicked on

2024-09-03 18:09:56 - [MESSAGE][PASSED] - Delayed 1 second(s)

2024-09-03 18:09:56 - [MESSAGE][PASSED] - Object: 'Object Repository/PM/Huawei-vendor/StartDate/1-Fep' is clicked on

2024-09-03 18:09:56 - [MESSAGE][PASSED] - Object: 'Object Repository/PM/Huawei-vendor/Apply-Button' is clicked on

2024-09-03 18:09:59 - [MESSAGE][PASSED] - Web element with id: 'Object Repository/SON/Error' located by 'By.xpath: //div[@class='home-logo']' is not present after '200' second(s)

2024-09-03 18:09:59 - [MESSAGE][PASSED] - SON.son is PASSED]]></system-out>
         <system-err><![CDATA[]]></system-err>
      </testcase>
      <testcase name="Test Cases/SON/Huawei/2G/Cluster/Cluster Sleeping Cells MonthlyBH" time="53.51" classname="Test Cases/SON/Huawei/2G/Cluster/Cluster Sleeping Cells MonthlyBH" status="PASSED">
         <system-out><![CDATA[2024-09-03 18:09:59 - [TEST_CASE][PASSED] - Test Cases/SON/Huawei/2G/Cluster/Cluster Sleeping Cells MonthlyBH: Test Cases/SON/Huawei/2G/Cluster/Cluster Sleeping Cells MonthlyBH

2024-09-03 18:09:59 - [TEST_STEP][PASSED] - callTestCase(findTestCase("Login"), [:], STOP_ON_FAILURE): Call Test Case 'Test Cases/Login' successfully

2024-09-03 18:09:59 - [TEST_CASE][PASSED] - Test Cases/Login: Test Cases/Login

2024-09-03 18:09:59 - [TEST_STEP][PASSED] - driver = general.start(SwagerURL, NetCellURL): general.start is PASSED

2024-09-03 18:09:59 - [MESSAGE][INFO] - >>> chromeDriverPath=C:\Users\FatimaIbeid\.katalon\packages\Katalon_Studio_Windows_64-8.6.9\Katalon_Studio_Windows_64-8.6.9\configuration\resources\drivers\chromedriver_win32\chromedriver.exe

2024-09-03 18:10:01 - [MESSAGE][PASSED] - Current window maximized

2024-09-03 18:10:01 - [MESSAGE][PASSED] - Execute JavaScript 'window.open();' successfully

2024-09-03 18:10:01 - [MESSAGE][PASSED] - Switched to window with index: '1'

2024-09-03 18:10:15 - [MESSAGE][PASSED] - general.start is PASSED

2024-09-03 18:10:15 - [TEST_STEP][PASSED] - click(findTestObject("Object Repository/Login/LoginButton")): Object: 'Object Repository/Login/LoginButton' is clicked on

2024-09-03 18:10:15 - [MESSAGE][PASSED] - Object: 'Object Repository/Login/LoginButton' is clicked on

2024-09-03 18:10:15 - [TEST_STEP][PASSED] - switchToWindowIndex(2): Switched to window with index: '2'

2024-09-03 18:10:15 - [MESSAGE][PASSED] - Switched to window with index: '2'

2024-09-03 18:10:15 - [TEST_STEP][PASSED] - delay(1): Delayed 1 second(s)

2024-09-03 18:10:16 - [MESSAGE][PASSED] - Delayed 1 second(s)

2024-09-03 18:10:16 - [TEST_STEP][PASSED] - sendKeys(findTestObject("Object Repository/Login/EnterEmail"), "homam@zztjg.onmicrosoft.com"): Keys 'homam@zztjg.onmicrosoft.com' sent to object: 'Object Repository/Login/EnterEmail'

2024-09-03 18:10:17 - [MESSAGE][PASSED] - Keys 'homam@zztjg.onmicrosoft.com' sent to object: 'Object Repository/Login/EnterEmail'

2024-09-03 18:10:17 - [TEST_STEP][PASSED] - delay(1): Delayed 1 second(s)

2024-09-03 18:10:18 - [MESSAGE][PASSED] - Delayed 1 second(s)

2024-09-03 18:10:18 - [TEST_STEP][PASSED] - click(findTestObject("Object Repository/Login/NextButton")): Object: 'Object Repository/Login/NextButton' is clicked on

2024-09-03 18:10:18 - [MESSAGE][PASSED] - Object: 'Object Repository/Login/NextButton' is clicked on

2024-09-03 18:10:18 - [TEST_STEP][PASSED] - delay(2): Delayed 2 second(s)

2024-09-03 18:10:20 - [MESSAGE][PASSED] - Delayed 2 second(s)

2024-09-03 18:10:20 - [TEST_STEP][PASSED] - sendKeys(findTestObject("Object Repository/Login/EnterPassword"), "Holder12345"): Keys 'Holder12345' sent to object: 'Object Repository/Login/EnterPassword'

2024-09-03 18:10:20 - [MESSAGE][PASSED] - Keys 'Holder12345' sent to object: 'Object Repository/Login/EnterPassword'

2024-09-03 18:10:20 - [TEST_STEP][PASSED] - delay(1): Delayed 1 second(s)

2024-09-03 18:10:21 - [MESSAGE][PASSED] - Delayed 1 second(s)

2024-09-03 18:10:21 - [TEST_STEP][PASSED] - click(findTestObject("Object Repository/Login/SigninButton")): Object: 'Object Repository/Login/SigninButton' is clicked on

2024-09-03 18:10:22 - [MESSAGE][PASSED] - Object: 'Object Repository/Login/SigninButton' is clicked on

2024-09-03 18:10:22 - [TEST_STEP][PASSED] - delay(1): Delayed 1 second(s)

2024-09-03 18:10:23 - [MESSAGE][PASSED] - Delayed 1 second(s)

2024-09-03 18:10:23 - [TEST_STEP][PASSED] - click(findTestObject("Object Repository/Login/YesStayInButton")): Object: 'Object Repository/Login/YesStayInButton' is clicked on

2024-09-03 18:10:24 - [MESSAGE][PASSED] - Object: 'Object Repository/Login/YesStayInButton' is clicked on

2024-09-03 18:10:24 - [MESSAGE][PASSED] - Call Test Case 'Test Cases/Login' successfully

2024-09-03 18:10:24 - [TEST_STEP][PASSED] - switchToWindowIndex(1): Switched to window with index: '1'

2024-09-03 18:10:24 - [MESSAGE][PASSED] - Switched to window with index: '1'

2024-09-03 18:10:24 - [TEST_STEP][PASSED] - SON.son("huawei", "2G", "Cluster", "Sleeping Cells", "MonthlyBH", ""): SON.son is PASSED

2024-09-03 18:10:25 - [MESSAGE][PASSED] - Object: 'Object Repository/SON/sonBtn' is clicked on

2024-09-03 18:10:25 - [MESSAGE][PASSED] - Switched to window with index: '2'

2024-09-03 18:10:39 - [MESSAGE][PASSED] - Object: 'Object Repository/PM/Huawei-vendor/Technology/Technology-Arrow' is clicked on

2024-09-03 18:10:39 - [MESSAGE][PASSED] - Object: 'Object Repository/PM/Huawei-vendor/Technology/2G' is clicked on

2024-09-03 18:10:39 - [MESSAGE][PASSED] - Object: 'Object Repository/PM/Huawei-vendor/TopX/TopX Object Type' is clicked on

2024-09-03 18:10:40 - [MESSAGE][PASSED] - Delayed 1 second(s)

2024-09-03 18:10:40 - [MESSAGE][PASSED] - Object: 'Object Repository/PM/Huawei-vendor/Object-Type/TopX Object Types/TopX Clusters/TopX Cluster' is clicked on

2024-09-03 18:10:41 - [MESSAGE][PASSED] - Delayed 1 second(s)

2024-09-03 18:10:41 - [MESSAGE][WARNING] - Timeout '0' is invalid. Using default page load timeout: '120'

2024-09-03 18:10:41 - [MESSAGE][PASSED] - Scroll to object 'Object Repository/PM/Huawei-vendor/Object Border' successfully

2024-09-03 18:10:42 - [MESSAGE][PASSED] - Object: 'Object Repository/PM/Huawei-vendor/Object-Type/TopX Object Types/TopX Sites/TopX East Amman Arrow' is clicked on

2024-09-03 18:10:42 - [MESSAGE][PASSED] - Object: 'Object Repository/PM/Huawei-vendor/Object-Type/TopX Object Types/TopX Clusters/TopX East Amman Cluster 3' is clicked on

2024-09-03 18:10:42 - [MESSAGE][PASSED] - Object: 'Object Repository/PM/Huawei-vendor/Object-Type/TopX Object Types/TopX Clusters/TopX East Amman Cluster 13' is clicked on

2024-09-03 18:10:42 - [MESSAGE][PASSED] - Object: 'Object Repository/PM/Huawei-vendor/Object-Type/TopX Object Types/TopX Sites/TopX East Amman CloseArrow' is clicked on

2024-09-03 18:10:42 - [MESSAGE][PASSED] - Object: 'Object Repository/PM/Huawei-vendor/Object-Type/TopX Object Types/TopX Sites/TopX West Amman Arrow' is clicked on

2024-09-03 18:10:42 - [MESSAGE][PASSED] - Object: 'Object Repository/PM/Huawei-vendor/Object-Type/TopX Object Types/TopX Clusters/TopX West Amman Cluster 2' is clicked on

2024-09-03 18:10:42 - [MESSAGE][PASSED] - Object: 'Object Repository/PM/Huawei-vendor/Object-Type/TopX Object Types/TopX Clusters/TopX West Amman Cluster 5' is clicked on

2024-09-03 18:10:42 - [MESSAGE][PASSED] - Object: 'Object Repository/PM/Huawei-vendor/Object-Type/TopX Object Types/TopX Sites/TopX West Amman CloseArrow' is clicked on

2024-09-03 18:10:43 - [MESSAGE][PASSED] - Object: 'Object Repository/PM/Huawei-vendor/Object-Type/TopX Object Types/TopX Sites/TopX North Jordan Arrow' is clicked on

2024-09-03 18:10:43 - [MESSAGE][PASSED] - Object: 'Object Repository/PM/Huawei-vendor/Object-Type/TopX Object Types/TopX Clusters/TopX North Jordan Cluster 4' is clicked on

2024-09-03 18:10:43 - [MESSAGE][PASSED] - Object: 'Object Repository/PM/Huawei-vendor/Object-Type/TopX Object Types/TopX Clusters/TopX North Jordan Cluster 14' is clicked on

2024-09-03 18:10:43 - [MESSAGE][PASSED] - Object: 'Object Repository/PM/Huawei-vendor/Object-Type/TopX Object Types/TopX Sites/TopX North Jordan CloseArrow' is clicked on

2024-09-03 18:10:43 - [MESSAGE][PASSED] - Object: 'Object Repository/PM/Huawei-vendor/Object-Type/TopX Object Types/TopX Sites/TopX South Jordan Arrow' is clicked on

2024-09-03 18:10:43 - [MESSAGE][PASSED] - Object: 'Object Repository/PM/Huawei-vendor/Object-Type/TopX Object Types/TopX Clusters/TopX South Jordan Cluster 7' is clicked on

2024-09-03 18:10:43 - [MESSAGE][PASSED] - Object: 'Object Repository/PM/Huawei-vendor/Object-Type/TopX Object Types/TopX Clusters/TopX South Jordan Cluster 8' is clicked on

2024-09-03 18:10:43 - [MESSAGE][PASSED] - Object: 'Object Repository/PM/Huawei-vendor/Object-Type/TopX Object Types/TopX Sites/TopX South Jordan CloseArrow' is clicked on

2024-09-03 18:10:43 - [MESSAGE][PASSED] - Object: 'Object Repository/PM/Huawei-vendor/Object-Type/TopX Object Types/TopX Sites/TopX South Amman Arrow' is clicked on

2024-09-03 18:10:44 - [MESSAGE][PASSED] - Object: 'Object Repository/PM/Huawei-vendor/Object-Type/TopX Object Types/TopX Clusters/TopX South Amman Cluster 1' is clicked on

2024-09-03 18:10:44 - [MESSAGE][PASSED] - Object: 'Object Repository/PM/Huawei-vendor/Object-Type/TopX Object Types/TopX Clusters/TopX South Amman Cluster 6' is clicked on

2024-09-03 18:10:44 - [MESSAGE][PASSED] - Object: 'Object Repository/PM/Huawei-vendor/Object-Type/TopX Object Types/TopX Sites/TopX South Amman CloseArrow' is clicked on

2024-09-03 18:10:44 - [MESSAGE][PASSED] - Object: 'Object Repository/PM/Huawei-vendor/Object-Type/TopX Object Types/TopX Sites/TopX East Jordan Arrow' is clicked on

2024-09-03 18:10:44 - [MESSAGE][PASSED] - Object: 'Object Repository/PM/Huawei-vendor/Object-Type/TopX Object Types/TopX Clusters/TopX East Jordan Cluster 10' is clicked on

2024-09-03 18:10:44 - [MESSAGE][PASSED] - Object: 'Object Repository/PM/Huawei-vendor/Object-Type/TopX Object Types/TopX Clusters/TopX East Jordan Cluster 11' is clicked on

2024-09-03 18:10:44 - [MESSAGE][PASSED] - Object: 'Object Repository/PM/Huawei-vendor/Object-Type/TopX Object Types/TopX Sites/TopX East Jordan CloseArrow' is clicked on

2024-09-03 18:10:44 - [MESSAGE][PASSED] - Object: 'Object Repository/PM/Huawei-vendor/Object-Type/TopX Object Types/TopX Sites/TopX Others Arrow' is clicked on

2024-09-03 18:10:45 - [MESSAGE][PASSED] - Object: 'Object Repository/PM/Huawei-vendor/Object-Type/TopX Object Types/TopX Clusters/TopX Others Cluster 60' is clicked on

2024-09-03 18:10:45 - [MESSAGE][PASSED] - Object: 'Object Repository/PM/Huawei-vendor/Object-Type/TopX Object Types/TopX Clusters/TopX Others Cluster 61' is clicked on

2024-09-03 18:10:45 - [MESSAGE][PASSED] - Object: 'Object Repository/PM/Huawei-vendor/Object-Type/TopX Object Types/TopX Sites/TopX Others CloseArrow' is clicked on

2024-09-03 18:10:47 - [MESSAGE][PASSED] - Delayed 2 second(s)

2024-09-03 18:10:47 - [MESSAGE][PASSED] - Object: 'Object Repository/SON/SonType/Type-Arrow' is clicked on

2024-09-03 18:10:47 - [MESSAGE][WARNING] - Timeout '0' is invalid. Using default page load timeout: '120'

2024-09-03 18:10:47 - [MESSAGE][PASSED] - Scroll to object 'Object Repository/SON/Exclude Options' successfully

2024-09-03 18:10:47 - [MESSAGE][PASSED] - Object: 'Object Repository/SON/Resolution/Hourly' is clicked on

2024-09-03 18:10:48 - [MESSAGE][PASSED] - Object: 'Object Repository/SON/Resolution/MonthlyBH' is clicked on

2024-09-03 18:10:48 - [MESSAGE][PASSED] - Object: 'Object Repository/PM/Huawei-vendor/StartDate/Monthly-Selection' is clicked on

2024-09-03 18:10:48 - [MESSAGE][PASSED] - Object: 'Object Repository/PM/Huawei-vendor/StartDate/Fep-Selection' is clicked on

2024-09-03 18:10:49 - [MESSAGE][PASSED] - Delayed 1 second(s)

2024-09-03 18:10:49 - [MESSAGE][PASSED] - Object: 'Object Repository/PM/Huawei-vendor/StartDate/1-Fep' is clicked on

2024-09-03 18:10:49 - [MESSAGE][PASSED] - Object: 'Object Repository/PM/Huawei-vendor/Apply-Button' is clicked on

2024-09-03 18:10:53 - [MESSAGE][PASSED] - Web element with id: 'Object Repository/SON/Error' located by 'By.xpath: //div[@class='home-logo']' is not present after '200' second(s)

2024-09-03 18:10:53 - [MESSAGE][PASSED] - SON.son is PASSED]]></system-out>
         <system-err><![CDATA[]]></system-err>
      </testcase>
      <testcase name="Test Cases/SON/Huawei/2G/Governorate/Governorate Sleeping Cells MonthlyBH" time="35.327" classname="Test Cases/SON/Huawei/2G/Governorate/Governorate Sleeping Cells MonthlyBH" status="PASSED">
         <system-out><![CDATA[2024-09-03 18:10:53 - [TEST_CASE][PASSED] - Test Cases/SON/Huawei/2G/Governorate/Governorate Sleeping Cells MonthlyBH: Test Cases/SON/Huawei/2G/Governorate/Governorate Sleeping Cells MonthlyBH

2024-09-03 18:10:53 - [TEST_STEP][PASSED] - callTestCase(findTestCase("Login"), [:], STOP_ON_FAILURE): Call Test Case 'Test Cases/Login' successfully

2024-09-03 18:10:53 - [TEST_CASE][PASSED] - Test Cases/Login: Test Cases/Login

2024-09-03 18:10:53 - [TEST_STEP][PASSED] - driver = general.start(SwagerURL, NetCellURL): general.start is PASSED

2024-09-03 18:10:53 - [MESSAGE][INFO] - >>> chromeDriverPath=C:\Users\FatimaIbeid\.katalon\packages\Katalon_Studio_Windows_64-8.6.9\Katalon_Studio_Windows_64-8.6.9\configuration\resources\drivers\chromedriver_win32\chromedriver.exe

2024-09-03 18:10:54 - [MESSAGE][PASSED] - Current window maximized

2024-09-03 18:10:55 - [MESSAGE][PASSED] - Execute JavaScript 'window.open();' successfully

2024-09-03 18:10:55 - [MESSAGE][PASSED] - Switched to window with index: '1'

2024-09-03 18:11:07 - [MESSAGE][PASSED] - general.start is PASSED

2024-09-03 18:11:07 - [TEST_STEP][PASSED] - click(findTestObject("Object Repository/Login/LoginButton")): Object: 'Object Repository/Login/LoginButton' is clicked on

2024-09-03 18:11:07 - [MESSAGE][PASSED] - Object: 'Object Repository/Login/LoginButton' is clicked on

2024-09-03 18:11:07 - [TEST_STEP][PASSED] - switchToWindowIndex(2): Switched to window with index: '2'

2024-09-03 18:11:07 - [MESSAGE][PASSED] - Switched to window with index: '2'

2024-09-03 18:11:07 - [TEST_STEP][PASSED] - delay(1): Delayed 1 second(s)

2024-09-03 18:11:08 - [MESSAGE][PASSED] - Delayed 1 second(s)

2024-09-03 18:11:08 - [TEST_STEP][PASSED] - sendKeys(findTestObject("Object Repository/Login/EnterEmail"), "homam@zztjg.onmicrosoft.com"): Keys 'homam@zztjg.onmicrosoft.com' sent to object: 'Object Repository/Login/EnterEmail'

2024-09-03 18:11:09 - [MESSAGE][PASSED] - Keys 'homam@zztjg.onmicrosoft.com' sent to object: 'Object Repository/Login/EnterEmail'

2024-09-03 18:11:09 - [TEST_STEP][PASSED] - delay(1): Delayed 1 second(s)

2024-09-03 18:11:10 - [MESSAGE][PASSED] - Delayed 1 second(s)

2024-09-03 18:11:10 - [TEST_STEP][PASSED] - click(findTestObject("Object Repository/Login/NextButton")): Object: 'Object Repository/Login/NextButton' is clicked on

2024-09-03 18:11:10 - [MESSAGE][PASSED] - Object: 'Object Repository/Login/NextButton' is clicked on

2024-09-03 18:11:10 - [TEST_STEP][PASSED] - delay(2): Delayed 2 second(s)

2024-09-03 18:11:12 - [MESSAGE][PASSED] - Delayed 2 second(s)

2024-09-03 18:11:12 - [TEST_STEP][PASSED] - sendKeys(findTestObject("Object Repository/Login/EnterPassword"), "Holder12345"): Keys 'Holder12345' sent to object: 'Object Repository/Login/EnterPassword'

2024-09-03 18:11:12 - [MESSAGE][PASSED] - Keys 'Holder12345' sent to object: 'Object Repository/Login/EnterPassword'

2024-09-03 18:11:12 - [TEST_STEP][PASSED] - delay(1): Delayed 1 second(s)

2024-09-03 18:11:13 - [MESSAGE][PASSED] - Delayed 1 second(s)

2024-09-03 18:11:13 - [TEST_STEP][PASSED] - click(findTestObject("Object Repository/Login/SigninButton")): Object: 'Object Repository/Login/SigninButton' is clicked on

2024-09-03 18:11:14 - [MESSAGE][PASSED] - Object: 'Object Repository/Login/SigninButton' is clicked on

2024-09-03 18:11:14 - [TEST_STEP][PASSED] - delay(1): Delayed 1 second(s)

2024-09-03 18:11:15 - [MESSAGE][PASSED] - Delayed 1 second(s)

2024-09-03 18:11:15 - [TEST_STEP][PASSED] - click(findTestObject("Object Repository/Login/YesStayInButton")): Object: 'Object Repository/Login/YesStayInButton' is clicked on

2024-09-03 18:11:15 - [MESSAGE][PASSED] - Object: 'Object Repository/Login/YesStayInButton' is clicked on

2024-09-03 18:11:15 - [MESSAGE][PASSED] - Call Test Case 'Test Cases/Login' successfully

2024-09-03 18:11:15 - [TEST_STEP][PASSED] - switchToWindowIndex(1): Switched to window with index: '1'

2024-09-03 18:11:15 - [MESSAGE][PASSED] - Switched to window with index: '1'

2024-09-03 18:11:15 - [TEST_STEP][PASSED] - SON.son("huawei", "2G", "Governorate", "Sleeping Cells", "MonthlyBH", ""): SON.son is PASSED

2024-09-03 18:11:16 - [MESSAGE][PASSED] - Object: 'Object Repository/SON/sonBtn' is clicked on

2024-09-03 18:11:16 - [MESSAGE][PASSED] - Switched to window with index: '2'

2024-09-03 18:11:17 - [MESSAGE][PASSED] - Object: 'Object Repository/PM/Huawei-vendor/Technology/Technology-Arrow' is clicked on

2024-09-03 18:11:17 - [MESSAGE][PASSED] - Object: 'Object Repository/PM/Huawei-vendor/Technology/2G' is clicked on

2024-09-03 18:11:17 - [MESSAGE][PASSED] - Object: 'Object Repository/PM/Huawei-vendor/TopX/TopX Object Type' is clicked on

2024-09-03 18:11:18 - [MESSAGE][PASSED] - Delayed 1 second(s)

2024-09-03 18:11:18 - [MESSAGE][PASSED] - Object: 'Object Repository/PM/Huawei-vendor/Object-Type/TopX Object Types/TopX Governorates/TopX Governorate' is clicked on

2024-09-03 18:11:19 - [MESSAGE][PASSED] - Delayed 1 second(s)

2024-09-03 18:11:20 - [MESSAGE][WARNING] - Timeout '0' is invalid. Using default page load timeout: '120'

2024-09-03 18:11:20 - [MESSAGE][PASSED] - Scroll to object 'Object Repository/PM/Huawei-vendor/Object Border' successfully

2024-09-03 18:11:20 - [MESSAGE][PASSED] - Object: 'Object Repository/PM/Huawei-vendor/Object-Type/TopX Object Types/TopX Governorates/TopX Amman' is clicked on

2024-09-03 18:11:20 - [MESSAGE][PASSED] - Object: 'Object Repository/PM/Huawei-vendor/Object-Type/TopX Object Types/TopX Governorates/TopX Irbid' is clicked on

2024-09-03 18:11:20 - [MESSAGE][PASSED] - Object: 'Object Repository/PM/Huawei-vendor/Object-Type/TopX Object Types/TopX Governorates/TopX Aqaba' is clicked on

2024-09-03 18:11:20 - [MESSAGE][PASSED] - Object: 'Object Repository/PM/Huawei-vendor/Object-Type/TopX Object Types/TopX Governorates/TopX Jerash' is clicked on

2024-09-03 18:11:20 - [MESSAGE][PASSED] - Object: 'Object Repository/PM/Huawei-vendor/Object-Type/TopX Object Types/TopX Governorates/TopX Mafraq' is clicked on

2024-09-03 18:11:20 - [MESSAGE][PASSED] - Object: 'Object Repository/PM/Huawei-vendor/Object-Type/TopX Object Types/TopX Governorates/TopX Zarqa' is clicked on

2024-09-03 18:11:22 - [MESSAGE][PASSED] - Delayed 2 second(s)

2024-09-03 18:11:22 - [MESSAGE][PASSED] - Object: 'Object Repository/SON/SonType/Type-Arrow' is clicked on

2024-09-03 18:11:23 - [MESSAGE][WARNING] - Timeout '0' is invalid. Using default page load timeout: '120'

2024-09-03 18:11:23 - [MESSAGE][PASSED] - Scroll to object 'Object Repository/SON/Exclude Options' successfully

2024-09-03 18:11:23 - [MESSAGE][PASSED] - Object: 'Object Repository/SON/Resolution/Hourly' is clicked on

2024-09-03 18:11:23 - [MESSAGE][PASSED] - Object: 'Object Repository/SON/Resolution/MonthlyBH' is clicked on

2024-09-03 18:11:23 - [MESSAGE][PASSED] - Object: 'Object Repository/PM/Huawei-vendor/StartDate/Monthly-Selection' is clicked on

2024-09-03 18:11:23 - [MESSAGE][PASSED] - Object: 'Object Repository/PM/Huawei-vendor/StartDate/Fep-Selection' is clicked on

2024-09-03 18:11:24 - [MESSAGE][PASSED] - Delayed 1 second(s)

2024-09-03 18:11:25 - [MESSAGE][PASSED] - Object: 'Object Repository/PM/Huawei-vendor/StartDate/1-Fep' is clicked on

2024-09-03 18:11:25 - [MESSAGE][PASSED] - Object: 'Object Repository/PM/Huawei-vendor/Apply-Button' is clicked on

2024-09-03 18:11:28 - [MESSAGE][PASSED] - Web element with id: 'Object Repository/SON/Error' located by 'By.xpath: //div[@class='home-logo']' is not present after '200' second(s)

2024-09-03 18:11:28 - [MESSAGE][PASSED] - SON.son is PASSED]]></system-out>
         <system-err><![CDATA[]]></system-err>
      </testcase>
      <testcase name="Test Cases/SON/Huawei/2G/PLMN/PLMN CO Sector" time="36.931" classname="Test Cases/SON/Huawei/2G/PLMN/PLMN CO Sector" status="PASSED">
         <system-out><![CDATA[2024-09-03 18:11:28 - [TEST_CASE][PASSED] - Test Cases/SON/Huawei/2G/PLMN/PLMN CO Sector: Test Cases/SON/Huawei/2G/PLMN/PLMN CO Sector

2024-09-03 18:11:28 - [TEST_STEP][PASSED] - callTestCase(findTestCase("Login"), [:], STOP_ON_FAILURE): Call Test Case 'Test Cases/Login' successfully

2024-09-03 18:11:28 - [TEST_CASE][PASSED] - Test Cases/Login: Test Cases/Login

2024-09-03 18:11:28 - [TEST_STEP][PASSED] - driver = general.start(SwagerURL, NetCellURL): general.start is PASSED

2024-09-03 18:11:28 - [MESSAGE][INFO] - >>> chromeDriverPath=C:\Users\FatimaIbeid\.katalon\packages\Katalon_Studio_Windows_64-8.6.9\Katalon_Studio_Windows_64-8.6.9\configuration\resources\drivers\chromedriver_win32\chromedriver.exe

2024-09-03 18:11:30 - [MESSAGE][PASSED] - Current window maximized

2024-09-03 18:11:30 - [MESSAGE][PASSED] - Execute JavaScript 'window.open();' successfully

2024-09-03 18:11:30 - [MESSAGE][PASSED] - Switched to window with index: '1'

2024-09-03 18:11:43 - [MESSAGE][PASSED] - general.start is PASSED

2024-09-03 18:11:43 - [TEST_STEP][PASSED] - click(findTestObject("Object Repository/Login/LoginButton")): Object: 'Object Repository/Login/LoginButton' is clicked on

2024-09-03 18:11:43 - [MESSAGE][PASSED] - Object: 'Object Repository/Login/LoginButton' is clicked on

2024-09-03 18:11:43 - [TEST_STEP][PASSED] - switchToWindowIndex(2): Switched to window with index: '2'

2024-09-03 18:11:43 - [MESSAGE][PASSED] - Switched to window with index: '2'

2024-09-03 18:11:43 - [TEST_STEP][PASSED] - delay(1): Delayed 1 second(s)

2024-09-03 18:11:44 - [MESSAGE][PASSED] - Delayed 1 second(s)

2024-09-03 18:11:44 - [TEST_STEP][PASSED] - sendKeys(findTestObject("Object Repository/Login/EnterEmail"), "homam@zztjg.onmicrosoft.com"): Keys 'homam@zztjg.onmicrosoft.com' sent to object: 'Object Repository/Login/EnterEmail'

2024-09-03 18:11:45 - [MESSAGE][PASSED] - Keys 'homam@zztjg.onmicrosoft.com' sent to object: 'Object Repository/Login/EnterEmail'

2024-09-03 18:11:45 - [TEST_STEP][PASSED] - delay(1): Delayed 1 second(s)

2024-09-03 18:11:46 - [MESSAGE][PASSED] - Delayed 1 second(s)

2024-09-03 18:11:46 - [TEST_STEP][PASSED] - click(findTestObject("Object Repository/Login/NextButton")): Object: 'Object Repository/Login/NextButton' is clicked on

2024-09-03 18:11:47 - [MESSAGE][PASSED] - Object: 'Object Repository/Login/NextButton' is clicked on

2024-09-03 18:11:47 - [TEST_STEP][PASSED] - delay(2): Delayed 2 second(s)

2024-09-03 18:11:49 - [MESSAGE][PASSED] - Delayed 2 second(s)

2024-09-03 18:11:49 - [TEST_STEP][PASSED] - sendKeys(findTestObject("Object Repository/Login/EnterPassword"), "Holder12345"): Keys 'Holder12345' sent to object: 'Object Repository/Login/EnterPassword'

2024-09-03 18:11:49 - [MESSAGE][PASSED] - Keys 'Holder12345' sent to object: 'Object Repository/Login/EnterPassword'

2024-09-03 18:11:49 - [TEST_STEP][PASSED] - delay(1): Delayed 1 second(s)

2024-09-03 18:11:50 - [MESSAGE][PASSED] - Delayed 1 second(s)

2024-09-03 18:11:50 - [TEST_STEP][PASSED] - click(findTestObject("Object Repository/Login/SigninButton")): Object: 'Object Repository/Login/SigninButton' is clicked on

2024-09-03 18:11:50 - [MESSAGE][PASSED] - Object: 'Object Repository/Login/SigninButton' is clicked on

2024-09-03 18:11:50 - [TEST_STEP][PASSED] - delay(1): Delayed 1 second(s)

2024-09-03 18:11:51 - [MESSAGE][PASSED] - Delayed 1 second(s)

2024-09-03 18:11:51 - [TEST_STEP][PASSED] - click(findTestObject("Object Repository/Login/YesStayInButton")): Object: 'Object Repository/Login/YesStayInButton' is clicked on

2024-09-03 18:11:51 - [MESSAGE][PASSED] - Object: 'Object Repository/Login/YesStayInButton' is clicked on

2024-09-03 18:11:51 - [MESSAGE][PASSED] - Call Test Case 'Test Cases/Login' successfully

2024-09-03 18:11:51 - [TEST_STEP][PASSED] - switchToWindowIndex(1): Switched to window with index: '1'

2024-09-03 18:11:52 - [MESSAGE][PASSED] - Switched to window with index: '1'

2024-09-03 18:11:52 - [TEST_STEP][PASSED] - SON.son("huawei", "2G", "PLMN", "CO Sector", "", ""): SON.son is PASSED

2024-09-03 18:11:53 - [MESSAGE][PASSED] - Object: 'Object Repository/SON/sonBtn' is clicked on

2024-09-03 18:11:53 - [MESSAGE][PASSED] - Switched to window with index: '2'

2024-09-03 18:11:53 - [MESSAGE][PASSED] - Object: 'Object Repository/PM/Huawei-vendor/Technology/Technology-Arrow' is clicked on

2024-09-03 18:11:53 - [MESSAGE][PASSED] - Object: 'Object Repository/PM/Huawei-vendor/Technology/2G' is clicked on

2024-09-03 18:11:54 - [MESSAGE][PASSED] - Object: 'Object Repository/PM/Huawei-vendor/TopX/TopX Object Type' is clicked on

2024-09-03 18:11:55 - [MESSAGE][PASSED] - Delayed 1 second(s)

2024-09-03 18:11:55 - [MESSAGE][PASSED] - Object: 'Object Repository/PM/Huawei-vendor/Object-Type/TopX Object Types/TopX PLMNs/TopX PLMN' is clicked on

2024-09-03 18:11:56 - [MESSAGE][PASSED] - Delayed 1 second(s)

2024-09-03 18:11:56 - [MESSAGE][PASSED] - Object: 'Object Repository/PM/Huawei-vendor/Object-Type/TopX Object Types/TopX PLMNs/TopX PLMN checkbox' is clicked on

2024-09-03 18:11:58 - [MESSAGE][PASSED] - Delayed 2 second(s)

2024-09-03 18:11:58 - [MESSAGE][PASSED] - Object: 'Object Repository/SON/SonType/Type-Arrow' is clicked on

2024-09-03 18:11:58 - [MESSAGE][PASSED] - Object: 'Object Repository/PM/Huawei-vendor/Apply-Button' is clicked on

2024-09-03 18:12:05 - [MESSAGE][PASSED] - Web element with id: 'Object Repository/SON/Error' located by 'By.xpath: //div[@class='home-logo']' is not present after '200' second(s)

2024-09-03 18:12:05 - [MESSAGE][PASSED] - SON.son is PASSED]]></system-out>
         <system-err><![CDATA[]]></system-err>
      </testcase>
      <testcase name="Test Cases/SON/Huawei/2G/Region/Region 2G CO Sector" time="32.443" classname="Test Cases/SON/Huawei/2G/Region/Region 2G CO Sector" status="PASSED">
         <system-out><![CDATA[2024-09-03 18:12:05 - [TEST_CASE][PASSED] - Test Cases/SON/Huawei/2G/Region/Region 2G CO Sector: Test Cases/SON/Huawei/2G/Region/Region 2G CO Sector

2024-09-03 18:12:05 - [TEST_STEP][PASSED] - callTestCase(findTestCase("Login"), [:], STOP_ON_FAILURE): Call Test Case 'Test Cases/Login' successfully

2024-09-03 18:12:05 - [TEST_CASE][PASSED] - Test Cases/Login: Test Cases/Login

2024-09-03 18:12:05 - [TEST_STEP][PASSED] - driver = general.start(SwagerURL, NetCellURL): general.start is PASSED

2024-09-03 18:12:05 - [MESSAGE][INFO] - >>> chromeDriverPath=C:\Users\FatimaIbeid\.katalon\packages\Katalon_Studio_Windows_64-8.6.9\Katalon_Studio_Windows_64-8.6.9\configuration\resources\drivers\chromedriver_win32\chromedriver.exe

2024-09-03 18:12:06 - [MESSAGE][PASSED] - Current window maximized

2024-09-03 18:12:07 - [MESSAGE][PASSED] - Execute JavaScript 'window.open();' successfully

2024-09-03 18:12:07 - [MESSAGE][PASSED] - Switched to window with index: '1'

2024-09-03 18:12:20 - [MESSAGE][PASSED] - general.start is PASSED

2024-09-03 18:12:20 - [TEST_STEP][PASSED] - click(findTestObject("Object Repository/Login/LoginButton")): Object: 'Object Repository/Login/LoginButton' is clicked on

2024-09-03 18:12:20 - [MESSAGE][PASSED] - Object: 'Object Repository/Login/LoginButton' is clicked on

2024-09-03 18:12:20 - [TEST_STEP][PASSED] - switchToWindowIndex(2): Switched to window with index: '2'

2024-09-03 18:12:20 - [MESSAGE][PASSED] - Switched to window with index: '2'

2024-09-03 18:12:20 - [TEST_STEP][PASSED] - delay(1): Delayed 1 second(s)

2024-09-03 18:12:21 - [MESSAGE][PASSED] - Delayed 1 second(s)

2024-09-03 18:12:21 - [TEST_STEP][PASSED] - sendKeys(findTestObject("Object Repository/Login/EnterEmail"), "homam@zztjg.onmicrosoft.com"): Keys 'homam@zztjg.onmicrosoft.com' sent to object: 'Object Repository/Login/EnterEmail'

2024-09-03 18:12:22 - [MESSAGE][PASSED] - Keys 'homam@zztjg.onmicrosoft.com' sent to object: 'Object Repository/Login/EnterEmail'

2024-09-03 18:12:22 - [TEST_STEP][PASSED] - delay(1): Delayed 1 second(s)

2024-09-03 18:12:23 - [MESSAGE][PASSED] - Delayed 1 second(s)

2024-09-03 18:12:23 - [TEST_STEP][PASSED] - click(findTestObject("Object Repository/Login/NextButton")): Object: 'Object Repository/Login/NextButton' is clicked on

2024-09-03 18:12:23 - [MESSAGE][PASSED] - Object: 'Object Repository/Login/NextButton' is clicked on

2024-09-03 18:12:23 - [TEST_STEP][PASSED] - delay(2): Delayed 2 second(s)

2024-09-03 18:12:25 - [MESSAGE][PASSED] - Delayed 2 second(s)

2024-09-03 18:12:25 - [TEST_STEP][PASSED] - sendKeys(findTestObject("Object Repository/Login/EnterPassword"), "Holder12345"): Keys 'Holder12345' sent to object: 'Object Repository/Login/EnterPassword'

2024-09-03 18:12:25 - [MESSAGE][PASSED] - Keys 'Holder12345' sent to object: 'Object Repository/Login/EnterPassword'

2024-09-03 18:12:25 - [TEST_STEP][PASSED] - delay(1): Delayed 1 second(s)

2024-09-03 18:12:26 - [MESSAGE][PASSED] - Delayed 1 second(s)

2024-09-03 18:12:26 - [TEST_STEP][PASSED] - click(findTestObject("Object Repository/Login/SigninButton")): Object: 'Object Repository/Login/SigninButton' is clicked on

2024-09-03 18:12:26 - [MESSAGE][PASSED] - Object: 'Object Repository/Login/SigninButton' is clicked on

2024-09-03 18:12:26 - [TEST_STEP][PASSED] - delay(1): Delayed 1 second(s)

2024-09-03 18:12:27 - [MESSAGE][PASSED] - Delayed 1 second(s)

2024-09-03 18:12:27 - [TEST_STEP][PASSED] - click(findTestObject("Object Repository/Login/YesStayInButton")): Object: 'Object Repository/Login/YesStayInButton' is clicked on

2024-09-03 18:12:28 - [MESSAGE][PASSED] - Object: 'Object Repository/Login/YesStayInButton' is clicked on

2024-09-03 18:12:28 - [MESSAGE][PASSED] - Call Test Case 'Test Cases/Login' successfully

2024-09-03 18:12:28 - [TEST_STEP][PASSED] - switchToWindowIndex(1): Switched to window with index: '1'

2024-09-03 18:12:28 - [MESSAGE][PASSED] - Switched to window with index: '1'

2024-09-03 18:12:28 - [TEST_STEP][PASSED] - SON.son("huawei", "2G", "Region", "CO Sector", "", ""): SON.son is PASSED

2024-09-03 18:12:29 - [MESSAGE][PASSED] - Object: 'Object Repository/SON/sonBtn' is clicked on

2024-09-03 18:12:29 - [MESSAGE][PASSED] - Switched to window with index: '2'

2024-09-03 18:12:30 - [MESSAGE][PASSED] - Object: 'Object Repository/PM/Huawei-vendor/Technology/Technology-Arrow' is clicked on

2024-09-03 18:12:30 - [MESSAGE][PASSED] - Object: 'Object Repository/PM/Huawei-vendor/Technology/2G' is clicked on

2024-09-03 18:12:30 - [MESSAGE][PASSED] - Object: 'Object Repository/PM/Huawei-vendor/TopX/TopX Object Type' is clicked on

2024-09-03 18:12:31 - [MESSAGE][PASSED] - Delayed 1 second(s)

2024-09-03 18:12:31 - [MESSAGE][PASSED] - Object: 'Object Repository/PM/Huawei-vendor/Object-Type/TopX Object Types/TopX Regions/TopX Region' is clicked on

2024-09-03 18:12:32 - [MESSAGE][PASSED] - Delayed 1 second(s)

2024-09-03 18:12:32 - [MESSAGE][WARNING] - Timeout '0' is invalid. Using default page load timeout: '120'

2024-09-03 18:12:32 - [MESSAGE][PASSED] - Scroll to object 'Object Repository/PM/Huawei-vendor/Object Border' successfully

2024-09-03 18:12:33 - [MESSAGE][PASSED] - Object: 'Object Repository/PM/Huawei-vendor/Object-Type/TopX Object Types/TopX Regions/TopX Region East Amman' is clicked on

2024-09-03 18:12:33 - [MESSAGE][PASSED] - Object: 'Object Repository/PM/Huawei-vendor/Object-Type/TopX Object Types/TopX Regions/TopX Region West Amman' is clicked on

2024-09-03 18:12:33 - [MESSAGE][PASSED] - Object: 'Object Repository/PM/Huawei-vendor/Object-Type/TopX Object Types/TopX Regions/TopX Region South Amman' is clicked on

2024-09-03 18:12:33 - [MESSAGE][PASSED] - Object: 'Object Repository/PM/Huawei-vendor/Object-Type/TopX Object Types/TopX Regions/TopX Region South Jordan' is clicked on

2024-09-03 18:12:33 - [MESSAGE][PASSED] - Object: 'Object Repository/PM/Huawei-vendor/Object-Type/TopX Object Types/TopX Regions/TopX Region North Jordan' is clicked on

2024-09-03 18:12:33 - [MESSAGE][PASSED] - Object: 'Object Repository/PM/Huawei-vendor/Object-Type/TopX Object Types/TopX Regions/TopX Region East Jordan' is clicked on

2024-09-03 18:12:33 - [MESSAGE][PASSED] - Object: 'Object Repository/PM/Huawei-vendor/Object-Type/TopX Object Types/TopX Regions/TopX Region Others' is clicked on

2024-09-03 18:12:35 - [MESSAGE][PASSED] - Delayed 2 second(s)

2024-09-03 18:12:35 - [MESSAGE][PASSED] - Object: 'Object Repository/SON/SonType/Type-Arrow' is clicked on

2024-09-03 18:12:36 - [MESSAGE][PASSED] - Object: 'Object Repository/PM/Huawei-vendor/Apply-Button' is clicked on

2024-09-03 18:12:37 - [MESSAGE][PASSED] - Web element with id: 'Object Repository/SON/Error' located by 'By.xpath: //div[@class='home-logo']' is not present after '200' second(s)

2024-09-03 18:12:37 - [MESSAGE][PASSED] - SON.son is PASSED]]></system-out>
         <system-err><![CDATA[]]></system-err>
      </testcase>
      <testcase name="Test Cases/SON/Huawei/2G/Site/Site 2G CO Sector" time="48.034" classname="Test Cases/SON/Huawei/2G/Site/Site 2G CO Sector" status="FAILED">
         <failure type="FAILED" message="Test Cases/SON/Huawei/2G/Site/Site 2G CO Sector FAILED.
Reason:
com.kms.katalon.core.exception.StepFailedException: Unable to click on object 'Object Repository/SON/ObjectType/East Amman site1'
	at com.kms.katalon.core.webui.keyword.internal.WebUIKeywordMain.stepFailed(WebUIKeywordMain.groovy:64)
	at com.kms.katalon.core.webui.keyword.internal.WebUIKeywordMain.runKeyword(WebUIKeywordMain.groovy:26)
	at com.kms.katalon.core.webui.keyword.builtin.ClickKeyword.click(ClickKeyword.groovy:74)
	at com.kms.katalon.core.webui.keyword.builtin.ClickKeyword.execute(ClickKeyword.groovy:40)
	at com.kms.katalon.core.keyword.internal.KeywordExecutor.executeKeywordForPlatform(KeywordExecutor.groovy:74)
	at com.kms.katalon.core.webui.keyword.WebUiBuiltInKeywords.click(WebUiBuiltInKeywords.groovy:620)
	at com.kms.katalon.core.webui.keyword.WebUiBuiltInKeywords$click$2.call(Unknown Source)
	at SON.selectObjectType(SON.groovy:146)
	at SON.son(SON.groovy:73)
	at SON.invokeMethod(SON.groovy)
	at com.kms.katalon.core.main.CustomKeywordDelegatingMetaClass.invokeStaticMethod(CustomKeywordDelegatingMetaClass.java:55)
	at Site 2G CO Sector.run(Site 2G CO Sector:22)
	at com.kms.katalon.core.main.ScriptEngine.run(ScriptEngine.java:194)
	at com.kms.katalon.core.main.ScriptEngine.runScriptAsRawText(ScriptEngine.java:119)
	at com.kms.katalon.core.main.TestCaseExecutor.runScript(TestCaseExecutor.java:448)
	at com.kms.katalon.core.main.TestCaseExecutor.doExecute(TestCaseExecutor.java:439)
	at com.kms.katalon.core.main.TestCaseExecutor.processExecutionPhase(TestCaseExecutor.java:418)
	at com.kms.katalon.core.main.TestCaseExecutor.accessMainPhase(TestCaseExecutor.java:410)
	at com.kms.katalon.core.main.TestCaseExecutor.execute(TestCaseExecutor.java:285)
	at com.kms.katalon.core.common.CommonExecutor.accessTestCaseMainPhase(CommonExecutor.java:65)
	at com.kms.katalon.core.main.TestSuiteExecutor.accessTestSuiteMainPhase(TestSuiteExecutor.java:148)
	at com.kms.katalon.core.main.TestSuiteExecutor.execute(TestSuiteExecutor.java:106)
	at com.kms.katalon.core.main.TestCaseMain.startTestSuite(TestCaseMain.java:187)
	at com.kms.katalon.core.main.TestCaseMain$startTestSuite$0.call(Unknown Source)
	at TempTestSuite1725371051772.run(TempTestSuite1725371051772.groovy:35)
Caused by: org.openqa.selenium.NoSuchWindowException: no such window: target window already closed
from unknown error: web view not found
  (Session info: chrome=128.0.6613.113)
Build info: version: '3.141.59', revision: 'e82be7d358', time: '2018-11-14T08:25:53'
System info: host: 'LP-FATIMAIBEID', ip: '192.168.9.99', os.name: 'Windows 11', os.arch: 'amd64', os.version: '10.0', java.version: '1.8.0_362'
Driver info: org.openqa.selenium.chrome.ChromeDriver
Capabilities {acceptInsecureCerts: true, browserName: chrome, browserVersion: 128.0.6613.113, chrome: {chromedriverVersion: 127.0.6533.88 (a2d0cb026721..., userDataDir: C:\Users\FATIMA~1\AppData\L...}, fedcm:accounts: true, goog:chromeOptions: {debuggerAddress: localhost:62717}, javascriptEnabled: true, networkConnectionEnabled: false, pageLoadStrategy: normal, platform: WINDOWS, platformName: WINDOWS, proxy: Proxy(), setWindowRect: true, strictFileInteractability: false, timeouts: {implicit: 0, pageLoad: 300000, script: 30000}, unhandledPromptBehavior: dismiss and notify, webauthn:extension:credBlob: true, webauthn:extension:largeBlob: true, webauthn:extension:minPinLength: true, webauthn:extension:prf: true, webauthn:virtualAuthenticators: true}
Session ID: 5480a77b7983bda93fd53350cd37f157
*** Element info: {Using=xpath, value=//span[contains(text(),'301-ULT_King_Hussein_St_PD_Fiber_Manage')]}
	at org.openqa.selenium.remote.http.W3CHttpResponseCodec.createException(W3CHttpResponseCodec.java:187)
	at org.openqa.selenium.remote.http.W3CHttpResponseCodec.decode(W3CHttpResponseCodec.java:122)
	at org.openqa.selenium.remote.http.W3CHttpResponseCodec.decode(W3CHttpResponseCodec.java:49)
	at org.openqa.selenium.remote.HttpCommandExecutor.execute(HttpCommandExecutor.java:158)
	at org.openqa.selenium.remote.service.DriverCommandExecutor.execute(DriverCommandExecutor.java:83)
	at org.openqa.selenium.remote.RemoteWebDriver.execute(RemoteWebDriver.java:552)
	at org.openqa.selenium.remote.RemoteWebDriver.findElements(RemoteWebDriver.java:353)
	at org.openqa.selenium.remote.RemoteWebDriver.findElementsByXPath(RemoteWebDriver.java:432)
	at org.openqa.selenium.By$ByXPath.findElements(By.java:348)
	at org.openqa.selenium.remote.RemoteWebDriver.findElements(RemoteWebDriver.java:311)
	at org.openqa.selenium.support.events.EventFiringWebDriver.lambda$new$1(EventFiringWebDriver.java:105)
	at com.sun.proxy.$Proxy11.findElements(Unknown Source)
	at org.openqa.selenium.support.events.EventFiringWebDriver.findElements(EventFiringWebDriver.java:182)
	at com.kms.katalon.core.webui.common.WebUiCommonHelper.findElementByNormalMethods(WebUiCommonHelper.java:1027)
	at com.kms.katalon.core.webui.common.WebUiCommonHelper.findElementsBySelectedMethod(WebUiCommonHelper.java:919)
	at com.kms.katalon.core.webui.common.WebUiCommonHelper.findElementsBySelectedMethod(WebUiCommonHelper.java:901)
	at com.kms.katalon.core.webui.common.WebUiCommonHelper.findElementsBySelectedMethod(WebUiCommonHelper.java:896)
	at com.kms.katalon.core.webui.common.WebUiCommonHelper.findElementsByDefault(WebUiCommonHelper.java:892)
	at com.kms.katalon.core.webui.common.WebUiCommonHelper.findWebElements(WebUiCommonHelper.java:720)
	at com.kms.katalon.core.webui.common.WebUiCommonHelper.findWebElement(WebUiCommonHelper.java:1376)
	at com.kms.katalon.core.webui.keyword.internal.WebUIAbstractKeyword.findWebElement(WebUIAbstractKeyword.groovy:27)
	at com.kms.katalon.core.webui.keyword.builtin.ClickKeyword$_click_closure1.doCall(ClickKeyword.groovy:65)
	at com.kms.katalon.core.webui.keyword.builtin.ClickKeyword$_click_closure1.call(ClickKeyword.groovy)
	at com.kms.katalon.core.webui.keyword.internal.WebUIKeywordMain.runKeyword(WebUIKeywordMain.groovy:20)
	... 23 more
"/>
         <system-out><![CDATA[2024-09-03 18:12:37 - [TEST_CASE][FAILED] - Test Cases/SON/Huawei/2G/Site/Site 2G CO Sector: Test Cases/SON/Huawei/2G/Site/Site 2G CO Sector FAILED.
Reason:
com.kms.katalon.core.exception.StepFailedException: Unable to click on object 'Object Repository/SON/ObjectType/East Amman site1'
	at com.kms.katalon.core.webui.keyword.internal.WebUIKeywordMain.stepFailed(WebUIKeywordMain.groovy:64)
	at com.kms.katalon.core.webui.keyword.internal.WebUIKeywordMain.runKeyword(WebUIKeywordMain.groovy:26)
	at com.kms.katalon.core.webui.keyword.builtin.ClickKeyword.click(ClickKeyword.groovy:74)
	at com.kms.katalon.core.webui.keyword.builtin.ClickKeyword.execute(ClickKeyword.groovy:40)
	at com.kms.katalon.core.keyword.internal.KeywordExecutor.executeKeywordForPlatform(KeywordExecutor.groovy:74)
	at com.kms.katalon.core.webui.keyword.WebUiBuiltInKeywords.click(WebUiBuiltInKeywords.groovy:620)
	at com.kms.katalon.core.webui.keyword.WebUiBuiltInKeywords$click$2.call(Unknown Source)
	at SON.selectObjectType(SON.groovy:146)
	at SON.son(SON.groovy:73)
	at SON.invokeMethod(SON.groovy)
	at com.kms.katalon.core.main.CustomKeywordDelegatingMetaClass.invokeStaticMethod(CustomKeywordDelegatingMetaClass.java:55)
	at Site 2G CO Sector.run(Site 2G CO Sector:22)
	at com.kms.katalon.core.main.ScriptEngine.run(ScriptEngine.java:194)
	at com.kms.katalon.core.main.ScriptEngine.runScriptAsRawText(ScriptEngine.java:119)
	at com.kms.katalon.core.main.TestCaseExecutor.runScript(TestCaseExecutor.java:448)
	at com.kms.katalon.core.main.TestCaseExecutor.doExecute(TestCaseExecutor.java:439)
	at com.kms.katalon.core.main.TestCaseExecutor.processExecutionPhase(TestCaseExecutor.java:418)
	at com.kms.katalon.core.main.TestCaseExecutor.accessMainPhase(TestCaseExecutor.java:410)
	at com.kms.katalon.core.main.TestCaseExecutor.execute(TestCaseExecutor.java:285)
	at com.kms.katalon.core.common.CommonExecutor.accessTestCaseMainPhase(CommonExecutor.java:65)
	at com.kms.katalon.core.main.TestSuiteExecutor.accessTestSuiteMainPhase(TestSuiteExecutor.java:148)
	at com.kms.katalon.core.main.TestSuiteExecutor.execute(TestSuiteExecutor.java:106)
	at com.kms.katalon.core.main.TestCaseMain.startTestSuite(TestCaseMain.java:187)
	at com.kms.katalon.core.main.TestCaseMain$startTestSuite$0.call(Unknown Source)
	at TempTestSuite1725371051772.run(TempTestSuite1725371051772.groovy:35)
Caused by: org.openqa.selenium.NoSuchWindowException: no such window: target window already closed
from unknown error: web view not found
  (Session info: chrome=128.0.6613.113)
Build info: version: '3.141.59', revision: 'e82be7d358', time: '2018-11-14T08:25:53'
System info: host: 'LP-FATIMAIBEID', ip: '192.168.9.99', os.name: 'Windows 11', os.arch: 'amd64', os.version: '10.0', java.version: '1.8.0_362'
Driver info: org.openqa.selenium.chrome.ChromeDriver
Capabilities {acceptInsecureCerts: true, browserName: chrome, browserVersion: 128.0.6613.113, chrome: {chromedriverVersion: 127.0.6533.88 (a2d0cb026721..., userDataDir: C:\Users\FATIMA~1\AppData\L...}, fedcm:accounts: true, goog:chromeOptions: {debuggerAddress: localhost:62717}, javascriptEnabled: true, networkConnectionEnabled: false, pageLoadStrategy: normal, platform: WINDOWS, platformName: WINDOWS, proxy: Proxy(), setWindowRect: true, strictFileInteractability: false, timeouts: {implicit: 0, pageLoad: 300000, script: 30000}, unhandledPromptBehavior: dismiss and notify, webauthn:extension:credBlob: true, webauthn:extension:largeBlob: true, webauthn:extension:minPinLength: true, webauthn:extension:prf: true, webauthn:virtualAuthenticators: true}
Session ID: 5480a77b7983bda93fd53350cd37f157
*** Element info: {Using=xpath, value=//span[contains(text(),'301-ULT_King_Hussein_St_PD_Fiber_Manage')]}
	at org.openqa.selenium.remote.http.W3CHttpResponseCodec.createException(W3CHttpResponseCodec.java:187)
	at org.openqa.selenium.remote.http.W3CHttpResponseCodec.decode(W3CHttpResponseCodec.java:122)
	at org.openqa.selenium.remote.http.W3CHttpResponseCodec.decode(W3CHttpResponseCodec.java:49)
	at org.openqa.selenium.remote.HttpCommandExecutor.execute(HttpCommandExecutor.java:158)
	at org.openqa.selenium.remote.service.DriverCommandExecutor.execute(DriverCommandExecutor.java:83)
	at org.openqa.selenium.remote.RemoteWebDriver.execute(RemoteWebDriver.java:552)
	at org.openqa.selenium.remote.RemoteWebDriver.findElements(RemoteWebDriver.java:353)
	at org.openqa.selenium.remote.RemoteWebDriver.findElementsByXPath(RemoteWebDriver.java:432)
	at org.openqa.selenium.By$ByXPath.findElements(By.java:348)
	at org.openqa.selenium.remote.RemoteWebDriver.findElements(RemoteWebDriver.java:311)
	at org.openqa.selenium.support.events.EventFiringWebDriver.lambda$new$1(EventFiringWebDriver.java:105)
	at com.sun.proxy.$Proxy11.findElements(Unknown Source)
	at org.openqa.selenium.support.events.EventFiringWebDriver.findElements(EventFiringWebDriver.java:182)
	at com.kms.katalon.core.webui.common.WebUiCommonHelper.findElementByNormalMethods(WebUiCommonHelper.java:1027)
	at com.kms.katalon.core.webui.common.WebUiCommonHelper.findElementsBySelectedMethod(WebUiCommonHelper.java:919)
	at com.kms.katalon.core.webui.common.WebUiCommonHelper.findElementsBySelectedMethod(WebUiCommonHelper.java:901)
	at com.kms.katalon.core.webui.common.WebUiCommonHelper.findElementsBySelectedMethod(WebUiCommonHelper.java:896)
	at com.kms.katalon.core.webui.common.WebUiCommonHelper.findElementsByDefault(WebUiCommonHelper.java:892)
	at com.kms.katalon.core.webui.common.WebUiCommonHelper.findWebElements(WebUiCommonHelper.java:720)
	at com.kms.katalon.core.webui.common.WebUiCommonHelper.findWebElement(WebUiCommonHelper.java:1376)
	at com.kms.katalon.core.webui.keyword.internal.WebUIAbstractKeyword.findWebElement(WebUIAbstractKeyword.groovy:27)
	at com.kms.katalon.core.webui.keyword.builtin.ClickKeyword$_click_closure1.doCall(ClickKeyword.groovy:65)
	at com.kms.katalon.core.webui.keyword.builtin.ClickKeyword$_click_closure1.call(ClickKeyword.groovy)
	at com.kms.katalon.core.webui.keyword.internal.WebUIKeywordMain.runKeyword(WebUIKeywordMain.groovy:20)
	... 23 more


2024-09-03 18:12:38 - [TEST_STEP][PASSED] - callTestCase(findTestCase("Login"), [:], STOP_ON_FAILURE): Call Test Case 'Test Cases/Login' successfully

2024-09-03 18:12:38 - [TEST_CASE][PASSED] - Test Cases/Login: Test Cases/Login

2024-09-03 18:12:38 - [TEST_STEP][PASSED] - driver = general.start(SwagerURL, NetCellURL): general.start is PASSED

2024-09-03 18:12:38 - [MESSAGE][INFO] - >>> chromeDriverPath=C:\Users\FatimaIbeid\.katalon\packages\Katalon_Studio_Windows_64-8.6.9\Katalon_Studio_Windows_64-8.6.9\configuration\resources\drivers\chromedriver_win32\chromedriver.exe

2024-09-03 18:12:39 - [MESSAGE][PASSED] - Current window maximized

2024-09-03 18:12:40 - [MESSAGE][PASSED] - Execute JavaScript 'window.open();' successfully

2024-09-03 18:12:40 - [MESSAGE][PASSED] - Switched to window with index: '1'

2024-09-03 18:12:52 - [MESSAGE][PASSED] - general.start is PASSED

2024-09-03 18:12:52 - [TEST_STEP][PASSED] - click(findTestObject("Object Repository/Login/LoginButton")): Object: 'Object Repository/Login/LoginButton' is clicked on

2024-09-03 18:12:52 - [MESSAGE][PASSED] - Object: 'Object Repository/Login/LoginButton' is clicked on

2024-09-03 18:12:52 - [TEST_STEP][PASSED] - switchToWindowIndex(2): Switched to window with index: '2'

2024-09-03 18:12:52 - [MESSAGE][PASSED] - Switched to window with index: '2'

2024-09-03 18:12:52 - [TEST_STEP][PASSED] - delay(1): Delayed 1 second(s)

2024-09-03 18:12:53 - [MESSAGE][PASSED] - Delayed 1 second(s)

2024-09-03 18:12:53 - [TEST_STEP][PASSED] - sendKeys(findTestObject("Object Repository/Login/EnterEmail"), "homam@zztjg.onmicrosoft.com"): Keys 'homam@zztjg.onmicrosoft.com' sent to object: 'Object Repository/Login/EnterEmail'

2024-09-03 18:12:53 - [MESSAGE][PASSED] - Keys 'homam@zztjg.onmicrosoft.com' sent to object: 'Object Repository/Login/EnterEmail'

2024-09-03 18:12:53 - [TEST_STEP][PASSED] - delay(1): Delayed 1 second(s)

2024-09-03 18:12:54 - [MESSAGE][PASSED] - Delayed 1 second(s)

2024-09-03 18:12:54 - [TEST_STEP][PASSED] - click(findTestObject("Object Repository/Login/NextButton")): Object: 'Object Repository/Login/NextButton' is clicked on

2024-09-03 18:12:55 - [MESSAGE][PASSED] - Object: 'Object Repository/Login/NextButton' is clicked on

2024-09-03 18:12:55 - [TEST_STEP][PASSED] - delay(2): Delayed 2 second(s)

2024-09-03 18:12:57 - [MESSAGE][PASSED] - Delayed 2 second(s)

2024-09-03 18:12:57 - [TEST_STEP][PASSED] - sendKeys(findTestObject("Object Repository/Login/EnterPassword"), "Holder12345"): Keys 'Holder12345' sent to object: 'Object Repository/Login/EnterPassword'

2024-09-03 18:12:57 - [MESSAGE][PASSED] - Keys 'Holder12345' sent to object: 'Object Repository/Login/EnterPassword'

2024-09-03 18:12:57 - [TEST_STEP][PASSED] - delay(1): Delayed 1 second(s)

2024-09-03 18:12:58 - [MESSAGE][PASSED] - Delayed 1 second(s)

2024-09-03 18:12:58 - [TEST_STEP][PASSED] - click(findTestObject("Object Repository/Login/SigninButton")): Object: 'Object Repository/Login/SigninButton' is clicked on

2024-09-03 18:12:58 - [MESSAGE][PASSED] - Object: 'Object Repository/Login/SigninButton' is clicked on

2024-09-03 18:12:58 - [TEST_STEP][PASSED] - delay(1): Delayed 1 second(s)

2024-09-03 18:12:59 - [MESSAGE][PASSED] - Delayed 1 second(s)

2024-09-03 18:12:59 - [TEST_STEP][PASSED] - click(findTestObject("Object Repository/Login/YesStayInButton")): Object: 'Object Repository/Login/YesStayInButton' is clicked on

2024-09-03 18:13:00 - [MESSAGE][PASSED] - Object: 'Object Repository/Login/YesStayInButton' is clicked on

2024-09-03 18:13:00 - [MESSAGE][PASSED] - Call Test Case 'Test Cases/Login' successfully

2024-09-03 18:13:00 - [TEST_STEP][PASSED] - switchToWindowIndex(1): Switched to window with index: '1'

2024-09-03 18:13:00 - [MESSAGE][PASSED] - Switched to window with index: '1'

2024-09-03 18:13:00 - [TEST_STEP][FAILED] - SON.son("huawei", "2G", "Site", "CO Sector", "", ""): Unable to click on object 'Object Repository/SON/ObjectType/East Amman site1'

2024-09-03 18:13:01 - [MESSAGE][PASSED] - Object: 'Object Repository/SON/sonBtn' is clicked on

2024-09-03 18:13:01 - [MESSAGE][PASSED] - Switched to window with index: '2'

2024-09-03 18:13:01 - [MESSAGE][PASSED] - Object: 'Object Repository/PM/Huawei-vendor/Technology/Technology-Arrow' is clicked on

2024-09-03 18:13:01 - [MESSAGE][PASSED] - Object: 'Object Repository/PM/Huawei-vendor/Technology/2G' is clicked on

2024-09-03 18:13:02 - [MESSAGE][PASSED] - Object: 'Object Repository/PM/Huawei-vendor/TopX/TopX Object Type' is clicked on

2024-09-03 18:13:03 - [MESSAGE][PASSED] - Delayed 1 second(s)

2024-09-03 18:13:03 - [MESSAGE][PASSED] - Object: 'Object Repository/PM/Huawei-vendor/Object-Type/TopX Object Types/TopX Sites/TopX Site' is clicked on

2024-09-03 18:13:04 - [MESSAGE][PASSED] - Delayed 1 second(s)

2024-09-03 18:13:04 - [MESSAGE][WARNING] - Timeout '0' is invalid. Using default page load timeout: '120'

2024-09-03 18:13:04 - [MESSAGE][PASSED] - Scroll to object 'Object Repository/PM/Huawei-vendor/Object Border' successfully

2024-09-03 18:13:04 - [MESSAGE][PASSED] - Object: 'Object Repository/PM/Huawei-vendor/Object-Type/TopX Object Types/TopX Sites/TopX East Amman Arrow' is clicked on

2024-09-03 18:13:25 - [MESSAGE][WARNING] - Cannot take screenshot

2024-09-03 18:13:25 - [MESSAGE][FAILED] - Unable to click on object 'Object Repository/SON/ObjectType/East Amman site1' (Root cause: com.kms.katalon.core.exception.StepFailedException: Unable to click on object 'Object Repository/SON/ObjectType/East Amman site1'
	at com.kms.katalon.core.webui.keyword.internal.WebUIKeywordMain.stepFailed(WebUIKeywordMain.groovy:64)
	at com.kms.katalon.core.webui.keyword.internal.WebUIKeywordMain.runKeyword(WebUIKeywordMain.groovy:26)
	at com.kms.katalon.core.webui.keyword.builtin.ClickKeyword.click(ClickKeyword.groovy:74)
	at com.kms.katalon.core.webui.keyword.builtin.ClickKeyword.execute(ClickKeyword.groovy:40)
	at com.kms.katalon.core.keyword.internal.KeywordExecutor.executeKeywordForPlatform(KeywordExecutor.groovy:74)
	at com.kms.katalon.core.webui.keyword.WebUiBuiltInKeywords.click(WebUiBuiltInKeywords.groovy:620)
	at com.kms.katalon.core.webui.keyword.WebUiBuiltInKeywords$click$2.call(Unknown Source)
	at SON.selectObjectType(SON.groovy:146)
	at SON.son(SON.groovy:73)
	at SON.invokeMethod(SON.groovy)
	at com.kms.katalon.core.main.CustomKeywordDelegatingMetaClass.invokeStaticMethod(CustomKeywordDelegatingMetaClass.java:55)
	at Site 2G CO Sector.run(Site 2G CO Sector:22)
	at com.kms.katalon.core.main.ScriptEngine.run(ScriptEngine.java:194)
	at com.kms.katalon.core.main.ScriptEngine.runScriptAsRawText(ScriptEngine.java:119)
	at com.kms.katalon.core.main.TestCaseExecutor.runScript(TestCaseExecutor.java:448)
	at com.kms.katalon.core.main.TestCaseExecutor.doExecute(TestCaseExecutor.java:439)
	at com.kms.katalon.core.main.TestCaseExecutor.processExecutionPhase(TestCaseExecutor.java:418)
	at com.kms.katalon.core.main.TestCaseExecutor.accessMainPhase(TestCaseExecutor.java:410)
	at com.kms.katalon.core.main.TestCaseExecutor.execute(TestCaseExecutor.java:285)
	at com.kms.katalon.core.common.CommonExecutor.accessTestCaseMainPhase(CommonExecutor.java:65)
	at com.kms.katalon.core.main.TestSuiteExecutor.accessTestSuiteMainPhase(TestSuiteExecutor.java:148)
	at com.kms.katalon.core.main.TestSuiteExecutor.execute(TestSuiteExecutor.java:106)
	at com.kms.katalon.core.main.TestCaseMain.startTestSuite(TestCaseMain.java:187)
	at com.kms.katalon.core.main.TestCaseMain$startTestSuite$0.call(Unknown Source)
	at TempTestSuite1725371051772.run(TempTestSuite1725371051772.groovy:35)
Caused by: org.openqa.selenium.NoSuchWindowException: no such window: target window already closed
from unknown error: web view not found
  (Session info: chrome=128.0.6613.113)
Build info: version: '3.141.59', revision: 'e82be7d358', time: '2018-11-14T08:25:53'
System info: host: 'LP-FATIMAIBEID', ip: '192.168.9.99', os.name: 'Windows 11', os.arch: 'amd64', os.version: '10.0', java.version: '1.8.0_362'
Driver info: org.openqa.selenium.chrome.ChromeDriver
Capabilities {acceptInsecureCerts: true, browserName: chrome, browserVersion: 128.0.6613.113, chrome: {chromedriverVersion: 127.0.6533.88 (a2d0cb026721..., userDataDir: C:\Users\FATIMA~1\AppData\L...}, fedcm:accounts: true, goog:chromeOptions: {debuggerAddress: localhost:62717}, javascriptEnabled: true, networkConnectionEnabled: false, pageLoadStrategy: normal, platform: WINDOWS, platformName: WINDOWS, proxy: Proxy(), setWindowRect: true, strictFileInteractability: false, timeouts: {implicit: 0, pageLoad: 300000, script: 30000}, unhandledPromptBehavior: dismiss and notify, webauthn:extension:credBlob: true, webauthn:extension:largeBlob: true, webauthn:extension:minPinLength: true, webauthn:extension:prf: true, webauthn:virtualAuthenticators: true}
Session ID: 5480a77b7983bda93fd53350cd37f157
*** Element info: {Using=xpath, value=//span[contains(text(),'301-ULT_King_Hussein_St_PD_Fiber_Manage')]}
	at org.openqa.selenium.remote.http.W3CHttpResponseCodec.createException(W3CHttpResponseCodec.java:187)
	at org.openqa.selenium.remote.http.W3CHttpResponseCodec.decode(W3CHttpResponseCodec.java:122)
	at org.openqa.selenium.remote.http.W3CHttpResponseCodec.decode(W3CHttpResponseCodec.java:49)
	at org.openqa.selenium.remote.HttpCommandExecutor.execute(HttpCommandExecutor.java:158)
	at org.openqa.selenium.remote.service.DriverCommandExecutor.execute(DriverCommandExecutor.java:83)
	at org.openqa.selenium.remote.RemoteWebDriver.execute(RemoteWebDriver.java:552)
	at org.openqa.selenium.remote.RemoteWebDriver.findElements(RemoteWebDriver.java:353)
	at org.openqa.selenium.remote.RemoteWebDriver.findElementsByXPath(RemoteWebDriver.java:432)
	at org.openqa.selenium.By$ByXPath.findElements(By.java:348)
	at org.openqa.selenium.remote.RemoteWebDriver.findElements(RemoteWebDriver.java:311)
	at org.openqa.selenium.support.events.EventFiringWebDriver.lambda$new$1(EventFiringWebDriver.java:105)
	at com.sun.proxy.$Proxy11.findElements(Unknown Source)
	at org.openqa.selenium.support.events.EventFiringWebDriver.findElements(EventFiringWebDriver.java:182)
	at com.kms.katalon.core.webui.common.WebUiCommonHelper.findElementByNormalMethods(WebUiCommonHelper.java:1027)
	at com.kms.katalon.core.webui.common.WebUiCommonHelper.findElementsBySelectedMethod(WebUiCommonHelper.java:919)
	at com.kms.katalon.core.webui.common.WebUiCommonHelper.findElementsBySelectedMethod(WebUiCommonHelper.java:901)
	at com.kms.katalon.core.webui.common.WebUiCommonHelper.findElementsBySelectedMethod(WebUiCommonHelper.java:896)
	at com.kms.katalon.core.webui.common.WebUiCommonHelper.findElementsByDefault(WebUiCommonHelper.java:892)
	at com.kms.katalon.core.webui.common.WebUiCommonHelper.findWebElements(WebUiCommonHelper.java:720)
	at com.kms.katalon.core.webui.common.WebUiCommonHelper.findWebElement(WebUiCommonHelper.java:1376)
	at com.kms.katalon.core.webui.keyword.internal.WebUIAbstractKeyword.findWebElement(WebUIAbstractKeyword.groovy:27)
	at com.kms.katalon.core.webui.keyword.builtin.ClickKeyword$_click_closure1.doCall(ClickKeyword.groovy:65)
	at com.kms.katalon.core.webui.keyword.builtin.ClickKeyword$_click_closure1.call(ClickKeyword.groovy)
	at com.kms.katalon.core.webui.keyword.internal.WebUIKeywordMain.runKeyword(WebUIKeywordMain.groovy:20)
	at com.kms.katalon.core.webui.keyword.builtin.ClickKeyword.click(ClickKeyword.groovy:74)
	at com.kms.katalon.core.webui.keyword.builtin.ClickKeyword.execute(ClickKeyword.groovy:40)
	at com.kms.katalon.core.keyword.internal.KeywordExecutor.executeKeywordForPlatform(KeywordExecutor.groovy:74)
	at com.kms.katalon.core.webui.keyword.WebUiBuiltInKeywords.click(WebUiBuiltInKeywords.groovy:620)
	at com.kms.katalon.core.webui.keyword.WebUiBuiltInKeywords$click$2.call(Unknown Source)
	at SON.selectObjectType(SON.groovy:146)
	at SON.son(SON.groovy:73)
	at SON.invokeMethod(SON.groovy)
	at com.kms.katalon.core.main.CustomKeywordDelegatingMetaClass.invokeStaticMethod(CustomKeywordDelegatingMetaClass.java:55)
	at Script1723550189723.run(Script1723550189723.groovy:22)
	... 13 more
)

2024-09-03 18:13:25 - [MESSAGE][FAILED] - Unable to click on object 'Object Repository/SON/ObjectType/East Amman site1']]></system-out>
         <system-err><![CDATA[2024-09-03 18:12:37 - [TEST_CASE][FAILED] - Test Cases/SON/Huawei/2G/Site/Site 2G CO Sector: Test Cases/SON/Huawei/2G/Site/Site 2G CO Sector FAILED.
Reason:
com.kms.katalon.core.exception.StepFailedException: Unable to click on object 'Object Repository/SON/ObjectType/East Amman site1'
	at com.kms.katalon.core.webui.keyword.internal.WebUIKeywordMain.stepFailed(WebUIKeywordMain.groovy:64)
	at com.kms.katalon.core.webui.keyword.internal.WebUIKeywordMain.runKeyword(WebUIKeywordMain.groovy:26)
	at com.kms.katalon.core.webui.keyword.builtin.ClickKeyword.click(ClickKeyword.groovy:74)
	at com.kms.katalon.core.webui.keyword.builtin.ClickKeyword.execute(ClickKeyword.groovy:40)
	at com.kms.katalon.core.keyword.internal.KeywordExecutor.executeKeywordForPlatform(KeywordExecutor.groovy:74)
	at com.kms.katalon.core.webui.keyword.WebUiBuiltInKeywords.click(WebUiBuiltInKeywords.groovy:620)
	at com.kms.katalon.core.webui.keyword.WebUiBuiltInKeywords$click$2.call(Unknown Source)
	at SON.selectObjectType(SON.groovy:146)
	at SON.son(SON.groovy:73)
	at SON.invokeMethod(SON.groovy)
	at com.kms.katalon.core.main.CustomKeywordDelegatingMetaClass.invokeStaticMethod(CustomKeywordDelegatingMetaClass.java:55)
	at Site 2G CO Sector.run(Site 2G CO Sector:22)
	at com.kms.katalon.core.main.ScriptEngine.run(ScriptEngine.java:194)
	at com.kms.katalon.core.main.ScriptEngine.runScriptAsRawText(ScriptEngine.java:119)
	at com.kms.katalon.core.main.TestCaseExecutor.runScript(TestCaseExecutor.java:448)
	at com.kms.katalon.core.main.TestCaseExecutor.doExecute(TestCaseExecutor.java:439)
	at com.kms.katalon.core.main.TestCaseExecutor.processExecutionPhase(TestCaseExecutor.java:418)
	at com.kms.katalon.core.main.TestCaseExecutor.accessMainPhase(TestCaseExecutor.java:410)
	at com.kms.katalon.core.main.TestCaseExecutor.execute(TestCaseExecutor.java:285)
	at com.kms.katalon.core.common.CommonExecutor.accessTestCaseMainPhase(CommonExecutor.java:65)
	at com.kms.katalon.core.main.TestSuiteExecutor.accessTestSuiteMainPhase(TestSuiteExecutor.java:148)
	at com.kms.katalon.core.main.TestSuiteExecutor.execute(TestSuiteExecutor.java:106)
	at com.kms.katalon.core.main.TestCaseMain.startTestSuite(TestCaseMain.java:187)
	at com.kms.katalon.core.main.TestCaseMain$startTestSuite$0.call(Unknown Source)
	at TempTestSuite1725371051772.run(TempTestSuite1725371051772.groovy:35)
Caused by: org.openqa.selenium.NoSuchWindowException: no such window: target window already closed
from unknown error: web view not found
  (Session info: chrome=128.0.6613.113)
Build info: version: '3.141.59', revision: 'e82be7d358', time: '2018-11-14T08:25:53'
System info: host: 'LP-FATIMAIBEID', ip: '192.168.9.99', os.name: 'Windows 11', os.arch: 'amd64', os.version: '10.0', java.version: '1.8.0_362'
Driver info: org.openqa.selenium.chrome.ChromeDriver
Capabilities {acceptInsecureCerts: true, browserName: chrome, browserVersion: 128.0.6613.113, chrome: {chromedriverVersion: 127.0.6533.88 (a2d0cb026721..., userDataDir: C:\Users\FATIMA~1\AppData\L...}, fedcm:accounts: true, goog:chromeOptions: {debuggerAddress: localhost:62717}, javascriptEnabled: true, networkConnectionEnabled: false, pageLoadStrategy: normal, platform: WINDOWS, platformName: WINDOWS, proxy: Proxy(), setWindowRect: true, strictFileInteractability: false, timeouts: {implicit: 0, pageLoad: 300000, script: 30000}, unhandledPromptBehavior: dismiss and notify, webauthn:extension:credBlob: true, webauthn:extension:largeBlob: true, webauthn:extension:minPinLength: true, webauthn:extension:prf: true, webauthn:virtualAuthenticators: true}
Session ID: 5480a77b7983bda93fd53350cd37f157
*** Element info: {Using=xpath, value=//span[contains(text(),'301-ULT_King_Hussein_St_PD_Fiber_Manage')]}
	at org.openqa.selenium.remote.http.W3CHttpResponseCodec.createException(W3CHttpResponseCodec.java:187)
	at org.openqa.selenium.remote.http.W3CHttpResponseCodec.decode(W3CHttpResponseCodec.java:122)
	at org.openqa.selenium.remote.http.W3CHttpResponseCodec.decode(W3CHttpResponseCodec.java:49)
	at org.openqa.selenium.remote.HttpCommandExecutor.execute(HttpCommandExecutor.java:158)
	at org.openqa.selenium.remote.service.DriverCommandExecutor.execute(DriverCommandExecutor.java:83)
	at org.openqa.selenium.remote.RemoteWebDriver.execute(RemoteWebDriver.java:552)
	at org.openqa.selenium.remote.RemoteWebDriver.findElements(RemoteWebDriver.java:353)
	at org.openqa.selenium.remote.RemoteWebDriver.findElementsByXPath(RemoteWebDriver.java:432)
	at org.openqa.selenium.By$ByXPath.findElements(By.java:348)
	at org.openqa.selenium.remote.RemoteWebDriver.findElements(RemoteWebDriver.java:311)
	at org.openqa.selenium.support.events.EventFiringWebDriver.lambda$new$1(EventFiringWebDriver.java:105)
	at com.sun.proxy.$Proxy11.findElements(Unknown Source)
	at org.openqa.selenium.support.events.EventFiringWebDriver.findElements(EventFiringWebDriver.java:182)
	at com.kms.katalon.core.webui.common.WebUiCommonHelper.findElementByNormalMethods(WebUiCommonHelper.java:1027)
	at com.kms.katalon.core.webui.common.WebUiCommonHelper.findElementsBySelectedMethod(WebUiCommonHelper.java:919)
	at com.kms.katalon.core.webui.common.WebUiCommonHelper.findElementsBySelectedMethod(WebUiCommonHelper.java:901)
	at com.kms.katalon.core.webui.common.WebUiCommonHelper.findElementsBySelectedMethod(WebUiCommonHelper.java:896)
	at com.kms.katalon.core.webui.common.WebUiCommonHelper.findElementsByDefault(WebUiCommonHelper.java:892)
	at com.kms.katalon.core.webui.common.WebUiCommonHelper.findWebElements(WebUiCommonHelper.java:720)
	at com.kms.katalon.core.webui.common.WebUiCommonHelper.findWebElement(WebUiCommonHelper.java:1376)
	at com.kms.katalon.core.webui.keyword.internal.WebUIAbstractKeyword.findWebElement(WebUIAbstractKeyword.groovy:27)
	at com.kms.katalon.core.webui.keyword.builtin.ClickKeyword$_click_closure1.doCall(ClickKeyword.groovy:65)
	at com.kms.katalon.core.webui.keyword.builtin.ClickKeyword$_click_closure1.call(ClickKeyword.groovy)
	at com.kms.katalon.core.webui.keyword.internal.WebUIKeywordMain.runKeyword(WebUIKeywordMain.groovy:20)
	... 23 more]]></system-err>
      </testcase>
      <testcase name="Test Cases/SON/Huawei/2G/Cell/Cell 2G CO Sector" time="43.336" classname="Test Cases/SON/Huawei/2G/Cell/Cell 2G CO Sector" status="PASSED">
         <system-out><![CDATA[2024-09-03 18:13:26 - [TEST_CASE][PASSED] - Test Cases/SON/Huawei/2G/Cell/Cell 2G CO Sector: Test Cases/SON/Huawei/2G/Cell/Cell 2G CO Sector

2024-09-03 18:13:26 - [TEST_STEP][PASSED] - callTestCase(findTestCase("Login"), [:], STOP_ON_FAILURE): Call Test Case 'Test Cases/Login' successfully

2024-09-03 18:13:26 - [TEST_CASE][PASSED] - Test Cases/Login: Test Cases/Login

2024-09-03 18:13:26 - [TEST_STEP][PASSED] - driver = general.start(SwagerURL, NetCellURL): general.start is PASSED

2024-09-03 18:13:26 - [MESSAGE][INFO] - >>> chromeDriverPath=C:\Users\FatimaIbeid\.katalon\packages\Katalon_Studio_Windows_64-8.6.9\Katalon_Studio_Windows_64-8.6.9\configuration\resources\drivers\chromedriver_win32\chromedriver.exe

2024-09-03 18:13:27 - [MESSAGE][PASSED] - Current window maximized

2024-09-03 18:13:27 - [MESSAGE][PASSED] - Execute JavaScript 'window.open();' successfully

2024-09-03 18:13:27 - [MESSAGE][PASSED] - Switched to window with index: '1'

2024-09-03 18:13:41 - [MESSAGE][PASSED] - general.start is PASSED

2024-09-03 18:13:41 - [TEST_STEP][PASSED] - click(findTestObject("Object Repository/Login/LoginButton")): Object: 'Object Repository/Login/LoginButton' is clicked on

2024-09-03 18:13:41 - [MESSAGE][PASSED] - Object: 'Object Repository/Login/LoginButton' is clicked on

2024-09-03 18:13:41 - [TEST_STEP][PASSED] - switchToWindowIndex(2): Switched to window with index: '2'

2024-09-03 18:13:42 - [MESSAGE][PASSED] - Switched to window with index: '2'

2024-09-03 18:13:42 - [TEST_STEP][PASSED] - delay(1): Delayed 1 second(s)

2024-09-03 18:13:43 - [MESSAGE][PASSED] - Delayed 1 second(s)

2024-09-03 18:13:43 - [TEST_STEP][PASSED] - sendKeys(findTestObject("Object Repository/Login/EnterEmail"), "homam@zztjg.onmicrosoft.com"): Keys 'homam@zztjg.onmicrosoft.com' sent to object: 'Object Repository/Login/EnterEmail'

2024-09-03 18:13:43 - [MESSAGE][PASSED] - Keys 'homam@zztjg.onmicrosoft.com' sent to object: 'Object Repository/Login/EnterEmail'

2024-09-03 18:13:43 - [TEST_STEP][PASSED] - delay(1): Delayed 1 second(s)

2024-09-03 18:13:44 - [MESSAGE][PASSED] - Delayed 1 second(s)

2024-09-03 18:13:44 - [TEST_STEP][PASSED] - click(findTestObject("Object Repository/Login/NextButton")): Object: 'Object Repository/Login/NextButton' is clicked on

2024-09-03 18:13:45 - [MESSAGE][PASSED] - Object: 'Object Repository/Login/NextButton' is clicked on

2024-09-03 18:13:45 - [TEST_STEP][PASSED] - delay(2): Delayed 2 second(s)

2024-09-03 18:13:47 - [MESSAGE][PASSED] - Delayed 2 second(s)

2024-09-03 18:13:47 - [TEST_STEP][PASSED] - sendKeys(findTestObject("Object Repository/Login/EnterPassword"), "Holder12345"): Keys 'Holder12345' sent to object: 'Object Repository/Login/EnterPassword'

2024-09-03 18:13:47 - [MESSAGE][PASSED] - Keys 'Holder12345' sent to object: 'Object Repository/Login/EnterPassword'

2024-09-03 18:13:47 - [TEST_STEP][PASSED] - delay(1): Delayed 1 second(s)

2024-09-03 18:13:48 - [MESSAGE][PASSED] - Delayed 1 second(s)

2024-09-03 18:13:48 - [TEST_STEP][PASSED] - click(findTestObject("Object Repository/Login/SigninButton")): Object: 'Object Repository/Login/SigninButton' is clicked on

2024-09-03 18:13:48 - [MESSAGE][PASSED] - Object: 'Object Repository/Login/SigninButton' is clicked on

2024-09-03 18:13:48 - [TEST_STEP][PASSED] - delay(1): Delayed 1 second(s)

2024-09-03 18:13:49 - [MESSAGE][PASSED] - Delayed 1 second(s)

2024-09-03 18:13:49 - [TEST_STEP][PASSED] - click(findTestObject("Object Repository/Login/YesStayInButton")): Object: 'Object Repository/Login/YesStayInButton' is clicked on

2024-09-03 18:13:49 - [MESSAGE][PASSED] - Object: 'Object Repository/Login/YesStayInButton' is clicked on

2024-09-03 18:13:49 - [MESSAGE][PASSED] - Call Test Case 'Test Cases/Login' successfully

2024-09-03 18:13:49 - [TEST_STEP][PASSED] - switchToWindowIndex(1): Switched to window with index: '1'

2024-09-03 18:13:50 - [MESSAGE][PASSED] - Switched to window with index: '1'

2024-09-03 18:13:50 - [TEST_STEP][PASSED] - SON.son("huawei", "2G", "Cell", "CO Sector", "", ""): SON.son is PASSED

2024-09-03 18:13:51 - [MESSAGE][PASSED] - Object: 'Object Repository/SON/sonBtn' is clicked on

2024-09-03 18:13:51 - [MESSAGE][PASSED] - Switched to window with index: '2'

2024-09-03 18:13:52 - [MESSAGE][PASSED] - Object: 'Object Repository/PM/Huawei-vendor/Technology/Technology-Arrow' is clicked on

2024-09-03 18:13:52 - [MESSAGE][PASSED] - Object: 'Object Repository/PM/Huawei-vendor/Technology/2G' is clicked on

2024-09-03 18:13:52 - [MESSAGE][PASSED] - Object: 'Object Repository/PM/Huawei-vendor/TopX/TopX Object Type' is clicked on

2024-09-03 18:13:53 - [MESSAGE][PASSED] - Delayed 1 second(s)

2024-09-03 18:13:53 - [MESSAGE][PASSED] - Object: 'Object Repository/PM/Huawei-vendor/Object-Type/TopX Object Types/TopX Cells/TopX Cell' is clicked on

2024-09-03 18:13:54 - [MESSAGE][PASSED] - Delayed 1 second(s)

2024-09-03 18:13:54 - [MESSAGE][WARNING] - Timeout '0' is invalid. Using default page load timeout: '120'

2024-09-03 18:13:54 - [MESSAGE][PASSED] - Scroll to object 'Object Repository/PM/Huawei-vendor/Object Border' successfully

2024-09-03 18:13:54 - [MESSAGE][PASSED] - Object: 'Object Repository/PM/Huawei-vendor/Object-Type/TopX Object Types/TopX Sites/TopX East Amman Arrow' is clicked on

2024-09-03 18:13:55 - [MESSAGE][PASSED] - Object: 'Object Repository/PM/Huawei-vendor/Object-Type/TopX Object Types/TopX Cells/TopX East Amman Site1 Arrow' is clicked on

2024-09-03 18:13:57 - [MESSAGE][PASSED] - Delayed 2 second(s)

2024-09-03 18:13:57 - [MESSAGE][PASSED] - Object: 'Object Repository/SON/ObjectType/Cell/East Amman Site1 Cell1 2G' is clicked on

2024-09-03 18:13:58 - [MESSAGE][PASSED] - Object: 'Object Repository/PM/Huawei-vendor/Object-Type/TopX Object Types/TopX Sites/TopX East Amman CloseArrow' is clicked on

2024-09-03 18:13:58 - [MESSAGE][PASSED] - Object: 'Object Repository/PM/Huawei-vendor/Object-Type/TopX Object Types/TopX Sites/TopX West Amman Arrow' is clicked on

2024-09-03 18:13:58 - [MESSAGE][PASSED] - Object: 'Object Repository/PM/Huawei-vendor/Object-Type/TopX Object Types/TopX Cells/TopX West Amman Site1 Arrow' is clicked on

2024-09-03 18:13:59 - [MESSAGE][PASSED] - Object: 'Object Repository/SON/ObjectType/Cell/West Amman Site1 Cell1 2G' is clicked on

2024-09-03 18:13:59 - [MESSAGE][PASSED] - Object: 'Object Repository/PM/Huawei-vendor/Object-Type/TopX Object Types/TopX Sites/TopX West Amman CloseArrow' is clicked on

2024-09-03 18:13:59 - [MESSAGE][PASSED] - Object: 'Object Repository/PM/Huawei-vendor/Object-Type/TopX Object Types/TopX Sites/TopX South Amman Arrow' is clicked on

2024-09-03 18:14:00 - [MESSAGE][PASSED] - Object: 'Object Repository/PM/Huawei-vendor/Object-Type/TopX Object Types/TopX Cells/TopX South Amman Site1 Arrow' is clicked on

2024-09-03 18:14:00 - [MESSAGE][PASSED] - Object: 'Object Repository/SON/ObjectType/Cell/South Amman Site1 Cell1 2G' is clicked on

2024-09-03 18:14:00 - [MESSAGE][PASSED] - Object: 'Object Repository/PM/Huawei-vendor/Object-Type/TopX Object Types/TopX Sites/TopX South Amman CloseArrow' is clicked on

2024-09-03 18:14:00 - [MESSAGE][PASSED] - Object: 'Object Repository/PM/Huawei-vendor/Object-Type/TopX Object Types/TopX Sites/TopX East Jordan Arrow' is clicked on

2024-09-03 18:14:01 - [MESSAGE][PASSED] - Object: 'Object Repository/PM/Huawei-vendor/Object-Type/TopX Object Types/TopX Cells/TopX East Jordan Site1 Arrow' is clicked on

2024-09-03 18:14:01 - [MESSAGE][PASSED] - Object: 'Object Repository/SON/ObjectType/Cell/East Jordan Site1 Cell1 2G' is clicked on

2024-09-03 18:14:01 - [MESSAGE][PASSED] - Object: 'Object Repository/PM/Huawei-vendor/Object-Type/TopX Object Types/TopX Sites/TopX East Jordan CloseArrow' is clicked on

2024-09-03 18:14:02 - [MESSAGE][PASSED] - Object: 'Object Repository/PM/Huawei-vendor/Object-Type/TopX Object Types/TopX Sites/TopX North Jordan Arrow' is clicked on

2024-09-03 18:14:03 - [MESSAGE][PASSED] - Object: 'Object Repository/PM/Huawei-vendor/Object-Type/TopX Object Types/TopX Cells/TopX North Jordan Site1 Arrow' is clicked on

2024-09-03 18:14:03 - [MESSAGE][PASSED] - Object: 'Object Repository/SON/ObjectType/Cell/North Jordan Site1 Cell1 2G' is clicked on

2024-09-03 18:14:03 - [MESSAGE][PASSED] - Object: 'Object Repository/PM/Huawei-vendor/Object-Type/TopX Object Types/TopX Sites/TopX North Jordan CloseArrow' is clicked on

2024-09-03 18:14:04 - [MESSAGE][PASSED] - Object: 'Object Repository/PM/Huawei-vendor/Object-Type/TopX Object Types/TopX Sites/TopX South Jordan Arrow' is clicked on

2024-09-03 18:14:04 - [MESSAGE][PASSED] - Object: 'Object Repository/PM/Huawei-vendor/Object-Type/TopX Object Types/TopX Cells/TopX South Jordan Site1 Arrow' is clicked on

2024-09-03 18:14:04 - [MESSAGE][PASSED] - Object: 'Object Repository/SON/ObjectType/Cell/South Jordan Site1 Cell1 2G' is clicked on

2024-09-03 18:14:05 - [MESSAGE][PASSED] - Object: 'Object Repository/PM/Huawei-vendor/Object-Type/TopX Object Types/TopX Sites/TopX South Jordan CloseArrow' is clicked on

2024-09-03 18:14:05 - [MESSAGE][PASSED] - Object: 'Object Repository/SON/ObjectType/Other Site' is clicked on

2024-09-03 18:14:07 - [MESSAGE][PASSED] - Delayed 2 second(s)

2024-09-03 18:14:07 - [MESSAGE][PASSED] - Object: 'Object Repository/SON/SonType/Type-Arrow' is clicked on

2024-09-03 18:14:07 - [MESSAGE][PASSED] - Object: 'Object Repository/PM/Huawei-vendor/Apply-Button' is clicked on

2024-09-03 18:14:09 - [MESSAGE][PASSED] - Web element with id: 'Object Repository/SON/Error' located by 'By.xpath: //div[@class='home-logo']' is not present after '200' second(s)

2024-09-03 18:14:09 - [MESSAGE][PASSED] - SON.son is PASSED]]></system-out>
         <system-err><![CDATA[]]></system-err>
      </testcase>
      <testcase name="Test Cases/SON/Huawei/2G/BSC/BSC 2G CO Sector" time="32.645" classname="Test Cases/SON/Huawei/2G/BSC/BSC 2G CO Sector" status="PASSED">
         <system-out><![CDATA[2024-09-03 18:14:09 - [TEST_CASE][PASSED] - Test Cases/SON/Huawei/2G/BSC/BSC 2G CO Sector: Test Cases/SON/Huawei/2G/BSC/BSC 2G CO Sector

2024-09-03 18:14:09 - [TEST_STEP][PASSED] - callTestCase(findTestCase("Login"), [:], STOP_ON_FAILURE): Call Test Case 'Test Cases/Login' successfully

2024-09-03 18:14:09 - [TEST_CASE][PASSED] - Test Cases/Login: Test Cases/Login

2024-09-03 18:14:09 - [TEST_STEP][PASSED] - driver = general.start(SwagerURL, NetCellURL): general.start is PASSED

2024-09-03 18:14:09 - [MESSAGE][INFO] - >>> chromeDriverPath=C:\Users\FatimaIbeid\.katalon\packages\Katalon_Studio_Windows_64-8.6.9\Katalon_Studio_Windows_64-8.6.9\configuration\resources\drivers\chromedriver_win32\chromedriver.exe

2024-09-03 18:14:10 - [MESSAGE][PASSED] - Current window maximized

2024-09-03 18:14:11 - [MESSAGE][PASSED] - Execute JavaScript 'window.open();' successfully

2024-09-03 18:14:11 - [MESSAGE][PASSED] - Switched to window with index: '1'

2024-09-03 18:14:25 - [MESSAGE][PASSED] - general.start is PASSED

2024-09-03 18:14:25 - [TEST_STEP][PASSED] - click(findTestObject("Object Repository/Login/LoginButton")): Object: 'Object Repository/Login/LoginButton' is clicked on

2024-09-03 18:14:25 - [MESSAGE][PASSED] - Object: 'Object Repository/Login/LoginButton' is clicked on

2024-09-03 18:14:25 - [TEST_STEP][PASSED] - switchToWindowIndex(2): Switched to window with index: '2'

2024-09-03 18:14:25 - [MESSAGE][PASSED] - Switched to window with index: '2'

2024-09-03 18:14:25 - [TEST_STEP][PASSED] - delay(1): Delayed 1 second(s)

2024-09-03 18:14:26 - [MESSAGE][PASSED] - Delayed 1 second(s)

2024-09-03 18:14:26 - [TEST_STEP][PASSED] - sendKeys(findTestObject("Object Repository/Login/EnterEmail"), "homam@zztjg.onmicrosoft.com"): Keys 'homam@zztjg.onmicrosoft.com' sent to object: 'Object Repository/Login/EnterEmail'

2024-09-03 18:14:26 - [MESSAGE][PASSED] - Keys 'homam@zztjg.onmicrosoft.com' sent to object: 'Object Repository/Login/EnterEmail'

2024-09-03 18:14:26 - [TEST_STEP][PASSED] - delay(1): Delayed 1 second(s)

2024-09-03 18:14:27 - [MESSAGE][PASSED] - Delayed 1 second(s)

2024-09-03 18:14:27 - [TEST_STEP][PASSED] - click(findTestObject("Object Repository/Login/NextButton")): Object: 'Object Repository/Login/NextButton' is clicked on

2024-09-03 18:14:28 - [MESSAGE][PASSED] - Object: 'Object Repository/Login/NextButton' is clicked on

2024-09-03 18:14:28 - [TEST_STEP][PASSED] - delay(2): Delayed 2 second(s)

2024-09-03 18:14:30 - [MESSAGE][PASSED] - Delayed 2 second(s)

2024-09-03 18:14:30 - [TEST_STEP][PASSED] - sendKeys(findTestObject("Object Repository/Login/EnterPassword"), "Holder12345"): Keys 'Holder12345' sent to object: 'Object Repository/Login/EnterPassword'

2024-09-03 18:14:30 - [MESSAGE][PASSED] - Keys 'Holder12345' sent to object: 'Object Repository/Login/EnterPassword'

2024-09-03 18:14:30 - [TEST_STEP][PASSED] - delay(1): Delayed 1 second(s)

2024-09-03 18:14:31 - [MESSAGE][PASSED] - Delayed 1 second(s)

2024-09-03 18:14:31 - [TEST_STEP][PASSED] - click(findTestObject("Object Repository/Login/SigninButton")): Object: 'Object Repository/Login/SigninButton' is clicked on

2024-09-03 18:14:31 - [MESSAGE][PASSED] - Object: 'Object Repository/Login/SigninButton' is clicked on

2024-09-03 18:14:31 - [TEST_STEP][PASSED] - delay(1): Delayed 1 second(s)

2024-09-03 18:14:32 - [MESSAGE][PASSED] - Delayed 1 second(s)

2024-09-03 18:14:32 - [TEST_STEP][PASSED] - click(findTestObject("Object Repository/Login/YesStayInButton")): Object: 'Object Repository/Login/YesStayInButton' is clicked on

2024-09-03 18:14:33 - [MESSAGE][PASSED] - Object: 'Object Repository/Login/YesStayInButton' is clicked on

2024-09-03 18:14:33 - [MESSAGE][PASSED] - Call Test Case 'Test Cases/Login' successfully

2024-09-03 18:14:33 - [TEST_STEP][PASSED] - switchToWindowIndex(1): Switched to window with index: '1'

2024-09-03 18:14:33 - [MESSAGE][PASSED] - Switched to window with index: '1'

2024-09-03 18:14:33 - [TEST_STEP][PASSED] - SON.son("huawei", "2G", "BSC", "CO Sector", "", ""): SON.son is PASSED

2024-09-03 18:14:34 - [MESSAGE][PASSED] - Object: 'Object Repository/SON/sonBtn' is clicked on

2024-09-03 18:14:34 - [MESSAGE][PASSED] - Switched to window with index: '2'

2024-09-03 18:14:34 - [MESSAGE][PASSED] - Object: 'Object Repository/PM/Huawei-vendor/Technology/Technology-Arrow' is clicked on

2024-09-03 18:14:34 - [MESSAGE][PASSED] - Object: 'Object Repository/PM/Huawei-vendor/Technology/2G' is clicked on

2024-09-03 18:14:35 - [MESSAGE][PASSED] - Object: 'Object Repository/PM/Huawei-vendor/TopX/TopX Object Type' is clicked on

2024-09-03 18:14:36 - [MESSAGE][PASSED] - Delayed 1 second(s)

2024-09-03 18:14:36 - [MESSAGE][PASSED] - Object: 'Object Repository/PM/Huawei-vendor/Object-Type/TopX Object Types/TopX BSCs/TopX BSC' is clicked on

2024-09-03 18:14:37 - [MESSAGE][PASSED] - Delayed 1 second(s)

2024-09-03 18:14:37 - [MESSAGE][WARNING] - Timeout '0' is invalid. Using default page load timeout: '120'

2024-09-03 18:14:37 - [MESSAGE][PASSED] - Scroll to object 'Object Repository/PM/Huawei-vendor/Object Border' successfully

2024-09-03 18:14:37 - [MESSAGE][PASSED] - Object: 'Object Repository/PM/Huawei-vendor/Object-Type/TopX Object Types/TopX BSCs/TopX BSC Ader' is clicked on

2024-09-03 18:14:37 - [MESSAGE][PASSED] - Object: 'Object Repository/PM/Huawei-vendor/Object-Type/TopX Object Types/TopX BSCs/TopX BSC Fifa' is clicked on

2024-09-03 18:14:37 - [MESSAGE][PASSED] - Object: 'Object Repository/SON/ObjectType/BSC/TopX BSC HQ 04' is clicked on

2024-09-03 18:14:37 - [MESSAGE][PASSED] - Object: 'Object Repository/PM/Huawei-vendor/Object-Type/TopX Object Types/TopX BSCs/TopX BSC AA 01' is clicked on

2024-09-03 18:14:39 - [MESSAGE][PASSED] - Delayed 2 second(s)

2024-09-03 18:14:39 - [MESSAGE][PASSED] - Object: 'Object Repository/SON/SonType/Type-Arrow' is clicked on

2024-09-03 18:14:40 - [MESSAGE][PASSED] - Object: 'Object Repository/PM/Huawei-vendor/Apply-Button' is clicked on

2024-09-03 18:14:41 - [MESSAGE][PASSED] - Web element with id: 'Object Repository/SON/Error' located by 'By.xpath: //div[@class='home-logo']' is not present after '200' second(s)

2024-09-03 18:14:41 - [MESSAGE][PASSED] - SON.son is PASSED]]></system-out>
         <system-err><![CDATA[]]></system-err>
      </testcase>
      <testcase name="Test Cases/SON/Huawei/2G/Cluster/Cluster 2G CO Sector" time="36.249" classname="Test Cases/SON/Huawei/2G/Cluster/Cluster 2G CO Sector" status="PASSED">
         <system-out><![CDATA[2024-09-03 18:14:42 - [TEST_CASE][PASSED] - Test Cases/SON/Huawei/2G/Cluster/Cluster 2G CO Sector: Test Cases/SON/Huawei/2G/Cluster/Cluster 2G CO Sector

2024-09-03 18:14:42 - [TEST_STEP][PASSED] - callTestCase(findTestCase("Login"), [:], STOP_ON_FAILURE): Call Test Case 'Test Cases/Login' successfully

2024-09-03 18:14:42 - [TEST_CASE][PASSED] - Test Cases/Login: Test Cases/Login

2024-09-03 18:14:42 - [TEST_STEP][PASSED] - driver = general.start(SwagerURL, NetCellURL): general.start is PASSED

2024-09-03 18:14:42 - [MESSAGE][INFO] - >>> chromeDriverPath=C:\Users\FatimaIbeid\.katalon\packages\Katalon_Studio_Windows_64-8.6.9\Katalon_Studio_Windows_64-8.6.9\configuration\resources\drivers\chromedriver_win32\chromedriver.exe

2024-09-03 18:14:43 - [MESSAGE][PASSED] - Current window maximized

2024-09-03 18:14:43 - [MESSAGE][PASSED] - Execute JavaScript 'window.open();' successfully

2024-09-03 18:14:43 - [MESSAGE][PASSED] - Switched to window with index: '1'

2024-09-03 18:14:58 - [MESSAGE][PASSED] - general.start is PASSED

2024-09-03 18:14:58 - [TEST_STEP][PASSED] - click(findTestObject("Object Repository/Login/LoginButton")): Object: 'Object Repository/Login/LoginButton' is clicked on

2024-09-03 18:14:58 - [MESSAGE][PASSED] - Object: 'Object Repository/Login/LoginButton' is clicked on

2024-09-03 18:14:58 - [TEST_STEP][PASSED] - switchToWindowIndex(2): Switched to window with index: '2'

2024-09-03 18:14:58 - [MESSAGE][PASSED] - Switched to window with index: '2'

2024-09-03 18:14:58 - [TEST_STEP][PASSED] - delay(1): Delayed 1 second(s)

2024-09-03 18:14:59 - [MESSAGE][PASSED] - Delayed 1 second(s)

2024-09-03 18:14:59 - [TEST_STEP][PASSED] - sendKeys(findTestObject("Object Repository/Login/EnterEmail"), "homam@zztjg.onmicrosoft.com"): Keys 'homam@zztjg.onmicrosoft.com' sent to object: 'Object Repository/Login/EnterEmail'

2024-09-03 18:15:00 - [MESSAGE][PASSED] - Keys 'homam@zztjg.onmicrosoft.com' sent to object: 'Object Repository/Login/EnterEmail'

2024-09-03 18:15:00 - [TEST_STEP][PASSED] - delay(1): Delayed 1 second(s)

2024-09-03 18:15:01 - [MESSAGE][PASSED] - Delayed 1 second(s)

2024-09-03 18:15:01 - [TEST_STEP][PASSED] - click(findTestObject("Object Repository/Login/NextButton")): Object: 'Object Repository/Login/NextButton' is clicked on

2024-09-03 18:15:01 - [MESSAGE][PASSED] - Object: 'Object Repository/Login/NextButton' is clicked on

2024-09-03 18:15:01 - [TEST_STEP][PASSED] - delay(2): Delayed 2 second(s)

2024-09-03 18:15:03 - [MESSAGE][PASSED] - Delayed 2 second(s)

2024-09-03 18:15:03 - [TEST_STEP][PASSED] - sendKeys(findTestObject("Object Repository/Login/EnterPassword"), "Holder12345"): Keys 'Holder12345' sent to object: 'Object Repository/Login/EnterPassword'

2024-09-03 18:15:03 - [MESSAGE][PASSED] - Keys 'Holder12345' sent to object: 'Object Repository/Login/EnterPassword'

2024-09-03 18:15:03 - [TEST_STEP][PASSED] - delay(1): Delayed 1 second(s)

2024-09-03 18:15:04 - [MESSAGE][PASSED] - Delayed 1 second(s)

2024-09-03 18:15:04 - [TEST_STEP][PASSED] - click(findTestObject("Object Repository/Login/SigninButton")): Object: 'Object Repository/Login/SigninButton' is clicked on

2024-09-03 18:15:04 - [MESSAGE][PASSED] - Object: 'Object Repository/Login/SigninButton' is clicked on

2024-09-03 18:15:04 - [TEST_STEP][PASSED] - delay(1): Delayed 1 second(s)

2024-09-03 18:15:05 - [MESSAGE][PASSED] - Delayed 1 second(s)

2024-09-03 18:15:05 - [TEST_STEP][PASSED] - click(findTestObject("Object Repository/Login/YesStayInButton")): Object: 'Object Repository/Login/YesStayInButton' is clicked on

2024-09-03 18:15:06 - [MESSAGE][PASSED] - Object: 'Object Repository/Login/YesStayInButton' is clicked on

2024-09-03 18:15:06 - [MESSAGE][PASSED] - Call Test Case 'Test Cases/Login' successfully

2024-09-03 18:15:06 - [TEST_STEP][PASSED] - switchToWindowIndex(1): Switched to window with index: '1'

2024-09-03 18:15:06 - [MESSAGE][PASSED] - Switched to window with index: '1'

2024-09-03 18:15:06 - [TEST_STEP][PASSED] - SON.son("huawei", "2G", "Cluster", "CO Sector", "", ""): SON.son is PASSED

2024-09-03 18:15:07 - [MESSAGE][PASSED] - Object: 'Object Repository/SON/sonBtn' is clicked on

2024-09-03 18:15:07 - [MESSAGE][PASSED] - Switched to window with index: '2'

2024-09-03 18:15:07 - [MESSAGE][PASSED] - Object: 'Object Repository/PM/Huawei-vendor/Technology/Technology-Arrow' is clicked on

2024-09-03 18:15:08 - [MESSAGE][PASSED] - Object: 'Object Repository/PM/Huawei-vendor/Technology/2G' is clicked on

2024-09-03 18:15:08 - [MESSAGE][PASSED] - Object: 'Object Repository/PM/Huawei-vendor/TopX/TopX Object Type' is clicked on

2024-09-03 18:15:09 - [MESSAGE][PASSED] - Delayed 1 second(s)

2024-09-03 18:15:09 - [MESSAGE][PASSED] - Object: 'Object Repository/PM/Huawei-vendor/Object-Type/TopX Object Types/TopX Clusters/TopX Cluster' is clicked on

2024-09-03 18:15:10 - [MESSAGE][PASSED] - Delayed 1 second(s)

2024-09-03 18:15:10 - [MESSAGE][WARNING] - Timeout '0' is invalid. Using default page load timeout: '120'

2024-09-03 18:15:10 - [MESSAGE][PASSED] - Scroll to object 'Object Repository/PM/Huawei-vendor/Object Border' successfully

2024-09-03 18:15:10 - [MESSAGE][PASSED] - Object: 'Object Repository/PM/Huawei-vendor/Object-Type/TopX Object Types/TopX Sites/TopX East Amman Arrow' is clicked on

2024-09-03 18:15:10 - [MESSAGE][PASSED] - Object: 'Object Repository/PM/Huawei-vendor/Object-Type/TopX Object Types/TopX Clusters/TopX East Amman Cluster 3' is clicked on

2024-09-03 18:15:10 - [MESSAGE][PASSED] - Object: 'Object Repository/PM/Huawei-vendor/Object-Type/TopX Object Types/TopX Clusters/TopX East Amman Cluster 13' is clicked on

2024-09-03 18:15:11 - [MESSAGE][PASSED] - Object: 'Object Repository/PM/Huawei-vendor/Object-Type/TopX Object Types/TopX Sites/TopX East Amman CloseArrow' is clicked on

2024-09-03 18:15:11 - [MESSAGE][PASSED] - Object: 'Object Repository/PM/Huawei-vendor/Object-Type/TopX Object Types/TopX Sites/TopX West Amman Arrow' is clicked on

2024-09-03 18:15:11 - [MESSAGE][PASSED] - Object: 'Object Repository/PM/Huawei-vendor/Object-Type/TopX Object Types/TopX Clusters/TopX West Amman Cluster 2' is clicked on

2024-09-03 18:15:11 - [MESSAGE][PASSED] - Object: 'Object Repository/PM/Huawei-vendor/Object-Type/TopX Object Types/TopX Clusters/TopX West Amman Cluster 5' is clicked on

2024-09-03 18:15:11 - [MESSAGE][PASSED] - Object: 'Object Repository/PM/Huawei-vendor/Object-Type/TopX Object Types/TopX Sites/TopX West Amman CloseArrow' is clicked on

2024-09-03 18:15:11 - [MESSAGE][PASSED] - Object: 'Object Repository/PM/Huawei-vendor/Object-Type/TopX Object Types/TopX Sites/TopX North Jordan Arrow' is clicked on

2024-09-03 18:15:11 - [MESSAGE][PASSED] - Object: 'Object Repository/PM/Huawei-vendor/Object-Type/TopX Object Types/TopX Clusters/TopX North Jordan Cluster 4' is clicked on

2024-09-03 18:15:11 - [MESSAGE][PASSED] - Object: 'Object Repository/PM/Huawei-vendor/Object-Type/TopX Object Types/TopX Clusters/TopX North Jordan Cluster 14' is clicked on

2024-09-03 18:15:12 - [MESSAGE][PASSED] - Object: 'Object Repository/PM/Huawei-vendor/Object-Type/TopX Object Types/TopX Sites/TopX North Jordan CloseArrow' is clicked on

2024-09-03 18:15:12 - [MESSAGE][PASSED] - Object: 'Object Repository/PM/Huawei-vendor/Object-Type/TopX Object Types/TopX Sites/TopX South Jordan Arrow' is clicked on

2024-09-03 18:15:12 - [MESSAGE][PASSED] - Object: 'Object Repository/PM/Huawei-vendor/Object-Type/TopX Object Types/TopX Clusters/TopX South Jordan Cluster 7' is clicked on

2024-09-03 18:15:12 - [MESSAGE][PASSED] - Object: 'Object Repository/PM/Huawei-vendor/Object-Type/TopX Object Types/TopX Clusters/TopX South Jordan Cluster 8' is clicked on

2024-09-03 18:15:12 - [MESSAGE][PASSED] - Object: 'Object Repository/PM/Huawei-vendor/Object-Type/TopX Object Types/TopX Sites/TopX South Jordan CloseArrow' is clicked on

2024-09-03 18:15:12 - [MESSAGE][PASSED] - Object: 'Object Repository/PM/Huawei-vendor/Object-Type/TopX Object Types/TopX Sites/TopX South Amman Arrow' is clicked on

2024-09-03 18:15:12 - [MESSAGE][PASSED] - Object: 'Object Repository/PM/Huawei-vendor/Object-Type/TopX Object Types/TopX Clusters/TopX South Amman Cluster 1' is clicked on

2024-09-03 18:15:12 - [MESSAGE][PASSED] - Object: 'Object Repository/PM/Huawei-vendor/Object-Type/TopX Object Types/TopX Clusters/TopX South Amman Cluster 6' is clicked on

2024-09-03 18:15:13 - [MESSAGE][PASSED] - Object: 'Object Repository/PM/Huawei-vendor/Object-Type/TopX Object Types/TopX Sites/TopX South Amman CloseArrow' is clicked on

2024-09-03 18:15:13 - [MESSAGE][PASSED] - Object: 'Object Repository/PM/Huawei-vendor/Object-Type/TopX Object Types/TopX Sites/TopX East Jordan Arrow' is clicked on

2024-09-03 18:15:13 - [MESSAGE][PASSED] - Object: 'Object Repository/PM/Huawei-vendor/Object-Type/TopX Object Types/TopX Clusters/TopX East Jordan Cluster 10' is clicked on

2024-09-03 18:15:13 - [MESSAGE][PASSED] - Object: 'Object Repository/PM/Huawei-vendor/Object-Type/TopX Object Types/TopX Clusters/TopX East Jordan Cluster 11' is clicked on

2024-09-03 18:15:13 - [MESSAGE][PASSED] - Object: 'Object Repository/PM/Huawei-vendor/Object-Type/TopX Object Types/TopX Sites/TopX East Jordan CloseArrow' is clicked on

2024-09-03 18:15:13 - [MESSAGE][PASSED] - Object: 'Object Repository/PM/Huawei-vendor/Object-Type/TopX Object Types/TopX Sites/TopX Others Arrow' is clicked on

2024-09-03 18:15:13 - [MESSAGE][PASSED] - Object: 'Object Repository/PM/Huawei-vendor/Object-Type/TopX Object Types/TopX Clusters/TopX Others Cluster 60' is clicked on

2024-09-03 18:15:14 - [MESSAGE][PASSED] - Object: 'Object Repository/PM/Huawei-vendor/Object-Type/TopX Object Types/TopX Clusters/TopX Others Cluster 61' is clicked on

2024-09-03 18:15:14 - [MESSAGE][PASSED] - Object: 'Object Repository/PM/Huawei-vendor/Object-Type/TopX Object Types/TopX Sites/TopX Others CloseArrow' is clicked on

2024-09-03 18:15:16 - [MESSAGE][PASSED] - Delayed 2 second(s)

2024-09-03 18:15:16 - [MESSAGE][PASSED] - Object: 'Object Repository/SON/SonType/Type-Arrow' is clicked on

2024-09-03 18:15:16 - [MESSAGE][PASSED] - Object: 'Object Repository/PM/Huawei-vendor/Apply-Button' is clicked on

2024-09-03 18:15:18 - [MESSAGE][PASSED] - Web element with id: 'Object Repository/SON/Error' located by 'By.xpath: //div[@class='home-logo']' is not present after '200' second(s)

2024-09-03 18:15:18 - [MESSAGE][PASSED] - SON.son is PASSED]]></system-out>
         <system-err><![CDATA[]]></system-err>
      </testcase>
      <testcase name="Test Cases/SON/Huawei/2G/Governorate/Governorate 2G CO Sector" time="33.309" classname="Test Cases/SON/Huawei/2G/Governorate/Governorate 2G CO Sector" status="PASSED">
         <system-out><![CDATA[2024-09-03 18:15:18 - [TEST_CASE][PASSED] - Test Cases/SON/Huawei/2G/Governorate/Governorate 2G CO Sector: Test Cases/SON/Huawei/2G/Governorate/Governorate 2G CO Sector

2024-09-03 18:15:18 - [TEST_STEP][PASSED] - callTestCase(findTestCase("Login"), [:], STOP_ON_FAILURE): Call Test Case 'Test Cases/Login' successfully

2024-09-03 18:15:18 - [TEST_CASE][PASSED] - Test Cases/Login: Test Cases/Login

2024-09-03 18:15:18 - [TEST_STEP][PASSED] - driver = general.start(SwagerURL, NetCellURL): general.start is PASSED

2024-09-03 18:15:18 - [MESSAGE][INFO] - >>> chromeDriverPath=C:\Users\FatimaIbeid\.katalon\packages\Katalon_Studio_Windows_64-8.6.9\Katalon_Studio_Windows_64-8.6.9\configuration\resources\drivers\chromedriver_win32\chromedriver.exe

2024-09-03 18:15:19 - [MESSAGE][PASSED] - Current window maximized

2024-09-03 18:15:20 - [MESSAGE][PASSED] - Execute JavaScript 'window.open();' successfully

2024-09-03 18:15:20 - [MESSAGE][PASSED] - Switched to window with index: '1'

2024-09-03 18:15:34 - [MESSAGE][PASSED] - general.start is PASSED

2024-09-03 18:15:34 - [TEST_STEP][PASSED] - click(findTestObject("Object Repository/Login/LoginButton")): Object: 'Object Repository/Login/LoginButton' is clicked on

2024-09-03 18:15:34 - [MESSAGE][PASSED] - Object: 'Object Repository/Login/LoginButton' is clicked on

2024-09-03 18:15:34 - [TEST_STEP][PASSED] - switchToWindowIndex(2): Switched to window with index: '2'

2024-09-03 18:15:34 - [MESSAGE][PASSED] - Switched to window with index: '2'

2024-09-03 18:15:34 - [TEST_STEP][PASSED] - delay(1): Delayed 1 second(s)

2024-09-03 18:15:35 - [MESSAGE][PASSED] - Delayed 1 second(s)

2024-09-03 18:15:35 - [TEST_STEP][PASSED] - sendKeys(findTestObject("Object Repository/Login/EnterEmail"), "homam@zztjg.onmicrosoft.com"): Keys 'homam@zztjg.onmicrosoft.com' sent to object: 'Object Repository/Login/EnterEmail'

2024-09-03 18:15:36 - [MESSAGE][PASSED] - Keys 'homam@zztjg.onmicrosoft.com' sent to object: 'Object Repository/Login/EnterEmail'

2024-09-03 18:15:36 - [TEST_STEP][PASSED] - delay(1): Delayed 1 second(s)

2024-09-03 18:15:37 - [MESSAGE][PASSED] - Delayed 1 second(s)

2024-09-03 18:15:37 - [TEST_STEP][PASSED] - click(findTestObject("Object Repository/Login/NextButton")): Object: 'Object Repository/Login/NextButton' is clicked on

2024-09-03 18:15:37 - [MESSAGE][PASSED] - Object: 'Object Repository/Login/NextButton' is clicked on

2024-09-03 18:15:37 - [TEST_STEP][PASSED] - delay(2): Delayed 2 second(s)

2024-09-03 18:15:39 - [MESSAGE][PASSED] - Delayed 2 second(s)

2024-09-03 18:15:39 - [TEST_STEP][PASSED] - sendKeys(findTestObject("Object Repository/Login/EnterPassword"), "Holder12345"): Keys 'Holder12345' sent to object: 'Object Repository/Login/EnterPassword'

2024-09-03 18:15:39 - [MESSAGE][PASSED] - Keys 'Holder12345' sent to object: 'Object Repository/Login/EnterPassword'

2024-09-03 18:15:39 - [TEST_STEP][PASSED] - delay(1): Delayed 1 second(s)

2024-09-03 18:15:40 - [MESSAGE][PASSED] - Delayed 1 second(s)

2024-09-03 18:15:40 - [TEST_STEP][PASSED] - click(findTestObject("Object Repository/Login/SigninButton")): Object: 'Object Repository/Login/SigninButton' is clicked on

2024-09-03 18:15:41 - [MESSAGE][PASSED] - Object: 'Object Repository/Login/SigninButton' is clicked on

2024-09-03 18:15:41 - [TEST_STEP][PASSED] - delay(1): Delayed 1 second(s)

2024-09-03 18:15:42 - [MESSAGE][PASSED] - Delayed 1 second(s)

2024-09-03 18:15:42 - [TEST_STEP][PASSED] - click(findTestObject("Object Repository/Login/YesStayInButton")): Object: 'Object Repository/Login/YesStayInButton' is clicked on

2024-09-03 18:15:42 - [MESSAGE][PASSED] - Object: 'Object Repository/Login/YesStayInButton' is clicked on

2024-09-03 18:15:42 - [MESSAGE][PASSED] - Call Test Case 'Test Cases/Login' successfully

2024-09-03 18:15:42 - [TEST_STEP][PASSED] - switchToWindowIndex(1): Switched to window with index: '1'

2024-09-03 18:15:42 - [MESSAGE][PASSED] - Switched to window with index: '1'

2024-09-03 18:15:42 - [TEST_STEP][PASSED] - SON.son("huawei", "2G", "Governorate", "CO Sector", "", ""): SON.son is PASSED

2024-09-03 18:15:43 - [MESSAGE][PASSED] - Object: 'Object Repository/SON/sonBtn' is clicked on

2024-09-03 18:15:43 - [MESSAGE][PASSED] - Switched to window with index: '2'

2024-09-03 18:15:44 - [MESSAGE][PASSED] - Object: 'Object Repository/PM/Huawei-vendor/Technology/Technology-Arrow' is clicked on

2024-09-03 18:15:44 - [MESSAGE][PASSED] - Object: 'Object Repository/PM/Huawei-vendor/Technology/2G' is clicked on

2024-09-03 18:15:44 - [MESSAGE][PASSED] - Object: 'Object Repository/PM/Huawei-vendor/TopX/TopX Object Type' is clicked on

2024-09-03 18:15:45 - [MESSAGE][PASSED] - Delayed 1 second(s)

2024-09-03 18:15:45 - [MESSAGE][PASSED] - Object: 'Object Repository/PM/Huawei-vendor/Object-Type/TopX Object Types/TopX Governorates/TopX Governorate' is clicked on

2024-09-03 18:15:46 - [MESSAGE][PASSED] - Delayed 1 second(s)

2024-09-03 18:15:46 - [MESSAGE][WARNING] - Timeout '0' is invalid. Using default page load timeout: '120'

2024-09-03 18:15:46 - [MESSAGE][PASSED] - Scroll to object 'Object Repository/PM/Huawei-vendor/Object Border' successfully

2024-09-03 18:15:46 - [MESSAGE][PASSED] - Object: 'Object Repository/PM/Huawei-vendor/Object-Type/TopX Object Types/TopX Governorates/TopX Amman' is clicked on

2024-09-03 18:15:47 - [MESSAGE][PASSED] - Object: 'Object Repository/PM/Huawei-vendor/Object-Type/TopX Object Types/TopX Governorates/TopX Irbid' is clicked on

2024-09-03 18:15:47 - [MESSAGE][PASSED] - Object: 'Object Repository/PM/Huawei-vendor/Object-Type/TopX Object Types/TopX Governorates/TopX Aqaba' is clicked on

2024-09-03 18:15:47 - [MESSAGE][PASSED] - Object: 'Object Repository/PM/Huawei-vendor/Object-Type/TopX Object Types/TopX Governorates/TopX Jerash' is clicked on

2024-09-03 18:15:47 - [MESSAGE][PASSED] - Object: 'Object Repository/PM/Huawei-vendor/Object-Type/TopX Object Types/TopX Governorates/TopX Mafraq' is clicked on

2024-09-03 18:15:47 - [MESSAGE][PASSED] - Object: 'Object Repository/PM/Huawei-vendor/Object-Type/TopX Object Types/TopX Governorates/TopX Zarqa' is clicked on

2024-09-03 18:15:49 - [MESSAGE][PASSED] - Delayed 2 second(s)

2024-09-03 18:15:49 - [MESSAGE][PASSED] - Object: 'Object Repository/SON/SonType/Type-Arrow' is clicked on

2024-09-03 18:15:49 - [MESSAGE][PASSED] - Object: 'Object Repository/PM/Huawei-vendor/Apply-Button' is clicked on

2024-09-03 18:15:51 - [MESSAGE][PASSED] - Web element with id: 'Object Repository/SON/Error' located by 'By.xpath: //div[@class='home-logo']' is not present after '200' second(s)

2024-09-03 18:15:51 - [MESSAGE][PASSED] - SON.son is PASSED]]></system-out>
         <system-err><![CDATA[]]></system-err>
      </testcase>
      <system-out><![CDATA[2024-09-03 16:44:13 - [TEST_SUITE][FAILED] - 2G Regression: Test Cases/SON/Huawei/2G/Site/Site 2G Neighbors FAILED.
Reason:
com.kms.katalon.core.exception.StepFailedException: Unable to click on object 'Object Repository/SON/ObjectType/East Amman site1'
	at com.kms.katalon.core.webui.keyword.internal.WebUIKeywordMain.stepFailed(WebUIKeywordMain.groovy:64)
	at com.kms.katalon.core.webui.keyword.internal.WebUIKeywordMain.runKeyword(WebUIKeywordMain.groovy:26)
	at com.kms.katalon.core.webui.keyword.builtin.ClickKeyword.click(ClickKeyword.groovy:74)
	at com.kms.katalon.core.webui.keyword.builtin.ClickKeyword.execute(ClickKeyword.groovy:40)
	at com.kms.katalon.core.keyword.internal.KeywordExecutor.executeKeywordForPlatform(KeywordExecutor.groovy:74)
	at com.kms.katalon.core.webui.keyword.WebUiBuiltInKeywords.click(WebUiBuiltInKeywords.groovy:620)
	at com.kms.katalon.core.webui.keyword.WebUiBuiltInKeywords$click$2.call(Unknown Source)
	at SON.selectObjectType(SON.groovy:146)
	at SON.son(SON.groovy:73)
	at SON.invokeMethod(SON.groovy)
	at com.kms.katalon.core.main.CustomKeywordDelegatingMetaClass.invokeStaticMethod(CustomKeywordDelegatingMetaClass.java:55)
	at Site 2G Neighbors.run(Site 2G Neighbors:42)
	at com.kms.katalon.core.main.ScriptEngine.run(ScriptEngine.java:194)
	at com.kms.katalon.core.main.ScriptEngine.runScriptAsRawText(ScriptEngine.java:119)
	at com.kms.katalon.core.main.TestCaseExecutor.runScript(TestCaseExecutor.java:448)
	at com.kms.katalon.core.main.TestCaseExecutor.doExecute(TestCaseExecutor.java:439)
	at com.kms.katalon.core.main.TestCaseExecutor.processExecutionPhase(TestCaseExecutor.java:418)
	at com.kms.katalon.core.main.TestCaseExecutor.accessMainPhase(TestCaseExecutor.java:410)
	at com.kms.katalon.core.main.TestCaseExecutor.execute(TestCaseExecutor.java:285)
	at com.kms.katalon.core.common.CommonExecutor.accessTestCaseMainPhase(CommonExecutor.java:65)
	at com.kms.katalon.core.main.TestSuiteExecutor.accessTestSuiteMainPhase(TestSuiteExecutor.java:148)
	at com.kms.katalon.core.main.TestSuiteExecutor.execute(TestSuiteExecutor.java:106)
	at com.kms.katalon.core.main.TestCaseMain.startTestSuite(TestCaseMain.java:187)
	at com.kms.katalon.core.main.TestCaseMain$startTestSuite$0.call(Unknown Source)
	at TempTestSuite1725371051772.run(TempTestSuite1725371051772.groovy:35)
Caused by: com.kms.katalon.core.webui.exception.WebElementNotFoundException: Web element with id: 'Object Repository/SON/ObjectType/East Amman site1' located by '//span[contains(text(),'301-ULT_King_Hussein_St_PD_Fiber_Manage')]' not found
	at com.kms.katalon.core.webui.common.WebUiCommonHelper.findWebElement(WebUiCommonHelper.java:1381)
	at com.kms.katalon.core.webui.keyword.internal.WebUIAbstractKeyword.findWebElement(WebUIAbstractKeyword.groovy:27)
	at com.kms.katalon.core.webui.keyword.builtin.ClickKeyword$_click_closure1.doCall(ClickKeyword.groovy:65)
	at com.kms.katalon.core.webui.keyword.builtin.ClickKeyword$_click_closure1.call(ClickKeyword.groovy)
	at com.kms.katalon.core.webui.keyword.internal.WebUIKeywordMain.runKeyword(WebUIKeywordMain.groovy:20)
	... 23 more]]></system-out>
      <system-err><![CDATA[2024-09-03 16:44:13 - [TEST_SUITE][FAILED] - 2G Regression: Test Cases/SON/Huawei/2G/Site/Site 2G Neighbors FAILED.
Reason:
com.kms.katalon.core.exception.StepFailedException: Unable to click on object 'Object Repository/SON/ObjectType/East Amman site1'
	at com.kms.katalon.core.webui.keyword.internal.WebUIKeywordMain.stepFailed(WebUIKeywordMain.groovy:64)
	at com.kms.katalon.core.webui.keyword.internal.WebUIKeywordMain.runKeyword(WebUIKeywordMain.groovy:26)
	at com.kms.katalon.core.webui.keyword.builtin.ClickKeyword.click(ClickKeyword.groovy:74)
	at com.kms.katalon.core.webui.keyword.builtin.ClickKeyword.execute(ClickKeyword.groovy:40)
	at com.kms.katalon.core.keyword.internal.KeywordExecutor.executeKeywordForPlatform(KeywordExecutor.groovy:74)
	at com.kms.katalon.core.webui.keyword.WebUiBuiltInKeywords.click(WebUiBuiltInKeywords.groovy:620)
	at com.kms.katalon.core.webui.keyword.WebUiBuiltInKeywords$click$2.call(Unknown Source)
	at SON.selectObjectType(SON.groovy:146)
	at SON.son(SON.groovy:73)
	at SON.invokeMethod(SON.groovy)
	at com.kms.katalon.core.main.CustomKeywordDelegatingMetaClass.invokeStaticMethod(CustomKeywordDelegatingMetaClass.java:55)
	at Site 2G Neighbors.run(Site 2G Neighbors:42)
	at com.kms.katalon.core.main.ScriptEngine.run(ScriptEngine.java:194)
	at com.kms.katalon.core.main.ScriptEngine.runScriptAsRawText(ScriptEngine.java:119)
	at com.kms.katalon.core.main.TestCaseExecutor.runScript(TestCaseExecutor.java:448)
	at com.kms.katalon.core.main.TestCaseExecutor.doExecute(TestCaseExecutor.java:439)
	at com.kms.katalon.core.main.TestCaseExecutor.processExecutionPhase(TestCaseExecutor.java:418)
	at com.kms.katalon.core.main.TestCaseExecutor.accessMainPhase(TestCaseExecutor.java:410)
	at com.kms.katalon.core.main.TestCaseExecutor.execute(TestCaseExecutor.java:285)
	at com.kms.katalon.core.common.CommonExecutor.accessTestCaseMainPhase(CommonExecutor.java:65)
	at com.kms.katalon.core.main.TestSuiteExecutor.accessTestSuiteMainPhase(TestSuiteExecutor.java:148)
	at com.kms.katalon.core.main.TestSuiteExecutor.execute(TestSuiteExecutor.java:106)
	at com.kms.katalon.core.main.TestCaseMain.startTestSuite(TestCaseMain.java:187)
	at com.kms.katalon.core.main.TestCaseMain$startTestSuite$0.call(Unknown Source)
	at TempTestSuite1725371051772.run(TempTestSuite1725371051772.groovy:35)
Caused by: com.kms.katalon.core.webui.exception.WebElementNotFoundException: Web element with id: 'Object Repository/SON/ObjectType/East Amman site1' located by '//span[contains(text(),'301-ULT_King_Hussein_St_PD_Fiber_Manage')]' not found
	at com.kms.katalon.core.webui.common.WebUiCommonHelper.findWebElement(WebUiCommonHelper.java:1381)
	at com.kms.katalon.core.webui.keyword.internal.WebUIAbstractKeyword.findWebElement(WebUIAbstractKeyword.groovy:27)
	at com.kms.katalon.core.webui.keyword.builtin.ClickKeyword$_click_closure1.doCall(ClickKeyword.groovy:65)
	at com.kms.katalon.core.webui.keyword.builtin.ClickKeyword$_click_closure1.call(ClickKeyword.groovy)
	at com.kms.katalon.core.webui.keyword.internal.WebUIKeywordMain.runKeyword(WebUIKeywordMain.groovy:20)
	... 23 more]]></system-err>
   </testsuite>
</testsuites>
