<?xml version="1.0" encoding="UTF-8"?>
<testsuites name="Regression TopX 2G" time="2982.181" tests="28" failures="15" errors="0">
   <testsuite name="Regression TopX 2G" tests="28" failures="15" errors="0" time="2982.181" skipped="0" timestamp="2024-08-04 13:07:02" hostname="FatimaIbeid - LP-FatimaIbeid" id="Test Suites/PM/Hwauei/TopX/Regression TopX 2G">
      <properties>
         <property name="deviceName" value=""/>
         <property name="devicePlatform" value=""/>
         <property name="logFolder" value="C:\\Users\\FatimaIbeid\\git\\NetCell\\Reports\\20240804_130700\\PM\\Hwauei\\TopX\\Regression TopX 2G\\20240804_130700"/>
         <property name="logFiles" value="C:\\Users\\FatimaIbeid\\git\\NetCell\\Reports\\20240804_130700\\PM\\Hwauei\\TopX\\Regression TopX 2G\\20240804_130700\\execution0.log"/>
         <property name="attachments" value="C:\\Users\\FatimaIbeid\\git\\NetCell\\Reports\\20240804_130700\\PM\\Hwauei\\TopX\\Regression TopX 2G\\20240804_130700\\1722766394379.png, C:\\Users\\FatimaIbeid\\git\\NetCell\\Reports\\20240804_130700\\PM\\Hwauei\\TopX\\Regression TopX 2G\\20240804_130700\\1722766394510.png, C:\\Users\\FatimaIbeid\\git\\NetCell\\Reports\\20240804_130700\\PM\\Hwauei\\TopX\\Regression TopX 2G\\20240804_130700\\1722766703308.png, C:\\Users\\FatimaIbeid\\git\\NetCell\\Reports\\20240804_130700\\PM\\Hwauei\\TopX\\Regression TopX 2G\\20240804_130700\\1722766703441.png, C:\\Users\\FatimaIbeid\\git\\NetCell\\Reports\\20240804_130700\\PM\\Hwauei\\TopX\\Regression TopX 2G\\20240804_130700\\1722766982025.png, C:\\Users\\FatimaIbeid\\git\\NetCell\\Reports\\20240804_130700\\PM\\Hwauei\\TopX\\Regression TopX 2G\\20240804_130700\\1722766982158.png, C:\\Users\\FatimaIbeid\\git\\NetCell\\Reports\\20240804_130700\\PM\\Hwauei\\TopX\\Regression TopX 2G\\20240804_130700\\1722767150615.png, C:\\Users\\FatimaIbeid\\git\\NetCell\\Reports\\20240804_130700\\PM\\Hwauei\\TopX\\Regression TopX 2G\\20240804_130700\\1722767150778.png, C:\\Users\\FatimaIbeid\\git\\NetCell\\Reports\\20240804_130700\\PM\\Hwauei\\TopX\\Regression TopX 2G\\20240804_130700\\1722767324961.png, C:\\Users\\FatimaIbeid\\git\\NetCell\\Reports\\20240804_130700\\PM\\Hwauei\\TopX\\Regression TopX 2G\\20240804_130700\\1722767325408.png, C:\\Users\\FatimaIbeid\\git\\NetCell\\Reports\\20240804_130700\\PM\\Hwauei\\TopX\\Regression TopX 2G\\20240804_130700\\1722767491919.png, C:\\Users\\FatimaIbeid\\git\\NetCell\\Reports\\20240804_130700\\PM\\Hwauei\\TopX\\Regression TopX 2G\\20240804_130700\\1722767492053.png, C:\\Users\\FatimaIbeid\\git\\NetCell\\Reports\\20240804_130700\\PM\\Hwauei\\TopX\\Regression TopX 2G\\20240804_130700\\1722767659452.png, C:\\Users\\FatimaIbeid\\git\\NetCell\\Reports\\20240804_130700\\PM\\Hwauei\\TopX\\Regression TopX 2G\\20240804_130700\\1722767659723.png, C:\\Users\\FatimaIbeid\\git\\NetCell\\Reports\\20240804_130700\\PM\\Hwauei\\TopX\\Regression TopX 2G\\20240804_130700\\1722767822810.png, C:\\Users\\FatimaIbeid\\git\\NetCell\\Reports\\20240804_130700\\PM\\Hwauei\\TopX\\Regression TopX 2G\\20240804_130700\\1722767974483.png, C:\\Users\\FatimaIbeid\\git\\NetCell\\Reports\\20240804_130700\\PM\\Hwauei\\TopX\\Regression TopX 2G\\20240804_130700\\1722768123911.png, C:\\Users\\FatimaIbeid\\git\\NetCell\\Reports\\20240804_130700\\PM\\Hwauei\\TopX\\Regression TopX 2G\\20240804_130700\\1722768271669.png, C:\\Users\\FatimaIbeid\\git\\NetCell\\Reports\\20240804_130700\\PM\\Hwauei\\TopX\\Regression TopX 2G\\20240804_130700\\1722768434413.png, C:\\Users\\FatimaIbeid\\git\\NetCell\\Reports\\20240804_130700\\PM\\Hwauei\\TopX\\Regression TopX 2G\\20240804_130700\\1722768434552.png, C:\\Users\\FatimaIbeid\\git\\NetCell\\Reports\\20240804_130700\\PM\\Hwauei\\TopX\\Regression TopX 2G\\20240804_130700\\1722768638565.png, C:\\Users\\FatimaIbeid\\git\\NetCell\\Reports\\20240804_130700\\PM\\Hwauei\\TopX\\Regression TopX 2G\\20240804_130700\\1722768638714.png, C:\\Users\\FatimaIbeid\\git\\NetCell\\Reports\\20240804_130700\\PM\\Hwauei\\TopX\\Regression TopX 2G\\20240804_130700\\1722768800338.png, C:\\Users\\FatimaIbeid\\git\\NetCell\\Reports\\20240804_130700\\PM\\Hwauei\\TopX\\Regression TopX 2G\\20240804_130700\\1722768800679.png"/>
         <property name="hostName" value="FatimaIbeid - LP-FatimaIbeid"/>
         <property name="os" value="Windows 11 64bit"/>
         <property name="katalonVersion" value="8.6.9.208"/>
         <property name="browser" value="Chrome 127.0.0.0"/>
         <property name="hostAddress" value="192.168.9.99"/>
         <property name="sessionId" value="da9255e8195775bac3933fdad487ca08"/>
         <property name="seleniumVersion" value="3.141.59"/>
         <property name="proxyInformation" value="ProxyInformation { proxyOption=NO_PROXY, proxyServerType=HTTP, username=, password=********, proxyServerAddress=, proxyServerPort=0, executionList=&quot;&quot;, isApplyToDesiredCapabilities=true }"/>
         <property name="platform" value="Windows 11"/>
      </properties>
      <testcase name="Test Cases/PM/Hwauei/TopX/2G TopX/XPLMN/TopX 2G PLMN default" time="58.904" classname="Test Cases/PM/Hwauei/TopX/2G TopX/XPLMN/TopX 2G PLMN default" status="PASSED">
         <system-out><![CDATA[2024-08-04 13:07:02 - [TEST_CASE][PASSED] - Test Cases/PM/Hwauei/TopX/2G TopX/XPLMN/TopX 2G PLMN default: Test Cases/PM/Hwauei/TopX/2G TopX/XPLMN/TopX 2G PLMN default

2024-08-04 13:07:02 - [TEST_STEP][PASSED] - callTestCase(findTestCase("Login"), [:], STOP_ON_FAILURE): Call Test Case 'Test Cases/Login' successfully

2024-08-04 13:07:02 - [TEST_CASE][PASSED] - Test Cases/Login: Test Cases/Login

2024-08-04 13:07:02 - [TEST_STEP][PASSED] - driver = general.start(SwagerURL, NetCellURL): general.start is PASSED

2024-08-04 13:07:03 - [MESSAGE][INFO] - >>> chromeDriverPath=C:\Users\FatimaIbeid\.katalon\packages\Katalon_Studio_Windows_64-8.6.9\Katalon_Studio_Windows_64-8.6.9\configuration\resources\drivers\chromedriver_win32\chromedriver.exe

2024-08-04 13:07:05 - [MESSAGE][PASSED] - Current window maximized

2024-08-04 13:07:06 - [MESSAGE][PASSED] - Execute JavaScript 'window.open();' successfully

2024-08-04 13:07:06 - [MESSAGE][PASSED] - Switched to window with index: '1'

2024-08-04 13:07:17 - [MESSAGE][PASSED] - general.start is PASSED

2024-08-04 13:07:17 - [TEST_STEP][PASSED] - click(findTestObject("Object Repository/Login/LoginButton")): Object: 'Object Repository/Login/LoginButton' is clicked on

2024-08-04 13:07:17 - [MESSAGE][PASSED] - Object: 'Object Repository/Login/LoginButton' is clicked on

2024-08-04 13:07:17 - [TEST_STEP][PASSED] - switchToWindowIndex(2): Switched to window with index: '2'

2024-08-04 13:07:18 - [MESSAGE][PASSED] - Switched to window with index: '2'

2024-08-04 13:07:18 - [TEST_STEP][PASSED] - delay(1): Delayed 1 second(s)

2024-08-04 13:07:19 - [MESSAGE][PASSED] - Delayed 1 second(s)

2024-08-04 13:07:19 - [TEST_STEP][PASSED] - sendKeys(findTestObject("Object Repository/Login/EnterEmail"), "homam@zztjg.onmicrosoft.com"): Keys 'homam@zztjg.onmicrosoft.com' sent to object: 'Object Repository/Login/EnterEmail'

2024-08-04 13:07:20 - [MESSAGE][PASSED] - Keys 'homam@zztjg.onmicrosoft.com' sent to object: 'Object Repository/Login/EnterEmail'

2024-08-04 13:07:20 - [TEST_STEP][PASSED] - delay(1): Delayed 1 second(s)

2024-08-04 13:07:21 - [MESSAGE][PASSED] - Delayed 1 second(s)

2024-08-04 13:07:21 - [TEST_STEP][PASSED] - click(findTestObject("Object Repository/Login/NextButton")): Object: 'Object Repository/Login/NextButton' is clicked on

2024-08-04 13:07:21 - [MESSAGE][PASSED] - Object: 'Object Repository/Login/NextButton' is clicked on

2024-08-04 13:07:21 - [TEST_STEP][PASSED] - delay(2): Delayed 2 second(s)

2024-08-04 13:07:23 - [MESSAGE][PASSED] - Delayed 2 second(s)

2024-08-04 13:07:23 - [TEST_STEP][PASSED] - sendKeys(findTestObject("Object Repository/Login/EnterPassword"), "Holder12345"): Keys 'Holder12345' sent to object: 'Object Repository/Login/EnterPassword'

2024-08-04 13:07:23 - [MESSAGE][PASSED] - Keys 'Holder12345' sent to object: 'Object Repository/Login/EnterPassword'

2024-08-04 13:07:23 - [TEST_STEP][PASSED] - delay(1): Delayed 1 second(s)

2024-08-04 13:07:24 - [MESSAGE][PASSED] - Delayed 1 second(s)

2024-08-04 13:07:24 - [TEST_STEP][PASSED] - click(findTestObject("Object Repository/Login/SigninButton")): Object: 'Object Repository/Login/SigninButton' is clicked on

2024-08-04 13:07:25 - [MESSAGE][PASSED] - Object: 'Object Repository/Login/SigninButton' is clicked on

2024-08-04 13:07:25 - [TEST_STEP][PASSED] - delay(1): Delayed 1 second(s)

2024-08-04 13:07:26 - [MESSAGE][PASSED] - Delayed 1 second(s)

2024-08-04 13:07:26 - [TEST_STEP][PASSED] - click(findTestObject("Object Repository/Login/YesStayInButton")): Object: 'Object Repository/Login/YesStayInButton' is clicked on

2024-08-04 13:07:27 - [MESSAGE][PASSED] - Object: 'Object Repository/Login/YesStayInButton' is clicked on

2024-08-04 13:07:27 - [MESSAGE][PASSED] - Call Test Case 'Test Cases/Login' successfully

2024-08-04 13:07:27 - [TEST_STEP][PASSED] - switchToWindowIndex(1): Switched to window with index: '1'

2024-08-04 13:07:27 - [MESSAGE][PASSED] - Switched to window with index: '1'

2024-08-04 13:07:27 - [TEST_STEP][PASSED] - PMHwaueiTopX.TopX("2G", "PLMN", false, "Hourly", false, null): PMHwaueiTopX.TopX is PASSED

2024-08-04 13:07:29 - [MESSAGE][PASSED] - Object: 'Object Repository/PM/PM-Button' is clicked on

2024-08-04 13:07:29 - [MESSAGE][PASSED] - Switched to window with index: '2'

2024-08-04 13:07:30 - [MESSAGE][PASSED] - Object: 'Object Repository/PM/Huawei-vendor/Data-view/TopX' is clicked on

2024-08-04 13:07:30 - [MESSAGE][PASSED] - Object: 'Object Repository/PM/Huawei-vendor/Technology/Technology-Arrow' is clicked on

2024-08-04 13:07:30 - [MESSAGE][PASSED] - Object: 'Object Repository/PM/Huawei-vendor/Technology/2G' is clicked on

2024-08-04 13:07:31 - [MESSAGE][PASSED] - Object: 'Object Repository/PM/Huawei-vendor/TopX/TopX Object Type' is clicked on

2024-08-04 13:07:32 - [MESSAGE][PASSED] - Delayed 1 second(s)

2024-08-04 13:07:32 - [MESSAGE][PASSED] - Object: 'Object Repository/PM/Huawei-vendor/Object-Type/TopX Object Types/TopX PLMNs/TopX PLMN' is clicked on

2024-08-04 13:07:33 - [MESSAGE][PASSED] - Delayed 1 second(s)

2024-08-04 13:07:33 - [MESSAGE][PASSED] - Object: 'Object Repository/PM/Huawei-vendor/Object-Type/TopX Object Types/TopX PLMNs/TopX PLMN checkbox' is clicked on

2024-08-04 13:07:33 - [MESSAGE][WARNING] - Timeout '0' is invalid. Using default page load timeout: '120'

2024-08-04 13:07:33 - [MESSAGE][PASSED] - Scroll to object 'Object Repository/PM/Huawei-vendor/LowXlabel' successfully

2024-08-04 13:07:33 - [MESSAGE][PASSED] - Object: 'Object Repository/PM/Huawei-vendor/TopX/TopXDate/BeforeDate' is clicked on

2024-08-04 13:07:34 - [MESSAGE][PASSED] - Delayed 1 second(s)

2024-08-04 13:07:34 - [MESSAGE][PASSED] - Object: 'Object Repository/PM/Huawei-vendor/TopX/TopXDate/Choose Month' is clicked on

2024-08-04 13:07:35 - [MESSAGE][PASSED] - Delayed 1 second(s)

2024-08-04 13:07:36 - [MESSAGE][PASSED] - Object: 'Object Repository/PM/Huawei-vendor/TopX/TopXDate/Feb' is clicked on

2024-08-04 13:07:36 - [MESSAGE][PASSED] - Object: 'Object Repository/PM/Huawei-vendor/TopX/TopXDate/Day 1' is clicked on

2024-08-04 13:07:36 - [MESSAGE][PASSED] - Object: 'Object Repository/PM/Huawei-vendor/TopX/TopXDate/Button OK' is clicked on

2024-08-04 13:07:36 - [MESSAGE][PASSED] - Object: 'Object Repository/PM/Huawei-vendor/TopX/TopXDate/After Date' is clicked on

2024-08-04 13:07:37 - [MESSAGE][PASSED] - Delayed 1 second(s)

2024-08-04 13:07:37 - [MESSAGE][PASSED] - Object: 'Object Repository/PM/Huawei-vendor/TopX/TopXDate/Choose Month' is clicked on

2024-08-04 13:07:38 - [MESSAGE][PASSED] - Delayed 1 second(s)

2024-08-04 13:07:39 - [MESSAGE][PASSED] - Object: 'Object Repository/PM/Huawei-vendor/TopX/TopXDate/Feb' is clicked on

2024-08-04 13:07:39 - [MESSAGE][PASSED] - Object: 'Object Repository/PM/Huawei-vendor/TopX/TopXDate/Day 7' is clicked on

2024-08-04 13:07:39 - [MESSAGE][PASSED] - Object: 'Object Repository/PM/Huawei-vendor/TopX/TopXDate/Button OK' is clicked on

2024-08-04 13:07:39 - [MESSAGE][PASSED] - Object: 'Object Repository/PM/Huawei-vendor/Apply-Button' is clicked on

2024-08-04 13:07:39 - [MESSAGE][WARNING] - Timeout '0' is invalid. Using default page load timeout: '120'

2024-08-04 13:07:40 - [MESSAGE][PASSED] - Web element with id: 'Object Repository/PM/Huawei-vendor/Error' located by 'By.xpath: //div[@class='toast-summary title-medium-m']' is not present after '120' second(s)

2024-08-04 13:07:40 - [MESSAGE][WARNING] - Timeout '0' is invalid. Using default page load timeout: '120'

2024-08-04 13:07:59 - [MESSAGE][PASSED] - Object 'Object Repository/PM/Huawei-vendor/Chart' is present

2024-08-04 13:08:00 - [MESSAGE][WARNING] - Timeout '0' is invalid. Using default page load timeout: '120'

2024-08-04 13:08:00 - [MESSAGE][PASSED] - Object 'Object Repository/PM/Huawei-vendor/TopX/TopX Export Chart' is present

2024-08-04 13:08:00 - [MESSAGE][WARNING] - Timeout '0' is invalid. Using default page load timeout: '120'

2024-08-04 13:08:00 - [MESSAGE][PASSED] - Object 'Object Repository/PM/Huawei-vendor/TopX/Table View' is present

2024-08-04 13:08:00 - [MESSAGE][PASSED] - Object: 'Object Repository/PM/Huawei-vendor/TopX/Table View' is clicked on

2024-08-04 13:08:00 - [MESSAGE][PASSED] - Object: 'Object Repository/PM/Huawei-vendor/TopX/Reordering the table view' is clicked on

2024-08-04 13:08:01 - [MESSAGE][PASSED] - Browser is closed

2024-08-04 13:08:01 - [MESSAGE][PASSED] - PMHwaueiTopX.TopX is PASSED]]></system-out>
         <system-err><![CDATA[]]></system-err>
      </testcase>
      <testcase name="Test Cases/PM/Hwauei/TopX/2G TopX/XPLMN/TopX 2G PLMN with LowX" time="52.172" classname="Test Cases/PM/Hwauei/TopX/2G TopX/XPLMN/TopX 2G PLMN with LowX" status="PASSED">
         <system-out><![CDATA[2024-08-04 13:08:01 - [TEST_CASE][PASSED] - Test Cases/PM/Hwauei/TopX/2G TopX/XPLMN/TopX 2G PLMN with LowX: Test Cases/PM/Hwauei/TopX/2G TopX/XPLMN/TopX 2G PLMN with LowX

2024-08-04 13:08:01 - [TEST_STEP][PASSED] - callTestCase(findTestCase("Login"), [:], STOP_ON_FAILURE): Call Test Case 'Test Cases/Login' successfully

2024-08-04 13:08:01 - [TEST_CASE][PASSED] - Test Cases/Login: Test Cases/Login

2024-08-04 13:08:01 - [TEST_STEP][PASSED] - driver = general.start(SwagerURL, NetCellURL): general.start is PASSED

2024-08-04 13:08:01 - [MESSAGE][INFO] - >>> chromeDriverPath=C:\Users\FatimaIbeid\.katalon\packages\Katalon_Studio_Windows_64-8.6.9\Katalon_Studio_Windows_64-8.6.9\configuration\resources\drivers\chromedriver_win32\chromedriver.exe

2024-08-04 13:08:02 - [MESSAGE][PASSED] - Current window maximized

2024-08-04 13:08:03 - [MESSAGE][PASSED] - Execute JavaScript 'window.open();' successfully

2024-08-04 13:08:03 - [MESSAGE][PASSED] - Switched to window with index: '1'

2024-08-04 13:08:15 - [MESSAGE][PASSED] - general.start is PASSED

2024-08-04 13:08:15 - [TEST_STEP][PASSED] - click(findTestObject("Object Repository/Login/LoginButton")): Object: 'Object Repository/Login/LoginButton' is clicked on

2024-08-04 13:08:15 - [MESSAGE][PASSED] - Object: 'Object Repository/Login/LoginButton' is clicked on

2024-08-04 13:08:15 - [TEST_STEP][PASSED] - switchToWindowIndex(2): Switched to window with index: '2'

2024-08-04 13:08:15 - [MESSAGE][PASSED] - Switched to window with index: '2'

2024-08-04 13:08:15 - [TEST_STEP][PASSED] - delay(1): Delayed 1 second(s)

2024-08-04 13:08:16 - [MESSAGE][PASSED] - Delayed 1 second(s)

2024-08-04 13:08:16 - [TEST_STEP][PASSED] - sendKeys(findTestObject("Object Repository/Login/EnterEmail"), "homam@zztjg.onmicrosoft.com"): Keys 'homam@zztjg.onmicrosoft.com' sent to object: 'Object Repository/Login/EnterEmail'

2024-08-04 13:08:18 - [MESSAGE][PASSED] - Keys 'homam@zztjg.onmicrosoft.com' sent to object: 'Object Repository/Login/EnterEmail'

2024-08-04 13:08:18 - [TEST_STEP][PASSED] - delay(1): Delayed 1 second(s)

2024-08-04 13:08:19 - [MESSAGE][PASSED] - Delayed 1 second(s)

2024-08-04 13:08:19 - [TEST_STEP][PASSED] - click(findTestObject("Object Repository/Login/NextButton")): Object: 'Object Repository/Login/NextButton' is clicked on

2024-08-04 13:08:19 - [MESSAGE][PASSED] - Object: 'Object Repository/Login/NextButton' is clicked on

2024-08-04 13:08:19 - [TEST_STEP][PASSED] - delay(2): Delayed 2 second(s)

2024-08-04 13:08:21 - [MESSAGE][PASSED] - Delayed 2 second(s)

2024-08-04 13:08:21 - [TEST_STEP][PASSED] - sendKeys(findTestObject("Object Repository/Login/EnterPassword"), "Holder12345"): Keys 'Holder12345' sent to object: 'Object Repository/Login/EnterPassword'

2024-08-04 13:08:21 - [MESSAGE][PASSED] - Keys 'Holder12345' sent to object: 'Object Repository/Login/EnterPassword'

2024-08-04 13:08:21 - [TEST_STEP][PASSED] - delay(1): Delayed 1 second(s)

2024-08-04 13:08:22 - [MESSAGE][PASSED] - Delayed 1 second(s)

2024-08-04 13:08:22 - [TEST_STEP][PASSED] - click(findTestObject("Object Repository/Login/SigninButton")): Object: 'Object Repository/Login/SigninButton' is clicked on

2024-08-04 13:08:23 - [MESSAGE][PASSED] - Object: 'Object Repository/Login/SigninButton' is clicked on

2024-08-04 13:08:23 - [TEST_STEP][PASSED] - delay(1): Delayed 1 second(s)

2024-08-04 13:08:24 - [MESSAGE][PASSED] - Delayed 1 second(s)

2024-08-04 13:08:24 - [TEST_STEP][PASSED] - click(findTestObject("Object Repository/Login/YesStayInButton")): Object: 'Object Repository/Login/YesStayInButton' is clicked on

2024-08-04 13:08:25 - [MESSAGE][PASSED] - Object: 'Object Repository/Login/YesStayInButton' is clicked on

2024-08-04 13:08:25 - [MESSAGE][PASSED] - Call Test Case 'Test Cases/Login' successfully

2024-08-04 13:08:25 - [TEST_STEP][PASSED] - switchToWindowIndex(1): Switched to window with index: '1'

2024-08-04 13:08:25 - [MESSAGE][PASSED] - Switched to window with index: '1'

2024-08-04 13:08:25 - [TEST_STEP][PASSED] - PMHwaueiTopX.TopX("2G", "PLMN", true, "Hourly", true, null): PMHwaueiTopX.TopX is PASSED

2024-08-04 13:08:25 - [MESSAGE][PASSED] - Object: 'Object Repository/PM/PM-Button' is clicked on

2024-08-04 13:08:25 - [MESSAGE][PASSED] - Switched to window with index: '2'

2024-08-04 13:08:38 - [MESSAGE][PASSED] - Object: 'Object Repository/PM/Huawei-vendor/Data-view/TopX' is clicked on

2024-08-04 13:08:39 - [MESSAGE][PASSED] - Object: 'Object Repository/PM/Huawei-vendor/Technology/Technology-Arrow' is clicked on

2024-08-04 13:08:39 - [MESSAGE][PASSED] - Object: 'Object Repository/PM/Huawei-vendor/Technology/2G' is clicked on

2024-08-04 13:08:39 - [MESSAGE][PASSED] - Object: 'Object Repository/PM/Huawei-vendor/TopX/TopX Object Type' is clicked on

2024-08-04 13:08:40 - [MESSAGE][PASSED] - Delayed 1 second(s)

2024-08-04 13:08:40 - [MESSAGE][PASSED] - Object: 'Object Repository/PM/Huawei-vendor/Object-Type/TopX Object Types/TopX PLMNs/TopX PLMN' is clicked on

2024-08-04 13:08:41 - [MESSAGE][PASSED] - Delayed 1 second(s)

2024-08-04 13:08:41 - [MESSAGE][PASSED] - Object: 'Object Repository/PM/Huawei-vendor/Object-Type/TopX Object Types/TopX PLMNs/TopX PLMN checkbox' is clicked on

2024-08-04 13:08:41 - [MESSAGE][WARNING] - Timeout '0' is invalid. Using default page load timeout: '120'

2024-08-04 13:08:41 - [MESSAGE][PASSED] - Scroll to object 'Object Repository/PM/Huawei-vendor/LowXlabel' successfully

2024-08-04 13:08:42 - [MESSAGE][PASSED] - Object: 'Object Repository/PM/Huawei-vendor/TopX/TopXDate/BeforeDate' is clicked on

2024-08-04 13:08:43 - [MESSAGE][PASSED] - Delayed 1 second(s)

2024-08-04 13:08:43 - [MESSAGE][PASSED] - Object: 'Object Repository/PM/Huawei-vendor/TopX/TopXDate/Choose Month' is clicked on

2024-08-04 13:08:44 - [MESSAGE][PASSED] - Delayed 1 second(s)

2024-08-04 13:08:44 - [MESSAGE][PASSED] - Object: 'Object Repository/PM/Huawei-vendor/TopX/TopXDate/Feb' is clicked on

2024-08-04 13:08:44 - [MESSAGE][PASSED] - Object: 'Object Repository/PM/Huawei-vendor/TopX/TopXDate/Day 1' is clicked on

2024-08-04 13:08:44 - [MESSAGE][PASSED] - Object: 'Object Repository/PM/Huawei-vendor/TopX/TopXDate/Button OK' is clicked on

2024-08-04 13:08:45 - [MESSAGE][PASSED] - Object: 'Object Repository/PM/Huawei-vendor/TopX/TopXDate/After Date' is clicked on

2024-08-04 13:08:46 - [MESSAGE][PASSED] - Delayed 1 second(s)

2024-08-04 13:08:46 - [MESSAGE][PASSED] - Object: 'Object Repository/PM/Huawei-vendor/TopX/TopXDate/Choose Month' is clicked on

2024-08-04 13:08:47 - [MESSAGE][PASSED] - Delayed 1 second(s)

2024-08-04 13:08:47 - [MESSAGE][PASSED] - Object: 'Object Repository/PM/Huawei-vendor/TopX/TopXDate/Feb' is clicked on

2024-08-04 13:08:47 - [MESSAGE][PASSED] - Object: 'Object Repository/PM/Huawei-vendor/TopX/TopXDate/Day 7' is clicked on

2024-08-04 13:08:47 - [MESSAGE][PASSED] - Object: 'Object Repository/PM/Huawei-vendor/TopX/TopXDate/Button OK' is clicked on

2024-08-04 13:08:48 - [MESSAGE][PASSED] - Object: 'Object Repository/PM/Huawei-vendor/LowXCheckBox' is clicked on

2024-08-04 13:08:48 - [MESSAGE][PASSED] - Object: 'Object Repository/PM/Huawei-vendor/Apply-Button' is clicked on

2024-08-04 13:08:48 - [MESSAGE][WARNING] - Timeout '0' is invalid. Using default page load timeout: '120'

2024-08-04 13:08:48 - [MESSAGE][PASSED] - Web element with id: 'Object Repository/PM/Huawei-vendor/Error' located by 'By.xpath: //div[@class='toast-summary title-medium-m']' is not present after '120' second(s)

2024-08-04 13:08:48 - [MESSAGE][WARNING] - Timeout '0' is invalid. Using default page load timeout: '120'

2024-08-04 13:08:52 - [MESSAGE][PASSED] - Object 'Object Repository/PM/Huawei-vendor/Chart' is present

2024-08-04 13:08:52 - [MESSAGE][WARNING] - Timeout '0' is invalid. Using default page load timeout: '120'

2024-08-04 13:08:52 - [MESSAGE][PASSED] - Object 'Object Repository/PM/Huawei-vendor/TopX/TopX Export Chart' is present

2024-08-04 13:08:52 - [MESSAGE][WARNING] - Timeout '0' is invalid. Using default page load timeout: '120'

2024-08-04 13:08:52 - [MESSAGE][PASSED] - Object 'Object Repository/PM/Huawei-vendor/TopX/Table View' is present

2024-08-04 13:08:52 - [MESSAGE][PASSED] - Object: 'Object Repository/PM/Huawei-vendor/TopX/Table View' is clicked on

2024-08-04 13:08:52 - [MESSAGE][PASSED] - Object: 'Object Repository/PM/Huawei-vendor/TopX/Reordering the table view' is clicked on

2024-08-04 13:08:53 - [MESSAGE][PASSED] - Browser is closed

2024-08-04 13:08:53 - [MESSAGE][PASSED] - PMHwaueiTopX.TopX is PASSED]]></system-out>
         <system-err><![CDATA[]]></system-err>
      </testcase>
      <testcase name="Test Cases/PM/Hwauei/TopX/2G TopX/XPLMN/TopX 2G PLMN Daily" time="104.489" classname="Test Cases/PM/Hwauei/TopX/2G TopX/XPLMN/TopX 2G PLMN Daily" status="PASSED">
         <system-out><![CDATA[2024-08-04 13:08:53 - [TEST_CASE][PASSED] - Test Cases/PM/Hwauei/TopX/2G TopX/XPLMN/TopX 2G PLMN Daily: Test Cases/PM/Hwauei/TopX/2G TopX/XPLMN/TopX 2G PLMN Daily

2024-08-04 13:08:53 - [TEST_STEP][PASSED] - callTestCase(findTestCase("Login"), [:], STOP_ON_FAILURE): Call Test Case 'Test Cases/Login' successfully

2024-08-04 13:08:53 - [TEST_CASE][PASSED] - Test Cases/Login: Test Cases/Login

2024-08-04 13:08:53 - [TEST_STEP][PASSED] - driver = general.start(SwagerURL, NetCellURL): general.start is PASSED

2024-08-04 13:08:53 - [MESSAGE][INFO] - >>> chromeDriverPath=C:\Users\FatimaIbeid\.katalon\packages\Katalon_Studio_Windows_64-8.6.9\Katalon_Studio_Windows_64-8.6.9\configuration\resources\drivers\chromedriver_win32\chromedriver.exe

2024-08-04 13:08:54 - [MESSAGE][PASSED] - Current window maximized

2024-08-04 13:08:55 - [MESSAGE][PASSED] - Execute JavaScript 'window.open();' successfully

2024-08-04 13:08:55 - [MESSAGE][PASSED] - Switched to window with index: '1'

2024-08-04 13:09:06 - [MESSAGE][PASSED] - general.start is PASSED

2024-08-04 13:09:06 - [TEST_STEP][PASSED] - click(findTestObject("Object Repository/Login/LoginButton")): Object: 'Object Repository/Login/LoginButton' is clicked on

2024-08-04 13:09:06 - [MESSAGE][PASSED] - Object: 'Object Repository/Login/LoginButton' is clicked on

2024-08-04 13:09:06 - [TEST_STEP][PASSED] - switchToWindowIndex(2): Switched to window with index: '2'

2024-08-04 13:09:07 - [MESSAGE][PASSED] - Switched to window with index: '2'

2024-08-04 13:09:07 - [TEST_STEP][PASSED] - delay(1): Delayed 1 second(s)

2024-08-04 13:09:08 - [MESSAGE][PASSED] - Delayed 1 second(s)

2024-08-04 13:09:08 - [TEST_STEP][PASSED] - sendKeys(findTestObject("Object Repository/Login/EnterEmail"), "homam@zztjg.onmicrosoft.com"): Keys 'homam@zztjg.onmicrosoft.com' sent to object: 'Object Repository/Login/EnterEmail'

2024-08-04 13:09:09 - [MESSAGE][PASSED] - Keys 'homam@zztjg.onmicrosoft.com' sent to object: 'Object Repository/Login/EnterEmail'

2024-08-04 13:09:09 - [TEST_STEP][PASSED] - delay(1): Delayed 1 second(s)

2024-08-04 13:09:10 - [MESSAGE][PASSED] - Delayed 1 second(s)

2024-08-04 13:09:10 - [TEST_STEP][PASSED] - click(findTestObject("Object Repository/Login/NextButton")): Object: 'Object Repository/Login/NextButton' is clicked on

2024-08-04 13:09:10 - [MESSAGE][PASSED] - Object: 'Object Repository/Login/NextButton' is clicked on

2024-08-04 13:09:10 - [TEST_STEP][PASSED] - delay(2): Delayed 2 second(s)

2024-08-04 13:09:12 - [MESSAGE][PASSED] - Delayed 2 second(s)

2024-08-04 13:09:12 - [TEST_STEP][PASSED] - sendKeys(findTestObject("Object Repository/Login/EnterPassword"), "Holder12345"): Keys 'Holder12345' sent to object: 'Object Repository/Login/EnterPassword'

2024-08-04 13:09:12 - [MESSAGE][PASSED] - Keys 'Holder12345' sent to object: 'Object Repository/Login/EnterPassword'

2024-08-04 13:09:12 - [TEST_STEP][PASSED] - delay(1): Delayed 1 second(s)

2024-08-04 13:09:13 - [MESSAGE][PASSED] - Delayed 1 second(s)

2024-08-04 13:09:13 - [TEST_STEP][PASSED] - click(findTestObject("Object Repository/Login/SigninButton")): Object: 'Object Repository/Login/SigninButton' is clicked on

2024-08-04 13:09:14 - [MESSAGE][PASSED] - Object: 'Object Repository/Login/SigninButton' is clicked on

2024-08-04 13:09:14 - [TEST_STEP][PASSED] - delay(1): Delayed 1 second(s)

2024-08-04 13:09:15 - [MESSAGE][PASSED] - Delayed 1 second(s)

2024-08-04 13:09:15 - [TEST_STEP][PASSED] - click(findTestObject("Object Repository/Login/YesStayInButton")): Object: 'Object Repository/Login/YesStayInButton' is clicked on

2024-08-04 13:09:15 - [MESSAGE][PASSED] - Object: 'Object Repository/Login/YesStayInButton' is clicked on

2024-08-04 13:09:15 - [MESSAGE][PASSED] - Call Test Case 'Test Cases/Login' successfully

2024-08-04 13:09:15 - [TEST_STEP][PASSED] - switchToWindowIndex(1): Switched to window with index: '1'

2024-08-04 13:09:15 - [MESSAGE][PASSED] - Switched to window with index: '1'

2024-08-04 13:09:15 - [TEST_STEP][PASSED] - PMHwaueiTopX.TopX("2G", "PLMN", false, "Daily", false, null): PMHwaueiTopX.TopX is PASSED

2024-08-04 13:09:16 - [MESSAGE][PASSED] - Object: 'Object Repository/PM/PM-Button' is clicked on

2024-08-04 13:09:16 - [MESSAGE][PASSED] - Switched to window with index: '2'

2024-08-04 13:09:29 - [MESSAGE][PASSED] - Object: 'Object Repository/PM/Huawei-vendor/Data-view/TopX' is clicked on

2024-08-04 13:09:29 - [MESSAGE][PASSED] - Object: 'Object Repository/PM/Huawei-vendor/Technology/Technology-Arrow' is clicked on

2024-08-04 13:09:29 - [MESSAGE][PASSED] - Object: 'Object Repository/PM/Huawei-vendor/Technology/2G' is clicked on

2024-08-04 13:09:29 - [MESSAGE][PASSED] - Object: 'Object Repository/PM/Huawei-vendor/TopX/TopX Object Type' is clicked on

2024-08-04 13:09:30 - [MESSAGE][PASSED] - Delayed 1 second(s)

2024-08-04 13:09:30 - [MESSAGE][PASSED] - Object: 'Object Repository/PM/Huawei-vendor/Object-Type/TopX Object Types/TopX PLMNs/TopX PLMN' is clicked on

2024-08-04 13:09:31 - [MESSAGE][PASSED] - Delayed 1 second(s)

2024-08-04 13:09:32 - [MESSAGE][PASSED] - Object: 'Object Repository/PM/Huawei-vendor/Object-Type/TopX Object Types/TopX PLMNs/TopX PLMN checkbox' is clicked on

2024-08-04 13:09:32 - [MESSAGE][WARNING] - Timeout '0' is invalid. Using default page load timeout: '120'

2024-08-04 13:09:32 - [MESSAGE][PASSED] - Scroll to object 'Object Repository/PM/Huawei-vendor/LowXlabel' successfully

2024-08-04 13:09:32 - [MESSAGE][PASSED] - Object: 'Object Repository/PM/Huawei-vendor/Resolution Temp/Select Resolution temp' is clicked on

2024-08-04 13:09:32 - [MESSAGE][PASSED] - Object: 'Object Repository/PM/Huawei-vendor/Resolution Temp/Resolution Temp Daily' is clicked on

2024-08-04 13:09:32 - [MESSAGE][PASSED] - Object: 'Object Repository/PM/Huawei-vendor/TopX/TopXDate/BeforeDate' is clicked on

2024-08-04 13:09:33 - [MESSAGE][PASSED] - Delayed 1 second(s)

2024-08-04 13:09:33 - [MESSAGE][PASSED] - Object: 'Object Repository/PM/Huawei-vendor/TopX/TopXDate/Choose Month' is clicked on

2024-08-04 13:09:34 - [MESSAGE][PASSED] - Delayed 1 second(s)

2024-08-04 13:09:34 - [MESSAGE][PASSED] - Object: 'Object Repository/PM/Huawei-vendor/TopX/TopXDate/Feb' is clicked on

2024-08-04 13:09:35 - [MESSAGE][PASSED] - Object: 'Object Repository/PM/Huawei-vendor/TopX/TopXDate/Day 1' is clicked on

2024-08-04 13:09:35 - [MESSAGE][PASSED] - Object: 'Object Repository/PM/Huawei-vendor/TopX/TopXDate/Button OK' is clicked on

2024-08-04 13:09:35 - [MESSAGE][PASSED] - Object: 'Object Repository/PM/Huawei-vendor/TopX/TopXDate/After Date' is clicked on

2024-08-04 13:09:36 - [MESSAGE][PASSED] - Delayed 1 second(s)

2024-08-04 13:09:36 - [MESSAGE][PASSED] - Object: 'Object Repository/PM/Huawei-vendor/TopX/TopXDate/Choose Month' is clicked on

2024-08-04 13:09:37 - [MESSAGE][PASSED] - Delayed 1 second(s)

2024-08-04 13:09:38 - [MESSAGE][PASSED] - Object: 'Object Repository/PM/Huawei-vendor/TopX/TopXDate/Feb' is clicked on

2024-08-04 13:09:38 - [MESSAGE][PASSED] - Object: 'Object Repository/PM/Huawei-vendor/TopX/TopXDate/Day 7' is clicked on

2024-08-04 13:09:38 - [MESSAGE][PASSED] - Object: 'Object Repository/PM/Huawei-vendor/TopX/TopXDate/Button OK' is clicked on

2024-08-04 13:09:38 - [MESSAGE][PASSED] - Object: 'Object Repository/PM/Huawei-vendor/Apply-Button' is clicked on

2024-08-04 13:09:38 - [MESSAGE][WARNING] - Timeout '0' is invalid. Using default page load timeout: '120'

2024-08-04 13:09:38 - [MESSAGE][PASSED] - Web element with id: 'Object Repository/PM/Huawei-vendor/Error' located by 'By.xpath: //div[@class='toast-summary title-medium-m']' is not present after '120' second(s)

2024-08-04 13:09:38 - [MESSAGE][WARNING] - Timeout '0' is invalid. Using default page load timeout: '120'

2024-08-04 13:10:36 - [MESSAGE][PASSED] - Object 'Object Repository/PM/Huawei-vendor/Chart' is present

2024-08-04 13:10:36 - [MESSAGE][WARNING] - Timeout '0' is invalid. Using default page load timeout: '120'

2024-08-04 13:10:36 - [MESSAGE][PASSED] - Object 'Object Repository/PM/Huawei-vendor/TopX/TopX Export Chart' is present

2024-08-04 13:10:36 - [MESSAGE][WARNING] - Timeout '0' is invalid. Using default page load timeout: '120'

2024-08-04 13:10:36 - [MESSAGE][PASSED] - Object 'Object Repository/PM/Huawei-vendor/TopX/Table View' is present

2024-08-04 13:10:36 - [MESSAGE][PASSED] - Object: 'Object Repository/PM/Huawei-vendor/TopX/Table View' is clicked on

2024-08-04 13:10:37 - [MESSAGE][PASSED] - Object: 'Object Repository/PM/Huawei-vendor/TopX/Reordering the table view' is clicked on

2024-08-04 13:10:37 - [MESSAGE][PASSED] - Browser is closed

2024-08-04 13:10:37 - [MESSAGE][PASSED] - PMHwaueiTopX.TopX is PASSED]]></system-out>
         <system-err><![CDATA[]]></system-err>
      </testcase>
      <testcase name="Test Cases/PM/Hwauei/TopX/2G TopX/XPLMN/TopX 2G PLMN DailyBH" time="156.72" classname="Test Cases/PM/Hwauei/TopX/2G TopX/XPLMN/TopX 2G PLMN DailyBH" status="FAILED">
         <failure type="FAILED" message="Test Cases/PM/Hwauei/TopX/2G TopX/XPLMN/TopX 2G PLMN DailyBH FAILED.
Reason:
com.kms.katalon.core.exception.StepFailedException: Unable to verify object 'Object Repository/PM/Huawei-vendor/Chart' is present
	at com.kms.katalon.core.webui.keyword.internal.WebUIKeywordMain.stepFailed(WebUIKeywordMain.groovy:64)
	at com.kms.katalon.core.webui.keyword.internal.WebUIKeywordMain.runKeyword(WebUIKeywordMain.groovy:26)
	at com.kms.katalon.core.webui.keyword.builtin.VerifyElementPresentKeyword.verifyElementPresent(VerifyElementPresentKeyword.groovy:92)
	at com.kms.katalon.core.webui.keyword.builtin.VerifyElementPresentKeyword.execute(VerifyElementPresentKeyword.groovy:68)
	at com.kms.katalon.core.keyword.internal.KeywordExecutor.executeKeywordForPlatform(KeywordExecutor.groovy:74)
	at com.kms.katalon.core.webui.keyword.WebUiBuiltInKeywords.verifyElementPresent(WebUiBuiltInKeywords.groovy:1464)
	at com.kms.katalon.core.webui.keyword.WebUiBuiltInKeywords$verifyElementPresent$6.call(Unknown Source)
	at PMHwaueiTopX.TopX(PMHwaueiTopX.groovy:1593)
	at PMHwaueiTopX.invokeMethod(PMHwaueiTopX.groovy)
	at com.kms.katalon.core.main.CustomKeywordDelegatingMetaClass.invokeStaticMethod(CustomKeywordDelegatingMetaClass.java:55)
	at TopX 2G PLMN DailyBH.run(TopX 2G PLMN DailyBH:29)
	at com.kms.katalon.core.main.ScriptEngine.run(ScriptEngine.java:194)
	at com.kms.katalon.core.main.ScriptEngine.runScriptAsRawText(ScriptEngine.java:119)
	at com.kms.katalon.core.main.TestCaseExecutor.runScript(TestCaseExecutor.java:448)
	at com.kms.katalon.core.main.TestCaseExecutor.doExecute(TestCaseExecutor.java:439)
	at com.kms.katalon.core.main.TestCaseExecutor.processExecutionPhase(TestCaseExecutor.java:418)
	at com.kms.katalon.core.main.TestCaseExecutor.accessMainPhase(TestCaseExecutor.java:410)
	at com.kms.katalon.core.main.TestCaseExecutor.execute(TestCaseExecutor.java:285)
	at com.kms.katalon.core.common.CommonExecutor.accessTestCaseMainPhase(CommonExecutor.java:65)
	at com.kms.katalon.core.main.TestSuiteExecutor.accessTestSuiteMainPhase(TestSuiteExecutor.java:148)
	at com.kms.katalon.core.main.TestSuiteExecutor.execute(TestSuiteExecutor.java:106)
	at com.kms.katalon.core.main.TestCaseMain.startTestSuite(TestCaseMain.java:187)
	at com.kms.katalon.core.main.TestCaseMain$startTestSuite$0.call(Unknown Source)
	at TempTestSuite1722766020200.run(TempTestSuite1722766020200.groovy:35)
Caused by: com.kms.katalon.core.exception.StepFailedException: com.kms.katalon.core.webui.exception.WebElementNotFoundException: Web element with id: 'Object Repository/PM/Huawei-vendor/Chart' located by '//*[@id=&quot;chart-container&quot;]/div/app-main-chart-component[1]/div/div[2]/div[2]/div/div/div[1]/canvas' not found
	at com.kms.katalon.core.webui.keyword.internal.WebUIKeywordMain.stepFailed(WebUIKeywordMain.groovy:64)
	at com.kms.katalon.core.webui.keyword.builtin.VerifyElementPresentKeyword$_verifyElementPresent_closure1.doCall(VerifyElementPresentKeyword.groovy:85)
	at com.kms.katalon.core.webui.keyword.builtin.VerifyElementPresentKeyword$_verifyElementPresent_closure1.call(VerifyElementPresentKeyword.groovy)
	at com.kms.katalon.core.webui.keyword.internal.WebUIKeywordMain.runKeyword(WebUIKeywordMain.groovy:20)
	... 22 more
"/>
         <system-out><![CDATA[2024-08-04 13:10:37 - [TEST_CASE][FAILED] - Test Cases/PM/Hwauei/TopX/2G TopX/XPLMN/TopX 2G PLMN DailyBH: Test Cases/PM/Hwauei/TopX/2G TopX/XPLMN/TopX 2G PLMN DailyBH FAILED.
Reason:
com.kms.katalon.core.exception.StepFailedException: Unable to verify object 'Object Repository/PM/Huawei-vendor/Chart' is present
	at com.kms.katalon.core.webui.keyword.internal.WebUIKeywordMain.stepFailed(WebUIKeywordMain.groovy:64)
	at com.kms.katalon.core.webui.keyword.internal.WebUIKeywordMain.runKeyword(WebUIKeywordMain.groovy:26)
	at com.kms.katalon.core.webui.keyword.builtin.VerifyElementPresentKeyword.verifyElementPresent(VerifyElementPresentKeyword.groovy:92)
	at com.kms.katalon.core.webui.keyword.builtin.VerifyElementPresentKeyword.execute(VerifyElementPresentKeyword.groovy:68)
	at com.kms.katalon.core.keyword.internal.KeywordExecutor.executeKeywordForPlatform(KeywordExecutor.groovy:74)
	at com.kms.katalon.core.webui.keyword.WebUiBuiltInKeywords.verifyElementPresent(WebUiBuiltInKeywords.groovy:1464)
	at com.kms.katalon.core.webui.keyword.WebUiBuiltInKeywords$verifyElementPresent$6.call(Unknown Source)
	at PMHwaueiTopX.TopX(PMHwaueiTopX.groovy:1593)
	at PMHwaueiTopX.invokeMethod(PMHwaueiTopX.groovy)
	at com.kms.katalon.core.main.CustomKeywordDelegatingMetaClass.invokeStaticMethod(CustomKeywordDelegatingMetaClass.java:55)
	at TopX 2G PLMN DailyBH.run(TopX 2G PLMN DailyBH:29)
	at com.kms.katalon.core.main.ScriptEngine.run(ScriptEngine.java:194)
	at com.kms.katalon.core.main.ScriptEngine.runScriptAsRawText(ScriptEngine.java:119)
	at com.kms.katalon.core.main.TestCaseExecutor.runScript(TestCaseExecutor.java:448)
	at com.kms.katalon.core.main.TestCaseExecutor.doExecute(TestCaseExecutor.java:439)
	at com.kms.katalon.core.main.TestCaseExecutor.processExecutionPhase(TestCaseExecutor.java:418)
	at com.kms.katalon.core.main.TestCaseExecutor.accessMainPhase(TestCaseExecutor.java:410)
	at com.kms.katalon.core.main.TestCaseExecutor.execute(TestCaseExecutor.java:285)
	at com.kms.katalon.core.common.CommonExecutor.accessTestCaseMainPhase(CommonExecutor.java:65)
	at com.kms.katalon.core.main.TestSuiteExecutor.accessTestSuiteMainPhase(TestSuiteExecutor.java:148)
	at com.kms.katalon.core.main.TestSuiteExecutor.execute(TestSuiteExecutor.java:106)
	at com.kms.katalon.core.main.TestCaseMain.startTestSuite(TestCaseMain.java:187)
	at com.kms.katalon.core.main.TestCaseMain$startTestSuite$0.call(Unknown Source)
	at TempTestSuite1722766020200.run(TempTestSuite1722766020200.groovy:35)
Caused by: com.kms.katalon.core.exception.StepFailedException: com.kms.katalon.core.webui.exception.WebElementNotFoundException: Web element with id: 'Object Repository/PM/Huawei-vendor/Chart' located by '//*[@id="chart-container"]/div/app-main-chart-component[1]/div/div[2]/div[2]/div/div/div[1]/canvas' not found
	at com.kms.katalon.core.webui.keyword.internal.WebUIKeywordMain.stepFailed(WebUIKeywordMain.groovy:64)
	at com.kms.katalon.core.webui.keyword.builtin.VerifyElementPresentKeyword$_verifyElementPresent_closure1.doCall(VerifyElementPresentKeyword.groovy:85)
	at com.kms.katalon.core.webui.keyword.builtin.VerifyElementPresentKeyword$_verifyElementPresent_closure1.call(VerifyElementPresentKeyword.groovy)
	at com.kms.katalon.core.webui.keyword.internal.WebUIKeywordMain.runKeyword(WebUIKeywordMain.groovy:20)
	... 22 more


2024-08-04 13:10:38 - [TEST_STEP][PASSED] - callTestCase(findTestCase("Login"), [:], STOP_ON_FAILURE): Call Test Case 'Test Cases/Login' successfully

2024-08-04 13:10:38 - [TEST_CASE][PASSED] - Test Cases/Login: Test Cases/Login

2024-08-04 13:10:38 - [TEST_STEP][PASSED] - driver = general.start(SwagerURL, NetCellURL): general.start is PASSED

2024-08-04 13:10:38 - [MESSAGE][INFO] - >>> chromeDriverPath=C:\Users\FatimaIbeid\.katalon\packages\Katalon_Studio_Windows_64-8.6.9\Katalon_Studio_Windows_64-8.6.9\configuration\resources\drivers\chromedriver_win32\chromedriver.exe

2024-08-04 13:10:39 - [MESSAGE][PASSED] - Current window maximized

2024-08-04 13:10:40 - [MESSAGE][PASSED] - Execute JavaScript 'window.open();' successfully

2024-08-04 13:10:40 - [MESSAGE][PASSED] - Switched to window with index: '1'

2024-08-04 13:10:40 - [MESSAGE][PASSED] - general.start is PASSED

2024-08-04 13:10:40 - [TEST_STEP][PASSED] - click(findTestObject("Object Repository/Login/LoginButton")): Object: 'Object Repository/Login/LoginButton' is clicked on

2024-08-04 13:10:51 - [MESSAGE][PASSED] - Object: 'Object Repository/Login/LoginButton' is clicked on

2024-08-04 13:10:51 - [TEST_STEP][PASSED] - switchToWindowIndex(2): Switched to window with index: '2'

2024-08-04 13:10:52 - [MESSAGE][PASSED] - Switched to window with index: '2'

2024-08-04 13:10:52 - [TEST_STEP][PASSED] - delay(1): Delayed 1 second(s)

2024-08-04 13:10:53 - [MESSAGE][PASSED] - Delayed 1 second(s)

2024-08-04 13:10:53 - [TEST_STEP][PASSED] - sendKeys(findTestObject("Object Repository/Login/EnterEmail"), "homam@zztjg.onmicrosoft.com"): Keys 'homam@zztjg.onmicrosoft.com' sent to object: 'Object Repository/Login/EnterEmail'

2024-08-04 13:10:53 - [MESSAGE][PASSED] - Keys 'homam@zztjg.onmicrosoft.com' sent to object: 'Object Repository/Login/EnterEmail'

2024-08-04 13:10:53 - [TEST_STEP][PASSED] - delay(1): Delayed 1 second(s)

2024-08-04 13:10:54 - [MESSAGE][PASSED] - Delayed 1 second(s)

2024-08-04 13:10:54 - [TEST_STEP][PASSED] - click(findTestObject("Object Repository/Login/NextButton")): Object: 'Object Repository/Login/NextButton' is clicked on

2024-08-04 13:10:55 - [MESSAGE][PASSED] - Object: 'Object Repository/Login/NextButton' is clicked on

2024-08-04 13:10:55 - [TEST_STEP][PASSED] - delay(2): Delayed 2 second(s)

2024-08-04 13:10:57 - [MESSAGE][PASSED] - Delayed 2 second(s)

2024-08-04 13:10:57 - [TEST_STEP][PASSED] - sendKeys(findTestObject("Object Repository/Login/EnterPassword"), "Holder12345"): Keys 'Holder12345' sent to object: 'Object Repository/Login/EnterPassword'

2024-08-04 13:10:57 - [MESSAGE][PASSED] - Keys 'Holder12345' sent to object: 'Object Repository/Login/EnterPassword'

2024-08-04 13:10:57 - [TEST_STEP][PASSED] - delay(1): Delayed 1 second(s)

2024-08-04 13:10:58 - [MESSAGE][PASSED] - Delayed 1 second(s)

2024-08-04 13:10:58 - [TEST_STEP][PASSED] - click(findTestObject("Object Repository/Login/SigninButton")): Object: 'Object Repository/Login/SigninButton' is clicked on

2024-08-04 13:10:59 - [MESSAGE][PASSED] - Object: 'Object Repository/Login/SigninButton' is clicked on

2024-08-04 13:10:59 - [TEST_STEP][PASSED] - delay(1): Delayed 1 second(s)

2024-08-04 13:11:00 - [MESSAGE][PASSED] - Delayed 1 second(s)

2024-08-04 13:11:00 - [TEST_STEP][PASSED] - click(findTestObject("Object Repository/Login/YesStayInButton")): Object: 'Object Repository/Login/YesStayInButton' is clicked on

2024-08-04 13:11:00 - [MESSAGE][PASSED] - Object: 'Object Repository/Login/YesStayInButton' is clicked on

2024-08-04 13:11:00 - [MESSAGE][PASSED] - Call Test Case 'Test Cases/Login' successfully

2024-08-04 13:11:00 - [TEST_STEP][PASSED] - switchToWindowIndex(1): Switched to window with index: '1'

2024-08-04 13:11:00 - [MESSAGE][PASSED] - Switched to window with index: '1'

2024-08-04 13:11:00 - [TEST_STEP][FAILED] - PMHwaueiTopX.TopX("2G", "PLMN", false, "DailyBH", false, null): Unable to verify object 'Object Repository/PM/Huawei-vendor/Chart' is present

2024-08-04 13:11:01 - [MESSAGE][PASSED] - Object: 'Object Repository/PM/PM-Button' is clicked on

2024-08-04 13:11:01 - [MESSAGE][PASSED] - Switched to window with index: '2'

2024-08-04 13:11:03 - [MESSAGE][PASSED] - Object: 'Object Repository/PM/Huawei-vendor/Data-view/TopX' is clicked on

2024-08-04 13:11:03 - [MESSAGE][PASSED] - Object: 'Object Repository/PM/Huawei-vendor/Technology/Technology-Arrow' is clicked on

2024-08-04 13:11:04 - [MESSAGE][PASSED] - Object: 'Object Repository/PM/Huawei-vendor/Technology/2G' is clicked on

2024-08-04 13:11:04 - [MESSAGE][PASSED] - Object: 'Object Repository/PM/Huawei-vendor/TopX/TopX Object Type' is clicked on

2024-08-04 13:11:05 - [MESSAGE][PASSED] - Delayed 1 second(s)

2024-08-04 13:11:05 - [MESSAGE][PASSED] - Object: 'Object Repository/PM/Huawei-vendor/Object-Type/TopX Object Types/TopX PLMNs/TopX PLMN' is clicked on

2024-08-04 13:11:06 - [MESSAGE][PASSED] - Delayed 1 second(s)

2024-08-04 13:11:06 - [MESSAGE][PASSED] - Object: 'Object Repository/PM/Huawei-vendor/Object-Type/TopX Object Types/TopX PLMNs/TopX PLMN checkbox' is clicked on

2024-08-04 13:11:06 - [MESSAGE][WARNING] - Timeout '0' is invalid. Using default page load timeout: '120'

2024-08-04 13:11:06 - [MESSAGE][PASSED] - Scroll to object 'Object Repository/PM/Huawei-vendor/LowXlabel' successfully

2024-08-04 13:11:06 - [MESSAGE][PASSED] - Object: 'Object Repository/PM/Huawei-vendor/Resolution Temp/Select Resolution temp' is clicked on

2024-08-04 13:11:07 - [MESSAGE][PASSED] - Object: 'Object Repository/PM/Huawei-vendor/Resolution Temp/Resolution Temp DailyBH' is clicked on

2024-08-04 13:11:07 - [MESSAGE][PASSED] - Object: 'Object Repository/PM/Huawei-vendor/TopX/TopXDate/BeforeDate' is clicked on

2024-08-04 13:11:08 - [MESSAGE][PASSED] - Delayed 1 second(s)

2024-08-04 13:11:08 - [MESSAGE][PASSED] - Object: 'Object Repository/PM/Huawei-vendor/TopX/TopXDate/Choose Month' is clicked on

2024-08-04 13:11:09 - [MESSAGE][PASSED] - Delayed 1 second(s)

2024-08-04 13:11:09 - [MESSAGE][PASSED] - Object: 'Object Repository/PM/Huawei-vendor/TopX/TopXDate/Feb' is clicked on

2024-08-04 13:11:09 - [MESSAGE][PASSED] - Object: 'Object Repository/PM/Huawei-vendor/TopX/TopXDate/Day 1' is clicked on

2024-08-04 13:11:09 - [MESSAGE][PASSED] - Object: 'Object Repository/PM/Huawei-vendor/TopX/TopXDate/Button OK' is clicked on

2024-08-04 13:11:10 - [MESSAGE][PASSED] - Object: 'Object Repository/PM/Huawei-vendor/TopX/TopXDate/After Date' is clicked on

2024-08-04 13:11:11 - [MESSAGE][PASSED] - Delayed 1 second(s)

2024-08-04 13:11:11 - [MESSAGE][PASSED] - Object: 'Object Repository/PM/Huawei-vendor/TopX/TopXDate/Choose Month' is clicked on

2024-08-04 13:11:12 - [MESSAGE][PASSED] - Delayed 1 second(s)

2024-08-04 13:11:12 - [MESSAGE][PASSED] - Object: 'Object Repository/PM/Huawei-vendor/TopX/TopXDate/Feb' is clicked on

2024-08-04 13:11:12 - [MESSAGE][PASSED] - Object: 'Object Repository/PM/Huawei-vendor/TopX/TopXDate/Day 7' is clicked on

2024-08-04 13:11:12 - [MESSAGE][PASSED] - Object: 'Object Repository/PM/Huawei-vendor/TopX/TopXDate/Button OK' is clicked on

2024-08-04 13:11:13 - [MESSAGE][PASSED] - Object: 'Object Repository/PM/Huawei-vendor/Apply-Button' is clicked on

2024-08-04 13:11:13 - [MESSAGE][WARNING] - Timeout '0' is invalid. Using default page load timeout: '120'

2024-08-04 13:11:13 - [MESSAGE][PASSED] - Web element with id: 'Object Repository/PM/Huawei-vendor/Error' located by 'By.xpath: //div[@class='toast-summary title-medium-m']' is not present after '120' second(s)

2024-08-04 13:11:13 - [MESSAGE][WARNING] - Timeout '0' is invalid. Using default page load timeout: '120'

2024-08-04 13:13:14 - [MESSAGE][INFO] - Unable to find the element located by 'By.xpath: //*[@id="chart-container"]/div/app-main-chart-component[1]/div/div[2]/div[2]/div/div/div[1]/canvas'. Please recheck the objects properties to make sure the desired element is located. 

2024-08-04 13:13:14 - [MESSAGE][FAILED] - com.kms.katalon.core.webui.exception.WebElementNotFoundException: Web element with id: 'Object Repository/PM/Huawei-vendor/Chart' located by '//*[@id="chart-container"]/div/app-main-chart-component[1]/div/div[2]/div[2]/div/div/div[1]/canvas' not found (Root cause: com.kms.katalon.core.exception.StepFailedException: com.kms.katalon.core.webui.exception.WebElementNotFoundException: Web element with id: 'Object Repository/PM/Huawei-vendor/Chart' located by '//*[@id="chart-container"]/div/app-main-chart-component[1]/div/div[2]/div[2]/div/div/div[1]/canvas' not found
	at com.kms.katalon.core.webui.keyword.internal.WebUIKeywordMain.stepFailed(WebUIKeywordMain.groovy:64)
	at com.kms.katalon.core.webui.keyword.builtin.VerifyElementPresentKeyword$_verifyElementPresent_closure1.doCall(VerifyElementPresentKeyword.groovy:85)
	at com.kms.katalon.core.webui.keyword.builtin.VerifyElementPresentKeyword$_verifyElementPresent_closure1.call(VerifyElementPresentKeyword.groovy)
	at com.kms.katalon.core.webui.keyword.internal.WebUIKeywordMain.runKeyword(WebUIKeywordMain.groovy:20)
	at com.kms.katalon.core.webui.keyword.builtin.VerifyElementPresentKeyword.verifyElementPresent(VerifyElementPresentKeyword.groovy:92)
	at com.kms.katalon.core.webui.keyword.builtin.VerifyElementPresentKeyword.execute(VerifyElementPresentKeyword.groovy:68)
	at com.kms.katalon.core.keyword.internal.KeywordExecutor.executeKeywordForPlatform(KeywordExecutor.groovy:74)
	at com.kms.katalon.core.webui.keyword.WebUiBuiltInKeywords.verifyElementPresent(WebUiBuiltInKeywords.groovy:1464)
	at com.kms.katalon.core.webui.keyword.WebUiBuiltInKeywords$verifyElementPresent$6.call(Unknown Source)
	at PMHwaueiTopX.TopX(PMHwaueiTopX.groovy:1593)
	at PMHwaueiTopX.invokeMethod(PMHwaueiTopX.groovy)
	at com.kms.katalon.core.main.CustomKeywordDelegatingMetaClass.invokeStaticMethod(CustomKeywordDelegatingMetaClass.java:55)
	at TopX 2G PLMN DailyBH.run(TopX 2G PLMN DailyBH:29)
	at com.kms.katalon.core.main.ScriptEngine.run(ScriptEngine.java:194)
	at com.kms.katalon.core.main.ScriptEngine.runScriptAsRawText(ScriptEngine.java:119)
	at com.kms.katalon.core.main.TestCaseExecutor.runScript(TestCaseExecutor.java:448)
	at com.kms.katalon.core.main.TestCaseExecutor.doExecute(TestCaseExecutor.java:439)
	at com.kms.katalon.core.main.TestCaseExecutor.processExecutionPhase(TestCaseExecutor.java:418)
	at com.kms.katalon.core.main.TestCaseExecutor.accessMainPhase(TestCaseExecutor.java:410)
	at com.kms.katalon.core.main.TestCaseExecutor.execute(TestCaseExecutor.java:285)
	at com.kms.katalon.core.common.CommonExecutor.accessTestCaseMainPhase(CommonExecutor.java:65)
	at com.kms.katalon.core.main.TestSuiteExecutor.accessTestSuiteMainPhase(TestSuiteExecutor.java:148)
	at com.kms.katalon.core.main.TestSuiteExecutor.execute(TestSuiteExecutor.java:106)
	at com.kms.katalon.core.main.TestCaseMain.startTestSuite(TestCaseMain.java:187)
	at com.kms.katalon.core.main.TestCaseMain$startTestSuite$0.call(Unknown Source)
	at TempTestSuite1722766020200.run(TempTestSuite1722766020200.groovy:35)
)
[[ATTACHMENT|C:\\Users\\FatimaIbeid\\git\\NetCell\\Reports\\20240804_130700\\PM\\Hwauei\\TopX\\Regression TopX 2G\\20240804_130700\\1722766394379.png]]

2024-08-04 13:13:14 - [MESSAGE][FAILED] - Unable to verify object 'Object Repository/PM/Huawei-vendor/Chart' is present (Root cause: com.kms.katalon.core.exception.StepFailedException: Unable to verify object 'Object Repository/PM/Huawei-vendor/Chart' is present
	at com.kms.katalon.core.webui.keyword.internal.WebUIKeywordMain.stepFailed(WebUIKeywordMain.groovy:64)
	at com.kms.katalon.core.webui.keyword.internal.WebUIKeywordMain.runKeyword(WebUIKeywordMain.groovy:26)
	at com.kms.katalon.core.webui.keyword.builtin.VerifyElementPresentKeyword.verifyElementPresent(VerifyElementPresentKeyword.groovy:92)
	at com.kms.katalon.core.webui.keyword.builtin.VerifyElementPresentKeyword.execute(VerifyElementPresentKeyword.groovy:68)
	at com.kms.katalon.core.keyword.internal.KeywordExecutor.executeKeywordForPlatform(KeywordExecutor.groovy:74)
	at com.kms.katalon.core.webui.keyword.WebUiBuiltInKeywords.verifyElementPresent(WebUiBuiltInKeywords.groovy:1464)
	at com.kms.katalon.core.webui.keyword.WebUiBuiltInKeywords$verifyElementPresent$6.call(Unknown Source)
	at PMHwaueiTopX.TopX(PMHwaueiTopX.groovy:1593)
	at PMHwaueiTopX.invokeMethod(PMHwaueiTopX.groovy)
	at com.kms.katalon.core.main.CustomKeywordDelegatingMetaClass.invokeStaticMethod(CustomKeywordDelegatingMetaClass.java:55)
	at TopX 2G PLMN DailyBH.run(TopX 2G PLMN DailyBH:29)
	at com.kms.katalon.core.main.ScriptEngine.run(ScriptEngine.java:194)
	at com.kms.katalon.core.main.ScriptEngine.runScriptAsRawText(ScriptEngine.java:119)
	at com.kms.katalon.core.main.TestCaseExecutor.runScript(TestCaseExecutor.java:448)
	at com.kms.katalon.core.main.TestCaseExecutor.doExecute(TestCaseExecutor.java:439)
	at com.kms.katalon.core.main.TestCaseExecutor.processExecutionPhase(TestCaseExecutor.java:418)
	at com.kms.katalon.core.main.TestCaseExecutor.accessMainPhase(TestCaseExecutor.java:410)
	at com.kms.katalon.core.main.TestCaseExecutor.execute(TestCaseExecutor.java:285)
	at com.kms.katalon.core.common.CommonExecutor.accessTestCaseMainPhase(CommonExecutor.java:65)
	at com.kms.katalon.core.main.TestSuiteExecutor.accessTestSuiteMainPhase(TestSuiteExecutor.java:148)
	at com.kms.katalon.core.main.TestSuiteExecutor.execute(TestSuiteExecutor.java:106)
	at com.kms.katalon.core.main.TestCaseMain.startTestSuite(TestCaseMain.java:187)
	at com.kms.katalon.core.main.TestCaseMain$startTestSuite$0.call(Unknown Source)
	at TempTestSuite1722766020200.run(TempTestSuite1722766020200.groovy:35)
Caused by: com.kms.katalon.core.exception.StepFailedException: com.kms.katalon.core.webui.exception.WebElementNotFoundException: Web element with id: 'Object Repository/PM/Huawei-vendor/Chart' located by '//*[@id="chart-container"]/div/app-main-chart-component[1]/div/div[2]/div[2]/div/div/div[1]/canvas' not found
	at com.kms.katalon.core.webui.keyword.internal.WebUIKeywordMain.stepFailed(WebUIKeywordMain.groovy:64)
	at com.kms.katalon.core.webui.keyword.builtin.VerifyElementPresentKeyword$_verifyElementPresent_closure1.doCall(VerifyElementPresentKeyword.groovy:85)
	at com.kms.katalon.core.webui.keyword.builtin.VerifyElementPresentKeyword$_verifyElementPresent_closure1.call(VerifyElementPresentKeyword.groovy)
	at com.kms.katalon.core.webui.keyword.internal.WebUIKeywordMain.runKeyword(WebUIKeywordMain.groovy:20)
	... 22 more
)
[[ATTACHMENT|C:\\Users\\FatimaIbeid\\git\\NetCell\\Reports\\20240804_130700\\PM\\Hwauei\\TopX\\Regression TopX 2G\\20240804_130700\\1722766394510.png]]

2024-08-04 13:13:14 - [MESSAGE][FAILED] - Unable to verify object 'Object Repository/PM/Huawei-vendor/Chart' is present]]></system-out>
         <system-err><![CDATA[2024-08-04 13:10:37 - [TEST_CASE][FAILED] - Test Cases/PM/Hwauei/TopX/2G TopX/XPLMN/TopX 2G PLMN DailyBH: Test Cases/PM/Hwauei/TopX/2G TopX/XPLMN/TopX 2G PLMN DailyBH FAILED.
Reason:
com.kms.katalon.core.exception.StepFailedException: Unable to verify object 'Object Repository/PM/Huawei-vendor/Chart' is present
	at com.kms.katalon.core.webui.keyword.internal.WebUIKeywordMain.stepFailed(WebUIKeywordMain.groovy:64)
	at com.kms.katalon.core.webui.keyword.internal.WebUIKeywordMain.runKeyword(WebUIKeywordMain.groovy:26)
	at com.kms.katalon.core.webui.keyword.builtin.VerifyElementPresentKeyword.verifyElementPresent(VerifyElementPresentKeyword.groovy:92)
	at com.kms.katalon.core.webui.keyword.builtin.VerifyElementPresentKeyword.execute(VerifyElementPresentKeyword.groovy:68)
	at com.kms.katalon.core.keyword.internal.KeywordExecutor.executeKeywordForPlatform(KeywordExecutor.groovy:74)
	at com.kms.katalon.core.webui.keyword.WebUiBuiltInKeywords.verifyElementPresent(WebUiBuiltInKeywords.groovy:1464)
	at com.kms.katalon.core.webui.keyword.WebUiBuiltInKeywords$verifyElementPresent$6.call(Unknown Source)
	at PMHwaueiTopX.TopX(PMHwaueiTopX.groovy:1593)
	at PMHwaueiTopX.invokeMethod(PMHwaueiTopX.groovy)
	at com.kms.katalon.core.main.CustomKeywordDelegatingMetaClass.invokeStaticMethod(CustomKeywordDelegatingMetaClass.java:55)
	at TopX 2G PLMN DailyBH.run(TopX 2G PLMN DailyBH:29)
	at com.kms.katalon.core.main.ScriptEngine.run(ScriptEngine.java:194)
	at com.kms.katalon.core.main.ScriptEngine.runScriptAsRawText(ScriptEngine.java:119)
	at com.kms.katalon.core.main.TestCaseExecutor.runScript(TestCaseExecutor.java:448)
	at com.kms.katalon.core.main.TestCaseExecutor.doExecute(TestCaseExecutor.java:439)
	at com.kms.katalon.core.main.TestCaseExecutor.processExecutionPhase(TestCaseExecutor.java:418)
	at com.kms.katalon.core.main.TestCaseExecutor.accessMainPhase(TestCaseExecutor.java:410)
	at com.kms.katalon.core.main.TestCaseExecutor.execute(TestCaseExecutor.java:285)
	at com.kms.katalon.core.common.CommonExecutor.accessTestCaseMainPhase(CommonExecutor.java:65)
	at com.kms.katalon.core.main.TestSuiteExecutor.accessTestSuiteMainPhase(TestSuiteExecutor.java:148)
	at com.kms.katalon.core.main.TestSuiteExecutor.execute(TestSuiteExecutor.java:106)
	at com.kms.katalon.core.main.TestCaseMain.startTestSuite(TestCaseMain.java:187)
	at com.kms.katalon.core.main.TestCaseMain$startTestSuite$0.call(Unknown Source)
	at TempTestSuite1722766020200.run(TempTestSuite1722766020200.groovy:35)
Caused by: com.kms.katalon.core.exception.StepFailedException: com.kms.katalon.core.webui.exception.WebElementNotFoundException: Web element with id: 'Object Repository/PM/Huawei-vendor/Chart' located by '//*[@id="chart-container"]/div/app-main-chart-component[1]/div/div[2]/div[2]/div/div/div[1]/canvas' not found
	at com.kms.katalon.core.webui.keyword.internal.WebUIKeywordMain.stepFailed(WebUIKeywordMain.groovy:64)
	at com.kms.katalon.core.webui.keyword.builtin.VerifyElementPresentKeyword$_verifyElementPresent_closure1.doCall(VerifyElementPresentKeyword.groovy:85)
	at com.kms.katalon.core.webui.keyword.builtin.VerifyElementPresentKeyword$_verifyElementPresent_closure1.call(VerifyElementPresentKeyword.groovy)
	at com.kms.katalon.core.webui.keyword.internal.WebUIKeywordMain.runKeyword(WebUIKeywordMain.groovy:20)
	... 22 more]]></system-err>
      </testcase>
      <testcase name="Test Cases/PM/Hwauei/TopX/2G TopX/XRegion/TopX 2G Region default" time="50.924" classname="Test Cases/PM/Hwauei/TopX/2G TopX/XRegion/TopX 2G Region default" status="PASSED">
         <system-out><![CDATA[2024-08-04 13:13:14 - [TEST_CASE][PASSED] - Test Cases/PM/Hwauei/TopX/2G TopX/XRegion/TopX 2G Region default: Test Cases/PM/Hwauei/TopX/2G TopX/XRegion/TopX 2G Region default

2024-08-04 13:13:14 - [TEST_STEP][PASSED] - callTestCase(findTestCase("Login"), [:], STOP_ON_FAILURE): Call Test Case 'Test Cases/Login' successfully

2024-08-04 13:13:14 - [TEST_CASE][PASSED] - Test Cases/Login: Test Cases/Login

2024-08-04 13:13:14 - [TEST_STEP][PASSED] - driver = general.start(SwagerURL, NetCellURL): general.start is PASSED

2024-08-04 13:13:14 - [MESSAGE][INFO] - >>> chromeDriverPath=C:\Users\FatimaIbeid\.katalon\packages\Katalon_Studio_Windows_64-8.6.9\Katalon_Studio_Windows_64-8.6.9\configuration\resources\drivers\chromedriver_win32\chromedriver.exe

2024-08-04 13:13:16 - [MESSAGE][PASSED] - Current window maximized

2024-08-04 13:13:16 - [MESSAGE][PASSED] - Execute JavaScript 'window.open();' successfully

2024-08-04 13:13:16 - [MESSAGE][PASSED] - Switched to window with index: '1'

2024-08-04 13:13:28 - [MESSAGE][PASSED] - general.start is PASSED

2024-08-04 13:13:28 - [TEST_STEP][PASSED] - click(findTestObject("Object Repository/Login/LoginButton")): Object: 'Object Repository/Login/LoginButton' is clicked on

2024-08-04 13:13:29 - [MESSAGE][PASSED] - Object: 'Object Repository/Login/LoginButton' is clicked on

2024-08-04 13:13:29 - [TEST_STEP][PASSED] - switchToWindowIndex(2): Switched to window with index: '2'

2024-08-04 13:13:29 - [MESSAGE][PASSED] - Switched to window with index: '2'

2024-08-04 13:13:29 - [TEST_STEP][PASSED] - delay(1): Delayed 1 second(s)

2024-08-04 13:13:30 - [MESSAGE][PASSED] - Delayed 1 second(s)

2024-08-04 13:13:30 - [TEST_STEP][PASSED] - sendKeys(findTestObject("Object Repository/Login/EnterEmail"), "homam@zztjg.onmicrosoft.com"): Keys 'homam@zztjg.onmicrosoft.com' sent to object: 'Object Repository/Login/EnterEmail'

2024-08-04 13:13:31 - [MESSAGE][PASSED] - Keys 'homam@zztjg.onmicrosoft.com' sent to object: 'Object Repository/Login/EnterEmail'

2024-08-04 13:13:31 - [TEST_STEP][PASSED] - delay(1): Delayed 1 second(s)

2024-08-04 13:13:32 - [MESSAGE][PASSED] - Delayed 1 second(s)

2024-08-04 13:13:32 - [TEST_STEP][PASSED] - click(findTestObject("Object Repository/Login/NextButton")): Object: 'Object Repository/Login/NextButton' is clicked on

2024-08-04 13:13:32 - [MESSAGE][PASSED] - Object: 'Object Repository/Login/NextButton' is clicked on

2024-08-04 13:13:32 - [TEST_STEP][PASSED] - delay(2): Delayed 2 second(s)

2024-08-04 13:13:34 - [MESSAGE][PASSED] - Delayed 2 second(s)

2024-08-04 13:13:34 - [TEST_STEP][PASSED] - sendKeys(findTestObject("Object Repository/Login/EnterPassword"), "Holder12345"): Keys 'Holder12345' sent to object: 'Object Repository/Login/EnterPassword'

2024-08-04 13:13:34 - [MESSAGE][PASSED] - Keys 'Holder12345' sent to object: 'Object Repository/Login/EnterPassword'

2024-08-04 13:13:34 - [TEST_STEP][PASSED] - delay(1): Delayed 1 second(s)

2024-08-04 13:13:35 - [MESSAGE][PASSED] - Delayed 1 second(s)

2024-08-04 13:13:35 - [TEST_STEP][PASSED] - click(findTestObject("Object Repository/Login/SigninButton")): Object: 'Object Repository/Login/SigninButton' is clicked on

2024-08-04 13:13:36 - [MESSAGE][PASSED] - Object: 'Object Repository/Login/SigninButton' is clicked on

2024-08-04 13:13:36 - [TEST_STEP][PASSED] - delay(1): Delayed 1 second(s)

2024-08-04 13:13:37 - [MESSAGE][PASSED] - Delayed 1 second(s)

2024-08-04 13:13:37 - [TEST_STEP][PASSED] - click(findTestObject("Object Repository/Login/YesStayInButton")): Object: 'Object Repository/Login/YesStayInButton' is clicked on

2024-08-04 13:13:38 - [MESSAGE][PASSED] - Object: 'Object Repository/Login/YesStayInButton' is clicked on

2024-08-04 13:13:38 - [MESSAGE][PASSED] - Call Test Case 'Test Cases/Login' successfully

2024-08-04 13:13:38 - [TEST_STEP][PASSED] - switchToWindowIndex(1): Switched to window with index: '1'

2024-08-04 13:13:38 - [MESSAGE][PASSED] - Switched to window with index: '1'

2024-08-04 13:13:38 - [TEST_STEP][PASSED] - PMHwaueiTopX.TopX("2G", "Region", false, "Hourly", false, null): PMHwaueiTopX.TopX is PASSED

2024-08-04 13:13:39 - [MESSAGE][PASSED] - Object: 'Object Repository/PM/PM-Button' is clicked on

2024-08-04 13:13:39 - [MESSAGE][PASSED] - Switched to window with index: '2'

2024-08-04 13:13:51 - [MESSAGE][PASSED] - Object: 'Object Repository/PM/Huawei-vendor/Data-view/TopX' is clicked on

2024-08-04 13:13:51 - [MESSAGE][PASSED] - Object: 'Object Repository/PM/Huawei-vendor/Technology/Technology-Arrow' is clicked on

2024-08-04 13:13:51 - [MESSAGE][PASSED] - Object: 'Object Repository/PM/Huawei-vendor/Technology/2G' is clicked on

2024-08-04 13:13:51 - [MESSAGE][PASSED] - Object: 'Object Repository/PM/Huawei-vendor/TopX/TopX Object Type' is clicked on

2024-08-04 13:13:52 - [MESSAGE][PASSED] - Delayed 1 second(s)

2024-08-04 13:13:52 - [MESSAGE][PASSED] - Object: 'Object Repository/PM/Huawei-vendor/Object-Type/TopX Object Types/TopX Regions/TopX Region' is clicked on

2024-08-04 13:13:53 - [MESSAGE][PASSED] - Delayed 1 second(s)

2024-08-04 13:13:53 - [MESSAGE][WARNING] - Timeout '0' is invalid. Using default page load timeout: '120'

2024-08-04 13:13:53 - [MESSAGE][PASSED] - Scroll to object 'Object Repository/PM/Huawei-vendor/Object Border' successfully

2024-08-04 13:13:54 - [MESSAGE][PASSED] - Object: 'Object Repository/PM/Huawei-vendor/Object-Type/TopX Object Types/TopX Regions/TopX Region East Amman' is clicked on

2024-08-04 13:13:54 - [MESSAGE][PASSED] - Object: 'Object Repository/PM/Huawei-vendor/Object-Type/TopX Object Types/TopX Regions/TopX Region West Amman' is clicked on

2024-08-04 13:13:54 - [MESSAGE][PASSED] - Object: 'Object Repository/PM/Huawei-vendor/Object-Type/TopX Object Types/TopX Regions/TopX Region South Jordan' is clicked on

2024-08-04 13:13:54 - [MESSAGE][PASSED] - Object: 'Object Repository/PM/Huawei-vendor/Object-Type/TopX Object Types/TopX Regions/TopX Region North Jordan' is clicked on

2024-08-04 13:13:54 - [MESSAGE][WARNING] - Timeout '0' is invalid. Using default page load timeout: '120'

2024-08-04 13:13:54 - [MESSAGE][PASSED] - Scroll to object 'Object Repository/PM/Huawei-vendor/LowXlabel' successfully

2024-08-04 13:13:54 - [MESSAGE][PASSED] - Object: 'Object Repository/PM/Huawei-vendor/TopX/TopXDate/BeforeDate' is clicked on

2024-08-04 13:13:55 - [MESSAGE][PASSED] - Delayed 1 second(s)

2024-08-04 13:13:55 - [MESSAGE][PASSED] - Object: 'Object Repository/PM/Huawei-vendor/TopX/TopXDate/Choose Month' is clicked on

2024-08-04 13:13:56 - [MESSAGE][PASSED] - Delayed 1 second(s)

2024-08-04 13:13:57 - [MESSAGE][PASSED] - Object: 'Object Repository/PM/Huawei-vendor/TopX/TopXDate/Feb' is clicked on

2024-08-04 13:13:57 - [MESSAGE][PASSED] - Object: 'Object Repository/PM/Huawei-vendor/TopX/TopXDate/Day 1' is clicked on

2024-08-04 13:13:57 - [MESSAGE][PASSED] - Object: 'Object Repository/PM/Huawei-vendor/TopX/TopXDate/Button OK' is clicked on

2024-08-04 13:13:57 - [MESSAGE][PASSED] - Object: 'Object Repository/PM/Huawei-vendor/TopX/TopXDate/After Date' is clicked on

2024-08-04 13:13:58 - [MESSAGE][PASSED] - Delayed 1 second(s)

2024-08-04 13:13:58 - [MESSAGE][PASSED] - Object: 'Object Repository/PM/Huawei-vendor/TopX/TopXDate/Choose Month' is clicked on

2024-08-04 13:14:00 - [MESSAGE][PASSED] - Delayed 1 second(s)

2024-08-04 13:14:00 - [MESSAGE][PASSED] - Object: 'Object Repository/PM/Huawei-vendor/TopX/TopXDate/Feb' is clicked on

2024-08-04 13:14:00 - [MESSAGE][PASSED] - Object: 'Object Repository/PM/Huawei-vendor/TopX/TopXDate/Day 7' is clicked on

2024-08-04 13:14:00 - [MESSAGE][PASSED] - Object: 'Object Repository/PM/Huawei-vendor/TopX/TopXDate/Button OK' is clicked on

2024-08-04 13:14:00 - [MESSAGE][PASSED] - Object: 'Object Repository/PM/Huawei-vendor/Apply-Button' is clicked on

2024-08-04 13:14:00 - [MESSAGE][WARNING] - Timeout '0' is invalid. Using default page load timeout: '120'

2024-08-04 13:14:00 - [MESSAGE][PASSED] - Web element with id: 'Object Repository/PM/Huawei-vendor/Error' located by 'By.xpath: //div[@class='toast-summary title-medium-m']' is not present after '120' second(s)

2024-08-04 13:14:00 - [MESSAGE][WARNING] - Timeout '0' is invalid. Using default page load timeout: '120'

2024-08-04 13:14:04 - [MESSAGE][PASSED] - Object 'Object Repository/PM/Huawei-vendor/Chart' is present

2024-08-04 13:14:04 - [MESSAGE][WARNING] - Timeout '0' is invalid. Using default page load timeout: '120'

2024-08-04 13:14:04 - [MESSAGE][PASSED] - Object 'Object Repository/PM/Huawei-vendor/TopX/TopX Export Chart' is present

2024-08-04 13:14:04 - [MESSAGE][WARNING] - Timeout '0' is invalid. Using default page load timeout: '120'

2024-08-04 13:14:04 - [MESSAGE][PASSED] - Object 'Object Repository/PM/Huawei-vendor/TopX/Table View' is present

2024-08-04 13:14:04 - [MESSAGE][PASSED] - Object: 'Object Repository/PM/Huawei-vendor/TopX/Table View' is clicked on

2024-08-04 13:14:04 - [MESSAGE][PASSED] - Object: 'Object Repository/PM/Huawei-vendor/TopX/Reordering the table view' is clicked on

2024-08-04 13:14:05 - [MESSAGE][PASSED] - Browser is closed

2024-08-04 13:14:05 - [MESSAGE][PASSED] - PMHwaueiTopX.TopX is PASSED]]></system-out>
         <system-err><![CDATA[]]></system-err>
      </testcase>
      <testcase name="Test Cases/PM/Hwauei/TopX/2G TopX/XRegion/TopX 2G Region with LowX" time="44.949" classname="Test Cases/PM/Hwauei/TopX/2G TopX/XRegion/TopX 2G Region with LowX" status="PASSED">
         <system-out><![CDATA[2024-08-04 13:14:05 - [TEST_CASE][PASSED] - Test Cases/PM/Hwauei/TopX/2G TopX/XRegion/TopX 2G Region with LowX: Test Cases/PM/Hwauei/TopX/2G TopX/XRegion/TopX 2G Region with LowX

2024-08-04 13:14:05 - [TEST_STEP][PASSED] - callTestCase(findTestCase("Login"), [:], STOP_ON_FAILURE): Call Test Case 'Test Cases/Login' successfully

2024-08-04 13:14:05 - [TEST_CASE][PASSED] - Test Cases/Login: Test Cases/Login

2024-08-04 13:14:05 - [TEST_STEP][PASSED] - driver = general.start(SwagerURL, NetCellURL): general.start is PASSED

2024-08-04 13:14:05 - [MESSAGE][INFO] - >>> chromeDriverPath=C:\Users\FatimaIbeid\.katalon\packages\Katalon_Studio_Windows_64-8.6.9\Katalon_Studio_Windows_64-8.6.9\configuration\resources\drivers\chromedriver_win32\chromedriver.exe

2024-08-04 13:14:06 - [MESSAGE][PASSED] - Current window maximized

2024-08-04 13:14:07 - [MESSAGE][PASSED] - Execute JavaScript 'window.open();' successfully

2024-08-04 13:14:07 - [MESSAGE][PASSED] - Switched to window with index: '1'

2024-08-04 13:14:19 - [MESSAGE][PASSED] - general.start is PASSED

2024-08-04 13:14:19 - [TEST_STEP][PASSED] - click(findTestObject("Object Repository/Login/LoginButton")): Object: 'Object Repository/Login/LoginButton' is clicked on

2024-08-04 13:14:19 - [MESSAGE][PASSED] - Object: 'Object Repository/Login/LoginButton' is clicked on

2024-08-04 13:14:19 - [TEST_STEP][PASSED] - switchToWindowIndex(2): Switched to window with index: '2'

2024-08-04 13:14:19 - [MESSAGE][PASSED] - Switched to window with index: '2'

2024-08-04 13:14:19 - [TEST_STEP][PASSED] - delay(1): Delayed 1 second(s)

2024-08-04 13:14:20 - [MESSAGE][PASSED] - Delayed 1 second(s)

2024-08-04 13:14:20 - [TEST_STEP][PASSED] - sendKeys(findTestObject("Object Repository/Login/EnterEmail"), "homam@zztjg.onmicrosoft.com"): Keys 'homam@zztjg.onmicrosoft.com' sent to object: 'Object Repository/Login/EnterEmail'

2024-08-04 13:14:21 - [MESSAGE][PASSED] - Keys 'homam@zztjg.onmicrosoft.com' sent to object: 'Object Repository/Login/EnterEmail'

2024-08-04 13:14:21 - [TEST_STEP][PASSED] - delay(1): Delayed 1 second(s)

2024-08-04 13:14:22 - [MESSAGE][PASSED] - Delayed 1 second(s)

2024-08-04 13:14:22 - [TEST_STEP][PASSED] - click(findTestObject("Object Repository/Login/NextButton")): Object: 'Object Repository/Login/NextButton' is clicked on

2024-08-04 13:14:22 - [MESSAGE][PASSED] - Object: 'Object Repository/Login/NextButton' is clicked on

2024-08-04 13:14:22 - [TEST_STEP][PASSED] - delay(2): Delayed 2 second(s)

2024-08-04 13:14:24 - [MESSAGE][PASSED] - Delayed 2 second(s)

2024-08-04 13:14:24 - [TEST_STEP][PASSED] - sendKeys(findTestObject("Object Repository/Login/EnterPassword"), "Holder12345"): Keys 'Holder12345' sent to object: 'Object Repository/Login/EnterPassword'

2024-08-04 13:14:25 - [MESSAGE][PASSED] - Keys 'Holder12345' sent to object: 'Object Repository/Login/EnterPassword'

2024-08-04 13:14:25 - [TEST_STEP][PASSED] - delay(1): Delayed 1 second(s)

2024-08-04 13:14:26 - [MESSAGE][PASSED] - Delayed 1 second(s)

2024-08-04 13:14:26 - [TEST_STEP][PASSED] - click(findTestObject("Object Repository/Login/SigninButton")): Object: 'Object Repository/Login/SigninButton' is clicked on

2024-08-04 13:14:27 - [MESSAGE][PASSED] - Object: 'Object Repository/Login/SigninButton' is clicked on

2024-08-04 13:14:27 - [TEST_STEP][PASSED] - delay(1): Delayed 1 second(s)

2024-08-04 13:14:28 - [MESSAGE][PASSED] - Delayed 1 second(s)

2024-08-04 13:14:28 - [TEST_STEP][PASSED] - click(findTestObject("Object Repository/Login/YesStayInButton")): Object: 'Object Repository/Login/YesStayInButton' is clicked on

2024-08-04 13:14:29 - [MESSAGE][PASSED] - Object: 'Object Repository/Login/YesStayInButton' is clicked on

2024-08-04 13:14:29 - [MESSAGE][PASSED] - Call Test Case 'Test Cases/Login' successfully

2024-08-04 13:14:29 - [TEST_STEP][PASSED] - switchToWindowIndex(1): Switched to window with index: '1'

2024-08-04 13:14:29 - [MESSAGE][PASSED] - Switched to window with index: '1'

2024-08-04 13:14:29 - [TEST_STEP][PASSED] - PMHwaueiTopX.TopX("2G", "Region", true, "Hourly", true, null): PMHwaueiTopX.TopX is PASSED

2024-08-04 13:14:30 - [MESSAGE][PASSED] - Object: 'Object Repository/PM/PM-Button' is clicked on

2024-08-04 13:14:30 - [MESSAGE][PASSED] - Switched to window with index: '2'

2024-08-04 13:14:34 - [MESSAGE][PASSED] - Object: 'Object Repository/PM/Huawei-vendor/Data-view/TopX' is clicked on

2024-08-04 13:14:35 - [MESSAGE][PASSED] - Object: 'Object Repository/PM/Huawei-vendor/Technology/Technology-Arrow' is clicked on

2024-08-04 13:14:35 - [MESSAGE][PASSED] - Object: 'Object Repository/PM/Huawei-vendor/Technology/2G' is clicked on

2024-08-04 13:14:35 - [MESSAGE][PASSED] - Object: 'Object Repository/PM/Huawei-vendor/TopX/TopX Object Type' is clicked on

2024-08-04 13:14:36 - [MESSAGE][PASSED] - Delayed 1 second(s)

2024-08-04 13:14:36 - [MESSAGE][PASSED] - Object: 'Object Repository/PM/Huawei-vendor/Object-Type/TopX Object Types/TopX Regions/TopX Region' is clicked on

2024-08-04 13:14:37 - [MESSAGE][PASSED] - Delayed 1 second(s)

2024-08-04 13:14:37 - [MESSAGE][WARNING] - Timeout '0' is invalid. Using default page load timeout: '120'

2024-08-04 13:14:37 - [MESSAGE][PASSED] - Scroll to object 'Object Repository/PM/Huawei-vendor/Object Border' successfully

2024-08-04 13:14:38 - [MESSAGE][PASSED] - Object: 'Object Repository/PM/Huawei-vendor/Object-Type/TopX Object Types/TopX Regions/TopX Region East Amman' is clicked on

2024-08-04 13:14:38 - [MESSAGE][PASSED] - Object: 'Object Repository/PM/Huawei-vendor/Object-Type/TopX Object Types/TopX Regions/TopX Region West Amman' is clicked on

2024-08-04 13:14:38 - [MESSAGE][PASSED] - Object: 'Object Repository/PM/Huawei-vendor/Object-Type/TopX Object Types/TopX Regions/TopX Region South Jordan' is clicked on

2024-08-04 13:14:38 - [MESSAGE][PASSED] - Object: 'Object Repository/PM/Huawei-vendor/Object-Type/TopX Object Types/TopX Regions/TopX Region North Jordan' is clicked on

2024-08-04 13:14:38 - [MESSAGE][PASSED] - Object: 'Object Repository/PM/Huawei-vendor/Object-Type/TopX Object Types/TopX Regions/TopX Region East Jordan' is clicked on

2024-08-04 13:14:38 - [MESSAGE][PASSED] - Object: 'Object Repository/PM/Huawei-vendor/Object-Type/TopX Object Types/TopX Regions/TopX Region Others' is clicked on

2024-08-04 13:14:38 - [MESSAGE][PASSED] - Object: 'Object Repository/PM/Huawei-vendor/Object-Type/TopX Object Types/TopX Regions/TopX Region South Amman' is clicked on

2024-08-04 13:14:38 - [MESSAGE][WARNING] - Timeout '0' is invalid. Using default page load timeout: '120'

2024-08-04 13:14:39 - [MESSAGE][PASSED] - Scroll to object 'Object Repository/PM/Huawei-vendor/LowXlabel' successfully

2024-08-04 13:14:39 - [MESSAGE][PASSED] - Object: 'Object Repository/PM/Huawei-vendor/TopX/TopXDate/BeforeDate' is clicked on

2024-08-04 13:14:40 - [MESSAGE][PASSED] - Delayed 1 second(s)

2024-08-04 13:14:40 - [MESSAGE][PASSED] - Object: 'Object Repository/PM/Huawei-vendor/TopX/TopXDate/Choose Month' is clicked on

2024-08-04 13:14:41 - [MESSAGE][PASSED] - Delayed 1 second(s)

2024-08-04 13:14:41 - [MESSAGE][PASSED] - Object: 'Object Repository/PM/Huawei-vendor/TopX/TopXDate/Feb' is clicked on

2024-08-04 13:14:41 - [MESSAGE][PASSED] - Object: 'Object Repository/PM/Huawei-vendor/TopX/TopXDate/Day 1' is clicked on

2024-08-04 13:14:41 - [MESSAGE][PASSED] - Object: 'Object Repository/PM/Huawei-vendor/TopX/TopXDate/Button OK' is clicked on

2024-08-04 13:14:42 - [MESSAGE][PASSED] - Object: 'Object Repository/PM/Huawei-vendor/TopX/TopXDate/After Date' is clicked on

2024-08-04 13:14:43 - [MESSAGE][PASSED] - Delayed 1 second(s)

2024-08-04 13:14:43 - [MESSAGE][PASSED] - Object: 'Object Repository/PM/Huawei-vendor/TopX/TopXDate/Choose Month' is clicked on

2024-08-04 13:14:44 - [MESSAGE][PASSED] - Delayed 1 second(s)

2024-08-04 13:14:44 - [MESSAGE][PASSED] - Object: 'Object Repository/PM/Huawei-vendor/TopX/TopXDate/Feb' is clicked on

2024-08-04 13:14:44 - [MESSAGE][PASSED] - Object: 'Object Repository/PM/Huawei-vendor/TopX/TopXDate/Day 7' is clicked on

2024-08-04 13:14:45 - [MESSAGE][PASSED] - Object: 'Object Repository/PM/Huawei-vendor/TopX/TopXDate/Button OK' is clicked on

2024-08-04 13:14:45 - [MESSAGE][PASSED] - Object: 'Object Repository/PM/Huawei-vendor/LowXCheckBox' is clicked on

2024-08-04 13:14:45 - [MESSAGE][PASSED] - Object: 'Object Repository/PM/Huawei-vendor/Apply-Button' is clicked on

2024-08-04 13:14:45 - [MESSAGE][WARNING] - Timeout '0' is invalid. Using default page load timeout: '120'

2024-08-04 13:14:45 - [MESSAGE][PASSED] - Web element with id: 'Object Repository/PM/Huawei-vendor/Error' located by 'By.xpath: //div[@class='toast-summary title-medium-m']' is not present after '120' second(s)

2024-08-04 13:14:45 - [MESSAGE][WARNING] - Timeout '0' is invalid. Using default page load timeout: '120'

2024-08-04 13:14:49 - [MESSAGE][PASSED] - Object 'Object Repository/PM/Huawei-vendor/Chart' is present

2024-08-04 13:14:49 - [MESSAGE][WARNING] - Timeout '0' is invalid. Using default page load timeout: '120'

2024-08-04 13:14:49 - [MESSAGE][PASSED] - Object 'Object Repository/PM/Huawei-vendor/TopX/TopX Export Chart' is present

2024-08-04 13:14:49 - [MESSAGE][WARNING] - Timeout '0' is invalid. Using default page load timeout: '120'

2024-08-04 13:14:49 - [MESSAGE][PASSED] - Object 'Object Repository/PM/Huawei-vendor/TopX/Table View' is present

2024-08-04 13:14:49 - [MESSAGE][PASSED] - Object: 'Object Repository/PM/Huawei-vendor/TopX/Table View' is clicked on

2024-08-04 13:14:49 - [MESSAGE][PASSED] - Object: 'Object Repository/PM/Huawei-vendor/TopX/Reordering the table view' is clicked on

2024-08-04 13:14:50 - [MESSAGE][PASSED] - Browser is closed

2024-08-04 13:14:50 - [MESSAGE][PASSED] - PMHwaueiTopX.TopX is PASSED]]></system-out>
         <system-err><![CDATA[]]></system-err>
      </testcase>
      <testcase name="Test Cases/PM/Hwauei/TopX/2G TopX/XRegion/TopX 2G Region Daily" time="54.961" classname="Test Cases/PM/Hwauei/TopX/2G TopX/XRegion/TopX 2G Region Daily" status="PASSED">
         <system-out><![CDATA[2024-08-04 13:14:50 - [TEST_CASE][PASSED] - Test Cases/PM/Hwauei/TopX/2G TopX/XRegion/TopX 2G Region Daily: Test Cases/PM/Hwauei/TopX/2G TopX/XRegion/TopX 2G Region Daily

2024-08-04 13:14:50 - [TEST_STEP][PASSED] - callTestCase(findTestCase("Login"), [:], STOP_ON_FAILURE): Call Test Case 'Test Cases/Login' successfully

2024-08-04 13:14:50 - [TEST_CASE][PASSED] - Test Cases/Login: Test Cases/Login

2024-08-04 13:14:50 - [TEST_STEP][PASSED] - driver = general.start(SwagerURL, NetCellURL): general.start is PASSED

2024-08-04 13:14:50 - [MESSAGE][INFO] - >>> chromeDriverPath=C:\Users\FatimaIbeid\.katalon\packages\Katalon_Studio_Windows_64-8.6.9\Katalon_Studio_Windows_64-8.6.9\configuration\resources\drivers\chromedriver_win32\chromedriver.exe

2024-08-04 13:14:52 - [MESSAGE][PASSED] - Current window maximized

2024-08-04 13:14:52 - [MESSAGE][PASSED] - Execute JavaScript 'window.open();' successfully

2024-08-04 13:14:52 - [MESSAGE][PASSED] - Switched to window with index: '1'

2024-08-04 13:15:04 - [MESSAGE][PASSED] - general.start is PASSED

2024-08-04 13:15:04 - [TEST_STEP][PASSED] - click(findTestObject("Object Repository/Login/LoginButton")): Object: 'Object Repository/Login/LoginButton' is clicked on

2024-08-04 13:15:04 - [MESSAGE][PASSED] - Object: 'Object Repository/Login/LoginButton' is clicked on

2024-08-04 13:15:04 - [TEST_STEP][PASSED] - switchToWindowIndex(2): Switched to window with index: '2'

2024-08-04 13:15:04 - [MESSAGE][PASSED] - Switched to window with index: '2'

2024-08-04 13:15:04 - [TEST_STEP][PASSED] - delay(1): Delayed 1 second(s)

2024-08-04 13:15:05 - [MESSAGE][PASSED] - Delayed 1 second(s)

2024-08-04 13:15:05 - [TEST_STEP][PASSED] - sendKeys(findTestObject("Object Repository/Login/EnterEmail"), "homam@zztjg.onmicrosoft.com"): Keys 'homam@zztjg.onmicrosoft.com' sent to object: 'Object Repository/Login/EnterEmail'

2024-08-04 13:15:06 - [MESSAGE][PASSED] - Keys 'homam@zztjg.onmicrosoft.com' sent to object: 'Object Repository/Login/EnterEmail'

2024-08-04 13:15:06 - [TEST_STEP][PASSED] - delay(1): Delayed 1 second(s)

2024-08-04 13:15:07 - [MESSAGE][PASSED] - Delayed 1 second(s)

2024-08-04 13:15:07 - [TEST_STEP][PASSED] - click(findTestObject("Object Repository/Login/NextButton")): Object: 'Object Repository/Login/NextButton' is clicked on

2024-08-04 13:15:07 - [MESSAGE][PASSED] - Object: 'Object Repository/Login/NextButton' is clicked on

2024-08-04 13:15:07 - [TEST_STEP][PASSED] - delay(2): Delayed 2 second(s)

2024-08-04 13:15:09 - [MESSAGE][PASSED] - Delayed 2 second(s)

2024-08-04 13:15:09 - [TEST_STEP][PASSED] - sendKeys(findTestObject("Object Repository/Login/EnterPassword"), "Holder12345"): Keys 'Holder12345' sent to object: 'Object Repository/Login/EnterPassword'

2024-08-04 13:15:09 - [MESSAGE][PASSED] - Keys 'Holder12345' sent to object: 'Object Repository/Login/EnterPassword'

2024-08-04 13:15:09 - [TEST_STEP][PASSED] - delay(1): Delayed 1 second(s)

2024-08-04 13:15:10 - [MESSAGE][PASSED] - Delayed 1 second(s)

2024-08-04 13:15:10 - [TEST_STEP][PASSED] - click(findTestObject("Object Repository/Login/SigninButton")): Object: 'Object Repository/Login/SigninButton' is clicked on

2024-08-04 13:15:11 - [MESSAGE][PASSED] - Object: 'Object Repository/Login/SigninButton' is clicked on

2024-08-04 13:15:11 - [TEST_STEP][PASSED] - delay(1): Delayed 1 second(s)

2024-08-04 13:15:12 - [MESSAGE][PASSED] - Delayed 1 second(s)

2024-08-04 13:15:12 - [TEST_STEP][PASSED] - click(findTestObject("Object Repository/Login/YesStayInButton")): Object: 'Object Repository/Login/YesStayInButton' is clicked on

2024-08-04 13:15:13 - [MESSAGE][PASSED] - Object: 'Object Repository/Login/YesStayInButton' is clicked on

2024-08-04 13:15:13 - [MESSAGE][PASSED] - Call Test Case 'Test Cases/Login' successfully

2024-08-04 13:15:13 - [TEST_STEP][PASSED] - switchToWindowIndex(1): Switched to window with index: '1'

2024-08-04 13:15:13 - [MESSAGE][PASSED] - Switched to window with index: '1'

2024-08-04 13:15:13 - [TEST_STEP][PASSED] - PMHwaueiTopX.TopX("2G", "Region", false, "Daily", false, null): PMHwaueiTopX.TopX is PASSED

2024-08-04 13:15:14 - [MESSAGE][PASSED] - Object: 'Object Repository/PM/PM-Button' is clicked on

2024-08-04 13:15:14 - [MESSAGE][PASSED] - Switched to window with index: '2'

2024-08-04 13:15:27 - [MESSAGE][PASSED] - Object: 'Object Repository/PM/Huawei-vendor/Data-view/TopX' is clicked on

2024-08-04 13:15:27 - [MESSAGE][PASSED] - Object: 'Object Repository/PM/Huawei-vendor/Technology/Technology-Arrow' is clicked on

2024-08-04 13:15:27 - [MESSAGE][PASSED] - Object: 'Object Repository/PM/Huawei-vendor/Technology/2G' is clicked on

2024-08-04 13:15:27 - [MESSAGE][PASSED] - Object: 'Object Repository/PM/Huawei-vendor/TopX/TopX Object Type' is clicked on

2024-08-04 13:15:28 - [MESSAGE][PASSED] - Delayed 1 second(s)

2024-08-04 13:15:28 - [MESSAGE][PASSED] - Object: 'Object Repository/PM/Huawei-vendor/Object-Type/TopX Object Types/TopX Regions/TopX Region' is clicked on

2024-08-04 13:15:29 - [MESSAGE][PASSED] - Delayed 1 second(s)

2024-08-04 13:15:30 - [MESSAGE][WARNING] - Timeout '0' is invalid. Using default page load timeout: '120'

2024-08-04 13:15:30 - [MESSAGE][PASSED] - Scroll to object 'Object Repository/PM/Huawei-vendor/Object Border' successfully

2024-08-04 13:15:30 - [MESSAGE][PASSED] - Object: 'Object Repository/PM/Huawei-vendor/Object-Type/TopX Object Types/TopX Regions/TopX Region East Amman' is clicked on

2024-08-04 13:15:30 - [MESSAGE][PASSED] - Object: 'Object Repository/PM/Huawei-vendor/Object-Type/TopX Object Types/TopX Regions/TopX Region West Amman' is clicked on

2024-08-04 13:15:30 - [MESSAGE][PASSED] - Object: 'Object Repository/PM/Huawei-vendor/Object-Type/TopX Object Types/TopX Regions/TopX Region South Jordan' is clicked on

2024-08-04 13:15:30 - [MESSAGE][PASSED] - Object: 'Object Repository/PM/Huawei-vendor/Object-Type/TopX Object Types/TopX Regions/TopX Region North Jordan' is clicked on

2024-08-04 13:15:30 - [MESSAGE][WARNING] - Timeout '0' is invalid. Using default page load timeout: '120'

2024-08-04 13:15:30 - [MESSAGE][PASSED] - Scroll to object 'Object Repository/PM/Huawei-vendor/LowXlabel' successfully

2024-08-04 13:15:30 - [MESSAGE][PASSED] - Object: 'Object Repository/PM/Huawei-vendor/Resolution Temp/Select Resolution temp' is clicked on

2024-08-04 13:15:31 - [MESSAGE][PASSED] - Object: 'Object Repository/PM/Huawei-vendor/Resolution Temp/Resolution Temp Daily' is clicked on

2024-08-04 13:15:31 - [MESSAGE][PASSED] - Object: 'Object Repository/PM/Huawei-vendor/TopX/TopXDate/BeforeDate' is clicked on

2024-08-04 13:15:32 - [MESSAGE][PASSED] - Delayed 1 second(s)

2024-08-04 13:15:32 - [MESSAGE][PASSED] - Object: 'Object Repository/PM/Huawei-vendor/TopX/TopXDate/Choose Month' is clicked on

2024-08-04 13:15:33 - [MESSAGE][PASSED] - Delayed 1 second(s)

2024-08-04 13:15:33 - [MESSAGE][PASSED] - Object: 'Object Repository/PM/Huawei-vendor/TopX/TopXDate/Feb' is clicked on

2024-08-04 13:15:33 - [MESSAGE][PASSED] - Object: 'Object Repository/PM/Huawei-vendor/TopX/TopXDate/Day 1' is clicked on

2024-08-04 13:15:34 - [MESSAGE][PASSED] - Object: 'Object Repository/PM/Huawei-vendor/TopX/TopXDate/Button OK' is clicked on

2024-08-04 13:15:34 - [MESSAGE][PASSED] - Object: 'Object Repository/PM/Huawei-vendor/TopX/TopXDate/After Date' is clicked on

2024-08-04 13:15:35 - [MESSAGE][PASSED] - Delayed 1 second(s)

2024-08-04 13:15:35 - [MESSAGE][PASSED] - Object: 'Object Repository/PM/Huawei-vendor/TopX/TopXDate/Choose Month' is clicked on

2024-08-04 13:15:36 - [MESSAGE][PASSED] - Delayed 1 second(s)

2024-08-04 13:15:36 - [MESSAGE][PASSED] - Object: 'Object Repository/PM/Huawei-vendor/TopX/TopXDate/Feb' is clicked on

2024-08-04 13:15:36 - [MESSAGE][PASSED] - Object: 'Object Repository/PM/Huawei-vendor/TopX/TopXDate/Day 7' is clicked on

2024-08-04 13:15:37 - [MESSAGE][PASSED] - Object: 'Object Repository/PM/Huawei-vendor/TopX/TopXDate/Button OK' is clicked on

2024-08-04 13:15:37 - [MESSAGE][PASSED] - Object: 'Object Repository/PM/Huawei-vendor/Apply-Button' is clicked on

2024-08-04 13:15:37 - [MESSAGE][WARNING] - Timeout '0' is invalid. Using default page load timeout: '120'

2024-08-04 13:15:37 - [MESSAGE][PASSED] - Web element with id: 'Object Repository/PM/Huawei-vendor/Error' located by 'By.xpath: //div[@class='toast-summary title-medium-m']' is not present after '120' second(s)

2024-08-04 13:15:37 - [MESSAGE][WARNING] - Timeout '0' is invalid. Using default page load timeout: '120'

2024-08-04 13:15:44 - [MESSAGE][PASSED] - Object 'Object Repository/PM/Huawei-vendor/Chart' is present

2024-08-04 13:15:44 - [MESSAGE][WARNING] - Timeout '0' is invalid. Using default page load timeout: '120'

2024-08-04 13:15:44 - [MESSAGE][PASSED] - Object 'Object Repository/PM/Huawei-vendor/TopX/TopX Export Chart' is present

2024-08-04 13:15:44 - [MESSAGE][WARNING] - Timeout '0' is invalid. Using default page load timeout: '120'

2024-08-04 13:15:44 - [MESSAGE][PASSED] - Object 'Object Repository/PM/Huawei-vendor/TopX/Table View' is present

2024-08-04 13:15:44 - [MESSAGE][PASSED] - Object: 'Object Repository/PM/Huawei-vendor/TopX/Table View' is clicked on

2024-08-04 13:15:44 - [MESSAGE][PASSED] - Object: 'Object Repository/PM/Huawei-vendor/TopX/Reordering the table view' is clicked on

2024-08-04 13:15:45 - [MESSAGE][PASSED] - Browser is closed

2024-08-04 13:15:45 - [MESSAGE][PASSED] - PMHwaueiTopX.TopX is PASSED]]></system-out>
         <system-err><![CDATA[]]></system-err>
      </testcase>
      <testcase name="Test Cases/PM/Hwauei/TopX/2G TopX/XRegion/TopX 2G Region DailyBH" time="158.059" classname="Test Cases/PM/Hwauei/TopX/2G TopX/XRegion/TopX 2G Region DailyBH" status="FAILED">
         <failure type="FAILED" message="Test Cases/PM/Hwauei/TopX/2G TopX/XRegion/TopX 2G Region DailyBH FAILED.
Reason:
com.kms.katalon.core.exception.StepFailedException: Unable to verify object 'Object Repository/PM/Huawei-vendor/Chart' is present
	at com.kms.katalon.core.webui.keyword.internal.WebUIKeywordMain.stepFailed(WebUIKeywordMain.groovy:64)
	at com.kms.katalon.core.webui.keyword.internal.WebUIKeywordMain.runKeyword(WebUIKeywordMain.groovy:26)
	at com.kms.katalon.core.webui.keyword.builtin.VerifyElementPresentKeyword.verifyElementPresent(VerifyElementPresentKeyword.groovy:92)
	at com.kms.katalon.core.webui.keyword.builtin.VerifyElementPresentKeyword.execute(VerifyElementPresentKeyword.groovy:68)
	at com.kms.katalon.core.keyword.internal.KeywordExecutor.executeKeywordForPlatform(KeywordExecutor.groovy:74)
	at com.kms.katalon.core.webui.keyword.WebUiBuiltInKeywords.verifyElementPresent(WebUiBuiltInKeywords.groovy:1464)
	at com.kms.katalon.core.webui.keyword.WebUiBuiltInKeywords$verifyElementPresent$6.call(Unknown Source)
	at PMHwaueiTopX.TopX(PMHwaueiTopX.groovy:1593)
	at PMHwaueiTopX.invokeMethod(PMHwaueiTopX.groovy)
	at com.kms.katalon.core.main.CustomKeywordDelegatingMetaClass.invokeStaticMethod(CustomKeywordDelegatingMetaClass.java:55)
	at TopX 2G Region DailyBH.run(TopX 2G Region DailyBH:29)
	at com.kms.katalon.core.main.ScriptEngine.run(ScriptEngine.java:194)
	at com.kms.katalon.core.main.ScriptEngine.runScriptAsRawText(ScriptEngine.java:119)
	at com.kms.katalon.core.main.TestCaseExecutor.runScript(TestCaseExecutor.java:448)
	at com.kms.katalon.core.main.TestCaseExecutor.doExecute(TestCaseExecutor.java:439)
	at com.kms.katalon.core.main.TestCaseExecutor.processExecutionPhase(TestCaseExecutor.java:418)
	at com.kms.katalon.core.main.TestCaseExecutor.accessMainPhase(TestCaseExecutor.java:410)
	at com.kms.katalon.core.main.TestCaseExecutor.execute(TestCaseExecutor.java:285)
	at com.kms.katalon.core.common.CommonExecutor.accessTestCaseMainPhase(CommonExecutor.java:65)
	at com.kms.katalon.core.main.TestSuiteExecutor.accessTestSuiteMainPhase(TestSuiteExecutor.java:148)
	at com.kms.katalon.core.main.TestSuiteExecutor.execute(TestSuiteExecutor.java:106)
	at com.kms.katalon.core.main.TestCaseMain.startTestSuite(TestCaseMain.java:187)
	at com.kms.katalon.core.main.TestCaseMain$startTestSuite$0.call(Unknown Source)
	at TempTestSuite1722766020200.run(TempTestSuite1722766020200.groovy:35)
Caused by: com.kms.katalon.core.exception.StepFailedException: com.kms.katalon.core.webui.exception.WebElementNotFoundException: Web element with id: 'Object Repository/PM/Huawei-vendor/Chart' located by '//*[@id=&quot;chart-container&quot;]/div/app-main-chart-component[1]/div/div[2]/div[2]/div/div/div[1]/canvas' not found
	at com.kms.katalon.core.webui.keyword.internal.WebUIKeywordMain.stepFailed(WebUIKeywordMain.groovy:64)
	at com.kms.katalon.core.webui.keyword.builtin.VerifyElementPresentKeyword$_verifyElementPresent_closure1.doCall(VerifyElementPresentKeyword.groovy:85)
	at com.kms.katalon.core.webui.keyword.builtin.VerifyElementPresentKeyword$_verifyElementPresent_closure1.call(VerifyElementPresentKeyword.groovy)
	at com.kms.katalon.core.webui.keyword.internal.WebUIKeywordMain.runKeyword(WebUIKeywordMain.groovy:20)
	... 22 more
"/>
         <system-out><![CDATA[2024-08-04 13:15:45 - [TEST_CASE][FAILED] - Test Cases/PM/Hwauei/TopX/2G TopX/XRegion/TopX 2G Region DailyBH: Test Cases/PM/Hwauei/TopX/2G TopX/XRegion/TopX 2G Region DailyBH FAILED.
Reason:
com.kms.katalon.core.exception.StepFailedException: Unable to verify object 'Object Repository/PM/Huawei-vendor/Chart' is present
	at com.kms.katalon.core.webui.keyword.internal.WebUIKeywordMain.stepFailed(WebUIKeywordMain.groovy:64)
	at com.kms.katalon.core.webui.keyword.internal.WebUIKeywordMain.runKeyword(WebUIKeywordMain.groovy:26)
	at com.kms.katalon.core.webui.keyword.builtin.VerifyElementPresentKeyword.verifyElementPresent(VerifyElementPresentKeyword.groovy:92)
	at com.kms.katalon.core.webui.keyword.builtin.VerifyElementPresentKeyword.execute(VerifyElementPresentKeyword.groovy:68)
	at com.kms.katalon.core.keyword.internal.KeywordExecutor.executeKeywordForPlatform(KeywordExecutor.groovy:74)
	at com.kms.katalon.core.webui.keyword.WebUiBuiltInKeywords.verifyElementPresent(WebUiBuiltInKeywords.groovy:1464)
	at com.kms.katalon.core.webui.keyword.WebUiBuiltInKeywords$verifyElementPresent$6.call(Unknown Source)
	at PMHwaueiTopX.TopX(PMHwaueiTopX.groovy:1593)
	at PMHwaueiTopX.invokeMethod(PMHwaueiTopX.groovy)
	at com.kms.katalon.core.main.CustomKeywordDelegatingMetaClass.invokeStaticMethod(CustomKeywordDelegatingMetaClass.java:55)
	at TopX 2G Region DailyBH.run(TopX 2G Region DailyBH:29)
	at com.kms.katalon.core.main.ScriptEngine.run(ScriptEngine.java:194)
	at com.kms.katalon.core.main.ScriptEngine.runScriptAsRawText(ScriptEngine.java:119)
	at com.kms.katalon.core.main.TestCaseExecutor.runScript(TestCaseExecutor.java:448)
	at com.kms.katalon.core.main.TestCaseExecutor.doExecute(TestCaseExecutor.java:439)
	at com.kms.katalon.core.main.TestCaseExecutor.processExecutionPhase(TestCaseExecutor.java:418)
	at com.kms.katalon.core.main.TestCaseExecutor.accessMainPhase(TestCaseExecutor.java:410)
	at com.kms.katalon.core.main.TestCaseExecutor.execute(TestCaseExecutor.java:285)
	at com.kms.katalon.core.common.CommonExecutor.accessTestCaseMainPhase(CommonExecutor.java:65)
	at com.kms.katalon.core.main.TestSuiteExecutor.accessTestSuiteMainPhase(TestSuiteExecutor.java:148)
	at com.kms.katalon.core.main.TestSuiteExecutor.execute(TestSuiteExecutor.java:106)
	at com.kms.katalon.core.main.TestCaseMain.startTestSuite(TestCaseMain.java:187)
	at com.kms.katalon.core.main.TestCaseMain$startTestSuite$0.call(Unknown Source)
	at TempTestSuite1722766020200.run(TempTestSuite1722766020200.groovy:35)
Caused by: com.kms.katalon.core.exception.StepFailedException: com.kms.katalon.core.webui.exception.WebElementNotFoundException: Web element with id: 'Object Repository/PM/Huawei-vendor/Chart' located by '//*[@id="chart-container"]/div/app-main-chart-component[1]/div/div[2]/div[2]/div/div/div[1]/canvas' not found
	at com.kms.katalon.core.webui.keyword.internal.WebUIKeywordMain.stepFailed(WebUIKeywordMain.groovy:64)
	at com.kms.katalon.core.webui.keyword.builtin.VerifyElementPresentKeyword$_verifyElementPresent_closure1.doCall(VerifyElementPresentKeyword.groovy:85)
	at com.kms.katalon.core.webui.keyword.builtin.VerifyElementPresentKeyword$_verifyElementPresent_closure1.call(VerifyElementPresentKeyword.groovy)
	at com.kms.katalon.core.webui.keyword.internal.WebUIKeywordMain.runKeyword(WebUIKeywordMain.groovy:20)
	... 22 more


2024-08-04 13:15:45 - [TEST_STEP][PASSED] - callTestCase(findTestCase("Login"), [:], STOP_ON_FAILURE): Call Test Case 'Test Cases/Login' successfully

2024-08-04 13:15:45 - [TEST_CASE][PASSED] - Test Cases/Login: Test Cases/Login

2024-08-04 13:15:45 - [TEST_STEP][PASSED] - driver = general.start(SwagerURL, NetCellURL): general.start is PASSED

2024-08-04 13:15:45 - [MESSAGE][INFO] - >>> chromeDriverPath=C:\Users\FatimaIbeid\.katalon\packages\Katalon_Studio_Windows_64-8.6.9\Katalon_Studio_Windows_64-8.6.9\configuration\resources\drivers\chromedriver_win32\chromedriver.exe

2024-08-04 13:15:46 - [MESSAGE][PASSED] - Current window maximized

2024-08-04 13:15:47 - [MESSAGE][PASSED] - Execute JavaScript 'window.open();' successfully

2024-08-04 13:15:47 - [MESSAGE][PASSED] - Switched to window with index: '1'

2024-08-04 13:15:59 - [MESSAGE][PASSED] - general.start is PASSED

2024-08-04 13:15:59 - [TEST_STEP][PASSED] - click(findTestObject("Object Repository/Login/LoginButton")): Object: 'Object Repository/Login/LoginButton' is clicked on

2024-08-04 13:15:59 - [MESSAGE][PASSED] - Object: 'Object Repository/Login/LoginButton' is clicked on

2024-08-04 13:15:59 - [TEST_STEP][PASSED] - switchToWindowIndex(2): Switched to window with index: '2'

2024-08-04 13:15:59 - [MESSAGE][PASSED] - Switched to window with index: '2'

2024-08-04 13:15:59 - [TEST_STEP][PASSED] - delay(1): Delayed 1 second(s)

2024-08-04 13:16:00 - [MESSAGE][PASSED] - Delayed 1 second(s)

2024-08-04 13:16:00 - [TEST_STEP][PASSED] - sendKeys(findTestObject("Object Repository/Login/EnterEmail"), "homam@zztjg.onmicrosoft.com"): Keys 'homam@zztjg.onmicrosoft.com' sent to object: 'Object Repository/Login/EnterEmail'

2024-08-04 13:16:01 - [MESSAGE][PASSED] - Keys 'homam@zztjg.onmicrosoft.com' sent to object: 'Object Repository/Login/EnterEmail'

2024-08-04 13:16:01 - [TEST_STEP][PASSED] - delay(1): Delayed 1 second(s)

2024-08-04 13:16:02 - [MESSAGE][PASSED] - Delayed 1 second(s)

2024-08-04 13:16:02 - [TEST_STEP][PASSED] - click(findTestObject("Object Repository/Login/NextButton")): Object: 'Object Repository/Login/NextButton' is clicked on

2024-08-04 13:16:03 - [MESSAGE][PASSED] - Object: 'Object Repository/Login/NextButton' is clicked on

2024-08-04 13:16:03 - [TEST_STEP][PASSED] - delay(2): Delayed 2 second(s)

2024-08-04 13:16:05 - [MESSAGE][PASSED] - Delayed 2 second(s)

2024-08-04 13:16:05 - [TEST_STEP][PASSED] - sendKeys(findTestObject("Object Repository/Login/EnterPassword"), "Holder12345"): Keys 'Holder12345' sent to object: 'Object Repository/Login/EnterPassword'

2024-08-04 13:16:05 - [MESSAGE][PASSED] - Keys 'Holder12345' sent to object: 'Object Repository/Login/EnterPassword'

2024-08-04 13:16:05 - [TEST_STEP][PASSED] - delay(1): Delayed 1 second(s)

2024-08-04 13:16:06 - [MESSAGE][PASSED] - Delayed 1 second(s)

2024-08-04 13:16:06 - [TEST_STEP][PASSED] - click(findTestObject("Object Repository/Login/SigninButton")): Object: 'Object Repository/Login/SigninButton' is clicked on

2024-08-04 13:16:07 - [MESSAGE][PASSED] - Object: 'Object Repository/Login/SigninButton' is clicked on

2024-08-04 13:16:07 - [TEST_STEP][PASSED] - delay(1): Delayed 1 second(s)

2024-08-04 13:16:08 - [MESSAGE][PASSED] - Delayed 1 second(s)

2024-08-04 13:16:08 - [TEST_STEP][PASSED] - click(findTestObject("Object Repository/Login/YesStayInButton")): Object: 'Object Repository/Login/YesStayInButton' is clicked on

2024-08-04 13:16:08 - [MESSAGE][PASSED] - Object: 'Object Repository/Login/YesStayInButton' is clicked on

2024-08-04 13:16:08 - [MESSAGE][PASSED] - Call Test Case 'Test Cases/Login' successfully

2024-08-04 13:16:08 - [TEST_STEP][PASSED] - switchToWindowIndex(1): Switched to window with index: '1'

2024-08-04 13:16:08 - [MESSAGE][PASSED] - Switched to window with index: '1'

2024-08-04 13:16:08 - [TEST_STEP][FAILED] - PMHwaueiTopX.TopX("2G", "Region", false, "DailyBH", false, null): Unable to verify object 'Object Repository/PM/Huawei-vendor/Chart' is present

2024-08-04 13:16:10 - [MESSAGE][PASSED] - Object: 'Object Repository/PM/PM-Button' is clicked on

2024-08-04 13:16:10 - [MESSAGE][PASSED] - Switched to window with index: '2'

2024-08-04 13:16:11 - [MESSAGE][PASSED] - Object: 'Object Repository/PM/Huawei-vendor/Data-view/TopX' is clicked on

2024-08-04 13:16:12 - [MESSAGE][PASSED] - Object: 'Object Repository/PM/Huawei-vendor/Technology/Technology-Arrow' is clicked on

2024-08-04 13:16:12 - [MESSAGE][PASSED] - Object: 'Object Repository/PM/Huawei-vendor/Technology/2G' is clicked on

2024-08-04 13:16:12 - [MESSAGE][PASSED] - Object: 'Object Repository/PM/Huawei-vendor/TopX/TopX Object Type' is clicked on

2024-08-04 13:16:13 - [MESSAGE][PASSED] - Delayed 1 second(s)

2024-08-04 13:16:13 - [MESSAGE][PASSED] - Object: 'Object Repository/PM/Huawei-vendor/Object-Type/TopX Object Types/TopX Regions/TopX Region' is clicked on

2024-08-04 13:16:14 - [MESSAGE][PASSED] - Delayed 1 second(s)

2024-08-04 13:16:14 - [MESSAGE][WARNING] - Timeout '0' is invalid. Using default page load timeout: '120'

2024-08-04 13:16:14 - [MESSAGE][PASSED] - Scroll to object 'Object Repository/PM/Huawei-vendor/Object Border' successfully

2024-08-04 13:16:15 - [MESSAGE][PASSED] - Object: 'Object Repository/PM/Huawei-vendor/Object-Type/TopX Object Types/TopX Regions/TopX Region East Amman' is clicked on

2024-08-04 13:16:15 - [MESSAGE][PASSED] - Object: 'Object Repository/PM/Huawei-vendor/Object-Type/TopX Object Types/TopX Regions/TopX Region West Amman' is clicked on

2024-08-04 13:16:15 - [MESSAGE][PASSED] - Object: 'Object Repository/PM/Huawei-vendor/Object-Type/TopX Object Types/TopX Regions/TopX Region South Jordan' is clicked on

2024-08-04 13:16:15 - [MESSAGE][PASSED] - Object: 'Object Repository/PM/Huawei-vendor/Object-Type/TopX Object Types/TopX Regions/TopX Region North Jordan' is clicked on

2024-08-04 13:16:15 - [MESSAGE][WARNING] - Timeout '0' is invalid. Using default page load timeout: '120'

2024-08-04 13:16:15 - [MESSAGE][PASSED] - Scroll to object 'Object Repository/PM/Huawei-vendor/LowXlabel' successfully

2024-08-04 13:16:15 - [MESSAGE][PASSED] - Object: 'Object Repository/PM/Huawei-vendor/Resolution Temp/Select Resolution temp' is clicked on

2024-08-04 13:16:15 - [MESSAGE][PASSED] - Object: 'Object Repository/PM/Huawei-vendor/Resolution Temp/Resolution Temp DailyBH' is clicked on

2024-08-04 13:16:16 - [MESSAGE][PASSED] - Object: 'Object Repository/PM/Huawei-vendor/TopX/TopXDate/BeforeDate' is clicked on

2024-08-04 13:16:17 - [MESSAGE][PASSED] - Delayed 1 second(s)

2024-08-04 13:16:17 - [MESSAGE][PASSED] - Object: 'Object Repository/PM/Huawei-vendor/TopX/TopXDate/Choose Month' is clicked on

2024-08-04 13:16:18 - [MESSAGE][PASSED] - Delayed 1 second(s)

2024-08-04 13:16:18 - [MESSAGE][PASSED] - Object: 'Object Repository/PM/Huawei-vendor/TopX/TopXDate/Feb' is clicked on

2024-08-04 13:16:18 - [MESSAGE][PASSED] - Object: 'Object Repository/PM/Huawei-vendor/TopX/TopXDate/Day 1' is clicked on

2024-08-04 13:16:18 - [MESSAGE][PASSED] - Object: 'Object Repository/PM/Huawei-vendor/TopX/TopXDate/Button OK' is clicked on

2024-08-04 13:16:19 - [MESSAGE][PASSED] - Object: 'Object Repository/PM/Huawei-vendor/TopX/TopXDate/After Date' is clicked on

2024-08-04 13:16:20 - [MESSAGE][PASSED] - Delayed 1 second(s)

2024-08-04 13:16:20 - [MESSAGE][PASSED] - Object: 'Object Repository/PM/Huawei-vendor/TopX/TopXDate/Choose Month' is clicked on

2024-08-04 13:16:21 - [MESSAGE][PASSED] - Delayed 1 second(s)

2024-08-04 13:16:21 - [MESSAGE][PASSED] - Object: 'Object Repository/PM/Huawei-vendor/TopX/TopXDate/Feb' is clicked on

2024-08-04 13:16:21 - [MESSAGE][PASSED] - Object: 'Object Repository/PM/Huawei-vendor/TopX/TopXDate/Day 7' is clicked on

2024-08-04 13:16:21 - [MESSAGE][PASSED] - Object: 'Object Repository/PM/Huawei-vendor/TopX/TopXDate/Button OK' is clicked on

2024-08-04 13:16:22 - [MESSAGE][PASSED] - Object: 'Object Repository/PM/Huawei-vendor/Apply-Button' is clicked on

2024-08-04 13:16:22 - [MESSAGE][WARNING] - Timeout '0' is invalid. Using default page load timeout: '120'

2024-08-04 13:16:22 - [MESSAGE][PASSED] - Web element with id: 'Object Repository/PM/Huawei-vendor/Error' located by 'By.xpath: //div[@class='toast-summary title-medium-m']' is not present after '120' second(s)

2024-08-04 13:16:22 - [MESSAGE][WARNING] - Timeout '0' is invalid. Using default page load timeout: '120'

2024-08-04 13:18:23 - [MESSAGE][INFO] - Unable to find the element located by 'By.xpath: //*[@id="chart-container"]/div/app-main-chart-component[1]/div/div[2]/div[2]/div/div/div[1]/canvas'. Please recheck the objects properties to make sure the desired element is located. 

2024-08-04 13:18:23 - [MESSAGE][FAILED] - com.kms.katalon.core.webui.exception.WebElementNotFoundException: Web element with id: 'Object Repository/PM/Huawei-vendor/Chart' located by '//*[@id="chart-container"]/div/app-main-chart-component[1]/div/div[2]/div[2]/div/div/div[1]/canvas' not found (Root cause: com.kms.katalon.core.exception.StepFailedException: com.kms.katalon.core.webui.exception.WebElementNotFoundException: Web element with id: 'Object Repository/PM/Huawei-vendor/Chart' located by '//*[@id="chart-container"]/div/app-main-chart-component[1]/div/div[2]/div[2]/div/div/div[1]/canvas' not found
	at com.kms.katalon.core.webui.keyword.internal.WebUIKeywordMain.stepFailed(WebUIKeywordMain.groovy:64)
	at com.kms.katalon.core.webui.keyword.builtin.VerifyElementPresentKeyword$_verifyElementPresent_closure1.doCall(VerifyElementPresentKeyword.groovy:85)
	at com.kms.katalon.core.webui.keyword.builtin.VerifyElementPresentKeyword$_verifyElementPresent_closure1.call(VerifyElementPresentKeyword.groovy)
	at com.kms.katalon.core.webui.keyword.internal.WebUIKeywordMain.runKeyword(WebUIKeywordMain.groovy:20)
	at com.kms.katalon.core.webui.keyword.builtin.VerifyElementPresentKeyword.verifyElementPresent(VerifyElementPresentKeyword.groovy:92)
	at com.kms.katalon.core.webui.keyword.builtin.VerifyElementPresentKeyword.execute(VerifyElementPresentKeyword.groovy:68)
	at com.kms.katalon.core.keyword.internal.KeywordExecutor.executeKeywordForPlatform(KeywordExecutor.groovy:74)
	at com.kms.katalon.core.webui.keyword.WebUiBuiltInKeywords.verifyElementPresent(WebUiBuiltInKeywords.groovy:1464)
	at com.kms.katalon.core.webui.keyword.WebUiBuiltInKeywords$verifyElementPresent$6.call(Unknown Source)
	at PMHwaueiTopX.TopX(PMHwaueiTopX.groovy:1593)
	at PMHwaueiTopX.invokeMethod(PMHwaueiTopX.groovy)
	at com.kms.katalon.core.main.CustomKeywordDelegatingMetaClass.invokeStaticMethod(CustomKeywordDelegatingMetaClass.java:55)
	at TopX 2G Region DailyBH.run(TopX 2G Region DailyBH:29)
	at com.kms.katalon.core.main.ScriptEngine.run(ScriptEngine.java:194)
	at com.kms.katalon.core.main.ScriptEngine.runScriptAsRawText(ScriptEngine.java:119)
	at com.kms.katalon.core.main.TestCaseExecutor.runScript(TestCaseExecutor.java:448)
	at com.kms.katalon.core.main.TestCaseExecutor.doExecute(TestCaseExecutor.java:439)
	at com.kms.katalon.core.main.TestCaseExecutor.processExecutionPhase(TestCaseExecutor.java:418)
	at com.kms.katalon.core.main.TestCaseExecutor.accessMainPhase(TestCaseExecutor.java:410)
	at com.kms.katalon.core.main.TestCaseExecutor.execute(TestCaseExecutor.java:285)
	at com.kms.katalon.core.common.CommonExecutor.accessTestCaseMainPhase(CommonExecutor.java:65)
	at com.kms.katalon.core.main.TestSuiteExecutor.accessTestSuiteMainPhase(TestSuiteExecutor.java:148)
	at com.kms.katalon.core.main.TestSuiteExecutor.execute(TestSuiteExecutor.java:106)
	at com.kms.katalon.core.main.TestCaseMain.startTestSuite(TestCaseMain.java:187)
	at com.kms.katalon.core.main.TestCaseMain$startTestSuite$0.call(Unknown Source)
	at TempTestSuite1722766020200.run(TempTestSuite1722766020200.groovy:35)
)
[[ATTACHMENT|C:\\Users\\FatimaIbeid\\git\\NetCell\\Reports\\20240804_130700\\PM\\Hwauei\\TopX\\Regression TopX 2G\\20240804_130700\\1722766703308.png]]

2024-08-04 13:18:23 - [MESSAGE][FAILED] - Unable to verify object 'Object Repository/PM/Huawei-vendor/Chart' is present (Root cause: com.kms.katalon.core.exception.StepFailedException: Unable to verify object 'Object Repository/PM/Huawei-vendor/Chart' is present
	at com.kms.katalon.core.webui.keyword.internal.WebUIKeywordMain.stepFailed(WebUIKeywordMain.groovy:64)
	at com.kms.katalon.core.webui.keyword.internal.WebUIKeywordMain.runKeyword(WebUIKeywordMain.groovy:26)
	at com.kms.katalon.core.webui.keyword.builtin.VerifyElementPresentKeyword.verifyElementPresent(VerifyElementPresentKeyword.groovy:92)
	at com.kms.katalon.core.webui.keyword.builtin.VerifyElementPresentKeyword.execute(VerifyElementPresentKeyword.groovy:68)
	at com.kms.katalon.core.keyword.internal.KeywordExecutor.executeKeywordForPlatform(KeywordExecutor.groovy:74)
	at com.kms.katalon.core.webui.keyword.WebUiBuiltInKeywords.verifyElementPresent(WebUiBuiltInKeywords.groovy:1464)
	at com.kms.katalon.core.webui.keyword.WebUiBuiltInKeywords$verifyElementPresent$6.call(Unknown Source)
	at PMHwaueiTopX.TopX(PMHwaueiTopX.groovy:1593)
	at PMHwaueiTopX.invokeMethod(PMHwaueiTopX.groovy)
	at com.kms.katalon.core.main.CustomKeywordDelegatingMetaClass.invokeStaticMethod(CustomKeywordDelegatingMetaClass.java:55)
	at TopX 2G Region DailyBH.run(TopX 2G Region DailyBH:29)
	at com.kms.katalon.core.main.ScriptEngine.run(ScriptEngine.java:194)
	at com.kms.katalon.core.main.ScriptEngine.runScriptAsRawText(ScriptEngine.java:119)
	at com.kms.katalon.core.main.TestCaseExecutor.runScript(TestCaseExecutor.java:448)
	at com.kms.katalon.core.main.TestCaseExecutor.doExecute(TestCaseExecutor.java:439)
	at com.kms.katalon.core.main.TestCaseExecutor.processExecutionPhase(TestCaseExecutor.java:418)
	at com.kms.katalon.core.main.TestCaseExecutor.accessMainPhase(TestCaseExecutor.java:410)
	at com.kms.katalon.core.main.TestCaseExecutor.execute(TestCaseExecutor.java:285)
	at com.kms.katalon.core.common.CommonExecutor.accessTestCaseMainPhase(CommonExecutor.java:65)
	at com.kms.katalon.core.main.TestSuiteExecutor.accessTestSuiteMainPhase(TestSuiteExecutor.java:148)
	at com.kms.katalon.core.main.TestSuiteExecutor.execute(TestSuiteExecutor.java:106)
	at com.kms.katalon.core.main.TestCaseMain.startTestSuite(TestCaseMain.java:187)
	at com.kms.katalon.core.main.TestCaseMain$startTestSuite$0.call(Unknown Source)
	at TempTestSuite1722766020200.run(TempTestSuite1722766020200.groovy:35)
Caused by: com.kms.katalon.core.exception.StepFailedException: com.kms.katalon.core.webui.exception.WebElementNotFoundException: Web element with id: 'Object Repository/PM/Huawei-vendor/Chart' located by '//*[@id="chart-container"]/div/app-main-chart-component[1]/div/div[2]/div[2]/div/div/div[1]/canvas' not found
	at com.kms.katalon.core.webui.keyword.internal.WebUIKeywordMain.stepFailed(WebUIKeywordMain.groovy:64)
	at com.kms.katalon.core.webui.keyword.builtin.VerifyElementPresentKeyword$_verifyElementPresent_closure1.doCall(VerifyElementPresentKeyword.groovy:85)
	at com.kms.katalon.core.webui.keyword.builtin.VerifyElementPresentKeyword$_verifyElementPresent_closure1.call(VerifyElementPresentKeyword.groovy)
	at com.kms.katalon.core.webui.keyword.internal.WebUIKeywordMain.runKeyword(WebUIKeywordMain.groovy:20)
	... 22 more
)
[[ATTACHMENT|C:\\Users\\FatimaIbeid\\git\\NetCell\\Reports\\20240804_130700\\PM\\Hwauei\\TopX\\Regression TopX 2G\\20240804_130700\\1722766703441.png]]

2024-08-04 13:18:23 - [MESSAGE][FAILED] - Unable to verify object 'Object Repository/PM/Huawei-vendor/Chart' is present]]></system-out>
         <system-err><![CDATA[2024-08-04 13:15:45 - [TEST_CASE][FAILED] - Test Cases/PM/Hwauei/TopX/2G TopX/XRegion/TopX 2G Region DailyBH: Test Cases/PM/Hwauei/TopX/2G TopX/XRegion/TopX 2G Region DailyBH FAILED.
Reason:
com.kms.katalon.core.exception.StepFailedException: Unable to verify object 'Object Repository/PM/Huawei-vendor/Chart' is present
	at com.kms.katalon.core.webui.keyword.internal.WebUIKeywordMain.stepFailed(WebUIKeywordMain.groovy:64)
	at com.kms.katalon.core.webui.keyword.internal.WebUIKeywordMain.runKeyword(WebUIKeywordMain.groovy:26)
	at com.kms.katalon.core.webui.keyword.builtin.VerifyElementPresentKeyword.verifyElementPresent(VerifyElementPresentKeyword.groovy:92)
	at com.kms.katalon.core.webui.keyword.builtin.VerifyElementPresentKeyword.execute(VerifyElementPresentKeyword.groovy:68)
	at com.kms.katalon.core.keyword.internal.KeywordExecutor.executeKeywordForPlatform(KeywordExecutor.groovy:74)
	at com.kms.katalon.core.webui.keyword.WebUiBuiltInKeywords.verifyElementPresent(WebUiBuiltInKeywords.groovy:1464)
	at com.kms.katalon.core.webui.keyword.WebUiBuiltInKeywords$verifyElementPresent$6.call(Unknown Source)
	at PMHwaueiTopX.TopX(PMHwaueiTopX.groovy:1593)
	at PMHwaueiTopX.invokeMethod(PMHwaueiTopX.groovy)
	at com.kms.katalon.core.main.CustomKeywordDelegatingMetaClass.invokeStaticMethod(CustomKeywordDelegatingMetaClass.java:55)
	at TopX 2G Region DailyBH.run(TopX 2G Region DailyBH:29)
	at com.kms.katalon.core.main.ScriptEngine.run(ScriptEngine.java:194)
	at com.kms.katalon.core.main.ScriptEngine.runScriptAsRawText(ScriptEngine.java:119)
	at com.kms.katalon.core.main.TestCaseExecutor.runScript(TestCaseExecutor.java:448)
	at com.kms.katalon.core.main.TestCaseExecutor.doExecute(TestCaseExecutor.java:439)
	at com.kms.katalon.core.main.TestCaseExecutor.processExecutionPhase(TestCaseExecutor.java:418)
	at com.kms.katalon.core.main.TestCaseExecutor.accessMainPhase(TestCaseExecutor.java:410)
	at com.kms.katalon.core.main.TestCaseExecutor.execute(TestCaseExecutor.java:285)
	at com.kms.katalon.core.common.CommonExecutor.accessTestCaseMainPhase(CommonExecutor.java:65)
	at com.kms.katalon.core.main.TestSuiteExecutor.accessTestSuiteMainPhase(TestSuiteExecutor.java:148)
	at com.kms.katalon.core.main.TestSuiteExecutor.execute(TestSuiteExecutor.java:106)
	at com.kms.katalon.core.main.TestCaseMain.startTestSuite(TestCaseMain.java:187)
	at com.kms.katalon.core.main.TestCaseMain$startTestSuite$0.call(Unknown Source)
	at TempTestSuite1722766020200.run(TempTestSuite1722766020200.groovy:35)
Caused by: com.kms.katalon.core.exception.StepFailedException: com.kms.katalon.core.webui.exception.WebElementNotFoundException: Web element with id: 'Object Repository/PM/Huawei-vendor/Chart' located by '//*[@id="chart-container"]/div/app-main-chart-component[1]/div/div[2]/div[2]/div/div/div[1]/canvas' not found
	at com.kms.katalon.core.webui.keyword.internal.WebUIKeywordMain.stepFailed(WebUIKeywordMain.groovy:64)
	at com.kms.katalon.core.webui.keyword.builtin.VerifyElementPresentKeyword$_verifyElementPresent_closure1.doCall(VerifyElementPresentKeyword.groovy:85)
	at com.kms.katalon.core.webui.keyword.builtin.VerifyElementPresentKeyword$_verifyElementPresent_closure1.call(VerifyElementPresentKeyword.groovy)
	at com.kms.katalon.core.webui.keyword.internal.WebUIKeywordMain.runKeyword(WebUIKeywordMain.groovy:20)
	... 22 more]]></system-err>
      </testcase>
      <testcase name="Test Cases/PM/Hwauei/TopX/2G TopX/XSite/TopX 2G Site default" time="55.683" classname="Test Cases/PM/Hwauei/TopX/2G TopX/XSite/TopX 2G Site default" status="PASSED">
         <system-out><![CDATA[2024-08-04 13:18:23 - [TEST_CASE][PASSED] - Test Cases/PM/Hwauei/TopX/2G TopX/XSite/TopX 2G Site default: Test Cases/PM/Hwauei/TopX/2G TopX/XSite/TopX 2G Site default

2024-08-04 13:18:23 - [TEST_STEP][PASSED] - callTestCase(findTestCase("Login"), [:], STOP_ON_FAILURE): Call Test Case 'Test Cases/Login' successfully

2024-08-04 13:18:23 - [TEST_CASE][PASSED] - Test Cases/Login: Test Cases/Login

2024-08-04 13:18:23 - [TEST_STEP][PASSED] - driver = general.start(SwagerURL, NetCellURL): general.start is PASSED

2024-08-04 13:18:23 - [MESSAGE][INFO] - >>> chromeDriverPath=C:\Users\FatimaIbeid\.katalon\packages\Katalon_Studio_Windows_64-8.6.9\Katalon_Studio_Windows_64-8.6.9\configuration\resources\drivers\chromedriver_win32\chromedriver.exe

2024-08-04 13:18:25 - [MESSAGE][PASSED] - Current window maximized

2024-08-04 13:18:25 - [MESSAGE][PASSED] - Execute JavaScript 'window.open();' successfully

2024-08-04 13:18:25 - [MESSAGE][PASSED] - Switched to window with index: '1'

2024-08-04 13:18:37 - [MESSAGE][PASSED] - general.start is PASSED

2024-08-04 13:18:37 - [TEST_STEP][PASSED] - click(findTestObject("Object Repository/Login/LoginButton")): Object: 'Object Repository/Login/LoginButton' is clicked on

2024-08-04 13:18:37 - [MESSAGE][PASSED] - Object: 'Object Repository/Login/LoginButton' is clicked on

2024-08-04 13:18:37 - [TEST_STEP][PASSED] - switchToWindowIndex(2): Switched to window with index: '2'

2024-08-04 13:18:37 - [MESSAGE][PASSED] - Switched to window with index: '2'

2024-08-04 13:18:37 - [TEST_STEP][PASSED] - delay(1): Delayed 1 second(s)

2024-08-04 13:18:38 - [MESSAGE][PASSED] - Delayed 1 second(s)

2024-08-04 13:18:38 - [TEST_STEP][PASSED] - sendKeys(findTestObject("Object Repository/Login/EnterEmail"), "homam@zztjg.onmicrosoft.com"): Keys 'homam@zztjg.onmicrosoft.com' sent to object: 'Object Repository/Login/EnterEmail'

2024-08-04 13:18:39 - [MESSAGE][PASSED] - Keys 'homam@zztjg.onmicrosoft.com' sent to object: 'Object Repository/Login/EnterEmail'

2024-08-04 13:18:39 - [TEST_STEP][PASSED] - delay(1): Delayed 1 second(s)

2024-08-04 13:18:40 - [MESSAGE][PASSED] - Delayed 1 second(s)

2024-08-04 13:18:40 - [TEST_STEP][PASSED] - click(findTestObject("Object Repository/Login/NextButton")): Object: 'Object Repository/Login/NextButton' is clicked on

2024-08-04 13:18:40 - [MESSAGE][PASSED] - Object: 'Object Repository/Login/NextButton' is clicked on

2024-08-04 13:18:40 - [TEST_STEP][PASSED] - delay(2): Delayed 2 second(s)

2024-08-04 13:18:42 - [MESSAGE][PASSED] - Delayed 2 second(s)

2024-08-04 13:18:42 - [TEST_STEP][PASSED] - sendKeys(findTestObject("Object Repository/Login/EnterPassword"), "Holder12345"): Keys 'Holder12345' sent to object: 'Object Repository/Login/EnterPassword'

2024-08-04 13:18:42 - [MESSAGE][PASSED] - Keys 'Holder12345' sent to object: 'Object Repository/Login/EnterPassword'

2024-08-04 13:18:42 - [TEST_STEP][PASSED] - delay(1): Delayed 1 second(s)

2024-08-04 13:18:43 - [MESSAGE][PASSED] - Delayed 1 second(s)

2024-08-04 13:18:43 - [TEST_STEP][PASSED] - click(findTestObject("Object Repository/Login/SigninButton")): Object: 'Object Repository/Login/SigninButton' is clicked on

2024-08-04 13:18:44 - [MESSAGE][PASSED] - Object: 'Object Repository/Login/SigninButton' is clicked on

2024-08-04 13:18:44 - [TEST_STEP][PASSED] - delay(1): Delayed 1 second(s)

2024-08-04 13:18:45 - [MESSAGE][PASSED] - Delayed 1 second(s)

2024-08-04 13:18:45 - [TEST_STEP][PASSED] - click(findTestObject("Object Repository/Login/YesStayInButton")): Object: 'Object Repository/Login/YesStayInButton' is clicked on

2024-08-04 13:18:46 - [MESSAGE][PASSED] - Object: 'Object Repository/Login/YesStayInButton' is clicked on

2024-08-04 13:18:46 - [MESSAGE][PASSED] - Call Test Case 'Test Cases/Login' successfully

2024-08-04 13:18:46 - [TEST_STEP][PASSED] - switchToWindowIndex(1): Switched to window with index: '1'

2024-08-04 13:18:46 - [MESSAGE][PASSED] - Switched to window with index: '1'

2024-08-04 13:18:46 - [TEST_STEP][PASSED] - PMHwaueiTopX.TopX("2G", "Site", false, "Hourly", false, null): PMHwaueiTopX.TopX is PASSED

2024-08-04 13:18:47 - [MESSAGE][PASSED] - Object: 'Object Repository/PM/PM-Button' is clicked on

2024-08-04 13:18:47 - [MESSAGE][PASSED] - Switched to window with index: '2'

2024-08-04 13:18:59 - [MESSAGE][PASSED] - Object: 'Object Repository/PM/Huawei-vendor/Data-view/TopX' is clicked on

2024-08-04 13:19:00 - [MESSAGE][PASSED] - Object: 'Object Repository/PM/Huawei-vendor/Technology/Technology-Arrow' is clicked on

2024-08-04 13:19:00 - [MESSAGE][PASSED] - Object: 'Object Repository/PM/Huawei-vendor/Technology/2G' is clicked on

2024-08-04 13:19:00 - [MESSAGE][PASSED] - Object: 'Object Repository/PM/Huawei-vendor/TopX/TopX Object Type' is clicked on

2024-08-04 13:19:01 - [MESSAGE][PASSED] - Delayed 1 second(s)

2024-08-04 13:19:01 - [MESSAGE][PASSED] - Object: 'Object Repository/PM/Huawei-vendor/Object-Type/TopX Object Types/TopX Sites/TopX Site' is clicked on

2024-08-04 13:19:02 - [MESSAGE][PASSED] - Delayed 1 second(s)

2024-08-04 13:19:02 - [MESSAGE][WARNING] - Timeout '0' is invalid. Using default page load timeout: '120'

2024-08-04 13:19:02 - [MESSAGE][PASSED] - Scroll to object 'Object Repository/PM/Huawei-vendor/Object Border' successfully

2024-08-04 13:19:02 - [MESSAGE][PASSED] - Object: 'Object Repository/PM/Huawei-vendor/Object-Type/TopX Object Types/TopX Sites/TopX East Amman Arrow' is clicked on

2024-08-04 13:19:04 - [MESSAGE][PASSED] - Object: 'Object Repository/PM/Huawei-vendor/Object-Type/TopX Object Types/TopX Sites/TopX East Amman site1' is clicked on

2024-08-04 13:19:04 - [MESSAGE][PASSED] - Object: 'Object Repository/PM/Huawei-vendor/Object-Type/TopX Object Types/TopX Sites/TopX East Amman CloseArrow' is clicked on

2024-08-04 13:19:04 - [MESSAGE][PASSED] - Object: 'Object Repository/PM/Huawei-vendor/Object-Type/TopX Object Types/TopX Sites/TopX West Amman Arrow' is clicked on

2024-08-04 13:19:06 - [MESSAGE][PASSED] - Object: 'Object Repository/PM/Huawei-vendor/Object-Type/TopX Object Types/TopX Sites/TopX West Amman site1' is clicked on

2024-08-04 13:19:06 - [MESSAGE][PASSED] - Object: 'Object Repository/PM/Huawei-vendor/Object-Type/TopX Object Types/TopX Sites/TopX West Amman CloseArrow' is clicked on

2024-08-04 13:19:06 - [MESSAGE][PASSED] - Object: 'Object Repository/PM/Huawei-vendor/Object-Type/TopX Object Types/TopX Sites/TopX North Jordan Arrow' is clicked on

2024-08-04 13:19:08 - [MESSAGE][PASSED] - Object: 'Object Repository/PM/Huawei-vendor/Object-Type/TopX Object Types/TopX Sites/TopX North Jordan site1' is clicked on

2024-08-04 13:19:08 - [MESSAGE][PASSED] - Object: 'Object Repository/PM/Huawei-vendor/Object-Type/TopX Object Types/TopX Sites/TopX North Jordan CloseArrow' is clicked on

2024-08-04 13:19:08 - [MESSAGE][PASSED] - Object: 'Object Repository/PM/Huawei-vendor/Object-Type/TopX Object Types/TopX Sites/TopX South Jordan Arrow' is clicked on

2024-08-04 13:19:09 - [MESSAGE][PASSED] - Object: 'Object Repository/PM/Huawei-vendor/Object-Type/TopX Object Types/TopX Sites/TopX South Jordan site1' is clicked on

2024-08-04 13:19:09 - [MESSAGE][PASSED] - Object: 'Object Repository/PM/Huawei-vendor/Object-Type/TopX Object Types/TopX Sites/TopX South Jordan CloseArrow' is clicked on

2024-08-04 13:19:09 - [MESSAGE][WARNING] - Timeout '0' is invalid. Using default page load timeout: '120'

2024-08-04 13:19:10 - [MESSAGE][PASSED] - Scroll to object 'Object Repository/PM/Huawei-vendor/LowXlabel' successfully

2024-08-04 13:19:10 - [MESSAGE][PASSED] - Object: 'Object Repository/PM/Huawei-vendor/TopX/TopXDate/BeforeDate' is clicked on

2024-08-04 13:19:11 - [MESSAGE][PASSED] - Delayed 1 second(s)

2024-08-04 13:19:11 - [MESSAGE][PASSED] - Object: 'Object Repository/PM/Huawei-vendor/TopX/TopXDate/Choose Month' is clicked on

2024-08-04 13:19:12 - [MESSAGE][PASSED] - Delayed 1 second(s)

2024-08-04 13:19:12 - [MESSAGE][PASSED] - Object: 'Object Repository/PM/Huawei-vendor/TopX/TopXDate/Feb' is clicked on

2024-08-04 13:19:12 - [MESSAGE][PASSED] - Object: 'Object Repository/PM/Huawei-vendor/TopX/TopXDate/Day 1' is clicked on

2024-08-04 13:19:12 - [MESSAGE][PASSED] - Object: 'Object Repository/PM/Huawei-vendor/TopX/TopXDate/Button OK' is clicked on

2024-08-04 13:19:12 - [MESSAGE][PASSED] - Object: 'Object Repository/PM/Huawei-vendor/TopX/TopXDate/After Date' is clicked on

2024-08-04 13:19:13 - [MESSAGE][PASSED] - Delayed 1 second(s)

2024-08-04 13:19:14 - [MESSAGE][PASSED] - Object: 'Object Repository/PM/Huawei-vendor/TopX/TopXDate/Choose Month' is clicked on

2024-08-04 13:19:15 - [MESSAGE][PASSED] - Delayed 1 second(s)

2024-08-04 13:19:15 - [MESSAGE][PASSED] - Object: 'Object Repository/PM/Huawei-vendor/TopX/TopXDate/Feb' is clicked on

2024-08-04 13:19:15 - [MESSAGE][PASSED] - Object: 'Object Repository/PM/Huawei-vendor/TopX/TopXDate/Day 7' is clicked on

2024-08-04 13:19:15 - [MESSAGE][PASSED] - Object: 'Object Repository/PM/Huawei-vendor/TopX/TopXDate/Button OK' is clicked on

2024-08-04 13:19:15 - [MESSAGE][PASSED] - Object: 'Object Repository/PM/Huawei-vendor/Apply-Button' is clicked on

2024-08-04 13:19:16 - [MESSAGE][WARNING] - Timeout '0' is invalid. Using default page load timeout: '120'

2024-08-04 13:19:16 - [MESSAGE][PASSED] - Web element with id: 'Object Repository/PM/Huawei-vendor/Error' located by 'By.xpath: //div[@class='toast-summary title-medium-m']' is not present after '120' second(s)

2024-08-04 13:19:16 - [MESSAGE][WARNING] - Timeout '0' is invalid. Using default page load timeout: '120'

2024-08-04 13:19:17 - [MESSAGE][PASSED] - Object 'Object Repository/PM/Huawei-vendor/Chart' is present

2024-08-04 13:19:17 - [MESSAGE][WARNING] - Timeout '0' is invalid. Using default page load timeout: '120'

2024-08-04 13:19:17 - [MESSAGE][PASSED] - Object 'Object Repository/PM/Huawei-vendor/TopX/TopX Export Chart' is present

2024-08-04 13:19:17 - [MESSAGE][WARNING] - Timeout '0' is invalid. Using default page load timeout: '120'

2024-08-04 13:19:17 - [MESSAGE][PASSED] - Object 'Object Repository/PM/Huawei-vendor/TopX/Table View' is present

2024-08-04 13:19:17 - [MESSAGE][PASSED] - Object: 'Object Repository/PM/Huawei-vendor/TopX/Table View' is clicked on

2024-08-04 13:19:18 - [MESSAGE][PASSED] - Object: 'Object Repository/PM/Huawei-vendor/TopX/Reordering the table view' is clicked on

2024-08-04 13:19:19 - [MESSAGE][PASSED] - Browser is closed

2024-08-04 13:19:19 - [MESSAGE][PASSED] - PMHwaueiTopX.TopX is PASSED]]></system-out>
         <system-err><![CDATA[]]></system-err>
      </testcase>
      <testcase name="Test Cases/PM/Hwauei/TopX/2G TopX/XSite/TopX 2G Site with LowX" time="34.812" classname="Test Cases/PM/Hwauei/TopX/2G TopX/XSite/TopX 2G Site with LowX" status="PASSED">
         <system-out><![CDATA[2024-08-04 13:19:19 - [TEST_CASE][PASSED] - Test Cases/PM/Hwauei/TopX/2G TopX/XSite/TopX 2G Site with LowX: Test Cases/PM/Hwauei/TopX/2G TopX/XSite/TopX 2G Site with LowX

2024-08-04 13:19:19 - [TEST_STEP][PASSED] - callTestCase(findTestCase("Login"), [:], STOP_ON_FAILURE): Call Test Case 'Test Cases/Login' successfully

2024-08-04 13:19:19 - [TEST_CASE][PASSED] - Test Cases/Login: Test Cases/Login

2024-08-04 13:19:19 - [TEST_STEP][PASSED] - driver = general.start(SwagerURL, NetCellURL): general.start is PASSED

2024-08-04 13:19:19 - [MESSAGE][INFO] - >>> chromeDriverPath=C:\Users\FatimaIbeid\.katalon\packages\Katalon_Studio_Windows_64-8.6.9\Katalon_Studio_Windows_64-8.6.9\configuration\resources\drivers\chromedriver_win32\chromedriver.exe

2024-08-04 13:19:21 - [MESSAGE][PASSED] - Current window maximized

2024-08-04 13:19:22 - [MESSAGE][PASSED] - Execute JavaScript 'window.open();' successfully

2024-08-04 13:19:22 - [MESSAGE][PASSED] - Switched to window with index: '1'

2024-08-04 13:19:24 - [MESSAGE][PASSED] - general.start is PASSED

2024-08-04 13:19:24 - [TEST_STEP][PASSED] - click(findTestObject("Object Repository/Login/LoginButton")): Object: 'Object Repository/Login/LoginButton' is clicked on

2024-08-04 13:19:24 - [MESSAGE][PASSED] - Object: 'Object Repository/Login/LoginButton' is clicked on

2024-08-04 13:19:24 - [TEST_STEP][PASSED] - switchToWindowIndex(2): Switched to window with index: '2'

2024-08-04 13:19:24 - [MESSAGE][PASSED] - Switched to window with index: '2'

2024-08-04 13:19:24 - [TEST_STEP][PASSED] - delay(1): Delayed 1 second(s)

2024-08-04 13:19:25 - [MESSAGE][PASSED] - Delayed 1 second(s)

2024-08-04 13:19:25 - [TEST_STEP][PASSED] - sendKeys(findTestObject("Object Repository/Login/EnterEmail"), "homam@zztjg.onmicrosoft.com"): Keys 'homam@zztjg.onmicrosoft.com' sent to object: 'Object Repository/Login/EnterEmail'

2024-08-04 13:19:27 - [MESSAGE][PASSED] - Keys 'homam@zztjg.onmicrosoft.com' sent to object: 'Object Repository/Login/EnterEmail'

2024-08-04 13:19:27 - [TEST_STEP][PASSED] - delay(1): Delayed 1 second(s)

2024-08-04 13:19:28 - [MESSAGE][PASSED] - Delayed 1 second(s)

2024-08-04 13:19:28 - [TEST_STEP][PASSED] - click(findTestObject("Object Repository/Login/NextButton")): Object: 'Object Repository/Login/NextButton' is clicked on

2024-08-04 13:19:28 - [MESSAGE][PASSED] - Object: 'Object Repository/Login/NextButton' is clicked on

2024-08-04 13:19:28 - [TEST_STEP][PASSED] - delay(2): Delayed 2 second(s)

2024-08-04 13:19:30 - [MESSAGE][PASSED] - Delayed 2 second(s)

2024-08-04 13:19:30 - [TEST_STEP][PASSED] - sendKeys(findTestObject("Object Repository/Login/EnterPassword"), "Holder12345"): Keys 'Holder12345' sent to object: 'Object Repository/Login/EnterPassword'

2024-08-04 13:19:30 - [MESSAGE][PASSED] - Keys 'Holder12345' sent to object: 'Object Repository/Login/EnterPassword'

2024-08-04 13:19:30 - [TEST_STEP][PASSED] - delay(1): Delayed 1 second(s)

2024-08-04 13:19:31 - [MESSAGE][PASSED] - Delayed 1 second(s)

2024-08-04 13:19:31 - [TEST_STEP][PASSED] - click(findTestObject("Object Repository/Login/SigninButton")): Object: 'Object Repository/Login/SigninButton' is clicked on

2024-08-04 13:19:32 - [MESSAGE][PASSED] - Object: 'Object Repository/Login/SigninButton' is clicked on

2024-08-04 13:19:32 - [TEST_STEP][PASSED] - delay(1): Delayed 1 second(s)

2024-08-04 13:19:33 - [MESSAGE][PASSED] - Delayed 1 second(s)

2024-08-04 13:19:33 - [TEST_STEP][PASSED] - click(findTestObject("Object Repository/Login/YesStayInButton")): Object: 'Object Repository/Login/YesStayInButton' is clicked on

2024-08-04 13:19:33 - [MESSAGE][PASSED] - Object: 'Object Repository/Login/YesStayInButton' is clicked on

2024-08-04 13:19:33 - [MESSAGE][PASSED] - Call Test Case 'Test Cases/Login' successfully

2024-08-04 13:19:33 - [TEST_STEP][PASSED] - switchToWindowIndex(1): Switched to window with index: '1'

2024-08-04 13:19:34 - [MESSAGE][PASSED] - Switched to window with index: '1'

2024-08-04 13:19:34 - [TEST_STEP][PASSED] - PMHwaueiTopX.TopX("2G", "Site", false, "Hourly", true, null): PMHwaueiTopX.TopX is PASSED

2024-08-04 13:19:34 - [MESSAGE][PASSED] - Object: 'Object Repository/PM/PM-Button' is clicked on

2024-08-04 13:19:34 - [MESSAGE][PASSED] - Switched to window with index: '2'

2024-08-04 13:19:36 - [MESSAGE][PASSED] - Object: 'Object Repository/PM/Huawei-vendor/Data-view/TopX' is clicked on

2024-08-04 13:19:36 - [MESSAGE][PASSED] - Object: 'Object Repository/PM/Huawei-vendor/Technology/Technology-Arrow' is clicked on

2024-08-04 13:19:36 - [MESSAGE][PASSED] - Object: 'Object Repository/PM/Huawei-vendor/Technology/2G' is clicked on

2024-08-04 13:19:36 - [MESSAGE][PASSED] - Object: 'Object Repository/PM/Huawei-vendor/TopX/TopX Object Type' is clicked on

2024-08-04 13:19:37 - [MESSAGE][PASSED] - Delayed 1 second(s)

2024-08-04 13:19:37 - [MESSAGE][PASSED] - Object: 'Object Repository/PM/Huawei-vendor/Object-Type/TopX Object Types/TopX Sites/TopX Site' is clicked on

2024-08-04 13:19:38 - [MESSAGE][PASSED] - Delayed 1 second(s)

2024-08-04 13:19:38 - [MESSAGE][WARNING] - Timeout '0' is invalid. Using default page load timeout: '120'

2024-08-04 13:19:38 - [MESSAGE][PASSED] - Scroll to object 'Object Repository/PM/Huawei-vendor/Object Border' successfully

2024-08-04 13:19:39 - [MESSAGE][PASSED] - Object: 'Object Repository/PM/Huawei-vendor/Object-Type/TopX Object Types/TopX Sites/TopX East Amman Arrow' is clicked on

2024-08-04 13:19:40 - [MESSAGE][PASSED] - Object: 'Object Repository/PM/Huawei-vendor/Object-Type/TopX Object Types/TopX Sites/TopX East Amman site1' is clicked on

2024-08-04 13:19:40 - [MESSAGE][PASSED] - Object: 'Object Repository/PM/Huawei-vendor/Object-Type/TopX Object Types/TopX Sites/TopX East Amman CloseArrow' is clicked on

2024-08-04 13:19:40 - [MESSAGE][PASSED] - Object: 'Object Repository/PM/Huawei-vendor/Object-Type/TopX Object Types/TopX Sites/TopX West Amman Arrow' is clicked on

2024-08-04 13:19:42 - [MESSAGE][PASSED] - Object: 'Object Repository/PM/Huawei-vendor/Object-Type/TopX Object Types/TopX Sites/TopX West Amman site1' is clicked on

2024-08-04 13:19:42 - [MESSAGE][PASSED] - Object: 'Object Repository/PM/Huawei-vendor/Object-Type/TopX Object Types/TopX Sites/TopX West Amman CloseArrow' is clicked on

2024-08-04 13:19:42 - [MESSAGE][PASSED] - Object: 'Object Repository/PM/Huawei-vendor/Object-Type/TopX Object Types/TopX Sites/TopX North Jordan Arrow' is clicked on

2024-08-04 13:19:44 - [MESSAGE][PASSED] - Object: 'Object Repository/PM/Huawei-vendor/Object-Type/TopX Object Types/TopX Sites/TopX North Jordan site1' is clicked on

2024-08-04 13:19:44 - [MESSAGE][PASSED] - Object: 'Object Repository/PM/Huawei-vendor/Object-Type/TopX Object Types/TopX Sites/TopX North Jordan CloseArrow' is clicked on

2024-08-04 13:19:44 - [MESSAGE][PASSED] - Object: 'Object Repository/PM/Huawei-vendor/Object-Type/TopX Object Types/TopX Sites/TopX South Jordan Arrow' is clicked on

2024-08-04 13:19:45 - [MESSAGE][PASSED] - Object: 'Object Repository/PM/Huawei-vendor/Object-Type/TopX Object Types/TopX Sites/TopX South Jordan site1' is clicked on

2024-08-04 13:19:46 - [MESSAGE][PASSED] - Object: 'Object Repository/PM/Huawei-vendor/Object-Type/TopX Object Types/TopX Sites/TopX South Jordan CloseArrow' is clicked on

2024-08-04 13:19:46 - [MESSAGE][WARNING] - Timeout '0' is invalid. Using default page load timeout: '120'

2024-08-04 13:19:46 - [MESSAGE][PASSED] - Scroll to object 'Object Repository/PM/Huawei-vendor/LowXlabel' successfully

2024-08-04 13:19:46 - [MESSAGE][PASSED] - Object: 'Object Repository/PM/Huawei-vendor/TopX/TopXDate/BeforeDate' is clicked on

2024-08-04 13:19:47 - [MESSAGE][PASSED] - Delayed 1 second(s)

2024-08-04 13:19:47 - [MESSAGE][PASSED] - Object: 'Object Repository/PM/Huawei-vendor/TopX/TopXDate/Choose Month' is clicked on

2024-08-04 13:19:48 - [MESSAGE][PASSED] - Delayed 1 second(s)

2024-08-04 13:19:48 - [MESSAGE][PASSED] - Object: 'Object Repository/PM/Huawei-vendor/TopX/TopXDate/Feb' is clicked on

2024-08-04 13:19:48 - [MESSAGE][PASSED] - Object: 'Object Repository/PM/Huawei-vendor/TopX/TopXDate/Day 1' is clicked on

2024-08-04 13:19:48 - [MESSAGE][PASSED] - Object: 'Object Repository/PM/Huawei-vendor/TopX/TopXDate/Button OK' is clicked on

2024-08-04 13:19:49 - [MESSAGE][PASSED] - Object: 'Object Repository/PM/Huawei-vendor/TopX/TopXDate/After Date' is clicked on

2024-08-04 13:19:50 - [MESSAGE][PASSED] - Delayed 1 second(s)

2024-08-04 13:19:50 - [MESSAGE][PASSED] - Object: 'Object Repository/PM/Huawei-vendor/TopX/TopXDate/Choose Month' is clicked on

2024-08-04 13:19:51 - [MESSAGE][PASSED] - Delayed 1 second(s)

2024-08-04 13:19:51 - [MESSAGE][PASSED] - Object: 'Object Repository/PM/Huawei-vendor/TopX/TopXDate/Feb' is clicked on

2024-08-04 13:19:51 - [MESSAGE][PASSED] - Object: 'Object Repository/PM/Huawei-vendor/TopX/TopXDate/Day 7' is clicked on

2024-08-04 13:19:51 - [MESSAGE][PASSED] - Object: 'Object Repository/PM/Huawei-vendor/TopX/TopXDate/Button OK' is clicked on

2024-08-04 13:19:52 - [MESSAGE][PASSED] - Object: 'Object Repository/PM/Huawei-vendor/LowXCheckBox' is clicked on

2024-08-04 13:19:52 - [MESSAGE][PASSED] - Object: 'Object Repository/PM/Huawei-vendor/Apply-Button' is clicked on

2024-08-04 13:19:52 - [MESSAGE][WARNING] - Timeout '0' is invalid. Using default page load timeout: '120'

2024-08-04 13:19:52 - [MESSAGE][PASSED] - Web element with id: 'Object Repository/PM/Huawei-vendor/Error' located by 'By.xpath: //div[@class='toast-summary title-medium-m']' is not present after '120' second(s)

2024-08-04 13:19:52 - [MESSAGE][WARNING] - Timeout '0' is invalid. Using default page load timeout: '120'

2024-08-04 13:19:52 - [MESSAGE][PASSED] - Object 'Object Repository/PM/Huawei-vendor/Chart' is present

2024-08-04 13:19:52 - [MESSAGE][WARNING] - Timeout '0' is invalid. Using default page load timeout: '120'

2024-08-04 13:19:53 - [MESSAGE][PASSED] - Object 'Object Repository/PM/Huawei-vendor/TopX/TopX Export Chart' is present

2024-08-04 13:19:53 - [MESSAGE][WARNING] - Timeout '0' is invalid. Using default page load timeout: '120'

2024-08-04 13:19:53 - [MESSAGE][PASSED] - Object 'Object Repository/PM/Huawei-vendor/TopX/Table View' is present

2024-08-04 13:19:53 - [MESSAGE][PASSED] - Object: 'Object Repository/PM/Huawei-vendor/TopX/Table View' is clicked on

2024-08-04 13:19:53 - [MESSAGE][PASSED] - Object: 'Object Repository/PM/Huawei-vendor/TopX/Reordering the table view' is clicked on

2024-08-04 13:19:54 - [MESSAGE][PASSED] - Browser is closed

2024-08-04 13:19:54 - [MESSAGE][PASSED] - PMHwaueiTopX.TopX is PASSED]]></system-out>
         <system-err><![CDATA[]]></system-err>
      </testcase>
      <testcase name="Test Cases/PM/Hwauei/TopX/2G TopX/XSite/TopX 2G Site Daily" time="35.836" classname="Test Cases/PM/Hwauei/TopX/2G TopX/XSite/TopX 2G Site Daily" status="PASSED">
         <system-out><![CDATA[2024-08-04 13:19:54 - [TEST_CASE][PASSED] - Test Cases/PM/Hwauei/TopX/2G TopX/XSite/TopX 2G Site Daily: Test Cases/PM/Hwauei/TopX/2G TopX/XSite/TopX 2G Site Daily

2024-08-04 13:19:54 - [TEST_STEP][PASSED] - callTestCase(findTestCase("Login"), [:], STOP_ON_FAILURE): Call Test Case 'Test Cases/Login' successfully

2024-08-04 13:19:54 - [TEST_CASE][PASSED] - Test Cases/Login: Test Cases/Login

2024-08-04 13:19:54 - [TEST_STEP][PASSED] - driver = general.start(SwagerURL, NetCellURL): general.start is PASSED

2024-08-04 13:19:54 - [MESSAGE][INFO] - >>> chromeDriverPath=C:\Users\FatimaIbeid\.katalon\packages\Katalon_Studio_Windows_64-8.6.9\Katalon_Studio_Windows_64-8.6.9\configuration\resources\drivers\chromedriver_win32\chromedriver.exe

2024-08-04 13:19:55 - [MESSAGE][PASSED] - Current window maximized

2024-08-04 13:19:56 - [MESSAGE][PASSED] - Execute JavaScript 'window.open();' successfully

2024-08-04 13:19:56 - [MESSAGE][PASSED] - Switched to window with index: '1'

2024-08-04 13:19:57 - [MESSAGE][PASSED] - general.start is PASSED

2024-08-04 13:19:57 - [TEST_STEP][PASSED] - click(findTestObject("Object Repository/Login/LoginButton")): Object: 'Object Repository/Login/LoginButton' is clicked on

2024-08-04 13:19:57 - [MESSAGE][PASSED] - Object: 'Object Repository/Login/LoginButton' is clicked on

2024-08-04 13:19:57 - [TEST_STEP][PASSED] - switchToWindowIndex(2): Switched to window with index: '2'

2024-08-04 13:19:57 - [MESSAGE][PASSED] - Switched to window with index: '2'

2024-08-04 13:19:57 - [TEST_STEP][PASSED] - delay(1): Delayed 1 second(s)

2024-08-04 13:19:58 - [MESSAGE][PASSED] - Delayed 1 second(s)

2024-08-04 13:19:58 - [TEST_STEP][PASSED] - sendKeys(findTestObject("Object Repository/Login/EnterEmail"), "homam@zztjg.onmicrosoft.com"): Keys 'homam@zztjg.onmicrosoft.com' sent to object: 'Object Repository/Login/EnterEmail'

2024-08-04 13:19:59 - [MESSAGE][PASSED] - Keys 'homam@zztjg.onmicrosoft.com' sent to object: 'Object Repository/Login/EnterEmail'

2024-08-04 13:19:59 - [TEST_STEP][PASSED] - delay(1): Delayed 1 second(s)

2024-08-04 13:20:00 - [MESSAGE][PASSED] - Delayed 1 second(s)

2024-08-04 13:20:00 - [TEST_STEP][PASSED] - click(findTestObject("Object Repository/Login/NextButton")): Object: 'Object Repository/Login/NextButton' is clicked on

2024-08-04 13:20:00 - [MESSAGE][PASSED] - Object: 'Object Repository/Login/NextButton' is clicked on

2024-08-04 13:20:00 - [TEST_STEP][PASSED] - delay(2): Delayed 2 second(s)

2024-08-04 13:20:02 - [MESSAGE][PASSED] - Delayed 2 second(s)

2024-08-04 13:20:02 - [TEST_STEP][PASSED] - sendKeys(findTestObject("Object Repository/Login/EnterPassword"), "Holder12345"): Keys 'Holder12345' sent to object: 'Object Repository/Login/EnterPassword'

2024-08-04 13:20:02 - [MESSAGE][PASSED] - Keys 'Holder12345' sent to object: 'Object Repository/Login/EnterPassword'

2024-08-04 13:20:02 - [TEST_STEP][PASSED] - delay(1): Delayed 1 second(s)

2024-08-04 13:20:03 - [MESSAGE][PASSED] - Delayed 1 second(s)

2024-08-04 13:20:03 - [TEST_STEP][PASSED] - click(findTestObject("Object Repository/Login/SigninButton")): Object: 'Object Repository/Login/SigninButton' is clicked on

2024-08-04 13:20:04 - [MESSAGE][PASSED] - Object: 'Object Repository/Login/SigninButton' is clicked on

2024-08-04 13:20:04 - [TEST_STEP][PASSED] - delay(1): Delayed 1 second(s)

2024-08-04 13:20:05 - [MESSAGE][PASSED] - Delayed 1 second(s)

2024-08-04 13:20:05 - [TEST_STEP][PASSED] - click(findTestObject("Object Repository/Login/YesStayInButton")): Object: 'Object Repository/Login/YesStayInButton' is clicked on

2024-08-04 13:20:05 - [MESSAGE][PASSED] - Object: 'Object Repository/Login/YesStayInButton' is clicked on

2024-08-04 13:20:05 - [MESSAGE][PASSED] - Call Test Case 'Test Cases/Login' successfully

2024-08-04 13:20:05 - [TEST_STEP][PASSED] - switchToWindowIndex(1): Switched to window with index: '1'

2024-08-04 13:20:05 - [MESSAGE][PASSED] - Switched to window with index: '1'

2024-08-04 13:20:05 - [TEST_STEP][PASSED] - PMHwaueiTopX.TopX("2G", "Site", false, "Daily", false, null): PMHwaueiTopX.TopX is PASSED

2024-08-04 13:20:06 - [MESSAGE][PASSED] - Object: 'Object Repository/PM/PM-Button' is clicked on

2024-08-04 13:20:06 - [MESSAGE][PASSED] - Switched to window with index: '2'

2024-08-04 13:20:08 - [MESSAGE][PASSED] - Object: 'Object Repository/PM/Huawei-vendor/Data-view/TopX' is clicked on

2024-08-04 13:20:08 - [MESSAGE][PASSED] - Object: 'Object Repository/PM/Huawei-vendor/Technology/Technology-Arrow' is clicked on

2024-08-04 13:20:08 - [MESSAGE][PASSED] - Object: 'Object Repository/PM/Huawei-vendor/Technology/2G' is clicked on

2024-08-04 13:20:08 - [MESSAGE][PASSED] - Object: 'Object Repository/PM/Huawei-vendor/TopX/TopX Object Type' is clicked on

2024-08-04 13:20:09 - [MESSAGE][PASSED] - Delayed 1 second(s)

2024-08-04 13:20:09 - [MESSAGE][PASSED] - Object: 'Object Repository/PM/Huawei-vendor/Object-Type/TopX Object Types/TopX Sites/TopX Site' is clicked on

2024-08-04 13:20:10 - [MESSAGE][PASSED] - Delayed 1 second(s)

2024-08-04 13:20:10 - [MESSAGE][WARNING] - Timeout '0' is invalid. Using default page load timeout: '120'

2024-08-04 13:20:10 - [MESSAGE][PASSED] - Scroll to object 'Object Repository/PM/Huawei-vendor/Object Border' successfully

2024-08-04 13:20:11 - [MESSAGE][PASSED] - Object: 'Object Repository/PM/Huawei-vendor/Object-Type/TopX Object Types/TopX Sites/TopX East Amman Arrow' is clicked on

2024-08-04 13:20:12 - [MESSAGE][PASSED] - Object: 'Object Repository/PM/Huawei-vendor/Object-Type/TopX Object Types/TopX Sites/TopX East Amman site1' is clicked on

2024-08-04 13:20:13 - [MESSAGE][PASSED] - Object: 'Object Repository/PM/Huawei-vendor/Object-Type/TopX Object Types/TopX Sites/TopX East Amman CloseArrow' is clicked on

2024-08-04 13:20:13 - [MESSAGE][PASSED] - Object: 'Object Repository/PM/Huawei-vendor/Object-Type/TopX Object Types/TopX Sites/TopX West Amman Arrow' is clicked on

2024-08-04 13:20:14 - [MESSAGE][PASSED] - Object: 'Object Repository/PM/Huawei-vendor/Object-Type/TopX Object Types/TopX Sites/TopX West Amman site1' is clicked on

2024-08-04 13:20:14 - [MESSAGE][PASSED] - Object: 'Object Repository/PM/Huawei-vendor/Object-Type/TopX Object Types/TopX Sites/TopX West Amman CloseArrow' is clicked on

2024-08-04 13:20:14 - [MESSAGE][PASSED] - Object: 'Object Repository/PM/Huawei-vendor/Object-Type/TopX Object Types/TopX Sites/TopX North Jordan Arrow' is clicked on

2024-08-04 13:20:17 - [MESSAGE][PASSED] - Object: 'Object Repository/PM/Huawei-vendor/Object-Type/TopX Object Types/TopX Sites/TopX North Jordan site1' is clicked on

2024-08-04 13:20:17 - [MESSAGE][PASSED] - Object: 'Object Repository/PM/Huawei-vendor/Object-Type/TopX Object Types/TopX Sites/TopX North Jordan CloseArrow' is clicked on

2024-08-04 13:20:17 - [MESSAGE][PASSED] - Object: 'Object Repository/PM/Huawei-vendor/Object-Type/TopX Object Types/TopX Sites/TopX South Jordan Arrow' is clicked on

2024-08-04 13:20:18 - [MESSAGE][PASSED] - Object: 'Object Repository/PM/Huawei-vendor/Object-Type/TopX Object Types/TopX Sites/TopX South Jordan site1' is clicked on

2024-08-04 13:20:18 - [MESSAGE][PASSED] - Object: 'Object Repository/PM/Huawei-vendor/Object-Type/TopX Object Types/TopX Sites/TopX South Jordan CloseArrow' is clicked on

2024-08-04 13:20:18 - [MESSAGE][WARNING] - Timeout '0' is invalid. Using default page load timeout: '120'

2024-08-04 13:20:18 - [MESSAGE][PASSED] - Scroll to object 'Object Repository/PM/Huawei-vendor/LowXlabel' successfully

2024-08-04 13:20:18 - [MESSAGE][PASSED] - Object: 'Object Repository/PM/Huawei-vendor/Resolution Temp/Select Resolution temp' is clicked on

2024-08-04 13:20:19 - [MESSAGE][PASSED] - Object: 'Object Repository/PM/Huawei-vendor/Resolution Temp/Resolution Temp Daily' is clicked on

2024-08-04 13:20:19 - [MESSAGE][PASSED] - Object: 'Object Repository/PM/Huawei-vendor/TopX/TopXDate/BeforeDate' is clicked on

2024-08-04 13:20:20 - [MESSAGE][PASSED] - Delayed 1 second(s)

2024-08-04 13:20:20 - [MESSAGE][PASSED] - Object: 'Object Repository/PM/Huawei-vendor/TopX/TopXDate/Choose Month' is clicked on

2024-08-04 13:20:21 - [MESSAGE][PASSED] - Delayed 1 second(s)

2024-08-04 13:20:21 - [MESSAGE][PASSED] - Object: 'Object Repository/PM/Huawei-vendor/TopX/TopXDate/Feb' is clicked on

2024-08-04 13:20:21 - [MESSAGE][PASSED] - Object: 'Object Repository/PM/Huawei-vendor/TopX/TopXDate/Day 1' is clicked on

2024-08-04 13:20:21 - [MESSAGE][PASSED] - Object: 'Object Repository/PM/Huawei-vendor/TopX/TopXDate/Button OK' is clicked on

2024-08-04 13:20:22 - [MESSAGE][PASSED] - Object: 'Object Repository/PM/Huawei-vendor/TopX/TopXDate/After Date' is clicked on

2024-08-04 13:20:23 - [MESSAGE][PASSED] - Delayed 1 second(s)

2024-08-04 13:20:23 - [MESSAGE][PASSED] - Object: 'Object Repository/PM/Huawei-vendor/TopX/TopXDate/Choose Month' is clicked on

2024-08-04 13:20:24 - [MESSAGE][PASSED] - Delayed 1 second(s)

2024-08-04 13:20:24 - [MESSAGE][PASSED] - Object: 'Object Repository/PM/Huawei-vendor/TopX/TopXDate/Feb' is clicked on

2024-08-04 13:20:24 - [MESSAGE][PASSED] - Object: 'Object Repository/PM/Huawei-vendor/TopX/TopXDate/Day 7' is clicked on

2024-08-04 13:20:24 - [MESSAGE][PASSED] - Object: 'Object Repository/PM/Huawei-vendor/TopX/TopXDate/Button OK' is clicked on

2024-08-04 13:20:25 - [MESSAGE][PASSED] - Object: 'Object Repository/PM/Huawei-vendor/Apply-Button' is clicked on

2024-08-04 13:20:25 - [MESSAGE][WARNING] - Timeout '0' is invalid. Using default page load timeout: '120'

2024-08-04 13:20:25 - [MESSAGE][PASSED] - Web element with id: 'Object Repository/PM/Huawei-vendor/Error' located by 'By.xpath: //div[@class='toast-summary title-medium-m']' is not present after '120' second(s)

2024-08-04 13:20:25 - [MESSAGE][WARNING] - Timeout '0' is invalid. Using default page load timeout: '120'

2024-08-04 13:20:28 - [MESSAGE][PASSED] - Object 'Object Repository/PM/Huawei-vendor/Chart' is present

2024-08-04 13:20:28 - [MESSAGE][WARNING] - Timeout '0' is invalid. Using default page load timeout: '120'

2024-08-04 13:20:28 - [MESSAGE][PASSED] - Object 'Object Repository/PM/Huawei-vendor/TopX/TopX Export Chart' is present

2024-08-04 13:20:28 - [MESSAGE][WARNING] - Timeout '0' is invalid. Using default page load timeout: '120'

2024-08-04 13:20:28 - [MESSAGE][PASSED] - Object 'Object Repository/PM/Huawei-vendor/TopX/Table View' is present

2024-08-04 13:20:28 - [MESSAGE][PASSED] - Object: 'Object Repository/PM/Huawei-vendor/TopX/Table View' is clicked on

2024-08-04 13:20:29 - [MESSAGE][PASSED] - Object: 'Object Repository/PM/Huawei-vendor/TopX/Reordering the table view' is clicked on

2024-08-04 13:20:29 - [MESSAGE][PASSED] - Browser is closed

2024-08-04 13:20:29 - [MESSAGE][PASSED] - PMHwaueiTopX.TopX is PASSED]]></system-out>
         <system-err><![CDATA[]]></system-err>
      </testcase>
      <testcase name="Test Cases/PM/Hwauei/TopX/2G TopX/XSite/TopX 2G Site DailyBH" time="152.393" classname="Test Cases/PM/Hwauei/TopX/2G TopX/XSite/TopX 2G Site DailyBH" status="FAILED">
         <failure type="FAILED" message="Test Cases/PM/Hwauei/TopX/2G TopX/XSite/TopX 2G Site DailyBH FAILED.
Reason:
com.kms.katalon.core.exception.StepFailedException: Unable to verify object 'Object Repository/PM/Huawei-vendor/Chart' is present
	at com.kms.katalon.core.webui.keyword.internal.WebUIKeywordMain.stepFailed(WebUIKeywordMain.groovy:64)
	at com.kms.katalon.core.webui.keyword.internal.WebUIKeywordMain.runKeyword(WebUIKeywordMain.groovy:26)
	at com.kms.katalon.core.webui.keyword.builtin.VerifyElementPresentKeyword.verifyElementPresent(VerifyElementPresentKeyword.groovy:92)
	at com.kms.katalon.core.webui.keyword.builtin.VerifyElementPresentKeyword.execute(VerifyElementPresentKeyword.groovy:68)
	at com.kms.katalon.core.keyword.internal.KeywordExecutor.executeKeywordForPlatform(KeywordExecutor.groovy:74)
	at com.kms.katalon.core.webui.keyword.WebUiBuiltInKeywords.verifyElementPresent(WebUiBuiltInKeywords.groovy:1464)
	at com.kms.katalon.core.webui.keyword.WebUiBuiltInKeywords$verifyElementPresent$6.call(Unknown Source)
	at PMHwaueiTopX.TopX(PMHwaueiTopX.groovy:1593)
	at PMHwaueiTopX.invokeMethod(PMHwaueiTopX.groovy)
	at com.kms.katalon.core.main.CustomKeywordDelegatingMetaClass.invokeStaticMethod(CustomKeywordDelegatingMetaClass.java:55)
	at TopX 2G Site DailyBH.run(TopX 2G Site DailyBH:29)
	at com.kms.katalon.core.main.ScriptEngine.run(ScriptEngine.java:194)
	at com.kms.katalon.core.main.ScriptEngine.runScriptAsRawText(ScriptEngine.java:119)
	at com.kms.katalon.core.main.TestCaseExecutor.runScript(TestCaseExecutor.java:448)
	at com.kms.katalon.core.main.TestCaseExecutor.doExecute(TestCaseExecutor.java:439)
	at com.kms.katalon.core.main.TestCaseExecutor.processExecutionPhase(TestCaseExecutor.java:418)
	at com.kms.katalon.core.main.TestCaseExecutor.accessMainPhase(TestCaseExecutor.java:410)
	at com.kms.katalon.core.main.TestCaseExecutor.execute(TestCaseExecutor.java:285)
	at com.kms.katalon.core.common.CommonExecutor.accessTestCaseMainPhase(CommonExecutor.java:65)
	at com.kms.katalon.core.main.TestSuiteExecutor.accessTestSuiteMainPhase(TestSuiteExecutor.java:148)
	at com.kms.katalon.core.main.TestSuiteExecutor.execute(TestSuiteExecutor.java:106)
	at com.kms.katalon.core.main.TestCaseMain.startTestSuite(TestCaseMain.java:187)
	at com.kms.katalon.core.main.TestCaseMain$startTestSuite$0.call(Unknown Source)
	at TempTestSuite1722766020200.run(TempTestSuite1722766020200.groovy:35)
Caused by: com.kms.katalon.core.exception.StepFailedException: com.kms.katalon.core.webui.exception.WebElementNotFoundException: Web element with id: 'Object Repository/PM/Huawei-vendor/Chart' located by '//*[@id=&quot;chart-container&quot;]/div/app-main-chart-component[1]/div/div[2]/div[2]/div/div/div[1]/canvas' not found
	at com.kms.katalon.core.webui.keyword.internal.WebUIKeywordMain.stepFailed(WebUIKeywordMain.groovy:64)
	at com.kms.katalon.core.webui.keyword.builtin.VerifyElementPresentKeyword$_verifyElementPresent_closure1.doCall(VerifyElementPresentKeyword.groovy:85)
	at com.kms.katalon.core.webui.keyword.builtin.VerifyElementPresentKeyword$_verifyElementPresent_closure1.call(VerifyElementPresentKeyword.groovy)
	at com.kms.katalon.core.webui.keyword.internal.WebUIKeywordMain.runKeyword(WebUIKeywordMain.groovy:20)
	... 22 more
"/>
         <system-out><![CDATA[2024-08-04 13:20:29 - [TEST_CASE][FAILED] - Test Cases/PM/Hwauei/TopX/2G TopX/XSite/TopX 2G Site DailyBH: Test Cases/PM/Hwauei/TopX/2G TopX/XSite/TopX 2G Site DailyBH FAILED.
Reason:
com.kms.katalon.core.exception.StepFailedException: Unable to verify object 'Object Repository/PM/Huawei-vendor/Chart' is present
	at com.kms.katalon.core.webui.keyword.internal.WebUIKeywordMain.stepFailed(WebUIKeywordMain.groovy:64)
	at com.kms.katalon.core.webui.keyword.internal.WebUIKeywordMain.runKeyword(WebUIKeywordMain.groovy:26)
	at com.kms.katalon.core.webui.keyword.builtin.VerifyElementPresentKeyword.verifyElementPresent(VerifyElementPresentKeyword.groovy:92)
	at com.kms.katalon.core.webui.keyword.builtin.VerifyElementPresentKeyword.execute(VerifyElementPresentKeyword.groovy:68)
	at com.kms.katalon.core.keyword.internal.KeywordExecutor.executeKeywordForPlatform(KeywordExecutor.groovy:74)
	at com.kms.katalon.core.webui.keyword.WebUiBuiltInKeywords.verifyElementPresent(WebUiBuiltInKeywords.groovy:1464)
	at com.kms.katalon.core.webui.keyword.WebUiBuiltInKeywords$verifyElementPresent$6.call(Unknown Source)
	at PMHwaueiTopX.TopX(PMHwaueiTopX.groovy:1593)
	at PMHwaueiTopX.invokeMethod(PMHwaueiTopX.groovy)
	at com.kms.katalon.core.main.CustomKeywordDelegatingMetaClass.invokeStaticMethod(CustomKeywordDelegatingMetaClass.java:55)
	at TopX 2G Site DailyBH.run(TopX 2G Site DailyBH:29)
	at com.kms.katalon.core.main.ScriptEngine.run(ScriptEngine.java:194)
	at com.kms.katalon.core.main.ScriptEngine.runScriptAsRawText(ScriptEngine.java:119)
	at com.kms.katalon.core.main.TestCaseExecutor.runScript(TestCaseExecutor.java:448)
	at com.kms.katalon.core.main.TestCaseExecutor.doExecute(TestCaseExecutor.java:439)
	at com.kms.katalon.core.main.TestCaseExecutor.processExecutionPhase(TestCaseExecutor.java:418)
	at com.kms.katalon.core.main.TestCaseExecutor.accessMainPhase(TestCaseExecutor.java:410)
	at com.kms.katalon.core.main.TestCaseExecutor.execute(TestCaseExecutor.java:285)
	at com.kms.katalon.core.common.CommonExecutor.accessTestCaseMainPhase(CommonExecutor.java:65)
	at com.kms.katalon.core.main.TestSuiteExecutor.accessTestSuiteMainPhase(TestSuiteExecutor.java:148)
	at com.kms.katalon.core.main.TestSuiteExecutor.execute(TestSuiteExecutor.java:106)
	at com.kms.katalon.core.main.TestCaseMain.startTestSuite(TestCaseMain.java:187)
	at com.kms.katalon.core.main.TestCaseMain$startTestSuite$0.call(Unknown Source)
	at TempTestSuite1722766020200.run(TempTestSuite1722766020200.groovy:35)
Caused by: com.kms.katalon.core.exception.StepFailedException: com.kms.katalon.core.webui.exception.WebElementNotFoundException: Web element with id: 'Object Repository/PM/Huawei-vendor/Chart' located by '//*[@id="chart-container"]/div/app-main-chart-component[1]/div/div[2]/div[2]/div/div/div[1]/canvas' not found
	at com.kms.katalon.core.webui.keyword.internal.WebUIKeywordMain.stepFailed(WebUIKeywordMain.groovy:64)
	at com.kms.katalon.core.webui.keyword.builtin.VerifyElementPresentKeyword$_verifyElementPresent_closure1.doCall(VerifyElementPresentKeyword.groovy:85)
	at com.kms.katalon.core.webui.keyword.builtin.VerifyElementPresentKeyword$_verifyElementPresent_closure1.call(VerifyElementPresentKeyword.groovy)
	at com.kms.katalon.core.webui.keyword.internal.WebUIKeywordMain.runKeyword(WebUIKeywordMain.groovy:20)
	... 22 more


2024-08-04 13:20:30 - [TEST_STEP][PASSED] - callTestCase(findTestCase("Login"), [:], STOP_ON_FAILURE): Call Test Case 'Test Cases/Login' successfully

2024-08-04 13:20:30 - [TEST_CASE][PASSED] - Test Cases/Login: Test Cases/Login

2024-08-04 13:20:30 - [TEST_STEP][PASSED] - driver = general.start(SwagerURL, NetCellURL): general.start is PASSED

2024-08-04 13:20:30 - [MESSAGE][INFO] - >>> chromeDriverPath=C:\Users\FatimaIbeid\.katalon\packages\Katalon_Studio_Windows_64-8.6.9\Katalon_Studio_Windows_64-8.6.9\configuration\resources\drivers\chromedriver_win32\chromedriver.exe

2024-08-04 13:20:31 - [MESSAGE][PASSED] - Current window maximized

2024-08-04 13:20:32 - [MESSAGE][PASSED] - Execute JavaScript 'window.open();' successfully

2024-08-04 13:20:32 - [MESSAGE][PASSED] - Switched to window with index: '1'

2024-08-04 13:20:33 - [MESSAGE][PASSED] - general.start is PASSED

2024-08-04 13:20:33 - [TEST_STEP][PASSED] - click(findTestObject("Object Repository/Login/LoginButton")): Object: 'Object Repository/Login/LoginButton' is clicked on

2024-08-04 13:20:33 - [MESSAGE][PASSED] - Object: 'Object Repository/Login/LoginButton' is clicked on

2024-08-04 13:20:33 - [TEST_STEP][PASSED] - switchToWindowIndex(2): Switched to window with index: '2'

2024-08-04 13:20:33 - [MESSAGE][PASSED] - Switched to window with index: '2'

2024-08-04 13:20:33 - [TEST_STEP][PASSED] - delay(1): Delayed 1 second(s)

2024-08-04 13:20:34 - [MESSAGE][PASSED] - Delayed 1 second(s)

2024-08-04 13:20:34 - [TEST_STEP][PASSED] - sendKeys(findTestObject("Object Repository/Login/EnterEmail"), "homam@zztjg.onmicrosoft.com"): Keys 'homam@zztjg.onmicrosoft.com' sent to object: 'Object Repository/Login/EnterEmail'

2024-08-04 13:20:35 - [MESSAGE][PASSED] - Keys 'homam@zztjg.onmicrosoft.com' sent to object: 'Object Repository/Login/EnterEmail'

2024-08-04 13:20:35 - [TEST_STEP][PASSED] - delay(1): Delayed 1 second(s)

2024-08-04 13:20:36 - [MESSAGE][PASSED] - Delayed 1 second(s)

2024-08-04 13:20:36 - [TEST_STEP][PASSED] - click(findTestObject("Object Repository/Login/NextButton")): Object: 'Object Repository/Login/NextButton' is clicked on

2024-08-04 13:20:37 - [MESSAGE][PASSED] - Object: 'Object Repository/Login/NextButton' is clicked on

2024-08-04 13:20:37 - [TEST_STEP][PASSED] - delay(2): Delayed 2 second(s)

2024-08-04 13:20:39 - [MESSAGE][PASSED] - Delayed 2 second(s)

2024-08-04 13:20:39 - [TEST_STEP][PASSED] - sendKeys(findTestObject("Object Repository/Login/EnterPassword"), "Holder12345"): Keys 'Holder12345' sent to object: 'Object Repository/Login/EnterPassword'

2024-08-04 13:20:39 - [MESSAGE][PASSED] - Keys 'Holder12345' sent to object: 'Object Repository/Login/EnterPassword'

2024-08-04 13:20:39 - [TEST_STEP][PASSED] - delay(1): Delayed 1 second(s)

2024-08-04 13:20:40 - [MESSAGE][PASSED] - Delayed 1 second(s)

2024-08-04 13:20:40 - [TEST_STEP][PASSED] - click(findTestObject("Object Repository/Login/SigninButton")): Object: 'Object Repository/Login/SigninButton' is clicked on

2024-08-04 13:20:40 - [MESSAGE][PASSED] - Object: 'Object Repository/Login/SigninButton' is clicked on

2024-08-04 13:20:40 - [TEST_STEP][PASSED] - delay(1): Delayed 1 second(s)

2024-08-04 13:20:41 - [MESSAGE][PASSED] - Delayed 1 second(s)

2024-08-04 13:20:41 - [TEST_STEP][PASSED] - click(findTestObject("Object Repository/Login/YesStayInButton")): Object: 'Object Repository/Login/YesStayInButton' is clicked on

2024-08-04 13:20:42 - [MESSAGE][PASSED] - Object: 'Object Repository/Login/YesStayInButton' is clicked on

2024-08-04 13:20:42 - [MESSAGE][PASSED] - Call Test Case 'Test Cases/Login' successfully

2024-08-04 13:20:42 - [TEST_STEP][PASSED] - switchToWindowIndex(1): Switched to window with index: '1'

2024-08-04 13:20:42 - [MESSAGE][PASSED] - Switched to window with index: '1'

2024-08-04 13:20:42 - [TEST_STEP][FAILED] - PMHwaueiTopX.TopX("2G", "Site", false, "DailyBH", false, null): Unable to verify object 'Object Repository/PM/Huawei-vendor/Chart' is present

2024-08-04 13:20:42 - [MESSAGE][PASSED] - Object: 'Object Repository/PM/PM-Button' is clicked on

2024-08-04 13:20:42 - [MESSAGE][PASSED] - Switched to window with index: '2'

2024-08-04 13:20:43 - [MESSAGE][PASSED] - Object: 'Object Repository/PM/Huawei-vendor/Data-view/TopX' is clicked on

2024-08-04 13:20:43 - [MESSAGE][PASSED] - Object: 'Object Repository/PM/Huawei-vendor/Technology/Technology-Arrow' is clicked on

2024-08-04 13:20:44 - [MESSAGE][PASSED] - Object: 'Object Repository/PM/Huawei-vendor/Technology/2G' is clicked on

2024-08-04 13:20:44 - [MESSAGE][PASSED] - Object: 'Object Repository/PM/Huawei-vendor/TopX/TopX Object Type' is clicked on

2024-08-04 13:20:45 - [MESSAGE][PASSED] - Delayed 1 second(s)

2024-08-04 13:20:45 - [MESSAGE][PASSED] - Object: 'Object Repository/PM/Huawei-vendor/Object-Type/TopX Object Types/TopX Sites/TopX Site' is clicked on

2024-08-04 13:20:46 - [MESSAGE][PASSED] - Delayed 1 second(s)

2024-08-04 13:20:46 - [MESSAGE][WARNING] - Timeout '0' is invalid. Using default page load timeout: '120'

2024-08-04 13:20:46 - [MESSAGE][PASSED] - Scroll to object 'Object Repository/PM/Huawei-vendor/Object Border' successfully

2024-08-04 13:20:46 - [MESSAGE][PASSED] - Object: 'Object Repository/PM/Huawei-vendor/Object-Type/TopX Object Types/TopX Sites/TopX East Amman Arrow' is clicked on

2024-08-04 13:20:48 - [MESSAGE][PASSED] - Object: 'Object Repository/PM/Huawei-vendor/Object-Type/TopX Object Types/TopX Sites/TopX East Amman site1' is clicked on

2024-08-04 13:20:48 - [MESSAGE][PASSED] - Object: 'Object Repository/PM/Huawei-vendor/Object-Type/TopX Object Types/TopX Sites/TopX East Amman CloseArrow' is clicked on

2024-08-04 13:20:48 - [MESSAGE][PASSED] - Object: 'Object Repository/PM/Huawei-vendor/Object-Type/TopX Object Types/TopX Sites/TopX West Amman Arrow' is clicked on

2024-08-04 13:20:50 - [MESSAGE][PASSED] - Object: 'Object Repository/PM/Huawei-vendor/Object-Type/TopX Object Types/TopX Sites/TopX West Amman site1' is clicked on

2024-08-04 13:20:50 - [MESSAGE][PASSED] - Object: 'Object Repository/PM/Huawei-vendor/Object-Type/TopX Object Types/TopX Sites/TopX West Amman CloseArrow' is clicked on

2024-08-04 13:20:50 - [MESSAGE][PASSED] - Object: 'Object Repository/PM/Huawei-vendor/Object-Type/TopX Object Types/TopX Sites/TopX North Jordan Arrow' is clicked on

2024-08-04 13:20:52 - [MESSAGE][PASSED] - Object: 'Object Repository/PM/Huawei-vendor/Object-Type/TopX Object Types/TopX Sites/TopX North Jordan site1' is clicked on

2024-08-04 13:20:53 - [MESSAGE][PASSED] - Object: 'Object Repository/PM/Huawei-vendor/Object-Type/TopX Object Types/TopX Sites/TopX North Jordan CloseArrow' is clicked on

2024-08-04 13:20:53 - [MESSAGE][PASSED] - Object: 'Object Repository/PM/Huawei-vendor/Object-Type/TopX Object Types/TopX Sites/TopX South Jordan Arrow' is clicked on

2024-08-04 13:20:54 - [MESSAGE][PASSED] - Object: 'Object Repository/PM/Huawei-vendor/Object-Type/TopX Object Types/TopX Sites/TopX South Jordan site1' is clicked on

2024-08-04 13:20:54 - [MESSAGE][PASSED] - Object: 'Object Repository/PM/Huawei-vendor/Object-Type/TopX Object Types/TopX Sites/TopX South Jordan CloseArrow' is clicked on

2024-08-04 13:20:54 - [MESSAGE][WARNING] - Timeout '0' is invalid. Using default page load timeout: '120'

2024-08-04 13:20:54 - [MESSAGE][PASSED] - Scroll to object 'Object Repository/PM/Huawei-vendor/LowXlabel' successfully

2024-08-04 13:20:54 - [MESSAGE][PASSED] - Object: 'Object Repository/PM/Huawei-vendor/Resolution Temp/Select Resolution temp' is clicked on

2024-08-04 13:20:55 - [MESSAGE][PASSED] - Object: 'Object Repository/PM/Huawei-vendor/Resolution Temp/Resolution Temp DailyBH' is clicked on

2024-08-04 13:20:55 - [MESSAGE][PASSED] - Object: 'Object Repository/PM/Huawei-vendor/TopX/TopXDate/BeforeDate' is clicked on

2024-08-04 13:20:56 - [MESSAGE][PASSED] - Delayed 1 second(s)

2024-08-04 13:20:56 - [MESSAGE][PASSED] - Object: 'Object Repository/PM/Huawei-vendor/TopX/TopXDate/Choose Month' is clicked on

2024-08-04 13:20:57 - [MESSAGE][PASSED] - Delayed 1 second(s)

2024-08-04 13:20:57 - [MESSAGE][PASSED] - Object: 'Object Repository/PM/Huawei-vendor/TopX/TopXDate/Feb' is clicked on

2024-08-04 13:20:57 - [MESSAGE][PASSED] - Object: 'Object Repository/PM/Huawei-vendor/TopX/TopXDate/Day 1' is clicked on

2024-08-04 13:20:57 - [MESSAGE][PASSED] - Object: 'Object Repository/PM/Huawei-vendor/TopX/TopXDate/Button OK' is clicked on

2024-08-04 13:20:58 - [MESSAGE][PASSED] - Object: 'Object Repository/PM/Huawei-vendor/TopX/TopXDate/After Date' is clicked on

2024-08-04 13:20:59 - [MESSAGE][PASSED] - Delayed 1 second(s)

2024-08-04 13:20:59 - [MESSAGE][PASSED] - Object: 'Object Repository/PM/Huawei-vendor/TopX/TopXDate/Choose Month' is clicked on

2024-08-04 13:21:00 - [MESSAGE][PASSED] - Delayed 1 second(s)

2024-08-04 13:21:00 - [MESSAGE][PASSED] - Object: 'Object Repository/PM/Huawei-vendor/TopX/TopXDate/Feb' is clicked on

2024-08-04 13:21:00 - [MESSAGE][PASSED] - Object: 'Object Repository/PM/Huawei-vendor/TopX/TopXDate/Day 7' is clicked on

2024-08-04 13:21:00 - [MESSAGE][PASSED] - Object: 'Object Repository/PM/Huawei-vendor/TopX/TopXDate/Button OK' is clicked on

2024-08-04 13:21:00 - [MESSAGE][PASSED] - Object: 'Object Repository/PM/Huawei-vendor/Apply-Button' is clicked on

2024-08-04 13:21:00 - [MESSAGE][WARNING] - Timeout '0' is invalid. Using default page load timeout: '120'

2024-08-04 13:21:00 - [MESSAGE][PASSED] - Web element with id: 'Object Repository/PM/Huawei-vendor/Error' located by 'By.xpath: //div[@class='toast-summary title-medium-m']' is not present after '120' second(s)

2024-08-04 13:21:01 - [MESSAGE][WARNING] - Timeout '0' is invalid. Using default page load timeout: '120'

2024-08-04 13:23:02 - [MESSAGE][INFO] - Unable to find the element located by 'By.xpath: //*[@id="chart-container"]/div/app-main-chart-component[1]/div/div[2]/div[2]/div/div/div[1]/canvas'. Please recheck the objects properties to make sure the desired element is located. 

2024-08-04 13:23:02 - [MESSAGE][FAILED] - com.kms.katalon.core.webui.exception.WebElementNotFoundException: Web element with id: 'Object Repository/PM/Huawei-vendor/Chart' located by '//*[@id="chart-container"]/div/app-main-chart-component[1]/div/div[2]/div[2]/div/div/div[1]/canvas' not found (Root cause: com.kms.katalon.core.exception.StepFailedException: com.kms.katalon.core.webui.exception.WebElementNotFoundException: Web element with id: 'Object Repository/PM/Huawei-vendor/Chart' located by '//*[@id="chart-container"]/div/app-main-chart-component[1]/div/div[2]/div[2]/div/div/div[1]/canvas' not found
	at com.kms.katalon.core.webui.keyword.internal.WebUIKeywordMain.stepFailed(WebUIKeywordMain.groovy:64)
	at com.kms.katalon.core.webui.keyword.builtin.VerifyElementPresentKeyword$_verifyElementPresent_closure1.doCall(VerifyElementPresentKeyword.groovy:85)
	at com.kms.katalon.core.webui.keyword.builtin.VerifyElementPresentKeyword$_verifyElementPresent_closure1.call(VerifyElementPresentKeyword.groovy)
	at com.kms.katalon.core.webui.keyword.internal.WebUIKeywordMain.runKeyword(WebUIKeywordMain.groovy:20)
	at com.kms.katalon.core.webui.keyword.builtin.VerifyElementPresentKeyword.verifyElementPresent(VerifyElementPresentKeyword.groovy:92)
	at com.kms.katalon.core.webui.keyword.builtin.VerifyElementPresentKeyword.execute(VerifyElementPresentKeyword.groovy:68)
	at com.kms.katalon.core.keyword.internal.KeywordExecutor.executeKeywordForPlatform(KeywordExecutor.groovy:74)
	at com.kms.katalon.core.webui.keyword.WebUiBuiltInKeywords.verifyElementPresent(WebUiBuiltInKeywords.groovy:1464)
	at com.kms.katalon.core.webui.keyword.WebUiBuiltInKeywords$verifyElementPresent$6.call(Unknown Source)
	at PMHwaueiTopX.TopX(PMHwaueiTopX.groovy:1593)
	at PMHwaueiTopX.invokeMethod(PMHwaueiTopX.groovy)
	at com.kms.katalon.core.main.CustomKeywordDelegatingMetaClass.invokeStaticMethod(CustomKeywordDelegatingMetaClass.java:55)
	at TopX 2G Site DailyBH.run(TopX 2G Site DailyBH:29)
	at com.kms.katalon.core.main.ScriptEngine.run(ScriptEngine.java:194)
	at com.kms.katalon.core.main.ScriptEngine.runScriptAsRawText(ScriptEngine.java:119)
	at com.kms.katalon.core.main.TestCaseExecutor.runScript(TestCaseExecutor.java:448)
	at com.kms.katalon.core.main.TestCaseExecutor.doExecute(TestCaseExecutor.java:439)
	at com.kms.katalon.core.main.TestCaseExecutor.processExecutionPhase(TestCaseExecutor.java:418)
	at com.kms.katalon.core.main.TestCaseExecutor.accessMainPhase(TestCaseExecutor.java:410)
	at com.kms.katalon.core.main.TestCaseExecutor.execute(TestCaseExecutor.java:285)
	at com.kms.katalon.core.common.CommonExecutor.accessTestCaseMainPhase(CommonExecutor.java:65)
	at com.kms.katalon.core.main.TestSuiteExecutor.accessTestSuiteMainPhase(TestSuiteExecutor.java:148)
	at com.kms.katalon.core.main.TestSuiteExecutor.execute(TestSuiteExecutor.java:106)
	at com.kms.katalon.core.main.TestCaseMain.startTestSuite(TestCaseMain.java:187)
	at com.kms.katalon.core.main.TestCaseMain$startTestSuite$0.call(Unknown Source)
	at TempTestSuite1722766020200.run(TempTestSuite1722766020200.groovy:35)
)
[[ATTACHMENT|C:\\Users\\FatimaIbeid\\git\\NetCell\\Reports\\20240804_130700\\PM\\Hwauei\\TopX\\Regression TopX 2G\\20240804_130700\\1722766982025.png]]

2024-08-04 13:23:02 - [MESSAGE][FAILED] - Unable to verify object 'Object Repository/PM/Huawei-vendor/Chart' is present (Root cause: com.kms.katalon.core.exception.StepFailedException: Unable to verify object 'Object Repository/PM/Huawei-vendor/Chart' is present
	at com.kms.katalon.core.webui.keyword.internal.WebUIKeywordMain.stepFailed(WebUIKeywordMain.groovy:64)
	at com.kms.katalon.core.webui.keyword.internal.WebUIKeywordMain.runKeyword(WebUIKeywordMain.groovy:26)
	at com.kms.katalon.core.webui.keyword.builtin.VerifyElementPresentKeyword.verifyElementPresent(VerifyElementPresentKeyword.groovy:92)
	at com.kms.katalon.core.webui.keyword.builtin.VerifyElementPresentKeyword.execute(VerifyElementPresentKeyword.groovy:68)
	at com.kms.katalon.core.keyword.internal.KeywordExecutor.executeKeywordForPlatform(KeywordExecutor.groovy:74)
	at com.kms.katalon.core.webui.keyword.WebUiBuiltInKeywords.verifyElementPresent(WebUiBuiltInKeywords.groovy:1464)
	at com.kms.katalon.core.webui.keyword.WebUiBuiltInKeywords$verifyElementPresent$6.call(Unknown Source)
	at PMHwaueiTopX.TopX(PMHwaueiTopX.groovy:1593)
	at PMHwaueiTopX.invokeMethod(PMHwaueiTopX.groovy)
	at com.kms.katalon.core.main.CustomKeywordDelegatingMetaClass.invokeStaticMethod(CustomKeywordDelegatingMetaClass.java:55)
	at TopX 2G Site DailyBH.run(TopX 2G Site DailyBH:29)
	at com.kms.katalon.core.main.ScriptEngine.run(ScriptEngine.java:194)
	at com.kms.katalon.core.main.ScriptEngine.runScriptAsRawText(ScriptEngine.java:119)
	at com.kms.katalon.core.main.TestCaseExecutor.runScript(TestCaseExecutor.java:448)
	at com.kms.katalon.core.main.TestCaseExecutor.doExecute(TestCaseExecutor.java:439)
	at com.kms.katalon.core.main.TestCaseExecutor.processExecutionPhase(TestCaseExecutor.java:418)
	at com.kms.katalon.core.main.TestCaseExecutor.accessMainPhase(TestCaseExecutor.java:410)
	at com.kms.katalon.core.main.TestCaseExecutor.execute(TestCaseExecutor.java:285)
	at com.kms.katalon.core.common.CommonExecutor.accessTestCaseMainPhase(CommonExecutor.java:65)
	at com.kms.katalon.core.main.TestSuiteExecutor.accessTestSuiteMainPhase(TestSuiteExecutor.java:148)
	at com.kms.katalon.core.main.TestSuiteExecutor.execute(TestSuiteExecutor.java:106)
	at com.kms.katalon.core.main.TestCaseMain.startTestSuite(TestCaseMain.java:187)
	at com.kms.katalon.core.main.TestCaseMain$startTestSuite$0.call(Unknown Source)
	at TempTestSuite1722766020200.run(TempTestSuite1722766020200.groovy:35)
Caused by: com.kms.katalon.core.exception.StepFailedException: com.kms.katalon.core.webui.exception.WebElementNotFoundException: Web element with id: 'Object Repository/PM/Huawei-vendor/Chart' located by '//*[@id="chart-container"]/div/app-main-chart-component[1]/div/div[2]/div[2]/div/div/div[1]/canvas' not found
	at com.kms.katalon.core.webui.keyword.internal.WebUIKeywordMain.stepFailed(WebUIKeywordMain.groovy:64)
	at com.kms.katalon.core.webui.keyword.builtin.VerifyElementPresentKeyword$_verifyElementPresent_closure1.doCall(VerifyElementPresentKeyword.groovy:85)
	at com.kms.katalon.core.webui.keyword.builtin.VerifyElementPresentKeyword$_verifyElementPresent_closure1.call(VerifyElementPresentKeyword.groovy)
	at com.kms.katalon.core.webui.keyword.internal.WebUIKeywordMain.runKeyword(WebUIKeywordMain.groovy:20)
	... 22 more
)
[[ATTACHMENT|C:\\Users\\FatimaIbeid\\git\\NetCell\\Reports\\20240804_130700\\PM\\Hwauei\\TopX\\Regression TopX 2G\\20240804_130700\\1722766982158.png]]

2024-08-04 13:23:02 - [MESSAGE][FAILED] - Unable to verify object 'Object Repository/PM/Huawei-vendor/Chart' is present]]></system-out>
         <system-err><![CDATA[2024-08-04 13:20:29 - [TEST_CASE][FAILED] - Test Cases/PM/Hwauei/TopX/2G TopX/XSite/TopX 2G Site DailyBH: Test Cases/PM/Hwauei/TopX/2G TopX/XSite/TopX 2G Site DailyBH FAILED.
Reason:
com.kms.katalon.core.exception.StepFailedException: Unable to verify object 'Object Repository/PM/Huawei-vendor/Chart' is present
	at com.kms.katalon.core.webui.keyword.internal.WebUIKeywordMain.stepFailed(WebUIKeywordMain.groovy:64)
	at com.kms.katalon.core.webui.keyword.internal.WebUIKeywordMain.runKeyword(WebUIKeywordMain.groovy:26)
	at com.kms.katalon.core.webui.keyword.builtin.VerifyElementPresentKeyword.verifyElementPresent(VerifyElementPresentKeyword.groovy:92)
	at com.kms.katalon.core.webui.keyword.builtin.VerifyElementPresentKeyword.execute(VerifyElementPresentKeyword.groovy:68)
	at com.kms.katalon.core.keyword.internal.KeywordExecutor.executeKeywordForPlatform(KeywordExecutor.groovy:74)
	at com.kms.katalon.core.webui.keyword.WebUiBuiltInKeywords.verifyElementPresent(WebUiBuiltInKeywords.groovy:1464)
	at com.kms.katalon.core.webui.keyword.WebUiBuiltInKeywords$verifyElementPresent$6.call(Unknown Source)
	at PMHwaueiTopX.TopX(PMHwaueiTopX.groovy:1593)
	at PMHwaueiTopX.invokeMethod(PMHwaueiTopX.groovy)
	at com.kms.katalon.core.main.CustomKeywordDelegatingMetaClass.invokeStaticMethod(CustomKeywordDelegatingMetaClass.java:55)
	at TopX 2G Site DailyBH.run(TopX 2G Site DailyBH:29)
	at com.kms.katalon.core.main.ScriptEngine.run(ScriptEngine.java:194)
	at com.kms.katalon.core.main.ScriptEngine.runScriptAsRawText(ScriptEngine.java:119)
	at com.kms.katalon.core.main.TestCaseExecutor.runScript(TestCaseExecutor.java:448)
	at com.kms.katalon.core.main.TestCaseExecutor.doExecute(TestCaseExecutor.java:439)
	at com.kms.katalon.core.main.TestCaseExecutor.processExecutionPhase(TestCaseExecutor.java:418)
	at com.kms.katalon.core.main.TestCaseExecutor.accessMainPhase(TestCaseExecutor.java:410)
	at com.kms.katalon.core.main.TestCaseExecutor.execute(TestCaseExecutor.java:285)
	at com.kms.katalon.core.common.CommonExecutor.accessTestCaseMainPhase(CommonExecutor.java:65)
	at com.kms.katalon.core.main.TestSuiteExecutor.accessTestSuiteMainPhase(TestSuiteExecutor.java:148)
	at com.kms.katalon.core.main.TestSuiteExecutor.execute(TestSuiteExecutor.java:106)
	at com.kms.katalon.core.main.TestCaseMain.startTestSuite(TestCaseMain.java:187)
	at com.kms.katalon.core.main.TestCaseMain$startTestSuite$0.call(Unknown Source)
	at TempTestSuite1722766020200.run(TempTestSuite1722766020200.groovy:35)
Caused by: com.kms.katalon.core.exception.StepFailedException: com.kms.katalon.core.webui.exception.WebElementNotFoundException: Web element with id: 'Object Repository/PM/Huawei-vendor/Chart' located by '//*[@id="chart-container"]/div/app-main-chart-component[1]/div/div[2]/div[2]/div/div/div[1]/canvas' not found
	at com.kms.katalon.core.webui.keyword.internal.WebUIKeywordMain.stepFailed(WebUIKeywordMain.groovy:64)
	at com.kms.katalon.core.webui.keyword.builtin.VerifyElementPresentKeyword$_verifyElementPresent_closure1.doCall(VerifyElementPresentKeyword.groovy:85)
	at com.kms.katalon.core.webui.keyword.builtin.VerifyElementPresentKeyword$_verifyElementPresent_closure1.call(VerifyElementPresentKeyword.groovy)
	at com.kms.katalon.core.webui.keyword.internal.WebUIKeywordMain.runKeyword(WebUIKeywordMain.groovy:20)
	... 22 more]]></system-err>
      </testcase>
      <testcase name="Test Cases/PM/Hwauei/TopX/2G TopX/XCells/TopX 2G Cell default" time="169.057" classname="Test Cases/PM/Hwauei/TopX/2G TopX/XCells/TopX 2G Cell default" status="FAILED">
         <failure type="FAILED" message="Test Cases/PM/Hwauei/TopX/2G TopX/XCells/TopX 2G Cell default FAILED.
Reason:
com.kms.katalon.core.exception.StepFailedException: Unable to verify object 'Object Repository/PM/Huawei-vendor/Chart' is present
	at com.kms.katalon.core.webui.keyword.internal.WebUIKeywordMain.stepFailed(WebUIKeywordMain.groovy:64)
	at com.kms.katalon.core.webui.keyword.internal.WebUIKeywordMain.runKeyword(WebUIKeywordMain.groovy:26)
	at com.kms.katalon.core.webui.keyword.builtin.VerifyElementPresentKeyword.verifyElementPresent(VerifyElementPresentKeyword.groovy:92)
	at com.kms.katalon.core.webui.keyword.builtin.VerifyElementPresentKeyword.execute(VerifyElementPresentKeyword.groovy:68)
	at com.kms.katalon.core.keyword.internal.KeywordExecutor.executeKeywordForPlatform(KeywordExecutor.groovy:74)
	at com.kms.katalon.core.webui.keyword.WebUiBuiltInKeywords.verifyElementPresent(WebUiBuiltInKeywords.groovy:1464)
	at com.kms.katalon.core.webui.keyword.WebUiBuiltInKeywords$verifyElementPresent$6.call(Unknown Source)
	at PMHwaueiTopX.TopX(PMHwaueiTopX.groovy:1593)
	at PMHwaueiTopX.invokeMethod(PMHwaueiTopX.groovy)
	at com.kms.katalon.core.main.CustomKeywordDelegatingMetaClass.invokeStaticMethod(CustomKeywordDelegatingMetaClass.java:55)
	at TopX 2G Cell default.run(TopX 2G Cell default:29)
	at com.kms.katalon.core.main.ScriptEngine.run(ScriptEngine.java:194)
	at com.kms.katalon.core.main.ScriptEngine.runScriptAsRawText(ScriptEngine.java:119)
	at com.kms.katalon.core.main.TestCaseExecutor.runScript(TestCaseExecutor.java:448)
	at com.kms.katalon.core.main.TestCaseExecutor.doExecute(TestCaseExecutor.java:439)
	at com.kms.katalon.core.main.TestCaseExecutor.processExecutionPhase(TestCaseExecutor.java:418)
	at com.kms.katalon.core.main.TestCaseExecutor.accessMainPhase(TestCaseExecutor.java:410)
	at com.kms.katalon.core.main.TestCaseExecutor.execute(TestCaseExecutor.java:285)
	at com.kms.katalon.core.common.CommonExecutor.accessTestCaseMainPhase(CommonExecutor.java:65)
	at com.kms.katalon.core.main.TestSuiteExecutor.accessTestSuiteMainPhase(TestSuiteExecutor.java:148)
	at com.kms.katalon.core.main.TestSuiteExecutor.execute(TestSuiteExecutor.java:106)
	at com.kms.katalon.core.main.TestCaseMain.startTestSuite(TestCaseMain.java:187)
	at com.kms.katalon.core.main.TestCaseMain$startTestSuite$0.call(Unknown Source)
	at TempTestSuite1722766020200.run(TempTestSuite1722766020200.groovy:35)
Caused by: com.kms.katalon.core.exception.StepFailedException: com.kms.katalon.core.webui.exception.WebElementNotFoundException: Web element with id: 'Object Repository/PM/Huawei-vendor/Chart' located by '//*[@id=&quot;chart-container&quot;]/div/app-main-chart-component[1]/div/div[2]/div[2]/div/div/div[1]/canvas' not found
	at com.kms.katalon.core.webui.keyword.internal.WebUIKeywordMain.stepFailed(WebUIKeywordMain.groovy:64)
	at com.kms.katalon.core.webui.keyword.builtin.VerifyElementPresentKeyword$_verifyElementPresent_closure1.doCall(VerifyElementPresentKeyword.groovy:85)
	at com.kms.katalon.core.webui.keyword.builtin.VerifyElementPresentKeyword$_verifyElementPresent_closure1.call(VerifyElementPresentKeyword.groovy)
	at com.kms.katalon.core.webui.keyword.internal.WebUIKeywordMain.runKeyword(WebUIKeywordMain.groovy:20)
	... 22 more
"/>
         <system-out><![CDATA[2024-08-04 13:23:02 - [TEST_CASE][FAILED] - Test Cases/PM/Hwauei/TopX/2G TopX/XCells/TopX 2G Cell default: Test Cases/PM/Hwauei/TopX/2G TopX/XCells/TopX 2G Cell default FAILED.
Reason:
com.kms.katalon.core.exception.StepFailedException: Unable to verify object 'Object Repository/PM/Huawei-vendor/Chart' is present
	at com.kms.katalon.core.webui.keyword.internal.WebUIKeywordMain.stepFailed(WebUIKeywordMain.groovy:64)
	at com.kms.katalon.core.webui.keyword.internal.WebUIKeywordMain.runKeyword(WebUIKeywordMain.groovy:26)
	at com.kms.katalon.core.webui.keyword.builtin.VerifyElementPresentKeyword.verifyElementPresent(VerifyElementPresentKeyword.groovy:92)
	at com.kms.katalon.core.webui.keyword.builtin.VerifyElementPresentKeyword.execute(VerifyElementPresentKeyword.groovy:68)
	at com.kms.katalon.core.keyword.internal.KeywordExecutor.executeKeywordForPlatform(KeywordExecutor.groovy:74)
	at com.kms.katalon.core.webui.keyword.WebUiBuiltInKeywords.verifyElementPresent(WebUiBuiltInKeywords.groovy:1464)
	at com.kms.katalon.core.webui.keyword.WebUiBuiltInKeywords$verifyElementPresent$6.call(Unknown Source)
	at PMHwaueiTopX.TopX(PMHwaueiTopX.groovy:1593)
	at PMHwaueiTopX.invokeMethod(PMHwaueiTopX.groovy)
	at com.kms.katalon.core.main.CustomKeywordDelegatingMetaClass.invokeStaticMethod(CustomKeywordDelegatingMetaClass.java:55)
	at TopX 2G Cell default.run(TopX 2G Cell default:29)
	at com.kms.katalon.core.main.ScriptEngine.run(ScriptEngine.java:194)
	at com.kms.katalon.core.main.ScriptEngine.runScriptAsRawText(ScriptEngine.java:119)
	at com.kms.katalon.core.main.TestCaseExecutor.runScript(TestCaseExecutor.java:448)
	at com.kms.katalon.core.main.TestCaseExecutor.doExecute(TestCaseExecutor.java:439)
	at com.kms.katalon.core.main.TestCaseExecutor.processExecutionPhase(TestCaseExecutor.java:418)
	at com.kms.katalon.core.main.TestCaseExecutor.accessMainPhase(TestCaseExecutor.java:410)
	at com.kms.katalon.core.main.TestCaseExecutor.execute(TestCaseExecutor.java:285)
	at com.kms.katalon.core.common.CommonExecutor.accessTestCaseMainPhase(CommonExecutor.java:65)
	at com.kms.katalon.core.main.TestSuiteExecutor.accessTestSuiteMainPhase(TestSuiteExecutor.java:148)
	at com.kms.katalon.core.main.TestSuiteExecutor.execute(TestSuiteExecutor.java:106)
	at com.kms.katalon.core.main.TestCaseMain.startTestSuite(TestCaseMain.java:187)
	at com.kms.katalon.core.main.TestCaseMain$startTestSuite$0.call(Unknown Source)
	at TempTestSuite1722766020200.run(TempTestSuite1722766020200.groovy:35)
Caused by: com.kms.katalon.core.exception.StepFailedException: com.kms.katalon.core.webui.exception.WebElementNotFoundException: Web element with id: 'Object Repository/PM/Huawei-vendor/Chart' located by '//*[@id="chart-container"]/div/app-main-chart-component[1]/div/div[2]/div[2]/div/div/div[1]/canvas' not found
	at com.kms.katalon.core.webui.keyword.internal.WebUIKeywordMain.stepFailed(WebUIKeywordMain.groovy:64)
	at com.kms.katalon.core.webui.keyword.builtin.VerifyElementPresentKeyword$_verifyElementPresent_closure1.doCall(VerifyElementPresentKeyword.groovy:85)
	at com.kms.katalon.core.webui.keyword.builtin.VerifyElementPresentKeyword$_verifyElementPresent_closure1.call(VerifyElementPresentKeyword.groovy)
	at com.kms.katalon.core.webui.keyword.internal.WebUIKeywordMain.runKeyword(WebUIKeywordMain.groovy:20)
	... 22 more


2024-08-04 13:23:02 - [TEST_STEP][PASSED] - callTestCase(findTestCase("Login"), [:], STOP_ON_FAILURE): Call Test Case 'Test Cases/Login' successfully

2024-08-04 13:23:02 - [TEST_CASE][PASSED] - Test Cases/Login: Test Cases/Login

2024-08-04 13:23:02 - [TEST_STEP][PASSED] - driver = general.start(SwagerURL, NetCellURL): general.start is PASSED

2024-08-04 13:23:02 - [MESSAGE][INFO] - >>> chromeDriverPath=C:\Users\FatimaIbeid\.katalon\packages\Katalon_Studio_Windows_64-8.6.9\Katalon_Studio_Windows_64-8.6.9\configuration\resources\drivers\chromedriver_win32\chromedriver.exe

2024-08-04 13:23:04 - [MESSAGE][PASSED] - Current window maximized

2024-08-04 13:23:04 - [MESSAGE][PASSED] - Execute JavaScript 'window.open();' successfully

2024-08-04 13:23:04 - [MESSAGE][PASSED] - Switched to window with index: '1'

2024-08-04 13:23:17 - [MESSAGE][PASSED] - general.start is PASSED

2024-08-04 13:23:17 - [TEST_STEP][PASSED] - click(findTestObject("Object Repository/Login/LoginButton")): Object: 'Object Repository/Login/LoginButton' is clicked on

2024-08-04 13:23:17 - [MESSAGE][PASSED] - Object: 'Object Repository/Login/LoginButton' is clicked on

2024-08-04 13:23:17 - [TEST_STEP][PASSED] - switchToWindowIndex(2): Switched to window with index: '2'

2024-08-04 13:23:17 - [MESSAGE][PASSED] - Switched to window with index: '2'

2024-08-04 13:23:17 - [TEST_STEP][PASSED] - delay(1): Delayed 1 second(s)

2024-08-04 13:23:18 - [MESSAGE][PASSED] - Delayed 1 second(s)

2024-08-04 13:23:18 - [TEST_STEP][PASSED] - sendKeys(findTestObject("Object Repository/Login/EnterEmail"), "homam@zztjg.onmicrosoft.com"): Keys 'homam@zztjg.onmicrosoft.com' sent to object: 'Object Repository/Login/EnterEmail'

2024-08-04 13:23:20 - [MESSAGE][PASSED] - Keys 'homam@zztjg.onmicrosoft.com' sent to object: 'Object Repository/Login/EnterEmail'

2024-08-04 13:23:20 - [TEST_STEP][PASSED] - delay(1): Delayed 1 second(s)

2024-08-04 13:23:21 - [MESSAGE][PASSED] - Delayed 1 second(s)

2024-08-04 13:23:21 - [TEST_STEP][PASSED] - click(findTestObject("Object Repository/Login/NextButton")): Object: 'Object Repository/Login/NextButton' is clicked on

2024-08-04 13:23:21 - [MESSAGE][PASSED] - Object: 'Object Repository/Login/NextButton' is clicked on

2024-08-04 13:23:21 - [TEST_STEP][PASSED] - delay(2): Delayed 2 second(s)

2024-08-04 13:23:23 - [MESSAGE][PASSED] - Delayed 2 second(s)

2024-08-04 13:23:23 - [TEST_STEP][PASSED] - sendKeys(findTestObject("Object Repository/Login/EnterPassword"), "Holder12345"): Keys 'Holder12345' sent to object: 'Object Repository/Login/EnterPassword'

2024-08-04 13:23:23 - [MESSAGE][PASSED] - Keys 'Holder12345' sent to object: 'Object Repository/Login/EnterPassword'

2024-08-04 13:23:23 - [TEST_STEP][PASSED] - delay(1): Delayed 1 second(s)

2024-08-04 13:23:24 - [MESSAGE][PASSED] - Delayed 1 second(s)

2024-08-04 13:23:24 - [TEST_STEP][PASSED] - click(findTestObject("Object Repository/Login/SigninButton")): Object: 'Object Repository/Login/SigninButton' is clicked on

2024-08-04 13:23:25 - [MESSAGE][PASSED] - Object: 'Object Repository/Login/SigninButton' is clicked on

2024-08-04 13:23:25 - [TEST_STEP][PASSED] - delay(1): Delayed 1 second(s)

2024-08-04 13:23:26 - [MESSAGE][PASSED] - Delayed 1 second(s)

2024-08-04 13:23:26 - [TEST_STEP][PASSED] - click(findTestObject("Object Repository/Login/YesStayInButton")): Object: 'Object Repository/Login/YesStayInButton' is clicked on

2024-08-04 13:23:26 - [MESSAGE][PASSED] - Object: 'Object Repository/Login/YesStayInButton' is clicked on

2024-08-04 13:23:26 - [MESSAGE][PASSED] - Call Test Case 'Test Cases/Login' successfully

2024-08-04 13:23:26 - [TEST_STEP][PASSED] - switchToWindowIndex(1): Switched to window with index: '1'

2024-08-04 13:23:26 - [MESSAGE][PASSED] - Switched to window with index: '1'

2024-08-04 13:23:26 - [TEST_STEP][FAILED] - PMHwaueiTopX.TopX("2G", "Cell", false, "Hourly", false, null): Unable to verify object 'Object Repository/PM/Huawei-vendor/Chart' is present

2024-08-04 13:23:27 - [MESSAGE][PASSED] - Object: 'Object Repository/PM/PM-Button' is clicked on

2024-08-04 13:23:27 - [MESSAGE][PASSED] - Switched to window with index: '2'

2024-08-04 13:23:29 - [MESSAGE][PASSED] - Object: 'Object Repository/PM/Huawei-vendor/Data-view/TopX' is clicked on

2024-08-04 13:23:29 - [MESSAGE][PASSED] - Object: 'Object Repository/PM/Huawei-vendor/Technology/Technology-Arrow' is clicked on

2024-08-04 13:23:29 - [MESSAGE][PASSED] - Object: 'Object Repository/PM/Huawei-vendor/Technology/2G' is clicked on

2024-08-04 13:23:29 - [MESSAGE][PASSED] - Object: 'Object Repository/PM/Huawei-vendor/TopX/TopX Object Type' is clicked on

2024-08-04 13:23:30 - [MESSAGE][PASSED] - Delayed 1 second(s)

2024-08-04 13:23:30 - [MESSAGE][PASSED] - Object: 'Object Repository/PM/Huawei-vendor/Object-Type/TopX Object Types/TopX Cells/TopX Cell' is clicked on

2024-08-04 13:23:31 - [MESSAGE][PASSED] - Delayed 1 second(s)

2024-08-04 13:23:31 - [MESSAGE][WARNING] - Timeout '0' is invalid. Using default page load timeout: '120'

2024-08-04 13:23:31 - [MESSAGE][PASSED] - Scroll to object 'Object Repository/PM/Huawei-vendor/Object Border' successfully

2024-08-04 13:23:32 - [MESSAGE][PASSED] - Object: 'Object Repository/PM/Huawei-vendor/Object-Type/TopX Object Types/TopX Sites/TopX East Amman Arrow' is clicked on

2024-08-04 13:23:33 - [MESSAGE][PASSED] - Object: 'Object Repository/PM/Huawei-vendor/Object-Type/TopX Object Types/TopX Cells/TopX East Amman Site1 Arrow' is clicked on

2024-08-04 13:23:34 - [MESSAGE][PASSED] - Delayed 1 second(s)

2024-08-04 13:23:35 - [MESSAGE][PASSED] - Object: 'Object Repository/PM/Huawei-vendor/Object-Type/TopX Object Types/TopX Cells/TopX East Amman Site1 Cell1' is clicked on

2024-08-04 13:23:35 - [MESSAGE][PASSED] - Object: 'Object Repository/PM/Huawei-vendor/Object-Type/TopX Object Types/TopX Sites/TopX East Amman CloseArrow' is clicked on

2024-08-04 13:23:35 - [MESSAGE][PASSED] - Object: 'Object Repository/PM/Huawei-vendor/Object-Type/TopX Object Types/TopX Sites/TopX West Amman Arrow' is clicked on

2024-08-04 13:23:37 - [MESSAGE][PASSED] - Object: 'Object Repository/PM/Huawei-vendor/Object-Type/TopX Object Types/TopX Cells/TopX West Amman Site1 Arrow' is clicked on

2024-08-04 13:23:37 - [MESSAGE][PASSED] - Object: 'Object Repository/PM/Huawei-vendor/Object-Type/TopX Object Types/TopX Cells/TopX West Amman Site1 Cell1' is clicked on

2024-08-04 13:23:37 - [MESSAGE][PASSED] - Object: 'Object Repository/PM/Huawei-vendor/Object-Type/TopX Object Types/TopX Sites/TopX West Amman CloseArrow' is clicked on

2024-08-04 13:23:37 - [MESSAGE][PASSED] - Object: 'Object Repository/PM/Huawei-vendor/Object-Type/TopX Object Types/TopX Sites/TopX North Jordan Arrow' is clicked on

2024-08-04 13:23:40 - [MESSAGE][PASSED] - Object: 'Object Repository/PM/Huawei-vendor/Object-Type/TopX Object Types/TopX Cells/TopX North Jordan Site1 Arrow' is clicked on

2024-08-04 13:23:40 - [MESSAGE][PASSED] - Object: 'Object Repository/PM/Huawei-vendor/Object-Type/TopX Object Types/TopX Cells/TopX North Jordan Site1 Cell1' is clicked on

2024-08-04 13:23:40 - [MESSAGE][PASSED] - Object: 'Object Repository/PM/Huawei-vendor/Object-Type/TopX Object Types/TopX Sites/TopX North Jordan CloseArrow' is clicked on

2024-08-04 13:23:41 - [MESSAGE][PASSED] - Object: 'Object Repository/PM/Huawei-vendor/Object-Type/TopX Object Types/TopX Sites/TopX South Jordan Arrow' is clicked on

2024-08-04 13:23:42 - [MESSAGE][PASSED] - Object: 'Object Repository/PM/Huawei-vendor/Object-Type/TopX Object Types/TopX Cells/TopX South Jordan Site1 Arrow' is clicked on

2024-08-04 13:23:42 - [MESSAGE][PASSED] - Object: 'Object Repository/PM/Huawei-vendor/Object-Type/TopX Object Types/TopX Cells/TopX South Jordan Site1 Cell1' is clicked on

2024-08-04 13:23:43 - [MESSAGE][PASSED] - Object: 'Object Repository/PM/Huawei-vendor/Object-Type/TopX Object Types/TopX Sites/TopX South Jordan CloseArrow' is clicked on

2024-08-04 13:23:43 - [MESSAGE][WARNING] - Timeout '0' is invalid. Using default page load timeout: '120'

2024-08-04 13:23:43 - [MESSAGE][PASSED] - Scroll to object 'Object Repository/PM/Huawei-vendor/LowXlabel' successfully

2024-08-04 13:23:43 - [MESSAGE][PASSED] - Object: 'Object Repository/PM/Huawei-vendor/TopX/TopXDate/BeforeDate' is clicked on

2024-08-04 13:23:44 - [MESSAGE][PASSED] - Delayed 1 second(s)

2024-08-04 13:23:44 - [MESSAGE][PASSED] - Object: 'Object Repository/PM/Huawei-vendor/TopX/TopXDate/Choose Month' is clicked on

2024-08-04 13:23:45 - [MESSAGE][PASSED] - Delayed 1 second(s)

2024-08-04 13:23:45 - [MESSAGE][PASSED] - Object: 'Object Repository/PM/Huawei-vendor/TopX/TopXDate/Feb' is clicked on

2024-08-04 13:23:45 - [MESSAGE][PASSED] - Object: 'Object Repository/PM/Huawei-vendor/TopX/TopXDate/Day 1' is clicked on

2024-08-04 13:23:46 - [MESSAGE][PASSED] - Object: 'Object Repository/PM/Huawei-vendor/TopX/TopXDate/Button OK' is clicked on

2024-08-04 13:23:46 - [MESSAGE][PASSED] - Object: 'Object Repository/PM/Huawei-vendor/TopX/TopXDate/After Date' is clicked on

2024-08-04 13:23:47 - [MESSAGE][PASSED] - Delayed 1 second(s)

2024-08-04 13:23:47 - [MESSAGE][PASSED] - Object: 'Object Repository/PM/Huawei-vendor/TopX/TopXDate/Choose Month' is clicked on

2024-08-04 13:23:48 - [MESSAGE][PASSED] - Delayed 1 second(s)

2024-08-04 13:23:48 - [MESSAGE][PASSED] - Object: 'Object Repository/PM/Huawei-vendor/TopX/TopXDate/Feb' is clicked on

2024-08-04 13:23:48 - [MESSAGE][PASSED] - Object: 'Object Repository/PM/Huawei-vendor/TopX/TopXDate/Day 7' is clicked on

2024-08-04 13:23:49 - [MESSAGE][PASSED] - Object: 'Object Repository/PM/Huawei-vendor/TopX/TopXDate/Button OK' is clicked on

2024-08-04 13:23:49 - [MESSAGE][PASSED] - Object: 'Object Repository/PM/Huawei-vendor/Apply-Button' is clicked on

2024-08-04 13:23:49 - [MESSAGE][WARNING] - Timeout '0' is invalid. Using default page load timeout: '120'

2024-08-04 13:23:49 - [MESSAGE][PASSED] - Web element with id: 'Object Repository/PM/Huawei-vendor/Error' located by 'By.xpath: //div[@class='toast-summary title-medium-m']' is not present after '120' second(s)

2024-08-04 13:23:49 - [MESSAGE][WARNING] - Timeout '0' is invalid. Using default page load timeout: '120'

2024-08-04 13:25:50 - [MESSAGE][INFO] - Unable to find the element located by 'By.xpath: //*[@id="chart-container"]/div/app-main-chart-component[1]/div/div[2]/div[2]/div/div/div[1]/canvas'. Please recheck the objects properties to make sure the desired element is located. 

2024-08-04 13:25:50 - [MESSAGE][FAILED] - com.kms.katalon.core.webui.exception.WebElementNotFoundException: Web element with id: 'Object Repository/PM/Huawei-vendor/Chart' located by '//*[@id="chart-container"]/div/app-main-chart-component[1]/div/div[2]/div[2]/div/div/div[1]/canvas' not found (Root cause: com.kms.katalon.core.exception.StepFailedException: com.kms.katalon.core.webui.exception.WebElementNotFoundException: Web element with id: 'Object Repository/PM/Huawei-vendor/Chart' located by '//*[@id="chart-container"]/div/app-main-chart-component[1]/div/div[2]/div[2]/div/div/div[1]/canvas' not found
	at com.kms.katalon.core.webui.keyword.internal.WebUIKeywordMain.stepFailed(WebUIKeywordMain.groovy:64)
	at com.kms.katalon.core.webui.keyword.builtin.VerifyElementPresentKeyword$_verifyElementPresent_closure1.doCall(VerifyElementPresentKeyword.groovy:85)
	at com.kms.katalon.core.webui.keyword.builtin.VerifyElementPresentKeyword$_verifyElementPresent_closure1.call(VerifyElementPresentKeyword.groovy)
	at com.kms.katalon.core.webui.keyword.internal.WebUIKeywordMain.runKeyword(WebUIKeywordMain.groovy:20)
	at com.kms.katalon.core.webui.keyword.builtin.VerifyElementPresentKeyword.verifyElementPresent(VerifyElementPresentKeyword.groovy:92)
	at com.kms.katalon.core.webui.keyword.builtin.VerifyElementPresentKeyword.execute(VerifyElementPresentKeyword.groovy:68)
	at com.kms.katalon.core.keyword.internal.KeywordExecutor.executeKeywordForPlatform(KeywordExecutor.groovy:74)
	at com.kms.katalon.core.webui.keyword.WebUiBuiltInKeywords.verifyElementPresent(WebUiBuiltInKeywords.groovy:1464)
	at com.kms.katalon.core.webui.keyword.WebUiBuiltInKeywords$verifyElementPresent$6.call(Unknown Source)
	at PMHwaueiTopX.TopX(PMHwaueiTopX.groovy:1593)
	at PMHwaueiTopX.invokeMethod(PMHwaueiTopX.groovy)
	at com.kms.katalon.core.main.CustomKeywordDelegatingMetaClass.invokeStaticMethod(CustomKeywordDelegatingMetaClass.java:55)
	at TopX 2G Cell default.run(TopX 2G Cell default:29)
	at com.kms.katalon.core.main.ScriptEngine.run(ScriptEngine.java:194)
	at com.kms.katalon.core.main.ScriptEngine.runScriptAsRawText(ScriptEngine.java:119)
	at com.kms.katalon.core.main.TestCaseExecutor.runScript(TestCaseExecutor.java:448)
	at com.kms.katalon.core.main.TestCaseExecutor.doExecute(TestCaseExecutor.java:439)
	at com.kms.katalon.core.main.TestCaseExecutor.processExecutionPhase(TestCaseExecutor.java:418)
	at com.kms.katalon.core.main.TestCaseExecutor.accessMainPhase(TestCaseExecutor.java:410)
	at com.kms.katalon.core.main.TestCaseExecutor.execute(TestCaseExecutor.java:285)
	at com.kms.katalon.core.common.CommonExecutor.accessTestCaseMainPhase(CommonExecutor.java:65)
	at com.kms.katalon.core.main.TestSuiteExecutor.accessTestSuiteMainPhase(TestSuiteExecutor.java:148)
	at com.kms.katalon.core.main.TestSuiteExecutor.execute(TestSuiteExecutor.java:106)
	at com.kms.katalon.core.main.TestCaseMain.startTestSuite(TestCaseMain.java:187)
	at com.kms.katalon.core.main.TestCaseMain$startTestSuite$0.call(Unknown Source)
	at TempTestSuite1722766020200.run(TempTestSuite1722766020200.groovy:35)
)
[[ATTACHMENT|C:\\Users\\FatimaIbeid\\git\\NetCell\\Reports\\20240804_130700\\PM\\Hwauei\\TopX\\Regression TopX 2G\\20240804_130700\\1722767150615.png]]

2024-08-04 13:25:51 - [MESSAGE][FAILED] - Unable to verify object 'Object Repository/PM/Huawei-vendor/Chart' is present (Root cause: com.kms.katalon.core.exception.StepFailedException: Unable to verify object 'Object Repository/PM/Huawei-vendor/Chart' is present
	at com.kms.katalon.core.webui.keyword.internal.WebUIKeywordMain.stepFailed(WebUIKeywordMain.groovy:64)
	at com.kms.katalon.core.webui.keyword.internal.WebUIKeywordMain.runKeyword(WebUIKeywordMain.groovy:26)
	at com.kms.katalon.core.webui.keyword.builtin.VerifyElementPresentKeyword.verifyElementPresent(VerifyElementPresentKeyword.groovy:92)
	at com.kms.katalon.core.webui.keyword.builtin.VerifyElementPresentKeyword.execute(VerifyElementPresentKeyword.groovy:68)
	at com.kms.katalon.core.keyword.internal.KeywordExecutor.executeKeywordForPlatform(KeywordExecutor.groovy:74)
	at com.kms.katalon.core.webui.keyword.WebUiBuiltInKeywords.verifyElementPresent(WebUiBuiltInKeywords.groovy:1464)
	at com.kms.katalon.core.webui.keyword.WebUiBuiltInKeywords$verifyElementPresent$6.call(Unknown Source)
	at PMHwaueiTopX.TopX(PMHwaueiTopX.groovy:1593)
	at PMHwaueiTopX.invokeMethod(PMHwaueiTopX.groovy)
	at com.kms.katalon.core.main.CustomKeywordDelegatingMetaClass.invokeStaticMethod(CustomKeywordDelegatingMetaClass.java:55)
	at TopX 2G Cell default.run(TopX 2G Cell default:29)
	at com.kms.katalon.core.main.ScriptEngine.run(ScriptEngine.java:194)
	at com.kms.katalon.core.main.ScriptEngine.runScriptAsRawText(ScriptEngine.java:119)
	at com.kms.katalon.core.main.TestCaseExecutor.runScript(TestCaseExecutor.java:448)
	at com.kms.katalon.core.main.TestCaseExecutor.doExecute(TestCaseExecutor.java:439)
	at com.kms.katalon.core.main.TestCaseExecutor.processExecutionPhase(TestCaseExecutor.java:418)
	at com.kms.katalon.core.main.TestCaseExecutor.accessMainPhase(TestCaseExecutor.java:410)
	at com.kms.katalon.core.main.TestCaseExecutor.execute(TestCaseExecutor.java:285)
	at com.kms.katalon.core.common.CommonExecutor.accessTestCaseMainPhase(CommonExecutor.java:65)
	at com.kms.katalon.core.main.TestSuiteExecutor.accessTestSuiteMainPhase(TestSuiteExecutor.java:148)
	at com.kms.katalon.core.main.TestSuiteExecutor.execute(TestSuiteExecutor.java:106)
	at com.kms.katalon.core.main.TestCaseMain.startTestSuite(TestCaseMain.java:187)
	at com.kms.katalon.core.main.TestCaseMain$startTestSuite$0.call(Unknown Source)
	at TempTestSuite1722766020200.run(TempTestSuite1722766020200.groovy:35)
Caused by: com.kms.katalon.core.exception.StepFailedException: com.kms.katalon.core.webui.exception.WebElementNotFoundException: Web element with id: 'Object Repository/PM/Huawei-vendor/Chart' located by '//*[@id="chart-container"]/div/app-main-chart-component[1]/div/div[2]/div[2]/div/div/div[1]/canvas' not found
	at com.kms.katalon.core.webui.keyword.internal.WebUIKeywordMain.stepFailed(WebUIKeywordMain.groovy:64)
	at com.kms.katalon.core.webui.keyword.builtin.VerifyElementPresentKeyword$_verifyElementPresent_closure1.doCall(VerifyElementPresentKeyword.groovy:85)
	at com.kms.katalon.core.webui.keyword.builtin.VerifyElementPresentKeyword$_verifyElementPresent_closure1.call(VerifyElementPresentKeyword.groovy)
	at com.kms.katalon.core.webui.keyword.internal.WebUIKeywordMain.runKeyword(WebUIKeywordMain.groovy:20)
	... 22 more
)
[[ATTACHMENT|C:\\Users\\FatimaIbeid\\git\\NetCell\\Reports\\20240804_130700\\PM\\Hwauei\\TopX\\Regression TopX 2G\\20240804_130700\\1722767150778.png]]

2024-08-04 13:25:51 - [MESSAGE][FAILED] - Unable to verify object 'Object Repository/PM/Huawei-vendor/Chart' is present]]></system-out>
         <system-err><![CDATA[2024-08-04 13:23:02 - [TEST_CASE][FAILED] - Test Cases/PM/Hwauei/TopX/2G TopX/XCells/TopX 2G Cell default: Test Cases/PM/Hwauei/TopX/2G TopX/XCells/TopX 2G Cell default FAILED.
Reason:
com.kms.katalon.core.exception.StepFailedException: Unable to verify object 'Object Repository/PM/Huawei-vendor/Chart' is present
	at com.kms.katalon.core.webui.keyword.internal.WebUIKeywordMain.stepFailed(WebUIKeywordMain.groovy:64)
	at com.kms.katalon.core.webui.keyword.internal.WebUIKeywordMain.runKeyword(WebUIKeywordMain.groovy:26)
	at com.kms.katalon.core.webui.keyword.builtin.VerifyElementPresentKeyword.verifyElementPresent(VerifyElementPresentKeyword.groovy:92)
	at com.kms.katalon.core.webui.keyword.builtin.VerifyElementPresentKeyword.execute(VerifyElementPresentKeyword.groovy:68)
	at com.kms.katalon.core.keyword.internal.KeywordExecutor.executeKeywordForPlatform(KeywordExecutor.groovy:74)
	at com.kms.katalon.core.webui.keyword.WebUiBuiltInKeywords.verifyElementPresent(WebUiBuiltInKeywords.groovy:1464)
	at com.kms.katalon.core.webui.keyword.WebUiBuiltInKeywords$verifyElementPresent$6.call(Unknown Source)
	at PMHwaueiTopX.TopX(PMHwaueiTopX.groovy:1593)
	at PMHwaueiTopX.invokeMethod(PMHwaueiTopX.groovy)
	at com.kms.katalon.core.main.CustomKeywordDelegatingMetaClass.invokeStaticMethod(CustomKeywordDelegatingMetaClass.java:55)
	at TopX 2G Cell default.run(TopX 2G Cell default:29)
	at com.kms.katalon.core.main.ScriptEngine.run(ScriptEngine.java:194)
	at com.kms.katalon.core.main.ScriptEngine.runScriptAsRawText(ScriptEngine.java:119)
	at com.kms.katalon.core.main.TestCaseExecutor.runScript(TestCaseExecutor.java:448)
	at com.kms.katalon.core.main.TestCaseExecutor.doExecute(TestCaseExecutor.java:439)
	at com.kms.katalon.core.main.TestCaseExecutor.processExecutionPhase(TestCaseExecutor.java:418)
	at com.kms.katalon.core.main.TestCaseExecutor.accessMainPhase(TestCaseExecutor.java:410)
	at com.kms.katalon.core.main.TestCaseExecutor.execute(TestCaseExecutor.java:285)
	at com.kms.katalon.core.common.CommonExecutor.accessTestCaseMainPhase(CommonExecutor.java:65)
	at com.kms.katalon.core.main.TestSuiteExecutor.accessTestSuiteMainPhase(TestSuiteExecutor.java:148)
	at com.kms.katalon.core.main.TestSuiteExecutor.execute(TestSuiteExecutor.java:106)
	at com.kms.katalon.core.main.TestCaseMain.startTestSuite(TestCaseMain.java:187)
	at com.kms.katalon.core.main.TestCaseMain$startTestSuite$0.call(Unknown Source)
	at TempTestSuite1722766020200.run(TempTestSuite1722766020200.groovy:35)
Caused by: com.kms.katalon.core.exception.StepFailedException: com.kms.katalon.core.webui.exception.WebElementNotFoundException: Web element with id: 'Object Repository/PM/Huawei-vendor/Chart' located by '//*[@id="chart-container"]/div/app-main-chart-component[1]/div/div[2]/div[2]/div/div/div[1]/canvas' not found
	at com.kms.katalon.core.webui.keyword.internal.WebUIKeywordMain.stepFailed(WebUIKeywordMain.groovy:64)
	at com.kms.katalon.core.webui.keyword.builtin.VerifyElementPresentKeyword$_verifyElementPresent_closure1.doCall(VerifyElementPresentKeyword.groovy:85)
	at com.kms.katalon.core.webui.keyword.builtin.VerifyElementPresentKeyword$_verifyElementPresent_closure1.call(VerifyElementPresentKeyword.groovy)
	at com.kms.katalon.core.webui.keyword.internal.WebUIKeywordMain.runKeyword(WebUIKeywordMain.groovy:20)
	... 22 more]]></system-err>
      </testcase>
      <testcase name="Test Cases/PM/Hwauei/TopX/2G TopX/XCells/TopX 2G Cell with LowX" time="174.181" classname="Test Cases/PM/Hwauei/TopX/2G TopX/XCells/TopX 2G Cell with LowX" status="FAILED">
         <failure type="FAILED" message="Test Cases/PM/Hwauei/TopX/2G TopX/XCells/TopX 2G Cell with LowX FAILED.
Reason:
com.kms.katalon.core.exception.StepFailedException: Unable to verify object 'Object Repository/PM/Huawei-vendor/Chart' is present
	at com.kms.katalon.core.webui.keyword.internal.WebUIKeywordMain.stepFailed(WebUIKeywordMain.groovy:64)
	at com.kms.katalon.core.webui.keyword.internal.WebUIKeywordMain.runKeyword(WebUIKeywordMain.groovy:26)
	at com.kms.katalon.core.webui.keyword.builtin.VerifyElementPresentKeyword.verifyElementPresent(VerifyElementPresentKeyword.groovy:92)
	at com.kms.katalon.core.webui.keyword.builtin.VerifyElementPresentKeyword.execute(VerifyElementPresentKeyword.groovy:68)
	at com.kms.katalon.core.keyword.internal.KeywordExecutor.executeKeywordForPlatform(KeywordExecutor.groovy:74)
	at com.kms.katalon.core.webui.keyword.WebUiBuiltInKeywords.verifyElementPresent(WebUiBuiltInKeywords.groovy:1464)
	at com.kms.katalon.core.webui.keyword.WebUiBuiltInKeywords$verifyElementPresent$6.call(Unknown Source)
	at PMHwaueiTopX.TopX(PMHwaueiTopX.groovy:1593)
	at PMHwaueiTopX.invokeMethod(PMHwaueiTopX.groovy)
	at com.kms.katalon.core.main.CustomKeywordDelegatingMetaClass.invokeStaticMethod(CustomKeywordDelegatingMetaClass.java:55)
	at TopX 2G Cell with LowX.run(TopX 2G Cell with LowX:29)
	at com.kms.katalon.core.main.ScriptEngine.run(ScriptEngine.java:194)
	at com.kms.katalon.core.main.ScriptEngine.runScriptAsRawText(ScriptEngine.java:119)
	at com.kms.katalon.core.main.TestCaseExecutor.runScript(TestCaseExecutor.java:448)
	at com.kms.katalon.core.main.TestCaseExecutor.doExecute(TestCaseExecutor.java:439)
	at com.kms.katalon.core.main.TestCaseExecutor.processExecutionPhase(TestCaseExecutor.java:418)
	at com.kms.katalon.core.main.TestCaseExecutor.accessMainPhase(TestCaseExecutor.java:410)
	at com.kms.katalon.core.main.TestCaseExecutor.execute(TestCaseExecutor.java:285)
	at com.kms.katalon.core.common.CommonExecutor.accessTestCaseMainPhase(CommonExecutor.java:65)
	at com.kms.katalon.core.main.TestSuiteExecutor.accessTestSuiteMainPhase(TestSuiteExecutor.java:148)
	at com.kms.katalon.core.main.TestSuiteExecutor.execute(TestSuiteExecutor.java:106)
	at com.kms.katalon.core.main.TestCaseMain.startTestSuite(TestCaseMain.java:187)
	at com.kms.katalon.core.main.TestCaseMain$startTestSuite$0.call(Unknown Source)
	at TempTestSuite1722766020200.run(TempTestSuite1722766020200.groovy:35)
Caused by: com.kms.katalon.core.exception.StepFailedException: com.kms.katalon.core.webui.exception.WebElementNotFoundException: Web element with id: 'Object Repository/PM/Huawei-vendor/Chart' located by '//*[@id=&quot;chart-container&quot;]/div/app-main-chart-component[1]/div/div[2]/div[2]/div/div/div[1]/canvas' not found
	at com.kms.katalon.core.webui.keyword.internal.WebUIKeywordMain.stepFailed(WebUIKeywordMain.groovy:64)
	at com.kms.katalon.core.webui.keyword.builtin.VerifyElementPresentKeyword$_verifyElementPresent_closure1.doCall(VerifyElementPresentKeyword.groovy:85)
	at com.kms.katalon.core.webui.keyword.builtin.VerifyElementPresentKeyword$_verifyElementPresent_closure1.call(VerifyElementPresentKeyword.groovy)
	at com.kms.katalon.core.webui.keyword.internal.WebUIKeywordMain.runKeyword(WebUIKeywordMain.groovy:20)
	... 22 more
"/>
         <system-out><![CDATA[2024-08-04 13:25:51 - [TEST_CASE][FAILED] - Test Cases/PM/Hwauei/TopX/2G TopX/XCells/TopX 2G Cell with LowX: Test Cases/PM/Hwauei/TopX/2G TopX/XCells/TopX 2G Cell with LowX FAILED.
Reason:
com.kms.katalon.core.exception.StepFailedException: Unable to verify object 'Object Repository/PM/Huawei-vendor/Chart' is present
	at com.kms.katalon.core.webui.keyword.internal.WebUIKeywordMain.stepFailed(WebUIKeywordMain.groovy:64)
	at com.kms.katalon.core.webui.keyword.internal.WebUIKeywordMain.runKeyword(WebUIKeywordMain.groovy:26)
	at com.kms.katalon.core.webui.keyword.builtin.VerifyElementPresentKeyword.verifyElementPresent(VerifyElementPresentKeyword.groovy:92)
	at com.kms.katalon.core.webui.keyword.builtin.VerifyElementPresentKeyword.execute(VerifyElementPresentKeyword.groovy:68)
	at com.kms.katalon.core.keyword.internal.KeywordExecutor.executeKeywordForPlatform(KeywordExecutor.groovy:74)
	at com.kms.katalon.core.webui.keyword.WebUiBuiltInKeywords.verifyElementPresent(WebUiBuiltInKeywords.groovy:1464)
	at com.kms.katalon.core.webui.keyword.WebUiBuiltInKeywords$verifyElementPresent$6.call(Unknown Source)
	at PMHwaueiTopX.TopX(PMHwaueiTopX.groovy:1593)
	at PMHwaueiTopX.invokeMethod(PMHwaueiTopX.groovy)
	at com.kms.katalon.core.main.CustomKeywordDelegatingMetaClass.invokeStaticMethod(CustomKeywordDelegatingMetaClass.java:55)
	at TopX 2G Cell with LowX.run(TopX 2G Cell with LowX:29)
	at com.kms.katalon.core.main.ScriptEngine.run(ScriptEngine.java:194)
	at com.kms.katalon.core.main.ScriptEngine.runScriptAsRawText(ScriptEngine.java:119)
	at com.kms.katalon.core.main.TestCaseExecutor.runScript(TestCaseExecutor.java:448)
	at com.kms.katalon.core.main.TestCaseExecutor.doExecute(TestCaseExecutor.java:439)
	at com.kms.katalon.core.main.TestCaseExecutor.processExecutionPhase(TestCaseExecutor.java:418)
	at com.kms.katalon.core.main.TestCaseExecutor.accessMainPhase(TestCaseExecutor.java:410)
	at com.kms.katalon.core.main.TestCaseExecutor.execute(TestCaseExecutor.java:285)
	at com.kms.katalon.core.common.CommonExecutor.accessTestCaseMainPhase(CommonExecutor.java:65)
	at com.kms.katalon.core.main.TestSuiteExecutor.accessTestSuiteMainPhase(TestSuiteExecutor.java:148)
	at com.kms.katalon.core.main.TestSuiteExecutor.execute(TestSuiteExecutor.java:106)
	at com.kms.katalon.core.main.TestCaseMain.startTestSuite(TestCaseMain.java:187)
	at com.kms.katalon.core.main.TestCaseMain$startTestSuite$0.call(Unknown Source)
	at TempTestSuite1722766020200.run(TempTestSuite1722766020200.groovy:35)
Caused by: com.kms.katalon.core.exception.StepFailedException: com.kms.katalon.core.webui.exception.WebElementNotFoundException: Web element with id: 'Object Repository/PM/Huawei-vendor/Chart' located by '//*[@id="chart-container"]/div/app-main-chart-component[1]/div/div[2]/div[2]/div/div/div[1]/canvas' not found
	at com.kms.katalon.core.webui.keyword.internal.WebUIKeywordMain.stepFailed(WebUIKeywordMain.groovy:64)
	at com.kms.katalon.core.webui.keyword.builtin.VerifyElementPresentKeyword$_verifyElementPresent_closure1.doCall(VerifyElementPresentKeyword.groovy:85)
	at com.kms.katalon.core.webui.keyword.builtin.VerifyElementPresentKeyword$_verifyElementPresent_closure1.call(VerifyElementPresentKeyword.groovy)
	at com.kms.katalon.core.webui.keyword.internal.WebUIKeywordMain.runKeyword(WebUIKeywordMain.groovy:20)
	... 22 more


2024-08-04 13:25:51 - [TEST_STEP][PASSED] - callTestCase(findTestCase("Login"), [:], STOP_ON_FAILURE): Call Test Case 'Test Cases/Login' successfully

2024-08-04 13:25:51 - [TEST_CASE][PASSED] - Test Cases/Login: Test Cases/Login

2024-08-04 13:25:51 - [TEST_STEP][PASSED] - driver = general.start(SwagerURL, NetCellURL): general.start is PASSED

2024-08-04 13:25:51 - [MESSAGE][INFO] - >>> chromeDriverPath=C:\Users\FatimaIbeid\.katalon\packages\Katalon_Studio_Windows_64-8.6.9\Katalon_Studio_Windows_64-8.6.9\configuration\resources\drivers\chromedriver_win32\chromedriver.exe

2024-08-04 13:25:53 - [MESSAGE][PASSED] - Current window maximized

2024-08-04 13:25:53 - [MESSAGE][PASSED] - Execute JavaScript 'window.open();' successfully

2024-08-04 13:25:53 - [MESSAGE][PASSED] - Switched to window with index: '1'

2024-08-04 13:26:06 - [MESSAGE][PASSED] - general.start is PASSED

2024-08-04 13:26:06 - [TEST_STEP][PASSED] - click(findTestObject("Object Repository/Login/LoginButton")): Object: 'Object Repository/Login/LoginButton' is clicked on

2024-08-04 13:26:06 - [MESSAGE][PASSED] - Object: 'Object Repository/Login/LoginButton' is clicked on

2024-08-04 13:26:06 - [TEST_STEP][PASSED] - switchToWindowIndex(2): Switched to window with index: '2'

2024-08-04 13:26:06 - [MESSAGE][PASSED] - Switched to window with index: '2'

2024-08-04 13:26:06 - [TEST_STEP][PASSED] - delay(1): Delayed 1 second(s)

2024-08-04 13:26:07 - [MESSAGE][PASSED] - Delayed 1 second(s)

2024-08-04 13:26:07 - [TEST_STEP][PASSED] - sendKeys(findTestObject("Object Repository/Login/EnterEmail"), "homam@zztjg.onmicrosoft.com"): Keys 'homam@zztjg.onmicrosoft.com' sent to object: 'Object Repository/Login/EnterEmail'

2024-08-04 13:26:08 - [MESSAGE][PASSED] - Keys 'homam@zztjg.onmicrosoft.com' sent to object: 'Object Repository/Login/EnterEmail'

2024-08-04 13:26:08 - [TEST_STEP][PASSED] - delay(1): Delayed 1 second(s)

2024-08-04 13:26:09 - [MESSAGE][PASSED] - Delayed 1 second(s)

2024-08-04 13:26:09 - [TEST_STEP][PASSED] - click(findTestObject("Object Repository/Login/NextButton")): Object: 'Object Repository/Login/NextButton' is clicked on

2024-08-04 13:26:09 - [MESSAGE][PASSED] - Object: 'Object Repository/Login/NextButton' is clicked on

2024-08-04 13:26:09 - [TEST_STEP][PASSED] - delay(2): Delayed 2 second(s)

2024-08-04 13:26:11 - [MESSAGE][PASSED] - Delayed 2 second(s)

2024-08-04 13:26:11 - [TEST_STEP][PASSED] - sendKeys(findTestObject("Object Repository/Login/EnterPassword"), "Holder12345"): Keys 'Holder12345' sent to object: 'Object Repository/Login/EnterPassword'

2024-08-04 13:26:11 - [MESSAGE][PASSED] - Keys 'Holder12345' sent to object: 'Object Repository/Login/EnterPassword'

2024-08-04 13:26:11 - [TEST_STEP][PASSED] - delay(1): Delayed 1 second(s)

2024-08-04 13:26:12 - [MESSAGE][PASSED] - Delayed 1 second(s)

2024-08-04 13:26:12 - [TEST_STEP][PASSED] - click(findTestObject("Object Repository/Login/SigninButton")): Object: 'Object Repository/Login/SigninButton' is clicked on

2024-08-04 13:26:13 - [MESSAGE][PASSED] - Object: 'Object Repository/Login/SigninButton' is clicked on

2024-08-04 13:26:13 - [TEST_STEP][PASSED] - delay(1): Delayed 1 second(s)

2024-08-04 13:26:14 - [MESSAGE][PASSED] - Delayed 1 second(s)

2024-08-04 13:26:14 - [TEST_STEP][PASSED] - click(findTestObject("Object Repository/Login/YesStayInButton")): Object: 'Object Repository/Login/YesStayInButton' is clicked on

2024-08-04 13:26:15 - [MESSAGE][PASSED] - Object: 'Object Repository/Login/YesStayInButton' is clicked on

2024-08-04 13:26:15 - [MESSAGE][PASSED] - Call Test Case 'Test Cases/Login' successfully

2024-08-04 13:26:15 - [TEST_STEP][PASSED] - switchToWindowIndex(1): Switched to window with index: '1'

2024-08-04 13:26:15 - [MESSAGE][PASSED] - Switched to window with index: '1'

2024-08-04 13:26:15 - [TEST_STEP][FAILED] - PMHwaueiTopX.TopX("2G", "Cell", true, "Hourly", true, null): Unable to verify object 'Object Repository/PM/Huawei-vendor/Chart' is present

2024-08-04 13:26:16 - [MESSAGE][PASSED] - Object: 'Object Repository/PM/PM-Button' is clicked on

2024-08-04 13:26:16 - [MESSAGE][PASSED] - Switched to window with index: '2'

2024-08-04 13:26:17 - [MESSAGE][PASSED] - Object: 'Object Repository/PM/Huawei-vendor/Data-view/TopX' is clicked on

2024-08-04 13:26:17 - [MESSAGE][PASSED] - Object: 'Object Repository/PM/Huawei-vendor/Technology/Technology-Arrow' is clicked on

2024-08-04 13:26:18 - [MESSAGE][PASSED] - Object: 'Object Repository/PM/Huawei-vendor/Technology/2G' is clicked on

2024-08-04 13:26:18 - [MESSAGE][PASSED] - Object: 'Object Repository/PM/Huawei-vendor/TopX/TopX Object Type' is clicked on

2024-08-04 13:26:19 - [MESSAGE][PASSED] - Delayed 1 second(s)

2024-08-04 13:26:19 - [MESSAGE][PASSED] - Object: 'Object Repository/PM/Huawei-vendor/Object-Type/TopX Object Types/TopX Cells/TopX Cell' is clicked on

2024-08-04 13:26:20 - [MESSAGE][PASSED] - Delayed 1 second(s)

2024-08-04 13:26:20 - [MESSAGE][WARNING] - Timeout '0' is invalid. Using default page load timeout: '120'

2024-08-04 13:26:20 - [MESSAGE][PASSED] - Scroll to object 'Object Repository/PM/Huawei-vendor/Object Border' successfully

2024-08-04 13:26:20 - [MESSAGE][PASSED] - Object: 'Object Repository/PM/Huawei-vendor/Object-Type/TopX Object Types/TopX Sites/TopX East Amman Arrow' is clicked on

2024-08-04 13:26:22 - [MESSAGE][PASSED] - Object: 'Object Repository/PM/Huawei-vendor/Object-Type/TopX Object Types/TopX Cells/TopX East Amman Site1 Arrow' is clicked on

2024-08-04 13:26:24 - [MESSAGE][PASSED] - Delayed 2 second(s)

2024-08-04 13:26:24 - [MESSAGE][PASSED] - Object: 'Object Repository/PM/Huawei-vendor/Object-Type/TopX Object Types/TopX Cells/TopX East Amman Site1 Cell1' is clicked on

2024-08-04 13:26:24 - [MESSAGE][PASSED] - Object: 'Object Repository/PM/Huawei-vendor/Object-Type/TopX Object Types/TopX Sites/TopX East Amman CloseArrow' is clicked on

2024-08-04 13:26:25 - [MESSAGE][PASSED] - Object: 'Object Repository/PM/Huawei-vendor/Object-Type/TopX Object Types/TopX Sites/TopX West Amman Arrow' is clicked on

2024-08-04 13:26:26 - [MESSAGE][PASSED] - Object: 'Object Repository/PM/Huawei-vendor/Object-Type/TopX Object Types/TopX Cells/TopX West Amman Site1 Arrow' is clicked on

2024-08-04 13:26:26 - [MESSAGE][PASSED] - Object: 'Object Repository/PM/Huawei-vendor/Object-Type/TopX Object Types/TopX Cells/TopX West Amman Site1 Cell1' is clicked on

2024-08-04 13:26:27 - [MESSAGE][PASSED] - Object: 'Object Repository/PM/Huawei-vendor/Object-Type/TopX Object Types/TopX Sites/TopX West Amman CloseArrow' is clicked on

2024-08-04 13:26:27 - [MESSAGE][PASSED] - Object: 'Object Repository/PM/Huawei-vendor/Object-Type/TopX Object Types/TopX Sites/TopX South Amman Arrow' is clicked on

2024-08-04 13:26:29 - [MESSAGE][PASSED] - Object: 'Object Repository/PM/Huawei-vendor/Object-Type/TopX Object Types/TopX Cells/TopX South Amman Site1 Arrow' is clicked on

2024-08-04 13:26:29 - [MESSAGE][PASSED] - Object: 'Object Repository/PM/Huawei-vendor/Object-Type/TopX Object Types/TopX Cells/TopX South Amman Site1 Cell1' is clicked on

2024-08-04 13:26:29 - [MESSAGE][PASSED] - Object: 'Object Repository/PM/Huawei-vendor/Object-Type/TopX Object Types/TopX Sites/TopX South Amman CloseArrow' is clicked on

2024-08-04 13:26:30 - [MESSAGE][PASSED] - Object: 'Object Repository/PM/Huawei-vendor/Object-Type/TopX Object Types/TopX Sites/TopX East Jordan Arrow' is clicked on

2024-08-04 13:26:31 - [MESSAGE][PASSED] - Object: 'Object Repository/PM/Huawei-vendor/Object-Type/TopX Object Types/TopX Cells/TopX East Jordan Site1 Arrow' is clicked on

2024-08-04 13:26:31 - [MESSAGE][PASSED] - Object: 'Object Repository/PM/Huawei-vendor/Object-Type/TopX Object Types/TopX Cells/TopX East Jordan Site1 Cell1' is clicked on

2024-08-04 13:26:31 - [MESSAGE][PASSED] - Object: 'Object Repository/PM/Huawei-vendor/Object-Type/TopX Object Types/TopX Sites/TopX East Jordan CloseArrow' is clicked on

2024-08-04 13:26:32 - [MESSAGE][PASSED] - Object: 'Object Repository/PM/Huawei-vendor/Object-Type/TopX Object Types/TopX Sites/TopX North Jordan Arrow' is clicked on

2024-08-04 13:26:34 - [MESSAGE][PASSED] - Object: 'Object Repository/PM/Huawei-vendor/Object-Type/TopX Object Types/TopX Cells/TopX North Jordan Site1 Arrow' is clicked on

2024-08-04 13:26:34 - [MESSAGE][PASSED] - Object: 'Object Repository/PM/Huawei-vendor/Object-Type/TopX Object Types/TopX Cells/TopX North Jordan Site1 Cell1' is clicked on

2024-08-04 13:26:34 - [MESSAGE][PASSED] - Object: 'Object Repository/PM/Huawei-vendor/Object-Type/TopX Object Types/TopX Sites/TopX North Jordan CloseArrow' is clicked on

2024-08-04 13:26:35 - [MESSAGE][PASSED] - Object: 'Object Repository/PM/Huawei-vendor/Object-Type/TopX Object Types/TopX Sites/TopX South Jordan Arrow' is clicked on

2024-08-04 13:26:36 - [MESSAGE][PASSED] - Object: 'Object Repository/PM/Huawei-vendor/Object-Type/TopX Object Types/TopX Cells/TopX South Jordan Site1 Arrow' is clicked on

2024-08-04 13:26:36 - [MESSAGE][PASSED] - Object: 'Object Repository/PM/Huawei-vendor/Object-Type/TopX Object Types/TopX Cells/TopX South Jordan Site1 Cell1' is clicked on

2024-08-04 13:26:36 - [MESSAGE][PASSED] - Object: 'Object Repository/PM/Huawei-vendor/Object-Type/TopX Object Types/TopX Sites/TopX South Jordan CloseArrow' is clicked on

2024-08-04 13:26:36 - [MESSAGE][PASSED] - Object: 'Object Repository/PM/Huawei-vendor/Object-Type/TopX Object Types/TopX Sites/TopX Others Arrow' is clicked on

2024-08-04 13:26:37 - [MESSAGE][PASSED] - Object: 'Object Repository/PM/Huawei-vendor/Object-Type/TopX Object Types/TopX Cells/TopX Others Site1 Arrow' is clicked on

2024-08-04 13:26:37 - [MESSAGE][PASSED] - Object: 'Object Repository/PM/Huawei-vendor/Object-Type/TopX Object Types/TopX Cells/TopX Others Site1 Cell1' is clicked on

2024-08-04 13:26:37 - [MESSAGE][PASSED] - Object: 'Object Repository/PM/Huawei-vendor/Object-Type/TopX Object Types/TopX Sites/TopX Others CloseArrow' is clicked on

2024-08-04 13:26:38 - [MESSAGE][WARNING] - Timeout '0' is invalid. Using default page load timeout: '120'

2024-08-04 13:26:38 - [MESSAGE][PASSED] - Scroll to object 'Object Repository/PM/Huawei-vendor/LowXlabel' successfully

2024-08-04 13:26:38 - [MESSAGE][PASSED] - Object: 'Object Repository/PM/Huawei-vendor/TopX/TopXDate/BeforeDate' is clicked on

2024-08-04 13:26:39 - [MESSAGE][PASSED] - Delayed 1 second(s)

2024-08-04 13:26:39 - [MESSAGE][PASSED] - Object: 'Object Repository/PM/Huawei-vendor/TopX/TopXDate/Choose Month' is clicked on

2024-08-04 13:26:40 - [MESSAGE][PASSED] - Delayed 1 second(s)

2024-08-04 13:26:40 - [MESSAGE][PASSED] - Object: 'Object Repository/PM/Huawei-vendor/TopX/TopXDate/Feb' is clicked on

2024-08-04 13:26:40 - [MESSAGE][PASSED] - Object: 'Object Repository/PM/Huawei-vendor/TopX/TopXDate/Day 1' is clicked on

2024-08-04 13:26:40 - [MESSAGE][PASSED] - Object: 'Object Repository/PM/Huawei-vendor/TopX/TopXDate/Button OK' is clicked on

2024-08-04 13:26:40 - [MESSAGE][PASSED] - Object: 'Object Repository/PM/Huawei-vendor/TopX/TopXDate/After Date' is clicked on

2024-08-04 13:26:41 - [MESSAGE][PASSED] - Delayed 1 second(s)

2024-08-04 13:26:42 - [MESSAGE][PASSED] - Object: 'Object Repository/PM/Huawei-vendor/TopX/TopXDate/Choose Month' is clicked on

2024-08-04 13:26:43 - [MESSAGE][PASSED] - Delayed 1 second(s)

2024-08-04 13:26:43 - [MESSAGE][PASSED] - Object: 'Object Repository/PM/Huawei-vendor/TopX/TopXDate/Feb' is clicked on

2024-08-04 13:26:43 - [MESSAGE][PASSED] - Object: 'Object Repository/PM/Huawei-vendor/TopX/TopXDate/Day 7' is clicked on

2024-08-04 13:26:43 - [MESSAGE][PASSED] - Object: 'Object Repository/PM/Huawei-vendor/TopX/TopXDate/Button OK' is clicked on

2024-08-04 13:26:43 - [MESSAGE][PASSED] - Object: 'Object Repository/PM/Huawei-vendor/LowXCheckBox' is clicked on

2024-08-04 13:26:43 - [MESSAGE][PASSED] - Object: 'Object Repository/PM/Huawei-vendor/Apply-Button' is clicked on

2024-08-04 13:26:43 - [MESSAGE][WARNING] - Timeout '0' is invalid. Using default page load timeout: '120'

2024-08-04 13:26:43 - [MESSAGE][PASSED] - Web element with id: 'Object Repository/PM/Huawei-vendor/Error' located by 'By.xpath: //div[@class='toast-summary title-medium-m']' is not present after '120' second(s)

2024-08-04 13:26:43 - [MESSAGE][WARNING] - Timeout '0' is invalid. Using default page load timeout: '120'

2024-08-04 13:28:44 - [MESSAGE][INFO] - Unable to find the element located by 'By.xpath: //*[@id="chart-container"]/div/app-main-chart-component[1]/div/div[2]/div[2]/div/div/div[1]/canvas'. Please recheck the objects properties to make sure the desired element is located. 

2024-08-04 13:28:45 - [MESSAGE][FAILED] - com.kms.katalon.core.webui.exception.WebElementNotFoundException: Web element with id: 'Object Repository/PM/Huawei-vendor/Chart' located by '//*[@id="chart-container"]/div/app-main-chart-component[1]/div/div[2]/div[2]/div/div/div[1]/canvas' not found (Root cause: com.kms.katalon.core.exception.StepFailedException: com.kms.katalon.core.webui.exception.WebElementNotFoundException: Web element with id: 'Object Repository/PM/Huawei-vendor/Chart' located by '//*[@id="chart-container"]/div/app-main-chart-component[1]/div/div[2]/div[2]/div/div/div[1]/canvas' not found
	at com.kms.katalon.core.webui.keyword.internal.WebUIKeywordMain.stepFailed(WebUIKeywordMain.groovy:64)
	at com.kms.katalon.core.webui.keyword.builtin.VerifyElementPresentKeyword$_verifyElementPresent_closure1.doCall(VerifyElementPresentKeyword.groovy:85)
	at com.kms.katalon.core.webui.keyword.builtin.VerifyElementPresentKeyword$_verifyElementPresent_closure1.call(VerifyElementPresentKeyword.groovy)
	at com.kms.katalon.core.webui.keyword.internal.WebUIKeywordMain.runKeyword(WebUIKeywordMain.groovy:20)
	at com.kms.katalon.core.webui.keyword.builtin.VerifyElementPresentKeyword.verifyElementPresent(VerifyElementPresentKeyword.groovy:92)
	at com.kms.katalon.core.webui.keyword.builtin.VerifyElementPresentKeyword.execute(VerifyElementPresentKeyword.groovy:68)
	at com.kms.katalon.core.keyword.internal.KeywordExecutor.executeKeywordForPlatform(KeywordExecutor.groovy:74)
	at com.kms.katalon.core.webui.keyword.WebUiBuiltInKeywords.verifyElementPresent(WebUiBuiltInKeywords.groovy:1464)
	at com.kms.katalon.core.webui.keyword.WebUiBuiltInKeywords$verifyElementPresent$6.call(Unknown Source)
	at PMHwaueiTopX.TopX(PMHwaueiTopX.groovy:1593)
	at PMHwaueiTopX.invokeMethod(PMHwaueiTopX.groovy)
	at com.kms.katalon.core.main.CustomKeywordDelegatingMetaClass.invokeStaticMethod(CustomKeywordDelegatingMetaClass.java:55)
	at TopX 2G Cell with LowX.run(TopX 2G Cell with LowX:29)
	at com.kms.katalon.core.main.ScriptEngine.run(ScriptEngine.java:194)
	at com.kms.katalon.core.main.ScriptEngine.runScriptAsRawText(ScriptEngine.java:119)
	at com.kms.katalon.core.main.TestCaseExecutor.runScript(TestCaseExecutor.java:448)
	at com.kms.katalon.core.main.TestCaseExecutor.doExecute(TestCaseExecutor.java:439)
	at com.kms.katalon.core.main.TestCaseExecutor.processExecutionPhase(TestCaseExecutor.java:418)
	at com.kms.katalon.core.main.TestCaseExecutor.accessMainPhase(TestCaseExecutor.java:410)
	at com.kms.katalon.core.main.TestCaseExecutor.execute(TestCaseExecutor.java:285)
	at com.kms.katalon.core.common.CommonExecutor.accessTestCaseMainPhase(CommonExecutor.java:65)
	at com.kms.katalon.core.main.TestSuiteExecutor.accessTestSuiteMainPhase(TestSuiteExecutor.java:148)
	at com.kms.katalon.core.main.TestSuiteExecutor.execute(TestSuiteExecutor.java:106)
	at com.kms.katalon.core.main.TestCaseMain.startTestSuite(TestCaseMain.java:187)
	at com.kms.katalon.core.main.TestCaseMain$startTestSuite$0.call(Unknown Source)
	at TempTestSuite1722766020200.run(TempTestSuite1722766020200.groovy:35)
)
[[ATTACHMENT|C:\\Users\\FatimaIbeid\\git\\NetCell\\Reports\\20240804_130700\\PM\\Hwauei\\TopX\\Regression TopX 2G\\20240804_130700\\1722767324961.png]]

2024-08-04 13:28:45 - [MESSAGE][FAILED] - Unable to verify object 'Object Repository/PM/Huawei-vendor/Chart' is present (Root cause: com.kms.katalon.core.exception.StepFailedException: Unable to verify object 'Object Repository/PM/Huawei-vendor/Chart' is present
	at com.kms.katalon.core.webui.keyword.internal.WebUIKeywordMain.stepFailed(WebUIKeywordMain.groovy:64)
	at com.kms.katalon.core.webui.keyword.internal.WebUIKeywordMain.runKeyword(WebUIKeywordMain.groovy:26)
	at com.kms.katalon.core.webui.keyword.builtin.VerifyElementPresentKeyword.verifyElementPresent(VerifyElementPresentKeyword.groovy:92)
	at com.kms.katalon.core.webui.keyword.builtin.VerifyElementPresentKeyword.execute(VerifyElementPresentKeyword.groovy:68)
	at com.kms.katalon.core.keyword.internal.KeywordExecutor.executeKeywordForPlatform(KeywordExecutor.groovy:74)
	at com.kms.katalon.core.webui.keyword.WebUiBuiltInKeywords.verifyElementPresent(WebUiBuiltInKeywords.groovy:1464)
	at com.kms.katalon.core.webui.keyword.WebUiBuiltInKeywords$verifyElementPresent$6.call(Unknown Source)
	at PMHwaueiTopX.TopX(PMHwaueiTopX.groovy:1593)
	at PMHwaueiTopX.invokeMethod(PMHwaueiTopX.groovy)
	at com.kms.katalon.core.main.CustomKeywordDelegatingMetaClass.invokeStaticMethod(CustomKeywordDelegatingMetaClass.java:55)
	at TopX 2G Cell with LowX.run(TopX 2G Cell with LowX:29)
	at com.kms.katalon.core.main.ScriptEngine.run(ScriptEngine.java:194)
	at com.kms.katalon.core.main.ScriptEngine.runScriptAsRawText(ScriptEngine.java:119)
	at com.kms.katalon.core.main.TestCaseExecutor.runScript(TestCaseExecutor.java:448)
	at com.kms.katalon.core.main.TestCaseExecutor.doExecute(TestCaseExecutor.java:439)
	at com.kms.katalon.core.main.TestCaseExecutor.processExecutionPhase(TestCaseExecutor.java:418)
	at com.kms.katalon.core.main.TestCaseExecutor.accessMainPhase(TestCaseExecutor.java:410)
	at com.kms.katalon.core.main.TestCaseExecutor.execute(TestCaseExecutor.java:285)
	at com.kms.katalon.core.common.CommonExecutor.accessTestCaseMainPhase(CommonExecutor.java:65)
	at com.kms.katalon.core.main.TestSuiteExecutor.accessTestSuiteMainPhase(TestSuiteExecutor.java:148)
	at com.kms.katalon.core.main.TestSuiteExecutor.execute(TestSuiteExecutor.java:106)
	at com.kms.katalon.core.main.TestCaseMain.startTestSuite(TestCaseMain.java:187)
	at com.kms.katalon.core.main.TestCaseMain$startTestSuite$0.call(Unknown Source)
	at TempTestSuite1722766020200.run(TempTestSuite1722766020200.groovy:35)
Caused by: com.kms.katalon.core.exception.StepFailedException: com.kms.katalon.core.webui.exception.WebElementNotFoundException: Web element with id: 'Object Repository/PM/Huawei-vendor/Chart' located by '//*[@id="chart-container"]/div/app-main-chart-component[1]/div/div[2]/div[2]/div/div/div[1]/canvas' not found
	at com.kms.katalon.core.webui.keyword.internal.WebUIKeywordMain.stepFailed(WebUIKeywordMain.groovy:64)
	at com.kms.katalon.core.webui.keyword.builtin.VerifyElementPresentKeyword$_verifyElementPresent_closure1.doCall(VerifyElementPresentKeyword.groovy:85)
	at com.kms.katalon.core.webui.keyword.builtin.VerifyElementPresentKeyword$_verifyElementPresent_closure1.call(VerifyElementPresentKeyword.groovy)
	at com.kms.katalon.core.webui.keyword.internal.WebUIKeywordMain.runKeyword(WebUIKeywordMain.groovy:20)
	... 22 more
)
[[ATTACHMENT|C:\\Users\\FatimaIbeid\\git\\NetCell\\Reports\\20240804_130700\\PM\\Hwauei\\TopX\\Regression TopX 2G\\20240804_130700\\1722767325408.png]]

2024-08-04 13:28:45 - [MESSAGE][FAILED] - Unable to verify object 'Object Repository/PM/Huawei-vendor/Chart' is present]]></system-out>
         <system-err><![CDATA[2024-08-04 13:25:51 - [TEST_CASE][FAILED] - Test Cases/PM/Hwauei/TopX/2G TopX/XCells/TopX 2G Cell with LowX: Test Cases/PM/Hwauei/TopX/2G TopX/XCells/TopX 2G Cell with LowX FAILED.
Reason:
com.kms.katalon.core.exception.StepFailedException: Unable to verify object 'Object Repository/PM/Huawei-vendor/Chart' is present
	at com.kms.katalon.core.webui.keyword.internal.WebUIKeywordMain.stepFailed(WebUIKeywordMain.groovy:64)
	at com.kms.katalon.core.webui.keyword.internal.WebUIKeywordMain.runKeyword(WebUIKeywordMain.groovy:26)
	at com.kms.katalon.core.webui.keyword.builtin.VerifyElementPresentKeyword.verifyElementPresent(VerifyElementPresentKeyword.groovy:92)
	at com.kms.katalon.core.webui.keyword.builtin.VerifyElementPresentKeyword.execute(VerifyElementPresentKeyword.groovy:68)
	at com.kms.katalon.core.keyword.internal.KeywordExecutor.executeKeywordForPlatform(KeywordExecutor.groovy:74)
	at com.kms.katalon.core.webui.keyword.WebUiBuiltInKeywords.verifyElementPresent(WebUiBuiltInKeywords.groovy:1464)
	at com.kms.katalon.core.webui.keyword.WebUiBuiltInKeywords$verifyElementPresent$6.call(Unknown Source)
	at PMHwaueiTopX.TopX(PMHwaueiTopX.groovy:1593)
	at PMHwaueiTopX.invokeMethod(PMHwaueiTopX.groovy)
	at com.kms.katalon.core.main.CustomKeywordDelegatingMetaClass.invokeStaticMethod(CustomKeywordDelegatingMetaClass.java:55)
	at TopX 2G Cell with LowX.run(TopX 2G Cell with LowX:29)
	at com.kms.katalon.core.main.ScriptEngine.run(ScriptEngine.java:194)
	at com.kms.katalon.core.main.ScriptEngine.runScriptAsRawText(ScriptEngine.java:119)
	at com.kms.katalon.core.main.TestCaseExecutor.runScript(TestCaseExecutor.java:448)
	at com.kms.katalon.core.main.TestCaseExecutor.doExecute(TestCaseExecutor.java:439)
	at com.kms.katalon.core.main.TestCaseExecutor.processExecutionPhase(TestCaseExecutor.java:418)
	at com.kms.katalon.core.main.TestCaseExecutor.accessMainPhase(TestCaseExecutor.java:410)
	at com.kms.katalon.core.main.TestCaseExecutor.execute(TestCaseExecutor.java:285)
	at com.kms.katalon.core.common.CommonExecutor.accessTestCaseMainPhase(CommonExecutor.java:65)
	at com.kms.katalon.core.main.TestSuiteExecutor.accessTestSuiteMainPhase(TestSuiteExecutor.java:148)
	at com.kms.katalon.core.main.TestSuiteExecutor.execute(TestSuiteExecutor.java:106)
	at com.kms.katalon.core.main.TestCaseMain.startTestSuite(TestCaseMain.java:187)
	at com.kms.katalon.core.main.TestCaseMain$startTestSuite$0.call(Unknown Source)
	at TempTestSuite1722766020200.run(TempTestSuite1722766020200.groovy:35)
Caused by: com.kms.katalon.core.exception.StepFailedException: com.kms.katalon.core.webui.exception.WebElementNotFoundException: Web element with id: 'Object Repository/PM/Huawei-vendor/Chart' located by '//*[@id="chart-container"]/div/app-main-chart-component[1]/div/div[2]/div[2]/div/div/div[1]/canvas' not found
	at com.kms.katalon.core.webui.keyword.internal.WebUIKeywordMain.stepFailed(WebUIKeywordMain.groovy:64)
	at com.kms.katalon.core.webui.keyword.builtin.VerifyElementPresentKeyword$_verifyElementPresent_closure1.doCall(VerifyElementPresentKeyword.groovy:85)
	at com.kms.katalon.core.webui.keyword.builtin.VerifyElementPresentKeyword$_verifyElementPresent_closure1.call(VerifyElementPresentKeyword.groovy)
	at com.kms.katalon.core.webui.keyword.internal.WebUIKeywordMain.runKeyword(WebUIKeywordMain.groovy:20)
	... 22 more]]></system-err>
      </testcase>
      <testcase name="Test Cases/PM/Hwauei/TopX/2G TopX/XCells/TopX 2G Cell Daily" time="166.629" classname="Test Cases/PM/Hwauei/TopX/2G TopX/XCells/TopX 2G Cell Daily" status="FAILED">
         <failure type="FAILED" message="Test Cases/PM/Hwauei/TopX/2G TopX/XCells/TopX 2G Cell Daily FAILED.
Reason:
com.kms.katalon.core.exception.StepFailedException: Unable to verify object 'Object Repository/PM/Huawei-vendor/Chart' is present
	at com.kms.katalon.core.webui.keyword.internal.WebUIKeywordMain.stepFailed(WebUIKeywordMain.groovy:64)
	at com.kms.katalon.core.webui.keyword.internal.WebUIKeywordMain.runKeyword(WebUIKeywordMain.groovy:26)
	at com.kms.katalon.core.webui.keyword.builtin.VerifyElementPresentKeyword.verifyElementPresent(VerifyElementPresentKeyword.groovy:92)
	at com.kms.katalon.core.webui.keyword.builtin.VerifyElementPresentKeyword.execute(VerifyElementPresentKeyword.groovy:68)
	at com.kms.katalon.core.keyword.internal.KeywordExecutor.executeKeywordForPlatform(KeywordExecutor.groovy:74)
	at com.kms.katalon.core.webui.keyword.WebUiBuiltInKeywords.verifyElementPresent(WebUiBuiltInKeywords.groovy:1464)
	at com.kms.katalon.core.webui.keyword.WebUiBuiltInKeywords$verifyElementPresent$6.call(Unknown Source)
	at PMHwaueiTopX.TopX(PMHwaueiTopX.groovy:1593)
	at PMHwaueiTopX.invokeMethod(PMHwaueiTopX.groovy)
	at com.kms.katalon.core.main.CustomKeywordDelegatingMetaClass.invokeStaticMethod(CustomKeywordDelegatingMetaClass.java:55)
	at TopX 2G Cell Daily.run(TopX 2G Cell Daily:29)
	at com.kms.katalon.core.main.ScriptEngine.run(ScriptEngine.java:194)
	at com.kms.katalon.core.main.ScriptEngine.runScriptAsRawText(ScriptEngine.java:119)
	at com.kms.katalon.core.main.TestCaseExecutor.runScript(TestCaseExecutor.java:448)
	at com.kms.katalon.core.main.TestCaseExecutor.doExecute(TestCaseExecutor.java:439)
	at com.kms.katalon.core.main.TestCaseExecutor.processExecutionPhase(TestCaseExecutor.java:418)
	at com.kms.katalon.core.main.TestCaseExecutor.accessMainPhase(TestCaseExecutor.java:410)
	at com.kms.katalon.core.main.TestCaseExecutor.execute(TestCaseExecutor.java:285)
	at com.kms.katalon.core.common.CommonExecutor.accessTestCaseMainPhase(CommonExecutor.java:65)
	at com.kms.katalon.core.main.TestSuiteExecutor.accessTestSuiteMainPhase(TestSuiteExecutor.java:148)
	at com.kms.katalon.core.main.TestSuiteExecutor.execute(TestSuiteExecutor.java:106)
	at com.kms.katalon.core.main.TestCaseMain.startTestSuite(TestCaseMain.java:187)
	at com.kms.katalon.core.main.TestCaseMain$startTestSuite$0.call(Unknown Source)
	at TempTestSuite1722766020200.run(TempTestSuite1722766020200.groovy:35)
Caused by: com.kms.katalon.core.exception.StepFailedException: com.kms.katalon.core.webui.exception.WebElementNotFoundException: Web element with id: 'Object Repository/PM/Huawei-vendor/Chart' located by '//*[@id=&quot;chart-container&quot;]/div/app-main-chart-component[1]/div/div[2]/div[2]/div/div/div[1]/canvas' not found
	at com.kms.katalon.core.webui.keyword.internal.WebUIKeywordMain.stepFailed(WebUIKeywordMain.groovy:64)
	at com.kms.katalon.core.webui.keyword.builtin.VerifyElementPresentKeyword$_verifyElementPresent_closure1.doCall(VerifyElementPresentKeyword.groovy:85)
	at com.kms.katalon.core.webui.keyword.builtin.VerifyElementPresentKeyword$_verifyElementPresent_closure1.call(VerifyElementPresentKeyword.groovy)
	at com.kms.katalon.core.webui.keyword.internal.WebUIKeywordMain.runKeyword(WebUIKeywordMain.groovy:20)
	... 22 more
"/>
         <system-out><![CDATA[2024-08-04 13:28:45 - [TEST_CASE][FAILED] - Test Cases/PM/Hwauei/TopX/2G TopX/XCells/TopX 2G Cell Daily: Test Cases/PM/Hwauei/TopX/2G TopX/XCells/TopX 2G Cell Daily FAILED.
Reason:
com.kms.katalon.core.exception.StepFailedException: Unable to verify object 'Object Repository/PM/Huawei-vendor/Chart' is present
	at com.kms.katalon.core.webui.keyword.internal.WebUIKeywordMain.stepFailed(WebUIKeywordMain.groovy:64)
	at com.kms.katalon.core.webui.keyword.internal.WebUIKeywordMain.runKeyword(WebUIKeywordMain.groovy:26)
	at com.kms.katalon.core.webui.keyword.builtin.VerifyElementPresentKeyword.verifyElementPresent(VerifyElementPresentKeyword.groovy:92)
	at com.kms.katalon.core.webui.keyword.builtin.VerifyElementPresentKeyword.execute(VerifyElementPresentKeyword.groovy:68)
	at com.kms.katalon.core.keyword.internal.KeywordExecutor.executeKeywordForPlatform(KeywordExecutor.groovy:74)
	at com.kms.katalon.core.webui.keyword.WebUiBuiltInKeywords.verifyElementPresent(WebUiBuiltInKeywords.groovy:1464)
	at com.kms.katalon.core.webui.keyword.WebUiBuiltInKeywords$verifyElementPresent$6.call(Unknown Source)
	at PMHwaueiTopX.TopX(PMHwaueiTopX.groovy:1593)
	at PMHwaueiTopX.invokeMethod(PMHwaueiTopX.groovy)
	at com.kms.katalon.core.main.CustomKeywordDelegatingMetaClass.invokeStaticMethod(CustomKeywordDelegatingMetaClass.java:55)
	at TopX 2G Cell Daily.run(TopX 2G Cell Daily:29)
	at com.kms.katalon.core.main.ScriptEngine.run(ScriptEngine.java:194)
	at com.kms.katalon.core.main.ScriptEngine.runScriptAsRawText(ScriptEngine.java:119)
	at com.kms.katalon.core.main.TestCaseExecutor.runScript(TestCaseExecutor.java:448)
	at com.kms.katalon.core.main.TestCaseExecutor.doExecute(TestCaseExecutor.java:439)
	at com.kms.katalon.core.main.TestCaseExecutor.processExecutionPhase(TestCaseExecutor.java:418)
	at com.kms.katalon.core.main.TestCaseExecutor.accessMainPhase(TestCaseExecutor.java:410)
	at com.kms.katalon.core.main.TestCaseExecutor.execute(TestCaseExecutor.java:285)
	at com.kms.katalon.core.common.CommonExecutor.accessTestCaseMainPhase(CommonExecutor.java:65)
	at com.kms.katalon.core.main.TestSuiteExecutor.accessTestSuiteMainPhase(TestSuiteExecutor.java:148)
	at com.kms.katalon.core.main.TestSuiteExecutor.execute(TestSuiteExecutor.java:106)
	at com.kms.katalon.core.main.TestCaseMain.startTestSuite(TestCaseMain.java:187)
	at com.kms.katalon.core.main.TestCaseMain$startTestSuite$0.call(Unknown Source)
	at TempTestSuite1722766020200.run(TempTestSuite1722766020200.groovy:35)
Caused by: com.kms.katalon.core.exception.StepFailedException: com.kms.katalon.core.webui.exception.WebElementNotFoundException: Web element with id: 'Object Repository/PM/Huawei-vendor/Chart' located by '//*[@id="chart-container"]/div/app-main-chart-component[1]/div/div[2]/div[2]/div/div/div[1]/canvas' not found
	at com.kms.katalon.core.webui.keyword.internal.WebUIKeywordMain.stepFailed(WebUIKeywordMain.groovy:64)
	at com.kms.katalon.core.webui.keyword.builtin.VerifyElementPresentKeyword$_verifyElementPresent_closure1.doCall(VerifyElementPresentKeyword.groovy:85)
	at com.kms.katalon.core.webui.keyword.builtin.VerifyElementPresentKeyword$_verifyElementPresent_closure1.call(VerifyElementPresentKeyword.groovy)
	at com.kms.katalon.core.webui.keyword.internal.WebUIKeywordMain.runKeyword(WebUIKeywordMain.groovy:20)
	... 22 more


2024-08-04 13:28:45 - [TEST_STEP][PASSED] - callTestCase(findTestCase("Login"), [:], STOP_ON_FAILURE): Call Test Case 'Test Cases/Login' successfully

2024-08-04 13:28:45 - [TEST_CASE][PASSED] - Test Cases/Login: Test Cases/Login

2024-08-04 13:28:45 - [TEST_STEP][PASSED] - driver = general.start(SwagerURL, NetCellURL): general.start is PASSED

2024-08-04 13:28:45 - [MESSAGE][INFO] - >>> chromeDriverPath=C:\Users\FatimaIbeid\.katalon\packages\Katalon_Studio_Windows_64-8.6.9\Katalon_Studio_Windows_64-8.6.9\configuration\resources\drivers\chromedriver_win32\chromedriver.exe

2024-08-04 13:28:47 - [MESSAGE][PASSED] - Current window maximized

2024-08-04 13:28:47 - [MESSAGE][PASSED] - Execute JavaScript 'window.open();' successfully

2024-08-04 13:28:47 - [MESSAGE][PASSED] - Switched to window with index: '1'

2024-08-04 13:28:59 - [MESSAGE][PASSED] - general.start is PASSED

2024-08-04 13:28:59 - [TEST_STEP][PASSED] - click(findTestObject("Object Repository/Login/LoginButton")): Object: 'Object Repository/Login/LoginButton' is clicked on

2024-08-04 13:29:00 - [MESSAGE][PASSED] - Object: 'Object Repository/Login/LoginButton' is clicked on

2024-08-04 13:29:00 - [TEST_STEP][PASSED] - switchToWindowIndex(2): Switched to window with index: '2'

2024-08-04 13:29:00 - [MESSAGE][PASSED] - Switched to window with index: '2'

2024-08-04 13:29:00 - [TEST_STEP][PASSED] - delay(1): Delayed 1 second(s)

2024-08-04 13:29:01 - [MESSAGE][PASSED] - Delayed 1 second(s)

2024-08-04 13:29:01 - [TEST_STEP][PASSED] - sendKeys(findTestObject("Object Repository/Login/EnterEmail"), "homam@zztjg.onmicrosoft.com"): Keys 'homam@zztjg.onmicrosoft.com' sent to object: 'Object Repository/Login/EnterEmail'

2024-08-04 13:29:02 - [MESSAGE][PASSED] - Keys 'homam@zztjg.onmicrosoft.com' sent to object: 'Object Repository/Login/EnterEmail'

2024-08-04 13:29:02 - [TEST_STEP][PASSED] - delay(1): Delayed 1 second(s)

2024-08-04 13:29:03 - [MESSAGE][PASSED] - Delayed 1 second(s)

2024-08-04 13:29:03 - [TEST_STEP][PASSED] - click(findTestObject("Object Repository/Login/NextButton")): Object: 'Object Repository/Login/NextButton' is clicked on

2024-08-04 13:29:03 - [MESSAGE][PASSED] - Object: 'Object Repository/Login/NextButton' is clicked on

2024-08-04 13:29:03 - [TEST_STEP][PASSED] - delay(2): Delayed 2 second(s)

2024-08-04 13:29:05 - [MESSAGE][PASSED] - Delayed 2 second(s)

2024-08-04 13:29:05 - [TEST_STEP][PASSED] - sendKeys(findTestObject("Object Repository/Login/EnterPassword"), "Holder12345"): Keys 'Holder12345' sent to object: 'Object Repository/Login/EnterPassword'

2024-08-04 13:29:05 - [MESSAGE][PASSED] - Keys 'Holder12345' sent to object: 'Object Repository/Login/EnterPassword'

2024-08-04 13:29:05 - [TEST_STEP][PASSED] - delay(1): Delayed 1 second(s)

2024-08-04 13:29:06 - [MESSAGE][PASSED] - Delayed 1 second(s)

2024-08-04 13:29:06 - [TEST_STEP][PASSED] - click(findTestObject("Object Repository/Login/SigninButton")): Object: 'Object Repository/Login/SigninButton' is clicked on

2024-08-04 13:29:07 - [MESSAGE][PASSED] - Object: 'Object Repository/Login/SigninButton' is clicked on

2024-08-04 13:29:07 - [TEST_STEP][PASSED] - delay(1): Delayed 1 second(s)

2024-08-04 13:29:08 - [MESSAGE][PASSED] - Delayed 1 second(s)

2024-08-04 13:29:08 - [TEST_STEP][PASSED] - click(findTestObject("Object Repository/Login/YesStayInButton")): Object: 'Object Repository/Login/YesStayInButton' is clicked on

2024-08-04 13:29:08 - [MESSAGE][PASSED] - Object: 'Object Repository/Login/YesStayInButton' is clicked on

2024-08-04 13:29:08 - [MESSAGE][PASSED] - Call Test Case 'Test Cases/Login' successfully

2024-08-04 13:29:08 - [TEST_STEP][PASSED] - switchToWindowIndex(1): Switched to window with index: '1'

2024-08-04 13:29:08 - [MESSAGE][PASSED] - Switched to window with index: '1'

2024-08-04 13:29:08 - [TEST_STEP][FAILED] - PMHwaueiTopX.TopX("2G", "Cell", false, "Daily", false, null): Unable to verify object 'Object Repository/PM/Huawei-vendor/Chart' is present

2024-08-04 13:29:10 - [MESSAGE][PASSED] - Object: 'Object Repository/PM/PM-Button' is clicked on

2024-08-04 13:29:10 - [MESSAGE][PASSED] - Switched to window with index: '2'

2024-08-04 13:29:12 - [MESSAGE][PASSED] - Object: 'Object Repository/PM/Huawei-vendor/Data-view/TopX' is clicked on

2024-08-04 13:29:13 - [MESSAGE][PASSED] - Object: 'Object Repository/PM/Huawei-vendor/Technology/Technology-Arrow' is clicked on

2024-08-04 13:29:13 - [MESSAGE][PASSED] - Object: 'Object Repository/PM/Huawei-vendor/Technology/2G' is clicked on

2024-08-04 13:29:13 - [MESSAGE][PASSED] - Object: 'Object Repository/PM/Huawei-vendor/TopX/TopX Object Type' is clicked on

2024-08-04 13:29:14 - [MESSAGE][PASSED] - Delayed 1 second(s)

2024-08-04 13:29:14 - [MESSAGE][PASSED] - Object: 'Object Repository/PM/Huawei-vendor/Object-Type/TopX Object Types/TopX Cells/TopX Cell' is clicked on

2024-08-04 13:29:15 - [MESSAGE][PASSED] - Delayed 1 second(s)

2024-08-04 13:29:15 - [MESSAGE][WARNING] - Timeout '0' is invalid. Using default page load timeout: '120'

2024-08-04 13:29:15 - [MESSAGE][PASSED] - Scroll to object 'Object Repository/PM/Huawei-vendor/Object Border' successfully

2024-08-04 13:29:15 - [MESSAGE][PASSED] - Object: 'Object Repository/PM/Huawei-vendor/Object-Type/TopX Object Types/TopX Sites/TopX East Amman Arrow' is clicked on

2024-08-04 13:29:17 - [MESSAGE][PASSED] - Object: 'Object Repository/PM/Huawei-vendor/Object-Type/TopX Object Types/TopX Cells/TopX East Amman Site1 Arrow' is clicked on

2024-08-04 13:29:18 - [MESSAGE][PASSED] - Delayed 1 second(s)

2024-08-04 13:29:18 - [MESSAGE][PASSED] - Object: 'Object Repository/PM/Huawei-vendor/Object-Type/TopX Object Types/TopX Cells/TopX East Amman Site1 Cell1' is clicked on

2024-08-04 13:29:18 - [MESSAGE][PASSED] - Object: 'Object Repository/PM/Huawei-vendor/Object-Type/TopX Object Types/TopX Sites/TopX East Amman CloseArrow' is clicked on

2024-08-04 13:29:18 - [MESSAGE][PASSED] - Object: 'Object Repository/PM/Huawei-vendor/Object-Type/TopX Object Types/TopX Sites/TopX West Amman Arrow' is clicked on

2024-08-04 13:29:19 - [MESSAGE][PASSED] - Object: 'Object Repository/PM/Huawei-vendor/Object-Type/TopX Object Types/TopX Cells/TopX West Amman Site1 Arrow' is clicked on

2024-08-04 13:29:20 - [MESSAGE][PASSED] - Object: 'Object Repository/PM/Huawei-vendor/Object-Type/TopX Object Types/TopX Cells/TopX West Amman Site1 Cell1' is clicked on

2024-08-04 13:29:20 - [MESSAGE][PASSED] - Object: 'Object Repository/PM/Huawei-vendor/Object-Type/TopX Object Types/TopX Sites/TopX West Amman CloseArrow' is clicked on

2024-08-04 13:29:20 - [MESSAGE][PASSED] - Object: 'Object Repository/PM/Huawei-vendor/Object-Type/TopX Object Types/TopX Sites/TopX North Jordan Arrow' is clicked on

2024-08-04 13:29:22 - [MESSAGE][PASSED] - Object: 'Object Repository/PM/Huawei-vendor/Object-Type/TopX Object Types/TopX Cells/TopX North Jordan Site1 Arrow' is clicked on

2024-08-04 13:29:22 - [MESSAGE][PASSED] - Object: 'Object Repository/PM/Huawei-vendor/Object-Type/TopX Object Types/TopX Cells/TopX North Jordan Site1 Cell1' is clicked on

2024-08-04 13:29:22 - [MESSAGE][PASSED] - Object: 'Object Repository/PM/Huawei-vendor/Object-Type/TopX Object Types/TopX Sites/TopX North Jordan CloseArrow' is clicked on

2024-08-04 13:29:23 - [MESSAGE][PASSED] - Object: 'Object Repository/PM/Huawei-vendor/Object-Type/TopX Object Types/TopX Sites/TopX South Jordan Arrow' is clicked on

2024-08-04 13:29:24 - [MESSAGE][PASSED] - Object: 'Object Repository/PM/Huawei-vendor/Object-Type/TopX Object Types/TopX Cells/TopX South Jordan Site1 Arrow' is clicked on

2024-08-04 13:29:24 - [MESSAGE][PASSED] - Object: 'Object Repository/PM/Huawei-vendor/Object-Type/TopX Object Types/TopX Cells/TopX South Jordan Site1 Cell1' is clicked on

2024-08-04 13:29:24 - [MESSAGE][PASSED] - Object: 'Object Repository/PM/Huawei-vendor/Object-Type/TopX Object Types/TopX Sites/TopX South Jordan CloseArrow' is clicked on

2024-08-04 13:29:24 - [MESSAGE][WARNING] - Timeout '0' is invalid. Using default page load timeout: '120'

2024-08-04 13:29:24 - [MESSAGE][PASSED] - Scroll to object 'Object Repository/PM/Huawei-vendor/LowXlabel' successfully

2024-08-04 13:29:24 - [MESSAGE][PASSED] - Object: 'Object Repository/PM/Huawei-vendor/Resolution Temp/Select Resolution temp' is clicked on

2024-08-04 13:29:24 - [MESSAGE][PASSED] - Object: 'Object Repository/PM/Huawei-vendor/Resolution Temp/Resolution Temp Daily' is clicked on

2024-08-04 13:29:25 - [MESSAGE][PASSED] - Object: 'Object Repository/PM/Huawei-vendor/TopX/TopXDate/BeforeDate' is clicked on

2024-08-04 13:29:26 - [MESSAGE][PASSED] - Delayed 1 second(s)

2024-08-04 13:29:26 - [MESSAGE][PASSED] - Object: 'Object Repository/PM/Huawei-vendor/TopX/TopXDate/Choose Month' is clicked on

2024-08-04 13:29:27 - [MESSAGE][PASSED] - Delayed 1 second(s)

2024-08-04 13:29:27 - [MESSAGE][PASSED] - Object: 'Object Repository/PM/Huawei-vendor/TopX/TopXDate/Feb' is clicked on

2024-08-04 13:29:27 - [MESSAGE][PASSED] - Object: 'Object Repository/PM/Huawei-vendor/TopX/TopXDate/Day 1' is clicked on

2024-08-04 13:29:27 - [MESSAGE][PASSED] - Object: 'Object Repository/PM/Huawei-vendor/TopX/TopXDate/Button OK' is clicked on

2024-08-04 13:29:27 - [MESSAGE][PASSED] - Object: 'Object Repository/PM/Huawei-vendor/TopX/TopXDate/After Date' is clicked on

2024-08-04 13:29:28 - [MESSAGE][PASSED] - Delayed 1 second(s)

2024-08-04 13:29:29 - [MESSAGE][PASSED] - Object: 'Object Repository/PM/Huawei-vendor/TopX/TopXDate/Choose Month' is clicked on

2024-08-04 13:29:30 - [MESSAGE][PASSED] - Delayed 1 second(s)

2024-08-04 13:29:30 - [MESSAGE][PASSED] - Object: 'Object Repository/PM/Huawei-vendor/TopX/TopXDate/Feb' is clicked on

2024-08-04 13:29:30 - [MESSAGE][PASSED] - Object: 'Object Repository/PM/Huawei-vendor/TopX/TopXDate/Day 7' is clicked on

2024-08-04 13:29:30 - [MESSAGE][PASSED] - Object: 'Object Repository/PM/Huawei-vendor/TopX/TopXDate/Button OK' is clicked on

2024-08-04 13:29:30 - [MESSAGE][PASSED] - Object: 'Object Repository/PM/Huawei-vendor/Apply-Button' is clicked on

2024-08-04 13:29:30 - [MESSAGE][WARNING] - Timeout '0' is invalid. Using default page load timeout: '120'

2024-08-04 13:29:30 - [MESSAGE][PASSED] - Web element with id: 'Object Repository/PM/Huawei-vendor/Error' located by 'By.xpath: //div[@class='toast-summary title-medium-m']' is not present after '120' second(s)

2024-08-04 13:29:30 - [MESSAGE][WARNING] - Timeout '0' is invalid. Using default page load timeout: '120'

2024-08-04 13:31:31 - [MESSAGE][INFO] - Unable to find the element located by 'By.xpath: //*[@id="chart-container"]/div/app-main-chart-component[1]/div/div[2]/div[2]/div/div/div[1]/canvas'. Please recheck the objects properties to make sure the desired element is located. 

2024-08-04 13:31:32 - [MESSAGE][FAILED] - com.kms.katalon.core.webui.exception.WebElementNotFoundException: Web element with id: 'Object Repository/PM/Huawei-vendor/Chart' located by '//*[@id="chart-container"]/div/app-main-chart-component[1]/div/div[2]/div[2]/div/div/div[1]/canvas' not found (Root cause: com.kms.katalon.core.exception.StepFailedException: com.kms.katalon.core.webui.exception.WebElementNotFoundException: Web element with id: 'Object Repository/PM/Huawei-vendor/Chart' located by '//*[@id="chart-container"]/div/app-main-chart-component[1]/div/div[2]/div[2]/div/div/div[1]/canvas' not found
	at com.kms.katalon.core.webui.keyword.internal.WebUIKeywordMain.stepFailed(WebUIKeywordMain.groovy:64)
	at com.kms.katalon.core.webui.keyword.builtin.VerifyElementPresentKeyword$_verifyElementPresent_closure1.doCall(VerifyElementPresentKeyword.groovy:85)
	at com.kms.katalon.core.webui.keyword.builtin.VerifyElementPresentKeyword$_verifyElementPresent_closure1.call(VerifyElementPresentKeyword.groovy)
	at com.kms.katalon.core.webui.keyword.internal.WebUIKeywordMain.runKeyword(WebUIKeywordMain.groovy:20)
	at com.kms.katalon.core.webui.keyword.builtin.VerifyElementPresentKeyword.verifyElementPresent(VerifyElementPresentKeyword.groovy:92)
	at com.kms.katalon.core.webui.keyword.builtin.VerifyElementPresentKeyword.execute(VerifyElementPresentKeyword.groovy:68)
	at com.kms.katalon.core.keyword.internal.KeywordExecutor.executeKeywordForPlatform(KeywordExecutor.groovy:74)
	at com.kms.katalon.core.webui.keyword.WebUiBuiltInKeywords.verifyElementPresent(WebUiBuiltInKeywords.groovy:1464)
	at com.kms.katalon.core.webui.keyword.WebUiBuiltInKeywords$verifyElementPresent$6.call(Unknown Source)
	at PMHwaueiTopX.TopX(PMHwaueiTopX.groovy:1593)
	at PMHwaueiTopX.invokeMethod(PMHwaueiTopX.groovy)
	at com.kms.katalon.core.main.CustomKeywordDelegatingMetaClass.invokeStaticMethod(CustomKeywordDelegatingMetaClass.java:55)
	at TopX 2G Cell Daily.run(TopX 2G Cell Daily:29)
	at com.kms.katalon.core.main.ScriptEngine.run(ScriptEngine.java:194)
	at com.kms.katalon.core.main.ScriptEngine.runScriptAsRawText(ScriptEngine.java:119)
	at com.kms.katalon.core.main.TestCaseExecutor.runScript(TestCaseExecutor.java:448)
	at com.kms.katalon.core.main.TestCaseExecutor.doExecute(TestCaseExecutor.java:439)
	at com.kms.katalon.core.main.TestCaseExecutor.processExecutionPhase(TestCaseExecutor.java:418)
	at com.kms.katalon.core.main.TestCaseExecutor.accessMainPhase(TestCaseExecutor.java:410)
	at com.kms.katalon.core.main.TestCaseExecutor.execute(TestCaseExecutor.java:285)
	at com.kms.katalon.core.common.CommonExecutor.accessTestCaseMainPhase(CommonExecutor.java:65)
	at com.kms.katalon.core.main.TestSuiteExecutor.accessTestSuiteMainPhase(TestSuiteExecutor.java:148)
	at com.kms.katalon.core.main.TestSuiteExecutor.execute(TestSuiteExecutor.java:106)
	at com.kms.katalon.core.main.TestCaseMain.startTestSuite(TestCaseMain.java:187)
	at com.kms.katalon.core.main.TestCaseMain$startTestSuite$0.call(Unknown Source)
	at TempTestSuite1722766020200.run(TempTestSuite1722766020200.groovy:35)
)
[[ATTACHMENT|C:\\Users\\FatimaIbeid\\git\\NetCell\\Reports\\20240804_130700\\PM\\Hwauei\\TopX\\Regression TopX 2G\\20240804_130700\\1722767491919.png]]

2024-08-04 13:31:32 - [MESSAGE][FAILED] - Unable to verify object 'Object Repository/PM/Huawei-vendor/Chart' is present (Root cause: com.kms.katalon.core.exception.StepFailedException: Unable to verify object 'Object Repository/PM/Huawei-vendor/Chart' is present
	at com.kms.katalon.core.webui.keyword.internal.WebUIKeywordMain.stepFailed(WebUIKeywordMain.groovy:64)
	at com.kms.katalon.core.webui.keyword.internal.WebUIKeywordMain.runKeyword(WebUIKeywordMain.groovy:26)
	at com.kms.katalon.core.webui.keyword.builtin.VerifyElementPresentKeyword.verifyElementPresent(VerifyElementPresentKeyword.groovy:92)
	at com.kms.katalon.core.webui.keyword.builtin.VerifyElementPresentKeyword.execute(VerifyElementPresentKeyword.groovy:68)
	at com.kms.katalon.core.keyword.internal.KeywordExecutor.executeKeywordForPlatform(KeywordExecutor.groovy:74)
	at com.kms.katalon.core.webui.keyword.WebUiBuiltInKeywords.verifyElementPresent(WebUiBuiltInKeywords.groovy:1464)
	at com.kms.katalon.core.webui.keyword.WebUiBuiltInKeywords$verifyElementPresent$6.call(Unknown Source)
	at PMHwaueiTopX.TopX(PMHwaueiTopX.groovy:1593)
	at PMHwaueiTopX.invokeMethod(PMHwaueiTopX.groovy)
	at com.kms.katalon.core.main.CustomKeywordDelegatingMetaClass.invokeStaticMethod(CustomKeywordDelegatingMetaClass.java:55)
	at TopX 2G Cell Daily.run(TopX 2G Cell Daily:29)
	at com.kms.katalon.core.main.ScriptEngine.run(ScriptEngine.java:194)
	at com.kms.katalon.core.main.ScriptEngine.runScriptAsRawText(ScriptEngine.java:119)
	at com.kms.katalon.core.main.TestCaseExecutor.runScript(TestCaseExecutor.java:448)
	at com.kms.katalon.core.main.TestCaseExecutor.doExecute(TestCaseExecutor.java:439)
	at com.kms.katalon.core.main.TestCaseExecutor.processExecutionPhase(TestCaseExecutor.java:418)
	at com.kms.katalon.core.main.TestCaseExecutor.accessMainPhase(TestCaseExecutor.java:410)
	at com.kms.katalon.core.main.TestCaseExecutor.execute(TestCaseExecutor.java:285)
	at com.kms.katalon.core.common.CommonExecutor.accessTestCaseMainPhase(CommonExecutor.java:65)
	at com.kms.katalon.core.main.TestSuiteExecutor.accessTestSuiteMainPhase(TestSuiteExecutor.java:148)
	at com.kms.katalon.core.main.TestSuiteExecutor.execute(TestSuiteExecutor.java:106)
	at com.kms.katalon.core.main.TestCaseMain.startTestSuite(TestCaseMain.java:187)
	at com.kms.katalon.core.main.TestCaseMain$startTestSuite$0.call(Unknown Source)
	at TempTestSuite1722766020200.run(TempTestSuite1722766020200.groovy:35)
Caused by: com.kms.katalon.core.exception.StepFailedException: com.kms.katalon.core.webui.exception.WebElementNotFoundException: Web element with id: 'Object Repository/PM/Huawei-vendor/Chart' located by '//*[@id="chart-container"]/div/app-main-chart-component[1]/div/div[2]/div[2]/div/div/div[1]/canvas' not found
	at com.kms.katalon.core.webui.keyword.internal.WebUIKeywordMain.stepFailed(WebUIKeywordMain.groovy:64)
	at com.kms.katalon.core.webui.keyword.builtin.VerifyElementPresentKeyword$_verifyElementPresent_closure1.doCall(VerifyElementPresentKeyword.groovy:85)
	at com.kms.katalon.core.webui.keyword.builtin.VerifyElementPresentKeyword$_verifyElementPresent_closure1.call(VerifyElementPresentKeyword.groovy)
	at com.kms.katalon.core.webui.keyword.internal.WebUIKeywordMain.runKeyword(WebUIKeywordMain.groovy:20)
	... 22 more
)
[[ATTACHMENT|C:\\Users\\FatimaIbeid\\git\\NetCell\\Reports\\20240804_130700\\PM\\Hwauei\\TopX\\Regression TopX 2G\\20240804_130700\\1722767492053.png]]

2024-08-04 13:31:32 - [MESSAGE][FAILED] - Unable to verify object 'Object Repository/PM/Huawei-vendor/Chart' is present]]></system-out>
         <system-err><![CDATA[2024-08-04 13:28:45 - [TEST_CASE][FAILED] - Test Cases/PM/Hwauei/TopX/2G TopX/XCells/TopX 2G Cell Daily: Test Cases/PM/Hwauei/TopX/2G TopX/XCells/TopX 2G Cell Daily FAILED.
Reason:
com.kms.katalon.core.exception.StepFailedException: Unable to verify object 'Object Repository/PM/Huawei-vendor/Chart' is present
	at com.kms.katalon.core.webui.keyword.internal.WebUIKeywordMain.stepFailed(WebUIKeywordMain.groovy:64)
	at com.kms.katalon.core.webui.keyword.internal.WebUIKeywordMain.runKeyword(WebUIKeywordMain.groovy:26)
	at com.kms.katalon.core.webui.keyword.builtin.VerifyElementPresentKeyword.verifyElementPresent(VerifyElementPresentKeyword.groovy:92)
	at com.kms.katalon.core.webui.keyword.builtin.VerifyElementPresentKeyword.execute(VerifyElementPresentKeyword.groovy:68)
	at com.kms.katalon.core.keyword.internal.KeywordExecutor.executeKeywordForPlatform(KeywordExecutor.groovy:74)
	at com.kms.katalon.core.webui.keyword.WebUiBuiltInKeywords.verifyElementPresent(WebUiBuiltInKeywords.groovy:1464)
	at com.kms.katalon.core.webui.keyword.WebUiBuiltInKeywords$verifyElementPresent$6.call(Unknown Source)
	at PMHwaueiTopX.TopX(PMHwaueiTopX.groovy:1593)
	at PMHwaueiTopX.invokeMethod(PMHwaueiTopX.groovy)
	at com.kms.katalon.core.main.CustomKeywordDelegatingMetaClass.invokeStaticMethod(CustomKeywordDelegatingMetaClass.java:55)
	at TopX 2G Cell Daily.run(TopX 2G Cell Daily:29)
	at com.kms.katalon.core.main.ScriptEngine.run(ScriptEngine.java:194)
	at com.kms.katalon.core.main.ScriptEngine.runScriptAsRawText(ScriptEngine.java:119)
	at com.kms.katalon.core.main.TestCaseExecutor.runScript(TestCaseExecutor.java:448)
	at com.kms.katalon.core.main.TestCaseExecutor.doExecute(TestCaseExecutor.java:439)
	at com.kms.katalon.core.main.TestCaseExecutor.processExecutionPhase(TestCaseExecutor.java:418)
	at com.kms.katalon.core.main.TestCaseExecutor.accessMainPhase(TestCaseExecutor.java:410)
	at com.kms.katalon.core.main.TestCaseExecutor.execute(TestCaseExecutor.java:285)
	at com.kms.katalon.core.common.CommonExecutor.accessTestCaseMainPhase(CommonExecutor.java:65)
	at com.kms.katalon.core.main.TestSuiteExecutor.accessTestSuiteMainPhase(TestSuiteExecutor.java:148)
	at com.kms.katalon.core.main.TestSuiteExecutor.execute(TestSuiteExecutor.java:106)
	at com.kms.katalon.core.main.TestCaseMain.startTestSuite(TestCaseMain.java:187)
	at com.kms.katalon.core.main.TestCaseMain$startTestSuite$0.call(Unknown Source)
	at TempTestSuite1722766020200.run(TempTestSuite1722766020200.groovy:35)
Caused by: com.kms.katalon.core.exception.StepFailedException: com.kms.katalon.core.webui.exception.WebElementNotFoundException: Web element with id: 'Object Repository/PM/Huawei-vendor/Chart' located by '//*[@id="chart-container"]/div/app-main-chart-component[1]/div/div[2]/div[2]/div/div/div[1]/canvas' not found
	at com.kms.katalon.core.webui.keyword.internal.WebUIKeywordMain.stepFailed(WebUIKeywordMain.groovy:64)
	at com.kms.katalon.core.webui.keyword.builtin.VerifyElementPresentKeyword$_verifyElementPresent_closure1.doCall(VerifyElementPresentKeyword.groovy:85)
	at com.kms.katalon.core.webui.keyword.builtin.VerifyElementPresentKeyword$_verifyElementPresent_closure1.call(VerifyElementPresentKeyword.groovy)
	at com.kms.katalon.core.webui.keyword.internal.WebUIKeywordMain.runKeyword(WebUIKeywordMain.groovy:20)
	... 22 more]]></system-err>
      </testcase>
      <testcase name="Test Cases/PM/Hwauei/TopX/2G TopX/XCells/TopX 2G Cell DailyBH" time="167.668" classname="Test Cases/PM/Hwauei/TopX/2G TopX/XCells/TopX 2G Cell DailyBH" status="FAILED">
         <failure type="FAILED" message="Test Cases/PM/Hwauei/TopX/2G TopX/XCells/TopX 2G Cell DailyBH FAILED.
Reason:
com.kms.katalon.core.exception.StepFailedException: Unable to verify object 'Object Repository/PM/Huawei-vendor/Chart' is present
	at com.kms.katalon.core.webui.keyword.internal.WebUIKeywordMain.stepFailed(WebUIKeywordMain.groovy:64)
	at com.kms.katalon.core.webui.keyword.internal.WebUIKeywordMain.runKeyword(WebUIKeywordMain.groovy:26)
	at com.kms.katalon.core.webui.keyword.builtin.VerifyElementPresentKeyword.verifyElementPresent(VerifyElementPresentKeyword.groovy:92)
	at com.kms.katalon.core.webui.keyword.builtin.VerifyElementPresentKeyword.execute(VerifyElementPresentKeyword.groovy:68)
	at com.kms.katalon.core.keyword.internal.KeywordExecutor.executeKeywordForPlatform(KeywordExecutor.groovy:74)
	at com.kms.katalon.core.webui.keyword.WebUiBuiltInKeywords.verifyElementPresent(WebUiBuiltInKeywords.groovy:1464)
	at com.kms.katalon.core.webui.keyword.WebUiBuiltInKeywords$verifyElementPresent$6.call(Unknown Source)
	at PMHwaueiTopX.TopX(PMHwaueiTopX.groovy:1593)
	at PMHwaueiTopX.invokeMethod(PMHwaueiTopX.groovy)
	at com.kms.katalon.core.main.CustomKeywordDelegatingMetaClass.invokeStaticMethod(CustomKeywordDelegatingMetaClass.java:55)
	at TopX 2G Cell DailyBH.run(TopX 2G Cell DailyBH:29)
	at com.kms.katalon.core.main.ScriptEngine.run(ScriptEngine.java:194)
	at com.kms.katalon.core.main.ScriptEngine.runScriptAsRawText(ScriptEngine.java:119)
	at com.kms.katalon.core.main.TestCaseExecutor.runScript(TestCaseExecutor.java:448)
	at com.kms.katalon.core.main.TestCaseExecutor.doExecute(TestCaseExecutor.java:439)
	at com.kms.katalon.core.main.TestCaseExecutor.processExecutionPhase(TestCaseExecutor.java:418)
	at com.kms.katalon.core.main.TestCaseExecutor.accessMainPhase(TestCaseExecutor.java:410)
	at com.kms.katalon.core.main.TestCaseExecutor.execute(TestCaseExecutor.java:285)
	at com.kms.katalon.core.common.CommonExecutor.accessTestCaseMainPhase(CommonExecutor.java:65)
	at com.kms.katalon.core.main.TestSuiteExecutor.accessTestSuiteMainPhase(TestSuiteExecutor.java:148)
	at com.kms.katalon.core.main.TestSuiteExecutor.execute(TestSuiteExecutor.java:106)
	at com.kms.katalon.core.main.TestCaseMain.startTestSuite(TestCaseMain.java:187)
	at com.kms.katalon.core.main.TestCaseMain$startTestSuite$0.call(Unknown Source)
	at TempTestSuite1722766020200.run(TempTestSuite1722766020200.groovy:35)
Caused by: com.kms.katalon.core.exception.StepFailedException: com.kms.katalon.core.webui.exception.WebElementNotFoundException: Web element with id: 'Object Repository/PM/Huawei-vendor/Chart' located by '//*[@id=&quot;chart-container&quot;]/div/app-main-chart-component[1]/div/div[2]/div[2]/div/div/div[1]/canvas' not found
	at com.kms.katalon.core.webui.keyword.internal.WebUIKeywordMain.stepFailed(WebUIKeywordMain.groovy:64)
	at com.kms.katalon.core.webui.keyword.builtin.VerifyElementPresentKeyword$_verifyElementPresent_closure1.doCall(VerifyElementPresentKeyword.groovy:85)
	at com.kms.katalon.core.webui.keyword.builtin.VerifyElementPresentKeyword$_verifyElementPresent_closure1.call(VerifyElementPresentKeyword.groovy)
	at com.kms.katalon.core.webui.keyword.internal.WebUIKeywordMain.runKeyword(WebUIKeywordMain.groovy:20)
	... 22 more
"/>
         <system-out><![CDATA[2024-08-04 13:31:32 - [TEST_CASE][FAILED] - Test Cases/PM/Hwauei/TopX/2G TopX/XCells/TopX 2G Cell DailyBH: Test Cases/PM/Hwauei/TopX/2G TopX/XCells/TopX 2G Cell DailyBH FAILED.
Reason:
com.kms.katalon.core.exception.StepFailedException: Unable to verify object 'Object Repository/PM/Huawei-vendor/Chart' is present
	at com.kms.katalon.core.webui.keyword.internal.WebUIKeywordMain.stepFailed(WebUIKeywordMain.groovy:64)
	at com.kms.katalon.core.webui.keyword.internal.WebUIKeywordMain.runKeyword(WebUIKeywordMain.groovy:26)
	at com.kms.katalon.core.webui.keyword.builtin.VerifyElementPresentKeyword.verifyElementPresent(VerifyElementPresentKeyword.groovy:92)
	at com.kms.katalon.core.webui.keyword.builtin.VerifyElementPresentKeyword.execute(VerifyElementPresentKeyword.groovy:68)
	at com.kms.katalon.core.keyword.internal.KeywordExecutor.executeKeywordForPlatform(KeywordExecutor.groovy:74)
	at com.kms.katalon.core.webui.keyword.WebUiBuiltInKeywords.verifyElementPresent(WebUiBuiltInKeywords.groovy:1464)
	at com.kms.katalon.core.webui.keyword.WebUiBuiltInKeywords$verifyElementPresent$6.call(Unknown Source)
	at PMHwaueiTopX.TopX(PMHwaueiTopX.groovy:1593)
	at PMHwaueiTopX.invokeMethod(PMHwaueiTopX.groovy)
	at com.kms.katalon.core.main.CustomKeywordDelegatingMetaClass.invokeStaticMethod(CustomKeywordDelegatingMetaClass.java:55)
	at TopX 2G Cell DailyBH.run(TopX 2G Cell DailyBH:29)
	at com.kms.katalon.core.main.ScriptEngine.run(ScriptEngine.java:194)
	at com.kms.katalon.core.main.ScriptEngine.runScriptAsRawText(ScriptEngine.java:119)
	at com.kms.katalon.core.main.TestCaseExecutor.runScript(TestCaseExecutor.java:448)
	at com.kms.katalon.core.main.TestCaseExecutor.doExecute(TestCaseExecutor.java:439)
	at com.kms.katalon.core.main.TestCaseExecutor.processExecutionPhase(TestCaseExecutor.java:418)
	at com.kms.katalon.core.main.TestCaseExecutor.accessMainPhase(TestCaseExecutor.java:410)
	at com.kms.katalon.core.main.TestCaseExecutor.execute(TestCaseExecutor.java:285)
	at com.kms.katalon.core.common.CommonExecutor.accessTestCaseMainPhase(CommonExecutor.java:65)
	at com.kms.katalon.core.main.TestSuiteExecutor.accessTestSuiteMainPhase(TestSuiteExecutor.java:148)
	at com.kms.katalon.core.main.TestSuiteExecutor.execute(TestSuiteExecutor.java:106)
	at com.kms.katalon.core.main.TestCaseMain.startTestSuite(TestCaseMain.java:187)
	at com.kms.katalon.core.main.TestCaseMain$startTestSuite$0.call(Unknown Source)
	at TempTestSuite1722766020200.run(TempTestSuite1722766020200.groovy:35)
Caused by: com.kms.katalon.core.exception.StepFailedException: com.kms.katalon.core.webui.exception.WebElementNotFoundException: Web element with id: 'Object Repository/PM/Huawei-vendor/Chart' located by '//*[@id="chart-container"]/div/app-main-chart-component[1]/div/div[2]/div[2]/div/div/div[1]/canvas' not found
	at com.kms.katalon.core.webui.keyword.internal.WebUIKeywordMain.stepFailed(WebUIKeywordMain.groovy:64)
	at com.kms.katalon.core.webui.keyword.builtin.VerifyElementPresentKeyword$_verifyElementPresent_closure1.doCall(VerifyElementPresentKeyword.groovy:85)
	at com.kms.katalon.core.webui.keyword.builtin.VerifyElementPresentKeyword$_verifyElementPresent_closure1.call(VerifyElementPresentKeyword.groovy)
	at com.kms.katalon.core.webui.keyword.internal.WebUIKeywordMain.runKeyword(WebUIKeywordMain.groovy:20)
	... 22 more


2024-08-04 13:31:32 - [TEST_STEP][PASSED] - callTestCase(findTestCase("Login"), [:], STOP_ON_FAILURE): Call Test Case 'Test Cases/Login' successfully

2024-08-04 13:31:32 - [TEST_CASE][PASSED] - Test Cases/Login: Test Cases/Login

2024-08-04 13:31:32 - [TEST_STEP][PASSED] - driver = general.start(SwagerURL, NetCellURL): general.start is PASSED

2024-08-04 13:31:32 - [MESSAGE][INFO] - >>> chromeDriverPath=C:\Users\FatimaIbeid\.katalon\packages\Katalon_Studio_Windows_64-8.6.9\Katalon_Studio_Windows_64-8.6.9\configuration\resources\drivers\chromedriver_win32\chromedriver.exe

2024-08-04 13:31:33 - [MESSAGE][PASSED] - Current window maximized

2024-08-04 13:31:34 - [MESSAGE][PASSED] - Execute JavaScript 'window.open();' successfully

2024-08-04 13:31:34 - [MESSAGE][PASSED] - Switched to window with index: '1'

2024-08-04 13:31:46 - [MESSAGE][PASSED] - general.start is PASSED

2024-08-04 13:31:46 - [TEST_STEP][PASSED] - click(findTestObject("Object Repository/Login/LoginButton")): Object: 'Object Repository/Login/LoginButton' is clicked on

2024-08-04 13:31:47 - [MESSAGE][PASSED] - Object: 'Object Repository/Login/LoginButton' is clicked on

2024-08-04 13:31:47 - [TEST_STEP][PASSED] - switchToWindowIndex(2): Switched to window with index: '2'

2024-08-04 13:31:47 - [MESSAGE][PASSED] - Switched to window with index: '2'

2024-08-04 13:31:47 - [TEST_STEP][PASSED] - delay(1): Delayed 1 second(s)

2024-08-04 13:31:48 - [MESSAGE][PASSED] - Delayed 1 second(s)

2024-08-04 13:31:48 - [TEST_STEP][PASSED] - sendKeys(findTestObject("Object Repository/Login/EnterEmail"), "homam@zztjg.onmicrosoft.com"): Keys 'homam@zztjg.onmicrosoft.com' sent to object: 'Object Repository/Login/EnterEmail'

2024-08-04 13:31:49 - [MESSAGE][PASSED] - Keys 'homam@zztjg.onmicrosoft.com' sent to object: 'Object Repository/Login/EnterEmail'

2024-08-04 13:31:49 - [TEST_STEP][PASSED] - delay(1): Delayed 1 second(s)

2024-08-04 13:31:50 - [MESSAGE][PASSED] - Delayed 1 second(s)

2024-08-04 13:31:50 - [TEST_STEP][PASSED] - click(findTestObject("Object Repository/Login/NextButton")): Object: 'Object Repository/Login/NextButton' is clicked on

2024-08-04 13:31:50 - [MESSAGE][PASSED] - Object: 'Object Repository/Login/NextButton' is clicked on

2024-08-04 13:31:50 - [TEST_STEP][PASSED] - delay(2): Delayed 2 second(s)

2024-08-04 13:31:52 - [MESSAGE][PASSED] - Delayed 2 second(s)

2024-08-04 13:31:52 - [TEST_STEP][PASSED] - sendKeys(findTestObject("Object Repository/Login/EnterPassword"), "Holder12345"): Keys 'Holder12345' sent to object: 'Object Repository/Login/EnterPassword'

2024-08-04 13:31:52 - [MESSAGE][PASSED] - Keys 'Holder12345' sent to object: 'Object Repository/Login/EnterPassword'

2024-08-04 13:31:52 - [TEST_STEP][PASSED] - delay(1): Delayed 1 second(s)

2024-08-04 13:31:53 - [MESSAGE][PASSED] - Delayed 1 second(s)

2024-08-04 13:31:53 - [TEST_STEP][PASSED] - click(findTestObject("Object Repository/Login/SigninButton")): Object: 'Object Repository/Login/SigninButton' is clicked on

2024-08-04 13:31:54 - [MESSAGE][PASSED] - Object: 'Object Repository/Login/SigninButton' is clicked on

2024-08-04 13:31:54 - [TEST_STEP][PASSED] - delay(1): Delayed 1 second(s)

2024-08-04 13:31:55 - [MESSAGE][PASSED] - Delayed 1 second(s)

2024-08-04 13:31:55 - [TEST_STEP][PASSED] - click(findTestObject("Object Repository/Login/YesStayInButton")): Object: 'Object Repository/Login/YesStayInButton' is clicked on

2024-08-04 13:31:56 - [MESSAGE][PASSED] - Object: 'Object Repository/Login/YesStayInButton' is clicked on

2024-08-04 13:31:56 - [MESSAGE][PASSED] - Call Test Case 'Test Cases/Login' successfully

2024-08-04 13:31:56 - [TEST_STEP][PASSED] - switchToWindowIndex(1): Switched to window with index: '1'

2024-08-04 13:31:56 - [MESSAGE][PASSED] - Switched to window with index: '1'

2024-08-04 13:31:56 - [TEST_STEP][FAILED] - PMHwaueiTopX.TopX("2G", "Cell", false, "DailyBH", false, null): Unable to verify object 'Object Repository/PM/Huawei-vendor/Chart' is present

2024-08-04 13:31:56 - [MESSAGE][PASSED] - Object: 'Object Repository/PM/PM-Button' is clicked on

2024-08-04 13:31:56 - [MESSAGE][PASSED] - Switched to window with index: '2'

2024-08-04 13:31:57 - [MESSAGE][PASSED] - Object: 'Object Repository/PM/Huawei-vendor/Data-view/TopX' is clicked on

2024-08-04 13:31:58 - [MESSAGE][PASSED] - Object: 'Object Repository/PM/Huawei-vendor/Technology/Technology-Arrow' is clicked on

2024-08-04 13:31:58 - [MESSAGE][PASSED] - Object: 'Object Repository/PM/Huawei-vendor/Technology/2G' is clicked on

2024-08-04 13:31:58 - [MESSAGE][PASSED] - Object: 'Object Repository/PM/Huawei-vendor/TopX/TopX Object Type' is clicked on

2024-08-04 13:31:59 - [MESSAGE][PASSED] - Delayed 1 second(s)

2024-08-04 13:31:59 - [MESSAGE][PASSED] - Object: 'Object Repository/PM/Huawei-vendor/Object-Type/TopX Object Types/TopX Cells/TopX Cell' is clicked on

2024-08-04 13:32:00 - [MESSAGE][PASSED] - Delayed 1 second(s)

2024-08-04 13:32:00 - [MESSAGE][WARNING] - Timeout '0' is invalid. Using default page load timeout: '120'

2024-08-04 13:32:00 - [MESSAGE][PASSED] - Scroll to object 'Object Repository/PM/Huawei-vendor/Object Border' successfully

2024-08-04 13:32:00 - [MESSAGE][PASSED] - Object: 'Object Repository/PM/Huawei-vendor/Object-Type/TopX Object Types/TopX Sites/TopX East Amman Arrow' is clicked on

2024-08-04 13:32:02 - [MESSAGE][PASSED] - Object: 'Object Repository/PM/Huawei-vendor/Object-Type/TopX Object Types/TopX Cells/TopX East Amman Site1 Arrow' is clicked on

2024-08-04 13:32:03 - [MESSAGE][PASSED] - Delayed 1 second(s)

2024-08-04 13:32:03 - [MESSAGE][PASSED] - Object: 'Object Repository/PM/Huawei-vendor/Object-Type/TopX Object Types/TopX Cells/TopX East Amman Site1 Cell1' is clicked on

2024-08-04 13:32:04 - [MESSAGE][PASSED] - Object: 'Object Repository/PM/Huawei-vendor/Object-Type/TopX Object Types/TopX Sites/TopX East Amman CloseArrow' is clicked on

2024-08-04 13:32:04 - [MESSAGE][PASSED] - Object: 'Object Repository/PM/Huawei-vendor/Object-Type/TopX Object Types/TopX Sites/TopX West Amman Arrow' is clicked on

2024-08-04 13:32:05 - [MESSAGE][PASSED] - Object: 'Object Repository/PM/Huawei-vendor/Object-Type/TopX Object Types/TopX Cells/TopX West Amman Site1 Arrow' is clicked on

2024-08-04 13:32:06 - [MESSAGE][PASSED] - Object: 'Object Repository/PM/Huawei-vendor/Object-Type/TopX Object Types/TopX Cells/TopX West Amman Site1 Cell1' is clicked on

2024-08-04 13:32:06 - [MESSAGE][PASSED] - Object: 'Object Repository/PM/Huawei-vendor/Object-Type/TopX Object Types/TopX Sites/TopX West Amman CloseArrow' is clicked on

2024-08-04 13:32:06 - [MESSAGE][PASSED] - Object: 'Object Repository/PM/Huawei-vendor/Object-Type/TopX Object Types/TopX Sites/TopX North Jordan Arrow' is clicked on

2024-08-04 13:32:09 - [MESSAGE][PASSED] - Object: 'Object Repository/PM/Huawei-vendor/Object-Type/TopX Object Types/TopX Cells/TopX North Jordan Site1 Arrow' is clicked on

2024-08-04 13:32:09 - [MESSAGE][PASSED] - Object: 'Object Repository/PM/Huawei-vendor/Object-Type/TopX Object Types/TopX Cells/TopX North Jordan Site1 Cell1' is clicked on

2024-08-04 13:32:09 - [MESSAGE][PASSED] - Object: 'Object Repository/PM/Huawei-vendor/Object-Type/TopX Object Types/TopX Sites/TopX North Jordan CloseArrow' is clicked on

2024-08-04 13:32:09 - [MESSAGE][PASSED] - Object: 'Object Repository/PM/Huawei-vendor/Object-Type/TopX Object Types/TopX Sites/TopX South Jordan Arrow' is clicked on

2024-08-04 13:32:11 - [MESSAGE][PASSED] - Object: 'Object Repository/PM/Huawei-vendor/Object-Type/TopX Object Types/TopX Cells/TopX South Jordan Site1 Arrow' is clicked on

2024-08-04 13:32:11 - [MESSAGE][PASSED] - Object: 'Object Repository/PM/Huawei-vendor/Object-Type/TopX Object Types/TopX Cells/TopX South Jordan Site1 Cell1' is clicked on

2024-08-04 13:32:11 - [MESSAGE][PASSED] - Object: 'Object Repository/PM/Huawei-vendor/Object-Type/TopX Object Types/TopX Sites/TopX South Jordan CloseArrow' is clicked on

2024-08-04 13:32:11 - [MESSAGE][WARNING] - Timeout '0' is invalid. Using default page load timeout: '120'

2024-08-04 13:32:11 - [MESSAGE][PASSED] - Scroll to object 'Object Repository/PM/Huawei-vendor/LowXlabel' successfully

2024-08-04 13:32:11 - [MESSAGE][PASSED] - Object: 'Object Repository/PM/Huawei-vendor/Resolution Temp/Select Resolution temp' is clicked on

2024-08-04 13:32:12 - [MESSAGE][PASSED] - Object: 'Object Repository/PM/Huawei-vendor/Resolution Temp/Resolution Temp DailyBH' is clicked on

2024-08-04 13:32:12 - [MESSAGE][PASSED] - Object: 'Object Repository/PM/Huawei-vendor/TopX/TopXDate/BeforeDate' is clicked on

2024-08-04 13:32:13 - [MESSAGE][PASSED] - Delayed 1 second(s)

2024-08-04 13:32:13 - [MESSAGE][PASSED] - Object: 'Object Repository/PM/Huawei-vendor/TopX/TopXDate/Choose Month' is clicked on

2024-08-04 13:32:14 - [MESSAGE][PASSED] - Delayed 1 second(s)

2024-08-04 13:32:14 - [MESSAGE][PASSED] - Object: 'Object Repository/PM/Huawei-vendor/TopX/TopXDate/Feb' is clicked on

2024-08-04 13:32:14 - [MESSAGE][PASSED] - Object: 'Object Repository/PM/Huawei-vendor/TopX/TopXDate/Day 1' is clicked on

2024-08-04 13:32:14 - [MESSAGE][PASSED] - Object: 'Object Repository/PM/Huawei-vendor/TopX/TopXDate/Button OK' is clicked on

2024-08-04 13:32:15 - [MESSAGE][PASSED] - Object: 'Object Repository/PM/Huawei-vendor/TopX/TopXDate/After Date' is clicked on

2024-08-04 13:32:16 - [MESSAGE][PASSED] - Delayed 1 second(s)

2024-08-04 13:32:16 - [MESSAGE][PASSED] - Object: 'Object Repository/PM/Huawei-vendor/TopX/TopXDate/Choose Month' is clicked on

2024-08-04 13:32:17 - [MESSAGE][PASSED] - Delayed 1 second(s)

2024-08-04 13:32:17 - [MESSAGE][PASSED] - Object: 'Object Repository/PM/Huawei-vendor/TopX/TopXDate/Feb' is clicked on

2024-08-04 13:32:17 - [MESSAGE][PASSED] - Object: 'Object Repository/PM/Huawei-vendor/TopX/TopXDate/Day 7' is clicked on

2024-08-04 13:32:17 - [MESSAGE][PASSED] - Object: 'Object Repository/PM/Huawei-vendor/TopX/TopXDate/Button OK' is clicked on

2024-08-04 13:32:18 - [MESSAGE][PASSED] - Object: 'Object Repository/PM/Huawei-vendor/Apply-Button' is clicked on

2024-08-04 13:32:18 - [MESSAGE][WARNING] - Timeout '0' is invalid. Using default page load timeout: '120'

2024-08-04 13:32:18 - [MESSAGE][PASSED] - Web element with id: 'Object Repository/PM/Huawei-vendor/Error' located by 'By.xpath: //div[@class='toast-summary title-medium-m']' is not present after '120' second(s)

2024-08-04 13:32:18 - [MESSAGE][WARNING] - Timeout '0' is invalid. Using default page load timeout: '120'

2024-08-04 13:34:19 - [MESSAGE][INFO] - Unable to find the element located by 'By.xpath: //*[@id="chart-container"]/div/app-main-chart-component[1]/div/div[2]/div[2]/div/div/div[1]/canvas'. Please recheck the objects properties to make sure the desired element is located. 

2024-08-04 13:34:19 - [MESSAGE][FAILED] - com.kms.katalon.core.webui.exception.WebElementNotFoundException: Web element with id: 'Object Repository/PM/Huawei-vendor/Chart' located by '//*[@id="chart-container"]/div/app-main-chart-component[1]/div/div[2]/div[2]/div/div/div[1]/canvas' not found (Root cause: com.kms.katalon.core.exception.StepFailedException: com.kms.katalon.core.webui.exception.WebElementNotFoundException: Web element with id: 'Object Repository/PM/Huawei-vendor/Chart' located by '//*[@id="chart-container"]/div/app-main-chart-component[1]/div/div[2]/div[2]/div/div/div[1]/canvas' not found
	at com.kms.katalon.core.webui.keyword.internal.WebUIKeywordMain.stepFailed(WebUIKeywordMain.groovy:64)
	at com.kms.katalon.core.webui.keyword.builtin.VerifyElementPresentKeyword$_verifyElementPresent_closure1.doCall(VerifyElementPresentKeyword.groovy:85)
	at com.kms.katalon.core.webui.keyword.builtin.VerifyElementPresentKeyword$_verifyElementPresent_closure1.call(VerifyElementPresentKeyword.groovy)
	at com.kms.katalon.core.webui.keyword.internal.WebUIKeywordMain.runKeyword(WebUIKeywordMain.groovy:20)
	at com.kms.katalon.core.webui.keyword.builtin.VerifyElementPresentKeyword.verifyElementPresent(VerifyElementPresentKeyword.groovy:92)
	at com.kms.katalon.core.webui.keyword.builtin.VerifyElementPresentKeyword.execute(VerifyElementPresentKeyword.groovy:68)
	at com.kms.katalon.core.keyword.internal.KeywordExecutor.executeKeywordForPlatform(KeywordExecutor.groovy:74)
	at com.kms.katalon.core.webui.keyword.WebUiBuiltInKeywords.verifyElementPresent(WebUiBuiltInKeywords.groovy:1464)
	at com.kms.katalon.core.webui.keyword.WebUiBuiltInKeywords$verifyElementPresent$6.call(Unknown Source)
	at PMHwaueiTopX.TopX(PMHwaueiTopX.groovy:1593)
	at PMHwaueiTopX.invokeMethod(PMHwaueiTopX.groovy)
	at com.kms.katalon.core.main.CustomKeywordDelegatingMetaClass.invokeStaticMethod(CustomKeywordDelegatingMetaClass.java:55)
	at TopX 2G Cell DailyBH.run(TopX 2G Cell DailyBH:29)
	at com.kms.katalon.core.main.ScriptEngine.run(ScriptEngine.java:194)
	at com.kms.katalon.core.main.ScriptEngine.runScriptAsRawText(ScriptEngine.java:119)
	at com.kms.katalon.core.main.TestCaseExecutor.runScript(TestCaseExecutor.java:448)
	at com.kms.katalon.core.main.TestCaseExecutor.doExecute(TestCaseExecutor.java:439)
	at com.kms.katalon.core.main.TestCaseExecutor.processExecutionPhase(TestCaseExecutor.java:418)
	at com.kms.katalon.core.main.TestCaseExecutor.accessMainPhase(TestCaseExecutor.java:410)
	at com.kms.katalon.core.main.TestCaseExecutor.execute(TestCaseExecutor.java:285)
	at com.kms.katalon.core.common.CommonExecutor.accessTestCaseMainPhase(CommonExecutor.java:65)
	at com.kms.katalon.core.main.TestSuiteExecutor.accessTestSuiteMainPhase(TestSuiteExecutor.java:148)
	at com.kms.katalon.core.main.TestSuiteExecutor.execute(TestSuiteExecutor.java:106)
	at com.kms.katalon.core.main.TestCaseMain.startTestSuite(TestCaseMain.java:187)
	at com.kms.katalon.core.main.TestCaseMain$startTestSuite$0.call(Unknown Source)
	at TempTestSuite1722766020200.run(TempTestSuite1722766020200.groovy:35)
)
[[ATTACHMENT|C:\\Users\\FatimaIbeid\\git\\NetCell\\Reports\\20240804_130700\\PM\\Hwauei\\TopX\\Regression TopX 2G\\20240804_130700\\1722767659452.png]]

2024-08-04 13:34:19 - [MESSAGE][FAILED] - Unable to verify object 'Object Repository/PM/Huawei-vendor/Chart' is present (Root cause: com.kms.katalon.core.exception.StepFailedException: Unable to verify object 'Object Repository/PM/Huawei-vendor/Chart' is present
	at com.kms.katalon.core.webui.keyword.internal.WebUIKeywordMain.stepFailed(WebUIKeywordMain.groovy:64)
	at com.kms.katalon.core.webui.keyword.internal.WebUIKeywordMain.runKeyword(WebUIKeywordMain.groovy:26)
	at com.kms.katalon.core.webui.keyword.builtin.VerifyElementPresentKeyword.verifyElementPresent(VerifyElementPresentKeyword.groovy:92)
	at com.kms.katalon.core.webui.keyword.builtin.VerifyElementPresentKeyword.execute(VerifyElementPresentKeyword.groovy:68)
	at com.kms.katalon.core.keyword.internal.KeywordExecutor.executeKeywordForPlatform(KeywordExecutor.groovy:74)
	at com.kms.katalon.core.webui.keyword.WebUiBuiltInKeywords.verifyElementPresent(WebUiBuiltInKeywords.groovy:1464)
	at com.kms.katalon.core.webui.keyword.WebUiBuiltInKeywords$verifyElementPresent$6.call(Unknown Source)
	at PMHwaueiTopX.TopX(PMHwaueiTopX.groovy:1593)
	at PMHwaueiTopX.invokeMethod(PMHwaueiTopX.groovy)
	at com.kms.katalon.core.main.CustomKeywordDelegatingMetaClass.invokeStaticMethod(CustomKeywordDelegatingMetaClass.java:55)
	at TopX 2G Cell DailyBH.run(TopX 2G Cell DailyBH:29)
	at com.kms.katalon.core.main.ScriptEngine.run(ScriptEngine.java:194)
	at com.kms.katalon.core.main.ScriptEngine.runScriptAsRawText(ScriptEngine.java:119)
	at com.kms.katalon.core.main.TestCaseExecutor.runScript(TestCaseExecutor.java:448)
	at com.kms.katalon.core.main.TestCaseExecutor.doExecute(TestCaseExecutor.java:439)
	at com.kms.katalon.core.main.TestCaseExecutor.processExecutionPhase(TestCaseExecutor.java:418)
	at com.kms.katalon.core.main.TestCaseExecutor.accessMainPhase(TestCaseExecutor.java:410)
	at com.kms.katalon.core.main.TestCaseExecutor.execute(TestCaseExecutor.java:285)
	at com.kms.katalon.core.common.CommonExecutor.accessTestCaseMainPhase(CommonExecutor.java:65)
	at com.kms.katalon.core.main.TestSuiteExecutor.accessTestSuiteMainPhase(TestSuiteExecutor.java:148)
	at com.kms.katalon.core.main.TestSuiteExecutor.execute(TestSuiteExecutor.java:106)
	at com.kms.katalon.core.main.TestCaseMain.startTestSuite(TestCaseMain.java:187)
	at com.kms.katalon.core.main.TestCaseMain$startTestSuite$0.call(Unknown Source)
	at TempTestSuite1722766020200.run(TempTestSuite1722766020200.groovy:35)
Caused by: com.kms.katalon.core.exception.StepFailedException: com.kms.katalon.core.webui.exception.WebElementNotFoundException: Web element with id: 'Object Repository/PM/Huawei-vendor/Chart' located by '//*[@id="chart-container"]/div/app-main-chart-component[1]/div/div[2]/div[2]/div/div/div[1]/canvas' not found
	at com.kms.katalon.core.webui.keyword.internal.WebUIKeywordMain.stepFailed(WebUIKeywordMain.groovy:64)
	at com.kms.katalon.core.webui.keyword.builtin.VerifyElementPresentKeyword$_verifyElementPresent_closure1.doCall(VerifyElementPresentKeyword.groovy:85)
	at com.kms.katalon.core.webui.keyword.builtin.VerifyElementPresentKeyword$_verifyElementPresent_closure1.call(VerifyElementPresentKeyword.groovy)
	at com.kms.katalon.core.webui.keyword.internal.WebUIKeywordMain.runKeyword(WebUIKeywordMain.groovy:20)
	... 22 more
)
[[ATTACHMENT|C:\\Users\\FatimaIbeid\\git\\NetCell\\Reports\\20240804_130700\\PM\\Hwauei\\TopX\\Regression TopX 2G\\20240804_130700\\1722767659723.png]]

2024-08-04 13:34:19 - [MESSAGE][FAILED] - Unable to verify object 'Object Repository/PM/Huawei-vendor/Chart' is present]]></system-out>
         <system-err><![CDATA[2024-08-04 13:31:32 - [TEST_CASE][FAILED] - Test Cases/PM/Hwauei/TopX/2G TopX/XCells/TopX 2G Cell DailyBH: Test Cases/PM/Hwauei/TopX/2G TopX/XCells/TopX 2G Cell DailyBH FAILED.
Reason:
com.kms.katalon.core.exception.StepFailedException: Unable to verify object 'Object Repository/PM/Huawei-vendor/Chart' is present
	at com.kms.katalon.core.webui.keyword.internal.WebUIKeywordMain.stepFailed(WebUIKeywordMain.groovy:64)
	at com.kms.katalon.core.webui.keyword.internal.WebUIKeywordMain.runKeyword(WebUIKeywordMain.groovy:26)
	at com.kms.katalon.core.webui.keyword.builtin.VerifyElementPresentKeyword.verifyElementPresent(VerifyElementPresentKeyword.groovy:92)
	at com.kms.katalon.core.webui.keyword.builtin.VerifyElementPresentKeyword.execute(VerifyElementPresentKeyword.groovy:68)
	at com.kms.katalon.core.keyword.internal.KeywordExecutor.executeKeywordForPlatform(KeywordExecutor.groovy:74)
	at com.kms.katalon.core.webui.keyword.WebUiBuiltInKeywords.verifyElementPresent(WebUiBuiltInKeywords.groovy:1464)
	at com.kms.katalon.core.webui.keyword.WebUiBuiltInKeywords$verifyElementPresent$6.call(Unknown Source)
	at PMHwaueiTopX.TopX(PMHwaueiTopX.groovy:1593)
	at PMHwaueiTopX.invokeMethod(PMHwaueiTopX.groovy)
	at com.kms.katalon.core.main.CustomKeywordDelegatingMetaClass.invokeStaticMethod(CustomKeywordDelegatingMetaClass.java:55)
	at TopX 2G Cell DailyBH.run(TopX 2G Cell DailyBH:29)
	at com.kms.katalon.core.main.ScriptEngine.run(ScriptEngine.java:194)
	at com.kms.katalon.core.main.ScriptEngine.runScriptAsRawText(ScriptEngine.java:119)
	at com.kms.katalon.core.main.TestCaseExecutor.runScript(TestCaseExecutor.java:448)
	at com.kms.katalon.core.main.TestCaseExecutor.doExecute(TestCaseExecutor.java:439)
	at com.kms.katalon.core.main.TestCaseExecutor.processExecutionPhase(TestCaseExecutor.java:418)
	at com.kms.katalon.core.main.TestCaseExecutor.accessMainPhase(TestCaseExecutor.java:410)
	at com.kms.katalon.core.main.TestCaseExecutor.execute(TestCaseExecutor.java:285)
	at com.kms.katalon.core.common.CommonExecutor.accessTestCaseMainPhase(CommonExecutor.java:65)
	at com.kms.katalon.core.main.TestSuiteExecutor.accessTestSuiteMainPhase(TestSuiteExecutor.java:148)
	at com.kms.katalon.core.main.TestSuiteExecutor.execute(TestSuiteExecutor.java:106)
	at com.kms.katalon.core.main.TestCaseMain.startTestSuite(TestCaseMain.java:187)
	at com.kms.katalon.core.main.TestCaseMain$startTestSuite$0.call(Unknown Source)
	at TempTestSuite1722766020200.run(TempTestSuite1722766020200.groovy:35)
Caused by: com.kms.katalon.core.exception.StepFailedException: com.kms.katalon.core.webui.exception.WebElementNotFoundException: Web element with id: 'Object Repository/PM/Huawei-vendor/Chart' located by '//*[@id="chart-container"]/div/app-main-chart-component[1]/div/div[2]/div[2]/div/div/div[1]/canvas' not found
	at com.kms.katalon.core.webui.keyword.internal.WebUIKeywordMain.stepFailed(WebUIKeywordMain.groovy:64)
	at com.kms.katalon.core.webui.keyword.builtin.VerifyElementPresentKeyword$_verifyElementPresent_closure1.doCall(VerifyElementPresentKeyword.groovy:85)
	at com.kms.katalon.core.webui.keyword.builtin.VerifyElementPresentKeyword$_verifyElementPresent_closure1.call(VerifyElementPresentKeyword.groovy)
	at com.kms.katalon.core.webui.keyword.internal.WebUIKeywordMain.runKeyword(WebUIKeywordMain.groovy:20)
	... 22 more]]></system-err>
      </testcase>
      <testcase name="Test Cases/PM/Hwauei/TopX/2G TopX/XBSC/TopX 2G BSC default" time="163.113" classname="Test Cases/PM/Hwauei/TopX/2G TopX/XBSC/TopX 2G BSC default" status="FAILED">
         <failure type="FAILED" message="Test Cases/PM/Hwauei/TopX/2G TopX/XBSC/TopX 2G BSC default FAILED.
Reason:
com.kms.katalon.core.exception.StepFailedException: Unable to click on object 'Object Repository/PM/Huawei-vendor/Object-Type/TopX Object Types/TopX BSCs/TopX BSC'
	at com.kms.katalon.core.webui.keyword.internal.WebUIKeywordMain.stepFailed(WebUIKeywordMain.groovy:64)
	at com.kms.katalon.core.webui.keyword.internal.WebUIKeywordMain.runKeyword(WebUIKeywordMain.groovy:26)
	at com.kms.katalon.core.webui.keyword.builtin.ClickKeyword.click(ClickKeyword.groovy:74)
	at com.kms.katalon.core.webui.keyword.builtin.ClickKeyword.execute(ClickKeyword.groovy:40)
	at com.kms.katalon.core.keyword.internal.KeywordExecutor.executeKeywordForPlatform(KeywordExecutor.groovy:74)
	at com.kms.katalon.core.webui.keyword.WebUiBuiltInKeywords.click(WebUiBuiltInKeywords.groovy:620)
	at com.kms.katalon.core.webui.keyword.WebUiBuiltInKeywords$click$2.call(Unknown Source)
	at PMHwaueiTopX.TopX(PMHwaueiTopX.groovy:915)
	at PMHwaueiTopX.invokeMethod(PMHwaueiTopX.groovy)
	at com.kms.katalon.core.main.CustomKeywordDelegatingMetaClass.invokeStaticMethod(CustomKeywordDelegatingMetaClass.java:55)
	at TopX 2G BSC default.run(TopX 2G BSC default:29)
	at com.kms.katalon.core.main.ScriptEngine.run(ScriptEngine.java:194)
	at com.kms.katalon.core.main.ScriptEngine.runScriptAsRawText(ScriptEngine.java:119)
	at com.kms.katalon.core.main.TestCaseExecutor.runScript(TestCaseExecutor.java:448)
	at com.kms.katalon.core.main.TestCaseExecutor.doExecute(TestCaseExecutor.java:439)
	at com.kms.katalon.core.main.TestCaseExecutor.processExecutionPhase(TestCaseExecutor.java:418)
	at com.kms.katalon.core.main.TestCaseExecutor.accessMainPhase(TestCaseExecutor.java:410)
	at com.kms.katalon.core.main.TestCaseExecutor.execute(TestCaseExecutor.java:285)
	at com.kms.katalon.core.common.CommonExecutor.accessTestCaseMainPhase(CommonExecutor.java:65)
	at com.kms.katalon.core.main.TestSuiteExecutor.accessTestSuiteMainPhase(TestSuiteExecutor.java:148)
	at com.kms.katalon.core.main.TestSuiteExecutor.execute(TestSuiteExecutor.java:106)
	at com.kms.katalon.core.main.TestCaseMain.startTestSuite(TestCaseMain.java:187)
	at com.kms.katalon.core.main.TestCaseMain$startTestSuite$0.call(Unknown Source)
	at TempTestSuite1722766020200.run(TempTestSuite1722766020200.groovy:35)
Caused by: com.kms.katalon.core.webui.exception.WebElementNotFoundException: Web element with id: 'Object Repository/PM/Huawei-vendor/Object-Type/TopX Object Types/TopX BSCs/TopX BSC' located by '//span[@class='ng-star-inserted'][normalize-space()='BSC']' not found
	at com.kms.katalon.core.webui.common.WebUiCommonHelper.findWebElement(WebUiCommonHelper.java:1381)
	at com.kms.katalon.core.webui.keyword.internal.WebUIAbstractKeyword.findWebElement(WebUIAbstractKeyword.groovy:27)
	at com.kms.katalon.core.webui.keyword.builtin.ClickKeyword$_click_closure1.doCall(ClickKeyword.groovy:65)
	at com.kms.katalon.core.webui.keyword.builtin.ClickKeyword$_click_closure1.call(ClickKeyword.groovy)
	at com.kms.katalon.core.webui.keyword.internal.WebUIKeywordMain.runKeyword(WebUIKeywordMain.groovy:20)
	... 22 more
"/>
         <system-out><![CDATA[2024-08-04 13:34:19 - [TEST_CASE][FAILED] - Test Cases/PM/Hwauei/TopX/2G TopX/XBSC/TopX 2G BSC default: Test Cases/PM/Hwauei/TopX/2G TopX/XBSC/TopX 2G BSC default FAILED.
Reason:
com.kms.katalon.core.exception.StepFailedException: Unable to click on object 'Object Repository/PM/Huawei-vendor/Object-Type/TopX Object Types/TopX BSCs/TopX BSC'
	at com.kms.katalon.core.webui.keyword.internal.WebUIKeywordMain.stepFailed(WebUIKeywordMain.groovy:64)
	at com.kms.katalon.core.webui.keyword.internal.WebUIKeywordMain.runKeyword(WebUIKeywordMain.groovy:26)
	at com.kms.katalon.core.webui.keyword.builtin.ClickKeyword.click(ClickKeyword.groovy:74)
	at com.kms.katalon.core.webui.keyword.builtin.ClickKeyword.execute(ClickKeyword.groovy:40)
	at com.kms.katalon.core.keyword.internal.KeywordExecutor.executeKeywordForPlatform(KeywordExecutor.groovy:74)
	at com.kms.katalon.core.webui.keyword.WebUiBuiltInKeywords.click(WebUiBuiltInKeywords.groovy:620)
	at com.kms.katalon.core.webui.keyword.WebUiBuiltInKeywords$click$2.call(Unknown Source)
	at PMHwaueiTopX.TopX(PMHwaueiTopX.groovy:915)
	at PMHwaueiTopX.invokeMethod(PMHwaueiTopX.groovy)
	at com.kms.katalon.core.main.CustomKeywordDelegatingMetaClass.invokeStaticMethod(CustomKeywordDelegatingMetaClass.java:55)
	at TopX 2G BSC default.run(TopX 2G BSC default:29)
	at com.kms.katalon.core.main.ScriptEngine.run(ScriptEngine.java:194)
	at com.kms.katalon.core.main.ScriptEngine.runScriptAsRawText(ScriptEngine.java:119)
	at com.kms.katalon.core.main.TestCaseExecutor.runScript(TestCaseExecutor.java:448)
	at com.kms.katalon.core.main.TestCaseExecutor.doExecute(TestCaseExecutor.java:439)
	at com.kms.katalon.core.main.TestCaseExecutor.processExecutionPhase(TestCaseExecutor.java:418)
	at com.kms.katalon.core.main.TestCaseExecutor.accessMainPhase(TestCaseExecutor.java:410)
	at com.kms.katalon.core.main.TestCaseExecutor.execute(TestCaseExecutor.java:285)
	at com.kms.katalon.core.common.CommonExecutor.accessTestCaseMainPhase(CommonExecutor.java:65)
	at com.kms.katalon.core.main.TestSuiteExecutor.accessTestSuiteMainPhase(TestSuiteExecutor.java:148)
	at com.kms.katalon.core.main.TestSuiteExecutor.execute(TestSuiteExecutor.java:106)
	at com.kms.katalon.core.main.TestCaseMain.startTestSuite(TestCaseMain.java:187)
	at com.kms.katalon.core.main.TestCaseMain$startTestSuite$0.call(Unknown Source)
	at TempTestSuite1722766020200.run(TempTestSuite1722766020200.groovy:35)
Caused by: com.kms.katalon.core.webui.exception.WebElementNotFoundException: Web element with id: 'Object Repository/PM/Huawei-vendor/Object-Type/TopX Object Types/TopX BSCs/TopX BSC' located by '//span[@class='ng-star-inserted'][normalize-space()='BSC']' not found
	at com.kms.katalon.core.webui.common.WebUiCommonHelper.findWebElement(WebUiCommonHelper.java:1381)
	at com.kms.katalon.core.webui.keyword.internal.WebUIAbstractKeyword.findWebElement(WebUIAbstractKeyword.groovy:27)
	at com.kms.katalon.core.webui.keyword.builtin.ClickKeyword$_click_closure1.doCall(ClickKeyword.groovy:65)
	at com.kms.katalon.core.webui.keyword.builtin.ClickKeyword$_click_closure1.call(ClickKeyword.groovy)
	at com.kms.katalon.core.webui.keyword.internal.WebUIKeywordMain.runKeyword(WebUIKeywordMain.groovy:20)
	... 22 more


2024-08-04 13:34:20 - [TEST_STEP][PASSED] - callTestCase(findTestCase("Login"), [:], STOP_ON_FAILURE): Call Test Case 'Test Cases/Login' successfully

2024-08-04 13:34:20 - [TEST_CASE][PASSED] - Test Cases/Login: Test Cases/Login

2024-08-04 13:34:20 - [TEST_STEP][PASSED] - driver = general.start(SwagerURL, NetCellURL): general.start is PASSED

2024-08-04 13:34:20 - [MESSAGE][INFO] - >>> chromeDriverPath=C:\Users\FatimaIbeid\.katalon\packages\Katalon_Studio_Windows_64-8.6.9\Katalon_Studio_Windows_64-8.6.9\configuration\resources\drivers\chromedriver_win32\chromedriver.exe

2024-08-04 13:34:21 - [MESSAGE][PASSED] - Current window maximized

2024-08-04 13:34:21 - [MESSAGE][PASSED] - Execute JavaScript 'window.open();' successfully

2024-08-04 13:34:21 - [MESSAGE][PASSED] - Switched to window with index: '1'

2024-08-04 13:34:33 - [MESSAGE][PASSED] - general.start is PASSED

2024-08-04 13:34:33 - [TEST_STEP][PASSED] - click(findTestObject("Object Repository/Login/LoginButton")): Object: 'Object Repository/Login/LoginButton' is clicked on

2024-08-04 13:34:33 - [MESSAGE][PASSED] - Object: 'Object Repository/Login/LoginButton' is clicked on

2024-08-04 13:34:33 - [TEST_STEP][PASSED] - switchToWindowIndex(2): Switched to window with index: '2'

2024-08-04 13:34:34 - [MESSAGE][PASSED] - Switched to window with index: '2'

2024-08-04 13:34:34 - [TEST_STEP][PASSED] - delay(1): Delayed 1 second(s)

2024-08-04 13:34:35 - [MESSAGE][PASSED] - Delayed 1 second(s)

2024-08-04 13:34:35 - [TEST_STEP][PASSED] - sendKeys(findTestObject("Object Repository/Login/EnterEmail"), "homam@zztjg.onmicrosoft.com"): Keys 'homam@zztjg.onmicrosoft.com' sent to object: 'Object Repository/Login/EnterEmail'

2024-08-04 13:34:35 - [MESSAGE][PASSED] - Keys 'homam@zztjg.onmicrosoft.com' sent to object: 'Object Repository/Login/EnterEmail'

2024-08-04 13:34:35 - [TEST_STEP][PASSED] - delay(1): Delayed 1 second(s)

2024-08-04 13:34:36 - [MESSAGE][PASSED] - Delayed 1 second(s)

2024-08-04 13:34:36 - [TEST_STEP][PASSED] - click(findTestObject("Object Repository/Login/NextButton")): Object: 'Object Repository/Login/NextButton' is clicked on

2024-08-04 13:34:37 - [MESSAGE][PASSED] - Object: 'Object Repository/Login/NextButton' is clicked on

2024-08-04 13:34:37 - [TEST_STEP][PASSED] - delay(2): Delayed 2 second(s)

2024-08-04 13:34:39 - [MESSAGE][PASSED] - Delayed 2 second(s)

2024-08-04 13:34:39 - [TEST_STEP][PASSED] - sendKeys(findTestObject("Object Repository/Login/EnterPassword"), "Holder12345"): Keys 'Holder12345' sent to object: 'Object Repository/Login/EnterPassword'

2024-08-04 13:34:39 - [MESSAGE][PASSED] - Keys 'Holder12345' sent to object: 'Object Repository/Login/EnterPassword'

2024-08-04 13:34:39 - [TEST_STEP][PASSED] - delay(1): Delayed 1 second(s)

2024-08-04 13:34:40 - [MESSAGE][PASSED] - Delayed 1 second(s)

2024-08-04 13:34:40 - [TEST_STEP][PASSED] - click(findTestObject("Object Repository/Login/SigninButton")): Object: 'Object Repository/Login/SigninButton' is clicked on

2024-08-04 13:34:41 - [MESSAGE][PASSED] - Object: 'Object Repository/Login/SigninButton' is clicked on

2024-08-04 13:34:41 - [TEST_STEP][PASSED] - delay(1): Delayed 1 second(s)

2024-08-04 13:34:42 - [MESSAGE][PASSED] - Delayed 1 second(s)

2024-08-04 13:34:42 - [TEST_STEP][PASSED] - click(findTestObject("Object Repository/Login/YesStayInButton")): Object: 'Object Repository/Login/YesStayInButton' is clicked on

2024-08-04 13:34:42 - [MESSAGE][PASSED] - Object: 'Object Repository/Login/YesStayInButton' is clicked on

2024-08-04 13:34:42 - [MESSAGE][PASSED] - Call Test Case 'Test Cases/Login' successfully

2024-08-04 13:34:42 - [TEST_STEP][PASSED] - switchToWindowIndex(1): Switched to window with index: '1'

2024-08-04 13:34:42 - [MESSAGE][PASSED] - Switched to window with index: '1'

2024-08-04 13:34:42 - [TEST_STEP][FAILED] - PMHwaueiTopX.TopX("2G", "BSC", false, "Hourly", false, null): Unable to click on object 'Object Repository/PM/Huawei-vendor/Object-Type/TopX Object Types/TopX BSCs/TopX BSC'

2024-08-04 13:34:45 - [MESSAGE][PASSED] - Object: 'Object Repository/PM/PM-Button' is clicked on

2024-08-04 13:34:45 - [MESSAGE][PASSED] - Switched to window with index: '2'

2024-08-04 13:35:00 - [MESSAGE][PASSED] - Object: 'Object Repository/PM/Huawei-vendor/Data-view/TopX' is clicked on

2024-08-04 13:35:00 - [MESSAGE][PASSED] - Object: 'Object Repository/PM/Huawei-vendor/Technology/Technology-Arrow' is clicked on

2024-08-04 13:35:00 - [MESSAGE][PASSED] - Object: 'Object Repository/PM/Huawei-vendor/Technology/2G' is clicked on

2024-08-04 13:35:00 - [MESSAGE][PASSED] - Object: 'Object Repository/PM/Huawei-vendor/TopX/TopX Object Type' is clicked on

2024-08-04 13:35:01 - [MESSAGE][PASSED] - Delayed 1 second(s)

2024-08-04 13:37:02 - [MESSAGE][INFO] - Unable to find the element located by 'By.xpath: //span[@class='ng-star-inserted'][normalize-space()='BSC']'. Please recheck the objects properties to make sure the desired element is located. 

2024-08-04 13:37:02 - [MESSAGE][FAILED] - Unable to click on object 'Object Repository/PM/Huawei-vendor/Object-Type/TopX Object Types/TopX BSCs/TopX BSC' (Root cause: com.kms.katalon.core.exception.StepFailedException: Unable to click on object 'Object Repository/PM/Huawei-vendor/Object-Type/TopX Object Types/TopX BSCs/TopX BSC'
	at com.kms.katalon.core.webui.keyword.internal.WebUIKeywordMain.stepFailed(WebUIKeywordMain.groovy:64)
	at com.kms.katalon.core.webui.keyword.internal.WebUIKeywordMain.runKeyword(WebUIKeywordMain.groovy:26)
	at com.kms.katalon.core.webui.keyword.builtin.ClickKeyword.click(ClickKeyword.groovy:74)
	at com.kms.katalon.core.webui.keyword.builtin.ClickKeyword.execute(ClickKeyword.groovy:40)
	at com.kms.katalon.core.keyword.internal.KeywordExecutor.executeKeywordForPlatform(KeywordExecutor.groovy:74)
	at com.kms.katalon.core.webui.keyword.WebUiBuiltInKeywords.click(WebUiBuiltInKeywords.groovy:620)
	at com.kms.katalon.core.webui.keyword.WebUiBuiltInKeywords$click$2.call(Unknown Source)
	at PMHwaueiTopX.TopX(PMHwaueiTopX.groovy:915)
	at PMHwaueiTopX.invokeMethod(PMHwaueiTopX.groovy)
	at com.kms.katalon.core.main.CustomKeywordDelegatingMetaClass.invokeStaticMethod(CustomKeywordDelegatingMetaClass.java:55)
	at TopX 2G BSC default.run(TopX 2G BSC default:29)
	at com.kms.katalon.core.main.ScriptEngine.run(ScriptEngine.java:194)
	at com.kms.katalon.core.main.ScriptEngine.runScriptAsRawText(ScriptEngine.java:119)
	at com.kms.katalon.core.main.TestCaseExecutor.runScript(TestCaseExecutor.java:448)
	at com.kms.katalon.core.main.TestCaseExecutor.doExecute(TestCaseExecutor.java:439)
	at com.kms.katalon.core.main.TestCaseExecutor.processExecutionPhase(TestCaseExecutor.java:418)
	at com.kms.katalon.core.main.TestCaseExecutor.accessMainPhase(TestCaseExecutor.java:410)
	at com.kms.katalon.core.main.TestCaseExecutor.execute(TestCaseExecutor.java:285)
	at com.kms.katalon.core.common.CommonExecutor.accessTestCaseMainPhase(CommonExecutor.java:65)
	at com.kms.katalon.core.main.TestSuiteExecutor.accessTestSuiteMainPhase(TestSuiteExecutor.java:148)
	at com.kms.katalon.core.main.TestSuiteExecutor.execute(TestSuiteExecutor.java:106)
	at com.kms.katalon.core.main.TestCaseMain.startTestSuite(TestCaseMain.java:187)
	at com.kms.katalon.core.main.TestCaseMain$startTestSuite$0.call(Unknown Source)
	at TempTestSuite1722766020200.run(TempTestSuite1722766020200.groovy:35)
Caused by: com.kms.katalon.core.webui.exception.WebElementNotFoundException: Web element with id: 'Object Repository/PM/Huawei-vendor/Object-Type/TopX Object Types/TopX BSCs/TopX BSC' located by '//span[@class='ng-star-inserted'][normalize-space()='BSC']' not found
	at com.kms.katalon.core.webui.common.WebUiCommonHelper.findWebElement(WebUiCommonHelper.java:1381)
	at com.kms.katalon.core.webui.keyword.internal.WebUIAbstractKeyword.findWebElement(WebUIAbstractKeyword.groovy:27)
	at com.kms.katalon.core.webui.keyword.builtin.ClickKeyword$_click_closure1.doCall(ClickKeyword.groovy:65)
	at com.kms.katalon.core.webui.keyword.builtin.ClickKeyword$_click_closure1.call(ClickKeyword.groovy)
	at com.kms.katalon.core.webui.keyword.internal.WebUIKeywordMain.runKeyword(WebUIKeywordMain.groovy:20)
	at com.kms.katalon.core.webui.keyword.builtin.ClickKeyword.click(ClickKeyword.groovy:74)
	at com.kms.katalon.core.webui.keyword.builtin.ClickKeyword.execute(ClickKeyword.groovy:40)
	at com.kms.katalon.core.keyword.internal.KeywordExecutor.executeKeywordForPlatform(KeywordExecutor.groovy:74)
	at com.kms.katalon.core.webui.keyword.WebUiBuiltInKeywords.click(WebUiBuiltInKeywords.groovy:620)
	at com.kms.katalon.core.webui.keyword.WebUiBuiltInKeywords$click$2.call(Unknown Source)
	at PMHwaueiTopX.TopX(PMHwaueiTopX.groovy:915)
	at PMHwaueiTopX.invokeMethod(PMHwaueiTopX.groovy)
	at com.kms.katalon.core.main.CustomKeywordDelegatingMetaClass.invokeStaticMethod(CustomKeywordDelegatingMetaClass.java:55)
	at Script1722255097308.run(Script1722255097308.groovy:29)
	... 13 more
)
[[ATTACHMENT|C:\\Users\\FatimaIbeid\\git\\NetCell\\Reports\\20240804_130700\\PM\\Hwauei\\TopX\\Regression TopX 2G\\20240804_130700\\1722767822810.png]]

2024-08-04 13:37:02 - [MESSAGE][FAILED] - Unable to click on object 'Object Repository/PM/Huawei-vendor/Object-Type/TopX Object Types/TopX BSCs/TopX BSC']]></system-out>
         <system-err><![CDATA[2024-08-04 13:34:19 - [TEST_CASE][FAILED] - Test Cases/PM/Hwauei/TopX/2G TopX/XBSC/TopX 2G BSC default: Test Cases/PM/Hwauei/TopX/2G TopX/XBSC/TopX 2G BSC default FAILED.
Reason:
com.kms.katalon.core.exception.StepFailedException: Unable to click on object 'Object Repository/PM/Huawei-vendor/Object-Type/TopX Object Types/TopX BSCs/TopX BSC'
	at com.kms.katalon.core.webui.keyword.internal.WebUIKeywordMain.stepFailed(WebUIKeywordMain.groovy:64)
	at com.kms.katalon.core.webui.keyword.internal.WebUIKeywordMain.runKeyword(WebUIKeywordMain.groovy:26)
	at com.kms.katalon.core.webui.keyword.builtin.ClickKeyword.click(ClickKeyword.groovy:74)
	at com.kms.katalon.core.webui.keyword.builtin.ClickKeyword.execute(ClickKeyword.groovy:40)
	at com.kms.katalon.core.keyword.internal.KeywordExecutor.executeKeywordForPlatform(KeywordExecutor.groovy:74)
	at com.kms.katalon.core.webui.keyword.WebUiBuiltInKeywords.click(WebUiBuiltInKeywords.groovy:620)
	at com.kms.katalon.core.webui.keyword.WebUiBuiltInKeywords$click$2.call(Unknown Source)
	at PMHwaueiTopX.TopX(PMHwaueiTopX.groovy:915)
	at PMHwaueiTopX.invokeMethod(PMHwaueiTopX.groovy)
	at com.kms.katalon.core.main.CustomKeywordDelegatingMetaClass.invokeStaticMethod(CustomKeywordDelegatingMetaClass.java:55)
	at TopX 2G BSC default.run(TopX 2G BSC default:29)
	at com.kms.katalon.core.main.ScriptEngine.run(ScriptEngine.java:194)
	at com.kms.katalon.core.main.ScriptEngine.runScriptAsRawText(ScriptEngine.java:119)
	at com.kms.katalon.core.main.TestCaseExecutor.runScript(TestCaseExecutor.java:448)
	at com.kms.katalon.core.main.TestCaseExecutor.doExecute(TestCaseExecutor.java:439)
	at com.kms.katalon.core.main.TestCaseExecutor.processExecutionPhase(TestCaseExecutor.java:418)
	at com.kms.katalon.core.main.TestCaseExecutor.accessMainPhase(TestCaseExecutor.java:410)
	at com.kms.katalon.core.main.TestCaseExecutor.execute(TestCaseExecutor.java:285)
	at com.kms.katalon.core.common.CommonExecutor.accessTestCaseMainPhase(CommonExecutor.java:65)
	at com.kms.katalon.core.main.TestSuiteExecutor.accessTestSuiteMainPhase(TestSuiteExecutor.java:148)
	at com.kms.katalon.core.main.TestSuiteExecutor.execute(TestSuiteExecutor.java:106)
	at com.kms.katalon.core.main.TestCaseMain.startTestSuite(TestCaseMain.java:187)
	at com.kms.katalon.core.main.TestCaseMain$startTestSuite$0.call(Unknown Source)
	at TempTestSuite1722766020200.run(TempTestSuite1722766020200.groovy:35)
Caused by: com.kms.katalon.core.webui.exception.WebElementNotFoundException: Web element with id: 'Object Repository/PM/Huawei-vendor/Object-Type/TopX Object Types/TopX BSCs/TopX BSC' located by '//span[@class='ng-star-inserted'][normalize-space()='BSC']' not found
	at com.kms.katalon.core.webui.common.WebUiCommonHelper.findWebElement(WebUiCommonHelper.java:1381)
	at com.kms.katalon.core.webui.keyword.internal.WebUIAbstractKeyword.findWebElement(WebUIAbstractKeyword.groovy:27)
	at com.kms.katalon.core.webui.keyword.builtin.ClickKeyword$_click_closure1.doCall(ClickKeyword.groovy:65)
	at com.kms.katalon.core.webui.keyword.builtin.ClickKeyword$_click_closure1.call(ClickKeyword.groovy)
	at com.kms.katalon.core.webui.keyword.internal.WebUIKeywordMain.runKeyword(WebUIKeywordMain.groovy:20)
	... 22 more]]></system-err>
      </testcase>
      <testcase name="Test Cases/PM/Hwauei/TopX/2G TopX/XBSC/TopX 2G BSC with LowX" time="151.644" classname="Test Cases/PM/Hwauei/TopX/2G TopX/XBSC/TopX 2G BSC with LowX" status="FAILED">
         <failure type="FAILED" message="Test Cases/PM/Hwauei/TopX/2G TopX/XBSC/TopX 2G BSC with LowX FAILED.
Reason:
com.kms.katalon.core.exception.StepFailedException: Unable to click on object 'Object Repository/PM/Huawei-vendor/Object-Type/TopX Object Types/TopX BSCs/TopX BSC'
	at com.kms.katalon.core.webui.keyword.internal.WebUIKeywordMain.stepFailed(WebUIKeywordMain.groovy:64)
	at com.kms.katalon.core.webui.keyword.internal.WebUIKeywordMain.runKeyword(WebUIKeywordMain.groovy:26)
	at com.kms.katalon.core.webui.keyword.builtin.ClickKeyword.click(ClickKeyword.groovy:74)
	at com.kms.katalon.core.webui.keyword.builtin.ClickKeyword.execute(ClickKeyword.groovy:40)
	at com.kms.katalon.core.keyword.internal.KeywordExecutor.executeKeywordForPlatform(KeywordExecutor.groovy:74)
	at com.kms.katalon.core.webui.keyword.WebUiBuiltInKeywords.click(WebUiBuiltInKeywords.groovy:620)
	at com.kms.katalon.core.webui.keyword.WebUiBuiltInKeywords$click$2.call(Unknown Source)
	at PMHwaueiTopX.TopX(PMHwaueiTopX.groovy:915)
	at PMHwaueiTopX.invokeMethod(PMHwaueiTopX.groovy)
	at com.kms.katalon.core.main.CustomKeywordDelegatingMetaClass.invokeStaticMethod(CustomKeywordDelegatingMetaClass.java:55)
	at TopX 2G BSC with LowX.run(TopX 2G BSC with LowX:29)
	at com.kms.katalon.core.main.ScriptEngine.run(ScriptEngine.java:194)
	at com.kms.katalon.core.main.ScriptEngine.runScriptAsRawText(ScriptEngine.java:119)
	at com.kms.katalon.core.main.TestCaseExecutor.runScript(TestCaseExecutor.java:448)
	at com.kms.katalon.core.main.TestCaseExecutor.doExecute(TestCaseExecutor.java:439)
	at com.kms.katalon.core.main.TestCaseExecutor.processExecutionPhase(TestCaseExecutor.java:418)
	at com.kms.katalon.core.main.TestCaseExecutor.accessMainPhase(TestCaseExecutor.java:410)
	at com.kms.katalon.core.main.TestCaseExecutor.execute(TestCaseExecutor.java:285)
	at com.kms.katalon.core.common.CommonExecutor.accessTestCaseMainPhase(CommonExecutor.java:65)
	at com.kms.katalon.core.main.TestSuiteExecutor.accessTestSuiteMainPhase(TestSuiteExecutor.java:148)
	at com.kms.katalon.core.main.TestSuiteExecutor.execute(TestSuiteExecutor.java:106)
	at com.kms.katalon.core.main.TestCaseMain.startTestSuite(TestCaseMain.java:187)
	at com.kms.katalon.core.main.TestCaseMain$startTestSuite$0.call(Unknown Source)
	at TempTestSuite1722766020200.run(TempTestSuite1722766020200.groovy:35)
Caused by: com.kms.katalon.core.webui.exception.WebElementNotFoundException: Web element with id: 'Object Repository/PM/Huawei-vendor/Object-Type/TopX Object Types/TopX BSCs/TopX BSC' located by '//span[@class='ng-star-inserted'][normalize-space()='BSC']' not found
	at com.kms.katalon.core.webui.common.WebUiCommonHelper.findWebElement(WebUiCommonHelper.java:1381)
	at com.kms.katalon.core.webui.keyword.internal.WebUIAbstractKeyword.findWebElement(WebUIAbstractKeyword.groovy:27)
	at com.kms.katalon.core.webui.keyword.builtin.ClickKeyword$_click_closure1.doCall(ClickKeyword.groovy:65)
	at com.kms.katalon.core.webui.keyword.builtin.ClickKeyword$_click_closure1.call(ClickKeyword.groovy)
	at com.kms.katalon.core.webui.keyword.internal.WebUIKeywordMain.runKeyword(WebUIKeywordMain.groovy:20)
	... 22 more
"/>
         <system-out><![CDATA[2024-08-04 13:37:02 - [TEST_CASE][FAILED] - Test Cases/PM/Hwauei/TopX/2G TopX/XBSC/TopX 2G BSC with LowX: Test Cases/PM/Hwauei/TopX/2G TopX/XBSC/TopX 2G BSC with LowX FAILED.
Reason:
com.kms.katalon.core.exception.StepFailedException: Unable to click on object 'Object Repository/PM/Huawei-vendor/Object-Type/TopX Object Types/TopX BSCs/TopX BSC'
	at com.kms.katalon.core.webui.keyword.internal.WebUIKeywordMain.stepFailed(WebUIKeywordMain.groovy:64)
	at com.kms.katalon.core.webui.keyword.internal.WebUIKeywordMain.runKeyword(WebUIKeywordMain.groovy:26)
	at com.kms.katalon.core.webui.keyword.builtin.ClickKeyword.click(ClickKeyword.groovy:74)
	at com.kms.katalon.core.webui.keyword.builtin.ClickKeyword.execute(ClickKeyword.groovy:40)
	at com.kms.katalon.core.keyword.internal.KeywordExecutor.executeKeywordForPlatform(KeywordExecutor.groovy:74)
	at com.kms.katalon.core.webui.keyword.WebUiBuiltInKeywords.click(WebUiBuiltInKeywords.groovy:620)
	at com.kms.katalon.core.webui.keyword.WebUiBuiltInKeywords$click$2.call(Unknown Source)
	at PMHwaueiTopX.TopX(PMHwaueiTopX.groovy:915)
	at PMHwaueiTopX.invokeMethod(PMHwaueiTopX.groovy)
	at com.kms.katalon.core.main.CustomKeywordDelegatingMetaClass.invokeStaticMethod(CustomKeywordDelegatingMetaClass.java:55)
	at TopX 2G BSC with LowX.run(TopX 2G BSC with LowX:29)
	at com.kms.katalon.core.main.ScriptEngine.run(ScriptEngine.java:194)
	at com.kms.katalon.core.main.ScriptEngine.runScriptAsRawText(ScriptEngine.java:119)
	at com.kms.katalon.core.main.TestCaseExecutor.runScript(TestCaseExecutor.java:448)
	at com.kms.katalon.core.main.TestCaseExecutor.doExecute(TestCaseExecutor.java:439)
	at com.kms.katalon.core.main.TestCaseExecutor.processExecutionPhase(TestCaseExecutor.java:418)
	at com.kms.katalon.core.main.TestCaseExecutor.accessMainPhase(TestCaseExecutor.java:410)
	at com.kms.katalon.core.main.TestCaseExecutor.execute(TestCaseExecutor.java:285)
	at com.kms.katalon.core.common.CommonExecutor.accessTestCaseMainPhase(CommonExecutor.java:65)
	at com.kms.katalon.core.main.TestSuiteExecutor.accessTestSuiteMainPhase(TestSuiteExecutor.java:148)
	at com.kms.katalon.core.main.TestSuiteExecutor.execute(TestSuiteExecutor.java:106)
	at com.kms.katalon.core.main.TestCaseMain.startTestSuite(TestCaseMain.java:187)
	at com.kms.katalon.core.main.TestCaseMain$startTestSuite$0.call(Unknown Source)
	at TempTestSuite1722766020200.run(TempTestSuite1722766020200.groovy:35)
Caused by: com.kms.katalon.core.webui.exception.WebElementNotFoundException: Web element with id: 'Object Repository/PM/Huawei-vendor/Object-Type/TopX Object Types/TopX BSCs/TopX BSC' located by '//span[@class='ng-star-inserted'][normalize-space()='BSC']' not found
	at com.kms.katalon.core.webui.common.WebUiCommonHelper.findWebElement(WebUiCommonHelper.java:1381)
	at com.kms.katalon.core.webui.keyword.internal.WebUIAbstractKeyword.findWebElement(WebUIAbstractKeyword.groovy:27)
	at com.kms.katalon.core.webui.keyword.builtin.ClickKeyword$_click_closure1.doCall(ClickKeyword.groovy:65)
	at com.kms.katalon.core.webui.keyword.builtin.ClickKeyword$_click_closure1.call(ClickKeyword.groovy)
	at com.kms.katalon.core.webui.keyword.internal.WebUIKeywordMain.runKeyword(WebUIKeywordMain.groovy:20)
	... 22 more


2024-08-04 13:37:03 - [TEST_STEP][PASSED] - callTestCase(findTestCase("Login"), [:], STOP_ON_FAILURE): Call Test Case 'Test Cases/Login' successfully

2024-08-04 13:37:03 - [TEST_CASE][PASSED] - Test Cases/Login: Test Cases/Login

2024-08-04 13:37:03 - [TEST_STEP][PASSED] - driver = general.start(SwagerURL, NetCellURL): general.start is PASSED

2024-08-04 13:37:03 - [MESSAGE][INFO] - >>> chromeDriverPath=C:\Users\FatimaIbeid\.katalon\packages\Katalon_Studio_Windows_64-8.6.9\Katalon_Studio_Windows_64-8.6.9\configuration\resources\drivers\chromedriver_win32\chromedriver.exe

2024-08-04 13:37:04 - [MESSAGE][PASSED] - Current window maximized

2024-08-04 13:37:05 - [MESSAGE][PASSED] - Execute JavaScript 'window.open();' successfully

2024-08-04 13:37:05 - [MESSAGE][PASSED] - Switched to window with index: '1'

2024-08-04 13:37:17 - [MESSAGE][PASSED] - general.start is PASSED

2024-08-04 13:37:17 - [TEST_STEP][PASSED] - click(findTestObject("Object Repository/Login/LoginButton")): Object: 'Object Repository/Login/LoginButton' is clicked on

2024-08-04 13:37:17 - [MESSAGE][PASSED] - Object: 'Object Repository/Login/LoginButton' is clicked on

2024-08-04 13:37:17 - [TEST_STEP][PASSED] - switchToWindowIndex(2): Switched to window with index: '2'

2024-08-04 13:37:18 - [MESSAGE][PASSED] - Switched to window with index: '2'

2024-08-04 13:37:18 - [TEST_STEP][PASSED] - delay(1): Delayed 1 second(s)

2024-08-04 13:37:19 - [MESSAGE][PASSED] - Delayed 1 second(s)

2024-08-04 13:37:19 - [TEST_STEP][PASSED] - sendKeys(findTestObject("Object Repository/Login/EnterEmail"), "homam@zztjg.onmicrosoft.com"): Keys 'homam@zztjg.onmicrosoft.com' sent to object: 'Object Repository/Login/EnterEmail'

2024-08-04 13:37:21 - [MESSAGE][PASSED] - Keys 'homam@zztjg.onmicrosoft.com' sent to object: 'Object Repository/Login/EnterEmail'

2024-08-04 13:37:21 - [TEST_STEP][PASSED] - delay(1): Delayed 1 second(s)

2024-08-04 13:37:22 - [MESSAGE][PASSED] - Delayed 1 second(s)

2024-08-04 13:37:22 - [TEST_STEP][PASSED] - click(findTestObject("Object Repository/Login/NextButton")): Object: 'Object Repository/Login/NextButton' is clicked on

2024-08-04 13:37:22 - [MESSAGE][PASSED] - Object: 'Object Repository/Login/NextButton' is clicked on

2024-08-04 13:37:22 - [TEST_STEP][PASSED] - delay(2): Delayed 2 second(s)

2024-08-04 13:37:24 - [MESSAGE][PASSED] - Delayed 2 second(s)

2024-08-04 13:37:24 - [TEST_STEP][PASSED] - sendKeys(findTestObject("Object Repository/Login/EnterPassword"), "Holder12345"): Keys 'Holder12345' sent to object: 'Object Repository/Login/EnterPassword'

2024-08-04 13:37:24 - [MESSAGE][PASSED] - Keys 'Holder12345' sent to object: 'Object Repository/Login/EnterPassword'

2024-08-04 13:37:24 - [TEST_STEP][PASSED] - delay(1): Delayed 1 second(s)

2024-08-04 13:37:25 - [MESSAGE][PASSED] - Delayed 1 second(s)

2024-08-04 13:37:25 - [TEST_STEP][PASSED] - click(findTestObject("Object Repository/Login/SigninButton")): Object: 'Object Repository/Login/SigninButton' is clicked on

2024-08-04 13:37:26 - [MESSAGE][PASSED] - Object: 'Object Repository/Login/SigninButton' is clicked on

2024-08-04 13:37:26 - [TEST_STEP][PASSED] - delay(1): Delayed 1 second(s)

2024-08-04 13:37:27 - [MESSAGE][PASSED] - Delayed 1 second(s)

2024-08-04 13:37:27 - [TEST_STEP][PASSED] - click(findTestObject("Object Repository/Login/YesStayInButton")): Object: 'Object Repository/Login/YesStayInButton' is clicked on

2024-08-04 13:37:28 - [MESSAGE][PASSED] - Object: 'Object Repository/Login/YesStayInButton' is clicked on

2024-08-04 13:37:28 - [MESSAGE][PASSED] - Call Test Case 'Test Cases/Login' successfully

2024-08-04 13:37:28 - [TEST_STEP][PASSED] - switchToWindowIndex(1): Switched to window with index: '1'

2024-08-04 13:37:28 - [MESSAGE][PASSED] - Switched to window with index: '1'

2024-08-04 13:37:28 - [TEST_STEP][FAILED] - PMHwaueiTopX.TopX("2G", "BSC", true, "Hourly", true, null): Unable to click on object 'Object Repository/PM/Huawei-vendor/Object-Type/TopX Object Types/TopX BSCs/TopX BSC'

2024-08-04 13:37:30 - [MESSAGE][PASSED] - Object: 'Object Repository/PM/PM-Button' is clicked on

2024-08-04 13:37:30 - [MESSAGE][PASSED] - Switched to window with index: '2'

2024-08-04 13:37:31 - [MESSAGE][PASSED] - Object: 'Object Repository/PM/Huawei-vendor/Data-view/TopX' is clicked on

2024-08-04 13:37:31 - [MESSAGE][PASSED] - Object: 'Object Repository/PM/Huawei-vendor/Technology/Technology-Arrow' is clicked on

2024-08-04 13:37:32 - [MESSAGE][PASSED] - Object: 'Object Repository/PM/Huawei-vendor/Technology/2G' is clicked on

2024-08-04 13:37:32 - [MESSAGE][PASSED] - Object: 'Object Repository/PM/Huawei-vendor/TopX/TopX Object Type' is clicked on

2024-08-04 13:37:33 - [MESSAGE][PASSED] - Delayed 1 second(s)

2024-08-04 13:39:34 - [MESSAGE][INFO] - Unable to find the element located by 'By.xpath: //span[@class='ng-star-inserted'][normalize-space()='BSC']'. Please recheck the objects properties to make sure the desired element is located. 

2024-08-04 13:39:34 - [MESSAGE][FAILED] - Unable to click on object 'Object Repository/PM/Huawei-vendor/Object-Type/TopX Object Types/TopX BSCs/TopX BSC' (Root cause: com.kms.katalon.core.exception.StepFailedException: Unable to click on object 'Object Repository/PM/Huawei-vendor/Object-Type/TopX Object Types/TopX BSCs/TopX BSC'
	at com.kms.katalon.core.webui.keyword.internal.WebUIKeywordMain.stepFailed(WebUIKeywordMain.groovy:64)
	at com.kms.katalon.core.webui.keyword.internal.WebUIKeywordMain.runKeyword(WebUIKeywordMain.groovy:26)
	at com.kms.katalon.core.webui.keyword.builtin.ClickKeyword.click(ClickKeyword.groovy:74)
	at com.kms.katalon.core.webui.keyword.builtin.ClickKeyword.execute(ClickKeyword.groovy:40)
	at com.kms.katalon.core.keyword.internal.KeywordExecutor.executeKeywordForPlatform(KeywordExecutor.groovy:74)
	at com.kms.katalon.core.webui.keyword.WebUiBuiltInKeywords.click(WebUiBuiltInKeywords.groovy:620)
	at com.kms.katalon.core.webui.keyword.WebUiBuiltInKeywords$click$2.call(Unknown Source)
	at PMHwaueiTopX.TopX(PMHwaueiTopX.groovy:915)
	at PMHwaueiTopX.invokeMethod(PMHwaueiTopX.groovy)
	at com.kms.katalon.core.main.CustomKeywordDelegatingMetaClass.invokeStaticMethod(CustomKeywordDelegatingMetaClass.java:55)
	at TopX 2G BSC with LowX.run(TopX 2G BSC with LowX:29)
	at com.kms.katalon.core.main.ScriptEngine.run(ScriptEngine.java:194)
	at com.kms.katalon.core.main.ScriptEngine.runScriptAsRawText(ScriptEngine.java:119)
	at com.kms.katalon.core.main.TestCaseExecutor.runScript(TestCaseExecutor.java:448)
	at com.kms.katalon.core.main.TestCaseExecutor.doExecute(TestCaseExecutor.java:439)
	at com.kms.katalon.core.main.TestCaseExecutor.processExecutionPhase(TestCaseExecutor.java:418)
	at com.kms.katalon.core.main.TestCaseExecutor.accessMainPhase(TestCaseExecutor.java:410)
	at com.kms.katalon.core.main.TestCaseExecutor.execute(TestCaseExecutor.java:285)
	at com.kms.katalon.core.common.CommonExecutor.accessTestCaseMainPhase(CommonExecutor.java:65)
	at com.kms.katalon.core.main.TestSuiteExecutor.accessTestSuiteMainPhase(TestSuiteExecutor.java:148)
	at com.kms.katalon.core.main.TestSuiteExecutor.execute(TestSuiteExecutor.java:106)
	at com.kms.katalon.core.main.TestCaseMain.startTestSuite(TestCaseMain.java:187)
	at com.kms.katalon.core.main.TestCaseMain$startTestSuite$0.call(Unknown Source)
	at TempTestSuite1722766020200.run(TempTestSuite1722766020200.groovy:35)
Caused by: com.kms.katalon.core.webui.exception.WebElementNotFoundException: Web element with id: 'Object Repository/PM/Huawei-vendor/Object-Type/TopX Object Types/TopX BSCs/TopX BSC' located by '//span[@class='ng-star-inserted'][normalize-space()='BSC']' not found
	at com.kms.katalon.core.webui.common.WebUiCommonHelper.findWebElement(WebUiCommonHelper.java:1381)
	at com.kms.katalon.core.webui.keyword.internal.WebUIAbstractKeyword.findWebElement(WebUIAbstractKeyword.groovy:27)
	at com.kms.katalon.core.webui.keyword.builtin.ClickKeyword$_click_closure1.doCall(ClickKeyword.groovy:65)
	at com.kms.katalon.core.webui.keyword.builtin.ClickKeyword$_click_closure1.call(ClickKeyword.groovy)
	at com.kms.katalon.core.webui.keyword.internal.WebUIKeywordMain.runKeyword(WebUIKeywordMain.groovy:20)
	at com.kms.katalon.core.webui.keyword.builtin.ClickKeyword.click(ClickKeyword.groovy:74)
	at com.kms.katalon.core.webui.keyword.builtin.ClickKeyword.execute(ClickKeyword.groovy:40)
	at com.kms.katalon.core.keyword.internal.KeywordExecutor.executeKeywordForPlatform(KeywordExecutor.groovy:74)
	at com.kms.katalon.core.webui.keyword.WebUiBuiltInKeywords.click(WebUiBuiltInKeywords.groovy:620)
	at com.kms.katalon.core.webui.keyword.WebUiBuiltInKeywords$click$2.call(Unknown Source)
	at PMHwaueiTopX.TopX(PMHwaueiTopX.groovy:915)
	at PMHwaueiTopX.invokeMethod(PMHwaueiTopX.groovy)
	at com.kms.katalon.core.main.CustomKeywordDelegatingMetaClass.invokeStaticMethod(CustomKeywordDelegatingMetaClass.java:55)
	at Script1722255116518.run(Script1722255116518.groovy:29)
	... 13 more
)
[[ATTACHMENT|C:\\Users\\FatimaIbeid\\git\\NetCell\\Reports\\20240804_130700\\PM\\Hwauei\\TopX\\Regression TopX 2G\\20240804_130700\\1722767974483.png]]

2024-08-04 13:39:34 - [MESSAGE][FAILED] - Unable to click on object 'Object Repository/PM/Huawei-vendor/Object-Type/TopX Object Types/TopX BSCs/TopX BSC']]></system-out>
         <system-err><![CDATA[2024-08-04 13:37:02 - [TEST_CASE][FAILED] - Test Cases/PM/Hwauei/TopX/2G TopX/XBSC/TopX 2G BSC with LowX: Test Cases/PM/Hwauei/TopX/2G TopX/XBSC/TopX 2G BSC with LowX FAILED.
Reason:
com.kms.katalon.core.exception.StepFailedException: Unable to click on object 'Object Repository/PM/Huawei-vendor/Object-Type/TopX Object Types/TopX BSCs/TopX BSC'
	at com.kms.katalon.core.webui.keyword.internal.WebUIKeywordMain.stepFailed(WebUIKeywordMain.groovy:64)
	at com.kms.katalon.core.webui.keyword.internal.WebUIKeywordMain.runKeyword(WebUIKeywordMain.groovy:26)
	at com.kms.katalon.core.webui.keyword.builtin.ClickKeyword.click(ClickKeyword.groovy:74)
	at com.kms.katalon.core.webui.keyword.builtin.ClickKeyword.execute(ClickKeyword.groovy:40)
	at com.kms.katalon.core.keyword.internal.KeywordExecutor.executeKeywordForPlatform(KeywordExecutor.groovy:74)
	at com.kms.katalon.core.webui.keyword.WebUiBuiltInKeywords.click(WebUiBuiltInKeywords.groovy:620)
	at com.kms.katalon.core.webui.keyword.WebUiBuiltInKeywords$click$2.call(Unknown Source)
	at PMHwaueiTopX.TopX(PMHwaueiTopX.groovy:915)
	at PMHwaueiTopX.invokeMethod(PMHwaueiTopX.groovy)
	at com.kms.katalon.core.main.CustomKeywordDelegatingMetaClass.invokeStaticMethod(CustomKeywordDelegatingMetaClass.java:55)
	at TopX 2G BSC with LowX.run(TopX 2G BSC with LowX:29)
	at com.kms.katalon.core.main.ScriptEngine.run(ScriptEngine.java:194)
	at com.kms.katalon.core.main.ScriptEngine.runScriptAsRawText(ScriptEngine.java:119)
	at com.kms.katalon.core.main.TestCaseExecutor.runScript(TestCaseExecutor.java:448)
	at com.kms.katalon.core.main.TestCaseExecutor.doExecute(TestCaseExecutor.java:439)
	at com.kms.katalon.core.main.TestCaseExecutor.processExecutionPhase(TestCaseExecutor.java:418)
	at com.kms.katalon.core.main.TestCaseExecutor.accessMainPhase(TestCaseExecutor.java:410)
	at com.kms.katalon.core.main.TestCaseExecutor.execute(TestCaseExecutor.java:285)
	at com.kms.katalon.core.common.CommonExecutor.accessTestCaseMainPhase(CommonExecutor.java:65)
	at com.kms.katalon.core.main.TestSuiteExecutor.accessTestSuiteMainPhase(TestSuiteExecutor.java:148)
	at com.kms.katalon.core.main.TestSuiteExecutor.execute(TestSuiteExecutor.java:106)
	at com.kms.katalon.core.main.TestCaseMain.startTestSuite(TestCaseMain.java:187)
	at com.kms.katalon.core.main.TestCaseMain$startTestSuite$0.call(Unknown Source)
	at TempTestSuite1722766020200.run(TempTestSuite1722766020200.groovy:35)
Caused by: com.kms.katalon.core.webui.exception.WebElementNotFoundException: Web element with id: 'Object Repository/PM/Huawei-vendor/Object-Type/TopX Object Types/TopX BSCs/TopX BSC' located by '//span[@class='ng-star-inserted'][normalize-space()='BSC']' not found
	at com.kms.katalon.core.webui.common.WebUiCommonHelper.findWebElement(WebUiCommonHelper.java:1381)
	at com.kms.katalon.core.webui.keyword.internal.WebUIAbstractKeyword.findWebElement(WebUIAbstractKeyword.groovy:27)
	at com.kms.katalon.core.webui.keyword.builtin.ClickKeyword$_click_closure1.doCall(ClickKeyword.groovy:65)
	at com.kms.katalon.core.webui.keyword.builtin.ClickKeyword$_click_closure1.call(ClickKeyword.groovy)
	at com.kms.katalon.core.webui.keyword.internal.WebUIKeywordMain.runKeyword(WebUIKeywordMain.groovy:20)
	... 22 more]]></system-err>
      </testcase>
      <testcase name="Test Cases/PM/Hwauei/TopX/2G TopX/XBSC/TopX 2G BSC Daily" time="149.764" classname="Test Cases/PM/Hwauei/TopX/2G TopX/XBSC/TopX 2G BSC Daily" status="FAILED">
         <failure type="FAILED" message="Test Cases/PM/Hwauei/TopX/2G TopX/XBSC/TopX 2G BSC Daily FAILED.
Reason:
com.kms.katalon.core.exception.StepFailedException: Unable to click on object 'Object Repository/PM/Huawei-vendor/Object-Type/TopX Object Types/TopX BSCs/TopX BSC'
	at com.kms.katalon.core.webui.keyword.internal.WebUIKeywordMain.stepFailed(WebUIKeywordMain.groovy:64)
	at com.kms.katalon.core.webui.keyword.internal.WebUIKeywordMain.runKeyword(WebUIKeywordMain.groovy:26)
	at com.kms.katalon.core.webui.keyword.builtin.ClickKeyword.click(ClickKeyword.groovy:74)
	at com.kms.katalon.core.webui.keyword.builtin.ClickKeyword.execute(ClickKeyword.groovy:40)
	at com.kms.katalon.core.keyword.internal.KeywordExecutor.executeKeywordForPlatform(KeywordExecutor.groovy:74)
	at com.kms.katalon.core.webui.keyword.WebUiBuiltInKeywords.click(WebUiBuiltInKeywords.groovy:620)
	at com.kms.katalon.core.webui.keyword.WebUiBuiltInKeywords$click$2.call(Unknown Source)
	at PMHwaueiTopX.TopX(PMHwaueiTopX.groovy:915)
	at PMHwaueiTopX.invokeMethod(PMHwaueiTopX.groovy)
	at com.kms.katalon.core.main.CustomKeywordDelegatingMetaClass.invokeStaticMethod(CustomKeywordDelegatingMetaClass.java:55)
	at TopX 2G BSC Daily.run(TopX 2G BSC Daily:29)
	at com.kms.katalon.core.main.ScriptEngine.run(ScriptEngine.java:194)
	at com.kms.katalon.core.main.ScriptEngine.runScriptAsRawText(ScriptEngine.java:119)
	at com.kms.katalon.core.main.TestCaseExecutor.runScript(TestCaseExecutor.java:448)
	at com.kms.katalon.core.main.TestCaseExecutor.doExecute(TestCaseExecutor.java:439)
	at com.kms.katalon.core.main.TestCaseExecutor.processExecutionPhase(TestCaseExecutor.java:418)
	at com.kms.katalon.core.main.TestCaseExecutor.accessMainPhase(TestCaseExecutor.java:410)
	at com.kms.katalon.core.main.TestCaseExecutor.execute(TestCaseExecutor.java:285)
	at com.kms.katalon.core.common.CommonExecutor.accessTestCaseMainPhase(CommonExecutor.java:65)
	at com.kms.katalon.core.main.TestSuiteExecutor.accessTestSuiteMainPhase(TestSuiteExecutor.java:148)
	at com.kms.katalon.core.main.TestSuiteExecutor.execute(TestSuiteExecutor.java:106)
	at com.kms.katalon.core.main.TestCaseMain.startTestSuite(TestCaseMain.java:187)
	at com.kms.katalon.core.main.TestCaseMain$startTestSuite$0.call(Unknown Source)
	at TempTestSuite1722766020200.run(TempTestSuite1722766020200.groovy:35)
Caused by: com.kms.katalon.core.webui.exception.WebElementNotFoundException: Web element with id: 'Object Repository/PM/Huawei-vendor/Object-Type/TopX Object Types/TopX BSCs/TopX BSC' located by '//span[@class='ng-star-inserted'][normalize-space()='BSC']' not found
	at com.kms.katalon.core.webui.common.WebUiCommonHelper.findWebElement(WebUiCommonHelper.java:1381)
	at com.kms.katalon.core.webui.keyword.internal.WebUIAbstractKeyword.findWebElement(WebUIAbstractKeyword.groovy:27)
	at com.kms.katalon.core.webui.keyword.builtin.ClickKeyword$_click_closure1.doCall(ClickKeyword.groovy:65)
	at com.kms.katalon.core.webui.keyword.builtin.ClickKeyword$_click_closure1.call(ClickKeyword.groovy)
	at com.kms.katalon.core.webui.keyword.internal.WebUIKeywordMain.runKeyword(WebUIKeywordMain.groovy:20)
	... 22 more
"/>
         <system-out><![CDATA[2024-08-04 13:39:34 - [TEST_CASE][FAILED] - Test Cases/PM/Hwauei/TopX/2G TopX/XBSC/TopX 2G BSC Daily: Test Cases/PM/Hwauei/TopX/2G TopX/XBSC/TopX 2G BSC Daily FAILED.
Reason:
com.kms.katalon.core.exception.StepFailedException: Unable to click on object 'Object Repository/PM/Huawei-vendor/Object-Type/TopX Object Types/TopX BSCs/TopX BSC'
	at com.kms.katalon.core.webui.keyword.internal.WebUIKeywordMain.stepFailed(WebUIKeywordMain.groovy:64)
	at com.kms.katalon.core.webui.keyword.internal.WebUIKeywordMain.runKeyword(WebUIKeywordMain.groovy:26)
	at com.kms.katalon.core.webui.keyword.builtin.ClickKeyword.click(ClickKeyword.groovy:74)
	at com.kms.katalon.core.webui.keyword.builtin.ClickKeyword.execute(ClickKeyword.groovy:40)
	at com.kms.katalon.core.keyword.internal.KeywordExecutor.executeKeywordForPlatform(KeywordExecutor.groovy:74)
	at com.kms.katalon.core.webui.keyword.WebUiBuiltInKeywords.click(WebUiBuiltInKeywords.groovy:620)
	at com.kms.katalon.core.webui.keyword.WebUiBuiltInKeywords$click$2.call(Unknown Source)
	at PMHwaueiTopX.TopX(PMHwaueiTopX.groovy:915)
	at PMHwaueiTopX.invokeMethod(PMHwaueiTopX.groovy)
	at com.kms.katalon.core.main.CustomKeywordDelegatingMetaClass.invokeStaticMethod(CustomKeywordDelegatingMetaClass.java:55)
	at TopX 2G BSC Daily.run(TopX 2G BSC Daily:29)
	at com.kms.katalon.core.main.ScriptEngine.run(ScriptEngine.java:194)
	at com.kms.katalon.core.main.ScriptEngine.runScriptAsRawText(ScriptEngine.java:119)
	at com.kms.katalon.core.main.TestCaseExecutor.runScript(TestCaseExecutor.java:448)
	at com.kms.katalon.core.main.TestCaseExecutor.doExecute(TestCaseExecutor.java:439)
	at com.kms.katalon.core.main.TestCaseExecutor.processExecutionPhase(TestCaseExecutor.java:418)
	at com.kms.katalon.core.main.TestCaseExecutor.accessMainPhase(TestCaseExecutor.java:410)
	at com.kms.katalon.core.main.TestCaseExecutor.execute(TestCaseExecutor.java:285)
	at com.kms.katalon.core.common.CommonExecutor.accessTestCaseMainPhase(CommonExecutor.java:65)
	at com.kms.katalon.core.main.TestSuiteExecutor.accessTestSuiteMainPhase(TestSuiteExecutor.java:148)
	at com.kms.katalon.core.main.TestSuiteExecutor.execute(TestSuiteExecutor.java:106)
	at com.kms.katalon.core.main.TestCaseMain.startTestSuite(TestCaseMain.java:187)
	at com.kms.katalon.core.main.TestCaseMain$startTestSuite$0.call(Unknown Source)
	at TempTestSuite1722766020200.run(TempTestSuite1722766020200.groovy:35)
Caused by: com.kms.katalon.core.webui.exception.WebElementNotFoundException: Web element with id: 'Object Repository/PM/Huawei-vendor/Object-Type/TopX Object Types/TopX BSCs/TopX BSC' located by '//span[@class='ng-star-inserted'][normalize-space()='BSC']' not found
	at com.kms.katalon.core.webui.common.WebUiCommonHelper.findWebElement(WebUiCommonHelper.java:1381)
	at com.kms.katalon.core.webui.keyword.internal.WebUIAbstractKeyword.findWebElement(WebUIAbstractKeyword.groovy:27)
	at com.kms.katalon.core.webui.keyword.builtin.ClickKeyword$_click_closure1.doCall(ClickKeyword.groovy:65)
	at com.kms.katalon.core.webui.keyword.builtin.ClickKeyword$_click_closure1.call(ClickKeyword.groovy)
	at com.kms.katalon.core.webui.keyword.internal.WebUIKeywordMain.runKeyword(WebUIKeywordMain.groovy:20)
	... 22 more


2024-08-04 13:39:34 - [TEST_STEP][PASSED] - callTestCase(findTestCase("Login"), [:], STOP_ON_FAILURE): Call Test Case 'Test Cases/Login' successfully

2024-08-04 13:39:34 - [TEST_CASE][PASSED] - Test Cases/Login: Test Cases/Login

2024-08-04 13:39:35 - [TEST_STEP][PASSED] - driver = general.start(SwagerURL, NetCellURL): general.start is PASSED

2024-08-04 13:39:35 - [MESSAGE][INFO] - >>> chromeDriverPath=C:\Users\FatimaIbeid\.katalon\packages\Katalon_Studio_Windows_64-8.6.9\Katalon_Studio_Windows_64-8.6.9\configuration\resources\drivers\chromedriver_win32\chromedriver.exe

2024-08-04 13:39:36 - [MESSAGE][PASSED] - Current window maximized

2024-08-04 13:39:36 - [MESSAGE][PASSED] - Execute JavaScript 'window.open();' successfully

2024-08-04 13:39:36 - [MESSAGE][PASSED] - Switched to window with index: '1'

2024-08-04 13:39:49 - [MESSAGE][PASSED] - general.start is PASSED

2024-08-04 13:39:49 - [TEST_STEP][PASSED] - click(findTestObject("Object Repository/Login/LoginButton")): Object: 'Object Repository/Login/LoginButton' is clicked on

2024-08-04 13:39:49 - [MESSAGE][PASSED] - Object: 'Object Repository/Login/LoginButton' is clicked on

2024-08-04 13:39:49 - [TEST_STEP][PASSED] - switchToWindowIndex(2): Switched to window with index: '2'

2024-08-04 13:39:49 - [MESSAGE][PASSED] - Switched to window with index: '2'

2024-08-04 13:39:49 - [TEST_STEP][PASSED] - delay(1): Delayed 1 second(s)

2024-08-04 13:39:50 - [MESSAGE][PASSED] - Delayed 1 second(s)

2024-08-04 13:39:50 - [TEST_STEP][PASSED] - sendKeys(findTestObject("Object Repository/Login/EnterEmail"), "homam@zztjg.onmicrosoft.com"): Keys 'homam@zztjg.onmicrosoft.com' sent to object: 'Object Repository/Login/EnterEmail'

2024-08-04 13:39:51 - [MESSAGE][PASSED] - Keys 'homam@zztjg.onmicrosoft.com' sent to object: 'Object Repository/Login/EnterEmail'

2024-08-04 13:39:51 - [TEST_STEP][PASSED] - delay(1): Delayed 1 second(s)

2024-08-04 13:39:52 - [MESSAGE][PASSED] - Delayed 1 second(s)

2024-08-04 13:39:52 - [TEST_STEP][PASSED] - click(findTestObject("Object Repository/Login/NextButton")): Object: 'Object Repository/Login/NextButton' is clicked on

2024-08-04 13:39:53 - [MESSAGE][PASSED] - Object: 'Object Repository/Login/NextButton' is clicked on

2024-08-04 13:39:53 - [TEST_STEP][PASSED] - delay(2): Delayed 2 second(s)

2024-08-04 13:39:55 - [MESSAGE][PASSED] - Delayed 2 second(s)

2024-08-04 13:39:55 - [TEST_STEP][PASSED] - sendKeys(findTestObject("Object Repository/Login/EnterPassword"), "Holder12345"): Keys 'Holder12345' sent to object: 'Object Repository/Login/EnterPassword'

2024-08-04 13:39:55 - [MESSAGE][PASSED] - Keys 'Holder12345' sent to object: 'Object Repository/Login/EnterPassword'

2024-08-04 13:39:55 - [TEST_STEP][PASSED] - delay(1): Delayed 1 second(s)

2024-08-04 13:39:56 - [MESSAGE][PASSED] - Delayed 1 second(s)

2024-08-04 13:39:56 - [TEST_STEP][PASSED] - click(findTestObject("Object Repository/Login/SigninButton")): Object: 'Object Repository/Login/SigninButton' is clicked on

2024-08-04 13:39:56 - [MESSAGE][PASSED] - Object: 'Object Repository/Login/SigninButton' is clicked on

2024-08-04 13:39:56 - [TEST_STEP][PASSED] - delay(1): Delayed 1 second(s)

2024-08-04 13:39:57 - [MESSAGE][PASSED] - Delayed 1 second(s)

2024-08-04 13:39:57 - [TEST_STEP][PASSED] - click(findTestObject("Object Repository/Login/YesStayInButton")): Object: 'Object Repository/Login/YesStayInButton' is clicked on

2024-08-04 13:39:58 - [MESSAGE][PASSED] - Object: 'Object Repository/Login/YesStayInButton' is clicked on

2024-08-04 13:39:58 - [MESSAGE][PASSED] - Call Test Case 'Test Cases/Login' successfully

2024-08-04 13:39:58 - [TEST_STEP][PASSED] - switchToWindowIndex(1): Switched to window with index: '1'

2024-08-04 13:39:58 - [MESSAGE][PASSED] - Switched to window with index: '1'

2024-08-04 13:39:58 - [TEST_STEP][FAILED] - PMHwaueiTopX.TopX("2G", "BSC", false, "Daily", false, null): Unable to click on object 'Object Repository/PM/Huawei-vendor/Object-Type/TopX Object Types/TopX BSCs/TopX BSC'

2024-08-04 13:39:59 - [MESSAGE][PASSED] - Object: 'Object Repository/PM/PM-Button' is clicked on

2024-08-04 13:39:59 - [MESSAGE][PASSED] - Switched to window with index: '2'

2024-08-04 13:40:01 - [MESSAGE][PASSED] - Object: 'Object Repository/PM/Huawei-vendor/Data-view/TopX' is clicked on

2024-08-04 13:40:01 - [MESSAGE][PASSED] - Object: 'Object Repository/PM/Huawei-vendor/Technology/Technology-Arrow' is clicked on

2024-08-04 13:40:01 - [MESSAGE][PASSED] - Object: 'Object Repository/PM/Huawei-vendor/Technology/2G' is clicked on

2024-08-04 13:40:01 - [MESSAGE][PASSED] - Object: 'Object Repository/PM/Huawei-vendor/TopX/TopX Object Type' is clicked on

2024-08-04 13:40:02 - [MESSAGE][PASSED] - Delayed 1 second(s)

2024-08-04 13:42:03 - [MESSAGE][INFO] - Unable to find the element located by 'By.xpath: //span[@class='ng-star-inserted'][normalize-space()='BSC']'. Please recheck the objects properties to make sure the desired element is located. 

2024-08-04 13:42:04 - [MESSAGE][FAILED] - Unable to click on object 'Object Repository/PM/Huawei-vendor/Object-Type/TopX Object Types/TopX BSCs/TopX BSC' (Root cause: com.kms.katalon.core.exception.StepFailedException: Unable to click on object 'Object Repository/PM/Huawei-vendor/Object-Type/TopX Object Types/TopX BSCs/TopX BSC'
	at com.kms.katalon.core.webui.keyword.internal.WebUIKeywordMain.stepFailed(WebUIKeywordMain.groovy:64)
	at com.kms.katalon.core.webui.keyword.internal.WebUIKeywordMain.runKeyword(WebUIKeywordMain.groovy:26)
	at com.kms.katalon.core.webui.keyword.builtin.ClickKeyword.click(ClickKeyword.groovy:74)
	at com.kms.katalon.core.webui.keyword.builtin.ClickKeyword.execute(ClickKeyword.groovy:40)
	at com.kms.katalon.core.keyword.internal.KeywordExecutor.executeKeywordForPlatform(KeywordExecutor.groovy:74)
	at com.kms.katalon.core.webui.keyword.WebUiBuiltInKeywords.click(WebUiBuiltInKeywords.groovy:620)
	at com.kms.katalon.core.webui.keyword.WebUiBuiltInKeywords$click$2.call(Unknown Source)
	at PMHwaueiTopX.TopX(PMHwaueiTopX.groovy:915)
	at PMHwaueiTopX.invokeMethod(PMHwaueiTopX.groovy)
	at com.kms.katalon.core.main.CustomKeywordDelegatingMetaClass.invokeStaticMethod(CustomKeywordDelegatingMetaClass.java:55)
	at TopX 2G BSC Daily.run(TopX 2G BSC Daily:29)
	at com.kms.katalon.core.main.ScriptEngine.run(ScriptEngine.java:194)
	at com.kms.katalon.core.main.ScriptEngine.runScriptAsRawText(ScriptEngine.java:119)
	at com.kms.katalon.core.main.TestCaseExecutor.runScript(TestCaseExecutor.java:448)
	at com.kms.katalon.core.main.TestCaseExecutor.doExecute(TestCaseExecutor.java:439)
	at com.kms.katalon.core.main.TestCaseExecutor.processExecutionPhase(TestCaseExecutor.java:418)
	at com.kms.katalon.core.main.TestCaseExecutor.accessMainPhase(TestCaseExecutor.java:410)
	at com.kms.katalon.core.main.TestCaseExecutor.execute(TestCaseExecutor.java:285)
	at com.kms.katalon.core.common.CommonExecutor.accessTestCaseMainPhase(CommonExecutor.java:65)
	at com.kms.katalon.core.main.TestSuiteExecutor.accessTestSuiteMainPhase(TestSuiteExecutor.java:148)
	at com.kms.katalon.core.main.TestSuiteExecutor.execute(TestSuiteExecutor.java:106)
	at com.kms.katalon.core.main.TestCaseMain.startTestSuite(TestCaseMain.java:187)
	at com.kms.katalon.core.main.TestCaseMain$startTestSuite$0.call(Unknown Source)
	at TempTestSuite1722766020200.run(TempTestSuite1722766020200.groovy:35)
Caused by: com.kms.katalon.core.webui.exception.WebElementNotFoundException: Web element with id: 'Object Repository/PM/Huawei-vendor/Object-Type/TopX Object Types/TopX BSCs/TopX BSC' located by '//span[@class='ng-star-inserted'][normalize-space()='BSC']' not found
	at com.kms.katalon.core.webui.common.WebUiCommonHelper.findWebElement(WebUiCommonHelper.java:1381)
	at com.kms.katalon.core.webui.keyword.internal.WebUIAbstractKeyword.findWebElement(WebUIAbstractKeyword.groovy:27)
	at com.kms.katalon.core.webui.keyword.builtin.ClickKeyword$_click_closure1.doCall(ClickKeyword.groovy:65)
	at com.kms.katalon.core.webui.keyword.builtin.ClickKeyword$_click_closure1.call(ClickKeyword.groovy)
	at com.kms.katalon.core.webui.keyword.internal.WebUIKeywordMain.runKeyword(WebUIKeywordMain.groovy:20)
	at com.kms.katalon.core.webui.keyword.builtin.ClickKeyword.click(ClickKeyword.groovy:74)
	at com.kms.katalon.core.webui.keyword.builtin.ClickKeyword.execute(ClickKeyword.groovy:40)
	at com.kms.katalon.core.keyword.internal.KeywordExecutor.executeKeywordForPlatform(KeywordExecutor.groovy:74)
	at com.kms.katalon.core.webui.keyword.WebUiBuiltInKeywords.click(WebUiBuiltInKeywords.groovy:620)
	at com.kms.katalon.core.webui.keyword.WebUiBuiltInKeywords$click$2.call(Unknown Source)
	at PMHwaueiTopX.TopX(PMHwaueiTopX.groovy:915)
	at PMHwaueiTopX.invokeMethod(PMHwaueiTopX.groovy)
	at com.kms.katalon.core.main.CustomKeywordDelegatingMetaClass.invokeStaticMethod(CustomKeywordDelegatingMetaClass.java:55)
	at Script1722342327041.run(Script1722342327041.groovy:29)
	... 13 more
)
[[ATTACHMENT|C:\\Users\\FatimaIbeid\\git\\NetCell\\Reports\\20240804_130700\\PM\\Hwauei\\TopX\\Regression TopX 2G\\20240804_130700\\1722768123911.png]]

2024-08-04 13:42:04 - [MESSAGE][FAILED] - Unable to click on object 'Object Repository/PM/Huawei-vendor/Object-Type/TopX Object Types/TopX BSCs/TopX BSC']]></system-out>
         <system-err><![CDATA[2024-08-04 13:39:34 - [TEST_CASE][FAILED] - Test Cases/PM/Hwauei/TopX/2G TopX/XBSC/TopX 2G BSC Daily: Test Cases/PM/Hwauei/TopX/2G TopX/XBSC/TopX 2G BSC Daily FAILED.
Reason:
com.kms.katalon.core.exception.StepFailedException: Unable to click on object 'Object Repository/PM/Huawei-vendor/Object-Type/TopX Object Types/TopX BSCs/TopX BSC'
	at com.kms.katalon.core.webui.keyword.internal.WebUIKeywordMain.stepFailed(WebUIKeywordMain.groovy:64)
	at com.kms.katalon.core.webui.keyword.internal.WebUIKeywordMain.runKeyword(WebUIKeywordMain.groovy:26)
	at com.kms.katalon.core.webui.keyword.builtin.ClickKeyword.click(ClickKeyword.groovy:74)
	at com.kms.katalon.core.webui.keyword.builtin.ClickKeyword.execute(ClickKeyword.groovy:40)
	at com.kms.katalon.core.keyword.internal.KeywordExecutor.executeKeywordForPlatform(KeywordExecutor.groovy:74)
	at com.kms.katalon.core.webui.keyword.WebUiBuiltInKeywords.click(WebUiBuiltInKeywords.groovy:620)
	at com.kms.katalon.core.webui.keyword.WebUiBuiltInKeywords$click$2.call(Unknown Source)
	at PMHwaueiTopX.TopX(PMHwaueiTopX.groovy:915)
	at PMHwaueiTopX.invokeMethod(PMHwaueiTopX.groovy)
	at com.kms.katalon.core.main.CustomKeywordDelegatingMetaClass.invokeStaticMethod(CustomKeywordDelegatingMetaClass.java:55)
	at TopX 2G BSC Daily.run(TopX 2G BSC Daily:29)
	at com.kms.katalon.core.main.ScriptEngine.run(ScriptEngine.java:194)
	at com.kms.katalon.core.main.ScriptEngine.runScriptAsRawText(ScriptEngine.java:119)
	at com.kms.katalon.core.main.TestCaseExecutor.runScript(TestCaseExecutor.java:448)
	at com.kms.katalon.core.main.TestCaseExecutor.doExecute(TestCaseExecutor.java:439)
	at com.kms.katalon.core.main.TestCaseExecutor.processExecutionPhase(TestCaseExecutor.java:418)
	at com.kms.katalon.core.main.TestCaseExecutor.accessMainPhase(TestCaseExecutor.java:410)
	at com.kms.katalon.core.main.TestCaseExecutor.execute(TestCaseExecutor.java:285)
	at com.kms.katalon.core.common.CommonExecutor.accessTestCaseMainPhase(CommonExecutor.java:65)
	at com.kms.katalon.core.main.TestSuiteExecutor.accessTestSuiteMainPhase(TestSuiteExecutor.java:148)
	at com.kms.katalon.core.main.TestSuiteExecutor.execute(TestSuiteExecutor.java:106)
	at com.kms.katalon.core.main.TestCaseMain.startTestSuite(TestCaseMain.java:187)
	at com.kms.katalon.core.main.TestCaseMain$startTestSuite$0.call(Unknown Source)
	at TempTestSuite1722766020200.run(TempTestSuite1722766020200.groovy:35)
Caused by: com.kms.katalon.core.webui.exception.WebElementNotFoundException: Web element with id: 'Object Repository/PM/Huawei-vendor/Object-Type/TopX Object Types/TopX BSCs/TopX BSC' located by '//span[@class='ng-star-inserted'][normalize-space()='BSC']' not found
	at com.kms.katalon.core.webui.common.WebUiCommonHelper.findWebElement(WebUiCommonHelper.java:1381)
	at com.kms.katalon.core.webui.keyword.internal.WebUIAbstractKeyword.findWebElement(WebUIAbstractKeyword.groovy:27)
	at com.kms.katalon.core.webui.keyword.builtin.ClickKeyword$_click_closure1.doCall(ClickKeyword.groovy:65)
	at com.kms.katalon.core.webui.keyword.builtin.ClickKeyword$_click_closure1.call(ClickKeyword.groovy)
	at com.kms.katalon.core.webui.keyword.internal.WebUIKeywordMain.runKeyword(WebUIKeywordMain.groovy:20)
	... 22 more]]></system-err>
      </testcase>
      <testcase name="Test Cases/PM/Hwauei/TopX/2G TopX/XBSC/TopX 2G BSC DailyBH" time="147.541" classname="Test Cases/PM/Hwauei/TopX/2G TopX/XBSC/TopX 2G BSC DailyBH" status="FAILED">
         <failure type="FAILED" message="Test Cases/PM/Hwauei/TopX/2G TopX/XBSC/TopX 2G BSC DailyBH FAILED.
Reason:
com.kms.katalon.core.exception.StepFailedException: Unable to click on object 'Object Repository/PM/Huawei-vendor/Object-Type/TopX Object Types/TopX BSCs/TopX BSC'
	at com.kms.katalon.core.webui.keyword.internal.WebUIKeywordMain.stepFailed(WebUIKeywordMain.groovy:64)
	at com.kms.katalon.core.webui.keyword.internal.WebUIKeywordMain.runKeyword(WebUIKeywordMain.groovy:26)
	at com.kms.katalon.core.webui.keyword.builtin.ClickKeyword.click(ClickKeyword.groovy:74)
	at com.kms.katalon.core.webui.keyword.builtin.ClickKeyword.execute(ClickKeyword.groovy:40)
	at com.kms.katalon.core.keyword.internal.KeywordExecutor.executeKeywordForPlatform(KeywordExecutor.groovy:74)
	at com.kms.katalon.core.webui.keyword.WebUiBuiltInKeywords.click(WebUiBuiltInKeywords.groovy:620)
	at com.kms.katalon.core.webui.keyword.WebUiBuiltInKeywords$click$2.call(Unknown Source)
	at PMHwaueiTopX.TopX(PMHwaueiTopX.groovy:915)
	at PMHwaueiTopX.invokeMethod(PMHwaueiTopX.groovy)
	at com.kms.katalon.core.main.CustomKeywordDelegatingMetaClass.invokeStaticMethod(CustomKeywordDelegatingMetaClass.java:55)
	at TopX 2G BSC DailyBH.run(TopX 2G BSC DailyBH:29)
	at com.kms.katalon.core.main.ScriptEngine.run(ScriptEngine.java:194)
	at com.kms.katalon.core.main.ScriptEngine.runScriptAsRawText(ScriptEngine.java:119)
	at com.kms.katalon.core.main.TestCaseExecutor.runScript(TestCaseExecutor.java:448)
	at com.kms.katalon.core.main.TestCaseExecutor.doExecute(TestCaseExecutor.java:439)
	at com.kms.katalon.core.main.TestCaseExecutor.processExecutionPhase(TestCaseExecutor.java:418)
	at com.kms.katalon.core.main.TestCaseExecutor.accessMainPhase(TestCaseExecutor.java:410)
	at com.kms.katalon.core.main.TestCaseExecutor.execute(TestCaseExecutor.java:285)
	at com.kms.katalon.core.common.CommonExecutor.accessTestCaseMainPhase(CommonExecutor.java:65)
	at com.kms.katalon.core.main.TestSuiteExecutor.accessTestSuiteMainPhase(TestSuiteExecutor.java:148)
	at com.kms.katalon.core.main.TestSuiteExecutor.execute(TestSuiteExecutor.java:106)
	at com.kms.katalon.core.main.TestCaseMain.startTestSuite(TestCaseMain.java:187)
	at com.kms.katalon.core.main.TestCaseMain$startTestSuite$0.call(Unknown Source)
	at TempTestSuite1722766020200.run(TempTestSuite1722766020200.groovy:35)
Caused by: com.kms.katalon.core.webui.exception.WebElementNotFoundException: Web element with id: 'Object Repository/PM/Huawei-vendor/Object-Type/TopX Object Types/TopX BSCs/TopX BSC' located by '//span[@class='ng-star-inserted'][normalize-space()='BSC']' not found
	at com.kms.katalon.core.webui.common.WebUiCommonHelper.findWebElement(WebUiCommonHelper.java:1381)
	at com.kms.katalon.core.webui.keyword.internal.WebUIAbstractKeyword.findWebElement(WebUIAbstractKeyword.groovy:27)
	at com.kms.katalon.core.webui.keyword.builtin.ClickKeyword$_click_closure1.doCall(ClickKeyword.groovy:65)
	at com.kms.katalon.core.webui.keyword.builtin.ClickKeyword$_click_closure1.call(ClickKeyword.groovy)
	at com.kms.katalon.core.webui.keyword.internal.WebUIKeywordMain.runKeyword(WebUIKeywordMain.groovy:20)
	... 22 more
"/>
         <system-out><![CDATA[2024-08-04 13:42:04 - [TEST_CASE][FAILED] - Test Cases/PM/Hwauei/TopX/2G TopX/XBSC/TopX 2G BSC DailyBH: Test Cases/PM/Hwauei/TopX/2G TopX/XBSC/TopX 2G BSC DailyBH FAILED.
Reason:
com.kms.katalon.core.exception.StepFailedException: Unable to click on object 'Object Repository/PM/Huawei-vendor/Object-Type/TopX Object Types/TopX BSCs/TopX BSC'
	at com.kms.katalon.core.webui.keyword.internal.WebUIKeywordMain.stepFailed(WebUIKeywordMain.groovy:64)
	at com.kms.katalon.core.webui.keyword.internal.WebUIKeywordMain.runKeyword(WebUIKeywordMain.groovy:26)
	at com.kms.katalon.core.webui.keyword.builtin.ClickKeyword.click(ClickKeyword.groovy:74)
	at com.kms.katalon.core.webui.keyword.builtin.ClickKeyword.execute(ClickKeyword.groovy:40)
	at com.kms.katalon.core.keyword.internal.KeywordExecutor.executeKeywordForPlatform(KeywordExecutor.groovy:74)
	at com.kms.katalon.core.webui.keyword.WebUiBuiltInKeywords.click(WebUiBuiltInKeywords.groovy:620)
	at com.kms.katalon.core.webui.keyword.WebUiBuiltInKeywords$click$2.call(Unknown Source)
	at PMHwaueiTopX.TopX(PMHwaueiTopX.groovy:915)
	at PMHwaueiTopX.invokeMethod(PMHwaueiTopX.groovy)
	at com.kms.katalon.core.main.CustomKeywordDelegatingMetaClass.invokeStaticMethod(CustomKeywordDelegatingMetaClass.java:55)
	at TopX 2G BSC DailyBH.run(TopX 2G BSC DailyBH:29)
	at com.kms.katalon.core.main.ScriptEngine.run(ScriptEngine.java:194)
	at com.kms.katalon.core.main.ScriptEngine.runScriptAsRawText(ScriptEngine.java:119)
	at com.kms.katalon.core.main.TestCaseExecutor.runScript(TestCaseExecutor.java:448)
	at com.kms.katalon.core.main.TestCaseExecutor.doExecute(TestCaseExecutor.java:439)
	at com.kms.katalon.core.main.TestCaseExecutor.processExecutionPhase(TestCaseExecutor.java:418)
	at com.kms.katalon.core.main.TestCaseExecutor.accessMainPhase(TestCaseExecutor.java:410)
	at com.kms.katalon.core.main.TestCaseExecutor.execute(TestCaseExecutor.java:285)
	at com.kms.katalon.core.common.CommonExecutor.accessTestCaseMainPhase(CommonExecutor.java:65)
	at com.kms.katalon.core.main.TestSuiteExecutor.accessTestSuiteMainPhase(TestSuiteExecutor.java:148)
	at com.kms.katalon.core.main.TestSuiteExecutor.execute(TestSuiteExecutor.java:106)
	at com.kms.katalon.core.main.TestCaseMain.startTestSuite(TestCaseMain.java:187)
	at com.kms.katalon.core.main.TestCaseMain$startTestSuite$0.call(Unknown Source)
	at TempTestSuite1722766020200.run(TempTestSuite1722766020200.groovy:35)
Caused by: com.kms.katalon.core.webui.exception.WebElementNotFoundException: Web element with id: 'Object Repository/PM/Huawei-vendor/Object-Type/TopX Object Types/TopX BSCs/TopX BSC' located by '//span[@class='ng-star-inserted'][normalize-space()='BSC']' not found
	at com.kms.katalon.core.webui.common.WebUiCommonHelper.findWebElement(WebUiCommonHelper.java:1381)
	at com.kms.katalon.core.webui.keyword.internal.WebUIAbstractKeyword.findWebElement(WebUIAbstractKeyword.groovy:27)
	at com.kms.katalon.core.webui.keyword.builtin.ClickKeyword$_click_closure1.doCall(ClickKeyword.groovy:65)
	at com.kms.katalon.core.webui.keyword.builtin.ClickKeyword$_click_closure1.call(ClickKeyword.groovy)
	at com.kms.katalon.core.webui.keyword.internal.WebUIKeywordMain.runKeyword(WebUIKeywordMain.groovy:20)
	... 22 more


2024-08-04 13:42:04 - [TEST_STEP][PASSED] - callTestCase(findTestCase("Login"), [:], STOP_ON_FAILURE): Call Test Case 'Test Cases/Login' successfully

2024-08-04 13:42:04 - [TEST_CASE][PASSED] - Test Cases/Login: Test Cases/Login

2024-08-04 13:42:04 - [TEST_STEP][PASSED] - driver = general.start(SwagerURL, NetCellURL): general.start is PASSED

2024-08-04 13:42:04 - [MESSAGE][INFO] - >>> chromeDriverPath=C:\Users\FatimaIbeid\.katalon\packages\Katalon_Studio_Windows_64-8.6.9\Katalon_Studio_Windows_64-8.6.9\configuration\resources\drivers\chromedriver_win32\chromedriver.exe

2024-08-04 13:42:06 - [MESSAGE][PASSED] - Current window maximized

2024-08-04 13:42:06 - [MESSAGE][PASSED] - Execute JavaScript 'window.open();' successfully

2024-08-04 13:42:06 - [MESSAGE][PASSED] - Switched to window with index: '1'

2024-08-04 13:42:06 - [MESSAGE][PASSED] - general.start is PASSED

2024-08-04 13:42:06 - [TEST_STEP][PASSED] - click(findTestObject("Object Repository/Login/LoginButton")): Object: 'Object Repository/Login/LoginButton' is clicked on

2024-08-04 13:42:18 - [MESSAGE][PASSED] - Object: 'Object Repository/Login/LoginButton' is clicked on

2024-08-04 13:42:18 - [TEST_STEP][PASSED] - switchToWindowIndex(2): Switched to window with index: '2'

2024-08-04 13:42:18 - [MESSAGE][PASSED] - Switched to window with index: '2'

2024-08-04 13:42:18 - [TEST_STEP][PASSED] - delay(1): Delayed 1 second(s)

2024-08-04 13:42:19 - [MESSAGE][PASSED] - Delayed 1 second(s)

2024-08-04 13:42:19 - [TEST_STEP][PASSED] - sendKeys(findTestObject("Object Repository/Login/EnterEmail"), "homam@zztjg.onmicrosoft.com"): Keys 'homam@zztjg.onmicrosoft.com' sent to object: 'Object Repository/Login/EnterEmail'

2024-08-04 13:42:20 - [MESSAGE][PASSED] - Keys 'homam@zztjg.onmicrosoft.com' sent to object: 'Object Repository/Login/EnterEmail'

2024-08-04 13:42:20 - [TEST_STEP][PASSED] - delay(1): Delayed 1 second(s)

2024-08-04 13:42:21 - [MESSAGE][PASSED] - Delayed 1 second(s)

2024-08-04 13:42:21 - [TEST_STEP][PASSED] - click(findTestObject("Object Repository/Login/NextButton")): Object: 'Object Repository/Login/NextButton' is clicked on

2024-08-04 13:42:22 - [MESSAGE][PASSED] - Object: 'Object Repository/Login/NextButton' is clicked on

2024-08-04 13:42:22 - [TEST_STEP][PASSED] - delay(2): Delayed 2 second(s)

2024-08-04 13:42:24 - [MESSAGE][PASSED] - Delayed 2 second(s)

2024-08-04 13:42:24 - [TEST_STEP][PASSED] - sendKeys(findTestObject("Object Repository/Login/EnterPassword"), "Holder12345"): Keys 'Holder12345' sent to object: 'Object Repository/Login/EnterPassword'

2024-08-04 13:42:24 - [MESSAGE][PASSED] - Keys 'Holder12345' sent to object: 'Object Repository/Login/EnterPassword'

2024-08-04 13:42:24 - [TEST_STEP][PASSED] - delay(1): Delayed 1 second(s)

2024-08-04 13:42:25 - [MESSAGE][PASSED] - Delayed 1 second(s)

2024-08-04 13:42:25 - [TEST_STEP][PASSED] - click(findTestObject("Object Repository/Login/SigninButton")): Object: 'Object Repository/Login/SigninButton' is clicked on

2024-08-04 13:42:25 - [MESSAGE][PASSED] - Object: 'Object Repository/Login/SigninButton' is clicked on

2024-08-04 13:42:25 - [TEST_STEP][PASSED] - delay(1): Delayed 1 second(s)

2024-08-04 13:42:26 - [MESSAGE][PASSED] - Delayed 1 second(s)

2024-08-04 13:42:26 - [TEST_STEP][PASSED] - click(findTestObject("Object Repository/Login/YesStayInButton")): Object: 'Object Repository/Login/YesStayInButton' is clicked on

2024-08-04 13:42:27 - [MESSAGE][PASSED] - Object: 'Object Repository/Login/YesStayInButton' is clicked on

2024-08-04 13:42:27 - [MESSAGE][PASSED] - Call Test Case 'Test Cases/Login' successfully

2024-08-04 13:42:27 - [TEST_STEP][PASSED] - switchToWindowIndex(1): Switched to window with index: '1'

2024-08-04 13:42:27 - [MESSAGE][PASSED] - Switched to window with index: '1'

2024-08-04 13:42:27 - [TEST_STEP][FAILED] - PMHwaueiTopX.TopX("2G", "BSC", false, "DailyBH", false, null): Unable to click on object 'Object Repository/PM/Huawei-vendor/Object-Type/TopX Object Types/TopX BSCs/TopX BSC'

2024-08-04 13:42:28 - [MESSAGE][PASSED] - Object: 'Object Repository/PM/PM-Button' is clicked on

2024-08-04 13:42:28 - [MESSAGE][PASSED] - Switched to window with index: '2'

2024-08-04 13:42:29 - [MESSAGE][PASSED] - Object: 'Object Repository/PM/Huawei-vendor/Data-view/TopX' is clicked on

2024-08-04 13:42:29 - [MESSAGE][PASSED] - Object: 'Object Repository/PM/Huawei-vendor/Technology/Technology-Arrow' is clicked on

2024-08-04 13:42:29 - [MESSAGE][PASSED] - Object: 'Object Repository/PM/Huawei-vendor/Technology/2G' is clicked on

2024-08-04 13:42:29 - [MESSAGE][PASSED] - Object: 'Object Repository/PM/Huawei-vendor/TopX/TopX Object Type' is clicked on

2024-08-04 13:42:30 - [MESSAGE][PASSED] - Delayed 1 second(s)

2024-08-04 13:44:31 - [MESSAGE][INFO] - Unable to find the element located by 'By.xpath: //span[@class='ng-star-inserted'][normalize-space()='BSC']'. Please recheck the objects properties to make sure the desired element is located. 

2024-08-04 13:44:31 - [MESSAGE][FAILED] - Unable to click on object 'Object Repository/PM/Huawei-vendor/Object-Type/TopX Object Types/TopX BSCs/TopX BSC' (Root cause: com.kms.katalon.core.exception.StepFailedException: Unable to click on object 'Object Repository/PM/Huawei-vendor/Object-Type/TopX Object Types/TopX BSCs/TopX BSC'
	at com.kms.katalon.core.webui.keyword.internal.WebUIKeywordMain.stepFailed(WebUIKeywordMain.groovy:64)
	at com.kms.katalon.core.webui.keyword.internal.WebUIKeywordMain.runKeyword(WebUIKeywordMain.groovy:26)
	at com.kms.katalon.core.webui.keyword.builtin.ClickKeyword.click(ClickKeyword.groovy:74)
	at com.kms.katalon.core.webui.keyword.builtin.ClickKeyword.execute(ClickKeyword.groovy:40)
	at com.kms.katalon.core.keyword.internal.KeywordExecutor.executeKeywordForPlatform(KeywordExecutor.groovy:74)
	at com.kms.katalon.core.webui.keyword.WebUiBuiltInKeywords.click(WebUiBuiltInKeywords.groovy:620)
	at com.kms.katalon.core.webui.keyword.WebUiBuiltInKeywords$click$2.call(Unknown Source)
	at PMHwaueiTopX.TopX(PMHwaueiTopX.groovy:915)
	at PMHwaueiTopX.invokeMethod(PMHwaueiTopX.groovy)
	at com.kms.katalon.core.main.CustomKeywordDelegatingMetaClass.invokeStaticMethod(CustomKeywordDelegatingMetaClass.java:55)
	at TopX 2G BSC DailyBH.run(TopX 2G BSC DailyBH:29)
	at com.kms.katalon.core.main.ScriptEngine.run(ScriptEngine.java:194)
	at com.kms.katalon.core.main.ScriptEngine.runScriptAsRawText(ScriptEngine.java:119)
	at com.kms.katalon.core.main.TestCaseExecutor.runScript(TestCaseExecutor.java:448)
	at com.kms.katalon.core.main.TestCaseExecutor.doExecute(TestCaseExecutor.java:439)
	at com.kms.katalon.core.main.TestCaseExecutor.processExecutionPhase(TestCaseExecutor.java:418)
	at com.kms.katalon.core.main.TestCaseExecutor.accessMainPhase(TestCaseExecutor.java:410)
	at com.kms.katalon.core.main.TestCaseExecutor.execute(TestCaseExecutor.java:285)
	at com.kms.katalon.core.common.CommonExecutor.accessTestCaseMainPhase(CommonExecutor.java:65)
	at com.kms.katalon.core.main.TestSuiteExecutor.accessTestSuiteMainPhase(TestSuiteExecutor.java:148)
	at com.kms.katalon.core.main.TestSuiteExecutor.execute(TestSuiteExecutor.java:106)
	at com.kms.katalon.core.main.TestCaseMain.startTestSuite(TestCaseMain.java:187)
	at com.kms.katalon.core.main.TestCaseMain$startTestSuite$0.call(Unknown Source)
	at TempTestSuite1722766020200.run(TempTestSuite1722766020200.groovy:35)
Caused by: com.kms.katalon.core.webui.exception.WebElementNotFoundException: Web element with id: 'Object Repository/PM/Huawei-vendor/Object-Type/TopX Object Types/TopX BSCs/TopX BSC' located by '//span[@class='ng-star-inserted'][normalize-space()='BSC']' not found
	at com.kms.katalon.core.webui.common.WebUiCommonHelper.findWebElement(WebUiCommonHelper.java:1381)
	at com.kms.katalon.core.webui.keyword.internal.WebUIAbstractKeyword.findWebElement(WebUIAbstractKeyword.groovy:27)
	at com.kms.katalon.core.webui.keyword.builtin.ClickKeyword$_click_closure1.doCall(ClickKeyword.groovy:65)
	at com.kms.katalon.core.webui.keyword.builtin.ClickKeyword$_click_closure1.call(ClickKeyword.groovy)
	at com.kms.katalon.core.webui.keyword.internal.WebUIKeywordMain.runKeyword(WebUIKeywordMain.groovy:20)
	at com.kms.katalon.core.webui.keyword.builtin.ClickKeyword.click(ClickKeyword.groovy:74)
	at com.kms.katalon.core.webui.keyword.builtin.ClickKeyword.execute(ClickKeyword.groovy:40)
	at com.kms.katalon.core.keyword.internal.KeywordExecutor.executeKeywordForPlatform(KeywordExecutor.groovy:74)
	at com.kms.katalon.core.webui.keyword.WebUiBuiltInKeywords.click(WebUiBuiltInKeywords.groovy:620)
	at com.kms.katalon.core.webui.keyword.WebUiBuiltInKeywords$click$2.call(Unknown Source)
	at PMHwaueiTopX.TopX(PMHwaueiTopX.groovy:915)
	at PMHwaueiTopX.invokeMethod(PMHwaueiTopX.groovy)
	at com.kms.katalon.core.main.CustomKeywordDelegatingMetaClass.invokeStaticMethod(CustomKeywordDelegatingMetaClass.java:55)
	at Script1722342346051.run(Script1722342346051.groovy:29)
	... 13 more
)
[[ATTACHMENT|C:\\Users\\FatimaIbeid\\git\\NetCell\\Reports\\20240804_130700\\PM\\Hwauei\\TopX\\Regression TopX 2G\\20240804_130700\\1722768271669.png]]

2024-08-04 13:44:31 - [MESSAGE][FAILED] - Unable to click on object 'Object Repository/PM/Huawei-vendor/Object-Type/TopX Object Types/TopX BSCs/TopX BSC']]></system-out>
         <system-err><![CDATA[2024-08-04 13:42:04 - [TEST_CASE][FAILED] - Test Cases/PM/Hwauei/TopX/2G TopX/XBSC/TopX 2G BSC DailyBH: Test Cases/PM/Hwauei/TopX/2G TopX/XBSC/TopX 2G BSC DailyBH FAILED.
Reason:
com.kms.katalon.core.exception.StepFailedException: Unable to click on object 'Object Repository/PM/Huawei-vendor/Object-Type/TopX Object Types/TopX BSCs/TopX BSC'
	at com.kms.katalon.core.webui.keyword.internal.WebUIKeywordMain.stepFailed(WebUIKeywordMain.groovy:64)
	at com.kms.katalon.core.webui.keyword.internal.WebUIKeywordMain.runKeyword(WebUIKeywordMain.groovy:26)
	at com.kms.katalon.core.webui.keyword.builtin.ClickKeyword.click(ClickKeyword.groovy:74)
	at com.kms.katalon.core.webui.keyword.builtin.ClickKeyword.execute(ClickKeyword.groovy:40)
	at com.kms.katalon.core.keyword.internal.KeywordExecutor.executeKeywordForPlatform(KeywordExecutor.groovy:74)
	at com.kms.katalon.core.webui.keyword.WebUiBuiltInKeywords.click(WebUiBuiltInKeywords.groovy:620)
	at com.kms.katalon.core.webui.keyword.WebUiBuiltInKeywords$click$2.call(Unknown Source)
	at PMHwaueiTopX.TopX(PMHwaueiTopX.groovy:915)
	at PMHwaueiTopX.invokeMethod(PMHwaueiTopX.groovy)
	at com.kms.katalon.core.main.CustomKeywordDelegatingMetaClass.invokeStaticMethod(CustomKeywordDelegatingMetaClass.java:55)
	at TopX 2G BSC DailyBH.run(TopX 2G BSC DailyBH:29)
	at com.kms.katalon.core.main.ScriptEngine.run(ScriptEngine.java:194)
	at com.kms.katalon.core.main.ScriptEngine.runScriptAsRawText(ScriptEngine.java:119)
	at com.kms.katalon.core.main.TestCaseExecutor.runScript(TestCaseExecutor.java:448)
	at com.kms.katalon.core.main.TestCaseExecutor.doExecute(TestCaseExecutor.java:439)
	at com.kms.katalon.core.main.TestCaseExecutor.processExecutionPhase(TestCaseExecutor.java:418)
	at com.kms.katalon.core.main.TestCaseExecutor.accessMainPhase(TestCaseExecutor.java:410)
	at com.kms.katalon.core.main.TestCaseExecutor.execute(TestCaseExecutor.java:285)
	at com.kms.katalon.core.common.CommonExecutor.accessTestCaseMainPhase(CommonExecutor.java:65)
	at com.kms.katalon.core.main.TestSuiteExecutor.accessTestSuiteMainPhase(TestSuiteExecutor.java:148)
	at com.kms.katalon.core.main.TestSuiteExecutor.execute(TestSuiteExecutor.java:106)
	at com.kms.katalon.core.main.TestCaseMain.startTestSuite(TestCaseMain.java:187)
	at com.kms.katalon.core.main.TestCaseMain$startTestSuite$0.call(Unknown Source)
	at TempTestSuite1722766020200.run(TempTestSuite1722766020200.groovy:35)
Caused by: com.kms.katalon.core.webui.exception.WebElementNotFoundException: Web element with id: 'Object Repository/PM/Huawei-vendor/Object-Type/TopX Object Types/TopX BSCs/TopX BSC' located by '//span[@class='ng-star-inserted'][normalize-space()='BSC']' not found
	at com.kms.katalon.core.webui.common.WebUiCommonHelper.findWebElement(WebUiCommonHelper.java:1381)
	at com.kms.katalon.core.webui.keyword.internal.WebUIAbstractKeyword.findWebElement(WebUIAbstractKeyword.groovy:27)
	at com.kms.katalon.core.webui.keyword.builtin.ClickKeyword$_click_closure1.doCall(ClickKeyword.groovy:65)
	at com.kms.katalon.core.webui.keyword.builtin.ClickKeyword$_click_closure1.call(ClickKeyword.groovy)
	at com.kms.katalon.core.webui.keyword.internal.WebUIKeywordMain.runKeyword(WebUIKeywordMain.groovy:20)
	... 22 more]]></system-err>
      </testcase>
      <testcase name="Test Cases/PM/Hwauei/TopX/2G TopX/XCluster/TopX 2G Cluster default" time="163.203" classname="Test Cases/PM/Hwauei/TopX/2G TopX/XCluster/TopX 2G Cluster default" status="FAILED">
         <failure type="FAILED" message="Test Cases/PM/Hwauei/TopX/2G TopX/XCluster/TopX 2G Cluster default FAILED.
Reason:
com.kms.katalon.core.exception.StepFailedException: Unable to verify object 'Object Repository/PM/Huawei-vendor/Chart' is present
	at com.kms.katalon.core.webui.keyword.internal.WebUIKeywordMain.stepFailed(WebUIKeywordMain.groovy:64)
	at com.kms.katalon.core.webui.keyword.internal.WebUIKeywordMain.runKeyword(WebUIKeywordMain.groovy:26)
	at com.kms.katalon.core.webui.keyword.builtin.VerifyElementPresentKeyword.verifyElementPresent(VerifyElementPresentKeyword.groovy:92)
	at com.kms.katalon.core.webui.keyword.builtin.VerifyElementPresentKeyword.execute(VerifyElementPresentKeyword.groovy:68)
	at com.kms.katalon.core.keyword.internal.KeywordExecutor.executeKeywordForPlatform(KeywordExecutor.groovy:74)
	at com.kms.katalon.core.webui.keyword.WebUiBuiltInKeywords.verifyElementPresent(WebUiBuiltInKeywords.groovy:1464)
	at com.kms.katalon.core.webui.keyword.WebUiBuiltInKeywords$verifyElementPresent$6.call(Unknown Source)
	at PMHwaueiTopX.TopX(PMHwaueiTopX.groovy:1593)
	at PMHwaueiTopX.invokeMethod(PMHwaueiTopX.groovy)
	at com.kms.katalon.core.main.CustomKeywordDelegatingMetaClass.invokeStaticMethod(CustomKeywordDelegatingMetaClass.java:55)
	at TopX 2G Cluster default.run(TopX 2G Cluster default:29)
	at com.kms.katalon.core.main.ScriptEngine.run(ScriptEngine.java:194)
	at com.kms.katalon.core.main.ScriptEngine.runScriptAsRawText(ScriptEngine.java:119)
	at com.kms.katalon.core.main.TestCaseExecutor.runScript(TestCaseExecutor.java:448)
	at com.kms.katalon.core.main.TestCaseExecutor.doExecute(TestCaseExecutor.java:439)
	at com.kms.katalon.core.main.TestCaseExecutor.processExecutionPhase(TestCaseExecutor.java:418)
	at com.kms.katalon.core.main.TestCaseExecutor.accessMainPhase(TestCaseExecutor.java:410)
	at com.kms.katalon.core.main.TestCaseExecutor.execute(TestCaseExecutor.java:285)
	at com.kms.katalon.core.common.CommonExecutor.accessTestCaseMainPhase(CommonExecutor.java:65)
	at com.kms.katalon.core.main.TestSuiteExecutor.accessTestSuiteMainPhase(TestSuiteExecutor.java:148)
	at com.kms.katalon.core.main.TestSuiteExecutor.execute(TestSuiteExecutor.java:106)
	at com.kms.katalon.core.main.TestCaseMain.startTestSuite(TestCaseMain.java:187)
	at com.kms.katalon.core.main.TestCaseMain$startTestSuite$0.call(Unknown Source)
	at TempTestSuite1722766020200.run(TempTestSuite1722766020200.groovy:35)
Caused by: com.kms.katalon.core.exception.StepFailedException: com.kms.katalon.core.webui.exception.WebElementNotFoundException: Web element with id: 'Object Repository/PM/Huawei-vendor/Chart' located by '//*[@id=&quot;chart-container&quot;]/div/app-main-chart-component[1]/div/div[2]/div[2]/div/div/div[1]/canvas' not found
	at com.kms.katalon.core.webui.keyword.internal.WebUIKeywordMain.stepFailed(WebUIKeywordMain.groovy:64)
	at com.kms.katalon.core.webui.keyword.builtin.VerifyElementPresentKeyword$_verifyElementPresent_closure1.doCall(VerifyElementPresentKeyword.groovy:85)
	at com.kms.katalon.core.webui.keyword.builtin.VerifyElementPresentKeyword$_verifyElementPresent_closure1.call(VerifyElementPresentKeyword.groovy)
	at com.kms.katalon.core.webui.keyword.internal.WebUIKeywordMain.runKeyword(WebUIKeywordMain.groovy:20)
	... 22 more
"/>
         <system-out><![CDATA[2024-08-04 13:44:31 - [TEST_CASE][FAILED] - Test Cases/PM/Hwauei/TopX/2G TopX/XCluster/TopX 2G Cluster default: Test Cases/PM/Hwauei/TopX/2G TopX/XCluster/TopX 2G Cluster default FAILED.
Reason:
com.kms.katalon.core.exception.StepFailedException: Unable to verify object 'Object Repository/PM/Huawei-vendor/Chart' is present
	at com.kms.katalon.core.webui.keyword.internal.WebUIKeywordMain.stepFailed(WebUIKeywordMain.groovy:64)
	at com.kms.katalon.core.webui.keyword.internal.WebUIKeywordMain.runKeyword(WebUIKeywordMain.groovy:26)
	at com.kms.katalon.core.webui.keyword.builtin.VerifyElementPresentKeyword.verifyElementPresent(VerifyElementPresentKeyword.groovy:92)
	at com.kms.katalon.core.webui.keyword.builtin.VerifyElementPresentKeyword.execute(VerifyElementPresentKeyword.groovy:68)
	at com.kms.katalon.core.keyword.internal.KeywordExecutor.executeKeywordForPlatform(KeywordExecutor.groovy:74)
	at com.kms.katalon.core.webui.keyword.WebUiBuiltInKeywords.verifyElementPresent(WebUiBuiltInKeywords.groovy:1464)
	at com.kms.katalon.core.webui.keyword.WebUiBuiltInKeywords$verifyElementPresent$6.call(Unknown Source)
	at PMHwaueiTopX.TopX(PMHwaueiTopX.groovy:1593)
	at PMHwaueiTopX.invokeMethod(PMHwaueiTopX.groovy)
	at com.kms.katalon.core.main.CustomKeywordDelegatingMetaClass.invokeStaticMethod(CustomKeywordDelegatingMetaClass.java:55)
	at TopX 2G Cluster default.run(TopX 2G Cluster default:29)
	at com.kms.katalon.core.main.ScriptEngine.run(ScriptEngine.java:194)
	at com.kms.katalon.core.main.ScriptEngine.runScriptAsRawText(ScriptEngine.java:119)
	at com.kms.katalon.core.main.TestCaseExecutor.runScript(TestCaseExecutor.java:448)
	at com.kms.katalon.core.main.TestCaseExecutor.doExecute(TestCaseExecutor.java:439)
	at com.kms.katalon.core.main.TestCaseExecutor.processExecutionPhase(TestCaseExecutor.java:418)
	at com.kms.katalon.core.main.TestCaseExecutor.accessMainPhase(TestCaseExecutor.java:410)
	at com.kms.katalon.core.main.TestCaseExecutor.execute(TestCaseExecutor.java:285)
	at com.kms.katalon.core.common.CommonExecutor.accessTestCaseMainPhase(CommonExecutor.java:65)
	at com.kms.katalon.core.main.TestSuiteExecutor.accessTestSuiteMainPhase(TestSuiteExecutor.java:148)
	at com.kms.katalon.core.main.TestSuiteExecutor.execute(TestSuiteExecutor.java:106)
	at com.kms.katalon.core.main.TestCaseMain.startTestSuite(TestCaseMain.java:187)
	at com.kms.katalon.core.main.TestCaseMain$startTestSuite$0.call(Unknown Source)
	at TempTestSuite1722766020200.run(TempTestSuite1722766020200.groovy:35)
Caused by: com.kms.katalon.core.exception.StepFailedException: com.kms.katalon.core.webui.exception.WebElementNotFoundException: Web element with id: 'Object Repository/PM/Huawei-vendor/Chart' located by '//*[@id="chart-container"]/div/app-main-chart-component[1]/div/div[2]/div[2]/div/div/div[1]/canvas' not found
	at com.kms.katalon.core.webui.keyword.internal.WebUIKeywordMain.stepFailed(WebUIKeywordMain.groovy:64)
	at com.kms.katalon.core.webui.keyword.builtin.VerifyElementPresentKeyword$_verifyElementPresent_closure1.doCall(VerifyElementPresentKeyword.groovy:85)
	at com.kms.katalon.core.webui.keyword.builtin.VerifyElementPresentKeyword$_verifyElementPresent_closure1.call(VerifyElementPresentKeyword.groovy)
	at com.kms.katalon.core.webui.keyword.internal.WebUIKeywordMain.runKeyword(WebUIKeywordMain.groovy:20)
	... 22 more


2024-08-04 13:44:32 - [TEST_STEP][PASSED] - callTestCase(findTestCase("Login"), [:], STOP_ON_FAILURE): Call Test Case 'Test Cases/Login' successfully

2024-08-04 13:44:32 - [TEST_CASE][PASSED] - Test Cases/Login: Test Cases/Login

2024-08-04 13:44:32 - [TEST_STEP][PASSED] - driver = general.start(SwagerURL, NetCellURL): general.start is PASSED

2024-08-04 13:44:32 - [MESSAGE][INFO] - >>> chromeDriverPath=C:\Users\FatimaIbeid\.katalon\packages\Katalon_Studio_Windows_64-8.6.9\Katalon_Studio_Windows_64-8.6.9\configuration\resources\drivers\chromedriver_win32\chromedriver.exe

2024-08-04 13:44:33 - [MESSAGE][PASSED] - Current window maximized

2024-08-04 13:44:34 - [MESSAGE][PASSED] - Execute JavaScript 'window.open();' successfully

2024-08-04 13:44:34 - [MESSAGE][PASSED] - Switched to window with index: '1'

2024-08-04 13:44:46 - [MESSAGE][PASSED] - general.start is PASSED

2024-08-04 13:44:46 - [TEST_STEP][PASSED] - click(findTestObject("Object Repository/Login/LoginButton")): Object: 'Object Repository/Login/LoginButton' is clicked on

2024-08-04 13:44:46 - [MESSAGE][PASSED] - Object: 'Object Repository/Login/LoginButton' is clicked on

2024-08-04 13:44:46 - [TEST_STEP][PASSED] - switchToWindowIndex(2): Switched to window with index: '2'

2024-08-04 13:44:46 - [MESSAGE][PASSED] - Switched to window with index: '2'

2024-08-04 13:44:46 - [TEST_STEP][PASSED] - delay(1): Delayed 1 second(s)

2024-08-04 13:44:47 - [MESSAGE][PASSED] - Delayed 1 second(s)

2024-08-04 13:44:47 - [TEST_STEP][PASSED] - sendKeys(findTestObject("Object Repository/Login/EnterEmail"), "homam@zztjg.onmicrosoft.com"): Keys 'homam@zztjg.onmicrosoft.com' sent to object: 'Object Repository/Login/EnterEmail'

2024-08-04 13:44:48 - [MESSAGE][PASSED] - Keys 'homam@zztjg.onmicrosoft.com' sent to object: 'Object Repository/Login/EnterEmail'

2024-08-04 13:44:48 - [TEST_STEP][PASSED] - delay(1): Delayed 1 second(s)

2024-08-04 13:44:49 - [MESSAGE][PASSED] - Delayed 1 second(s)

2024-08-04 13:44:49 - [TEST_STEP][PASSED] - click(findTestObject("Object Repository/Login/NextButton")): Object: 'Object Repository/Login/NextButton' is clicked on

2024-08-04 13:44:49 - [MESSAGE][PASSED] - Object: 'Object Repository/Login/NextButton' is clicked on

2024-08-04 13:44:49 - [TEST_STEP][PASSED] - delay(2): Delayed 2 second(s)

2024-08-04 13:44:51 - [MESSAGE][PASSED] - Delayed 2 second(s)

2024-08-04 13:44:51 - [TEST_STEP][PASSED] - sendKeys(findTestObject("Object Repository/Login/EnterPassword"), "Holder12345"): Keys 'Holder12345' sent to object: 'Object Repository/Login/EnterPassword'

2024-08-04 13:44:51 - [MESSAGE][PASSED] - Keys 'Holder12345' sent to object: 'Object Repository/Login/EnterPassword'

2024-08-04 13:44:51 - [TEST_STEP][PASSED] - delay(1): Delayed 1 second(s)

2024-08-04 13:44:52 - [MESSAGE][PASSED] - Delayed 1 second(s)

2024-08-04 13:44:52 - [TEST_STEP][PASSED] - click(findTestObject("Object Repository/Login/SigninButton")): Object: 'Object Repository/Login/SigninButton' is clicked on

2024-08-04 13:44:53 - [MESSAGE][PASSED] - Object: 'Object Repository/Login/SigninButton' is clicked on

2024-08-04 13:44:53 - [TEST_STEP][PASSED] - delay(1): Delayed 1 second(s)

2024-08-04 13:44:54 - [MESSAGE][PASSED] - Delayed 1 second(s)

2024-08-04 13:44:54 - [TEST_STEP][PASSED] - click(findTestObject("Object Repository/Login/YesStayInButton")): Object: 'Object Repository/Login/YesStayInButton' is clicked on

2024-08-04 13:44:55 - [MESSAGE][PASSED] - Object: 'Object Repository/Login/YesStayInButton' is clicked on

2024-08-04 13:44:55 - [MESSAGE][PASSED] - Call Test Case 'Test Cases/Login' successfully

2024-08-04 13:44:55 - [TEST_STEP][PASSED] - switchToWindowIndex(1): Switched to window with index: '1'

2024-08-04 13:44:55 - [MESSAGE][PASSED] - Switched to window with index: '1'

2024-08-04 13:44:55 - [TEST_STEP][FAILED] - PMHwaueiTopX.TopX("2G", "Cluster", false, "Hourly", false, null): Unable to verify object 'Object Repository/PM/Huawei-vendor/Chart' is present

2024-08-04 13:44:56 - [MESSAGE][PASSED] - Object: 'Object Repository/PM/PM-Button' is clicked on

2024-08-04 13:44:56 - [MESSAGE][PASSED] - Switched to window with index: '2'

2024-08-04 13:44:58 - [MESSAGE][PASSED] - Object: 'Object Repository/PM/Huawei-vendor/Data-view/TopX' is clicked on

2024-08-04 13:44:58 - [MESSAGE][PASSED] - Object: 'Object Repository/PM/Huawei-vendor/Technology/Technology-Arrow' is clicked on

2024-08-04 13:44:58 - [MESSAGE][PASSED] - Object: 'Object Repository/PM/Huawei-vendor/Technology/2G' is clicked on

2024-08-04 13:44:58 - [MESSAGE][PASSED] - Object: 'Object Repository/PM/Huawei-vendor/TopX/TopX Object Type' is clicked on

2024-08-04 13:44:59 - [MESSAGE][PASSED] - Delayed 1 second(s)

2024-08-04 13:44:59 - [MESSAGE][PASSED] - Object: 'Object Repository/PM/Huawei-vendor/Object-Type/TopX Object Types/TopX Clusters/TopX Cluster' is clicked on

2024-08-04 13:45:00 - [MESSAGE][PASSED] - Delayed 1 second(s)

2024-08-04 13:45:01 - [MESSAGE][WARNING] - Timeout '0' is invalid. Using default page load timeout: '120'

2024-08-04 13:45:01 - [MESSAGE][PASSED] - Scroll to object 'Object Repository/PM/Huawei-vendor/Object Border' successfully

2024-08-04 13:45:01 - [MESSAGE][PASSED] - Object: 'Object Repository/PM/Huawei-vendor/Object-Type/TopX Object Types/TopX Region Bands/TopX FDD Arrow' is clicked on

2024-08-04 13:45:01 - [MESSAGE][PASSED] - Object: 'Object Repository/PM/Huawei-vendor/Object-Type/TopX Object Types/TopX Sites/TopX East Amman Arrow' is clicked on

2024-08-04 13:45:01 - [MESSAGE][PASSED] - Object: 'Object Repository/PM/Huawei-vendor/Object-Type/TopX Object Types/TopX Cluster Bands/TopX East Amman Cluster 3' is clicked on

2024-08-04 13:45:01 - [MESSAGE][PASSED] - Object: 'Object Repository/PM/Huawei-vendor/Object-Type/TopX Object Types/TopX Cluster Bands/TopX East Amman Cluster 13' is clicked on

2024-08-04 13:45:01 - [MESSAGE][PASSED] - Object: 'Object Repository/PM/Huawei-vendor/Object-Type/TopX Object Types/TopX Sites/TopX East Amman CloseArrow' is clicked on

2024-08-04 13:45:02 - [MESSAGE][PASSED] - Object: 'Object Repository/PM/Huawei-vendor/Object-Type/TopX Object Types/TopX Sites/TopX West Amman Arrow' is clicked on

2024-08-04 13:45:02 - [MESSAGE][PASSED] - Object: 'Object Repository/PM/Huawei-vendor/Object-Type/TopX Object Types/TopX Cluster Bands/TopX West Amman Cluster 2' is clicked on

2024-08-04 13:45:02 - [MESSAGE][PASSED] - Object: 'Object Repository/PM/Huawei-vendor/Object-Type/TopX Object Types/TopX Cluster Bands/TopX West Amman Cluster 5' is clicked on

2024-08-04 13:45:02 - [MESSAGE][PASSED] - Object: 'Object Repository/PM/Huawei-vendor/Object-Type/TopX Object Types/TopX Sites/TopX West Amman CloseArrow' is clicked on

2024-08-04 13:45:02 - [MESSAGE][PASSED] - Object: 'Object Repository/PM/Huawei-vendor/Object-Type/TopX Object Types/TopX Sites/TopX North Jordan Arrow' is clicked on

2024-08-04 13:45:03 - [MESSAGE][PASSED] - Object: 'Object Repository/PM/Huawei-vendor/Object-Type/TopX Object Types/TopX Cluster Bands/TopX North Jordan Cluster 4' is clicked on

2024-08-04 13:45:03 - [MESSAGE][PASSED] - Object: 'Object Repository/PM/Huawei-vendor/Object-Type/TopX Object Types/TopX Cluster Bands/TopX North Jordan Cluster 14' is clicked on

2024-08-04 13:45:03 - [MESSAGE][PASSED] - Object: 'Object Repository/PM/Huawei-vendor/Object-Type/TopX Object Types/TopX Sites/TopX North Jordan CloseArrow' is clicked on

2024-08-04 13:45:03 - [MESSAGE][PASSED] - Object: 'Object Repository/PM/Huawei-vendor/Object-Type/TopX Object Types/TopX Sites/TopX South Jordan Arrow' is clicked on

2024-08-04 13:45:03 - [MESSAGE][PASSED] - Object: 'Object Repository/PM/Huawei-vendor/Object-Type/TopX Object Types/TopX Cluster Bands/TopX South Jordan Cluster 7' is clicked on

2024-08-04 13:45:03 - [MESSAGE][PASSED] - Object: 'Object Repository/PM/Huawei-vendor/Object-Type/TopX Object Types/TopX Cluster Bands/TopX South Jordan Cluster 8' is clicked on

2024-08-04 13:45:04 - [MESSAGE][PASSED] - Object: 'Object Repository/PM/Huawei-vendor/Object-Type/TopX Object Types/TopX Sites/TopX South Jordan CloseArrow' is clicked on

2024-08-04 13:45:04 - [MESSAGE][PASSED] - Object: 'Object Repository/PM/Huawei-vendor/Object-Type/TopX Object Types/TopX Region Bands/TopX FDD Close Arrow' is clicked on

2024-08-04 13:45:04 - [MESSAGE][PASSED] - Object: 'Object Repository/PM/Huawei-vendor/Object-Type/TopX Object Types/TopX Region Bands/TopX TDD Arrow' is clicked on

2024-08-04 13:45:04 - [MESSAGE][PASSED] - Object: 'Object Repository/PM/Huawei-vendor/Object-Type/TopX Object Types/TopX Sites/TopX South Amman Arrow' is clicked on

2024-08-04 13:45:04 - [MESSAGE][PASSED] - Object: 'Object Repository/PM/Huawei-vendor/Object-Type/TopX Object Types/TopX Cluster Bands/TopX South Amman Cluster 1' is clicked on

2024-08-04 13:45:05 - [MESSAGE][PASSED] - Object: 'Object Repository/PM/Huawei-vendor/Object-Type/TopX Object Types/TopX Cluster Bands/TopX South Amman Cluster 6' is clicked on

2024-08-04 13:45:05 - [MESSAGE][PASSED] - Object: 'Object Repository/PM/Huawei-vendor/Object-Type/TopX Object Types/TopX Sites/TopX South Amman CloseArrow' is clicked on

2024-08-04 13:45:05 - [MESSAGE][PASSED] - Object: 'Object Repository/PM/Huawei-vendor/Object-Type/TopX Object Types/TopX Sites/TopX East Jordan Arrow' is clicked on

2024-08-04 13:45:05 - [MESSAGE][PASSED] - Object: 'Object Repository/PM/Huawei-vendor/Object-Type/TopX Object Types/TopX Cluster Bands/TopX East Jordan Cluster 10' is clicked on

2024-08-04 13:45:05 - [MESSAGE][PASSED] - Object: 'Object Repository/PM/Huawei-vendor/Object-Type/TopX Object Types/TopX Cluster Bands/TopX East Jordan Cluster 11' is clicked on

2024-08-04 13:45:06 - [MESSAGE][PASSED] - Object: 'Object Repository/PM/Huawei-vendor/Object-Type/TopX Object Types/TopX Sites/TopX East Jordan CloseArrow' is clicked on

2024-08-04 13:45:06 - [MESSAGE][PASSED] - Object: 'Object Repository/PM/Huawei-vendor/Object-Type/TopX Object Types/TopX Sites/TopX Others Arrow' is clicked on

2024-08-04 13:45:06 - [MESSAGE][PASSED] - Object: 'Object Repository/PM/Huawei-vendor/Object-Type/TopX Object Types/TopX Cluster Bands/TopX Others Cluster 60' is clicked on

2024-08-04 13:45:06 - [MESSAGE][PASSED] - Object: 'Object Repository/PM/Huawei-vendor/Object-Type/TopX Object Types/TopX Cluster Bands/TopX Others Cluster 61' is clicked on

2024-08-04 13:45:06 - [MESSAGE][PASSED] - Object: 'Object Repository/PM/Huawei-vendor/Object-Type/TopX Object Types/TopX Sites/TopX Others CloseArrow' is clicked on

2024-08-04 13:45:06 - [MESSAGE][PASSED] - Object: 'Object Repository/PM/Huawei-vendor/Object-Type/TopX Object Types/TopX Region Bands/TopX TDD Close Arrow' is clicked on

2024-08-04 13:45:07 - [MESSAGE][WARNING] - Timeout '0' is invalid. Using default page load timeout: '120'

2024-08-04 13:45:07 - [MESSAGE][PASSED] - Scroll to object 'Object Repository/PM/Huawei-vendor/LowXlabel' successfully

2024-08-04 13:45:07 - [MESSAGE][PASSED] - Object: 'Object Repository/PM/Huawei-vendor/TopX/TopXDate/BeforeDate' is clicked on

2024-08-04 13:45:08 - [MESSAGE][PASSED] - Delayed 1 second(s)

2024-08-04 13:45:08 - [MESSAGE][PASSED] - Object: 'Object Repository/PM/Huawei-vendor/TopX/TopXDate/Choose Month' is clicked on

2024-08-04 13:45:09 - [MESSAGE][PASSED] - Delayed 1 second(s)

2024-08-04 13:45:09 - [MESSAGE][PASSED] - Object: 'Object Repository/PM/Huawei-vendor/TopX/TopXDate/Feb' is clicked on

2024-08-04 13:45:09 - [MESSAGE][PASSED] - Object: 'Object Repository/PM/Huawei-vendor/TopX/TopXDate/Day 1' is clicked on

2024-08-04 13:45:09 - [MESSAGE][PASSED] - Object: 'Object Repository/PM/Huawei-vendor/TopX/TopXDate/Button OK' is clicked on

2024-08-04 13:45:10 - [MESSAGE][PASSED] - Object: 'Object Repository/PM/Huawei-vendor/TopX/TopXDate/After Date' is clicked on

2024-08-04 13:45:11 - [MESSAGE][PASSED] - Delayed 1 second(s)

2024-08-04 13:45:11 - [MESSAGE][PASSED] - Object: 'Object Repository/PM/Huawei-vendor/TopX/TopXDate/Choose Month' is clicked on

2024-08-04 13:45:12 - [MESSAGE][PASSED] - Delayed 1 second(s)

2024-08-04 13:45:12 - [MESSAGE][PASSED] - Object: 'Object Repository/PM/Huawei-vendor/TopX/TopXDate/Feb' is clicked on

2024-08-04 13:45:12 - [MESSAGE][PASSED] - Object: 'Object Repository/PM/Huawei-vendor/TopX/TopXDate/Day 7' is clicked on

2024-08-04 13:45:12 - [MESSAGE][PASSED] - Object: 'Object Repository/PM/Huawei-vendor/TopX/TopXDate/Button OK' is clicked on

2024-08-04 13:45:13 - [MESSAGE][PASSED] - Object: 'Object Repository/PM/Huawei-vendor/Apply-Button' is clicked on

2024-08-04 13:45:13 - [MESSAGE][WARNING] - Timeout '0' is invalid. Using default page load timeout: '120'

2024-08-04 13:45:13 - [MESSAGE][PASSED] - Web element with id: 'Object Repository/PM/Huawei-vendor/Error' located by 'By.xpath: //div[@class='toast-summary title-medium-m']' is not present after '120' second(s)

2024-08-04 13:45:13 - [MESSAGE][WARNING] - Timeout '0' is invalid. Using default page load timeout: '120'

2024-08-04 13:47:14 - [MESSAGE][INFO] - Unable to find the element located by 'By.xpath: //*[@id="chart-container"]/div/app-main-chart-component[1]/div/div[2]/div[2]/div/div/div[1]/canvas'. Please recheck the objects properties to make sure the desired element is located. 

2024-08-04 13:47:14 - [MESSAGE][FAILED] - com.kms.katalon.core.webui.exception.WebElementNotFoundException: Web element with id: 'Object Repository/PM/Huawei-vendor/Chart' located by '//*[@id="chart-container"]/div/app-main-chart-component[1]/div/div[2]/div[2]/div/div/div[1]/canvas' not found (Root cause: com.kms.katalon.core.exception.StepFailedException: com.kms.katalon.core.webui.exception.WebElementNotFoundException: Web element with id: 'Object Repository/PM/Huawei-vendor/Chart' located by '//*[@id="chart-container"]/div/app-main-chart-component[1]/div/div[2]/div[2]/div/div/div[1]/canvas' not found
	at com.kms.katalon.core.webui.keyword.internal.WebUIKeywordMain.stepFailed(WebUIKeywordMain.groovy:64)
	at com.kms.katalon.core.webui.keyword.builtin.VerifyElementPresentKeyword$_verifyElementPresent_closure1.doCall(VerifyElementPresentKeyword.groovy:85)
	at com.kms.katalon.core.webui.keyword.builtin.VerifyElementPresentKeyword$_verifyElementPresent_closure1.call(VerifyElementPresentKeyword.groovy)
	at com.kms.katalon.core.webui.keyword.internal.WebUIKeywordMain.runKeyword(WebUIKeywordMain.groovy:20)
	at com.kms.katalon.core.webui.keyword.builtin.VerifyElementPresentKeyword.verifyElementPresent(VerifyElementPresentKeyword.groovy:92)
	at com.kms.katalon.core.webui.keyword.builtin.VerifyElementPresentKeyword.execute(VerifyElementPresentKeyword.groovy:68)
	at com.kms.katalon.core.keyword.internal.KeywordExecutor.executeKeywordForPlatform(KeywordExecutor.groovy:74)
	at com.kms.katalon.core.webui.keyword.WebUiBuiltInKeywords.verifyElementPresent(WebUiBuiltInKeywords.groovy:1464)
	at com.kms.katalon.core.webui.keyword.WebUiBuiltInKeywords$verifyElementPresent$6.call(Unknown Source)
	at PMHwaueiTopX.TopX(PMHwaueiTopX.groovy:1593)
	at PMHwaueiTopX.invokeMethod(PMHwaueiTopX.groovy)
	at com.kms.katalon.core.main.CustomKeywordDelegatingMetaClass.invokeStaticMethod(CustomKeywordDelegatingMetaClass.java:55)
	at TopX 2G Cluster default.run(TopX 2G Cluster default:29)
	at com.kms.katalon.core.main.ScriptEngine.run(ScriptEngine.java:194)
	at com.kms.katalon.core.main.ScriptEngine.runScriptAsRawText(ScriptEngine.java:119)
	at com.kms.katalon.core.main.TestCaseExecutor.runScript(TestCaseExecutor.java:448)
	at com.kms.katalon.core.main.TestCaseExecutor.doExecute(TestCaseExecutor.java:439)
	at com.kms.katalon.core.main.TestCaseExecutor.processExecutionPhase(TestCaseExecutor.java:418)
	at com.kms.katalon.core.main.TestCaseExecutor.accessMainPhase(TestCaseExecutor.java:410)
	at com.kms.katalon.core.main.TestCaseExecutor.execute(TestCaseExecutor.java:285)
	at com.kms.katalon.core.common.CommonExecutor.accessTestCaseMainPhase(CommonExecutor.java:65)
	at com.kms.katalon.core.main.TestSuiteExecutor.accessTestSuiteMainPhase(TestSuiteExecutor.java:148)
	at com.kms.katalon.core.main.TestSuiteExecutor.execute(TestSuiteExecutor.java:106)
	at com.kms.katalon.core.main.TestCaseMain.startTestSuite(TestCaseMain.java:187)
	at com.kms.katalon.core.main.TestCaseMain$startTestSuite$0.call(Unknown Source)
	at TempTestSuite1722766020200.run(TempTestSuite1722766020200.groovy:35)
)
[[ATTACHMENT|C:\\Users\\FatimaIbeid\\git\\NetCell\\Reports\\20240804_130700\\PM\\Hwauei\\TopX\\Regression TopX 2G\\20240804_130700\\1722768434413.png]]

2024-08-04 13:47:15 - [MESSAGE][FAILED] - Unable to verify object 'Object Repository/PM/Huawei-vendor/Chart' is present (Root cause: com.kms.katalon.core.exception.StepFailedException: Unable to verify object 'Object Repository/PM/Huawei-vendor/Chart' is present
	at com.kms.katalon.core.webui.keyword.internal.WebUIKeywordMain.stepFailed(WebUIKeywordMain.groovy:64)
	at com.kms.katalon.core.webui.keyword.internal.WebUIKeywordMain.runKeyword(WebUIKeywordMain.groovy:26)
	at com.kms.katalon.core.webui.keyword.builtin.VerifyElementPresentKeyword.verifyElementPresent(VerifyElementPresentKeyword.groovy:92)
	at com.kms.katalon.core.webui.keyword.builtin.VerifyElementPresentKeyword.execute(VerifyElementPresentKeyword.groovy:68)
	at com.kms.katalon.core.keyword.internal.KeywordExecutor.executeKeywordForPlatform(KeywordExecutor.groovy:74)
	at com.kms.katalon.core.webui.keyword.WebUiBuiltInKeywords.verifyElementPresent(WebUiBuiltInKeywords.groovy:1464)
	at com.kms.katalon.core.webui.keyword.WebUiBuiltInKeywords$verifyElementPresent$6.call(Unknown Source)
	at PMHwaueiTopX.TopX(PMHwaueiTopX.groovy:1593)
	at PMHwaueiTopX.invokeMethod(PMHwaueiTopX.groovy)
	at com.kms.katalon.core.main.CustomKeywordDelegatingMetaClass.invokeStaticMethod(CustomKeywordDelegatingMetaClass.java:55)
	at TopX 2G Cluster default.run(TopX 2G Cluster default:29)
	at com.kms.katalon.core.main.ScriptEngine.run(ScriptEngine.java:194)
	at com.kms.katalon.core.main.ScriptEngine.runScriptAsRawText(ScriptEngine.java:119)
	at com.kms.katalon.core.main.TestCaseExecutor.runScript(TestCaseExecutor.java:448)
	at com.kms.katalon.core.main.TestCaseExecutor.doExecute(TestCaseExecutor.java:439)
	at com.kms.katalon.core.main.TestCaseExecutor.processExecutionPhase(TestCaseExecutor.java:418)
	at com.kms.katalon.core.main.TestCaseExecutor.accessMainPhase(TestCaseExecutor.java:410)
	at com.kms.katalon.core.main.TestCaseExecutor.execute(TestCaseExecutor.java:285)
	at com.kms.katalon.core.common.CommonExecutor.accessTestCaseMainPhase(CommonExecutor.java:65)
	at com.kms.katalon.core.main.TestSuiteExecutor.accessTestSuiteMainPhase(TestSuiteExecutor.java:148)
	at com.kms.katalon.core.main.TestSuiteExecutor.execute(TestSuiteExecutor.java:106)
	at com.kms.katalon.core.main.TestCaseMain.startTestSuite(TestCaseMain.java:187)
	at com.kms.katalon.core.main.TestCaseMain$startTestSuite$0.call(Unknown Source)
	at TempTestSuite1722766020200.run(TempTestSuite1722766020200.groovy:35)
Caused by: com.kms.katalon.core.exception.StepFailedException: com.kms.katalon.core.webui.exception.WebElementNotFoundException: Web element with id: 'Object Repository/PM/Huawei-vendor/Chart' located by '//*[@id="chart-container"]/div/app-main-chart-component[1]/div/div[2]/div[2]/div/div/div[1]/canvas' not found
	at com.kms.katalon.core.webui.keyword.internal.WebUIKeywordMain.stepFailed(WebUIKeywordMain.groovy:64)
	at com.kms.katalon.core.webui.keyword.builtin.VerifyElementPresentKeyword$_verifyElementPresent_closure1.doCall(VerifyElementPresentKeyword.groovy:85)
	at com.kms.katalon.core.webui.keyword.builtin.VerifyElementPresentKeyword$_verifyElementPresent_closure1.call(VerifyElementPresentKeyword.groovy)
	at com.kms.katalon.core.webui.keyword.internal.WebUIKeywordMain.runKeyword(WebUIKeywordMain.groovy:20)
	... 22 more
)
[[ATTACHMENT|C:\\Users\\FatimaIbeid\\git\\NetCell\\Reports\\20240804_130700\\PM\\Hwauei\\TopX\\Regression TopX 2G\\20240804_130700\\1722768434552.png]]

2024-08-04 13:47:15 - [MESSAGE][FAILED] - Unable to verify object 'Object Repository/PM/Huawei-vendor/Chart' is present]]></system-out>
         <system-err><![CDATA[2024-08-04 13:44:31 - [TEST_CASE][FAILED] - Test Cases/PM/Hwauei/TopX/2G TopX/XCluster/TopX 2G Cluster default: Test Cases/PM/Hwauei/TopX/2G TopX/XCluster/TopX 2G Cluster default FAILED.
Reason:
com.kms.katalon.core.exception.StepFailedException: Unable to verify object 'Object Repository/PM/Huawei-vendor/Chart' is present
	at com.kms.katalon.core.webui.keyword.internal.WebUIKeywordMain.stepFailed(WebUIKeywordMain.groovy:64)
	at com.kms.katalon.core.webui.keyword.internal.WebUIKeywordMain.runKeyword(WebUIKeywordMain.groovy:26)
	at com.kms.katalon.core.webui.keyword.builtin.VerifyElementPresentKeyword.verifyElementPresent(VerifyElementPresentKeyword.groovy:92)
	at com.kms.katalon.core.webui.keyword.builtin.VerifyElementPresentKeyword.execute(VerifyElementPresentKeyword.groovy:68)
	at com.kms.katalon.core.keyword.internal.KeywordExecutor.executeKeywordForPlatform(KeywordExecutor.groovy:74)
	at com.kms.katalon.core.webui.keyword.WebUiBuiltInKeywords.verifyElementPresent(WebUiBuiltInKeywords.groovy:1464)
	at com.kms.katalon.core.webui.keyword.WebUiBuiltInKeywords$verifyElementPresent$6.call(Unknown Source)
	at PMHwaueiTopX.TopX(PMHwaueiTopX.groovy:1593)
	at PMHwaueiTopX.invokeMethod(PMHwaueiTopX.groovy)
	at com.kms.katalon.core.main.CustomKeywordDelegatingMetaClass.invokeStaticMethod(CustomKeywordDelegatingMetaClass.java:55)
	at TopX 2G Cluster default.run(TopX 2G Cluster default:29)
	at com.kms.katalon.core.main.ScriptEngine.run(ScriptEngine.java:194)
	at com.kms.katalon.core.main.ScriptEngine.runScriptAsRawText(ScriptEngine.java:119)
	at com.kms.katalon.core.main.TestCaseExecutor.runScript(TestCaseExecutor.java:448)
	at com.kms.katalon.core.main.TestCaseExecutor.doExecute(TestCaseExecutor.java:439)
	at com.kms.katalon.core.main.TestCaseExecutor.processExecutionPhase(TestCaseExecutor.java:418)
	at com.kms.katalon.core.main.TestCaseExecutor.accessMainPhase(TestCaseExecutor.java:410)
	at com.kms.katalon.core.main.TestCaseExecutor.execute(TestCaseExecutor.java:285)
	at com.kms.katalon.core.common.CommonExecutor.accessTestCaseMainPhase(CommonExecutor.java:65)
	at com.kms.katalon.core.main.TestSuiteExecutor.accessTestSuiteMainPhase(TestSuiteExecutor.java:148)
	at com.kms.katalon.core.main.TestSuiteExecutor.execute(TestSuiteExecutor.java:106)
	at com.kms.katalon.core.main.TestCaseMain.startTestSuite(TestCaseMain.java:187)
	at com.kms.katalon.core.main.TestCaseMain$startTestSuite$0.call(Unknown Source)
	at TempTestSuite1722766020200.run(TempTestSuite1722766020200.groovy:35)
Caused by: com.kms.katalon.core.exception.StepFailedException: com.kms.katalon.core.webui.exception.WebElementNotFoundException: Web element with id: 'Object Repository/PM/Huawei-vendor/Chart' located by '//*[@id="chart-container"]/div/app-main-chart-component[1]/div/div[2]/div[2]/div/div/div[1]/canvas' not found
	at com.kms.katalon.core.webui.keyword.internal.WebUIKeywordMain.stepFailed(WebUIKeywordMain.groovy:64)
	at com.kms.katalon.core.webui.keyword.builtin.VerifyElementPresentKeyword$_verifyElementPresent_closure1.doCall(VerifyElementPresentKeyword.groovy:85)
	at com.kms.katalon.core.webui.keyword.builtin.VerifyElementPresentKeyword$_verifyElementPresent_closure1.call(VerifyElementPresentKeyword.groovy)
	at com.kms.katalon.core.webui.keyword.internal.WebUIKeywordMain.runKeyword(WebUIKeywordMain.groovy:20)
	... 22 more]]></system-err>
      </testcase>
      <testcase name="Test Cases/PM/Hwauei/TopX/2G TopX/XCluster/TopX 2G Cluster with LowX" time="41.657" classname="Test Cases/PM/Hwauei/TopX/2G TopX/XCluster/TopX 2G Cluster with LowX" status="PASSED">
         <system-out><![CDATA[2024-08-04 13:47:15 - [TEST_CASE][PASSED] - Test Cases/PM/Hwauei/TopX/2G TopX/XCluster/TopX 2G Cluster with LowX: Test Cases/PM/Hwauei/TopX/2G TopX/XCluster/TopX 2G Cluster with LowX

2024-08-04 13:47:15 - [TEST_STEP][PASSED] - callTestCase(findTestCase("Login"), [:], STOP_ON_FAILURE): Call Test Case 'Test Cases/Login' successfully

2024-08-04 13:47:15 - [TEST_CASE][PASSED] - Test Cases/Login: Test Cases/Login

2024-08-04 13:47:15 - [TEST_STEP][PASSED] - driver = general.start(SwagerURL, NetCellURL): general.start is PASSED

2024-08-04 13:47:15 - [MESSAGE][INFO] - >>> chromeDriverPath=C:\Users\FatimaIbeid\.katalon\packages\Katalon_Studio_Windows_64-8.6.9\Katalon_Studio_Windows_64-8.6.9\configuration\resources\drivers\chromedriver_win32\chromedriver.exe

2024-08-04 13:47:16 - [MESSAGE][PASSED] - Current window maximized

2024-08-04 13:47:17 - [MESSAGE][PASSED] - Execute JavaScript 'window.open();' successfully

2024-08-04 13:47:17 - [MESSAGE][PASSED] - Switched to window with index: '1'

2024-08-04 13:47:29 - [MESSAGE][PASSED] - general.start is PASSED

2024-08-04 13:47:29 - [TEST_STEP][PASSED] - click(findTestObject("Object Repository/Login/LoginButton")): Object: 'Object Repository/Login/LoginButton' is clicked on

2024-08-04 13:47:29 - [MESSAGE][PASSED] - Object: 'Object Repository/Login/LoginButton' is clicked on

2024-08-04 13:47:29 - [TEST_STEP][PASSED] - switchToWindowIndex(2): Switched to window with index: '2'

2024-08-04 13:47:29 - [MESSAGE][PASSED] - Switched to window with index: '2'

2024-08-04 13:47:29 - [TEST_STEP][PASSED] - delay(1): Delayed 1 second(s)

2024-08-04 13:47:30 - [MESSAGE][PASSED] - Delayed 1 second(s)

2024-08-04 13:47:30 - [TEST_STEP][PASSED] - sendKeys(findTestObject("Object Repository/Login/EnterEmail"), "homam@zztjg.onmicrosoft.com"): Keys 'homam@zztjg.onmicrosoft.com' sent to object: 'Object Repository/Login/EnterEmail'

2024-08-04 13:47:32 - [MESSAGE][PASSED] - Keys 'homam@zztjg.onmicrosoft.com' sent to object: 'Object Repository/Login/EnterEmail'

2024-08-04 13:47:32 - [TEST_STEP][PASSED] - delay(1): Delayed 1 second(s)

2024-08-04 13:47:33 - [MESSAGE][PASSED] - Delayed 1 second(s)

2024-08-04 13:47:33 - [TEST_STEP][PASSED] - click(findTestObject("Object Repository/Login/NextButton")): Object: 'Object Repository/Login/NextButton' is clicked on

2024-08-04 13:47:33 - [MESSAGE][PASSED] - Object: 'Object Repository/Login/NextButton' is clicked on

2024-08-04 13:47:33 - [TEST_STEP][PASSED] - delay(2): Delayed 2 second(s)

2024-08-04 13:47:35 - [MESSAGE][PASSED] - Delayed 2 second(s)

2024-08-04 13:47:35 - [TEST_STEP][PASSED] - sendKeys(findTestObject("Object Repository/Login/EnterPassword"), "Holder12345"): Keys 'Holder12345' sent to object: 'Object Repository/Login/EnterPassword'

2024-08-04 13:47:35 - [MESSAGE][PASSED] - Keys 'Holder12345' sent to object: 'Object Repository/Login/EnterPassword'

2024-08-04 13:47:35 - [TEST_STEP][PASSED] - delay(1): Delayed 1 second(s)

2024-08-04 13:47:36 - [MESSAGE][PASSED] - Delayed 1 second(s)

2024-08-04 13:47:36 - [TEST_STEP][PASSED] - click(findTestObject("Object Repository/Login/SigninButton")): Object: 'Object Repository/Login/SigninButton' is clicked on

2024-08-04 13:47:37 - [MESSAGE][PASSED] - Object: 'Object Repository/Login/SigninButton' is clicked on

2024-08-04 13:47:37 - [TEST_STEP][PASSED] - delay(1): Delayed 1 second(s)

2024-08-04 13:47:38 - [MESSAGE][PASSED] - Delayed 1 second(s)

2024-08-04 13:47:38 - [TEST_STEP][PASSED] - click(findTestObject("Object Repository/Login/YesStayInButton")): Object: 'Object Repository/Login/YesStayInButton' is clicked on

2024-08-04 13:47:38 - [MESSAGE][PASSED] - Object: 'Object Repository/Login/YesStayInButton' is clicked on

2024-08-04 13:47:38 - [MESSAGE][PASSED] - Call Test Case 'Test Cases/Login' successfully

2024-08-04 13:47:38 - [TEST_STEP][PASSED] - switchToWindowIndex(1): Switched to window with index: '1'

2024-08-04 13:47:38 - [MESSAGE][PASSED] - Switched to window with index: '1'

2024-08-04 13:47:38 - [TEST_STEP][PASSED] - PMHwaueiTopX.TopX("2G", "Cluster", true, "Hourly", true, null): PMHwaueiTopX.TopX is PASSED

2024-08-04 13:47:39 - [MESSAGE][PASSED] - Object: 'Object Repository/PM/PM-Button' is clicked on

2024-08-04 13:47:39 - [MESSAGE][PASSED] - Switched to window with index: '2'

2024-08-04 13:47:41 - [MESSAGE][PASSED] - Object: 'Object Repository/PM/Huawei-vendor/Data-view/TopX' is clicked on

2024-08-04 13:47:41 - [MESSAGE][PASSED] - Object: 'Object Repository/PM/Huawei-vendor/Technology/Technology-Arrow' is clicked on

2024-08-04 13:47:41 - [MESSAGE][PASSED] - Object: 'Object Repository/PM/Huawei-vendor/Technology/2G' is clicked on

2024-08-04 13:47:41 - [MESSAGE][PASSED] - Object: 'Object Repository/PM/Huawei-vendor/TopX/TopX Object Type' is clicked on

2024-08-04 13:47:42 - [MESSAGE][PASSED] - Delayed 1 second(s)

2024-08-04 13:47:42 - [MESSAGE][PASSED] - Object: 'Object Repository/PM/Huawei-vendor/Object-Type/TopX Object Types/TopX Clusters/TopX Cluster' is clicked on

2024-08-04 13:47:43 - [MESSAGE][PASSED] - Delayed 1 second(s)

2024-08-04 13:47:43 - [MESSAGE][WARNING] - Timeout '0' is invalid. Using default page load timeout: '120'

2024-08-04 13:47:44 - [MESSAGE][PASSED] - Scroll to object 'Object Repository/PM/Huawei-vendor/Object Border' successfully

2024-08-04 13:47:44 - [MESSAGE][PASSED] - Object: 'Object Repository/PM/Huawei-vendor/Object-Type/TopX Object Types/TopX Region Bands/TopX FDD Arrow' is clicked on

2024-08-04 13:47:44 - [MESSAGE][PASSED] - Object: 'Object Repository/PM/Huawei-vendor/Object-Type/TopX Object Types/TopX Regions/TopX Region East Amman' is clicked on

2024-08-04 13:47:44 - [MESSAGE][PASSED] - Object: 'Object Repository/PM/Huawei-vendor/Object-Type/TopX Object Types/TopX Regions/TopX Region West Amman' is clicked on

2024-08-04 13:47:44 - [MESSAGE][PASSED] - Object: 'Object Repository/PM/Huawei-vendor/Object-Type/TopX Object Types/TopX Regions/TopX Region South Jordan' is clicked on

2024-08-04 13:47:44 - [MESSAGE][PASSED] - Object: 'Object Repository/PM/Huawei-vendor/Object-Type/TopX Object Types/TopX Regions/TopX Region North Jordan' is clicked on

2024-08-04 13:47:44 - [MESSAGE][PASSED] - Object: 'Object Repository/PM/Huawei-vendor/Object-Type/TopX Object Types/TopX Region Bands/TopX FDD Close Arrow' is clicked on

2024-08-04 13:47:45 - [MESSAGE][PASSED] - Object: 'Object Repository/PM/Huawei-vendor/Object-Type/TopX Object Types/TopX Region Bands/TopX TDD Arrow' is clicked on

2024-08-04 13:47:45 - [MESSAGE][PASSED] - Object: 'Object Repository/PM/Huawei-vendor/Object-Type/TopX Object Types/TopX Regions/TopX Region East Jordan' is clicked on

2024-08-04 13:47:45 - [MESSAGE][PASSED] - Object: 'Object Repository/PM/Huawei-vendor/Object-Type/TopX Object Types/TopX Regions/TopX Region Others' is clicked on

2024-08-04 13:47:45 - [MESSAGE][PASSED] - Object: 'Object Repository/PM/Huawei-vendor/Object-Type/TopX Object Types/TopX Regions/TopX Region South Amman' is clicked on

2024-08-04 13:47:45 - [MESSAGE][PASSED] - Object: 'Object Repository/PM/Huawei-vendor/Object-Type/TopX Object Types/TopX Region Bands/TopX TDD Close Arrow' is clicked on

2024-08-04 13:47:45 - [MESSAGE][WARNING] - Timeout '0' is invalid. Using default page load timeout: '120'

2024-08-04 13:47:45 - [MESSAGE][PASSED] - Scroll to object 'Object Repository/PM/Huawei-vendor/LowXlabel' successfully

2024-08-04 13:47:45 - [MESSAGE][PASSED] - Object: 'Object Repository/PM/Huawei-vendor/TopX/TopXDate/BeforeDate' is clicked on

2024-08-04 13:47:46 - [MESSAGE][PASSED] - Delayed 1 second(s)

2024-08-04 13:47:46 - [MESSAGE][PASSED] - Object: 'Object Repository/PM/Huawei-vendor/TopX/TopXDate/Choose Month' is clicked on

2024-08-04 13:47:47 - [MESSAGE][PASSED] - Delayed 1 second(s)

2024-08-04 13:47:48 - [MESSAGE][PASSED] - Object: 'Object Repository/PM/Huawei-vendor/TopX/TopXDate/Feb' is clicked on

2024-08-04 13:47:48 - [MESSAGE][PASSED] - Object: 'Object Repository/PM/Huawei-vendor/TopX/TopXDate/Day 1' is clicked on

2024-08-04 13:47:48 - [MESSAGE][PASSED] - Object: 'Object Repository/PM/Huawei-vendor/TopX/TopXDate/Button OK' is clicked on

2024-08-04 13:47:48 - [MESSAGE][PASSED] - Object: 'Object Repository/PM/Huawei-vendor/TopX/TopXDate/After Date' is clicked on

2024-08-04 13:47:49 - [MESSAGE][PASSED] - Delayed 1 second(s)

2024-08-04 13:47:49 - [MESSAGE][PASSED] - Object: 'Object Repository/PM/Huawei-vendor/TopX/TopXDate/Choose Month' is clicked on

2024-08-04 13:47:50 - [MESSAGE][PASSED] - Delayed 1 second(s)

2024-08-04 13:47:51 - [MESSAGE][PASSED] - Object: 'Object Repository/PM/Huawei-vendor/TopX/TopXDate/Feb' is clicked on

2024-08-04 13:47:51 - [MESSAGE][PASSED] - Object: 'Object Repository/PM/Huawei-vendor/TopX/TopXDate/Day 7' is clicked on

2024-08-04 13:47:51 - [MESSAGE][PASSED] - Object: 'Object Repository/PM/Huawei-vendor/TopX/TopXDate/Button OK' is clicked on

2024-08-04 13:47:51 - [MESSAGE][PASSED] - Object: 'Object Repository/PM/Huawei-vendor/LowXCheckBox' is clicked on

2024-08-04 13:47:51 - [MESSAGE][PASSED] - Object: 'Object Repository/PM/Huawei-vendor/Apply-Button' is clicked on

2024-08-04 13:47:51 - [MESSAGE][WARNING] - Timeout '0' is invalid. Using default page load timeout: '120'

2024-08-04 13:47:51 - [MESSAGE][PASSED] - Web element with id: 'Object Repository/PM/Huawei-vendor/Error' located by 'By.xpath: //div[@class='toast-summary title-medium-m']' is not present after '120' second(s)

2024-08-04 13:47:51 - [MESSAGE][WARNING] - Timeout '0' is invalid. Using default page load timeout: '120'

2024-08-04 13:47:55 - [MESSAGE][PASSED] - Object 'Object Repository/PM/Huawei-vendor/Chart' is present

2024-08-04 13:47:55 - [MESSAGE][WARNING] - Timeout '0' is invalid. Using default page load timeout: '120'

2024-08-04 13:47:55 - [MESSAGE][PASSED] - Object 'Object Repository/PM/Huawei-vendor/TopX/TopX Export Chart' is present

2024-08-04 13:47:55 - [MESSAGE][WARNING] - Timeout '0' is invalid. Using default page load timeout: '120'

2024-08-04 13:47:55 - [MESSAGE][PASSED] - Object 'Object Repository/PM/Huawei-vendor/TopX/Table View' is present

2024-08-04 13:47:55 - [MESSAGE][PASSED] - Object: 'Object Repository/PM/Huawei-vendor/TopX/Table View' is clicked on

2024-08-04 13:47:56 - [MESSAGE][PASSED] - Object: 'Object Repository/PM/Huawei-vendor/TopX/Reordering the table view' is clicked on

2024-08-04 13:47:56 - [MESSAGE][PASSED] - Browser is closed

2024-08-04 13:47:56 - [MESSAGE][PASSED] - PMHwaueiTopX.TopX is PASSED]]></system-out>
         <system-err><![CDATA[]]></system-err>
      </testcase>
      <testcase name="Test Cases/PM/Hwauei/TopX/2G TopX/XCluster/TopX 2G Cluster Daily" time="162.037" classname="Test Cases/PM/Hwauei/TopX/2G TopX/XCluster/TopX 2G Cluster Daily" status="FAILED">
         <failure type="FAILED" message="Test Cases/PM/Hwauei/TopX/2G TopX/XCluster/TopX 2G Cluster Daily FAILED.
Reason:
com.kms.katalon.core.exception.StepFailedException: Unable to verify object 'Object Repository/PM/Huawei-vendor/Chart' is present
	at com.kms.katalon.core.webui.keyword.internal.WebUIKeywordMain.stepFailed(WebUIKeywordMain.groovy:64)
	at com.kms.katalon.core.webui.keyword.internal.WebUIKeywordMain.runKeyword(WebUIKeywordMain.groovy:26)
	at com.kms.katalon.core.webui.keyword.builtin.VerifyElementPresentKeyword.verifyElementPresent(VerifyElementPresentKeyword.groovy:92)
	at com.kms.katalon.core.webui.keyword.builtin.VerifyElementPresentKeyword.execute(VerifyElementPresentKeyword.groovy:68)
	at com.kms.katalon.core.keyword.internal.KeywordExecutor.executeKeywordForPlatform(KeywordExecutor.groovy:74)
	at com.kms.katalon.core.webui.keyword.WebUiBuiltInKeywords.verifyElementPresent(WebUiBuiltInKeywords.groovy:1464)
	at com.kms.katalon.core.webui.keyword.WebUiBuiltInKeywords$verifyElementPresent$6.call(Unknown Source)
	at PMHwaueiTopX.TopX(PMHwaueiTopX.groovy:1593)
	at PMHwaueiTopX.invokeMethod(PMHwaueiTopX.groovy)
	at com.kms.katalon.core.main.CustomKeywordDelegatingMetaClass.invokeStaticMethod(CustomKeywordDelegatingMetaClass.java:55)
	at TopX 2G Cluster Daily.run(TopX 2G Cluster Daily:29)
	at com.kms.katalon.core.main.ScriptEngine.run(ScriptEngine.java:194)
	at com.kms.katalon.core.main.ScriptEngine.runScriptAsRawText(ScriptEngine.java:119)
	at com.kms.katalon.core.main.TestCaseExecutor.runScript(TestCaseExecutor.java:448)
	at com.kms.katalon.core.main.TestCaseExecutor.doExecute(TestCaseExecutor.java:439)
	at com.kms.katalon.core.main.TestCaseExecutor.processExecutionPhase(TestCaseExecutor.java:418)
	at com.kms.katalon.core.main.TestCaseExecutor.accessMainPhase(TestCaseExecutor.java:410)
	at com.kms.katalon.core.main.TestCaseExecutor.execute(TestCaseExecutor.java:285)
	at com.kms.katalon.core.common.CommonExecutor.accessTestCaseMainPhase(CommonExecutor.java:65)
	at com.kms.katalon.core.main.TestSuiteExecutor.accessTestSuiteMainPhase(TestSuiteExecutor.java:148)
	at com.kms.katalon.core.main.TestSuiteExecutor.execute(TestSuiteExecutor.java:106)
	at com.kms.katalon.core.main.TestCaseMain.startTestSuite(TestCaseMain.java:187)
	at com.kms.katalon.core.main.TestCaseMain$startTestSuite$0.call(Unknown Source)
	at TempTestSuite1722766020200.run(TempTestSuite1722766020200.groovy:35)
Caused by: com.kms.katalon.core.exception.StepFailedException: com.kms.katalon.core.webui.exception.WebElementNotFoundException: Web element with id: 'Object Repository/PM/Huawei-vendor/Chart' located by '//*[@id=&quot;chart-container&quot;]/div/app-main-chart-component[1]/div/div[2]/div[2]/div/div/div[1]/canvas' not found
	at com.kms.katalon.core.webui.keyword.internal.WebUIKeywordMain.stepFailed(WebUIKeywordMain.groovy:64)
	at com.kms.katalon.core.webui.keyword.builtin.VerifyElementPresentKeyword$_verifyElementPresent_closure1.doCall(VerifyElementPresentKeyword.groovy:85)
	at com.kms.katalon.core.webui.keyword.builtin.VerifyElementPresentKeyword$_verifyElementPresent_closure1.call(VerifyElementPresentKeyword.groovy)
	at com.kms.katalon.core.webui.keyword.internal.WebUIKeywordMain.runKeyword(WebUIKeywordMain.groovy:20)
	... 22 more
"/>
         <system-out><![CDATA[2024-08-04 13:47:56 - [TEST_CASE][FAILED] - Test Cases/PM/Hwauei/TopX/2G TopX/XCluster/TopX 2G Cluster Daily: Test Cases/PM/Hwauei/TopX/2G TopX/XCluster/TopX 2G Cluster Daily FAILED.
Reason:
com.kms.katalon.core.exception.StepFailedException: Unable to verify object 'Object Repository/PM/Huawei-vendor/Chart' is present
	at com.kms.katalon.core.webui.keyword.internal.WebUIKeywordMain.stepFailed(WebUIKeywordMain.groovy:64)
	at com.kms.katalon.core.webui.keyword.internal.WebUIKeywordMain.runKeyword(WebUIKeywordMain.groovy:26)
	at com.kms.katalon.core.webui.keyword.builtin.VerifyElementPresentKeyword.verifyElementPresent(VerifyElementPresentKeyword.groovy:92)
	at com.kms.katalon.core.webui.keyword.builtin.VerifyElementPresentKeyword.execute(VerifyElementPresentKeyword.groovy:68)
	at com.kms.katalon.core.keyword.internal.KeywordExecutor.executeKeywordForPlatform(KeywordExecutor.groovy:74)
	at com.kms.katalon.core.webui.keyword.WebUiBuiltInKeywords.verifyElementPresent(WebUiBuiltInKeywords.groovy:1464)
	at com.kms.katalon.core.webui.keyword.WebUiBuiltInKeywords$verifyElementPresent$6.call(Unknown Source)
	at PMHwaueiTopX.TopX(PMHwaueiTopX.groovy:1593)
	at PMHwaueiTopX.invokeMethod(PMHwaueiTopX.groovy)
	at com.kms.katalon.core.main.CustomKeywordDelegatingMetaClass.invokeStaticMethod(CustomKeywordDelegatingMetaClass.java:55)
	at TopX 2G Cluster Daily.run(TopX 2G Cluster Daily:29)
	at com.kms.katalon.core.main.ScriptEngine.run(ScriptEngine.java:194)
	at com.kms.katalon.core.main.ScriptEngine.runScriptAsRawText(ScriptEngine.java:119)
	at com.kms.katalon.core.main.TestCaseExecutor.runScript(TestCaseExecutor.java:448)
	at com.kms.katalon.core.main.TestCaseExecutor.doExecute(TestCaseExecutor.java:439)
	at com.kms.katalon.core.main.TestCaseExecutor.processExecutionPhase(TestCaseExecutor.java:418)
	at com.kms.katalon.core.main.TestCaseExecutor.accessMainPhase(TestCaseExecutor.java:410)
	at com.kms.katalon.core.main.TestCaseExecutor.execute(TestCaseExecutor.java:285)
	at com.kms.katalon.core.common.CommonExecutor.accessTestCaseMainPhase(CommonExecutor.java:65)
	at com.kms.katalon.core.main.TestSuiteExecutor.accessTestSuiteMainPhase(TestSuiteExecutor.java:148)
	at com.kms.katalon.core.main.TestSuiteExecutor.execute(TestSuiteExecutor.java:106)
	at com.kms.katalon.core.main.TestCaseMain.startTestSuite(TestCaseMain.java:187)
	at com.kms.katalon.core.main.TestCaseMain$startTestSuite$0.call(Unknown Source)
	at TempTestSuite1722766020200.run(TempTestSuite1722766020200.groovy:35)
Caused by: com.kms.katalon.core.exception.StepFailedException: com.kms.katalon.core.webui.exception.WebElementNotFoundException: Web element with id: 'Object Repository/PM/Huawei-vendor/Chart' located by '//*[@id="chart-container"]/div/app-main-chart-component[1]/div/div[2]/div[2]/div/div/div[1]/canvas' not found
	at com.kms.katalon.core.webui.keyword.internal.WebUIKeywordMain.stepFailed(WebUIKeywordMain.groovy:64)
	at com.kms.katalon.core.webui.keyword.builtin.VerifyElementPresentKeyword$_verifyElementPresent_closure1.doCall(VerifyElementPresentKeyword.groovy:85)
	at com.kms.katalon.core.webui.keyword.builtin.VerifyElementPresentKeyword$_verifyElementPresent_closure1.call(VerifyElementPresentKeyword.groovy)
	at com.kms.katalon.core.webui.keyword.internal.WebUIKeywordMain.runKeyword(WebUIKeywordMain.groovy:20)
	... 22 more


2024-08-04 13:47:57 - [TEST_STEP][PASSED] - callTestCase(findTestCase("Login"), [:], STOP_ON_FAILURE): Call Test Case 'Test Cases/Login' successfully

2024-08-04 13:47:57 - [TEST_CASE][PASSED] - Test Cases/Login: Test Cases/Login

2024-08-04 13:47:57 - [TEST_STEP][PASSED] - driver = general.start(SwagerURL, NetCellURL): general.start is PASSED

2024-08-04 13:47:57 - [MESSAGE][INFO] - >>> chromeDriverPath=C:\Users\FatimaIbeid\.katalon\packages\Katalon_Studio_Windows_64-8.6.9\Katalon_Studio_Windows_64-8.6.9\configuration\resources\drivers\chromedriver_win32\chromedriver.exe

2024-08-04 13:47:58 - [MESSAGE][PASSED] - Current window maximized

2024-08-04 13:47:58 - [MESSAGE][PASSED] - Execute JavaScript 'window.open();' successfully

2024-08-04 13:47:58 - [MESSAGE][PASSED] - Switched to window with index: '1'

2024-08-04 13:47:59 - [MESSAGE][PASSED] - general.start is PASSED

2024-08-04 13:47:59 - [TEST_STEP][PASSED] - click(findTestObject("Object Repository/Login/LoginButton")): Object: 'Object Repository/Login/LoginButton' is clicked on

2024-08-04 13:48:11 - [MESSAGE][PASSED] - Object: 'Object Repository/Login/LoginButton' is clicked on

2024-08-04 13:48:11 - [TEST_STEP][PASSED] - switchToWindowIndex(2): Switched to window with index: '2'

2024-08-04 13:48:12 - [MESSAGE][PASSED] - Switched to window with index: '2'

2024-08-04 13:48:12 - [TEST_STEP][PASSED] - delay(1): Delayed 1 second(s)

2024-08-04 13:48:13 - [MESSAGE][PASSED] - Delayed 1 second(s)

2024-08-04 13:48:13 - [TEST_STEP][PASSED] - sendKeys(findTestObject("Object Repository/Login/EnterEmail"), "homam@zztjg.onmicrosoft.com"): Keys 'homam@zztjg.onmicrosoft.com' sent to object: 'Object Repository/Login/EnterEmail'

2024-08-04 13:48:13 - [MESSAGE][PASSED] - Keys 'homam@zztjg.onmicrosoft.com' sent to object: 'Object Repository/Login/EnterEmail'

2024-08-04 13:48:13 - [TEST_STEP][PASSED] - delay(1): Delayed 1 second(s)

2024-08-04 13:48:14 - [MESSAGE][PASSED] - Delayed 1 second(s)

2024-08-04 13:48:14 - [TEST_STEP][PASSED] - click(findTestObject("Object Repository/Login/NextButton")): Object: 'Object Repository/Login/NextButton' is clicked on

2024-08-04 13:48:15 - [MESSAGE][PASSED] - Object: 'Object Repository/Login/NextButton' is clicked on

2024-08-04 13:48:15 - [TEST_STEP][PASSED] - delay(2): Delayed 2 second(s)

2024-08-04 13:48:17 - [MESSAGE][PASSED] - Delayed 2 second(s)

2024-08-04 13:48:17 - [TEST_STEP][PASSED] - sendKeys(findTestObject("Object Repository/Login/EnterPassword"), "Holder12345"): Keys 'Holder12345' sent to object: 'Object Repository/Login/EnterPassword'

2024-08-04 13:48:17 - [MESSAGE][PASSED] - Keys 'Holder12345' sent to object: 'Object Repository/Login/EnterPassword'

2024-08-04 13:48:17 - [TEST_STEP][PASSED] - delay(1): Delayed 1 second(s)

2024-08-04 13:48:18 - [MESSAGE][PASSED] - Delayed 1 second(s)

2024-08-04 13:48:18 - [TEST_STEP][PASSED] - click(findTestObject("Object Repository/Login/SigninButton")): Object: 'Object Repository/Login/SigninButton' is clicked on

2024-08-04 13:48:18 - [MESSAGE][PASSED] - Object: 'Object Repository/Login/SigninButton' is clicked on

2024-08-04 13:48:18 - [TEST_STEP][PASSED] - delay(1): Delayed 1 second(s)

2024-08-04 13:48:19 - [MESSAGE][PASSED] - Delayed 1 second(s)

2024-08-04 13:48:19 - [TEST_STEP][PASSED] - click(findTestObject("Object Repository/Login/YesStayInButton")): Object: 'Object Repository/Login/YesStayInButton' is clicked on

2024-08-04 13:48:20 - [MESSAGE][PASSED] - Object: 'Object Repository/Login/YesStayInButton' is clicked on

2024-08-04 13:48:20 - [MESSAGE][PASSED] - Call Test Case 'Test Cases/Login' successfully

2024-08-04 13:48:20 - [TEST_STEP][PASSED] - switchToWindowIndex(1): Switched to window with index: '1'

2024-08-04 13:48:20 - [MESSAGE][PASSED] - Switched to window with index: '1'

2024-08-04 13:48:20 - [TEST_STEP][FAILED] - PMHwaueiTopX.TopX("2G", "Cluster", false, "Daily", false, null): Unable to verify object 'Object Repository/PM/Huawei-vendor/Chart' is present

2024-08-04 13:48:20 - [MESSAGE][PASSED] - Object: 'Object Repository/PM/PM-Button' is clicked on

2024-08-04 13:48:20 - [MESSAGE][PASSED] - Switched to window with index: '2'

2024-08-04 13:48:23 - [MESSAGE][PASSED] - Object: 'Object Repository/PM/Huawei-vendor/Data-view/TopX' is clicked on

2024-08-04 13:48:23 - [MESSAGE][PASSED] - Object: 'Object Repository/PM/Huawei-vendor/Technology/Technology-Arrow' is clicked on

2024-08-04 13:48:23 - [MESSAGE][PASSED] - Object: 'Object Repository/PM/Huawei-vendor/Technology/2G' is clicked on

2024-08-04 13:48:23 - [MESSAGE][PASSED] - Object: 'Object Repository/PM/Huawei-vendor/TopX/TopX Object Type' is clicked on

2024-08-04 13:48:24 - [MESSAGE][PASSED] - Delayed 1 second(s)

2024-08-04 13:48:25 - [MESSAGE][PASSED] - Object: 'Object Repository/PM/Huawei-vendor/Object-Type/TopX Object Types/TopX Clusters/TopX Cluster' is clicked on

2024-08-04 13:48:26 - [MESSAGE][PASSED] - Delayed 1 second(s)

2024-08-04 13:48:26 - [MESSAGE][WARNING] - Timeout '0' is invalid. Using default page load timeout: '120'

2024-08-04 13:48:26 - [MESSAGE][PASSED] - Scroll to object 'Object Repository/PM/Huawei-vendor/Object Border' successfully

2024-08-04 13:48:26 - [MESSAGE][PASSED] - Object: 'Object Repository/PM/Huawei-vendor/Object-Type/TopX Object Types/TopX Region Bands/TopX FDD Arrow' is clicked on

2024-08-04 13:48:26 - [MESSAGE][PASSED] - Object: 'Object Repository/PM/Huawei-vendor/Object-Type/TopX Object Types/TopX Sites/TopX East Amman Arrow' is clicked on

2024-08-04 13:48:26 - [MESSAGE][PASSED] - Object: 'Object Repository/PM/Huawei-vendor/Object-Type/TopX Object Types/TopX Cluster Bands/TopX East Amman Cluster 3' is clicked on

2024-08-04 13:48:27 - [MESSAGE][PASSED] - Object: 'Object Repository/PM/Huawei-vendor/Object-Type/TopX Object Types/TopX Cluster Bands/TopX East Amman Cluster 13' is clicked on

2024-08-04 13:48:27 - [MESSAGE][PASSED] - Object: 'Object Repository/PM/Huawei-vendor/Object-Type/TopX Object Types/TopX Sites/TopX East Amman CloseArrow' is clicked on

2024-08-04 13:48:27 - [MESSAGE][PASSED] - Object: 'Object Repository/PM/Huawei-vendor/Object-Type/TopX Object Types/TopX Sites/TopX West Amman Arrow' is clicked on

2024-08-04 13:48:27 - [MESSAGE][PASSED] - Object: 'Object Repository/PM/Huawei-vendor/Object-Type/TopX Object Types/TopX Cluster Bands/TopX West Amman Cluster 2' is clicked on

2024-08-04 13:48:27 - [MESSAGE][PASSED] - Object: 'Object Repository/PM/Huawei-vendor/Object-Type/TopX Object Types/TopX Cluster Bands/TopX West Amman Cluster 5' is clicked on

2024-08-04 13:48:27 - [MESSAGE][PASSED] - Object: 'Object Repository/PM/Huawei-vendor/Object-Type/TopX Object Types/TopX Sites/TopX West Amman CloseArrow' is clicked on

2024-08-04 13:48:27 - [MESSAGE][PASSED] - Object: 'Object Repository/PM/Huawei-vendor/Object-Type/TopX Object Types/TopX Sites/TopX North Jordan Arrow' is clicked on

2024-08-04 13:48:27 - [MESSAGE][PASSED] - Object: 'Object Repository/PM/Huawei-vendor/Object-Type/TopX Object Types/TopX Cluster Bands/TopX North Jordan Cluster 4' is clicked on

2024-08-04 13:48:27 - [MESSAGE][PASSED] - Object: 'Object Repository/PM/Huawei-vendor/Object-Type/TopX Object Types/TopX Cluster Bands/TopX North Jordan Cluster 14' is clicked on

2024-08-04 13:48:28 - [MESSAGE][PASSED] - Object: 'Object Repository/PM/Huawei-vendor/Object-Type/TopX Object Types/TopX Sites/TopX North Jordan CloseArrow' is clicked on

2024-08-04 13:48:28 - [MESSAGE][PASSED] - Object: 'Object Repository/PM/Huawei-vendor/Object-Type/TopX Object Types/TopX Sites/TopX South Jordan Arrow' is clicked on

2024-08-04 13:48:28 - [MESSAGE][PASSED] - Object: 'Object Repository/PM/Huawei-vendor/Object-Type/TopX Object Types/TopX Cluster Bands/TopX South Jordan Cluster 7' is clicked on

2024-08-04 13:48:28 - [MESSAGE][PASSED] - Object: 'Object Repository/PM/Huawei-vendor/Object-Type/TopX Object Types/TopX Cluster Bands/TopX South Jordan Cluster 8' is clicked on

2024-08-04 13:48:28 - [MESSAGE][PASSED] - Object: 'Object Repository/PM/Huawei-vendor/Object-Type/TopX Object Types/TopX Sites/TopX South Jordan CloseArrow' is clicked on

2024-08-04 13:48:28 - [MESSAGE][PASSED] - Object: 'Object Repository/PM/Huawei-vendor/Object-Type/TopX Object Types/TopX Region Bands/TopX FDD Close Arrow' is clicked on

2024-08-04 13:48:28 - [MESSAGE][PASSED] - Object: 'Object Repository/PM/Huawei-vendor/Object-Type/TopX Object Types/TopX Region Bands/TopX TDD Arrow' is clicked on

2024-08-04 13:48:28 - [MESSAGE][PASSED] - Object: 'Object Repository/PM/Huawei-vendor/Object-Type/TopX Object Types/TopX Sites/TopX South Amman Arrow' is clicked on

2024-08-04 13:48:28 - [MESSAGE][PASSED] - Object: 'Object Repository/PM/Huawei-vendor/Object-Type/TopX Object Types/TopX Cluster Bands/TopX South Amman Cluster 1' is clicked on

2024-08-04 13:48:29 - [MESSAGE][PASSED] - Object: 'Object Repository/PM/Huawei-vendor/Object-Type/TopX Object Types/TopX Cluster Bands/TopX South Amman Cluster 6' is clicked on

2024-08-04 13:48:29 - [MESSAGE][PASSED] - Object: 'Object Repository/PM/Huawei-vendor/Object-Type/TopX Object Types/TopX Sites/TopX South Amman CloseArrow' is clicked on

2024-08-04 13:48:29 - [MESSAGE][PASSED] - Object: 'Object Repository/PM/Huawei-vendor/Object-Type/TopX Object Types/TopX Sites/TopX East Jordan Arrow' is clicked on

2024-08-04 13:48:29 - [MESSAGE][PASSED] - Object: 'Object Repository/PM/Huawei-vendor/Object-Type/TopX Object Types/TopX Cluster Bands/TopX East Jordan Cluster 10' is clicked on

2024-08-04 13:48:29 - [MESSAGE][PASSED] - Object: 'Object Repository/PM/Huawei-vendor/Object-Type/TopX Object Types/TopX Cluster Bands/TopX East Jordan Cluster 11' is clicked on

2024-08-04 13:48:29 - [MESSAGE][PASSED] - Object: 'Object Repository/PM/Huawei-vendor/Object-Type/TopX Object Types/TopX Sites/TopX East Jordan CloseArrow' is clicked on

2024-08-04 13:48:29 - [MESSAGE][PASSED] - Object: 'Object Repository/PM/Huawei-vendor/Object-Type/TopX Object Types/TopX Sites/TopX Others Arrow' is clicked on

2024-08-04 13:48:30 - [MESSAGE][PASSED] - Object: 'Object Repository/PM/Huawei-vendor/Object-Type/TopX Object Types/TopX Cluster Bands/TopX Others Cluster 60' is clicked on

2024-08-04 13:48:30 - [MESSAGE][PASSED] - Object: 'Object Repository/PM/Huawei-vendor/Object-Type/TopX Object Types/TopX Cluster Bands/TopX Others Cluster 61' is clicked on

2024-08-04 13:48:30 - [MESSAGE][PASSED] - Object: 'Object Repository/PM/Huawei-vendor/Object-Type/TopX Object Types/TopX Sites/TopX Others CloseArrow' is clicked on

2024-08-04 13:48:30 - [MESSAGE][PASSED] - Object: 'Object Repository/PM/Huawei-vendor/Object-Type/TopX Object Types/TopX Region Bands/TopX TDD Close Arrow' is clicked on

2024-08-04 13:48:30 - [MESSAGE][WARNING] - Timeout '0' is invalid. Using default page load timeout: '120'

2024-08-04 13:48:30 - [MESSAGE][PASSED] - Scroll to object 'Object Repository/PM/Huawei-vendor/LowXlabel' successfully

2024-08-04 13:48:30 - [MESSAGE][PASSED] - Object: 'Object Repository/PM/Huawei-vendor/Resolution Temp/Select Resolution temp' is clicked on

2024-08-04 13:48:30 - [MESSAGE][PASSED] - Object: 'Object Repository/PM/Huawei-vendor/Resolution Temp/Resolution Temp Daily' is clicked on

2024-08-04 13:48:31 - [MESSAGE][PASSED] - Object: 'Object Repository/PM/Huawei-vendor/TopX/TopXDate/BeforeDate' is clicked on

2024-08-04 13:48:32 - [MESSAGE][PASSED] - Delayed 1 second(s)

2024-08-04 13:48:32 - [MESSAGE][PASSED] - Object: 'Object Repository/PM/Huawei-vendor/TopX/TopXDate/Choose Month' is clicked on

2024-08-04 13:48:33 - [MESSAGE][PASSED] - Delayed 1 second(s)

2024-08-04 13:48:33 - [MESSAGE][PASSED] - Object: 'Object Repository/PM/Huawei-vendor/TopX/TopXDate/Feb' is clicked on

2024-08-04 13:48:33 - [MESSAGE][PASSED] - Object: 'Object Repository/PM/Huawei-vendor/TopX/TopXDate/Day 1' is clicked on

2024-08-04 13:48:33 - [MESSAGE][PASSED] - Object: 'Object Repository/PM/Huawei-vendor/TopX/TopXDate/Button OK' is clicked on

2024-08-04 13:48:34 - [MESSAGE][PASSED] - Object: 'Object Repository/PM/Huawei-vendor/TopX/TopXDate/After Date' is clicked on

2024-08-04 13:48:35 - [MESSAGE][PASSED] - Delayed 1 second(s)

2024-08-04 13:48:35 - [MESSAGE][PASSED] - Object: 'Object Repository/PM/Huawei-vendor/TopX/TopXDate/Choose Month' is clicked on

2024-08-04 13:48:36 - [MESSAGE][PASSED] - Delayed 1 second(s)

2024-08-04 13:48:36 - [MESSAGE][PASSED] - Object: 'Object Repository/PM/Huawei-vendor/TopX/TopXDate/Feb' is clicked on

2024-08-04 13:48:36 - [MESSAGE][PASSED] - Object: 'Object Repository/PM/Huawei-vendor/TopX/TopXDate/Day 7' is clicked on

2024-08-04 13:48:37 - [MESSAGE][PASSED] - Object: 'Object Repository/PM/Huawei-vendor/TopX/TopXDate/Button OK' is clicked on

2024-08-04 13:48:37 - [MESSAGE][PASSED] - Object: 'Object Repository/PM/Huawei-vendor/Apply-Button' is clicked on

2024-08-04 13:48:37 - [MESSAGE][WARNING] - Timeout '0' is invalid. Using default page load timeout: '120'

2024-08-04 13:48:37 - [MESSAGE][PASSED] - Web element with id: 'Object Repository/PM/Huawei-vendor/Error' located by 'By.xpath: //div[@class='toast-summary title-medium-m']' is not present after '120' second(s)

2024-08-04 13:48:37 - [MESSAGE][WARNING] - Timeout '0' is invalid. Using default page load timeout: '120'

2024-08-04 13:50:38 - [MESSAGE][INFO] - Unable to find the element located by 'By.xpath: //*[@id="chart-container"]/div/app-main-chart-component[1]/div/div[2]/div[2]/div/div/div[1]/canvas'. Please recheck the objects properties to make sure the desired element is located. 

2024-08-04 13:50:38 - [MESSAGE][FAILED] - com.kms.katalon.core.webui.exception.WebElementNotFoundException: Web element with id: 'Object Repository/PM/Huawei-vendor/Chart' located by '//*[@id="chart-container"]/div/app-main-chart-component[1]/div/div[2]/div[2]/div/div/div[1]/canvas' not found (Root cause: com.kms.katalon.core.exception.StepFailedException: com.kms.katalon.core.webui.exception.WebElementNotFoundException: Web element with id: 'Object Repository/PM/Huawei-vendor/Chart' located by '//*[@id="chart-container"]/div/app-main-chart-component[1]/div/div[2]/div[2]/div/div/div[1]/canvas' not found
	at com.kms.katalon.core.webui.keyword.internal.WebUIKeywordMain.stepFailed(WebUIKeywordMain.groovy:64)
	at com.kms.katalon.core.webui.keyword.builtin.VerifyElementPresentKeyword$_verifyElementPresent_closure1.doCall(VerifyElementPresentKeyword.groovy:85)
	at com.kms.katalon.core.webui.keyword.builtin.VerifyElementPresentKeyword$_verifyElementPresent_closure1.call(VerifyElementPresentKeyword.groovy)
	at com.kms.katalon.core.webui.keyword.internal.WebUIKeywordMain.runKeyword(WebUIKeywordMain.groovy:20)
	at com.kms.katalon.core.webui.keyword.builtin.VerifyElementPresentKeyword.verifyElementPresent(VerifyElementPresentKeyword.groovy:92)
	at com.kms.katalon.core.webui.keyword.builtin.VerifyElementPresentKeyword.execute(VerifyElementPresentKeyword.groovy:68)
	at com.kms.katalon.core.keyword.internal.KeywordExecutor.executeKeywordForPlatform(KeywordExecutor.groovy:74)
	at com.kms.katalon.core.webui.keyword.WebUiBuiltInKeywords.verifyElementPresent(WebUiBuiltInKeywords.groovy:1464)
	at com.kms.katalon.core.webui.keyword.WebUiBuiltInKeywords$verifyElementPresent$6.call(Unknown Source)
	at PMHwaueiTopX.TopX(PMHwaueiTopX.groovy:1593)
	at PMHwaueiTopX.invokeMethod(PMHwaueiTopX.groovy)
	at com.kms.katalon.core.main.CustomKeywordDelegatingMetaClass.invokeStaticMethod(CustomKeywordDelegatingMetaClass.java:55)
	at TopX 2G Cluster Daily.run(TopX 2G Cluster Daily:29)
	at com.kms.katalon.core.main.ScriptEngine.run(ScriptEngine.java:194)
	at com.kms.katalon.core.main.ScriptEngine.runScriptAsRawText(ScriptEngine.java:119)
	at com.kms.katalon.core.main.TestCaseExecutor.runScript(TestCaseExecutor.java:448)
	at com.kms.katalon.core.main.TestCaseExecutor.doExecute(TestCaseExecutor.java:439)
	at com.kms.katalon.core.main.TestCaseExecutor.processExecutionPhase(TestCaseExecutor.java:418)
	at com.kms.katalon.core.main.TestCaseExecutor.accessMainPhase(TestCaseExecutor.java:410)
	at com.kms.katalon.core.main.TestCaseExecutor.execute(TestCaseExecutor.java:285)
	at com.kms.katalon.core.common.CommonExecutor.accessTestCaseMainPhase(CommonExecutor.java:65)
	at com.kms.katalon.core.main.TestSuiteExecutor.accessTestSuiteMainPhase(TestSuiteExecutor.java:148)
	at com.kms.katalon.core.main.TestSuiteExecutor.execute(TestSuiteExecutor.java:106)
	at com.kms.katalon.core.main.TestCaseMain.startTestSuite(TestCaseMain.java:187)
	at com.kms.katalon.core.main.TestCaseMain$startTestSuite$0.call(Unknown Source)
	at TempTestSuite1722766020200.run(TempTestSuite1722766020200.groovy:35)
)
[[ATTACHMENT|C:\\Users\\FatimaIbeid\\git\\NetCell\\Reports\\20240804_130700\\PM\\Hwauei\\TopX\\Regression TopX 2G\\20240804_130700\\1722768638565.png]]

2024-08-04 13:50:38 - [MESSAGE][FAILED] - Unable to verify object 'Object Repository/PM/Huawei-vendor/Chart' is present (Root cause: com.kms.katalon.core.exception.StepFailedException: Unable to verify object 'Object Repository/PM/Huawei-vendor/Chart' is present
	at com.kms.katalon.core.webui.keyword.internal.WebUIKeywordMain.stepFailed(WebUIKeywordMain.groovy:64)
	at com.kms.katalon.core.webui.keyword.internal.WebUIKeywordMain.runKeyword(WebUIKeywordMain.groovy:26)
	at com.kms.katalon.core.webui.keyword.builtin.VerifyElementPresentKeyword.verifyElementPresent(VerifyElementPresentKeyword.groovy:92)
	at com.kms.katalon.core.webui.keyword.builtin.VerifyElementPresentKeyword.execute(VerifyElementPresentKeyword.groovy:68)
	at com.kms.katalon.core.keyword.internal.KeywordExecutor.executeKeywordForPlatform(KeywordExecutor.groovy:74)
	at com.kms.katalon.core.webui.keyword.WebUiBuiltInKeywords.verifyElementPresent(WebUiBuiltInKeywords.groovy:1464)
	at com.kms.katalon.core.webui.keyword.WebUiBuiltInKeywords$verifyElementPresent$6.call(Unknown Source)
	at PMHwaueiTopX.TopX(PMHwaueiTopX.groovy:1593)
	at PMHwaueiTopX.invokeMethod(PMHwaueiTopX.groovy)
	at com.kms.katalon.core.main.CustomKeywordDelegatingMetaClass.invokeStaticMethod(CustomKeywordDelegatingMetaClass.java:55)
	at TopX 2G Cluster Daily.run(TopX 2G Cluster Daily:29)
	at com.kms.katalon.core.main.ScriptEngine.run(ScriptEngine.java:194)
	at com.kms.katalon.core.main.ScriptEngine.runScriptAsRawText(ScriptEngine.java:119)
	at com.kms.katalon.core.main.TestCaseExecutor.runScript(TestCaseExecutor.java:448)
	at com.kms.katalon.core.main.TestCaseExecutor.doExecute(TestCaseExecutor.java:439)
	at com.kms.katalon.core.main.TestCaseExecutor.processExecutionPhase(TestCaseExecutor.java:418)
	at com.kms.katalon.core.main.TestCaseExecutor.accessMainPhase(TestCaseExecutor.java:410)
	at com.kms.katalon.core.main.TestCaseExecutor.execute(TestCaseExecutor.java:285)
	at com.kms.katalon.core.common.CommonExecutor.accessTestCaseMainPhase(CommonExecutor.java:65)
	at com.kms.katalon.core.main.TestSuiteExecutor.accessTestSuiteMainPhase(TestSuiteExecutor.java:148)
	at com.kms.katalon.core.main.TestSuiteExecutor.execute(TestSuiteExecutor.java:106)
	at com.kms.katalon.core.main.TestCaseMain.startTestSuite(TestCaseMain.java:187)
	at com.kms.katalon.core.main.TestCaseMain$startTestSuite$0.call(Unknown Source)
	at TempTestSuite1722766020200.run(TempTestSuite1722766020200.groovy:35)
Caused by: com.kms.katalon.core.exception.StepFailedException: com.kms.katalon.core.webui.exception.WebElementNotFoundException: Web element with id: 'Object Repository/PM/Huawei-vendor/Chart' located by '//*[@id="chart-container"]/div/app-main-chart-component[1]/div/div[2]/div[2]/div/div/div[1]/canvas' not found
	at com.kms.katalon.core.webui.keyword.internal.WebUIKeywordMain.stepFailed(WebUIKeywordMain.groovy:64)
	at com.kms.katalon.core.webui.keyword.builtin.VerifyElementPresentKeyword$_verifyElementPresent_closure1.doCall(VerifyElementPresentKeyword.groovy:85)
	at com.kms.katalon.core.webui.keyword.builtin.VerifyElementPresentKeyword$_verifyElementPresent_closure1.call(VerifyElementPresentKeyword.groovy)
	at com.kms.katalon.core.webui.keyword.internal.WebUIKeywordMain.runKeyword(WebUIKeywordMain.groovy:20)
	... 22 more
)
[[ATTACHMENT|C:\\Users\\FatimaIbeid\\git\\NetCell\\Reports\\20240804_130700\\PM\\Hwauei\\TopX\\Regression TopX 2G\\20240804_130700\\1722768638714.png]]

2024-08-04 13:50:38 - [MESSAGE][FAILED] - Unable to verify object 'Object Repository/PM/Huawei-vendor/Chart' is present]]></system-out>
         <system-err><![CDATA[2024-08-04 13:47:56 - [TEST_CASE][FAILED] - Test Cases/PM/Hwauei/TopX/2G TopX/XCluster/TopX 2G Cluster Daily: Test Cases/PM/Hwauei/TopX/2G TopX/XCluster/TopX 2G Cluster Daily FAILED.
Reason:
com.kms.katalon.core.exception.StepFailedException: Unable to verify object 'Object Repository/PM/Huawei-vendor/Chart' is present
	at com.kms.katalon.core.webui.keyword.internal.WebUIKeywordMain.stepFailed(WebUIKeywordMain.groovy:64)
	at com.kms.katalon.core.webui.keyword.internal.WebUIKeywordMain.runKeyword(WebUIKeywordMain.groovy:26)
	at com.kms.katalon.core.webui.keyword.builtin.VerifyElementPresentKeyword.verifyElementPresent(VerifyElementPresentKeyword.groovy:92)
	at com.kms.katalon.core.webui.keyword.builtin.VerifyElementPresentKeyword.execute(VerifyElementPresentKeyword.groovy:68)
	at com.kms.katalon.core.keyword.internal.KeywordExecutor.executeKeywordForPlatform(KeywordExecutor.groovy:74)
	at com.kms.katalon.core.webui.keyword.WebUiBuiltInKeywords.verifyElementPresent(WebUiBuiltInKeywords.groovy:1464)
	at com.kms.katalon.core.webui.keyword.WebUiBuiltInKeywords$verifyElementPresent$6.call(Unknown Source)
	at PMHwaueiTopX.TopX(PMHwaueiTopX.groovy:1593)
	at PMHwaueiTopX.invokeMethod(PMHwaueiTopX.groovy)
	at com.kms.katalon.core.main.CustomKeywordDelegatingMetaClass.invokeStaticMethod(CustomKeywordDelegatingMetaClass.java:55)
	at TopX 2G Cluster Daily.run(TopX 2G Cluster Daily:29)
	at com.kms.katalon.core.main.ScriptEngine.run(ScriptEngine.java:194)
	at com.kms.katalon.core.main.ScriptEngine.runScriptAsRawText(ScriptEngine.java:119)
	at com.kms.katalon.core.main.TestCaseExecutor.runScript(TestCaseExecutor.java:448)
	at com.kms.katalon.core.main.TestCaseExecutor.doExecute(TestCaseExecutor.java:439)
	at com.kms.katalon.core.main.TestCaseExecutor.processExecutionPhase(TestCaseExecutor.java:418)
	at com.kms.katalon.core.main.TestCaseExecutor.accessMainPhase(TestCaseExecutor.java:410)
	at com.kms.katalon.core.main.TestCaseExecutor.execute(TestCaseExecutor.java:285)
	at com.kms.katalon.core.common.CommonExecutor.accessTestCaseMainPhase(CommonExecutor.java:65)
	at com.kms.katalon.core.main.TestSuiteExecutor.accessTestSuiteMainPhase(TestSuiteExecutor.java:148)
	at com.kms.katalon.core.main.TestSuiteExecutor.execute(TestSuiteExecutor.java:106)
	at com.kms.katalon.core.main.TestCaseMain.startTestSuite(TestCaseMain.java:187)
	at com.kms.katalon.core.main.TestCaseMain$startTestSuite$0.call(Unknown Source)
	at TempTestSuite1722766020200.run(TempTestSuite1722766020200.groovy:35)
Caused by: com.kms.katalon.core.exception.StepFailedException: com.kms.katalon.core.webui.exception.WebElementNotFoundException: Web element with id: 'Object Repository/PM/Huawei-vendor/Chart' located by '//*[@id="chart-container"]/div/app-main-chart-component[1]/div/div[2]/div[2]/div/div/div[1]/canvas' not found
	at com.kms.katalon.core.webui.keyword.internal.WebUIKeywordMain.stepFailed(WebUIKeywordMain.groovy:64)
	at com.kms.katalon.core.webui.keyword.builtin.VerifyElementPresentKeyword$_verifyElementPresent_closure1.doCall(VerifyElementPresentKeyword.groovy:85)
	at com.kms.katalon.core.webui.keyword.builtin.VerifyElementPresentKeyword$_verifyElementPresent_closure1.call(VerifyElementPresentKeyword.groovy)
	at com.kms.katalon.core.webui.keyword.internal.WebUIKeywordMain.runKeyword(WebUIKeywordMain.groovy:20)
	... 22 more]]></system-err>
      </testcase>
      <testcase name="Test Cases/PM/Hwauei/TopX/2G TopX/XCluster/TopX 2G Cluster DailyBH" time="161.987" classname="Test Cases/PM/Hwauei/TopX/2G TopX/XCluster/TopX 2G Cluster DailyBH" status="FAILED">
         <failure type="FAILED" message="Test Cases/PM/Hwauei/TopX/2G TopX/XCluster/TopX 2G Cluster DailyBH FAILED.
Reason:
com.kms.katalon.core.exception.StepFailedException: Unable to verify object 'Object Repository/PM/Huawei-vendor/Chart' is present
	at com.kms.katalon.core.webui.keyword.internal.WebUIKeywordMain.stepFailed(WebUIKeywordMain.groovy:64)
	at com.kms.katalon.core.webui.keyword.internal.WebUIKeywordMain.runKeyword(WebUIKeywordMain.groovy:26)
	at com.kms.katalon.core.webui.keyword.builtin.VerifyElementPresentKeyword.verifyElementPresent(VerifyElementPresentKeyword.groovy:92)
	at com.kms.katalon.core.webui.keyword.builtin.VerifyElementPresentKeyword.execute(VerifyElementPresentKeyword.groovy:68)
	at com.kms.katalon.core.keyword.internal.KeywordExecutor.executeKeywordForPlatform(KeywordExecutor.groovy:74)
	at com.kms.katalon.core.webui.keyword.WebUiBuiltInKeywords.verifyElementPresent(WebUiBuiltInKeywords.groovy:1464)
	at com.kms.katalon.core.webui.keyword.WebUiBuiltInKeywords$verifyElementPresent$6.call(Unknown Source)
	at PMHwaueiTopX.TopX(PMHwaueiTopX.groovy:1593)
	at PMHwaueiTopX.invokeMethod(PMHwaueiTopX.groovy)
	at com.kms.katalon.core.main.CustomKeywordDelegatingMetaClass.invokeStaticMethod(CustomKeywordDelegatingMetaClass.java:55)
	at TopX 2G Cluster DailyBH.run(TopX 2G Cluster DailyBH:29)
	at com.kms.katalon.core.main.ScriptEngine.run(ScriptEngine.java:194)
	at com.kms.katalon.core.main.ScriptEngine.runScriptAsRawText(ScriptEngine.java:119)
	at com.kms.katalon.core.main.TestCaseExecutor.runScript(TestCaseExecutor.java:448)
	at com.kms.katalon.core.main.TestCaseExecutor.doExecute(TestCaseExecutor.java:439)
	at com.kms.katalon.core.main.TestCaseExecutor.processExecutionPhase(TestCaseExecutor.java:418)
	at com.kms.katalon.core.main.TestCaseExecutor.accessMainPhase(TestCaseExecutor.java:410)
	at com.kms.katalon.core.main.TestCaseExecutor.execute(TestCaseExecutor.java:285)
	at com.kms.katalon.core.common.CommonExecutor.accessTestCaseMainPhase(CommonExecutor.java:65)
	at com.kms.katalon.core.main.TestSuiteExecutor.accessTestSuiteMainPhase(TestSuiteExecutor.java:148)
	at com.kms.katalon.core.main.TestSuiteExecutor.execute(TestSuiteExecutor.java:106)
	at com.kms.katalon.core.main.TestCaseMain.startTestSuite(TestCaseMain.java:187)
	at com.kms.katalon.core.main.TestCaseMain$startTestSuite$0.call(Unknown Source)
	at TempTestSuite1722766020200.run(TempTestSuite1722766020200.groovy:35)
Caused by: com.kms.katalon.core.exception.StepFailedException: com.kms.katalon.core.webui.exception.WebElementNotFoundException: Web element with id: 'Object Repository/PM/Huawei-vendor/Chart' located by '//*[@id=&quot;chart-container&quot;]/div/app-main-chart-component[1]/div/div[2]/div[2]/div/div/div[1]/canvas' not found
	at com.kms.katalon.core.webui.keyword.internal.WebUIKeywordMain.stepFailed(WebUIKeywordMain.groovy:64)
	at com.kms.katalon.core.webui.keyword.builtin.VerifyElementPresentKeyword$_verifyElementPresent_closure1.doCall(VerifyElementPresentKeyword.groovy:85)
	at com.kms.katalon.core.webui.keyword.builtin.VerifyElementPresentKeyword$_verifyElementPresent_closure1.call(VerifyElementPresentKeyword.groovy)
	at com.kms.katalon.core.webui.keyword.internal.WebUIKeywordMain.runKeyword(WebUIKeywordMain.groovy:20)
	... 22 more
"/>
         <system-out><![CDATA[2024-08-04 13:50:38 - [TEST_CASE][FAILED] - Test Cases/PM/Hwauei/TopX/2G TopX/XCluster/TopX 2G Cluster DailyBH: Test Cases/PM/Hwauei/TopX/2G TopX/XCluster/TopX 2G Cluster DailyBH FAILED.
Reason:
com.kms.katalon.core.exception.StepFailedException: Unable to verify object 'Object Repository/PM/Huawei-vendor/Chart' is present
	at com.kms.katalon.core.webui.keyword.internal.WebUIKeywordMain.stepFailed(WebUIKeywordMain.groovy:64)
	at com.kms.katalon.core.webui.keyword.internal.WebUIKeywordMain.runKeyword(WebUIKeywordMain.groovy:26)
	at com.kms.katalon.core.webui.keyword.builtin.VerifyElementPresentKeyword.verifyElementPresent(VerifyElementPresentKeyword.groovy:92)
	at com.kms.katalon.core.webui.keyword.builtin.VerifyElementPresentKeyword.execute(VerifyElementPresentKeyword.groovy:68)
	at com.kms.katalon.core.keyword.internal.KeywordExecutor.executeKeywordForPlatform(KeywordExecutor.groovy:74)
	at com.kms.katalon.core.webui.keyword.WebUiBuiltInKeywords.verifyElementPresent(WebUiBuiltInKeywords.groovy:1464)
	at com.kms.katalon.core.webui.keyword.WebUiBuiltInKeywords$verifyElementPresent$6.call(Unknown Source)
	at PMHwaueiTopX.TopX(PMHwaueiTopX.groovy:1593)
	at PMHwaueiTopX.invokeMethod(PMHwaueiTopX.groovy)
	at com.kms.katalon.core.main.CustomKeywordDelegatingMetaClass.invokeStaticMethod(CustomKeywordDelegatingMetaClass.java:55)
	at TopX 2G Cluster DailyBH.run(TopX 2G Cluster DailyBH:29)
	at com.kms.katalon.core.main.ScriptEngine.run(ScriptEngine.java:194)
	at com.kms.katalon.core.main.ScriptEngine.runScriptAsRawText(ScriptEngine.java:119)
	at com.kms.katalon.core.main.TestCaseExecutor.runScript(TestCaseExecutor.java:448)
	at com.kms.katalon.core.main.TestCaseExecutor.doExecute(TestCaseExecutor.java:439)
	at com.kms.katalon.core.main.TestCaseExecutor.processExecutionPhase(TestCaseExecutor.java:418)
	at com.kms.katalon.core.main.TestCaseExecutor.accessMainPhase(TestCaseExecutor.java:410)
	at com.kms.katalon.core.main.TestCaseExecutor.execute(TestCaseExecutor.java:285)
	at com.kms.katalon.core.common.CommonExecutor.accessTestCaseMainPhase(CommonExecutor.java:65)
	at com.kms.katalon.core.main.TestSuiteExecutor.accessTestSuiteMainPhase(TestSuiteExecutor.java:148)
	at com.kms.katalon.core.main.TestSuiteExecutor.execute(TestSuiteExecutor.java:106)
	at com.kms.katalon.core.main.TestCaseMain.startTestSuite(TestCaseMain.java:187)
	at com.kms.katalon.core.main.TestCaseMain$startTestSuite$0.call(Unknown Source)
	at TempTestSuite1722766020200.run(TempTestSuite1722766020200.groovy:35)
Caused by: com.kms.katalon.core.exception.StepFailedException: com.kms.katalon.core.webui.exception.WebElementNotFoundException: Web element with id: 'Object Repository/PM/Huawei-vendor/Chart' located by '//*[@id="chart-container"]/div/app-main-chart-component[1]/div/div[2]/div[2]/div/div/div[1]/canvas' not found
	at com.kms.katalon.core.webui.keyword.internal.WebUIKeywordMain.stepFailed(WebUIKeywordMain.groovy:64)
	at com.kms.katalon.core.webui.keyword.builtin.VerifyElementPresentKeyword$_verifyElementPresent_closure1.doCall(VerifyElementPresentKeyword.groovy:85)
	at com.kms.katalon.core.webui.keyword.builtin.VerifyElementPresentKeyword$_verifyElementPresent_closure1.call(VerifyElementPresentKeyword.groovy)
	at com.kms.katalon.core.webui.keyword.internal.WebUIKeywordMain.runKeyword(WebUIKeywordMain.groovy:20)
	... 22 more


2024-08-04 13:50:39 - [TEST_STEP][PASSED] - callTestCase(findTestCase("Login"), [:], STOP_ON_FAILURE): Call Test Case 'Test Cases/Login' successfully

2024-08-04 13:50:39 - [TEST_CASE][PASSED] - Test Cases/Login: Test Cases/Login

2024-08-04 13:50:39 - [TEST_STEP][PASSED] - driver = general.start(SwagerURL, NetCellURL): general.start is PASSED

2024-08-04 13:50:39 - [MESSAGE][INFO] - >>> chromeDriverPath=C:\Users\FatimaIbeid\.katalon\packages\Katalon_Studio_Windows_64-8.6.9\Katalon_Studio_Windows_64-8.6.9\configuration\resources\drivers\chromedriver_win32\chromedriver.exe

2024-08-04 13:50:40 - [MESSAGE][PASSED] - Current window maximized

2024-08-04 13:50:40 - [MESSAGE][PASSED] - Execute JavaScript 'window.open();' successfully

2024-08-04 13:50:40 - [MESSAGE][PASSED] - Switched to window with index: '1'

2024-08-04 13:50:52 - [MESSAGE][PASSED] - general.start is PASSED

2024-08-04 13:50:52 - [TEST_STEP][PASSED] - click(findTestObject("Object Repository/Login/LoginButton")): Object: 'Object Repository/Login/LoginButton' is clicked on

2024-08-04 13:50:52 - [MESSAGE][PASSED] - Object: 'Object Repository/Login/LoginButton' is clicked on

2024-08-04 13:50:52 - [TEST_STEP][PASSED] - switchToWindowIndex(2): Switched to window with index: '2'

2024-08-04 13:50:53 - [MESSAGE][PASSED] - Switched to window with index: '2'

2024-08-04 13:50:53 - [TEST_STEP][PASSED] - delay(1): Delayed 1 second(s)

2024-08-04 13:50:54 - [MESSAGE][PASSED] - Delayed 1 second(s)

2024-08-04 13:50:54 - [TEST_STEP][PASSED] - sendKeys(findTestObject("Object Repository/Login/EnterEmail"), "homam@zztjg.onmicrosoft.com"): Keys 'homam@zztjg.onmicrosoft.com' sent to object: 'Object Repository/Login/EnterEmail'

2024-08-04 13:50:54 - [MESSAGE][PASSED] - Keys 'homam@zztjg.onmicrosoft.com' sent to object: 'Object Repository/Login/EnterEmail'

2024-08-04 13:50:54 - [TEST_STEP][PASSED] - delay(1): Delayed 1 second(s)

2024-08-04 13:50:55 - [MESSAGE][PASSED] - Delayed 1 second(s)

2024-08-04 13:50:55 - [TEST_STEP][PASSED] - click(findTestObject("Object Repository/Login/NextButton")): Object: 'Object Repository/Login/NextButton' is clicked on

2024-08-04 13:50:56 - [MESSAGE][PASSED] - Object: 'Object Repository/Login/NextButton' is clicked on

2024-08-04 13:50:56 - [TEST_STEP][PASSED] - delay(2): Delayed 2 second(s)

2024-08-04 13:50:58 - [MESSAGE][PASSED] - Delayed 2 second(s)

2024-08-04 13:50:58 - [TEST_STEP][PASSED] - sendKeys(findTestObject("Object Repository/Login/EnterPassword"), "Holder12345"): Keys 'Holder12345' sent to object: 'Object Repository/Login/EnterPassword'

2024-08-04 13:50:58 - [MESSAGE][PASSED] - Keys 'Holder12345' sent to object: 'Object Repository/Login/EnterPassword'

2024-08-04 13:50:58 - [TEST_STEP][PASSED] - delay(1): Delayed 1 second(s)

2024-08-04 13:50:59 - [MESSAGE][PASSED] - Delayed 1 second(s)

2024-08-04 13:50:59 - [TEST_STEP][PASSED] - click(findTestObject("Object Repository/Login/SigninButton")): Object: 'Object Repository/Login/SigninButton' is clicked on

2024-08-04 13:51:00 - [MESSAGE][PASSED] - Object: 'Object Repository/Login/SigninButton' is clicked on

2024-08-04 13:51:00 - [TEST_STEP][PASSED] - delay(1): Delayed 1 second(s)

2024-08-04 13:51:01 - [MESSAGE][PASSED] - Delayed 1 second(s)

2024-08-04 13:51:01 - [TEST_STEP][PASSED] - click(findTestObject("Object Repository/Login/YesStayInButton")): Object: 'Object Repository/Login/YesStayInButton' is clicked on

2024-08-04 13:51:02 - [MESSAGE][PASSED] - Object: 'Object Repository/Login/YesStayInButton' is clicked on

2024-08-04 13:51:02 - [MESSAGE][PASSED] - Call Test Case 'Test Cases/Login' successfully

2024-08-04 13:51:02 - [TEST_STEP][PASSED] - switchToWindowIndex(1): Switched to window with index: '1'

2024-08-04 13:51:02 - [MESSAGE][PASSED] - Switched to window with index: '1'

2024-08-04 13:51:02 - [TEST_STEP][FAILED] - PMHwaueiTopX.TopX("2G", "Cluster", false, "DailyBH", false, null): Unable to verify object 'Object Repository/PM/Huawei-vendor/Chart' is present

2024-08-04 13:51:03 - [MESSAGE][PASSED] - Object: 'Object Repository/PM/PM-Button' is clicked on

2024-08-04 13:51:04 - [MESSAGE][PASSED] - Switched to window with index: '2'

2024-08-04 13:51:04 - [MESSAGE][PASSED] - Object: 'Object Repository/PM/Huawei-vendor/Data-view/TopX' is clicked on

2024-08-04 13:51:04 - [MESSAGE][PASSED] - Object: 'Object Repository/PM/Huawei-vendor/Technology/Technology-Arrow' is clicked on

2024-08-04 13:51:05 - [MESSAGE][PASSED] - Object: 'Object Repository/PM/Huawei-vendor/Technology/2G' is clicked on

2024-08-04 13:51:05 - [MESSAGE][PASSED] - Object: 'Object Repository/PM/Huawei-vendor/TopX/TopX Object Type' is clicked on

2024-08-04 13:51:06 - [MESSAGE][PASSED] - Delayed 1 second(s)

2024-08-04 13:51:06 - [MESSAGE][PASSED] - Object: 'Object Repository/PM/Huawei-vendor/Object-Type/TopX Object Types/TopX Clusters/TopX Cluster' is clicked on

2024-08-04 13:51:07 - [MESSAGE][PASSED] - Delayed 1 second(s)

2024-08-04 13:51:07 - [MESSAGE][WARNING] - Timeout '0' is invalid. Using default page load timeout: '120'

2024-08-04 13:51:07 - [MESSAGE][PASSED] - Scroll to object 'Object Repository/PM/Huawei-vendor/Object Border' successfully

2024-08-04 13:51:07 - [MESSAGE][PASSED] - Object: 'Object Repository/PM/Huawei-vendor/Object-Type/TopX Object Types/TopX Region Bands/TopX FDD Arrow' is clicked on

2024-08-04 13:51:08 - [MESSAGE][PASSED] - Object: 'Object Repository/PM/Huawei-vendor/Object-Type/TopX Object Types/TopX Sites/TopX East Amman Arrow' is clicked on

2024-08-04 13:51:08 - [MESSAGE][PASSED] - Object: 'Object Repository/PM/Huawei-vendor/Object-Type/TopX Object Types/TopX Cluster Bands/TopX East Amman Cluster 3' is clicked on

2024-08-04 13:51:08 - [MESSAGE][PASSED] - Object: 'Object Repository/PM/Huawei-vendor/Object-Type/TopX Object Types/TopX Cluster Bands/TopX East Amman Cluster 13' is clicked on

2024-08-04 13:51:08 - [MESSAGE][PASSED] - Object: 'Object Repository/PM/Huawei-vendor/Object-Type/TopX Object Types/TopX Sites/TopX East Amman CloseArrow' is clicked on

2024-08-04 13:51:08 - [MESSAGE][PASSED] - Object: 'Object Repository/PM/Huawei-vendor/Object-Type/TopX Object Types/TopX Sites/TopX West Amman Arrow' is clicked on

2024-08-04 13:51:08 - [MESSAGE][PASSED] - Object: 'Object Repository/PM/Huawei-vendor/Object-Type/TopX Object Types/TopX Cluster Bands/TopX West Amman Cluster 2' is clicked on

2024-08-04 13:51:09 - [MESSAGE][PASSED] - Object: 'Object Repository/PM/Huawei-vendor/Object-Type/TopX Object Types/TopX Cluster Bands/TopX West Amman Cluster 5' is clicked on

2024-08-04 13:51:09 - [MESSAGE][PASSED] - Object: 'Object Repository/PM/Huawei-vendor/Object-Type/TopX Object Types/TopX Sites/TopX West Amman CloseArrow' is clicked on

2024-08-04 13:51:09 - [MESSAGE][PASSED] - Object: 'Object Repository/PM/Huawei-vendor/Object-Type/TopX Object Types/TopX Sites/TopX North Jordan Arrow' is clicked on

2024-08-04 13:51:09 - [MESSAGE][PASSED] - Object: 'Object Repository/PM/Huawei-vendor/Object-Type/TopX Object Types/TopX Cluster Bands/TopX North Jordan Cluster 4' is clicked on

2024-08-04 13:51:09 - [MESSAGE][PASSED] - Object: 'Object Repository/PM/Huawei-vendor/Object-Type/TopX Object Types/TopX Cluster Bands/TopX North Jordan Cluster 14' is clicked on

2024-08-04 13:51:09 - [MESSAGE][PASSED] - Object: 'Object Repository/PM/Huawei-vendor/Object-Type/TopX Object Types/TopX Sites/TopX North Jordan CloseArrow' is clicked on

2024-08-04 13:51:10 - [MESSAGE][PASSED] - Object: 'Object Repository/PM/Huawei-vendor/Object-Type/TopX Object Types/TopX Sites/TopX South Jordan Arrow' is clicked on

2024-08-04 13:51:10 - [MESSAGE][PASSED] - Object: 'Object Repository/PM/Huawei-vendor/Object-Type/TopX Object Types/TopX Cluster Bands/TopX South Jordan Cluster 7' is clicked on

2024-08-04 13:51:10 - [MESSAGE][PASSED] - Object: 'Object Repository/PM/Huawei-vendor/Object-Type/TopX Object Types/TopX Cluster Bands/TopX South Jordan Cluster 8' is clicked on

2024-08-04 13:51:10 - [MESSAGE][PASSED] - Object: 'Object Repository/PM/Huawei-vendor/Object-Type/TopX Object Types/TopX Sites/TopX South Jordan CloseArrow' is clicked on

2024-08-04 13:51:10 - [MESSAGE][PASSED] - Object: 'Object Repository/PM/Huawei-vendor/Object-Type/TopX Object Types/TopX Region Bands/TopX FDD Close Arrow' is clicked on

2024-08-04 13:51:10 - [MESSAGE][PASSED] - Object: 'Object Repository/PM/Huawei-vendor/Object-Type/TopX Object Types/TopX Region Bands/TopX TDD Arrow' is clicked on

2024-08-04 13:51:10 - [MESSAGE][PASSED] - Object: 'Object Repository/PM/Huawei-vendor/Object-Type/TopX Object Types/TopX Sites/TopX South Amman Arrow' is clicked on

2024-08-04 13:51:11 - [MESSAGE][PASSED] - Object: 'Object Repository/PM/Huawei-vendor/Object-Type/TopX Object Types/TopX Cluster Bands/TopX South Amman Cluster 1' is clicked on

2024-08-04 13:51:11 - [MESSAGE][PASSED] - Object: 'Object Repository/PM/Huawei-vendor/Object-Type/TopX Object Types/TopX Cluster Bands/TopX South Amman Cluster 6' is clicked on

2024-08-04 13:51:11 - [MESSAGE][PASSED] - Object: 'Object Repository/PM/Huawei-vendor/Object-Type/TopX Object Types/TopX Sites/TopX South Amman CloseArrow' is clicked on

2024-08-04 13:51:11 - [MESSAGE][PASSED] - Object: 'Object Repository/PM/Huawei-vendor/Object-Type/TopX Object Types/TopX Sites/TopX East Jordan Arrow' is clicked on

2024-08-04 13:51:11 - [MESSAGE][PASSED] - Object: 'Object Repository/PM/Huawei-vendor/Object-Type/TopX Object Types/TopX Cluster Bands/TopX East Jordan Cluster 10' is clicked on

2024-08-04 13:51:11 - [MESSAGE][PASSED] - Object: 'Object Repository/PM/Huawei-vendor/Object-Type/TopX Object Types/TopX Cluster Bands/TopX East Jordan Cluster 11' is clicked on

2024-08-04 13:51:12 - [MESSAGE][PASSED] - Object: 'Object Repository/PM/Huawei-vendor/Object-Type/TopX Object Types/TopX Sites/TopX East Jordan CloseArrow' is clicked on

2024-08-04 13:51:12 - [MESSAGE][PASSED] - Object: 'Object Repository/PM/Huawei-vendor/Object-Type/TopX Object Types/TopX Sites/TopX Others Arrow' is clicked on

2024-08-04 13:51:12 - [MESSAGE][PASSED] - Object: 'Object Repository/PM/Huawei-vendor/Object-Type/TopX Object Types/TopX Cluster Bands/TopX Others Cluster 60' is clicked on

2024-08-04 13:51:12 - [MESSAGE][PASSED] - Object: 'Object Repository/PM/Huawei-vendor/Object-Type/TopX Object Types/TopX Cluster Bands/TopX Others Cluster 61' is clicked on

2024-08-04 13:51:12 - [MESSAGE][PASSED] - Object: 'Object Repository/PM/Huawei-vendor/Object-Type/TopX Object Types/TopX Sites/TopX Others CloseArrow' is clicked on

2024-08-04 13:51:12 - [MESSAGE][PASSED] - Object: 'Object Repository/PM/Huawei-vendor/Object-Type/TopX Object Types/TopX Region Bands/TopX TDD Close Arrow' is clicked on

2024-08-04 13:51:12 - [MESSAGE][WARNING] - Timeout '0' is invalid. Using default page load timeout: '120'

2024-08-04 13:51:12 - [MESSAGE][PASSED] - Scroll to object 'Object Repository/PM/Huawei-vendor/LowXlabel' successfully

2024-08-04 13:51:12 - [MESSAGE][PASSED] - Object: 'Object Repository/PM/Huawei-vendor/Resolution Temp/Select Resolution temp' is clicked on

2024-08-04 13:51:13 - [MESSAGE][PASSED] - Object: 'Object Repository/PM/Huawei-vendor/Resolution Temp/Resolution Temp DailyBH' is clicked on

2024-08-04 13:51:13 - [MESSAGE][PASSED] - Object: 'Object Repository/PM/Huawei-vendor/TopX/TopXDate/BeforeDate' is clicked on

2024-08-04 13:51:14 - [MESSAGE][PASSED] - Delayed 1 second(s)

2024-08-04 13:51:14 - [MESSAGE][PASSED] - Object: 'Object Repository/PM/Huawei-vendor/TopX/TopXDate/Choose Month' is clicked on

2024-08-04 13:51:15 - [MESSAGE][PASSED] - Delayed 1 second(s)

2024-08-04 13:51:15 - [MESSAGE][PASSED] - Object: 'Object Repository/PM/Huawei-vendor/TopX/TopXDate/Feb' is clicked on

2024-08-04 13:51:15 - [MESSAGE][PASSED] - Object: 'Object Repository/PM/Huawei-vendor/TopX/TopXDate/Day 1' is clicked on

2024-08-04 13:51:15 - [MESSAGE][PASSED] - Object: 'Object Repository/PM/Huawei-vendor/TopX/TopXDate/Button OK' is clicked on

2024-08-04 13:51:16 - [MESSAGE][PASSED] - Object: 'Object Repository/PM/Huawei-vendor/TopX/TopXDate/After Date' is clicked on

2024-08-04 13:51:17 - [MESSAGE][PASSED] - Delayed 1 second(s)

2024-08-04 13:51:17 - [MESSAGE][PASSED] - Object: 'Object Repository/PM/Huawei-vendor/TopX/TopXDate/Choose Month' is clicked on

2024-08-04 13:51:18 - [MESSAGE][PASSED] - Delayed 1 second(s)

2024-08-04 13:51:18 - [MESSAGE][PASSED] - Object: 'Object Repository/PM/Huawei-vendor/TopX/TopXDate/Feb' is clicked on

2024-08-04 13:51:18 - [MESSAGE][PASSED] - Object: 'Object Repository/PM/Huawei-vendor/TopX/TopXDate/Day 7' is clicked on

2024-08-04 13:51:18 - [MESSAGE][PASSED] - Object: 'Object Repository/PM/Huawei-vendor/TopX/TopXDate/Button OK' is clicked on

2024-08-04 13:51:19 - [MESSAGE][PASSED] - Object: 'Object Repository/PM/Huawei-vendor/Apply-Button' is clicked on

2024-08-04 13:51:19 - [MESSAGE][WARNING] - Timeout '0' is invalid. Using default page load timeout: '120'

2024-08-04 13:51:19 - [MESSAGE][PASSED] - Web element with id: 'Object Repository/PM/Huawei-vendor/Error' located by 'By.xpath: //div[@class='toast-summary title-medium-m']' is not present after '120' second(s)

2024-08-04 13:51:19 - [MESSAGE][WARNING] - Timeout '0' is invalid. Using default page load timeout: '120'

2024-08-04 13:53:20 - [MESSAGE][INFO] - Unable to find the element located by 'By.xpath: //*[@id="chart-container"]/div/app-main-chart-component[1]/div/div[2]/div[2]/div/div/div[1]/canvas'. Please recheck the objects properties to make sure the desired element is located. 

2024-08-04 13:53:20 - [MESSAGE][FAILED] - com.kms.katalon.core.webui.exception.WebElementNotFoundException: Web element with id: 'Object Repository/PM/Huawei-vendor/Chart' located by '//*[@id="chart-container"]/div/app-main-chart-component[1]/div/div[2]/div[2]/div/div/div[1]/canvas' not found (Root cause: com.kms.katalon.core.exception.StepFailedException: com.kms.katalon.core.webui.exception.WebElementNotFoundException: Web element with id: 'Object Repository/PM/Huawei-vendor/Chart' located by '//*[@id="chart-container"]/div/app-main-chart-component[1]/div/div[2]/div[2]/div/div/div[1]/canvas' not found
	at com.kms.katalon.core.webui.keyword.internal.WebUIKeywordMain.stepFailed(WebUIKeywordMain.groovy:64)
	at com.kms.katalon.core.webui.keyword.builtin.VerifyElementPresentKeyword$_verifyElementPresent_closure1.doCall(VerifyElementPresentKeyword.groovy:85)
	at com.kms.katalon.core.webui.keyword.builtin.VerifyElementPresentKeyword$_verifyElementPresent_closure1.call(VerifyElementPresentKeyword.groovy)
	at com.kms.katalon.core.webui.keyword.internal.WebUIKeywordMain.runKeyword(WebUIKeywordMain.groovy:20)
	at com.kms.katalon.core.webui.keyword.builtin.VerifyElementPresentKeyword.verifyElementPresent(VerifyElementPresentKeyword.groovy:92)
	at com.kms.katalon.core.webui.keyword.builtin.VerifyElementPresentKeyword.execute(VerifyElementPresentKeyword.groovy:68)
	at com.kms.katalon.core.keyword.internal.KeywordExecutor.executeKeywordForPlatform(KeywordExecutor.groovy:74)
	at com.kms.katalon.core.webui.keyword.WebUiBuiltInKeywords.verifyElementPresent(WebUiBuiltInKeywords.groovy:1464)
	at com.kms.katalon.core.webui.keyword.WebUiBuiltInKeywords$verifyElementPresent$6.call(Unknown Source)
	at PMHwaueiTopX.TopX(PMHwaueiTopX.groovy:1593)
	at PMHwaueiTopX.invokeMethod(PMHwaueiTopX.groovy)
	at com.kms.katalon.core.main.CustomKeywordDelegatingMetaClass.invokeStaticMethod(CustomKeywordDelegatingMetaClass.java:55)
	at TopX 2G Cluster DailyBH.run(TopX 2G Cluster DailyBH:29)
	at com.kms.katalon.core.main.ScriptEngine.run(ScriptEngine.java:194)
	at com.kms.katalon.core.main.ScriptEngine.runScriptAsRawText(ScriptEngine.java:119)
	at com.kms.katalon.core.main.TestCaseExecutor.runScript(TestCaseExecutor.java:448)
	at com.kms.katalon.core.main.TestCaseExecutor.doExecute(TestCaseExecutor.java:439)
	at com.kms.katalon.core.main.TestCaseExecutor.processExecutionPhase(TestCaseExecutor.java:418)
	at com.kms.katalon.core.main.TestCaseExecutor.accessMainPhase(TestCaseExecutor.java:410)
	at com.kms.katalon.core.main.TestCaseExecutor.execute(TestCaseExecutor.java:285)
	at com.kms.katalon.core.common.CommonExecutor.accessTestCaseMainPhase(CommonExecutor.java:65)
	at com.kms.katalon.core.main.TestSuiteExecutor.accessTestSuiteMainPhase(TestSuiteExecutor.java:148)
	at com.kms.katalon.core.main.TestSuiteExecutor.execute(TestSuiteExecutor.java:106)
	at com.kms.katalon.core.main.TestCaseMain.startTestSuite(TestCaseMain.java:187)
	at com.kms.katalon.core.main.TestCaseMain$startTestSuite$0.call(Unknown Source)
	at TempTestSuite1722766020200.run(TempTestSuite1722766020200.groovy:35)
)
[[ATTACHMENT|C:\\Users\\FatimaIbeid\\git\\NetCell\\Reports\\20240804_130700\\PM\\Hwauei\\TopX\\Regression TopX 2G\\20240804_130700\\1722768800338.png]]

2024-08-04 13:53:20 - [MESSAGE][FAILED] - Unable to verify object 'Object Repository/PM/Huawei-vendor/Chart' is present (Root cause: com.kms.katalon.core.exception.StepFailedException: Unable to verify object 'Object Repository/PM/Huawei-vendor/Chart' is present
	at com.kms.katalon.core.webui.keyword.internal.WebUIKeywordMain.stepFailed(WebUIKeywordMain.groovy:64)
	at com.kms.katalon.core.webui.keyword.internal.WebUIKeywordMain.runKeyword(WebUIKeywordMain.groovy:26)
	at com.kms.katalon.core.webui.keyword.builtin.VerifyElementPresentKeyword.verifyElementPresent(VerifyElementPresentKeyword.groovy:92)
	at com.kms.katalon.core.webui.keyword.builtin.VerifyElementPresentKeyword.execute(VerifyElementPresentKeyword.groovy:68)
	at com.kms.katalon.core.keyword.internal.KeywordExecutor.executeKeywordForPlatform(KeywordExecutor.groovy:74)
	at com.kms.katalon.core.webui.keyword.WebUiBuiltInKeywords.verifyElementPresent(WebUiBuiltInKeywords.groovy:1464)
	at com.kms.katalon.core.webui.keyword.WebUiBuiltInKeywords$verifyElementPresent$6.call(Unknown Source)
	at PMHwaueiTopX.TopX(PMHwaueiTopX.groovy:1593)
	at PMHwaueiTopX.invokeMethod(PMHwaueiTopX.groovy)
	at com.kms.katalon.core.main.CustomKeywordDelegatingMetaClass.invokeStaticMethod(CustomKeywordDelegatingMetaClass.java:55)
	at TopX 2G Cluster DailyBH.run(TopX 2G Cluster DailyBH:29)
	at com.kms.katalon.core.main.ScriptEngine.run(ScriptEngine.java:194)
	at com.kms.katalon.core.main.ScriptEngine.runScriptAsRawText(ScriptEngine.java:119)
	at com.kms.katalon.core.main.TestCaseExecutor.runScript(TestCaseExecutor.java:448)
	at com.kms.katalon.core.main.TestCaseExecutor.doExecute(TestCaseExecutor.java:439)
	at com.kms.katalon.core.main.TestCaseExecutor.processExecutionPhase(TestCaseExecutor.java:418)
	at com.kms.katalon.core.main.TestCaseExecutor.accessMainPhase(TestCaseExecutor.java:410)
	at com.kms.katalon.core.main.TestCaseExecutor.execute(TestCaseExecutor.java:285)
	at com.kms.katalon.core.common.CommonExecutor.accessTestCaseMainPhase(CommonExecutor.java:65)
	at com.kms.katalon.core.main.TestSuiteExecutor.accessTestSuiteMainPhase(TestSuiteExecutor.java:148)
	at com.kms.katalon.core.main.TestSuiteExecutor.execute(TestSuiteExecutor.java:106)
	at com.kms.katalon.core.main.TestCaseMain.startTestSuite(TestCaseMain.java:187)
	at com.kms.katalon.core.main.TestCaseMain$startTestSuite$0.call(Unknown Source)
	at TempTestSuite1722766020200.run(TempTestSuite1722766020200.groovy:35)
Caused by: com.kms.katalon.core.exception.StepFailedException: com.kms.katalon.core.webui.exception.WebElementNotFoundException: Web element with id: 'Object Repository/PM/Huawei-vendor/Chart' located by '//*[@id="chart-container"]/div/app-main-chart-component[1]/div/div[2]/div[2]/div/div/div[1]/canvas' not found
	at com.kms.katalon.core.webui.keyword.internal.WebUIKeywordMain.stepFailed(WebUIKeywordMain.groovy:64)
	at com.kms.katalon.core.webui.keyword.builtin.VerifyElementPresentKeyword$_verifyElementPresent_closure1.doCall(VerifyElementPresentKeyword.groovy:85)
	at com.kms.katalon.core.webui.keyword.builtin.VerifyElementPresentKeyword$_verifyElementPresent_closure1.call(VerifyElementPresentKeyword.groovy)
	at com.kms.katalon.core.webui.keyword.internal.WebUIKeywordMain.runKeyword(WebUIKeywordMain.groovy:20)
	... 22 more
)
[[ATTACHMENT|C:\\Users\\FatimaIbeid\\git\\NetCell\\Reports\\20240804_130700\\PM\\Hwauei\\TopX\\Regression TopX 2G\\20240804_130700\\1722768800679.png]]

2024-08-04 13:53:20 - [MESSAGE][FAILED] - Unable to verify object 'Object Repository/PM/Huawei-vendor/Chart' is present]]></system-out>
         <system-err><![CDATA[2024-08-04 13:50:38 - [TEST_CASE][FAILED] - Test Cases/PM/Hwauei/TopX/2G TopX/XCluster/TopX 2G Cluster DailyBH: Test Cases/PM/Hwauei/TopX/2G TopX/XCluster/TopX 2G Cluster DailyBH FAILED.
Reason:
com.kms.katalon.core.exception.StepFailedException: Unable to verify object 'Object Repository/PM/Huawei-vendor/Chart' is present
	at com.kms.katalon.core.webui.keyword.internal.WebUIKeywordMain.stepFailed(WebUIKeywordMain.groovy:64)
	at com.kms.katalon.core.webui.keyword.internal.WebUIKeywordMain.runKeyword(WebUIKeywordMain.groovy:26)
	at com.kms.katalon.core.webui.keyword.builtin.VerifyElementPresentKeyword.verifyElementPresent(VerifyElementPresentKeyword.groovy:92)
	at com.kms.katalon.core.webui.keyword.builtin.VerifyElementPresentKeyword.execute(VerifyElementPresentKeyword.groovy:68)
	at com.kms.katalon.core.keyword.internal.KeywordExecutor.executeKeywordForPlatform(KeywordExecutor.groovy:74)
	at com.kms.katalon.core.webui.keyword.WebUiBuiltInKeywords.verifyElementPresent(WebUiBuiltInKeywords.groovy:1464)
	at com.kms.katalon.core.webui.keyword.WebUiBuiltInKeywords$verifyElementPresent$6.call(Unknown Source)
	at PMHwaueiTopX.TopX(PMHwaueiTopX.groovy:1593)
	at PMHwaueiTopX.invokeMethod(PMHwaueiTopX.groovy)
	at com.kms.katalon.core.main.CustomKeywordDelegatingMetaClass.invokeStaticMethod(CustomKeywordDelegatingMetaClass.java:55)
	at TopX 2G Cluster DailyBH.run(TopX 2G Cluster DailyBH:29)
	at com.kms.katalon.core.main.ScriptEngine.run(ScriptEngine.java:194)
	at com.kms.katalon.core.main.ScriptEngine.runScriptAsRawText(ScriptEngine.java:119)
	at com.kms.katalon.core.main.TestCaseExecutor.runScript(TestCaseExecutor.java:448)
	at com.kms.katalon.core.main.TestCaseExecutor.doExecute(TestCaseExecutor.java:439)
	at com.kms.katalon.core.main.TestCaseExecutor.processExecutionPhase(TestCaseExecutor.java:418)
	at com.kms.katalon.core.main.TestCaseExecutor.accessMainPhase(TestCaseExecutor.java:410)
	at com.kms.katalon.core.main.TestCaseExecutor.execute(TestCaseExecutor.java:285)
	at com.kms.katalon.core.common.CommonExecutor.accessTestCaseMainPhase(CommonExecutor.java:65)
	at com.kms.katalon.core.main.TestSuiteExecutor.accessTestSuiteMainPhase(TestSuiteExecutor.java:148)
	at com.kms.katalon.core.main.TestSuiteExecutor.execute(TestSuiteExecutor.java:106)
	at com.kms.katalon.core.main.TestCaseMain.startTestSuite(TestCaseMain.java:187)
	at com.kms.katalon.core.main.TestCaseMain$startTestSuite$0.call(Unknown Source)
	at TempTestSuite1722766020200.run(TempTestSuite1722766020200.groovy:35)
Caused by: com.kms.katalon.core.exception.StepFailedException: com.kms.katalon.core.webui.exception.WebElementNotFoundException: Web element with id: 'Object Repository/PM/Huawei-vendor/Chart' located by '//*[@id="chart-container"]/div/app-main-chart-component[1]/div/div[2]/div[2]/div/div/div[1]/canvas' not found
	at com.kms.katalon.core.webui.keyword.internal.WebUIKeywordMain.stepFailed(WebUIKeywordMain.groovy:64)
	at com.kms.katalon.core.webui.keyword.builtin.VerifyElementPresentKeyword$_verifyElementPresent_closure1.doCall(VerifyElementPresentKeyword.groovy:85)
	at com.kms.katalon.core.webui.keyword.builtin.VerifyElementPresentKeyword$_verifyElementPresent_closure1.call(VerifyElementPresentKeyword.groovy)
	at com.kms.katalon.core.webui.keyword.internal.WebUIKeywordMain.runKeyword(WebUIKeywordMain.groovy:20)
	... 22 more]]></system-err>
      </testcase>
      <testcase name="Test Cases/PM/Hwauei/TopX/2G TopX/XGovernorate/TopX 2G Governorate default" time="41.453" classname="Test Cases/PM/Hwauei/TopX/2G TopX/XGovernorate/TopX 2G Governorate default" status="PASSED">
         <system-out><![CDATA[2024-08-04 13:53:20 - [TEST_CASE][PASSED] - Test Cases/PM/Hwauei/TopX/2G TopX/XGovernorate/TopX 2G Governorate default: Test Cases/PM/Hwauei/TopX/2G TopX/XGovernorate/TopX 2G Governorate default

2024-08-04 13:53:21 - [TEST_STEP][PASSED] - callTestCase(findTestCase("Login"), [:], STOP_ON_FAILURE): Call Test Case 'Test Cases/Login' successfully

2024-08-04 13:53:21 - [TEST_CASE][PASSED] - Test Cases/Login: Test Cases/Login

2024-08-04 13:53:21 - [TEST_STEP][PASSED] - driver = general.start(SwagerURL, NetCellURL): general.start is PASSED

2024-08-04 13:53:21 - [MESSAGE][INFO] - >>> chromeDriverPath=C:\Users\FatimaIbeid\.katalon\packages\Katalon_Studio_Windows_64-8.6.9\Katalon_Studio_Windows_64-8.6.9\configuration\resources\drivers\chromedriver_win32\chromedriver.exe

2024-08-04 13:53:22 - [MESSAGE][PASSED] - Current window maximized

2024-08-04 13:53:22 - [MESSAGE][PASSED] - Execute JavaScript 'window.open();' successfully

2024-08-04 13:53:22 - [MESSAGE][PASSED] - Switched to window with index: '1'

2024-08-04 13:53:23 - [MESSAGE][PASSED] - general.start is PASSED

2024-08-04 13:53:23 - [TEST_STEP][PASSED] - click(findTestObject("Object Repository/Login/LoginButton")): Object: 'Object Repository/Login/LoginButton' is clicked on

2024-08-04 13:53:35 - [MESSAGE][PASSED] - Object: 'Object Repository/Login/LoginButton' is clicked on

2024-08-04 13:53:35 - [TEST_STEP][PASSED] - switchToWindowIndex(2): Switched to window with index: '2'

2024-08-04 13:53:35 - [MESSAGE][PASSED] - Switched to window with index: '2'

2024-08-04 13:53:35 - [TEST_STEP][PASSED] - delay(1): Delayed 1 second(s)

2024-08-04 13:53:36 - [MESSAGE][PASSED] - Delayed 1 second(s)

2024-08-04 13:53:36 - [TEST_STEP][PASSED] - sendKeys(findTestObject("Object Repository/Login/EnterEmail"), "homam@zztjg.onmicrosoft.com"): Keys 'homam@zztjg.onmicrosoft.com' sent to object: 'Object Repository/Login/EnterEmail'

2024-08-04 13:53:37 - [MESSAGE][PASSED] - Keys 'homam@zztjg.onmicrosoft.com' sent to object: 'Object Repository/Login/EnterEmail'

2024-08-04 13:53:37 - [TEST_STEP][PASSED] - delay(1): Delayed 1 second(s)

2024-08-04 13:53:38 - [MESSAGE][PASSED] - Delayed 1 second(s)

2024-08-04 13:53:38 - [TEST_STEP][PASSED] - click(findTestObject("Object Repository/Login/NextButton")): Object: 'Object Repository/Login/NextButton' is clicked on

2024-08-04 13:53:39 - [MESSAGE][PASSED] - Object: 'Object Repository/Login/NextButton' is clicked on

2024-08-04 13:53:39 - [TEST_STEP][PASSED] - delay(2): Delayed 2 second(s)

2024-08-04 13:53:41 - [MESSAGE][PASSED] - Delayed 2 second(s)

2024-08-04 13:53:41 - [TEST_STEP][PASSED] - sendKeys(findTestObject("Object Repository/Login/EnterPassword"), "Holder12345"): Keys 'Holder12345' sent to object: 'Object Repository/Login/EnterPassword'

2024-08-04 13:53:41 - [MESSAGE][PASSED] - Keys 'Holder12345' sent to object: 'Object Repository/Login/EnterPassword'

2024-08-04 13:53:41 - [TEST_STEP][PASSED] - delay(1): Delayed 1 second(s)

2024-08-04 13:53:42 - [MESSAGE][PASSED] - Delayed 1 second(s)

2024-08-04 13:53:42 - [TEST_STEP][PASSED] - click(findTestObject("Object Repository/Login/SigninButton")): Object: 'Object Repository/Login/SigninButton' is clicked on

2024-08-04 13:53:42 - [MESSAGE][PASSED] - Object: 'Object Repository/Login/SigninButton' is clicked on

2024-08-04 13:53:42 - [TEST_STEP][PASSED] - delay(1): Delayed 1 second(s)

2024-08-04 13:53:43 - [MESSAGE][PASSED] - Delayed 1 second(s)

2024-08-04 13:53:43 - [TEST_STEP][PASSED] - click(findTestObject("Object Repository/Login/YesStayInButton")): Object: 'Object Repository/Login/YesStayInButton' is clicked on

2024-08-04 13:53:44 - [MESSAGE][PASSED] - Object: 'Object Repository/Login/YesStayInButton' is clicked on

2024-08-04 13:53:44 - [MESSAGE][PASSED] - Call Test Case 'Test Cases/Login' successfully

2024-08-04 13:53:44 - [TEST_STEP][PASSED] - switchToWindowIndex(1): Switched to window with index: '1'

2024-08-04 13:53:44 - [MESSAGE][PASSED] - Switched to window with index: '1'

2024-08-04 13:53:44 - [TEST_STEP][PASSED] - PMHwaueiTopX.TopX("2G", "Governorate", false, "Hourly", false, null): PMHwaueiTopX.TopX is PASSED

2024-08-04 13:53:46 - [MESSAGE][PASSED] - Object: 'Object Repository/PM/PM-Button' is clicked on

2024-08-04 13:53:46 - [MESSAGE][PASSED] - Switched to window with index: '2'

2024-08-04 13:53:48 - [MESSAGE][PASSED] - Object: 'Object Repository/PM/Huawei-vendor/Data-view/TopX' is clicked on

2024-08-04 13:53:48 - [MESSAGE][PASSED] - Object: 'Object Repository/PM/Huawei-vendor/Technology/Technology-Arrow' is clicked on

2024-08-04 13:53:48 - [MESSAGE][PASSED] - Object: 'Object Repository/PM/Huawei-vendor/Technology/2G' is clicked on

2024-08-04 13:53:49 - [MESSAGE][PASSED] - Object: 'Object Repository/PM/Huawei-vendor/TopX/TopX Object Type' is clicked on

2024-08-04 13:53:50 - [MESSAGE][PASSED] - Delayed 1 second(s)

2024-08-04 13:53:50 - [MESSAGE][PASSED] - Object: 'Object Repository/PM/Huawei-vendor/Object-Type/TopX Object Types/TopX Governorates/TopX Governorate' is clicked on

2024-08-04 13:53:51 - [MESSAGE][PASSED] - Delayed 1 second(s)

2024-08-04 13:53:51 - [MESSAGE][WARNING] - Timeout '0' is invalid. Using default page load timeout: '120'

2024-08-04 13:53:51 - [MESSAGE][PASSED] - Scroll to object 'Object Repository/PM/Huawei-vendor/Object Border' successfully

2024-08-04 13:53:51 - [MESSAGE][PASSED] - Object: 'Object Repository/PM/Huawei-vendor/Object-Type/TopX Object Types/TopX Governorates/TopX Amman' is clicked on

2024-08-04 13:53:51 - [MESSAGE][PASSED] - Object: 'Object Repository/PM/Huawei-vendor/Object-Type/TopX Object Types/TopX Governorates/TopX Irbid' is clicked on

2024-08-04 13:53:51 - [MESSAGE][PASSED] - Object: 'Object Repository/PM/Huawei-vendor/Object-Type/TopX Object Types/TopX Governorates/TopX Aqaba' is clicked on

2024-08-04 13:53:51 - [MESSAGE][PASSED] - Object: 'Object Repository/PM/Huawei-vendor/Object-Type/TopX Object Types/TopX Governorates/TopX Jerash' is clicked on

2024-08-04 13:53:51 - [MESSAGE][PASSED] - Object: 'Object Repository/PM/Huawei-vendor/Object-Type/TopX Object Types/TopX Governorates/TopX Mafraq' is clicked on

2024-08-04 13:53:52 - [MESSAGE][PASSED] - Object: 'Object Repository/PM/Huawei-vendor/Object-Type/TopX Object Types/TopX Governorates/TopX Zarqa' is clicked on

2024-08-04 13:53:52 - [MESSAGE][WARNING] - Timeout '0' is invalid. Using default page load timeout: '120'

2024-08-04 13:53:52 - [MESSAGE][PASSED] - Scroll to object 'Object Repository/PM/Huawei-vendor/LowXlabel' successfully

2024-08-04 13:53:52 - [MESSAGE][PASSED] - Object: 'Object Repository/PM/Huawei-vendor/TopX/TopXDate/BeforeDate' is clicked on

2024-08-04 13:53:53 - [MESSAGE][PASSED] - Delayed 1 second(s)

2024-08-04 13:53:53 - [MESSAGE][PASSED] - Object: 'Object Repository/PM/Huawei-vendor/TopX/TopXDate/Choose Month' is clicked on

2024-08-04 13:53:54 - [MESSAGE][PASSED] - Delayed 1 second(s)

2024-08-04 13:53:54 - [MESSAGE][PASSED] - Object: 'Object Repository/PM/Huawei-vendor/TopX/TopXDate/Feb' is clicked on

2024-08-04 13:53:54 - [MESSAGE][PASSED] - Object: 'Object Repository/PM/Huawei-vendor/TopX/TopXDate/Day 1' is clicked on

2024-08-04 13:53:54 - [MESSAGE][PASSED] - Object: 'Object Repository/PM/Huawei-vendor/TopX/TopXDate/Button OK' is clicked on

2024-08-04 13:53:55 - [MESSAGE][PASSED] - Object: 'Object Repository/PM/Huawei-vendor/TopX/TopXDate/After Date' is clicked on

2024-08-04 13:53:56 - [MESSAGE][PASSED] - Delayed 1 second(s)

2024-08-04 13:53:56 - [MESSAGE][PASSED] - Object: 'Object Repository/PM/Huawei-vendor/TopX/TopXDate/Choose Month' is clicked on

2024-08-04 13:53:57 - [MESSAGE][PASSED] - Delayed 1 second(s)

2024-08-04 13:53:57 - [MESSAGE][PASSED] - Object: 'Object Repository/PM/Huawei-vendor/TopX/TopXDate/Feb' is clicked on

2024-08-04 13:53:57 - [MESSAGE][PASSED] - Object: 'Object Repository/PM/Huawei-vendor/TopX/TopXDate/Day 7' is clicked on

2024-08-04 13:53:57 - [MESSAGE][PASSED] - Object: 'Object Repository/PM/Huawei-vendor/TopX/TopXDate/Button OK' is clicked on

2024-08-04 13:53:58 - [MESSAGE][PASSED] - Object: 'Object Repository/PM/Huawei-vendor/Apply-Button' is clicked on

2024-08-04 13:53:58 - [MESSAGE][WARNING] - Timeout '0' is invalid. Using default page load timeout: '120'

2024-08-04 13:53:58 - [MESSAGE][PASSED] - Web element with id: 'Object Repository/PM/Huawei-vendor/Error' located by 'By.xpath: //div[@class='toast-summary title-medium-m']' is not present after '120' second(s)

2024-08-04 13:53:58 - [MESSAGE][WARNING] - Timeout '0' is invalid. Using default page load timeout: '120'

2024-08-04 13:54:01 - [MESSAGE][PASSED] - Object 'Object Repository/PM/Huawei-vendor/Chart' is present

2024-08-04 13:54:01 - [MESSAGE][WARNING] - Timeout '0' is invalid. Using default page load timeout: '120'

2024-08-04 13:54:01 - [MESSAGE][PASSED] - Object 'Object Repository/PM/Huawei-vendor/TopX/TopX Export Chart' is present

2024-08-04 13:54:01 - [MESSAGE][WARNING] - Timeout '0' is invalid. Using default page load timeout: '120'

2024-08-04 13:54:01 - [MESSAGE][PASSED] - Object 'Object Repository/PM/Huawei-vendor/TopX/Table View' is present

2024-08-04 13:54:01 - [MESSAGE][PASSED] - Object: 'Object Repository/PM/Huawei-vendor/TopX/Table View' is clicked on

2024-08-04 13:54:01 - [MESSAGE][PASSED] - Object: 'Object Repository/PM/Huawei-vendor/TopX/Reordering the table view' is clicked on

2024-08-04 13:54:02 - [MESSAGE][PASSED] - Browser is closed

2024-08-04 13:54:02 - [MESSAGE][PASSED] - PMHwaueiTopX.TopX is PASSED]]></system-out>
         <system-err><![CDATA[]]></system-err>
      </testcase>
      <testcase name="Test Cases/PM/Hwauei/TopX/2G TopX/XGovernorate/TopX 2G Governorate with LowX" time="40.046" classname="Test Cases/PM/Hwauei/TopX/2G TopX/XGovernorate/TopX 2G Governorate with LowX" status="PASSED">
         <system-out><![CDATA[2024-08-04 13:54:02 - [TEST_CASE][PASSED] - Test Cases/PM/Hwauei/TopX/2G TopX/XGovernorate/TopX 2G Governorate with LowX: Test Cases/PM/Hwauei/TopX/2G TopX/XGovernorate/TopX 2G Governorate with LowX

2024-08-04 13:54:02 - [TEST_STEP][PASSED] - callTestCase(findTestCase("Login"), [:], STOP_ON_FAILURE): Call Test Case 'Test Cases/Login' successfully

2024-08-04 13:54:02 - [TEST_CASE][PASSED] - Test Cases/Login: Test Cases/Login

2024-08-04 13:54:02 - [TEST_STEP][PASSED] - driver = general.start(SwagerURL, NetCellURL): general.start is PASSED

2024-08-04 13:54:02 - [MESSAGE][INFO] - >>> chromeDriverPath=C:\Users\FatimaIbeid\.katalon\packages\Katalon_Studio_Windows_64-8.6.9\Katalon_Studio_Windows_64-8.6.9\configuration\resources\drivers\chromedriver_win32\chromedriver.exe

2024-08-04 13:54:04 - [MESSAGE][PASSED] - Current window maximized

2024-08-04 13:54:04 - [MESSAGE][PASSED] - Execute JavaScript 'window.open();' successfully

2024-08-04 13:54:04 - [MESSAGE][PASSED] - Switched to window with index: '1'

2024-08-04 13:54:16 - [MESSAGE][PASSED] - general.start is PASSED

2024-08-04 13:54:16 - [TEST_STEP][PASSED] - click(findTestObject("Object Repository/Login/LoginButton")): Object: 'Object Repository/Login/LoginButton' is clicked on

2024-08-04 13:54:16 - [MESSAGE][PASSED] - Object: 'Object Repository/Login/LoginButton' is clicked on

2024-08-04 13:54:16 - [TEST_STEP][PASSED] - switchToWindowIndex(2): Switched to window with index: '2'

2024-08-04 13:54:16 - [MESSAGE][PASSED] - Switched to window with index: '2'

2024-08-04 13:54:16 - [TEST_STEP][PASSED] - delay(1): Delayed 1 second(s)

2024-08-04 13:54:17 - [MESSAGE][PASSED] - Delayed 1 second(s)

2024-08-04 13:54:17 - [TEST_STEP][PASSED] - sendKeys(findTestObject("Object Repository/Login/EnterEmail"), "homam@zztjg.onmicrosoft.com"): Keys 'homam@zztjg.onmicrosoft.com' sent to object: 'Object Repository/Login/EnterEmail'

2024-08-04 13:54:19 - [MESSAGE][PASSED] - Keys 'homam@zztjg.onmicrosoft.com' sent to object: 'Object Repository/Login/EnterEmail'

2024-08-04 13:54:19 - [TEST_STEP][PASSED] - delay(1): Delayed 1 second(s)

2024-08-04 13:54:20 - [MESSAGE][PASSED] - Delayed 1 second(s)

2024-08-04 13:54:20 - [TEST_STEP][PASSED] - click(findTestObject("Object Repository/Login/NextButton")): Object: 'Object Repository/Login/NextButton' is clicked on

2024-08-04 13:54:20 - [MESSAGE][PASSED] - Object: 'Object Repository/Login/NextButton' is clicked on

2024-08-04 13:54:20 - [TEST_STEP][PASSED] - delay(2): Delayed 2 second(s)

2024-08-04 13:54:22 - [MESSAGE][PASSED] - Delayed 2 second(s)

2024-08-04 13:54:22 - [TEST_STEP][PASSED] - sendKeys(findTestObject("Object Repository/Login/EnterPassword"), "Holder12345"): Keys 'Holder12345' sent to object: 'Object Repository/Login/EnterPassword'

2024-08-04 13:54:22 - [MESSAGE][PASSED] - Keys 'Holder12345' sent to object: 'Object Repository/Login/EnterPassword'

2024-08-04 13:54:22 - [TEST_STEP][PASSED] - delay(1): Delayed 1 second(s)

2024-08-04 13:54:23 - [MESSAGE][PASSED] - Delayed 1 second(s)

2024-08-04 13:54:23 - [TEST_STEP][PASSED] - click(findTestObject("Object Repository/Login/SigninButton")): Object: 'Object Repository/Login/SigninButton' is clicked on

2024-08-04 13:54:24 - [MESSAGE][PASSED] - Object: 'Object Repository/Login/SigninButton' is clicked on

2024-08-04 13:54:24 - [TEST_STEP][PASSED] - delay(1): Delayed 1 second(s)

2024-08-04 13:54:25 - [MESSAGE][PASSED] - Delayed 1 second(s)

2024-08-04 13:54:25 - [TEST_STEP][PASSED] - click(findTestObject("Object Repository/Login/YesStayInButton")): Object: 'Object Repository/Login/YesStayInButton' is clicked on

2024-08-04 13:54:25 - [MESSAGE][PASSED] - Object: 'Object Repository/Login/YesStayInButton' is clicked on

2024-08-04 13:54:25 - [MESSAGE][PASSED] - Call Test Case 'Test Cases/Login' successfully

2024-08-04 13:54:25 - [TEST_STEP][PASSED] - switchToWindowIndex(1): Switched to window with index: '1'

2024-08-04 13:54:25 - [MESSAGE][PASSED] - Switched to window with index: '1'

2024-08-04 13:54:25 - [TEST_STEP][PASSED] - PMHwaueiTopX.TopX("2G", "Governorate", true, "Hourly", true, null): PMHwaueiTopX.TopX is PASSED

2024-08-04 13:54:26 - [MESSAGE][PASSED] - Object: 'Object Repository/PM/PM-Button' is clicked on

2024-08-04 13:54:26 - [MESSAGE][PASSED] - Switched to window with index: '2'

2024-08-04 13:54:28 - [MESSAGE][PASSED] - Object: 'Object Repository/PM/Huawei-vendor/Data-view/TopX' is clicked on

2024-08-04 13:54:28 - [MESSAGE][PASSED] - Object: 'Object Repository/PM/Huawei-vendor/Technology/Technology-Arrow' is clicked on

2024-08-04 13:54:28 - [MESSAGE][PASSED] - Object: 'Object Repository/PM/Huawei-vendor/Technology/2G' is clicked on

2024-08-04 13:54:28 - [MESSAGE][PASSED] - Object: 'Object Repository/PM/Huawei-vendor/TopX/TopX Object Type' is clicked on

2024-08-04 13:54:29 - [MESSAGE][PASSED] - Delayed 1 second(s)

2024-08-04 13:54:29 - [MESSAGE][PASSED] - Object: 'Object Repository/PM/Huawei-vendor/Object-Type/TopX Object Types/TopX Governorates/TopX Governorate' is clicked on

2024-08-04 13:54:30 - [MESSAGE][PASSED] - Delayed 1 second(s)

2024-08-04 13:54:30 - [MESSAGE][WARNING] - Timeout '0' is invalid. Using default page load timeout: '120'

2024-08-04 13:54:30 - [MESSAGE][PASSED] - Scroll to object 'Object Repository/PM/Huawei-vendor/Object Border' successfully

2024-08-04 13:54:30 - [MESSAGE][PASSED] - Object: 'Object Repository/PM/Huawei-vendor/Object-Type/TopX Object Types/TopX PLMNs/TopX PLMN checkbox' is clicked on

2024-08-04 13:54:31 - [MESSAGE][WARNING] - Timeout '0' is invalid. Using default page load timeout: '120'

2024-08-04 13:54:31 - [MESSAGE][PASSED] - Scroll to object 'Object Repository/PM/Huawei-vendor/LowXlabel' successfully

2024-08-04 13:54:31 - [MESSAGE][PASSED] - Object: 'Object Repository/PM/Huawei-vendor/TopX/TopXDate/BeforeDate' is clicked on

2024-08-04 13:54:32 - [MESSAGE][PASSED] - Delayed 1 second(s)

2024-08-04 13:54:32 - [MESSAGE][PASSED] - Object: 'Object Repository/PM/Huawei-vendor/TopX/TopXDate/Choose Month' is clicked on

2024-08-04 13:54:33 - [MESSAGE][PASSED] - Delayed 1 second(s)

2024-08-04 13:54:33 - [MESSAGE][PASSED] - Object: 'Object Repository/PM/Huawei-vendor/TopX/TopXDate/Feb' is clicked on

2024-08-04 13:54:33 - [MESSAGE][PASSED] - Object: 'Object Repository/PM/Huawei-vendor/TopX/TopXDate/Day 1' is clicked on

2024-08-04 13:54:33 - [MESSAGE][PASSED] - Object: 'Object Repository/PM/Huawei-vendor/TopX/TopXDate/Button OK' is clicked on

2024-08-04 13:54:34 - [MESSAGE][PASSED] - Object: 'Object Repository/PM/Huawei-vendor/TopX/TopXDate/After Date' is clicked on

2024-08-04 13:54:35 - [MESSAGE][PASSED] - Delayed 1 second(s)

2024-08-04 13:54:35 - [MESSAGE][PASSED] - Object: 'Object Repository/PM/Huawei-vendor/TopX/TopXDate/Choose Month' is clicked on

2024-08-04 13:54:36 - [MESSAGE][PASSED] - Delayed 1 second(s)

2024-08-04 13:54:36 - [MESSAGE][PASSED] - Object: 'Object Repository/PM/Huawei-vendor/TopX/TopXDate/Feb' is clicked on

2024-08-04 13:54:36 - [MESSAGE][PASSED] - Object: 'Object Repository/PM/Huawei-vendor/TopX/TopXDate/Day 7' is clicked on

2024-08-04 13:54:36 - [MESSAGE][PASSED] - Object: 'Object Repository/PM/Huawei-vendor/TopX/TopXDate/Button OK' is clicked on

2024-08-04 13:54:37 - [MESSAGE][PASSED] - Object: 'Object Repository/PM/Huawei-vendor/LowXCheckBox' is clicked on

2024-08-04 13:54:37 - [MESSAGE][PASSED] - Object: 'Object Repository/PM/Huawei-vendor/Apply-Button' is clicked on

2024-08-04 13:54:37 - [MESSAGE][WARNING] - Timeout '0' is invalid. Using default page load timeout: '120'

2024-08-04 13:54:37 - [MESSAGE][PASSED] - Web element with id: 'Object Repository/PM/Huawei-vendor/Error' located by 'By.xpath: //div[@class='toast-summary title-medium-m']' is not present after '120' second(s)

2024-08-04 13:54:37 - [MESSAGE][WARNING] - Timeout '0' is invalid. Using default page load timeout: '120'

2024-08-04 13:54:41 - [MESSAGE][PASSED] - Object 'Object Repository/PM/Huawei-vendor/Chart' is present

2024-08-04 13:54:41 - [MESSAGE][WARNING] - Timeout '0' is invalid. Using default page load timeout: '120'

2024-08-04 13:54:41 - [MESSAGE][PASSED] - Object 'Object Repository/PM/Huawei-vendor/TopX/TopX Export Chart' is present

2024-08-04 13:54:41 - [MESSAGE][WARNING] - Timeout '0' is invalid. Using default page load timeout: '120'

2024-08-04 13:54:41 - [MESSAGE][PASSED] - Object 'Object Repository/PM/Huawei-vendor/TopX/Table View' is present

2024-08-04 13:54:41 - [MESSAGE][PASSED] - Object: 'Object Repository/PM/Huawei-vendor/TopX/Table View' is clicked on

2024-08-04 13:54:41 - [MESSAGE][PASSED] - Object: 'Object Repository/PM/Huawei-vendor/TopX/Reordering the table view' is clicked on

2024-08-04 13:54:42 - [MESSAGE][PASSED] - Browser is closed

2024-08-04 13:54:42 - [MESSAGE][PASSED] - PMHwaueiTopX.TopX is PASSED]]></system-out>
         <system-err><![CDATA[]]></system-err>
      </testcase>
      <testcase name="Test Cases/PM/Hwauei/TopX/2G TopX/XGovernorate/TopX 2G Governorate Daily" time="51.235" classname="Test Cases/PM/Hwauei/TopX/2G TopX/XGovernorate/TopX 2G Governorate Daily" status="PASSED">
         <system-out><![CDATA[2024-08-04 13:54:42 - [TEST_CASE][PASSED] - Test Cases/PM/Hwauei/TopX/2G TopX/XGovernorate/TopX 2G Governorate Daily: Test Cases/PM/Hwauei/TopX/2G TopX/XGovernorate/TopX 2G Governorate Daily

2024-08-04 13:54:42 - [TEST_STEP][PASSED] - callTestCase(findTestCase("Login"), [:], STOP_ON_FAILURE): Call Test Case 'Test Cases/Login' successfully

2024-08-04 13:54:42 - [TEST_CASE][PASSED] - Test Cases/Login: Test Cases/Login

2024-08-04 13:54:42 - [TEST_STEP][PASSED] - driver = general.start(SwagerURL, NetCellURL): general.start is PASSED

2024-08-04 13:54:42 - [MESSAGE][INFO] - >>> chromeDriverPath=C:\Users\FatimaIbeid\.katalon\packages\Katalon_Studio_Windows_64-8.6.9\Katalon_Studio_Windows_64-8.6.9\configuration\resources\drivers\chromedriver_win32\chromedriver.exe

2024-08-04 13:54:44 - [MESSAGE][PASSED] - Current window maximized

2024-08-04 13:54:44 - [MESSAGE][PASSED] - Execute JavaScript 'window.open();' successfully

2024-08-04 13:54:44 - [MESSAGE][PASSED] - Switched to window with index: '1'

2024-08-04 13:54:56 - [MESSAGE][PASSED] - general.start is PASSED

2024-08-04 13:54:56 - [TEST_STEP][PASSED] - click(findTestObject("Object Repository/Login/LoginButton")): Object: 'Object Repository/Login/LoginButton' is clicked on

2024-08-04 13:54:56 - [MESSAGE][PASSED] - Object: 'Object Repository/Login/LoginButton' is clicked on

2024-08-04 13:54:56 - [TEST_STEP][PASSED] - switchToWindowIndex(2): Switched to window with index: '2'

2024-08-04 13:54:56 - [MESSAGE][PASSED] - Switched to window with index: '2'

2024-08-04 13:54:56 - [TEST_STEP][PASSED] - delay(1): Delayed 1 second(s)

2024-08-04 13:54:57 - [MESSAGE][PASSED] - Delayed 1 second(s)

2024-08-04 13:54:57 - [TEST_STEP][PASSED] - sendKeys(findTestObject("Object Repository/Login/EnterEmail"), "homam@zztjg.onmicrosoft.com"): Keys 'homam@zztjg.onmicrosoft.com' sent to object: 'Object Repository/Login/EnterEmail'

2024-08-04 13:54:58 - [MESSAGE][PASSED] - Keys 'homam@zztjg.onmicrosoft.com' sent to object: 'Object Repository/Login/EnterEmail'

2024-08-04 13:54:58 - [TEST_STEP][PASSED] - delay(1): Delayed 1 second(s)

2024-08-04 13:54:59 - [MESSAGE][PASSED] - Delayed 1 second(s)

2024-08-04 13:54:59 - [TEST_STEP][PASSED] - click(findTestObject("Object Repository/Login/NextButton")): Object: 'Object Repository/Login/NextButton' is clicked on

2024-08-04 13:54:59 - [MESSAGE][PASSED] - Object: 'Object Repository/Login/NextButton' is clicked on

2024-08-04 13:54:59 - [TEST_STEP][PASSED] - delay(2): Delayed 2 second(s)

2024-08-04 13:55:01 - [MESSAGE][PASSED] - Delayed 2 second(s)

2024-08-04 13:55:01 - [TEST_STEP][PASSED] - sendKeys(findTestObject("Object Repository/Login/EnterPassword"), "Holder12345"): Keys 'Holder12345' sent to object: 'Object Repository/Login/EnterPassword'

2024-08-04 13:55:01 - [MESSAGE][PASSED] - Keys 'Holder12345' sent to object: 'Object Repository/Login/EnterPassword'

2024-08-04 13:55:01 - [TEST_STEP][PASSED] - delay(1): Delayed 1 second(s)

2024-08-04 13:55:02 - [MESSAGE][PASSED] - Delayed 1 second(s)

2024-08-04 13:55:02 - [TEST_STEP][PASSED] - click(findTestObject("Object Repository/Login/SigninButton")): Object: 'Object Repository/Login/SigninButton' is clicked on

2024-08-04 13:55:03 - [MESSAGE][PASSED] - Object: 'Object Repository/Login/SigninButton' is clicked on

2024-08-04 13:55:03 - [TEST_STEP][PASSED] - delay(1): Delayed 1 second(s)

2024-08-04 13:55:04 - [MESSAGE][PASSED] - Delayed 1 second(s)

2024-08-04 13:55:04 - [TEST_STEP][PASSED] - click(findTestObject("Object Repository/Login/YesStayInButton")): Object: 'Object Repository/Login/YesStayInButton' is clicked on

2024-08-04 13:55:05 - [MESSAGE][PASSED] - Object: 'Object Repository/Login/YesStayInButton' is clicked on

2024-08-04 13:55:05 - [MESSAGE][PASSED] - Call Test Case 'Test Cases/Login' successfully

2024-08-04 13:55:05 - [TEST_STEP][PASSED] - switchToWindowIndex(1): Switched to window with index: '1'

2024-08-04 13:55:06 - [MESSAGE][PASSED] - Switched to window with index: '1'

2024-08-04 13:55:06 - [TEST_STEP][PASSED] - PMHwaueiTopX.TopX("2G", "Governorate", false, "Daily", false, null): PMHwaueiTopX.TopX is PASSED

2024-08-04 13:55:07 - [MESSAGE][PASSED] - Object: 'Object Repository/PM/PM-Button' is clicked on

2024-08-04 13:55:07 - [MESSAGE][PASSED] - Switched to window with index: '2'

2024-08-04 13:55:19 - [MESSAGE][PASSED] - Object: 'Object Repository/PM/Huawei-vendor/Data-view/TopX' is clicked on

2024-08-04 13:55:19 - [MESSAGE][PASSED] - Object: 'Object Repository/PM/Huawei-vendor/Technology/Technology-Arrow' is clicked on

2024-08-04 13:55:19 - [MESSAGE][PASSED] - Object: 'Object Repository/PM/Huawei-vendor/Technology/2G' is clicked on

2024-08-04 13:55:20 - [MESSAGE][PASSED] - Object: 'Object Repository/PM/Huawei-vendor/TopX/TopX Object Type' is clicked on

2024-08-04 13:55:21 - [MESSAGE][PASSED] - Delayed 1 second(s)

2024-08-04 13:55:21 - [MESSAGE][PASSED] - Object: 'Object Repository/PM/Huawei-vendor/Object-Type/TopX Object Types/TopX Governorates/TopX Governorate' is clicked on

2024-08-04 13:55:22 - [MESSAGE][PASSED] - Delayed 1 second(s)

2024-08-04 13:55:22 - [MESSAGE][WARNING] - Timeout '0' is invalid. Using default page load timeout: '120'

2024-08-04 13:55:22 - [MESSAGE][PASSED] - Scroll to object 'Object Repository/PM/Huawei-vendor/Object Border' successfully

2024-08-04 13:55:22 - [MESSAGE][PASSED] - Object: 'Object Repository/PM/Huawei-vendor/Object-Type/TopX Object Types/TopX Governorates/TopX Amman' is clicked on

2024-08-04 13:55:22 - [MESSAGE][PASSED] - Object: 'Object Repository/PM/Huawei-vendor/Object-Type/TopX Object Types/TopX Governorates/TopX Irbid' is clicked on

2024-08-04 13:55:22 - [MESSAGE][PASSED] - Object: 'Object Repository/PM/Huawei-vendor/Object-Type/TopX Object Types/TopX Governorates/TopX Aqaba' is clicked on

2024-08-04 13:55:22 - [MESSAGE][PASSED] - Object: 'Object Repository/PM/Huawei-vendor/Object-Type/TopX Object Types/TopX Governorates/TopX Jerash' is clicked on

2024-08-04 13:55:22 - [MESSAGE][PASSED] - Object: 'Object Repository/PM/Huawei-vendor/Object-Type/TopX Object Types/TopX Governorates/TopX Mafraq' is clicked on

2024-08-04 13:55:23 - [MESSAGE][PASSED] - Object: 'Object Repository/PM/Huawei-vendor/Object-Type/TopX Object Types/TopX Governorates/TopX Zarqa' is clicked on

2024-08-04 13:55:23 - [MESSAGE][WARNING] - Timeout '0' is invalid. Using default page load timeout: '120'

2024-08-04 13:55:23 - [MESSAGE][PASSED] - Scroll to object 'Object Repository/PM/Huawei-vendor/LowXlabel' successfully

2024-08-04 13:55:23 - [MESSAGE][PASSED] - Object: 'Object Repository/PM/Huawei-vendor/Resolution Temp/Select Resolution temp' is clicked on

2024-08-04 13:55:23 - [MESSAGE][PASSED] - Object: 'Object Repository/PM/Huawei-vendor/Resolution Temp/Resolution Temp Daily' is clicked on

2024-08-04 13:55:23 - [MESSAGE][PASSED] - Object: 'Object Repository/PM/Huawei-vendor/TopX/TopXDate/BeforeDate' is clicked on

2024-08-04 13:55:24 - [MESSAGE][PASSED] - Delayed 1 second(s)

2024-08-04 13:55:24 - [MESSAGE][PASSED] - Object: 'Object Repository/PM/Huawei-vendor/TopX/TopXDate/Choose Month' is clicked on

2024-08-04 13:55:25 - [MESSAGE][PASSED] - Delayed 1 second(s)

2024-08-04 13:55:25 - [MESSAGE][PASSED] - Object: 'Object Repository/PM/Huawei-vendor/TopX/TopXDate/Feb' is clicked on

2024-08-04 13:55:26 - [MESSAGE][PASSED] - Object: 'Object Repository/PM/Huawei-vendor/TopX/TopXDate/Day 1' is clicked on

2024-08-04 13:55:26 - [MESSAGE][PASSED] - Object: 'Object Repository/PM/Huawei-vendor/TopX/TopXDate/Button OK' is clicked on

2024-08-04 13:55:26 - [MESSAGE][PASSED] - Object: 'Object Repository/PM/Huawei-vendor/TopX/TopXDate/After Date' is clicked on

2024-08-04 13:55:27 - [MESSAGE][PASSED] - Delayed 1 second(s)

2024-08-04 13:55:27 - [MESSAGE][PASSED] - Object: 'Object Repository/PM/Huawei-vendor/TopX/TopXDate/Choose Month' is clicked on

2024-08-04 13:55:28 - [MESSAGE][PASSED] - Delayed 1 second(s)

2024-08-04 13:55:28 - [MESSAGE][PASSED] - Object: 'Object Repository/PM/Huawei-vendor/TopX/TopXDate/Feb' is clicked on

2024-08-04 13:55:28 - [MESSAGE][PASSED] - Object: 'Object Repository/PM/Huawei-vendor/TopX/TopXDate/Day 7' is clicked on

2024-08-04 13:55:29 - [MESSAGE][PASSED] - Object: 'Object Repository/PM/Huawei-vendor/TopX/TopXDate/Button OK' is clicked on

2024-08-04 13:55:29 - [MESSAGE][PASSED] - Object: 'Object Repository/PM/Huawei-vendor/Apply-Button' is clicked on

2024-08-04 13:55:29 - [MESSAGE][WARNING] - Timeout '0' is invalid. Using default page load timeout: '120'

2024-08-04 13:55:29 - [MESSAGE][PASSED] - Web element with id: 'Object Repository/PM/Huawei-vendor/Error' located by 'By.xpath: //div[@class='toast-summary title-medium-m']' is not present after '120' second(s)

2024-08-04 13:55:29 - [MESSAGE][WARNING] - Timeout '0' is invalid. Using default page load timeout: '120'

2024-08-04 13:55:32 - [MESSAGE][PASSED] - Object 'Object Repository/PM/Huawei-vendor/Chart' is present

2024-08-04 13:55:32 - [MESSAGE][WARNING] - Timeout '0' is invalid. Using default page load timeout: '120'

2024-08-04 13:55:32 - [MESSAGE][PASSED] - Object 'Object Repository/PM/Huawei-vendor/TopX/TopX Export Chart' is present

2024-08-04 13:55:32 - [MESSAGE][WARNING] - Timeout '0' is invalid. Using default page load timeout: '120'

2024-08-04 13:55:32 - [MESSAGE][PASSED] - Object 'Object Repository/PM/Huawei-vendor/TopX/Table View' is present

2024-08-04 13:55:32 - [MESSAGE][PASSED] - Object: 'Object Repository/PM/Huawei-vendor/TopX/Table View' is clicked on

2024-08-04 13:55:32 - [MESSAGE][PASSED] - Object: 'Object Repository/PM/Huawei-vendor/TopX/Reordering the table view' is clicked on

2024-08-04 13:55:33 - [MESSAGE][PASSED] - Browser is closed

2024-08-04 13:55:33 - [MESSAGE][PASSED] - PMHwaueiTopX.TopX is PASSED]]></system-out>
         <system-err><![CDATA[]]></system-err>
      </testcase>
      <testcase name="Test Cases/PM/Hwauei/TopX/2G TopX/XGovernorate/TopX 2G Governorate DailyBH" time="70.727" classname="Test Cases/PM/Hwauei/TopX/2G TopX/XGovernorate/TopX 2G Governorate DailyBH" status="FAILED">
         <failure type="FAILED" message="Test Cases/PM/Hwauei/TopX/2G TopX/XGovernorate/TopX 2G Governorate DailyBH FAILED.
Reason:
com.kms.katalon.core.exception.StepFailedException: Unable to verify object 'Object Repository/PM/Huawei-vendor/Chart' is present
	at com.kms.katalon.core.webui.keyword.internal.WebUIKeywordMain.stepFailed(WebUIKeywordMain.groovy:64)
	at com.kms.katalon.core.webui.keyword.internal.WebUIKeywordMain.runKeyword(WebUIKeywordMain.groovy:26)
	at com.kms.katalon.core.webui.keyword.builtin.VerifyElementPresentKeyword.verifyElementPresent(VerifyElementPresentKeyword.groovy:92)
	at com.kms.katalon.core.webui.keyword.builtin.VerifyElementPresentKeyword.execute(VerifyElementPresentKeyword.groovy:68)
	at com.kms.katalon.core.keyword.internal.KeywordExecutor.executeKeywordForPlatform(KeywordExecutor.groovy:74)
	at com.kms.katalon.core.webui.keyword.WebUiBuiltInKeywords.verifyElementPresent(WebUiBuiltInKeywords.groovy:1464)
	at com.kms.katalon.core.webui.keyword.WebUiBuiltInKeywords$verifyElementPresent$6.call(Unknown Source)
	at PMHwaueiTopX.TopX(PMHwaueiTopX.groovy:1593)
	at PMHwaueiTopX.invokeMethod(PMHwaueiTopX.groovy)
	at com.kms.katalon.core.main.CustomKeywordDelegatingMetaClass.invokeStaticMethod(CustomKeywordDelegatingMetaClass.java:55)
	at TopX 2G Governorate DailyBH.run(TopX 2G Governorate DailyBH:29)
	at com.kms.katalon.core.main.ScriptEngine.run(ScriptEngine.java:194)
	at com.kms.katalon.core.main.ScriptEngine.runScriptAsRawText(ScriptEngine.java:119)
	at com.kms.katalon.core.main.TestCaseExecutor.runScript(TestCaseExecutor.java:448)
	at com.kms.katalon.core.main.TestCaseExecutor.doExecute(TestCaseExecutor.java:439)
	at com.kms.katalon.core.main.TestCaseExecutor.processExecutionPhase(TestCaseExecutor.java:418)
	at com.kms.katalon.core.main.TestCaseExecutor.accessMainPhase(TestCaseExecutor.java:410)
	at com.kms.katalon.core.main.TestCaseExecutor.execute(TestCaseExecutor.java:285)
	at com.kms.katalon.core.common.CommonExecutor.accessTestCaseMainPhase(CommonExecutor.java:65)
	at com.kms.katalon.core.main.TestSuiteExecutor.accessTestSuiteMainPhase(TestSuiteExecutor.java:148)
	at com.kms.katalon.core.main.TestSuiteExecutor.execute(TestSuiteExecutor.java:106)
	at com.kms.katalon.core.main.TestCaseMain.startTestSuite(TestCaseMain.java:187)
	at com.kms.katalon.core.main.TestCaseMain$startTestSuite$0.call(Unknown Source)
	at TempTestSuite1722766020200.run(TempTestSuite1722766020200.groovy:35)
Caused by: org.openqa.selenium.WebDriverException: disconnected: not connected to DevTools
  (failed to check if window was closed: disconnected: not connected to DevTools)
  (Session info: chrome=127.0.6533.89)
Build info: version: '3.141.59', revision: 'e82be7d358', time: '2018-11-14T08:25:53'
System info: host: 'LP-FATIMAIBEID', ip: '192.168.9.99', os.name: 'Windows 11', os.arch: 'amd64', os.version: '10.0', java.version: '1.8.0_362'
Driver info: org.openqa.selenium.chrome.ChromeDriver
Capabilities {acceptInsecureCerts: true, browserName: chrome, browserVersion: 127.0.6533.89, chrome: {chromedriverVersion: 127.0.6533.88 (a2d0cb026721..., userDataDir: C:\Users\FATIMA~1\AppData\L...}, fedcm:accounts: true, goog:chromeOptions: {debuggerAddress: localhost:57750}, javascriptEnabled: true, networkConnectionEnabled: false, pageLoadStrategy: normal, platform: WINDOWS, platformName: WINDOWS, proxy: Proxy(), setWindowRect: true, strictFileInteractability: false, timeouts: {implicit: 0, pageLoad: 300000, script: 30000}, unhandledPromptBehavior: dismiss and notify, webauthn:extension:credBlob: true, webauthn:extension:largeBlob: true, webauthn:extension:minPinLength: true, webauthn:extension:prf: true, webauthn:virtualAuthenticators: true}
Session ID: da9255e8195775bac3933fdad487ca08
*** Element info: {Using=xpath, value=//*[@id=&quot;chart-container&quot;]/div/app-main-chart-component[1]/div/div[2]/div[2]/div/div/div[1]/canvas}
	at org.openqa.selenium.remote.http.W3CHttpResponseCodec.createException(W3CHttpResponseCodec.java:187)
	at org.openqa.selenium.remote.http.W3CHttpResponseCodec.decode(W3CHttpResponseCodec.java:122)
	at org.openqa.selenium.remote.http.W3CHttpResponseCodec.decode(W3CHttpResponseCodec.java:49)
	at org.openqa.selenium.remote.HttpCommandExecutor.execute(HttpCommandExecutor.java:158)
	at org.openqa.selenium.remote.service.DriverCommandExecutor.execute(DriverCommandExecutor.java:83)
	at org.openqa.selenium.remote.RemoteWebDriver.execute(RemoteWebDriver.java:552)
	at org.openqa.selenium.remote.RemoteWebDriver.findElements(RemoteWebDriver.java:353)
	at org.openqa.selenium.remote.RemoteWebDriver.findElementsByXPath(RemoteWebDriver.java:432)
	at org.openqa.selenium.By$ByXPath.findElements(By.java:348)
	at org.openqa.selenium.remote.RemoteWebDriver.findElements(RemoteWebDriver.java:311)
	at org.openqa.selenium.support.events.EventFiringWebDriver.lambda$new$1(EventFiringWebDriver.java:105)
	at com.sun.proxy.$Proxy11.findElements(Unknown Source)
	at org.openqa.selenium.support.events.EventFiringWebDriver.findElements(EventFiringWebDriver.java:182)
	at com.kms.katalon.core.webui.common.WebUiCommonHelper.findElementByNormalMethods(WebUiCommonHelper.java:1027)
	at com.kms.katalon.core.webui.common.WebUiCommonHelper.findElementsBySelectedMethod(WebUiCommonHelper.java:919)
	at com.kms.katalon.core.webui.common.WebUiCommonHelper.findElementsBySelectedMethod(WebUiCommonHelper.java:901)
	at com.kms.katalon.core.webui.common.WebUiCommonHelper.findElementsBySelectedMethod(WebUiCommonHelper.java:896)
	at com.kms.katalon.core.webui.common.WebUiCommonHelper.findElementsByDefault(WebUiCommonHelper.java:892)
	at com.kms.katalon.core.webui.common.WebUiCommonHelper.findWebElements(WebUiCommonHelper.java:720)
	at com.kms.katalon.core.webui.common.WebUiCommonHelper.findWebElement(WebUiCommonHelper.java:1376)
	at com.kms.katalon.core.webui.keyword.internal.WebUIAbstractKeyword.findWebElement(WebUIAbstractKeyword.groovy:27)
	at com.kms.katalon.core.webui.keyword.builtin.VerifyElementPresentKeyword$_verifyElementPresent_closure1.doCall(VerifyElementPresentKeyword.groovy:79)
	at com.kms.katalon.core.webui.keyword.builtin.VerifyElementPresentKeyword$_verifyElementPresent_closure1.call(VerifyElementPresentKeyword.groovy)
	at com.kms.katalon.core.webui.keyword.internal.WebUIKeywordMain.runKeyword(WebUIKeywordMain.groovy:20)
	... 22 more
"/>
         <system-out><![CDATA[2024-08-04 13:55:33 - [TEST_CASE][FAILED] - Test Cases/PM/Hwauei/TopX/2G TopX/XGovernorate/TopX 2G Governorate DailyBH: Test Cases/PM/Hwauei/TopX/2G TopX/XGovernorate/TopX 2G Governorate DailyBH FAILED.
Reason:
com.kms.katalon.core.exception.StepFailedException: Unable to verify object 'Object Repository/PM/Huawei-vendor/Chart' is present
	at com.kms.katalon.core.webui.keyword.internal.WebUIKeywordMain.stepFailed(WebUIKeywordMain.groovy:64)
	at com.kms.katalon.core.webui.keyword.internal.WebUIKeywordMain.runKeyword(WebUIKeywordMain.groovy:26)
	at com.kms.katalon.core.webui.keyword.builtin.VerifyElementPresentKeyword.verifyElementPresent(VerifyElementPresentKeyword.groovy:92)
	at com.kms.katalon.core.webui.keyword.builtin.VerifyElementPresentKeyword.execute(VerifyElementPresentKeyword.groovy:68)
	at com.kms.katalon.core.keyword.internal.KeywordExecutor.executeKeywordForPlatform(KeywordExecutor.groovy:74)
	at com.kms.katalon.core.webui.keyword.WebUiBuiltInKeywords.verifyElementPresent(WebUiBuiltInKeywords.groovy:1464)
	at com.kms.katalon.core.webui.keyword.WebUiBuiltInKeywords$verifyElementPresent$6.call(Unknown Source)
	at PMHwaueiTopX.TopX(PMHwaueiTopX.groovy:1593)
	at PMHwaueiTopX.invokeMethod(PMHwaueiTopX.groovy)
	at com.kms.katalon.core.main.CustomKeywordDelegatingMetaClass.invokeStaticMethod(CustomKeywordDelegatingMetaClass.java:55)
	at TopX 2G Governorate DailyBH.run(TopX 2G Governorate DailyBH:29)
	at com.kms.katalon.core.main.ScriptEngine.run(ScriptEngine.java:194)
	at com.kms.katalon.core.main.ScriptEngine.runScriptAsRawText(ScriptEngine.java:119)
	at com.kms.katalon.core.main.TestCaseExecutor.runScript(TestCaseExecutor.java:448)
	at com.kms.katalon.core.main.TestCaseExecutor.doExecute(TestCaseExecutor.java:439)
	at com.kms.katalon.core.main.TestCaseExecutor.processExecutionPhase(TestCaseExecutor.java:418)
	at com.kms.katalon.core.main.TestCaseExecutor.accessMainPhase(TestCaseExecutor.java:410)
	at com.kms.katalon.core.main.TestCaseExecutor.execute(TestCaseExecutor.java:285)
	at com.kms.katalon.core.common.CommonExecutor.accessTestCaseMainPhase(CommonExecutor.java:65)
	at com.kms.katalon.core.main.TestSuiteExecutor.accessTestSuiteMainPhase(TestSuiteExecutor.java:148)
	at com.kms.katalon.core.main.TestSuiteExecutor.execute(TestSuiteExecutor.java:106)
	at com.kms.katalon.core.main.TestCaseMain.startTestSuite(TestCaseMain.java:187)
	at com.kms.katalon.core.main.TestCaseMain$startTestSuite$0.call(Unknown Source)
	at TempTestSuite1722766020200.run(TempTestSuite1722766020200.groovy:35)
Caused by: org.openqa.selenium.WebDriverException: disconnected: not connected to DevTools
  (failed to check if window was closed: disconnected: not connected to DevTools)
  (Session info: chrome=127.0.6533.89)
Build info: version: '3.141.59', revision: 'e82be7d358', time: '2018-11-14T08:25:53'
System info: host: 'LP-FATIMAIBEID', ip: '192.168.9.99', os.name: 'Windows 11', os.arch: 'amd64', os.version: '10.0', java.version: '1.8.0_362'
Driver info: org.openqa.selenium.chrome.ChromeDriver
Capabilities {acceptInsecureCerts: true, browserName: chrome, browserVersion: 127.0.6533.89, chrome: {chromedriverVersion: 127.0.6533.88 (a2d0cb026721..., userDataDir: C:\Users\FATIMA~1\AppData\L...}, fedcm:accounts: true, goog:chromeOptions: {debuggerAddress: localhost:57750}, javascriptEnabled: true, networkConnectionEnabled: false, pageLoadStrategy: normal, platform: WINDOWS, platformName: WINDOWS, proxy: Proxy(), setWindowRect: true, strictFileInteractability: false, timeouts: {implicit: 0, pageLoad: 300000, script: 30000}, unhandledPromptBehavior: dismiss and notify, webauthn:extension:credBlob: true, webauthn:extension:largeBlob: true, webauthn:extension:minPinLength: true, webauthn:extension:prf: true, webauthn:virtualAuthenticators: true}
Session ID: da9255e8195775bac3933fdad487ca08
*** Element info: {Using=xpath, value=//*[@id="chart-container"]/div/app-main-chart-component[1]/div/div[2]/div[2]/div/div/div[1]/canvas}
	at org.openqa.selenium.remote.http.W3CHttpResponseCodec.createException(W3CHttpResponseCodec.java:187)
	at org.openqa.selenium.remote.http.W3CHttpResponseCodec.decode(W3CHttpResponseCodec.java:122)
	at org.openqa.selenium.remote.http.W3CHttpResponseCodec.decode(W3CHttpResponseCodec.java:49)
	at org.openqa.selenium.remote.HttpCommandExecutor.execute(HttpCommandExecutor.java:158)
	at org.openqa.selenium.remote.service.DriverCommandExecutor.execute(DriverCommandExecutor.java:83)
	at org.openqa.selenium.remote.RemoteWebDriver.execute(RemoteWebDriver.java:552)
	at org.openqa.selenium.remote.RemoteWebDriver.findElements(RemoteWebDriver.java:353)
	at org.openqa.selenium.remote.RemoteWebDriver.findElementsByXPath(RemoteWebDriver.java:432)
	at org.openqa.selenium.By$ByXPath.findElements(By.java:348)
	at org.openqa.selenium.remote.RemoteWebDriver.findElements(RemoteWebDriver.java:311)
	at org.openqa.selenium.support.events.EventFiringWebDriver.lambda$new$1(EventFiringWebDriver.java:105)
	at com.sun.proxy.$Proxy11.findElements(Unknown Source)
	at org.openqa.selenium.support.events.EventFiringWebDriver.findElements(EventFiringWebDriver.java:182)
	at com.kms.katalon.core.webui.common.WebUiCommonHelper.findElementByNormalMethods(WebUiCommonHelper.java:1027)
	at com.kms.katalon.core.webui.common.WebUiCommonHelper.findElementsBySelectedMethod(WebUiCommonHelper.java:919)
	at com.kms.katalon.core.webui.common.WebUiCommonHelper.findElementsBySelectedMethod(WebUiCommonHelper.java:901)
	at com.kms.katalon.core.webui.common.WebUiCommonHelper.findElementsBySelectedMethod(WebUiCommonHelper.java:896)
	at com.kms.katalon.core.webui.common.WebUiCommonHelper.findElementsByDefault(WebUiCommonHelper.java:892)
	at com.kms.katalon.core.webui.common.WebUiCommonHelper.findWebElements(WebUiCommonHelper.java:720)
	at com.kms.katalon.core.webui.common.WebUiCommonHelper.findWebElement(WebUiCommonHelper.java:1376)
	at com.kms.katalon.core.webui.keyword.internal.WebUIAbstractKeyword.findWebElement(WebUIAbstractKeyword.groovy:27)
	at com.kms.katalon.core.webui.keyword.builtin.VerifyElementPresentKeyword$_verifyElementPresent_closure1.doCall(VerifyElementPresentKeyword.groovy:79)
	at com.kms.katalon.core.webui.keyword.builtin.VerifyElementPresentKeyword$_verifyElementPresent_closure1.call(VerifyElementPresentKeyword.groovy)
	at com.kms.katalon.core.webui.keyword.internal.WebUIKeywordMain.runKeyword(WebUIKeywordMain.groovy:20)
	... 22 more


2024-08-04 13:55:33 - [TEST_STEP][PASSED] - callTestCase(findTestCase("Login"), [:], STOP_ON_FAILURE): Call Test Case 'Test Cases/Login' successfully

2024-08-04 13:55:34 - [TEST_CASE][PASSED] - Test Cases/Login: Test Cases/Login

2024-08-04 13:55:34 - [TEST_STEP][PASSED] - driver = general.start(SwagerURL, NetCellURL): general.start is PASSED

2024-08-04 13:55:34 - [MESSAGE][INFO] - >>> chromeDriverPath=C:\Users\FatimaIbeid\.katalon\packages\Katalon_Studio_Windows_64-8.6.9\Katalon_Studio_Windows_64-8.6.9\configuration\resources\drivers\chromedriver_win32\chromedriver.exe

2024-08-04 13:55:35 - [MESSAGE][PASSED] - Current window maximized

2024-08-04 13:55:35 - [MESSAGE][PASSED] - Execute JavaScript 'window.open();' successfully

2024-08-04 13:55:35 - [MESSAGE][PASSED] - Switched to window with index: '1'

2024-08-04 13:55:47 - [MESSAGE][PASSED] - general.start is PASSED

2024-08-04 13:55:47 - [TEST_STEP][PASSED] - click(findTestObject("Object Repository/Login/LoginButton")): Object: 'Object Repository/Login/LoginButton' is clicked on

2024-08-04 13:55:47 - [MESSAGE][PASSED] - Object: 'Object Repository/Login/LoginButton' is clicked on

2024-08-04 13:55:47 - [TEST_STEP][PASSED] - switchToWindowIndex(2): Switched to window with index: '2'

2024-08-04 13:55:48 - [MESSAGE][PASSED] - Switched to window with index: '2'

2024-08-04 13:55:48 - [TEST_STEP][PASSED] - delay(1): Delayed 1 second(s)

2024-08-04 13:55:49 - [MESSAGE][PASSED] - Delayed 1 second(s)

2024-08-04 13:55:49 - [TEST_STEP][PASSED] - sendKeys(findTestObject("Object Repository/Login/EnterEmail"), "homam@zztjg.onmicrosoft.com"): Keys 'homam@zztjg.onmicrosoft.com' sent to object: 'Object Repository/Login/EnterEmail'

2024-08-04 13:55:50 - [MESSAGE][PASSED] - Keys 'homam@zztjg.onmicrosoft.com' sent to object: 'Object Repository/Login/EnterEmail'

2024-08-04 13:55:50 - [TEST_STEP][PASSED] - delay(1): Delayed 1 second(s)

2024-08-04 13:55:51 - [MESSAGE][PASSED] - Delayed 1 second(s)

2024-08-04 13:55:51 - [TEST_STEP][PASSED] - click(findTestObject("Object Repository/Login/NextButton")): Object: 'Object Repository/Login/NextButton' is clicked on

2024-08-04 13:55:51 - [MESSAGE][PASSED] - Object: 'Object Repository/Login/NextButton' is clicked on

2024-08-04 13:55:51 - [TEST_STEP][PASSED] - delay(2): Delayed 2 second(s)

2024-08-04 13:55:53 - [MESSAGE][PASSED] - Delayed 2 second(s)

2024-08-04 13:55:53 - [TEST_STEP][PASSED] - sendKeys(findTestObject("Object Repository/Login/EnterPassword"), "Holder12345"): Keys 'Holder12345' sent to object: 'Object Repository/Login/EnterPassword'

2024-08-04 13:55:53 - [MESSAGE][PASSED] - Keys 'Holder12345' sent to object: 'Object Repository/Login/EnterPassword'

2024-08-04 13:55:53 - [TEST_STEP][PASSED] - delay(1): Delayed 1 second(s)

2024-08-04 13:55:54 - [MESSAGE][PASSED] - Delayed 1 second(s)

2024-08-04 13:55:54 - [TEST_STEP][PASSED] - click(findTestObject("Object Repository/Login/SigninButton")): Object: 'Object Repository/Login/SigninButton' is clicked on

2024-08-04 13:55:55 - [MESSAGE][PASSED] - Object: 'Object Repository/Login/SigninButton' is clicked on

2024-08-04 13:55:55 - [TEST_STEP][PASSED] - delay(1): Delayed 1 second(s)

2024-08-04 13:55:56 - [MESSAGE][PASSED] - Delayed 1 second(s)

2024-08-04 13:55:56 - [TEST_STEP][PASSED] - click(findTestObject("Object Repository/Login/YesStayInButton")): Object: 'Object Repository/Login/YesStayInButton' is clicked on

2024-08-04 13:55:56 - [MESSAGE][PASSED] - Object: 'Object Repository/Login/YesStayInButton' is clicked on

2024-08-04 13:55:56 - [MESSAGE][PASSED] - Call Test Case 'Test Cases/Login' successfully

2024-08-04 13:55:56 - [TEST_STEP][PASSED] - switchToWindowIndex(1): Switched to window with index: '1'

2024-08-04 13:55:56 - [MESSAGE][PASSED] - Switched to window with index: '1'

2024-08-04 13:55:56 - [TEST_STEP][FAILED] - PMHwaueiTopX.TopX("2G", "Governorate", false, "DailyBH", false, null): Unable to verify object 'Object Repository/PM/Huawei-vendor/Chart' is present

2024-08-04 13:55:57 - [MESSAGE][PASSED] - Object: 'Object Repository/PM/PM-Button' is clicked on

2024-08-04 13:55:57 - [MESSAGE][PASSED] - Switched to window with index: '2'

2024-08-04 13:55:58 - [MESSAGE][PASSED] - Object: 'Object Repository/PM/Huawei-vendor/Data-view/TopX' is clicked on

2024-08-04 13:55:58 - [MESSAGE][PASSED] - Object: 'Object Repository/PM/Huawei-vendor/Technology/Technology-Arrow' is clicked on

2024-08-04 13:55:58 - [MESSAGE][PASSED] - Object: 'Object Repository/PM/Huawei-vendor/Technology/2G' is clicked on

2024-08-04 13:55:59 - [MESSAGE][PASSED] - Object: 'Object Repository/PM/Huawei-vendor/TopX/TopX Object Type' is clicked on

2024-08-04 13:56:00 - [MESSAGE][PASSED] - Delayed 1 second(s)

2024-08-04 13:56:00 - [MESSAGE][PASSED] - Object: 'Object Repository/PM/Huawei-vendor/Object-Type/TopX Object Types/TopX Governorates/TopX Governorate' is clicked on

2024-08-04 13:56:01 - [MESSAGE][PASSED] - Delayed 1 second(s)

2024-08-04 13:56:01 - [MESSAGE][WARNING] - Timeout '0' is invalid. Using default page load timeout: '120'

2024-08-04 13:56:01 - [MESSAGE][PASSED] - Scroll to object 'Object Repository/PM/Huawei-vendor/Object Border' successfully

2024-08-04 13:56:01 - [MESSAGE][PASSED] - Object: 'Object Repository/PM/Huawei-vendor/Object-Type/TopX Object Types/TopX Governorates/TopX Amman' is clicked on

2024-08-04 13:56:01 - [MESSAGE][PASSED] - Object: 'Object Repository/PM/Huawei-vendor/Object-Type/TopX Object Types/TopX Governorates/TopX Irbid' is clicked on

2024-08-04 13:56:01 - [MESSAGE][PASSED] - Object: 'Object Repository/PM/Huawei-vendor/Object-Type/TopX Object Types/TopX Governorates/TopX Aqaba' is clicked on

2024-08-04 13:56:01 - [MESSAGE][PASSED] - Object: 'Object Repository/PM/Huawei-vendor/Object-Type/TopX Object Types/TopX Governorates/TopX Jerash' is clicked on

2024-08-04 13:56:01 - [MESSAGE][PASSED] - Object: 'Object Repository/PM/Huawei-vendor/Object-Type/TopX Object Types/TopX Governorates/TopX Mafraq' is clicked on

2024-08-04 13:56:02 - [MESSAGE][PASSED] - Object: 'Object Repository/PM/Huawei-vendor/Object-Type/TopX Object Types/TopX Governorates/TopX Zarqa' is clicked on

2024-08-04 13:56:02 - [MESSAGE][WARNING] - Timeout '0' is invalid. Using default page load timeout: '120'

2024-08-04 13:56:02 - [MESSAGE][PASSED] - Scroll to object 'Object Repository/PM/Huawei-vendor/LowXlabel' successfully

2024-08-04 13:56:02 - [MESSAGE][PASSED] - Object: 'Object Repository/PM/Huawei-vendor/Resolution Temp/Select Resolution temp' is clicked on

2024-08-04 13:56:02 - [MESSAGE][PASSED] - Object: 'Object Repository/PM/Huawei-vendor/Resolution Temp/Resolution Temp DailyBH' is clicked on

2024-08-04 13:56:02 - [MESSAGE][PASSED] - Object: 'Object Repository/PM/Huawei-vendor/TopX/TopXDate/BeforeDate' is clicked on

2024-08-04 13:56:03 - [MESSAGE][PASSED] - Delayed 1 second(s)

2024-08-04 13:56:03 - [MESSAGE][PASSED] - Object: 'Object Repository/PM/Huawei-vendor/TopX/TopXDate/Choose Month' is clicked on

2024-08-04 13:56:04 - [MESSAGE][PASSED] - Delayed 1 second(s)

2024-08-04 13:56:05 - [MESSAGE][PASSED] - Object: 'Object Repository/PM/Huawei-vendor/TopX/TopXDate/Feb' is clicked on

2024-08-04 13:56:05 - [MESSAGE][PASSED] - Object: 'Object Repository/PM/Huawei-vendor/TopX/TopXDate/Day 1' is clicked on

2024-08-04 13:56:05 - [MESSAGE][PASSED] - Object: 'Object Repository/PM/Huawei-vendor/TopX/TopXDate/Button OK' is clicked on

2024-08-04 13:56:05 - [MESSAGE][PASSED] - Object: 'Object Repository/PM/Huawei-vendor/TopX/TopXDate/After Date' is clicked on

2024-08-04 13:56:06 - [MESSAGE][PASSED] - Delayed 1 second(s)

2024-08-04 13:56:06 - [MESSAGE][PASSED] - Object: 'Object Repository/PM/Huawei-vendor/TopX/TopXDate/Choose Month' is clicked on

2024-08-04 13:56:07 - [MESSAGE][PASSED] - Delayed 1 second(s)

2024-08-04 13:56:08 - [MESSAGE][PASSED] - Object: 'Object Repository/PM/Huawei-vendor/TopX/TopXDate/Feb' is clicked on

2024-08-04 13:56:08 - [MESSAGE][PASSED] - Object: 'Object Repository/PM/Huawei-vendor/TopX/TopXDate/Day 7' is clicked on

2024-08-04 13:56:08 - [MESSAGE][PASSED] - Object: 'Object Repository/PM/Huawei-vendor/TopX/TopXDate/Button OK' is clicked on

2024-08-04 13:56:08 - [MESSAGE][PASSED] - Object: 'Object Repository/PM/Huawei-vendor/Apply-Button' is clicked on

2024-08-04 13:56:08 - [MESSAGE][WARNING] - Timeout '0' is invalid. Using default page load timeout: '120'

2024-08-04 13:56:08 - [MESSAGE][PASSED] - Web element with id: 'Object Repository/PM/Huawei-vendor/Error' located by 'By.xpath: //div[@class='toast-summary title-medium-m']' is not present after '120' second(s)

2024-08-04 13:56:08 - [MESSAGE][WARNING] - Timeout '0' is invalid. Using default page load timeout: '120'

2024-08-04 13:56:32 - [MESSAGE][WARNING] - Cannot take screenshot

2024-08-04 13:56:32 - [MESSAGE][FAILED] - Unable to verify object 'Object Repository/PM/Huawei-vendor/Chart' is present (Root cause: com.kms.katalon.core.exception.StepFailedException: Unable to verify object 'Object Repository/PM/Huawei-vendor/Chart' is present
	at com.kms.katalon.core.webui.keyword.internal.WebUIKeywordMain.stepFailed(WebUIKeywordMain.groovy:64)
	at com.kms.katalon.core.webui.keyword.internal.WebUIKeywordMain.runKeyword(WebUIKeywordMain.groovy:26)
	at com.kms.katalon.core.webui.keyword.builtin.VerifyElementPresentKeyword.verifyElementPresent(VerifyElementPresentKeyword.groovy:92)
	at com.kms.katalon.core.webui.keyword.builtin.VerifyElementPresentKeyword.execute(VerifyElementPresentKeyword.groovy:68)
	at com.kms.katalon.core.keyword.internal.KeywordExecutor.executeKeywordForPlatform(KeywordExecutor.groovy:74)
	at com.kms.katalon.core.webui.keyword.WebUiBuiltInKeywords.verifyElementPresent(WebUiBuiltInKeywords.groovy:1464)
	at com.kms.katalon.core.webui.keyword.WebUiBuiltInKeywords$verifyElementPresent$6.call(Unknown Source)
	at PMHwaueiTopX.TopX(PMHwaueiTopX.groovy:1593)
	at PMHwaueiTopX.invokeMethod(PMHwaueiTopX.groovy)
	at com.kms.katalon.core.main.CustomKeywordDelegatingMetaClass.invokeStaticMethod(CustomKeywordDelegatingMetaClass.java:55)
	at TopX 2G Governorate DailyBH.run(TopX 2G Governorate DailyBH:29)
	at com.kms.katalon.core.main.ScriptEngine.run(ScriptEngine.java:194)
	at com.kms.katalon.core.main.ScriptEngine.runScriptAsRawText(ScriptEngine.java:119)
	at com.kms.katalon.core.main.TestCaseExecutor.runScript(TestCaseExecutor.java:448)
	at com.kms.katalon.core.main.TestCaseExecutor.doExecute(TestCaseExecutor.java:439)
	at com.kms.katalon.core.main.TestCaseExecutor.processExecutionPhase(TestCaseExecutor.java:418)
	at com.kms.katalon.core.main.TestCaseExecutor.accessMainPhase(TestCaseExecutor.java:410)
	at com.kms.katalon.core.main.TestCaseExecutor.execute(TestCaseExecutor.java:285)
	at com.kms.katalon.core.common.CommonExecutor.accessTestCaseMainPhase(CommonExecutor.java:65)
	at com.kms.katalon.core.main.TestSuiteExecutor.accessTestSuiteMainPhase(TestSuiteExecutor.java:148)
	at com.kms.katalon.core.main.TestSuiteExecutor.execute(TestSuiteExecutor.java:106)
	at com.kms.katalon.core.main.TestCaseMain.startTestSuite(TestCaseMain.java:187)
	at com.kms.katalon.core.main.TestCaseMain$startTestSuite$0.call(Unknown Source)
	at TempTestSuite1722766020200.run(TempTestSuite1722766020200.groovy:35)
Caused by: org.openqa.selenium.WebDriverException: disconnected: not connected to DevTools
  (failed to check if window was closed: disconnected: not connected to DevTools)
  (Session info: chrome=127.0.6533.89)
Build info: version: '3.141.59', revision: 'e82be7d358', time: '2018-11-14T08:25:53'
System info: host: 'LP-FATIMAIBEID', ip: '192.168.9.99', os.name: 'Windows 11', os.arch: 'amd64', os.version: '10.0', java.version: '1.8.0_362'
Driver info: org.openqa.selenium.chrome.ChromeDriver
Capabilities {acceptInsecureCerts: true, browserName: chrome, browserVersion: 127.0.6533.89, chrome: {chromedriverVersion: 127.0.6533.88 (a2d0cb026721..., userDataDir: C:\Users\FATIMA~1\AppData\L...}, fedcm:accounts: true, goog:chromeOptions: {debuggerAddress: localhost:57750}, javascriptEnabled: true, networkConnectionEnabled: false, pageLoadStrategy: normal, platform: WINDOWS, platformName: WINDOWS, proxy: Proxy(), setWindowRect: true, strictFileInteractability: false, timeouts: {implicit: 0, pageLoad: 300000, script: 30000}, unhandledPromptBehavior: dismiss and notify, webauthn:extension:credBlob: true, webauthn:extension:largeBlob: true, webauthn:extension:minPinLength: true, webauthn:extension:prf: true, webauthn:virtualAuthenticators: true}
Session ID: da9255e8195775bac3933fdad487ca08
*** Element info: {Using=xpath, value=//*[@id="chart-container"]/div/app-main-chart-component[1]/div/div[2]/div[2]/div/div/div[1]/canvas}
	at org.openqa.selenium.remote.http.W3CHttpResponseCodec.createException(W3CHttpResponseCodec.java:187)
	at org.openqa.selenium.remote.http.W3CHttpResponseCodec.decode(W3CHttpResponseCodec.java:122)
	at org.openqa.selenium.remote.http.W3CHttpResponseCodec.decode(W3CHttpResponseCodec.java:49)
	at org.openqa.selenium.remote.HttpCommandExecutor.execute(HttpCommandExecutor.java:158)
	at org.openqa.selenium.remote.service.DriverCommandExecutor.execute(DriverCommandExecutor.java:83)
	at org.openqa.selenium.remote.RemoteWebDriver.execute(RemoteWebDriver.java:552)
	at org.openqa.selenium.remote.RemoteWebDriver.findElements(RemoteWebDriver.java:353)
	at org.openqa.selenium.remote.RemoteWebDriver.findElementsByXPath(RemoteWebDriver.java:432)
	at org.openqa.selenium.By$ByXPath.findElements(By.java:348)
	at org.openqa.selenium.remote.RemoteWebDriver.findElements(RemoteWebDriver.java:311)
	at org.openqa.selenium.support.events.EventFiringWebDriver.lambda$new$1(EventFiringWebDriver.java:105)
	at com.sun.proxy.$Proxy11.findElements(Unknown Source)
	at org.openqa.selenium.support.events.EventFiringWebDriver.findElements(EventFiringWebDriver.java:182)
	at com.kms.katalon.core.webui.common.WebUiCommonHelper.findElementByNormalMethods(WebUiCommonHelper.java:1027)
	at com.kms.katalon.core.webui.common.WebUiCommonHelper.findElementsBySelectedMethod(WebUiCommonHelper.java:919)
	at com.kms.katalon.core.webui.common.WebUiCommonHelper.findElementsBySelectedMethod(WebUiCommonHelper.java:901)
	at com.kms.katalon.core.webui.common.WebUiCommonHelper.findElementsBySelectedMethod(WebUiCommonHelper.java:896)
	at com.kms.katalon.core.webui.common.WebUiCommonHelper.findElementsByDefault(WebUiCommonHelper.java:892)
	at com.kms.katalon.core.webui.common.WebUiCommonHelper.findWebElements(WebUiCommonHelper.java:720)
	at com.kms.katalon.core.webui.common.WebUiCommonHelper.findWebElement(WebUiCommonHelper.java:1376)
	at com.kms.katalon.core.webui.keyword.internal.WebUIAbstractKeyword.findWebElement(WebUIAbstractKeyword.groovy:27)
	at com.kms.katalon.core.webui.keyword.builtin.VerifyElementPresentKeyword$_verifyElementPresent_closure1.doCall(VerifyElementPresentKeyword.groovy:79)
	at com.kms.katalon.core.webui.keyword.builtin.VerifyElementPresentKeyword$_verifyElementPresent_closure1.call(VerifyElementPresentKeyword.groovy)
	at com.kms.katalon.core.webui.keyword.internal.WebUIKeywordMain.runKeyword(WebUIKeywordMain.groovy:20)
	at com.kms.katalon.core.webui.keyword.builtin.VerifyElementPresentKeyword.verifyElementPresent(VerifyElementPresentKeyword.groovy:92)
	at com.kms.katalon.core.webui.keyword.builtin.VerifyElementPresentKeyword.execute(VerifyElementPresentKeyword.groovy:68)
	at com.kms.katalon.core.keyword.internal.KeywordExecutor.executeKeywordForPlatform(KeywordExecutor.groovy:74)
	at com.kms.katalon.core.webui.keyword.WebUiBuiltInKeywords.verifyElementPresent(WebUiBuiltInKeywords.groovy:1464)
	at com.kms.katalon.core.webui.keyword.WebUiBuiltInKeywords$verifyElementPresent$6.call(Unknown Source)
	at PMHwaueiTopX.TopX(PMHwaueiTopX.groovy:1593)
	at PMHwaueiTopX.invokeMethod(PMHwaueiTopX.groovy)
	at com.kms.katalon.core.main.CustomKeywordDelegatingMetaClass.invokeStaticMethod(CustomKeywordDelegatingMetaClass.java:55)
	at Script1722342529471.run(Script1722342529471.groovy:29)
	... 13 more
)

2024-08-04 13:56:32 - [MESSAGE][FAILED] - Unable to verify object 'Object Repository/PM/Huawei-vendor/Chart' is present]]></system-out>
         <system-err><![CDATA[2024-08-04 13:55:33 - [TEST_CASE][FAILED] - Test Cases/PM/Hwauei/TopX/2G TopX/XGovernorate/TopX 2G Governorate DailyBH: Test Cases/PM/Hwauei/TopX/2G TopX/XGovernorate/TopX 2G Governorate DailyBH FAILED.
Reason:
com.kms.katalon.core.exception.StepFailedException: Unable to verify object 'Object Repository/PM/Huawei-vendor/Chart' is present
	at com.kms.katalon.core.webui.keyword.internal.WebUIKeywordMain.stepFailed(WebUIKeywordMain.groovy:64)
	at com.kms.katalon.core.webui.keyword.internal.WebUIKeywordMain.runKeyword(WebUIKeywordMain.groovy:26)
	at com.kms.katalon.core.webui.keyword.builtin.VerifyElementPresentKeyword.verifyElementPresent(VerifyElementPresentKeyword.groovy:92)
	at com.kms.katalon.core.webui.keyword.builtin.VerifyElementPresentKeyword.execute(VerifyElementPresentKeyword.groovy:68)
	at com.kms.katalon.core.keyword.internal.KeywordExecutor.executeKeywordForPlatform(KeywordExecutor.groovy:74)
	at com.kms.katalon.core.webui.keyword.WebUiBuiltInKeywords.verifyElementPresent(WebUiBuiltInKeywords.groovy:1464)
	at com.kms.katalon.core.webui.keyword.WebUiBuiltInKeywords$verifyElementPresent$6.call(Unknown Source)
	at PMHwaueiTopX.TopX(PMHwaueiTopX.groovy:1593)
	at PMHwaueiTopX.invokeMethod(PMHwaueiTopX.groovy)
	at com.kms.katalon.core.main.CustomKeywordDelegatingMetaClass.invokeStaticMethod(CustomKeywordDelegatingMetaClass.java:55)
	at TopX 2G Governorate DailyBH.run(TopX 2G Governorate DailyBH:29)
	at com.kms.katalon.core.main.ScriptEngine.run(ScriptEngine.java:194)
	at com.kms.katalon.core.main.ScriptEngine.runScriptAsRawText(ScriptEngine.java:119)
	at com.kms.katalon.core.main.TestCaseExecutor.runScript(TestCaseExecutor.java:448)
	at com.kms.katalon.core.main.TestCaseExecutor.doExecute(TestCaseExecutor.java:439)
	at com.kms.katalon.core.main.TestCaseExecutor.processExecutionPhase(TestCaseExecutor.java:418)
	at com.kms.katalon.core.main.TestCaseExecutor.accessMainPhase(TestCaseExecutor.java:410)
	at com.kms.katalon.core.main.TestCaseExecutor.execute(TestCaseExecutor.java:285)
	at com.kms.katalon.core.common.CommonExecutor.accessTestCaseMainPhase(CommonExecutor.java:65)
	at com.kms.katalon.core.main.TestSuiteExecutor.accessTestSuiteMainPhase(TestSuiteExecutor.java:148)
	at com.kms.katalon.core.main.TestSuiteExecutor.execute(TestSuiteExecutor.java:106)
	at com.kms.katalon.core.main.TestCaseMain.startTestSuite(TestCaseMain.java:187)
	at com.kms.katalon.core.main.TestCaseMain$startTestSuite$0.call(Unknown Source)
	at TempTestSuite1722766020200.run(TempTestSuite1722766020200.groovy:35)
Caused by: org.openqa.selenium.WebDriverException: disconnected: not connected to DevTools
  (failed to check if window was closed: disconnected: not connected to DevTools)
  (Session info: chrome=127.0.6533.89)
Build info: version: '3.141.59', revision: 'e82be7d358', time: '2018-11-14T08:25:53'
System info: host: 'LP-FATIMAIBEID', ip: '192.168.9.99', os.name: 'Windows 11', os.arch: 'amd64', os.version: '10.0', java.version: '1.8.0_362'
Driver info: org.openqa.selenium.chrome.ChromeDriver
Capabilities {acceptInsecureCerts: true, browserName: chrome, browserVersion: 127.0.6533.89, chrome: {chromedriverVersion: 127.0.6533.88 (a2d0cb026721..., userDataDir: C:\Users\FATIMA~1\AppData\L...}, fedcm:accounts: true, goog:chromeOptions: {debuggerAddress: localhost:57750}, javascriptEnabled: true, networkConnectionEnabled: false, pageLoadStrategy: normal, platform: WINDOWS, platformName: WINDOWS, proxy: Proxy(), setWindowRect: true, strictFileInteractability: false, timeouts: {implicit: 0, pageLoad: 300000, script: 30000}, unhandledPromptBehavior: dismiss and notify, webauthn:extension:credBlob: true, webauthn:extension:largeBlob: true, webauthn:extension:minPinLength: true, webauthn:extension:prf: true, webauthn:virtualAuthenticators: true}
Session ID: da9255e8195775bac3933fdad487ca08
*** Element info: {Using=xpath, value=//*[@id="chart-container"]/div/app-main-chart-component[1]/div/div[2]/div[2]/div/div/div[1]/canvas}
	at org.openqa.selenium.remote.http.W3CHttpResponseCodec.createException(W3CHttpResponseCodec.java:187)
	at org.openqa.selenium.remote.http.W3CHttpResponseCodec.decode(W3CHttpResponseCodec.java:122)
	at org.openqa.selenium.remote.http.W3CHttpResponseCodec.decode(W3CHttpResponseCodec.java:49)
	at org.openqa.selenium.remote.HttpCommandExecutor.execute(HttpCommandExecutor.java:158)
	at org.openqa.selenium.remote.service.DriverCommandExecutor.execute(DriverCommandExecutor.java:83)
	at org.openqa.selenium.remote.RemoteWebDriver.execute(RemoteWebDriver.java:552)
	at org.openqa.selenium.remote.RemoteWebDriver.findElements(RemoteWebDriver.java:353)
	at org.openqa.selenium.remote.RemoteWebDriver.findElementsByXPath(RemoteWebDriver.java:432)
	at org.openqa.selenium.By$ByXPath.findElements(By.java:348)
	at org.openqa.selenium.remote.RemoteWebDriver.findElements(RemoteWebDriver.java:311)
	at org.openqa.selenium.support.events.EventFiringWebDriver.lambda$new$1(EventFiringWebDriver.java:105)
	at com.sun.proxy.$Proxy11.findElements(Unknown Source)
	at org.openqa.selenium.support.events.EventFiringWebDriver.findElements(EventFiringWebDriver.java:182)
	at com.kms.katalon.core.webui.common.WebUiCommonHelper.findElementByNormalMethods(WebUiCommonHelper.java:1027)
	at com.kms.katalon.core.webui.common.WebUiCommonHelper.findElementsBySelectedMethod(WebUiCommonHelper.java:919)
	at com.kms.katalon.core.webui.common.WebUiCommonHelper.findElementsBySelectedMethod(WebUiCommonHelper.java:901)
	at com.kms.katalon.core.webui.common.WebUiCommonHelper.findElementsBySelectedMethod(WebUiCommonHelper.java:896)
	at com.kms.katalon.core.webui.common.WebUiCommonHelper.findElementsByDefault(WebUiCommonHelper.java:892)
	at com.kms.katalon.core.webui.common.WebUiCommonHelper.findWebElements(WebUiCommonHelper.java:720)
	at com.kms.katalon.core.webui.common.WebUiCommonHelper.findWebElement(WebUiCommonHelper.java:1376)
	at com.kms.katalon.core.webui.keyword.internal.WebUIAbstractKeyword.findWebElement(WebUIAbstractKeyword.groovy:27)
	at com.kms.katalon.core.webui.keyword.builtin.VerifyElementPresentKeyword$_verifyElementPresent_closure1.doCall(VerifyElementPresentKeyword.groovy:79)
	at com.kms.katalon.core.webui.keyword.builtin.VerifyElementPresentKeyword$_verifyElementPresent_closure1.call(VerifyElementPresentKeyword.groovy)
	at com.kms.katalon.core.webui.keyword.internal.WebUIKeywordMain.runKeyword(WebUIKeywordMain.groovy:20)
	... 22 more]]></system-err>
      </testcase>
      <system-out><![CDATA[2024-08-04 13:07:02 - [TEST_SUITE][FAILED] - Regression TopX 2G: Test Cases/PM/Hwauei/TopX/2G TopX/XPLMN/TopX 2G PLMN DailyBH FAILED.
Reason:
com.kms.katalon.core.exception.StepFailedException: Unable to verify object 'Object Repository/PM/Huawei-vendor/Chart' is present
	at com.kms.katalon.core.webui.keyword.internal.WebUIKeywordMain.stepFailed(WebUIKeywordMain.groovy:64)
	at com.kms.katalon.core.webui.keyword.internal.WebUIKeywordMain.runKeyword(WebUIKeywordMain.groovy:26)
	at com.kms.katalon.core.webui.keyword.builtin.VerifyElementPresentKeyword.verifyElementPresent(VerifyElementPresentKeyword.groovy:92)
	at com.kms.katalon.core.webui.keyword.builtin.VerifyElementPresentKeyword.execute(VerifyElementPresentKeyword.groovy:68)
	at com.kms.katalon.core.keyword.internal.KeywordExecutor.executeKeywordForPlatform(KeywordExecutor.groovy:74)
	at com.kms.katalon.core.webui.keyword.WebUiBuiltInKeywords.verifyElementPresent(WebUiBuiltInKeywords.groovy:1464)
	at com.kms.katalon.core.webui.keyword.WebUiBuiltInKeywords$verifyElementPresent$6.call(Unknown Source)
	at PMHwaueiTopX.TopX(PMHwaueiTopX.groovy:1593)
	at PMHwaueiTopX.invokeMethod(PMHwaueiTopX.groovy)
	at com.kms.katalon.core.main.CustomKeywordDelegatingMetaClass.invokeStaticMethod(CustomKeywordDelegatingMetaClass.java:55)
	at TopX 2G PLMN DailyBH.run(TopX 2G PLMN DailyBH:29)
	at com.kms.katalon.core.main.ScriptEngine.run(ScriptEngine.java:194)
	at com.kms.katalon.core.main.ScriptEngine.runScriptAsRawText(ScriptEngine.java:119)
	at com.kms.katalon.core.main.TestCaseExecutor.runScript(TestCaseExecutor.java:448)
	at com.kms.katalon.core.main.TestCaseExecutor.doExecute(TestCaseExecutor.java:439)
	at com.kms.katalon.core.main.TestCaseExecutor.processExecutionPhase(TestCaseExecutor.java:418)
	at com.kms.katalon.core.main.TestCaseExecutor.accessMainPhase(TestCaseExecutor.java:410)
	at com.kms.katalon.core.main.TestCaseExecutor.execute(TestCaseExecutor.java:285)
	at com.kms.katalon.core.common.CommonExecutor.accessTestCaseMainPhase(CommonExecutor.java:65)
	at com.kms.katalon.core.main.TestSuiteExecutor.accessTestSuiteMainPhase(TestSuiteExecutor.java:148)
	at com.kms.katalon.core.main.TestSuiteExecutor.execute(TestSuiteExecutor.java:106)
	at com.kms.katalon.core.main.TestCaseMain.startTestSuite(TestCaseMain.java:187)
	at com.kms.katalon.core.main.TestCaseMain$startTestSuite$0.call(Unknown Source)
	at TempTestSuite1722766020200.run(TempTestSuite1722766020200.groovy:35)
Caused by: com.kms.katalon.core.exception.StepFailedException: com.kms.katalon.core.webui.exception.WebElementNotFoundException: Web element with id: 'Object Repository/PM/Huawei-vendor/Chart' located by '//*[@id="chart-container"]/div/app-main-chart-component[1]/div/div[2]/div[2]/div/div/div[1]/canvas' not found
	at com.kms.katalon.core.webui.keyword.internal.WebUIKeywordMain.stepFailed(WebUIKeywordMain.groovy:64)
	at com.kms.katalon.core.webui.keyword.builtin.VerifyElementPresentKeyword$_verifyElementPresent_closure1.doCall(VerifyElementPresentKeyword.groovy:85)
	at com.kms.katalon.core.webui.keyword.builtin.VerifyElementPresentKeyword$_verifyElementPresent_closure1.call(VerifyElementPresentKeyword.groovy)
	at com.kms.katalon.core.webui.keyword.internal.WebUIKeywordMain.runKeyword(WebUIKeywordMain.groovy:20)
	... 22 more]]></system-out>
      <system-err><![CDATA[2024-08-04 13:07:02 - [TEST_SUITE][FAILED] - Regression TopX 2G: Test Cases/PM/Hwauei/TopX/2G TopX/XPLMN/TopX 2G PLMN DailyBH FAILED.
Reason:
com.kms.katalon.core.exception.StepFailedException: Unable to verify object 'Object Repository/PM/Huawei-vendor/Chart' is present
	at com.kms.katalon.core.webui.keyword.internal.WebUIKeywordMain.stepFailed(WebUIKeywordMain.groovy:64)
	at com.kms.katalon.core.webui.keyword.internal.WebUIKeywordMain.runKeyword(WebUIKeywordMain.groovy:26)
	at com.kms.katalon.core.webui.keyword.builtin.VerifyElementPresentKeyword.verifyElementPresent(VerifyElementPresentKeyword.groovy:92)
	at com.kms.katalon.core.webui.keyword.builtin.VerifyElementPresentKeyword.execute(VerifyElementPresentKeyword.groovy:68)
	at com.kms.katalon.core.keyword.internal.KeywordExecutor.executeKeywordForPlatform(KeywordExecutor.groovy:74)
	at com.kms.katalon.core.webui.keyword.WebUiBuiltInKeywords.verifyElementPresent(WebUiBuiltInKeywords.groovy:1464)
	at com.kms.katalon.core.webui.keyword.WebUiBuiltInKeywords$verifyElementPresent$6.call(Unknown Source)
	at PMHwaueiTopX.TopX(PMHwaueiTopX.groovy:1593)
	at PMHwaueiTopX.invokeMethod(PMHwaueiTopX.groovy)
	at com.kms.katalon.core.main.CustomKeywordDelegatingMetaClass.invokeStaticMethod(CustomKeywordDelegatingMetaClass.java:55)
	at TopX 2G PLMN DailyBH.run(TopX 2G PLMN DailyBH:29)
	at com.kms.katalon.core.main.ScriptEngine.run(ScriptEngine.java:194)
	at com.kms.katalon.core.main.ScriptEngine.runScriptAsRawText(ScriptEngine.java:119)
	at com.kms.katalon.core.main.TestCaseExecutor.runScript(TestCaseExecutor.java:448)
	at com.kms.katalon.core.main.TestCaseExecutor.doExecute(TestCaseExecutor.java:439)
	at com.kms.katalon.core.main.TestCaseExecutor.processExecutionPhase(TestCaseExecutor.java:418)
	at com.kms.katalon.core.main.TestCaseExecutor.accessMainPhase(TestCaseExecutor.java:410)
	at com.kms.katalon.core.main.TestCaseExecutor.execute(TestCaseExecutor.java:285)
	at com.kms.katalon.core.common.CommonExecutor.accessTestCaseMainPhase(CommonExecutor.java:65)
	at com.kms.katalon.core.main.TestSuiteExecutor.accessTestSuiteMainPhase(TestSuiteExecutor.java:148)
	at com.kms.katalon.core.main.TestSuiteExecutor.execute(TestSuiteExecutor.java:106)
	at com.kms.katalon.core.main.TestCaseMain.startTestSuite(TestCaseMain.java:187)
	at com.kms.katalon.core.main.TestCaseMain$startTestSuite$0.call(Unknown Source)
	at TempTestSuite1722766020200.run(TempTestSuite1722766020200.groovy:35)
Caused by: com.kms.katalon.core.exception.StepFailedException: com.kms.katalon.core.webui.exception.WebElementNotFoundException: Web element with id: 'Object Repository/PM/Huawei-vendor/Chart' located by '//*[@id="chart-container"]/div/app-main-chart-component[1]/div/div[2]/div[2]/div/div/div[1]/canvas' not found
	at com.kms.katalon.core.webui.keyword.internal.WebUIKeywordMain.stepFailed(WebUIKeywordMain.groovy:64)
	at com.kms.katalon.core.webui.keyword.builtin.VerifyElementPresentKeyword$_verifyElementPresent_closure1.doCall(VerifyElementPresentKeyword.groovy:85)
	at com.kms.katalon.core.webui.keyword.builtin.VerifyElementPresentKeyword$_verifyElementPresent_closure1.call(VerifyElementPresentKeyword.groovy)
	at com.kms.katalon.core.webui.keyword.internal.WebUIKeywordMain.runKeyword(WebUIKeywordMain.groovy:20)
	... 22 more]]></system-err>
   </testsuite>
</testsuites>
