<?xml version="1.0" encoding="UTF-8"?>
<testsuites name="Regression" time="429.773" tests="10" failures="0" errors="0">
   <testsuite name="Regression" tests="10" failures="0" errors="0" time="429.773" skipped="0" timestamp="2024-07-24 17:29:52" hostname="OdaiAbuKhadir - LP-OdaiA" id="Test Suites/Regression">
      <properties>
         <property name="deviceName" value=""/>
         <property name="devicePlatform" value=""/>
         <property name="logFolder" value="C:\\Users\\OdaiAbuKhadir\\git\\NetCell\\Reports\\20240724_172947\\Regression\\20240724_172948"/>
         <property name="logFiles" value="C:\\Users\\OdaiAbuKhadir\\git\\NetCell\\Reports\\20240724_172947\\Regression\\20240724_172948\\execution0.log"/>
         <property name="attachments" value=""/>
         <property name="hostName" value="OdaiAbuKhadir - LP-OdaiA"/>
         <property name="os" value="Windows 11 64bit"/>
         <property name="katalonVersion" value="8.6.9.208"/>
         <property name="browser" value="Chrome 126.0.0.0"/>
         <property name="hostAddress" value="192.168.9.28"/>
         <property name="sessionId" value="00627cb7f24cc22c1c2b93f80112c1bf"/>
         <property name="seleniumVersion" value="3.141.59"/>
         <property name="proxyInformation" value="ProxyInformation { proxyOption=NO_PROXY, proxyServerType=HTTP, username=, password=********, proxyServerAddress=, proxyServerPort=0, executionList=&quot;&quot;, isApplyToDesiredCapabilities=true }"/>
         <property name="platform" value="Windows 11"/>
      </properties>
      <testcase name="Test Cases/PM/Hwauei/TopX/4G TopX/XCells/TopX 4G Cell default" time="46.979" classname="Test Cases/PM/Hwauei/TopX/4G TopX/XCells/TopX 4G Cell default" status="PASSED">
         <system-out><![CDATA[2024-07-24 17:29:52 - [TEST_CASE][PASSED] - Test Cases/PM/Hwauei/TopX/4G TopX/XCells/TopX 4G Cell default: Test Cases/PM/Hwauei/TopX/4G TopX/XCells/TopX 4G Cell default

2024-07-24 17:29:53 - [TEST_STEP][PASSED] - callTestCase(findTestCase("Login"), [:], STOP_ON_FAILURE): Call Test Case 'Test Cases/Login' successfully

2024-07-24 17:29:53 - [TEST_CASE][PASSED] - Test Cases/Login: Test Cases/Login

2024-07-24 17:29:53 - [TEST_STEP][PASSED] - driver = general.start(SwagerURL, NetCellURL): general.start is PASSED

2024-07-24 17:29:54 - [MESSAGE][INFO] - >>> chromeDriverPath=C:\Users\OdaiAbuKhadir\.katalon\packages\Katalon_Studio_Windows_64-8.6.9\Katalon_Studio_Windows_64-8.6.9\configuration\resources\drivers\chromedriver_win32\chromedriver.exe

2024-07-24 17:29:58 - [MESSAGE][PASSED] - Current window maximized

2024-07-24 17:29:58 - [MESSAGE][PASSED] - Execute JavaScript 'window.open();' successfully

2024-07-24 17:29:59 - [MESSAGE][PASSED] - Switched to window with index: '1'

2024-07-24 17:29:59 - [MESSAGE][PASSED] - general.start is PASSED

2024-07-24 17:29:59 - [TEST_STEP][PASSED] - click(findTestObject("Object Repository/Login/LoginButton")): Object: 'Object Repository/Login/LoginButton' is clicked on

2024-07-24 17:30:01 - [MESSAGE][PASSED] - Object: 'Object Repository/Login/LoginButton' is clicked on

2024-07-24 17:30:01 - [TEST_STEP][PASSED] - switchToWindowIndex(2): Switched to window with index: '2'

2024-07-24 17:30:02 - [MESSAGE][PASSED] - Switched to window with index: '2'

2024-07-24 17:30:02 - [TEST_STEP][PASSED] - delay(2): Delayed 2 second(s)

2024-07-24 17:30:04 - [MESSAGE][PASSED] - Delayed 2 second(s)

2024-07-24 17:30:04 - [TEST_STEP][PASSED] - sendKeys(findTestObject("Object Repository/Login/EnterEmail"), "homam@zztjg.onmicrosoft.com"): Keys 'homam@zztjg.onmicrosoft.com' sent to object: 'Object Repository/Login/EnterEmail'

2024-07-24 17:30:04 - [MESSAGE][PASSED] - Keys 'homam@zztjg.onmicrosoft.com' sent to object: 'Object Repository/Login/EnterEmail'

2024-07-24 17:30:04 - [TEST_STEP][PASSED] - delay(2): Delayed 2 second(s)

2024-07-24 17:30:06 - [MESSAGE][PASSED] - Delayed 2 second(s)

2024-07-24 17:30:06 - [TEST_STEP][PASSED] - click(findTestObject("Object Repository/Login/NextButton")): Object: 'Object Repository/Login/NextButton' is clicked on

2024-07-24 17:30:06 - [MESSAGE][PASSED] - Object: 'Object Repository/Login/NextButton' is clicked on

2024-07-24 17:30:06 - [TEST_STEP][PASSED] - delay(2): Delayed 2 second(s)

2024-07-24 17:30:08 - [MESSAGE][PASSED] - Delayed 2 second(s)

2024-07-24 17:30:08 - [TEST_STEP][PASSED] - sendKeys(findTestObject("Object Repository/Login/EnterPassword"), "Holder12345"): Keys 'Holder12345' sent to object: 'Object Repository/Login/EnterPassword'

2024-07-24 17:30:09 - [MESSAGE][PASSED] - Keys 'Holder12345' sent to object: 'Object Repository/Login/EnterPassword'

2024-07-24 17:30:09 - [TEST_STEP][PASSED] - delay(1): Delayed 1 second(s)

2024-07-24 17:30:10 - [MESSAGE][PASSED] - Delayed 1 second(s)

2024-07-24 17:30:10 - [TEST_STEP][PASSED] - click(findTestObject("Object Repository/Login/SigninButton")): Object: 'Object Repository/Login/SigninButton' is clicked on

2024-07-24 17:30:11 - [MESSAGE][PASSED] - Object: 'Object Repository/Login/SigninButton' is clicked on

2024-07-24 17:30:11 - [TEST_STEP][PASSED] - delay(1): Delayed 1 second(s)

2024-07-24 17:30:12 - [MESSAGE][PASSED] - Delayed 1 second(s)

2024-07-24 17:30:12 - [TEST_STEP][PASSED] - click(findTestObject("Object Repository/Login/YesStayInButton")): Object: 'Object Repository/Login/YesStayInButton' is clicked on

2024-07-24 17:30:12 - [MESSAGE][PASSED] - Object: 'Object Repository/Login/YesStayInButton' is clicked on

2024-07-24 17:30:12 - [MESSAGE][PASSED] - Call Test Case 'Test Cases/Login' successfully

2024-07-24 17:30:12 - [TEST_STEP][PASSED] - switchToWindowIndex(1): Switched to window with index: '1'

2024-07-24 17:30:13 - [MESSAGE][PASSED] - Switched to window with index: '1'

2024-07-24 17:30:13 - [TEST_STEP][PASSED] - PMHwaueiTopX.TopX("4G", "Cell", false, "Hourly", false, null): PMHwaueiTopX.TopX is PASSED

2024-07-24 17:30:13 - [MESSAGE][PASSED] - Object: 'Object Repository/PM/PM-Button' is clicked on

2024-07-24 17:30:14 - [MESSAGE][PASSED] - Switched to window with index: '2'

2024-07-24 17:30:15 - [MESSAGE][PASSED] - Object: 'Object Repository/PM/Huawei-vendor/Data-view/TopX' is clicked on

2024-07-24 17:30:16 - [MESSAGE][PASSED] - Object: 'Object Repository/PM/Huawei-vendor/TopX/TopX Object Type' is clicked on

2024-07-24 17:30:17 - [MESSAGE][PASSED] - Delayed 1 second(s)

2024-07-24 17:30:17 - [MESSAGE][PASSED] - Object: 'Object Repository/PM/Huawei-vendor/Object-Type/TopX Object Types/TopX Cells/TopX Cell' is clicked on

2024-07-24 17:30:18 - [MESSAGE][PASSED] - Delayed 1 second(s)

2024-07-24 17:30:18 - [MESSAGE][WARNING] - Timeout '0' is invalid. Using default page load timeout: '120'

2024-07-24 17:30:18 - [MESSAGE][PASSED] - Scroll to object 'Object Repository/PM/Huawei-vendor/Object Border' successfully

2024-07-24 17:30:18 - [MESSAGE][PASSED] - Object: 'Object Repository/PM/Huawei-vendor/Object-Type/TopX Object Types/TopX Sites/TopX East Amman Arrow' is clicked on

2024-07-24 17:30:21 - [MESSAGE][PASSED] - Object: 'Object Repository/PM/Huawei-vendor/Object-Type/TopX Object Types/TopX Cells/TopX East Amman Site1 Arrow' is clicked on

2024-07-24 17:30:22 - [MESSAGE][PASSED] - Delayed 1 second(s)

2024-07-24 17:30:22 - [MESSAGE][PASSED] - Object: 'Object Repository/PM/Huawei-vendor/Object-Type/TopX Object Types/TopX Cells/TopX East Amman Site1 Cell1' is clicked on

2024-07-24 17:30:22 - [MESSAGE][PASSED] - Object: 'Object Repository/PM/Huawei-vendor/Object-Type/TopX Object Types/TopX Sites/TopX East Amman CloseArrow' is clicked on

2024-07-24 17:30:23 - [MESSAGE][PASSED] - Object: 'Object Repository/PM/Huawei-vendor/Object-Type/TopX Object Types/TopX Sites/TopX West Amman Arrow' is clicked on

2024-07-24 17:30:25 - [MESSAGE][PASSED] - Object: 'Object Repository/PM/Huawei-vendor/Object-Type/TopX Object Types/TopX Cells/TopX West Amman Site1 Arrow' is clicked on

2024-07-24 17:30:25 - [MESSAGE][PASSED] - Object: 'Object Repository/PM/Huawei-vendor/Object-Type/TopX Object Types/TopX Cells/TopX West Amman Site1 Cell1' is clicked on

2024-07-24 17:30:25 - [MESSAGE][PASSED] - Object: 'Object Repository/PM/Huawei-vendor/Object-Type/TopX Object Types/TopX Sites/TopX West Amman CloseArrow' is clicked on

2024-07-24 17:30:26 - [MESSAGE][PASSED] - Object: 'Object Repository/PM/Huawei-vendor/Object-Type/TopX Object Types/TopX Sites/TopX North Jordan Arrow' is clicked on

2024-07-24 17:30:29 - [MESSAGE][PASSED] - Object: 'Object Repository/PM/Huawei-vendor/Object-Type/TopX Object Types/TopX Cells/TopX North Jordan Site1 Arrow' is clicked on

2024-07-24 17:30:29 - [MESSAGE][PASSED] - Object: 'Object Repository/PM/Huawei-vendor/Object-Type/TopX Object Types/TopX Cells/TopX North Jordan Site1 Cell1' is clicked on

2024-07-24 17:30:30 - [MESSAGE][PASSED] - Object: 'Object Repository/PM/Huawei-vendor/Object-Type/TopX Object Types/TopX Sites/TopX North Jordan CloseArrow' is clicked on

2024-07-24 17:30:30 - [MESSAGE][PASSED] - Object: 'Object Repository/PM/Huawei-vendor/Object-Type/TopX Object Types/TopX Sites/TopX South Jordan Arrow' is clicked on

2024-07-24 17:30:31 - [MESSAGE][PASSED] - Object: 'Object Repository/PM/Huawei-vendor/Object-Type/TopX Object Types/TopX Cells/TopX South Jordan Site1 Arrow' is clicked on

2024-07-24 17:30:32 - [MESSAGE][PASSED] - Object: 'Object Repository/PM/Huawei-vendor/Object-Type/TopX Object Types/TopX Cells/TopX South Jordan Site1 Cell1' is clicked on

2024-07-24 17:30:32 - [MESSAGE][PASSED] - Object: 'Object Repository/PM/Huawei-vendor/Object-Type/TopX Object Types/TopX Sites/TopX South Jordan CloseArrow' is clicked on

2024-07-24 17:30:32 - [MESSAGE][WARNING] - Timeout '0' is invalid. Using default page load timeout: '120'

2024-07-24 17:30:32 - [MESSAGE][PASSED] - Scroll to object 'Object Repository/PM/Huawei-vendor/LowXlabel' successfully

2024-07-24 17:30:32 - [MESSAGE][PASSED] - Object: 'Object Repository/PM/Huawei-vendor/TopX/TopXDate/BeforeDate' is clicked on

2024-07-24 17:30:33 - [MESSAGE][PASSED] - Delayed 1 second(s)

2024-07-24 17:30:34 - [MESSAGE][PASSED] - Object: 'Object Repository/PM/Huawei-vendor/End-date/BeforeArrow' is clicked on

2024-07-24 17:30:34 - [MESSAGE][PASSED] - Object: 'Object Repository/PM/Huawei-vendor/End-date/NextDate' is clicked on

2024-07-24 17:30:34 - [MESSAGE][PASSED] - Object: 'Object Repository/PM/Huawei-vendor/TopX/TopXDate/Button OK' is clicked on

2024-07-24 17:30:34 - [MESSAGE][PASSED] - Object: 'Object Repository/PM/Huawei-vendor/TopX/TopXDate/After Date' is clicked on

2024-07-24 17:30:35 - [MESSAGE][PASSED] - Delayed 1 second(s)

2024-07-24 17:30:35 - [MESSAGE][PASSED] - Object: 'Object Repository/PM/Huawei-vendor/StartDate/Curent date' is clicked on

2024-07-24 17:30:36 - [MESSAGE][PASSED] - Object: 'Object Repository/PM/Huawei-vendor/TopX/TopXDate/Button OK' is clicked on

2024-07-24 17:30:36 - [MESSAGE][PASSED] - Object: 'Object Repository/PM/Huawei-vendor/Apply-Button' is clicked on

2024-07-24 17:30:36 - [MESSAGE][WARNING] - Timeout '0' is invalid. Using default page load timeout: '120'

2024-07-24 17:30:36 - [MESSAGE][PASSED] - Web element with id: 'Object Repository/PM/Huawei-vendor/Error' located by 'By.xpath: //div[@class='toast-summary title-medium-m']' is not present after '120' second(s)

2024-07-24 17:30:36 - [MESSAGE][WARNING] - Timeout '0' is invalid. Using default page load timeout: '120'

2024-07-24 17:30:37 - [MESSAGE][PASSED] - Object 'Object Repository/PM/Huawei-vendor/Chart' is present

2024-07-24 17:30:37 - [MESSAGE][WARNING] - Timeout '0' is invalid. Using default page load timeout: '120'

2024-07-24 17:30:37 - [MESSAGE][PASSED] - Object 'Object Repository/PM/Huawei-vendor/TopX/TopX Export Chart' is present

2024-07-24 17:30:37 - [MESSAGE][WARNING] - Timeout '0' is invalid. Using default page load timeout: '120'

2024-07-24 17:30:37 - [MESSAGE][PASSED] - Object 'Object Repository/PM/Huawei-vendor/TopX/Table View' is present

2024-07-24 17:30:37 - [MESSAGE][PASSED] - Object: 'Object Repository/PM/Huawei-vendor/TopX/Table View' is clicked on

2024-07-24 17:30:38 - [MESSAGE][PASSED] - Object: 'Object Repository/PM/Huawei-vendor/TopX/Reordering the table view' is clicked on

2024-07-24 17:30:39 - [MESSAGE][PASSED] - Browser is closed

2024-07-24 17:30:39 - [MESSAGE][PASSED] - PMHwaueiTopX.TopX is PASSED]]></system-out>
         <system-err><![CDATA[]]></system-err>
      </testcase>
      <testcase name="Test Cases/PM/Hwauei/TopX/4G TopX/XCells/TopX 4G Cell with LowX" time="56.126" classname="Test Cases/PM/Hwauei/TopX/4G TopX/XCells/TopX 4G Cell with LowX" status="PASSED">
         <system-out><![CDATA[2024-07-24 17:30:39 - [TEST_CASE][PASSED] - Test Cases/PM/Hwauei/TopX/4G TopX/XCells/TopX 4G Cell with LowX: Test Cases/PM/Hwauei/TopX/4G TopX/XCells/TopX 4G Cell with LowX

2024-07-24 17:30:40 - [TEST_STEP][PASSED] - callTestCase(findTestCase("Login"), [:], STOP_ON_FAILURE): Call Test Case 'Test Cases/Login' successfully

2024-07-24 17:30:40 - [TEST_CASE][PASSED] - Test Cases/Login: Test Cases/Login

2024-07-24 17:30:40 - [TEST_STEP][PASSED] - driver = general.start(SwagerURL, NetCellURL): general.start is PASSED

2024-07-24 17:30:40 - [MESSAGE][INFO] - >>> chromeDriverPath=C:\Users\OdaiAbuKhadir\.katalon\packages\Katalon_Studio_Windows_64-8.6.9\Katalon_Studio_Windows_64-8.6.9\configuration\resources\drivers\chromedriver_win32\chromedriver.exe

2024-07-24 17:30:42 - [MESSAGE][PASSED] - Current window maximized

2024-07-24 17:30:43 - [MESSAGE][PASSED] - Execute JavaScript 'window.open();' successfully

2024-07-24 17:30:43 - [MESSAGE][PASSED] - Switched to window with index: '1'

2024-07-24 17:30:45 - [MESSAGE][PASSED] - general.start is PASSED

2024-07-24 17:30:45 - [TEST_STEP][PASSED] - click(findTestObject("Object Repository/Login/LoginButton")): Object: 'Object Repository/Login/LoginButton' is clicked on

2024-07-24 17:30:46 - [MESSAGE][PASSED] - Object: 'Object Repository/Login/LoginButton' is clicked on

2024-07-24 17:30:46 - [TEST_STEP][PASSED] - switchToWindowIndex(2): Switched to window with index: '2'

2024-07-24 17:30:46 - [MESSAGE][PASSED] - Switched to window with index: '2'

2024-07-24 17:30:46 - [TEST_STEP][PASSED] - delay(2): Delayed 2 second(s)

2024-07-24 17:30:48 - [MESSAGE][PASSED] - Delayed 2 second(s)

2024-07-24 17:30:48 - [TEST_STEP][PASSED] - sendKeys(findTestObject("Object Repository/Login/EnterEmail"), "homam@zztjg.onmicrosoft.com"): Keys 'homam@zztjg.onmicrosoft.com' sent to object: 'Object Repository/Login/EnterEmail'

2024-07-24 17:30:49 - [MESSAGE][PASSED] - Keys 'homam@zztjg.onmicrosoft.com' sent to object: 'Object Repository/Login/EnterEmail'

2024-07-24 17:30:49 - [TEST_STEP][PASSED] - delay(2): Delayed 2 second(s)

2024-07-24 17:30:51 - [MESSAGE][PASSED] - Delayed 2 second(s)

2024-07-24 17:30:51 - [TEST_STEP][PASSED] - click(findTestObject("Object Repository/Login/NextButton")): Object: 'Object Repository/Login/NextButton' is clicked on

2024-07-24 17:30:51 - [MESSAGE][PASSED] - Object: 'Object Repository/Login/NextButton' is clicked on

2024-07-24 17:30:51 - [TEST_STEP][PASSED] - delay(2): Delayed 2 second(s)

2024-07-24 17:30:53 - [MESSAGE][PASSED] - Delayed 2 second(s)

2024-07-24 17:30:53 - [TEST_STEP][PASSED] - sendKeys(findTestObject("Object Repository/Login/EnterPassword"), "Holder12345"): Keys 'Holder12345' sent to object: 'Object Repository/Login/EnterPassword'

2024-07-24 17:30:53 - [MESSAGE][PASSED] - Keys 'Holder12345' sent to object: 'Object Repository/Login/EnterPassword'

2024-07-24 17:30:53 - [TEST_STEP][PASSED] - delay(1): Delayed 1 second(s)

2024-07-24 17:30:54 - [MESSAGE][PASSED] - Delayed 1 second(s)

2024-07-24 17:30:54 - [TEST_STEP][PASSED] - click(findTestObject("Object Repository/Login/SigninButton")): Object: 'Object Repository/Login/SigninButton' is clicked on

2024-07-24 17:30:55 - [MESSAGE][PASSED] - Object: 'Object Repository/Login/SigninButton' is clicked on

2024-07-24 17:30:55 - [TEST_STEP][PASSED] - delay(1): Delayed 1 second(s)

2024-07-24 17:30:56 - [MESSAGE][PASSED] - Delayed 1 second(s)

2024-07-24 17:30:56 - [TEST_STEP][PASSED] - click(findTestObject("Object Repository/Login/YesStayInButton")): Object: 'Object Repository/Login/YesStayInButton' is clicked on

2024-07-24 17:30:57 - [MESSAGE][PASSED] - Object: 'Object Repository/Login/YesStayInButton' is clicked on

2024-07-24 17:30:57 - [MESSAGE][PASSED] - Call Test Case 'Test Cases/Login' successfully

2024-07-24 17:30:57 - [TEST_STEP][PASSED] - switchToWindowIndex(1): Switched to window with index: '1'

2024-07-24 17:30:57 - [MESSAGE][PASSED] - Switched to window with index: '1'

2024-07-24 17:30:57 - [TEST_STEP][PASSED] - PMHwaueiTopX.TopX("4G", "Cell", true, "Hourly", true, null): PMHwaueiTopX.TopX is PASSED

2024-07-24 17:30:58 - [MESSAGE][PASSED] - Object: 'Object Repository/PM/PM-Button' is clicked on

2024-07-24 17:30:59 - [MESSAGE][PASSED] - Switched to window with index: '2'

2024-07-24 17:31:00 - [MESSAGE][PASSED] - Object: 'Object Repository/PM/Huawei-vendor/Data-view/TopX' is clicked on

2024-07-24 17:31:01 - [MESSAGE][PASSED] - Object: 'Object Repository/PM/Huawei-vendor/TopX/TopX Object Type' is clicked on

2024-07-24 17:31:02 - [MESSAGE][PASSED] - Delayed 1 second(s)

2024-07-24 17:31:02 - [MESSAGE][PASSED] - Object: 'Object Repository/PM/Huawei-vendor/Object-Type/TopX Object Types/TopX Cells/TopX Cell' is clicked on

2024-07-24 17:31:03 - [MESSAGE][PASSED] - Delayed 1 second(s)

2024-07-24 17:31:03 - [MESSAGE][WARNING] - Timeout '0' is invalid. Using default page load timeout: '120'

2024-07-24 17:31:03 - [MESSAGE][PASSED] - Scroll to object 'Object Repository/PM/Huawei-vendor/Object Border' successfully

2024-07-24 17:31:03 - [MESSAGE][PASSED] - Object: 'Object Repository/PM/Huawei-vendor/Object-Type/TopX Object Types/TopX Sites/TopX East Amman Arrow' is clicked on

2024-07-24 17:31:07 - [MESSAGE][PASSED] - Object: 'Object Repository/PM/Huawei-vendor/Object-Type/TopX Object Types/TopX Cells/TopX East Amman Site1 Arrow' is clicked on

2024-07-24 17:31:09 - [MESSAGE][PASSED] - Delayed 2 second(s)

2024-07-24 17:31:09 - [MESSAGE][PASSED] - Object: 'Object Repository/PM/Huawei-vendor/Object-Type/TopX Object Types/TopX Cells/TopX East Amman Site1 Cell1' is clicked on

2024-07-24 17:31:09 - [MESSAGE][PASSED] - Object: 'Object Repository/PM/Huawei-vendor/Object-Type/TopX Object Types/TopX Sites/TopX East Amman CloseArrow' is clicked on

2024-07-24 17:31:09 - [MESSAGE][PASSED] - Object: 'Object Repository/PM/Huawei-vendor/Object-Type/TopX Object Types/TopX Sites/TopX West Amman Arrow' is clicked on

2024-07-24 17:31:11 - [MESSAGE][PASSED] - Object: 'Object Repository/PM/Huawei-vendor/Object-Type/TopX Object Types/TopX Cells/TopX West Amman Site1 Arrow' is clicked on

2024-07-24 17:31:12 - [MESSAGE][PASSED] - Object: 'Object Repository/PM/Huawei-vendor/Object-Type/TopX Object Types/TopX Cells/TopX West Amman Site1 Cell1' is clicked on

2024-07-24 17:31:12 - [MESSAGE][PASSED] - Object: 'Object Repository/PM/Huawei-vendor/Object-Type/TopX Object Types/TopX Sites/TopX West Amman CloseArrow' is clicked on

2024-07-24 17:31:12 - [MESSAGE][PASSED] - Object: 'Object Repository/PM/Huawei-vendor/Object-Type/TopX Object Types/TopX Sites/TopX South Amman Arrow' is clicked on

2024-07-24 17:31:15 - [MESSAGE][PASSED] - Object: 'Object Repository/PM/Huawei-vendor/Object-Type/TopX Object Types/TopX Cells/TopX South Amman Site1 Arrow' is clicked on

2024-07-24 17:31:15 - [MESSAGE][PASSED] - Object: 'Object Repository/PM/Huawei-vendor/Object-Type/TopX Object Types/TopX Cells/TopX South Amman Site1 Cell1' is clicked on

2024-07-24 17:31:16 - [MESSAGE][PASSED] - Object: 'Object Repository/PM/Huawei-vendor/Object-Type/TopX Object Types/TopX Sites/TopX South Amman CloseArrow' is clicked on

2024-07-24 17:31:16 - [MESSAGE][PASSED] - Object: 'Object Repository/PM/Huawei-vendor/Object-Type/TopX Object Types/TopX Sites/TopX East Jordan Arrow' is clicked on

2024-07-24 17:31:18 - [MESSAGE][PASSED] - Object: 'Object Repository/PM/Huawei-vendor/Object-Type/TopX Object Types/TopX Cells/TopX East Jordan Site1 Arrow' is clicked on

2024-07-24 17:31:18 - [MESSAGE][PASSED] - Object: 'Object Repository/PM/Huawei-vendor/Object-Type/TopX Object Types/TopX Cells/TopX East Jordan Site1 Cell1' is clicked on

2024-07-24 17:31:18 - [MESSAGE][PASSED] - Object: 'Object Repository/PM/Huawei-vendor/Object-Type/TopX Object Types/TopX Sites/TopX East Jordan CloseArrow' is clicked on

2024-07-24 17:31:19 - [MESSAGE][PASSED] - Object: 'Object Repository/PM/Huawei-vendor/Object-Type/TopX Object Types/TopX Sites/TopX North Jordan Arrow' is clicked on

2024-07-24 17:31:22 - [MESSAGE][PASSED] - Object: 'Object Repository/PM/Huawei-vendor/Object-Type/TopX Object Types/TopX Cells/TopX North Jordan Site1 Arrow' is clicked on

2024-07-24 17:31:22 - [MESSAGE][PASSED] - Object: 'Object Repository/PM/Huawei-vendor/Object-Type/TopX Object Types/TopX Cells/TopX North Jordan Site1 Cell1' is clicked on

2024-07-24 17:31:23 - [MESSAGE][PASSED] - Object: 'Object Repository/PM/Huawei-vendor/Object-Type/TopX Object Types/TopX Sites/TopX North Jordan CloseArrow' is clicked on

2024-07-24 17:31:23 - [MESSAGE][PASSED] - Object: 'Object Repository/PM/Huawei-vendor/Object-Type/TopX Object Types/TopX Sites/TopX South Jordan Arrow' is clicked on

2024-07-24 17:31:25 - [MESSAGE][PASSED] - Object: 'Object Repository/PM/Huawei-vendor/Object-Type/TopX Object Types/TopX Cells/TopX South Jordan Site1 Arrow' is clicked on

2024-07-24 17:31:25 - [MESSAGE][PASSED] - Object: 'Object Repository/PM/Huawei-vendor/Object-Type/TopX Object Types/TopX Cells/TopX South Jordan Site1 Cell1' is clicked on

2024-07-24 17:31:26 - [MESSAGE][PASSED] - Object: 'Object Repository/PM/Huawei-vendor/Object-Type/TopX Object Types/TopX Sites/TopX South Jordan CloseArrow' is clicked on

2024-07-24 17:31:26 - [MESSAGE][PASSED] - Object: 'Object Repository/PM/Huawei-vendor/Object-Type/TopX Object Types/TopX Sites/TopX Others Arrow' is clicked on

2024-07-24 17:31:27 - [MESSAGE][PASSED] - Object: 'Object Repository/PM/Huawei-vendor/Object-Type/TopX Object Types/TopX Cells/TopX Others Site1 Arrow' is clicked on

2024-07-24 17:31:27 - [MESSAGE][PASSED] - Object: 'Object Repository/PM/Huawei-vendor/Object-Type/TopX Object Types/TopX Cells/TopX Others Site1 Cell1' is clicked on

2024-07-24 17:31:28 - [MESSAGE][PASSED] - Object: 'Object Repository/PM/Huawei-vendor/Object-Type/TopX Object Types/TopX Sites/TopX Others CloseArrow' is clicked on

2024-07-24 17:31:28 - [MESSAGE][WARNING] - Timeout '0' is invalid. Using default page load timeout: '120'

2024-07-24 17:31:28 - [MESSAGE][PASSED] - Scroll to object 'Object Repository/PM/Huawei-vendor/LowXlabel' successfully

2024-07-24 17:31:28 - [MESSAGE][PASSED] - Object: 'Object Repository/PM/Huawei-vendor/TopX/TopXDate/BeforeDate' is clicked on

2024-07-24 17:31:29 - [MESSAGE][PASSED] - Delayed 1 second(s)

2024-07-24 17:31:29 - [MESSAGE][PASSED] - Object: 'Object Repository/PM/Huawei-vendor/End-date/BeforeArrow' is clicked on

2024-07-24 17:31:29 - [MESSAGE][PASSED] - Object: 'Object Repository/PM/Huawei-vendor/End-date/NextDate' is clicked on

2024-07-24 17:31:30 - [MESSAGE][PASSED] - Object: 'Object Repository/PM/Huawei-vendor/TopX/TopXDate/Button OK' is clicked on

2024-07-24 17:31:30 - [MESSAGE][PASSED] - Object: 'Object Repository/PM/Huawei-vendor/TopX/TopXDate/After Date' is clicked on

2024-07-24 17:31:31 - [MESSAGE][PASSED] - Delayed 1 second(s)

2024-07-24 17:31:31 - [MESSAGE][PASSED] - Object: 'Object Repository/PM/Huawei-vendor/StartDate/Curent date' is clicked on

2024-07-24 17:31:31 - [MESSAGE][PASSED] - Object: 'Object Repository/PM/Huawei-vendor/TopX/TopXDate/Button OK' is clicked on

2024-07-24 17:31:32 - [MESSAGE][PASSED] - Object: 'Object Repository/PM/Huawei-vendor/LowXCheckBox' is clicked on

2024-07-24 17:31:32 - [MESSAGE][PASSED] - Object: 'Object Repository/PM/Huawei-vendor/Apply-Button' is clicked on

2024-07-24 17:31:32 - [MESSAGE][WARNING] - Timeout '0' is invalid. Using default page load timeout: '120'

2024-07-24 17:31:32 - [MESSAGE][PASSED] - Web element with id: 'Object Repository/PM/Huawei-vendor/Error' located by 'By.xpath: //div[@class='toast-summary title-medium-m']' is not present after '120' second(s)

2024-07-24 17:31:32 - [MESSAGE][WARNING] - Timeout '0' is invalid. Using default page load timeout: '120'

2024-07-24 17:31:33 - [MESSAGE][PASSED] - Object 'Object Repository/PM/Huawei-vendor/Chart' is present

2024-07-24 17:31:33 - [MESSAGE][WARNING] - Timeout '0' is invalid. Using default page load timeout: '120'

2024-07-24 17:31:33 - [MESSAGE][PASSED] - Object 'Object Repository/PM/Huawei-vendor/TopX/TopX Export Chart' is present

2024-07-24 17:31:33 - [MESSAGE][WARNING] - Timeout '0' is invalid. Using default page load timeout: '120'

2024-07-24 17:31:33 - [MESSAGE][PASSED] - Object 'Object Repository/PM/Huawei-vendor/TopX/Table View' is present

2024-07-24 17:31:34 - [MESSAGE][PASSED] - Object: 'Object Repository/PM/Huawei-vendor/TopX/Table View' is clicked on

2024-07-24 17:31:34 - [MESSAGE][PASSED] - Object: 'Object Repository/PM/Huawei-vendor/TopX/Reordering the table view' is clicked on

2024-07-24 17:31:35 - [MESSAGE][PASSED] - Browser is closed

2024-07-24 17:31:35 - [MESSAGE][PASSED] - PMHwaueiTopX.TopX is PASSED]]></system-out>
         <system-err><![CDATA[]]></system-err>
      </testcase>
      <testcase name="Test Cases/PM/Hwauei/TopX/4G TopX/XPLMN/TopX 4G PLMN default" time="75.918" classname="Test Cases/PM/Hwauei/TopX/4G TopX/XPLMN/TopX 4G PLMN default" status="PASSED">
         <system-out><![CDATA[2024-07-24 17:31:35 - [TEST_CASE][PASSED] - Test Cases/PM/Hwauei/TopX/4G TopX/XPLMN/TopX 4G PLMN default: Test Cases/PM/Hwauei/TopX/4G TopX/XPLMN/TopX 4G PLMN default

2024-07-24 17:31:36 - [TEST_STEP][PASSED] - callTestCase(findTestCase("Login"), [:], STOP_ON_FAILURE): Call Test Case 'Test Cases/Login' successfully

2024-07-24 17:31:36 - [TEST_CASE][PASSED] - Test Cases/Login: Test Cases/Login

2024-07-24 17:31:36 - [TEST_STEP][PASSED] - driver = general.start(SwagerURL, NetCellURL): general.start is PASSED

2024-07-24 17:31:36 - [MESSAGE][INFO] - >>> chromeDriverPath=C:\Users\OdaiAbuKhadir\.katalon\packages\Katalon_Studio_Windows_64-8.6.9\Katalon_Studio_Windows_64-8.6.9\configuration\resources\drivers\chromedriver_win32\chromedriver.exe

2024-07-24 17:31:39 - [MESSAGE][PASSED] - Current window maximized

2024-07-24 17:31:40 - [MESSAGE][PASSED] - Execute JavaScript 'window.open();' successfully

2024-07-24 17:31:40 - [MESSAGE][PASSED] - Switched to window with index: '1'

2024-07-24 17:31:42 - [MESSAGE][PASSED] - general.start is PASSED

2024-07-24 17:31:42 - [TEST_STEP][PASSED] - click(findTestObject("Object Repository/Login/LoginButton")): Object: 'Object Repository/Login/LoginButton' is clicked on

2024-07-24 17:31:43 - [MESSAGE][PASSED] - Object: 'Object Repository/Login/LoginButton' is clicked on

2024-07-24 17:31:43 - [TEST_STEP][PASSED] - switchToWindowIndex(2): Switched to window with index: '2'

2024-07-24 17:31:43 - [MESSAGE][PASSED] - Switched to window with index: '2'

2024-07-24 17:31:43 - [TEST_STEP][PASSED] - delay(2): Delayed 2 second(s)

2024-07-24 17:31:45 - [MESSAGE][PASSED] - Delayed 2 second(s)

2024-07-24 17:31:45 - [TEST_STEP][PASSED] - sendKeys(findTestObject("Object Repository/Login/EnterEmail"), "homam@zztjg.onmicrosoft.com"): Keys 'homam@zztjg.onmicrosoft.com' sent to object: 'Object Repository/Login/EnterEmail'

2024-07-24 17:31:46 - [MESSAGE][PASSED] - Keys 'homam@zztjg.onmicrosoft.com' sent to object: 'Object Repository/Login/EnterEmail'

2024-07-24 17:31:46 - [TEST_STEP][PASSED] - delay(2): Delayed 2 second(s)

2024-07-24 17:31:48 - [MESSAGE][PASSED] - Delayed 2 second(s)

2024-07-24 17:31:48 - [TEST_STEP][PASSED] - click(findTestObject("Object Repository/Login/NextButton")): Object: 'Object Repository/Login/NextButton' is clicked on

2024-07-24 17:31:48 - [MESSAGE][PASSED] - Object: 'Object Repository/Login/NextButton' is clicked on

2024-07-24 17:31:48 - [TEST_STEP][PASSED] - delay(2): Delayed 2 second(s)

2024-07-24 17:31:50 - [MESSAGE][PASSED] - Delayed 2 second(s)

2024-07-24 17:31:50 - [TEST_STEP][PASSED] - sendKeys(findTestObject("Object Repository/Login/EnterPassword"), "Holder12345"): Keys 'Holder12345' sent to object: 'Object Repository/Login/EnterPassword'

2024-07-24 17:31:51 - [MESSAGE][PASSED] - Keys 'Holder12345' sent to object: 'Object Repository/Login/EnterPassword'

2024-07-24 17:31:51 - [TEST_STEP][PASSED] - delay(1): Delayed 1 second(s)

2024-07-24 17:31:52 - [MESSAGE][PASSED] - Delayed 1 second(s)

2024-07-24 17:31:52 - [TEST_STEP][PASSED] - click(findTestObject("Object Repository/Login/SigninButton")): Object: 'Object Repository/Login/SigninButton' is clicked on

2024-07-24 17:31:53 - [MESSAGE][PASSED] - Object: 'Object Repository/Login/SigninButton' is clicked on

2024-07-24 17:31:53 - [TEST_STEP][PASSED] - delay(1): Delayed 1 second(s)

2024-07-24 17:31:54 - [MESSAGE][PASSED] - Delayed 1 second(s)

2024-07-24 17:31:54 - [TEST_STEP][PASSED] - click(findTestObject("Object Repository/Login/YesStayInButton")): Object: 'Object Repository/Login/YesStayInButton' is clicked on

2024-07-24 17:31:56 - [MESSAGE][PASSED] - Object: 'Object Repository/Login/YesStayInButton' is clicked on

2024-07-24 17:31:56 - [MESSAGE][PASSED] - Call Test Case 'Test Cases/Login' successfully

2024-07-24 17:31:56 - [TEST_STEP][PASSED] - switchToWindowIndex(1): Switched to window with index: '1'

2024-07-24 17:31:56 - [MESSAGE][PASSED] - Switched to window with index: '1'

2024-07-24 17:31:56 - [TEST_STEP][PASSED] - PMHwaueiTopX.TopX("4G", "PLMN", false, "Hourly", false, null): PMHwaueiTopX.TopX is PASSED

2024-07-24 17:31:58 - [MESSAGE][PASSED] - Object: 'Object Repository/PM/PM-Button' is clicked on

2024-07-24 17:31:58 - [MESSAGE][PASSED] - Switched to window with index: '2'

2024-07-24 17:32:00 - [MESSAGE][PASSED] - Object: 'Object Repository/PM/Huawei-vendor/Data-view/TopX' is clicked on

2024-07-24 17:32:00 - [MESSAGE][PASSED] - Object: 'Object Repository/PM/Huawei-vendor/TopX/TopX Object Type' is clicked on

2024-07-24 17:32:01 - [MESSAGE][PASSED] - Delayed 1 second(s)

2024-07-24 17:32:02 - [MESSAGE][PASSED] - Object: 'Object Repository/PM/Huawei-vendor/Object-Type/TopX Object Types/TopX PLMNS/TopX PLMN' is clicked on

2024-07-24 17:32:03 - [MESSAGE][PASSED] - Delayed 1 second(s)

2024-07-24 17:32:03 - [MESSAGE][PASSED] - Object: 'Object Repository/PM/Huawei-vendor/Object-Type/TopX Object Types/TopX PLMNS/TopX PLMN checkbox' is clicked on

2024-07-24 17:32:03 - [MESSAGE][WARNING] - Timeout '0' is invalid. Using default page load timeout: '120'

2024-07-24 17:32:03 - [MESSAGE][PASSED] - Scroll to object 'Object Repository/PM/Huawei-vendor/LowXlabel' successfully

2024-07-24 17:32:03 - [MESSAGE][PASSED] - Object: 'Object Repository/PM/Huawei-vendor/TopX/TopXDate/BeforeDate' is clicked on

2024-07-24 17:32:04 - [MESSAGE][PASSED] - Delayed 1 second(s)

2024-07-24 17:32:04 - [MESSAGE][PASSED] - Object: 'Object Repository/PM/Huawei-vendor/End-date/BeforeArrow' is clicked on

2024-07-24 17:32:05 - [MESSAGE][PASSED] - Object: 'Object Repository/PM/Huawei-vendor/End-date/NextDate' is clicked on

2024-07-24 17:32:05 - [MESSAGE][PASSED] - Object: 'Object Repository/PM/Huawei-vendor/TopX/TopXDate/Button OK' is clicked on

2024-07-24 17:32:06 - [MESSAGE][PASSED] - Object: 'Object Repository/PM/Huawei-vendor/TopX/TopXDate/After Date' is clicked on

2024-07-24 17:32:07 - [MESSAGE][PASSED] - Delayed 1 second(s)

2024-07-24 17:32:07 - [MESSAGE][PASSED] - Object: 'Object Repository/PM/Huawei-vendor/StartDate/Curent date' is clicked on

2024-07-24 17:32:07 - [MESSAGE][PASSED] - Object: 'Object Repository/PM/Huawei-vendor/TopX/TopXDate/Button OK' is clicked on

2024-07-24 17:32:07 - [MESSAGE][PASSED] - Object: 'Object Repository/PM/Huawei-vendor/Apply-Button' is clicked on

2024-07-24 17:32:07 - [MESSAGE][WARNING] - Timeout '0' is invalid. Using default page load timeout: '120'

2024-07-24 17:32:07 - [MESSAGE][PASSED] - Web element with id: 'Object Repository/PM/Huawei-vendor/Error' located by 'By.xpath: //div[@class='toast-summary title-medium-m']' is not present after '120' second(s)

2024-07-24 17:32:07 - [MESSAGE][WARNING] - Timeout '0' is invalid. Using default page load timeout: '120'

2024-07-24 17:32:48 - [MESSAGE][PASSED] - Object 'Object Repository/PM/Huawei-vendor/Chart' is present

2024-07-24 17:32:48 - [MESSAGE][WARNING] - Timeout '0' is invalid. Using default page load timeout: '120'

2024-07-24 17:32:49 - [MESSAGE][PASSED] - Object 'Object Repository/PM/Huawei-vendor/TopX/TopX Export Chart' is present

2024-07-24 17:32:49 - [MESSAGE][WARNING] - Timeout '0' is invalid. Using default page load timeout: '120'

2024-07-24 17:32:49 - [MESSAGE][PASSED] - Object 'Object Repository/PM/Huawei-vendor/TopX/Table View' is present

2024-07-24 17:32:49 - [MESSAGE][PASSED] - Object: 'Object Repository/PM/Huawei-vendor/TopX/Table View' is clicked on

2024-07-24 17:32:50 - [MESSAGE][PASSED] - Object: 'Object Repository/PM/Huawei-vendor/TopX/Reordering the table view' is clicked on

2024-07-24 17:32:51 - [MESSAGE][PASSED] - Browser is closed

2024-07-24 17:32:51 - [MESSAGE][PASSED] - PMHwaueiTopX.TopX is PASSED]]></system-out>
         <system-err><![CDATA[]]></system-err>
      </testcase>
      <testcase name="Test Cases/PM/Hwauei/TopX/4G TopX/XPLMN/TopX 4G PLMN with LowX" time="37.765" classname="Test Cases/PM/Hwauei/TopX/4G TopX/XPLMN/TopX 4G PLMN with LowX" status="PASSED">
         <system-out><![CDATA[2024-07-24 17:32:51 - [TEST_CASE][PASSED] - Test Cases/PM/Hwauei/TopX/4G TopX/XPLMN/TopX 4G PLMN with LowX: Test Cases/PM/Hwauei/TopX/4G TopX/XPLMN/TopX 4G PLMN with LowX

2024-07-24 17:32:52 - [TEST_STEP][PASSED] - callTestCase(findTestCase("Login"), [:], STOP_ON_FAILURE): Call Test Case 'Test Cases/Login' successfully

2024-07-24 17:32:52 - [TEST_CASE][PASSED] - Test Cases/Login: Test Cases/Login

2024-07-24 17:32:52 - [TEST_STEP][PASSED] - driver = general.start(SwagerURL, NetCellURL): general.start is PASSED

2024-07-24 17:32:52 - [MESSAGE][INFO] - >>> chromeDriverPath=C:\Users\OdaiAbuKhadir\.katalon\packages\Katalon_Studio_Windows_64-8.6.9\Katalon_Studio_Windows_64-8.6.9\configuration\resources\drivers\chromedriver_win32\chromedriver.exe

2024-07-24 17:32:54 - [MESSAGE][PASSED] - Current window maximized

2024-07-24 17:32:55 - [MESSAGE][PASSED] - Execute JavaScript 'window.open();' successfully

2024-07-24 17:32:55 - [MESSAGE][PASSED] - Switched to window with index: '1'

2024-07-24 17:32:57 - [MESSAGE][PASSED] - general.start is PASSED

2024-07-24 17:32:57 - [TEST_STEP][PASSED] - click(findTestObject("Object Repository/Login/LoginButton")): Object: 'Object Repository/Login/LoginButton' is clicked on

2024-07-24 17:32:57 - [MESSAGE][PASSED] - Object: 'Object Repository/Login/LoginButton' is clicked on

2024-07-24 17:32:57 - [TEST_STEP][PASSED] - switchToWindowIndex(2): Switched to window with index: '2'

2024-07-24 17:32:58 - [MESSAGE][PASSED] - Switched to window with index: '2'

2024-07-24 17:32:58 - [TEST_STEP][PASSED] - delay(2): Delayed 2 second(s)

2024-07-24 17:33:00 - [MESSAGE][PASSED] - Delayed 2 second(s)

2024-07-24 17:33:00 - [TEST_STEP][PASSED] - sendKeys(findTestObject("Object Repository/Login/EnterEmail"), "homam@zztjg.onmicrosoft.com"): Keys 'homam@zztjg.onmicrosoft.com' sent to object: 'Object Repository/Login/EnterEmail'

2024-07-24 17:33:00 - [MESSAGE][PASSED] - Keys 'homam@zztjg.onmicrosoft.com' sent to object: 'Object Repository/Login/EnterEmail'

2024-07-24 17:33:00 - [TEST_STEP][PASSED] - delay(2): Delayed 2 second(s)

2024-07-24 17:33:02 - [MESSAGE][PASSED] - Delayed 2 second(s)

2024-07-24 17:33:02 - [TEST_STEP][PASSED] - click(findTestObject("Object Repository/Login/NextButton")): Object: 'Object Repository/Login/NextButton' is clicked on

2024-07-24 17:33:02 - [MESSAGE][PASSED] - Object: 'Object Repository/Login/NextButton' is clicked on

2024-07-24 17:33:02 - [TEST_STEP][PASSED] - delay(2): Delayed 2 second(s)

2024-07-24 17:33:04 - [MESSAGE][PASSED] - Delayed 2 second(s)

2024-07-24 17:33:04 - [TEST_STEP][PASSED] - sendKeys(findTestObject("Object Repository/Login/EnterPassword"), "Holder12345"): Keys 'Holder12345' sent to object: 'Object Repository/Login/EnterPassword'

2024-07-24 17:33:04 - [MESSAGE][PASSED] - Keys 'Holder12345' sent to object: 'Object Repository/Login/EnterPassword'

2024-07-24 17:33:04 - [TEST_STEP][PASSED] - delay(1): Delayed 1 second(s)

2024-07-24 17:33:05 - [MESSAGE][PASSED] - Delayed 1 second(s)

2024-07-24 17:33:05 - [TEST_STEP][PASSED] - click(findTestObject("Object Repository/Login/SigninButton")): Object: 'Object Repository/Login/SigninButton' is clicked on

2024-07-24 17:33:06 - [MESSAGE][PASSED] - Object: 'Object Repository/Login/SigninButton' is clicked on

2024-07-24 17:33:06 - [TEST_STEP][PASSED] - delay(1): Delayed 1 second(s)

2024-07-24 17:33:07 - [MESSAGE][PASSED] - Delayed 1 second(s)

2024-07-24 17:33:07 - [TEST_STEP][PASSED] - click(findTestObject("Object Repository/Login/YesStayInButton")): Object: 'Object Repository/Login/YesStayInButton' is clicked on

2024-07-24 17:33:08 - [MESSAGE][PASSED] - Object: 'Object Repository/Login/YesStayInButton' is clicked on

2024-07-24 17:33:08 - [MESSAGE][PASSED] - Call Test Case 'Test Cases/Login' successfully

2024-07-24 17:33:08 - [TEST_STEP][PASSED] - switchToWindowIndex(1): Switched to window with index: '1'

2024-07-24 17:33:08 - [MESSAGE][PASSED] - Switched to window with index: '1'

2024-07-24 17:33:08 - [TEST_STEP][PASSED] - PMHwaueiTopX.TopX("4G", "PLMN", true, "Hourly", true, null): PMHwaueiTopX.TopX is PASSED

2024-07-24 17:33:09 - [MESSAGE][PASSED] - Object: 'Object Repository/PM/PM-Button' is clicked on

2024-07-24 17:33:09 - [MESSAGE][PASSED] - Switched to window with index: '2'

2024-07-24 17:33:10 - [MESSAGE][PASSED] - Object: 'Object Repository/PM/Huawei-vendor/Data-view/TopX' is clicked on

2024-07-24 17:33:11 - [MESSAGE][PASSED] - Object: 'Object Repository/PM/Huawei-vendor/TopX/TopX Object Type' is clicked on

2024-07-24 17:33:12 - [MESSAGE][PASSED] - Delayed 1 second(s)

2024-07-24 17:33:12 - [MESSAGE][PASSED] - Object: 'Object Repository/PM/Huawei-vendor/Object-Type/TopX Object Types/TopX PLMNS/TopX PLMN' is clicked on

2024-07-24 17:33:13 - [MESSAGE][PASSED] - Delayed 1 second(s)

2024-07-24 17:33:13 - [MESSAGE][PASSED] - Object: 'Object Repository/PM/Huawei-vendor/Object-Type/TopX Object Types/TopX PLMNS/TopX PLMN checkbox' is clicked on

2024-07-24 17:33:13 - [MESSAGE][WARNING] - Timeout '0' is invalid. Using default page load timeout: '120'

2024-07-24 17:33:13 - [MESSAGE][PASSED] - Scroll to object 'Object Repository/PM/Huawei-vendor/LowXlabel' successfully

2024-07-24 17:33:13 - [MESSAGE][PASSED] - Object: 'Object Repository/PM/Huawei-vendor/TopX/TopXDate/BeforeDate' is clicked on

2024-07-24 17:33:14 - [MESSAGE][PASSED] - Delayed 1 second(s)

2024-07-24 17:33:14 - [MESSAGE][PASSED] - Object: 'Object Repository/PM/Huawei-vendor/End-date/BeforeArrow' is clicked on

2024-07-24 17:33:15 - [MESSAGE][PASSED] - Object: 'Object Repository/PM/Huawei-vendor/End-date/NextDate' is clicked on

2024-07-24 17:33:15 - [MESSAGE][PASSED] - Object: 'Object Repository/PM/Huawei-vendor/TopX/TopXDate/Button OK' is clicked on

2024-07-24 17:33:15 - [MESSAGE][PASSED] - Object: 'Object Repository/PM/Huawei-vendor/TopX/TopXDate/After Date' is clicked on

2024-07-24 17:33:16 - [MESSAGE][PASSED] - Delayed 1 second(s)

2024-07-24 17:33:16 - [MESSAGE][PASSED] - Object: 'Object Repository/PM/Huawei-vendor/StartDate/Curent date' is clicked on

2024-07-24 17:33:16 - [MESSAGE][PASSED] - Object: 'Object Repository/PM/Huawei-vendor/TopX/TopXDate/Button OK' is clicked on

2024-07-24 17:33:17 - [MESSAGE][PASSED] - Object: 'Object Repository/PM/Huawei-vendor/LowXCheckBox' is clicked on

2024-07-24 17:33:17 - [MESSAGE][PASSED] - Object: 'Object Repository/PM/Huawei-vendor/Apply-Button' is clicked on

2024-07-24 17:33:17 - [MESSAGE][WARNING] - Timeout '0' is invalid. Using default page load timeout: '120'

2024-07-24 17:33:17 - [MESSAGE][PASSED] - Web element with id: 'Object Repository/PM/Huawei-vendor/Error' located by 'By.xpath: //div[@class='toast-summary title-medium-m']' is not present after '120' second(s)

2024-07-24 17:33:17 - [MESSAGE][WARNING] - Timeout '0' is invalid. Using default page load timeout: '120'

2024-07-24 17:33:27 - [MESSAGE][PASSED] - Object 'Object Repository/PM/Huawei-vendor/Chart' is present

2024-07-24 17:33:27 - [MESSAGE][WARNING] - Timeout '0' is invalid. Using default page load timeout: '120'

2024-07-24 17:33:27 - [MESSAGE][PASSED] - Object 'Object Repository/PM/Huawei-vendor/TopX/TopX Export Chart' is present

2024-07-24 17:33:27 - [MESSAGE][WARNING] - Timeout '0' is invalid. Using default page load timeout: '120'

2024-07-24 17:33:27 - [MESSAGE][PASSED] - Object 'Object Repository/PM/Huawei-vendor/TopX/Table View' is present

2024-07-24 17:33:27 - [MESSAGE][PASSED] - Object: 'Object Repository/PM/Huawei-vendor/TopX/Table View' is clicked on

2024-07-24 17:33:28 - [MESSAGE][PASSED] - Object: 'Object Repository/PM/Huawei-vendor/TopX/Reordering the table view' is clicked on

2024-07-24 17:33:29 - [MESSAGE][PASSED] - Browser is closed

2024-07-24 17:33:29 - [MESSAGE][PASSED] - PMHwaueiTopX.TopX is PASSED]]></system-out>
         <system-err><![CDATA[]]></system-err>
      </testcase>
      <testcase name="Test Cases/PM/Hwauei/TopX/4G TopX/XRegion/TopX 4G Region default" time="34.527" classname="Test Cases/PM/Hwauei/TopX/4G TopX/XRegion/TopX 4G Region default" status="PASSED">
         <system-out><![CDATA[2024-07-24 17:33:29 - [TEST_CASE][PASSED] - Test Cases/PM/Hwauei/TopX/4G TopX/XRegion/TopX 4G Region default: Test Cases/PM/Hwauei/TopX/4G TopX/XRegion/TopX 4G Region default

2024-07-24 17:33:29 - [TEST_STEP][PASSED] - callTestCase(findTestCase("Login"), [:], STOP_ON_FAILURE): Call Test Case 'Test Cases/Login' successfully

2024-07-24 17:33:29 - [TEST_CASE][PASSED] - Test Cases/Login: Test Cases/Login

2024-07-24 17:33:29 - [TEST_STEP][PASSED] - driver = general.start(SwagerURL, NetCellURL): general.start is PASSED

2024-07-24 17:33:29 - [MESSAGE][INFO] - >>> chromeDriverPath=C:\Users\OdaiAbuKhadir\.katalon\packages\Katalon_Studio_Windows_64-8.6.9\Katalon_Studio_Windows_64-8.6.9\configuration\resources\drivers\chromedriver_win32\chromedriver.exe

2024-07-24 17:33:32 - [MESSAGE][PASSED] - Current window maximized

2024-07-24 17:33:32 - [MESSAGE][PASSED] - Execute JavaScript 'window.open();' successfully

2024-07-24 17:33:32 - [MESSAGE][PASSED] - Switched to window with index: '1'

2024-07-24 17:33:34 - [MESSAGE][PASSED] - general.start is PASSED

2024-07-24 17:33:34 - [TEST_STEP][PASSED] - click(findTestObject("Object Repository/Login/LoginButton")): Object: 'Object Repository/Login/LoginButton' is clicked on

2024-07-24 17:33:35 - [MESSAGE][PASSED] - Object: 'Object Repository/Login/LoginButton' is clicked on

2024-07-24 17:33:35 - [TEST_STEP][PASSED] - switchToWindowIndex(2): Switched to window with index: '2'

2024-07-24 17:33:35 - [MESSAGE][PASSED] - Switched to window with index: '2'

2024-07-24 17:33:35 - [TEST_STEP][PASSED] - delay(2): Delayed 2 second(s)

2024-07-24 17:33:37 - [MESSAGE][PASSED] - Delayed 2 second(s)

2024-07-24 17:33:37 - [TEST_STEP][PASSED] - sendKeys(findTestObject("Object Repository/Login/EnterEmail"), "homam@zztjg.onmicrosoft.com"): Keys 'homam@zztjg.onmicrosoft.com' sent to object: 'Object Repository/Login/EnterEmail'

2024-07-24 17:33:38 - [MESSAGE][PASSED] - Keys 'homam@zztjg.onmicrosoft.com' sent to object: 'Object Repository/Login/EnterEmail'

2024-07-24 17:33:38 - [TEST_STEP][PASSED] - delay(2): Delayed 2 second(s)

2024-07-24 17:33:40 - [MESSAGE][PASSED] - Delayed 2 second(s)

2024-07-24 17:33:40 - [TEST_STEP][PASSED] - click(findTestObject("Object Repository/Login/NextButton")): Object: 'Object Repository/Login/NextButton' is clicked on

2024-07-24 17:33:40 - [MESSAGE][PASSED] - Object: 'Object Repository/Login/NextButton' is clicked on

2024-07-24 17:33:40 - [TEST_STEP][PASSED] - delay(2): Delayed 2 second(s)

2024-07-24 17:33:42 - [MESSAGE][PASSED] - Delayed 2 second(s)

2024-07-24 17:33:42 - [TEST_STEP][PASSED] - sendKeys(findTestObject("Object Repository/Login/EnterPassword"), "Holder12345"): Keys 'Holder12345' sent to object: 'Object Repository/Login/EnterPassword'

2024-07-24 17:33:42 - [MESSAGE][PASSED] - Keys 'Holder12345' sent to object: 'Object Repository/Login/EnterPassword'

2024-07-24 17:33:42 - [TEST_STEP][PASSED] - delay(1): Delayed 1 second(s)

2024-07-24 17:33:43 - [MESSAGE][PASSED] - Delayed 1 second(s)

2024-07-24 17:33:43 - [TEST_STEP][PASSED] - click(findTestObject("Object Repository/Login/SigninButton")): Object: 'Object Repository/Login/SigninButton' is clicked on

2024-07-24 17:33:44 - [MESSAGE][PASSED] - Object: 'Object Repository/Login/SigninButton' is clicked on

2024-07-24 17:33:44 - [TEST_STEP][PASSED] - delay(1): Delayed 1 second(s)

2024-07-24 17:33:45 - [MESSAGE][PASSED] - Delayed 1 second(s)

2024-07-24 17:33:45 - [TEST_STEP][PASSED] - click(findTestObject("Object Repository/Login/YesStayInButton")): Object: 'Object Repository/Login/YesStayInButton' is clicked on

2024-07-24 17:33:45 - [MESSAGE][PASSED] - Object: 'Object Repository/Login/YesStayInButton' is clicked on

2024-07-24 17:33:45 - [MESSAGE][PASSED] - Call Test Case 'Test Cases/Login' successfully

2024-07-24 17:33:45 - [TEST_STEP][PASSED] - switchToWindowIndex(1): Switched to window with index: '1'

2024-07-24 17:33:45 - [MESSAGE][PASSED] - Switched to window with index: '1'

2024-07-24 17:33:45 - [TEST_STEP][PASSED] - PMHwaueiTopX.TopX("4G", "Region", false, "Hourly", false, null): PMHwaueiTopX.TopX is PASSED

2024-07-24 17:33:46 - [MESSAGE][PASSED] - Object: 'Object Repository/PM/PM-Button' is clicked on

2024-07-24 17:33:46 - [MESSAGE][PASSED] - Switched to window with index: '2'

2024-07-24 17:33:48 - [MESSAGE][PASSED] - Object: 'Object Repository/PM/Huawei-vendor/Data-view/TopX' is clicked on

2024-07-24 17:33:49 - [MESSAGE][PASSED] - Object: 'Object Repository/PM/Huawei-vendor/TopX/TopX Object Type' is clicked on

2024-07-24 17:33:50 - [MESSAGE][PASSED] - Delayed 1 second(s)

2024-07-24 17:33:50 - [MESSAGE][PASSED] - Object: 'Object Repository/PM/Huawei-vendor/Object-Type/TopX Object Types/TopX Regions/TopX Region' is clicked on

2024-07-24 17:33:51 - [MESSAGE][PASSED] - Delayed 1 second(s)

2024-07-24 17:33:51 - [MESSAGE][WARNING] - Timeout '0' is invalid. Using default page load timeout: '120'

2024-07-24 17:33:51 - [MESSAGE][PASSED] - Scroll to object 'Object Repository/PM/Huawei-vendor/Object Border' successfully

2024-07-24 17:33:51 - [MESSAGE][PASSED] - Object: 'Object Repository/PM/Huawei-vendor/Object-Type/TopX Object Types/TopX Regions/TopX Region East Amman' is clicked on

2024-07-24 17:33:51 - [MESSAGE][PASSED] - Object: 'Object Repository/PM/Huawei-vendor/Object-Type/TopX Object Types/TopX Regions/TopX Region West Amman' is clicked on

2024-07-24 17:33:51 - [MESSAGE][PASSED] - Object: 'Object Repository/PM/Huawei-vendor/Object-Type/TopX Object Types/TopX Regions/TopX Region South Jordan' is clicked on

2024-07-24 17:33:52 - [MESSAGE][PASSED] - Object: 'Object Repository/PM/Huawei-vendor/Object-Type/TopX Object Types/TopX Regions/TopX Region North Jordan' is clicked on

2024-07-24 17:33:52 - [MESSAGE][WARNING] - Timeout '0' is invalid. Using default page load timeout: '120'

2024-07-24 17:33:52 - [MESSAGE][PASSED] - Scroll to object 'Object Repository/PM/Huawei-vendor/LowXlabel' successfully

2024-07-24 17:33:52 - [MESSAGE][PASSED] - Object: 'Object Repository/PM/Huawei-vendor/TopX/TopXDate/BeforeDate' is clicked on

2024-07-24 17:33:53 - [MESSAGE][PASSED] - Delayed 1 second(s)

2024-07-24 17:33:53 - [MESSAGE][PASSED] - Object: 'Object Repository/PM/Huawei-vendor/End-date/BeforeArrow' is clicked on

2024-07-24 17:33:54 - [MESSAGE][PASSED] - Object: 'Object Repository/PM/Huawei-vendor/End-date/NextDate' is clicked on

2024-07-24 17:33:54 - [MESSAGE][PASSED] - Object: 'Object Repository/PM/Huawei-vendor/TopX/TopXDate/Button OK' is clicked on

2024-07-24 17:33:54 - [MESSAGE][PASSED] - Object: 'Object Repository/PM/Huawei-vendor/TopX/TopXDate/After Date' is clicked on

2024-07-24 17:33:55 - [MESSAGE][PASSED] - Delayed 1 second(s)

2024-07-24 17:33:55 - [MESSAGE][PASSED] - Object: 'Object Repository/PM/Huawei-vendor/StartDate/Curent date' is clicked on

2024-07-24 17:33:56 - [MESSAGE][PASSED] - Object: 'Object Repository/PM/Huawei-vendor/TopX/TopXDate/Button OK' is clicked on

2024-07-24 17:33:56 - [MESSAGE][PASSED] - Object: 'Object Repository/PM/Huawei-vendor/Apply-Button' is clicked on

2024-07-24 17:33:56 - [MESSAGE][WARNING] - Timeout '0' is invalid. Using default page load timeout: '120'

2024-07-24 17:33:56 - [MESSAGE][PASSED] - Web element with id: 'Object Repository/PM/Huawei-vendor/Error' located by 'By.xpath: //div[@class='toast-summary title-medium-m']' is not present after '120' second(s)

2024-07-24 17:33:56 - [MESSAGE][WARNING] - Timeout '0' is invalid. Using default page load timeout: '120'

2024-07-24 17:34:02 - [MESSAGE][PASSED] - Object 'Object Repository/PM/Huawei-vendor/Chart' is present

2024-07-24 17:34:02 - [MESSAGE][WARNING] - Timeout '0' is invalid. Using default page load timeout: '120'

2024-07-24 17:34:02 - [MESSAGE][PASSED] - Object 'Object Repository/PM/Huawei-vendor/TopX/TopX Export Chart' is present

2024-07-24 17:34:02 - [MESSAGE][WARNING] - Timeout '0' is invalid. Using default page load timeout: '120'

2024-07-24 17:34:02 - [MESSAGE][PASSED] - Object 'Object Repository/PM/Huawei-vendor/TopX/Table View' is present

2024-07-24 17:34:02 - [MESSAGE][PASSED] - Object: 'Object Repository/PM/Huawei-vendor/TopX/Table View' is clicked on

2024-07-24 17:34:03 - [MESSAGE][PASSED] - Object: 'Object Repository/PM/Huawei-vendor/TopX/Reordering the table view' is clicked on

2024-07-24 17:34:04 - [MESSAGE][PASSED] - Browser is closed

2024-07-24 17:34:04 - [MESSAGE][PASSED] - PMHwaueiTopX.TopX is PASSED]]></system-out>
         <system-err><![CDATA[]]></system-err>
      </testcase>
      <testcase name="Test Cases/PM/Hwauei/TopX/4G TopX/XRegion/TopX 4G Region with LowX" time="37.489" classname="Test Cases/PM/Hwauei/TopX/4G TopX/XRegion/TopX 4G Region with LowX" status="PASSED">
         <system-out><![CDATA[2024-07-24 17:34:04 - [TEST_CASE][PASSED] - Test Cases/PM/Hwauei/TopX/4G TopX/XRegion/TopX 4G Region with LowX: Test Cases/PM/Hwauei/TopX/4G TopX/XRegion/TopX 4G Region with LowX

2024-07-24 17:34:04 - [TEST_STEP][PASSED] - callTestCase(findTestCase("Login"), [:], STOP_ON_FAILURE): Call Test Case 'Test Cases/Login' successfully

2024-07-24 17:34:04 - [TEST_CASE][PASSED] - Test Cases/Login: Test Cases/Login

2024-07-24 17:34:04 - [TEST_STEP][PASSED] - driver = general.start(SwagerURL, NetCellURL): general.start is PASSED

2024-07-24 17:34:04 - [MESSAGE][INFO] - >>> chromeDriverPath=C:\Users\OdaiAbuKhadir\.katalon\packages\Katalon_Studio_Windows_64-8.6.9\Katalon_Studio_Windows_64-8.6.9\configuration\resources\drivers\chromedriver_win32\chromedriver.exe

2024-07-24 17:34:06 - [MESSAGE][PASSED] - Current window maximized

2024-07-24 17:34:07 - [MESSAGE][PASSED] - Execute JavaScript 'window.open();' successfully

2024-07-24 17:34:07 - [MESSAGE][PASSED] - Switched to window with index: '1'

2024-07-24 17:34:07 - [MESSAGE][PASSED] - general.start is PASSED

2024-07-24 17:34:07 - [TEST_STEP][PASSED] - click(findTestObject("Object Repository/Login/LoginButton")): Object: 'Object Repository/Login/LoginButton' is clicked on

2024-07-24 17:34:09 - [MESSAGE][PASSED] - Object: 'Object Repository/Login/LoginButton' is clicked on

2024-07-24 17:34:09 - [TEST_STEP][PASSED] - switchToWindowIndex(2): Switched to window with index: '2'

2024-07-24 17:34:09 - [MESSAGE][PASSED] - Switched to window with index: '2'

2024-07-24 17:34:09 - [TEST_STEP][PASSED] - delay(2): Delayed 2 second(s)

2024-07-24 17:34:11 - [MESSAGE][PASSED] - Delayed 2 second(s)

2024-07-24 17:34:11 - [TEST_STEP][PASSED] - sendKeys(findTestObject("Object Repository/Login/EnterEmail"), "homam@zztjg.onmicrosoft.com"): Keys 'homam@zztjg.onmicrosoft.com' sent to object: 'Object Repository/Login/EnterEmail'

2024-07-24 17:34:12 - [MESSAGE][PASSED] - Keys 'homam@zztjg.onmicrosoft.com' sent to object: 'Object Repository/Login/EnterEmail'

2024-07-24 17:34:12 - [TEST_STEP][PASSED] - delay(2): Delayed 2 second(s)

2024-07-24 17:34:14 - [MESSAGE][PASSED] - Delayed 2 second(s)

2024-07-24 17:34:14 - [TEST_STEP][PASSED] - click(findTestObject("Object Repository/Login/NextButton")): Object: 'Object Repository/Login/NextButton' is clicked on

2024-07-24 17:34:14 - [MESSAGE][PASSED] - Object: 'Object Repository/Login/NextButton' is clicked on

2024-07-24 17:34:14 - [TEST_STEP][PASSED] - delay(2): Delayed 2 second(s)

2024-07-24 17:34:16 - [MESSAGE][PASSED] - Delayed 2 second(s)

2024-07-24 17:34:16 - [TEST_STEP][PASSED] - sendKeys(findTestObject("Object Repository/Login/EnterPassword"), "Holder12345"): Keys 'Holder12345' sent to object: 'Object Repository/Login/EnterPassword'

2024-07-24 17:34:16 - [MESSAGE][PASSED] - Keys 'Holder12345' sent to object: 'Object Repository/Login/EnterPassword'

2024-07-24 17:34:16 - [TEST_STEP][PASSED] - delay(1): Delayed 1 second(s)

2024-07-24 17:34:17 - [MESSAGE][PASSED] - Delayed 1 second(s)

2024-07-24 17:34:17 - [TEST_STEP][PASSED] - click(findTestObject("Object Repository/Login/SigninButton")): Object: 'Object Repository/Login/SigninButton' is clicked on

2024-07-24 17:34:18 - [MESSAGE][PASSED] - Object: 'Object Repository/Login/SigninButton' is clicked on

2024-07-24 17:34:18 - [TEST_STEP][PASSED] - delay(1): Delayed 1 second(s)

2024-07-24 17:34:19 - [MESSAGE][PASSED] - Delayed 1 second(s)

2024-07-24 17:34:19 - [TEST_STEP][PASSED] - click(findTestObject("Object Repository/Login/YesStayInButton")): Object: 'Object Repository/Login/YesStayInButton' is clicked on

2024-07-24 17:34:20 - [MESSAGE][PASSED] - Object: 'Object Repository/Login/YesStayInButton' is clicked on

2024-07-24 17:34:20 - [MESSAGE][PASSED] - Call Test Case 'Test Cases/Login' successfully

2024-07-24 17:34:20 - [TEST_STEP][PASSED] - switchToWindowIndex(1): Switched to window with index: '1'

2024-07-24 17:34:20 - [MESSAGE][PASSED] - Switched to window with index: '1'

2024-07-24 17:34:20 - [TEST_STEP][PASSED] - PMHwaueiTopX.TopX("4G", "Region", true, "Hourly", true, null): PMHwaueiTopX.TopX is PASSED

2024-07-24 17:34:20 - [MESSAGE][PASSED] - Object: 'Object Repository/PM/PM-Button' is clicked on

2024-07-24 17:34:21 - [MESSAGE][PASSED] - Switched to window with index: '2'

2024-07-24 17:34:22 - [MESSAGE][PASSED] - Object: 'Object Repository/PM/Huawei-vendor/Data-view/TopX' is clicked on

2024-07-24 17:34:23 - [MESSAGE][PASSED] - Object: 'Object Repository/PM/Huawei-vendor/TopX/TopX Object Type' is clicked on

2024-07-24 17:34:24 - [MESSAGE][PASSED] - Delayed 1 second(s)

2024-07-24 17:34:24 - [MESSAGE][PASSED] - Object: 'Object Repository/PM/Huawei-vendor/Object-Type/TopX Object Types/TopX Regions/TopX Region' is clicked on

2024-07-24 17:34:25 - [MESSAGE][PASSED] - Delayed 1 second(s)

2024-07-24 17:34:25 - [MESSAGE][WARNING] - Timeout '0' is invalid. Using default page load timeout: '120'

2024-07-24 17:34:25 - [MESSAGE][PASSED] - Scroll to object 'Object Repository/PM/Huawei-vendor/Object Border' successfully

2024-07-24 17:34:25 - [MESSAGE][PASSED] - Object: 'Object Repository/PM/Huawei-vendor/Object-Type/TopX Object Types/TopX Regions/TopX Region East Amman' is clicked on

2024-07-24 17:34:25 - [MESSAGE][PASSED] - Object: 'Object Repository/PM/Huawei-vendor/Object-Type/TopX Object Types/TopX Regions/TopX Region West Amman' is clicked on

2024-07-24 17:34:25 - [MESSAGE][PASSED] - Object: 'Object Repository/PM/Huawei-vendor/Object-Type/TopX Object Types/TopX Regions/TopX Region South Jordan' is clicked on

2024-07-24 17:34:26 - [MESSAGE][PASSED] - Object: 'Object Repository/PM/Huawei-vendor/Object-Type/TopX Object Types/TopX Regions/TopX Region North Jordan' is clicked on

2024-07-24 17:34:26 - [MESSAGE][PASSED] - Object: 'Object Repository/PM/Huawei-vendor/Object-Type/TopX Object Types/TopX Regions/TopX Region East Jordan' is clicked on

2024-07-24 17:34:26 - [MESSAGE][PASSED] - Object: 'Object Repository/PM/Huawei-vendor/Object-Type/TopX Object Types/TopX Regions/TopX Region Others' is clicked on

2024-07-24 17:34:26 - [MESSAGE][PASSED] - Object: 'Object Repository/PM/Huawei-vendor/Object-Type/TopX Object Types/TopX Regions/TopX Region South Amman' is clicked on

2024-07-24 17:34:27 - [MESSAGE][WARNING] - Timeout '0' is invalid. Using default page load timeout: '120'

2024-07-24 17:34:27 - [MESSAGE][PASSED] - Scroll to object 'Object Repository/PM/Huawei-vendor/LowXlabel' successfully

2024-07-24 17:34:27 - [MESSAGE][PASSED] - Object: 'Object Repository/PM/Huawei-vendor/TopX/TopXDate/BeforeDate' is clicked on

2024-07-24 17:34:28 - [MESSAGE][PASSED] - Delayed 1 second(s)

2024-07-24 17:34:28 - [MESSAGE][PASSED] - Object: 'Object Repository/PM/Huawei-vendor/End-date/BeforeArrow' is clicked on

2024-07-24 17:34:28 - [MESSAGE][PASSED] - Object: 'Object Repository/PM/Huawei-vendor/End-date/NextDate' is clicked on

2024-07-24 17:34:28 - [MESSAGE][PASSED] - Object: 'Object Repository/PM/Huawei-vendor/TopX/TopXDate/Button OK' is clicked on

2024-07-24 17:34:29 - [MESSAGE][PASSED] - Object: 'Object Repository/PM/Huawei-vendor/TopX/TopXDate/After Date' is clicked on

2024-07-24 17:34:30 - [MESSAGE][PASSED] - Delayed 1 second(s)

2024-07-24 17:34:30 - [MESSAGE][PASSED] - Object: 'Object Repository/PM/Huawei-vendor/StartDate/Curent date' is clicked on

2024-07-24 17:34:30 - [MESSAGE][PASSED] - Object: 'Object Repository/PM/Huawei-vendor/TopX/TopXDate/Button OK' is clicked on

2024-07-24 17:34:30 - [MESSAGE][PASSED] - Object: 'Object Repository/PM/Huawei-vendor/LowXCheckBox' is clicked on

2024-07-24 17:34:31 - [MESSAGE][PASSED] - Object: 'Object Repository/PM/Huawei-vendor/Apply-Button' is clicked on

2024-07-24 17:34:31 - [MESSAGE][WARNING] - Timeout '0' is invalid. Using default page load timeout: '120'

2024-07-24 17:34:31 - [MESSAGE][PASSED] - Web element with id: 'Object Repository/PM/Huawei-vendor/Error' located by 'By.xpath: //div[@class='toast-summary title-medium-m']' is not present after '120' second(s)

2024-07-24 17:34:31 - [MESSAGE][WARNING] - Timeout '0' is invalid. Using default page load timeout: '120'

2024-07-24 17:34:39 - [MESSAGE][PASSED] - Object 'Object Repository/PM/Huawei-vendor/Chart' is present

2024-07-24 17:34:39 - [MESSAGE][WARNING] - Timeout '0' is invalid. Using default page load timeout: '120'

2024-07-24 17:34:39 - [MESSAGE][PASSED] - Object 'Object Repository/PM/Huawei-vendor/TopX/TopX Export Chart' is present

2024-07-24 17:34:40 - [MESSAGE][WARNING] - Timeout '0' is invalid. Using default page load timeout: '120'

2024-07-24 17:34:40 - [MESSAGE][PASSED] - Object 'Object Repository/PM/Huawei-vendor/TopX/Table View' is present

2024-07-24 17:34:40 - [MESSAGE][PASSED] - Object: 'Object Repository/PM/Huawei-vendor/TopX/Table View' is clicked on

2024-07-24 17:34:40 - [MESSAGE][PASSED] - Object: 'Object Repository/PM/Huawei-vendor/TopX/Reordering the table view' is clicked on

2024-07-24 17:34:41 - [MESSAGE][PASSED] - Browser is closed

2024-07-24 17:34:41 - [MESSAGE][PASSED] - PMHwaueiTopX.TopX is PASSED]]></system-out>
         <system-err><![CDATA[]]></system-err>
      </testcase>
      <testcase name="Test Cases/PM/Hwauei/TopX/4G TopX/XRegion Band/TopX 4G Region Band default" time="33.698" classname="Test Cases/PM/Hwauei/TopX/4G TopX/XRegion Band/TopX 4G Region Band default" status="PASSED">
         <system-out><![CDATA[2024-07-24 17:34:41 - [TEST_CASE][PASSED] - Test Cases/PM/Hwauei/TopX/4G TopX/XRegion Band/TopX 4G Region Band default: Test Cases/PM/Hwauei/TopX/4G TopX/XRegion Band/TopX 4G Region Band default

2024-07-24 17:34:42 - [TEST_STEP][PASSED] - callTestCase(findTestCase("Login"), [:], STOP_ON_FAILURE): Call Test Case 'Test Cases/Login' successfully

2024-07-24 17:34:42 - [TEST_CASE][PASSED] - Test Cases/Login: Test Cases/Login

2024-07-24 17:34:42 - [TEST_STEP][PASSED] - driver = general.start(SwagerURL, NetCellURL): general.start is PASSED

2024-07-24 17:34:42 - [MESSAGE][INFO] - >>> chromeDriverPath=C:\Users\OdaiAbuKhadir\.katalon\packages\Katalon_Studio_Windows_64-8.6.9\Katalon_Studio_Windows_64-8.6.9\configuration\resources\drivers\chromedriver_win32\chromedriver.exe

2024-07-24 17:34:44 - [MESSAGE][PASSED] - Current window maximized

2024-07-24 17:34:44 - [MESSAGE][PASSED] - Execute JavaScript 'window.open();' successfully

2024-07-24 17:34:44 - [MESSAGE][PASSED] - Switched to window with index: '1'

2024-07-24 17:34:46 - [MESSAGE][PASSED] - general.start is PASSED

2024-07-24 17:34:46 - [TEST_STEP][PASSED] - click(findTestObject("Object Repository/Login/LoginButton")): Object: 'Object Repository/Login/LoginButton' is clicked on

2024-07-24 17:34:46 - [MESSAGE][PASSED] - Object: 'Object Repository/Login/LoginButton' is clicked on

2024-07-24 17:34:46 - [TEST_STEP][PASSED] - switchToWindowIndex(2): Switched to window with index: '2'

2024-07-24 17:34:46 - [MESSAGE][PASSED] - Switched to window with index: '2'

2024-07-24 17:34:46 - [TEST_STEP][PASSED] - delay(2): Delayed 2 second(s)

2024-07-24 17:34:48 - [MESSAGE][PASSED] - Delayed 2 second(s)

2024-07-24 17:34:48 - [TEST_STEP][PASSED] - sendKeys(findTestObject("Object Repository/Login/EnterEmail"), "homam@zztjg.onmicrosoft.com"): Keys 'homam@zztjg.onmicrosoft.com' sent to object: 'Object Repository/Login/EnterEmail'

2024-07-24 17:34:49 - [MESSAGE][PASSED] - Keys 'homam@zztjg.onmicrosoft.com' sent to object: 'Object Repository/Login/EnterEmail'

2024-07-24 17:34:49 - [TEST_STEP][PASSED] - delay(2): Delayed 2 second(s)

2024-07-24 17:34:51 - [MESSAGE][PASSED] - Delayed 2 second(s)

2024-07-24 17:34:51 - [TEST_STEP][PASSED] - click(findTestObject("Object Repository/Login/NextButton")): Object: 'Object Repository/Login/NextButton' is clicked on

2024-07-24 17:34:51 - [MESSAGE][PASSED] - Object: 'Object Repository/Login/NextButton' is clicked on

2024-07-24 17:34:51 - [TEST_STEP][PASSED] - delay(2): Delayed 2 second(s)

2024-07-24 17:34:53 - [MESSAGE][PASSED] - Delayed 2 second(s)

2024-07-24 17:34:53 - [TEST_STEP][PASSED] - sendKeys(findTestObject("Object Repository/Login/EnterPassword"), "Holder12345"): Keys 'Holder12345' sent to object: 'Object Repository/Login/EnterPassword'

2024-07-24 17:34:53 - [MESSAGE][PASSED] - Keys 'Holder12345' sent to object: 'Object Repository/Login/EnterPassword'

2024-07-24 17:34:53 - [TEST_STEP][PASSED] - delay(1): Delayed 1 second(s)

2024-07-24 17:34:54 - [MESSAGE][PASSED] - Delayed 1 second(s)

2024-07-24 17:34:54 - [TEST_STEP][PASSED] - click(findTestObject("Object Repository/Login/SigninButton")): Object: 'Object Repository/Login/SigninButton' is clicked on

2024-07-24 17:34:55 - [MESSAGE][PASSED] - Object: 'Object Repository/Login/SigninButton' is clicked on

2024-07-24 17:34:55 - [TEST_STEP][PASSED] - delay(1): Delayed 1 second(s)

2024-07-24 17:34:56 - [MESSAGE][PASSED] - Delayed 1 second(s)

2024-07-24 17:34:56 - [TEST_STEP][PASSED] - click(findTestObject("Object Repository/Login/YesStayInButton")): Object: 'Object Repository/Login/YesStayInButton' is clicked on

2024-07-24 17:34:57 - [MESSAGE][PASSED] - Object: 'Object Repository/Login/YesStayInButton' is clicked on

2024-07-24 17:34:57 - [MESSAGE][PASSED] - Call Test Case 'Test Cases/Login' successfully

2024-07-24 17:34:57 - [TEST_STEP][PASSED] - switchToWindowIndex(1): Switched to window with index: '1'

2024-07-24 17:34:57 - [MESSAGE][PASSED] - Switched to window with index: '1'

2024-07-24 17:34:57 - [TEST_STEP][PASSED] - PMHwaueiTopX.TopX("4G", "Region Band", false, "Hourly", false, null): PMHwaueiTopX.TopX is PASSED

2024-07-24 17:34:58 - [MESSAGE][PASSED] - Object: 'Object Repository/PM/PM-Button' is clicked on

2024-07-24 17:34:59 - [MESSAGE][PASSED] - Switched to window with index: '2'

2024-07-24 17:35:00 - [MESSAGE][PASSED] - Object: 'Object Repository/PM/Huawei-vendor/Data-view/TopX' is clicked on

2024-07-24 17:35:01 - [MESSAGE][PASSED] - Object: 'Object Repository/PM/Huawei-vendor/TopX/TopX Object Type' is clicked on

2024-07-24 17:35:02 - [MESSAGE][PASSED] - Delayed 1 second(s)

2024-07-24 17:35:02 - [MESSAGE][PASSED] - Object: 'Object Repository/PM/Huawei-vendor/Object-Type/TopX Object Types/TopX Region Bands/TopX Reagion Band' is clicked on

2024-07-24 17:35:03 - [MESSAGE][PASSED] - Delayed 1 second(s)

2024-07-24 17:35:03 - [MESSAGE][WARNING] - Timeout '0' is invalid. Using default page load timeout: '120'

2024-07-24 17:35:03 - [MESSAGE][PASSED] - Scroll to object 'Object Repository/PM/Huawei-vendor/Object Border' successfully

2024-07-24 17:35:03 - [MESSAGE][PASSED] - Object: 'Object Repository/PM/Huawei-vendor/Object-Type/TopX Object Types/TopX Sites/TopX East Amman Arrow' is clicked on

2024-07-24 17:35:03 - [MESSAGE][PASSED] - Object: 'Object Repository/PM/Huawei-vendor/Object-Type/TopX Object Types/TopX Region Bands/TopX FDD Arrow' is clicked on

2024-07-24 17:35:03 - [MESSAGE][PASSED] - Object: 'Object Repository/PM/Huawei-vendor/Object-Type/TopX Object Types/TopX Region Bands/TopX FDD 900' is clicked on

2024-07-24 17:35:04 - [MESSAGE][PASSED] - Object: 'Object Repository/PM/Huawei-vendor/Object-Type/TopX Object Types/TopX Sites/TopX East Amman CloseArrow' is clicked on

2024-07-24 17:35:04 - [MESSAGE][PASSED] - Object: 'Object Repository/PM/Huawei-vendor/Object-Type/TopX Object Types/TopX Sites/TopX West Amman Arrow' is clicked on

2024-07-24 17:35:05 - [MESSAGE][PASSED] - Object: 'Object Repository/PM/Huawei-vendor/Object-Type/TopX Object Types/TopX Region Bands/TopX TDD Arrow' is clicked on

2024-07-24 17:35:05 - [MESSAGE][PASSED] - Object: 'Object Repository/PM/Huawei-vendor/Object-Type/TopX Object Types/TopX Region Bands/TopX TDD F2' is clicked on

2024-07-24 17:35:05 - [MESSAGE][PASSED] - Object: 'Object Repository/PM/Huawei-vendor/Object-Type/TopX Object Types/TopX Sites/TopX West Amman CloseArrow' is clicked on

2024-07-24 17:35:05 - [MESSAGE][PASSED] - Object: 'Object Repository/PM/Huawei-vendor/Object-Type/TopX Object Types/TopX Sites/TopX North Jordan Arrow' is clicked on

2024-07-24 17:35:05 - [MESSAGE][PASSED] - Object: 'Object Repository/PM/Huawei-vendor/Object-Type/TopX Object Types/TopX Region Bands/TopX FDD Arrow' is clicked on

2024-07-24 17:35:06 - [MESSAGE][PASSED] - Object: 'Object Repository/PM/Huawei-vendor/Object-Type/TopX Object Types/TopX Region Bands/TopX FDD 1800' is clicked on

2024-07-24 17:35:06 - [MESSAGE][PASSED] - Object: 'Object Repository/PM/Huawei-vendor/Object-Type/TopX Object Types/TopX Sites/TopX North Jordan CloseArrow' is clicked on

2024-07-24 17:35:06 - [MESSAGE][PASSED] - Object: 'Object Repository/PM/Huawei-vendor/Object-Type/TopX Object Types/TopX Sites/TopX South Jordan Arrow' is clicked on

2024-07-24 17:35:06 - [MESSAGE][PASSED] - Object: 'Object Repository/PM/Huawei-vendor/Object-Type/TopX Object Types/TopX Region Bands/TopX TDD Arrow' is clicked on

2024-07-24 17:35:06 - [MESSAGE][PASSED] - Object: 'Object Repository/PM/Huawei-vendor/Object-Type/TopX Object Types/TopX Region Bands/TopX TDD F1' is clicked on

2024-07-24 17:35:07 - [MESSAGE][PASSED] - Object: 'Object Repository/PM/Huawei-vendor/Object-Type/TopX Object Types/TopX Sites/TopX South Jordan CloseArrow' is clicked on

2024-07-24 17:35:07 - [MESSAGE][WARNING] - Timeout '0' is invalid. Using default page load timeout: '120'

2024-07-24 17:35:07 - [MESSAGE][PASSED] - Scroll to object 'Object Repository/PM/Huawei-vendor/LowXlabel' successfully

2024-07-24 17:35:07 - [MESSAGE][PASSED] - Object: 'Object Repository/PM/Huawei-vendor/TopX/TopXDate/BeforeDate' is clicked on

2024-07-24 17:35:08 - [MESSAGE][PASSED] - Delayed 1 second(s)

2024-07-24 17:35:08 - [MESSAGE][PASSED] - Object: 'Object Repository/PM/Huawei-vendor/End-date/BeforeArrow' is clicked on

2024-07-24 17:35:08 - [MESSAGE][PASSED] - Object: 'Object Repository/PM/Huawei-vendor/End-date/NextDate' is clicked on

2024-07-24 17:35:08 - [MESSAGE][PASSED] - Object: 'Object Repository/PM/Huawei-vendor/TopX/TopXDate/Button OK' is clicked on

2024-07-24 17:35:09 - [MESSAGE][PASSED] - Object: 'Object Repository/PM/Huawei-vendor/TopX/TopXDate/After Date' is clicked on

2024-07-24 17:35:10 - [MESSAGE][PASSED] - Delayed 1 second(s)

2024-07-24 17:35:10 - [MESSAGE][PASSED] - Object: 'Object Repository/PM/Huawei-vendor/StartDate/Curent date' is clicked on

2024-07-24 17:35:10 - [MESSAGE][PASSED] - Object: 'Object Repository/PM/Huawei-vendor/TopX/TopXDate/Button OK' is clicked on

2024-07-24 17:35:10 - [MESSAGE][PASSED] - Object: 'Object Repository/PM/Huawei-vendor/Apply-Button' is clicked on

2024-07-24 17:35:10 - [MESSAGE][WARNING] - Timeout '0' is invalid. Using default page load timeout: '120'

2024-07-24 17:35:11 - [MESSAGE][PASSED] - Web element with id: 'Object Repository/PM/Huawei-vendor/Error' located by 'By.xpath: //div[@class='toast-summary title-medium-m']' is not present after '120' second(s)

2024-07-24 17:35:11 - [MESSAGE][WARNING] - Timeout '0' is invalid. Using default page load timeout: '120'

2024-07-24 17:35:12 - [MESSAGE][PASSED] - Object 'Object Repository/PM/Huawei-vendor/Chart' is present

2024-07-24 17:35:12 - [MESSAGE][WARNING] - Timeout '0' is invalid. Using default page load timeout: '120'

2024-07-24 17:35:13 - [MESSAGE][PASSED] - Object 'Object Repository/PM/Huawei-vendor/TopX/TopX Export Chart' is present

2024-07-24 17:35:13 - [MESSAGE][WARNING] - Timeout '0' is invalid. Using default page load timeout: '120'

2024-07-24 17:35:13 - [MESSAGE][PASSED] - Object 'Object Repository/PM/Huawei-vendor/TopX/Table View' is present

2024-07-24 17:35:13 - [MESSAGE][PASSED] - Object: 'Object Repository/PM/Huawei-vendor/TopX/Table View' is clicked on

2024-07-24 17:35:13 - [MESSAGE][PASSED] - Object: 'Object Repository/PM/Huawei-vendor/TopX/Reordering the table view' is clicked on

2024-07-24 17:35:15 - [MESSAGE][PASSED] - Browser is closed

2024-07-24 17:35:15 - [MESSAGE][PASSED] - PMHwaueiTopX.TopX is PASSED]]></system-out>
         <system-err><![CDATA[]]></system-err>
      </testcase>
      <testcase name="Test Cases/PM/Hwauei/TopX/4G TopX/XRegion Band/TopX 4G Region Band with LowX" time="32.325" classname="Test Cases/PM/Hwauei/TopX/4G TopX/XRegion Band/TopX 4G Region Band with LowX" status="PASSED">
         <system-out><![CDATA[2024-07-24 17:35:15 - [TEST_CASE][PASSED] - Test Cases/PM/Hwauei/TopX/4G TopX/XRegion Band/TopX 4G Region Band with LowX: Test Cases/PM/Hwauei/TopX/4G TopX/XRegion Band/TopX 4G Region Band with LowX

2024-07-24 17:35:15 - [TEST_STEP][PASSED] - callTestCase(findTestCase("Login"), [:], STOP_ON_FAILURE): Call Test Case 'Test Cases/Login' successfully

2024-07-24 17:35:15 - [TEST_CASE][PASSED] - Test Cases/Login: Test Cases/Login

2024-07-24 17:35:15 - [TEST_STEP][PASSED] - driver = general.start(SwagerURL, NetCellURL): general.start is PASSED

2024-07-24 17:35:15 - [MESSAGE][INFO] - >>> chromeDriverPath=C:\Users\OdaiAbuKhadir\.katalon\packages\Katalon_Studio_Windows_64-8.6.9\Katalon_Studio_Windows_64-8.6.9\configuration\resources\drivers\chromedriver_win32\chromedriver.exe

2024-07-24 17:35:17 - [MESSAGE][PASSED] - Current window maximized

2024-07-24 17:35:18 - [MESSAGE][PASSED] - Execute JavaScript 'window.open();' successfully

2024-07-24 17:35:18 - [MESSAGE][PASSED] - Switched to window with index: '1'

2024-07-24 17:35:18 - [MESSAGE][PASSED] - general.start is PASSED

2024-07-24 17:35:18 - [TEST_STEP][PASSED] - click(findTestObject("Object Repository/Login/LoginButton")): Object: 'Object Repository/Login/LoginButton' is clicked on

2024-07-24 17:35:20 - [MESSAGE][PASSED] - Object: 'Object Repository/Login/LoginButton' is clicked on

2024-07-24 17:35:20 - [TEST_STEP][PASSED] - switchToWindowIndex(2): Switched to window with index: '2'

2024-07-24 17:35:20 - [MESSAGE][PASSED] - Switched to window with index: '2'

2024-07-24 17:35:20 - [TEST_STEP][PASSED] - delay(2): Delayed 2 second(s)

2024-07-24 17:35:22 - [MESSAGE][PASSED] - Delayed 2 second(s)

2024-07-24 17:35:22 - [TEST_STEP][PASSED] - sendKeys(findTestObject("Object Repository/Login/EnterEmail"), "homam@zztjg.onmicrosoft.com"): Keys 'homam@zztjg.onmicrosoft.com' sent to object: 'Object Repository/Login/EnterEmail'

2024-07-24 17:35:22 - [MESSAGE][PASSED] - Keys 'homam@zztjg.onmicrosoft.com' sent to object: 'Object Repository/Login/EnterEmail'

2024-07-24 17:35:22 - [TEST_STEP][PASSED] - delay(2): Delayed 2 second(s)

2024-07-24 17:35:24 - [MESSAGE][PASSED] - Delayed 2 second(s)

2024-07-24 17:35:24 - [TEST_STEP][PASSED] - click(findTestObject("Object Repository/Login/NextButton")): Object: 'Object Repository/Login/NextButton' is clicked on

2024-07-24 17:35:25 - [MESSAGE][PASSED] - Object: 'Object Repository/Login/NextButton' is clicked on

2024-07-24 17:35:25 - [TEST_STEP][PASSED] - delay(2): Delayed 2 second(s)

2024-07-24 17:35:27 - [MESSAGE][PASSED] - Delayed 2 second(s)

2024-07-24 17:35:27 - [TEST_STEP][PASSED] - sendKeys(findTestObject("Object Repository/Login/EnterPassword"), "Holder12345"): Keys 'Holder12345' sent to object: 'Object Repository/Login/EnterPassword'

2024-07-24 17:35:27 - [MESSAGE][PASSED] - Keys 'Holder12345' sent to object: 'Object Repository/Login/EnterPassword'

2024-07-24 17:35:27 - [TEST_STEP][PASSED] - delay(1): Delayed 1 second(s)

2024-07-24 17:35:28 - [MESSAGE][PASSED] - Delayed 1 second(s)

2024-07-24 17:35:28 - [TEST_STEP][PASSED] - click(findTestObject("Object Repository/Login/SigninButton")): Object: 'Object Repository/Login/SigninButton' is clicked on

2024-07-24 17:35:29 - [MESSAGE][PASSED] - Object: 'Object Repository/Login/SigninButton' is clicked on

2024-07-24 17:35:29 - [TEST_STEP][PASSED] - delay(1): Delayed 1 second(s)

2024-07-24 17:35:30 - [MESSAGE][PASSED] - Delayed 1 second(s)

2024-07-24 17:35:30 - [TEST_STEP][PASSED] - click(findTestObject("Object Repository/Login/YesStayInButton")): Object: 'Object Repository/Login/YesStayInButton' is clicked on

2024-07-24 17:35:30 - [MESSAGE][PASSED] - Object: 'Object Repository/Login/YesStayInButton' is clicked on

2024-07-24 17:35:30 - [MESSAGE][PASSED] - Call Test Case 'Test Cases/Login' successfully

2024-07-24 17:35:30 - [TEST_STEP][PASSED] - switchToWindowIndex(1): Switched to window with index: '1'

2024-07-24 17:35:30 - [MESSAGE][PASSED] - Switched to window with index: '1'

2024-07-24 17:35:30 - [TEST_STEP][PASSED] - PMHwaueiTopX.TopX("4G", "Region Band", false, "Hourly", true, null): PMHwaueiTopX.TopX is PASSED

2024-07-24 17:35:31 - [MESSAGE][PASSED] - Object: 'Object Repository/PM/PM-Button' is clicked on

2024-07-24 17:35:31 - [MESSAGE][PASSED] - Switched to window with index: '2'

2024-07-24 17:35:33 - [MESSAGE][PASSED] - Object: 'Object Repository/PM/Huawei-vendor/Data-view/TopX' is clicked on

2024-07-24 17:35:33 - [MESSAGE][PASSED] - Object: 'Object Repository/PM/Huawei-vendor/TopX/TopX Object Type' is clicked on

2024-07-24 17:35:34 - [MESSAGE][PASSED] - Delayed 1 second(s)

2024-07-24 17:35:35 - [MESSAGE][PASSED] - Object: 'Object Repository/PM/Huawei-vendor/Object-Type/TopX Object Types/TopX Region Bands/TopX Reagion Band' is clicked on

2024-07-24 17:35:36 - [MESSAGE][PASSED] - Delayed 1 second(s)

2024-07-24 17:35:36 - [MESSAGE][WARNING] - Timeout '0' is invalid. Using default page load timeout: '120'

2024-07-24 17:35:36 - [MESSAGE][PASSED] - Scroll to object 'Object Repository/PM/Huawei-vendor/Object Border' successfully

2024-07-24 17:35:36 - [MESSAGE][PASSED] - Object: 'Object Repository/PM/Huawei-vendor/Object-Type/TopX Object Types/TopX Sites/TopX East Amman Arrow' is clicked on

2024-07-24 17:35:36 - [MESSAGE][PASSED] - Object: 'Object Repository/PM/Huawei-vendor/Object-Type/TopX Object Types/TopX Region Bands/TopX FDD Arrow' is clicked on

2024-07-24 17:35:36 - [MESSAGE][PASSED] - Object: 'Object Repository/PM/Huawei-vendor/Object-Type/TopX Object Types/TopX Region Bands/TopX FDD 900' is clicked on

2024-07-24 17:35:36 - [MESSAGE][PASSED] - Object: 'Object Repository/PM/Huawei-vendor/Object-Type/TopX Object Types/TopX Sites/TopX East Amman CloseArrow' is clicked on

2024-07-24 17:35:37 - [MESSAGE][PASSED] - Object: 'Object Repository/PM/Huawei-vendor/Object-Type/TopX Object Types/TopX Sites/TopX West Amman Arrow' is clicked on

2024-07-24 17:35:37 - [MESSAGE][PASSED] - Object: 'Object Repository/PM/Huawei-vendor/Object-Type/TopX Object Types/TopX Region Bands/TopX TDD Arrow' is clicked on

2024-07-24 17:35:37 - [MESSAGE][PASSED] - Object: 'Object Repository/PM/Huawei-vendor/Object-Type/TopX Object Types/TopX Region Bands/TopX TDD F2' is clicked on

2024-07-24 17:35:37 - [MESSAGE][PASSED] - Object: 'Object Repository/PM/Huawei-vendor/Object-Type/TopX Object Types/TopX Sites/TopX West Amman CloseArrow' is clicked on

2024-07-24 17:35:38 - [MESSAGE][PASSED] - Object: 'Object Repository/PM/Huawei-vendor/Object-Type/TopX Object Types/TopX Sites/TopX North Jordan Arrow' is clicked on

2024-07-24 17:35:38 - [MESSAGE][PASSED] - Object: 'Object Repository/PM/Huawei-vendor/Object-Type/TopX Object Types/TopX Region Bands/TopX FDD Arrow' is clicked on

2024-07-24 17:35:38 - [MESSAGE][PASSED] - Object: 'Object Repository/PM/Huawei-vendor/Object-Type/TopX Object Types/TopX Region Bands/TopX FDD 1800' is clicked on

2024-07-24 17:35:38 - [MESSAGE][PASSED] - Object: 'Object Repository/PM/Huawei-vendor/Object-Type/TopX Object Types/TopX Sites/TopX North Jordan CloseArrow' is clicked on

2024-07-24 17:35:38 - [MESSAGE][PASSED] - Object: 'Object Repository/PM/Huawei-vendor/Object-Type/TopX Object Types/TopX Sites/TopX South Jordan Arrow' is clicked on

2024-07-24 17:35:39 - [MESSAGE][PASSED] - Object: 'Object Repository/PM/Huawei-vendor/Object-Type/TopX Object Types/TopX Region Bands/TopX TDD Arrow' is clicked on

2024-07-24 17:35:39 - [MESSAGE][PASSED] - Object: 'Object Repository/PM/Huawei-vendor/Object-Type/TopX Object Types/TopX Region Bands/TopX TDD F1' is clicked on

2024-07-24 17:35:39 - [MESSAGE][PASSED] - Object: 'Object Repository/PM/Huawei-vendor/Object-Type/TopX Object Types/TopX Sites/TopX South Jordan CloseArrow' is clicked on

2024-07-24 17:35:39 - [MESSAGE][WARNING] - Timeout '0' is invalid. Using default page load timeout: '120'

2024-07-24 17:35:39 - [MESSAGE][PASSED] - Scroll to object 'Object Repository/PM/Huawei-vendor/LowXlabel' successfully

2024-07-24 17:35:39 - [MESSAGE][PASSED] - Object: 'Object Repository/PM/Huawei-vendor/TopX/TopXDate/BeforeDate' is clicked on

2024-07-24 17:35:40 - [MESSAGE][PASSED] - Delayed 1 second(s)

2024-07-24 17:35:40 - [MESSAGE][PASSED] - Object: 'Object Repository/PM/Huawei-vendor/End-date/BeforeArrow' is clicked on

2024-07-24 17:35:41 - [MESSAGE][PASSED] - Object: 'Object Repository/PM/Huawei-vendor/End-date/NextDate' is clicked on

2024-07-24 17:35:41 - [MESSAGE][PASSED] - Object: 'Object Repository/PM/Huawei-vendor/TopX/TopXDate/Button OK' is clicked on

2024-07-24 17:35:41 - [MESSAGE][PASSED] - Object: 'Object Repository/PM/Huawei-vendor/TopX/TopXDate/After Date' is clicked on

2024-07-24 17:35:42 - [MESSAGE][PASSED] - Delayed 1 second(s)

2024-07-24 17:35:42 - [MESSAGE][PASSED] - Object: 'Object Repository/PM/Huawei-vendor/StartDate/Curent date' is clicked on

2024-07-24 17:35:43 - [MESSAGE][PASSED] - Object: 'Object Repository/PM/Huawei-vendor/TopX/TopXDate/Button OK' is clicked on

2024-07-24 17:35:43 - [MESSAGE][PASSED] - Object: 'Object Repository/PM/Huawei-vendor/LowXCheckBox' is clicked on

2024-07-24 17:35:43 - [MESSAGE][PASSED] - Object: 'Object Repository/PM/Huawei-vendor/Apply-Button' is clicked on

2024-07-24 17:35:43 - [MESSAGE][WARNING] - Timeout '0' is invalid. Using default page load timeout: '120'

2024-07-24 17:35:43 - [MESSAGE][PASSED] - Web element with id: 'Object Repository/PM/Huawei-vendor/Error' located by 'By.xpath: //div[@class='toast-summary title-medium-m']' is not present after '120' second(s)

2024-07-24 17:35:43 - [MESSAGE][WARNING] - Timeout '0' is invalid. Using default page load timeout: '120'

2024-07-24 17:35:45 - [MESSAGE][PASSED] - Object 'Object Repository/PM/Huawei-vendor/Chart' is present

2024-07-24 17:35:45 - [MESSAGE][WARNING] - Timeout '0' is invalid. Using default page load timeout: '120'

2024-07-24 17:35:45 - [MESSAGE][PASSED] - Object 'Object Repository/PM/Huawei-vendor/TopX/TopX Export Chart' is present

2024-07-24 17:35:45 - [MESSAGE][WARNING] - Timeout '0' is invalid. Using default page load timeout: '120'

2024-07-24 17:35:45 - [MESSAGE][PASSED] - Object 'Object Repository/PM/Huawei-vendor/TopX/Table View' is present

2024-07-24 17:35:46 - [MESSAGE][PASSED] - Object: 'Object Repository/PM/Huawei-vendor/TopX/Table View' is clicked on

2024-07-24 17:35:46 - [MESSAGE][PASSED] - Object: 'Object Repository/PM/Huawei-vendor/TopX/Reordering the table view' is clicked on

2024-07-24 17:35:47 - [MESSAGE][PASSED] - Browser is closed

2024-07-24 17:35:47 - [MESSAGE][PASSED] - PMHwaueiTopX.TopX is PASSED]]></system-out>
         <system-err><![CDATA[]]></system-err>
      </testcase>
      <testcase name="Test Cases/PM/Hwauei/TopX/4G TopX/XSite/TopX 4G Site default" time="36.717" classname="Test Cases/PM/Hwauei/TopX/4G TopX/XSite/TopX 4G Site default" status="PASSED">
         <system-out><![CDATA[2024-07-24 17:35:47 - [TEST_CASE][PASSED] - Test Cases/PM/Hwauei/TopX/4G TopX/XSite/TopX 4G Site default: Test Cases/PM/Hwauei/TopX/4G TopX/XSite/TopX 4G Site default

2024-07-24 17:35:48 - [TEST_STEP][PASSED] - callTestCase(findTestCase("Login"), [:], STOP_ON_FAILURE): Call Test Case 'Test Cases/Login' successfully

2024-07-24 17:35:48 - [TEST_CASE][PASSED] - Test Cases/Login: Test Cases/Login

2024-07-24 17:35:48 - [TEST_STEP][PASSED] - driver = general.start(SwagerURL, NetCellURL): general.start is PASSED

2024-07-24 17:35:48 - [MESSAGE][INFO] - >>> chromeDriverPath=C:\Users\OdaiAbuKhadir\.katalon\packages\Katalon_Studio_Windows_64-8.6.9\Katalon_Studio_Windows_64-8.6.9\configuration\resources\drivers\chromedriver_win32\chromedriver.exe

2024-07-24 17:35:49 - [MESSAGE][PASSED] - Current window maximized

2024-07-24 17:35:50 - [MESSAGE][PASSED] - Execute JavaScript 'window.open();' successfully

2024-07-24 17:35:50 - [MESSAGE][PASSED] - Switched to window with index: '1'

2024-07-24 17:35:50 - [MESSAGE][PASSED] - general.start is PASSED

2024-07-24 17:35:50 - [TEST_STEP][PASSED] - click(findTestObject("Object Repository/Login/LoginButton")): Object: 'Object Repository/Login/LoginButton' is clicked on

2024-07-24 17:35:52 - [MESSAGE][PASSED] - Object: 'Object Repository/Login/LoginButton' is clicked on

2024-07-24 17:35:52 - [TEST_STEP][PASSED] - switchToWindowIndex(2): Switched to window with index: '2'

2024-07-24 17:35:52 - [MESSAGE][PASSED] - Switched to window with index: '2'

2024-07-24 17:35:52 - [TEST_STEP][PASSED] - delay(2): Delayed 2 second(s)

2024-07-24 17:35:54 - [MESSAGE][PASSED] - Delayed 2 second(s)

2024-07-24 17:35:54 - [TEST_STEP][PASSED] - sendKeys(findTestObject("Object Repository/Login/EnterEmail"), "homam@zztjg.onmicrosoft.com"): Keys 'homam@zztjg.onmicrosoft.com' sent to object: 'Object Repository/Login/EnterEmail'

2024-07-24 17:35:55 - [MESSAGE][PASSED] - Keys 'homam@zztjg.onmicrosoft.com' sent to object: 'Object Repository/Login/EnterEmail'

2024-07-24 17:35:55 - [TEST_STEP][PASSED] - delay(2): Delayed 2 second(s)

2024-07-24 17:35:57 - [MESSAGE][PASSED] - Delayed 2 second(s)

2024-07-24 17:35:57 - [TEST_STEP][PASSED] - click(findTestObject("Object Repository/Login/NextButton")): Object: 'Object Repository/Login/NextButton' is clicked on

2024-07-24 17:35:57 - [MESSAGE][PASSED] - Object: 'Object Repository/Login/NextButton' is clicked on

2024-07-24 17:35:57 - [TEST_STEP][PASSED] - delay(2): Delayed 2 second(s)

2024-07-24 17:35:59 - [MESSAGE][PASSED] - Delayed 2 second(s)

2024-07-24 17:35:59 - [TEST_STEP][PASSED] - sendKeys(findTestObject("Object Repository/Login/EnterPassword"), "Holder12345"): Keys 'Holder12345' sent to object: 'Object Repository/Login/EnterPassword'

2024-07-24 17:35:59 - [MESSAGE][PASSED] - Keys 'Holder12345' sent to object: 'Object Repository/Login/EnterPassword'

2024-07-24 17:35:59 - [TEST_STEP][PASSED] - delay(1): Delayed 1 second(s)

2024-07-24 17:36:00 - [MESSAGE][PASSED] - Delayed 1 second(s)

2024-07-24 17:36:00 - [TEST_STEP][PASSED] - click(findTestObject("Object Repository/Login/SigninButton")): Object: 'Object Repository/Login/SigninButton' is clicked on

2024-07-24 17:36:01 - [MESSAGE][PASSED] - Object: 'Object Repository/Login/SigninButton' is clicked on

2024-07-24 17:36:01 - [TEST_STEP][PASSED] - delay(1): Delayed 1 second(s)

2024-07-24 17:36:02 - [MESSAGE][PASSED] - Delayed 1 second(s)

2024-07-24 17:36:02 - [TEST_STEP][PASSED] - click(findTestObject("Object Repository/Login/YesStayInButton")): Object: 'Object Repository/Login/YesStayInButton' is clicked on

2024-07-24 17:36:03 - [MESSAGE][PASSED] - Object: 'Object Repository/Login/YesStayInButton' is clicked on

2024-07-24 17:36:03 - [MESSAGE][PASSED] - Call Test Case 'Test Cases/Login' successfully

2024-07-24 17:36:03 - [TEST_STEP][PASSED] - switchToWindowIndex(1): Switched to window with index: '1'

2024-07-24 17:36:03 - [MESSAGE][PASSED] - Switched to window with index: '1'

2024-07-24 17:36:03 - [TEST_STEP][PASSED] - PMHwaueiTopX.TopX("4G", "Site", false, "Hourly", false, null): PMHwaueiTopX.TopX is PASSED

2024-07-24 17:36:04 - [MESSAGE][PASSED] - Object: 'Object Repository/PM/PM-Button' is clicked on

2024-07-24 17:36:04 - [MESSAGE][PASSED] - Switched to window with index: '2'

2024-07-24 17:36:06 - [MESSAGE][PASSED] - Object: 'Object Repository/PM/Huawei-vendor/Data-view/TopX' is clicked on

2024-07-24 17:36:06 - [MESSAGE][PASSED] - Object: 'Object Repository/PM/Huawei-vendor/TopX/TopX Object Type' is clicked on

2024-07-24 17:36:07 - [MESSAGE][PASSED] - Delayed 1 second(s)

2024-07-24 17:36:07 - [MESSAGE][PASSED] - Object: 'Object Repository/PM/Huawei-vendor/Object-Type/TopX Object Types/TopX Sites/TopX Site' is clicked on

2024-07-24 17:36:08 - [MESSAGE][PASSED] - Delayed 1 second(s)

2024-07-24 17:36:08 - [MESSAGE][WARNING] - Timeout '0' is invalid. Using default page load timeout: '120'

2024-07-24 17:36:08 - [MESSAGE][PASSED] - Scroll to object 'Object Repository/PM/Huawei-vendor/Object Border' successfully

2024-07-24 17:36:08 - [MESSAGE][PASSED] - Object: 'Object Repository/PM/Huawei-vendor/Object-Type/TopX Object Types/TopX Sites/TopX East Amman Arrow' is clicked on

2024-07-24 17:36:11 - [MESSAGE][PASSED] - Object: 'Object Repository/PM/Huawei-vendor/Object-Type/TopX Object Types/TopX Sites/TopX East Amman site1' is clicked on

2024-07-24 17:36:11 - [MESSAGE][PASSED] - Object: 'Object Repository/PM/Huawei-vendor/Object-Type/TopX Object Types/TopX Sites/TopX East Amman CloseArrow' is clicked on

2024-07-24 17:36:11 - [MESSAGE][PASSED] - Object: 'Object Repository/PM/Huawei-vendor/Object-Type/TopX Object Types/TopX Sites/TopX West Amman Arrow' is clicked on

2024-07-24 17:36:13 - [MESSAGE][PASSED] - Object: 'Object Repository/PM/Huawei-vendor/Object-Type/TopX Object Types/TopX Sites/TopX West Amman site1' is clicked on

2024-07-24 17:36:13 - [MESSAGE][PASSED] - Object: 'Object Repository/PM/Huawei-vendor/Object-Type/TopX Object Types/TopX Sites/TopX West Amman CloseArrow' is clicked on

2024-07-24 17:36:13 - [MESSAGE][PASSED] - Object: 'Object Repository/PM/Huawei-vendor/Object-Type/TopX Object Types/TopX Sites/TopX North Jordan Arrow' is clicked on

2024-07-24 17:36:16 - [MESSAGE][PASSED] - Object: 'Object Repository/PM/Huawei-vendor/Object-Type/TopX Object Types/TopX Sites/TopX North Jordan site1' is clicked on

2024-07-24 17:36:16 - [MESSAGE][PASSED] - Object: 'Object Repository/PM/Huawei-vendor/Object-Type/TopX Object Types/TopX Sites/TopX North Jordan CloseArrow' is clicked on

2024-07-24 17:36:16 - [MESSAGE][PASSED] - Object: 'Object Repository/PM/Huawei-vendor/Object-Type/TopX Object Types/TopX Sites/TopX South Jordan Arrow' is clicked on

2024-07-24 17:36:17 - [MESSAGE][PASSED] - Object: 'Object Repository/PM/Huawei-vendor/Object-Type/TopX Object Types/TopX Sites/TopX South Jordan site1' is clicked on

2024-07-24 17:36:18 - [MESSAGE][PASSED] - Object: 'Object Repository/PM/Huawei-vendor/Object-Type/TopX Object Types/TopX Sites/TopX South Jordan CloseArrow' is clicked on

2024-07-24 17:36:18 - [MESSAGE][WARNING] - Timeout '0' is invalid. Using default page load timeout: '120'

2024-07-24 17:36:18 - [MESSAGE][PASSED] - Scroll to object 'Object Repository/PM/Huawei-vendor/LowXlabel' successfully

2024-07-24 17:36:18 - [MESSAGE][PASSED] - Object: 'Object Repository/PM/Huawei-vendor/TopX/TopXDate/BeforeDate' is clicked on

2024-07-24 17:36:19 - [MESSAGE][PASSED] - Delayed 1 second(s)

2024-07-24 17:36:19 - [MESSAGE][PASSED] - Object: 'Object Repository/PM/Huawei-vendor/End-date/BeforeArrow' is clicked on

2024-07-24 17:36:19 - [MESSAGE][PASSED] - Object: 'Object Repository/PM/Huawei-vendor/End-date/NextDate' is clicked on

2024-07-24 17:36:19 - [MESSAGE][PASSED] - Object: 'Object Repository/PM/Huawei-vendor/TopX/TopXDate/Button OK' is clicked on

2024-07-24 17:36:20 - [MESSAGE][PASSED] - Object: 'Object Repository/PM/Huawei-vendor/TopX/TopXDate/After Date' is clicked on

2024-07-24 17:36:21 - [MESSAGE][PASSED] - Delayed 1 second(s)

2024-07-24 17:36:21 - [MESSAGE][PASSED] - Object: 'Object Repository/PM/Huawei-vendor/StartDate/Curent date' is clicked on

2024-07-24 17:36:21 - [MESSAGE][PASSED] - Object: 'Object Repository/PM/Huawei-vendor/TopX/TopXDate/Button OK' is clicked on

2024-07-24 17:36:21 - [MESSAGE][PASSED] - Object: 'Object Repository/PM/Huawei-vendor/Apply-Button' is clicked on

2024-07-24 17:36:21 - [MESSAGE][WARNING] - Timeout '0' is invalid. Using default page load timeout: '120'

2024-07-24 17:36:21 - [MESSAGE][PASSED] - Web element with id: 'Object Repository/PM/Huawei-vendor/Error' located by 'By.xpath: //div[@class='toast-summary title-medium-m']' is not present after '120' second(s)

2024-07-24 17:36:22 - [MESSAGE][WARNING] - Timeout '0' is invalid. Using default page load timeout: '120'

2024-07-24 17:36:22 - [MESSAGE][PASSED] - Object 'Object Repository/PM/Huawei-vendor/Chart' is present

2024-07-24 17:36:22 - [MESSAGE][WARNING] - Timeout '0' is invalid. Using default page load timeout: '120'

2024-07-24 17:36:22 - [MESSAGE][PASSED] - Object 'Object Repository/PM/Huawei-vendor/TopX/TopX Export Chart' is present

2024-07-24 17:36:22 - [MESSAGE][WARNING] - Timeout '0' is invalid. Using default page load timeout: '120'

2024-07-24 17:36:22 - [MESSAGE][PASSED] - Object 'Object Repository/PM/Huawei-vendor/TopX/Table View' is present

2024-07-24 17:36:22 - [MESSAGE][PASSED] - Object: 'Object Repository/PM/Huawei-vendor/TopX/Table View' is clicked on

2024-07-24 17:36:23 - [MESSAGE][PASSED] - Object: 'Object Repository/PM/Huawei-vendor/TopX/Reordering the table view' is clicked on

2024-07-24 17:36:24 - [MESSAGE][PASSED] - Browser is closed

2024-07-24 17:36:24 - [MESSAGE][PASSED] - PMHwaueiTopX.TopX is PASSED]]></system-out>
         <system-err><![CDATA[]]></system-err>
      </testcase>
      <testcase name="Test Cases/PM/Hwauei/TopX/4G TopX/XSite/TopX 4G Site with LowX" time="37.753" classname="Test Cases/PM/Hwauei/TopX/4G TopX/XSite/TopX 4G Site with LowX" status="PASSED">
         <system-out><![CDATA[2024-07-24 17:36:24 - [TEST_CASE][PASSED] - Test Cases/PM/Hwauei/TopX/4G TopX/XSite/TopX 4G Site with LowX: Test Cases/PM/Hwauei/TopX/4G TopX/XSite/TopX 4G Site with LowX

2024-07-24 17:36:24 - [TEST_STEP][PASSED] - callTestCase(findTestCase("Login"), [:], STOP_ON_FAILURE): Call Test Case 'Test Cases/Login' successfully

2024-07-24 17:36:24 - [TEST_CASE][PASSED] - Test Cases/Login: Test Cases/Login

2024-07-24 17:36:24 - [TEST_STEP][PASSED] - driver = general.start(SwagerURL, NetCellURL): general.start is PASSED

2024-07-24 17:36:24 - [MESSAGE][INFO] - >>> chromeDriverPath=C:\Users\OdaiAbuKhadir\.katalon\packages\Katalon_Studio_Windows_64-8.6.9\Katalon_Studio_Windows_64-8.6.9\configuration\resources\drivers\chromedriver_win32\chromedriver.exe

2024-07-24 17:36:26 - [MESSAGE][PASSED] - Current window maximized

2024-07-24 17:36:27 - [MESSAGE][PASSED] - Execute JavaScript 'window.open();' successfully

2024-07-24 17:36:27 - [MESSAGE][PASSED] - Switched to window with index: '1'

2024-07-24 17:36:29 - [MESSAGE][PASSED] - general.start is PASSED

2024-07-24 17:36:29 - [TEST_STEP][PASSED] - click(findTestObject("Object Repository/Login/LoginButton")): Object: 'Object Repository/Login/LoginButton' is clicked on

2024-07-24 17:36:29 - [MESSAGE][PASSED] - Object: 'Object Repository/Login/LoginButton' is clicked on

2024-07-24 17:36:29 - [TEST_STEP][PASSED] - switchToWindowIndex(2): Switched to window with index: '2'

2024-07-24 17:36:30 - [MESSAGE][PASSED] - Switched to window with index: '2'

2024-07-24 17:36:30 - [TEST_STEP][PASSED] - delay(2): Delayed 2 second(s)

2024-07-24 17:36:32 - [MESSAGE][PASSED] - Delayed 2 second(s)

2024-07-24 17:36:32 - [TEST_STEP][PASSED] - sendKeys(findTestObject("Object Repository/Login/EnterEmail"), "homam@zztjg.onmicrosoft.com"): Keys 'homam@zztjg.onmicrosoft.com' sent to object: 'Object Repository/Login/EnterEmail'

2024-07-24 17:36:33 - [MESSAGE][PASSED] - Keys 'homam@zztjg.onmicrosoft.com' sent to object: 'Object Repository/Login/EnterEmail'

2024-07-24 17:36:33 - [TEST_STEP][PASSED] - delay(2): Delayed 2 second(s)

2024-07-24 17:36:35 - [MESSAGE][PASSED] - Delayed 2 second(s)

2024-07-24 17:36:35 - [TEST_STEP][PASSED] - click(findTestObject("Object Repository/Login/NextButton")): Object: 'Object Repository/Login/NextButton' is clicked on

2024-07-24 17:36:35 - [MESSAGE][PASSED] - Object: 'Object Repository/Login/NextButton' is clicked on

2024-07-24 17:36:35 - [TEST_STEP][PASSED] - delay(2): Delayed 2 second(s)

2024-07-24 17:36:37 - [MESSAGE][PASSED] - Delayed 2 second(s)

2024-07-24 17:36:37 - [TEST_STEP][PASSED] - sendKeys(findTestObject("Object Repository/Login/EnterPassword"), "Holder12345"): Keys 'Holder12345' sent to object: 'Object Repository/Login/EnterPassword'

2024-07-24 17:36:37 - [MESSAGE][PASSED] - Keys 'Holder12345' sent to object: 'Object Repository/Login/EnterPassword'

2024-07-24 17:36:37 - [TEST_STEP][PASSED] - delay(1): Delayed 1 second(s)

2024-07-24 17:36:38 - [MESSAGE][PASSED] - Delayed 1 second(s)

2024-07-24 17:36:38 - [TEST_STEP][PASSED] - click(findTestObject("Object Repository/Login/SigninButton")): Object: 'Object Repository/Login/SigninButton' is clicked on

2024-07-24 17:36:39 - [MESSAGE][PASSED] - Object: 'Object Repository/Login/SigninButton' is clicked on

2024-07-24 17:36:39 - [TEST_STEP][PASSED] - delay(1): Delayed 1 second(s)

2024-07-24 17:36:40 - [MESSAGE][PASSED] - Delayed 1 second(s)

2024-07-24 17:36:40 - [TEST_STEP][PASSED] - click(findTestObject("Object Repository/Login/YesStayInButton")): Object: 'Object Repository/Login/YesStayInButton' is clicked on

2024-07-24 17:36:41 - [MESSAGE][PASSED] - Object: 'Object Repository/Login/YesStayInButton' is clicked on

2024-07-24 17:36:41 - [MESSAGE][PASSED] - Call Test Case 'Test Cases/Login' successfully

2024-07-24 17:36:41 - [TEST_STEP][PASSED] - switchToWindowIndex(1): Switched to window with index: '1'

2024-07-24 17:36:41 - [MESSAGE][PASSED] - Switched to window with index: '1'

2024-07-24 17:36:41 - [TEST_STEP][PASSED] - PMHwaueiTopX.TopX("4G", "Site", false, "Hourly", true, null): PMHwaueiTopX.TopX is PASSED

2024-07-24 17:36:41 - [MESSAGE][PASSED] - Object: 'Object Repository/PM/PM-Button' is clicked on

2024-07-24 17:36:42 - [MESSAGE][PASSED] - Switched to window with index: '2'

2024-07-24 17:36:43 - [MESSAGE][PASSED] - Object: 'Object Repository/PM/Huawei-vendor/Data-view/TopX' is clicked on

2024-07-24 17:36:44 - [MESSAGE][PASSED] - Object: 'Object Repository/PM/Huawei-vendor/TopX/TopX Object Type' is clicked on

2024-07-24 17:36:45 - [MESSAGE][PASSED] - Delayed 1 second(s)

2024-07-24 17:36:45 - [MESSAGE][PASSED] - Object: 'Object Repository/PM/Huawei-vendor/Object-Type/TopX Object Types/TopX Sites/TopX Site' is clicked on

2024-07-24 17:36:46 - [MESSAGE][PASSED] - Delayed 1 second(s)

2024-07-24 17:36:46 - [MESSAGE][WARNING] - Timeout '0' is invalid. Using default page load timeout: '120'

2024-07-24 17:36:46 - [MESSAGE][PASSED] - Scroll to object 'Object Repository/PM/Huawei-vendor/Object Border' successfully

2024-07-24 17:36:46 - [MESSAGE][PASSED] - Object: 'Object Repository/PM/Huawei-vendor/Object-Type/TopX Object Types/TopX Sites/TopX East Amman Arrow' is clicked on

2024-07-24 17:36:48 - [MESSAGE][PASSED] - Object: 'Object Repository/PM/Huawei-vendor/Object-Type/TopX Object Types/TopX Sites/TopX East Amman site1' is clicked on

2024-07-24 17:36:49 - [MESSAGE][PASSED] - Object: 'Object Repository/PM/Huawei-vendor/Object-Type/TopX Object Types/TopX Sites/TopX East Amman CloseArrow' is clicked on

2024-07-24 17:36:49 - [MESSAGE][PASSED] - Object: 'Object Repository/PM/Huawei-vendor/Object-Type/TopX Object Types/TopX Sites/TopX West Amman Arrow' is clicked on

2024-07-24 17:36:50 - [MESSAGE][PASSED] - Object: 'Object Repository/PM/Huawei-vendor/Object-Type/TopX Object Types/TopX Sites/TopX West Amman site1' is clicked on

2024-07-24 17:36:51 - [MESSAGE][PASSED] - Object: 'Object Repository/PM/Huawei-vendor/Object-Type/TopX Object Types/TopX Sites/TopX West Amman CloseArrow' is clicked on

2024-07-24 17:36:51 - [MESSAGE][PASSED] - Object: 'Object Repository/PM/Huawei-vendor/Object-Type/TopX Object Types/TopX Sites/TopX North Jordan Arrow' is clicked on

2024-07-24 17:36:53 - [MESSAGE][PASSED] - Object: 'Object Repository/PM/Huawei-vendor/Object-Type/TopX Object Types/TopX Sites/TopX North Jordan site1' is clicked on

2024-07-24 17:36:53 - [MESSAGE][PASSED] - Object: 'Object Repository/PM/Huawei-vendor/Object-Type/TopX Object Types/TopX Sites/TopX North Jordan CloseArrow' is clicked on

2024-07-24 17:36:54 - [MESSAGE][PASSED] - Object: 'Object Repository/PM/Huawei-vendor/Object-Type/TopX Object Types/TopX Sites/TopX South Jordan Arrow' is clicked on

2024-07-24 17:36:55 - [MESSAGE][PASSED] - Object: 'Object Repository/PM/Huawei-vendor/Object-Type/TopX Object Types/TopX Sites/TopX South Jordan site1' is clicked on

2024-07-24 17:36:55 - [MESSAGE][PASSED] - Object: 'Object Repository/PM/Huawei-vendor/Object-Type/TopX Object Types/TopX Sites/TopX South Jordan CloseArrow' is clicked on

2024-07-24 17:36:55 - [MESSAGE][WARNING] - Timeout '0' is invalid. Using default page load timeout: '120'

2024-07-24 17:36:55 - [MESSAGE][PASSED] - Scroll to object 'Object Repository/PM/Huawei-vendor/LowXlabel' successfully

2024-07-24 17:36:55 - [MESSAGE][PASSED] - Object: 'Object Repository/PM/Huawei-vendor/TopX/TopXDate/BeforeDate' is clicked on

2024-07-24 17:36:56 - [MESSAGE][PASSED] - Delayed 1 second(s)

2024-07-24 17:36:57 - [MESSAGE][PASSED] - Object: 'Object Repository/PM/Huawei-vendor/End-date/BeforeArrow' is clicked on

2024-07-24 17:36:57 - [MESSAGE][PASSED] - Object: 'Object Repository/PM/Huawei-vendor/End-date/NextDate' is clicked on

2024-07-24 17:36:57 - [MESSAGE][PASSED] - Object: 'Object Repository/PM/Huawei-vendor/TopX/TopXDate/Button OK' is clicked on

2024-07-24 17:36:57 - [MESSAGE][PASSED] - Object: 'Object Repository/PM/Huawei-vendor/TopX/TopXDate/After Date' is clicked on

2024-07-24 17:36:58 - [MESSAGE][PASSED] - Delayed 1 second(s)

2024-07-24 17:36:58 - [MESSAGE][PASSED] - Object: 'Object Repository/PM/Huawei-vendor/StartDate/Curent date' is clicked on

2024-07-24 17:36:58 - [MESSAGE][PASSED] - Object: 'Object Repository/PM/Huawei-vendor/TopX/TopXDate/Button OK' is clicked on

2024-07-24 17:36:59 - [MESSAGE][PASSED] - Object: 'Object Repository/PM/Huawei-vendor/LowXCheckBox' is clicked on

2024-07-24 17:36:59 - [MESSAGE][PASSED] - Object: 'Object Repository/PM/Huawei-vendor/Apply-Button' is clicked on

2024-07-24 17:36:59 - [MESSAGE][WARNING] - Timeout '0' is invalid. Using default page load timeout: '120'

2024-07-24 17:36:59 - [MESSAGE][PASSED] - Web element with id: 'Object Repository/PM/Huawei-vendor/Error' located by 'By.xpath: //div[@class='toast-summary title-medium-m']' is not present after '120' second(s)

2024-07-24 17:36:59 - [MESSAGE][WARNING] - Timeout '0' is invalid. Using default page load timeout: '120'

2024-07-24 17:37:00 - [MESSAGE][PASSED] - Object 'Object Repository/PM/Huawei-vendor/Chart' is present

2024-07-24 17:37:00 - [MESSAGE][WARNING] - Timeout '0' is invalid. Using default page load timeout: '120'

2024-07-24 17:37:00 - [MESSAGE][PASSED] - Object 'Object Repository/PM/Huawei-vendor/TopX/TopX Export Chart' is present

2024-07-24 17:37:00 - [MESSAGE][WARNING] - Timeout '0' is invalid. Using default page load timeout: '120'

2024-07-24 17:37:00 - [MESSAGE][PASSED] - Object 'Object Repository/PM/Huawei-vendor/TopX/Table View' is present

2024-07-24 17:37:00 - [MESSAGE][PASSED] - Object: 'Object Repository/PM/Huawei-vendor/TopX/Table View' is clicked on

2024-07-24 17:37:01 - [MESSAGE][PASSED] - Object: 'Object Repository/PM/Huawei-vendor/TopX/Reordering the table view' is clicked on

2024-07-24 17:37:02 - [MESSAGE][PASSED] - Browser is closed

2024-07-24 17:37:02 - [MESSAGE][PASSED] - PMHwaueiTopX.TopX is PASSED]]></system-out>
         <system-err><![CDATA[]]></system-err>
      </testcase>
      <system-out><![CDATA[2024-07-24 17:29:52 - [TEST_SUITE][PASSED] - Regression: Test Cases/PM/Hwauei/TopX/4G TopX/XSite/TopX 4G Site with LowX]]></system-out>
      <system-err><![CDATA[]]></system-err>
   </testsuite>
</testsuites>
