<?xml version="1.0" encoding="UTF-8"?>
<testsuites name="Regression Stats 4g" time="1879.436" tests="23" failures="7" errors="1">
   <testsuite name="Regression Stats 4g" tests="23" failures="7" errors="1" time="1879.436" skipped="0" timestamp="2024-07-31 11:29:26" hostname="LP-Support - LP-New-2" id="Test Suites/PM/Hwauei/Stats/Regression Stats 4g">
      <properties>
         <property name="deviceName" value=""/>
         <property name="devicePlatform" value=""/>
         <property name="logFolder" value="C:\\Users\\LP-Support\\git\\NetCell\\Reports\\20240731_112922\\PM\\Hwauei\\Stats\\Regression Stats 4g\\20240731_112922"/>
         <property name="logFiles" value="C:\\Users\\LP-Support\\git\\NetCell\\Reports\\20240731_112922\\PM\\Hwauei\\Stats\\Regression Stats 4g\\20240731_112922\\execution0.log"/>
         <property name="attachments" value="C:\\Users\\LP-Support\\git\\NetCell\\Reports\\20240731_112922\\PM\\Hwauei\\Stats\\Regression Stats 4g\\20240731_112922\\1722414882114.png, C:\\Users\\LP-Support\\git\\NetCell\\Reports\\20240731_112922\\PM\\Hwauei\\Stats\\Regression Stats 4g\\20240731_112922\\1722415031755.png, C:\\Users\\LP-Support\\git\\NetCell\\Reports\\20240731_112922\\PM\\Hwauei\\Stats\\Regression Stats 4g\\20240731_112922\\1722415296073.png, C:\\Users\\LP-Support\\git\\NetCell\\Reports\\20240731_112922\\PM\\Hwauei\\Stats\\Regression Stats 4g\\20240731_112922\\1722415296239.png, C:\\Users\\LP-Support\\git\\NetCell\\Reports\\20240731_112922\\PM\\Hwauei\\Stats\\Regression Stats 4g\\20240731_112922\\1722415453513.png, C:\\Users\\LP-Support\\git\\NetCell\\Reports\\20240731_112922\\PM\\Hwauei\\Stats\\Regression Stats 4g\\20240731_112922\\1722415453666.png, C:\\Users\\LP-Support\\git\\NetCell\\Reports\\20240731_112922\\PM\\Hwauei\\Stats\\Regression Stats 4g\\20240731_112922\\1722415608003.png, C:\\Users\\LP-Support\\git\\NetCell\\Reports\\20240731_112922\\PM\\Hwauei\\Stats\\Regression Stats 4g\\20240731_112922\\1722415608218.png, C:\\Users\\LP-Support\\git\\NetCell\\Reports\\20240731_112922\\PM\\Hwauei\\Stats\\Regression Stats 4g\\20240731_112922\\1722415823513.png, C:\\Users\\LP-Support\\git\\NetCell\\Reports\\20240731_112922\\PM\\Hwauei\\Stats\\Regression Stats 4g\\20240731_112922\\1722415823658.png, C:\\Users\\LP-Support\\git\\NetCell\\Reports\\20240731_112922\\PM\\Hwauei\\Stats\\Regression Stats 4g\\20240731_112922\\1722416445207.png, C:\\Users\\LP-Support\\git\\NetCell\\Reports\\20240731_112922\\PM\\Hwauei\\Stats\\Regression Stats 4g\\20240731_112922\\1722416445440.png"/>
         <property name="hostName" value="LP-Support - LP-New-2"/>
         <property name="os" value="Windows 11 64bit"/>
         <property name="katalonVersion" value="8.6.9.208"/>
         <property name="browser" value="Chrome 127.0.0.0"/>
         <property name="hostAddress" value="192.168.8.195"/>
         <property name="sessionId" value="b4e2ac41f1c56e3a1081d380d3a9ae60"/>
         <property name="seleniumVersion" value="3.141.59"/>
         <property name="proxyInformation" value="ProxyInformation { proxyOption=NO_PROXY, proxyServerType=HTTP, username=, password=********, proxyServerAddress=, proxyServerPort=0, executionList=&quot;&quot;, isApplyToDesiredCapabilities=true }"/>
         <property name="platform" value="Windows 11"/>
      </properties>
      <testcase name="Test Cases/PM/Hwauei/Stats/4G/PLMN/PLMN" time="51.724" classname="Test Cases/PM/Hwauei/Stats/4G/PLMN/PLMN" status="PASSED">
         <system-out><![CDATA[2024-07-31 11:29:26 - [TEST_CASE][PASSED] - Test Cases/PM/Hwauei/Stats/4G/PLMN/PLMN: Test Cases/PM/Hwauei/Stats/4G/PLMN/PLMN

2024-07-31 11:29:27 - [TEST_STEP][PASSED] - callTestCase(findTestCase("Login"), [:], STOP_ON_FAILURE): Call Test Case 'Test Cases/Login' successfully

2024-07-31 11:29:27 - [TEST_CASE][PASSED] - Test Cases/Login: Test Cases/Login

2024-07-31 11:29:27 - [TEST_STEP][PASSED] - driver = general.start(SwagerURL, NetCellURL): general.start is PASSED

2024-07-31 11:29:28 - [MESSAGE][INFO] - >>> chromeDriverPath=C:\Users\LP-Support\.katalon\packages\Katalon_Studio_Windows_64-8.6.9\Katalon_Studio_Windows_64-8.6.9\configuration\resources\drivers\chromedriver_win32\chromedriver.exe

2024-07-31 11:29:33 - [MESSAGE][PASSED] - Current window maximized

2024-07-31 11:29:33 - [MESSAGE][PASSED] - Execute JavaScript 'window.open();' successfully

2024-07-31 11:29:34 - [MESSAGE][PASSED] - Switched to window with index: '1'

2024-07-31 11:29:36 - [MESSAGE][PASSED] - general.start is PASSED

2024-07-31 11:29:36 - [TEST_STEP][PASSED] - click(findTestObject("Object Repository/Login/LoginButton")): Object: 'Object Repository/Login/LoginButton' is clicked on

2024-07-31 11:29:36 - [MESSAGE][PASSED] - Object: 'Object Repository/Login/LoginButton' is clicked on

2024-07-31 11:29:36 - [TEST_STEP][PASSED] - switchToWindowIndex(2): Switched to window with index: '2'

2024-07-31 11:29:37 - [MESSAGE][PASSED] - Switched to window with index: '2'

2024-07-31 11:29:37 - [TEST_STEP][PASSED] - delay(1): Delayed 1 second(s)

2024-07-31 11:29:38 - [MESSAGE][PASSED] - Delayed 1 second(s)

2024-07-31 11:29:38 - [TEST_STEP][PASSED] - sendKeys(findTestObject("Object Repository/Login/EnterEmail"), "homam@zztjg.onmicrosoft.com"): Keys 'homam@zztjg.onmicrosoft.com' sent to object: 'Object Repository/Login/EnterEmail'

2024-07-31 11:29:40 - [MESSAGE][PASSED] - Keys 'homam@zztjg.onmicrosoft.com' sent to object: 'Object Repository/Login/EnterEmail'

2024-07-31 11:29:40 - [TEST_STEP][PASSED] - delay(1): Delayed 1 second(s)

2024-07-31 11:29:41 - [MESSAGE][PASSED] - Delayed 1 second(s)

2024-07-31 11:29:41 - [TEST_STEP][PASSED] - click(findTestObject("Object Repository/Login/NextButton")): Object: 'Object Repository/Login/NextButton' is clicked on

2024-07-31 11:29:42 - [MESSAGE][PASSED] - Object: 'Object Repository/Login/NextButton' is clicked on

2024-07-31 11:29:42 - [TEST_STEP][PASSED] - delay(2): Delayed 2 second(s)

2024-07-31 11:29:44 - [MESSAGE][PASSED] - Delayed 2 second(s)

2024-07-31 11:29:44 - [TEST_STEP][PASSED] - sendKeys(findTestObject("Object Repository/Login/EnterPassword"), "Holder12345"): Keys 'Holder12345' sent to object: 'Object Repository/Login/EnterPassword'

2024-07-31 11:29:44 - [MESSAGE][PASSED] - Keys 'Holder12345' sent to object: 'Object Repository/Login/EnterPassword'

2024-07-31 11:29:44 - [TEST_STEP][PASSED] - delay(1): Delayed 1 second(s)

2024-07-31 11:29:45 - [MESSAGE][PASSED] - Delayed 1 second(s)

2024-07-31 11:29:45 - [TEST_STEP][PASSED] - click(findTestObject("Object Repository/Login/SigninButton")): Object: 'Object Repository/Login/SigninButton' is clicked on

2024-07-31 11:29:45 - [MESSAGE][PASSED] - Object: 'Object Repository/Login/SigninButton' is clicked on

2024-07-31 11:29:45 - [TEST_STEP][PASSED] - delay(1): Delayed 1 second(s)

2024-07-31 11:29:46 - [MESSAGE][PASSED] - Delayed 1 second(s)

2024-07-31 11:29:46 - [TEST_STEP][PASSED] - click(findTestObject("Object Repository/Login/YesStayInButton")): Object: 'Object Repository/Login/YesStayInButton' is clicked on

2024-07-31 11:29:47 - [MESSAGE][PASSED] - Object: 'Object Repository/Login/YesStayInButton' is clicked on

2024-07-31 11:29:47 - [MESSAGE][PASSED] - Call Test Case 'Test Cases/Login' successfully

2024-07-31 11:29:47 - [TEST_STEP][PASSED] - switchToWindowIndex(1): Switched to window with index: '1'

2024-07-31 11:29:48 - [MESSAGE][PASSED] - Switched to window with index: '1'

2024-07-31 11:29:48 - [TEST_STEP][PASSED] - PMHwaueiStats.Stats("4G", "PLMN", false, "Hourly"): PMHwaueiStats.Stats is PASSED

2024-07-31 11:29:49 - [MESSAGE][PASSED] - Object: 'Object Repository/PM/PM-Button' is clicked on

2024-07-31 11:29:50 - [MESSAGE][PASSED] - Switched to window with index: '2'

2024-07-31 11:29:54 - [MESSAGE][PASSED] - Object: 'Object Repository/PM/Huawei-vendor/TopX/TopX Object Type' is clicked on

2024-07-31 11:29:55 - [MESSAGE][PASSED] - Delayed 1 second(s)

2024-07-31 11:29:55 - [MESSAGE][PASSED] - Object: 'Object Repository/PM/Huawei-vendor/Object-Type/TopX Object Types/TopX PLMNs/TopX PLMN' is clicked on

2024-07-31 11:29:56 - [MESSAGE][PASSED] - Delayed 1 second(s)

2024-07-31 11:29:57 - [MESSAGE][PASSED] - Object: 'Object Repository/PM/Huawei-vendor/Object-Type/TopX Object Types/TopX PLMNs/TopX PLMN checkbox' is clicked on

2024-07-31 11:29:57 - [MESSAGE][WARNING] - Timeout '0' is invalid. Using default page load timeout: '120'

2024-07-31 11:29:57 - [MESSAGE][PASSED] - Scroll to object 'Object Repository/PM/Huawei-vendor/Include-last-hour' successfully

2024-07-31 11:29:57 - [MESSAGE][PASSED] - Object: 'Object Repository/PM/Huawei-vendor/StartDate/StartDate-Button' is clicked on

2024-07-31 11:29:58 - [MESSAGE][PASSED] - Delayed 1 second(s)

2024-07-31 11:29:59 - [MESSAGE][PASSED] - Object: 'Object Repository/PM/Huawei-vendor/StartDate/Monthly-Selection' is clicked on

2024-07-31 11:29:59 - [MESSAGE][PASSED] - Object: 'Object Repository/PM/Huawei-vendor/StartDate/May-Selection' is clicked on

2024-07-31 11:29:59 - [MESSAGE][PASSED] - Object: 'Object Repository/PM/Huawei-vendor/StartDate/1-May' is clicked on

2024-07-31 11:29:59 - [MESSAGE][PASSED] - Object: 'Object Repository/PM/Huawei-vendor/End-date/End-Time-Button' is clicked on

2024-07-31 11:30:00 - [MESSAGE][PASSED] - Delayed 1 second(s)

2024-07-31 11:30:01 - [MESSAGE][PASSED] - Object: 'Object Repository/PM/Huawei-vendor/End-date/Monthly-Selection' is clicked on

2024-07-31 11:30:01 - [MESSAGE][PASSED] - Object: 'Object Repository/PM/Huawei-vendor/End-date/May-Selection' is clicked on

2024-07-31 11:30:01 - [MESSAGE][PASSED] - Object: 'Object Repository/PM/Huawei-vendor/End-date/30-May' is clicked on

2024-07-31 11:30:01 - [MESSAGE][WARNING] - Timeout '0' is invalid. Using default page load timeout: '120'

2024-07-31 11:30:02 - [MESSAGE][PASSED] - Scroll to object 'Object Repository/PM/Huawei-vendor/KPIs/HO-kpi-checkbox' successfully

2024-07-31 11:30:03 - [MESSAGE][PASSED] - Delayed 1 second(s)

2024-07-31 11:30:03 - [MESSAGE][PASSED] - Object: 'Object Repository/PM/Huawei-vendor/KPIs/OMAR-KPI' is clicked on

2024-07-31 11:30:03 - [MESSAGE][PASSED] - Object: 'Object Repository/PM/Huawei-vendor/Apply-Button' is clicked on

2024-07-31 11:30:03 - [MESSAGE][WARNING] - Timeout '0' is invalid. Using default page load timeout: '120'

2024-07-31 11:30:03 - [MESSAGE][PASSED] - Web element with id: 'Object Repository/PM/Huawei-vendor/Error' located by 'By.xpath: //div[@class='toast-summary title-medium-m']' is not present after '120' second(s)

2024-07-31 11:30:03 - [MESSAGE][WARNING] - Timeout '0' is invalid. Using default page load timeout: '120'

2024-07-31 11:30:17 - [MESSAGE][PASSED] - Object 'Object Repository/PM/Huawei-vendor/Export-Result' is present

2024-07-31 11:30:18 - [MESSAGE][PASSED] - Browser is closed

2024-07-31 11:30:18 - [MESSAGE][PASSED] - PMHwaueiStats.Stats is PASSED]]></system-out>
         <system-err><![CDATA[]]></system-err>
      </testcase>
      <testcase name="Test Cases/PM/Hwauei/Stats/4G/Region-Folder/Region" time="60.835" classname="Test Cases/PM/Hwauei/Stats/4G/Region-Folder/Region" status="PASSED">
         <system-out><![CDATA[2024-07-31 11:30:18 - [TEST_CASE][PASSED] - Test Cases/PM/Hwauei/Stats/4G/Region-Folder/Region: Test Cases/PM/Hwauei/Stats/4G/Region-Folder/Region

2024-07-31 11:30:18 - [TEST_STEP][PASSED] - callTestCase(findTestCase("Login"), [:], STOP_ON_FAILURE): Call Test Case 'Test Cases/Login' successfully

2024-07-31 11:30:18 - [TEST_CASE][PASSED] - Test Cases/Login: Test Cases/Login

2024-07-31 11:30:18 - [TEST_STEP][PASSED] - driver = general.start(SwagerURL, NetCellURL): general.start is PASSED

2024-07-31 11:30:18 - [MESSAGE][INFO] - >>> chromeDriverPath=C:\Users\LP-Support\.katalon\packages\Katalon_Studio_Windows_64-8.6.9\Katalon_Studio_Windows_64-8.6.9\configuration\resources\drivers\chromedriver_win32\chromedriver.exe

2024-07-31 11:30:20 - [MESSAGE][PASSED] - Current window maximized

2024-07-31 11:30:22 - [MESSAGE][PASSED] - Execute JavaScript 'window.open();' successfully

2024-07-31 11:30:22 - [MESSAGE][PASSED] - Switched to window with index: '1'

2024-07-31 11:30:24 - [MESSAGE][PASSED] - general.start is PASSED

2024-07-31 11:30:24 - [TEST_STEP][PASSED] - click(findTestObject("Object Repository/Login/LoginButton")): Object: 'Object Repository/Login/LoginButton' is clicked on

2024-07-31 11:30:25 - [MESSAGE][PASSED] - Object: 'Object Repository/Login/LoginButton' is clicked on

2024-07-31 11:30:25 - [TEST_STEP][PASSED] - switchToWindowIndex(2): Switched to window with index: '2'

2024-07-31 11:30:26 - [MESSAGE][PASSED] - Switched to window with index: '2'

2024-07-31 11:30:26 - [TEST_STEP][PASSED] - delay(1): Delayed 1 second(s)

2024-07-31 11:30:27 - [MESSAGE][PASSED] - Delayed 1 second(s)

2024-07-31 11:30:27 - [TEST_STEP][PASSED] - sendKeys(findTestObject("Object Repository/Login/EnterEmail"), "homam@zztjg.onmicrosoft.com"): Keys 'homam@zztjg.onmicrosoft.com' sent to object: 'Object Repository/Login/EnterEmail'

2024-07-31 11:30:28 - [MESSAGE][PASSED] - Keys 'homam@zztjg.onmicrosoft.com' sent to object: 'Object Repository/Login/EnterEmail'

2024-07-31 11:30:28 - [TEST_STEP][PASSED] - delay(1): Delayed 1 second(s)

2024-07-31 11:30:29 - [MESSAGE][PASSED] - Delayed 1 second(s)

2024-07-31 11:30:29 - [TEST_STEP][PASSED] - click(findTestObject("Object Repository/Login/NextButton")): Object: 'Object Repository/Login/NextButton' is clicked on

2024-07-31 11:30:30 - [MESSAGE][PASSED] - Object: 'Object Repository/Login/NextButton' is clicked on

2024-07-31 11:30:30 - [TEST_STEP][PASSED] - delay(2): Delayed 2 second(s)

2024-07-31 11:30:32 - [MESSAGE][PASSED] - Delayed 2 second(s)

2024-07-31 11:30:32 - [TEST_STEP][PASSED] - sendKeys(findTestObject("Object Repository/Login/EnterPassword"), "Holder12345"): Keys 'Holder12345' sent to object: 'Object Repository/Login/EnterPassword'

2024-07-31 11:30:32 - [MESSAGE][PASSED] - Keys 'Holder12345' sent to object: 'Object Repository/Login/EnterPassword'

2024-07-31 11:30:32 - [TEST_STEP][PASSED] - delay(1): Delayed 1 second(s)

2024-07-31 11:30:33 - [MESSAGE][PASSED] - Delayed 1 second(s)

2024-07-31 11:30:33 - [TEST_STEP][PASSED] - click(findTestObject("Object Repository/Login/SigninButton")): Object: 'Object Repository/Login/SigninButton' is clicked on

2024-07-31 11:30:33 - [MESSAGE][PASSED] - Object: 'Object Repository/Login/SigninButton' is clicked on

2024-07-31 11:30:33 - [TEST_STEP][PASSED] - delay(1): Delayed 1 second(s)

2024-07-31 11:30:34 - [MESSAGE][PASSED] - Delayed 1 second(s)

2024-07-31 11:30:34 - [TEST_STEP][PASSED] - click(findTestObject("Object Repository/Login/YesStayInButton")): Object: 'Object Repository/Login/YesStayInButton' is clicked on

2024-07-31 11:30:35 - [MESSAGE][PASSED] - Object: 'Object Repository/Login/YesStayInButton' is clicked on

2024-07-31 11:30:35 - [MESSAGE][PASSED] - Call Test Case 'Test Cases/Login' successfully

2024-07-31 11:30:35 - [TEST_STEP][PASSED] - switchToWindowIndex(1): Switched to window with index: '1'

2024-07-31 11:30:35 - [MESSAGE][PASSED] - Switched to window with index: '1'

2024-07-31 11:30:35 - [TEST_STEP][PASSED] - PMHwaueiStats.Stats("4G", "Region", false, "Hourly"): PMHwaueiStats.Stats is PASSED

2024-07-31 11:30:36 - [MESSAGE][PASSED] - Object: 'Object Repository/PM/PM-Button' is clicked on

2024-07-31 11:30:36 - [MESSAGE][PASSED] - Switched to window with index: '2'

2024-07-31 11:30:41 - [MESSAGE][PASSED] - Object: 'Object Repository/PM/Huawei-vendor/TopX/TopX Object Type' is clicked on

2024-07-31 11:30:42 - [MESSAGE][PASSED] - Delayed 1 second(s)

2024-07-31 11:30:43 - [MESSAGE][PASSED] - Object: 'Object Repository/PM/Huawei-vendor/Object-Type/TopX Object Types/TopX Regions/TopX Region' is clicked on

2024-07-31 11:30:44 - [MESSAGE][PASSED] - Delayed 1 second(s)

2024-07-31 11:30:44 - [MESSAGE][WARNING] - Timeout '0' is invalid. Using default page load timeout: '120'

2024-07-31 11:30:44 - [MESSAGE][PASSED] - Scroll to object 'Object Repository/PM/Huawei-vendor/Object Border' successfully

2024-07-31 11:30:44 - [MESSAGE][PASSED] - Object: 'Object Repository/PM/Huawei-vendor/Object-Type/TopX Object Types/TopX Regions/TopX Region East Amman' is clicked on

2024-07-31 11:30:45 - [MESSAGE][PASSED] - Object: 'Object Repository/PM/Huawei-vendor/Object-Type/TopX Object Types/TopX Regions/TopX Region West Amman' is clicked on

2024-07-31 11:30:45 - [MESSAGE][PASSED] - Object: 'Object Repository/PM/Huawei-vendor/Object-Type/TopX Object Types/TopX Regions/TopX Region South Jordan' is clicked on

2024-07-31 11:30:45 - [MESSAGE][PASSED] - Object: 'Object Repository/PM/Huawei-vendor/Object-Type/TopX Object Types/TopX Regions/TopX Region North Jordan' is clicked on

2024-07-31 11:30:45 - [MESSAGE][WARNING] - Timeout '0' is invalid. Using default page load timeout: '120'

2024-07-31 11:30:45 - [MESSAGE][PASSED] - Scroll to object 'Object Repository/PM/Huawei-vendor/Include-last-hour' successfully

2024-07-31 11:30:45 - [MESSAGE][PASSED] - Object: 'Object Repository/PM/Huawei-vendor/StartDate/StartDate-Button' is clicked on

2024-07-31 11:30:46 - [MESSAGE][PASSED] - Delayed 1 second(s)

2024-07-31 11:30:47 - [MESSAGE][PASSED] - Object: 'Object Repository/PM/Huawei-vendor/StartDate/Monthly-Selection' is clicked on

2024-07-31 11:30:47 - [MESSAGE][PASSED] - Object: 'Object Repository/PM/Huawei-vendor/StartDate/May-Selection' is clicked on

2024-07-31 11:30:48 - [MESSAGE][PASSED] - Object: 'Object Repository/PM/Huawei-vendor/StartDate/1-May' is clicked on

2024-07-31 11:30:48 - [MESSAGE][PASSED] - Object: 'Object Repository/PM/Huawei-vendor/End-date/End-Time-Button' is clicked on

2024-07-31 11:30:49 - [MESSAGE][PASSED] - Delayed 1 second(s)

2024-07-31 11:30:49 - [MESSAGE][PASSED] - Object: 'Object Repository/PM/Huawei-vendor/End-date/Monthly-Selection' is clicked on

2024-07-31 11:30:49 - [MESSAGE][PASSED] - Object: 'Object Repository/PM/Huawei-vendor/End-date/May-Selection' is clicked on

2024-07-31 11:30:49 - [MESSAGE][PASSED] - Object: 'Object Repository/PM/Huawei-vendor/End-date/30-May' is clicked on

2024-07-31 11:30:49 - [MESSAGE][WARNING] - Timeout '0' is invalid. Using default page load timeout: '120'

2024-07-31 11:30:50 - [MESSAGE][PASSED] - Scroll to object 'Object Repository/PM/Huawei-vendor/KPIs/HO-kpi-checkbox' successfully

2024-07-31 11:30:51 - [MESSAGE][PASSED] - Delayed 1 second(s)

2024-07-31 11:30:51 - [MESSAGE][PASSED] - Object: 'Object Repository/PM/Huawei-vendor/KPIs/OMAR-KPI' is clicked on

2024-07-31 11:30:51 - [MESSAGE][PASSED] - Object: 'Object Repository/PM/Huawei-vendor/Apply-Button' is clicked on

2024-07-31 11:30:51 - [MESSAGE][WARNING] - Timeout '0' is invalid. Using default page load timeout: '120'

2024-07-31 11:30:51 - [MESSAGE][PASSED] - Web element with id: 'Object Repository/PM/Huawei-vendor/Error' located by 'By.xpath: //div[@class='toast-summary title-medium-m']' is not present after '120' second(s)

2024-07-31 11:30:51 - [MESSAGE][WARNING] - Timeout '0' is invalid. Using default page load timeout: '120'

2024-07-31 11:31:18 - [MESSAGE][PASSED] - Object 'Object Repository/PM/Huawei-vendor/Export-Result' is present

2024-07-31 11:31:19 - [MESSAGE][PASSED] - Browser is closed

2024-07-31 11:31:19 - [MESSAGE][PASSED] - PMHwaueiStats.Stats is PASSED]]></system-out>
         <system-err><![CDATA[]]></system-err>
      </testcase>
      <testcase name="Test Cases/PM/Hwauei/Stats/4G/Region-Folder/Region-Aggregation" time="56.136" classname="Test Cases/PM/Hwauei/Stats/4G/Region-Folder/Region-Aggregation" status="PASSED">
         <system-out><![CDATA[2024-07-31 11:31:19 - [TEST_CASE][PASSED] - Test Cases/PM/Hwauei/Stats/4G/Region-Folder/Region-Aggregation: Test Cases/PM/Hwauei/Stats/4G/Region-Folder/Region-Aggregation

2024-07-31 11:31:19 - [TEST_STEP][PASSED] - callTestCase(findTestCase("Login"), [:], STOP_ON_FAILURE): Call Test Case 'Test Cases/Login' successfully

2024-07-31 11:31:19 - [TEST_CASE][PASSED] - Test Cases/Login: Test Cases/Login

2024-07-31 11:31:19 - [TEST_STEP][PASSED] - driver = general.start(SwagerURL, NetCellURL): general.start is PASSED

2024-07-31 11:31:19 - [MESSAGE][INFO] - >>> chromeDriverPath=C:\Users\LP-Support\.katalon\packages\Katalon_Studio_Windows_64-8.6.9\Katalon_Studio_Windows_64-8.6.9\configuration\resources\drivers\chromedriver_win32\chromedriver.exe

2024-07-31 11:31:21 - [MESSAGE][PASSED] - Current window maximized

2024-07-31 11:31:21 - [MESSAGE][PASSED] - Execute JavaScript 'window.open();' successfully

2024-07-31 11:31:21 - [MESSAGE][PASSED] - Switched to window with index: '1'

2024-07-31 11:31:23 - [MESSAGE][PASSED] - general.start is PASSED

2024-07-31 11:31:23 - [TEST_STEP][PASSED] - click(findTestObject("Object Repository/Login/LoginButton")): Object: 'Object Repository/Login/LoginButton' is clicked on

2024-07-31 11:31:23 - [MESSAGE][PASSED] - Object: 'Object Repository/Login/LoginButton' is clicked on

2024-07-31 11:31:23 - [TEST_STEP][PASSED] - switchToWindowIndex(2): Switched to window with index: '2'

2024-07-31 11:31:24 - [MESSAGE][PASSED] - Switched to window with index: '2'

2024-07-31 11:31:24 - [TEST_STEP][PASSED] - delay(1): Delayed 1 second(s)

2024-07-31 11:31:25 - [MESSAGE][PASSED] - Delayed 1 second(s)

2024-07-31 11:31:25 - [TEST_STEP][PASSED] - sendKeys(findTestObject("Object Repository/Login/EnterEmail"), "homam@zztjg.onmicrosoft.com"): Keys 'homam@zztjg.onmicrosoft.com' sent to object: 'Object Repository/Login/EnterEmail'

2024-07-31 11:31:27 - [MESSAGE][PASSED] - Keys 'homam@zztjg.onmicrosoft.com' sent to object: 'Object Repository/Login/EnterEmail'

2024-07-31 11:31:27 - [TEST_STEP][PASSED] - delay(1): Delayed 1 second(s)

2024-07-31 11:31:28 - [MESSAGE][PASSED] - Delayed 1 second(s)

2024-07-31 11:31:28 - [TEST_STEP][PASSED] - click(findTestObject("Object Repository/Login/NextButton")): Object: 'Object Repository/Login/NextButton' is clicked on

2024-07-31 11:31:28 - [MESSAGE][PASSED] - Object: 'Object Repository/Login/NextButton' is clicked on

2024-07-31 11:31:28 - [TEST_STEP][PASSED] - delay(2): Delayed 2 second(s)

2024-07-31 11:31:30 - [MESSAGE][PASSED] - Delayed 2 second(s)

2024-07-31 11:31:30 - [TEST_STEP][PASSED] - sendKeys(findTestObject("Object Repository/Login/EnterPassword"), "Holder12345"): Keys 'Holder12345' sent to object: 'Object Repository/Login/EnterPassword'

2024-07-31 11:31:30 - [MESSAGE][PASSED] - Keys 'Holder12345' sent to object: 'Object Repository/Login/EnterPassword'

2024-07-31 11:31:30 - [TEST_STEP][PASSED] - delay(1): Delayed 1 second(s)

2024-07-31 11:31:31 - [MESSAGE][PASSED] - Delayed 1 second(s)

2024-07-31 11:31:31 - [TEST_STEP][PASSED] - click(findTestObject("Object Repository/Login/SigninButton")): Object: 'Object Repository/Login/SigninButton' is clicked on

2024-07-31 11:31:33 - [MESSAGE][PASSED] - Object: 'Object Repository/Login/SigninButton' is clicked on

2024-07-31 11:31:33 - [TEST_STEP][PASSED] - delay(1): Delayed 1 second(s)

2024-07-31 11:31:34 - [MESSAGE][PASSED] - Delayed 1 second(s)

2024-07-31 11:31:34 - [TEST_STEP][PASSED] - click(findTestObject("Object Repository/Login/YesStayInButton")): Object: 'Object Repository/Login/YesStayInButton' is clicked on

2024-07-31 11:31:35 - [MESSAGE][PASSED] - Object: 'Object Repository/Login/YesStayInButton' is clicked on

2024-07-31 11:31:35 - [MESSAGE][PASSED] - Call Test Case 'Test Cases/Login' successfully

2024-07-31 11:31:35 - [TEST_STEP][PASSED] - switchToWindowIndex(1): Switched to window with index: '1'

2024-07-31 11:31:35 - [MESSAGE][PASSED] - Switched to window with index: '1'

2024-07-31 11:31:35 - [TEST_STEP][PASSED] - PMHwaueiStats.Stats("4G", "Region", true, "Hourly"): PMHwaueiStats.Stats is PASSED

2024-07-31 11:31:36 - [MESSAGE][PASSED] - Object: 'Object Repository/PM/PM-Button' is clicked on

2024-07-31 11:31:36 - [MESSAGE][PASSED] - Switched to window with index: '2'

2024-07-31 11:31:37 - [MESSAGE][PASSED] - Object: 'Object Repository/PM/Huawei-vendor/TopX/TopX Object Type' is clicked on

2024-07-31 11:31:38 - [MESSAGE][PASSED] - Delayed 1 second(s)

2024-07-31 11:31:39 - [MESSAGE][PASSED] - Object: 'Object Repository/PM/Huawei-vendor/Object-Type/TopX Object Types/TopX Regions/TopX Region' is clicked on

2024-07-31 11:31:40 - [MESSAGE][PASSED] - Delayed 1 second(s)

2024-07-31 11:31:40 - [MESSAGE][WARNING] - Timeout '0' is invalid. Using default page load timeout: '120'

2024-07-31 11:31:40 - [MESSAGE][PASSED] - Scroll to object 'Object Repository/PM/Huawei-vendor/Object Border' successfully

2024-07-31 11:31:40 - [MESSAGE][PASSED] - Object: 'Object Repository/PM/Huawei-vendor/Object-Type/TopX Object Types/TopX Regions/TopX Region East Amman' is clicked on

2024-07-31 11:31:40 - [MESSAGE][PASSED] - Object: 'Object Repository/PM/Huawei-vendor/Object-Type/TopX Object Types/TopX Regions/TopX Region West Amman' is clicked on

2024-07-31 11:31:40 - [MESSAGE][PASSED] - Object: 'Object Repository/PM/Huawei-vendor/Object-Type/TopX Object Types/TopX Regions/TopX Region South Jordan' is clicked on

2024-07-31 11:31:41 - [MESSAGE][PASSED] - Object: 'Object Repository/PM/Huawei-vendor/Object-Type/TopX Object Types/TopX Regions/TopX Region North Jordan' is clicked on

2024-07-31 11:31:41 - [MESSAGE][PASSED] - Object: 'Object Repository/PM/Huawei-vendor/Object-Type/TopX Object Types/TopX Regions/TopX Region East Jordan' is clicked on

2024-07-31 11:31:41 - [MESSAGE][PASSED] - Object: 'Object Repository/PM/Huawei-vendor/Object-Type/TopX Object Types/TopX Regions/TopX Region Others' is clicked on

2024-07-31 11:31:41 - [MESSAGE][PASSED] - Object: 'Object Repository/PM/Huawei-vendor/Object-Type/TopX Object Types/TopX Regions/TopX Region South Amman' is clicked on

2024-07-31 11:31:42 - [MESSAGE][PASSED] - Object: 'Object Repository/PM/Huawei-vendor/Aggregation-CheckBox' is clicked on

2024-07-31 11:31:42 - [MESSAGE][WARNING] - Timeout '0' is invalid. Using default page load timeout: '120'

2024-07-31 11:31:42 - [MESSAGE][PASSED] - Scroll to object 'Object Repository/PM/Huawei-vendor/Include-last-hour' successfully

2024-07-31 11:31:42 - [MESSAGE][PASSED] - Object: 'Object Repository/PM/Huawei-vendor/StartDate/StartDate-Button' is clicked on

2024-07-31 11:31:43 - [MESSAGE][PASSED] - Delayed 1 second(s)

2024-07-31 11:31:44 - [MESSAGE][PASSED] - Object: 'Object Repository/PM/Huawei-vendor/StartDate/Monthly-Selection' is clicked on

2024-07-31 11:31:44 - [MESSAGE][PASSED] - Object: 'Object Repository/PM/Huawei-vendor/StartDate/May-Selection' is clicked on

2024-07-31 11:31:44 - [MESSAGE][PASSED] - Object: 'Object Repository/PM/Huawei-vendor/StartDate/1-May' is clicked on

2024-07-31 11:31:45 - [MESSAGE][PASSED] - Object: 'Object Repository/PM/Huawei-vendor/End-date/End-Time-Button' is clicked on

2024-07-31 11:31:46 - [MESSAGE][PASSED] - Delayed 1 second(s)

2024-07-31 11:31:46 - [MESSAGE][PASSED] - Object: 'Object Repository/PM/Huawei-vendor/End-date/Monthly-Selection' is clicked on

2024-07-31 11:31:46 - [MESSAGE][PASSED] - Object: 'Object Repository/PM/Huawei-vendor/End-date/May-Selection' is clicked on

2024-07-31 11:31:47 - [MESSAGE][PASSED] - Object: 'Object Repository/PM/Huawei-vendor/End-date/30-May' is clicked on

2024-07-31 11:31:47 - [MESSAGE][WARNING] - Timeout '0' is invalid. Using default page load timeout: '120'

2024-07-31 11:31:47 - [MESSAGE][PASSED] - Scroll to object 'Object Repository/PM/Huawei-vendor/KPIs/HO-kpi-checkbox' successfully

2024-07-31 11:31:48 - [MESSAGE][PASSED] - Delayed 1 second(s)

2024-07-31 11:31:48 - [MESSAGE][PASSED] - Object: 'Object Repository/PM/Huawei-vendor/KPIs/OMAR-KPI' is clicked on

2024-07-31 11:31:48 - [MESSAGE][PASSED] - Object: 'Object Repository/PM/Huawei-vendor/Apply-Button' is clicked on

2024-07-31 11:31:48 - [MESSAGE][WARNING] - Timeout '0' is invalid. Using default page load timeout: '120'

2024-07-31 11:31:48 - [MESSAGE][PASSED] - Web element with id: 'Object Repository/PM/Huawei-vendor/Error' located by 'By.xpath: //div[@class='toast-summary title-medium-m']' is not present after '120' second(s)

2024-07-31 11:31:49 - [MESSAGE][WARNING] - Timeout '0' is invalid. Using default page load timeout: '120'

2024-07-31 11:32:14 - [MESSAGE][PASSED] - Object 'Object Repository/PM/Huawei-vendor/Export-Result' is present

2024-07-31 11:32:15 - [MESSAGE][PASSED] - Browser is closed

2024-07-31 11:32:15 - [MESSAGE][PASSED] - PMHwaueiStats.Stats is PASSED]]></system-out>
         <system-err><![CDATA[]]></system-err>
      </testcase>
      <testcase name="Test Cases/PM/Hwauei/Stats/4G/Site/Site" time="67.962" classname="Test Cases/PM/Hwauei/Stats/4G/Site/Site" status="PASSED">
         <system-out><![CDATA[2024-07-31 11:32:15 - [TEST_CASE][PASSED] - Test Cases/PM/Hwauei/Stats/4G/Site/Site: Test Cases/PM/Hwauei/Stats/4G/Site/Site

2024-07-31 11:32:15 - [TEST_STEP][PASSED] - callTestCase(findTestCase("Login"), [:], STOP_ON_FAILURE): Call Test Case 'Test Cases/Login' successfully

2024-07-31 11:32:15 - [TEST_CASE][PASSED] - Test Cases/Login: Test Cases/Login

2024-07-31 11:32:15 - [TEST_STEP][PASSED] - driver = general.start(SwagerURL, NetCellURL): general.start is PASSED

2024-07-31 11:32:15 - [MESSAGE][INFO] - >>> chromeDriverPath=C:\Users\LP-Support\.katalon\packages\Katalon_Studio_Windows_64-8.6.9\Katalon_Studio_Windows_64-8.6.9\configuration\resources\drivers\chromedriver_win32\chromedriver.exe

2024-07-31 11:32:17 - [MESSAGE][PASSED] - Current window maximized

2024-07-31 11:32:17 - [MESSAGE][PASSED] - Execute JavaScript 'window.open();' successfully

2024-07-31 11:32:17 - [MESSAGE][PASSED] - Switched to window with index: '1'

2024-07-31 11:32:18 - [MESSAGE][PASSED] - general.start is PASSED

2024-07-31 11:32:18 - [TEST_STEP][PASSED] - click(findTestObject("Object Repository/Login/LoginButton")): Object: 'Object Repository/Login/LoginButton' is clicked on

2024-07-31 11:32:19 - [MESSAGE][PASSED] - Object: 'Object Repository/Login/LoginButton' is clicked on

2024-07-31 11:32:19 - [TEST_STEP][PASSED] - switchToWindowIndex(2): Switched to window with index: '2'

2024-07-31 11:32:19 - [MESSAGE][PASSED] - Switched to window with index: '2'

2024-07-31 11:32:19 - [TEST_STEP][PASSED] - delay(1): Delayed 1 second(s)

2024-07-31 11:32:20 - [MESSAGE][PASSED] - Delayed 1 second(s)

2024-07-31 11:32:20 - [TEST_STEP][PASSED] - sendKeys(findTestObject("Object Repository/Login/EnterEmail"), "homam@zztjg.onmicrosoft.com"): Keys 'homam@zztjg.onmicrosoft.com' sent to object: 'Object Repository/Login/EnterEmail'

2024-07-31 11:32:22 - [MESSAGE][PASSED] - Keys 'homam@zztjg.onmicrosoft.com' sent to object: 'Object Repository/Login/EnterEmail'

2024-07-31 11:32:22 - [TEST_STEP][PASSED] - delay(1): Delayed 1 second(s)

2024-07-31 11:32:23 - [MESSAGE][PASSED] - Delayed 1 second(s)

2024-07-31 11:32:23 - [TEST_STEP][PASSED] - click(findTestObject("Object Repository/Login/NextButton")): Object: 'Object Repository/Login/NextButton' is clicked on

2024-07-31 11:32:23 - [MESSAGE][PASSED] - Object: 'Object Repository/Login/NextButton' is clicked on

2024-07-31 11:32:23 - [TEST_STEP][PASSED] - delay(2): Delayed 2 second(s)

2024-07-31 11:32:25 - [MESSAGE][PASSED] - Delayed 2 second(s)

2024-07-31 11:32:25 - [TEST_STEP][PASSED] - sendKeys(findTestObject("Object Repository/Login/EnterPassword"), "Holder12345"): Keys 'Holder12345' sent to object: 'Object Repository/Login/EnterPassword'

2024-07-31 11:32:25 - [MESSAGE][PASSED] - Keys 'Holder12345' sent to object: 'Object Repository/Login/EnterPassword'

2024-07-31 11:32:25 - [TEST_STEP][PASSED] - delay(1): Delayed 1 second(s)

2024-07-31 11:32:26 - [MESSAGE][PASSED] - Delayed 1 second(s)

2024-07-31 11:32:26 - [TEST_STEP][PASSED] - click(findTestObject("Object Repository/Login/SigninButton")): Object: 'Object Repository/Login/SigninButton' is clicked on

2024-07-31 11:32:27 - [MESSAGE][PASSED] - Object: 'Object Repository/Login/SigninButton' is clicked on

2024-07-31 11:32:27 - [TEST_STEP][PASSED] - delay(1): Delayed 1 second(s)

2024-07-31 11:32:28 - [MESSAGE][PASSED] - Delayed 1 second(s)

2024-07-31 11:32:28 - [TEST_STEP][PASSED] - click(findTestObject("Object Repository/Login/YesStayInButton")): Object: 'Object Repository/Login/YesStayInButton' is clicked on

2024-07-31 11:32:28 - [MESSAGE][PASSED] - Object: 'Object Repository/Login/YesStayInButton' is clicked on

2024-07-31 11:32:28 - [MESSAGE][PASSED] - Call Test Case 'Test Cases/Login' successfully

2024-07-31 11:32:28 - [TEST_STEP][PASSED] - switchToWindowIndex(1): Switched to window with index: '1'

2024-07-31 11:32:29 - [MESSAGE][PASSED] - Switched to window with index: '1'

2024-07-31 11:32:29 - [TEST_STEP][PASSED] - PMHwaueiStats.Stats("4G", "Site", false, "Hourly"): PMHwaueiStats.Stats is PASSED

2024-07-31 11:32:29 - [MESSAGE][PASSED] - Object: 'Object Repository/PM/PM-Button' is clicked on

2024-07-31 11:32:29 - [MESSAGE][PASSED] - Switched to window with index: '2'

2024-07-31 11:32:31 - [MESSAGE][PASSED] - Object: 'Object Repository/PM/Huawei-vendor/TopX/TopX Object Type' is clicked on

2024-07-31 11:32:32 - [MESSAGE][PASSED] - Delayed 1 second(s)

2024-07-31 11:32:32 - [MESSAGE][PASSED] - Object: 'Object Repository/PM/Huawei-vendor/Object-Type/TopX Object Types/TopX Sites/TopX Site' is clicked on

2024-07-31 11:32:33 - [MESSAGE][PASSED] - Delayed 1 second(s)

2024-07-31 11:32:33 - [MESSAGE][WARNING] - Timeout '0' is invalid. Using default page load timeout: '120'

2024-07-31 11:32:33 - [MESSAGE][PASSED] - Scroll to object 'Object Repository/PM/Huawei-vendor/Object Border' successfully

2024-07-31 11:32:33 - [MESSAGE][PASSED] - Object: 'Object Repository/PM/Huawei-vendor/Object-Type/TopX Object Types/TopX Sites/TopX East Amman Arrow' is clicked on

2024-07-31 11:32:35 - [MESSAGE][PASSED] - Object: 'Object Repository/PM/Huawei-vendor/Object-Type/TopX Object Types/TopX Sites/TopX East Amman site1' is clicked on

2024-07-31 11:32:35 - [MESSAGE][PASSED] - Object: 'Object Repository/PM/Huawei-vendor/Object-Type/TopX Object Types/TopX Sites/TopX East Amman CloseArrow' is clicked on

2024-07-31 11:32:35 - [MESSAGE][PASSED] - Object: 'Object Repository/PM/Huawei-vendor/Object-Type/TopX Object Types/TopX Sites/TopX West Amman Arrow' is clicked on

2024-07-31 11:32:36 - [MESSAGE][PASSED] - Object: 'Object Repository/PM/Huawei-vendor/Object-Type/TopX Object Types/TopX Sites/TopX West Amman site1' is clicked on

2024-07-31 11:32:36 - [MESSAGE][PASSED] - Object: 'Object Repository/PM/Huawei-vendor/Object-Type/TopX Object Types/TopX Sites/TopX West Amman CloseArrow' is clicked on

2024-07-31 11:32:36 - [MESSAGE][PASSED] - Object: 'Object Repository/PM/Huawei-vendor/Object-Type/TopX Object Types/TopX Sites/TopX North Jordan Arrow' is clicked on

2024-07-31 11:32:40 - [MESSAGE][PASSED] - Object: 'Object Repository/PM/Huawei-vendor/Object-Type/TopX Object Types/TopX Sites/TopX North Jordan site1' is clicked on

2024-07-31 11:32:40 - [MESSAGE][PASSED] - Object: 'Object Repository/PM/Huawei-vendor/Object-Type/TopX Object Types/TopX Sites/TopX North Jordan CloseArrow' is clicked on

2024-07-31 11:32:40 - [MESSAGE][PASSED] - Object: 'Object Repository/PM/Huawei-vendor/Object-Type/TopX Object Types/TopX Sites/TopX South Jordan Arrow' is clicked on

2024-07-31 11:32:41 - [MESSAGE][PASSED] - Object: 'Object Repository/PM/Huawei-vendor/Object-Type/TopX Object Types/TopX Sites/TopX South Jordan site1' is clicked on

2024-07-31 11:32:41 - [MESSAGE][PASSED] - Object: 'Object Repository/PM/Huawei-vendor/Object-Type/TopX Object Types/TopX Sites/TopX South Jordan CloseArrow' is clicked on

2024-07-31 11:32:41 - [MESSAGE][WARNING] - Timeout '0' is invalid. Using default page load timeout: '120'

2024-07-31 11:32:41 - [MESSAGE][PASSED] - Scroll to object 'Object Repository/PM/Huawei-vendor/Include-last-hour' successfully

2024-07-31 11:32:41 - [MESSAGE][PASSED] - Object: 'Object Repository/PM/Huawei-vendor/StartDate/StartDate-Button' is clicked on

2024-07-31 11:32:42 - [MESSAGE][PASSED] - Delayed 1 second(s)

2024-07-31 11:32:43 - [MESSAGE][PASSED] - Object: 'Object Repository/PM/Huawei-vendor/StartDate/Monthly-Selection' is clicked on

2024-07-31 11:32:43 - [MESSAGE][PASSED] - Object: 'Object Repository/PM/Huawei-vendor/StartDate/May-Selection' is clicked on

2024-07-31 11:32:43 - [MESSAGE][PASSED] - Object: 'Object Repository/PM/Huawei-vendor/StartDate/1-May' is clicked on

2024-07-31 11:32:43 - [MESSAGE][PASSED] - Object: 'Object Repository/PM/Huawei-vendor/End-date/End-Time-Button' is clicked on

2024-07-31 11:32:44 - [MESSAGE][PASSED] - Delayed 1 second(s)

2024-07-31 11:32:44 - [MESSAGE][PASSED] - Object: 'Object Repository/PM/Huawei-vendor/End-date/Monthly-Selection' is clicked on

2024-07-31 11:32:44 - [MESSAGE][PASSED] - Object: 'Object Repository/PM/Huawei-vendor/End-date/May-Selection' is clicked on

2024-07-31 11:32:44 - [MESSAGE][PASSED] - Object: 'Object Repository/PM/Huawei-vendor/End-date/30-May' is clicked on

2024-07-31 11:32:44 - [MESSAGE][WARNING] - Timeout '0' is invalid. Using default page load timeout: '120'

2024-07-31 11:32:44 - [MESSAGE][PASSED] - Scroll to object 'Object Repository/PM/Huawei-vendor/KPIs/HO-kpi-checkbox' successfully

2024-07-31 11:32:45 - [MESSAGE][PASSED] - Delayed 1 second(s)

2024-07-31 11:32:46 - [MESSAGE][PASSED] - Object: 'Object Repository/PM/Huawei-vendor/KPIs/OMAR-KPI' is clicked on

2024-07-31 11:32:46 - [MESSAGE][PASSED] - Object: 'Object Repository/PM/Huawei-vendor/Apply-Button' is clicked on

2024-07-31 11:32:46 - [MESSAGE][WARNING] - Timeout '0' is invalid. Using default page load timeout: '120'

2024-07-31 11:32:46 - [MESSAGE][PASSED] - Web element with id: 'Object Repository/PM/Huawei-vendor/Error' located by 'By.xpath: //div[@class='toast-summary title-medium-m']' is not present after '120' second(s)

2024-07-31 11:32:46 - [MESSAGE][WARNING] - Timeout '0' is invalid. Using default page load timeout: '120'

2024-07-31 11:33:22 - [MESSAGE][PASSED] - Object 'Object Repository/PM/Huawei-vendor/Export-Result' is present

2024-07-31 11:33:23 - [MESSAGE][PASSED] - Browser is closed

2024-07-31 11:33:23 - [MESSAGE][PASSED] - PMHwaueiStats.Stats is PASSED]]></system-out>
         <system-err><![CDATA[]]></system-err>
      </testcase>
      <testcase name="Test Cases/PM/Hwauei/Stats/4G/Site/Site-Aggregation" time="51.751" classname="Test Cases/PM/Hwauei/Stats/4G/Site/Site-Aggregation" status="PASSED">
         <system-out><![CDATA[2024-07-31 11:33:23 - [TEST_CASE][PASSED] - Test Cases/PM/Hwauei/Stats/4G/Site/Site-Aggregation: Test Cases/PM/Hwauei/Stats/4G/Site/Site-Aggregation

2024-07-31 11:33:23 - [TEST_STEP][PASSED] - callTestCase(findTestCase("Login"), [:], STOP_ON_FAILURE): Call Test Case 'Test Cases/Login' successfully

2024-07-31 11:33:23 - [TEST_CASE][PASSED] - Test Cases/Login: Test Cases/Login

2024-07-31 11:33:23 - [TEST_STEP][PASSED] - driver = general.start(SwagerURL, NetCellURL): general.start is PASSED

2024-07-31 11:33:23 - [MESSAGE][INFO] - >>> chromeDriverPath=C:\Users\LP-Support\.katalon\packages\Katalon_Studio_Windows_64-8.6.9\Katalon_Studio_Windows_64-8.6.9\configuration\resources\drivers\chromedriver_win32\chromedriver.exe

2024-07-31 11:33:25 - [MESSAGE][PASSED] - Current window maximized

2024-07-31 11:33:25 - [MESSAGE][PASSED] - Execute JavaScript 'window.open();' successfully

2024-07-31 11:33:25 - [MESSAGE][PASSED] - Switched to window with index: '1'

2024-07-31 11:33:26 - [MESSAGE][PASSED] - general.start is PASSED

2024-07-31 11:33:26 - [TEST_STEP][PASSED] - click(findTestObject("Object Repository/Login/LoginButton")): Object: 'Object Repository/Login/LoginButton' is clicked on

2024-07-31 11:33:27 - [MESSAGE][PASSED] - Object: 'Object Repository/Login/LoginButton' is clicked on

2024-07-31 11:33:27 - [TEST_STEP][PASSED] - switchToWindowIndex(2): Switched to window with index: '2'

2024-07-31 11:33:27 - [MESSAGE][PASSED] - Switched to window with index: '2'

2024-07-31 11:33:27 - [TEST_STEP][PASSED] - delay(1): Delayed 1 second(s)

2024-07-31 11:33:28 - [MESSAGE][PASSED] - Delayed 1 second(s)

2024-07-31 11:33:28 - [TEST_STEP][PASSED] - sendKeys(findTestObject("Object Repository/Login/EnterEmail"), "homam@zztjg.onmicrosoft.com"): Keys 'homam@zztjg.onmicrosoft.com' sent to object: 'Object Repository/Login/EnterEmail'

2024-07-31 11:33:29 - [MESSAGE][PASSED] - Keys 'homam@zztjg.onmicrosoft.com' sent to object: 'Object Repository/Login/EnterEmail'

2024-07-31 11:33:29 - [TEST_STEP][PASSED] - delay(1): Delayed 1 second(s)

2024-07-31 11:33:30 - [MESSAGE][PASSED] - Delayed 1 second(s)

2024-07-31 11:33:30 - [TEST_STEP][PASSED] - click(findTestObject("Object Repository/Login/NextButton")): Object: 'Object Repository/Login/NextButton' is clicked on

2024-07-31 11:33:31 - [MESSAGE][PASSED] - Object: 'Object Repository/Login/NextButton' is clicked on

2024-07-31 11:33:31 - [TEST_STEP][PASSED] - delay(2): Delayed 2 second(s)

2024-07-31 11:33:33 - [MESSAGE][PASSED] - Delayed 2 second(s)

2024-07-31 11:33:33 - [TEST_STEP][PASSED] - sendKeys(findTestObject("Object Repository/Login/EnterPassword"), "Holder12345"): Keys 'Holder12345' sent to object: 'Object Repository/Login/EnterPassword'

2024-07-31 11:33:33 - [MESSAGE][PASSED] - Keys 'Holder12345' sent to object: 'Object Repository/Login/EnterPassword'

2024-07-31 11:33:33 - [TEST_STEP][PASSED] - delay(1): Delayed 1 second(s)

2024-07-31 11:33:34 - [MESSAGE][PASSED] - Delayed 1 second(s)

2024-07-31 11:33:34 - [TEST_STEP][PASSED] - click(findTestObject("Object Repository/Login/SigninButton")): Object: 'Object Repository/Login/SigninButton' is clicked on

2024-07-31 11:33:34 - [MESSAGE][PASSED] - Object: 'Object Repository/Login/SigninButton' is clicked on

2024-07-31 11:33:34 - [TEST_STEP][PASSED] - delay(1): Delayed 1 second(s)

2024-07-31 11:33:36 - [MESSAGE][PASSED] - Delayed 1 second(s)

2024-07-31 11:33:36 - [TEST_STEP][PASSED] - click(findTestObject("Object Repository/Login/YesStayInButton")): Object: 'Object Repository/Login/YesStayInButton' is clicked on

2024-07-31 11:33:36 - [MESSAGE][PASSED] - Object: 'Object Repository/Login/YesStayInButton' is clicked on

2024-07-31 11:33:36 - [MESSAGE][PASSED] - Call Test Case 'Test Cases/Login' successfully

2024-07-31 11:33:36 - [TEST_STEP][PASSED] - switchToWindowIndex(1): Switched to window with index: '1'

2024-07-31 11:33:36 - [MESSAGE][PASSED] - Switched to window with index: '1'

2024-07-31 11:33:36 - [TEST_STEP][PASSED] - PMHwaueiStats.Stats("4G", "Site", true, "Hourly"): PMHwaueiStats.Stats is PASSED

2024-07-31 11:33:40 - [MESSAGE][PASSED] - Object: 'Object Repository/PM/PM-Button' is clicked on

2024-07-31 11:33:40 - [MESSAGE][PASSED] - Switched to window with index: '2'

2024-07-31 11:33:41 - [MESSAGE][PASSED] - Object: 'Object Repository/PM/Huawei-vendor/TopX/TopX Object Type' is clicked on

2024-07-31 11:33:42 - [MESSAGE][PASSED] - Delayed 1 second(s)

2024-07-31 11:33:43 - [MESSAGE][PASSED] - Object: 'Object Repository/PM/Huawei-vendor/Object-Type/TopX Object Types/TopX Sites/TopX Site' is clicked on

2024-07-31 11:33:44 - [MESSAGE][PASSED] - Delayed 1 second(s)

2024-07-31 11:33:44 - [MESSAGE][WARNING] - Timeout '0' is invalid. Using default page load timeout: '120'

2024-07-31 11:33:44 - [MESSAGE][PASSED] - Scroll to object 'Object Repository/PM/Huawei-vendor/Object Border' successfully

2024-07-31 11:33:44 - [MESSAGE][PASSED] - Object: 'Object Repository/PM/Huawei-vendor/Object-Type/TopX Object Types/TopX Sites/TopX East Amman Arrow' is clicked on

2024-07-31 11:33:46 - [MESSAGE][PASSED] - Object: 'Object Repository/PM/Huawei-vendor/Object-Type/TopX Object Types/TopX Sites/TopX East Amman site1' is clicked on

2024-07-31 11:33:46 - [MESSAGE][PASSED] - Object: 'Object Repository/PM/Huawei-vendor/Object-Type/TopX Object Types/TopX Sites/TopX East Amman CloseArrow' is clicked on

2024-07-31 11:33:46 - [MESSAGE][PASSED] - Object: 'Object Repository/PM/Huawei-vendor/Object-Type/TopX Object Types/TopX Sites/TopX West Amman Arrow' is clicked on

2024-07-31 11:33:47 - [MESSAGE][PASSED] - Object: 'Object Repository/PM/Huawei-vendor/Object-Type/TopX Object Types/TopX Sites/TopX West Amman site1' is clicked on

2024-07-31 11:33:47 - [MESSAGE][PASSED] - Object: 'Object Repository/PM/Huawei-vendor/Object-Type/TopX Object Types/TopX Sites/TopX West Amman CloseArrow' is clicked on

2024-07-31 11:33:47 - [MESSAGE][PASSED] - Object: 'Object Repository/PM/Huawei-vendor/Object-Type/TopX Object Types/TopX Sites/TopX South Amman Arrow' is clicked on

2024-07-31 11:33:50 - [MESSAGE][PASSED] - Object: 'Object Repository/PM/Huawei-vendor/Object-Type/TopX Object Types/TopX Sites/TopX South Amman site1' is clicked on

2024-07-31 11:33:50 - [MESSAGE][PASSED] - Object: 'Object Repository/PM/Huawei-vendor/Object-Type/TopX Object Types/TopX Sites/TopX South Amman CloseArrow' is clicked on

2024-07-31 11:33:50 - [MESSAGE][PASSED] - Object: 'Object Repository/PM/Huawei-vendor/Object-Type/TopX Object Types/TopX Sites/TopX East Jordan Arrow' is clicked on

2024-07-31 11:33:52 - [MESSAGE][PASSED] - Object: 'Object Repository/PM/Huawei-vendor/Object-Type/TopX Object Types/TopX Sites/TopX East Jordan site1' is clicked on

2024-07-31 11:33:52 - [MESSAGE][PASSED] - Object: 'Object Repository/PM/Huawei-vendor/Object-Type/TopX Object Types/TopX Sites/TopX East Jordan CloseArrow' is clicked on

2024-07-31 11:33:52 - [MESSAGE][PASSED] - Object: 'Object Repository/PM/Huawei-vendor/Object-Type/TopX Object Types/TopX Sites/TopX North Jordan Arrow' is clicked on

2024-07-31 11:33:54 - [MESSAGE][PASSED] - Object: 'Object Repository/PM/Huawei-vendor/Object-Type/TopX Object Types/TopX Sites/TopX North Jordan site1' is clicked on

2024-07-31 11:33:54 - [MESSAGE][PASSED] - Object: 'Object Repository/PM/Huawei-vendor/Object-Type/TopX Object Types/TopX Sites/TopX North Jordan CloseArrow' is clicked on

2024-07-31 11:33:54 - [MESSAGE][PASSED] - Object: 'Object Repository/PM/Huawei-vendor/Object-Type/TopX Object Types/TopX Sites/TopX South Jordan Arrow' is clicked on

2024-07-31 11:33:56 - [MESSAGE][PASSED] - Object: 'Object Repository/PM/Huawei-vendor/Object-Type/TopX Object Types/TopX Sites/TopX South Jordan site1' is clicked on

2024-07-31 11:33:56 - [MESSAGE][PASSED] - Object: 'Object Repository/PM/Huawei-vendor/Object-Type/TopX Object Types/TopX Sites/TopX South Jordan CloseArrow' is clicked on

2024-07-31 11:33:56 - [MESSAGE][PASSED] - Object: 'Object Repository/PM/Huawei-vendor/Object-Type/TopX Object Types/TopX Sites/TopX Others Arrow' is clicked on

2024-07-31 11:33:58 - [MESSAGE][PASSED] - Object: 'Object Repository/PM/Huawei-vendor/Object-Type/TopX Object Types/TopX Sites/TopX Others site1' is clicked on

2024-07-31 11:33:58 - [MESSAGE][PASSED] - Object: 'Object Repository/PM/Huawei-vendor/Object-Type/TopX Object Types/TopX Sites/TopX Others CloseArrow' is clicked on

2024-07-31 11:33:58 - [MESSAGE][PASSED] - Object: 'Object Repository/PM/Huawei-vendor/Aggregation-CheckBox' is clicked on

2024-07-31 11:33:58 - [MESSAGE][WARNING] - Timeout '0' is invalid. Using default page load timeout: '120'

2024-07-31 11:33:58 - [MESSAGE][PASSED] - Scroll to object 'Object Repository/PM/Huawei-vendor/Include-last-hour' successfully

2024-07-31 11:33:58 - [MESSAGE][PASSED] - Object: 'Object Repository/PM/Huawei-vendor/StartDate/StartDate-Button' is clicked on

2024-07-31 11:33:59 - [MESSAGE][PASSED] - Delayed 1 second(s)

2024-07-31 11:34:00 - [MESSAGE][PASSED] - Object: 'Object Repository/PM/Huawei-vendor/StartDate/Monthly-Selection' is clicked on

2024-07-31 11:34:00 - [MESSAGE][PASSED] - Object: 'Object Repository/PM/Huawei-vendor/StartDate/May-Selection' is clicked on

2024-07-31 11:34:00 - [MESSAGE][PASSED] - Object: 'Object Repository/PM/Huawei-vendor/StartDate/1-May' is clicked on

2024-07-31 11:34:00 - [MESSAGE][PASSED] - Object: 'Object Repository/PM/Huawei-vendor/End-date/End-Time-Button' is clicked on

2024-07-31 11:34:01 - [MESSAGE][PASSED] - Delayed 1 second(s)

2024-07-31 11:34:01 - [MESSAGE][PASSED] - Object: 'Object Repository/PM/Huawei-vendor/End-date/Monthly-Selection' is clicked on

2024-07-31 11:34:01 - [MESSAGE][PASSED] - Object: 'Object Repository/PM/Huawei-vendor/End-date/May-Selection' is clicked on

2024-07-31 11:34:01 - [MESSAGE][PASSED] - Object: 'Object Repository/PM/Huawei-vendor/End-date/30-May' is clicked on

2024-07-31 11:34:02 - [MESSAGE][WARNING] - Timeout '0' is invalid. Using default page load timeout: '120'

2024-07-31 11:34:02 - [MESSAGE][PASSED] - Scroll to object 'Object Repository/PM/Huawei-vendor/KPIs/HO-kpi-checkbox' successfully

2024-07-31 11:34:03 - [MESSAGE][PASSED] - Delayed 1 second(s)

2024-07-31 11:34:03 - [MESSAGE][PASSED] - Object: 'Object Repository/PM/Huawei-vendor/KPIs/OMAR-KPI' is clicked on

2024-07-31 11:34:03 - [MESSAGE][PASSED] - Object: 'Object Repository/PM/Huawei-vendor/Apply-Button' is clicked on

2024-07-31 11:34:03 - [MESSAGE][WARNING] - Timeout '0' is invalid. Using default page load timeout: '120'

2024-07-31 11:34:03 - [MESSAGE][PASSED] - Web element with id: 'Object Repository/PM/Huawei-vendor/Error' located by 'By.xpath: //div[@class='toast-summary title-medium-m']' is not present after '120' second(s)

2024-07-31 11:34:03 - [MESSAGE][WARNING] - Timeout '0' is invalid. Using default page load timeout: '120'

2024-07-31 11:34:14 - [MESSAGE][PASSED] - Object 'Object Repository/PM/Huawei-vendor/Export-Result' is present

2024-07-31 11:34:15 - [MESSAGE][PASSED] - Browser is closed

2024-07-31 11:34:15 - [MESSAGE][PASSED] - PMHwaueiStats.Stats is PASSED]]></system-out>
         <system-err><![CDATA[]]></system-err>
      </testcase>
      <testcase name="Test Cases/PM/Hwauei/Stats/4G/Cell/Cell" time="27.054" classname="Test Cases/PM/Hwauei/Stats/4G/Cell/Cell" status="FAILED">
         <failure type="FAILED" message="Test Cases/PM/Hwauei/Stats/4G/Cell/Cell FAILED.
Reason:
com.kms.katalon.core.exception.StepFailedException: Unable to click on object 'Object Repository/PM/Huawei-vendor/Object-Type/TopX Object Types/TopX Cells/TopX East Amman Site1 Cell1'
	at com.kms.katalon.core.webui.keyword.internal.WebUIKeywordMain.stepFailed(WebUIKeywordMain.groovy:64)
	at com.kms.katalon.core.webui.keyword.internal.WebUIKeywordMain.runKeyword(WebUIKeywordMain.groovy:26)
	at com.kms.katalon.core.webui.keyword.builtin.ClickKeyword.click(ClickKeyword.groovy:74)
	at com.kms.katalon.core.webui.keyword.builtin.ClickKeyword.execute(ClickKeyword.groovy:40)
	at com.kms.katalon.core.keyword.internal.KeywordExecutor.executeKeywordForPlatform(KeywordExecutor.groovy:74)
	at com.kms.katalon.core.webui.keyword.WebUiBuiltInKeywords.click(WebUiBuiltInKeywords.groovy:620)
	at com.kms.katalon.core.webui.keyword.WebUiBuiltInKeywords$click$2.call(Unknown Source)
	at PMHwaueiStats.Stats(PMHwaueiStats.groovy:196)
	at PMHwaueiStats.invokeMethod(PMHwaueiStats.groovy)
	at com.kms.katalon.core.main.CustomKeywordDelegatingMetaClass.invokeStaticMethod(CustomKeywordDelegatingMetaClass.java:55)
	at Cell.run(Cell:23)
	at com.kms.katalon.core.main.ScriptEngine.run(ScriptEngine.java:194)
	at com.kms.katalon.core.main.ScriptEngine.runScriptAsRawText(ScriptEngine.java:119)
	at com.kms.katalon.core.main.TestCaseExecutor.runScript(TestCaseExecutor.java:448)
	at com.kms.katalon.core.main.TestCaseExecutor.doExecute(TestCaseExecutor.java:439)
	at com.kms.katalon.core.main.TestCaseExecutor.processExecutionPhase(TestCaseExecutor.java:418)
	at com.kms.katalon.core.main.TestCaseExecutor.accessMainPhase(TestCaseExecutor.java:410)
	at com.kms.katalon.core.main.TestCaseExecutor.execute(TestCaseExecutor.java:285)
	at com.kms.katalon.core.common.CommonExecutor.accessTestCaseMainPhase(CommonExecutor.java:65)
	at com.kms.katalon.core.main.TestSuiteExecutor.accessTestSuiteMainPhase(TestSuiteExecutor.java:148)
	at com.kms.katalon.core.main.TestSuiteExecutor.execute(TestSuiteExecutor.java:106)
	at com.kms.katalon.core.main.TestCaseMain.startTestSuite(TestCaseMain.java:187)
	at com.kms.katalon.core.main.TestCaseMain$startTestSuite$0.call(Unknown Source)
	at TempTestSuite1722414562516.run(TempTestSuite1722414562516.groovy:35)
Caused by: org.openqa.selenium.StaleElementReferenceException: stale element reference: stale element not found in the current frame
  (Session info: chrome=127.0.6533.72)
For documentation on this error, please visit: https://www.seleniumhq.org/exceptions/stale_element_reference.html
Build info: version: '3.141.59', revision: 'e82be7d358', time: '2018-11-14T08:25:53'
System info: host: 'LP-NEW-2', ip: '192.168.8.195', os.name: 'Windows 11', os.arch: 'amd64', os.version: '10.0', java.version: '1.8.0_362'
Driver info: org.openqa.selenium.chrome.ChromeDriver
Capabilities {acceptInsecureCerts: true, browserName: chrome, browserVersion: 127.0.6533.72, chrome: {chromedriverVersion: 126.0.6478.126 (d36ace6122e..., userDataDir: C:\Users\LP-SUP~1\AppData\L...}, fedcm:accounts: true, goog:chromeOptions: {debuggerAddress: localhost:53198}, javascriptEnabled: true, networkConnectionEnabled: false, pageLoadStrategy: normal, platform: WINDOWS, platformName: WINDOWS, proxy: Proxy(), setWindowRect: true, strictFileInteractability: false, timeouts: {implicit: 0, pageLoad: 300000, script: 30000}, unhandledPromptBehavior: dismiss and notify, webauthn:extension:credBlob: true, webauthn:extension:largeBlob: true, webauthn:extension:minPinLength: true, webauthn:extension:prf: true, webauthn:virtualAuthenticators: true}
Session ID: 29a58ce2af22e0a552989076fd962bc6
	at org.openqa.selenium.remote.http.W3CHttpResponseCodec.createException(W3CHttpResponseCodec.java:187)
	at org.openqa.selenium.remote.http.W3CHttpResponseCodec.decode(W3CHttpResponseCodec.java:122)
	at org.openqa.selenium.remote.http.W3CHttpResponseCodec.decode(W3CHttpResponseCodec.java:49)
	at org.openqa.selenium.remote.HttpCommandExecutor.execute(HttpCommandExecutor.java:158)
	at org.openqa.selenium.remote.service.DriverCommandExecutor.execute(DriverCommandExecutor.java:83)
	at org.openqa.selenium.remote.RemoteWebDriver.execute(RemoteWebDriver.java:552)
	at org.openqa.selenium.remote.RemoteWebElement.execute(RemoteWebElement.java:285)
	at org.openqa.selenium.remote.RemoteWebElement.click(RemoteWebElement.java:84)
	at org.openqa.selenium.support.events.EventFiringWebDriver$EventFiringWebElement.lambda$new$0(EventFiringWebDriver.java:404)
	at com.sun.proxy.$Proxy12.click(Unknown Source)
	at org.openqa.selenium.support.events.EventFiringWebDriver$EventFiringWebElement.click(EventFiringWebDriver.java:417)
	at org.openqa.selenium.WebElement$click.call(Unknown Source)
	at com.kms.katalon.core.webui.keyword.builtin.ClickKeyword.clickUntilSuccessWithTimeout(ClickKeyword.groovy:81)
	at com.kms.katalon.core.webui.keyword.builtin.ClickKeyword.clickUntilSuccessWithTimeout(ClickKeyword.groovy)
	at com.kms.katalon.core.webui.keyword.builtin.ClickKeyword$_click_closure1.doCall(ClickKeyword.groovy:67)
	at com.kms.katalon.core.webui.keyword.builtin.ClickKeyword$_click_closure1.call(ClickKeyword.groovy)
	at com.kms.katalon.core.webui.keyword.internal.WebUIKeywordMain.runKeyword(WebUIKeywordMain.groovy:20)
	... 22 more
"/>
         <system-out><![CDATA[2024-07-31 11:34:15 - [TEST_CASE][FAILED] - Test Cases/PM/Hwauei/Stats/4G/Cell/Cell: Test Cases/PM/Hwauei/Stats/4G/Cell/Cell FAILED.
Reason:
com.kms.katalon.core.exception.StepFailedException: Unable to click on object 'Object Repository/PM/Huawei-vendor/Object-Type/TopX Object Types/TopX Cells/TopX East Amman Site1 Cell1'
	at com.kms.katalon.core.webui.keyword.internal.WebUIKeywordMain.stepFailed(WebUIKeywordMain.groovy:64)
	at com.kms.katalon.core.webui.keyword.internal.WebUIKeywordMain.runKeyword(WebUIKeywordMain.groovy:26)
	at com.kms.katalon.core.webui.keyword.builtin.ClickKeyword.click(ClickKeyword.groovy:74)
	at com.kms.katalon.core.webui.keyword.builtin.ClickKeyword.execute(ClickKeyword.groovy:40)
	at com.kms.katalon.core.keyword.internal.KeywordExecutor.executeKeywordForPlatform(KeywordExecutor.groovy:74)
	at com.kms.katalon.core.webui.keyword.WebUiBuiltInKeywords.click(WebUiBuiltInKeywords.groovy:620)
	at com.kms.katalon.core.webui.keyword.WebUiBuiltInKeywords$click$2.call(Unknown Source)
	at PMHwaueiStats.Stats(PMHwaueiStats.groovy:196)
	at PMHwaueiStats.invokeMethod(PMHwaueiStats.groovy)
	at com.kms.katalon.core.main.CustomKeywordDelegatingMetaClass.invokeStaticMethod(CustomKeywordDelegatingMetaClass.java:55)
	at Cell.run(Cell:23)
	at com.kms.katalon.core.main.ScriptEngine.run(ScriptEngine.java:194)
	at com.kms.katalon.core.main.ScriptEngine.runScriptAsRawText(ScriptEngine.java:119)
	at com.kms.katalon.core.main.TestCaseExecutor.runScript(TestCaseExecutor.java:448)
	at com.kms.katalon.core.main.TestCaseExecutor.doExecute(TestCaseExecutor.java:439)
	at com.kms.katalon.core.main.TestCaseExecutor.processExecutionPhase(TestCaseExecutor.java:418)
	at com.kms.katalon.core.main.TestCaseExecutor.accessMainPhase(TestCaseExecutor.java:410)
	at com.kms.katalon.core.main.TestCaseExecutor.execute(TestCaseExecutor.java:285)
	at com.kms.katalon.core.common.CommonExecutor.accessTestCaseMainPhase(CommonExecutor.java:65)
	at com.kms.katalon.core.main.TestSuiteExecutor.accessTestSuiteMainPhase(TestSuiteExecutor.java:148)
	at com.kms.katalon.core.main.TestSuiteExecutor.execute(TestSuiteExecutor.java:106)
	at com.kms.katalon.core.main.TestCaseMain.startTestSuite(TestCaseMain.java:187)
	at com.kms.katalon.core.main.TestCaseMain$startTestSuite$0.call(Unknown Source)
	at TempTestSuite1722414562516.run(TempTestSuite1722414562516.groovy:35)
Caused by: org.openqa.selenium.StaleElementReferenceException: stale element reference: stale element not found in the current frame
  (Session info: chrome=127.0.6533.72)
For documentation on this error, please visit: https://www.seleniumhq.org/exceptions/stale_element_reference.html
Build info: version: '3.141.59', revision: 'e82be7d358', time: '2018-11-14T08:25:53'
System info: host: 'LP-NEW-2', ip: '192.168.8.195', os.name: 'Windows 11', os.arch: 'amd64', os.version: '10.0', java.version: '1.8.0_362'
Driver info: org.openqa.selenium.chrome.ChromeDriver
Capabilities {acceptInsecureCerts: true, browserName: chrome, browserVersion: 127.0.6533.72, chrome: {chromedriverVersion: 126.0.6478.126 (d36ace6122e..., userDataDir: C:\Users\LP-SUP~1\AppData\L...}, fedcm:accounts: true, goog:chromeOptions: {debuggerAddress: localhost:53198}, javascriptEnabled: true, networkConnectionEnabled: false, pageLoadStrategy: normal, platform: WINDOWS, platformName: WINDOWS, proxy: Proxy(), setWindowRect: true, strictFileInteractability: false, timeouts: {implicit: 0, pageLoad: 300000, script: 30000}, unhandledPromptBehavior: dismiss and notify, webauthn:extension:credBlob: true, webauthn:extension:largeBlob: true, webauthn:extension:minPinLength: true, webauthn:extension:prf: true, webauthn:virtualAuthenticators: true}
Session ID: 29a58ce2af22e0a552989076fd962bc6
	at org.openqa.selenium.remote.http.W3CHttpResponseCodec.createException(W3CHttpResponseCodec.java:187)
	at org.openqa.selenium.remote.http.W3CHttpResponseCodec.decode(W3CHttpResponseCodec.java:122)
	at org.openqa.selenium.remote.http.W3CHttpResponseCodec.decode(W3CHttpResponseCodec.java:49)
	at org.openqa.selenium.remote.HttpCommandExecutor.execute(HttpCommandExecutor.java:158)
	at org.openqa.selenium.remote.service.DriverCommandExecutor.execute(DriverCommandExecutor.java:83)
	at org.openqa.selenium.remote.RemoteWebDriver.execute(RemoteWebDriver.java:552)
	at org.openqa.selenium.remote.RemoteWebElement.execute(RemoteWebElement.java:285)
	at org.openqa.selenium.remote.RemoteWebElement.click(RemoteWebElement.java:84)
	at org.openqa.selenium.support.events.EventFiringWebDriver$EventFiringWebElement.lambda$new$0(EventFiringWebDriver.java:404)
	at com.sun.proxy.$Proxy12.click(Unknown Source)
	at org.openqa.selenium.support.events.EventFiringWebDriver$EventFiringWebElement.click(EventFiringWebDriver.java:417)
	at org.openqa.selenium.WebElement$click.call(Unknown Source)
	at com.kms.katalon.core.webui.keyword.builtin.ClickKeyword.clickUntilSuccessWithTimeout(ClickKeyword.groovy:81)
	at com.kms.katalon.core.webui.keyword.builtin.ClickKeyword.clickUntilSuccessWithTimeout(ClickKeyword.groovy)
	at com.kms.katalon.core.webui.keyword.builtin.ClickKeyword$_click_closure1.doCall(ClickKeyword.groovy:67)
	at com.kms.katalon.core.webui.keyword.builtin.ClickKeyword$_click_closure1.call(ClickKeyword.groovy)
	at com.kms.katalon.core.webui.keyword.internal.WebUIKeywordMain.runKeyword(WebUIKeywordMain.groovy:20)
	... 22 more


2024-07-31 11:34:15 - [TEST_STEP][PASSED] - callTestCase(findTestCase("Login"), [:], STOP_ON_FAILURE): Call Test Case 'Test Cases/Login' successfully

2024-07-31 11:34:15 - [TEST_CASE][PASSED] - Test Cases/Login: Test Cases/Login

2024-07-31 11:34:15 - [TEST_STEP][PASSED] - driver = general.start(SwagerURL, NetCellURL): general.start is PASSED

2024-07-31 11:34:15 - [MESSAGE][INFO] - >>> chromeDriverPath=C:\Users\LP-Support\.katalon\packages\Katalon_Studio_Windows_64-8.6.9\Katalon_Studio_Windows_64-8.6.9\configuration\resources\drivers\chromedriver_win32\chromedriver.exe

2024-07-31 11:34:17 - [MESSAGE][PASSED] - Current window maximized

2024-07-31 11:34:18 - [MESSAGE][PASSED] - Execute JavaScript 'window.open();' successfully

2024-07-31 11:34:18 - [MESSAGE][PASSED] - Switched to window with index: '1'

2024-07-31 11:34:19 - [MESSAGE][PASSED] - general.start is PASSED

2024-07-31 11:34:19 - [TEST_STEP][PASSED] - click(findTestObject("Object Repository/Login/LoginButton")): Object: 'Object Repository/Login/LoginButton' is clicked on

2024-07-31 11:34:20 - [MESSAGE][PASSED] - Object: 'Object Repository/Login/LoginButton' is clicked on

2024-07-31 11:34:20 - [TEST_STEP][PASSED] - switchToWindowIndex(2): Switched to window with index: '2'

2024-07-31 11:34:21 - [MESSAGE][PASSED] - Switched to window with index: '2'

2024-07-31 11:34:21 - [TEST_STEP][PASSED] - delay(1): Delayed 1 second(s)

2024-07-31 11:34:22 - [MESSAGE][PASSED] - Delayed 1 second(s)

2024-07-31 11:34:22 - [TEST_STEP][PASSED] - sendKeys(findTestObject("Object Repository/Login/EnterEmail"), "homam@zztjg.onmicrosoft.com"): Keys 'homam@zztjg.onmicrosoft.com' sent to object: 'Object Repository/Login/EnterEmail'

2024-07-31 11:34:23 - [MESSAGE][PASSED] - Keys 'homam@zztjg.onmicrosoft.com' sent to object: 'Object Repository/Login/EnterEmail'

2024-07-31 11:34:23 - [TEST_STEP][PASSED] - delay(1): Delayed 1 second(s)

2024-07-31 11:34:24 - [MESSAGE][PASSED] - Delayed 1 second(s)

2024-07-31 11:34:24 - [TEST_STEP][PASSED] - click(findTestObject("Object Repository/Login/NextButton")): Object: 'Object Repository/Login/NextButton' is clicked on

2024-07-31 11:34:24 - [MESSAGE][PASSED] - Object: 'Object Repository/Login/NextButton' is clicked on

2024-07-31 11:34:24 - [TEST_STEP][PASSED] - delay(2): Delayed 2 second(s)

2024-07-31 11:34:26 - [MESSAGE][PASSED] - Delayed 2 second(s)

2024-07-31 11:34:26 - [TEST_STEP][PASSED] - sendKeys(findTestObject("Object Repository/Login/EnterPassword"), "Holder12345"): Keys 'Holder12345' sent to object: 'Object Repository/Login/EnterPassword'

2024-07-31 11:34:26 - [MESSAGE][PASSED] - Keys 'Holder12345' sent to object: 'Object Repository/Login/EnterPassword'

2024-07-31 11:34:26 - [TEST_STEP][PASSED] - delay(1): Delayed 1 second(s)

2024-07-31 11:34:27 - [MESSAGE][PASSED] - Delayed 1 second(s)

2024-07-31 11:34:27 - [TEST_STEP][PASSED] - click(findTestObject("Object Repository/Login/SigninButton")): Object: 'Object Repository/Login/SigninButton' is clicked on

2024-07-31 11:34:28 - [MESSAGE][PASSED] - Object: 'Object Repository/Login/SigninButton' is clicked on

2024-07-31 11:34:28 - [TEST_STEP][PASSED] - delay(1): Delayed 1 second(s)

2024-07-31 11:34:29 - [MESSAGE][PASSED] - Delayed 1 second(s)

2024-07-31 11:34:29 - [TEST_STEP][PASSED] - click(findTestObject("Object Repository/Login/YesStayInButton")): Object: 'Object Repository/Login/YesStayInButton' is clicked on

2024-07-31 11:34:30 - [MESSAGE][PASSED] - Object: 'Object Repository/Login/YesStayInButton' is clicked on

2024-07-31 11:34:30 - [MESSAGE][PASSED] - Call Test Case 'Test Cases/Login' successfully

2024-07-31 11:34:30 - [TEST_STEP][PASSED] - switchToWindowIndex(1): Switched to window with index: '1'

2024-07-31 11:34:30 - [MESSAGE][PASSED] - Switched to window with index: '1'

2024-07-31 11:34:30 - [TEST_STEP][FAILED] - PMHwaueiStats.Stats("4G", "Cell", false, "Hourly"): Unable to click on object 'Object Repository/PM/Huawei-vendor/Object-Type/TopX Object Types/TopX Cells/TopX East Amman Site1 Cell1'

2024-07-31 11:34:31 - [MESSAGE][PASSED] - Object: 'Object Repository/PM/PM-Button' is clicked on

2024-07-31 11:34:31 - [MESSAGE][PASSED] - Switched to window with index: '2'

2024-07-31 11:34:35 - [MESSAGE][PASSED] - Object: 'Object Repository/PM/Huawei-vendor/TopX/TopX Object Type' is clicked on

2024-07-31 11:34:36 - [MESSAGE][PASSED] - Delayed 1 second(s)

2024-07-31 11:34:36 - [MESSAGE][PASSED] - Object: 'Object Repository/PM/Huawei-vendor/Object-Type/TopX Object Types/TopX Cells/TopX Cell' is clicked on

2024-07-31 11:34:37 - [MESSAGE][PASSED] - Delayed 1 second(s)

2024-07-31 11:34:37 - [MESSAGE][WARNING] - Timeout '0' is invalid. Using default page load timeout: '120'

2024-07-31 11:34:37 - [MESSAGE][PASSED] - Scroll to object 'Object Repository/PM/Huawei-vendor/Object Border' successfully

2024-07-31 11:34:37 - [MESSAGE][PASSED] - Object: 'Object Repository/PM/Huawei-vendor/Object-Type/TopX Object Types/TopX Sites/TopX East Amman Arrow' is clicked on

2024-07-31 11:34:40 - [MESSAGE][PASSED] - Object: 'Object Repository/PM/Huawei-vendor/Object-Type/TopX Object Types/TopX Cells/TopX East Amman Site1 Arrow' is clicked on

2024-07-31 11:34:41 - [MESSAGE][PASSED] - Delayed 1 second(s)

2024-07-31 11:34:42 - [MESSAGE][FAILED] - Unable to click on object 'Object Repository/PM/Huawei-vendor/Object-Type/TopX Object Types/TopX Cells/TopX East Amman Site1 Cell1' (Root cause: com.kms.katalon.core.exception.StepFailedException: Unable to click on object 'Object Repository/PM/Huawei-vendor/Object-Type/TopX Object Types/TopX Cells/TopX East Amman Site1 Cell1'
	at com.kms.katalon.core.webui.keyword.internal.WebUIKeywordMain.stepFailed(WebUIKeywordMain.groovy:64)
	at com.kms.katalon.core.webui.keyword.internal.WebUIKeywordMain.runKeyword(WebUIKeywordMain.groovy:26)
	at com.kms.katalon.core.webui.keyword.builtin.ClickKeyword.click(ClickKeyword.groovy:74)
	at com.kms.katalon.core.webui.keyword.builtin.ClickKeyword.execute(ClickKeyword.groovy:40)
	at com.kms.katalon.core.keyword.internal.KeywordExecutor.executeKeywordForPlatform(KeywordExecutor.groovy:74)
	at com.kms.katalon.core.webui.keyword.WebUiBuiltInKeywords.click(WebUiBuiltInKeywords.groovy:620)
	at com.kms.katalon.core.webui.keyword.WebUiBuiltInKeywords$click$2.call(Unknown Source)
	at PMHwaueiStats.Stats(PMHwaueiStats.groovy:196)
	at PMHwaueiStats.invokeMethod(PMHwaueiStats.groovy)
	at com.kms.katalon.core.main.CustomKeywordDelegatingMetaClass.invokeStaticMethod(CustomKeywordDelegatingMetaClass.java:55)
	at Cell.run(Cell:23)
	at com.kms.katalon.core.main.ScriptEngine.run(ScriptEngine.java:194)
	at com.kms.katalon.core.main.ScriptEngine.runScriptAsRawText(ScriptEngine.java:119)
	at com.kms.katalon.core.main.TestCaseExecutor.runScript(TestCaseExecutor.java:448)
	at com.kms.katalon.core.main.TestCaseExecutor.doExecute(TestCaseExecutor.java:439)
	at com.kms.katalon.core.main.TestCaseExecutor.processExecutionPhase(TestCaseExecutor.java:418)
	at com.kms.katalon.core.main.TestCaseExecutor.accessMainPhase(TestCaseExecutor.java:410)
	at com.kms.katalon.core.main.TestCaseExecutor.execute(TestCaseExecutor.java:285)
	at com.kms.katalon.core.common.CommonExecutor.accessTestCaseMainPhase(CommonExecutor.java:65)
	at com.kms.katalon.core.main.TestSuiteExecutor.accessTestSuiteMainPhase(TestSuiteExecutor.java:148)
	at com.kms.katalon.core.main.TestSuiteExecutor.execute(TestSuiteExecutor.java:106)
	at com.kms.katalon.core.main.TestCaseMain.startTestSuite(TestCaseMain.java:187)
	at com.kms.katalon.core.main.TestCaseMain$startTestSuite$0.call(Unknown Source)
	at TempTestSuite1722414562516.run(TempTestSuite1722414562516.groovy:35)
Caused by: org.openqa.selenium.StaleElementReferenceException: stale element reference: stale element not found in the current frame
  (Session info: chrome=127.0.6533.72)
For documentation on this error, please visit: https://www.seleniumhq.org/exceptions/stale_element_reference.html
Build info: version: '3.141.59', revision: 'e82be7d358', time: '2018-11-14T08:25:53'
System info: host: 'LP-NEW-2', ip: '192.168.8.195', os.name: 'Windows 11', os.arch: 'amd64', os.version: '10.0', java.version: '1.8.0_362'
Driver info: org.openqa.selenium.chrome.ChromeDriver
Capabilities {acceptInsecureCerts: true, browserName: chrome, browserVersion: 127.0.6533.72, chrome: {chromedriverVersion: 126.0.6478.126 (d36ace6122e..., userDataDir: C:\Users\LP-SUP~1\AppData\L...}, fedcm:accounts: true, goog:chromeOptions: {debuggerAddress: localhost:53198}, javascriptEnabled: true, networkConnectionEnabled: false, pageLoadStrategy: normal, platform: WINDOWS, platformName: WINDOWS, proxy: Proxy(), setWindowRect: true, strictFileInteractability: false, timeouts: {implicit: 0, pageLoad: 300000, script: 30000}, unhandledPromptBehavior: dismiss and notify, webauthn:extension:credBlob: true, webauthn:extension:largeBlob: true, webauthn:extension:minPinLength: true, webauthn:extension:prf: true, webauthn:virtualAuthenticators: true}
Session ID: 29a58ce2af22e0a552989076fd962bc6
	at org.openqa.selenium.remote.http.W3CHttpResponseCodec.createException(W3CHttpResponseCodec.java:187)
	at org.openqa.selenium.remote.http.W3CHttpResponseCodec.decode(W3CHttpResponseCodec.java:122)
	at org.openqa.selenium.remote.http.W3CHttpResponseCodec.decode(W3CHttpResponseCodec.java:49)
	at org.openqa.selenium.remote.HttpCommandExecutor.execute(HttpCommandExecutor.java:158)
	at org.openqa.selenium.remote.service.DriverCommandExecutor.execute(DriverCommandExecutor.java:83)
	at org.openqa.selenium.remote.RemoteWebDriver.execute(RemoteWebDriver.java:552)
	at org.openqa.selenium.remote.RemoteWebElement.execute(RemoteWebElement.java:285)
	at org.openqa.selenium.remote.RemoteWebElement.click(RemoteWebElement.java:84)
	at org.openqa.selenium.support.events.EventFiringWebDriver$EventFiringWebElement.lambda$new$0(EventFiringWebDriver.java:404)
	at com.sun.proxy.$Proxy12.click(Unknown Source)
	at org.openqa.selenium.support.events.EventFiringWebDriver$EventFiringWebElement.click(EventFiringWebDriver.java:417)
	at org.openqa.selenium.WebElement$click.call(Unknown Source)
	at com.kms.katalon.core.webui.keyword.builtin.ClickKeyword.clickUntilSuccessWithTimeout(ClickKeyword.groovy:81)
	at com.kms.katalon.core.webui.keyword.builtin.ClickKeyword.clickUntilSuccessWithTimeout(ClickKeyword.groovy)
	at com.kms.katalon.core.webui.keyword.builtin.ClickKeyword$_click_closure1.doCall(ClickKeyword.groovy:67)
	at com.kms.katalon.core.webui.keyword.builtin.ClickKeyword$_click_closure1.call(ClickKeyword.groovy)
	at com.kms.katalon.core.webui.keyword.internal.WebUIKeywordMain.runKeyword(WebUIKeywordMain.groovy:20)
	at com.kms.katalon.core.webui.keyword.builtin.ClickKeyword.click(ClickKeyword.groovy:74)
	at com.kms.katalon.core.webui.keyword.builtin.ClickKeyword.execute(ClickKeyword.groovy:40)
	at com.kms.katalon.core.keyword.internal.KeywordExecutor.executeKeywordForPlatform(KeywordExecutor.groovy:74)
	at com.kms.katalon.core.webui.keyword.WebUiBuiltInKeywords.click(WebUiBuiltInKeywords.groovy:620)
	at com.kms.katalon.core.webui.keyword.WebUiBuiltInKeywords$click$2.call(Unknown Source)
	at PMHwaueiStats.Stats(PMHwaueiStats.groovy:196)
	at PMHwaueiStats.invokeMethod(PMHwaueiStats.groovy)
	at com.kms.katalon.core.main.CustomKeywordDelegatingMetaClass.invokeStaticMethod(CustomKeywordDelegatingMetaClass.java:55)
	at Script1722259321820.run(Script1722259321820.groovy:23)
	... 13 more
)
[[ATTACHMENT|C:\\Users\\LP-Support\\git\\NetCell\\Reports\\20240731_112922\\PM\\Hwauei\\Stats\\Regression Stats 4g\\20240731_112922\\1722414882114.png]]

2024-07-31 11:34:42 - [MESSAGE][FAILED] - Unable to click on object 'Object Repository/PM/Huawei-vendor/Object-Type/TopX Object Types/TopX Cells/TopX East Amman Site1 Cell1']]></system-out>
         <system-err><![CDATA[2024-07-31 11:34:15 - [TEST_CASE][FAILED] - Test Cases/PM/Hwauei/Stats/4G/Cell/Cell: Test Cases/PM/Hwauei/Stats/4G/Cell/Cell FAILED.
Reason:
com.kms.katalon.core.exception.StepFailedException: Unable to click on object 'Object Repository/PM/Huawei-vendor/Object-Type/TopX Object Types/TopX Cells/TopX East Amman Site1 Cell1'
	at com.kms.katalon.core.webui.keyword.internal.WebUIKeywordMain.stepFailed(WebUIKeywordMain.groovy:64)
	at com.kms.katalon.core.webui.keyword.internal.WebUIKeywordMain.runKeyword(WebUIKeywordMain.groovy:26)
	at com.kms.katalon.core.webui.keyword.builtin.ClickKeyword.click(ClickKeyword.groovy:74)
	at com.kms.katalon.core.webui.keyword.builtin.ClickKeyword.execute(ClickKeyword.groovy:40)
	at com.kms.katalon.core.keyword.internal.KeywordExecutor.executeKeywordForPlatform(KeywordExecutor.groovy:74)
	at com.kms.katalon.core.webui.keyword.WebUiBuiltInKeywords.click(WebUiBuiltInKeywords.groovy:620)
	at com.kms.katalon.core.webui.keyword.WebUiBuiltInKeywords$click$2.call(Unknown Source)
	at PMHwaueiStats.Stats(PMHwaueiStats.groovy:196)
	at PMHwaueiStats.invokeMethod(PMHwaueiStats.groovy)
	at com.kms.katalon.core.main.CustomKeywordDelegatingMetaClass.invokeStaticMethod(CustomKeywordDelegatingMetaClass.java:55)
	at Cell.run(Cell:23)
	at com.kms.katalon.core.main.ScriptEngine.run(ScriptEngine.java:194)
	at com.kms.katalon.core.main.ScriptEngine.runScriptAsRawText(ScriptEngine.java:119)
	at com.kms.katalon.core.main.TestCaseExecutor.runScript(TestCaseExecutor.java:448)
	at com.kms.katalon.core.main.TestCaseExecutor.doExecute(TestCaseExecutor.java:439)
	at com.kms.katalon.core.main.TestCaseExecutor.processExecutionPhase(TestCaseExecutor.java:418)
	at com.kms.katalon.core.main.TestCaseExecutor.accessMainPhase(TestCaseExecutor.java:410)
	at com.kms.katalon.core.main.TestCaseExecutor.execute(TestCaseExecutor.java:285)
	at com.kms.katalon.core.common.CommonExecutor.accessTestCaseMainPhase(CommonExecutor.java:65)
	at com.kms.katalon.core.main.TestSuiteExecutor.accessTestSuiteMainPhase(TestSuiteExecutor.java:148)
	at com.kms.katalon.core.main.TestSuiteExecutor.execute(TestSuiteExecutor.java:106)
	at com.kms.katalon.core.main.TestCaseMain.startTestSuite(TestCaseMain.java:187)
	at com.kms.katalon.core.main.TestCaseMain$startTestSuite$0.call(Unknown Source)
	at TempTestSuite1722414562516.run(TempTestSuite1722414562516.groovy:35)
Caused by: org.openqa.selenium.StaleElementReferenceException: stale element reference: stale element not found in the current frame
  (Session info: chrome=127.0.6533.72)
For documentation on this error, please visit: https://www.seleniumhq.org/exceptions/stale_element_reference.html
Build info: version: '3.141.59', revision: 'e82be7d358', time: '2018-11-14T08:25:53'
System info: host: 'LP-NEW-2', ip: '192.168.8.195', os.name: 'Windows 11', os.arch: 'amd64', os.version: '10.0', java.version: '1.8.0_362'
Driver info: org.openqa.selenium.chrome.ChromeDriver
Capabilities {acceptInsecureCerts: true, browserName: chrome, browserVersion: 127.0.6533.72, chrome: {chromedriverVersion: 126.0.6478.126 (d36ace6122e..., userDataDir: C:\Users\LP-SUP~1\AppData\L...}, fedcm:accounts: true, goog:chromeOptions: {debuggerAddress: localhost:53198}, javascriptEnabled: true, networkConnectionEnabled: false, pageLoadStrategy: normal, platform: WINDOWS, platformName: WINDOWS, proxy: Proxy(), setWindowRect: true, strictFileInteractability: false, timeouts: {implicit: 0, pageLoad: 300000, script: 30000}, unhandledPromptBehavior: dismiss and notify, webauthn:extension:credBlob: true, webauthn:extension:largeBlob: true, webauthn:extension:minPinLength: true, webauthn:extension:prf: true, webauthn:virtualAuthenticators: true}
Session ID: 29a58ce2af22e0a552989076fd962bc6
	at org.openqa.selenium.remote.http.W3CHttpResponseCodec.createException(W3CHttpResponseCodec.java:187)
	at org.openqa.selenium.remote.http.W3CHttpResponseCodec.decode(W3CHttpResponseCodec.java:122)
	at org.openqa.selenium.remote.http.W3CHttpResponseCodec.decode(W3CHttpResponseCodec.java:49)
	at org.openqa.selenium.remote.HttpCommandExecutor.execute(HttpCommandExecutor.java:158)
	at org.openqa.selenium.remote.service.DriverCommandExecutor.execute(DriverCommandExecutor.java:83)
	at org.openqa.selenium.remote.RemoteWebDriver.execute(RemoteWebDriver.java:552)
	at org.openqa.selenium.remote.RemoteWebElement.execute(RemoteWebElement.java:285)
	at org.openqa.selenium.remote.RemoteWebElement.click(RemoteWebElement.java:84)
	at org.openqa.selenium.support.events.EventFiringWebDriver$EventFiringWebElement.lambda$new$0(EventFiringWebDriver.java:404)
	at com.sun.proxy.$Proxy12.click(Unknown Source)
	at org.openqa.selenium.support.events.EventFiringWebDriver$EventFiringWebElement.click(EventFiringWebDriver.java:417)
	at org.openqa.selenium.WebElement$click.call(Unknown Source)
	at com.kms.katalon.core.webui.keyword.builtin.ClickKeyword.clickUntilSuccessWithTimeout(ClickKeyword.groovy:81)
	at com.kms.katalon.core.webui.keyword.builtin.ClickKeyword.clickUntilSuccessWithTimeout(ClickKeyword.groovy)
	at com.kms.katalon.core.webui.keyword.builtin.ClickKeyword$_click_closure1.doCall(ClickKeyword.groovy:67)
	at com.kms.katalon.core.webui.keyword.builtin.ClickKeyword$_click_closure1.call(ClickKeyword.groovy)
	at com.kms.katalon.core.webui.keyword.internal.WebUIKeywordMain.runKeyword(WebUIKeywordMain.groovy:20)
	... 22 more]]></system-err>
      </testcase>
      <testcase name="Test Cases/PM/Hwauei/Stats/4G/Cell/Cell-Aggregation" time="149.817" classname="Test Cases/PM/Hwauei/Stats/4G/Cell/Cell-Aggregation" status="FAILED">
         <failure type="FAILED" message="Test Cases/PM/Hwauei/Stats/4G/Cell/Cell-Aggregation FAILED.
Reason:
com.kms.katalon.core.exception.StepFailedException: Unable to click on object 'Object Repository/PM/PM-Button'
	at com.kms.katalon.core.webui.keyword.internal.WebUIKeywordMain.stepFailed(WebUIKeywordMain.groovy:64)
	at com.kms.katalon.core.webui.keyword.internal.WebUIKeywordMain.runKeyword(WebUIKeywordMain.groovy:26)
	at com.kms.katalon.core.webui.keyword.builtin.ClickKeyword.click(ClickKeyword.groovy:74)
	at com.kms.katalon.core.webui.keyword.builtin.ClickKeyword.execute(ClickKeyword.groovy:40)
	at com.kms.katalon.core.keyword.internal.KeywordExecutor.executeKeywordForPlatform(KeywordExecutor.groovy:74)
	at com.kms.katalon.core.webui.keyword.WebUiBuiltInKeywords.click(WebUiBuiltInKeywords.groovy:620)
	at com.kms.katalon.core.webui.keyword.WebUiBuiltInKeywords$click$2.call(Unknown Source)
	at Cell-Aggregation.run(Cell-Aggregation:25)
	at com.kms.katalon.core.main.ScriptEngine.run(ScriptEngine.java:194)
	at com.kms.katalon.core.main.ScriptEngine.runScriptAsRawText(ScriptEngine.java:119)
	at com.kms.katalon.core.main.TestCaseExecutor.runScript(TestCaseExecutor.java:448)
	at com.kms.katalon.core.main.TestCaseExecutor.doExecute(TestCaseExecutor.java:439)
	at com.kms.katalon.core.main.TestCaseExecutor.processExecutionPhase(TestCaseExecutor.java:418)
	at com.kms.katalon.core.main.TestCaseExecutor.accessMainPhase(TestCaseExecutor.java:410)
	at com.kms.katalon.core.main.TestCaseExecutor.execute(TestCaseExecutor.java:285)
	at com.kms.katalon.core.common.CommonExecutor.accessTestCaseMainPhase(CommonExecutor.java:65)
	at com.kms.katalon.core.main.TestSuiteExecutor.accessTestSuiteMainPhase(TestSuiteExecutor.java:148)
	at com.kms.katalon.core.main.TestSuiteExecutor.execute(TestSuiteExecutor.java:106)
	at com.kms.katalon.core.main.TestCaseMain.startTestSuite(TestCaseMain.java:187)
	at com.kms.katalon.core.main.TestCaseMain$startTestSuite$0.call(Unknown Source)
	at TempTestSuite1722414562516.run(TempTestSuite1722414562516.groovy:35)
Caused by: com.kms.katalon.core.webui.exception.WebElementNotFoundException: Web element with id: 'Object Repository/PM/PM-Button' located by '/html[1]/body[1]/app-root[1]/div[1]/app-app-container[1]/div[1]/div[1]/app-landing-page[1]/div[1]/div[1]/div[2]/div[3]/div[1]/a[1]/div[1]' not found
	at com.kms.katalon.core.webui.common.WebUiCommonHelper.findWebElement(WebUiCommonHelper.java:1381)
	at com.kms.katalon.core.webui.keyword.internal.WebUIAbstractKeyword.findWebElement(WebUIAbstractKeyword.groovy:27)
	at com.kms.katalon.core.webui.keyword.builtin.ClickKeyword$_click_closure1.doCall(ClickKeyword.groovy:65)
	at com.kms.katalon.core.webui.keyword.builtin.ClickKeyword$_click_closure1.call(ClickKeyword.groovy)
	at com.kms.katalon.core.webui.keyword.internal.WebUIKeywordMain.runKeyword(WebUIKeywordMain.groovy:20)
	... 19 more
"/>
         <system-out><![CDATA[2024-07-31 11:34:42 - [TEST_CASE][FAILED] - Test Cases/PM/Hwauei/Stats/4G/Cell/Cell-Aggregation: Test Cases/PM/Hwauei/Stats/4G/Cell/Cell-Aggregation FAILED.
Reason:
com.kms.katalon.core.exception.StepFailedException: Unable to click on object 'Object Repository/PM/PM-Button'
	at com.kms.katalon.core.webui.keyword.internal.WebUIKeywordMain.stepFailed(WebUIKeywordMain.groovy:64)
	at com.kms.katalon.core.webui.keyword.internal.WebUIKeywordMain.runKeyword(WebUIKeywordMain.groovy:26)
	at com.kms.katalon.core.webui.keyword.builtin.ClickKeyword.click(ClickKeyword.groovy:74)
	at com.kms.katalon.core.webui.keyword.builtin.ClickKeyword.execute(ClickKeyword.groovy:40)
	at com.kms.katalon.core.keyword.internal.KeywordExecutor.executeKeywordForPlatform(KeywordExecutor.groovy:74)
	at com.kms.katalon.core.webui.keyword.WebUiBuiltInKeywords.click(WebUiBuiltInKeywords.groovy:620)
	at com.kms.katalon.core.webui.keyword.WebUiBuiltInKeywords$click$2.call(Unknown Source)
	at Cell-Aggregation.run(Cell-Aggregation:25)
	at com.kms.katalon.core.main.ScriptEngine.run(ScriptEngine.java:194)
	at com.kms.katalon.core.main.ScriptEngine.runScriptAsRawText(ScriptEngine.java:119)
	at com.kms.katalon.core.main.TestCaseExecutor.runScript(TestCaseExecutor.java:448)
	at com.kms.katalon.core.main.TestCaseExecutor.doExecute(TestCaseExecutor.java:439)
	at com.kms.katalon.core.main.TestCaseExecutor.processExecutionPhase(TestCaseExecutor.java:418)
	at com.kms.katalon.core.main.TestCaseExecutor.accessMainPhase(TestCaseExecutor.java:410)
	at com.kms.katalon.core.main.TestCaseExecutor.execute(TestCaseExecutor.java:285)
	at com.kms.katalon.core.common.CommonExecutor.accessTestCaseMainPhase(CommonExecutor.java:65)
	at com.kms.katalon.core.main.TestSuiteExecutor.accessTestSuiteMainPhase(TestSuiteExecutor.java:148)
	at com.kms.katalon.core.main.TestSuiteExecutor.execute(TestSuiteExecutor.java:106)
	at com.kms.katalon.core.main.TestCaseMain.startTestSuite(TestCaseMain.java:187)
	at com.kms.katalon.core.main.TestCaseMain$startTestSuite$0.call(Unknown Source)
	at TempTestSuite1722414562516.run(TempTestSuite1722414562516.groovy:35)
Caused by: com.kms.katalon.core.webui.exception.WebElementNotFoundException: Web element with id: 'Object Repository/PM/PM-Button' located by '/html[1]/body[1]/app-root[1]/div[1]/app-app-container[1]/div[1]/div[1]/app-landing-page[1]/div[1]/div[1]/div[2]/div[3]/div[1]/a[1]/div[1]' not found
	at com.kms.katalon.core.webui.common.WebUiCommonHelper.findWebElement(WebUiCommonHelper.java:1381)
	at com.kms.katalon.core.webui.keyword.internal.WebUIAbstractKeyword.findWebElement(WebUIAbstractKeyword.groovy:27)
	at com.kms.katalon.core.webui.keyword.builtin.ClickKeyword$_click_closure1.doCall(ClickKeyword.groovy:65)
	at com.kms.katalon.core.webui.keyword.builtin.ClickKeyword$_click_closure1.call(ClickKeyword.groovy)
	at com.kms.katalon.core.webui.keyword.internal.WebUIKeywordMain.runKeyword(WebUIKeywordMain.groovy:20)
	... 19 more


2024-07-31 11:34:42 - [TEST_STEP][PASSED] - callTestCase(findTestCase("Login"), [:], STOP_ON_FAILURE): Call Test Case 'Test Cases/Login' successfully

2024-07-31 11:34:42 - [TEST_CASE][PASSED] - Test Cases/Login: Test Cases/Login

2024-07-31 11:34:42 - [TEST_STEP][PASSED] - driver = general.start(SwagerURL, NetCellURL): general.start is PASSED

2024-07-31 11:34:42 - [MESSAGE][INFO] - >>> chromeDriverPath=C:\Users\LP-Support\.katalon\packages\Katalon_Studio_Windows_64-8.6.9\Katalon_Studio_Windows_64-8.6.9\configuration\resources\drivers\chromedriver_win32\chromedriver.exe

2024-07-31 11:34:44 - [MESSAGE][PASSED] - Current window maximized

2024-07-31 11:34:45 - [MESSAGE][PASSED] - Execute JavaScript 'window.open();' successfully

2024-07-31 11:34:45 - [MESSAGE][PASSED] - Switched to window with index: '1'

2024-07-31 11:34:45 - [MESSAGE][PASSED] - general.start is PASSED

2024-07-31 11:34:45 - [TEST_STEP][PASSED] - click(findTestObject("Object Repository/Login/LoginButton")): Object: 'Object Repository/Login/LoginButton' is clicked on

2024-07-31 11:34:46 - [MESSAGE][PASSED] - Object: 'Object Repository/Login/LoginButton' is clicked on

2024-07-31 11:34:46 - [TEST_STEP][PASSED] - switchToWindowIndex(2): Switched to window with index: '2'

2024-07-31 11:34:46 - [MESSAGE][PASSED] - Switched to window with index: '2'

2024-07-31 11:34:46 - [TEST_STEP][PASSED] - delay(1): Delayed 1 second(s)

2024-07-31 11:34:47 - [MESSAGE][PASSED] - Delayed 1 second(s)

2024-07-31 11:34:47 - [TEST_STEP][PASSED] - sendKeys(findTestObject("Object Repository/Login/EnterEmail"), "homam@zztjg.onmicrosoft.com"): Keys 'homam@zztjg.onmicrosoft.com' sent to object: 'Object Repository/Login/EnterEmail'

2024-07-31 11:35:01 - [MESSAGE][PASSED] - Keys 'homam@zztjg.onmicrosoft.com' sent to object: 'Object Repository/Login/EnterEmail'

2024-07-31 11:35:01 - [TEST_STEP][PASSED] - delay(1): Delayed 1 second(s)

2024-07-31 11:35:02 - [MESSAGE][PASSED] - Delayed 1 second(s)

2024-07-31 11:35:02 - [TEST_STEP][PASSED] - click(findTestObject("Object Repository/Login/NextButton")): Object: 'Object Repository/Login/NextButton' is clicked on

2024-07-31 11:35:03 - [MESSAGE][PASSED] - Object: 'Object Repository/Login/NextButton' is clicked on

2024-07-31 11:35:03 - [TEST_STEP][PASSED] - delay(2): Delayed 2 second(s)

2024-07-31 11:35:05 - [MESSAGE][PASSED] - Delayed 2 second(s)

2024-07-31 11:35:05 - [TEST_STEP][PASSED] - sendKeys(findTestObject("Object Repository/Login/EnterPassword"), "Holder12345"): Keys 'Holder12345' sent to object: 'Object Repository/Login/EnterPassword'

2024-07-31 11:35:05 - [MESSAGE][PASSED] - Keys 'Holder12345' sent to object: 'Object Repository/Login/EnterPassword'

2024-07-31 11:35:05 - [TEST_STEP][PASSED] - delay(1): Delayed 1 second(s)

2024-07-31 11:35:06 - [MESSAGE][PASSED] - Delayed 1 second(s)

2024-07-31 11:35:06 - [TEST_STEP][PASSED] - click(findTestObject("Object Repository/Login/SigninButton")): Object: 'Object Repository/Login/SigninButton' is clicked on

2024-07-31 11:35:07 - [MESSAGE][PASSED] - Object: 'Object Repository/Login/SigninButton' is clicked on

2024-07-31 11:35:07 - [TEST_STEP][PASSED] - delay(1): Delayed 1 second(s)

2024-07-31 11:35:08 - [MESSAGE][PASSED] - Delayed 1 second(s)

2024-07-31 11:35:08 - [TEST_STEP][PASSED] - click(findTestObject("Object Repository/Login/YesStayInButton")): Object: 'Object Repository/Login/YesStayInButton' is clicked on

2024-07-31 11:35:10 - [MESSAGE][PASSED] - Object: 'Object Repository/Login/YesStayInButton' is clicked on

2024-07-31 11:35:10 - [MESSAGE][PASSED] - Call Test Case 'Test Cases/Login' successfully

2024-07-31 11:35:10 - [TEST_STEP][PASSED] - switchToWindowIndex(1): Switched to window with index: '1'

2024-07-31 11:35:10 - [MESSAGE][PASSED] - Switched to window with index: '1'

2024-07-31 11:35:10 - [TEST_STEP][FAILED] - click(findTestObject("Object Repository/PM/PM-Button")): Unable to click on object 'Object Repository/PM/PM-Button' (Root cause: com.kms.katalon.core.exception.StepFailedException: Unable to click on object 'Object Repository/PM/PM-Button'
	at com.kms.katalon.core.webui.keyword.internal.WebUIKeywordMain.stepFailed(WebUIKeywordMain.groovy:64)
	at com.kms.katalon.core.webui.keyword.internal.WebUIKeywordMain.runKeyword(WebUIKeywordMain.groovy:26)
	at com.kms.katalon.core.webui.keyword.builtin.ClickKeyword.click(ClickKeyword.groovy:74)
	at com.kms.katalon.core.webui.keyword.builtin.ClickKeyword.execute(ClickKeyword.groovy:40)
	at com.kms.katalon.core.keyword.internal.KeywordExecutor.executeKeywordForPlatform(KeywordExecutor.groovy:74)
	at com.kms.katalon.core.webui.keyword.WebUiBuiltInKeywords.click(WebUiBuiltInKeywords.groovy:620)
	at com.kms.katalon.core.webui.keyword.WebUiBuiltInKeywords$click$2.call(Unknown Source)
	at Cell-Aggregation.run(Cell-Aggregation:25)
	at com.kms.katalon.core.main.ScriptEngine.run(ScriptEngine.java:194)
	at com.kms.katalon.core.main.ScriptEngine.runScriptAsRawText(ScriptEngine.java:119)
	at com.kms.katalon.core.main.TestCaseExecutor.runScript(TestCaseExecutor.java:448)
	at com.kms.katalon.core.main.TestCaseExecutor.doExecute(TestCaseExecutor.java:439)
	at com.kms.katalon.core.main.TestCaseExecutor.processExecutionPhase(TestCaseExecutor.java:418)
	at com.kms.katalon.core.main.TestCaseExecutor.accessMainPhase(TestCaseExecutor.java:410)
	at com.kms.katalon.core.main.TestCaseExecutor.execute(TestCaseExecutor.java:285)
	at com.kms.katalon.core.common.CommonExecutor.accessTestCaseMainPhase(CommonExecutor.java:65)
	at com.kms.katalon.core.main.TestSuiteExecutor.accessTestSuiteMainPhase(TestSuiteExecutor.java:148)
	at com.kms.katalon.core.main.TestSuiteExecutor.execute(TestSuiteExecutor.java:106)
	at com.kms.katalon.core.main.TestCaseMain.startTestSuite(TestCaseMain.java:187)
	at com.kms.katalon.core.main.TestCaseMain$startTestSuite$0.call(Unknown Source)
	at TempTestSuite1722414562516.run(TempTestSuite1722414562516.groovy:35)
Caused by: com.kms.katalon.core.webui.exception.WebElementNotFoundException: Web element with id: 'Object Repository/PM/PM-Button' located by '/html[1]/body[1]/app-root[1]/div[1]/app-app-container[1]/div[1]/div[1]/app-landing-page[1]/div[1]/div[1]/div[2]/div[3]/div[1]/a[1]/div[1]' not found
	at com.kms.katalon.core.webui.common.WebUiCommonHelper.findWebElement(WebUiCommonHelper.java:1381)
	at com.kms.katalon.core.webui.keyword.internal.WebUIAbstractKeyword.findWebElement(WebUIAbstractKeyword.groovy:27)
	at com.kms.katalon.core.webui.keyword.builtin.ClickKeyword$_click_closure1.doCall(ClickKeyword.groovy:65)
	at com.kms.katalon.core.webui.keyword.builtin.ClickKeyword$_click_closure1.call(ClickKeyword.groovy)
	at com.kms.katalon.core.webui.keyword.internal.WebUIKeywordMain.runKeyword(WebUIKeywordMain.groovy:20)
	at com.kms.katalon.core.webui.keyword.builtin.ClickKeyword.click(ClickKeyword.groovy:74)
	at com.kms.katalon.core.webui.keyword.builtin.ClickKeyword.execute(ClickKeyword.groovy:40)
	at com.kms.katalon.core.keyword.internal.KeywordExecutor.executeKeywordForPlatform(KeywordExecutor.groovy:74)
	at com.kms.katalon.core.webui.keyword.WebUiBuiltInKeywords.click(WebUiBuiltInKeywords.groovy:620)
	at com.kms.katalon.core.webui.keyword.WebUiBuiltInKeywords$click$2.call(Unknown Source)
	at Script1722259334974.run(Script1722259334974.groovy:25)
	... 13 more
)

2024-07-31 11:37:11 - [MESSAGE][INFO] - Unable to find the element located by 'By.xpath: /html[1]/body[1]/app-root[1]/div[1]/app-app-container[1]/div[1]/div[1]/app-landing-page[1]/div[1]/div[1]/div[2]/div[3]/div[1]/a[1]/div[1]'. Please recheck the objects properties to make sure the desired element is located. 

2024-07-31 11:37:12 - [MESSAGE][FAILED] - Unable to click on object 'Object Repository/PM/PM-Button' (Root cause: com.kms.katalon.core.exception.StepFailedException: Unable to click on object 'Object Repository/PM/PM-Button'
	at com.kms.katalon.core.webui.keyword.internal.WebUIKeywordMain.stepFailed(WebUIKeywordMain.groovy:64)
	at com.kms.katalon.core.webui.keyword.internal.WebUIKeywordMain.runKeyword(WebUIKeywordMain.groovy:26)
	at com.kms.katalon.core.webui.keyword.builtin.ClickKeyword.click(ClickKeyword.groovy:74)
	at com.kms.katalon.core.webui.keyword.builtin.ClickKeyword.execute(ClickKeyword.groovy:40)
	at com.kms.katalon.core.keyword.internal.KeywordExecutor.executeKeywordForPlatform(KeywordExecutor.groovy:74)
	at com.kms.katalon.core.webui.keyword.WebUiBuiltInKeywords.click(WebUiBuiltInKeywords.groovy:620)
	at com.kms.katalon.core.webui.keyword.WebUiBuiltInKeywords$click$2.call(Unknown Source)
	at Cell-Aggregation.run(Cell-Aggregation:25)
	at com.kms.katalon.core.main.ScriptEngine.run(ScriptEngine.java:194)
	at com.kms.katalon.core.main.ScriptEngine.runScriptAsRawText(ScriptEngine.java:119)
	at com.kms.katalon.core.main.TestCaseExecutor.runScript(TestCaseExecutor.java:448)
	at com.kms.katalon.core.main.TestCaseExecutor.doExecute(TestCaseExecutor.java:439)
	at com.kms.katalon.core.main.TestCaseExecutor.processExecutionPhase(TestCaseExecutor.java:418)
	at com.kms.katalon.core.main.TestCaseExecutor.accessMainPhase(TestCaseExecutor.java:410)
	at com.kms.katalon.core.main.TestCaseExecutor.execute(TestCaseExecutor.java:285)
	at com.kms.katalon.core.common.CommonExecutor.accessTestCaseMainPhase(CommonExecutor.java:65)
	at com.kms.katalon.core.main.TestSuiteExecutor.accessTestSuiteMainPhase(TestSuiteExecutor.java:148)
	at com.kms.katalon.core.main.TestSuiteExecutor.execute(TestSuiteExecutor.java:106)
	at com.kms.katalon.core.main.TestCaseMain.startTestSuite(TestCaseMain.java:187)
	at com.kms.katalon.core.main.TestCaseMain$startTestSuite$0.call(Unknown Source)
	at TempTestSuite1722414562516.run(TempTestSuite1722414562516.groovy:35)
Caused by: com.kms.katalon.core.webui.exception.WebElementNotFoundException: Web element with id: 'Object Repository/PM/PM-Button' located by '/html[1]/body[1]/app-root[1]/div[1]/app-app-container[1]/div[1]/div[1]/app-landing-page[1]/div[1]/div[1]/div[2]/div[3]/div[1]/a[1]/div[1]' not found
	at com.kms.katalon.core.webui.common.WebUiCommonHelper.findWebElement(WebUiCommonHelper.java:1381)
	at com.kms.katalon.core.webui.keyword.internal.WebUIAbstractKeyword.findWebElement(WebUIAbstractKeyword.groovy:27)
	at com.kms.katalon.core.webui.keyword.builtin.ClickKeyword$_click_closure1.doCall(ClickKeyword.groovy:65)
	at com.kms.katalon.core.webui.keyword.builtin.ClickKeyword$_click_closure1.call(ClickKeyword.groovy)
	at com.kms.katalon.core.webui.keyword.internal.WebUIKeywordMain.runKeyword(WebUIKeywordMain.groovy:20)
	at com.kms.katalon.core.webui.keyword.builtin.ClickKeyword.click(ClickKeyword.groovy:74)
	at com.kms.katalon.core.webui.keyword.builtin.ClickKeyword.execute(ClickKeyword.groovy:40)
	at com.kms.katalon.core.keyword.internal.KeywordExecutor.executeKeywordForPlatform(KeywordExecutor.groovy:74)
	at com.kms.katalon.core.webui.keyword.WebUiBuiltInKeywords.click(WebUiBuiltInKeywords.groovy:620)
	at com.kms.katalon.core.webui.keyword.WebUiBuiltInKeywords$click$2.call(Unknown Source)
	at Script1722259334974.run(Script1722259334974.groovy:25)
	... 13 more
)
[[ATTACHMENT|C:\\Users\\LP-Support\\git\\NetCell\\Reports\\20240731_112922\\PM\\Hwauei\\Stats\\Regression Stats 4g\\20240731_112922\\1722415031755.png]]]]></system-out>
         <system-err><![CDATA[2024-07-31 11:34:42 - [TEST_CASE][FAILED] - Test Cases/PM/Hwauei/Stats/4G/Cell/Cell-Aggregation: Test Cases/PM/Hwauei/Stats/4G/Cell/Cell-Aggregation FAILED.
Reason:
com.kms.katalon.core.exception.StepFailedException: Unable to click on object 'Object Repository/PM/PM-Button'
	at com.kms.katalon.core.webui.keyword.internal.WebUIKeywordMain.stepFailed(WebUIKeywordMain.groovy:64)
	at com.kms.katalon.core.webui.keyword.internal.WebUIKeywordMain.runKeyword(WebUIKeywordMain.groovy:26)
	at com.kms.katalon.core.webui.keyword.builtin.ClickKeyword.click(ClickKeyword.groovy:74)
	at com.kms.katalon.core.webui.keyword.builtin.ClickKeyword.execute(ClickKeyword.groovy:40)
	at com.kms.katalon.core.keyword.internal.KeywordExecutor.executeKeywordForPlatform(KeywordExecutor.groovy:74)
	at com.kms.katalon.core.webui.keyword.WebUiBuiltInKeywords.click(WebUiBuiltInKeywords.groovy:620)
	at com.kms.katalon.core.webui.keyword.WebUiBuiltInKeywords$click$2.call(Unknown Source)
	at Cell-Aggregation.run(Cell-Aggregation:25)
	at com.kms.katalon.core.main.ScriptEngine.run(ScriptEngine.java:194)
	at com.kms.katalon.core.main.ScriptEngine.runScriptAsRawText(ScriptEngine.java:119)
	at com.kms.katalon.core.main.TestCaseExecutor.runScript(TestCaseExecutor.java:448)
	at com.kms.katalon.core.main.TestCaseExecutor.doExecute(TestCaseExecutor.java:439)
	at com.kms.katalon.core.main.TestCaseExecutor.processExecutionPhase(TestCaseExecutor.java:418)
	at com.kms.katalon.core.main.TestCaseExecutor.accessMainPhase(TestCaseExecutor.java:410)
	at com.kms.katalon.core.main.TestCaseExecutor.execute(TestCaseExecutor.java:285)
	at com.kms.katalon.core.common.CommonExecutor.accessTestCaseMainPhase(CommonExecutor.java:65)
	at com.kms.katalon.core.main.TestSuiteExecutor.accessTestSuiteMainPhase(TestSuiteExecutor.java:148)
	at com.kms.katalon.core.main.TestSuiteExecutor.execute(TestSuiteExecutor.java:106)
	at com.kms.katalon.core.main.TestCaseMain.startTestSuite(TestCaseMain.java:187)
	at com.kms.katalon.core.main.TestCaseMain$startTestSuite$0.call(Unknown Source)
	at TempTestSuite1722414562516.run(TempTestSuite1722414562516.groovy:35)
Caused by: com.kms.katalon.core.webui.exception.WebElementNotFoundException: Web element with id: 'Object Repository/PM/PM-Button' located by '/html[1]/body[1]/app-root[1]/div[1]/app-app-container[1]/div[1]/div[1]/app-landing-page[1]/div[1]/div[1]/div[2]/div[3]/div[1]/a[1]/div[1]' not found
	at com.kms.katalon.core.webui.common.WebUiCommonHelper.findWebElement(WebUiCommonHelper.java:1381)
	at com.kms.katalon.core.webui.keyword.internal.WebUIAbstractKeyword.findWebElement(WebUIAbstractKeyword.groovy:27)
	at com.kms.katalon.core.webui.keyword.builtin.ClickKeyword$_click_closure1.doCall(ClickKeyword.groovy:65)
	at com.kms.katalon.core.webui.keyword.builtin.ClickKeyword$_click_closure1.call(ClickKeyword.groovy)
	at com.kms.katalon.core.webui.keyword.internal.WebUIKeywordMain.runKeyword(WebUIKeywordMain.groovy:20)
	... 19 more]]></system-err>
      </testcase>
      <testcase name="Test Cases/PM/Hwauei/Stats/4G/Cluster/Cluster" time="75.986" classname="Test Cases/PM/Hwauei/Stats/4G/Cluster/Cluster" status="PASSED">
         <system-out><![CDATA[2024-07-31 11:37:12 - [TEST_CASE][PASSED] - Test Cases/PM/Hwauei/Stats/4G/Cluster/Cluster: Test Cases/PM/Hwauei/Stats/4G/Cluster/Cluster

2024-07-31 11:37:12 - [TEST_STEP][PASSED] - callTestCase(findTestCase("Login"), [:], STOP_ON_FAILURE): Call Test Case 'Test Cases/Login' successfully

2024-07-31 11:37:12 - [TEST_CASE][PASSED] - Test Cases/Login: Test Cases/Login

2024-07-31 11:37:12 - [TEST_STEP][PASSED] - driver = general.start(SwagerURL, NetCellURL): general.start is PASSED

2024-07-31 11:37:12 - [MESSAGE][INFO] - >>> chromeDriverPath=C:\Users\LP-Support\.katalon\packages\Katalon_Studio_Windows_64-8.6.9\Katalon_Studio_Windows_64-8.6.9\configuration\resources\drivers\chromedriver_win32\chromedriver.exe

2024-07-31 11:37:14 - [MESSAGE][PASSED] - Current window maximized

2024-07-31 11:37:15 - [MESSAGE][PASSED] - Execute JavaScript 'window.open();' successfully

2024-07-31 11:37:15 - [MESSAGE][PASSED] - Switched to window with index: '1'

2024-07-31 11:37:16 - [MESSAGE][PASSED] - general.start is PASSED

2024-07-31 11:37:16 - [TEST_STEP][PASSED] - click(findTestObject("Object Repository/Login/LoginButton")): Object: 'Object Repository/Login/LoginButton' is clicked on

2024-07-31 11:37:17 - [MESSAGE][PASSED] - Object: 'Object Repository/Login/LoginButton' is clicked on

2024-07-31 11:37:17 - [TEST_STEP][PASSED] - switchToWindowIndex(2): Switched to window with index: '2'

2024-07-31 11:37:17 - [MESSAGE][PASSED] - Switched to window with index: '2'

2024-07-31 11:37:17 - [TEST_STEP][PASSED] - delay(1): Delayed 1 second(s)

2024-07-31 11:37:18 - [MESSAGE][PASSED] - Delayed 1 second(s)

2024-07-31 11:37:18 - [TEST_STEP][PASSED] - sendKeys(findTestObject("Object Repository/Login/EnterEmail"), "homam@zztjg.onmicrosoft.com"): Keys 'homam@zztjg.onmicrosoft.com' sent to object: 'Object Repository/Login/EnterEmail'

2024-07-31 11:37:24 - [MESSAGE][PASSED] - Keys 'homam@zztjg.onmicrosoft.com' sent to object: 'Object Repository/Login/EnterEmail'

2024-07-31 11:37:24 - [TEST_STEP][PASSED] - delay(1): Delayed 1 second(s)

2024-07-31 11:37:25 - [MESSAGE][PASSED] - Delayed 1 second(s)

2024-07-31 11:37:25 - [TEST_STEP][PASSED] - click(findTestObject("Object Repository/Login/NextButton")): Object: 'Object Repository/Login/NextButton' is clicked on

2024-07-31 11:37:25 - [MESSAGE][PASSED] - Object: 'Object Repository/Login/NextButton' is clicked on

2024-07-31 11:37:25 - [TEST_STEP][PASSED] - delay(2): Delayed 2 second(s)

2024-07-31 11:37:27 - [MESSAGE][PASSED] - Delayed 2 second(s)

2024-07-31 11:37:27 - [TEST_STEP][PASSED] - sendKeys(findTestObject("Object Repository/Login/EnterPassword"), "Holder12345"): Keys 'Holder12345' sent to object: 'Object Repository/Login/EnterPassword'

2024-07-31 11:37:27 - [MESSAGE][PASSED] - Keys 'Holder12345' sent to object: 'Object Repository/Login/EnterPassword'

2024-07-31 11:37:27 - [TEST_STEP][PASSED] - delay(1): Delayed 1 second(s)

2024-07-31 11:37:28 - [MESSAGE][PASSED] - Delayed 1 second(s)

2024-07-31 11:37:28 - [TEST_STEP][PASSED] - click(findTestObject("Object Repository/Login/SigninButton")): Object: 'Object Repository/Login/SigninButton' is clicked on

2024-07-31 11:37:29 - [MESSAGE][PASSED] - Object: 'Object Repository/Login/SigninButton' is clicked on

2024-07-31 11:37:29 - [TEST_STEP][PASSED] - delay(1): Delayed 1 second(s)

2024-07-31 11:37:30 - [MESSAGE][PASSED] - Delayed 1 second(s)

2024-07-31 11:37:30 - [TEST_STEP][PASSED] - click(findTestObject("Object Repository/Login/YesStayInButton")): Object: 'Object Repository/Login/YesStayInButton' is clicked on

2024-07-31 11:37:31 - [MESSAGE][PASSED] - Object: 'Object Repository/Login/YesStayInButton' is clicked on

2024-07-31 11:37:31 - [MESSAGE][PASSED] - Call Test Case 'Test Cases/Login' successfully

2024-07-31 11:37:31 - [TEST_STEP][PASSED] - switchToWindowIndex(1): Switched to window with index: '1'

2024-07-31 11:37:31 - [MESSAGE][PASSED] - Switched to window with index: '1'

2024-07-31 11:37:31 - [TEST_STEP][PASSED] - PMHwaueiStats.Stats("4G", "Cluster", false, "Hourly"): PMHwaueiStats.Stats is PASSED

2024-07-31 11:37:32 - [MESSAGE][PASSED] - Object: 'Object Repository/PM/PM-Button' is clicked on

2024-07-31 11:37:32 - [MESSAGE][PASSED] - Switched to window with index: '2'

2024-07-31 11:37:33 - [MESSAGE][PASSED] - Object: 'Object Repository/PM/Huawei-vendor/TopX/TopX Object Type' is clicked on

2024-07-31 11:37:34 - [MESSAGE][PASSED] - Delayed 1 second(s)

2024-07-31 11:37:34 - [MESSAGE][PASSED] - Object: 'Object Repository/PM/Huawei-vendor/Object-Type/TopX Object Types/TopX Clusters/TopX Cluster' is clicked on

2024-07-31 11:37:35 - [MESSAGE][PASSED] - Delayed 1 second(s)

2024-07-31 11:37:35 - [MESSAGE][WARNING] - Timeout '0' is invalid. Using default page load timeout: '120'

2024-07-31 11:37:35 - [MESSAGE][PASSED] - Scroll to object 'Object Repository/PM/Huawei-vendor/Object Border' successfully

2024-07-31 11:37:36 - [MESSAGE][PASSED] - Object: 'Object Repository/PM/Huawei-vendor/Object-Type/TopX Object Types/TopX Region Bands/TopX FDD Arrow' is clicked on

2024-07-31 11:37:36 - [MESSAGE][PASSED] - Object: 'Object Repository/PM/Huawei-vendor/Object-Type/TopX Object Types/TopX Sites/TopX East Amman Arrow' is clicked on

2024-07-31 11:37:36 - [MESSAGE][PASSED] - Object: 'Object Repository/PM/Huawei-vendor/Object-Type/TopX Object Types/TopX Cluster Bands/TopX East Amman Cluster 3' is clicked on

2024-07-31 11:37:37 - [MESSAGE][PASSED] - Object: 'Object Repository/PM/Huawei-vendor/Object-Type/TopX Object Types/TopX Cluster Bands/TopX East Amman Cluster 13' is clicked on

2024-07-31 11:37:37 - [MESSAGE][PASSED] - Object: 'Object Repository/PM/Huawei-vendor/Object-Type/TopX Object Types/TopX Sites/TopX East Amman CloseArrow' is clicked on

2024-07-31 11:37:38 - [MESSAGE][PASSED] - Object: 'Object Repository/PM/Huawei-vendor/Object-Type/TopX Object Types/TopX Sites/TopX North Jordan Arrow' is clicked on

2024-07-31 11:37:38 - [MESSAGE][PASSED] - Object: 'Object Repository/PM/Huawei-vendor/Object-Type/TopX Object Types/TopX Cluster Bands/TopX North Jordan Cluster 4' is clicked on

2024-07-31 11:37:38 - [MESSAGE][PASSED] - Object: 'Object Repository/PM/Huawei-vendor/Object-Type/TopX Object Types/TopX Cluster Bands/TopX North Jordan Cluster 14' is clicked on

2024-07-31 11:37:38 - [MESSAGE][PASSED] - Object: 'Object Repository/PM/Huawei-vendor/Object-Type/TopX Object Types/TopX Sites/TopX North Jordan CloseArrow' is clicked on

2024-07-31 11:37:38 - [MESSAGE][PASSED] - Object: 'Object Repository/PM/Huawei-vendor/Object-Type/TopX Object Types/TopX Region Bands/TopX FDD Close Arrow' is clicked on

2024-07-31 11:37:38 - [MESSAGE][WARNING] - Timeout '0' is invalid. Using default page load timeout: '120'

2024-07-31 11:37:39 - [MESSAGE][PASSED] - Scroll to object 'Object Repository/PM/Huawei-vendor/Include-last-hour' successfully

2024-07-31 11:37:39 - [MESSAGE][PASSED] - Object: 'Object Repository/PM/Huawei-vendor/StartDate/StartDate-Button' is clicked on

2024-07-31 11:37:40 - [MESSAGE][PASSED] - Delayed 1 second(s)

2024-07-31 11:37:40 - [MESSAGE][PASSED] - Object: 'Object Repository/PM/Huawei-vendor/StartDate/Monthly-Selection' is clicked on

2024-07-31 11:37:40 - [MESSAGE][PASSED] - Object: 'Object Repository/PM/Huawei-vendor/StartDate/May-Selection' is clicked on

2024-07-31 11:37:40 - [MESSAGE][PASSED] - Object: 'Object Repository/PM/Huawei-vendor/StartDate/1-May' is clicked on

2024-07-31 11:37:40 - [MESSAGE][PASSED] - Object: 'Object Repository/PM/Huawei-vendor/End-date/End-Time-Button' is clicked on

2024-07-31 11:37:41 - [MESSAGE][PASSED] - Delayed 1 second(s)

2024-07-31 11:37:42 - [MESSAGE][PASSED] - Object: 'Object Repository/PM/Huawei-vendor/End-date/Monthly-Selection' is clicked on

2024-07-31 11:37:42 - [MESSAGE][PASSED] - Object: 'Object Repository/PM/Huawei-vendor/End-date/May-Selection' is clicked on

2024-07-31 11:37:42 - [MESSAGE][PASSED] - Object: 'Object Repository/PM/Huawei-vendor/End-date/30-May' is clicked on

2024-07-31 11:37:42 - [MESSAGE][WARNING] - Timeout '0' is invalid. Using default page load timeout: '120'

2024-07-31 11:37:42 - [MESSAGE][PASSED] - Scroll to object 'Object Repository/PM/Huawei-vendor/KPIs/HO-kpi-checkbox' successfully

2024-07-31 11:37:43 - [MESSAGE][PASSED] - Delayed 1 second(s)

2024-07-31 11:37:43 - [MESSAGE][PASSED] - Object: 'Object Repository/PM/Huawei-vendor/KPIs/OMAR-KPI' is clicked on

2024-07-31 11:37:44 - [MESSAGE][PASSED] - Object: 'Object Repository/PM/Huawei-vendor/Apply-Button' is clicked on

2024-07-31 11:37:44 - [MESSAGE][WARNING] - Timeout '0' is invalid. Using default page load timeout: '120'

2024-07-31 11:37:44 - [MESSAGE][PASSED] - Web element with id: 'Object Repository/PM/Huawei-vendor/Error' located by 'By.xpath: //div[@class='toast-summary title-medium-m']' is not present after '120' second(s)

2024-07-31 11:37:44 - [MESSAGE][WARNING] - Timeout '0' is invalid. Using default page load timeout: '120'

2024-07-31 11:38:27 - [MESSAGE][PASSED] - Object 'Object Repository/PM/Huawei-vendor/Export-Result' is present

2024-07-31 11:38:28 - [MESSAGE][PASSED] - Browser is closed

2024-07-31 11:38:28 - [MESSAGE][PASSED] - PMHwaueiStats.Stats is PASSED]]></system-out>
         <system-err><![CDATA[]]></system-err>
      </testcase>
      <testcase name="Test Cases/PM/Hwauei/Stats/4G/Cluster/Cluster Aggregation" time="37.909" classname="Test Cases/PM/Hwauei/Stats/4G/Cluster/Cluster Aggregation" status="PASSED">
         <system-out><![CDATA[2024-07-31 11:38:28 - [TEST_CASE][PASSED] - Test Cases/PM/Hwauei/Stats/4G/Cluster/Cluster Aggregation: Test Cases/PM/Hwauei/Stats/4G/Cluster/Cluster Aggregation

2024-07-31 11:38:28 - [TEST_STEP][PASSED] - callTestCase(findTestCase("Login"), [:], STOP_ON_FAILURE): Call Test Case 'Test Cases/Login' successfully

2024-07-31 11:38:28 - [TEST_CASE][PASSED] - Test Cases/Login: Test Cases/Login

2024-07-31 11:38:28 - [TEST_STEP][PASSED] - driver = general.start(SwagerURL, NetCellURL): general.start is PASSED

2024-07-31 11:38:28 - [MESSAGE][INFO] - >>> chromeDriverPath=C:\Users\LP-Support\.katalon\packages\Katalon_Studio_Windows_64-8.6.9\Katalon_Studio_Windows_64-8.6.9\configuration\resources\drivers\chromedriver_win32\chromedriver.exe

2024-07-31 11:38:29 - [MESSAGE][PASSED] - Current window maximized

2024-07-31 11:38:30 - [MESSAGE][PASSED] - Execute JavaScript 'window.open();' successfully

2024-07-31 11:38:30 - [MESSAGE][PASSED] - Switched to window with index: '1'

2024-07-31 11:38:31 - [MESSAGE][PASSED] - general.start is PASSED

2024-07-31 11:38:31 - [TEST_STEP][PASSED] - click(findTestObject("Object Repository/Login/LoginButton")): Object: 'Object Repository/Login/LoginButton' is clicked on

2024-07-31 11:38:32 - [MESSAGE][PASSED] - Object: 'Object Repository/Login/LoginButton' is clicked on

2024-07-31 11:38:32 - [TEST_STEP][PASSED] - switchToWindowIndex(2): Switched to window with index: '2'

2024-07-31 11:38:32 - [MESSAGE][PASSED] - Switched to window with index: '2'

2024-07-31 11:38:32 - [TEST_STEP][PASSED] - delay(1): Delayed 1 second(s)

2024-07-31 11:38:33 - [MESSAGE][PASSED] - Delayed 1 second(s)

2024-07-31 11:38:33 - [TEST_STEP][PASSED] - sendKeys(findTestObject("Object Repository/Login/EnterEmail"), "homam@zztjg.onmicrosoft.com"): Keys 'homam@zztjg.onmicrosoft.com' sent to object: 'Object Repository/Login/EnterEmail'

2024-07-31 11:38:34 - [MESSAGE][PASSED] - Keys 'homam@zztjg.onmicrosoft.com' sent to object: 'Object Repository/Login/EnterEmail'

2024-07-31 11:38:34 - [TEST_STEP][PASSED] - delay(1): Delayed 1 second(s)

2024-07-31 11:38:35 - [MESSAGE][PASSED] - Delayed 1 second(s)

2024-07-31 11:38:35 - [TEST_STEP][PASSED] - click(findTestObject("Object Repository/Login/NextButton")): Object: 'Object Repository/Login/NextButton' is clicked on

2024-07-31 11:38:35 - [MESSAGE][PASSED] - Object: 'Object Repository/Login/NextButton' is clicked on

2024-07-31 11:38:35 - [TEST_STEP][PASSED] - delay(2): Delayed 2 second(s)

2024-07-31 11:38:37 - [MESSAGE][PASSED] - Delayed 2 second(s)

2024-07-31 11:38:37 - [TEST_STEP][PASSED] - sendKeys(findTestObject("Object Repository/Login/EnterPassword"), "Holder12345"): Keys 'Holder12345' sent to object: 'Object Repository/Login/EnterPassword'

2024-07-31 11:38:38 - [MESSAGE][PASSED] - Keys 'Holder12345' sent to object: 'Object Repository/Login/EnterPassword'

2024-07-31 11:38:38 - [TEST_STEP][PASSED] - delay(1): Delayed 1 second(s)

2024-07-31 11:38:39 - [MESSAGE][PASSED] - Delayed 1 second(s)

2024-07-31 11:38:39 - [TEST_STEP][PASSED] - click(findTestObject("Object Repository/Login/SigninButton")): Object: 'Object Repository/Login/SigninButton' is clicked on

2024-07-31 11:38:39 - [MESSAGE][PASSED] - Object: 'Object Repository/Login/SigninButton' is clicked on

2024-07-31 11:38:39 - [TEST_STEP][PASSED] - delay(1): Delayed 1 second(s)

2024-07-31 11:38:40 - [MESSAGE][PASSED] - Delayed 1 second(s)

2024-07-31 11:38:40 - [TEST_STEP][PASSED] - click(findTestObject("Object Repository/Login/YesStayInButton")): Object: 'Object Repository/Login/YesStayInButton' is clicked on

2024-07-31 11:38:41 - [MESSAGE][PASSED] - Object: 'Object Repository/Login/YesStayInButton' is clicked on

2024-07-31 11:38:41 - [MESSAGE][PASSED] - Call Test Case 'Test Cases/Login' successfully

2024-07-31 11:38:41 - [TEST_STEP][PASSED] - switchToWindowIndex(1): Switched to window with index: '1'

2024-07-31 11:38:41 - [MESSAGE][PASSED] - Switched to window with index: '1'

2024-07-31 11:38:41 - [TEST_STEP][PASSED] - PMHwaueiStats.Stats("4G", "Cluster", true, "Hourly"): PMHwaueiStats.Stats is PASSED

2024-07-31 11:38:42 - [MESSAGE][PASSED] - Object: 'Object Repository/PM/PM-Button' is clicked on

2024-07-31 11:38:42 - [MESSAGE][PASSED] - Switched to window with index: '2'

2024-07-31 11:38:44 - [MESSAGE][PASSED] - Object: 'Object Repository/PM/Huawei-vendor/TopX/TopX Object Type' is clicked on

2024-07-31 11:38:45 - [MESSAGE][PASSED] - Delayed 1 second(s)

2024-07-31 11:38:45 - [MESSAGE][PASSED] - Object: 'Object Repository/PM/Huawei-vendor/Object-Type/TopX Object Types/TopX Clusters/TopX Cluster' is clicked on

2024-07-31 11:38:46 - [MESSAGE][PASSED] - Delayed 1 second(s)

2024-07-31 11:38:46 - [MESSAGE][WARNING] - Timeout '0' is invalid. Using default page load timeout: '120'

2024-07-31 11:38:46 - [MESSAGE][PASSED] - Scroll to object 'Object Repository/PM/Huawei-vendor/Object Border' successfully

2024-07-31 11:38:46 - [MESSAGE][PASSED] - Object: 'Object Repository/PM/Huawei-vendor/Object-Type/TopX Object Types/TopX Region Bands/TopX FDD Arrow' is clicked on

2024-07-31 11:38:46 - [MESSAGE][PASSED] - Object: 'Object Repository/PM/Huawei-vendor/Object-Type/TopX Object Types/TopX Regions/TopX Region East Amman' is clicked on

2024-07-31 11:38:47 - [MESSAGE][PASSED] - Object: 'Object Repository/PM/Huawei-vendor/Object-Type/TopX Object Types/TopX Regions/TopX Region West Amman' is clicked on

2024-07-31 11:38:47 - [MESSAGE][PASSED] - Object: 'Object Repository/PM/Huawei-vendor/Object-Type/TopX Object Types/TopX Regions/TopX Region South Jordan' is clicked on

2024-07-31 11:38:47 - [MESSAGE][PASSED] - Object: 'Object Repository/PM/Huawei-vendor/Object-Type/TopX Object Types/TopX Regions/TopX Region North Jordan' is clicked on

2024-07-31 11:38:47 - [MESSAGE][PASSED] - Object: 'Object Repository/PM/Huawei-vendor/Object-Type/TopX Object Types/TopX Region Bands/TopX FDD Close Arrow' is clicked on

2024-07-31 11:38:47 - [MESSAGE][PASSED] - Object: 'Object Repository/PM/Huawei-vendor/Object-Type/TopX Object Types/TopX Region Bands/TopX TDD Arrow' is clicked on

2024-07-31 11:38:48 - [MESSAGE][PASSED] - Object: 'Object Repository/PM/Huawei-vendor/Object-Type/TopX Object Types/TopX Regions/TopX Region East Jordan' is clicked on

2024-07-31 11:38:48 - [MESSAGE][PASSED] - Object: 'Object Repository/PM/Huawei-vendor/Object-Type/TopX Object Types/TopX Regions/TopX Region Others' is clicked on

2024-07-31 11:38:48 - [MESSAGE][PASSED] - Object: 'Object Repository/PM/Huawei-vendor/Object-Type/TopX Object Types/TopX Regions/TopX Region South Amman' is clicked on

2024-07-31 11:38:48 - [MESSAGE][PASSED] - Object: 'Object Repository/PM/Huawei-vendor/Object-Type/TopX Object Types/TopX Region Bands/TopX TDD Close Arrow' is clicked on

2024-07-31 11:38:48 - [MESSAGE][PASSED] - Object: 'Object Repository/PM/Huawei-vendor/Aggregation-CheckBox' is clicked on

2024-07-31 11:38:48 - [MESSAGE][WARNING] - Timeout '0' is invalid. Using default page load timeout: '120'

2024-07-31 11:38:48 - [MESSAGE][PASSED] - Scroll to object 'Object Repository/PM/Huawei-vendor/Include-last-hour' successfully

2024-07-31 11:38:48 - [MESSAGE][PASSED] - Object: 'Object Repository/PM/Huawei-vendor/StartDate/StartDate-Button' is clicked on

2024-07-31 11:38:49 - [MESSAGE][PASSED] - Delayed 1 second(s)

2024-07-31 11:38:50 - [MESSAGE][PASSED] - Object: 'Object Repository/PM/Huawei-vendor/StartDate/Monthly-Selection' is clicked on

2024-07-31 11:38:50 - [MESSAGE][PASSED] - Object: 'Object Repository/PM/Huawei-vendor/StartDate/May-Selection' is clicked on

2024-07-31 11:38:50 - [MESSAGE][PASSED] - Object: 'Object Repository/PM/Huawei-vendor/StartDate/1-May' is clicked on

2024-07-31 11:38:50 - [MESSAGE][PASSED] - Object: 'Object Repository/PM/Huawei-vendor/End-date/End-Time-Button' is clicked on

2024-07-31 11:38:51 - [MESSAGE][PASSED] - Delayed 1 second(s)

2024-07-31 11:38:51 - [MESSAGE][PASSED] - Object: 'Object Repository/PM/Huawei-vendor/End-date/Monthly-Selection' is clicked on

2024-07-31 11:38:52 - [MESSAGE][PASSED] - Object: 'Object Repository/PM/Huawei-vendor/End-date/May-Selection' is clicked on

2024-07-31 11:38:52 - [MESSAGE][PASSED] - Object: 'Object Repository/PM/Huawei-vendor/End-date/30-May' is clicked on

2024-07-31 11:38:52 - [MESSAGE][WARNING] - Timeout '0' is invalid. Using default page load timeout: '120'

2024-07-31 11:38:52 - [MESSAGE][PASSED] - Scroll to object 'Object Repository/PM/Huawei-vendor/KPIs/HO-kpi-checkbox' successfully

2024-07-31 11:38:53 - [MESSAGE][PASSED] - Delayed 1 second(s)

2024-07-31 11:38:53 - [MESSAGE][PASSED] - Object: 'Object Repository/PM/Huawei-vendor/KPIs/OMAR-KPI' is clicked on

2024-07-31 11:38:53 - [MESSAGE][PASSED] - Object: 'Object Repository/PM/Huawei-vendor/Apply-Button' is clicked on

2024-07-31 11:38:53 - [MESSAGE][WARNING] - Timeout '0' is invalid. Using default page load timeout: '120'

2024-07-31 11:38:53 - [MESSAGE][PASSED] - Web element with id: 'Object Repository/PM/Huawei-vendor/Error' located by 'By.xpath: //div[@class='toast-summary title-medium-m']' is not present after '120' second(s)

2024-07-31 11:38:53 - [MESSAGE][WARNING] - Timeout '0' is invalid. Using default page load timeout: '120'

2024-07-31 11:39:05 - [MESSAGE][PASSED] - Object 'Object Repository/PM/Huawei-vendor/Export-Result' is present

2024-07-31 11:39:06 - [MESSAGE][PASSED] - Browser is closed

2024-07-31 11:39:06 - [MESSAGE][PASSED] - PMHwaueiStats.Stats is PASSED]]></system-out>
         <system-err><![CDATA[]]></system-err>
      </testcase>
      <testcase name="Test Cases/PM/Hwauei/Stats/4G/Cluster Band/Cluster Band" time="150.39" classname="Test Cases/PM/Hwauei/Stats/4G/Cluster Band/Cluster Band" status="FAILED">
         <failure type="FAILED" message="Test Cases/PM/Hwauei/Stats/4G/Cluster Band/Cluster Band FAILED.
Reason:
com.kms.katalon.core.exception.StepFailedException: Unable to verify object 'Object Repository/PM/Huawei-vendor/Export-Result' is present
	at com.kms.katalon.core.webui.keyword.internal.WebUIKeywordMain.stepFailed(WebUIKeywordMain.groovy:64)
	at com.kms.katalon.core.webui.keyword.internal.WebUIKeywordMain.runKeyword(WebUIKeywordMain.groovy:26)
	at com.kms.katalon.core.webui.keyword.builtin.VerifyElementPresentKeyword.verifyElementPresent(VerifyElementPresentKeyword.groovy:92)
	at com.kms.katalon.core.webui.keyword.builtin.VerifyElementPresentKeyword.execute(VerifyElementPresentKeyword.groovy:68)
	at com.kms.katalon.core.keyword.internal.KeywordExecutor.executeKeywordForPlatform(KeywordExecutor.groovy:74)
	at com.kms.katalon.core.webui.keyword.WebUiBuiltInKeywords.verifyElementPresent(WebUiBuiltInKeywords.groovy:1464)
	at com.kms.katalon.core.webui.keyword.WebUiBuiltInKeywords$verifyElementPresent$6.call(Unknown Source)
	at PMHwaueiStats.Stats(PMHwaueiStats.groovy:650)
	at PMHwaueiStats.invokeMethod(PMHwaueiStats.groovy)
	at com.kms.katalon.core.main.CustomKeywordDelegatingMetaClass.invokeStaticMethod(CustomKeywordDelegatingMetaClass.java:55)
	at Cluster Band.run(Cluster Band:22)
	at com.kms.katalon.core.main.ScriptEngine.run(ScriptEngine.java:194)
	at com.kms.katalon.core.main.ScriptEngine.runScriptAsRawText(ScriptEngine.java:119)
	at com.kms.katalon.core.main.TestCaseExecutor.runScript(TestCaseExecutor.java:448)
	at com.kms.katalon.core.main.TestCaseExecutor.doExecute(TestCaseExecutor.java:439)
	at com.kms.katalon.core.main.TestCaseExecutor.processExecutionPhase(TestCaseExecutor.java:418)
	at com.kms.katalon.core.main.TestCaseExecutor.accessMainPhase(TestCaseExecutor.java:410)
	at com.kms.katalon.core.main.TestCaseExecutor.execute(TestCaseExecutor.java:285)
	at com.kms.katalon.core.common.CommonExecutor.accessTestCaseMainPhase(CommonExecutor.java:65)
	at com.kms.katalon.core.main.TestSuiteExecutor.accessTestSuiteMainPhase(TestSuiteExecutor.java:148)
	at com.kms.katalon.core.main.TestSuiteExecutor.execute(TestSuiteExecutor.java:106)
	at com.kms.katalon.core.main.TestCaseMain.startTestSuite(TestCaseMain.java:187)
	at com.kms.katalon.core.main.TestCaseMain$startTestSuite$0.call(Unknown Source)
	at TempTestSuite1722414562516.run(TempTestSuite1722414562516.groovy:35)
Caused by: com.kms.katalon.core.exception.StepFailedException: com.kms.katalon.core.webui.exception.WebElementNotFoundException: Web element with id: 'Object Repository/PM/Huawei-vendor/Export-Result' located by '//button[@class='btn btn-outline-primary export-btn']' not found
	at com.kms.katalon.core.webui.keyword.internal.WebUIKeywordMain.stepFailed(WebUIKeywordMain.groovy:64)
	at com.kms.katalon.core.webui.keyword.builtin.VerifyElementPresentKeyword$_verifyElementPresent_closure1.doCall(VerifyElementPresentKeyword.groovy:85)
	at com.kms.katalon.core.webui.keyword.builtin.VerifyElementPresentKeyword$_verifyElementPresent_closure1.call(VerifyElementPresentKeyword.groovy)
	at com.kms.katalon.core.webui.keyword.internal.WebUIKeywordMain.runKeyword(WebUIKeywordMain.groovy:20)
	... 22 more
"/>
         <system-out><![CDATA[2024-07-31 11:39:06 - [TEST_CASE][FAILED] - Test Cases/PM/Hwauei/Stats/4G/Cluster Band/Cluster Band: Test Cases/PM/Hwauei/Stats/4G/Cluster Band/Cluster Band FAILED.
Reason:
com.kms.katalon.core.exception.StepFailedException: Unable to verify object 'Object Repository/PM/Huawei-vendor/Export-Result' is present
	at com.kms.katalon.core.webui.keyword.internal.WebUIKeywordMain.stepFailed(WebUIKeywordMain.groovy:64)
	at com.kms.katalon.core.webui.keyword.internal.WebUIKeywordMain.runKeyword(WebUIKeywordMain.groovy:26)
	at com.kms.katalon.core.webui.keyword.builtin.VerifyElementPresentKeyword.verifyElementPresent(VerifyElementPresentKeyword.groovy:92)
	at com.kms.katalon.core.webui.keyword.builtin.VerifyElementPresentKeyword.execute(VerifyElementPresentKeyword.groovy:68)
	at com.kms.katalon.core.keyword.internal.KeywordExecutor.executeKeywordForPlatform(KeywordExecutor.groovy:74)
	at com.kms.katalon.core.webui.keyword.WebUiBuiltInKeywords.verifyElementPresent(WebUiBuiltInKeywords.groovy:1464)
	at com.kms.katalon.core.webui.keyword.WebUiBuiltInKeywords$verifyElementPresent$6.call(Unknown Source)
	at PMHwaueiStats.Stats(PMHwaueiStats.groovy:650)
	at PMHwaueiStats.invokeMethod(PMHwaueiStats.groovy)
	at com.kms.katalon.core.main.CustomKeywordDelegatingMetaClass.invokeStaticMethod(CustomKeywordDelegatingMetaClass.java:55)
	at Cluster Band.run(Cluster Band:22)
	at com.kms.katalon.core.main.ScriptEngine.run(ScriptEngine.java:194)
	at com.kms.katalon.core.main.ScriptEngine.runScriptAsRawText(ScriptEngine.java:119)
	at com.kms.katalon.core.main.TestCaseExecutor.runScript(TestCaseExecutor.java:448)
	at com.kms.katalon.core.main.TestCaseExecutor.doExecute(TestCaseExecutor.java:439)
	at com.kms.katalon.core.main.TestCaseExecutor.processExecutionPhase(TestCaseExecutor.java:418)
	at com.kms.katalon.core.main.TestCaseExecutor.accessMainPhase(TestCaseExecutor.java:410)
	at com.kms.katalon.core.main.TestCaseExecutor.execute(TestCaseExecutor.java:285)
	at com.kms.katalon.core.common.CommonExecutor.accessTestCaseMainPhase(CommonExecutor.java:65)
	at com.kms.katalon.core.main.TestSuiteExecutor.accessTestSuiteMainPhase(TestSuiteExecutor.java:148)
	at com.kms.katalon.core.main.TestSuiteExecutor.execute(TestSuiteExecutor.java:106)
	at com.kms.katalon.core.main.TestCaseMain.startTestSuite(TestCaseMain.java:187)
	at com.kms.katalon.core.main.TestCaseMain$startTestSuite$0.call(Unknown Source)
	at TempTestSuite1722414562516.run(TempTestSuite1722414562516.groovy:35)
Caused by: com.kms.katalon.core.exception.StepFailedException: com.kms.katalon.core.webui.exception.WebElementNotFoundException: Web element with id: 'Object Repository/PM/Huawei-vendor/Export-Result' located by '//button[@class='btn btn-outline-primary export-btn']' not found
	at com.kms.katalon.core.webui.keyword.internal.WebUIKeywordMain.stepFailed(WebUIKeywordMain.groovy:64)
	at com.kms.katalon.core.webui.keyword.builtin.VerifyElementPresentKeyword$_verifyElementPresent_closure1.doCall(VerifyElementPresentKeyword.groovy:85)
	at com.kms.katalon.core.webui.keyword.builtin.VerifyElementPresentKeyword$_verifyElementPresent_closure1.call(VerifyElementPresentKeyword.groovy)
	at com.kms.katalon.core.webui.keyword.internal.WebUIKeywordMain.runKeyword(WebUIKeywordMain.groovy:20)
	... 22 more


2024-07-31 11:39:06 - [TEST_STEP][PASSED] - callTestCase(findTestCase("Login"), [:], STOP_ON_FAILURE): Call Test Case 'Test Cases/Login' successfully

2024-07-31 11:39:06 - [TEST_CASE][PASSED] - Test Cases/Login: Test Cases/Login

2024-07-31 11:39:06 - [TEST_STEP][PASSED] - driver = general.start(SwagerURL, NetCellURL): general.start is PASSED

2024-07-31 11:39:06 - [MESSAGE][INFO] - >>> chromeDriverPath=C:\Users\LP-Support\.katalon\packages\Katalon_Studio_Windows_64-8.6.9\Katalon_Studio_Windows_64-8.6.9\configuration\resources\drivers\chromedriver_win32\chromedriver.exe

2024-07-31 11:39:07 - [MESSAGE][PASSED] - Current window maximized

2024-07-31 11:39:08 - [MESSAGE][PASSED] - Execute JavaScript 'window.open();' successfully

2024-07-31 11:39:08 - [MESSAGE][PASSED] - Switched to window with index: '1'

2024-07-31 11:39:09 - [MESSAGE][PASSED] - general.start is PASSED

2024-07-31 11:39:09 - [TEST_STEP][PASSED] - click(findTestObject("Object Repository/Login/LoginButton")): Object: 'Object Repository/Login/LoginButton' is clicked on

2024-07-31 11:39:10 - [MESSAGE][PASSED] - Object: 'Object Repository/Login/LoginButton' is clicked on

2024-07-31 11:39:10 - [TEST_STEP][PASSED] - switchToWindowIndex(2): Switched to window with index: '2'

2024-07-31 11:39:10 - [MESSAGE][PASSED] - Switched to window with index: '2'

2024-07-31 11:39:10 - [TEST_STEP][PASSED] - delay(1): Delayed 1 second(s)

2024-07-31 11:39:11 - [MESSAGE][PASSED] - Delayed 1 second(s)

2024-07-31 11:39:11 - [TEST_STEP][PASSED] - sendKeys(findTestObject("Object Repository/Login/EnterEmail"), "homam@zztjg.onmicrosoft.com"): Keys 'homam@zztjg.onmicrosoft.com' sent to object: 'Object Repository/Login/EnterEmail'

2024-07-31 11:39:13 - [MESSAGE][PASSED] - Keys 'homam@zztjg.onmicrosoft.com' sent to object: 'Object Repository/Login/EnterEmail'

2024-07-31 11:39:13 - [TEST_STEP][PASSED] - delay(1): Delayed 1 second(s)

2024-07-31 11:39:14 - [MESSAGE][PASSED] - Delayed 1 second(s)

2024-07-31 11:39:14 - [TEST_STEP][PASSED] - click(findTestObject("Object Repository/Login/NextButton")): Object: 'Object Repository/Login/NextButton' is clicked on

2024-07-31 11:39:14 - [MESSAGE][PASSED] - Object: 'Object Repository/Login/NextButton' is clicked on

2024-07-31 11:39:14 - [TEST_STEP][PASSED] - delay(2): Delayed 2 second(s)

2024-07-31 11:39:16 - [MESSAGE][PASSED] - Delayed 2 second(s)

2024-07-31 11:39:16 - [TEST_STEP][PASSED] - sendKeys(findTestObject("Object Repository/Login/EnterPassword"), "Holder12345"): Keys 'Holder12345' sent to object: 'Object Repository/Login/EnterPassword'

2024-07-31 11:39:16 - [MESSAGE][PASSED] - Keys 'Holder12345' sent to object: 'Object Repository/Login/EnterPassword'

2024-07-31 11:39:16 - [TEST_STEP][PASSED] - delay(1): Delayed 1 second(s)

2024-07-31 11:39:17 - [MESSAGE][PASSED] - Delayed 1 second(s)

2024-07-31 11:39:17 - [TEST_STEP][PASSED] - click(findTestObject("Object Repository/Login/SigninButton")): Object: 'Object Repository/Login/SigninButton' is clicked on

2024-07-31 11:39:18 - [MESSAGE][PASSED] - Object: 'Object Repository/Login/SigninButton' is clicked on

2024-07-31 11:39:18 - [TEST_STEP][PASSED] - delay(1): Delayed 1 second(s)

2024-07-31 11:39:19 - [MESSAGE][PASSED] - Delayed 1 second(s)

2024-07-31 11:39:19 - [TEST_STEP][PASSED] - click(findTestObject("Object Repository/Login/YesStayInButton")): Object: 'Object Repository/Login/YesStayInButton' is clicked on

2024-07-31 11:39:19 - [MESSAGE][PASSED] - Object: 'Object Repository/Login/YesStayInButton' is clicked on

2024-07-31 11:39:19 - [MESSAGE][PASSED] - Call Test Case 'Test Cases/Login' successfully

2024-07-31 11:39:19 - [TEST_STEP][PASSED] - switchToWindowIndex(1): Switched to window with index: '1'

2024-07-31 11:39:20 - [MESSAGE][PASSED] - Switched to window with index: '1'

2024-07-31 11:39:20 - [TEST_STEP][FAILED] - PMHwaueiStats.Stats("4G", "Cluster Band", false, "Hourly"): Unable to verify object 'Object Repository/PM/Huawei-vendor/Export-Result' is present

2024-07-31 11:39:22 - [MESSAGE][PASSED] - Object: 'Object Repository/PM/PM-Button' is clicked on

2024-07-31 11:39:23 - [MESSAGE][PASSED] - Switched to window with index: '2'

2024-07-31 11:39:23 - [MESSAGE][PASSED] - Object: 'Object Repository/PM/Huawei-vendor/TopX/TopX Object Type' is clicked on

2024-07-31 11:39:24 - [MESSAGE][PASSED] - Delayed 1 second(s)

2024-07-31 11:39:24 - [MESSAGE][PASSED] - Object: 'Object Repository/PM/Huawei-vendor/Object-Type/TopX Object Types/TopX Cluster Bands/TopX Cluster Band' is clicked on

2024-07-31 11:39:25 - [MESSAGE][PASSED] - Delayed 1 second(s)

2024-07-31 11:39:25 - [MESSAGE][WARNING] - Timeout '0' is invalid. Using default page load timeout: '120'

2024-07-31 11:39:25 - [MESSAGE][PASSED] - Scroll to object 'Object Repository/PM/Huawei-vendor/Object Border' successfully

2024-07-31 11:39:26 - [MESSAGE][PASSED] - Object: 'Object Repository/PM/Huawei-vendor/Object-Type/TopX Object Types/TopX Region Bands/TopX TDD Arrow' is clicked on

2024-07-31 11:39:26 - [MESSAGE][PASSED] - Object: 'Object Repository/PM/Huawei-vendor/Object-Type/TopX Object Types/TopX Sites/TopX South Amman Arrow' is clicked on

2024-07-31 11:39:26 - [MESSAGE][PASSED] - Object: 'Object Repository/PM/Huawei-vendor/Object-Type/TopX Object Types/TopX Cluster Bands/TopX South Amman Cluster 1' is clicked on

2024-07-31 11:39:27 - [MESSAGE][PASSED] - Object: 'Object Repository/PM/Huawei-vendor/Object-Type/TopX Object Types/TopX Cluster Bands/TopX South Amman Cluster 6' is clicked on

2024-07-31 11:39:27 - [MESSAGE][PASSED] - Object: 'Object Repository/PM/Huawei-vendor/Object-Type/TopX Object Types/TopX Sites/TopX South Amman CloseArrow' is clicked on

2024-07-31 11:39:27 - [MESSAGE][PASSED] - Object: 'Object Repository/PM/Huawei-vendor/Object-Type/TopX Object Types/TopX Sites/TopX East Jordan Arrow' is clicked on

2024-07-31 11:39:27 - [MESSAGE][PASSED] - Object: 'Object Repository/PM/Huawei-vendor/Object-Type/TopX Object Types/TopX Cluster Bands/TopX East Jordan Cluster 10' is clicked on

2024-07-31 11:39:28 - [MESSAGE][PASSED] - Object: 'Object Repository/PM/Huawei-vendor/Object-Type/TopX Object Types/TopX Cluster Bands/TopX East Jordan Cluster 11' is clicked on

2024-07-31 11:39:28 - [MESSAGE][PASSED] - Object: 'Object Repository/PM/Huawei-vendor/Object-Type/TopX Object Types/TopX Sites/TopX East Jordan CloseArrow' is clicked on

2024-07-31 11:39:28 - [MESSAGE][PASSED] - Object: 'Object Repository/PM/Huawei-vendor/Object-Type/TopX Object Types/TopX Sites/TopX Others Arrow' is clicked on

2024-07-31 11:39:28 - [MESSAGE][PASSED] - Object: 'Object Repository/PM/Huawei-vendor/Object-Type/TopX Object Types/TopX Cluster Bands/TopX Others Cluster 60' is clicked on

2024-07-31 11:39:29 - [MESSAGE][PASSED] - Object: 'Object Repository/PM/Huawei-vendor/Object-Type/TopX Object Types/TopX Cluster Bands/TopX Others Cluster 61' is clicked on

2024-07-31 11:39:29 - [MESSAGE][PASSED] - Object: 'Object Repository/PM/Huawei-vendor/Object-Type/TopX Object Types/TopX Sites/TopX Others CloseArrow' is clicked on

2024-07-31 11:39:29 - [MESSAGE][PASSED] - Object: 'Object Repository/PM/Huawei-vendor/Object-Type/TopX Object Types/TopX Region Bands/TopX TDD Close Arrow' is clicked on

2024-07-31 11:39:29 - [MESSAGE][WARNING] - Timeout '0' is invalid. Using default page load timeout: '120'

2024-07-31 11:39:29 - [MESSAGE][PASSED] - Scroll to object 'Object Repository/PM/Huawei-vendor/Include-last-hour' successfully

2024-07-31 11:39:30 - [MESSAGE][PASSED] - Object: 'Object Repository/PM/Huawei-vendor/StartDate/StartDate-Button' is clicked on

2024-07-31 11:39:31 - [MESSAGE][PASSED] - Delayed 1 second(s)

2024-07-31 11:39:31 - [MESSAGE][PASSED] - Object: 'Object Repository/PM/Huawei-vendor/StartDate/Monthly-Selection' is clicked on

2024-07-31 11:39:31 - [MESSAGE][PASSED] - Object: 'Object Repository/PM/Huawei-vendor/StartDate/May-Selection' is clicked on

2024-07-31 11:39:31 - [MESSAGE][PASSED] - Object: 'Object Repository/PM/Huawei-vendor/StartDate/1-May' is clicked on

2024-07-31 11:39:31 - [MESSAGE][PASSED] - Object: 'Object Repository/PM/Huawei-vendor/End-date/End-Time-Button' is clicked on

2024-07-31 11:39:32 - [MESSAGE][PASSED] - Delayed 1 second(s)

2024-07-31 11:39:33 - [MESSAGE][PASSED] - Object: 'Object Repository/PM/Huawei-vendor/End-date/Monthly-Selection' is clicked on

2024-07-31 11:39:33 - [MESSAGE][PASSED] - Object: 'Object Repository/PM/Huawei-vendor/End-date/May-Selection' is clicked on

2024-07-31 11:39:33 - [MESSAGE][PASSED] - Object: 'Object Repository/PM/Huawei-vendor/End-date/30-May' is clicked on

2024-07-31 11:39:33 - [MESSAGE][WARNING] - Timeout '0' is invalid. Using default page load timeout: '120'

2024-07-31 11:39:33 - [MESSAGE][PASSED] - Scroll to object 'Object Repository/PM/Huawei-vendor/KPIs/HO-kpi-checkbox' successfully

2024-07-31 11:39:34 - [MESSAGE][PASSED] - Delayed 1 second(s)

2024-07-31 11:39:34 - [MESSAGE][PASSED] - Object: 'Object Repository/PM/Huawei-vendor/KPIs/OMAR-KPI' is clicked on

2024-07-31 11:39:34 - [MESSAGE][PASSED] - Object: 'Object Repository/PM/Huawei-vendor/Apply-Button' is clicked on

2024-07-31 11:39:34 - [MESSAGE][WARNING] - Timeout '0' is invalid. Using default page load timeout: '120'

2024-07-31 11:39:35 - [MESSAGE][PASSED] - Web element with id: 'Object Repository/PM/Huawei-vendor/Error' located by 'By.xpath: //div[@class='toast-summary title-medium-m']' is not present after '120' second(s)

2024-07-31 11:39:35 - [MESSAGE][WARNING] - Timeout '0' is invalid. Using default page load timeout: '120'

2024-07-31 11:41:36 - [MESSAGE][INFO] - Unable to find the element located by 'By.xpath: //button[@class='btn btn-outline-primary export-btn']'. Please recheck the objects properties to make sure the desired element is located. 

2024-07-31 11:41:36 - [MESSAGE][FAILED] - com.kms.katalon.core.webui.exception.WebElementNotFoundException: Web element with id: 'Object Repository/PM/Huawei-vendor/Export-Result' located by '//button[@class='btn btn-outline-primary export-btn']' not found (Root cause: com.kms.katalon.core.exception.StepFailedException: com.kms.katalon.core.webui.exception.WebElementNotFoundException: Web element with id: 'Object Repository/PM/Huawei-vendor/Export-Result' located by '//button[@class='btn btn-outline-primary export-btn']' not found
	at com.kms.katalon.core.webui.keyword.internal.WebUIKeywordMain.stepFailed(WebUIKeywordMain.groovy:64)
	at com.kms.katalon.core.webui.keyword.builtin.VerifyElementPresentKeyword$_verifyElementPresent_closure1.doCall(VerifyElementPresentKeyword.groovy:85)
	at com.kms.katalon.core.webui.keyword.builtin.VerifyElementPresentKeyword$_verifyElementPresent_closure1.call(VerifyElementPresentKeyword.groovy)
	at com.kms.katalon.core.webui.keyword.internal.WebUIKeywordMain.runKeyword(WebUIKeywordMain.groovy:20)
	at com.kms.katalon.core.webui.keyword.builtin.VerifyElementPresentKeyword.verifyElementPresent(VerifyElementPresentKeyword.groovy:92)
	at com.kms.katalon.core.webui.keyword.builtin.VerifyElementPresentKeyword.execute(VerifyElementPresentKeyword.groovy:68)
	at com.kms.katalon.core.keyword.internal.KeywordExecutor.executeKeywordForPlatform(KeywordExecutor.groovy:74)
	at com.kms.katalon.core.webui.keyword.WebUiBuiltInKeywords.verifyElementPresent(WebUiBuiltInKeywords.groovy:1464)
	at com.kms.katalon.core.webui.keyword.WebUiBuiltInKeywords$verifyElementPresent$6.call(Unknown Source)
	at PMHwaueiStats.Stats(PMHwaueiStats.groovy:650)
	at PMHwaueiStats.invokeMethod(PMHwaueiStats.groovy)
	at com.kms.katalon.core.main.CustomKeywordDelegatingMetaClass.invokeStaticMethod(CustomKeywordDelegatingMetaClass.java:55)
	at Cluster Band.run(Cluster Band:22)
	at com.kms.katalon.core.main.ScriptEngine.run(ScriptEngine.java:194)
	at com.kms.katalon.core.main.ScriptEngine.runScriptAsRawText(ScriptEngine.java:119)
	at com.kms.katalon.core.main.TestCaseExecutor.runScript(TestCaseExecutor.java:448)
	at com.kms.katalon.core.main.TestCaseExecutor.doExecute(TestCaseExecutor.java:439)
	at com.kms.katalon.core.main.TestCaseExecutor.processExecutionPhase(TestCaseExecutor.java:418)
	at com.kms.katalon.core.main.TestCaseExecutor.accessMainPhase(TestCaseExecutor.java:410)
	at com.kms.katalon.core.main.TestCaseExecutor.execute(TestCaseExecutor.java:285)
	at com.kms.katalon.core.common.CommonExecutor.accessTestCaseMainPhase(CommonExecutor.java:65)
	at com.kms.katalon.core.main.TestSuiteExecutor.accessTestSuiteMainPhase(TestSuiteExecutor.java:148)
	at com.kms.katalon.core.main.TestSuiteExecutor.execute(TestSuiteExecutor.java:106)
	at com.kms.katalon.core.main.TestCaseMain.startTestSuite(TestCaseMain.java:187)
	at com.kms.katalon.core.main.TestCaseMain$startTestSuite$0.call(Unknown Source)
	at TempTestSuite1722414562516.run(TempTestSuite1722414562516.groovy:35)
)
[[ATTACHMENT|C:\\Users\\LP-Support\\git\\NetCell\\Reports\\20240731_112922\\PM\\Hwauei\\Stats\\Regression Stats 4g\\20240731_112922\\1722415296073.png]]

2024-07-31 11:41:36 - [MESSAGE][FAILED] - Unable to verify object 'Object Repository/PM/Huawei-vendor/Export-Result' is present (Root cause: com.kms.katalon.core.exception.StepFailedException: Unable to verify object 'Object Repository/PM/Huawei-vendor/Export-Result' is present
	at com.kms.katalon.core.webui.keyword.internal.WebUIKeywordMain.stepFailed(WebUIKeywordMain.groovy:64)
	at com.kms.katalon.core.webui.keyword.internal.WebUIKeywordMain.runKeyword(WebUIKeywordMain.groovy:26)
	at com.kms.katalon.core.webui.keyword.builtin.VerifyElementPresentKeyword.verifyElementPresent(VerifyElementPresentKeyword.groovy:92)
	at com.kms.katalon.core.webui.keyword.builtin.VerifyElementPresentKeyword.execute(VerifyElementPresentKeyword.groovy:68)
	at com.kms.katalon.core.keyword.internal.KeywordExecutor.executeKeywordForPlatform(KeywordExecutor.groovy:74)
	at com.kms.katalon.core.webui.keyword.WebUiBuiltInKeywords.verifyElementPresent(WebUiBuiltInKeywords.groovy:1464)
	at com.kms.katalon.core.webui.keyword.WebUiBuiltInKeywords$verifyElementPresent$6.call(Unknown Source)
	at PMHwaueiStats.Stats(PMHwaueiStats.groovy:650)
	at PMHwaueiStats.invokeMethod(PMHwaueiStats.groovy)
	at com.kms.katalon.core.main.CustomKeywordDelegatingMetaClass.invokeStaticMethod(CustomKeywordDelegatingMetaClass.java:55)
	at Cluster Band.run(Cluster Band:22)
	at com.kms.katalon.core.main.ScriptEngine.run(ScriptEngine.java:194)
	at com.kms.katalon.core.main.ScriptEngine.runScriptAsRawText(ScriptEngine.java:119)
	at com.kms.katalon.core.main.TestCaseExecutor.runScript(TestCaseExecutor.java:448)
	at com.kms.katalon.core.main.TestCaseExecutor.doExecute(TestCaseExecutor.java:439)
	at com.kms.katalon.core.main.TestCaseExecutor.processExecutionPhase(TestCaseExecutor.java:418)
	at com.kms.katalon.core.main.TestCaseExecutor.accessMainPhase(TestCaseExecutor.java:410)
	at com.kms.katalon.core.main.TestCaseExecutor.execute(TestCaseExecutor.java:285)
	at com.kms.katalon.core.common.CommonExecutor.accessTestCaseMainPhase(CommonExecutor.java:65)
	at com.kms.katalon.core.main.TestSuiteExecutor.accessTestSuiteMainPhase(TestSuiteExecutor.java:148)
	at com.kms.katalon.core.main.TestSuiteExecutor.execute(TestSuiteExecutor.java:106)
	at com.kms.katalon.core.main.TestCaseMain.startTestSuite(TestCaseMain.java:187)
	at com.kms.katalon.core.main.TestCaseMain$startTestSuite$0.call(Unknown Source)
	at TempTestSuite1722414562516.run(TempTestSuite1722414562516.groovy:35)
Caused by: com.kms.katalon.core.exception.StepFailedException: com.kms.katalon.core.webui.exception.WebElementNotFoundException: Web element with id: 'Object Repository/PM/Huawei-vendor/Export-Result' located by '//button[@class='btn btn-outline-primary export-btn']' not found
	at com.kms.katalon.core.webui.keyword.internal.WebUIKeywordMain.stepFailed(WebUIKeywordMain.groovy:64)
	at com.kms.katalon.core.webui.keyword.builtin.VerifyElementPresentKeyword$_verifyElementPresent_closure1.doCall(VerifyElementPresentKeyword.groovy:85)
	at com.kms.katalon.core.webui.keyword.builtin.VerifyElementPresentKeyword$_verifyElementPresent_closure1.call(VerifyElementPresentKeyword.groovy)
	at com.kms.katalon.core.webui.keyword.internal.WebUIKeywordMain.runKeyword(WebUIKeywordMain.groovy:20)
	... 22 more
)
[[ATTACHMENT|C:\\Users\\LP-Support\\git\\NetCell\\Reports\\20240731_112922\\PM\\Hwauei\\Stats\\Regression Stats 4g\\20240731_112922\\1722415296239.png]]

2024-07-31 11:41:36 - [MESSAGE][FAILED] - Unable to verify object 'Object Repository/PM/Huawei-vendor/Export-Result' is present]]></system-out>
         <system-err><![CDATA[2024-07-31 11:39:06 - [TEST_CASE][FAILED] - Test Cases/PM/Hwauei/Stats/4G/Cluster Band/Cluster Band: Test Cases/PM/Hwauei/Stats/4G/Cluster Band/Cluster Band FAILED.
Reason:
com.kms.katalon.core.exception.StepFailedException: Unable to verify object 'Object Repository/PM/Huawei-vendor/Export-Result' is present
	at com.kms.katalon.core.webui.keyword.internal.WebUIKeywordMain.stepFailed(WebUIKeywordMain.groovy:64)
	at com.kms.katalon.core.webui.keyword.internal.WebUIKeywordMain.runKeyword(WebUIKeywordMain.groovy:26)
	at com.kms.katalon.core.webui.keyword.builtin.VerifyElementPresentKeyword.verifyElementPresent(VerifyElementPresentKeyword.groovy:92)
	at com.kms.katalon.core.webui.keyword.builtin.VerifyElementPresentKeyword.execute(VerifyElementPresentKeyword.groovy:68)
	at com.kms.katalon.core.keyword.internal.KeywordExecutor.executeKeywordForPlatform(KeywordExecutor.groovy:74)
	at com.kms.katalon.core.webui.keyword.WebUiBuiltInKeywords.verifyElementPresent(WebUiBuiltInKeywords.groovy:1464)
	at com.kms.katalon.core.webui.keyword.WebUiBuiltInKeywords$verifyElementPresent$6.call(Unknown Source)
	at PMHwaueiStats.Stats(PMHwaueiStats.groovy:650)
	at PMHwaueiStats.invokeMethod(PMHwaueiStats.groovy)
	at com.kms.katalon.core.main.CustomKeywordDelegatingMetaClass.invokeStaticMethod(CustomKeywordDelegatingMetaClass.java:55)
	at Cluster Band.run(Cluster Band:22)
	at com.kms.katalon.core.main.ScriptEngine.run(ScriptEngine.java:194)
	at com.kms.katalon.core.main.ScriptEngine.runScriptAsRawText(ScriptEngine.java:119)
	at com.kms.katalon.core.main.TestCaseExecutor.runScript(TestCaseExecutor.java:448)
	at com.kms.katalon.core.main.TestCaseExecutor.doExecute(TestCaseExecutor.java:439)
	at com.kms.katalon.core.main.TestCaseExecutor.processExecutionPhase(TestCaseExecutor.java:418)
	at com.kms.katalon.core.main.TestCaseExecutor.accessMainPhase(TestCaseExecutor.java:410)
	at com.kms.katalon.core.main.TestCaseExecutor.execute(TestCaseExecutor.java:285)
	at com.kms.katalon.core.common.CommonExecutor.accessTestCaseMainPhase(CommonExecutor.java:65)
	at com.kms.katalon.core.main.TestSuiteExecutor.accessTestSuiteMainPhase(TestSuiteExecutor.java:148)
	at com.kms.katalon.core.main.TestSuiteExecutor.execute(TestSuiteExecutor.java:106)
	at com.kms.katalon.core.main.TestCaseMain.startTestSuite(TestCaseMain.java:187)
	at com.kms.katalon.core.main.TestCaseMain$startTestSuite$0.call(Unknown Source)
	at TempTestSuite1722414562516.run(TempTestSuite1722414562516.groovy:35)
Caused by: com.kms.katalon.core.exception.StepFailedException: com.kms.katalon.core.webui.exception.WebElementNotFoundException: Web element with id: 'Object Repository/PM/Huawei-vendor/Export-Result' located by '//button[@class='btn btn-outline-primary export-btn']' not found
	at com.kms.katalon.core.webui.keyword.internal.WebUIKeywordMain.stepFailed(WebUIKeywordMain.groovy:64)
	at com.kms.katalon.core.webui.keyword.builtin.VerifyElementPresentKeyword$_verifyElementPresent_closure1.doCall(VerifyElementPresentKeyword.groovy:85)
	at com.kms.katalon.core.webui.keyword.builtin.VerifyElementPresentKeyword$_verifyElementPresent_closure1.call(VerifyElementPresentKeyword.groovy)
	at com.kms.katalon.core.webui.keyword.internal.WebUIKeywordMain.runKeyword(WebUIKeywordMain.groovy:20)
	... 22 more]]></system-err>
      </testcase>
      <testcase name="Test Cases/PM/Hwauei/Stats/4G/Cluster Band/Cluster Band aggregation" time="157.376" classname="Test Cases/PM/Hwauei/Stats/4G/Cluster Band/Cluster Band aggregation" status="FAILED">
         <failure type="FAILED" message="Test Cases/PM/Hwauei/Stats/4G/Cluster Band/Cluster Band aggregation FAILED.
Reason:
com.kms.katalon.core.exception.StepFailedException: Unable to verify object 'Object Repository/PM/Huawei-vendor/Export-Result' is present
	at com.kms.katalon.core.webui.keyword.internal.WebUIKeywordMain.stepFailed(WebUIKeywordMain.groovy:64)
	at com.kms.katalon.core.webui.keyword.internal.WebUIKeywordMain.runKeyword(WebUIKeywordMain.groovy:26)
	at com.kms.katalon.core.webui.keyword.builtin.VerifyElementPresentKeyword.verifyElementPresent(VerifyElementPresentKeyword.groovy:92)
	at com.kms.katalon.core.webui.keyword.builtin.VerifyElementPresentKeyword.execute(VerifyElementPresentKeyword.groovy:68)
	at com.kms.katalon.core.keyword.internal.KeywordExecutor.executeKeywordForPlatform(KeywordExecutor.groovy:74)
	at com.kms.katalon.core.webui.keyword.WebUiBuiltInKeywords.verifyElementPresent(WebUiBuiltInKeywords.groovy:1464)
	at com.kms.katalon.core.webui.keyword.WebUiBuiltInKeywords$verifyElementPresent$6.call(Unknown Source)
	at PMHwaueiStats.Stats(PMHwaueiStats.groovy:650)
	at PMHwaueiStats.invokeMethod(PMHwaueiStats.groovy)
	at com.kms.katalon.core.main.CustomKeywordDelegatingMetaClass.invokeStaticMethod(CustomKeywordDelegatingMetaClass.java:55)
	at Cluster Band aggregation.run(Cluster Band aggregation:22)
	at com.kms.katalon.core.main.ScriptEngine.run(ScriptEngine.java:194)
	at com.kms.katalon.core.main.ScriptEngine.runScriptAsRawText(ScriptEngine.java:119)
	at com.kms.katalon.core.main.TestCaseExecutor.runScript(TestCaseExecutor.java:448)
	at com.kms.katalon.core.main.TestCaseExecutor.doExecute(TestCaseExecutor.java:439)
	at com.kms.katalon.core.main.TestCaseExecutor.processExecutionPhase(TestCaseExecutor.java:418)
	at com.kms.katalon.core.main.TestCaseExecutor.accessMainPhase(TestCaseExecutor.java:410)
	at com.kms.katalon.core.main.TestCaseExecutor.execute(TestCaseExecutor.java:285)
	at com.kms.katalon.core.common.CommonExecutor.accessTestCaseMainPhase(CommonExecutor.java:65)
	at com.kms.katalon.core.main.TestSuiteExecutor.accessTestSuiteMainPhase(TestSuiteExecutor.java:148)
	at com.kms.katalon.core.main.TestSuiteExecutor.execute(TestSuiteExecutor.java:106)
	at com.kms.katalon.core.main.TestCaseMain.startTestSuite(TestCaseMain.java:187)
	at com.kms.katalon.core.main.TestCaseMain$startTestSuite$0.call(Unknown Source)
	at TempTestSuite1722414562516.run(TempTestSuite1722414562516.groovy:35)
Caused by: com.kms.katalon.core.exception.StepFailedException: com.kms.katalon.core.webui.exception.WebElementNotFoundException: Web element with id: 'Object Repository/PM/Huawei-vendor/Export-Result' located by '//button[@class='btn btn-outline-primary export-btn']' not found
	at com.kms.katalon.core.webui.keyword.internal.WebUIKeywordMain.stepFailed(WebUIKeywordMain.groovy:64)
	at com.kms.katalon.core.webui.keyword.builtin.VerifyElementPresentKeyword$_verifyElementPresent_closure1.doCall(VerifyElementPresentKeyword.groovy:85)
	at com.kms.katalon.core.webui.keyword.builtin.VerifyElementPresentKeyword$_verifyElementPresent_closure1.call(VerifyElementPresentKeyword.groovy)
	at com.kms.katalon.core.webui.keyword.internal.WebUIKeywordMain.runKeyword(WebUIKeywordMain.groovy:20)
	... 22 more
"/>
         <system-out><![CDATA[2024-07-31 11:41:36 - [TEST_CASE][FAILED] - Test Cases/PM/Hwauei/Stats/4G/Cluster Band/Cluster Band aggregation: Test Cases/PM/Hwauei/Stats/4G/Cluster Band/Cluster Band aggregation FAILED.
Reason:
com.kms.katalon.core.exception.StepFailedException: Unable to verify object 'Object Repository/PM/Huawei-vendor/Export-Result' is present
	at com.kms.katalon.core.webui.keyword.internal.WebUIKeywordMain.stepFailed(WebUIKeywordMain.groovy:64)
	at com.kms.katalon.core.webui.keyword.internal.WebUIKeywordMain.runKeyword(WebUIKeywordMain.groovy:26)
	at com.kms.katalon.core.webui.keyword.builtin.VerifyElementPresentKeyword.verifyElementPresent(VerifyElementPresentKeyword.groovy:92)
	at com.kms.katalon.core.webui.keyword.builtin.VerifyElementPresentKeyword.execute(VerifyElementPresentKeyword.groovy:68)
	at com.kms.katalon.core.keyword.internal.KeywordExecutor.executeKeywordForPlatform(KeywordExecutor.groovy:74)
	at com.kms.katalon.core.webui.keyword.WebUiBuiltInKeywords.verifyElementPresent(WebUiBuiltInKeywords.groovy:1464)
	at com.kms.katalon.core.webui.keyword.WebUiBuiltInKeywords$verifyElementPresent$6.call(Unknown Source)
	at PMHwaueiStats.Stats(PMHwaueiStats.groovy:650)
	at PMHwaueiStats.invokeMethod(PMHwaueiStats.groovy)
	at com.kms.katalon.core.main.CustomKeywordDelegatingMetaClass.invokeStaticMethod(CustomKeywordDelegatingMetaClass.java:55)
	at Cluster Band aggregation.run(Cluster Band aggregation:22)
	at com.kms.katalon.core.main.ScriptEngine.run(ScriptEngine.java:194)
	at com.kms.katalon.core.main.ScriptEngine.runScriptAsRawText(ScriptEngine.java:119)
	at com.kms.katalon.core.main.TestCaseExecutor.runScript(TestCaseExecutor.java:448)
	at com.kms.katalon.core.main.TestCaseExecutor.doExecute(TestCaseExecutor.java:439)
	at com.kms.katalon.core.main.TestCaseExecutor.processExecutionPhase(TestCaseExecutor.java:418)
	at com.kms.katalon.core.main.TestCaseExecutor.accessMainPhase(TestCaseExecutor.java:410)
	at com.kms.katalon.core.main.TestCaseExecutor.execute(TestCaseExecutor.java:285)
	at com.kms.katalon.core.common.CommonExecutor.accessTestCaseMainPhase(CommonExecutor.java:65)
	at com.kms.katalon.core.main.TestSuiteExecutor.accessTestSuiteMainPhase(TestSuiteExecutor.java:148)
	at com.kms.katalon.core.main.TestSuiteExecutor.execute(TestSuiteExecutor.java:106)
	at com.kms.katalon.core.main.TestCaseMain.startTestSuite(TestCaseMain.java:187)
	at com.kms.katalon.core.main.TestCaseMain$startTestSuite$0.call(Unknown Source)
	at TempTestSuite1722414562516.run(TempTestSuite1722414562516.groovy:35)
Caused by: com.kms.katalon.core.exception.StepFailedException: com.kms.katalon.core.webui.exception.WebElementNotFoundException: Web element with id: 'Object Repository/PM/Huawei-vendor/Export-Result' located by '//button[@class='btn btn-outline-primary export-btn']' not found
	at com.kms.katalon.core.webui.keyword.internal.WebUIKeywordMain.stepFailed(WebUIKeywordMain.groovy:64)
	at com.kms.katalon.core.webui.keyword.builtin.VerifyElementPresentKeyword$_verifyElementPresent_closure1.doCall(VerifyElementPresentKeyword.groovy:85)
	at com.kms.katalon.core.webui.keyword.builtin.VerifyElementPresentKeyword$_verifyElementPresent_closure1.call(VerifyElementPresentKeyword.groovy)
	at com.kms.katalon.core.webui.keyword.internal.WebUIKeywordMain.runKeyword(WebUIKeywordMain.groovy:20)
	... 22 more


2024-07-31 11:41:36 - [TEST_STEP][PASSED] - callTestCase(findTestCase("Login"), [:], STOP_ON_FAILURE): Call Test Case 'Test Cases/Login' successfully

2024-07-31 11:41:36 - [TEST_CASE][PASSED] - Test Cases/Login: Test Cases/Login

2024-07-31 11:41:36 - [TEST_STEP][PASSED] - driver = general.start(SwagerURL, NetCellURL): general.start is PASSED

2024-07-31 11:41:36 - [MESSAGE][INFO] - >>> chromeDriverPath=C:\Users\LP-Support\.katalon\packages\Katalon_Studio_Windows_64-8.6.9\Katalon_Studio_Windows_64-8.6.9\configuration\resources\drivers\chromedriver_win32\chromedriver.exe

2024-07-31 11:41:38 - [MESSAGE][PASSED] - Current window maximized

2024-07-31 11:41:39 - [MESSAGE][PASSED] - Execute JavaScript 'window.open();' successfully

2024-07-31 11:41:39 - [MESSAGE][PASSED] - Switched to window with index: '1'

2024-07-31 11:41:41 - [MESSAGE][PASSED] - general.start is PASSED

2024-07-31 11:41:41 - [TEST_STEP][PASSED] - click(findTestObject("Object Repository/Login/LoginButton")): Object: 'Object Repository/Login/LoginButton' is clicked on

2024-07-31 11:41:41 - [MESSAGE][PASSED] - Object: 'Object Repository/Login/LoginButton' is clicked on

2024-07-31 11:41:41 - [TEST_STEP][PASSED] - switchToWindowIndex(2): Switched to window with index: '2'

2024-07-31 11:41:41 - [MESSAGE][PASSED] - Switched to window with index: '2'

2024-07-31 11:41:41 - [TEST_STEP][PASSED] - delay(1): Delayed 1 second(s)

2024-07-31 11:41:42 - [MESSAGE][PASSED] - Delayed 1 second(s)

2024-07-31 11:41:42 - [TEST_STEP][PASSED] - sendKeys(findTestObject("Object Repository/Login/EnterEmail"), "homam@zztjg.onmicrosoft.com"): Keys 'homam@zztjg.onmicrosoft.com' sent to object: 'Object Repository/Login/EnterEmail'

2024-07-31 11:41:47 - [MESSAGE][PASSED] - Keys 'homam@zztjg.onmicrosoft.com' sent to object: 'Object Repository/Login/EnterEmail'

2024-07-31 11:41:47 - [TEST_STEP][PASSED] - delay(1): Delayed 1 second(s)

2024-07-31 11:41:48 - [MESSAGE][PASSED] - Delayed 1 second(s)

2024-07-31 11:41:48 - [TEST_STEP][PASSED] - click(findTestObject("Object Repository/Login/NextButton")): Object: 'Object Repository/Login/NextButton' is clicked on

2024-07-31 11:41:48 - [MESSAGE][PASSED] - Object: 'Object Repository/Login/NextButton' is clicked on

2024-07-31 11:41:48 - [TEST_STEP][PASSED] - delay(2): Delayed 2 second(s)

2024-07-31 11:41:50 - [MESSAGE][PASSED] - Delayed 2 second(s)

2024-07-31 11:41:50 - [TEST_STEP][PASSED] - sendKeys(findTestObject("Object Repository/Login/EnterPassword"), "Holder12345"): Keys 'Holder12345' sent to object: 'Object Repository/Login/EnterPassword'

2024-07-31 11:41:51 - [MESSAGE][PASSED] - Keys 'Holder12345' sent to object: 'Object Repository/Login/EnterPassword'

2024-07-31 11:41:51 - [TEST_STEP][PASSED] - delay(1): Delayed 1 second(s)

2024-07-31 11:41:52 - [MESSAGE][PASSED] - Delayed 1 second(s)

2024-07-31 11:41:52 - [TEST_STEP][PASSED] - click(findTestObject("Object Repository/Login/SigninButton")): Object: 'Object Repository/Login/SigninButton' is clicked on

2024-07-31 11:41:53 - [MESSAGE][PASSED] - Object: 'Object Repository/Login/SigninButton' is clicked on

2024-07-31 11:41:53 - [TEST_STEP][PASSED] - delay(1): Delayed 1 second(s)

2024-07-31 11:41:54 - [MESSAGE][PASSED] - Delayed 1 second(s)

2024-07-31 11:41:54 - [TEST_STEP][PASSED] - click(findTestObject("Object Repository/Login/YesStayInButton")): Object: 'Object Repository/Login/YesStayInButton' is clicked on

2024-07-31 11:41:56 - [MESSAGE][PASSED] - Object: 'Object Repository/Login/YesStayInButton' is clicked on

2024-07-31 11:41:56 - [MESSAGE][PASSED] - Call Test Case 'Test Cases/Login' successfully

2024-07-31 11:41:56 - [TEST_STEP][PASSED] - switchToWindowIndex(1): Switched to window with index: '1'

2024-07-31 11:41:56 - [MESSAGE][PASSED] - Switched to window with index: '1'

2024-07-31 11:41:56 - [TEST_STEP][FAILED] - PMHwaueiStats.Stats("4G", "Region Band", true, "Hourly"): Unable to verify object 'Object Repository/PM/Huawei-vendor/Export-Result' is present

2024-07-31 11:41:56 - [MESSAGE][PASSED] - Object: 'Object Repository/PM/PM-Button' is clicked on

2024-07-31 11:41:57 - [MESSAGE][PASSED] - Switched to window with index: '2'

2024-07-31 11:42:03 - [MESSAGE][PASSED] - Object: 'Object Repository/PM/Huawei-vendor/TopX/TopX Object Type' is clicked on

2024-07-31 11:42:04 - [MESSAGE][PASSED] - Delayed 1 second(s)

2024-07-31 11:42:04 - [MESSAGE][PASSED] - Object: 'Object Repository/PM/Huawei-vendor/Object-Type/TopX Object Types/TopX Region Bands/TopX Reagion Band' is clicked on

2024-07-31 11:42:05 - [MESSAGE][PASSED] - Delayed 1 second(s)

2024-07-31 11:42:05 - [MESSAGE][WARNING] - Timeout '0' is invalid. Using default page load timeout: '120'

2024-07-31 11:42:06 - [MESSAGE][PASSED] - Scroll to object 'Object Repository/PM/Huawei-vendor/Object Border' successfully

2024-07-31 11:42:06 - [MESSAGE][PASSED] - Object: 'Object Repository/PM/Huawei-vendor/Object-Type/TopX Object Types/TopX Sites/TopX East Amman Arrow' is clicked on

2024-07-31 11:42:06 - [MESSAGE][PASSED] - Object: 'Object Repository/PM/Huawei-vendor/Object-Type/TopX Object Types/TopX Region Bands/TopX FDD' is clicked on

2024-07-31 11:42:06 - [MESSAGE][PASSED] - Object: 'Object Repository/PM/Huawei-vendor/Object-Type/TopX Object Types/TopX Sites/TopX East Amman CloseArrow' is clicked on

2024-07-31 11:42:06 - [MESSAGE][PASSED] - Object: 'Object Repository/PM/Huawei-vendor/Object-Type/TopX Object Types/TopX Sites/TopX West Amman Arrow' is clicked on

2024-07-31 11:42:06 - [MESSAGE][PASSED] - Object: 'Object Repository/PM/Huawei-vendor/Object-Type/TopX Object Types/TopX Region Bands/TopX TDD' is clicked on

2024-07-31 11:42:07 - [MESSAGE][PASSED] - Object: 'Object Repository/PM/Huawei-vendor/Object-Type/TopX Object Types/TopX Sites/TopX West Amman CloseArrow' is clicked on

2024-07-31 11:42:07 - [MESSAGE][PASSED] - Object: 'Object Repository/PM/Huawei-vendor/Object-Type/TopX Object Types/TopX Regions/TopX Region South Amman' is clicked on

2024-07-31 11:42:07 - [MESSAGE][PASSED] - Object: 'Object Repository/PM/Huawei-vendor/Object-Type/TopX Object Types/TopX Regions/TopX Region East Jordan' is clicked on

2024-07-31 11:42:07 - [MESSAGE][PASSED] - Object: 'Object Repository/PM/Huawei-vendor/Object-Type/TopX Object Types/TopX Regions/TopX Region North Jordan' is clicked on

2024-07-31 11:42:07 - [MESSAGE][PASSED] - Object: 'Object Repository/PM/Huawei-vendor/Object-Type/TopX Object Types/TopX Regions/TopX Region South Jordan' is clicked on

2024-07-31 11:42:07 - [MESSAGE][PASSED] - Object: 'Object Repository/PM/Huawei-vendor/Object-Type/TopX Object Types/TopX Regions/TopX Region Others' is clicked on

2024-07-31 11:42:08 - [MESSAGE][PASSED] - Object: 'Object Repository/PM/Huawei-vendor/Aggregation-CheckBox' is clicked on

2024-07-31 11:42:08 - [MESSAGE][WARNING] - Timeout '0' is invalid. Using default page load timeout: '120'

2024-07-31 11:42:08 - [MESSAGE][PASSED] - Scroll to object 'Object Repository/PM/Huawei-vendor/Include-last-hour' successfully

2024-07-31 11:42:08 - [MESSAGE][PASSED] - Object: 'Object Repository/PM/Huawei-vendor/StartDate/StartDate-Button' is clicked on

2024-07-31 11:42:09 - [MESSAGE][PASSED] - Delayed 1 second(s)

2024-07-31 11:42:09 - [MESSAGE][PASSED] - Object: 'Object Repository/PM/Huawei-vendor/StartDate/Monthly-Selection' is clicked on

2024-07-31 11:42:09 - [MESSAGE][PASSED] - Object: 'Object Repository/PM/Huawei-vendor/StartDate/May-Selection' is clicked on

2024-07-31 11:42:09 - [MESSAGE][PASSED] - Object: 'Object Repository/PM/Huawei-vendor/StartDate/1-May' is clicked on

2024-07-31 11:42:09 - [MESSAGE][PASSED] - Object: 'Object Repository/PM/Huawei-vendor/End-date/End-Time-Button' is clicked on

2024-07-31 11:42:10 - [MESSAGE][PASSED] - Delayed 1 second(s)

2024-07-31 11:42:10 - [MESSAGE][PASSED] - Object: 'Object Repository/PM/Huawei-vendor/End-date/Monthly-Selection' is clicked on

2024-07-31 11:42:10 - [MESSAGE][PASSED] - Object: 'Object Repository/PM/Huawei-vendor/End-date/May-Selection' is clicked on

2024-07-31 11:42:11 - [MESSAGE][PASSED] - Object: 'Object Repository/PM/Huawei-vendor/End-date/30-May' is clicked on

2024-07-31 11:42:11 - [MESSAGE][WARNING] - Timeout '0' is invalid. Using default page load timeout: '120'

2024-07-31 11:42:11 - [MESSAGE][PASSED] - Scroll to object 'Object Repository/PM/Huawei-vendor/KPIs/HO-kpi-checkbox' successfully

2024-07-31 11:42:12 - [MESSAGE][PASSED] - Delayed 1 second(s)

2024-07-31 11:42:12 - [MESSAGE][PASSED] - Object: 'Object Repository/PM/Huawei-vendor/KPIs/OMAR-KPI' is clicked on

2024-07-31 11:42:12 - [MESSAGE][PASSED] - Object: 'Object Repository/PM/Huawei-vendor/Apply-Button' is clicked on

2024-07-31 11:42:12 - [MESSAGE][WARNING] - Timeout '0' is invalid. Using default page load timeout: '120'

2024-07-31 11:42:12 - [MESSAGE][PASSED] - Web element with id: 'Object Repository/PM/Huawei-vendor/Error' located by 'By.xpath: //div[@class='toast-summary title-medium-m']' is not present after '120' second(s)

2024-07-31 11:42:12 - [MESSAGE][WARNING] - Timeout '0' is invalid. Using default page load timeout: '120'

2024-07-31 11:44:13 - [MESSAGE][INFO] - Unable to find the element located by 'By.xpath: //button[@class='btn btn-outline-primary export-btn']'. Please recheck the objects properties to make sure the desired element is located. 

2024-07-31 11:44:13 - [MESSAGE][FAILED] - com.kms.katalon.core.webui.exception.WebElementNotFoundException: Web element with id: 'Object Repository/PM/Huawei-vendor/Export-Result' located by '//button[@class='btn btn-outline-primary export-btn']' not found (Root cause: com.kms.katalon.core.exception.StepFailedException: com.kms.katalon.core.webui.exception.WebElementNotFoundException: Web element with id: 'Object Repository/PM/Huawei-vendor/Export-Result' located by '//button[@class='btn btn-outline-primary export-btn']' not found
	at com.kms.katalon.core.webui.keyword.internal.WebUIKeywordMain.stepFailed(WebUIKeywordMain.groovy:64)
	at com.kms.katalon.core.webui.keyword.builtin.VerifyElementPresentKeyword$_verifyElementPresent_closure1.doCall(VerifyElementPresentKeyword.groovy:85)
	at com.kms.katalon.core.webui.keyword.builtin.VerifyElementPresentKeyword$_verifyElementPresent_closure1.call(VerifyElementPresentKeyword.groovy)
	at com.kms.katalon.core.webui.keyword.internal.WebUIKeywordMain.runKeyword(WebUIKeywordMain.groovy:20)
	at com.kms.katalon.core.webui.keyword.builtin.VerifyElementPresentKeyword.verifyElementPresent(VerifyElementPresentKeyword.groovy:92)
	at com.kms.katalon.core.webui.keyword.builtin.VerifyElementPresentKeyword.execute(VerifyElementPresentKeyword.groovy:68)
	at com.kms.katalon.core.keyword.internal.KeywordExecutor.executeKeywordForPlatform(KeywordExecutor.groovy:74)
	at com.kms.katalon.core.webui.keyword.WebUiBuiltInKeywords.verifyElementPresent(WebUiBuiltInKeywords.groovy:1464)
	at com.kms.katalon.core.webui.keyword.WebUiBuiltInKeywords$verifyElementPresent$6.call(Unknown Source)
	at PMHwaueiStats.Stats(PMHwaueiStats.groovy:650)
	at PMHwaueiStats.invokeMethod(PMHwaueiStats.groovy)
	at com.kms.katalon.core.main.CustomKeywordDelegatingMetaClass.invokeStaticMethod(CustomKeywordDelegatingMetaClass.java:55)
	at Cluster Band aggregation.run(Cluster Band aggregation:22)
	at com.kms.katalon.core.main.ScriptEngine.run(ScriptEngine.java:194)
	at com.kms.katalon.core.main.ScriptEngine.runScriptAsRawText(ScriptEngine.java:119)
	at com.kms.katalon.core.main.TestCaseExecutor.runScript(TestCaseExecutor.java:448)
	at com.kms.katalon.core.main.TestCaseExecutor.doExecute(TestCaseExecutor.java:439)
	at com.kms.katalon.core.main.TestCaseExecutor.processExecutionPhase(TestCaseExecutor.java:418)
	at com.kms.katalon.core.main.TestCaseExecutor.accessMainPhase(TestCaseExecutor.java:410)
	at com.kms.katalon.core.main.TestCaseExecutor.execute(TestCaseExecutor.java:285)
	at com.kms.katalon.core.common.CommonExecutor.accessTestCaseMainPhase(CommonExecutor.java:65)
	at com.kms.katalon.core.main.TestSuiteExecutor.accessTestSuiteMainPhase(TestSuiteExecutor.java:148)
	at com.kms.katalon.core.main.TestSuiteExecutor.execute(TestSuiteExecutor.java:106)
	at com.kms.katalon.core.main.TestCaseMain.startTestSuite(TestCaseMain.java:187)
	at com.kms.katalon.core.main.TestCaseMain$startTestSuite$0.call(Unknown Source)
	at TempTestSuite1722414562516.run(TempTestSuite1722414562516.groovy:35)
)
[[ATTACHMENT|C:\\Users\\LP-Support\\git\\NetCell\\Reports\\20240731_112922\\PM\\Hwauei\\Stats\\Regression Stats 4g\\20240731_112922\\1722415453513.png]]

2024-07-31 11:44:13 - [MESSAGE][FAILED] - Unable to verify object 'Object Repository/PM/Huawei-vendor/Export-Result' is present (Root cause: com.kms.katalon.core.exception.StepFailedException: Unable to verify object 'Object Repository/PM/Huawei-vendor/Export-Result' is present
	at com.kms.katalon.core.webui.keyword.internal.WebUIKeywordMain.stepFailed(WebUIKeywordMain.groovy:64)
	at com.kms.katalon.core.webui.keyword.internal.WebUIKeywordMain.runKeyword(WebUIKeywordMain.groovy:26)
	at com.kms.katalon.core.webui.keyword.builtin.VerifyElementPresentKeyword.verifyElementPresent(VerifyElementPresentKeyword.groovy:92)
	at com.kms.katalon.core.webui.keyword.builtin.VerifyElementPresentKeyword.execute(VerifyElementPresentKeyword.groovy:68)
	at com.kms.katalon.core.keyword.internal.KeywordExecutor.executeKeywordForPlatform(KeywordExecutor.groovy:74)
	at com.kms.katalon.core.webui.keyword.WebUiBuiltInKeywords.verifyElementPresent(WebUiBuiltInKeywords.groovy:1464)
	at com.kms.katalon.core.webui.keyword.WebUiBuiltInKeywords$verifyElementPresent$6.call(Unknown Source)
	at PMHwaueiStats.Stats(PMHwaueiStats.groovy:650)
	at PMHwaueiStats.invokeMethod(PMHwaueiStats.groovy)
	at com.kms.katalon.core.main.CustomKeywordDelegatingMetaClass.invokeStaticMethod(CustomKeywordDelegatingMetaClass.java:55)
	at Cluster Band aggregation.run(Cluster Band aggregation:22)
	at com.kms.katalon.core.main.ScriptEngine.run(ScriptEngine.java:194)
	at com.kms.katalon.core.main.ScriptEngine.runScriptAsRawText(ScriptEngine.java:119)
	at com.kms.katalon.core.main.TestCaseExecutor.runScript(TestCaseExecutor.java:448)
	at com.kms.katalon.core.main.TestCaseExecutor.doExecute(TestCaseExecutor.java:439)
	at com.kms.katalon.core.main.TestCaseExecutor.processExecutionPhase(TestCaseExecutor.java:418)
	at com.kms.katalon.core.main.TestCaseExecutor.accessMainPhase(TestCaseExecutor.java:410)
	at com.kms.katalon.core.main.TestCaseExecutor.execute(TestCaseExecutor.java:285)
	at com.kms.katalon.core.common.CommonExecutor.accessTestCaseMainPhase(CommonExecutor.java:65)
	at com.kms.katalon.core.main.TestSuiteExecutor.accessTestSuiteMainPhase(TestSuiteExecutor.java:148)
	at com.kms.katalon.core.main.TestSuiteExecutor.execute(TestSuiteExecutor.java:106)
	at com.kms.katalon.core.main.TestCaseMain.startTestSuite(TestCaseMain.java:187)
	at com.kms.katalon.core.main.TestCaseMain$startTestSuite$0.call(Unknown Source)
	at TempTestSuite1722414562516.run(TempTestSuite1722414562516.groovy:35)
Caused by: com.kms.katalon.core.exception.StepFailedException: com.kms.katalon.core.webui.exception.WebElementNotFoundException: Web element with id: 'Object Repository/PM/Huawei-vendor/Export-Result' located by '//button[@class='btn btn-outline-primary export-btn']' not found
	at com.kms.katalon.core.webui.keyword.internal.WebUIKeywordMain.stepFailed(WebUIKeywordMain.groovy:64)
	at com.kms.katalon.core.webui.keyword.builtin.VerifyElementPresentKeyword$_verifyElementPresent_closure1.doCall(VerifyElementPresentKeyword.groovy:85)
	at com.kms.katalon.core.webui.keyword.builtin.VerifyElementPresentKeyword$_verifyElementPresent_closure1.call(VerifyElementPresentKeyword.groovy)
	at com.kms.katalon.core.webui.keyword.internal.WebUIKeywordMain.runKeyword(WebUIKeywordMain.groovy:20)
	... 22 more
)
[[ATTACHMENT|C:\\Users\\LP-Support\\git\\NetCell\\Reports\\20240731_112922\\PM\\Hwauei\\Stats\\Regression Stats 4g\\20240731_112922\\1722415453666.png]]

2024-07-31 11:44:13 - [MESSAGE][FAILED] - Unable to verify object 'Object Repository/PM/Huawei-vendor/Export-Result' is present]]></system-out>
         <system-err><![CDATA[2024-07-31 11:41:36 - [TEST_CASE][FAILED] - Test Cases/PM/Hwauei/Stats/4G/Cluster Band/Cluster Band aggregation: Test Cases/PM/Hwauei/Stats/4G/Cluster Band/Cluster Band aggregation FAILED.
Reason:
com.kms.katalon.core.exception.StepFailedException: Unable to verify object 'Object Repository/PM/Huawei-vendor/Export-Result' is present
	at com.kms.katalon.core.webui.keyword.internal.WebUIKeywordMain.stepFailed(WebUIKeywordMain.groovy:64)
	at com.kms.katalon.core.webui.keyword.internal.WebUIKeywordMain.runKeyword(WebUIKeywordMain.groovy:26)
	at com.kms.katalon.core.webui.keyword.builtin.VerifyElementPresentKeyword.verifyElementPresent(VerifyElementPresentKeyword.groovy:92)
	at com.kms.katalon.core.webui.keyword.builtin.VerifyElementPresentKeyword.execute(VerifyElementPresentKeyword.groovy:68)
	at com.kms.katalon.core.keyword.internal.KeywordExecutor.executeKeywordForPlatform(KeywordExecutor.groovy:74)
	at com.kms.katalon.core.webui.keyword.WebUiBuiltInKeywords.verifyElementPresent(WebUiBuiltInKeywords.groovy:1464)
	at com.kms.katalon.core.webui.keyword.WebUiBuiltInKeywords$verifyElementPresent$6.call(Unknown Source)
	at PMHwaueiStats.Stats(PMHwaueiStats.groovy:650)
	at PMHwaueiStats.invokeMethod(PMHwaueiStats.groovy)
	at com.kms.katalon.core.main.CustomKeywordDelegatingMetaClass.invokeStaticMethod(CustomKeywordDelegatingMetaClass.java:55)
	at Cluster Band aggregation.run(Cluster Band aggregation:22)
	at com.kms.katalon.core.main.ScriptEngine.run(ScriptEngine.java:194)
	at com.kms.katalon.core.main.ScriptEngine.runScriptAsRawText(ScriptEngine.java:119)
	at com.kms.katalon.core.main.TestCaseExecutor.runScript(TestCaseExecutor.java:448)
	at com.kms.katalon.core.main.TestCaseExecutor.doExecute(TestCaseExecutor.java:439)
	at com.kms.katalon.core.main.TestCaseExecutor.processExecutionPhase(TestCaseExecutor.java:418)
	at com.kms.katalon.core.main.TestCaseExecutor.accessMainPhase(TestCaseExecutor.java:410)
	at com.kms.katalon.core.main.TestCaseExecutor.execute(TestCaseExecutor.java:285)
	at com.kms.katalon.core.common.CommonExecutor.accessTestCaseMainPhase(CommonExecutor.java:65)
	at com.kms.katalon.core.main.TestSuiteExecutor.accessTestSuiteMainPhase(TestSuiteExecutor.java:148)
	at com.kms.katalon.core.main.TestSuiteExecutor.execute(TestSuiteExecutor.java:106)
	at com.kms.katalon.core.main.TestCaseMain.startTestSuite(TestCaseMain.java:187)
	at com.kms.katalon.core.main.TestCaseMain$startTestSuite$0.call(Unknown Source)
	at TempTestSuite1722414562516.run(TempTestSuite1722414562516.groovy:35)
Caused by: com.kms.katalon.core.exception.StepFailedException: com.kms.katalon.core.webui.exception.WebElementNotFoundException: Web element with id: 'Object Repository/PM/Huawei-vendor/Export-Result' located by '//button[@class='btn btn-outline-primary export-btn']' not found
	at com.kms.katalon.core.webui.keyword.internal.WebUIKeywordMain.stepFailed(WebUIKeywordMain.groovy:64)
	at com.kms.katalon.core.webui.keyword.builtin.VerifyElementPresentKeyword$_verifyElementPresent_closure1.doCall(VerifyElementPresentKeyword.groovy:85)
	at com.kms.katalon.core.webui.keyword.builtin.VerifyElementPresentKeyword$_verifyElementPresent_closure1.call(VerifyElementPresentKeyword.groovy)
	at com.kms.katalon.core.webui.keyword.internal.WebUIKeywordMain.runKeyword(WebUIKeywordMain.groovy:20)
	... 22 more]]></system-err>
      </testcase>
      <testcase name="Test Cases/PM/Hwauei/Stats/4G/Governorate/Governorate" time="154.582" classname="Test Cases/PM/Hwauei/Stats/4G/Governorate/Governorate" status="FAILED">
         <failure type="FAILED" message="Test Cases/PM/Hwauei/Stats/4G/Governorate/Governorate FAILED.
Reason:
com.kms.katalon.core.exception.StepFailedException: Unable to verify object 'Object Repository/PM/Huawei-vendor/Export-Result' is present
	at com.kms.katalon.core.webui.keyword.internal.WebUIKeywordMain.stepFailed(WebUIKeywordMain.groovy:64)
	at com.kms.katalon.core.webui.keyword.internal.WebUIKeywordMain.runKeyword(WebUIKeywordMain.groovy:26)
	at com.kms.katalon.core.webui.keyword.builtin.VerifyElementPresentKeyword.verifyElementPresent(VerifyElementPresentKeyword.groovy:92)
	at com.kms.katalon.core.webui.keyword.builtin.VerifyElementPresentKeyword.execute(VerifyElementPresentKeyword.groovy:68)
	at com.kms.katalon.core.keyword.internal.KeywordExecutor.executeKeywordForPlatform(KeywordExecutor.groovy:74)
	at com.kms.katalon.core.webui.keyword.WebUiBuiltInKeywords.verifyElementPresent(WebUiBuiltInKeywords.groovy:1464)
	at com.kms.katalon.core.webui.keyword.WebUiBuiltInKeywords$verifyElementPresent$6.call(Unknown Source)
	at PMHwaueiStats.Stats(PMHwaueiStats.groovy:650)
	at PMHwaueiStats.invokeMethod(PMHwaueiStats.groovy)
	at com.kms.katalon.core.main.CustomKeywordDelegatingMetaClass.invokeStaticMethod(CustomKeywordDelegatingMetaClass.java:55)
	at Governorate.run(Governorate:23)
	at com.kms.katalon.core.main.ScriptEngine.run(ScriptEngine.java:194)
	at com.kms.katalon.core.main.ScriptEngine.runScriptAsRawText(ScriptEngine.java:119)
	at com.kms.katalon.core.main.TestCaseExecutor.runScript(TestCaseExecutor.java:448)
	at com.kms.katalon.core.main.TestCaseExecutor.doExecute(TestCaseExecutor.java:439)
	at com.kms.katalon.core.main.TestCaseExecutor.processExecutionPhase(TestCaseExecutor.java:418)
	at com.kms.katalon.core.main.TestCaseExecutor.accessMainPhase(TestCaseExecutor.java:410)
	at com.kms.katalon.core.main.TestCaseExecutor.execute(TestCaseExecutor.java:285)
	at com.kms.katalon.core.common.CommonExecutor.accessTestCaseMainPhase(CommonExecutor.java:65)
	at com.kms.katalon.core.main.TestSuiteExecutor.accessTestSuiteMainPhase(TestSuiteExecutor.java:148)
	at com.kms.katalon.core.main.TestSuiteExecutor.execute(TestSuiteExecutor.java:106)
	at com.kms.katalon.core.main.TestCaseMain.startTestSuite(TestCaseMain.java:187)
	at com.kms.katalon.core.main.TestCaseMain$startTestSuite$0.call(Unknown Source)
	at TempTestSuite1722414562516.run(TempTestSuite1722414562516.groovy:35)
Caused by: com.kms.katalon.core.exception.StepFailedException: com.kms.katalon.core.webui.exception.WebElementNotFoundException: Web element with id: 'Object Repository/PM/Huawei-vendor/Export-Result' located by '//button[@class='btn btn-outline-primary export-btn']' not found
	at com.kms.katalon.core.webui.keyword.internal.WebUIKeywordMain.stepFailed(WebUIKeywordMain.groovy:64)
	at com.kms.katalon.core.webui.keyword.builtin.VerifyElementPresentKeyword$_verifyElementPresent_closure1.doCall(VerifyElementPresentKeyword.groovy:85)
	at com.kms.katalon.core.webui.keyword.builtin.VerifyElementPresentKeyword$_verifyElementPresent_closure1.call(VerifyElementPresentKeyword.groovy)
	at com.kms.katalon.core.webui.keyword.internal.WebUIKeywordMain.runKeyword(WebUIKeywordMain.groovy:20)
	... 22 more
"/>
         <system-out><![CDATA[2024-07-31 11:44:13 - [TEST_CASE][FAILED] - Test Cases/PM/Hwauei/Stats/4G/Governorate/Governorate: Test Cases/PM/Hwauei/Stats/4G/Governorate/Governorate FAILED.
Reason:
com.kms.katalon.core.exception.StepFailedException: Unable to verify object 'Object Repository/PM/Huawei-vendor/Export-Result' is present
	at com.kms.katalon.core.webui.keyword.internal.WebUIKeywordMain.stepFailed(WebUIKeywordMain.groovy:64)
	at com.kms.katalon.core.webui.keyword.internal.WebUIKeywordMain.runKeyword(WebUIKeywordMain.groovy:26)
	at com.kms.katalon.core.webui.keyword.builtin.VerifyElementPresentKeyword.verifyElementPresent(VerifyElementPresentKeyword.groovy:92)
	at com.kms.katalon.core.webui.keyword.builtin.VerifyElementPresentKeyword.execute(VerifyElementPresentKeyword.groovy:68)
	at com.kms.katalon.core.keyword.internal.KeywordExecutor.executeKeywordForPlatform(KeywordExecutor.groovy:74)
	at com.kms.katalon.core.webui.keyword.WebUiBuiltInKeywords.verifyElementPresent(WebUiBuiltInKeywords.groovy:1464)
	at com.kms.katalon.core.webui.keyword.WebUiBuiltInKeywords$verifyElementPresent$6.call(Unknown Source)
	at PMHwaueiStats.Stats(PMHwaueiStats.groovy:650)
	at PMHwaueiStats.invokeMethod(PMHwaueiStats.groovy)
	at com.kms.katalon.core.main.CustomKeywordDelegatingMetaClass.invokeStaticMethod(CustomKeywordDelegatingMetaClass.java:55)
	at Governorate.run(Governorate:23)
	at com.kms.katalon.core.main.ScriptEngine.run(ScriptEngine.java:194)
	at com.kms.katalon.core.main.ScriptEngine.runScriptAsRawText(ScriptEngine.java:119)
	at com.kms.katalon.core.main.TestCaseExecutor.runScript(TestCaseExecutor.java:448)
	at com.kms.katalon.core.main.TestCaseExecutor.doExecute(TestCaseExecutor.java:439)
	at com.kms.katalon.core.main.TestCaseExecutor.processExecutionPhase(TestCaseExecutor.java:418)
	at com.kms.katalon.core.main.TestCaseExecutor.accessMainPhase(TestCaseExecutor.java:410)
	at com.kms.katalon.core.main.TestCaseExecutor.execute(TestCaseExecutor.java:285)
	at com.kms.katalon.core.common.CommonExecutor.accessTestCaseMainPhase(CommonExecutor.java:65)
	at com.kms.katalon.core.main.TestSuiteExecutor.accessTestSuiteMainPhase(TestSuiteExecutor.java:148)
	at com.kms.katalon.core.main.TestSuiteExecutor.execute(TestSuiteExecutor.java:106)
	at com.kms.katalon.core.main.TestCaseMain.startTestSuite(TestCaseMain.java:187)
	at com.kms.katalon.core.main.TestCaseMain$startTestSuite$0.call(Unknown Source)
	at TempTestSuite1722414562516.run(TempTestSuite1722414562516.groovy:35)
Caused by: com.kms.katalon.core.exception.StepFailedException: com.kms.katalon.core.webui.exception.WebElementNotFoundException: Web element with id: 'Object Repository/PM/Huawei-vendor/Export-Result' located by '//button[@class='btn btn-outline-primary export-btn']' not found
	at com.kms.katalon.core.webui.keyword.internal.WebUIKeywordMain.stepFailed(WebUIKeywordMain.groovy:64)
	at com.kms.katalon.core.webui.keyword.builtin.VerifyElementPresentKeyword$_verifyElementPresent_closure1.doCall(VerifyElementPresentKeyword.groovy:85)
	at com.kms.katalon.core.webui.keyword.builtin.VerifyElementPresentKeyword$_verifyElementPresent_closure1.call(VerifyElementPresentKeyword.groovy)
	at com.kms.katalon.core.webui.keyword.internal.WebUIKeywordMain.runKeyword(WebUIKeywordMain.groovy:20)
	... 22 more


2024-07-31 11:44:14 - [TEST_STEP][PASSED] - callTestCase(findTestCase("Login"), [:], STOP_ON_FAILURE): Call Test Case 'Test Cases/Login' successfully

2024-07-31 11:44:14 - [TEST_CASE][PASSED] - Test Cases/Login: Test Cases/Login

2024-07-31 11:44:14 - [TEST_STEP][PASSED] - driver = general.start(SwagerURL, NetCellURL): general.start is PASSED

2024-07-31 11:44:14 - [MESSAGE][INFO] - >>> chromeDriverPath=C:\Users\LP-Support\.katalon\packages\Katalon_Studio_Windows_64-8.6.9\Katalon_Studio_Windows_64-8.6.9\configuration\resources\drivers\chromedriver_win32\chromedriver.exe

2024-07-31 11:44:16 - [MESSAGE][PASSED] - Current window maximized

2024-07-31 11:44:16 - [MESSAGE][PASSED] - Execute JavaScript 'window.open();' successfully

2024-07-31 11:44:17 - [MESSAGE][PASSED] - Switched to window with index: '1'

2024-07-31 11:44:18 - [MESSAGE][PASSED] - general.start is PASSED

2024-07-31 11:44:18 - [TEST_STEP][PASSED] - click(findTestObject("Object Repository/Login/LoginButton")): Object: 'Object Repository/Login/LoginButton' is clicked on

2024-07-31 11:44:19 - [MESSAGE][PASSED] - Object: 'Object Repository/Login/LoginButton' is clicked on

2024-07-31 11:44:19 - [TEST_STEP][PASSED] - switchToWindowIndex(2): Switched to window with index: '2'

2024-07-31 11:44:19 - [MESSAGE][PASSED] - Switched to window with index: '2'

2024-07-31 11:44:19 - [TEST_STEP][PASSED] - delay(1): Delayed 1 second(s)

2024-07-31 11:44:20 - [MESSAGE][PASSED] - Delayed 1 second(s)

2024-07-31 11:44:20 - [TEST_STEP][PASSED] - sendKeys(findTestObject("Object Repository/Login/EnterEmail"), "homam@zztjg.onmicrosoft.com"): Keys 'homam@zztjg.onmicrosoft.com' sent to object: 'Object Repository/Login/EnterEmail'

2024-07-31 11:44:24 - [MESSAGE][PASSED] - Keys 'homam@zztjg.onmicrosoft.com' sent to object: 'Object Repository/Login/EnterEmail'

2024-07-31 11:44:24 - [TEST_STEP][PASSED] - delay(1): Delayed 1 second(s)

2024-07-31 11:44:25 - [MESSAGE][PASSED] - Delayed 1 second(s)

2024-07-31 11:44:25 - [TEST_STEP][PASSED] - click(findTestObject("Object Repository/Login/NextButton")): Object: 'Object Repository/Login/NextButton' is clicked on

2024-07-31 11:44:25 - [MESSAGE][PASSED] - Object: 'Object Repository/Login/NextButton' is clicked on

2024-07-31 11:44:25 - [TEST_STEP][PASSED] - delay(2): Delayed 2 second(s)

2024-07-31 11:44:27 - [MESSAGE][PASSED] - Delayed 2 second(s)

2024-07-31 11:44:27 - [TEST_STEP][PASSED] - sendKeys(findTestObject("Object Repository/Login/EnterPassword"), "Holder12345"): Keys 'Holder12345' sent to object: 'Object Repository/Login/EnterPassword'

2024-07-31 11:44:27 - [MESSAGE][PASSED] - Keys 'Holder12345' sent to object: 'Object Repository/Login/EnterPassword'

2024-07-31 11:44:27 - [TEST_STEP][PASSED] - delay(1): Delayed 1 second(s)

2024-07-31 11:44:28 - [MESSAGE][PASSED] - Delayed 1 second(s)

2024-07-31 11:44:28 - [TEST_STEP][PASSED] - click(findTestObject("Object Repository/Login/SigninButton")): Object: 'Object Repository/Login/SigninButton' is clicked on

2024-07-31 11:44:30 - [MESSAGE][PASSED] - Object: 'Object Repository/Login/SigninButton' is clicked on

2024-07-31 11:44:30 - [TEST_STEP][PASSED] - delay(1): Delayed 1 second(s)

2024-07-31 11:44:31 - [MESSAGE][PASSED] - Delayed 1 second(s)

2024-07-31 11:44:31 - [TEST_STEP][PASSED] - click(findTestObject("Object Repository/Login/YesStayInButton")): Object: 'Object Repository/Login/YesStayInButton' is clicked on

2024-07-31 11:44:32 - [MESSAGE][PASSED] - Object: 'Object Repository/Login/YesStayInButton' is clicked on

2024-07-31 11:44:32 - [MESSAGE][PASSED] - Call Test Case 'Test Cases/Login' successfully

2024-07-31 11:44:32 - [TEST_STEP][PASSED] - switchToWindowIndex(1): Switched to window with index: '1'

2024-07-31 11:44:32 - [MESSAGE][PASSED] - Switched to window with index: '1'

2024-07-31 11:44:32 - [TEST_STEP][FAILED] - PMHwaueiStats.Stats("4G", "Governorate", false, "Hourly"): Unable to verify object 'Object Repository/PM/Huawei-vendor/Export-Result' is present

2024-07-31 11:44:33 - [MESSAGE][PASSED] - Object: 'Object Repository/PM/PM-Button' is clicked on

2024-07-31 11:44:33 - [MESSAGE][PASSED] - Switched to window with index: '2'

2024-07-31 11:44:37 - [MESSAGE][PASSED] - Object: 'Object Repository/PM/Huawei-vendor/TopX/TopX Object Type' is clicked on

2024-07-31 11:44:39 - [MESSAGE][PASSED] - Delayed 1 second(s)

2024-07-31 11:44:39 - [MESSAGE][PASSED] - Object: 'Object Repository/PM/Huawei-vendor/Object-Type/TopX Object Types/TopX Governorates/TopX Governorate' is clicked on

2024-07-31 11:44:40 - [MESSAGE][PASSED] - Delayed 1 second(s)

2024-07-31 11:44:40 - [MESSAGE][WARNING] - Timeout '0' is invalid. Using default page load timeout: '120'

2024-07-31 11:44:40 - [MESSAGE][PASSED] - Scroll to object 'Object Repository/PM/Huawei-vendor/Object Border' successfully

2024-07-31 11:44:40 - [MESSAGE][PASSED] - Object: 'Object Repository/PM/Huawei-vendor/Object-Type/TopX Object Types/TopX Governorates/TopX Amman' is clicked on

2024-07-31 11:44:40 - [MESSAGE][PASSED] - Object: 'Object Repository/PM/Huawei-vendor/Object-Type/TopX Object Types/TopX Governorates/TopX Irbid' is clicked on

2024-07-31 11:44:40 - [MESSAGE][PASSED] - Object: 'Object Repository/PM/Huawei-vendor/Object-Type/TopX Object Types/TopX Governorates/TopX Aqaba' is clicked on

2024-07-31 11:44:41 - [MESSAGE][PASSED] - Object: 'Object Repository/PM/Huawei-vendor/Object-Type/TopX Object Types/TopX Governorates/TopX Jerash' is clicked on

2024-07-31 11:44:41 - [MESSAGE][PASSED] - Object: 'Object Repository/PM/Huawei-vendor/Object-Type/TopX Object Types/TopX Governorates/TopX Mafraq' is clicked on

2024-07-31 11:44:41 - [MESSAGE][PASSED] - Object: 'Object Repository/PM/Huawei-vendor/Object-Type/TopX Object Types/TopX Governorates/TopX Zarqa' is clicked on

2024-07-31 11:44:41 - [MESSAGE][WARNING] - Timeout '0' is invalid. Using default page load timeout: '120'

2024-07-31 11:44:41 - [MESSAGE][PASSED] - Scroll to object 'Object Repository/PM/Huawei-vendor/Include-last-hour' successfully

2024-07-31 11:44:41 - [MESSAGE][PASSED] - Object: 'Object Repository/PM/Huawei-vendor/StartDate/StartDate-Button' is clicked on

2024-07-31 11:44:42 - [MESSAGE][PASSED] - Delayed 1 second(s)

2024-07-31 11:44:43 - [MESSAGE][PASSED] - Object: 'Object Repository/PM/Huawei-vendor/StartDate/Monthly-Selection' is clicked on

2024-07-31 11:44:43 - [MESSAGE][PASSED] - Object: 'Object Repository/PM/Huawei-vendor/StartDate/May-Selection' is clicked on

2024-07-31 11:44:43 - [MESSAGE][PASSED] - Object: 'Object Repository/PM/Huawei-vendor/StartDate/1-May' is clicked on

2024-07-31 11:44:44 - [MESSAGE][PASSED] - Object: 'Object Repository/PM/Huawei-vendor/End-date/End-Time-Button' is clicked on

2024-07-31 11:44:45 - [MESSAGE][PASSED] - Delayed 1 second(s)

2024-07-31 11:44:45 - [MESSAGE][PASSED] - Object: 'Object Repository/PM/Huawei-vendor/End-date/Monthly-Selection' is clicked on

2024-07-31 11:44:45 - [MESSAGE][PASSED] - Object: 'Object Repository/PM/Huawei-vendor/End-date/May-Selection' is clicked on

2024-07-31 11:44:45 - [MESSAGE][PASSED] - Object: 'Object Repository/PM/Huawei-vendor/End-date/30-May' is clicked on

2024-07-31 11:44:45 - [MESSAGE][WARNING] - Timeout '0' is invalid. Using default page load timeout: '120'

2024-07-31 11:44:45 - [MESSAGE][PASSED] - Scroll to object 'Object Repository/PM/Huawei-vendor/KPIs/HO-kpi-checkbox' successfully

2024-07-31 11:44:46 - [MESSAGE][PASSED] - Delayed 1 second(s)

2024-07-31 11:44:46 - [MESSAGE][PASSED] - Object: 'Object Repository/PM/Huawei-vendor/KPIs/OMAR-KPI' is clicked on

2024-07-31 11:44:46 - [MESSAGE][PASSED] - Object: 'Object Repository/PM/Huawei-vendor/Apply-Button' is clicked on

2024-07-31 11:44:46 - [MESSAGE][WARNING] - Timeout '0' is invalid. Using default page load timeout: '120'

2024-07-31 11:44:46 - [MESSAGE][PASSED] - Web element with id: 'Object Repository/PM/Huawei-vendor/Error' located by 'By.xpath: //div[@class='toast-summary title-medium-m']' is not present after '120' second(s)

2024-07-31 11:44:46 - [MESSAGE][WARNING] - Timeout '0' is invalid. Using default page load timeout: '120'

2024-07-31 11:46:48 - [MESSAGE][INFO] - Unable to find the element located by 'By.xpath: //button[@class='btn btn-outline-primary export-btn']'. Please recheck the objects properties to make sure the desired element is located. 

2024-07-31 11:46:48 - [MESSAGE][FAILED] - com.kms.katalon.core.webui.exception.WebElementNotFoundException: Web element with id: 'Object Repository/PM/Huawei-vendor/Export-Result' located by '//button[@class='btn btn-outline-primary export-btn']' not found (Root cause: com.kms.katalon.core.exception.StepFailedException: com.kms.katalon.core.webui.exception.WebElementNotFoundException: Web element with id: 'Object Repository/PM/Huawei-vendor/Export-Result' located by '//button[@class='btn btn-outline-primary export-btn']' not found
	at com.kms.katalon.core.webui.keyword.internal.WebUIKeywordMain.stepFailed(WebUIKeywordMain.groovy:64)
	at com.kms.katalon.core.webui.keyword.builtin.VerifyElementPresentKeyword$_verifyElementPresent_closure1.doCall(VerifyElementPresentKeyword.groovy:85)
	at com.kms.katalon.core.webui.keyword.builtin.VerifyElementPresentKeyword$_verifyElementPresent_closure1.call(VerifyElementPresentKeyword.groovy)
	at com.kms.katalon.core.webui.keyword.internal.WebUIKeywordMain.runKeyword(WebUIKeywordMain.groovy:20)
	at com.kms.katalon.core.webui.keyword.builtin.VerifyElementPresentKeyword.verifyElementPresent(VerifyElementPresentKeyword.groovy:92)
	at com.kms.katalon.core.webui.keyword.builtin.VerifyElementPresentKeyword.execute(VerifyElementPresentKeyword.groovy:68)
	at com.kms.katalon.core.keyword.internal.KeywordExecutor.executeKeywordForPlatform(KeywordExecutor.groovy:74)
	at com.kms.katalon.core.webui.keyword.WebUiBuiltInKeywords.verifyElementPresent(WebUiBuiltInKeywords.groovy:1464)
	at com.kms.katalon.core.webui.keyword.WebUiBuiltInKeywords$verifyElementPresent$6.call(Unknown Source)
	at PMHwaueiStats.Stats(PMHwaueiStats.groovy:650)
	at PMHwaueiStats.invokeMethod(PMHwaueiStats.groovy)
	at com.kms.katalon.core.main.CustomKeywordDelegatingMetaClass.invokeStaticMethod(CustomKeywordDelegatingMetaClass.java:55)
	at Governorate.run(Governorate:23)
	at com.kms.katalon.core.main.ScriptEngine.run(ScriptEngine.java:194)
	at com.kms.katalon.core.main.ScriptEngine.runScriptAsRawText(ScriptEngine.java:119)
	at com.kms.katalon.core.main.TestCaseExecutor.runScript(TestCaseExecutor.java:448)
	at com.kms.katalon.core.main.TestCaseExecutor.doExecute(TestCaseExecutor.java:439)
	at com.kms.katalon.core.main.TestCaseExecutor.processExecutionPhase(TestCaseExecutor.java:418)
	at com.kms.katalon.core.main.TestCaseExecutor.accessMainPhase(TestCaseExecutor.java:410)
	at com.kms.katalon.core.main.TestCaseExecutor.execute(TestCaseExecutor.java:285)
	at com.kms.katalon.core.common.CommonExecutor.accessTestCaseMainPhase(CommonExecutor.java:65)
	at com.kms.katalon.core.main.TestSuiteExecutor.accessTestSuiteMainPhase(TestSuiteExecutor.java:148)
	at com.kms.katalon.core.main.TestSuiteExecutor.execute(TestSuiteExecutor.java:106)
	at com.kms.katalon.core.main.TestCaseMain.startTestSuite(TestCaseMain.java:187)
	at com.kms.katalon.core.main.TestCaseMain$startTestSuite$0.call(Unknown Source)
	at TempTestSuite1722414562516.run(TempTestSuite1722414562516.groovy:35)
)
[[ATTACHMENT|C:\\Users\\LP-Support\\git\\NetCell\\Reports\\20240731_112922\\PM\\Hwauei\\Stats\\Regression Stats 4g\\20240731_112922\\1722415608003.png]]

2024-07-31 11:46:48 - [MESSAGE][FAILED] - Unable to verify object 'Object Repository/PM/Huawei-vendor/Export-Result' is present (Root cause: com.kms.katalon.core.exception.StepFailedException: Unable to verify object 'Object Repository/PM/Huawei-vendor/Export-Result' is present
	at com.kms.katalon.core.webui.keyword.internal.WebUIKeywordMain.stepFailed(WebUIKeywordMain.groovy:64)
	at com.kms.katalon.core.webui.keyword.internal.WebUIKeywordMain.runKeyword(WebUIKeywordMain.groovy:26)
	at com.kms.katalon.core.webui.keyword.builtin.VerifyElementPresentKeyword.verifyElementPresent(VerifyElementPresentKeyword.groovy:92)
	at com.kms.katalon.core.webui.keyword.builtin.VerifyElementPresentKeyword.execute(VerifyElementPresentKeyword.groovy:68)
	at com.kms.katalon.core.keyword.internal.KeywordExecutor.executeKeywordForPlatform(KeywordExecutor.groovy:74)
	at com.kms.katalon.core.webui.keyword.WebUiBuiltInKeywords.verifyElementPresent(WebUiBuiltInKeywords.groovy:1464)
	at com.kms.katalon.core.webui.keyword.WebUiBuiltInKeywords$verifyElementPresent$6.call(Unknown Source)
	at PMHwaueiStats.Stats(PMHwaueiStats.groovy:650)
	at PMHwaueiStats.invokeMethod(PMHwaueiStats.groovy)
	at com.kms.katalon.core.main.CustomKeywordDelegatingMetaClass.invokeStaticMethod(CustomKeywordDelegatingMetaClass.java:55)
	at Governorate.run(Governorate:23)
	at com.kms.katalon.core.main.ScriptEngine.run(ScriptEngine.java:194)
	at com.kms.katalon.core.main.ScriptEngine.runScriptAsRawText(ScriptEngine.java:119)
	at com.kms.katalon.core.main.TestCaseExecutor.runScript(TestCaseExecutor.java:448)
	at com.kms.katalon.core.main.TestCaseExecutor.doExecute(TestCaseExecutor.java:439)
	at com.kms.katalon.core.main.TestCaseExecutor.processExecutionPhase(TestCaseExecutor.java:418)
	at com.kms.katalon.core.main.TestCaseExecutor.accessMainPhase(TestCaseExecutor.java:410)
	at com.kms.katalon.core.main.TestCaseExecutor.execute(TestCaseExecutor.java:285)
	at com.kms.katalon.core.common.CommonExecutor.accessTestCaseMainPhase(CommonExecutor.java:65)
	at com.kms.katalon.core.main.TestSuiteExecutor.accessTestSuiteMainPhase(TestSuiteExecutor.java:148)
	at com.kms.katalon.core.main.TestSuiteExecutor.execute(TestSuiteExecutor.java:106)
	at com.kms.katalon.core.main.TestCaseMain.startTestSuite(TestCaseMain.java:187)
	at com.kms.katalon.core.main.TestCaseMain$startTestSuite$0.call(Unknown Source)
	at TempTestSuite1722414562516.run(TempTestSuite1722414562516.groovy:35)
Caused by: com.kms.katalon.core.exception.StepFailedException: com.kms.katalon.core.webui.exception.WebElementNotFoundException: Web element with id: 'Object Repository/PM/Huawei-vendor/Export-Result' located by '//button[@class='btn btn-outline-primary export-btn']' not found
	at com.kms.katalon.core.webui.keyword.internal.WebUIKeywordMain.stepFailed(WebUIKeywordMain.groovy:64)
	at com.kms.katalon.core.webui.keyword.builtin.VerifyElementPresentKeyword$_verifyElementPresent_closure1.doCall(VerifyElementPresentKeyword.groovy:85)
	at com.kms.katalon.core.webui.keyword.builtin.VerifyElementPresentKeyword$_verifyElementPresent_closure1.call(VerifyElementPresentKeyword.groovy)
	at com.kms.katalon.core.webui.keyword.internal.WebUIKeywordMain.runKeyword(WebUIKeywordMain.groovy:20)
	... 22 more
)
[[ATTACHMENT|C:\\Users\\LP-Support\\git\\NetCell\\Reports\\20240731_112922\\PM\\Hwauei\\Stats\\Regression Stats 4g\\20240731_112922\\1722415608218.png]]

2024-07-31 11:46:48 - [MESSAGE][FAILED] - Unable to verify object 'Object Repository/PM/Huawei-vendor/Export-Result' is present]]></system-out>
         <system-err><![CDATA[2024-07-31 11:44:13 - [TEST_CASE][FAILED] - Test Cases/PM/Hwauei/Stats/4G/Governorate/Governorate: Test Cases/PM/Hwauei/Stats/4G/Governorate/Governorate FAILED.
Reason:
com.kms.katalon.core.exception.StepFailedException: Unable to verify object 'Object Repository/PM/Huawei-vendor/Export-Result' is present
	at com.kms.katalon.core.webui.keyword.internal.WebUIKeywordMain.stepFailed(WebUIKeywordMain.groovy:64)
	at com.kms.katalon.core.webui.keyword.internal.WebUIKeywordMain.runKeyword(WebUIKeywordMain.groovy:26)
	at com.kms.katalon.core.webui.keyword.builtin.VerifyElementPresentKeyword.verifyElementPresent(VerifyElementPresentKeyword.groovy:92)
	at com.kms.katalon.core.webui.keyword.builtin.VerifyElementPresentKeyword.execute(VerifyElementPresentKeyword.groovy:68)
	at com.kms.katalon.core.keyword.internal.KeywordExecutor.executeKeywordForPlatform(KeywordExecutor.groovy:74)
	at com.kms.katalon.core.webui.keyword.WebUiBuiltInKeywords.verifyElementPresent(WebUiBuiltInKeywords.groovy:1464)
	at com.kms.katalon.core.webui.keyword.WebUiBuiltInKeywords$verifyElementPresent$6.call(Unknown Source)
	at PMHwaueiStats.Stats(PMHwaueiStats.groovy:650)
	at PMHwaueiStats.invokeMethod(PMHwaueiStats.groovy)
	at com.kms.katalon.core.main.CustomKeywordDelegatingMetaClass.invokeStaticMethod(CustomKeywordDelegatingMetaClass.java:55)
	at Governorate.run(Governorate:23)
	at com.kms.katalon.core.main.ScriptEngine.run(ScriptEngine.java:194)
	at com.kms.katalon.core.main.ScriptEngine.runScriptAsRawText(ScriptEngine.java:119)
	at com.kms.katalon.core.main.TestCaseExecutor.runScript(TestCaseExecutor.java:448)
	at com.kms.katalon.core.main.TestCaseExecutor.doExecute(TestCaseExecutor.java:439)
	at com.kms.katalon.core.main.TestCaseExecutor.processExecutionPhase(TestCaseExecutor.java:418)
	at com.kms.katalon.core.main.TestCaseExecutor.accessMainPhase(TestCaseExecutor.java:410)
	at com.kms.katalon.core.main.TestCaseExecutor.execute(TestCaseExecutor.java:285)
	at com.kms.katalon.core.common.CommonExecutor.accessTestCaseMainPhase(CommonExecutor.java:65)
	at com.kms.katalon.core.main.TestSuiteExecutor.accessTestSuiteMainPhase(TestSuiteExecutor.java:148)
	at com.kms.katalon.core.main.TestSuiteExecutor.execute(TestSuiteExecutor.java:106)
	at com.kms.katalon.core.main.TestCaseMain.startTestSuite(TestCaseMain.java:187)
	at com.kms.katalon.core.main.TestCaseMain$startTestSuite$0.call(Unknown Source)
	at TempTestSuite1722414562516.run(TempTestSuite1722414562516.groovy:35)
Caused by: com.kms.katalon.core.exception.StepFailedException: com.kms.katalon.core.webui.exception.WebElementNotFoundException: Web element with id: 'Object Repository/PM/Huawei-vendor/Export-Result' located by '//button[@class='btn btn-outline-primary export-btn']' not found
	at com.kms.katalon.core.webui.keyword.internal.WebUIKeywordMain.stepFailed(WebUIKeywordMain.groovy:64)
	at com.kms.katalon.core.webui.keyword.builtin.VerifyElementPresentKeyword$_verifyElementPresent_closure1.doCall(VerifyElementPresentKeyword.groovy:85)
	at com.kms.katalon.core.webui.keyword.builtin.VerifyElementPresentKeyword$_verifyElementPresent_closure1.call(VerifyElementPresentKeyword.groovy)
	at com.kms.katalon.core.webui.keyword.internal.WebUIKeywordMain.runKeyword(WebUIKeywordMain.groovy:20)
	... 22 more]]></system-err>
      </testcase>
      <testcase name="Test Cases/PM/Hwauei/Stats/4G/Governorate/Governorate Aggregation" time="55.698" classname="Test Cases/PM/Hwauei/Stats/4G/Governorate/Governorate Aggregation" status="PASSED">
         <system-out><![CDATA[2024-07-31 11:46:48 - [TEST_CASE][PASSED] - Test Cases/PM/Hwauei/Stats/4G/Governorate/Governorate Aggregation: Test Cases/PM/Hwauei/Stats/4G/Governorate/Governorate Aggregation

2024-07-31 11:46:48 - [TEST_STEP][PASSED] - callTestCase(findTestCase("Login"), [:], STOP_ON_FAILURE): Call Test Case 'Test Cases/Login' successfully

2024-07-31 11:46:48 - [TEST_CASE][PASSED] - Test Cases/Login: Test Cases/Login

2024-07-31 11:46:48 - [TEST_STEP][PASSED] - driver = general.start(SwagerURL, NetCellURL): general.start is PASSED

2024-07-31 11:46:48 - [MESSAGE][INFO] - >>> chromeDriverPath=C:\Users\LP-Support\.katalon\packages\Katalon_Studio_Windows_64-8.6.9\Katalon_Studio_Windows_64-8.6.9\configuration\resources\drivers\chromedriver_win32\chromedriver.exe

2024-07-31 11:46:51 - [MESSAGE][PASSED] - Current window maximized

2024-07-31 11:46:52 - [MESSAGE][PASSED] - Execute JavaScript 'window.open();' successfully

2024-07-31 11:46:52 - [MESSAGE][PASSED] - Switched to window with index: '1'

2024-07-31 11:46:54 - [MESSAGE][PASSED] - general.start is PASSED

2024-07-31 11:46:54 - [TEST_STEP][PASSED] - click(findTestObject("Object Repository/Login/LoginButton")): Object: 'Object Repository/Login/LoginButton' is clicked on

2024-07-31 11:46:55 - [MESSAGE][PASSED] - Object: 'Object Repository/Login/LoginButton' is clicked on

2024-07-31 11:46:55 - [TEST_STEP][PASSED] - switchToWindowIndex(2): Switched to window with index: '2'

2024-07-31 11:46:55 - [MESSAGE][PASSED] - Switched to window with index: '2'

2024-07-31 11:46:55 - [TEST_STEP][PASSED] - delay(1): Delayed 1 second(s)

2024-07-31 11:46:56 - [MESSAGE][PASSED] - Delayed 1 second(s)

2024-07-31 11:46:56 - [TEST_STEP][PASSED] - sendKeys(findTestObject("Object Repository/Login/EnterEmail"), "homam@zztjg.onmicrosoft.com"): Keys 'homam@zztjg.onmicrosoft.com' sent to object: 'Object Repository/Login/EnterEmail'

2024-07-31 11:46:58 - [MESSAGE][PASSED] - Keys 'homam@zztjg.onmicrosoft.com' sent to object: 'Object Repository/Login/EnterEmail'

2024-07-31 11:46:58 - [TEST_STEP][PASSED] - delay(1): Delayed 1 second(s)

2024-07-31 11:46:59 - [MESSAGE][PASSED] - Delayed 1 second(s)

2024-07-31 11:46:59 - [TEST_STEP][PASSED] - click(findTestObject("Object Repository/Login/NextButton")): Object: 'Object Repository/Login/NextButton' is clicked on

2024-07-31 11:46:59 - [MESSAGE][PASSED] - Object: 'Object Repository/Login/NextButton' is clicked on

2024-07-31 11:46:59 - [TEST_STEP][PASSED] - delay(2): Delayed 2 second(s)

2024-07-31 11:47:01 - [MESSAGE][PASSED] - Delayed 2 second(s)

2024-07-31 11:47:01 - [TEST_STEP][PASSED] - sendKeys(findTestObject("Object Repository/Login/EnterPassword"), "Holder12345"): Keys 'Holder12345' sent to object: 'Object Repository/Login/EnterPassword'

2024-07-31 11:47:01 - [MESSAGE][PASSED] - Keys 'Holder12345' sent to object: 'Object Repository/Login/EnterPassword'

2024-07-31 11:47:01 - [TEST_STEP][PASSED] - delay(1): Delayed 1 second(s)

2024-07-31 11:47:02 - [MESSAGE][PASSED] - Delayed 1 second(s)

2024-07-31 11:47:02 - [TEST_STEP][PASSED] - click(findTestObject("Object Repository/Login/SigninButton")): Object: 'Object Repository/Login/SigninButton' is clicked on

2024-07-31 11:47:03 - [MESSAGE][PASSED] - Object: 'Object Repository/Login/SigninButton' is clicked on

2024-07-31 11:47:03 - [TEST_STEP][PASSED] - delay(1): Delayed 1 second(s)

2024-07-31 11:47:04 - [MESSAGE][PASSED] - Delayed 1 second(s)

2024-07-31 11:47:04 - [TEST_STEP][PASSED] - click(findTestObject("Object Repository/Login/YesStayInButton")): Object: 'Object Repository/Login/YesStayInButton' is clicked on

2024-07-31 11:47:05 - [MESSAGE][PASSED] - Object: 'Object Repository/Login/YesStayInButton' is clicked on

2024-07-31 11:47:05 - [MESSAGE][PASSED] - Call Test Case 'Test Cases/Login' successfully

2024-07-31 11:47:05 - [TEST_STEP][PASSED] - switchToWindowIndex(1): Switched to window with index: '1'

2024-07-31 11:47:06 - [MESSAGE][PASSED] - Switched to window with index: '1'

2024-07-31 11:47:06 - [TEST_STEP][PASSED] - PMHwaueiStats.Stats("4G", "Governorate", true, "Hourly"): PMHwaueiStats.Stats is PASSED

2024-07-31 11:47:07 - [MESSAGE][PASSED] - Object: 'Object Repository/PM/PM-Button' is clicked on

2024-07-31 11:47:07 - [MESSAGE][PASSED] - Switched to window with index: '2'

2024-07-31 11:47:11 - [MESSAGE][PASSED] - Object: 'Object Repository/PM/Huawei-vendor/TopX/TopX Object Type' is clicked on

2024-07-31 11:47:12 - [MESSAGE][PASSED] - Delayed 1 second(s)

2024-07-31 11:47:12 - [MESSAGE][PASSED] - Object: 'Object Repository/PM/Huawei-vendor/Object-Type/TopX Object Types/TopX Governorates/TopX Governorate' is clicked on

2024-07-31 11:47:13 - [MESSAGE][PASSED] - Delayed 1 second(s)

2024-07-31 11:47:13 - [MESSAGE][WARNING] - Timeout '0' is invalid. Using default page load timeout: '120'

2024-07-31 11:47:14 - [MESSAGE][PASSED] - Scroll to object 'Object Repository/PM/Huawei-vendor/Object Border' successfully

2024-07-31 11:47:14 - [MESSAGE][PASSED] - Object: 'Object Repository/PM/Huawei-vendor/Object-Type/TopX Object Types/TopX PLMNs/TopX PLMN checkbox' is clicked on

2024-07-31 11:47:14 - [MESSAGE][PASSED] - Object: 'Object Repository/PM/Huawei-vendor/Aggregation-CheckBox' is clicked on

2024-07-31 11:47:14 - [MESSAGE][WARNING] - Timeout '0' is invalid. Using default page load timeout: '120'

2024-07-31 11:47:14 - [MESSAGE][PASSED] - Scroll to object 'Object Repository/PM/Huawei-vendor/Include-last-hour' successfully

2024-07-31 11:47:15 - [MESSAGE][PASSED] - Object: 'Object Repository/PM/Huawei-vendor/StartDate/StartDate-Button' is clicked on

2024-07-31 11:47:16 - [MESSAGE][PASSED] - Delayed 1 second(s)

2024-07-31 11:47:16 - [MESSAGE][PASSED] - Object: 'Object Repository/PM/Huawei-vendor/StartDate/Monthly-Selection' is clicked on

2024-07-31 11:47:17 - [MESSAGE][PASSED] - Object: 'Object Repository/PM/Huawei-vendor/StartDate/May-Selection' is clicked on

2024-07-31 11:47:17 - [MESSAGE][PASSED] - Object: 'Object Repository/PM/Huawei-vendor/StartDate/1-May' is clicked on

2024-07-31 11:47:17 - [MESSAGE][PASSED] - Object: 'Object Repository/PM/Huawei-vendor/End-date/End-Time-Button' is clicked on

2024-07-31 11:47:18 - [MESSAGE][PASSED] - Delayed 1 second(s)

2024-07-31 11:47:19 - [MESSAGE][PASSED] - Object: 'Object Repository/PM/Huawei-vendor/End-date/Monthly-Selection' is clicked on

2024-07-31 11:47:19 - [MESSAGE][PASSED] - Object: 'Object Repository/PM/Huawei-vendor/End-date/May-Selection' is clicked on

2024-07-31 11:47:19 - [MESSAGE][PASSED] - Object: 'Object Repository/PM/Huawei-vendor/End-date/30-May' is clicked on

2024-07-31 11:47:19 - [MESSAGE][WARNING] - Timeout '0' is invalid. Using default page load timeout: '120'

2024-07-31 11:47:19 - [MESSAGE][PASSED] - Scroll to object 'Object Repository/PM/Huawei-vendor/KPIs/HO-kpi-checkbox' successfully

2024-07-31 11:47:20 - [MESSAGE][PASSED] - Delayed 1 second(s)

2024-07-31 11:47:21 - [MESSAGE][PASSED] - Object: 'Object Repository/PM/Huawei-vendor/KPIs/OMAR-KPI' is clicked on

2024-07-31 11:47:21 - [MESSAGE][PASSED] - Object: 'Object Repository/PM/Huawei-vendor/Apply-Button' is clicked on

2024-07-31 11:47:21 - [MESSAGE][WARNING] - Timeout '0' is invalid. Using default page load timeout: '120'

2024-07-31 11:47:21 - [MESSAGE][PASSED] - Web element with id: 'Object Repository/PM/Huawei-vendor/Error' located by 'By.xpath: //div[@class='toast-summary title-medium-m']' is not present after '120' second(s)

2024-07-31 11:47:21 - [MESSAGE][WARNING] - Timeout '0' is invalid. Using default page load timeout: '120'

2024-07-31 11:47:43 - [MESSAGE][PASSED] - Object 'Object Repository/PM/Huawei-vendor/Export-Result' is present

2024-07-31 11:47:44 - [MESSAGE][PASSED] - Browser is closed

2024-07-31 11:47:44 - [MESSAGE][PASSED] - PMHwaueiStats.Stats is PASSED]]></system-out>
         <system-err><![CDATA[]]></system-err>
      </testcase>
      <testcase name="Test Cases/PM/Hwauei/Stats/4G/Governorate XDD/Governorate XDD" time="159.586" classname="Test Cases/PM/Hwauei/Stats/4G/Governorate XDD/Governorate XDD" status="FAILED">
         <failure type="FAILED" message="Test Cases/PM/Hwauei/Stats/4G/Governorate XDD/Governorate XDD FAILED.
Reason:
com.kms.katalon.core.exception.StepFailedException: Unable to verify object 'Object Repository/PM/Huawei-vendor/Export-Result' is present
	at com.kms.katalon.core.webui.keyword.internal.WebUIKeywordMain.stepFailed(WebUIKeywordMain.groovy:64)
	at com.kms.katalon.core.webui.keyword.internal.WebUIKeywordMain.runKeyword(WebUIKeywordMain.groovy:26)
	at com.kms.katalon.core.webui.keyword.builtin.VerifyElementPresentKeyword.verifyElementPresent(VerifyElementPresentKeyword.groovy:92)
	at com.kms.katalon.core.webui.keyword.builtin.VerifyElementPresentKeyword.execute(VerifyElementPresentKeyword.groovy:68)
	at com.kms.katalon.core.keyword.internal.KeywordExecutor.executeKeywordForPlatform(KeywordExecutor.groovy:74)
	at com.kms.katalon.core.webui.keyword.WebUiBuiltInKeywords.verifyElementPresent(WebUiBuiltInKeywords.groovy:1464)
	at com.kms.katalon.core.webui.keyword.WebUiBuiltInKeywords$verifyElementPresent$6.call(Unknown Source)
	at PMHwaueiStats.Stats(PMHwaueiStats.groovy:650)
	at PMHwaueiStats.invokeMethod(PMHwaueiStats.groovy)
	at com.kms.katalon.core.main.CustomKeywordDelegatingMetaClass.invokeStaticMethod(CustomKeywordDelegatingMetaClass.java:55)
	at Governorate XDD.run(Governorate XDD:23)
	at com.kms.katalon.core.main.ScriptEngine.run(ScriptEngine.java:194)
	at com.kms.katalon.core.main.ScriptEngine.runScriptAsRawText(ScriptEngine.java:119)
	at com.kms.katalon.core.main.TestCaseExecutor.runScript(TestCaseExecutor.java:448)
	at com.kms.katalon.core.main.TestCaseExecutor.doExecute(TestCaseExecutor.java:439)
	at com.kms.katalon.core.main.TestCaseExecutor.processExecutionPhase(TestCaseExecutor.java:418)
	at com.kms.katalon.core.main.TestCaseExecutor.accessMainPhase(TestCaseExecutor.java:410)
	at com.kms.katalon.core.main.TestCaseExecutor.execute(TestCaseExecutor.java:285)
	at com.kms.katalon.core.common.CommonExecutor.accessTestCaseMainPhase(CommonExecutor.java:65)
	at com.kms.katalon.core.main.TestSuiteExecutor.accessTestSuiteMainPhase(TestSuiteExecutor.java:148)
	at com.kms.katalon.core.main.TestSuiteExecutor.execute(TestSuiteExecutor.java:106)
	at com.kms.katalon.core.main.TestCaseMain.startTestSuite(TestCaseMain.java:187)
	at com.kms.katalon.core.main.TestCaseMain$startTestSuite$0.call(Unknown Source)
	at TempTestSuite1722414562516.run(TempTestSuite1722414562516.groovy:35)
Caused by: com.kms.katalon.core.exception.StepFailedException: com.kms.katalon.core.webui.exception.WebElementNotFoundException: Web element with id: 'Object Repository/PM/Huawei-vendor/Export-Result' located by '//button[@class='btn btn-outline-primary export-btn']' not found
	at com.kms.katalon.core.webui.keyword.internal.WebUIKeywordMain.stepFailed(WebUIKeywordMain.groovy:64)
	at com.kms.katalon.core.webui.keyword.builtin.VerifyElementPresentKeyword$_verifyElementPresent_closure1.doCall(VerifyElementPresentKeyword.groovy:85)
	at com.kms.katalon.core.webui.keyword.builtin.VerifyElementPresentKeyword$_verifyElementPresent_closure1.call(VerifyElementPresentKeyword.groovy)
	at com.kms.katalon.core.webui.keyword.internal.WebUIKeywordMain.runKeyword(WebUIKeywordMain.groovy:20)
	... 22 more
"/>
         <system-out><![CDATA[2024-07-31 11:47:44 - [TEST_CASE][FAILED] - Test Cases/PM/Hwauei/Stats/4G/Governorate XDD/Governorate XDD: Test Cases/PM/Hwauei/Stats/4G/Governorate XDD/Governorate XDD FAILED.
Reason:
com.kms.katalon.core.exception.StepFailedException: Unable to verify object 'Object Repository/PM/Huawei-vendor/Export-Result' is present
	at com.kms.katalon.core.webui.keyword.internal.WebUIKeywordMain.stepFailed(WebUIKeywordMain.groovy:64)
	at com.kms.katalon.core.webui.keyword.internal.WebUIKeywordMain.runKeyword(WebUIKeywordMain.groovy:26)
	at com.kms.katalon.core.webui.keyword.builtin.VerifyElementPresentKeyword.verifyElementPresent(VerifyElementPresentKeyword.groovy:92)
	at com.kms.katalon.core.webui.keyword.builtin.VerifyElementPresentKeyword.execute(VerifyElementPresentKeyword.groovy:68)
	at com.kms.katalon.core.keyword.internal.KeywordExecutor.executeKeywordForPlatform(KeywordExecutor.groovy:74)
	at com.kms.katalon.core.webui.keyword.WebUiBuiltInKeywords.verifyElementPresent(WebUiBuiltInKeywords.groovy:1464)
	at com.kms.katalon.core.webui.keyword.WebUiBuiltInKeywords$verifyElementPresent$6.call(Unknown Source)
	at PMHwaueiStats.Stats(PMHwaueiStats.groovy:650)
	at PMHwaueiStats.invokeMethod(PMHwaueiStats.groovy)
	at com.kms.katalon.core.main.CustomKeywordDelegatingMetaClass.invokeStaticMethod(CustomKeywordDelegatingMetaClass.java:55)
	at Governorate XDD.run(Governorate XDD:23)
	at com.kms.katalon.core.main.ScriptEngine.run(ScriptEngine.java:194)
	at com.kms.katalon.core.main.ScriptEngine.runScriptAsRawText(ScriptEngine.java:119)
	at com.kms.katalon.core.main.TestCaseExecutor.runScript(TestCaseExecutor.java:448)
	at com.kms.katalon.core.main.TestCaseExecutor.doExecute(TestCaseExecutor.java:439)
	at com.kms.katalon.core.main.TestCaseExecutor.processExecutionPhase(TestCaseExecutor.java:418)
	at com.kms.katalon.core.main.TestCaseExecutor.accessMainPhase(TestCaseExecutor.java:410)
	at com.kms.katalon.core.main.TestCaseExecutor.execute(TestCaseExecutor.java:285)
	at com.kms.katalon.core.common.CommonExecutor.accessTestCaseMainPhase(CommonExecutor.java:65)
	at com.kms.katalon.core.main.TestSuiteExecutor.accessTestSuiteMainPhase(TestSuiteExecutor.java:148)
	at com.kms.katalon.core.main.TestSuiteExecutor.execute(TestSuiteExecutor.java:106)
	at com.kms.katalon.core.main.TestCaseMain.startTestSuite(TestCaseMain.java:187)
	at com.kms.katalon.core.main.TestCaseMain$startTestSuite$0.call(Unknown Source)
	at TempTestSuite1722414562516.run(TempTestSuite1722414562516.groovy:35)
Caused by: com.kms.katalon.core.exception.StepFailedException: com.kms.katalon.core.webui.exception.WebElementNotFoundException: Web element with id: 'Object Repository/PM/Huawei-vendor/Export-Result' located by '//button[@class='btn btn-outline-primary export-btn']' not found
	at com.kms.katalon.core.webui.keyword.internal.WebUIKeywordMain.stepFailed(WebUIKeywordMain.groovy:64)
	at com.kms.katalon.core.webui.keyword.builtin.VerifyElementPresentKeyword$_verifyElementPresent_closure1.doCall(VerifyElementPresentKeyword.groovy:85)
	at com.kms.katalon.core.webui.keyword.builtin.VerifyElementPresentKeyword$_verifyElementPresent_closure1.call(VerifyElementPresentKeyword.groovy)
	at com.kms.katalon.core.webui.keyword.internal.WebUIKeywordMain.runKeyword(WebUIKeywordMain.groovy:20)
	... 22 more


2024-07-31 11:47:44 - [TEST_STEP][PASSED] - callTestCase(findTestCase("Login"), [:], STOP_ON_FAILURE): Call Test Case 'Test Cases/Login' successfully

2024-07-31 11:47:44 - [TEST_CASE][PASSED] - Test Cases/Login: Test Cases/Login

2024-07-31 11:47:44 - [TEST_STEP][PASSED] - driver = general.start(SwagerURL, NetCellURL): general.start is PASSED

2024-07-31 11:47:44 - [MESSAGE][INFO] - >>> chromeDriverPath=C:\Users\LP-Support\.katalon\packages\Katalon_Studio_Windows_64-8.6.9\Katalon_Studio_Windows_64-8.6.9\configuration\resources\drivers\chromedriver_win32\chromedriver.exe

2024-07-31 11:47:47 - [MESSAGE][PASSED] - Current window maximized

2024-07-31 11:47:48 - [MESSAGE][PASSED] - Execute JavaScript 'window.open();' successfully

2024-07-31 11:47:48 - [MESSAGE][PASSED] - Switched to window with index: '1'

2024-07-31 11:47:50 - [MESSAGE][PASSED] - general.start is PASSED

2024-07-31 11:47:50 - [TEST_STEP][PASSED] - click(findTestObject("Object Repository/Login/LoginButton")): Object: 'Object Repository/Login/LoginButton' is clicked on

2024-07-31 11:47:51 - [MESSAGE][PASSED] - Object: 'Object Repository/Login/LoginButton' is clicked on

2024-07-31 11:47:51 - [TEST_STEP][PASSED] - switchToWindowIndex(2): Switched to window with index: '2'

2024-07-31 11:47:51 - [MESSAGE][PASSED] - Switched to window with index: '2'

2024-07-31 11:47:51 - [TEST_STEP][PASSED] - delay(1): Delayed 1 second(s)

2024-07-31 11:47:52 - [MESSAGE][PASSED] - Delayed 1 second(s)

2024-07-31 11:47:52 - [TEST_STEP][PASSED] - sendKeys(findTestObject("Object Repository/Login/EnterEmail"), "homam@zztjg.onmicrosoft.com"): Keys 'homam@zztjg.onmicrosoft.com' sent to object: 'Object Repository/Login/EnterEmail'

2024-07-31 11:47:54 - [MESSAGE][PASSED] - Keys 'homam@zztjg.onmicrosoft.com' sent to object: 'Object Repository/Login/EnterEmail'

2024-07-31 11:47:54 - [TEST_STEP][PASSED] - delay(1): Delayed 1 second(s)

2024-07-31 11:47:55 - [MESSAGE][PASSED] - Delayed 1 second(s)

2024-07-31 11:47:55 - [TEST_STEP][PASSED] - click(findTestObject("Object Repository/Login/NextButton")): Object: 'Object Repository/Login/NextButton' is clicked on

2024-07-31 11:47:55 - [MESSAGE][PASSED] - Object: 'Object Repository/Login/NextButton' is clicked on

2024-07-31 11:47:55 - [TEST_STEP][PASSED] - delay(2): Delayed 2 second(s)

2024-07-31 11:47:57 - [MESSAGE][PASSED] - Delayed 2 second(s)

2024-07-31 11:47:57 - [TEST_STEP][PASSED] - sendKeys(findTestObject("Object Repository/Login/EnterPassword"), "Holder12345"): Keys 'Holder12345' sent to object: 'Object Repository/Login/EnterPassword'

2024-07-31 11:47:57 - [MESSAGE][PASSED] - Keys 'Holder12345' sent to object: 'Object Repository/Login/EnterPassword'

2024-07-31 11:47:57 - [TEST_STEP][PASSED] - delay(1): Delayed 1 second(s)

2024-07-31 11:47:58 - [MESSAGE][PASSED] - Delayed 1 second(s)

2024-07-31 11:47:58 - [TEST_STEP][PASSED] - click(findTestObject("Object Repository/Login/SigninButton")): Object: 'Object Repository/Login/SigninButton' is clicked on

2024-07-31 11:48:00 - [MESSAGE][PASSED] - Object: 'Object Repository/Login/SigninButton' is clicked on

2024-07-31 11:48:00 - [TEST_STEP][PASSED] - delay(1): Delayed 1 second(s)

2024-07-31 11:48:01 - [MESSAGE][PASSED] - Delayed 1 second(s)

2024-07-31 11:48:01 - [TEST_STEP][PASSED] - click(findTestObject("Object Repository/Login/YesStayInButton")): Object: 'Object Repository/Login/YesStayInButton' is clicked on

2024-07-31 11:48:03 - [MESSAGE][PASSED] - Object: 'Object Repository/Login/YesStayInButton' is clicked on

2024-07-31 11:48:03 - [MESSAGE][PASSED] - Call Test Case 'Test Cases/Login' successfully

2024-07-31 11:48:03 - [TEST_STEP][PASSED] - switchToWindowIndex(1): Switched to window with index: '1'

2024-07-31 11:48:03 - [MESSAGE][PASSED] - Switched to window with index: '1'

2024-07-31 11:48:03 - [TEST_STEP][FAILED] - PMHwaueiStats.Stats("4G", "Governorate XDD", false, "Hourly"): Unable to verify object 'Object Repository/PM/Huawei-vendor/Export-Result' is present

2024-07-31 11:48:04 - [MESSAGE][PASSED] - Object: 'Object Repository/PM/PM-Button' is clicked on

2024-07-31 11:48:04 - [MESSAGE][PASSED] - Switched to window with index: '2'

2024-07-31 11:48:06 - [MESSAGE][PASSED] - Object: 'Object Repository/PM/Huawei-vendor/TopX/TopX Object Type' is clicked on

2024-07-31 11:48:07 - [MESSAGE][PASSED] - Delayed 1 second(s)

2024-07-31 11:48:08 - [MESSAGE][PASSED] - Object: 'Object Repository/PM/Huawei-vendor/Object-Type/TopX Object Types/TopX Governorates XDD/TopX Governorate XDD' is clicked on

2024-07-31 11:48:09 - [MESSAGE][PASSED] - Delayed 1 second(s)

2024-07-31 11:48:09 - [MESSAGE][WARNING] - Timeout '0' is invalid. Using default page load timeout: '120'

2024-07-31 11:48:09 - [MESSAGE][PASSED] - Scroll to object 'Object Repository/PM/Huawei-vendor/Object Border' successfully

2024-07-31 11:48:09 - [MESSAGE][PASSED] - Object: 'Object Repository/PM/Huawei-vendor/Object-Type/TopX Object Types/TopX Region Bands/TopX FDD Arrow' is clicked on

2024-07-31 11:48:10 - [MESSAGE][PASSED] - Object: 'Object Repository/PM/Huawei-vendor/Object-Type/TopX Object Types/TopX Governorates/TopX Amman' is clicked on

2024-07-31 11:48:10 - [MESSAGE][PASSED] - Object: 'Object Repository/PM/Huawei-vendor/Object-Type/TopX Object Types/TopX Governorates/TopX Irbid' is clicked on

2024-07-31 11:48:10 - [MESSAGE][PASSED] - Object: 'Object Repository/PM/Huawei-vendor/Object-Type/TopX Object Types/TopX Governorates/TopX Aqaba' is clicked on

2024-07-31 11:48:11 - [MESSAGE][PASSED] - Object: 'Object Repository/PM/Huawei-vendor/Object-Type/TopX Object Types/TopX Governorates/TopX Jerash' is clicked on

2024-07-31 11:48:11 - [MESSAGE][PASSED] - Object: 'Object Repository/PM/Huawei-vendor/Object-Type/TopX Object Types/TopX Governorates/TopX Mafraq' is clicked on

2024-07-31 11:48:11 - [MESSAGE][PASSED] - Object: 'Object Repository/PM/Huawei-vendor/Object-Type/TopX Object Types/TopX Governorates/TopX Zarqa' is clicked on

2024-07-31 11:48:12 - [MESSAGE][PASSED] - Object: 'Object Repository/PM/Huawei-vendor/Object-Type/TopX Object Types/TopX Region Bands/TopX FDD Close Arrow' is clicked on

2024-07-31 11:48:12 - [MESSAGE][PASSED] - Object: 'Object Repository/PM/Huawei-vendor/Object-Type/TopX Object Types/TopX Region Bands/TopX TDD Arrow' is clicked on

2024-07-31 11:48:13 - [MESSAGE][PASSED] - Object: 'Object Repository/PM/Huawei-vendor/Object-Type/TopX Object Types/TopX Governorates/TopX Amman' is clicked on

2024-07-31 11:48:13 - [MESSAGE][PASSED] - Object: 'Object Repository/PM/Huawei-vendor/Object-Type/TopX Object Types/TopX Governorates/TopX Irbid' is clicked on

2024-07-31 11:48:13 - [MESSAGE][PASSED] - Object: 'Object Repository/PM/Huawei-vendor/Object-Type/TopX Object Types/TopX Governorates/TopX Aqaba' is clicked on

2024-07-31 11:48:14 - [MESSAGE][PASSED] - Object: 'Object Repository/PM/Huawei-vendor/Object-Type/TopX Object Types/TopX Governorates/TopX Jerash' is clicked on

2024-07-31 11:48:14 - [MESSAGE][PASSED] - Object: 'Object Repository/PM/Huawei-vendor/Object-Type/TopX Object Types/TopX Governorates/TopX Mafraq' is clicked on

2024-07-31 11:48:14 - [MESSAGE][PASSED] - Object: 'Object Repository/PM/Huawei-vendor/Object-Type/TopX Object Types/TopX Governorates/TopX Zarqa' is clicked on

2024-07-31 11:48:15 - [MESSAGE][PASSED] - Object: 'Object Repository/PM/Huawei-vendor/Object-Type/TopX Object Types/TopX Region Bands/TopX TDD Close Arrow' is clicked on

2024-07-31 11:48:15 - [MESSAGE][WARNING] - Timeout '0' is invalid. Using default page load timeout: '120'

2024-07-31 11:48:15 - [MESSAGE][PASSED] - Scroll to object 'Object Repository/PM/Huawei-vendor/Include-last-hour' successfully

2024-07-31 11:48:15 - [MESSAGE][PASSED] - Object: 'Object Repository/PM/Huawei-vendor/StartDate/StartDate-Button' is clicked on

2024-07-31 11:48:16 - [MESSAGE][PASSED] - Delayed 1 second(s)

2024-07-31 11:48:17 - [MESSAGE][PASSED] - Object: 'Object Repository/PM/Huawei-vendor/StartDate/Monthly-Selection' is clicked on

2024-07-31 11:48:17 - [MESSAGE][PASSED] - Object: 'Object Repository/PM/Huawei-vendor/StartDate/May-Selection' is clicked on

2024-07-31 11:48:17 - [MESSAGE][PASSED] - Object: 'Object Repository/PM/Huawei-vendor/StartDate/1-May' is clicked on

2024-07-31 11:48:18 - [MESSAGE][PASSED] - Object: 'Object Repository/PM/Huawei-vendor/End-date/End-Time-Button' is clicked on

2024-07-31 11:48:19 - [MESSAGE][PASSED] - Delayed 1 second(s)

2024-07-31 11:48:19 - [MESSAGE][PASSED] - Object: 'Object Repository/PM/Huawei-vendor/End-date/Monthly-Selection' is clicked on

2024-07-31 11:48:19 - [MESSAGE][PASSED] - Object: 'Object Repository/PM/Huawei-vendor/End-date/May-Selection' is clicked on

2024-07-31 11:48:20 - [MESSAGE][PASSED] - Object: 'Object Repository/PM/Huawei-vendor/End-date/30-May' is clicked on

2024-07-31 11:48:20 - [MESSAGE][WARNING] - Timeout '0' is invalid. Using default page load timeout: '120'

2024-07-31 11:48:20 - [MESSAGE][PASSED] - Scroll to object 'Object Repository/PM/Huawei-vendor/KPIs/HO-kpi-checkbox' successfully

2024-07-31 11:48:21 - [MESSAGE][PASSED] - Delayed 1 second(s)

2024-07-31 11:48:21 - [MESSAGE][PASSED] - Object: 'Object Repository/PM/Huawei-vendor/KPIs/OMAR-KPI' is clicked on

2024-07-31 11:48:22 - [MESSAGE][PASSED] - Object: 'Object Repository/PM/Huawei-vendor/Apply-Button' is clicked on

2024-07-31 11:48:22 - [MESSAGE][WARNING] - Timeout '0' is invalid. Using default page load timeout: '120'

2024-07-31 11:48:22 - [MESSAGE][PASSED] - Web element with id: 'Object Repository/PM/Huawei-vendor/Error' located by 'By.xpath: //div[@class='toast-summary title-medium-m']' is not present after '120' second(s)

2024-07-31 11:48:22 - [MESSAGE][WARNING] - Timeout '0' is invalid. Using default page load timeout: '120'

2024-07-31 11:50:23 - [MESSAGE][INFO] - Unable to find the element located by 'By.xpath: //button[@class='btn btn-outline-primary export-btn']'. Please recheck the objects properties to make sure the desired element is located. 

2024-07-31 11:50:23 - [MESSAGE][FAILED] - com.kms.katalon.core.webui.exception.WebElementNotFoundException: Web element with id: 'Object Repository/PM/Huawei-vendor/Export-Result' located by '//button[@class='btn btn-outline-primary export-btn']' not found (Root cause: com.kms.katalon.core.exception.StepFailedException: com.kms.katalon.core.webui.exception.WebElementNotFoundException: Web element with id: 'Object Repository/PM/Huawei-vendor/Export-Result' located by '//button[@class='btn btn-outline-primary export-btn']' not found
	at com.kms.katalon.core.webui.keyword.internal.WebUIKeywordMain.stepFailed(WebUIKeywordMain.groovy:64)
	at com.kms.katalon.core.webui.keyword.builtin.VerifyElementPresentKeyword$_verifyElementPresent_closure1.doCall(VerifyElementPresentKeyword.groovy:85)
	at com.kms.katalon.core.webui.keyword.builtin.VerifyElementPresentKeyword$_verifyElementPresent_closure1.call(VerifyElementPresentKeyword.groovy)
	at com.kms.katalon.core.webui.keyword.internal.WebUIKeywordMain.runKeyword(WebUIKeywordMain.groovy:20)
	at com.kms.katalon.core.webui.keyword.builtin.VerifyElementPresentKeyword.verifyElementPresent(VerifyElementPresentKeyword.groovy:92)
	at com.kms.katalon.core.webui.keyword.builtin.VerifyElementPresentKeyword.execute(VerifyElementPresentKeyword.groovy:68)
	at com.kms.katalon.core.keyword.internal.KeywordExecutor.executeKeywordForPlatform(KeywordExecutor.groovy:74)
	at com.kms.katalon.core.webui.keyword.WebUiBuiltInKeywords.verifyElementPresent(WebUiBuiltInKeywords.groovy:1464)
	at com.kms.katalon.core.webui.keyword.WebUiBuiltInKeywords$verifyElementPresent$6.call(Unknown Source)
	at PMHwaueiStats.Stats(PMHwaueiStats.groovy:650)
	at PMHwaueiStats.invokeMethod(PMHwaueiStats.groovy)
	at com.kms.katalon.core.main.CustomKeywordDelegatingMetaClass.invokeStaticMethod(CustomKeywordDelegatingMetaClass.java:55)
	at Governorate XDD.run(Governorate XDD:23)
	at com.kms.katalon.core.main.ScriptEngine.run(ScriptEngine.java:194)
	at com.kms.katalon.core.main.ScriptEngine.runScriptAsRawText(ScriptEngine.java:119)
	at com.kms.katalon.core.main.TestCaseExecutor.runScript(TestCaseExecutor.java:448)
	at com.kms.katalon.core.main.TestCaseExecutor.doExecute(TestCaseExecutor.java:439)
	at com.kms.katalon.core.main.TestCaseExecutor.processExecutionPhase(TestCaseExecutor.java:418)
	at com.kms.katalon.core.main.TestCaseExecutor.accessMainPhase(TestCaseExecutor.java:410)
	at com.kms.katalon.core.main.TestCaseExecutor.execute(TestCaseExecutor.java:285)
	at com.kms.katalon.core.common.CommonExecutor.accessTestCaseMainPhase(CommonExecutor.java:65)
	at com.kms.katalon.core.main.TestSuiteExecutor.accessTestSuiteMainPhase(TestSuiteExecutor.java:148)
	at com.kms.katalon.core.main.TestSuiteExecutor.execute(TestSuiteExecutor.java:106)
	at com.kms.katalon.core.main.TestCaseMain.startTestSuite(TestCaseMain.java:187)
	at com.kms.katalon.core.main.TestCaseMain$startTestSuite$0.call(Unknown Source)
	at TempTestSuite1722414562516.run(TempTestSuite1722414562516.groovy:35)
)
[[ATTACHMENT|C:\\Users\\LP-Support\\git\\NetCell\\Reports\\20240731_112922\\PM\\Hwauei\\Stats\\Regression Stats 4g\\20240731_112922\\1722415823513.png]]

2024-07-31 11:50:23 - [MESSAGE][FAILED] - Unable to verify object 'Object Repository/PM/Huawei-vendor/Export-Result' is present (Root cause: com.kms.katalon.core.exception.StepFailedException: Unable to verify object 'Object Repository/PM/Huawei-vendor/Export-Result' is present
	at com.kms.katalon.core.webui.keyword.internal.WebUIKeywordMain.stepFailed(WebUIKeywordMain.groovy:64)
	at com.kms.katalon.core.webui.keyword.internal.WebUIKeywordMain.runKeyword(WebUIKeywordMain.groovy:26)
	at com.kms.katalon.core.webui.keyword.builtin.VerifyElementPresentKeyword.verifyElementPresent(VerifyElementPresentKeyword.groovy:92)
	at com.kms.katalon.core.webui.keyword.builtin.VerifyElementPresentKeyword.execute(VerifyElementPresentKeyword.groovy:68)
	at com.kms.katalon.core.keyword.internal.KeywordExecutor.executeKeywordForPlatform(KeywordExecutor.groovy:74)
	at com.kms.katalon.core.webui.keyword.WebUiBuiltInKeywords.verifyElementPresent(WebUiBuiltInKeywords.groovy:1464)
	at com.kms.katalon.core.webui.keyword.WebUiBuiltInKeywords$verifyElementPresent$6.call(Unknown Source)
	at PMHwaueiStats.Stats(PMHwaueiStats.groovy:650)
	at PMHwaueiStats.invokeMethod(PMHwaueiStats.groovy)
	at com.kms.katalon.core.main.CustomKeywordDelegatingMetaClass.invokeStaticMethod(CustomKeywordDelegatingMetaClass.java:55)
	at Governorate XDD.run(Governorate XDD:23)
	at com.kms.katalon.core.main.ScriptEngine.run(ScriptEngine.java:194)
	at com.kms.katalon.core.main.ScriptEngine.runScriptAsRawText(ScriptEngine.java:119)
	at com.kms.katalon.core.main.TestCaseExecutor.runScript(TestCaseExecutor.java:448)
	at com.kms.katalon.core.main.TestCaseExecutor.doExecute(TestCaseExecutor.java:439)
	at com.kms.katalon.core.main.TestCaseExecutor.processExecutionPhase(TestCaseExecutor.java:418)
	at com.kms.katalon.core.main.TestCaseExecutor.accessMainPhase(TestCaseExecutor.java:410)
	at com.kms.katalon.core.main.TestCaseExecutor.execute(TestCaseExecutor.java:285)
	at com.kms.katalon.core.common.CommonExecutor.accessTestCaseMainPhase(CommonExecutor.java:65)
	at com.kms.katalon.core.main.TestSuiteExecutor.accessTestSuiteMainPhase(TestSuiteExecutor.java:148)
	at com.kms.katalon.core.main.TestSuiteExecutor.execute(TestSuiteExecutor.java:106)
	at com.kms.katalon.core.main.TestCaseMain.startTestSuite(TestCaseMain.java:187)
	at com.kms.katalon.core.main.TestCaseMain$startTestSuite$0.call(Unknown Source)
	at TempTestSuite1722414562516.run(TempTestSuite1722414562516.groovy:35)
Caused by: com.kms.katalon.core.exception.StepFailedException: com.kms.katalon.core.webui.exception.WebElementNotFoundException: Web element with id: 'Object Repository/PM/Huawei-vendor/Export-Result' located by '//button[@class='btn btn-outline-primary export-btn']' not found
	at com.kms.katalon.core.webui.keyword.internal.WebUIKeywordMain.stepFailed(WebUIKeywordMain.groovy:64)
	at com.kms.katalon.core.webui.keyword.builtin.VerifyElementPresentKeyword$_verifyElementPresent_closure1.doCall(VerifyElementPresentKeyword.groovy:85)
	at com.kms.katalon.core.webui.keyword.builtin.VerifyElementPresentKeyword$_verifyElementPresent_closure1.call(VerifyElementPresentKeyword.groovy)
	at com.kms.katalon.core.webui.keyword.internal.WebUIKeywordMain.runKeyword(WebUIKeywordMain.groovy:20)
	... 22 more
)
[[ATTACHMENT|C:\\Users\\LP-Support\\git\\NetCell\\Reports\\20240731_112922\\PM\\Hwauei\\Stats\\Regression Stats 4g\\20240731_112922\\1722415823658.png]]

2024-07-31 11:50:23 - [MESSAGE][FAILED] - Unable to verify object 'Object Repository/PM/Huawei-vendor/Export-Result' is present]]></system-out>
         <system-err><![CDATA[2024-07-31 11:47:44 - [TEST_CASE][FAILED] - Test Cases/PM/Hwauei/Stats/4G/Governorate XDD/Governorate XDD: Test Cases/PM/Hwauei/Stats/4G/Governorate XDD/Governorate XDD FAILED.
Reason:
com.kms.katalon.core.exception.StepFailedException: Unable to verify object 'Object Repository/PM/Huawei-vendor/Export-Result' is present
	at com.kms.katalon.core.webui.keyword.internal.WebUIKeywordMain.stepFailed(WebUIKeywordMain.groovy:64)
	at com.kms.katalon.core.webui.keyword.internal.WebUIKeywordMain.runKeyword(WebUIKeywordMain.groovy:26)
	at com.kms.katalon.core.webui.keyword.builtin.VerifyElementPresentKeyword.verifyElementPresent(VerifyElementPresentKeyword.groovy:92)
	at com.kms.katalon.core.webui.keyword.builtin.VerifyElementPresentKeyword.execute(VerifyElementPresentKeyword.groovy:68)
	at com.kms.katalon.core.keyword.internal.KeywordExecutor.executeKeywordForPlatform(KeywordExecutor.groovy:74)
	at com.kms.katalon.core.webui.keyword.WebUiBuiltInKeywords.verifyElementPresent(WebUiBuiltInKeywords.groovy:1464)
	at com.kms.katalon.core.webui.keyword.WebUiBuiltInKeywords$verifyElementPresent$6.call(Unknown Source)
	at PMHwaueiStats.Stats(PMHwaueiStats.groovy:650)
	at PMHwaueiStats.invokeMethod(PMHwaueiStats.groovy)
	at com.kms.katalon.core.main.CustomKeywordDelegatingMetaClass.invokeStaticMethod(CustomKeywordDelegatingMetaClass.java:55)
	at Governorate XDD.run(Governorate XDD:23)
	at com.kms.katalon.core.main.ScriptEngine.run(ScriptEngine.java:194)
	at com.kms.katalon.core.main.ScriptEngine.runScriptAsRawText(ScriptEngine.java:119)
	at com.kms.katalon.core.main.TestCaseExecutor.runScript(TestCaseExecutor.java:448)
	at com.kms.katalon.core.main.TestCaseExecutor.doExecute(TestCaseExecutor.java:439)
	at com.kms.katalon.core.main.TestCaseExecutor.processExecutionPhase(TestCaseExecutor.java:418)
	at com.kms.katalon.core.main.TestCaseExecutor.accessMainPhase(TestCaseExecutor.java:410)
	at com.kms.katalon.core.main.TestCaseExecutor.execute(TestCaseExecutor.java:285)
	at com.kms.katalon.core.common.CommonExecutor.accessTestCaseMainPhase(CommonExecutor.java:65)
	at com.kms.katalon.core.main.TestSuiteExecutor.accessTestSuiteMainPhase(TestSuiteExecutor.java:148)
	at com.kms.katalon.core.main.TestSuiteExecutor.execute(TestSuiteExecutor.java:106)
	at com.kms.katalon.core.main.TestCaseMain.startTestSuite(TestCaseMain.java:187)
	at com.kms.katalon.core.main.TestCaseMain$startTestSuite$0.call(Unknown Source)
	at TempTestSuite1722414562516.run(TempTestSuite1722414562516.groovy:35)
Caused by: com.kms.katalon.core.exception.StepFailedException: com.kms.katalon.core.webui.exception.WebElementNotFoundException: Web element with id: 'Object Repository/PM/Huawei-vendor/Export-Result' located by '//button[@class='btn btn-outline-primary export-btn']' not found
	at com.kms.katalon.core.webui.keyword.internal.WebUIKeywordMain.stepFailed(WebUIKeywordMain.groovy:64)
	at com.kms.katalon.core.webui.keyword.builtin.VerifyElementPresentKeyword$_verifyElementPresent_closure1.doCall(VerifyElementPresentKeyword.groovy:85)
	at com.kms.katalon.core.webui.keyword.builtin.VerifyElementPresentKeyword$_verifyElementPresent_closure1.call(VerifyElementPresentKeyword.groovy)
	at com.kms.katalon.core.webui.keyword.internal.WebUIKeywordMain.runKeyword(WebUIKeywordMain.groovy:20)
	... 22 more]]></system-err>
      </testcase>
      <testcase name="Test Cases/PM/Hwauei/Stats/4G/Governorate XDD/Governorate XDD Aggregation" time="54.546" classname="Test Cases/PM/Hwauei/Stats/4G/Governorate XDD/Governorate XDD Aggregation" status="PASSED">
         <system-out><![CDATA[2024-07-31 11:50:23 - [TEST_CASE][PASSED] - Test Cases/PM/Hwauei/Stats/4G/Governorate XDD/Governorate XDD Aggregation: Test Cases/PM/Hwauei/Stats/4G/Governorate XDD/Governorate XDD Aggregation

2024-07-31 11:50:24 - [TEST_STEP][PASSED] - callTestCase(findTestCase("Login"), [:], STOP_ON_FAILURE): Call Test Case 'Test Cases/Login' successfully

2024-07-31 11:50:24 - [TEST_CASE][PASSED] - Test Cases/Login: Test Cases/Login

2024-07-31 11:50:24 - [TEST_STEP][PASSED] - driver = general.start(SwagerURL, NetCellURL): general.start is PASSED

2024-07-31 11:50:24 - [MESSAGE][INFO] - >>> chromeDriverPath=C:\Users\LP-Support\.katalon\packages\Katalon_Studio_Windows_64-8.6.9\Katalon_Studio_Windows_64-8.6.9\configuration\resources\drivers\chromedriver_win32\chromedriver.exe

2024-07-31 11:50:26 - [MESSAGE][PASSED] - Current window maximized

2024-07-31 11:50:27 - [MESSAGE][PASSED] - Execute JavaScript 'window.open();' successfully

2024-07-31 11:50:27 - [MESSAGE][PASSED] - Switched to window with index: '1'

2024-07-31 11:50:29 - [MESSAGE][PASSED] - general.start is PASSED

2024-07-31 11:50:29 - [TEST_STEP][PASSED] - click(findTestObject("Object Repository/Login/LoginButton")): Object: 'Object Repository/Login/LoginButton' is clicked on

2024-07-31 11:50:30 - [MESSAGE][PASSED] - Object: 'Object Repository/Login/LoginButton' is clicked on

2024-07-31 11:50:30 - [TEST_STEP][PASSED] - switchToWindowIndex(2): Switched to window with index: '2'

2024-07-31 11:50:31 - [MESSAGE][PASSED] - Switched to window with index: '2'

2024-07-31 11:50:31 - [TEST_STEP][PASSED] - delay(1): Delayed 1 second(s)

2024-07-31 11:50:32 - [MESSAGE][PASSED] - Delayed 1 second(s)

2024-07-31 11:50:32 - [TEST_STEP][PASSED] - sendKeys(findTestObject("Object Repository/Login/EnterEmail"), "homam@zztjg.onmicrosoft.com"): Keys 'homam@zztjg.onmicrosoft.com' sent to object: 'Object Repository/Login/EnterEmail'

2024-07-31 11:50:34 - [MESSAGE][PASSED] - Keys 'homam@zztjg.onmicrosoft.com' sent to object: 'Object Repository/Login/EnterEmail'

2024-07-31 11:50:34 - [TEST_STEP][PASSED] - delay(1): Delayed 1 second(s)

2024-07-31 11:50:35 - [MESSAGE][PASSED] - Delayed 1 second(s)

2024-07-31 11:50:35 - [TEST_STEP][PASSED] - click(findTestObject("Object Repository/Login/NextButton")): Object: 'Object Repository/Login/NextButton' is clicked on

2024-07-31 11:50:36 - [MESSAGE][PASSED] - Object: 'Object Repository/Login/NextButton' is clicked on

2024-07-31 11:50:36 - [TEST_STEP][PASSED] - delay(2): Delayed 2 second(s)

2024-07-31 11:50:38 - [MESSAGE][PASSED] - Delayed 2 second(s)

2024-07-31 11:50:38 - [TEST_STEP][PASSED] - sendKeys(findTestObject("Object Repository/Login/EnterPassword"), "Holder12345"): Keys 'Holder12345' sent to object: 'Object Repository/Login/EnterPassword'

2024-07-31 11:50:38 - [MESSAGE][PASSED] - Keys 'Holder12345' sent to object: 'Object Repository/Login/EnterPassword'

2024-07-31 11:50:38 - [TEST_STEP][PASSED] - delay(1): Delayed 1 second(s)

2024-07-31 11:50:39 - [MESSAGE][PASSED] - Delayed 1 second(s)

2024-07-31 11:50:39 - [TEST_STEP][PASSED] - click(findTestObject("Object Repository/Login/SigninButton")): Object: 'Object Repository/Login/SigninButton' is clicked on

2024-07-31 11:50:41 - [MESSAGE][PASSED] - Object: 'Object Repository/Login/SigninButton' is clicked on

2024-07-31 11:50:41 - [TEST_STEP][PASSED] - delay(1): Delayed 1 second(s)

2024-07-31 11:50:42 - [MESSAGE][PASSED] - Delayed 1 second(s)

2024-07-31 11:50:42 - [TEST_STEP][PASSED] - click(findTestObject("Object Repository/Login/YesStayInButton")): Object: 'Object Repository/Login/YesStayInButton' is clicked on

2024-07-31 11:50:44 - [MESSAGE][PASSED] - Object: 'Object Repository/Login/YesStayInButton' is clicked on

2024-07-31 11:50:44 - [MESSAGE][PASSED] - Call Test Case 'Test Cases/Login' successfully

2024-07-31 11:50:44 - [TEST_STEP][PASSED] - switchToWindowIndex(1): Switched to window with index: '1'

2024-07-31 11:50:45 - [MESSAGE][PASSED] - Switched to window with index: '1'

2024-07-31 11:50:45 - [TEST_STEP][PASSED] - PMHwaueiStats.Stats("4G", "Governorate", true, "Hourly"): PMHwaueiStats.Stats is PASSED

2024-07-31 11:50:46 - [MESSAGE][PASSED] - Object: 'Object Repository/PM/PM-Button' is clicked on

2024-07-31 11:50:46 - [MESSAGE][PASSED] - Switched to window with index: '2'

2024-07-31 11:50:50 - [MESSAGE][PASSED] - Object: 'Object Repository/PM/Huawei-vendor/TopX/TopX Object Type' is clicked on

2024-07-31 11:50:51 - [MESSAGE][PASSED] - Delayed 1 second(s)

2024-07-31 11:50:52 - [MESSAGE][PASSED] - Object: 'Object Repository/PM/Huawei-vendor/Object-Type/TopX Object Types/TopX Governorates/TopX Governorate' is clicked on

2024-07-31 11:50:53 - [MESSAGE][PASSED] - Delayed 1 second(s)

2024-07-31 11:50:53 - [MESSAGE][WARNING] - Timeout '0' is invalid. Using default page load timeout: '120'

2024-07-31 11:50:53 - [MESSAGE][PASSED] - Scroll to object 'Object Repository/PM/Huawei-vendor/Object Border' successfully

2024-07-31 11:50:53 - [MESSAGE][PASSED] - Object: 'Object Repository/PM/Huawei-vendor/Object-Type/TopX Object Types/TopX PLMNs/TopX PLMN checkbox' is clicked on

2024-07-31 11:50:54 - [MESSAGE][PASSED] - Object: 'Object Repository/PM/Huawei-vendor/Aggregation-CheckBox' is clicked on

2024-07-31 11:50:54 - [MESSAGE][WARNING] - Timeout '0' is invalid. Using default page load timeout: '120'

2024-07-31 11:50:54 - [MESSAGE][PASSED] - Scroll to object 'Object Repository/PM/Huawei-vendor/Include-last-hour' successfully

2024-07-31 11:50:54 - [MESSAGE][PASSED] - Object: 'Object Repository/PM/Huawei-vendor/StartDate/StartDate-Button' is clicked on

2024-07-31 11:50:55 - [MESSAGE][PASSED] - Delayed 1 second(s)

2024-07-31 11:50:56 - [MESSAGE][PASSED] - Object: 'Object Repository/PM/Huawei-vendor/StartDate/Monthly-Selection' is clicked on

2024-07-31 11:50:56 - [MESSAGE][PASSED] - Object: 'Object Repository/PM/Huawei-vendor/StartDate/May-Selection' is clicked on

2024-07-31 11:50:56 - [MESSAGE][PASSED] - Object: 'Object Repository/PM/Huawei-vendor/StartDate/1-May' is clicked on

2024-07-31 11:50:57 - [MESSAGE][PASSED] - Object: 'Object Repository/PM/Huawei-vendor/End-date/End-Time-Button' is clicked on

2024-07-31 11:50:58 - [MESSAGE][PASSED] - Delayed 1 second(s)

2024-07-31 11:50:58 - [MESSAGE][PASSED] - Object: 'Object Repository/PM/Huawei-vendor/End-date/Monthly-Selection' is clicked on

2024-07-31 11:50:58 - [MESSAGE][PASSED] - Object: 'Object Repository/PM/Huawei-vendor/End-date/May-Selection' is clicked on

2024-07-31 11:50:59 - [MESSAGE][PASSED] - Object: 'Object Repository/PM/Huawei-vendor/End-date/30-May' is clicked on

2024-07-31 11:50:59 - [MESSAGE][WARNING] - Timeout '0' is invalid. Using default page load timeout: '120'

2024-07-31 11:50:59 - [MESSAGE][PASSED] - Scroll to object 'Object Repository/PM/Huawei-vendor/KPIs/HO-kpi-checkbox' successfully

2024-07-31 11:51:00 - [MESSAGE][PASSED] - Delayed 1 second(s)

2024-07-31 11:51:00 - [MESSAGE][PASSED] - Object: 'Object Repository/PM/Huawei-vendor/KPIs/OMAR-KPI' is clicked on

2024-07-31 11:51:01 - [MESSAGE][PASSED] - Object: 'Object Repository/PM/Huawei-vendor/Apply-Button' is clicked on

2024-07-31 11:51:01 - [MESSAGE][WARNING] - Timeout '0' is invalid. Using default page load timeout: '120'

2024-07-31 11:51:01 - [MESSAGE][PASSED] - Web element with id: 'Object Repository/PM/Huawei-vendor/Error' located by 'By.xpath: //div[@class='toast-summary title-medium-m']' is not present after '120' second(s)

2024-07-31 11:51:01 - [MESSAGE][WARNING] - Timeout '0' is invalid. Using default page load timeout: '120'

2024-07-31 11:51:17 - [MESSAGE][PASSED] - Object 'Object Repository/PM/Huawei-vendor/Export-Result' is present

2024-07-31 11:51:18 - [MESSAGE][PASSED] - Browser is closed

2024-07-31 11:51:18 - [MESSAGE][PASSED] - PMHwaueiStats.Stats is PASSED]]></system-out>
         <system-err><![CDATA[]]></system-err>
      </testcase>
      <testcase name="Test Cases/PM/Hwauei/Stats/4G/PLMN XDD/PLMN XDD" time="36.954" classname="Test Cases/PM/Hwauei/Stats/4G/PLMN XDD/PLMN XDD" status="ERROR">
         <error type="ERROR" message="Test Cases/PM/Hwauei/Stats/4G/PLMN XDD/PLMN XDD FAILED.
Reason:
groovy.lang.MissingPropertyException: No such property: randomNumberForPLMNXDD for class: general
	at PMHwaueiStats.Stats(PMHwaueiStats.groovy:467)
	at PMHwaueiStats.invokeMethod(PMHwaueiStats.groovy)
	at com.kms.katalon.core.main.CustomKeywordDelegatingMetaClass.invokeStaticMethod(CustomKeywordDelegatingMetaClass.java:55)
	at PLMN XDD.run(PLMN XDD:22)
	at com.kms.katalon.core.main.ScriptEngine.run(ScriptEngine.java:194)
	at com.kms.katalon.core.main.ScriptEngine.runScriptAsRawText(ScriptEngine.java:119)
	at com.kms.katalon.core.main.TestCaseExecutor.runScript(TestCaseExecutor.java:448)
	at com.kms.katalon.core.main.TestCaseExecutor.doExecute(TestCaseExecutor.java:439)
	at com.kms.katalon.core.main.TestCaseExecutor.processExecutionPhase(TestCaseExecutor.java:418)
	at com.kms.katalon.core.main.TestCaseExecutor.accessMainPhase(TestCaseExecutor.java:410)
	at com.kms.katalon.core.main.TestCaseExecutor.execute(TestCaseExecutor.java:285)
	at com.kms.katalon.core.common.CommonExecutor.accessTestCaseMainPhase(CommonExecutor.java:65)
	at com.kms.katalon.core.main.TestSuiteExecutor.accessTestSuiteMainPhase(TestSuiteExecutor.java:148)
	at com.kms.katalon.core.main.TestSuiteExecutor.execute(TestSuiteExecutor.java:106)
	at com.kms.katalon.core.main.TestCaseMain.startTestSuite(TestCaseMain.java:187)
	at com.kms.katalon.core.main.TestCaseMain$startTestSuite$0.call(Unknown Source)
	at TempTestSuite1722414562516.run(TempTestSuite1722414562516.groovy:35)
"/>
         <system-out><![CDATA[2024-07-31 11:51:18 - [TEST_CASE][ERROR] - Test Cases/PM/Hwauei/Stats/4G/PLMN XDD/PLMN XDD: Test Cases/PM/Hwauei/Stats/4G/PLMN XDD/PLMN XDD FAILED.
Reason:
groovy.lang.MissingPropertyException: No such property: randomNumberForPLMNXDD for class: general
	at PMHwaueiStats.Stats(PMHwaueiStats.groovy:467)
	at PMHwaueiStats.invokeMethod(PMHwaueiStats.groovy)
	at com.kms.katalon.core.main.CustomKeywordDelegatingMetaClass.invokeStaticMethod(CustomKeywordDelegatingMetaClass.java:55)
	at PLMN XDD.run(PLMN XDD:22)
	at com.kms.katalon.core.main.ScriptEngine.run(ScriptEngine.java:194)
	at com.kms.katalon.core.main.ScriptEngine.runScriptAsRawText(ScriptEngine.java:119)
	at com.kms.katalon.core.main.TestCaseExecutor.runScript(TestCaseExecutor.java:448)
	at com.kms.katalon.core.main.TestCaseExecutor.doExecute(TestCaseExecutor.java:439)
	at com.kms.katalon.core.main.TestCaseExecutor.processExecutionPhase(TestCaseExecutor.java:418)
	at com.kms.katalon.core.main.TestCaseExecutor.accessMainPhase(TestCaseExecutor.java:410)
	at com.kms.katalon.core.main.TestCaseExecutor.execute(TestCaseExecutor.java:285)
	at com.kms.katalon.core.common.CommonExecutor.accessTestCaseMainPhase(CommonExecutor.java:65)
	at com.kms.katalon.core.main.TestSuiteExecutor.accessTestSuiteMainPhase(TestSuiteExecutor.java:148)
	at com.kms.katalon.core.main.TestSuiteExecutor.execute(TestSuiteExecutor.java:106)
	at com.kms.katalon.core.main.TestCaseMain.startTestSuite(TestCaseMain.java:187)
	at com.kms.katalon.core.main.TestCaseMain$startTestSuite$0.call(Unknown Source)
	at TempTestSuite1722414562516.run(TempTestSuite1722414562516.groovy:35)


2024-07-31 11:51:19 - [TEST_STEP][PASSED] - callTestCase(findTestCase("Login"), [:], STOP_ON_FAILURE): Call Test Case 'Test Cases/Login' successfully

2024-07-31 11:51:19 - [TEST_CASE][PASSED] - Test Cases/Login: Test Cases/Login

2024-07-31 11:51:19 - [TEST_STEP][PASSED] - driver = general.start(SwagerURL, NetCellURL): general.start is PASSED

2024-07-31 11:51:19 - [MESSAGE][INFO] - >>> chromeDriverPath=C:\Users\LP-Support\.katalon\packages\Katalon_Studio_Windows_64-8.6.9\Katalon_Studio_Windows_64-8.6.9\configuration\resources\drivers\chromedriver_win32\chromedriver.exe

2024-07-31 11:51:22 - [MESSAGE][PASSED] - Current window maximized

2024-07-31 11:51:23 - [MESSAGE][PASSED] - Execute JavaScript 'window.open();' successfully

2024-07-31 11:51:23 - [MESSAGE][PASSED] - Switched to window with index: '1'

2024-07-31 11:51:26 - [MESSAGE][PASSED] - general.start is PASSED

2024-07-31 11:51:26 - [TEST_STEP][PASSED] - click(findTestObject("Object Repository/Login/LoginButton")): Object: 'Object Repository/Login/LoginButton' is clicked on

2024-07-31 11:51:26 - [MESSAGE][PASSED] - Object: 'Object Repository/Login/LoginButton' is clicked on

2024-07-31 11:51:26 - [TEST_STEP][PASSED] - switchToWindowIndex(2): Switched to window with index: '2'

2024-07-31 11:51:28 - [MESSAGE][PASSED] - Switched to window with index: '2'

2024-07-31 11:51:28 - [TEST_STEP][PASSED] - delay(1): Delayed 1 second(s)

2024-07-31 11:51:29 - [MESSAGE][PASSED] - Delayed 1 second(s)

2024-07-31 11:51:29 - [TEST_STEP][PASSED] - sendKeys(findTestObject("Object Repository/Login/EnterEmail"), "homam@zztjg.onmicrosoft.com"): Keys 'homam@zztjg.onmicrosoft.com' sent to object: 'Object Repository/Login/EnterEmail'

2024-07-31 11:51:30 - [MESSAGE][PASSED] - Keys 'homam@zztjg.onmicrosoft.com' sent to object: 'Object Repository/Login/EnterEmail'

2024-07-31 11:51:30 - [TEST_STEP][PASSED] - delay(1): Delayed 1 second(s)

2024-07-31 11:51:31 - [MESSAGE][PASSED] - Delayed 1 second(s)

2024-07-31 11:51:31 - [TEST_STEP][PASSED] - click(findTestObject("Object Repository/Login/NextButton")): Object: 'Object Repository/Login/NextButton' is clicked on

2024-07-31 11:51:32 - [MESSAGE][PASSED] - Object: 'Object Repository/Login/NextButton' is clicked on

2024-07-31 11:51:32 - [TEST_STEP][PASSED] - delay(2): Delayed 2 second(s)

2024-07-31 11:51:34 - [MESSAGE][PASSED] - Delayed 2 second(s)

2024-07-31 11:51:34 - [TEST_STEP][PASSED] - sendKeys(findTestObject("Object Repository/Login/EnterPassword"), "Holder12345"): Keys 'Holder12345' sent to object: 'Object Repository/Login/EnterPassword'

2024-07-31 11:51:34 - [MESSAGE][PASSED] - Keys 'Holder12345' sent to object: 'Object Repository/Login/EnterPassword'

2024-07-31 11:51:34 - [TEST_STEP][PASSED] - delay(1): Delayed 1 second(s)

2024-07-31 11:51:35 - [MESSAGE][PASSED] - Delayed 1 second(s)

2024-07-31 11:51:35 - [TEST_STEP][PASSED] - click(findTestObject("Object Repository/Login/SigninButton")): Object: 'Object Repository/Login/SigninButton' is clicked on

2024-07-31 11:51:40 - [MESSAGE][PASSED] - Object: 'Object Repository/Login/SigninButton' is clicked on

2024-07-31 11:51:40 - [TEST_STEP][PASSED] - delay(1): Delayed 1 second(s)

2024-07-31 11:51:42 - [MESSAGE][PASSED] - Delayed 1 second(s)

2024-07-31 11:51:42 - [TEST_STEP][PASSED] - click(findTestObject("Object Repository/Login/YesStayInButton")): Object: 'Object Repository/Login/YesStayInButton' is clicked on

2024-07-31 11:51:43 - [MESSAGE][PASSED] - Object: 'Object Repository/Login/YesStayInButton' is clicked on

2024-07-31 11:51:43 - [MESSAGE][PASSED] - Call Test Case 'Test Cases/Login' successfully

2024-07-31 11:51:43 - [TEST_STEP][PASSED] - switchToWindowIndex(1): Switched to window with index: '1'

2024-07-31 11:51:43 - [MESSAGE][PASSED] - Switched to window with index: '1'

2024-07-31 11:51:43 - [TEST_STEP][ERROR] - PMHwaueiStats.Stats("4G", "PLMN XDD", false, "Hourly"): Test Cases/PM/Hwauei/Stats/4G/PLMN XDD/PLMN XDD FAILED.
Reason:
com.kms.katalon.core.exception.StepErrorException: groovy.lang.MissingPropertyException: No such property: randomNumberForPLMNXDD for class: general
	at com.kms.katalon.core.main.CustomKeywordDelegatingMetaClass.throwError(CustomKeywordDelegatingMetaClass.java:101)
	at com.kms.katalon.core.main.CustomKeywordDelegatingMetaClass.invokeStaticMethod(CustomKeywordDelegatingMetaClass.java:73)
	at PLMN XDD.run(PLMN XDD:22)
	at com.kms.katalon.core.main.ScriptEngine.run(ScriptEngine.java:194)
	at com.kms.katalon.core.main.ScriptEngine.runScriptAsRawText(ScriptEngine.java:119)
	at com.kms.katalon.core.main.TestCaseExecutor.runScript(TestCaseExecutor.java:448)
	at com.kms.katalon.core.main.TestCaseExecutor.doExecute(TestCaseExecutor.java:439)
	at com.kms.katalon.core.main.TestCaseExecutor.processExecutionPhase(TestCaseExecutor.java:418)
	at com.kms.katalon.core.main.TestCaseExecutor.accessMainPhase(TestCaseExecutor.java:410)
	at com.kms.katalon.core.main.TestCaseExecutor.execute(TestCaseExecutor.java:285)
	at com.kms.katalon.core.common.CommonExecutor.accessTestCaseMainPhase(CommonExecutor.java:65)
	at com.kms.katalon.core.main.TestSuiteExecutor.accessTestSuiteMainPhase(TestSuiteExecutor.java:148)
	at com.kms.katalon.core.main.TestSuiteExecutor.execute(TestSuiteExecutor.java:106)
	at com.kms.katalon.core.main.TestCaseMain.startTestSuite(TestCaseMain.java:187)
	at com.kms.katalon.core.main.TestCaseMain$startTestSuite$0.call(Unknown Source)
	at TempTestSuite1722414562516.run(TempTestSuite1722414562516.groovy:35)
Caused by: groovy.lang.MissingPropertyException: No such property: randomNumberForPLMNXDD for class: general
	at PMHwaueiStats.Stats(PMHwaueiStats.groovy:467)
	at PMHwaueiStats.invokeMethod(PMHwaueiStats.groovy)
	at com.kms.katalon.core.main.CustomKeywordDelegatingMetaClass.invokeStaticMethod(CustomKeywordDelegatingMetaClass.java:55)
	... 14 more


2024-07-31 11:51:45 - [MESSAGE][PASSED] - Object: 'Object Repository/PM/PM-Button' is clicked on

2024-07-31 11:51:45 - [MESSAGE][PASSED] - Switched to window with index: '2'

2024-07-31 11:51:52 - [MESSAGE][PASSED] - Object: 'Object Repository/PM/Huawei-vendor/TopX/TopX Object Type' is clicked on

2024-07-31 11:51:53 - [MESSAGE][PASSED] - Delayed 1 second(s)

2024-07-31 11:51:54 - [MESSAGE][PASSED] - Object: 'Object Repository/PM/Huawei-vendor/Object-Type/TopX Object Types/TopX PLMNs XDD/TopX PLMN XDD' is clicked on

2024-07-31 11:51:55 - [MESSAGE][PASSED] - Delayed 1 second(s)

2024-07-31 11:51:55 - [MESSAGE][WARNING] - Timeout '0' is invalid. Using default page load timeout: '120'

2024-07-31 11:51:55 - [MESSAGE][PASSED] - Scroll to object 'Object Repository/PM/Huawei-vendor/Object Border' successfully

2024-07-31 11:51:55 - [MESSAGE][ERROR] - No such property: randomNumberForPLMNXDD for class: general

2024-07-31 11:51:55 - [MESSAGE][ERROR] - Test Cases/PM/Hwauei/Stats/4G/PLMN XDD/PLMN XDD FAILED.
Reason:
com.kms.katalon.core.exception.StepErrorException: groovy.lang.MissingPropertyException: No such property: randomNumberForPLMNXDD for class: general
	at com.kms.katalon.core.main.CustomKeywordDelegatingMetaClass.throwError(CustomKeywordDelegatingMetaClass.java:101)
	at com.kms.katalon.core.main.CustomKeywordDelegatingMetaClass.invokeStaticMethod(CustomKeywordDelegatingMetaClass.java:73)
	at PLMN XDD.run(PLMN XDD:22)
	at com.kms.katalon.core.main.ScriptEngine.run(ScriptEngine.java:194)
	at com.kms.katalon.core.main.ScriptEngine.runScriptAsRawText(ScriptEngine.java:119)
	at com.kms.katalon.core.main.TestCaseExecutor.runScript(TestCaseExecutor.java:448)
	at com.kms.katalon.core.main.TestCaseExecutor.doExecute(TestCaseExecutor.java:439)
	at com.kms.katalon.core.main.TestCaseExecutor.processExecutionPhase(TestCaseExecutor.java:418)
	at com.kms.katalon.core.main.TestCaseExecutor.accessMainPhase(TestCaseExecutor.java:410)
	at com.kms.katalon.core.main.TestCaseExecutor.execute(TestCaseExecutor.java:285)
	at com.kms.katalon.core.common.CommonExecutor.accessTestCaseMainPhase(CommonExecutor.java:65)
	at com.kms.katalon.core.main.TestSuiteExecutor.accessTestSuiteMainPhase(TestSuiteExecutor.java:148)
	at com.kms.katalon.core.main.TestSuiteExecutor.execute(TestSuiteExecutor.java:106)
	at com.kms.katalon.core.main.TestCaseMain.startTestSuite(TestCaseMain.java:187)
	at com.kms.katalon.core.main.TestCaseMain$startTestSuite$0.call(Unknown Source)
	at TempTestSuite1722414562516.run(TempTestSuite1722414562516.groovy:35)
Caused by: groovy.lang.MissingPropertyException: No such property: randomNumberForPLMNXDD for class: general
	at PMHwaueiStats.Stats(PMHwaueiStats.groovy:467)
	at PMHwaueiStats.invokeMethod(PMHwaueiStats.groovy)
	at com.kms.katalon.core.main.CustomKeywordDelegatingMetaClass.invokeStaticMethod(CustomKeywordDelegatingMetaClass.java:55)
	... 14 more]]></system-out>
         <system-err><![CDATA[2024-07-31 11:51:18 - [TEST_CASE][ERROR] - Test Cases/PM/Hwauei/Stats/4G/PLMN XDD/PLMN XDD: Test Cases/PM/Hwauei/Stats/4G/PLMN XDD/PLMN XDD FAILED.
Reason:
groovy.lang.MissingPropertyException: No such property: randomNumberForPLMNXDD for class: general
	at PMHwaueiStats.Stats(PMHwaueiStats.groovy:467)
	at PMHwaueiStats.invokeMethod(PMHwaueiStats.groovy)
	at com.kms.katalon.core.main.CustomKeywordDelegatingMetaClass.invokeStaticMethod(CustomKeywordDelegatingMetaClass.java:55)
	at PLMN XDD.run(PLMN XDD:22)
	at com.kms.katalon.core.main.ScriptEngine.run(ScriptEngine.java:194)
	at com.kms.katalon.core.main.ScriptEngine.runScriptAsRawText(ScriptEngine.java:119)
	at com.kms.katalon.core.main.TestCaseExecutor.runScript(TestCaseExecutor.java:448)
	at com.kms.katalon.core.main.TestCaseExecutor.doExecute(TestCaseExecutor.java:439)
	at com.kms.katalon.core.main.TestCaseExecutor.processExecutionPhase(TestCaseExecutor.java:418)
	at com.kms.katalon.core.main.TestCaseExecutor.accessMainPhase(TestCaseExecutor.java:410)
	at com.kms.katalon.core.main.TestCaseExecutor.execute(TestCaseExecutor.java:285)
	at com.kms.katalon.core.common.CommonExecutor.accessTestCaseMainPhase(CommonExecutor.java:65)
	at com.kms.katalon.core.main.TestSuiteExecutor.accessTestSuiteMainPhase(TestSuiteExecutor.java:148)
	at com.kms.katalon.core.main.TestSuiteExecutor.execute(TestSuiteExecutor.java:106)
	at com.kms.katalon.core.main.TestCaseMain.startTestSuite(TestCaseMain.java:187)
	at com.kms.katalon.core.main.TestCaseMain$startTestSuite$0.call(Unknown Source)
	at TempTestSuite1722414562516.run(TempTestSuite1722414562516.groovy:35)]]></system-err>
      </testcase>
      <testcase name="Test Cases/PM/Hwauei/Stats/4G/PLMN XDD/PLMN XDD Aggregation" time="46.181" classname="Test Cases/PM/Hwauei/Stats/4G/PLMN XDD/PLMN XDD Aggregation" status="PASSED">
         <system-out><![CDATA[2024-07-31 11:51:55 - [TEST_CASE][PASSED] - Test Cases/PM/Hwauei/Stats/4G/PLMN XDD/PLMN XDD Aggregation: Test Cases/PM/Hwauei/Stats/4G/PLMN XDD/PLMN XDD Aggregation

2024-07-31 11:51:55 - [TEST_STEP][PASSED] - callTestCase(findTestCase("Login"), [:], STOP_ON_FAILURE): Call Test Case 'Test Cases/Login' successfully

2024-07-31 11:51:56 - [TEST_CASE][PASSED] - Test Cases/Login: Test Cases/Login

2024-07-31 11:51:56 - [TEST_STEP][PASSED] - driver = general.start(SwagerURL, NetCellURL): general.start is PASSED

2024-07-31 11:51:56 - [MESSAGE][INFO] - >>> chromeDriverPath=C:\Users\LP-Support\.katalon\packages\Katalon_Studio_Windows_64-8.6.9\Katalon_Studio_Windows_64-8.6.9\configuration\resources\drivers\chromedriver_win32\chromedriver.exe

2024-07-31 11:51:58 - [MESSAGE][PASSED] - Current window maximized

2024-07-31 11:51:59 - [MESSAGE][PASSED] - Execute JavaScript 'window.open();' successfully

2024-07-31 11:51:59 - [MESSAGE][PASSED] - Switched to window with index: '1'

2024-07-31 11:52:01 - [MESSAGE][PASSED] - general.start is PASSED

2024-07-31 11:52:01 - [TEST_STEP][PASSED] - click(findTestObject("Object Repository/Login/LoginButton")): Object: 'Object Repository/Login/LoginButton' is clicked on

2024-07-31 11:52:02 - [MESSAGE][PASSED] - Object: 'Object Repository/Login/LoginButton' is clicked on

2024-07-31 11:52:02 - [TEST_STEP][PASSED] - switchToWindowIndex(2): Switched to window with index: '2'

2024-07-31 11:52:02 - [MESSAGE][PASSED] - Switched to window with index: '2'

2024-07-31 11:52:03 - [TEST_STEP][PASSED] - delay(1): Delayed 1 second(s)

2024-07-31 11:52:04 - [MESSAGE][PASSED] - Delayed 1 second(s)

2024-07-31 11:52:04 - [TEST_STEP][PASSED] - sendKeys(findTestObject("Object Repository/Login/EnterEmail"), "homam@zztjg.onmicrosoft.com"): Keys 'homam@zztjg.onmicrosoft.com' sent to object: 'Object Repository/Login/EnterEmail'

2024-07-31 11:52:05 - [MESSAGE][PASSED] - Keys 'homam@zztjg.onmicrosoft.com' sent to object: 'Object Repository/Login/EnterEmail'

2024-07-31 11:52:05 - [TEST_STEP][PASSED] - delay(1): Delayed 1 second(s)

2024-07-31 11:52:06 - [MESSAGE][PASSED] - Delayed 1 second(s)

2024-07-31 11:52:06 - [TEST_STEP][PASSED] - click(findTestObject("Object Repository/Login/NextButton")): Object: 'Object Repository/Login/NextButton' is clicked on

2024-07-31 11:52:07 - [MESSAGE][PASSED] - Object: 'Object Repository/Login/NextButton' is clicked on

2024-07-31 11:52:07 - [TEST_STEP][PASSED] - delay(2): Delayed 2 second(s)

2024-07-31 11:52:09 - [MESSAGE][PASSED] - Delayed 2 second(s)

2024-07-31 11:52:09 - [TEST_STEP][PASSED] - sendKeys(findTestObject("Object Repository/Login/EnterPassword"), "Holder12345"): Keys 'Holder12345' sent to object: 'Object Repository/Login/EnterPassword'

2024-07-31 11:52:09 - [MESSAGE][PASSED] - Keys 'Holder12345' sent to object: 'Object Repository/Login/EnterPassword'

2024-07-31 11:52:09 - [TEST_STEP][PASSED] - delay(1): Delayed 1 second(s)

2024-07-31 11:52:10 - [MESSAGE][PASSED] - Delayed 1 second(s)

2024-07-31 11:52:10 - [TEST_STEP][PASSED] - click(findTestObject("Object Repository/Login/SigninButton")): Object: 'Object Repository/Login/SigninButton' is clicked on

2024-07-31 11:52:12 - [MESSAGE][PASSED] - Object: 'Object Repository/Login/SigninButton' is clicked on

2024-07-31 11:52:12 - [TEST_STEP][PASSED] - delay(1): Delayed 1 second(s)

2024-07-31 11:52:13 - [MESSAGE][PASSED] - Delayed 1 second(s)

2024-07-31 11:52:13 - [TEST_STEP][PASSED] - click(findTestObject("Object Repository/Login/YesStayInButton")): Object: 'Object Repository/Login/YesStayInButton' is clicked on

2024-07-31 11:52:13 - [MESSAGE][PASSED] - Object: 'Object Repository/Login/YesStayInButton' is clicked on

2024-07-31 11:52:13 - [MESSAGE][PASSED] - Call Test Case 'Test Cases/Login' successfully

2024-07-31 11:52:13 - [TEST_STEP][PASSED] - switchToWindowIndex(1): Switched to window with index: '1'

2024-07-31 11:52:14 - [MESSAGE][PASSED] - Switched to window with index: '1'

2024-07-31 11:52:14 - [TEST_STEP][PASSED] - PMHwaueiStats.Stats("4G", "Region Band", true, "Hourly"): PMHwaueiStats.Stats is PASSED

2024-07-31 11:52:15 - [MESSAGE][PASSED] - Object: 'Object Repository/PM/PM-Button' is clicked on

2024-07-31 11:52:15 - [MESSAGE][PASSED] - Switched to window with index: '2'

2024-07-31 11:52:20 - [MESSAGE][PASSED] - Object: 'Object Repository/PM/Huawei-vendor/TopX/TopX Object Type' is clicked on

2024-07-31 11:52:21 - [MESSAGE][PASSED] - Delayed 1 second(s)

2024-07-31 11:52:21 - [MESSAGE][PASSED] - Object: 'Object Repository/PM/Huawei-vendor/Object-Type/TopX Object Types/TopX Region Bands/TopX Reagion Band' is clicked on

2024-07-31 11:52:22 - [MESSAGE][PASSED] - Delayed 1 second(s)

2024-07-31 11:52:22 - [MESSAGE][WARNING] - Timeout '0' is invalid. Using default page load timeout: '120'

2024-07-31 11:52:23 - [MESSAGE][PASSED] - Scroll to object 'Object Repository/PM/Huawei-vendor/Object Border' successfully

2024-07-31 11:52:23 - [MESSAGE][PASSED] - Object: 'Object Repository/PM/Huawei-vendor/Object-Type/TopX Object Types/TopX Sites/TopX East Amman Arrow' is clicked on

2024-07-31 11:52:23 - [MESSAGE][PASSED] - Object: 'Object Repository/PM/Huawei-vendor/Object-Type/TopX Object Types/TopX Region Bands/TopX FDD' is clicked on

2024-07-31 11:52:23 - [MESSAGE][PASSED] - Object: 'Object Repository/PM/Huawei-vendor/Object-Type/TopX Object Types/TopX Sites/TopX East Amman CloseArrow' is clicked on

2024-07-31 11:52:24 - [MESSAGE][PASSED] - Object: 'Object Repository/PM/Huawei-vendor/Object-Type/TopX Object Types/TopX Sites/TopX West Amman Arrow' is clicked on

2024-07-31 11:52:24 - [MESSAGE][PASSED] - Object: 'Object Repository/PM/Huawei-vendor/Object-Type/TopX Object Types/TopX Region Bands/TopX TDD' is clicked on

2024-07-31 11:52:24 - [MESSAGE][PASSED] - Object: 'Object Repository/PM/Huawei-vendor/Object-Type/TopX Object Types/TopX Sites/TopX West Amman CloseArrow' is clicked on

2024-07-31 11:52:25 - [MESSAGE][PASSED] - Object: 'Object Repository/PM/Huawei-vendor/Object-Type/TopX Object Types/TopX Regions/TopX Region South Amman' is clicked on

2024-07-31 11:52:25 - [MESSAGE][PASSED] - Object: 'Object Repository/PM/Huawei-vendor/Object-Type/TopX Object Types/TopX Regions/TopX Region East Jordan' is clicked on

2024-07-31 11:52:25 - [MESSAGE][PASSED] - Object: 'Object Repository/PM/Huawei-vendor/Object-Type/TopX Object Types/TopX Regions/TopX Region North Jordan' is clicked on

2024-07-31 11:52:25 - [MESSAGE][PASSED] - Object: 'Object Repository/PM/Huawei-vendor/Object-Type/TopX Object Types/TopX Regions/TopX Region South Jordan' is clicked on

2024-07-31 11:52:26 - [MESSAGE][PASSED] - Object: 'Object Repository/PM/Huawei-vendor/Object-Type/TopX Object Types/TopX Regions/TopX Region Others' is clicked on

2024-07-31 11:52:26 - [MESSAGE][PASSED] - Object: 'Object Repository/PM/Huawei-vendor/Aggregation-CheckBox' is clicked on

2024-07-31 11:52:26 - [MESSAGE][WARNING] - Timeout '0' is invalid. Using default page load timeout: '120'

2024-07-31 11:52:27 - [MESSAGE][PASSED] - Scroll to object 'Object Repository/PM/Huawei-vendor/Include-last-hour' successfully

2024-07-31 11:52:27 - [MESSAGE][PASSED] - Object: 'Object Repository/PM/Huawei-vendor/StartDate/StartDate-Button' is clicked on

2024-07-31 11:52:28 - [MESSAGE][PASSED] - Delayed 1 second(s)

2024-07-31 11:52:28 - [MESSAGE][PASSED] - Object: 'Object Repository/PM/Huawei-vendor/StartDate/Monthly-Selection' is clicked on

2024-07-31 11:52:29 - [MESSAGE][PASSED] - Object: 'Object Repository/PM/Huawei-vendor/StartDate/May-Selection' is clicked on

2024-07-31 11:52:29 - [MESSAGE][PASSED] - Object: 'Object Repository/PM/Huawei-vendor/StartDate/1-May' is clicked on

2024-07-31 11:52:30 - [MESSAGE][PASSED] - Object: 'Object Repository/PM/Huawei-vendor/End-date/End-Time-Button' is clicked on

2024-07-31 11:52:31 - [MESSAGE][PASSED] - Delayed 1 second(s)

2024-07-31 11:52:31 - [MESSAGE][PASSED] - Object: 'Object Repository/PM/Huawei-vendor/End-date/Monthly-Selection' is clicked on

2024-07-31 11:52:31 - [MESSAGE][PASSED] - Object: 'Object Repository/PM/Huawei-vendor/End-date/May-Selection' is clicked on

2024-07-31 11:52:32 - [MESSAGE][PASSED] - Object: 'Object Repository/PM/Huawei-vendor/End-date/30-May' is clicked on

2024-07-31 11:52:32 - [MESSAGE][WARNING] - Timeout '0' is invalid. Using default page load timeout: '120'

2024-07-31 11:52:32 - [MESSAGE][PASSED] - Scroll to object 'Object Repository/PM/Huawei-vendor/KPIs/HO-kpi-checkbox' successfully

2024-07-31 11:52:33 - [MESSAGE][PASSED] - Delayed 1 second(s)

2024-07-31 11:52:33 - [MESSAGE][PASSED] - Object: 'Object Repository/PM/Huawei-vendor/KPIs/OMAR-KPI' is clicked on

2024-07-31 11:52:34 - [MESSAGE][PASSED] - Object: 'Object Repository/PM/Huawei-vendor/Apply-Button' is clicked on

2024-07-31 11:52:34 - [MESSAGE][WARNING] - Timeout '0' is invalid. Using default page load timeout: '120'

2024-07-31 11:52:34 - [MESSAGE][PASSED] - Web element with id: 'Object Repository/PM/Huawei-vendor/Error' located by 'By.xpath: //div[@class='toast-summary title-medium-m']' is not present after '120' second(s)

2024-07-31 11:52:34 - [MESSAGE][WARNING] - Timeout '0' is invalid. Using default page load timeout: '120'

2024-07-31 11:52:40 - [MESSAGE][PASSED] - Object 'Object Repository/PM/Huawei-vendor/Export-Result' is present

2024-07-31 11:52:41 - [MESSAGE][PASSED] - Browser is closed

2024-07-31 11:52:41 - [MESSAGE][PASSED] - PMHwaueiStats.Stats is PASSED]]></system-out>
         <system-err><![CDATA[]]></system-err>
      </testcase>
      <testcase name="Test Cases/PM/Hwauei/Stats/4G/Region XDD/Region XDD" time="47.091" classname="Test Cases/PM/Hwauei/Stats/4G/Region XDD/Region XDD" status="PASSED">
         <system-out><![CDATA[2024-07-31 11:52:41 - [TEST_CASE][PASSED] - Test Cases/PM/Hwauei/Stats/4G/Region XDD/Region XDD: Test Cases/PM/Hwauei/Stats/4G/Region XDD/Region XDD

2024-07-31 11:52:42 - [TEST_STEP][PASSED] - callTestCase(findTestCase("Login"), [:], STOP_ON_FAILURE): Call Test Case 'Test Cases/Login' successfully

2024-07-31 11:52:42 - [TEST_CASE][PASSED] - Test Cases/Login: Test Cases/Login

2024-07-31 11:52:42 - [TEST_STEP][PASSED] - driver = general.start(SwagerURL, NetCellURL): general.start is PASSED

2024-07-31 11:52:42 - [MESSAGE][INFO] - >>> chromeDriverPath=C:\Users\LP-Support\.katalon\packages\Katalon_Studio_Windows_64-8.6.9\Katalon_Studio_Windows_64-8.6.9\configuration\resources\drivers\chromedriver_win32\chromedriver.exe

2024-07-31 11:52:44 - [MESSAGE][PASSED] - Current window maximized

2024-07-31 11:52:45 - [MESSAGE][PASSED] - Execute JavaScript 'window.open();' successfully

2024-07-31 11:52:45 - [MESSAGE][PASSED] - Switched to window with index: '1'

2024-07-31 11:52:48 - [MESSAGE][PASSED] - general.start is PASSED

2024-07-31 11:52:48 - [TEST_STEP][PASSED] - click(findTestObject("Object Repository/Login/LoginButton")): Object: 'Object Repository/Login/LoginButton' is clicked on

2024-07-31 11:52:49 - [MESSAGE][PASSED] - Object: 'Object Repository/Login/LoginButton' is clicked on

2024-07-31 11:52:49 - [TEST_STEP][PASSED] - switchToWindowIndex(2): Switched to window with index: '2'

2024-07-31 11:52:49 - [MESSAGE][PASSED] - Switched to window with index: '2'

2024-07-31 11:52:49 - [TEST_STEP][PASSED] - delay(1): Delayed 1 second(s)

2024-07-31 11:52:50 - [MESSAGE][PASSED] - Delayed 1 second(s)

2024-07-31 11:52:50 - [TEST_STEP][PASSED] - sendKeys(findTestObject("Object Repository/Login/EnterEmail"), "homam@zztjg.onmicrosoft.com"): Keys 'homam@zztjg.onmicrosoft.com' sent to object: 'Object Repository/Login/EnterEmail'

2024-07-31 11:52:52 - [MESSAGE][PASSED] - Keys 'homam@zztjg.onmicrosoft.com' sent to object: 'Object Repository/Login/EnterEmail'

2024-07-31 11:52:52 - [TEST_STEP][PASSED] - delay(1): Delayed 1 second(s)

2024-07-31 11:52:53 - [MESSAGE][PASSED] - Delayed 1 second(s)

2024-07-31 11:52:53 - [TEST_STEP][PASSED] - click(findTestObject("Object Repository/Login/NextButton")): Object: 'Object Repository/Login/NextButton' is clicked on

2024-07-31 11:52:54 - [MESSAGE][PASSED] - Object: 'Object Repository/Login/NextButton' is clicked on

2024-07-31 11:52:54 - [TEST_STEP][PASSED] - delay(2): Delayed 2 second(s)

2024-07-31 11:52:56 - [MESSAGE][PASSED] - Delayed 2 second(s)

2024-07-31 11:52:56 - [TEST_STEP][PASSED] - sendKeys(findTestObject("Object Repository/Login/EnterPassword"), "Holder12345"): Keys 'Holder12345' sent to object: 'Object Repository/Login/EnterPassword'

2024-07-31 11:52:56 - [MESSAGE][PASSED] - Keys 'Holder12345' sent to object: 'Object Repository/Login/EnterPassword'

2024-07-31 11:52:56 - [TEST_STEP][PASSED] - delay(1): Delayed 1 second(s)

2024-07-31 11:52:57 - [MESSAGE][PASSED] - Delayed 1 second(s)

2024-07-31 11:52:57 - [TEST_STEP][PASSED] - click(findTestObject("Object Repository/Login/SigninButton")): Object: 'Object Repository/Login/SigninButton' is clicked on

2024-07-31 11:52:59 - [MESSAGE][PASSED] - Object: 'Object Repository/Login/SigninButton' is clicked on

2024-07-31 11:52:59 - [TEST_STEP][PASSED] - delay(1): Delayed 1 second(s)

2024-07-31 11:53:00 - [MESSAGE][PASSED] - Delayed 1 second(s)

2024-07-31 11:53:00 - [TEST_STEP][PASSED] - click(findTestObject("Object Repository/Login/YesStayInButton")): Object: 'Object Repository/Login/YesStayInButton' is clicked on

2024-07-31 11:53:01 - [MESSAGE][PASSED] - Object: 'Object Repository/Login/YesStayInButton' is clicked on

2024-07-31 11:53:01 - [MESSAGE][PASSED] - Call Test Case 'Test Cases/Login' successfully

2024-07-31 11:53:01 - [TEST_STEP][PASSED] - switchToWindowIndex(1): Switched to window with index: '1'

2024-07-31 11:53:01 - [MESSAGE][PASSED] - Switched to window with index: '1'

2024-07-31 11:53:01 - [TEST_STEP][PASSED] - PMHwaueiStats.Stats("4G", "Region XDD", true, "Hourly"): PMHwaueiStats.Stats is PASSED

2024-07-31 11:53:02 - [MESSAGE][PASSED] - Object: 'Object Repository/PM/PM-Button' is clicked on

2024-07-31 11:53:02 - [MESSAGE][PASSED] - Switched to window with index: '2'

2024-07-31 11:53:05 - [MESSAGE][PASSED] - Object: 'Object Repository/PM/Huawei-vendor/TopX/TopX Object Type' is clicked on

2024-07-31 11:53:06 - [MESSAGE][PASSED] - Delayed 1 second(s)

2024-07-31 11:53:06 - [MESSAGE][PASSED] - Object: 'Object Repository/PM/Huawei-vendor/Object-Type/TopX Object Types/TopX Regions XDD/TopX Region XDD' is clicked on

2024-07-31 11:53:07 - [MESSAGE][PASSED] - Delayed 1 second(s)

2024-07-31 11:53:08 - [MESSAGE][WARNING] - Timeout '0' is invalid. Using default page load timeout: '120'

2024-07-31 11:53:08 - [MESSAGE][PASSED] - Scroll to object 'Object Repository/PM/Huawei-vendor/Object Border' successfully

2024-07-31 11:53:08 - [MESSAGE][PASSED] - Object: 'Object Repository/PM/Huawei-vendor/Object-Type/TopX Object Types/TopX Sites/TopX East Amman Arrow' is clicked on

2024-07-31 11:53:08 - [MESSAGE][PASSED] - Object: 'Object Repository/PM/Huawei-vendor/Object-Type/TopX Object Types/TopX Regions XDD/TopX FDD' is clicked on

2024-07-31 11:53:09 - [MESSAGE][PASSED] - Object: 'Object Repository/PM/Huawei-vendor/Object-Type/TopX Object Types/TopX Sites/TopX East Amman CloseArrow' is clicked on

2024-07-31 11:53:09 - [MESSAGE][PASSED] - Object: 'Object Repository/PM/Huawei-vendor/Object-Type/TopX Object Types/TopX Sites/TopX West Amman Arrow' is clicked on

2024-07-31 11:53:10 - [MESSAGE][PASSED] - Object: 'Object Repository/PM/Huawei-vendor/Object-Type/TopX Object Types/TopX Regions XDD/TopX TDD' is clicked on

2024-07-31 11:53:10 - [MESSAGE][PASSED] - Object: 'Object Repository/PM/Huawei-vendor/Object-Type/TopX Object Types/TopX Sites/TopX West Amman CloseArrow' is clicked on

2024-07-31 11:53:10 - [MESSAGE][PASSED] - Object: 'Object Repository/PM/Huawei-vendor/Object-Type/TopX Object Types/TopX Regions/TopX Region South Amman' is clicked on

2024-07-31 11:53:11 - [MESSAGE][PASSED] - Object: 'Object Repository/PM/Huawei-vendor/Object-Type/TopX Object Types/TopX Regions/TopX Region East Jordan' is clicked on

2024-07-31 11:53:11 - [MESSAGE][PASSED] - Object: 'Object Repository/PM/Huawei-vendor/Object-Type/TopX Object Types/TopX Regions/TopX Region North Jordan' is clicked on

2024-07-31 11:53:12 - [MESSAGE][PASSED] - Object: 'Object Repository/PM/Huawei-vendor/Object-Type/TopX Object Types/TopX Regions/TopX Region South Jordan' is clicked on

2024-07-31 11:53:12 - [MESSAGE][PASSED] - Object: 'Object Repository/PM/Huawei-vendor/Object-Type/TopX Object Types/TopX Regions/TopX Region Others' is clicked on

2024-07-31 11:53:13 - [MESSAGE][PASSED] - Object: 'Object Repository/PM/Huawei-vendor/Aggregation-CheckBox' is clicked on

2024-07-31 11:53:13 - [MESSAGE][WARNING] - Timeout '0' is invalid. Using default page load timeout: '120'

2024-07-31 11:53:13 - [MESSAGE][PASSED] - Scroll to object 'Object Repository/PM/Huawei-vendor/Include-last-hour' successfully

2024-07-31 11:53:14 - [MESSAGE][PASSED] - Object: 'Object Repository/PM/Huawei-vendor/StartDate/StartDate-Button' is clicked on

2024-07-31 11:53:15 - [MESSAGE][PASSED] - Delayed 1 second(s)

2024-07-31 11:53:15 - [MESSAGE][PASSED] - Object: 'Object Repository/PM/Huawei-vendor/StartDate/Monthly-Selection' is clicked on

2024-07-31 11:53:15 - [MESSAGE][PASSED] - Object: 'Object Repository/PM/Huawei-vendor/StartDate/May-Selection' is clicked on

2024-07-31 11:53:15 - [MESSAGE][PASSED] - Object: 'Object Repository/PM/Huawei-vendor/StartDate/1-May' is clicked on

2024-07-31 11:53:15 - [MESSAGE][PASSED] - Object: 'Object Repository/PM/Huawei-vendor/End-date/End-Time-Button' is clicked on

2024-07-31 11:53:16 - [MESSAGE][PASSED] - Delayed 1 second(s)

2024-07-31 11:53:17 - [MESSAGE][PASSED] - Object: 'Object Repository/PM/Huawei-vendor/End-date/Monthly-Selection' is clicked on

2024-07-31 11:53:17 - [MESSAGE][PASSED] - Object: 'Object Repository/PM/Huawei-vendor/End-date/May-Selection' is clicked on

2024-07-31 11:53:17 - [MESSAGE][PASSED] - Object: 'Object Repository/PM/Huawei-vendor/End-date/30-May' is clicked on

2024-07-31 11:53:17 - [MESSAGE][WARNING] - Timeout '0' is invalid. Using default page load timeout: '120'

2024-07-31 11:53:17 - [MESSAGE][PASSED] - Scroll to object 'Object Repository/PM/Huawei-vendor/KPIs/HO-kpi-checkbox' successfully

2024-07-31 11:53:18 - [MESSAGE][PASSED] - Delayed 1 second(s)

2024-07-31 11:53:19 - [MESSAGE][PASSED] - Object: 'Object Repository/PM/Huawei-vendor/KPIs/OMAR-KPI' is clicked on

2024-07-31 11:53:19 - [MESSAGE][PASSED] - Object: 'Object Repository/PM/Huawei-vendor/Apply-Button' is clicked on

2024-07-31 11:53:19 - [MESSAGE][WARNING] - Timeout '0' is invalid. Using default page load timeout: '120'

2024-07-31 11:53:19 - [MESSAGE][PASSED] - Web element with id: 'Object Repository/PM/Huawei-vendor/Error' located by 'By.xpath: //div[@class='toast-summary title-medium-m']' is not present after '120' second(s)

2024-07-31 11:53:19 - [MESSAGE][WARNING] - Timeout '0' is invalid. Using default page load timeout: '120'

2024-07-31 11:53:27 - [MESSAGE][PASSED] - Object 'Object Repository/PM/Huawei-vendor/Export-Result' is present

2024-07-31 11:53:28 - [MESSAGE][PASSED] - Browser is closed

2024-07-31 11:53:28 - [MESSAGE][PASSED] - PMHwaueiStats.Stats is PASSED]]></system-out>
         <system-err><![CDATA[]]></system-err>
      </testcase>
      <testcase name="Test Cases/PM/Hwauei/Stats/4G/Region XDD/Region XDD Aggregation" time="53.791" classname="Test Cases/PM/Hwauei/Stats/4G/Region XDD/Region XDD Aggregation" status="PASSED">
         <system-out><![CDATA[2024-07-31 11:53:28 - [TEST_CASE][PASSED] - Test Cases/PM/Hwauei/Stats/4G/Region XDD/Region XDD Aggregation: Test Cases/PM/Hwauei/Stats/4G/Region XDD/Region XDD Aggregation

2024-07-31 11:53:29 - [TEST_STEP][PASSED] - callTestCase(findTestCase("Login"), [:], STOP_ON_FAILURE): Call Test Case 'Test Cases/Login' successfully

2024-07-31 11:53:29 - [TEST_CASE][PASSED] - Test Cases/Login: Test Cases/Login

2024-07-31 11:53:29 - [TEST_STEP][PASSED] - driver = general.start(SwagerURL, NetCellURL): general.start is PASSED

2024-07-31 11:53:29 - [MESSAGE][INFO] - >>> chromeDriverPath=C:\Users\LP-Support\.katalon\packages\Katalon_Studio_Windows_64-8.6.9\Katalon_Studio_Windows_64-8.6.9\configuration\resources\drivers\chromedriver_win32\chromedriver.exe

2024-07-31 11:53:32 - [MESSAGE][PASSED] - Current window maximized

2024-07-31 11:53:32 - [MESSAGE][PASSED] - Execute JavaScript 'window.open();' successfully

2024-07-31 11:53:32 - [MESSAGE][PASSED] - Switched to window with index: '1'

2024-07-31 11:53:34 - [MESSAGE][PASSED] - general.start is PASSED

2024-07-31 11:53:34 - [TEST_STEP][PASSED] - click(findTestObject("Object Repository/Login/LoginButton")): Object: 'Object Repository/Login/LoginButton' is clicked on

2024-07-31 11:53:35 - [MESSAGE][PASSED] - Object: 'Object Repository/Login/LoginButton' is clicked on

2024-07-31 11:53:35 - [TEST_STEP][PASSED] - switchToWindowIndex(2): Switched to window with index: '2'

2024-07-31 11:53:36 - [MESSAGE][PASSED] - Switched to window with index: '2'

2024-07-31 11:53:36 - [TEST_STEP][PASSED] - delay(1): Delayed 1 second(s)

2024-07-31 11:53:37 - [MESSAGE][PASSED] - Delayed 1 second(s)

2024-07-31 11:53:37 - [TEST_STEP][PASSED] - sendKeys(findTestObject("Object Repository/Login/EnterEmail"), "homam@zztjg.onmicrosoft.com"): Keys 'homam@zztjg.onmicrosoft.com' sent to object: 'Object Repository/Login/EnterEmail'

2024-07-31 11:53:39 - [MESSAGE][PASSED] - Keys 'homam@zztjg.onmicrosoft.com' sent to object: 'Object Repository/Login/EnterEmail'

2024-07-31 11:53:39 - [TEST_STEP][PASSED] - delay(1): Delayed 1 second(s)

2024-07-31 11:53:40 - [MESSAGE][PASSED] - Delayed 1 second(s)

2024-07-31 11:53:40 - [TEST_STEP][PASSED] - click(findTestObject("Object Repository/Login/NextButton")): Object: 'Object Repository/Login/NextButton' is clicked on

2024-07-31 11:53:41 - [MESSAGE][PASSED] - Object: 'Object Repository/Login/NextButton' is clicked on

2024-07-31 11:53:41 - [TEST_STEP][PASSED] - delay(2): Delayed 2 second(s)

2024-07-31 11:53:43 - [MESSAGE][PASSED] - Delayed 2 second(s)

2024-07-31 11:53:43 - [TEST_STEP][PASSED] - sendKeys(findTestObject("Object Repository/Login/EnterPassword"), "Holder12345"): Keys 'Holder12345' sent to object: 'Object Repository/Login/EnterPassword'

2024-07-31 11:53:43 - [MESSAGE][PASSED] - Keys 'Holder12345' sent to object: 'Object Repository/Login/EnterPassword'

2024-07-31 11:53:43 - [TEST_STEP][PASSED] - delay(1): Delayed 1 second(s)

2024-07-31 11:53:44 - [MESSAGE][PASSED] - Delayed 1 second(s)

2024-07-31 11:53:44 - [TEST_STEP][PASSED] - click(findTestObject("Object Repository/Login/SigninButton")): Object: 'Object Repository/Login/SigninButton' is clicked on

2024-07-31 11:53:45 - [MESSAGE][PASSED] - Object: 'Object Repository/Login/SigninButton' is clicked on

2024-07-31 11:53:45 - [TEST_STEP][PASSED] - delay(1): Delayed 1 second(s)

2024-07-31 11:53:46 - [MESSAGE][PASSED] - Delayed 1 second(s)

2024-07-31 11:53:46 - [TEST_STEP][PASSED] - click(findTestObject("Object Repository/Login/YesStayInButton")): Object: 'Object Repository/Login/YesStayInButton' is clicked on

2024-07-31 11:53:48 - [MESSAGE][PASSED] - Object: 'Object Repository/Login/YesStayInButton' is clicked on

2024-07-31 11:53:48 - [MESSAGE][PASSED] - Call Test Case 'Test Cases/Login' successfully

2024-07-31 11:53:48 - [TEST_STEP][PASSED] - switchToWindowIndex(1): Switched to window with index: '1'

2024-07-31 11:53:48 - [MESSAGE][PASSED] - Switched to window with index: '1'

2024-07-31 11:53:48 - [TEST_STEP][PASSED] - PMHwaueiStats.Stats("4G", "Region XDD", false, "Hourly"): PMHwaueiStats.Stats is PASSED

2024-07-31 11:53:49 - [MESSAGE][PASSED] - Object: 'Object Repository/PM/PM-Button' is clicked on

2024-07-31 11:53:49 - [MESSAGE][PASSED] - Switched to window with index: '2'

2024-07-31 11:53:51 - [MESSAGE][PASSED] - Object: 'Object Repository/PM/Huawei-vendor/TopX/TopX Object Type' is clicked on

2024-07-31 11:53:52 - [MESSAGE][PASSED] - Delayed 1 second(s)

2024-07-31 11:53:53 - [MESSAGE][PASSED] - Object: 'Object Repository/PM/Huawei-vendor/Object-Type/TopX Object Types/TopX Regions XDD/TopX Region XDD' is clicked on

2024-07-31 11:53:54 - [MESSAGE][PASSED] - Delayed 1 second(s)

2024-07-31 11:53:54 - [MESSAGE][WARNING] - Timeout '0' is invalid. Using default page load timeout: '120'

2024-07-31 11:53:54 - [MESSAGE][PASSED] - Scroll to object 'Object Repository/PM/Huawei-vendor/Object Border' successfully

2024-07-31 11:53:55 - [MESSAGE][PASSED] - Object: 'Object Repository/PM/Huawei-vendor/Object-Type/TopX Object Types/TopX Sites/TopX East Amman Arrow' is clicked on

2024-07-31 11:53:55 - [MESSAGE][PASSED] - Object: 'Object Repository/PM/Huawei-vendor/Object-Type/TopX Object Types/TopX Regions XDD/TopX FDD' is clicked on

2024-07-31 11:53:55 - [MESSAGE][PASSED] - Object: 'Object Repository/PM/Huawei-vendor/Object-Type/TopX Object Types/TopX Sites/TopX East Amman CloseArrow' is clicked on

2024-07-31 11:53:55 - [MESSAGE][PASSED] - Object: 'Object Repository/PM/Huawei-vendor/Object-Type/TopX Object Types/TopX Sites/TopX West Amman Arrow' is clicked on

2024-07-31 11:53:56 - [MESSAGE][PASSED] - Object: 'Object Repository/PM/Huawei-vendor/Object-Type/TopX Object Types/TopX Regions XDD/TopX TDD' is clicked on

2024-07-31 11:53:56 - [MESSAGE][PASSED] - Object: 'Object Repository/PM/Huawei-vendor/Object-Type/TopX Object Types/TopX Sites/TopX West Amman CloseArrow' is clicked on

2024-07-31 11:53:56 - [MESSAGE][PASSED] - Object: 'Object Repository/PM/Huawei-vendor/Object-Type/TopX Object Types/TopX Sites/TopX East Jordan Arrow' is clicked on

2024-07-31 11:53:57 - [MESSAGE][PASSED] - Object: 'Object Repository/PM/Huawei-vendor/Object-Type/TopX Object Types/TopX Regions XDD/TopX FDD' is clicked on

2024-07-31 11:53:57 - [MESSAGE][PASSED] - Object: 'Object Repository/PM/Huawei-vendor/Object-Type/TopX Object Types/TopX Sites/TopX East Jordan CloseArrow' is clicked on

2024-07-31 11:53:57 - [MESSAGE][PASSED] - Object: 'Object Repository/PM/Huawei-vendor/Object-Type/TopX Object Types/TopX Sites/TopX North Jordan Arrow' is clicked on

2024-07-31 11:53:58 - [MESSAGE][PASSED] - Object: 'Object Repository/PM/Huawei-vendor/Object-Type/TopX Object Types/TopX Regions XDD/TopX TDD' is clicked on

2024-07-31 11:53:58 - [MESSAGE][PASSED] - Object: 'Object Repository/PM/Huawei-vendor/Object-Type/TopX Object Types/TopX Sites/TopX North Jordan CloseArrow' is clicked on

2024-07-31 11:53:58 - [MESSAGE][WARNING] - Timeout '0' is invalid. Using default page load timeout: '120'

2024-07-31 11:53:58 - [MESSAGE][PASSED] - Scroll to object 'Object Repository/PM/Huawei-vendor/Include-last-hour' successfully

2024-07-31 11:53:58 - [MESSAGE][PASSED] - Object: 'Object Repository/PM/Huawei-vendor/StartDate/StartDate-Button' is clicked on

2024-07-31 11:53:59 - [MESSAGE][PASSED] - Delayed 1 second(s)

2024-07-31 11:54:00 - [MESSAGE][PASSED] - Object: 'Object Repository/PM/Huawei-vendor/StartDate/Monthly-Selection' is clicked on

2024-07-31 11:54:00 - [MESSAGE][PASSED] - Object: 'Object Repository/PM/Huawei-vendor/StartDate/May-Selection' is clicked on

2024-07-31 11:54:01 - [MESSAGE][PASSED] - Object: 'Object Repository/PM/Huawei-vendor/StartDate/1-May' is clicked on

2024-07-31 11:54:01 - [MESSAGE][PASSED] - Object: 'Object Repository/PM/Huawei-vendor/End-date/End-Time-Button' is clicked on

2024-07-31 11:54:02 - [MESSAGE][PASSED] - Delayed 1 second(s)

2024-07-31 11:54:02 - [MESSAGE][PASSED] - Object: 'Object Repository/PM/Huawei-vendor/End-date/Monthly-Selection' is clicked on

2024-07-31 11:54:02 - [MESSAGE][PASSED] - Object: 'Object Repository/PM/Huawei-vendor/End-date/May-Selection' is clicked on

2024-07-31 11:54:03 - [MESSAGE][PASSED] - Object: 'Object Repository/PM/Huawei-vendor/End-date/30-May' is clicked on

2024-07-31 11:54:03 - [MESSAGE][WARNING] - Timeout '0' is invalid. Using default page load timeout: '120'

2024-07-31 11:54:03 - [MESSAGE][PASSED] - Scroll to object 'Object Repository/PM/Huawei-vendor/KPIs/HO-kpi-checkbox' successfully

2024-07-31 11:54:04 - [MESSAGE][PASSED] - Delayed 1 second(s)

2024-07-31 11:54:04 - [MESSAGE][PASSED] - Object: 'Object Repository/PM/Huawei-vendor/KPIs/OMAR-KPI' is clicked on

2024-07-31 11:54:05 - [MESSAGE][PASSED] - Object: 'Object Repository/PM/Huawei-vendor/Apply-Button' is clicked on

2024-07-31 11:54:05 - [MESSAGE][WARNING] - Timeout '0' is invalid. Using default page load timeout: '120'

2024-07-31 11:54:05 - [MESSAGE][PASSED] - Web element with id: 'Object Repository/PM/Huawei-vendor/Error' located by 'By.xpath: //div[@class='toast-summary title-medium-m']' is not present after '120' second(s)

2024-07-31 11:54:05 - [MESSAGE][WARNING] - Timeout '0' is invalid. Using default page load timeout: '120'

2024-07-31 11:54:21 - [MESSAGE][PASSED] - Object 'Object Repository/PM/Huawei-vendor/Export-Result' is present

2024-07-31 11:54:22 - [MESSAGE][PASSED] - Browser is closed

2024-07-31 11:54:22 - [MESSAGE][PASSED] - PMHwaueiStats.Stats is PASSED]]></system-out>
         <system-err><![CDATA[]]></system-err>
      </testcase>
      <testcase name="Test Cases/PM/Hwauei/Stats/4G/Region-Band/Region Band Aggregation" time="53.349" classname="Test Cases/PM/Hwauei/Stats/4G/Region-Band/Region Band Aggregation" status="PASSED">
         <system-out><![CDATA[2024-07-31 11:54:22 - [TEST_CASE][PASSED] - Test Cases/PM/Hwauei/Stats/4G/Region-Band/Region Band Aggregation: Test Cases/PM/Hwauei/Stats/4G/Region-Band/Region Band Aggregation

2024-07-31 11:54:23 - [TEST_STEP][PASSED] - callTestCase(findTestCase("Login"), [:], STOP_ON_FAILURE): Call Test Case 'Test Cases/Login' successfully

2024-07-31 11:54:23 - [TEST_CASE][PASSED] - Test Cases/Login: Test Cases/Login

2024-07-31 11:54:23 - [TEST_STEP][PASSED] - driver = general.start(SwagerURL, NetCellURL): general.start is PASSED

2024-07-31 11:54:23 - [MESSAGE][INFO] - >>> chromeDriverPath=C:\Users\LP-Support\.katalon\packages\Katalon_Studio_Windows_64-8.6.9\Katalon_Studio_Windows_64-8.6.9\configuration\resources\drivers\chromedriver_win32\chromedriver.exe

2024-07-31 11:54:25 - [MESSAGE][PASSED] - Current window maximized

2024-07-31 11:54:26 - [MESSAGE][PASSED] - Execute JavaScript 'window.open();' successfully

2024-07-31 11:54:26 - [MESSAGE][PASSED] - Switched to window with index: '1'

2024-07-31 11:54:29 - [MESSAGE][PASSED] - general.start is PASSED

2024-07-31 11:54:29 - [TEST_STEP][PASSED] - click(findTestObject("Object Repository/Login/LoginButton")): Object: 'Object Repository/Login/LoginButton' is clicked on

2024-07-31 11:54:30 - [MESSAGE][PASSED] - Object: 'Object Repository/Login/LoginButton' is clicked on

2024-07-31 11:54:30 - [TEST_STEP][PASSED] - switchToWindowIndex(2): Switched to window with index: '2'

2024-07-31 11:54:30 - [MESSAGE][PASSED] - Switched to window with index: '2'

2024-07-31 11:54:30 - [TEST_STEP][PASSED] - delay(1): Delayed 1 second(s)

2024-07-31 11:54:31 - [MESSAGE][PASSED] - Delayed 1 second(s)

2024-07-31 11:54:31 - [TEST_STEP][PASSED] - sendKeys(findTestObject("Object Repository/Login/EnterEmail"), "homam@zztjg.onmicrosoft.com"): Keys 'homam@zztjg.onmicrosoft.com' sent to object: 'Object Repository/Login/EnterEmail'

2024-07-31 11:54:33 - [MESSAGE][PASSED] - Keys 'homam@zztjg.onmicrosoft.com' sent to object: 'Object Repository/Login/EnterEmail'

2024-07-31 11:54:33 - [TEST_STEP][PASSED] - delay(1): Delayed 1 second(s)

2024-07-31 11:54:34 - [MESSAGE][PASSED] - Delayed 1 second(s)

2024-07-31 11:54:34 - [TEST_STEP][PASSED] - click(findTestObject("Object Repository/Login/NextButton")): Object: 'Object Repository/Login/NextButton' is clicked on

2024-07-31 11:54:34 - [MESSAGE][PASSED] - Object: 'Object Repository/Login/NextButton' is clicked on

2024-07-31 11:54:34 - [TEST_STEP][PASSED] - delay(2): Delayed 2 second(s)

2024-07-31 11:54:36 - [MESSAGE][PASSED] - Delayed 2 second(s)

2024-07-31 11:54:36 - [TEST_STEP][PASSED] - sendKeys(findTestObject("Object Repository/Login/EnterPassword"), "Holder12345"): Keys 'Holder12345' sent to object: 'Object Repository/Login/EnterPassword'

2024-07-31 11:54:37 - [MESSAGE][PASSED] - Keys 'Holder12345' sent to object: 'Object Repository/Login/EnterPassword'

2024-07-31 11:54:37 - [TEST_STEP][PASSED] - delay(1): Delayed 1 second(s)

2024-07-31 11:54:38 - [MESSAGE][PASSED] - Delayed 1 second(s)

2024-07-31 11:54:38 - [TEST_STEP][PASSED] - click(findTestObject("Object Repository/Login/SigninButton")): Object: 'Object Repository/Login/SigninButton' is clicked on

2024-07-31 11:54:40 - [MESSAGE][PASSED] - Object: 'Object Repository/Login/SigninButton' is clicked on

2024-07-31 11:54:40 - [TEST_STEP][PASSED] - delay(1): Delayed 1 second(s)

2024-07-31 11:54:41 - [MESSAGE][PASSED] - Delayed 1 second(s)

2024-07-31 11:54:41 - [TEST_STEP][PASSED] - click(findTestObject("Object Repository/Login/YesStayInButton")): Object: 'Object Repository/Login/YesStayInButton' is clicked on

2024-07-31 11:54:41 - [MESSAGE][PASSED] - Object: 'Object Repository/Login/YesStayInButton' is clicked on

2024-07-31 11:54:41 - [MESSAGE][PASSED] - Call Test Case 'Test Cases/Login' successfully

2024-07-31 11:54:41 - [TEST_STEP][PASSED] - switchToWindowIndex(1): Switched to window with index: '1'

2024-07-31 11:54:42 - [MESSAGE][PASSED] - Switched to window with index: '1'

2024-07-31 11:54:42 - [TEST_STEP][PASSED] - PMHwaueiStats.Stats("4G", "Region Band", false, "Hourly"): PMHwaueiStats.Stats is PASSED

2024-07-31 11:54:42 - [MESSAGE][PASSED] - Object: 'Object Repository/PM/PM-Button' is clicked on

2024-07-31 11:54:43 - [MESSAGE][PASSED] - Switched to window with index: '2'

2024-07-31 11:54:44 - [MESSAGE][PASSED] - Object: 'Object Repository/PM/Huawei-vendor/TopX/TopX Object Type' is clicked on

2024-07-31 11:54:45 - [MESSAGE][PASSED] - Delayed 1 second(s)

2024-07-31 11:54:46 - [MESSAGE][PASSED] - Object: 'Object Repository/PM/Huawei-vendor/Object-Type/TopX Object Types/TopX Region Bands/TopX Reagion Band' is clicked on

2024-07-31 11:54:47 - [MESSAGE][PASSED] - Delayed 1 second(s)

2024-07-31 11:54:47 - [MESSAGE][WARNING] - Timeout '0' is invalid. Using default page load timeout: '120'

2024-07-31 11:54:47 - [MESSAGE][PASSED] - Scroll to object 'Object Repository/PM/Huawei-vendor/Object Border' successfully

2024-07-31 11:54:47 - [MESSAGE][PASSED] - Object: 'Object Repository/PM/Huawei-vendor/Object-Type/TopX Object Types/TopX Sites/TopX East Amman Arrow' is clicked on

2024-07-31 11:54:48 - [MESSAGE][PASSED] - Object: 'Object Repository/PM/Huawei-vendor/Object-Type/TopX Object Types/TopX Region Bands/TopX FDD Arrow' is clicked on

2024-07-31 11:54:48 - [MESSAGE][PASSED] - Object: 'Object Repository/PM/Huawei-vendor/Object-Type/TopX Object Types/TopX Region Bands/TopX FDD 900' is clicked on

2024-07-31 11:54:49 - [MESSAGE][PASSED] - Object: 'Object Repository/PM/Huawei-vendor/Object-Type/TopX Object Types/TopX Sites/TopX East Amman CloseArrow' is clicked on

2024-07-31 11:54:49 - [MESSAGE][PASSED] - Object: 'Object Repository/PM/Huawei-vendor/Object-Type/TopX Object Types/TopX Sites/TopX West Amman Arrow' is clicked on

2024-07-31 11:54:50 - [MESSAGE][PASSED] - Object: 'Object Repository/PM/Huawei-vendor/Object-Type/TopX Object Types/TopX Region Bands/TopX TDD Arrow' is clicked on

2024-07-31 11:54:50 - [MESSAGE][PASSED] - Object: 'Object Repository/PM/Huawei-vendor/Object-Type/TopX Object Types/TopX Region Bands/TopX TDD F2' is clicked on

2024-07-31 11:54:50 - [MESSAGE][PASSED] - Object: 'Object Repository/PM/Huawei-vendor/Object-Type/TopX Object Types/TopX Sites/TopX West Amman CloseArrow' is clicked on

2024-07-31 11:54:50 - [MESSAGE][PASSED] - Object: 'Object Repository/PM/Huawei-vendor/Object-Type/TopX Object Types/TopX Sites/TopX North Jordan Arrow' is clicked on

2024-07-31 11:54:51 - [MESSAGE][PASSED] - Object: 'Object Repository/PM/Huawei-vendor/Object-Type/TopX Object Types/TopX Region Bands/TopX FDD Arrow' is clicked on

2024-07-31 11:54:51 - [MESSAGE][PASSED] - Object: 'Object Repository/PM/Huawei-vendor/Object-Type/TopX Object Types/TopX Region Bands/TopX FDD 1800' is clicked on

2024-07-31 11:54:51 - [MESSAGE][PASSED] - Object: 'Object Repository/PM/Huawei-vendor/Object-Type/TopX Object Types/TopX Sites/TopX North Jordan CloseArrow' is clicked on

2024-07-31 11:54:52 - [MESSAGE][PASSED] - Object: 'Object Repository/PM/Huawei-vendor/Object-Type/TopX Object Types/TopX Sites/TopX South Jordan Arrow' is clicked on

2024-07-31 11:54:52 - [MESSAGE][PASSED] - Object: 'Object Repository/PM/Huawei-vendor/Object-Type/TopX Object Types/TopX Region Bands/TopX TDD Arrow' is clicked on

2024-07-31 11:54:52 - [MESSAGE][PASSED] - Object: 'Object Repository/PM/Huawei-vendor/Object-Type/TopX Object Types/TopX Region Bands/TopX TDD F1' is clicked on

2024-07-31 11:54:52 - [MESSAGE][PASSED] - Object: 'Object Repository/PM/Huawei-vendor/Object-Type/TopX Object Types/TopX Sites/TopX South Jordan CloseArrow' is clicked on

2024-07-31 11:54:52 - [MESSAGE][WARNING] - Timeout '0' is invalid. Using default page load timeout: '120'

2024-07-31 11:54:52 - [MESSAGE][PASSED] - Scroll to object 'Object Repository/PM/Huawei-vendor/Include-last-hour' successfully

2024-07-31 11:54:52 - [MESSAGE][PASSED] - Object: 'Object Repository/PM/Huawei-vendor/StartDate/StartDate-Button' is clicked on

2024-07-31 11:54:53 - [MESSAGE][PASSED] - Delayed 1 second(s)

2024-07-31 11:54:54 - [MESSAGE][PASSED] - Object: 'Object Repository/PM/Huawei-vendor/StartDate/Monthly-Selection' is clicked on

2024-07-31 11:54:54 - [MESSAGE][PASSED] - Object: 'Object Repository/PM/Huawei-vendor/StartDate/May-Selection' is clicked on

2024-07-31 11:54:54 - [MESSAGE][PASSED] - Object: 'Object Repository/PM/Huawei-vendor/StartDate/1-May' is clicked on

2024-07-31 11:54:55 - [MESSAGE][PASSED] - Object: 'Object Repository/PM/Huawei-vendor/End-date/End-Time-Button' is clicked on

2024-07-31 11:54:56 - [MESSAGE][PASSED] - Delayed 1 second(s)

2024-07-31 11:54:56 - [MESSAGE][PASSED] - Object: 'Object Repository/PM/Huawei-vendor/End-date/Monthly-Selection' is clicked on

2024-07-31 11:54:56 - [MESSAGE][PASSED] - Object: 'Object Repository/PM/Huawei-vendor/End-date/May-Selection' is clicked on

2024-07-31 11:54:56 - [MESSAGE][PASSED] - Object: 'Object Repository/PM/Huawei-vendor/End-date/30-May' is clicked on

2024-07-31 11:54:56 - [MESSAGE][WARNING] - Timeout '0' is invalid. Using default page load timeout: '120'

2024-07-31 11:54:56 - [MESSAGE][PASSED] - Scroll to object 'Object Repository/PM/Huawei-vendor/KPIs/HO-kpi-checkbox' successfully

2024-07-31 11:54:57 - [MESSAGE][PASSED] - Delayed 1 second(s)

2024-07-31 11:54:58 - [MESSAGE][PASSED] - Object: 'Object Repository/PM/Huawei-vendor/KPIs/OMAR-KPI' is clicked on

2024-07-31 11:54:58 - [MESSAGE][PASSED] - Object: 'Object Repository/PM/Huawei-vendor/Apply-Button' is clicked on

2024-07-31 11:54:58 - [MESSAGE][WARNING] - Timeout '0' is invalid. Using default page load timeout: '120'

2024-07-31 11:54:58 - [MESSAGE][PASSED] - Web element with id: 'Object Repository/PM/Huawei-vendor/Error' located by 'By.xpath: //div[@class='toast-summary title-medium-m']' is not present after '120' second(s)

2024-07-31 11:54:58 - [MESSAGE][WARNING] - Timeout '0' is invalid. Using default page load timeout: '120'

2024-07-31 11:55:14 - [MESSAGE][PASSED] - Object 'Object Repository/PM/Huawei-vendor/Export-Result' is present

2024-07-31 11:55:15 - [MESSAGE][PASSED] - Browser is closed

2024-07-31 11:55:15 - [MESSAGE][PASSED] - PMHwaueiStats.Stats is PASSED]]></system-out>
         <system-err><![CDATA[]]></system-err>
      </testcase>
      <testcase name="Test Cases/PM/Hwauei/Stats/4G/Region-Band/Region-Band" time="48.486" classname="Test Cases/PM/Hwauei/Stats/4G/Region-Band/Region-Band" status="PASSED">
         <system-out><![CDATA[2024-07-31 11:55:15 - [TEST_CASE][PASSED] - Test Cases/PM/Hwauei/Stats/4G/Region-Band/Region-Band: Test Cases/PM/Hwauei/Stats/4G/Region-Band/Region-Band

2024-07-31 11:55:16 - [TEST_STEP][PASSED] - callTestCase(findTestCase("Login"), [:], STOP_ON_FAILURE): Call Test Case 'Test Cases/Login' successfully

2024-07-31 11:55:16 - [TEST_CASE][PASSED] - Test Cases/Login: Test Cases/Login

2024-07-31 11:55:16 - [TEST_STEP][PASSED] - driver = general.start(SwagerURL, NetCellURL): general.start is PASSED

2024-07-31 11:55:16 - [MESSAGE][INFO] - >>> chromeDriverPath=C:\Users\LP-Support\.katalon\packages\Katalon_Studio_Windows_64-8.6.9\Katalon_Studio_Windows_64-8.6.9\configuration\resources\drivers\chromedriver_win32\chromedriver.exe

2024-07-31 11:55:18 - [MESSAGE][PASSED] - Current window maximized

2024-07-31 11:55:19 - [MESSAGE][PASSED] - Execute JavaScript 'window.open();' successfully

2024-07-31 11:55:19 - [MESSAGE][PASSED] - Switched to window with index: '1'

2024-07-31 11:55:21 - [MESSAGE][PASSED] - general.start is PASSED

2024-07-31 11:55:21 - [TEST_STEP][PASSED] - click(findTestObject("Object Repository/Login/LoginButton")): Object: 'Object Repository/Login/LoginButton' is clicked on

2024-07-31 11:55:21 - [MESSAGE][PASSED] - Object: 'Object Repository/Login/LoginButton' is clicked on

2024-07-31 11:55:21 - [TEST_STEP][PASSED] - switchToWindowIndex(2): Switched to window with index: '2'

2024-07-31 11:55:22 - [MESSAGE][PASSED] - Switched to window with index: '2'

2024-07-31 11:55:22 - [TEST_STEP][PASSED] - delay(1): Delayed 1 second(s)

2024-07-31 11:55:23 - [MESSAGE][PASSED] - Delayed 1 second(s)

2024-07-31 11:55:23 - [TEST_STEP][PASSED] - sendKeys(findTestObject("Object Repository/Login/EnterEmail"), "homam@zztjg.onmicrosoft.com"): Keys 'homam@zztjg.onmicrosoft.com' sent to object: 'Object Repository/Login/EnterEmail'

2024-07-31 11:55:25 - [MESSAGE][PASSED] - Keys 'homam@zztjg.onmicrosoft.com' sent to object: 'Object Repository/Login/EnterEmail'

2024-07-31 11:55:25 - [TEST_STEP][PASSED] - delay(1): Delayed 1 second(s)

2024-07-31 11:55:26 - [MESSAGE][PASSED] - Delayed 1 second(s)

2024-07-31 11:55:26 - [TEST_STEP][PASSED] - click(findTestObject("Object Repository/Login/NextButton")): Object: 'Object Repository/Login/NextButton' is clicked on

2024-07-31 11:55:27 - [MESSAGE][PASSED] - Object: 'Object Repository/Login/NextButton' is clicked on

2024-07-31 11:55:27 - [TEST_STEP][PASSED] - delay(2): Delayed 2 second(s)

2024-07-31 11:55:29 - [MESSAGE][PASSED] - Delayed 2 second(s)

2024-07-31 11:55:29 - [TEST_STEP][PASSED] - sendKeys(findTestObject("Object Repository/Login/EnterPassword"), "Holder12345"): Keys 'Holder12345' sent to object: 'Object Repository/Login/EnterPassword'

2024-07-31 11:55:29 - [MESSAGE][PASSED] - Keys 'Holder12345' sent to object: 'Object Repository/Login/EnterPassword'

2024-07-31 11:55:29 - [TEST_STEP][PASSED] - delay(1): Delayed 1 second(s)

2024-07-31 11:55:30 - [MESSAGE][PASSED] - Delayed 1 second(s)

2024-07-31 11:55:30 - [TEST_STEP][PASSED] - click(findTestObject("Object Repository/Login/SigninButton")): Object: 'Object Repository/Login/SigninButton' is clicked on

2024-07-31 11:55:32 - [MESSAGE][PASSED] - Object: 'Object Repository/Login/SigninButton' is clicked on

2024-07-31 11:55:32 - [TEST_STEP][PASSED] - delay(1): Delayed 1 second(s)

2024-07-31 11:55:33 - [MESSAGE][PASSED] - Delayed 1 second(s)

2024-07-31 11:55:33 - [TEST_STEP][PASSED] - click(findTestObject("Object Repository/Login/YesStayInButton")): Object: 'Object Repository/Login/YesStayInButton' is clicked on

2024-07-31 11:55:34 - [MESSAGE][PASSED] - Object: 'Object Repository/Login/YesStayInButton' is clicked on

2024-07-31 11:55:34 - [MESSAGE][PASSED] - Call Test Case 'Test Cases/Login' successfully

2024-07-31 11:55:34 - [TEST_STEP][PASSED] - switchToWindowIndex(1): Switched to window with index: '1'

2024-07-31 11:55:35 - [MESSAGE][PASSED] - Switched to window with index: '1'

2024-07-31 11:55:35 - [TEST_STEP][PASSED] - PMHwaueiStats.Stats("4G", "Region Band", true, "Hourly"): PMHwaueiStats.Stats is PASSED

2024-07-31 11:55:35 - [MESSAGE][PASSED] - Object: 'Object Repository/PM/PM-Button' is clicked on

2024-07-31 11:55:36 - [MESSAGE][PASSED] - Switched to window with index: '2'

2024-07-31 11:55:38 - [MESSAGE][PASSED] - Object: 'Object Repository/PM/Huawei-vendor/TopX/TopX Object Type' is clicked on

2024-07-31 11:55:39 - [MESSAGE][PASSED] - Delayed 1 second(s)

2024-07-31 11:55:40 - [MESSAGE][PASSED] - Object: 'Object Repository/PM/Huawei-vendor/Object-Type/TopX Object Types/TopX Region Bands/TopX Reagion Band' is clicked on

2024-07-31 11:55:41 - [MESSAGE][PASSED] - Delayed 1 second(s)

2024-07-31 11:55:41 - [MESSAGE][WARNING] - Timeout '0' is invalid. Using default page load timeout: '120'

2024-07-31 11:55:41 - [MESSAGE][PASSED] - Scroll to object 'Object Repository/PM/Huawei-vendor/Object Border' successfully

2024-07-31 11:55:42 - [MESSAGE][PASSED] - Object: 'Object Repository/PM/Huawei-vendor/Object-Type/TopX Object Types/TopX Sites/TopX East Amman Arrow' is clicked on

2024-07-31 11:55:42 - [MESSAGE][PASSED] - Object: 'Object Repository/PM/Huawei-vendor/Object-Type/TopX Object Types/TopX Region Bands/TopX FDD' is clicked on

2024-07-31 11:55:42 - [MESSAGE][PASSED] - Object: 'Object Repository/PM/Huawei-vendor/Object-Type/TopX Object Types/TopX Sites/TopX East Amman CloseArrow' is clicked on

2024-07-31 11:55:43 - [MESSAGE][PASSED] - Object: 'Object Repository/PM/Huawei-vendor/Object-Type/TopX Object Types/TopX Sites/TopX West Amman Arrow' is clicked on

2024-07-31 11:55:43 - [MESSAGE][PASSED] - Object: 'Object Repository/PM/Huawei-vendor/Object-Type/TopX Object Types/TopX Region Bands/TopX TDD' is clicked on

2024-07-31 11:55:43 - [MESSAGE][PASSED] - Object: 'Object Repository/PM/Huawei-vendor/Object-Type/TopX Object Types/TopX Sites/TopX West Amman CloseArrow' is clicked on

2024-07-31 11:55:44 - [MESSAGE][PASSED] - Object: 'Object Repository/PM/Huawei-vendor/Object-Type/TopX Object Types/TopX Regions/TopX Region South Amman' is clicked on

2024-07-31 11:55:44 - [MESSAGE][PASSED] - Object: 'Object Repository/PM/Huawei-vendor/Object-Type/TopX Object Types/TopX Regions/TopX Region East Jordan' is clicked on

2024-07-31 11:55:44 - [MESSAGE][PASSED] - Object: 'Object Repository/PM/Huawei-vendor/Object-Type/TopX Object Types/TopX Regions/TopX Region North Jordan' is clicked on

2024-07-31 11:55:44 - [MESSAGE][PASSED] - Object: 'Object Repository/PM/Huawei-vendor/Object-Type/TopX Object Types/TopX Regions/TopX Region South Jordan' is clicked on

2024-07-31 11:55:45 - [MESSAGE][PASSED] - Object: 'Object Repository/PM/Huawei-vendor/Object-Type/TopX Object Types/TopX Regions/TopX Region Others' is clicked on

2024-07-31 11:55:45 - [MESSAGE][PASSED] - Object: 'Object Repository/PM/Huawei-vendor/Aggregation-CheckBox' is clicked on

2024-07-31 11:55:45 - [MESSAGE][WARNING] - Timeout '0' is invalid. Using default page load timeout: '120'

2024-07-31 11:55:45 - [MESSAGE][PASSED] - Scroll to object 'Object Repository/PM/Huawei-vendor/Include-last-hour' successfully

2024-07-31 11:55:45 - [MESSAGE][PASSED] - Object: 'Object Repository/PM/Huawei-vendor/StartDate/StartDate-Button' is clicked on

2024-07-31 11:55:46 - [MESSAGE][PASSED] - Delayed 1 second(s)

2024-07-31 11:55:46 - [MESSAGE][PASSED] - Object: 'Object Repository/PM/Huawei-vendor/StartDate/Monthly-Selection' is clicked on

2024-07-31 11:55:47 - [MESSAGE][PASSED] - Object: 'Object Repository/PM/Huawei-vendor/StartDate/May-Selection' is clicked on

2024-07-31 11:55:47 - [MESSAGE][PASSED] - Object: 'Object Repository/PM/Huawei-vendor/StartDate/1-May' is clicked on

2024-07-31 11:55:47 - [MESSAGE][PASSED] - Object: 'Object Repository/PM/Huawei-vendor/End-date/End-Time-Button' is clicked on

2024-07-31 11:55:48 - [MESSAGE][PASSED] - Delayed 1 second(s)

2024-07-31 11:55:49 - [MESSAGE][PASSED] - Object: 'Object Repository/PM/Huawei-vendor/End-date/Monthly-Selection' is clicked on

2024-07-31 11:55:49 - [MESSAGE][PASSED] - Object: 'Object Repository/PM/Huawei-vendor/End-date/May-Selection' is clicked on

2024-07-31 11:55:49 - [MESSAGE][PASSED] - Object: 'Object Repository/PM/Huawei-vendor/End-date/30-May' is clicked on

2024-07-31 11:55:49 - [MESSAGE][WARNING] - Timeout '0' is invalid. Using default page load timeout: '120'

2024-07-31 11:55:49 - [MESSAGE][PASSED] - Scroll to object 'Object Repository/PM/Huawei-vendor/KPIs/HO-kpi-checkbox' successfully

2024-07-31 11:55:50 - [MESSAGE][PASSED] - Delayed 1 second(s)

2024-07-31 11:55:51 - [MESSAGE][PASSED] - Object: 'Object Repository/PM/Huawei-vendor/KPIs/OMAR-KPI' is clicked on

2024-07-31 11:55:51 - [MESSAGE][PASSED] - Object: 'Object Repository/PM/Huawei-vendor/Apply-Button' is clicked on

2024-07-31 11:55:51 - [MESSAGE][WARNING] - Timeout '0' is invalid. Using default page load timeout: '120'

2024-07-31 11:55:51 - [MESSAGE][PASSED] - Web element with id: 'Object Repository/PM/Huawei-vendor/Error' located by 'By.xpath: //div[@class='toast-summary title-medium-m']' is not present after '120' second(s)

2024-07-31 11:55:51 - [MESSAGE][WARNING] - Timeout '0' is invalid. Using default page load timeout: '120'

2024-07-31 11:56:03 - [MESSAGE][PASSED] - Object 'Object Repository/PM/Huawei-vendor/Export-Result' is present

2024-07-31 11:56:04 - [MESSAGE][PASSED] - Browser is closed

2024-07-31 11:56:04 - [MESSAGE][PASSED] - PMHwaueiStats.Stats is PASSED]]></system-out>
         <system-err><![CDATA[]]></system-err>
      </testcase>
      <testcase name="Test Cases/PM/Hwauei/Stats/4G/Sector/Sector" time="133.828" classname="Test Cases/PM/Hwauei/Stats/4G/Sector/Sector" status="PASSED">
         <system-out><![CDATA[2024-07-31 11:56:04 - [TEST_CASE][PASSED] - Test Cases/PM/Hwauei/Stats/4G/Sector/Sector: Test Cases/PM/Hwauei/Stats/4G/Sector/Sector

2024-07-31 11:56:05 - [TEST_STEP][PASSED] - callTestCase(findTestCase("Login"), [:], STOP_ON_FAILURE): Call Test Case 'Test Cases/Login' successfully

2024-07-31 11:56:05 - [TEST_CASE][PASSED] - Test Cases/Login: Test Cases/Login

2024-07-31 11:56:05 - [TEST_STEP][PASSED] - driver = general.start(SwagerURL, NetCellURL): general.start is PASSED

2024-07-31 11:56:05 - [MESSAGE][INFO] - >>> chromeDriverPath=C:\Users\LP-Support\.katalon\packages\Katalon_Studio_Windows_64-8.6.9\Katalon_Studio_Windows_64-8.6.9\configuration\resources\drivers\chromedriver_win32\chromedriver.exe

2024-07-31 11:56:07 - [MESSAGE][PASSED] - Current window maximized

2024-07-31 11:56:08 - [MESSAGE][PASSED] - Execute JavaScript 'window.open();' successfully

2024-07-31 11:56:08 - [MESSAGE][PASSED] - Switched to window with index: '1'

2024-07-31 11:56:08 - [MESSAGE][PASSED] - general.start is PASSED

2024-07-31 11:56:08 - [TEST_STEP][PASSED] - click(findTestObject("Object Repository/Login/LoginButton")): Object: 'Object Repository/Login/LoginButton' is clicked on

2024-07-31 11:56:11 - [MESSAGE][PASSED] - Object: 'Object Repository/Login/LoginButton' is clicked on

2024-07-31 11:56:11 - [TEST_STEP][PASSED] - switchToWindowIndex(2): Switched to window with index: '2'

2024-07-31 11:56:11 - [MESSAGE][PASSED] - Switched to window with index: '2'

2024-07-31 11:56:11 - [TEST_STEP][PASSED] - delay(1): Delayed 1 second(s)

2024-07-31 11:56:12 - [MESSAGE][PASSED] - Delayed 1 second(s)

2024-07-31 11:56:12 - [TEST_STEP][PASSED] - sendKeys(findTestObject("Object Repository/Login/EnterEmail"), "homam@zztjg.onmicrosoft.com"): Keys 'homam@zztjg.onmicrosoft.com' sent to object: 'Object Repository/Login/EnterEmail'

2024-07-31 11:56:14 - [MESSAGE][PASSED] - Keys 'homam@zztjg.onmicrosoft.com' sent to object: 'Object Repository/Login/EnterEmail'

2024-07-31 11:56:14 - [TEST_STEP][PASSED] - delay(1): Delayed 1 second(s)

2024-07-31 11:56:15 - [MESSAGE][PASSED] - Delayed 1 second(s)

2024-07-31 11:56:15 - [TEST_STEP][PASSED] - click(findTestObject("Object Repository/Login/NextButton")): Object: 'Object Repository/Login/NextButton' is clicked on

2024-07-31 11:56:16 - [MESSAGE][PASSED] - Object: 'Object Repository/Login/NextButton' is clicked on

2024-07-31 11:56:16 - [TEST_STEP][PASSED] - delay(2): Delayed 2 second(s)

2024-07-31 11:56:18 - [MESSAGE][PASSED] - Delayed 2 second(s)

2024-07-31 11:56:18 - [TEST_STEP][PASSED] - sendKeys(findTestObject("Object Repository/Login/EnterPassword"), "Holder12345"): Keys 'Holder12345' sent to object: 'Object Repository/Login/EnterPassword'

2024-07-31 11:56:18 - [MESSAGE][PASSED] - Keys 'Holder12345' sent to object: 'Object Repository/Login/EnterPassword'

2024-07-31 11:56:18 - [TEST_STEP][PASSED] - delay(1): Delayed 1 second(s)

2024-07-31 11:56:19 - [MESSAGE][PASSED] - Delayed 1 second(s)

2024-07-31 11:56:19 - [TEST_STEP][PASSED] - click(findTestObject("Object Repository/Login/SigninButton")): Object: 'Object Repository/Login/SigninButton' is clicked on

2024-07-31 11:56:20 - [MESSAGE][PASSED] - Object: 'Object Repository/Login/SigninButton' is clicked on

2024-07-31 11:56:20 - [TEST_STEP][PASSED] - delay(1): Delayed 1 second(s)

2024-07-31 11:56:21 - [MESSAGE][PASSED] - Delayed 1 second(s)

2024-07-31 11:56:21 - [TEST_STEP][PASSED] - click(findTestObject("Object Repository/Login/YesStayInButton")): Object: 'Object Repository/Login/YesStayInButton' is clicked on

2024-07-31 11:56:22 - [MESSAGE][PASSED] - Object: 'Object Repository/Login/YesStayInButton' is clicked on

2024-07-31 11:56:22 - [MESSAGE][PASSED] - Call Test Case 'Test Cases/Login' successfully

2024-07-31 11:56:22 - [TEST_STEP][PASSED] - switchToWindowIndex(1): Switched to window with index: '1'

2024-07-31 11:56:22 - [MESSAGE][PASSED] - Switched to window with index: '1'

2024-07-31 11:56:22 - [TEST_STEP][PASSED] - PMHwaueiStats.Stats("4G", "Sector", false, "Hourly"): PMHwaueiStats.Stats is PASSED

2024-07-31 11:56:23 - [MESSAGE][PASSED] - Object: 'Object Repository/PM/PM-Button' is clicked on

2024-07-31 11:56:24 - [MESSAGE][PASSED] - Switched to window with index: '2'

2024-07-31 11:56:27 - [MESSAGE][PASSED] - Object: 'Object Repository/PM/Huawei-vendor/TopX/TopX Object Type' is clicked on

2024-07-31 11:56:28 - [MESSAGE][PASSED] - Delayed 1 second(s)

2024-07-31 11:56:28 - [MESSAGE][PASSED] - Object: 'Object Repository/PM/Huawei-vendor/Object-Type/TopX Object Types/TopX Sectors/TopX Sector' is clicked on

2024-07-31 11:56:29 - [MESSAGE][PASSED] - Delayed 1 second(s)

2024-07-31 11:56:29 - [MESSAGE][WARNING] - Timeout '0' is invalid. Using default page load timeout: '120'

2024-07-31 11:56:29 - [MESSAGE][PASSED] - Scroll to object 'Object Repository/PM/Huawei-vendor/Object Border' successfully

2024-07-31 11:56:30 - [MESSAGE][PASSED] - Object: 'Object Repository/PM/Huawei-vendor/Object-Type/TopX Object Types/TopX Regions/TopX Region East Amman' is clicked on

2024-07-31 11:56:46 - [MESSAGE][PASSED] - Object: 'Object Repository/PM/Huawei-vendor/Object-Type/TopX Object Types/TopX Sites/TopX West Amman Arrow' is clicked on

2024-07-31 11:56:47 - [MESSAGE][PASSED] - Object: 'Object Repository/PM/Huawei-vendor/Object-Type/TopX Object Types/TopX Sectors/TopX West Amman 1601A' is clicked on

2024-07-31 11:56:48 - [MESSAGE][PASSED] - Object: 'Object Repository/PM/Huawei-vendor/Object-Type/TopX Object Types/TopX Sites/TopX West Amman CloseArrow' is clicked on

2024-07-31 11:57:21 - [MESSAGE][PASSED] - Object: 'Object Repository/PM/Huawei-vendor/Object-Type/TopX Object Types/TopX Sites/TopX South Amman Arrow' is clicked on

2024-07-31 11:57:22 - [MESSAGE][PASSED] - Object: 'Object Repository/PM/Huawei-vendor/Object-Type/TopX Object Types/TopX Sectors/TopX South Amman 101B' is clicked on

2024-07-31 11:57:23 - [MESSAGE][PASSED] - Object: 'Object Repository/PM/Huawei-vendor/Object-Type/TopX Object Types/TopX Sites/TopX South Amman CloseArrow' is clicked on

2024-07-31 11:57:29 - [MESSAGE][PASSED] - Object: 'Object Repository/PM/Huawei-vendor/Object-Type/TopX Object Types/TopX Sites/TopX East Jordan Arrow' is clicked on

2024-07-31 11:57:30 - [MESSAGE][PASSED] - Object: 'Object Repository/PM/Huawei-vendor/Object-Type/TopX Object Types/TopX Sectors/TopX East Jordan 1001C' is clicked on

2024-07-31 11:57:30 - [MESSAGE][PASSED] - Object: 'Object Repository/PM/Huawei-vendor/Object-Type/TopX Object Types/TopX Sites/TopX East Jordan CloseArrow' is clicked on

2024-07-31 11:57:47 - [MESSAGE][PASSED] - Object: 'Object Repository/PM/Huawei-vendor/Object-Type/TopX Object Types/TopX Sites/TopX North Jordan Arrow' is clicked on

2024-07-31 11:57:47 - [MESSAGE][PASSED] - Object: 'Object Repository/PM/Huawei-vendor/Object-Type/TopX Object Types/TopX Sectors/TopX North Jordan 1401A' is clicked on

2024-07-31 11:57:48 - [MESSAGE][PASSED] - Object: 'Object Repository/PM/Huawei-vendor/Object-Type/TopX Object Types/TopX Sites/TopX North Jordan CloseArrow' is clicked on

2024-07-31 11:57:54 - [MESSAGE][PASSED] - Object: 'Object Repository/PM/Huawei-vendor/Object-Type/TopX Object Types/TopX Sites/TopX South Jordan Arrow' is clicked on

2024-07-31 11:57:55 - [MESSAGE][PASSED] - Object: 'Object Repository/PM/Huawei-vendor/Object-Type/TopX Object Types/TopX Sectors/TopX South Jordan1203B' is clicked on

2024-07-31 11:57:55 - [MESSAGE][PASSED] - Object: 'Object Repository/PM/Huawei-vendor/Object-Type/TopX Object Types/TopX Sites/TopX South Jordan CloseArrow' is clicked on

2024-07-31 11:57:57 - [MESSAGE][PASSED] - Object: 'Object Repository/PM/Huawei-vendor/Object-Type/TopX Object Types/TopX Sites/TopX Others Arrow' is clicked on

2024-07-31 11:57:57 - [MESSAGE][PASSED] - Object: 'Object Repository/PM/Huawei-vendor/Object-Type/TopX Object Types/TopX Sectors/TopX Others 6307C' is clicked on

2024-07-31 11:57:57 - [MESSAGE][PASSED] - Object: 'Object Repository/PM/Huawei-vendor/Object-Type/TopX Object Types/TopX Sites/TopX Others CloseArrow' is clicked on

2024-07-31 11:57:57 - [MESSAGE][WARNING] - Timeout '0' is invalid. Using default page load timeout: '120'

2024-07-31 11:57:58 - [MESSAGE][PASSED] - Scroll to object 'Object Repository/PM/Huawei-vendor/Include-last-hour' successfully

2024-07-31 11:57:58 - [MESSAGE][PASSED] - Object: 'Object Repository/PM/Huawei-vendor/StartDate/StartDate-Button' is clicked on

2024-07-31 11:57:59 - [MESSAGE][PASSED] - Delayed 1 second(s)

2024-07-31 11:57:59 - [MESSAGE][PASSED] - Object: 'Object Repository/PM/Huawei-vendor/StartDate/Monthly-Selection' is clicked on

2024-07-31 11:57:59 - [MESSAGE][PASSED] - Object: 'Object Repository/PM/Huawei-vendor/StartDate/May-Selection' is clicked on

2024-07-31 11:58:00 - [MESSAGE][PASSED] - Object: 'Object Repository/PM/Huawei-vendor/StartDate/1-May' is clicked on

2024-07-31 11:58:00 - [MESSAGE][PASSED] - Object: 'Object Repository/PM/Huawei-vendor/End-date/End-Time-Button' is clicked on

2024-07-31 11:58:01 - [MESSAGE][PASSED] - Delayed 1 second(s)

2024-07-31 11:58:01 - [MESSAGE][PASSED] - Object: 'Object Repository/PM/Huawei-vendor/End-date/Monthly-Selection' is clicked on

2024-07-31 11:58:01 - [MESSAGE][PASSED] - Object: 'Object Repository/PM/Huawei-vendor/End-date/May-Selection' is clicked on

2024-07-31 11:58:02 - [MESSAGE][PASSED] - Object: 'Object Repository/PM/Huawei-vendor/End-date/30-May' is clicked on

2024-07-31 11:58:02 - [MESSAGE][WARNING] - Timeout '0' is invalid. Using default page load timeout: '120'

2024-07-31 11:58:02 - [MESSAGE][PASSED] - Scroll to object 'Object Repository/PM/Huawei-vendor/KPIs/HO-kpi-checkbox' successfully

2024-07-31 11:58:03 - [MESSAGE][PASSED] - Delayed 1 second(s)

2024-07-31 11:58:03 - [MESSAGE][PASSED] - Object: 'Object Repository/PM/Huawei-vendor/KPIs/OMAR-KPI' is clicked on

2024-07-31 11:58:04 - [MESSAGE][PASSED] - Object: 'Object Repository/PM/Huawei-vendor/Apply-Button' is clicked on

2024-07-31 11:58:04 - [MESSAGE][WARNING] - Timeout '0' is invalid. Using default page load timeout: '120'

2024-07-31 11:58:04 - [MESSAGE][PASSED] - Web element with id: 'Object Repository/PM/Huawei-vendor/Error' located by 'By.xpath: //div[@class='toast-summary title-medium-m']' is not present after '120' second(s)

2024-07-31 11:58:04 - [MESSAGE][WARNING] - Timeout '0' is invalid. Using default page load timeout: '120'

2024-07-31 11:58:17 - [MESSAGE][PASSED] - Object 'Object Repository/PM/Huawei-vendor/Export-Result' is present

2024-07-31 11:58:18 - [MESSAGE][PASSED] - Browser is closed

2024-07-31 11:58:18 - [MESSAGE][PASSED] - PMHwaueiStats.Stats is PASSED]]></system-out>
         <system-err><![CDATA[]]></system-err>
      </testcase>
      <testcase name="Test Cases/PM/Hwauei/Stats/4G/Sector/Sector Aggregation" time="147.314" classname="Test Cases/PM/Hwauei/Stats/4G/Sector/Sector Aggregation" status="FAILED">
         <failure type="FAILED" message="Test Cases/PM/Hwauei/Stats/4G/Sector/Sector Aggregation FAILED.
Reason:
com.kms.katalon.core.exception.StepFailedException: Unable to verify object 'Object Repository/PM/Huawei-vendor/Export-Result' is present
	at com.kms.katalon.core.webui.keyword.internal.WebUIKeywordMain.stepFailed(WebUIKeywordMain.groovy:64)
	at com.kms.katalon.core.webui.keyword.internal.WebUIKeywordMain.runKeyword(WebUIKeywordMain.groovy:26)
	at com.kms.katalon.core.webui.keyword.builtin.VerifyElementPresentKeyword.verifyElementPresent(VerifyElementPresentKeyword.groovy:92)
	at com.kms.katalon.core.webui.keyword.builtin.VerifyElementPresentKeyword.execute(VerifyElementPresentKeyword.groovy:68)
	at com.kms.katalon.core.keyword.internal.KeywordExecutor.executeKeywordForPlatform(KeywordExecutor.groovy:74)
	at com.kms.katalon.core.webui.keyword.WebUiBuiltInKeywords.verifyElementPresent(WebUiBuiltInKeywords.groovy:1464)
	at com.kms.katalon.core.webui.keyword.WebUiBuiltInKeywords$verifyElementPresent$6.call(Unknown Source)
	at PMHwaueiStats.Stats(PMHwaueiStats.groovy:650)
	at PMHwaueiStats.invokeMethod(PMHwaueiStats.groovy)
	at com.kms.katalon.core.main.CustomKeywordDelegatingMetaClass.invokeStaticMethod(CustomKeywordDelegatingMetaClass.java:55)
	at Sector Aggregation.run(Sector Aggregation:22)
	at com.kms.katalon.core.main.ScriptEngine.run(ScriptEngine.java:194)
	at com.kms.katalon.core.main.ScriptEngine.runScriptAsRawText(ScriptEngine.java:119)
	at com.kms.katalon.core.main.TestCaseExecutor.runScript(TestCaseExecutor.java:448)
	at com.kms.katalon.core.main.TestCaseExecutor.doExecute(TestCaseExecutor.java:439)
	at com.kms.katalon.core.main.TestCaseExecutor.processExecutionPhase(TestCaseExecutor.java:418)
	at com.kms.katalon.core.main.TestCaseExecutor.accessMainPhase(TestCaseExecutor.java:410)
	at com.kms.katalon.core.main.TestCaseExecutor.execute(TestCaseExecutor.java:285)
	at com.kms.katalon.core.common.CommonExecutor.accessTestCaseMainPhase(CommonExecutor.java:65)
	at com.kms.katalon.core.main.TestSuiteExecutor.accessTestSuiteMainPhase(TestSuiteExecutor.java:148)
	at com.kms.katalon.core.main.TestSuiteExecutor.execute(TestSuiteExecutor.java:106)
	at com.kms.katalon.core.main.TestCaseMain.startTestSuite(TestCaseMain.java:187)
	at com.kms.katalon.core.main.TestCaseMain$startTestSuite$0.call(Unknown Source)
	at TempTestSuite1722414562516.run(TempTestSuite1722414562516.groovy:35)
Caused by: com.kms.katalon.core.exception.StepFailedException: com.kms.katalon.core.webui.exception.WebElementNotFoundException: Web element with id: 'Object Repository/PM/Huawei-vendor/Export-Result' located by '//button[@class='btn btn-outline-primary export-btn']' not found
	at com.kms.katalon.core.webui.keyword.internal.WebUIKeywordMain.stepFailed(WebUIKeywordMain.groovy:64)
	at com.kms.katalon.core.webui.keyword.builtin.VerifyElementPresentKeyword$_verifyElementPresent_closure1.doCall(VerifyElementPresentKeyword.groovy:85)
	at com.kms.katalon.core.webui.keyword.builtin.VerifyElementPresentKeyword$_verifyElementPresent_closure1.call(VerifyElementPresentKeyword.groovy)
	at com.kms.katalon.core.webui.keyword.internal.WebUIKeywordMain.runKeyword(WebUIKeywordMain.groovy:20)
	... 22 more
"/>
         <system-out><![CDATA[2024-07-31 11:58:18 - [TEST_CASE][FAILED] - Test Cases/PM/Hwauei/Stats/4G/Sector/Sector Aggregation: Test Cases/PM/Hwauei/Stats/4G/Sector/Sector Aggregation FAILED.
Reason:
com.kms.katalon.core.exception.StepFailedException: Unable to verify object 'Object Repository/PM/Huawei-vendor/Export-Result' is present
	at com.kms.katalon.core.webui.keyword.internal.WebUIKeywordMain.stepFailed(WebUIKeywordMain.groovy:64)
	at com.kms.katalon.core.webui.keyword.internal.WebUIKeywordMain.runKeyword(WebUIKeywordMain.groovy:26)
	at com.kms.katalon.core.webui.keyword.builtin.VerifyElementPresentKeyword.verifyElementPresent(VerifyElementPresentKeyword.groovy:92)
	at com.kms.katalon.core.webui.keyword.builtin.VerifyElementPresentKeyword.execute(VerifyElementPresentKeyword.groovy:68)
	at com.kms.katalon.core.keyword.internal.KeywordExecutor.executeKeywordForPlatform(KeywordExecutor.groovy:74)
	at com.kms.katalon.core.webui.keyword.WebUiBuiltInKeywords.verifyElementPresent(WebUiBuiltInKeywords.groovy:1464)
	at com.kms.katalon.core.webui.keyword.WebUiBuiltInKeywords$verifyElementPresent$6.call(Unknown Source)
	at PMHwaueiStats.Stats(PMHwaueiStats.groovy:650)
	at PMHwaueiStats.invokeMethod(PMHwaueiStats.groovy)
	at com.kms.katalon.core.main.CustomKeywordDelegatingMetaClass.invokeStaticMethod(CustomKeywordDelegatingMetaClass.java:55)
	at Sector Aggregation.run(Sector Aggregation:22)
	at com.kms.katalon.core.main.ScriptEngine.run(ScriptEngine.java:194)
	at com.kms.katalon.core.main.ScriptEngine.runScriptAsRawText(ScriptEngine.java:119)
	at com.kms.katalon.core.main.TestCaseExecutor.runScript(TestCaseExecutor.java:448)
	at com.kms.katalon.core.main.TestCaseExecutor.doExecute(TestCaseExecutor.java:439)
	at com.kms.katalon.core.main.TestCaseExecutor.processExecutionPhase(TestCaseExecutor.java:418)
	at com.kms.katalon.core.main.TestCaseExecutor.accessMainPhase(TestCaseExecutor.java:410)
	at com.kms.katalon.core.main.TestCaseExecutor.execute(TestCaseExecutor.java:285)
	at com.kms.katalon.core.common.CommonExecutor.accessTestCaseMainPhase(CommonExecutor.java:65)
	at com.kms.katalon.core.main.TestSuiteExecutor.accessTestSuiteMainPhase(TestSuiteExecutor.java:148)
	at com.kms.katalon.core.main.TestSuiteExecutor.execute(TestSuiteExecutor.java:106)
	at com.kms.katalon.core.main.TestCaseMain.startTestSuite(TestCaseMain.java:187)
	at com.kms.katalon.core.main.TestCaseMain$startTestSuite$0.call(Unknown Source)
	at TempTestSuite1722414562516.run(TempTestSuite1722414562516.groovy:35)
Caused by: com.kms.katalon.core.exception.StepFailedException: com.kms.katalon.core.webui.exception.WebElementNotFoundException: Web element with id: 'Object Repository/PM/Huawei-vendor/Export-Result' located by '//button[@class='btn btn-outline-primary export-btn']' not found
	at com.kms.katalon.core.webui.keyword.internal.WebUIKeywordMain.stepFailed(WebUIKeywordMain.groovy:64)
	at com.kms.katalon.core.webui.keyword.builtin.VerifyElementPresentKeyword$_verifyElementPresent_closure1.doCall(VerifyElementPresentKeyword.groovy:85)
	at com.kms.katalon.core.webui.keyword.builtin.VerifyElementPresentKeyword$_verifyElementPresent_closure1.call(VerifyElementPresentKeyword.groovy)
	at com.kms.katalon.core.webui.keyword.internal.WebUIKeywordMain.runKeyword(WebUIKeywordMain.groovy:20)
	... 22 more


2024-07-31 11:58:18 - [TEST_STEP][PASSED] - callTestCase(findTestCase("Login"), [:], STOP_ON_FAILURE): Call Test Case 'Test Cases/Login' successfully

2024-07-31 11:58:18 - [TEST_CASE][PASSED] - Test Cases/Login: Test Cases/Login

2024-07-31 11:58:18 - [TEST_STEP][PASSED] - driver = general.start(SwagerURL, NetCellURL): general.start is PASSED

2024-07-31 11:58:18 - [MESSAGE][INFO] - >>> chromeDriverPath=C:\Users\LP-Support\.katalon\packages\Katalon_Studio_Windows_64-8.6.9\Katalon_Studio_Windows_64-8.6.9\configuration\resources\drivers\chromedriver_win32\chromedriver.exe

2024-07-31 11:58:20 - [MESSAGE][PASSED] - Current window maximized

2024-07-31 11:58:21 - [MESSAGE][PASSED] - Execute JavaScript 'window.open();' successfully

2024-07-31 11:58:21 - [MESSAGE][PASSED] - Switched to window with index: '1'

2024-07-31 11:58:22 - [MESSAGE][PASSED] - general.start is PASSED

2024-07-31 11:58:22 - [TEST_STEP][PASSED] - click(findTestObject("Object Repository/Login/LoginButton")): Object: 'Object Repository/Login/LoginButton' is clicked on

2024-07-31 11:58:23 - [MESSAGE][PASSED] - Object: 'Object Repository/Login/LoginButton' is clicked on

2024-07-31 11:58:23 - [TEST_STEP][PASSED] - switchToWindowIndex(2): Switched to window with index: '2'

2024-07-31 11:58:23 - [MESSAGE][PASSED] - Switched to window with index: '2'

2024-07-31 11:58:23 - [TEST_STEP][PASSED] - delay(1): Delayed 1 second(s)

2024-07-31 11:58:24 - [MESSAGE][PASSED] - Delayed 1 second(s)

2024-07-31 11:58:24 - [TEST_STEP][PASSED] - sendKeys(findTestObject("Object Repository/Login/EnterEmail"), "homam@zztjg.onmicrosoft.com"): Keys 'homam@zztjg.onmicrosoft.com' sent to object: 'Object Repository/Login/EnterEmail'

2024-07-31 11:58:25 - [MESSAGE][PASSED] - Keys 'homam@zztjg.onmicrosoft.com' sent to object: 'Object Repository/Login/EnterEmail'

2024-07-31 11:58:25 - [TEST_STEP][PASSED] - delay(1): Delayed 1 second(s)

2024-07-31 11:58:26 - [MESSAGE][PASSED] - Delayed 1 second(s)

2024-07-31 11:58:26 - [TEST_STEP][PASSED] - click(findTestObject("Object Repository/Login/NextButton")): Object: 'Object Repository/Login/NextButton' is clicked on

2024-07-31 11:58:27 - [MESSAGE][PASSED] - Object: 'Object Repository/Login/NextButton' is clicked on

2024-07-31 11:58:27 - [TEST_STEP][PASSED] - delay(2): Delayed 2 second(s)

2024-07-31 11:58:29 - [MESSAGE][PASSED] - Delayed 2 second(s)

2024-07-31 11:58:29 - [TEST_STEP][PASSED] - sendKeys(findTestObject("Object Repository/Login/EnterPassword"), "Holder12345"): Keys 'Holder12345' sent to object: 'Object Repository/Login/EnterPassword'

2024-07-31 11:58:29 - [MESSAGE][PASSED] - Keys 'Holder12345' sent to object: 'Object Repository/Login/EnterPassword'

2024-07-31 11:58:29 - [TEST_STEP][PASSED] - delay(1): Delayed 1 second(s)

2024-07-31 11:58:30 - [MESSAGE][PASSED] - Delayed 1 second(s)

2024-07-31 11:58:30 - [TEST_STEP][PASSED] - click(findTestObject("Object Repository/Login/SigninButton")): Object: 'Object Repository/Login/SigninButton' is clicked on

2024-07-31 11:58:31 - [MESSAGE][PASSED] - Object: 'Object Repository/Login/SigninButton' is clicked on

2024-07-31 11:58:31 - [TEST_STEP][PASSED] - delay(1): Delayed 1 second(s)

2024-07-31 11:58:32 - [MESSAGE][PASSED] - Delayed 1 second(s)

2024-07-31 11:58:32 - [TEST_STEP][PASSED] - click(findTestObject("Object Repository/Login/YesStayInButton")): Object: 'Object Repository/Login/YesStayInButton' is clicked on

2024-07-31 11:58:32 - [MESSAGE][PASSED] - Object: 'Object Repository/Login/YesStayInButton' is clicked on

2024-07-31 11:58:32 - [MESSAGE][PASSED] - Call Test Case 'Test Cases/Login' successfully

2024-07-31 11:58:32 - [TEST_STEP][PASSED] - switchToWindowIndex(1): Switched to window with index: '1'

2024-07-31 11:58:32 - [MESSAGE][PASSED] - Switched to window with index: '1'

2024-07-31 11:58:32 - [TEST_STEP][FAILED] - PMHwaueiStats.Stats("4G", "Sector", true, "Hourly"): Unable to verify object 'Object Repository/PM/Huawei-vendor/Export-Result' is present

2024-07-31 11:58:33 - [MESSAGE][PASSED] - Object: 'Object Repository/PM/PM-Button' is clicked on

2024-07-31 11:58:33 - [MESSAGE][PASSED] - Switched to window with index: '2'

2024-07-31 11:58:35 - [MESSAGE][PASSED] - Object: 'Object Repository/PM/Huawei-vendor/TopX/TopX Object Type' is clicked on

2024-07-31 11:58:36 - [MESSAGE][PASSED] - Delayed 1 second(s)

2024-07-31 11:58:36 - [MESSAGE][PASSED] - Object: 'Object Repository/PM/Huawei-vendor/Object-Type/TopX Object Types/TopX Sectors/TopX Sector' is clicked on

2024-07-31 11:58:37 - [MESSAGE][PASSED] - Delayed 1 second(s)

2024-07-31 11:58:37 - [MESSAGE][WARNING] - Timeout '0' is invalid. Using default page load timeout: '120'

2024-07-31 11:58:37 - [MESSAGE][PASSED] - Scroll to object 'Object Repository/PM/Huawei-vendor/Object Border' successfully

2024-07-31 11:58:38 - [MESSAGE][PASSED] - Object: 'Object Repository/PM/Huawei-vendor/Object-Type/TopX Object Types/TopX PLMNs/TopX PLMN checkbox' is clicked on

2024-07-31 11:58:38 - [MESSAGE][PASSED] - Object: 'Object Repository/PM/Huawei-vendor/Aggregation-CheckBox' is clicked on

2024-07-31 11:58:38 - [MESSAGE][WARNING] - Timeout '0' is invalid. Using default page load timeout: '120'

2024-07-31 11:58:39 - [MESSAGE][PASSED] - Scroll to object 'Object Repository/PM/Huawei-vendor/Include-last-hour' successfully

2024-07-31 11:58:39 - [MESSAGE][PASSED] - Object: 'Object Repository/PM/Huawei-vendor/StartDate/StartDate-Button' is clicked on

2024-07-31 11:58:40 - [MESSAGE][PASSED] - Delayed 1 second(s)

2024-07-31 11:58:40 - [MESSAGE][PASSED] - Object: 'Object Repository/PM/Huawei-vendor/StartDate/Monthly-Selection' is clicked on

2024-07-31 11:58:40 - [MESSAGE][PASSED] - Object: 'Object Repository/PM/Huawei-vendor/StartDate/May-Selection' is clicked on

2024-07-31 11:58:40 - [MESSAGE][PASSED] - Object: 'Object Repository/PM/Huawei-vendor/StartDate/1-May' is clicked on

2024-07-31 11:58:40 - [MESSAGE][PASSED] - Object: 'Object Repository/PM/Huawei-vendor/End-date/End-Time-Button' is clicked on

2024-07-31 11:58:41 - [MESSAGE][PASSED] - Delayed 1 second(s)

2024-07-31 11:58:42 - [MESSAGE][PASSED] - Object: 'Object Repository/PM/Huawei-vendor/End-date/Monthly-Selection' is clicked on

2024-07-31 11:58:42 - [MESSAGE][PASSED] - Object: 'Object Repository/PM/Huawei-vendor/End-date/May-Selection' is clicked on

2024-07-31 11:58:42 - [MESSAGE][PASSED] - Object: 'Object Repository/PM/Huawei-vendor/End-date/30-May' is clicked on

2024-07-31 11:58:42 - [MESSAGE][WARNING] - Timeout '0' is invalid. Using default page load timeout: '120'

2024-07-31 11:58:42 - [MESSAGE][PASSED] - Scroll to object 'Object Repository/PM/Huawei-vendor/KPIs/HO-kpi-checkbox' successfully

2024-07-31 11:58:43 - [MESSAGE][PASSED] - Delayed 1 second(s)

2024-07-31 11:58:43 - [MESSAGE][PASSED] - Object: 'Object Repository/PM/Huawei-vendor/KPIs/OMAR-KPI' is clicked on

2024-07-31 11:58:43 - [MESSAGE][PASSED] - Object: 'Object Repository/PM/Huawei-vendor/Apply-Button' is clicked on

2024-07-31 11:58:44 - [MESSAGE][WARNING] - Timeout '0' is invalid. Using default page load timeout: '120'

2024-07-31 11:58:44 - [MESSAGE][PASSED] - Web element with id: 'Object Repository/PM/Huawei-vendor/Error' located by 'By.xpath: //div[@class='toast-summary title-medium-m']' is not present after '120' second(s)

2024-07-31 11:58:44 - [MESSAGE][WARNING] - Timeout '0' is invalid. Using default page load timeout: '120'

2024-07-31 12:00:45 - [MESSAGE][INFO] - Unable to find the element located by 'By.xpath: //button[@class='btn btn-outline-primary export-btn']'. Please recheck the objects properties to make sure the desired element is located. 

2024-07-31 12:00:45 - [MESSAGE][FAILED] - com.kms.katalon.core.webui.exception.WebElementNotFoundException: Web element with id: 'Object Repository/PM/Huawei-vendor/Export-Result' located by '//button[@class='btn btn-outline-primary export-btn']' not found (Root cause: com.kms.katalon.core.exception.StepFailedException: com.kms.katalon.core.webui.exception.WebElementNotFoundException: Web element with id: 'Object Repository/PM/Huawei-vendor/Export-Result' located by '//button[@class='btn btn-outline-primary export-btn']' not found
	at com.kms.katalon.core.webui.keyword.internal.WebUIKeywordMain.stepFailed(WebUIKeywordMain.groovy:64)
	at com.kms.katalon.core.webui.keyword.builtin.VerifyElementPresentKeyword$_verifyElementPresent_closure1.doCall(VerifyElementPresentKeyword.groovy:85)
	at com.kms.katalon.core.webui.keyword.builtin.VerifyElementPresentKeyword$_verifyElementPresent_closure1.call(VerifyElementPresentKeyword.groovy)
	at com.kms.katalon.core.webui.keyword.internal.WebUIKeywordMain.runKeyword(WebUIKeywordMain.groovy:20)
	at com.kms.katalon.core.webui.keyword.builtin.VerifyElementPresentKeyword.verifyElementPresent(VerifyElementPresentKeyword.groovy:92)
	at com.kms.katalon.core.webui.keyword.builtin.VerifyElementPresentKeyword.execute(VerifyElementPresentKeyword.groovy:68)
	at com.kms.katalon.core.keyword.internal.KeywordExecutor.executeKeywordForPlatform(KeywordExecutor.groovy:74)
	at com.kms.katalon.core.webui.keyword.WebUiBuiltInKeywords.verifyElementPresent(WebUiBuiltInKeywords.groovy:1464)
	at com.kms.katalon.core.webui.keyword.WebUiBuiltInKeywords$verifyElementPresent$6.call(Unknown Source)
	at PMHwaueiStats.Stats(PMHwaueiStats.groovy:650)
	at PMHwaueiStats.invokeMethod(PMHwaueiStats.groovy)
	at com.kms.katalon.core.main.CustomKeywordDelegatingMetaClass.invokeStaticMethod(CustomKeywordDelegatingMetaClass.java:55)
	at Sector Aggregation.run(Sector Aggregation:22)
	at com.kms.katalon.core.main.ScriptEngine.run(ScriptEngine.java:194)
	at com.kms.katalon.core.main.ScriptEngine.runScriptAsRawText(ScriptEngine.java:119)
	at com.kms.katalon.core.main.TestCaseExecutor.runScript(TestCaseExecutor.java:448)
	at com.kms.katalon.core.main.TestCaseExecutor.doExecute(TestCaseExecutor.java:439)
	at com.kms.katalon.core.main.TestCaseExecutor.processExecutionPhase(TestCaseExecutor.java:418)
	at com.kms.katalon.core.main.TestCaseExecutor.accessMainPhase(TestCaseExecutor.java:410)
	at com.kms.katalon.core.main.TestCaseExecutor.execute(TestCaseExecutor.java:285)
	at com.kms.katalon.core.common.CommonExecutor.accessTestCaseMainPhase(CommonExecutor.java:65)
	at com.kms.katalon.core.main.TestSuiteExecutor.accessTestSuiteMainPhase(TestSuiteExecutor.java:148)
	at com.kms.katalon.core.main.TestSuiteExecutor.execute(TestSuiteExecutor.java:106)
	at com.kms.katalon.core.main.TestCaseMain.startTestSuite(TestCaseMain.java:187)
	at com.kms.katalon.core.main.TestCaseMain$startTestSuite$0.call(Unknown Source)
	at TempTestSuite1722414562516.run(TempTestSuite1722414562516.groovy:35)
)
[[ATTACHMENT|C:\\Users\\LP-Support\\git\\NetCell\\Reports\\20240731_112922\\PM\\Hwauei\\Stats\\Regression Stats 4g\\20240731_112922\\1722416445207.png]]

2024-07-31 12:00:45 - [MESSAGE][FAILED] - Unable to verify object 'Object Repository/PM/Huawei-vendor/Export-Result' is present (Root cause: com.kms.katalon.core.exception.StepFailedException: Unable to verify object 'Object Repository/PM/Huawei-vendor/Export-Result' is present
	at com.kms.katalon.core.webui.keyword.internal.WebUIKeywordMain.stepFailed(WebUIKeywordMain.groovy:64)
	at com.kms.katalon.core.webui.keyword.internal.WebUIKeywordMain.runKeyword(WebUIKeywordMain.groovy:26)
	at com.kms.katalon.core.webui.keyword.builtin.VerifyElementPresentKeyword.verifyElementPresent(VerifyElementPresentKeyword.groovy:92)
	at com.kms.katalon.core.webui.keyword.builtin.VerifyElementPresentKeyword.execute(VerifyElementPresentKeyword.groovy:68)
	at com.kms.katalon.core.keyword.internal.KeywordExecutor.executeKeywordForPlatform(KeywordExecutor.groovy:74)
	at com.kms.katalon.core.webui.keyword.WebUiBuiltInKeywords.verifyElementPresent(WebUiBuiltInKeywords.groovy:1464)
	at com.kms.katalon.core.webui.keyword.WebUiBuiltInKeywords$verifyElementPresent$6.call(Unknown Source)
	at PMHwaueiStats.Stats(PMHwaueiStats.groovy:650)
	at PMHwaueiStats.invokeMethod(PMHwaueiStats.groovy)
	at com.kms.katalon.core.main.CustomKeywordDelegatingMetaClass.invokeStaticMethod(CustomKeywordDelegatingMetaClass.java:55)
	at Sector Aggregation.run(Sector Aggregation:22)
	at com.kms.katalon.core.main.ScriptEngine.run(ScriptEngine.java:194)
	at com.kms.katalon.core.main.ScriptEngine.runScriptAsRawText(ScriptEngine.java:119)
	at com.kms.katalon.core.main.TestCaseExecutor.runScript(TestCaseExecutor.java:448)
	at com.kms.katalon.core.main.TestCaseExecutor.doExecute(TestCaseExecutor.java:439)
	at com.kms.katalon.core.main.TestCaseExecutor.processExecutionPhase(TestCaseExecutor.java:418)
	at com.kms.katalon.core.main.TestCaseExecutor.accessMainPhase(TestCaseExecutor.java:410)
	at com.kms.katalon.core.main.TestCaseExecutor.execute(TestCaseExecutor.java:285)
	at com.kms.katalon.core.common.CommonExecutor.accessTestCaseMainPhase(CommonExecutor.java:65)
	at com.kms.katalon.core.main.TestSuiteExecutor.accessTestSuiteMainPhase(TestSuiteExecutor.java:148)
	at com.kms.katalon.core.main.TestSuiteExecutor.execute(TestSuiteExecutor.java:106)
	at com.kms.katalon.core.main.TestCaseMain.startTestSuite(TestCaseMain.java:187)
	at com.kms.katalon.core.main.TestCaseMain$startTestSuite$0.call(Unknown Source)
	at TempTestSuite1722414562516.run(TempTestSuite1722414562516.groovy:35)
Caused by: com.kms.katalon.core.exception.StepFailedException: com.kms.katalon.core.webui.exception.WebElementNotFoundException: Web element with id: 'Object Repository/PM/Huawei-vendor/Export-Result' located by '//button[@class='btn btn-outline-primary export-btn']' not found
	at com.kms.katalon.core.webui.keyword.internal.WebUIKeywordMain.stepFailed(WebUIKeywordMain.groovy:64)
	at com.kms.katalon.core.webui.keyword.builtin.VerifyElementPresentKeyword$_verifyElementPresent_closure1.doCall(VerifyElementPresentKeyword.groovy:85)
	at com.kms.katalon.core.webui.keyword.builtin.VerifyElementPresentKeyword$_verifyElementPresent_closure1.call(VerifyElementPresentKeyword.groovy)
	at com.kms.katalon.core.webui.keyword.internal.WebUIKeywordMain.runKeyword(WebUIKeywordMain.groovy:20)
	... 22 more
)
[[ATTACHMENT|C:\\Users\\LP-Support\\git\\NetCell\\Reports\\20240731_112922\\PM\\Hwauei\\Stats\\Regression Stats 4g\\20240731_112922\\1722416445440.png]]

2024-07-31 12:00:45 - [MESSAGE][FAILED] - Unable to verify object 'Object Repository/PM/Huawei-vendor/Export-Result' is present]]></system-out>
         <system-err><![CDATA[2024-07-31 11:58:18 - [TEST_CASE][FAILED] - Test Cases/PM/Hwauei/Stats/4G/Sector/Sector Aggregation: Test Cases/PM/Hwauei/Stats/4G/Sector/Sector Aggregation FAILED.
Reason:
com.kms.katalon.core.exception.StepFailedException: Unable to verify object 'Object Repository/PM/Huawei-vendor/Export-Result' is present
	at com.kms.katalon.core.webui.keyword.internal.WebUIKeywordMain.stepFailed(WebUIKeywordMain.groovy:64)
	at com.kms.katalon.core.webui.keyword.internal.WebUIKeywordMain.runKeyword(WebUIKeywordMain.groovy:26)
	at com.kms.katalon.core.webui.keyword.builtin.VerifyElementPresentKeyword.verifyElementPresent(VerifyElementPresentKeyword.groovy:92)
	at com.kms.katalon.core.webui.keyword.builtin.VerifyElementPresentKeyword.execute(VerifyElementPresentKeyword.groovy:68)
	at com.kms.katalon.core.keyword.internal.KeywordExecutor.executeKeywordForPlatform(KeywordExecutor.groovy:74)
	at com.kms.katalon.core.webui.keyword.WebUiBuiltInKeywords.verifyElementPresent(WebUiBuiltInKeywords.groovy:1464)
	at com.kms.katalon.core.webui.keyword.WebUiBuiltInKeywords$verifyElementPresent$6.call(Unknown Source)
	at PMHwaueiStats.Stats(PMHwaueiStats.groovy:650)
	at PMHwaueiStats.invokeMethod(PMHwaueiStats.groovy)
	at com.kms.katalon.core.main.CustomKeywordDelegatingMetaClass.invokeStaticMethod(CustomKeywordDelegatingMetaClass.java:55)
	at Sector Aggregation.run(Sector Aggregation:22)
	at com.kms.katalon.core.main.ScriptEngine.run(ScriptEngine.java:194)
	at com.kms.katalon.core.main.ScriptEngine.runScriptAsRawText(ScriptEngine.java:119)
	at com.kms.katalon.core.main.TestCaseExecutor.runScript(TestCaseExecutor.java:448)
	at com.kms.katalon.core.main.TestCaseExecutor.doExecute(TestCaseExecutor.java:439)
	at com.kms.katalon.core.main.TestCaseExecutor.processExecutionPhase(TestCaseExecutor.java:418)
	at com.kms.katalon.core.main.TestCaseExecutor.accessMainPhase(TestCaseExecutor.java:410)
	at com.kms.katalon.core.main.TestCaseExecutor.execute(TestCaseExecutor.java:285)
	at com.kms.katalon.core.common.CommonExecutor.accessTestCaseMainPhase(CommonExecutor.java:65)
	at com.kms.katalon.core.main.TestSuiteExecutor.accessTestSuiteMainPhase(TestSuiteExecutor.java:148)
	at com.kms.katalon.core.main.TestSuiteExecutor.execute(TestSuiteExecutor.java:106)
	at com.kms.katalon.core.main.TestCaseMain.startTestSuite(TestCaseMain.java:187)
	at com.kms.katalon.core.main.TestCaseMain$startTestSuite$0.call(Unknown Source)
	at TempTestSuite1722414562516.run(TempTestSuite1722414562516.groovy:35)
Caused by: com.kms.katalon.core.exception.StepFailedException: com.kms.katalon.core.webui.exception.WebElementNotFoundException: Web element with id: 'Object Repository/PM/Huawei-vendor/Export-Result' located by '//button[@class='btn btn-outline-primary export-btn']' not found
	at com.kms.katalon.core.webui.keyword.internal.WebUIKeywordMain.stepFailed(WebUIKeywordMain.groovy:64)
	at com.kms.katalon.core.webui.keyword.builtin.VerifyElementPresentKeyword$_verifyElementPresent_closure1.doCall(VerifyElementPresentKeyword.groovy:85)
	at com.kms.katalon.core.webui.keyword.builtin.VerifyElementPresentKeyword$_verifyElementPresent_closure1.call(VerifyElementPresentKeyword.groovy)
	at com.kms.katalon.core.webui.keyword.internal.WebUIKeywordMain.runKeyword(WebUIKeywordMain.groovy:20)
	... 22 more]]></system-err>
      </testcase>
      <system-out><![CDATA[2024-07-31 11:29:26 - [TEST_SUITE][FAILED] - Regression Stats 4g: Test Cases/PM/Hwauei/Stats/4G/Cell/Cell FAILED.
Reason:
com.kms.katalon.core.exception.StepFailedException: Unable to click on object 'Object Repository/PM/Huawei-vendor/Object-Type/TopX Object Types/TopX Cells/TopX East Amman Site1 Cell1'
	at com.kms.katalon.core.webui.keyword.internal.WebUIKeywordMain.stepFailed(WebUIKeywordMain.groovy:64)
	at com.kms.katalon.core.webui.keyword.internal.WebUIKeywordMain.runKeyword(WebUIKeywordMain.groovy:26)
	at com.kms.katalon.core.webui.keyword.builtin.ClickKeyword.click(ClickKeyword.groovy:74)
	at com.kms.katalon.core.webui.keyword.builtin.ClickKeyword.execute(ClickKeyword.groovy:40)
	at com.kms.katalon.core.keyword.internal.KeywordExecutor.executeKeywordForPlatform(KeywordExecutor.groovy:74)
	at com.kms.katalon.core.webui.keyword.WebUiBuiltInKeywords.click(WebUiBuiltInKeywords.groovy:620)
	at com.kms.katalon.core.webui.keyword.WebUiBuiltInKeywords$click$2.call(Unknown Source)
	at PMHwaueiStats.Stats(PMHwaueiStats.groovy:196)
	at PMHwaueiStats.invokeMethod(PMHwaueiStats.groovy)
	at com.kms.katalon.core.main.CustomKeywordDelegatingMetaClass.invokeStaticMethod(CustomKeywordDelegatingMetaClass.java:55)
	at Cell.run(Cell:23)
	at com.kms.katalon.core.main.ScriptEngine.run(ScriptEngine.java:194)
	at com.kms.katalon.core.main.ScriptEngine.runScriptAsRawText(ScriptEngine.java:119)
	at com.kms.katalon.core.main.TestCaseExecutor.runScript(TestCaseExecutor.java:448)
	at com.kms.katalon.core.main.TestCaseExecutor.doExecute(TestCaseExecutor.java:439)
	at com.kms.katalon.core.main.TestCaseExecutor.processExecutionPhase(TestCaseExecutor.java:418)
	at com.kms.katalon.core.main.TestCaseExecutor.accessMainPhase(TestCaseExecutor.java:410)
	at com.kms.katalon.core.main.TestCaseExecutor.execute(TestCaseExecutor.java:285)
	at com.kms.katalon.core.common.CommonExecutor.accessTestCaseMainPhase(CommonExecutor.java:65)
	at com.kms.katalon.core.main.TestSuiteExecutor.accessTestSuiteMainPhase(TestSuiteExecutor.java:148)
	at com.kms.katalon.core.main.TestSuiteExecutor.execute(TestSuiteExecutor.java:106)
	at com.kms.katalon.core.main.TestCaseMain.startTestSuite(TestCaseMain.java:187)
	at com.kms.katalon.core.main.TestCaseMain$startTestSuite$0.call(Unknown Source)
	at TempTestSuite1722414562516.run(TempTestSuite1722414562516.groovy:35)
Caused by: org.openqa.selenium.StaleElementReferenceException: stale element reference: stale element not found in the current frame
  (Session info: chrome=127.0.6533.72)
For documentation on this error, please visit: https://www.seleniumhq.org/exceptions/stale_element_reference.html
Build info: version: '3.141.59', revision: 'e82be7d358', time: '2018-11-14T08:25:53'
System info: host: 'LP-NEW-2', ip: '192.168.8.195', os.name: 'Windows 11', os.arch: 'amd64', os.version: '10.0', java.version: '1.8.0_362'
Driver info: org.openqa.selenium.chrome.ChromeDriver
Capabilities {acceptInsecureCerts: true, browserName: chrome, browserVersion: 127.0.6533.72, chrome: {chromedriverVersion: 126.0.6478.126 (d36ace6122e..., userDataDir: C:\Users\LP-SUP~1\AppData\L...}, fedcm:accounts: true, goog:chromeOptions: {debuggerAddress: localhost:53198}, javascriptEnabled: true, networkConnectionEnabled: false, pageLoadStrategy: normal, platform: WINDOWS, platformName: WINDOWS, proxy: Proxy(), setWindowRect: true, strictFileInteractability: false, timeouts: {implicit: 0, pageLoad: 300000, script: 30000}, unhandledPromptBehavior: dismiss and notify, webauthn:extension:credBlob: true, webauthn:extension:largeBlob: true, webauthn:extension:minPinLength: true, webauthn:extension:prf: true, webauthn:virtualAuthenticators: true}
Session ID: 29a58ce2af22e0a552989076fd962bc6
	at org.openqa.selenium.remote.http.W3CHttpResponseCodec.createException(W3CHttpResponseCodec.java:187)
	at org.openqa.selenium.remote.http.W3CHttpResponseCodec.decode(W3CHttpResponseCodec.java:122)
	at org.openqa.selenium.remote.http.W3CHttpResponseCodec.decode(W3CHttpResponseCodec.java:49)
	at org.openqa.selenium.remote.HttpCommandExecutor.execute(HttpCommandExecutor.java:158)
	at org.openqa.selenium.remote.service.DriverCommandExecutor.execute(DriverCommandExecutor.java:83)
	at org.openqa.selenium.remote.RemoteWebDriver.execute(RemoteWebDriver.java:552)
	at org.openqa.selenium.remote.RemoteWebElement.execute(RemoteWebElement.java:285)
	at org.openqa.selenium.remote.RemoteWebElement.click(RemoteWebElement.java:84)
	at org.openqa.selenium.support.events.EventFiringWebDriver$EventFiringWebElement.lambda$new$0(EventFiringWebDriver.java:404)
	at com.sun.proxy.$Proxy12.click(Unknown Source)
	at org.openqa.selenium.support.events.EventFiringWebDriver$EventFiringWebElement.click(EventFiringWebDriver.java:417)
	at org.openqa.selenium.WebElement$click.call(Unknown Source)
	at com.kms.katalon.core.webui.keyword.builtin.ClickKeyword.clickUntilSuccessWithTimeout(ClickKeyword.groovy:81)
	at com.kms.katalon.core.webui.keyword.builtin.ClickKeyword.clickUntilSuccessWithTimeout(ClickKeyword.groovy)
	at com.kms.katalon.core.webui.keyword.builtin.ClickKeyword$_click_closure1.doCall(ClickKeyword.groovy:67)
	at com.kms.katalon.core.webui.keyword.builtin.ClickKeyword$_click_closure1.call(ClickKeyword.groovy)
	at com.kms.katalon.core.webui.keyword.internal.WebUIKeywordMain.runKeyword(WebUIKeywordMain.groovy:20)
	... 22 more]]></system-out>
      <system-err><![CDATA[2024-07-31 11:29:26 - [TEST_SUITE][FAILED] - Regression Stats 4g: Test Cases/PM/Hwauei/Stats/4G/Cell/Cell FAILED.
Reason:
com.kms.katalon.core.exception.StepFailedException: Unable to click on object 'Object Repository/PM/Huawei-vendor/Object-Type/TopX Object Types/TopX Cells/TopX East Amman Site1 Cell1'
	at com.kms.katalon.core.webui.keyword.internal.WebUIKeywordMain.stepFailed(WebUIKeywordMain.groovy:64)
	at com.kms.katalon.core.webui.keyword.internal.WebUIKeywordMain.runKeyword(WebUIKeywordMain.groovy:26)
	at com.kms.katalon.core.webui.keyword.builtin.ClickKeyword.click(ClickKeyword.groovy:74)
	at com.kms.katalon.core.webui.keyword.builtin.ClickKeyword.execute(ClickKeyword.groovy:40)
	at com.kms.katalon.core.keyword.internal.KeywordExecutor.executeKeywordForPlatform(KeywordExecutor.groovy:74)
	at com.kms.katalon.core.webui.keyword.WebUiBuiltInKeywords.click(WebUiBuiltInKeywords.groovy:620)
	at com.kms.katalon.core.webui.keyword.WebUiBuiltInKeywords$click$2.call(Unknown Source)
	at PMHwaueiStats.Stats(PMHwaueiStats.groovy:196)
	at PMHwaueiStats.invokeMethod(PMHwaueiStats.groovy)
	at com.kms.katalon.core.main.CustomKeywordDelegatingMetaClass.invokeStaticMethod(CustomKeywordDelegatingMetaClass.java:55)
	at Cell.run(Cell:23)
	at com.kms.katalon.core.main.ScriptEngine.run(ScriptEngine.java:194)
	at com.kms.katalon.core.main.ScriptEngine.runScriptAsRawText(ScriptEngine.java:119)
	at com.kms.katalon.core.main.TestCaseExecutor.runScript(TestCaseExecutor.java:448)
	at com.kms.katalon.core.main.TestCaseExecutor.doExecute(TestCaseExecutor.java:439)
	at com.kms.katalon.core.main.TestCaseExecutor.processExecutionPhase(TestCaseExecutor.java:418)
	at com.kms.katalon.core.main.TestCaseExecutor.accessMainPhase(TestCaseExecutor.java:410)
	at com.kms.katalon.core.main.TestCaseExecutor.execute(TestCaseExecutor.java:285)
	at com.kms.katalon.core.common.CommonExecutor.accessTestCaseMainPhase(CommonExecutor.java:65)
	at com.kms.katalon.core.main.TestSuiteExecutor.accessTestSuiteMainPhase(TestSuiteExecutor.java:148)
	at com.kms.katalon.core.main.TestSuiteExecutor.execute(TestSuiteExecutor.java:106)
	at com.kms.katalon.core.main.TestCaseMain.startTestSuite(TestCaseMain.java:187)
	at com.kms.katalon.core.main.TestCaseMain$startTestSuite$0.call(Unknown Source)
	at TempTestSuite1722414562516.run(TempTestSuite1722414562516.groovy:35)
Caused by: org.openqa.selenium.StaleElementReferenceException: stale element reference: stale element not found in the current frame
  (Session info: chrome=127.0.6533.72)
For documentation on this error, please visit: https://www.seleniumhq.org/exceptions/stale_element_reference.html
Build info: version: '3.141.59', revision: 'e82be7d358', time: '2018-11-14T08:25:53'
System info: host: 'LP-NEW-2', ip: '192.168.8.195', os.name: 'Windows 11', os.arch: 'amd64', os.version: '10.0', java.version: '1.8.0_362'
Driver info: org.openqa.selenium.chrome.ChromeDriver
Capabilities {acceptInsecureCerts: true, browserName: chrome, browserVersion: 127.0.6533.72, chrome: {chromedriverVersion: 126.0.6478.126 (d36ace6122e..., userDataDir: C:\Users\LP-SUP~1\AppData\L...}, fedcm:accounts: true, goog:chromeOptions: {debuggerAddress: localhost:53198}, javascriptEnabled: true, networkConnectionEnabled: false, pageLoadStrategy: normal, platform: WINDOWS, platformName: WINDOWS, proxy: Proxy(), setWindowRect: true, strictFileInteractability: false, timeouts: {implicit: 0, pageLoad: 300000, script: 30000}, unhandledPromptBehavior: dismiss and notify, webauthn:extension:credBlob: true, webauthn:extension:largeBlob: true, webauthn:extension:minPinLength: true, webauthn:extension:prf: true, webauthn:virtualAuthenticators: true}
Session ID: 29a58ce2af22e0a552989076fd962bc6
	at org.openqa.selenium.remote.http.W3CHttpResponseCodec.createException(W3CHttpResponseCodec.java:187)
	at org.openqa.selenium.remote.http.W3CHttpResponseCodec.decode(W3CHttpResponseCodec.java:122)
	at org.openqa.selenium.remote.http.W3CHttpResponseCodec.decode(W3CHttpResponseCodec.java:49)
	at org.openqa.selenium.remote.HttpCommandExecutor.execute(HttpCommandExecutor.java:158)
	at org.openqa.selenium.remote.service.DriverCommandExecutor.execute(DriverCommandExecutor.java:83)
	at org.openqa.selenium.remote.RemoteWebDriver.execute(RemoteWebDriver.java:552)
	at org.openqa.selenium.remote.RemoteWebElement.execute(RemoteWebElement.java:285)
	at org.openqa.selenium.remote.RemoteWebElement.click(RemoteWebElement.java:84)
	at org.openqa.selenium.support.events.EventFiringWebDriver$EventFiringWebElement.lambda$new$0(EventFiringWebDriver.java:404)
	at com.sun.proxy.$Proxy12.click(Unknown Source)
	at org.openqa.selenium.support.events.EventFiringWebDriver$EventFiringWebElement.click(EventFiringWebDriver.java:417)
	at org.openqa.selenium.WebElement$click.call(Unknown Source)
	at com.kms.katalon.core.webui.keyword.builtin.ClickKeyword.clickUntilSuccessWithTimeout(ClickKeyword.groovy:81)
	at com.kms.katalon.core.webui.keyword.builtin.ClickKeyword.clickUntilSuccessWithTimeout(ClickKeyword.groovy)
	at com.kms.katalon.core.webui.keyword.builtin.ClickKeyword$_click_closure1.doCall(ClickKeyword.groovy:67)
	at com.kms.katalon.core.webui.keyword.builtin.ClickKeyword$_click_closure1.call(ClickKeyword.groovy)
	at com.kms.katalon.core.webui.keyword.internal.WebUIKeywordMain.runKeyword(WebUIKeywordMain.groovy:20)
	... 22 more]]></system-err>
   </testsuite>
</testsuites>
