<?xml version="1.0" encoding="UTF-8"?>
<testsuites name="Regression" time="562.968" tests="10" failures="0" errors="0">
   <testsuite name="Regression" tests="10" failures="0" errors="0" time="562.968" skipped="0" timestamp="2024-07-23 12:34:43" hostname="OdaiAbuKhadir - LP-OdaiA" id="Test Suites/Regression">
      <properties>
         <property name="deviceName" value=""/>
         <property name="devicePlatform" value=""/>
         <property name="logFolder" value="C:\\Users\\OdaiAbuKhadir\\git\\NetCell\\Reports\\20240723_123440\\Regression\\20240723_123441"/>
         <property name="logFiles" value="C:\\Users\\OdaiAbuKhadir\\git\\NetCell\\Reports\\20240723_123440\\Regression\\20240723_123441\\execution0.log"/>
         <property name="attachments" value=""/>
         <property name="hostName" value="OdaiAbuKhadir - LP-OdaiA"/>
         <property name="os" value="Windows 11 64bit"/>
         <property name="katalonVersion" value="8.6.9.208"/>
         <property name="browser" value="Chrome 126.0.0.0"/>
         <property name="hostAddress" value="192.168.9.28"/>
         <property name="sessionId" value="7eb2505d7903553350c6ca823ad183e3"/>
         <property name="seleniumVersion" value="3.141.59"/>
         <property name="proxyInformation" value="ProxyInformation { proxyOption=NO_PROXY, proxyServerType=HTTP, username=, password=********, proxyServerAddress=, proxyServerPort=0, executionList=&quot;&quot;, isApplyToDesiredCapabilities=true }"/>
         <property name="platform" value="Windows 11"/>
      </properties>
      <testcase name="Test Cases/PM/Hwauei/TopX/4G TopX/XCells/TopX 4G Cell default" time="52.025" classname="Test Cases/PM/Hwauei/TopX/4G TopX/XCells/TopX 4G Cell default" status="PASSED">
         <system-out><![CDATA[2024-07-23 12:34:43 - [TEST_CASE][PASSED] - Test Cases/PM/Hwauei/TopX/4G TopX/XCells/TopX 4G Cell default: Test Cases/PM/Hwauei/TopX/4G TopX/XCells/TopX 4G Cell default

2024-07-23 12:34:44 - [TEST_STEP][PASSED] - callTestCase(findTestCase("Login"), [:], STOP_ON_FAILURE): Call Test Case 'Test Cases/Login' successfully

2024-07-23 12:34:44 - [TEST_CASE][PASSED] - Test Cases/Login: Test Cases/Login

2024-07-23 12:34:44 - [TEST_STEP][PASSED] - driver = general.start(SwagerURL, NetCellURL): general.start is PASSED

2024-07-23 12:34:44 - [MESSAGE][INFO] - >>> chromeDriverPath=C:\Users\OdaiAbuKhadir\.katalon\packages\Katalon_Studio_Windows_64-8.6.9\Katalon_Studio_Windows_64-8.6.9\configuration\resources\drivers\chromedriver_win32\chromedriver.exe

2024-07-23 12:34:47 - [MESSAGE][PASSED] - Current window maximized

2024-07-23 12:34:48 - [MESSAGE][PASSED] - Execute JavaScript 'window.open();' successfully

2024-07-23 12:34:48 - [MESSAGE][PASSED] - Switched to window with index: '1'

2024-07-23 12:35:00 - [MESSAGE][PASSED] - general.start is PASSED

2024-07-23 12:35:00 - [TEST_STEP][PASSED] - click(findTestObject("Object Repository/Login/LoginButton")): Object: 'Object Repository/Login/LoginButton' is clicked on

2024-07-23 12:35:00 - [MESSAGE][PASSED] - Object: 'Object Repository/Login/LoginButton' is clicked on

2024-07-23 12:35:00 - [TEST_STEP][PASSED] - switchToWindowIndex(2): Switched to window with index: '2'

2024-07-23 12:35:01 - [MESSAGE][PASSED] - Switched to window with index: '2'

2024-07-23 12:35:01 - [TEST_STEP][PASSED] - delay(2): Delayed 2 second(s)

2024-07-23 12:35:03 - [MESSAGE][PASSED] - Delayed 2 second(s)

2024-07-23 12:35:03 - [TEST_STEP][PASSED] - sendKeys(findTestObject("Object Repository/Login/EnterEmail"), "homam@zztjg.onmicrosoft.com"): Keys 'homam@zztjg.onmicrosoft.com' sent to object: 'Object Repository/Login/EnterEmail'

2024-07-23 12:35:04 - [MESSAGE][PASSED] - Keys 'homam@zztjg.onmicrosoft.com' sent to object: 'Object Repository/Login/EnterEmail'

2024-07-23 12:35:04 - [TEST_STEP][PASSED] - delay(2): Delayed 2 second(s)

2024-07-23 12:35:06 - [MESSAGE][PASSED] - Delayed 2 second(s)

2024-07-23 12:35:06 - [TEST_STEP][PASSED] - click(findTestObject("Object Repository/Login/NextButton")): Object: 'Object Repository/Login/NextButton' is clicked on

2024-07-23 12:35:06 - [MESSAGE][PASSED] - Object: 'Object Repository/Login/NextButton' is clicked on

2024-07-23 12:35:06 - [TEST_STEP][PASSED] - delay(4): Delayed 4 second(s)

2024-07-23 12:35:10 - [MESSAGE][PASSED] - Delayed 4 second(s)

2024-07-23 12:35:10 - [TEST_STEP][PASSED] - sendKeys(findTestObject("Object Repository/Login/EnterPassword"), "Holder12345"): Keys 'Holder12345' sent to object: 'Object Repository/Login/EnterPassword'

2024-07-23 12:35:10 - [MESSAGE][PASSED] - Keys 'Holder12345' sent to object: 'Object Repository/Login/EnterPassword'

2024-07-23 12:35:10 - [TEST_STEP][PASSED] - delay(1): Delayed 1 second(s)

2024-07-23 12:35:11 - [MESSAGE][PASSED] - Delayed 1 second(s)

2024-07-23 12:35:11 - [TEST_STEP][PASSED] - click(findTestObject("Object Repository/Login/SigninButton")): Object: 'Object Repository/Login/SigninButton' is clicked on

2024-07-23 12:35:13 - [MESSAGE][PASSED] - Object: 'Object Repository/Login/SigninButton' is clicked on

2024-07-23 12:35:13 - [TEST_STEP][PASSED] - click(findTestObject("Object Repository/Login/YesStayInButton")): Object: 'Object Repository/Login/YesStayInButton' is clicked on

2024-07-23 12:35:13 - [MESSAGE][PASSED] - Object: 'Object Repository/Login/YesStayInButton' is clicked on

2024-07-23 12:35:13 - [MESSAGE][PASSED] - Call Test Case 'Test Cases/Login' successfully

2024-07-23 12:35:13 - [TEST_STEP][PASSED] - switchToWindowIndex(1): Switched to window with index: '1'

2024-07-23 12:35:13 - [MESSAGE][PASSED] - Switched to window with index: '1'

2024-07-23 12:35:13 - [TEST_STEP][PASSED] - PMHwaueiTopX.TopX("4G", "Cell", false, "Hourly", false, null): PMHwaueiTopX.TopX is PASSED

2024-07-23 12:35:14 - [MESSAGE][PASSED] - Object: 'Object Repository/PM/PM-Button' is clicked on

2024-07-23 12:35:14 - [MESSAGE][PASSED] - Switched to window with index: '2'

2024-07-23 12:35:16 - [MESSAGE][PASSED] - Object: 'Object Repository/PM/Huawei-vendor/Data-view/TopX' is clicked on

2024-07-23 12:35:16 - [MESSAGE][PASSED] - Object: 'Object Repository/PM/Huawei-vendor/TopX/TopX Object Type' is clicked on

2024-07-23 12:35:17 - [MESSAGE][PASSED] - Delayed 1 second(s)

2024-07-23 12:35:17 - [MESSAGE][PASSED] - Object: 'Object Repository/PM/Huawei-vendor/Object-Type/TopX Object Types/TopX Cells/TopX Cell' is clicked on

2024-07-23 12:35:18 - [MESSAGE][PASSED] - Delayed 1 second(s)

2024-07-23 12:35:18 - [MESSAGE][WARNING] - Timeout '0' is invalid. Using default page load timeout: '60'

2024-07-23 12:35:18 - [MESSAGE][PASSED] - Scroll to object 'Object Repository/PM/Huawei-vendor/Object Border' successfully

2024-07-23 12:35:18 - [MESSAGE][PASSED] - Object: 'Object Repository/PM/Huawei-vendor/Object-Type/TopX Object Types/TopX Sites/TopX East Amman Arrow' is clicked on

2024-07-23 12:35:20 - [MESSAGE][PASSED] - Object: 'Object Repository/PM/Huawei-vendor/Object-Type/TopX Object Types/TopX Cells/TopX East Amman Site1 Arrow' is clicked on

2024-07-23 12:35:21 - [MESSAGE][PASSED] - Delayed 1 second(s)

2024-07-23 12:35:21 - [MESSAGE][PASSED] - Object: 'Object Repository/PM/Huawei-vendor/Object-Type/TopX Object Types/TopX Cells/TopX East Amman Site1 Cell1' is clicked on

2024-07-23 12:35:21 - [MESSAGE][PASSED] - Object: 'Object Repository/PM/Huawei-vendor/Object-Type/TopX Object Types/TopX Sites/TopX East Amman CloseArrow' is clicked on

2024-07-23 12:35:21 - [MESSAGE][PASSED] - Object: 'Object Repository/PM/Huawei-vendor/Object-Type/TopX Object Types/TopX Sites/TopX West Amman Arrow' is clicked on

2024-07-23 12:35:23 - [MESSAGE][PASSED] - Object: 'Object Repository/PM/Huawei-vendor/Object-Type/TopX Object Types/TopX Cells/TopX West Amman Site1 Arrow' is clicked on

2024-07-23 12:35:23 - [MESSAGE][PASSED] - Object: 'Object Repository/PM/Huawei-vendor/Object-Type/TopX Object Types/TopX Cells/TopX West Amman Site1 Cell1' is clicked on

2024-07-23 12:35:23 - [MESSAGE][PASSED] - Object: 'Object Repository/PM/Huawei-vendor/Object-Type/TopX Object Types/TopX Sites/TopX West Amman CloseArrow' is clicked on

2024-07-23 12:35:23 - [MESSAGE][PASSED] - Object: 'Object Repository/PM/Huawei-vendor/Object-Type/TopX Object Types/TopX Sites/TopX North Jordan Arrow' is clicked on

2024-07-23 12:35:26 - [MESSAGE][PASSED] - Object: 'Object Repository/PM/Huawei-vendor/Object-Type/TopX Object Types/TopX Cells/TopX North Jordan Site1 Arrow' is clicked on

2024-07-23 12:35:26 - [MESSAGE][PASSED] - Object: 'Object Repository/PM/Huawei-vendor/Object-Type/TopX Object Types/TopX Cells/TopX North Jordan Site1 Cell1' is clicked on

2024-07-23 12:35:26 - [MESSAGE][PASSED] - Object: 'Object Repository/PM/Huawei-vendor/Object-Type/TopX Object Types/TopX Sites/TopX North Jordan CloseArrow' is clicked on

2024-07-23 12:35:26 - [MESSAGE][PASSED] - Object: 'Object Repository/PM/Huawei-vendor/Object-Type/TopX Object Types/TopX Sites/TopX South Jordan Arrow' is clicked on

2024-07-23 12:35:27 - [MESSAGE][PASSED] - Object: 'Object Repository/PM/Huawei-vendor/Object-Type/TopX Object Types/TopX Cells/TopX South Jordan Site1 Arrow' is clicked on

2024-07-23 12:35:28 - [MESSAGE][PASSED] - Object: 'Object Repository/PM/Huawei-vendor/Object-Type/TopX Object Types/TopX Cells/TopX South Jordan Site1 Cell1' is clicked on

2024-07-23 12:35:28 - [MESSAGE][PASSED] - Object: 'Object Repository/PM/Huawei-vendor/Object-Type/TopX Object Types/TopX Sites/TopX South Jordan CloseArrow' is clicked on

2024-07-23 12:35:28 - [MESSAGE][WARNING] - Timeout '0' is invalid. Using default page load timeout: '60'

2024-07-23 12:35:28 - [MESSAGE][PASSED] - Scroll to object 'Object Repository/PM/Huawei-vendor/LowXlabel' successfully

2024-07-23 12:35:28 - [MESSAGE][PASSED] - Object: 'Object Repository/PM/Huawei-vendor/TopX/TopXDate/BeforeDate' is clicked on

2024-07-23 12:35:29 - [MESSAGE][PASSED] - Delayed 1 second(s)

2024-07-23 12:35:29 - [MESSAGE][PASSED] - Object: 'Object Repository/PM/Huawei-vendor/TopX/TopXDate/Choose Month' is clicked on

2024-07-23 12:35:30 - [MESSAGE][PASSED] - Delayed 1 second(s)

2024-07-23 12:35:30 - [MESSAGE][PASSED] - Object: 'Object Repository/PM/Huawei-vendor/TopX/TopXDate/Feb' is clicked on

2024-07-23 12:35:31 - [MESSAGE][PASSED] - Object: 'Object Repository/PM/Huawei-vendor/TopX/TopXDate/Day 1' is clicked on

2024-07-23 12:35:31 - [MESSAGE][PASSED] - Object: 'Object Repository/PM/Huawei-vendor/TopX/TopXDate/Button OK' is clicked on

2024-07-23 12:35:31 - [MESSAGE][PASSED] - Object: 'Object Repository/PM/Huawei-vendor/TopX/TopXDate/After Date' is clicked on

2024-07-23 12:35:32 - [MESSAGE][PASSED] - Delayed 1 second(s)

2024-07-23 12:35:32 - [MESSAGE][PASSED] - Object: 'Object Repository/PM/Huawei-vendor/TopX/TopXDate/Choose Month' is clicked on

2024-07-23 12:35:33 - [MESSAGE][PASSED] - Delayed 1 second(s)

2024-07-23 12:35:33 - [MESSAGE][PASSED] - Object: 'Object Repository/PM/Huawei-vendor/TopX/TopXDate/Feb' is clicked on

2024-07-23 12:35:33 - [MESSAGE][PASSED] - Object: 'Object Repository/PM/Huawei-vendor/TopX/TopXDate/Day 7' is clicked on

2024-07-23 12:35:33 - [MESSAGE][PASSED] - Object: 'Object Repository/PM/Huawei-vendor/TopX/TopXDate/Button OK' is clicked on

2024-07-23 12:35:34 - [MESSAGE][PASSED] - Object: 'Object Repository/PM/Huawei-vendor/Apply-Button' is clicked on

2024-07-23 12:35:34 - [MESSAGE][WARNING] - Timeout '0' is invalid. Using default page load timeout: '60'

2024-07-23 12:35:34 - [MESSAGE][PASSED] - Web element with id: 'Object Repository/PM/Huawei-vendor/Error' located by 'By.xpath: //div[@class='toast-summary title-medium-m']' is not present after '60' second(s)

2024-07-23 12:35:34 - [MESSAGE][WARNING] - Timeout '0' is invalid. Using default page load timeout: '60'

2024-07-23 12:35:34 - [MESSAGE][PASSED] - Object 'Object Repository/PM/Huawei-vendor/Chart' is present

2024-07-23 12:35:34 - [MESSAGE][WARNING] - Timeout '0' is invalid. Using default page load timeout: '60'

2024-07-23 12:35:34 - [MESSAGE][PASSED] - Object 'Object Repository/PM/Huawei-vendor/TopX/TopX Export Chart' is present

2024-07-23 12:35:34 - [MESSAGE][WARNING] - Timeout '0' is invalid. Using default page load timeout: '60'

2024-07-23 12:35:34 - [MESSAGE][PASSED] - Object 'Object Repository/PM/Huawei-vendor/TopX/Table View' is present

2024-07-23 12:35:35 - [MESSAGE][PASSED] - Object: 'Object Repository/PM/Huawei-vendor/TopX/Table View' is clicked on

2024-07-23 12:35:35 - [MESSAGE][PASSED] - Object: 'Object Repository/PM/Huawei-vendor/TopX/Reordering the table view' is clicked on

2024-07-23 12:35:35 - [MESSAGE][PASSED] - Browser is closed

2024-07-23 12:35:35 - [MESSAGE][PASSED] - PMHwaueiTopX.TopX is PASSED]]></system-out>
         <system-err><![CDATA[]]></system-err>
      </testcase>
      <testcase name="Test Cases/PM/Hwauei/TopX/4G TopX/XCells/TopX 4G Cell with LowX" time="72.654" classname="Test Cases/PM/Hwauei/TopX/4G TopX/XCells/TopX 4G Cell with LowX" status="PASSED">
         <system-out><![CDATA[2024-07-23 12:35:36 - [TEST_CASE][PASSED] - Test Cases/PM/Hwauei/TopX/4G TopX/XCells/TopX 4G Cell with LowX: Test Cases/PM/Hwauei/TopX/4G TopX/XCells/TopX 4G Cell with LowX

2024-07-23 12:35:36 - [TEST_STEP][PASSED] - callTestCase(findTestCase("Login"), [:], STOP_ON_FAILURE): Call Test Case 'Test Cases/Login' successfully

2024-07-23 12:35:36 - [TEST_CASE][PASSED] - Test Cases/Login: Test Cases/Login

2024-07-23 12:35:36 - [TEST_STEP][PASSED] - driver = general.start(SwagerURL, NetCellURL): general.start is PASSED

2024-07-23 12:35:36 - [MESSAGE][INFO] - >>> chromeDriverPath=C:\Users\OdaiAbuKhadir\.katalon\packages\Katalon_Studio_Windows_64-8.6.9\Katalon_Studio_Windows_64-8.6.9\configuration\resources\drivers\chromedriver_win32\chromedriver.exe

2024-07-23 12:35:37 - [MESSAGE][PASSED] - Current window maximized

2024-07-23 12:35:38 - [MESSAGE][PASSED] - Execute JavaScript 'window.open();' successfully

2024-07-23 12:35:38 - [MESSAGE][PASSED] - Switched to window with index: '1'

2024-07-23 12:35:51 - [MESSAGE][PASSED] - general.start is PASSED

2024-07-23 12:35:51 - [TEST_STEP][PASSED] - click(findTestObject("Object Repository/Login/LoginButton")): Object: 'Object Repository/Login/LoginButton' is clicked on

2024-07-23 12:35:51 - [MESSAGE][PASSED] - Object: 'Object Repository/Login/LoginButton' is clicked on

2024-07-23 12:35:51 - [TEST_STEP][PASSED] - switchToWindowIndex(2): Switched to window with index: '2'

2024-07-23 12:35:52 - [MESSAGE][PASSED] - Switched to window with index: '2'

2024-07-23 12:35:52 - [TEST_STEP][PASSED] - delay(2): Delayed 2 second(s)

2024-07-23 12:35:54 - [MESSAGE][PASSED] - Delayed 2 second(s)

2024-07-23 12:35:54 - [TEST_STEP][PASSED] - sendKeys(findTestObject("Object Repository/Login/EnterEmail"), "homam@zztjg.onmicrosoft.com"): Keys 'homam@zztjg.onmicrosoft.com' sent to object: 'Object Repository/Login/EnterEmail'

2024-07-23 12:35:55 - [MESSAGE][PASSED] - Keys 'homam@zztjg.onmicrosoft.com' sent to object: 'Object Repository/Login/EnterEmail'

2024-07-23 12:35:55 - [TEST_STEP][PASSED] - delay(2): Delayed 2 second(s)

2024-07-23 12:35:57 - [MESSAGE][PASSED] - Delayed 2 second(s)

2024-07-23 12:35:57 - [TEST_STEP][PASSED] - click(findTestObject("Object Repository/Login/NextButton")): Object: 'Object Repository/Login/NextButton' is clicked on

2024-07-23 12:35:57 - [MESSAGE][PASSED] - Object: 'Object Repository/Login/NextButton' is clicked on

2024-07-23 12:35:57 - [TEST_STEP][PASSED] - delay(4): Delayed 4 second(s)

2024-07-23 12:36:01 - [MESSAGE][PASSED] - Delayed 4 second(s)

2024-07-23 12:36:01 - [TEST_STEP][PASSED] - sendKeys(findTestObject("Object Repository/Login/EnterPassword"), "Holder12345"): Keys 'Holder12345' sent to object: 'Object Repository/Login/EnterPassword'

2024-07-23 12:36:01 - [MESSAGE][PASSED] - Keys 'Holder12345' sent to object: 'Object Repository/Login/EnterPassword'

2024-07-23 12:36:01 - [TEST_STEP][PASSED] - delay(1): Delayed 1 second(s)

2024-07-23 12:36:02 - [MESSAGE][PASSED] - Delayed 1 second(s)

2024-07-23 12:36:02 - [TEST_STEP][PASSED] - click(findTestObject("Object Repository/Login/SigninButton")): Object: 'Object Repository/Login/SigninButton' is clicked on

2024-07-23 12:36:04 - [MESSAGE][PASSED] - Object: 'Object Repository/Login/SigninButton' is clicked on

2024-07-23 12:36:04 - [TEST_STEP][PASSED] - click(findTestObject("Object Repository/Login/YesStayInButton")): Object: 'Object Repository/Login/YesStayInButton' is clicked on

2024-07-23 12:36:06 - [MESSAGE][PASSED] - Object: 'Object Repository/Login/YesStayInButton' is clicked on

2024-07-23 12:36:06 - [MESSAGE][PASSED] - Call Test Case 'Test Cases/Login' successfully

2024-07-23 12:36:06 - [TEST_STEP][PASSED] - switchToWindowIndex(1): Switched to window with index: '1'

2024-07-23 12:36:06 - [MESSAGE][PASSED] - Switched to window with index: '1'

2024-07-23 12:36:06 - [TEST_STEP][PASSED] - PMHwaueiTopX.TopX("4G", "Cell", true, "Hourly", true, null): PMHwaueiTopX.TopX is PASSED

2024-07-23 12:36:10 - [MESSAGE][PASSED] - Object: 'Object Repository/PM/PM-Button' is clicked on

2024-07-23 12:36:10 - [MESSAGE][PASSED] - Switched to window with index: '2'

2024-07-23 12:36:22 - [MESSAGE][PASSED] - Object: 'Object Repository/PM/Huawei-vendor/Data-view/TopX' is clicked on

2024-07-23 12:36:22 - [MESSAGE][PASSED] - Object: 'Object Repository/PM/Huawei-vendor/TopX/TopX Object Type' is clicked on

2024-07-23 12:36:23 - [MESSAGE][PASSED] - Delayed 1 second(s)

2024-07-23 12:36:23 - [MESSAGE][PASSED] - Object: 'Object Repository/PM/Huawei-vendor/Object-Type/TopX Object Types/TopX Cells/TopX Cell' is clicked on

2024-07-23 12:36:24 - [MESSAGE][PASSED] - Delayed 1 second(s)

2024-07-23 12:36:24 - [MESSAGE][WARNING] - Timeout '0' is invalid. Using default page load timeout: '60'

2024-07-23 12:36:24 - [MESSAGE][PASSED] - Scroll to object 'Object Repository/PM/Huawei-vendor/Object Border' successfully

2024-07-23 12:36:25 - [MESSAGE][PASSED] - Object: 'Object Repository/PM/Huawei-vendor/Object-Type/TopX Object Types/TopX Sites/TopX East Amman Arrow' is clicked on

2024-07-23 12:36:26 - [MESSAGE][PASSED] - Object: 'Object Repository/PM/Huawei-vendor/Object-Type/TopX Object Types/TopX Cells/TopX East Amman Site1 Arrow' is clicked on

2024-07-23 12:36:28 - [MESSAGE][PASSED] - Delayed 2 second(s)

2024-07-23 12:36:28 - [MESSAGE][PASSED] - Object: 'Object Repository/PM/Huawei-vendor/Object-Type/TopX Object Types/TopX Cells/TopX East Amman Site1 Cell1' is clicked on

2024-07-23 12:36:29 - [MESSAGE][PASSED] - Object: 'Object Repository/PM/Huawei-vendor/Object-Type/TopX Object Types/TopX Sites/TopX East Amman CloseArrow' is clicked on

2024-07-23 12:36:29 - [MESSAGE][PASSED] - Object: 'Object Repository/PM/Huawei-vendor/Object-Type/TopX Object Types/TopX Sites/TopX West Amman Arrow' is clicked on

2024-07-23 12:36:30 - [MESSAGE][PASSED] - Object: 'Object Repository/PM/Huawei-vendor/Object-Type/TopX Object Types/TopX Cells/TopX West Amman Site1 Arrow' is clicked on

2024-07-23 12:36:30 - [MESSAGE][PASSED] - Object: 'Object Repository/PM/Huawei-vendor/Object-Type/TopX Object Types/TopX Cells/TopX West Amman Site1 Cell1' is clicked on

2024-07-23 12:36:31 - [MESSAGE][PASSED] - Object: 'Object Repository/PM/Huawei-vendor/Object-Type/TopX Object Types/TopX Sites/TopX West Amman CloseArrow' is clicked on

2024-07-23 12:36:31 - [MESSAGE][PASSED] - Object: 'Object Repository/PM/Huawei-vendor/Object-Type/TopX Object Types/TopX Sites/TopX South Amman Arrow' is clicked on

2024-07-23 12:36:32 - [MESSAGE][PASSED] - Object: 'Object Repository/PM/Huawei-vendor/Object-Type/TopX Object Types/TopX Cells/TopX South Amman Site1 Arrow' is clicked on

2024-07-23 12:36:33 - [MESSAGE][PASSED] - Object: 'Object Repository/PM/Huawei-vendor/Object-Type/TopX Object Types/TopX Cells/TopX South Amman Site1 Cell1' is clicked on

2024-07-23 12:36:33 - [MESSAGE][PASSED] - Object: 'Object Repository/PM/Huawei-vendor/Object-Type/TopX Object Types/TopX Sites/TopX South Amman CloseArrow' is clicked on

2024-07-23 12:36:33 - [MESSAGE][PASSED] - Object: 'Object Repository/PM/Huawei-vendor/Object-Type/TopX Object Types/TopX Sites/TopX East Jordan Arrow' is clicked on

2024-07-23 12:36:34 - [MESSAGE][PASSED] - Object: 'Object Repository/PM/Huawei-vendor/Object-Type/TopX Object Types/TopX Cells/TopX East Jordan Site1 Arrow' is clicked on

2024-07-23 12:36:35 - [MESSAGE][PASSED] - Object: 'Object Repository/PM/Huawei-vendor/Object-Type/TopX Object Types/TopX Cells/TopX East Jordan Site1 Cell1' is clicked on

2024-07-23 12:36:35 - [MESSAGE][PASSED] - Object: 'Object Repository/PM/Huawei-vendor/Object-Type/TopX Object Types/TopX Sites/TopX East Jordan CloseArrow' is clicked on

2024-07-23 12:36:35 - [MESSAGE][PASSED] - Object: 'Object Repository/PM/Huawei-vendor/Object-Type/TopX Object Types/TopX Sites/TopX North Jordan Arrow' is clicked on

2024-07-23 12:36:37 - [MESSAGE][PASSED] - Object: 'Object Repository/PM/Huawei-vendor/Object-Type/TopX Object Types/TopX Cells/TopX North Jordan Site1 Arrow' is clicked on

2024-07-23 12:36:37 - [MESSAGE][PASSED] - Object: 'Object Repository/PM/Huawei-vendor/Object-Type/TopX Object Types/TopX Cells/TopX North Jordan Site1 Cell1' is clicked on

2024-07-23 12:36:37 - [MESSAGE][PASSED] - Object: 'Object Repository/PM/Huawei-vendor/Object-Type/TopX Object Types/TopX Sites/TopX North Jordan CloseArrow' is clicked on

2024-07-23 12:36:37 - [MESSAGE][PASSED] - Object: 'Object Repository/PM/Huawei-vendor/Object-Type/TopX Object Types/TopX Sites/TopX South Jordan Arrow' is clicked on

2024-07-23 12:36:39 - [MESSAGE][PASSED] - Object: 'Object Repository/PM/Huawei-vendor/Object-Type/TopX Object Types/TopX Cells/TopX South Jordan Site1 Arrow' is clicked on

2024-07-23 12:36:39 - [MESSAGE][PASSED] - Object: 'Object Repository/PM/Huawei-vendor/Object-Type/TopX Object Types/TopX Cells/TopX South Jordan Site1 Cell1' is clicked on

2024-07-23 12:36:39 - [MESSAGE][PASSED] - Object: 'Object Repository/PM/Huawei-vendor/Object-Type/TopX Object Types/TopX Sites/TopX South Jordan CloseArrow' is clicked on

2024-07-23 12:36:39 - [MESSAGE][PASSED] - Object: 'Object Repository/PM/Huawei-vendor/Object-Type/TopX Object Types/TopX Sites/TopX Others Arrow' is clicked on

2024-07-23 12:36:40 - [MESSAGE][PASSED] - Object: 'Object Repository/PM/Huawei-vendor/Object-Type/TopX Object Types/TopX Cells/TopX Others Site1 Arrow' is clicked on

2024-07-23 12:36:40 - [MESSAGE][PASSED] - Object: 'Object Repository/PM/Huawei-vendor/Object-Type/TopX Object Types/TopX Cells/TopX Others Site1 Cell1' is clicked on

2024-07-23 12:36:41 - [MESSAGE][PASSED] - Object: 'Object Repository/PM/Huawei-vendor/Object-Type/TopX Object Types/TopX Sites/TopX Others CloseArrow' is clicked on

2024-07-23 12:36:41 - [MESSAGE][WARNING] - Timeout '0' is invalid. Using default page load timeout: '60'

2024-07-23 12:36:41 - [MESSAGE][PASSED] - Scroll to object 'Object Repository/PM/Huawei-vendor/LowXlabel' successfully

2024-07-23 12:36:41 - [MESSAGE][PASSED] - Object: 'Object Repository/PM/Huawei-vendor/TopX/TopXDate/BeforeDate' is clicked on

2024-07-23 12:36:42 - [MESSAGE][PASSED] - Delayed 1 second(s)

2024-07-23 12:36:42 - [MESSAGE][PASSED] - Object: 'Object Repository/PM/Huawei-vendor/TopX/TopXDate/Choose Month' is clicked on

2024-07-23 12:36:43 - [MESSAGE][PASSED] - Delayed 1 second(s)

2024-07-23 12:36:43 - [MESSAGE][PASSED] - Object: 'Object Repository/PM/Huawei-vendor/TopX/TopXDate/Feb' is clicked on

2024-07-23 12:36:43 - [MESSAGE][PASSED] - Object: 'Object Repository/PM/Huawei-vendor/TopX/TopXDate/Day 1' is clicked on

2024-07-23 12:36:43 - [MESSAGE][PASSED] - Object: 'Object Repository/PM/Huawei-vendor/TopX/TopXDate/Button OK' is clicked on

2024-07-23 12:36:44 - [MESSAGE][PASSED] - Object: 'Object Repository/PM/Huawei-vendor/TopX/TopXDate/After Date' is clicked on

2024-07-23 12:36:45 - [MESSAGE][PASSED] - Delayed 1 second(s)

2024-07-23 12:36:45 - [MESSAGE][PASSED] - Object: 'Object Repository/PM/Huawei-vendor/TopX/TopXDate/Choose Month' is clicked on

2024-07-23 12:36:46 - [MESSAGE][PASSED] - Delayed 1 second(s)

2024-07-23 12:36:46 - [MESSAGE][PASSED] - Object: 'Object Repository/PM/Huawei-vendor/TopX/TopXDate/Feb' is clicked on

2024-07-23 12:36:46 - [MESSAGE][PASSED] - Object: 'Object Repository/PM/Huawei-vendor/TopX/TopXDate/Day 7' is clicked on

2024-07-23 12:36:46 - [MESSAGE][PASSED] - Object: 'Object Repository/PM/Huawei-vendor/TopX/TopXDate/Button OK' is clicked on

2024-07-23 12:36:46 - [MESSAGE][PASSED] - Object: 'Object Repository/PM/Huawei-vendor/LowXCheckBox' is clicked on

2024-07-23 12:36:46 - [MESSAGE][PASSED] - Object: 'Object Repository/PM/Huawei-vendor/Apply-Button' is clicked on

2024-07-23 12:36:46 - [MESSAGE][WARNING] - Timeout '0' is invalid. Using default page load timeout: '60'

2024-07-23 12:36:47 - [MESSAGE][PASSED] - Web element with id: 'Object Repository/PM/Huawei-vendor/Error' located by 'By.xpath: //div[@class='toast-summary title-medium-m']' is not present after '60' second(s)

2024-07-23 12:36:47 - [MESSAGE][WARNING] - Timeout '0' is invalid. Using default page load timeout: '60'

2024-07-23 12:36:47 - [MESSAGE][PASSED] - Object 'Object Repository/PM/Huawei-vendor/Chart' is present

2024-07-23 12:36:47 - [MESSAGE][WARNING] - Timeout '0' is invalid. Using default page load timeout: '60'

2024-07-23 12:36:47 - [MESSAGE][PASSED] - Object 'Object Repository/PM/Huawei-vendor/TopX/TopX Export Chart' is present

2024-07-23 12:36:47 - [MESSAGE][WARNING] - Timeout '0' is invalid. Using default page load timeout: '60'

2024-07-23 12:36:47 - [MESSAGE][PASSED] - Object 'Object Repository/PM/Huawei-vendor/TopX/Table View' is present

2024-07-23 12:36:47 - [MESSAGE][PASSED] - Object: 'Object Repository/PM/Huawei-vendor/TopX/Table View' is clicked on

2024-07-23 12:36:47 - [MESSAGE][PASSED] - Object: 'Object Repository/PM/Huawei-vendor/TopX/Reordering the table view' is clicked on

2024-07-23 12:36:48 - [MESSAGE][PASSED] - Browser is closed

2024-07-23 12:36:48 - [MESSAGE][PASSED] - PMHwaueiTopX.TopX is PASSED]]></system-out>
         <system-err><![CDATA[]]></system-err>
      </testcase>
      <testcase name="Test Cases/PM/Hwauei/TopX/4G TopX/XPLMN/TopX 4G PLMN default" time="65.147" classname="Test Cases/PM/Hwauei/TopX/4G TopX/XPLMN/TopX 4G PLMN default" status="PASSED">
         <system-out><![CDATA[2024-07-23 12:36:48 - [TEST_CASE][PASSED] - Test Cases/PM/Hwauei/TopX/4G TopX/XPLMN/TopX 4G PLMN default: Test Cases/PM/Hwauei/TopX/4G TopX/XPLMN/TopX 4G PLMN default

2024-07-23 12:36:48 - [TEST_STEP][PASSED] - callTestCase(findTestCase("Login"), [:], STOP_ON_FAILURE): Call Test Case 'Test Cases/Login' successfully

2024-07-23 12:36:48 - [TEST_CASE][PASSED] - Test Cases/Login: Test Cases/Login

2024-07-23 12:36:48 - [TEST_STEP][PASSED] - driver = general.start(SwagerURL, NetCellURL): general.start is PASSED

2024-07-23 12:36:48 - [MESSAGE][INFO] - >>> chromeDriverPath=C:\Users\OdaiAbuKhadir\.katalon\packages\Katalon_Studio_Windows_64-8.6.9\Katalon_Studio_Windows_64-8.6.9\configuration\resources\drivers\chromedriver_win32\chromedriver.exe

2024-07-23 12:36:50 - [MESSAGE][PASSED] - Current window maximized

2024-07-23 12:36:51 - [MESSAGE][PASSED] - Execute JavaScript 'window.open();' successfully

2024-07-23 12:36:51 - [MESSAGE][PASSED] - Switched to window with index: '1'

2024-07-23 12:37:05 - [MESSAGE][PASSED] - general.start is PASSED

2024-07-23 12:37:05 - [TEST_STEP][PASSED] - click(findTestObject("Object Repository/Login/LoginButton")): Object: 'Object Repository/Login/LoginButton' is clicked on

2024-07-23 12:37:05 - [MESSAGE][PASSED] - Object: 'Object Repository/Login/LoginButton' is clicked on

2024-07-23 12:37:05 - [TEST_STEP][PASSED] - switchToWindowIndex(2): Switched to window with index: '2'

2024-07-23 12:37:06 - [MESSAGE][PASSED] - Switched to window with index: '2'

2024-07-23 12:37:06 - [TEST_STEP][PASSED] - delay(2): Delayed 2 second(s)

2024-07-23 12:37:08 - [MESSAGE][PASSED] - Delayed 2 second(s)

2024-07-23 12:37:08 - [TEST_STEP][PASSED] - sendKeys(findTestObject("Object Repository/Login/EnterEmail"), "homam@zztjg.onmicrosoft.com"): Keys 'homam@zztjg.onmicrosoft.com' sent to object: 'Object Repository/Login/EnterEmail'

2024-07-23 12:37:10 - [MESSAGE][PASSED] - Keys 'homam@zztjg.onmicrosoft.com' sent to object: 'Object Repository/Login/EnterEmail'

2024-07-23 12:37:10 - [TEST_STEP][PASSED] - delay(2): Delayed 2 second(s)

2024-07-23 12:37:12 - [MESSAGE][PASSED] - Delayed 2 second(s)

2024-07-23 12:37:12 - [TEST_STEP][PASSED] - click(findTestObject("Object Repository/Login/NextButton")): Object: 'Object Repository/Login/NextButton' is clicked on

2024-07-23 12:37:12 - [MESSAGE][PASSED] - Object: 'Object Repository/Login/NextButton' is clicked on

2024-07-23 12:37:12 - [TEST_STEP][PASSED] - delay(4): Delayed 4 second(s)

2024-07-23 12:37:16 - [MESSAGE][PASSED] - Delayed 4 second(s)

2024-07-23 12:37:16 - [TEST_STEP][PASSED] - sendKeys(findTestObject("Object Repository/Login/EnterPassword"), "Holder12345"): Keys 'Holder12345' sent to object: 'Object Repository/Login/EnterPassword'

2024-07-23 12:37:16 - [MESSAGE][PASSED] - Keys 'Holder12345' sent to object: 'Object Repository/Login/EnterPassword'

2024-07-23 12:37:17 - [TEST_STEP][PASSED] - delay(1): Delayed 1 second(s)

2024-07-23 12:37:18 - [MESSAGE][PASSED] - Delayed 1 second(s)

2024-07-23 12:37:18 - [TEST_STEP][PASSED] - click(findTestObject("Object Repository/Login/SigninButton")): Object: 'Object Repository/Login/SigninButton' is clicked on

2024-07-23 12:37:18 - [MESSAGE][PASSED] - Object: 'Object Repository/Login/SigninButton' is clicked on

2024-07-23 12:37:18 - [TEST_STEP][PASSED] - click(findTestObject("Object Repository/Login/YesStayInButton")): Object: 'Object Repository/Login/YesStayInButton' is clicked on

2024-07-23 12:37:19 - [MESSAGE][PASSED] - Object: 'Object Repository/Login/YesStayInButton' is clicked on

2024-07-23 12:37:19 - [MESSAGE][PASSED] - Call Test Case 'Test Cases/Login' successfully

2024-07-23 12:37:19 - [TEST_STEP][PASSED] - switchToWindowIndex(1): Switched to window with index: '1'

2024-07-23 12:37:19 - [MESSAGE][PASSED] - Switched to window with index: '1'

2024-07-23 12:37:19 - [TEST_STEP][PASSED] - PMHwaueiTopX.TopX("4G", "PLMN", false, "Hourly", false, null): PMHwaueiTopX.TopX is PASSED

2024-07-23 12:37:23 - [MESSAGE][PASSED] - Object: 'Object Repository/PM/PM-Button' is clicked on

2024-07-23 12:37:23 - [MESSAGE][PASSED] - Switched to window with index: '2'

2024-07-23 12:37:36 - [MESSAGE][PASSED] - Object: 'Object Repository/PM/Huawei-vendor/Data-view/TopX' is clicked on

2024-07-23 12:37:37 - [MESSAGE][PASSED] - Object: 'Object Repository/PM/Huawei-vendor/TopX/TopX Object Type' is clicked on

2024-07-23 12:37:38 - [MESSAGE][PASSED] - Delayed 1 second(s)

2024-07-23 12:37:38 - [MESSAGE][PASSED] - Object: 'Object Repository/PM/Huawei-vendor/Object-Type/TopX Object Types/TopX PLMNS/TopX PLMN' is clicked on

2024-07-23 12:37:39 - [MESSAGE][PASSED] - Delayed 1 second(s)

2024-07-23 12:37:39 - [MESSAGE][PASSED] - Object: 'Object Repository/PM/Huawei-vendor/Object-Type/TopX Object Types/TopX PLMNS/TopX PLMN checkbox' is clicked on

2024-07-23 12:37:39 - [MESSAGE][WARNING] - Timeout '0' is invalid. Using default page load timeout: '60'

2024-07-23 12:37:39 - [MESSAGE][PASSED] - Scroll to object 'Object Repository/PM/Huawei-vendor/LowXlabel' successfully

2024-07-23 12:37:39 - [MESSAGE][PASSED] - Object: 'Object Repository/PM/Huawei-vendor/TopX/TopXDate/BeforeDate' is clicked on

2024-07-23 12:37:40 - [MESSAGE][PASSED] - Delayed 1 second(s)

2024-07-23 12:37:40 - [MESSAGE][PASSED] - Object: 'Object Repository/PM/Huawei-vendor/TopX/TopXDate/Choose Month' is clicked on

2024-07-23 12:37:41 - [MESSAGE][PASSED] - Delayed 1 second(s)

2024-07-23 12:37:41 - [MESSAGE][PASSED] - Object: 'Object Repository/PM/Huawei-vendor/TopX/TopXDate/Feb' is clicked on

2024-07-23 12:37:41 - [MESSAGE][PASSED] - Object: 'Object Repository/PM/Huawei-vendor/TopX/TopXDate/Day 1' is clicked on

2024-07-23 12:37:41 - [MESSAGE][PASSED] - Object: 'Object Repository/PM/Huawei-vendor/TopX/TopXDate/Button OK' is clicked on

2024-07-23 12:37:42 - [MESSAGE][PASSED] - Object: 'Object Repository/PM/Huawei-vendor/TopX/TopXDate/After Date' is clicked on

2024-07-23 12:37:43 - [MESSAGE][PASSED] - Delayed 1 second(s)

2024-07-23 12:37:43 - [MESSAGE][PASSED] - Object: 'Object Repository/PM/Huawei-vendor/TopX/TopXDate/Choose Month' is clicked on

2024-07-23 12:37:44 - [MESSAGE][PASSED] - Delayed 1 second(s)

2024-07-23 12:37:44 - [MESSAGE][PASSED] - Object: 'Object Repository/PM/Huawei-vendor/TopX/TopXDate/Feb' is clicked on

2024-07-23 12:37:44 - [MESSAGE][PASSED] - Object: 'Object Repository/PM/Huawei-vendor/TopX/TopXDate/Day 7' is clicked on

2024-07-23 12:37:44 - [MESSAGE][PASSED] - Object: 'Object Repository/PM/Huawei-vendor/TopX/TopXDate/Button OK' is clicked on

2024-07-23 12:37:45 - [MESSAGE][PASSED] - Object: 'Object Repository/PM/Huawei-vendor/Apply-Button' is clicked on

2024-07-23 12:37:45 - [MESSAGE][WARNING] - Timeout '0' is invalid. Using default page load timeout: '60'

2024-07-23 12:37:45 - [MESSAGE][PASSED] - Web element with id: 'Object Repository/PM/Huawei-vendor/Error' located by 'By.xpath: //div[@class='toast-summary title-medium-m']' is not present after '60' second(s)

2024-07-23 12:37:45 - [MESSAGE][WARNING] - Timeout '0' is invalid. Using default page load timeout: '60'

2024-07-23 12:37:52 - [MESSAGE][PASSED] - Object 'Object Repository/PM/Huawei-vendor/Chart' is present

2024-07-23 12:37:52 - [MESSAGE][WARNING] - Timeout '0' is invalid. Using default page load timeout: '60'

2024-07-23 12:37:52 - [MESSAGE][PASSED] - Object 'Object Repository/PM/Huawei-vendor/TopX/TopX Export Chart' is present

2024-07-23 12:37:52 - [MESSAGE][WARNING] - Timeout '0' is invalid. Using default page load timeout: '60'

2024-07-23 12:37:52 - [MESSAGE][PASSED] - Object 'Object Repository/PM/Huawei-vendor/TopX/Table View' is present

2024-07-23 12:37:52 - [MESSAGE][PASSED] - Object: 'Object Repository/PM/Huawei-vendor/TopX/Table View' is clicked on

2024-07-23 12:37:53 - [MESSAGE][PASSED] - Object: 'Object Repository/PM/Huawei-vendor/TopX/Reordering the table view' is clicked on

2024-07-23 12:37:53 - [MESSAGE][PASSED] - Browser is closed

2024-07-23 12:37:53 - [MESSAGE][PASSED] - PMHwaueiTopX.TopX is PASSED]]></system-out>
         <system-err><![CDATA[]]></system-err>
      </testcase>
      <testcase name="Test Cases/PM/Hwauei/TopX/4G TopX/XPLMN/TopX 4G PLMN with LowX" time="74.011" classname="Test Cases/PM/Hwauei/TopX/4G TopX/XPLMN/TopX 4G PLMN with LowX" status="PASSED">
         <system-out><![CDATA[2024-07-23 12:37:53 - [TEST_CASE][PASSED] - Test Cases/PM/Hwauei/TopX/4G TopX/XPLMN/TopX 4G PLMN with LowX: Test Cases/PM/Hwauei/TopX/4G TopX/XPLMN/TopX 4G PLMN with LowX

2024-07-23 12:37:53 - [TEST_STEP][PASSED] - callTestCase(findTestCase("Login"), [:], STOP_ON_FAILURE): Call Test Case 'Test Cases/Login' successfully

2024-07-23 12:37:54 - [TEST_CASE][PASSED] - Test Cases/Login: Test Cases/Login

2024-07-23 12:37:54 - [TEST_STEP][PASSED] - driver = general.start(SwagerURL, NetCellURL): general.start is PASSED

2024-07-23 12:37:54 - [MESSAGE][INFO] - >>> chromeDriverPath=C:\Users\OdaiAbuKhadir\.katalon\packages\Katalon_Studio_Windows_64-8.6.9\Katalon_Studio_Windows_64-8.6.9\configuration\resources\drivers\chromedriver_win32\chromedriver.exe

2024-07-23 12:37:55 - [MESSAGE][PASSED] - Current window maximized

2024-07-23 12:37:58 - [MESSAGE][PASSED] - Execute JavaScript 'window.open();' successfully

2024-07-23 12:37:58 - [MESSAGE][PASSED] - Switched to window with index: '1'

2024-07-23 12:38:15 - [MESSAGE][PASSED] - general.start is PASSED

2024-07-23 12:38:15 - [TEST_STEP][PASSED] - click(findTestObject("Object Repository/Login/LoginButton")): Object: 'Object Repository/Login/LoginButton' is clicked on

2024-07-23 12:38:15 - [MESSAGE][PASSED] - Object: 'Object Repository/Login/LoginButton' is clicked on

2024-07-23 12:38:15 - [TEST_STEP][PASSED] - switchToWindowIndex(2): Switched to window with index: '2'

2024-07-23 12:38:16 - [MESSAGE][PASSED] - Switched to window with index: '2'

2024-07-23 12:38:16 - [TEST_STEP][PASSED] - delay(2): Delayed 2 second(s)

2024-07-23 12:38:18 - [MESSAGE][PASSED] - Delayed 2 second(s)

2024-07-23 12:38:18 - [TEST_STEP][PASSED] - sendKeys(findTestObject("Object Repository/Login/EnterEmail"), "homam@zztjg.onmicrosoft.com"): Keys 'homam@zztjg.onmicrosoft.com' sent to object: 'Object Repository/Login/EnterEmail'

2024-07-23 12:38:21 - [MESSAGE][PASSED] - Keys 'homam@zztjg.onmicrosoft.com' sent to object: 'Object Repository/Login/EnterEmail'

2024-07-23 12:38:21 - [TEST_STEP][PASSED] - delay(2): Delayed 2 second(s)

2024-07-23 12:38:23 - [MESSAGE][PASSED] - Delayed 2 second(s)

2024-07-23 12:38:23 - [TEST_STEP][PASSED] - click(findTestObject("Object Repository/Login/NextButton")): Object: 'Object Repository/Login/NextButton' is clicked on

2024-07-23 12:38:23 - [MESSAGE][PASSED] - Object: 'Object Repository/Login/NextButton' is clicked on

2024-07-23 12:38:23 - [TEST_STEP][PASSED] - delay(4): Delayed 4 second(s)

2024-07-23 12:38:27 - [MESSAGE][PASSED] - Delayed 4 second(s)

2024-07-23 12:38:27 - [TEST_STEP][PASSED] - sendKeys(findTestObject("Object Repository/Login/EnterPassword"), "Holder12345"): Keys 'Holder12345' sent to object: 'Object Repository/Login/EnterPassword'

2024-07-23 12:38:27 - [MESSAGE][PASSED] - Keys 'Holder12345' sent to object: 'Object Repository/Login/EnterPassword'

2024-07-23 12:38:27 - [TEST_STEP][PASSED] - delay(1): Delayed 1 second(s)

2024-07-23 12:38:28 - [MESSAGE][PASSED] - Delayed 1 second(s)

2024-07-23 12:38:28 - [TEST_STEP][PASSED] - click(findTestObject("Object Repository/Login/SigninButton")): Object: 'Object Repository/Login/SigninButton' is clicked on

2024-07-23 12:38:30 - [MESSAGE][PASSED] - Object: 'Object Repository/Login/SigninButton' is clicked on

2024-07-23 12:38:30 - [TEST_STEP][PASSED] - click(findTestObject("Object Repository/Login/YesStayInButton")): Object: 'Object Repository/Login/YesStayInButton' is clicked on

2024-07-23 12:38:31 - [MESSAGE][PASSED] - Object: 'Object Repository/Login/YesStayInButton' is clicked on

2024-07-23 12:38:31 - [MESSAGE][PASSED] - Call Test Case 'Test Cases/Login' successfully

2024-07-23 12:38:31 - [TEST_STEP][PASSED] - switchToWindowIndex(1): Switched to window with index: '1'

2024-07-23 12:38:31 - [MESSAGE][PASSED] - Switched to window with index: '1'

2024-07-23 12:38:31 - [TEST_STEP][PASSED] - PMHwaueiTopX.TopX("4G", "PLMN", true, "Hourly", true, null): PMHwaueiTopX.TopX is PASSED

2024-07-23 12:38:36 - [MESSAGE][PASSED] - Object: 'Object Repository/PM/PM-Button' is clicked on

2024-07-23 12:38:36 - [MESSAGE][PASSED] - Switched to window with index: '2'

2024-07-23 12:38:49 - [MESSAGE][PASSED] - Object: 'Object Repository/PM/Huawei-vendor/Data-view/TopX' is clicked on

2024-07-23 12:38:51 - [MESSAGE][PASSED] - Object: 'Object Repository/PM/Huawei-vendor/TopX/TopX Object Type' is clicked on

2024-07-23 12:38:52 - [MESSAGE][PASSED] - Delayed 1 second(s)

2024-07-23 12:38:52 - [MESSAGE][PASSED] - Object: 'Object Repository/PM/Huawei-vendor/Object-Type/TopX Object Types/TopX PLMNS/TopX PLMN' is clicked on

2024-07-23 12:38:53 - [MESSAGE][PASSED] - Delayed 1 second(s)

2024-07-23 12:38:53 - [MESSAGE][PASSED] - Object: 'Object Repository/PM/Huawei-vendor/Object-Type/TopX Object Types/TopX PLMNS/TopX PLMN checkbox' is clicked on

2024-07-23 12:38:53 - [MESSAGE][WARNING] - Timeout '0' is invalid. Using default page load timeout: '60'

2024-07-23 12:38:53 - [MESSAGE][PASSED] - Scroll to object 'Object Repository/PM/Huawei-vendor/LowXlabel' successfully

2024-07-23 12:38:53 - [MESSAGE][PASSED] - Object: 'Object Repository/PM/Huawei-vendor/TopX/TopXDate/BeforeDate' is clicked on

2024-07-23 12:38:54 - [MESSAGE][PASSED] - Delayed 1 second(s)

2024-07-23 12:38:54 - [MESSAGE][PASSED] - Object: 'Object Repository/PM/Huawei-vendor/TopX/TopXDate/Choose Month' is clicked on

2024-07-23 12:38:55 - [MESSAGE][PASSED] - Delayed 1 second(s)

2024-07-23 12:38:55 - [MESSAGE][PASSED] - Object: 'Object Repository/PM/Huawei-vendor/TopX/TopXDate/Feb' is clicked on

2024-07-23 12:38:55 - [MESSAGE][PASSED] - Object: 'Object Repository/PM/Huawei-vendor/TopX/TopXDate/Day 1' is clicked on

2024-07-23 12:38:56 - [MESSAGE][PASSED] - Object: 'Object Repository/PM/Huawei-vendor/TopX/TopXDate/Button OK' is clicked on

2024-07-23 12:38:56 - [MESSAGE][PASSED] - Object: 'Object Repository/PM/Huawei-vendor/TopX/TopXDate/After Date' is clicked on

2024-07-23 12:38:57 - [MESSAGE][PASSED] - Delayed 1 second(s)

2024-07-23 12:38:57 - [MESSAGE][PASSED] - Object: 'Object Repository/PM/Huawei-vendor/TopX/TopXDate/Choose Month' is clicked on

2024-07-23 12:38:58 - [MESSAGE][PASSED] - Delayed 1 second(s)

2024-07-23 12:38:58 - [MESSAGE][PASSED] - Object: 'Object Repository/PM/Huawei-vendor/TopX/TopXDate/Feb' is clicked on

2024-07-23 12:38:58 - [MESSAGE][PASSED] - Object: 'Object Repository/PM/Huawei-vendor/TopX/TopXDate/Day 7' is clicked on

2024-07-23 12:38:58 - [MESSAGE][PASSED] - Object: 'Object Repository/PM/Huawei-vendor/TopX/TopXDate/Button OK' is clicked on

2024-07-23 12:38:59 - [MESSAGE][PASSED] - Object: 'Object Repository/PM/Huawei-vendor/LowXCheckBox' is clicked on

2024-07-23 12:38:59 - [MESSAGE][PASSED] - Object: 'Object Repository/PM/Huawei-vendor/Apply-Button' is clicked on

2024-07-23 12:38:59 - [MESSAGE][WARNING] - Timeout '0' is invalid. Using default page load timeout: '60'

2024-07-23 12:38:59 - [MESSAGE][PASSED] - Web element with id: 'Object Repository/PM/Huawei-vendor/Error' located by 'By.xpath: //div[@class='toast-summary title-medium-m']' is not present after '60' second(s)

2024-07-23 12:38:59 - [MESSAGE][WARNING] - Timeout '0' is invalid. Using default page load timeout: '60'

2024-07-23 12:39:06 - [MESSAGE][PASSED] - Object 'Object Repository/PM/Huawei-vendor/Chart' is present

2024-07-23 12:39:06 - [MESSAGE][WARNING] - Timeout '0' is invalid. Using default page load timeout: '60'

2024-07-23 12:39:06 - [MESSAGE][PASSED] - Object 'Object Repository/PM/Huawei-vendor/TopX/TopX Export Chart' is present

2024-07-23 12:39:06 - [MESSAGE][WARNING] - Timeout '0' is invalid. Using default page load timeout: '60'

2024-07-23 12:39:06 - [MESSAGE][PASSED] - Object 'Object Repository/PM/Huawei-vendor/TopX/Table View' is present

2024-07-23 12:39:06 - [MESSAGE][PASSED] - Object: 'Object Repository/PM/Huawei-vendor/TopX/Table View' is clicked on

2024-07-23 12:39:07 - [MESSAGE][PASSED] - Object: 'Object Repository/PM/Huawei-vendor/TopX/Reordering the table view' is clicked on

2024-07-23 12:39:07 - [MESSAGE][PASSED] - Browser is closed

2024-07-23 12:39:07 - [MESSAGE][PASSED] - PMHwaueiTopX.TopX is PASSED]]></system-out>
         <system-err><![CDATA[]]></system-err>
      </testcase>
      <testcase name="Test Cases/PM/Hwauei/TopX/4G TopX/XReagion/TopX 4G Region default" time="45.97" classname="Test Cases/PM/Hwauei/TopX/4G TopX/XReagion/TopX 4G Region default" status="PASSED">
         <system-out><![CDATA[2024-07-23 12:39:07 - [TEST_CASE][PASSED] - Test Cases/PM/Hwauei/TopX/4G TopX/XReagion/TopX 4G Region default: Test Cases/PM/Hwauei/TopX/4G TopX/XReagion/TopX 4G Region default

2024-07-23 12:39:08 - [TEST_STEP][PASSED] - callTestCase(findTestCase("Login"), [:], STOP_ON_FAILURE): Call Test Case 'Test Cases/Login' successfully

2024-07-23 12:39:08 - [TEST_CASE][PASSED] - Test Cases/Login: Test Cases/Login

2024-07-23 12:39:08 - [TEST_STEP][PASSED] - driver = general.start(SwagerURL, NetCellURL): general.start is PASSED

2024-07-23 12:39:08 - [MESSAGE][INFO] - >>> chromeDriverPath=C:\Users\OdaiAbuKhadir\.katalon\packages\Katalon_Studio_Windows_64-8.6.9\Katalon_Studio_Windows_64-8.6.9\configuration\resources\drivers\chromedriver_win32\chromedriver.exe

2024-07-23 12:39:09 - [MESSAGE][PASSED] - Current window maximized

2024-07-23 12:39:10 - [MESSAGE][PASSED] - Execute JavaScript 'window.open();' successfully

2024-07-23 12:39:10 - [MESSAGE][PASSED] - Switched to window with index: '1'

2024-07-23 12:39:23 - [MESSAGE][PASSED] - general.start is PASSED

2024-07-23 12:39:23 - [TEST_STEP][PASSED] - click(findTestObject("Object Repository/Login/LoginButton")): Object: 'Object Repository/Login/LoginButton' is clicked on

2024-07-23 12:39:23 - [MESSAGE][PASSED] - Object: 'Object Repository/Login/LoginButton' is clicked on

2024-07-23 12:39:23 - [TEST_STEP][PASSED] - switchToWindowIndex(2): Switched to window with index: '2'

2024-07-23 12:39:24 - [MESSAGE][PASSED] - Switched to window with index: '2'

2024-07-23 12:39:24 - [TEST_STEP][PASSED] - delay(2): Delayed 2 second(s)

2024-07-23 12:39:26 - [MESSAGE][PASSED] - Delayed 2 second(s)

2024-07-23 12:39:26 - [TEST_STEP][PASSED] - sendKeys(findTestObject("Object Repository/Login/EnterEmail"), "homam@zztjg.onmicrosoft.com"): Keys 'homam@zztjg.onmicrosoft.com' sent to object: 'Object Repository/Login/EnterEmail'

2024-07-23 12:39:26 - [MESSAGE][PASSED] - Keys 'homam@zztjg.onmicrosoft.com' sent to object: 'Object Repository/Login/EnterEmail'

2024-07-23 12:39:26 - [TEST_STEP][PASSED] - delay(2): Delayed 2 second(s)

2024-07-23 12:39:28 - [MESSAGE][PASSED] - Delayed 2 second(s)

2024-07-23 12:39:28 - [TEST_STEP][PASSED] - click(findTestObject("Object Repository/Login/NextButton")): Object: 'Object Repository/Login/NextButton' is clicked on

2024-07-23 12:39:28 - [MESSAGE][PASSED] - Object: 'Object Repository/Login/NextButton' is clicked on

2024-07-23 12:39:28 - [TEST_STEP][PASSED] - delay(4): Delayed 4 second(s)

2024-07-23 12:39:32 - [MESSAGE][PASSED] - Delayed 4 second(s)

2024-07-23 12:39:32 - [TEST_STEP][PASSED] - sendKeys(findTestObject("Object Repository/Login/EnterPassword"), "Holder12345"): Keys 'Holder12345' sent to object: 'Object Repository/Login/EnterPassword'

2024-07-23 12:39:32 - [MESSAGE][PASSED] - Keys 'Holder12345' sent to object: 'Object Repository/Login/EnterPassword'

2024-07-23 12:39:32 - [TEST_STEP][PASSED] - delay(1): Delayed 1 second(s)

2024-07-23 12:39:33 - [MESSAGE][PASSED] - Delayed 1 second(s)

2024-07-23 12:39:33 - [TEST_STEP][PASSED] - click(findTestObject("Object Repository/Login/SigninButton")): Object: 'Object Repository/Login/SigninButton' is clicked on

2024-07-23 12:39:35 - [MESSAGE][PASSED] - Object: 'Object Repository/Login/SigninButton' is clicked on

2024-07-23 12:39:35 - [TEST_STEP][PASSED] - click(findTestObject("Object Repository/Login/YesStayInButton")): Object: 'Object Repository/Login/YesStayInButton' is clicked on

2024-07-23 12:39:37 - [MESSAGE][PASSED] - Object: 'Object Repository/Login/YesStayInButton' is clicked on

2024-07-23 12:39:37 - [MESSAGE][PASSED] - Call Test Case 'Test Cases/Login' successfully

2024-07-23 12:39:37 - [TEST_STEP][PASSED] - switchToWindowIndex(1): Switched to window with index: '1'

2024-07-23 12:39:37 - [MESSAGE][PASSED] - Switched to window with index: '1'

2024-07-23 12:39:37 - [TEST_STEP][PASSED] - PMHwaueiTopX.TopX("4G", "Region", false, "Hourly", false, null): PMHwaueiTopX.TopX is PASSED

2024-07-23 12:39:38 - [MESSAGE][PASSED] - Object: 'Object Repository/PM/PM-Button' is clicked on

2024-07-23 12:39:38 - [MESSAGE][PASSED] - Switched to window with index: '2'

2024-07-23 12:39:39 - [MESSAGE][PASSED] - Object: 'Object Repository/PM/Huawei-vendor/Data-view/TopX' is clicked on

2024-07-23 12:39:39 - [MESSAGE][PASSED] - Object: 'Object Repository/PM/Huawei-vendor/TopX/TopX Object Type' is clicked on

2024-07-23 12:39:40 - [MESSAGE][PASSED] - Delayed 1 second(s)

2024-07-23 12:39:40 - [MESSAGE][PASSED] - Object: 'Object Repository/PM/Huawei-vendor/Object-Type/TopX Object Types/TopX Regions/TopX Region' is clicked on

2024-07-23 12:39:41 - [MESSAGE][PASSED] - Delayed 1 second(s)

2024-07-23 12:39:41 - [MESSAGE][WARNING] - Timeout '0' is invalid. Using default page load timeout: '60'

2024-07-23 12:39:41 - [MESSAGE][PASSED] - Scroll to object 'Object Repository/PM/Huawei-vendor/Object Border' successfully

2024-07-23 12:39:41 - [MESSAGE][PASSED] - Object: 'Object Repository/PM/Huawei-vendor/Object-Type/TopX Object Types/TopX Regions/TopX Region East Amman' is clicked on

2024-07-23 12:39:41 - [MESSAGE][PASSED] - Object: 'Object Repository/PM/Huawei-vendor/Object-Type/TopX Object Types/TopX Regions/TopX Region West Amman' is clicked on

2024-07-23 12:39:42 - [MESSAGE][PASSED] - Object: 'Object Repository/PM/Huawei-vendor/Object-Type/TopX Object Types/TopX Regions/TopX Region South Jordan' is clicked on

2024-07-23 12:39:42 - [MESSAGE][PASSED] - Object: 'Object Repository/PM/Huawei-vendor/Object-Type/TopX Object Types/TopX Regions/TopX Region North Jordan' is clicked on

2024-07-23 12:39:42 - [MESSAGE][WARNING] - Timeout '0' is invalid. Using default page load timeout: '60'

2024-07-23 12:39:42 - [MESSAGE][PASSED] - Scroll to object 'Object Repository/PM/Huawei-vendor/LowXlabel' successfully

2024-07-23 12:39:42 - [MESSAGE][PASSED] - Object: 'Object Repository/PM/Huawei-vendor/TopX/TopXDate/BeforeDate' is clicked on

2024-07-23 12:39:43 - [MESSAGE][PASSED] - Delayed 1 second(s)

2024-07-23 12:39:43 - [MESSAGE][PASSED] - Object: 'Object Repository/PM/Huawei-vendor/TopX/TopXDate/Choose Month' is clicked on

2024-07-23 12:39:44 - [MESSAGE][PASSED] - Delayed 1 second(s)

2024-07-23 12:39:44 - [MESSAGE][PASSED] - Object: 'Object Repository/PM/Huawei-vendor/TopX/TopXDate/Feb' is clicked on

2024-07-23 12:39:44 - [MESSAGE][PASSED] - Object: 'Object Repository/PM/Huawei-vendor/TopX/TopXDate/Day 1' is clicked on

2024-07-23 12:39:44 - [MESSAGE][PASSED] - Object: 'Object Repository/PM/Huawei-vendor/TopX/TopXDate/Button OK' is clicked on

2024-07-23 12:39:45 - [MESSAGE][PASSED] - Object: 'Object Repository/PM/Huawei-vendor/TopX/TopXDate/After Date' is clicked on

2024-07-23 12:39:46 - [MESSAGE][PASSED] - Delayed 1 second(s)

2024-07-23 12:39:46 - [MESSAGE][PASSED] - Object: 'Object Repository/PM/Huawei-vendor/TopX/TopXDate/Choose Month' is clicked on

2024-07-23 12:39:47 - [MESSAGE][PASSED] - Delayed 1 second(s)

2024-07-23 12:39:47 - [MESSAGE][PASSED] - Object: 'Object Repository/PM/Huawei-vendor/TopX/TopXDate/Feb' is clicked on

2024-07-23 12:39:47 - [MESSAGE][PASSED] - Object: 'Object Repository/PM/Huawei-vendor/TopX/TopXDate/Day 7' is clicked on

2024-07-23 12:39:47 - [MESSAGE][PASSED] - Object: 'Object Repository/PM/Huawei-vendor/TopX/TopXDate/Button OK' is clicked on

2024-07-23 12:39:47 - [MESSAGE][PASSED] - Object: 'Object Repository/PM/Huawei-vendor/Apply-Button' is clicked on

2024-07-23 12:39:47 - [MESSAGE][WARNING] - Timeout '0' is invalid. Using default page load timeout: '60'

2024-07-23 12:39:47 - [MESSAGE][PASSED] - Web element with id: 'Object Repository/PM/Huawei-vendor/Error' located by 'By.xpath: //div[@class='toast-summary title-medium-m']' is not present after '60' second(s)

2024-07-23 12:39:47 - [MESSAGE][WARNING] - Timeout '0' is invalid. Using default page load timeout: '60'

2024-07-23 12:39:52 - [MESSAGE][PASSED] - Object 'Object Repository/PM/Huawei-vendor/Chart' is present

2024-07-23 12:39:52 - [MESSAGE][WARNING] - Timeout '0' is invalid. Using default page load timeout: '60'

2024-07-23 12:39:52 - [MESSAGE][PASSED] - Object 'Object Repository/PM/Huawei-vendor/TopX/TopX Export Chart' is present

2024-07-23 12:39:52 - [MESSAGE][WARNING] - Timeout '0' is invalid. Using default page load timeout: '60'

2024-07-23 12:39:52 - [MESSAGE][PASSED] - Object 'Object Repository/PM/Huawei-vendor/TopX/Table View' is present

2024-07-23 12:39:52 - [MESSAGE][PASSED] - Object: 'Object Repository/PM/Huawei-vendor/TopX/Table View' is clicked on

2024-07-23 12:39:53 - [MESSAGE][PASSED] - Object: 'Object Repository/PM/Huawei-vendor/TopX/Reordering the table view' is clicked on

2024-07-23 12:39:53 - [MESSAGE][PASSED] - Browser is closed

2024-07-23 12:39:53 - [MESSAGE][PASSED] - PMHwaueiTopX.TopX is PASSED]]></system-out>
         <system-err><![CDATA[]]></system-err>
      </testcase>
      <testcase name="Test Cases/PM/Hwauei/TopX/4G TopX/XReagion/TopX 4G Region with LowX" time="46.098" classname="Test Cases/PM/Hwauei/TopX/4G TopX/XReagion/TopX 4G Region with LowX" status="PASSED">
         <system-out><![CDATA[2024-07-23 12:39:53 - [TEST_CASE][PASSED] - Test Cases/PM/Hwauei/TopX/4G TopX/XReagion/TopX 4G Region with LowX: Test Cases/PM/Hwauei/TopX/4G TopX/XReagion/TopX 4G Region with LowX

2024-07-23 12:39:53 - [TEST_STEP][PASSED] - callTestCase(findTestCase("Login"), [:], STOP_ON_FAILURE): Call Test Case 'Test Cases/Login' successfully

2024-07-23 12:39:54 - [TEST_CASE][PASSED] - Test Cases/Login: Test Cases/Login

2024-07-23 12:39:54 - [TEST_STEP][PASSED] - driver = general.start(SwagerURL, NetCellURL): general.start is PASSED

2024-07-23 12:39:54 - [MESSAGE][INFO] - >>> chromeDriverPath=C:\Users\OdaiAbuKhadir\.katalon\packages\Katalon_Studio_Windows_64-8.6.9\Katalon_Studio_Windows_64-8.6.9\configuration\resources\drivers\chromedriver_win32\chromedriver.exe

2024-07-23 12:39:55 - [MESSAGE][PASSED] - Current window maximized

2024-07-23 12:39:56 - [MESSAGE][PASSED] - Execute JavaScript 'window.open();' successfully

2024-07-23 12:39:56 - [MESSAGE][PASSED] - Switched to window with index: '1'

2024-07-23 12:40:09 - [MESSAGE][PASSED] - general.start is PASSED

2024-07-23 12:40:09 - [TEST_STEP][PASSED] - click(findTestObject("Object Repository/Login/LoginButton")): Object: 'Object Repository/Login/LoginButton' is clicked on

2024-07-23 12:40:09 - [MESSAGE][PASSED] - Object: 'Object Repository/Login/LoginButton' is clicked on

2024-07-23 12:40:09 - [TEST_STEP][PASSED] - switchToWindowIndex(2): Switched to window with index: '2'

2024-07-23 12:40:09 - [MESSAGE][PASSED] - Switched to window with index: '2'

2024-07-23 12:40:09 - [TEST_STEP][PASSED] - delay(2): Delayed 2 second(s)

2024-07-23 12:40:11 - [MESSAGE][PASSED] - Delayed 2 second(s)

2024-07-23 12:40:11 - [TEST_STEP][PASSED] - sendKeys(findTestObject("Object Repository/Login/EnterEmail"), "homam@zztjg.onmicrosoft.com"): Keys 'homam@zztjg.onmicrosoft.com' sent to object: 'Object Repository/Login/EnterEmail'

2024-07-23 12:40:12 - [MESSAGE][PASSED] - Keys 'homam@zztjg.onmicrosoft.com' sent to object: 'Object Repository/Login/EnterEmail'

2024-07-23 12:40:12 - [TEST_STEP][PASSED] - delay(2): Delayed 2 second(s)

2024-07-23 12:40:14 - [MESSAGE][PASSED] - Delayed 2 second(s)

2024-07-23 12:40:14 - [TEST_STEP][PASSED] - click(findTestObject("Object Repository/Login/NextButton")): Object: 'Object Repository/Login/NextButton' is clicked on

2024-07-23 12:40:14 - [MESSAGE][PASSED] - Object: 'Object Repository/Login/NextButton' is clicked on

2024-07-23 12:40:14 - [TEST_STEP][PASSED] - delay(4): Delayed 4 second(s)

2024-07-23 12:40:19 - [MESSAGE][PASSED] - Delayed 4 second(s)

2024-07-23 12:40:19 - [TEST_STEP][PASSED] - sendKeys(findTestObject("Object Repository/Login/EnterPassword"), "Holder12345"): Keys 'Holder12345' sent to object: 'Object Repository/Login/EnterPassword'

2024-07-23 12:40:19 - [MESSAGE][PASSED] - Keys 'Holder12345' sent to object: 'Object Repository/Login/EnterPassword'

2024-07-23 12:40:19 - [TEST_STEP][PASSED] - delay(1): Delayed 1 second(s)

2024-07-23 12:40:20 - [MESSAGE][PASSED] - Delayed 1 second(s)

2024-07-23 12:40:20 - [TEST_STEP][PASSED] - click(findTestObject("Object Repository/Login/SigninButton")): Object: 'Object Repository/Login/SigninButton' is clicked on

2024-07-23 12:40:20 - [MESSAGE][PASSED] - Object: 'Object Repository/Login/SigninButton' is clicked on

2024-07-23 12:40:20 - [TEST_STEP][PASSED] - click(findTestObject("Object Repository/Login/YesStayInButton")): Object: 'Object Repository/Login/YesStayInButton' is clicked on

2024-07-23 12:40:21 - [MESSAGE][PASSED] - Object: 'Object Repository/Login/YesStayInButton' is clicked on

2024-07-23 12:40:21 - [MESSAGE][PASSED] - Call Test Case 'Test Cases/Login' successfully

2024-07-23 12:40:21 - [TEST_STEP][PASSED] - switchToWindowIndex(1): Switched to window with index: '1'

2024-07-23 12:40:21 - [MESSAGE][PASSED] - Switched to window with index: '1'

2024-07-23 12:40:21 - [TEST_STEP][PASSED] - PMHwaueiTopX.TopX("4G", "Region", true, "Hourly", true, null): PMHwaueiTopX.TopX is PASSED

2024-07-23 12:40:22 - [MESSAGE][PASSED] - Object: 'Object Repository/PM/PM-Button' is clicked on

2024-07-23 12:40:22 - [MESSAGE][PASSED] - Switched to window with index: '2'

2024-07-23 12:40:23 - [MESSAGE][PASSED] - Object: 'Object Repository/PM/Huawei-vendor/Data-view/TopX' is clicked on

2024-07-23 12:40:23 - [MESSAGE][PASSED] - Object: 'Object Repository/PM/Huawei-vendor/TopX/TopX Object Type' is clicked on

2024-07-23 12:40:24 - [MESSAGE][PASSED] - Delayed 1 second(s)

2024-07-23 12:40:24 - [MESSAGE][PASSED] - Object: 'Object Repository/PM/Huawei-vendor/Object-Type/TopX Object Types/TopX Regions/TopX Region' is clicked on

2024-07-23 12:40:25 - [MESSAGE][PASSED] - Delayed 1 second(s)

2024-07-23 12:40:25 - [MESSAGE][WARNING] - Timeout '0' is invalid. Using default page load timeout: '60'

2024-07-23 12:40:25 - [MESSAGE][PASSED] - Scroll to object 'Object Repository/PM/Huawei-vendor/Object Border' successfully

2024-07-23 12:40:25 - [MESSAGE][PASSED] - Object: 'Object Repository/PM/Huawei-vendor/Object-Type/TopX Object Types/TopX Regions/TopX Region East Amman' is clicked on

2024-07-23 12:40:25 - [MESSAGE][PASSED] - Object: 'Object Repository/PM/Huawei-vendor/Object-Type/TopX Object Types/TopX Regions/TopX Region West Amman' is clicked on

2024-07-23 12:40:25 - [MESSAGE][PASSED] - Object: 'Object Repository/PM/Huawei-vendor/Object-Type/TopX Object Types/TopX Regions/TopX Region South Jordan' is clicked on

2024-07-23 12:40:25 - [MESSAGE][PASSED] - Object: 'Object Repository/PM/Huawei-vendor/Object-Type/TopX Object Types/TopX Regions/TopX Region North Jordan' is clicked on

2024-07-23 12:40:26 - [MESSAGE][PASSED] - Object: 'Object Repository/PM/Huawei-vendor/Object-Type/TopX Object Types/TopX Regions/TopX Region East Jordan' is clicked on

2024-07-23 12:40:26 - [MESSAGE][PASSED] - Object: 'Object Repository/PM/Huawei-vendor/Object-Type/TopX Object Types/TopX Regions/TopX Region Others' is clicked on

2024-07-23 12:40:26 - [MESSAGE][PASSED] - Object: 'Object Repository/PM/Huawei-vendor/Object-Type/TopX Object Types/TopX Regions/TopX Region South Amman' is clicked on

2024-07-23 12:40:26 - [MESSAGE][WARNING] - Timeout '0' is invalid. Using default page load timeout: '60'

2024-07-23 12:40:26 - [MESSAGE][PASSED] - Scroll to object 'Object Repository/PM/Huawei-vendor/LowXlabel' successfully

2024-07-23 12:40:26 - [MESSAGE][PASSED] - Object: 'Object Repository/PM/Huawei-vendor/TopX/TopXDate/BeforeDate' is clicked on

2024-07-23 12:40:27 - [MESSAGE][PASSED] - Delayed 1 second(s)

2024-07-23 12:40:27 - [MESSAGE][PASSED] - Object: 'Object Repository/PM/Huawei-vendor/TopX/TopXDate/Choose Month' is clicked on

2024-07-23 12:40:28 - [MESSAGE][PASSED] - Delayed 1 second(s)

2024-07-23 12:40:28 - [MESSAGE][PASSED] - Object: 'Object Repository/PM/Huawei-vendor/TopX/TopXDate/Feb' is clicked on

2024-07-23 12:40:28 - [MESSAGE][PASSED] - Object: 'Object Repository/PM/Huawei-vendor/TopX/TopXDate/Day 1' is clicked on

2024-07-23 12:40:28 - [MESSAGE][PASSED] - Object: 'Object Repository/PM/Huawei-vendor/TopX/TopXDate/Button OK' is clicked on

2024-07-23 12:40:29 - [MESSAGE][PASSED] - Object: 'Object Repository/PM/Huawei-vendor/TopX/TopXDate/After Date' is clicked on

2024-07-23 12:40:30 - [MESSAGE][PASSED] - Delayed 1 second(s)

2024-07-23 12:40:30 - [MESSAGE][PASSED] - Object: 'Object Repository/PM/Huawei-vendor/TopX/TopXDate/Choose Month' is clicked on

2024-07-23 12:40:31 - [MESSAGE][PASSED] - Delayed 1 second(s)

2024-07-23 12:40:31 - [MESSAGE][PASSED] - Object: 'Object Repository/PM/Huawei-vendor/TopX/TopXDate/Feb' is clicked on

2024-07-23 12:40:31 - [MESSAGE][PASSED] - Object: 'Object Repository/PM/Huawei-vendor/TopX/TopXDate/Day 7' is clicked on

2024-07-23 12:40:31 - [MESSAGE][PASSED] - Object: 'Object Repository/PM/Huawei-vendor/TopX/TopXDate/Button OK' is clicked on

2024-07-23 12:40:32 - [MESSAGE][PASSED] - Object: 'Object Repository/PM/Huawei-vendor/LowXCheckBox' is clicked on

2024-07-23 12:40:32 - [MESSAGE][PASSED] - Object: 'Object Repository/PM/Huawei-vendor/Apply-Button' is clicked on

2024-07-23 12:40:32 - [MESSAGE][WARNING] - Timeout '0' is invalid. Using default page load timeout: '60'

2024-07-23 12:40:32 - [MESSAGE][PASSED] - Web element with id: 'Object Repository/PM/Huawei-vendor/Error' located by 'By.xpath: //div[@class='toast-summary title-medium-m']' is not present after '60' second(s)

2024-07-23 12:40:32 - [MESSAGE][WARNING] - Timeout '0' is invalid. Using default page load timeout: '60'

2024-07-23 12:40:38 - [MESSAGE][PASSED] - Object 'Object Repository/PM/Huawei-vendor/Chart' is present

2024-07-23 12:40:38 - [MESSAGE][WARNING] - Timeout '0' is invalid. Using default page load timeout: '60'

2024-07-23 12:40:38 - [MESSAGE][PASSED] - Object 'Object Repository/PM/Huawei-vendor/TopX/TopX Export Chart' is present

2024-07-23 12:40:38 - [MESSAGE][WARNING] - Timeout '0' is invalid. Using default page load timeout: '60'

2024-07-23 12:40:38 - [MESSAGE][PASSED] - Object 'Object Repository/PM/Huawei-vendor/TopX/Table View' is present

2024-07-23 12:40:39 - [MESSAGE][PASSED] - Object: 'Object Repository/PM/Huawei-vendor/TopX/Table View' is clicked on

2024-07-23 12:40:39 - [MESSAGE][PASSED] - Object: 'Object Repository/PM/Huawei-vendor/TopX/Reordering the table view' is clicked on

2024-07-23 12:40:39 - [MESSAGE][PASSED] - Browser is closed

2024-07-23 12:40:39 - [MESSAGE][PASSED] - PMHwaueiTopX.TopX is PASSED]]></system-out>
         <system-err><![CDATA[]]></system-err>
      </testcase>
      <testcase name="Test Cases/PM/Hwauei/TopX/4G TopX/XRegion Band/TopX 4G Region Band default" time="57.818" classname="Test Cases/PM/Hwauei/TopX/4G TopX/XRegion Band/TopX 4G Region Band default" status="PASSED">
         <system-out><![CDATA[2024-07-23 12:40:39 - [TEST_CASE][PASSED] - Test Cases/PM/Hwauei/TopX/4G TopX/XRegion Band/TopX 4G Region Band default: Test Cases/PM/Hwauei/TopX/4G TopX/XRegion Band/TopX 4G Region Band default

2024-07-23 12:40:40 - [TEST_STEP][PASSED] - callTestCase(findTestCase("Login"), [:], STOP_ON_FAILURE): Call Test Case 'Test Cases/Login' successfully

2024-07-23 12:40:40 - [TEST_CASE][PASSED] - Test Cases/Login: Test Cases/Login

2024-07-23 12:40:40 - [TEST_STEP][PASSED] - driver = general.start(SwagerURL, NetCellURL): general.start is PASSED

2024-07-23 12:40:40 - [MESSAGE][INFO] - >>> chromeDriverPath=C:\Users\OdaiAbuKhadir\.katalon\packages\Katalon_Studio_Windows_64-8.6.9\Katalon_Studio_Windows_64-8.6.9\configuration\resources\drivers\chromedriver_win32\chromedriver.exe

2024-07-23 12:40:41 - [MESSAGE][PASSED] - Current window maximized

2024-07-23 12:40:42 - [MESSAGE][PASSED] - Execute JavaScript 'window.open();' successfully

2024-07-23 12:40:42 - [MESSAGE][PASSED] - Switched to window with index: '1'

2024-07-23 12:40:54 - [MESSAGE][PASSED] - general.start is PASSED

2024-07-23 12:40:54 - [TEST_STEP][PASSED] - click(findTestObject("Object Repository/Login/LoginButton")): Object: 'Object Repository/Login/LoginButton' is clicked on

2024-07-23 12:40:54 - [MESSAGE][PASSED] - Object: 'Object Repository/Login/LoginButton' is clicked on

2024-07-23 12:40:54 - [TEST_STEP][PASSED] - switchToWindowIndex(2): Switched to window with index: '2'

2024-07-23 12:40:55 - [MESSAGE][PASSED] - Switched to window with index: '2'

2024-07-23 12:40:55 - [TEST_STEP][PASSED] - delay(2): Delayed 2 second(s)

2024-07-23 12:40:57 - [MESSAGE][PASSED] - Delayed 2 second(s)

2024-07-23 12:40:57 - [TEST_STEP][PASSED] - sendKeys(findTestObject("Object Repository/Login/EnterEmail"), "homam@zztjg.onmicrosoft.com"): Keys 'homam@zztjg.onmicrosoft.com' sent to object: 'Object Repository/Login/EnterEmail'

2024-07-23 12:40:57 - [MESSAGE][PASSED] - Keys 'homam@zztjg.onmicrosoft.com' sent to object: 'Object Repository/Login/EnterEmail'

2024-07-23 12:40:57 - [TEST_STEP][PASSED] - delay(2): Delayed 2 second(s)

2024-07-23 12:40:59 - [MESSAGE][PASSED] - Delayed 2 second(s)

2024-07-23 12:40:59 - [TEST_STEP][PASSED] - click(findTestObject("Object Repository/Login/NextButton")): Object: 'Object Repository/Login/NextButton' is clicked on

2024-07-23 12:40:59 - [MESSAGE][PASSED] - Object: 'Object Repository/Login/NextButton' is clicked on

2024-07-23 12:40:59 - [TEST_STEP][PASSED] - delay(4): Delayed 4 second(s)

2024-07-23 12:41:03 - [MESSAGE][PASSED] - Delayed 4 second(s)

2024-07-23 12:41:03 - [TEST_STEP][PASSED] - sendKeys(findTestObject("Object Repository/Login/EnterPassword"), "Holder12345"): Keys 'Holder12345' sent to object: 'Object Repository/Login/EnterPassword'

2024-07-23 12:41:04 - [MESSAGE][PASSED] - Keys 'Holder12345' sent to object: 'Object Repository/Login/EnterPassword'

2024-07-23 12:41:04 - [TEST_STEP][PASSED] - delay(1): Delayed 1 second(s)

2024-07-23 12:41:05 - [MESSAGE][PASSED] - Delayed 1 second(s)

2024-07-23 12:41:05 - [TEST_STEP][PASSED] - click(findTestObject("Object Repository/Login/SigninButton")): Object: 'Object Repository/Login/SigninButton' is clicked on

2024-07-23 12:41:05 - [MESSAGE][PASSED] - Object: 'Object Repository/Login/SigninButton' is clicked on

2024-07-23 12:41:05 - [TEST_STEP][PASSED] - click(findTestObject("Object Repository/Login/YesStayInButton")): Object: 'Object Repository/Login/YesStayInButton' is clicked on

2024-07-23 12:41:07 - [MESSAGE][PASSED] - Object: 'Object Repository/Login/YesStayInButton' is clicked on

2024-07-23 12:41:07 - [MESSAGE][PASSED] - Call Test Case 'Test Cases/Login' successfully

2024-07-23 12:41:07 - [TEST_STEP][PASSED] - switchToWindowIndex(1): Switched to window with index: '1'

2024-07-23 12:41:07 - [MESSAGE][PASSED] - Switched to window with index: '1'

2024-07-23 12:41:07 - [TEST_STEP][PASSED] - PMHwaueiTopX.TopX("4G", "Region Band", false, "Hourly", false, null): PMHwaueiTopX.TopX is PASSED

2024-07-23 12:41:10 - [MESSAGE][PASSED] - Object: 'Object Repository/PM/PM-Button' is clicked on

2024-07-23 12:41:10 - [MESSAGE][PASSED] - Switched to window with index: '2'

2024-07-23 12:41:21 - [MESSAGE][PASSED] - Object: 'Object Repository/PM/Huawei-vendor/Data-view/TopX' is clicked on

2024-07-23 12:41:21 - [MESSAGE][PASSED] - Object: 'Object Repository/PM/Huawei-vendor/TopX/TopX Object Type' is clicked on

2024-07-23 12:41:22 - [MESSAGE][PASSED] - Delayed 1 second(s)

2024-07-23 12:41:23 - [MESSAGE][PASSED] - Object: 'Object Repository/PM/Huawei-vendor/Object-Type/TopX Object Types/TopX Region Bands/TopX Reagion Band' is clicked on

2024-07-23 12:41:24 - [MESSAGE][PASSED] - Delayed 1 second(s)

2024-07-23 12:41:24 - [MESSAGE][WARNING] - Timeout '0' is invalid. Using default page load timeout: '60'

2024-07-23 12:41:24 - [MESSAGE][PASSED] - Scroll to object 'Object Repository/PM/Huawei-vendor/Object Border' successfully

2024-07-23 12:41:24 - [MESSAGE][PASSED] - Object: 'Object Repository/PM/Huawei-vendor/Object-Type/TopX Object Types/TopX Sites/TopX East Amman Arrow' is clicked on

2024-07-23 12:41:24 - [MESSAGE][PASSED] - Object: 'Object Repository/PM/Huawei-vendor/Object-Type/TopX Object Types/TopX Region Bands/TopX FDD Arrow' is clicked on

2024-07-23 12:41:24 - [MESSAGE][PASSED] - Object: 'Object Repository/PM/Huawei-vendor/Object-Type/TopX Object Types/TopX Region Bands/TopX FDD 900' is clicked on

2024-07-23 12:41:24 - [MESSAGE][PASSED] - Object: 'Object Repository/PM/Huawei-vendor/Object-Type/TopX Object Types/TopX Sites/TopX East Amman CloseArrow' is clicked on

2024-07-23 12:41:24 - [MESSAGE][PASSED] - Object: 'Object Repository/PM/Huawei-vendor/Object-Type/TopX Object Types/TopX Sites/TopX West Amman Arrow' is clicked on

2024-07-23 12:41:24 - [MESSAGE][PASSED] - Object: 'Object Repository/PM/Huawei-vendor/Object-Type/TopX Object Types/TopX Region Bands/TopX TDD Arrow' is clicked on

2024-07-23 12:41:24 - [MESSAGE][PASSED] - Object: 'Object Repository/PM/Huawei-vendor/Object-Type/TopX Object Types/TopX Region Bands/TopX TDD F2' is clicked on

2024-07-23 12:41:24 - [MESSAGE][PASSED] - Object: 'Object Repository/PM/Huawei-vendor/Object-Type/TopX Object Types/TopX Sites/TopX West Amman CloseArrow' is clicked on

2024-07-23 12:41:25 - [MESSAGE][PASSED] - Object: 'Object Repository/PM/Huawei-vendor/Object-Type/TopX Object Types/TopX Sites/TopX North Jordan Arrow' is clicked on

2024-07-23 12:41:25 - [MESSAGE][PASSED] - Object: 'Object Repository/PM/Huawei-vendor/Object-Type/TopX Object Types/TopX Region Bands/TopX FDD Arrow' is clicked on

2024-07-23 12:41:25 - [MESSAGE][PASSED] - Object: 'Object Repository/PM/Huawei-vendor/Object-Type/TopX Object Types/TopX Region Bands/TopX FDD 1800' is clicked on

2024-07-23 12:41:25 - [MESSAGE][PASSED] - Object: 'Object Repository/PM/Huawei-vendor/Object-Type/TopX Object Types/TopX Sites/TopX North Jordan CloseArrow' is clicked on

2024-07-23 12:41:25 - [MESSAGE][PASSED] - Object: 'Object Repository/PM/Huawei-vendor/Object-Type/TopX Object Types/TopX Sites/TopX South Jordan Arrow' is clicked on

2024-07-23 12:41:25 - [MESSAGE][PASSED] - Object: 'Object Repository/PM/Huawei-vendor/Object-Type/TopX Object Types/TopX Region Bands/TopX TDD Arrow' is clicked on

2024-07-23 12:41:25 - [MESSAGE][PASSED] - Object: 'Object Repository/PM/Huawei-vendor/Object-Type/TopX Object Types/TopX Region Bands/TopX TDD F1' is clicked on

2024-07-23 12:41:25 - [MESSAGE][PASSED] - Object: 'Object Repository/PM/Huawei-vendor/Object-Type/TopX Object Types/TopX Sites/TopX South Jordan CloseArrow' is clicked on

2024-07-23 12:41:25 - [MESSAGE][WARNING] - Timeout '0' is invalid. Using default page load timeout: '60'

2024-07-23 12:41:25 - [MESSAGE][PASSED] - Scroll to object 'Object Repository/PM/Huawei-vendor/LowXlabel' successfully

2024-07-23 12:41:26 - [MESSAGE][PASSED] - Object: 'Object Repository/PM/Huawei-vendor/TopX/TopXDate/BeforeDate' is clicked on

2024-07-23 12:41:27 - [MESSAGE][PASSED] - Delayed 1 second(s)

2024-07-23 12:41:27 - [MESSAGE][PASSED] - Object: 'Object Repository/PM/Huawei-vendor/TopX/TopXDate/Choose Month' is clicked on

2024-07-23 12:41:28 - [MESSAGE][PASSED] - Delayed 1 second(s)

2024-07-23 12:41:28 - [MESSAGE][PASSED] - Object: 'Object Repository/PM/Huawei-vendor/TopX/TopXDate/Feb' is clicked on

2024-07-23 12:41:28 - [MESSAGE][PASSED] - Object: 'Object Repository/PM/Huawei-vendor/TopX/TopXDate/Day 1' is clicked on

2024-07-23 12:41:28 - [MESSAGE][PASSED] - Object: 'Object Repository/PM/Huawei-vendor/TopX/TopXDate/Button OK' is clicked on

2024-07-23 12:41:28 - [MESSAGE][PASSED] - Object: 'Object Repository/PM/Huawei-vendor/TopX/TopXDate/After Date' is clicked on

2024-07-23 12:41:29 - [MESSAGE][PASSED] - Delayed 1 second(s)

2024-07-23 12:41:29 - [MESSAGE][PASSED] - Object: 'Object Repository/PM/Huawei-vendor/TopX/TopXDate/Choose Month' is clicked on

2024-07-23 12:41:30 - [MESSAGE][PASSED] - Delayed 1 second(s)

2024-07-23 12:41:31 - [MESSAGE][PASSED] - Object: 'Object Repository/PM/Huawei-vendor/TopX/TopXDate/Feb' is clicked on

2024-07-23 12:41:31 - [MESSAGE][PASSED] - Object: 'Object Repository/PM/Huawei-vendor/TopX/TopXDate/Day 7' is clicked on

2024-07-23 12:41:31 - [MESSAGE][PASSED] - Object: 'Object Repository/PM/Huawei-vendor/TopX/TopXDate/Button OK' is clicked on

2024-07-23 12:41:31 - [MESSAGE][PASSED] - Object: 'Object Repository/PM/Huawei-vendor/Apply-Button' is clicked on

2024-07-23 12:41:31 - [MESSAGE][WARNING] - Timeout '0' is invalid. Using default page load timeout: '60'

2024-07-23 12:41:31 - [MESSAGE][PASSED] - Web element with id: 'Object Repository/PM/Huawei-vendor/Error' located by 'By.xpath: //div[@class='toast-summary title-medium-m']' is not present after '60' second(s)

2024-07-23 12:41:31 - [MESSAGE][WARNING] - Timeout '0' is invalid. Using default page load timeout: '60'

2024-07-23 12:41:36 - [MESSAGE][PASSED] - Object 'Object Repository/PM/Huawei-vendor/Chart' is present

2024-07-23 12:41:36 - [MESSAGE][WARNING] - Timeout '0' is invalid. Using default page load timeout: '60'

2024-07-23 12:41:36 - [MESSAGE][PASSED] - Object 'Object Repository/PM/Huawei-vendor/TopX/TopX Export Chart' is present

2024-07-23 12:41:36 - [MESSAGE][WARNING] - Timeout '0' is invalid. Using default page load timeout: '60'

2024-07-23 12:41:36 - [MESSAGE][PASSED] - Object 'Object Repository/PM/Huawei-vendor/TopX/Table View' is present

2024-07-23 12:41:36 - [MESSAGE][PASSED] - Object: 'Object Repository/PM/Huawei-vendor/TopX/Table View' is clicked on

2024-07-23 12:41:37 - [MESSAGE][PASSED] - Object: 'Object Repository/PM/Huawei-vendor/TopX/Reordering the table view' is clicked on

2024-07-23 12:41:37 - [MESSAGE][PASSED] - Browser is closed

2024-07-23 12:41:37 - [MESSAGE][PASSED] - PMHwaueiTopX.TopX is PASSED]]></system-out>
         <system-err><![CDATA[]]></system-err>
      </testcase>
      <testcase name="Test Cases/PM/Hwauei/TopX/4G TopX/XRegion Band/TopX 4G Region Band with LowX" time="53.218" classname="Test Cases/PM/Hwauei/TopX/4G TopX/XRegion Band/TopX 4G Region Band with LowX" status="PASSED">
         <system-out><![CDATA[2024-07-23 12:41:37 - [TEST_CASE][PASSED] - Test Cases/PM/Hwauei/TopX/4G TopX/XRegion Band/TopX 4G Region Band with LowX: Test Cases/PM/Hwauei/TopX/4G TopX/XRegion Band/TopX 4G Region Band with LowX

2024-07-23 12:41:37 - [TEST_STEP][PASSED] - callTestCase(findTestCase("Login"), [:], STOP_ON_FAILURE): Call Test Case 'Test Cases/Login' successfully

2024-07-23 12:41:38 - [TEST_CASE][PASSED] - Test Cases/Login: Test Cases/Login

2024-07-23 12:41:38 - [TEST_STEP][PASSED] - driver = general.start(SwagerURL, NetCellURL): general.start is PASSED

2024-07-23 12:41:38 - [MESSAGE][INFO] - >>> chromeDriverPath=C:\Users\OdaiAbuKhadir\.katalon\packages\Katalon_Studio_Windows_64-8.6.9\Katalon_Studio_Windows_64-8.6.9\configuration\resources\drivers\chromedriver_win32\chromedriver.exe

2024-07-23 12:41:39 - [MESSAGE][PASSED] - Current window maximized

2024-07-23 12:41:40 - [MESSAGE][PASSED] - Execute JavaScript 'window.open();' successfully

2024-07-23 12:41:40 - [MESSAGE][PASSED] - Switched to window with index: '1'

2024-07-23 12:41:52 - [MESSAGE][PASSED] - general.start is PASSED

2024-07-23 12:41:52 - [TEST_STEP][PASSED] - click(findTestObject("Object Repository/Login/LoginButton")): Object: 'Object Repository/Login/LoginButton' is clicked on

2024-07-23 12:41:52 - [MESSAGE][PASSED] - Object: 'Object Repository/Login/LoginButton' is clicked on

2024-07-23 12:41:52 - [TEST_STEP][PASSED] - switchToWindowIndex(2): Switched to window with index: '2'

2024-07-23 12:41:53 - [MESSAGE][PASSED] - Switched to window with index: '2'

2024-07-23 12:41:53 - [TEST_STEP][PASSED] - delay(2): Delayed 2 second(s)

2024-07-23 12:41:55 - [MESSAGE][PASSED] - Delayed 2 second(s)

2024-07-23 12:41:55 - [TEST_STEP][PASSED] - sendKeys(findTestObject("Object Repository/Login/EnterEmail"), "homam@zztjg.onmicrosoft.com"): Keys 'homam@zztjg.onmicrosoft.com' sent to object: 'Object Repository/Login/EnterEmail'

2024-07-23 12:41:56 - [MESSAGE][PASSED] - Keys 'homam@zztjg.onmicrosoft.com' sent to object: 'Object Repository/Login/EnterEmail'

2024-07-23 12:41:56 - [TEST_STEP][PASSED] - delay(2): Delayed 2 second(s)

2024-07-23 12:41:58 - [MESSAGE][PASSED] - Delayed 2 second(s)

2024-07-23 12:41:58 - [TEST_STEP][PASSED] - click(findTestObject("Object Repository/Login/NextButton")): Object: 'Object Repository/Login/NextButton' is clicked on

2024-07-23 12:41:58 - [MESSAGE][PASSED] - Object: 'Object Repository/Login/NextButton' is clicked on

2024-07-23 12:41:58 - [TEST_STEP][PASSED] - delay(4): Delayed 4 second(s)

2024-07-23 12:42:02 - [MESSAGE][PASSED] - Delayed 4 second(s)

2024-07-23 12:42:02 - [TEST_STEP][PASSED] - sendKeys(findTestObject("Object Repository/Login/EnterPassword"), "Holder12345"): Keys 'Holder12345' sent to object: 'Object Repository/Login/EnterPassword'

2024-07-23 12:42:02 - [MESSAGE][PASSED] - Keys 'Holder12345' sent to object: 'Object Repository/Login/EnterPassword'

2024-07-23 12:42:02 - [TEST_STEP][PASSED] - delay(1): Delayed 1 second(s)

2024-07-23 12:42:03 - [MESSAGE][PASSED] - Delayed 1 second(s)

2024-07-23 12:42:03 - [TEST_STEP][PASSED] - click(findTestObject("Object Repository/Login/SigninButton")): Object: 'Object Repository/Login/SigninButton' is clicked on

2024-07-23 12:42:04 - [MESSAGE][PASSED] - Object: 'Object Repository/Login/SigninButton' is clicked on

2024-07-23 12:42:04 - [TEST_STEP][PASSED] - click(findTestObject("Object Repository/Login/YesStayInButton")): Object: 'Object Repository/Login/YesStayInButton' is clicked on

2024-07-23 12:42:05 - [MESSAGE][PASSED] - Object: 'Object Repository/Login/YesStayInButton' is clicked on

2024-07-23 12:42:05 - [MESSAGE][PASSED] - Call Test Case 'Test Cases/Login' successfully

2024-07-23 12:42:05 - [TEST_STEP][PASSED] - switchToWindowIndex(1): Switched to window with index: '1'

2024-07-23 12:42:05 - [MESSAGE][PASSED] - Switched to window with index: '1'

2024-07-23 12:42:05 - [TEST_STEP][PASSED] - PMHwaueiTopX.TopX("4G", "Region Band", false, "Hourly", true, null): PMHwaueiTopX.TopX is PASSED

2024-07-23 12:42:05 - [MESSAGE][PASSED] - Object: 'Object Repository/PM/PM-Button' is clicked on

2024-07-23 12:42:05 - [MESSAGE][PASSED] - Switched to window with index: '2'

2024-07-23 12:42:17 - [MESSAGE][PASSED] - Object: 'Object Repository/PM/Huawei-vendor/Data-view/TopX' is clicked on

2024-07-23 12:42:17 - [MESSAGE][PASSED] - Object: 'Object Repository/PM/Huawei-vendor/TopX/TopX Object Type' is clicked on

2024-07-23 12:42:18 - [MESSAGE][PASSED] - Delayed 1 second(s)

2024-07-23 12:42:19 - [MESSAGE][PASSED] - Object: 'Object Repository/PM/Huawei-vendor/Object-Type/TopX Object Types/TopX Region Bands/TopX Reagion Band' is clicked on

2024-07-23 12:42:20 - [MESSAGE][PASSED] - Delayed 1 second(s)

2024-07-23 12:42:20 - [MESSAGE][WARNING] - Timeout '0' is invalid. Using default page load timeout: '60'

2024-07-23 12:42:20 - [MESSAGE][PASSED] - Scroll to object 'Object Repository/PM/Huawei-vendor/Object Border' successfully

2024-07-23 12:42:20 - [MESSAGE][PASSED] - Object: 'Object Repository/PM/Huawei-vendor/Object-Type/TopX Object Types/TopX Sites/TopX East Amman Arrow' is clicked on

2024-07-23 12:42:20 - [MESSAGE][PASSED] - Object: 'Object Repository/PM/Huawei-vendor/Object-Type/TopX Object Types/TopX Region Bands/TopX FDD Arrow' is clicked on

2024-07-23 12:42:20 - [MESSAGE][PASSED] - Object: 'Object Repository/PM/Huawei-vendor/Object-Type/TopX Object Types/TopX Region Bands/TopX FDD 900' is clicked on

2024-07-23 12:42:20 - [MESSAGE][PASSED] - Object: 'Object Repository/PM/Huawei-vendor/Object-Type/TopX Object Types/TopX Sites/TopX East Amman CloseArrow' is clicked on

2024-07-23 12:42:20 - [MESSAGE][PASSED] - Object: 'Object Repository/PM/Huawei-vendor/Object-Type/TopX Object Types/TopX Sites/TopX West Amman Arrow' is clicked on

2024-07-23 12:42:20 - [MESSAGE][PASSED] - Object: 'Object Repository/PM/Huawei-vendor/Object-Type/TopX Object Types/TopX Region Bands/TopX TDD Arrow' is clicked on

2024-07-23 12:42:20 - [MESSAGE][PASSED] - Object: 'Object Repository/PM/Huawei-vendor/Object-Type/TopX Object Types/TopX Region Bands/TopX TDD F2' is clicked on

2024-07-23 12:42:21 - [MESSAGE][PASSED] - Object: 'Object Repository/PM/Huawei-vendor/Object-Type/TopX Object Types/TopX Sites/TopX West Amman CloseArrow' is clicked on

2024-07-23 12:42:21 - [MESSAGE][PASSED] - Object: 'Object Repository/PM/Huawei-vendor/Object-Type/TopX Object Types/TopX Sites/TopX North Jordan Arrow' is clicked on

2024-07-23 12:42:21 - [MESSAGE][PASSED] - Object: 'Object Repository/PM/Huawei-vendor/Object-Type/TopX Object Types/TopX Region Bands/TopX FDD Arrow' is clicked on

2024-07-23 12:42:21 - [MESSAGE][PASSED] - Object: 'Object Repository/PM/Huawei-vendor/Object-Type/TopX Object Types/TopX Region Bands/TopX FDD 1800' is clicked on

2024-07-23 12:42:21 - [MESSAGE][PASSED] - Object: 'Object Repository/PM/Huawei-vendor/Object-Type/TopX Object Types/TopX Sites/TopX North Jordan CloseArrow' is clicked on

2024-07-23 12:42:21 - [MESSAGE][PASSED] - Object: 'Object Repository/PM/Huawei-vendor/Object-Type/TopX Object Types/TopX Sites/TopX South Jordan Arrow' is clicked on

2024-07-23 12:42:21 - [MESSAGE][PASSED] - Object: 'Object Repository/PM/Huawei-vendor/Object-Type/TopX Object Types/TopX Region Bands/TopX TDD Arrow' is clicked on

2024-07-23 12:42:21 - [MESSAGE][PASSED] - Object: 'Object Repository/PM/Huawei-vendor/Object-Type/TopX Object Types/TopX Region Bands/TopX TDD F1' is clicked on

2024-07-23 12:42:21 - [MESSAGE][PASSED] - Object: 'Object Repository/PM/Huawei-vendor/Object-Type/TopX Object Types/TopX Sites/TopX South Jordan CloseArrow' is clicked on

2024-07-23 12:42:21 - [MESSAGE][WARNING] - Timeout '0' is invalid. Using default page load timeout: '60'

2024-07-23 12:42:21 - [MESSAGE][PASSED] - Scroll to object 'Object Repository/PM/Huawei-vendor/LowXlabel' successfully

2024-07-23 12:42:22 - [MESSAGE][PASSED] - Object: 'Object Repository/PM/Huawei-vendor/TopX/TopXDate/BeforeDate' is clicked on

2024-07-23 12:42:23 - [MESSAGE][PASSED] - Delayed 1 second(s)

2024-07-23 12:42:23 - [MESSAGE][PASSED] - Object: 'Object Repository/PM/Huawei-vendor/TopX/TopXDate/Choose Month' is clicked on

2024-07-23 12:42:24 - [MESSAGE][PASSED] - Delayed 1 second(s)

2024-07-23 12:42:24 - [MESSAGE][PASSED] - Object: 'Object Repository/PM/Huawei-vendor/TopX/TopXDate/Feb' is clicked on

2024-07-23 12:42:24 - [MESSAGE][PASSED] - Object: 'Object Repository/PM/Huawei-vendor/TopX/TopXDate/Day 1' is clicked on

2024-07-23 12:42:24 - [MESSAGE][PASSED] - Object: 'Object Repository/PM/Huawei-vendor/TopX/TopXDate/Button OK' is clicked on

2024-07-23 12:42:24 - [MESSAGE][PASSED] - Object: 'Object Repository/PM/Huawei-vendor/TopX/TopXDate/After Date' is clicked on

2024-07-23 12:42:25 - [MESSAGE][PASSED] - Delayed 1 second(s)

2024-07-23 12:42:26 - [MESSAGE][PASSED] - Object: 'Object Repository/PM/Huawei-vendor/TopX/TopXDate/Choose Month' is clicked on

2024-07-23 12:42:27 - [MESSAGE][PASSED] - Delayed 1 second(s)

2024-07-23 12:42:27 - [MESSAGE][PASSED] - Object: 'Object Repository/PM/Huawei-vendor/TopX/TopXDate/Feb' is clicked on

2024-07-23 12:42:27 - [MESSAGE][PASSED] - Object: 'Object Repository/PM/Huawei-vendor/TopX/TopXDate/Day 7' is clicked on

2024-07-23 12:42:27 - [MESSAGE][PASSED] - Object: 'Object Repository/PM/Huawei-vendor/TopX/TopXDate/Button OK' is clicked on

2024-07-23 12:42:27 - [MESSAGE][PASSED] - Object: 'Object Repository/PM/Huawei-vendor/LowXCheckBox' is clicked on

2024-07-23 12:42:27 - [MESSAGE][PASSED] - Object: 'Object Repository/PM/Huawei-vendor/Apply-Button' is clicked on

2024-07-23 12:42:27 - [MESSAGE][WARNING] - Timeout '0' is invalid. Using default page load timeout: '60'

2024-07-23 12:42:27 - [MESSAGE][PASSED] - Web element with id: 'Object Repository/PM/Huawei-vendor/Error' located by 'By.xpath: //div[@class='toast-summary title-medium-m']' is not present after '60' second(s)

2024-07-23 12:42:27 - [MESSAGE][WARNING] - Timeout '0' is invalid. Using default page load timeout: '60'

2024-07-23 12:42:29 - [MESSAGE][PASSED] - Object 'Object Repository/PM/Huawei-vendor/Chart' is present

2024-07-23 12:42:29 - [MESSAGE][WARNING] - Timeout '0' is invalid. Using default page load timeout: '60'

2024-07-23 12:42:29 - [MESSAGE][PASSED] - Object 'Object Repository/PM/Huawei-vendor/TopX/TopX Export Chart' is present

2024-07-23 12:42:29 - [MESSAGE][WARNING] - Timeout '0' is invalid. Using default page load timeout: '60'

2024-07-23 12:42:29 - [MESSAGE][PASSED] - Object 'Object Repository/PM/Huawei-vendor/TopX/Table View' is present

2024-07-23 12:42:30 - [MESSAGE][PASSED] - Object: 'Object Repository/PM/Huawei-vendor/TopX/Table View' is clicked on

2024-07-23 12:42:30 - [MESSAGE][PASSED] - Object: 'Object Repository/PM/Huawei-vendor/TopX/Reordering the table view' is clicked on

2024-07-23 12:42:30 - [MESSAGE][PASSED] - Browser is closed

2024-07-23 12:42:30 - [MESSAGE][PASSED] - PMHwaueiTopX.TopX is PASSED]]></system-out>
         <system-err><![CDATA[]]></system-err>
      </testcase>
      <testcase name="Test Cases/PM/Hwauei/TopX/4G TopX/XSite/TopX 4G Site default" time="51.681" classname="Test Cases/PM/Hwauei/TopX/4G TopX/XSite/TopX 4G Site default" status="PASSED">
         <system-out><![CDATA[2024-07-23 12:42:30 - [TEST_CASE][PASSED] - Test Cases/PM/Hwauei/TopX/4G TopX/XSite/TopX 4G Site default: Test Cases/PM/Hwauei/TopX/4G TopX/XSite/TopX 4G Site default

2024-07-23 12:42:31 - [TEST_STEP][PASSED] - callTestCase(findTestCase("Login"), [:], STOP_ON_FAILURE): Call Test Case 'Test Cases/Login' successfully

2024-07-23 12:42:31 - [TEST_CASE][PASSED] - Test Cases/Login: Test Cases/Login

2024-07-23 12:42:31 - [TEST_STEP][PASSED] - driver = general.start(SwagerURL, NetCellURL): general.start is PASSED

2024-07-23 12:42:31 - [MESSAGE][INFO] - >>> chromeDriverPath=C:\Users\OdaiAbuKhadir\.katalon\packages\Katalon_Studio_Windows_64-8.6.9\Katalon_Studio_Windows_64-8.6.9\configuration\resources\drivers\chromedriver_win32\chromedriver.exe

2024-07-23 12:42:32 - [MESSAGE][PASSED] - Current window maximized

2024-07-23 12:42:32 - [MESSAGE][PASSED] - Execute JavaScript 'window.open();' successfully

2024-07-23 12:42:32 - [MESSAGE][PASSED] - Switched to window with index: '1'

2024-07-23 12:42:44 - [MESSAGE][PASSED] - general.start is PASSED

2024-07-23 12:42:44 - [TEST_STEP][PASSED] - click(findTestObject("Object Repository/Login/LoginButton")): Object: 'Object Repository/Login/LoginButton' is clicked on

2024-07-23 12:42:44 - [MESSAGE][PASSED] - Object: 'Object Repository/Login/LoginButton' is clicked on

2024-07-23 12:42:44 - [TEST_STEP][PASSED] - switchToWindowIndex(2): Switched to window with index: '2'

2024-07-23 12:42:44 - [MESSAGE][PASSED] - Switched to window with index: '2'

2024-07-23 12:42:44 - [TEST_STEP][PASSED] - delay(2): Delayed 2 second(s)

2024-07-23 12:42:46 - [MESSAGE][PASSED] - Delayed 2 second(s)

2024-07-23 12:42:46 - [TEST_STEP][PASSED] - sendKeys(findTestObject("Object Repository/Login/EnterEmail"), "homam@zztjg.onmicrosoft.com"): Keys 'homam@zztjg.onmicrosoft.com' sent to object: 'Object Repository/Login/EnterEmail'

2024-07-23 12:42:47 - [MESSAGE][PASSED] - Keys 'homam@zztjg.onmicrosoft.com' sent to object: 'Object Repository/Login/EnterEmail'

2024-07-23 12:42:47 - [TEST_STEP][PASSED] - delay(2): Delayed 2 second(s)

2024-07-23 12:42:49 - [MESSAGE][PASSED] - Delayed 2 second(s)

2024-07-23 12:42:49 - [TEST_STEP][PASSED] - click(findTestObject("Object Repository/Login/NextButton")): Object: 'Object Repository/Login/NextButton' is clicked on

2024-07-23 12:42:49 - [MESSAGE][PASSED] - Object: 'Object Repository/Login/NextButton' is clicked on

2024-07-23 12:42:49 - [TEST_STEP][PASSED] - delay(4): Delayed 4 second(s)

2024-07-23 12:42:53 - [MESSAGE][PASSED] - Delayed 4 second(s)

2024-07-23 12:42:53 - [TEST_STEP][PASSED] - sendKeys(findTestObject("Object Repository/Login/EnterPassword"), "Holder12345"): Keys 'Holder12345' sent to object: 'Object Repository/Login/EnterPassword'

2024-07-23 12:42:53 - [MESSAGE][PASSED] - Keys 'Holder12345' sent to object: 'Object Repository/Login/EnterPassword'

2024-07-23 12:42:53 - [TEST_STEP][PASSED] - delay(1): Delayed 1 second(s)

2024-07-23 12:42:54 - [MESSAGE][PASSED] - Delayed 1 second(s)

2024-07-23 12:42:54 - [TEST_STEP][PASSED] - click(findTestObject("Object Repository/Login/SigninButton")): Object: 'Object Repository/Login/SigninButton' is clicked on

2024-07-23 12:42:55 - [MESSAGE][PASSED] - Object: 'Object Repository/Login/SigninButton' is clicked on

2024-07-23 12:42:55 - [TEST_STEP][PASSED] - click(findTestObject("Object Repository/Login/YesStayInButton")): Object: 'Object Repository/Login/YesStayInButton' is clicked on

2024-07-23 12:42:55 - [MESSAGE][PASSED] - Object: 'Object Repository/Login/YesStayInButton' is clicked on

2024-07-23 12:42:55 - [MESSAGE][PASSED] - Call Test Case 'Test Cases/Login' successfully

2024-07-23 12:42:55 - [TEST_STEP][PASSED] - switchToWindowIndex(1): Switched to window with index: '1'

2024-07-23 12:42:55 - [MESSAGE][PASSED] - Switched to window with index: '1'

2024-07-23 12:42:55 - [TEST_STEP][PASSED] - PMHwaueiTopX.TopX("4G", "Site", false, "Hourly", false, null): PMHwaueiTopX.TopX is PASSED

2024-07-23 12:42:56 - [MESSAGE][PASSED] - Object: 'Object Repository/PM/PM-Button' is clicked on

2024-07-23 12:42:56 - [MESSAGE][PASSED] - Switched to window with index: '2'

2024-07-23 12:43:07 - [MESSAGE][PASSED] - Object: 'Object Repository/PM/Huawei-vendor/Data-view/TopX' is clicked on

2024-07-23 12:43:07 - [MESSAGE][PASSED] - Object: 'Object Repository/PM/Huawei-vendor/TopX/TopX Object Type' is clicked on

2024-07-23 12:43:08 - [MESSAGE][PASSED] - Delayed 1 second(s)

2024-07-23 12:43:08 - [MESSAGE][PASSED] - Object: 'Object Repository/PM/Huawei-vendor/Object-Type/TopX Object Types/TopX Sites/TopX Site' is clicked on

2024-07-23 12:43:09 - [MESSAGE][PASSED] - Delayed 1 second(s)

2024-07-23 12:43:09 - [MESSAGE][WARNING] - Timeout '0' is invalid. Using default page load timeout: '60'

2024-07-23 12:43:09 - [MESSAGE][PASSED] - Scroll to object 'Object Repository/PM/Huawei-vendor/Object Border' successfully

2024-07-23 12:43:10 - [MESSAGE][PASSED] - Object: 'Object Repository/PM/Huawei-vendor/Object-Type/TopX Object Types/TopX Sites/TopX East Amman Arrow' is clicked on

2024-07-23 12:43:11 - [MESSAGE][PASSED] - Object: 'Object Repository/PM/Huawei-vendor/Object-Type/TopX Object Types/TopX Sites/TopX East Amman site1' is clicked on

2024-07-23 12:43:11 - [MESSAGE][PASSED] - Object: 'Object Repository/PM/Huawei-vendor/Object-Type/TopX Object Types/TopX Sites/TopX East Amman CloseArrow' is clicked on

2024-07-23 12:43:11 - [MESSAGE][PASSED] - Object: 'Object Repository/PM/Huawei-vendor/Object-Type/TopX Object Types/TopX Sites/TopX West Amman Arrow' is clicked on

2024-07-23 12:43:12 - [MESSAGE][PASSED] - Object: 'Object Repository/PM/Huawei-vendor/Object-Type/TopX Object Types/TopX Sites/TopX West Amman site1' is clicked on

2024-07-23 12:43:12 - [MESSAGE][PASSED] - Object: 'Object Repository/PM/Huawei-vendor/Object-Type/TopX Object Types/TopX Sites/TopX West Amman CloseArrow' is clicked on

2024-07-23 12:43:12 - [MESSAGE][PASSED] - Object: 'Object Repository/PM/Huawei-vendor/Object-Type/TopX Object Types/TopX Sites/TopX North Jordan Arrow' is clicked on

2024-07-23 12:43:14 - [MESSAGE][PASSED] - Object: 'Object Repository/PM/Huawei-vendor/Object-Type/TopX Object Types/TopX Sites/TopX North Jordan site1' is clicked on

2024-07-23 12:43:14 - [MESSAGE][PASSED] - Object: 'Object Repository/PM/Huawei-vendor/Object-Type/TopX Object Types/TopX Sites/TopX North Jordan CloseArrow' is clicked on

2024-07-23 12:43:14 - [MESSAGE][PASSED] - Object: 'Object Repository/PM/Huawei-vendor/Object-Type/TopX Object Types/TopX Sites/TopX South Jordan Arrow' is clicked on

2024-07-23 12:43:15 - [MESSAGE][PASSED] - Object: 'Object Repository/PM/Huawei-vendor/Object-Type/TopX Object Types/TopX Sites/TopX South Jordan site1' is clicked on

2024-07-23 12:43:15 - [MESSAGE][PASSED] - Object: 'Object Repository/PM/Huawei-vendor/Object-Type/TopX Object Types/TopX Sites/TopX South Jordan CloseArrow' is clicked on

2024-07-23 12:43:15 - [MESSAGE][WARNING] - Timeout '0' is invalid. Using default page load timeout: '60'

2024-07-23 12:43:15 - [MESSAGE][PASSED] - Scroll to object 'Object Repository/PM/Huawei-vendor/LowXlabel' successfully

2024-07-23 12:43:15 - [MESSAGE][PASSED] - Object: 'Object Repository/PM/Huawei-vendor/TopX/TopXDate/BeforeDate' is clicked on

2024-07-23 12:43:16 - [MESSAGE][PASSED] - Delayed 1 second(s)

2024-07-23 12:43:16 - [MESSAGE][PASSED] - Object: 'Object Repository/PM/Huawei-vendor/TopX/TopXDate/Choose Month' is clicked on

2024-07-23 12:43:17 - [MESSAGE][PASSED] - Delayed 1 second(s)

2024-07-23 12:43:17 - [MESSAGE][PASSED] - Object: 'Object Repository/PM/Huawei-vendor/TopX/TopXDate/Feb' is clicked on

2024-07-23 12:43:17 - [MESSAGE][PASSED] - Object: 'Object Repository/PM/Huawei-vendor/TopX/TopXDate/Day 1' is clicked on

2024-07-23 12:43:17 - [MESSAGE][PASSED] - Object: 'Object Repository/PM/Huawei-vendor/TopX/TopXDate/Button OK' is clicked on

2024-07-23 12:43:18 - [MESSAGE][PASSED] - Object: 'Object Repository/PM/Huawei-vendor/TopX/TopXDate/After Date' is clicked on

2024-07-23 12:43:19 - [MESSAGE][PASSED] - Delayed 1 second(s)

2024-07-23 12:43:19 - [MESSAGE][PASSED] - Object: 'Object Repository/PM/Huawei-vendor/TopX/TopXDate/Choose Month' is clicked on

2024-07-23 12:43:20 - [MESSAGE][PASSED] - Delayed 1 second(s)

2024-07-23 12:43:20 - [MESSAGE][PASSED] - Object: 'Object Repository/PM/Huawei-vendor/TopX/TopXDate/Feb' is clicked on

2024-07-23 12:43:20 - [MESSAGE][PASSED] - Object: 'Object Repository/PM/Huawei-vendor/TopX/TopXDate/Day 7' is clicked on

2024-07-23 12:43:20 - [MESSAGE][PASSED] - Object: 'Object Repository/PM/Huawei-vendor/TopX/TopXDate/Button OK' is clicked on

2024-07-23 12:43:20 - [MESSAGE][PASSED] - Object: 'Object Repository/PM/Huawei-vendor/Apply-Button' is clicked on

2024-07-23 12:43:20 - [MESSAGE][WARNING] - Timeout '0' is invalid. Using default page load timeout: '60'

2024-07-23 12:43:21 - [MESSAGE][PASSED] - Web element with id: 'Object Repository/PM/Huawei-vendor/Error' located by 'By.xpath: //div[@class='toast-summary title-medium-m']' is not present after '60' second(s)

2024-07-23 12:43:21 - [MESSAGE][WARNING] - Timeout '0' is invalid. Using default page load timeout: '60'

2024-07-23 12:43:21 - [MESSAGE][PASSED] - Object 'Object Repository/PM/Huawei-vendor/Chart' is present

2024-07-23 12:43:21 - [MESSAGE][WARNING] - Timeout '0' is invalid. Using default page load timeout: '60'

2024-07-23 12:43:21 - [MESSAGE][PASSED] - Object 'Object Repository/PM/Huawei-vendor/TopX/TopX Export Chart' is present

2024-07-23 12:43:21 - [MESSAGE][WARNING] - Timeout '0' is invalid. Using default page load timeout: '60'

2024-07-23 12:43:21 - [MESSAGE][PASSED] - Object 'Object Repository/PM/Huawei-vendor/TopX/Table View' is present

2024-07-23 12:43:21 - [MESSAGE][PASSED] - Object: 'Object Repository/PM/Huawei-vendor/TopX/Table View' is clicked on

2024-07-23 12:43:21 - [MESSAGE][PASSED] - Object: 'Object Repository/PM/Huawei-vendor/TopX/Reordering the table view' is clicked on

2024-07-23 12:43:22 - [MESSAGE][PASSED] - Browser is closed

2024-07-23 12:43:22 - [MESSAGE][PASSED] - PMHwaueiTopX.TopX is PASSED]]></system-out>
         <system-err><![CDATA[]]></system-err>
      </testcase>
      <testcase name="Test Cases/PM/Hwauei/TopX/4G TopX/XSite/TopX 4G Site with LowX" time="44.109" classname="Test Cases/PM/Hwauei/TopX/4G TopX/XSite/TopX 4G Site with LowX" status="PASSED">
         <system-out><![CDATA[2024-07-23 12:43:22 - [TEST_CASE][PASSED] - Test Cases/PM/Hwauei/TopX/4G TopX/XSite/TopX 4G Site with LowX: Test Cases/PM/Hwauei/TopX/4G TopX/XSite/TopX 4G Site with LowX

2024-07-23 12:43:22 - [TEST_STEP][PASSED] - callTestCase(findTestCase("Login"), [:], STOP_ON_FAILURE): Call Test Case 'Test Cases/Login' successfully

2024-07-23 12:43:22 - [TEST_CASE][PASSED] - Test Cases/Login: Test Cases/Login

2024-07-23 12:43:22 - [TEST_STEP][PASSED] - driver = general.start(SwagerURL, NetCellURL): general.start is PASSED

2024-07-23 12:43:22 - [MESSAGE][INFO] - >>> chromeDriverPath=C:\Users\OdaiAbuKhadir\.katalon\packages\Katalon_Studio_Windows_64-8.6.9\Katalon_Studio_Windows_64-8.6.9\configuration\resources\drivers\chromedriver_win32\chromedriver.exe

2024-07-23 12:43:24 - [MESSAGE][PASSED] - Current window maximized

2024-07-23 12:43:25 - [MESSAGE][PASSED] - Execute JavaScript 'window.open();' successfully

2024-07-23 12:43:25 - [MESSAGE][PASSED] - Switched to window with index: '1'

2024-07-23 12:43:37 - [MESSAGE][PASSED] - general.start is PASSED

2024-07-23 12:43:37 - [TEST_STEP][PASSED] - click(findTestObject("Object Repository/Login/LoginButton")): Object: 'Object Repository/Login/LoginButton' is clicked on

2024-07-23 12:43:37 - [MESSAGE][PASSED] - Object: 'Object Repository/Login/LoginButton' is clicked on

2024-07-23 12:43:37 - [TEST_STEP][PASSED] - switchToWindowIndex(2): Switched to window with index: '2'

2024-07-23 12:43:38 - [MESSAGE][PASSED] - Switched to window with index: '2'

2024-07-23 12:43:38 - [TEST_STEP][PASSED] - delay(2): Delayed 2 second(s)

2024-07-23 12:43:40 - [MESSAGE][PASSED] - Delayed 2 second(s)

2024-07-23 12:43:40 - [TEST_STEP][PASSED] - sendKeys(findTestObject("Object Repository/Login/EnterEmail"), "homam@zztjg.onmicrosoft.com"): Keys 'homam@zztjg.onmicrosoft.com' sent to object: 'Object Repository/Login/EnterEmail'

2024-07-23 12:43:41 - [MESSAGE][PASSED] - Keys 'homam@zztjg.onmicrosoft.com' sent to object: 'Object Repository/Login/EnterEmail'

2024-07-23 12:43:41 - [TEST_STEP][PASSED] - delay(2): Delayed 2 second(s)

2024-07-23 12:43:43 - [MESSAGE][PASSED] - Delayed 2 second(s)

2024-07-23 12:43:43 - [TEST_STEP][PASSED] - click(findTestObject("Object Repository/Login/NextButton")): Object: 'Object Repository/Login/NextButton' is clicked on

2024-07-23 12:43:43 - [MESSAGE][PASSED] - Object: 'Object Repository/Login/NextButton' is clicked on

2024-07-23 12:43:43 - [TEST_STEP][PASSED] - delay(4): Delayed 4 second(s)

2024-07-23 12:43:47 - [MESSAGE][PASSED] - Delayed 4 second(s)

2024-07-23 12:43:47 - [TEST_STEP][PASSED] - sendKeys(findTestObject("Object Repository/Login/EnterPassword"), "Holder12345"): Keys 'Holder12345' sent to object: 'Object Repository/Login/EnterPassword'

2024-07-23 12:43:47 - [MESSAGE][PASSED] - Keys 'Holder12345' sent to object: 'Object Repository/Login/EnterPassword'

2024-07-23 12:43:47 - [TEST_STEP][PASSED] - delay(1): Delayed 1 second(s)

2024-07-23 12:43:48 - [MESSAGE][PASSED] - Delayed 1 second(s)

2024-07-23 12:43:48 - [TEST_STEP][PASSED] - click(findTestObject("Object Repository/Login/SigninButton")): Object: 'Object Repository/Login/SigninButton' is clicked on

2024-07-23 12:43:49 - [MESSAGE][PASSED] - Object: 'Object Repository/Login/SigninButton' is clicked on

2024-07-23 12:43:49 - [TEST_STEP][PASSED] - click(findTestObject("Object Repository/Login/YesStayInButton")): Object: 'Object Repository/Login/YesStayInButton' is clicked on

2024-07-23 12:43:50 - [MESSAGE][PASSED] - Object: 'Object Repository/Login/YesStayInButton' is clicked on

2024-07-23 12:43:50 - [MESSAGE][PASSED] - Call Test Case 'Test Cases/Login' successfully

2024-07-23 12:43:50 - [TEST_STEP][PASSED] - switchToWindowIndex(1): Switched to window with index: '1'

2024-07-23 12:43:50 - [MESSAGE][PASSED] - Switched to window with index: '1'

2024-07-23 12:43:50 - [TEST_STEP][PASSED] - PMHwaueiTopX.TopX("4G", "Site", false, "Hourly", true, null): PMHwaueiTopX.TopX is PASSED

2024-07-23 12:43:50 - [MESSAGE][PASSED] - Object: 'Object Repository/PM/PM-Button' is clicked on

2024-07-23 12:43:50 - [MESSAGE][PASSED] - Switched to window with index: '2'

2024-07-23 12:43:51 - [MESSAGE][PASSED] - Object: 'Object Repository/PM/Huawei-vendor/Data-view/TopX' is clicked on

2024-07-23 12:43:51 - [MESSAGE][PASSED] - Object: 'Object Repository/PM/Huawei-vendor/TopX/TopX Object Type' is clicked on

2024-07-23 12:43:52 - [MESSAGE][PASSED] - Delayed 1 second(s)

2024-07-23 12:43:53 - [MESSAGE][PASSED] - Object: 'Object Repository/PM/Huawei-vendor/Object-Type/TopX Object Types/TopX Sites/TopX Site' is clicked on

2024-07-23 12:43:54 - [MESSAGE][PASSED] - Delayed 1 second(s)

2024-07-23 12:43:54 - [MESSAGE][WARNING] - Timeout '0' is invalid. Using default page load timeout: '60'

2024-07-23 12:43:54 - [MESSAGE][PASSED] - Scroll to object 'Object Repository/PM/Huawei-vendor/Object Border' successfully

2024-07-23 12:43:54 - [MESSAGE][PASSED] - Object: 'Object Repository/PM/Huawei-vendor/Object-Type/TopX Object Types/TopX Sites/TopX East Amman Arrow' is clicked on

2024-07-23 12:43:55 - [MESSAGE][PASSED] - Object: 'Object Repository/PM/Huawei-vendor/Object-Type/TopX Object Types/TopX Sites/TopX East Amman site1' is clicked on

2024-07-23 12:43:55 - [MESSAGE][PASSED] - Object: 'Object Repository/PM/Huawei-vendor/Object-Type/TopX Object Types/TopX Sites/TopX East Amman CloseArrow' is clicked on

2024-07-23 12:43:55 - [MESSAGE][PASSED] - Object: 'Object Repository/PM/Huawei-vendor/Object-Type/TopX Object Types/TopX Sites/TopX West Amman Arrow' is clicked on

2024-07-23 12:43:56 - [MESSAGE][PASSED] - Object: 'Object Repository/PM/Huawei-vendor/Object-Type/TopX Object Types/TopX Sites/TopX West Amman site1' is clicked on

2024-07-23 12:43:56 - [MESSAGE][PASSED] - Object: 'Object Repository/PM/Huawei-vendor/Object-Type/TopX Object Types/TopX Sites/TopX West Amman CloseArrow' is clicked on

2024-07-23 12:43:56 - [MESSAGE][PASSED] - Object: 'Object Repository/PM/Huawei-vendor/Object-Type/TopX Object Types/TopX Sites/TopX North Jordan Arrow' is clicked on

2024-07-23 12:43:58 - [MESSAGE][PASSED] - Object: 'Object Repository/PM/Huawei-vendor/Object-Type/TopX Object Types/TopX Sites/TopX North Jordan site1' is clicked on

2024-07-23 12:43:58 - [MESSAGE][PASSED] - Object: 'Object Repository/PM/Huawei-vendor/Object-Type/TopX Object Types/TopX Sites/TopX North Jordan CloseArrow' is clicked on

2024-07-23 12:43:58 - [MESSAGE][PASSED] - Object: 'Object Repository/PM/Huawei-vendor/Object-Type/TopX Object Types/TopX Sites/TopX South Jordan Arrow' is clicked on

2024-07-23 12:43:59 - [MESSAGE][PASSED] - Object: 'Object Repository/PM/Huawei-vendor/Object-Type/TopX Object Types/TopX Sites/TopX South Jordan site1' is clicked on

2024-07-23 12:43:59 - [MESSAGE][PASSED] - Object: 'Object Repository/PM/Huawei-vendor/Object-Type/TopX Object Types/TopX Sites/TopX South Jordan CloseArrow' is clicked on

2024-07-23 12:43:59 - [MESSAGE][WARNING] - Timeout '0' is invalid. Using default page load timeout: '60'

2024-07-23 12:43:59 - [MESSAGE][PASSED] - Scroll to object 'Object Repository/PM/Huawei-vendor/LowXlabel' successfully

2024-07-23 12:43:59 - [MESSAGE][PASSED] - Object: 'Object Repository/PM/Huawei-vendor/TopX/TopXDate/BeforeDate' is clicked on

2024-07-23 12:44:00 - [MESSAGE][PASSED] - Delayed 1 second(s)

2024-07-23 12:44:00 - [MESSAGE][PASSED] - Object: 'Object Repository/PM/Huawei-vendor/TopX/TopXDate/Choose Month' is clicked on

2024-07-23 12:44:01 - [MESSAGE][PASSED] - Delayed 1 second(s)

2024-07-23 12:44:01 - [MESSAGE][PASSED] - Object: 'Object Repository/PM/Huawei-vendor/TopX/TopXDate/Feb' is clicked on

2024-07-23 12:44:01 - [MESSAGE][PASSED] - Object: 'Object Repository/PM/Huawei-vendor/TopX/TopXDate/Day 1' is clicked on

2024-07-23 12:44:01 - [MESSAGE][PASSED] - Object: 'Object Repository/PM/Huawei-vendor/TopX/TopXDate/Button OK' is clicked on

2024-07-23 12:44:02 - [MESSAGE][PASSED] - Object: 'Object Repository/PM/Huawei-vendor/TopX/TopXDate/After Date' is clicked on

2024-07-23 12:44:03 - [MESSAGE][PASSED] - Delayed 1 second(s)

2024-07-23 12:44:03 - [MESSAGE][PASSED] - Object: 'Object Repository/PM/Huawei-vendor/TopX/TopXDate/Choose Month' is clicked on

2024-07-23 12:44:04 - [MESSAGE][PASSED] - Delayed 1 second(s)

2024-07-23 12:44:04 - [MESSAGE][PASSED] - Object: 'Object Repository/PM/Huawei-vendor/TopX/TopXDate/Feb' is clicked on

2024-07-23 12:44:04 - [MESSAGE][PASSED] - Object: 'Object Repository/PM/Huawei-vendor/TopX/TopXDate/Day 7' is clicked on

2024-07-23 12:44:04 - [MESSAGE][PASSED] - Object: 'Object Repository/PM/Huawei-vendor/TopX/TopXDate/Button OK' is clicked on

2024-07-23 12:44:05 - [MESSAGE][PASSED] - Object: 'Object Repository/PM/Huawei-vendor/LowXCheckBox' is clicked on

2024-07-23 12:44:05 - [MESSAGE][PASSED] - Object: 'Object Repository/PM/Huawei-vendor/Apply-Button' is clicked on

2024-07-23 12:44:05 - [MESSAGE][WARNING] - Timeout '0' is invalid. Using default page load timeout: '60'

2024-07-23 12:44:05 - [MESSAGE][PASSED] - Web element with id: 'Object Repository/PM/Huawei-vendor/Error' located by 'By.xpath: //div[@class='toast-summary title-medium-m']' is not present after '60' second(s)

2024-07-23 12:44:05 - [MESSAGE][WARNING] - Timeout '0' is invalid. Using default page load timeout: '60'

2024-07-23 12:44:05 - [MESSAGE][PASSED] - Object 'Object Repository/PM/Huawei-vendor/Chart' is present

2024-07-23 12:44:05 - [MESSAGE][WARNING] - Timeout '0' is invalid. Using default page load timeout: '60'

2024-07-23 12:44:05 - [MESSAGE][PASSED] - Object 'Object Repository/PM/Huawei-vendor/TopX/TopX Export Chart' is present

2024-07-23 12:44:05 - [MESSAGE][WARNING] - Timeout '0' is invalid. Using default page load timeout: '60'

2024-07-23 12:44:05 - [MESSAGE][PASSED] - Object 'Object Repository/PM/Huawei-vendor/TopX/Table View' is present

2024-07-23 12:44:05 - [MESSAGE][PASSED] - Object: 'Object Repository/PM/Huawei-vendor/TopX/Table View' is clicked on

2024-07-23 12:44:06 - [MESSAGE][PASSED] - Object: 'Object Repository/PM/Huawei-vendor/TopX/Reordering the table view' is clicked on

2024-07-23 12:44:06 - [MESSAGE][PASSED] - Browser is closed

2024-07-23 12:44:06 - [MESSAGE][PASSED] - PMHwaueiTopX.TopX is PASSED]]></system-out>
         <system-err><![CDATA[]]></system-err>
      </testcase>
      <system-out><![CDATA[2024-07-23 12:34:43 - [TEST_SUITE][PASSED] - Regression: Test Cases/PM/Hwauei/TopX/4G TopX/XSite/TopX 4G Site with LowX]]></system-out>
      <system-err><![CDATA[]]></system-err>
   </testsuite>
</testsuites>
