<?xml version="1.0" encoding="UTF-8"?>
<testsuites name="Regression Stats 4g" time="1262.862" tests="23" failures="6" errors="0">
   <testsuite name="Regression Stats 4g" tests="23" failures="6" errors="0" time="1262.862" skipped="0" timestamp="2024-09-29 11:33:07" hostname="FatimaIbeid - LP-FatimaIbeid" id="Test Suites/PM/Hwauei/Stats/Regression Stats 4g">
      <properties>
         <property name="deviceName" value=""/>
         <property name="devicePlatform" value=""/>
         <property name="logFolder" value="C:\\Users\\FatimaIbeid\\git\\NetCell\\Reports\\20240929_113251\\PM\\Hwauei\\Stats\\Regression Stats 4g\\20240929_113251"/>
         <property name="logFiles" value="C:\\Users\\FatimaIbeid\\git\\NetCell\\Reports\\20240929_113251\\PM\\Hwauei\\Stats\\Regression Stats 4g\\20240929_113251\\execution0.log"/>
         <property name="attachments" value="C:\\Users\\FatimaIbeid\\git\\NetCell\\Reports\\20240929_113251\\PM\\Hwauei\\Stats\\Regression Stats 4g\\20240929_113251\\1727599435393.png, C:\\Users\\FatimaIbeid\\git\\NetCell\\Reports\\20240929_113251\\PM\\Hwauei\\Stats\\Regression Stats 4g\\20240929_113251\\1727600049600.png"/>
         <property name="hostName" value="FatimaIbeid - LP-FatimaIbeid"/>
         <property name="os" value="Windows 11 64bit"/>
         <property name="katalonVersion" value="8.6.9.208"/>
         <property name="browser" value="Chrome 128.0.0.0"/>
         <property name="hostAddress" value="192.168.8.187"/>
         <property name="sessionId" value="908997e99b3d036928a0e04e6f1c5344"/>
         <property name="seleniumVersion" value="3.141.59"/>
         <property name="proxyInformation" value="ProxyInformation { proxyOption=NO_PROXY, proxyServerType=HTTP, username=, password=********, proxyServerAddress=, proxyServerPort=0, executionList=&quot;&quot;, isApplyToDesiredCapabilities=true }"/>
         <property name="platform" value="Windows 11"/>
      </properties>
      <testcase name="Test Cases/PM/Hwauei/Stats/4G/PLMN/PLMN" time="49.019" classname="Test Cases/PM/Hwauei/Stats/4G/PLMN/PLMN" status="PASSED">
         <system-out><![CDATA[2024-09-29 11:33:07 - [TEST_CASE][PASSED] - Test Cases/PM/Hwauei/Stats/4G/PLMN/PLMN: Test Cases/PM/Hwauei/Stats/4G/PLMN/PLMN

2024-09-29 11:33:08 - [TEST_STEP][PASSED] - callTestCase(findTestCase("LoginNew"), [:], STOP_ON_FAILURE): Call Test Case 'Test Cases/LoginNew' successfully

2024-09-29 11:33:08 - [TEST_CASE][PASSED] - Test Cases/LoginNew: Test Cases/LoginNew

2024-09-29 11:33:08 - [TEST_STEP][PASSED] - driver = general.start(SwagerURL, NetCellURL): general.start is PASSED

2024-09-29 11:33:09 - [MESSAGE][INFO] - >>> chromeDriverPath=C:\Users\FatimaIbeid\.katalon\packages\Katalon_Studio_Windows_64-8.6.9\Katalon_Studio_Windows_64-8.6.9\configuration\resources\drivers\chromedriver_win32\chromedriver.exe

2024-09-29 11:33:13 - [MESSAGE][PASSED] - Current window maximized

2024-09-29 11:33:13 - [MESSAGE][PASSED] - Execute JavaScript 'window.open();' successfully

2024-09-29 11:33:13 - [MESSAGE][PASSED] - Switched to window with index: '1'

2024-09-29 11:33:24 - [MESSAGE][PASSED] - general.start is PASSED

2024-09-29 11:33:24 - [TEST_STEP][PASSED] - delay(1): Delayed 1 second(s)

2024-09-29 11:33:25 - [MESSAGE][PASSED] - Delayed 1 second(s)

2024-09-29 11:33:25 - [TEST_STEP][PASSED] - sendKeys(findTestObject("Object Repository/Login/EnterEmail2"), "homam@zztjg.onmicrosoft.com"): Keys 'homam@zztjg.onmicrosoft.com' sent to object: 'Object Repository/Login/EnterEmail2'

2024-09-29 11:33:26 - [MESSAGE][PASSED] - Keys 'homam@zztjg.onmicrosoft.com' sent to object: 'Object Repository/Login/EnterEmail2'

2024-09-29 11:33:26 - [TEST_STEP][PASSED] - delay(1): Delayed 1 second(s)

2024-09-29 11:33:27 - [MESSAGE][PASSED] - Delayed 1 second(s)

2024-09-29 11:33:27 - [TEST_STEP][PASSED] - sendKeys(findTestObject("Object Repository/Login/EnterPassword2"), "P@ssw0rd"): Keys 'P@ssw0rd' sent to object: 'Object Repository/Login/EnterPassword2'

2024-09-29 11:33:27 - [MESSAGE][PASSED] - Keys 'P@ssw0rd' sent to object: 'Object Repository/Login/EnterPassword2'

2024-09-29 11:33:27 - [TEST_STEP][PASSED] - delay(1): Delayed 1 second(s)

2024-09-29 11:33:28 - [MESSAGE][PASSED] - Delayed 1 second(s)

2024-09-29 11:33:28 - [TEST_STEP][PASSED] - click(findTestObject("Object Repository/Login/LoginButton2")): Object: 'Object Repository/Login/LoginButton2' is clicked on

2024-09-29 11:33:29 - [MESSAGE][PASSED] - Object: 'Object Repository/Login/LoginButton2' is clicked on

2024-09-29 11:33:29 - [TEST_STEP][PASSED] - delay(1): Delayed 1 second(s)

2024-09-29 11:33:30 - [MESSAGE][PASSED] - Delayed 1 second(s)

2024-09-29 11:33:30 - [TEST_STEP][PASSED] - waitForElementPresent(findTestObject("Object Repository/Login/welcome To NetCell"), 0): Object 'Object Repository/Login/welcome To NetCell' is present

2024-09-29 11:33:30 - [MESSAGE][WARNING] - Timeout '0' is invalid. Using default page load timeout: '120'

2024-09-29 11:33:30 - [MESSAGE][PASSED] - Object 'Object Repository/Login/welcome To NetCell' is present

2024-09-29 11:33:30 - [MESSAGE][PASSED] - Call Test Case 'Test Cases/LoginNew' successfully

2024-09-29 11:33:30 - [TEST_STEP][PASSED] - switchToWindowIndex(1): Switched to window with index: '1'

2024-09-29 11:33:30 - [MESSAGE][PASSED] - Switched to window with index: '1'

2024-09-29 11:33:30 - [TEST_STEP][PASSED] - PMHwaueiStats.Stats("4G", "PLMN", false, "Hourly"): PMHwaueiStats.Stats is PASSED

2024-09-29 11:33:30 - [MESSAGE][PASSED] - Object: 'Object Repository/PM/PM-Button' is clicked on

2024-09-29 11:33:30 - [MESSAGE][PASSED] - Switched to window with index: '2'

2024-09-29 11:33:42 - [MESSAGE][PASSED] - Object: 'Object Repository/PM/Huawei-vendor/TopX/TopX Object Type' is clicked on

2024-09-29 11:33:43 - [MESSAGE][PASSED] - Delayed 1 second(s)

2024-09-29 11:33:43 - [MESSAGE][PASSED] - Object: 'Object Repository/PM/Huawei-vendor/Object-Type/TopX Object Types/TopX PLMNs/TopX PLMN' is clicked on

2024-09-29 11:33:44 - [MESSAGE][PASSED] - Delayed 1 second(s)

2024-09-29 11:33:45 - [MESSAGE][PASSED] - Object: 'Object Repository/PM/Huawei-vendor/Object-Type/TopX Object Types/TopX PLMNs/TopX PLMN checkbox' is clicked on

2024-09-29 11:33:45 - [MESSAGE][WARNING] - Timeout '0' is invalid. Using default page load timeout: '120'

2024-09-29 11:33:45 - [MESSAGE][PASSED] - Scroll to object 'Object Repository/PM/Huawei-vendor/StarttimeLable' successfully

2024-09-29 11:33:45 - [MESSAGE][PASSED] - Object: 'Object Repository/PM/Huawei-vendor/StartDate/StartDate-Button' is clicked on

2024-09-29 11:33:46 - [MESSAGE][PASSED] - Object: 'Object Repository/PM/Huawei-vendor/StartDate/Monthly-Selection' is clicked on

2024-09-29 11:33:46 - [MESSAGE][PASSED] - Object: 'Object Repository/PM/Huawei-vendor/StartDate/Fep-Selection' is clicked on

2024-09-29 11:33:47 - [MESSAGE][PASSED] - Delayed 1 second(s)

2024-09-29 11:33:47 - [MESSAGE][PASSED] - Object: 'Object Repository/PM/Huawei-vendor/StartDate/1-Fep' is clicked on

2024-09-29 11:33:48 - [MESSAGE][PASSED] - Object: 'Object Repository/PM/Huawei-vendor/Apply-Button' is clicked on

2024-09-29 11:33:48 - [MESSAGE][WARNING] - Timeout '0' is invalid. Using default page load timeout: '120'

2024-09-29 11:33:48 - [MESSAGE][PASSED] - Web element with id: 'Object Repository/PM/Huawei-vendor/Error' located by 'By.xpath: //div[@class='toast-summary title-medium-m']' is not present after '120' second(s)

2024-09-29 11:33:49 - [MESSAGE][WARNING] - Timeout '0' is invalid. Using default page load timeout: '120'

2024-09-29 11:33:55 - [MESSAGE][PASSED] - Object 'Object Repository/PM/Huawei-vendor/Export-Result' is present

2024-09-29 11:33:56 - [MESSAGE][PASSED] - Browser is closed

2024-09-29 11:33:56 - [MESSAGE][PASSED] - PMHwaueiStats.Stats is PASSED

2024-09-29 11:33:56 - [TEST_STEP][PASSED] - Start tear down : tearDownTestCase: Method 'tearDownTestCase' complete successfully

2024-09-29 11:33:56 - [TEST_STEP][PASSED] - closeBrowser(): Browser is closed

2024-09-29 11:33:56 - [MESSAGE][PASSED] - Browser is closed

2024-09-29 11:33:56 - [MESSAGE][PASSED] - Method 'tearDownTestCase' complete successfully]]></system-out>
         <system-err><![CDATA[]]></system-err>
      </testcase>
      <testcase name="Test Cases/PM/Hwauei/Stats/4G/Region-Folder/Region" time="31.54" classname="Test Cases/PM/Hwauei/Stats/4G/Region-Folder/Region" status="PASSED">
         <system-out><![CDATA[2024-09-29 11:33:56 - [TEST_CASE][PASSED] - Test Cases/PM/Hwauei/Stats/4G/Region-Folder/Region: Test Cases/PM/Hwauei/Stats/4G/Region-Folder/Region

2024-09-29 11:33:57 - [TEST_STEP][PASSED] - callTestCase(findTestCase("LoginNew"), [:], STOP_ON_FAILURE): Call Test Case 'Test Cases/LoginNew' successfully

2024-09-29 11:33:57 - [TEST_CASE][PASSED] - Test Cases/LoginNew: Test Cases/LoginNew

2024-09-29 11:33:57 - [TEST_STEP][PASSED] - driver = general.start(SwagerURL, NetCellURL): general.start is PASSED

2024-09-29 11:33:57 - [MESSAGE][INFO] - >>> chromeDriverPath=C:\Users\FatimaIbeid\.katalon\packages\Katalon_Studio_Windows_64-8.6.9\Katalon_Studio_Windows_64-8.6.9\configuration\resources\drivers\chromedriver_win32\chromedriver.exe

2024-09-29 11:33:59 - [MESSAGE][PASSED] - Current window maximized

2024-09-29 11:34:00 - [MESSAGE][PASSED] - Execute JavaScript 'window.open();' successfully

2024-09-29 11:34:00 - [MESSAGE][PASSED] - Switched to window with index: '1'

2024-09-29 11:34:11 - [MESSAGE][PASSED] - general.start is PASSED

2024-09-29 11:34:11 - [TEST_STEP][PASSED] - delay(1): Delayed 1 second(s)

2024-09-29 11:34:12 - [MESSAGE][PASSED] - Delayed 1 second(s)

2024-09-29 11:34:12 - [TEST_STEP][PASSED] - sendKeys(findTestObject("Object Repository/Login/EnterEmail2"), "homam@zztjg.onmicrosoft.com"): Keys 'homam@zztjg.onmicrosoft.com' sent to object: 'Object Repository/Login/EnterEmail2'

2024-09-29 11:34:12 - [MESSAGE][PASSED] - Keys 'homam@zztjg.onmicrosoft.com' sent to object: 'Object Repository/Login/EnterEmail2'

2024-09-29 11:34:12 - [TEST_STEP][PASSED] - delay(1): Delayed 1 second(s)

2024-09-29 11:34:13 - [MESSAGE][PASSED] - Delayed 1 second(s)

2024-09-29 11:34:13 - [TEST_STEP][PASSED] - sendKeys(findTestObject("Object Repository/Login/EnterPassword2"), "P@ssw0rd"): Keys 'P@ssw0rd' sent to object: 'Object Repository/Login/EnterPassword2'

2024-09-29 11:34:14 - [MESSAGE][PASSED] - Keys 'P@ssw0rd' sent to object: 'Object Repository/Login/EnterPassword2'

2024-09-29 11:34:14 - [TEST_STEP][PASSED] - delay(1): Delayed 1 second(s)

2024-09-29 11:34:15 - [MESSAGE][PASSED] - Delayed 1 second(s)

2024-09-29 11:34:15 - [TEST_STEP][PASSED] - click(findTestObject("Object Repository/Login/LoginButton2")): Object: 'Object Repository/Login/LoginButton2' is clicked on

2024-09-29 11:34:15 - [MESSAGE][PASSED] - Object: 'Object Repository/Login/LoginButton2' is clicked on

2024-09-29 11:34:15 - [TEST_STEP][PASSED] - delay(1): Delayed 1 second(s)

2024-09-29 11:34:16 - [MESSAGE][PASSED] - Delayed 1 second(s)

2024-09-29 11:34:16 - [TEST_STEP][PASSED] - waitForElementPresent(findTestObject("Object Repository/Login/welcome To NetCell"), 0): Object 'Object Repository/Login/welcome To NetCell' is present

2024-09-29 11:34:16 - [MESSAGE][WARNING] - Timeout '0' is invalid. Using default page load timeout: '120'

2024-09-29 11:34:16 - [MESSAGE][PASSED] - Object 'Object Repository/Login/welcome To NetCell' is present

2024-09-29 11:34:16 - [MESSAGE][PASSED] - Call Test Case 'Test Cases/LoginNew' successfully

2024-09-29 11:34:16 - [TEST_STEP][PASSED] - switchToWindowIndex(1): Switched to window with index: '1'

2024-09-29 11:34:16 - [MESSAGE][PASSED] - Switched to window with index: '1'

2024-09-29 11:34:16 - [TEST_STEP][PASSED] - PMHwaueiStats.Stats("4G", "Region", false, "Hourly"): PMHwaueiStats.Stats is PASSED

2024-09-29 11:34:17 - [MESSAGE][PASSED] - Object: 'Object Repository/PM/PM-Button' is clicked on

2024-09-29 11:34:17 - [MESSAGE][PASSED] - Switched to window with index: '2'

2024-09-29 11:34:17 - [MESSAGE][PASSED] - Object: 'Object Repository/PM/Huawei-vendor/TopX/TopX Object Type' is clicked on

2024-09-29 11:34:18 - [MESSAGE][PASSED] - Delayed 1 second(s)

2024-09-29 11:34:19 - [MESSAGE][PASSED] - Object: 'Object Repository/PM/Huawei-vendor/Object-Type/TopX Object Types/TopX Regions/TopX Region' is clicked on

2024-09-29 11:34:20 - [MESSAGE][PASSED] - Delayed 1 second(s)

2024-09-29 11:34:20 - [MESSAGE][WARNING] - Timeout '0' is invalid. Using default page load timeout: '120'

2024-09-29 11:34:20 - [MESSAGE][PASSED] - Scroll to object 'Object Repository/PM/Huawei-vendor/Object Border' successfully

2024-09-29 11:34:20 - [MESSAGE][PASSED] - Object: 'Object Repository/PM/Huawei-vendor/Object-Type/TopX Object Types/TopX Regions/TopX Region East Amman' is clicked on

2024-09-29 11:34:20 - [MESSAGE][PASSED] - Object: 'Object Repository/PM/Huawei-vendor/Object-Type/TopX Object Types/TopX Regions/TopX Region West Amman' is clicked on

2024-09-29 11:34:21 - [MESSAGE][PASSED] - Object: 'Object Repository/PM/Huawei-vendor/Object-Type/TopX Object Types/TopX Regions/TopX Region South Jordan' is clicked on

2024-09-29 11:34:21 - [MESSAGE][PASSED] - Object: 'Object Repository/PM/Huawei-vendor/Object-Type/TopX Object Types/TopX Regions/TopX Region North Jordan' is clicked on

2024-09-29 11:34:21 - [MESSAGE][WARNING] - Timeout '0' is invalid. Using default page load timeout: '120'

2024-09-29 11:34:21 - [MESSAGE][PASSED] - Scroll to object 'Object Repository/PM/Huawei-vendor/StarttimeLable' successfully

2024-09-29 11:34:22 - [MESSAGE][PASSED] - Object: 'Object Repository/PM/Huawei-vendor/StartDate/StartDate-Button' is clicked on

2024-09-29 11:34:22 - [MESSAGE][PASSED] - Object: 'Object Repository/PM/Huawei-vendor/StartDate/Monthly-Selection' is clicked on

2024-09-29 11:34:22 - [MESSAGE][PASSED] - Object: 'Object Repository/PM/Huawei-vendor/StartDate/Fep-Selection' is clicked on

2024-09-29 11:34:23 - [MESSAGE][PASSED] - Delayed 1 second(s)

2024-09-29 11:34:23 - [MESSAGE][PASSED] - Object: 'Object Repository/PM/Huawei-vendor/StartDate/1-Fep' is clicked on

2024-09-29 11:34:24 - [MESSAGE][PASSED] - Object: 'Object Repository/PM/Huawei-vendor/Apply-Button' is clicked on

2024-09-29 11:34:24 - [MESSAGE][WARNING] - Timeout '0' is invalid. Using default page load timeout: '120'

2024-09-29 11:34:24 - [MESSAGE][PASSED] - Web element with id: 'Object Repository/PM/Huawei-vendor/Error' located by 'By.xpath: //div[@class='toast-summary title-medium-m']' is not present after '120' second(s)

2024-09-29 11:34:24 - [MESSAGE][WARNING] - Timeout '0' is invalid. Using default page load timeout: '120'

2024-09-29 11:34:27 - [MESSAGE][PASSED] - Object 'Object Repository/PM/Huawei-vendor/Export-Result' is present

2024-09-29 11:34:28 - [MESSAGE][PASSED] - Browser is closed

2024-09-29 11:34:28 - [MESSAGE][PASSED] - PMHwaueiStats.Stats is PASSED

2024-09-29 11:34:28 - [TEST_STEP][PASSED] - Start tear down : tearDownTestCase: Method 'tearDownTestCase' complete successfully

2024-09-29 11:34:28 - [TEST_STEP][PASSED] - closeBrowser(): Browser is closed

2024-09-29 11:34:28 - [MESSAGE][PASSED] - Browser is closed

2024-09-29 11:34:28 - [MESSAGE][PASSED] - Method 'tearDownTestCase' complete successfully]]></system-out>
         <system-err><![CDATA[]]></system-err>
      </testcase>
      <testcase name="Test Cases/PM/Hwauei/Stats/4G/Region-Folder/Region-Aggregation" time="28.574" classname="Test Cases/PM/Hwauei/Stats/4G/Region-Folder/Region-Aggregation" status="PASSED">
         <system-out><![CDATA[2024-09-29 11:34:28 - [TEST_CASE][PASSED] - Test Cases/PM/Hwauei/Stats/4G/Region-Folder/Region-Aggregation: Test Cases/PM/Hwauei/Stats/4G/Region-Folder/Region-Aggregation

2024-09-29 11:34:29 - [TEST_STEP][PASSED] - callTestCase(findTestCase("LoginNew"), [:], STOP_ON_FAILURE): Call Test Case 'Test Cases/LoginNew' successfully

2024-09-29 11:34:29 - [TEST_CASE][PASSED] - Test Cases/LoginNew: Test Cases/LoginNew

2024-09-29 11:34:29 - [TEST_STEP][PASSED] - driver = general.start(SwagerURL, NetCellURL): general.start is PASSED

2024-09-29 11:34:29 - [MESSAGE][INFO] - >>> chromeDriverPath=C:\Users\FatimaIbeid\.katalon\packages\Katalon_Studio_Windows_64-8.6.9\Katalon_Studio_Windows_64-8.6.9\configuration\resources\drivers\chromedriver_win32\chromedriver.exe

2024-09-29 11:34:30 - [MESSAGE][PASSED] - Current window maximized

2024-09-29 11:34:31 - [MESSAGE][PASSED] - Execute JavaScript 'window.open();' successfully

2024-09-29 11:34:31 - [MESSAGE][PASSED] - Switched to window with index: '1'

2024-09-29 11:34:42 - [MESSAGE][PASSED] - general.start is PASSED

2024-09-29 11:34:42 - [TEST_STEP][PASSED] - delay(1): Delayed 1 second(s)

2024-09-29 11:34:43 - [MESSAGE][PASSED] - Delayed 1 second(s)

2024-09-29 11:34:43 - [TEST_STEP][PASSED] - sendKeys(findTestObject("Object Repository/Login/EnterEmail2"), "homam@zztjg.onmicrosoft.com"): Keys 'homam@zztjg.onmicrosoft.com' sent to object: 'Object Repository/Login/EnterEmail2'

2024-09-29 11:34:44 - [MESSAGE][PASSED] - Keys 'homam@zztjg.onmicrosoft.com' sent to object: 'Object Repository/Login/EnterEmail2'

2024-09-29 11:34:44 - [TEST_STEP][PASSED] - delay(1): Delayed 1 second(s)

2024-09-29 11:34:45 - [MESSAGE][PASSED] - Delayed 1 second(s)

2024-09-29 11:34:45 - [TEST_STEP][PASSED] - sendKeys(findTestObject("Object Repository/Login/EnterPassword2"), "P@ssw0rd"): Keys 'P@ssw0rd' sent to object: 'Object Repository/Login/EnterPassword2'

2024-09-29 11:34:45 - [MESSAGE][PASSED] - Keys 'P@ssw0rd' sent to object: 'Object Repository/Login/EnterPassword2'

2024-09-29 11:34:45 - [TEST_STEP][PASSED] - delay(1): Delayed 1 second(s)

2024-09-29 11:34:46 - [MESSAGE][PASSED] - Delayed 1 second(s)

2024-09-29 11:34:46 - [TEST_STEP][PASSED] - click(findTestObject("Object Repository/Login/LoginButton2")): Object: 'Object Repository/Login/LoginButton2' is clicked on

2024-09-29 11:34:46 - [MESSAGE][PASSED] - Object: 'Object Repository/Login/LoginButton2' is clicked on

2024-09-29 11:34:46 - [TEST_STEP][PASSED] - delay(1): Delayed 1 second(s)

2024-09-29 11:34:47 - [MESSAGE][PASSED] - Delayed 1 second(s)

2024-09-29 11:34:47 - [TEST_STEP][PASSED] - waitForElementPresent(findTestObject("Object Repository/Login/welcome To NetCell"), 0): Object 'Object Repository/Login/welcome To NetCell' is present

2024-09-29 11:34:47 - [MESSAGE][WARNING] - Timeout '0' is invalid. Using default page load timeout: '120'

2024-09-29 11:34:47 - [MESSAGE][PASSED] - Object 'Object Repository/Login/welcome To NetCell' is present

2024-09-29 11:34:47 - [MESSAGE][PASSED] - Call Test Case 'Test Cases/LoginNew' successfully

2024-09-29 11:34:47 - [TEST_STEP][PASSED] - switchToWindowIndex(1): Switched to window with index: '1'

2024-09-29 11:34:47 - [MESSAGE][PASSED] - Switched to window with index: '1'

2024-09-29 11:34:47 - [TEST_STEP][PASSED] - PMHwaueiStats.Stats("4G", "Region", true, "Hourly"): PMHwaueiStats.Stats is PASSED

2024-09-29 11:34:47 - [MESSAGE][PASSED] - Object: 'Object Repository/PM/PM-Button' is clicked on

2024-09-29 11:34:48 - [MESSAGE][PASSED] - Switched to window with index: '2'

2024-09-29 11:34:48 - [MESSAGE][PASSED] - Object: 'Object Repository/PM/Huawei-vendor/TopX/TopX Object Type' is clicked on

2024-09-29 11:34:49 - [MESSAGE][PASSED] - Delayed 1 second(s)

2024-09-29 11:34:49 - [MESSAGE][PASSED] - Object: 'Object Repository/PM/Huawei-vendor/Object-Type/TopX Object Types/TopX Regions/TopX Region' is clicked on

2024-09-29 11:34:50 - [MESSAGE][PASSED] - Delayed 1 second(s)

2024-09-29 11:34:50 - [MESSAGE][WARNING] - Timeout '0' is invalid. Using default page load timeout: '120'

2024-09-29 11:34:50 - [MESSAGE][PASSED] - Scroll to object 'Object Repository/PM/Huawei-vendor/Object Border' successfully

2024-09-29 11:34:51 - [MESSAGE][PASSED] - Object: 'Object Repository/PM/Huawei-vendor/Object-Type/TopX Object Types/TopX Regions/TopX Region East Amman' is clicked on

2024-09-29 11:34:51 - [MESSAGE][PASSED] - Object: 'Object Repository/PM/Huawei-vendor/Object-Type/TopX Object Types/TopX Regions/TopX Region West Amman' is clicked on

2024-09-29 11:34:51 - [MESSAGE][PASSED] - Object: 'Object Repository/PM/Huawei-vendor/Object-Type/TopX Object Types/TopX Regions/TopX Region South Jordan' is clicked on

2024-09-29 11:34:51 - [MESSAGE][PASSED] - Object: 'Object Repository/PM/Huawei-vendor/Object-Type/TopX Object Types/TopX Regions/TopX Region North Jordan' is clicked on

2024-09-29 11:34:51 - [MESSAGE][PASSED] - Object: 'Object Repository/PM/Huawei-vendor/Object-Type/TopX Object Types/TopX Regions/TopX Region East Jordan' is clicked on

2024-09-29 11:34:51 - [MESSAGE][PASSED] - Object: 'Object Repository/PM/Huawei-vendor/Object-Type/TopX Object Types/TopX Regions/TopX Region Others' is clicked on

2024-09-29 11:34:52 - [MESSAGE][PASSED] - Object: 'Object Repository/PM/Huawei-vendor/Object-Type/TopX Object Types/TopX Regions/TopX Region South Amman' is clicked on

2024-09-29 11:34:52 - [MESSAGE][PASSED] - Object: 'Object Repository/PM/Huawei-vendor/Aggregation-CheckBox' is clicked on

2024-09-29 11:34:52 - [MESSAGE][WARNING] - Timeout '0' is invalid. Using default page load timeout: '120'

2024-09-29 11:34:52 - [MESSAGE][PASSED] - Scroll to object 'Object Repository/PM/Huawei-vendor/StarttimeLable' successfully

2024-09-29 11:34:52 - [MESSAGE][PASSED] - Object: 'Object Repository/PM/Huawei-vendor/StartDate/StartDate-Button' is clicked on

2024-09-29 11:34:52 - [MESSAGE][PASSED] - Object: 'Object Repository/PM/Huawei-vendor/StartDate/Monthly-Selection' is clicked on

2024-09-29 11:34:53 - [MESSAGE][PASSED] - Object: 'Object Repository/PM/Huawei-vendor/StartDate/Fep-Selection' is clicked on

2024-09-29 11:34:54 - [MESSAGE][PASSED] - Delayed 1 second(s)

2024-09-29 11:34:54 - [MESSAGE][PASSED] - Object: 'Object Repository/PM/Huawei-vendor/StartDate/1-Fep' is clicked on

2024-09-29 11:34:54 - [MESSAGE][PASSED] - Object: 'Object Repository/PM/Huawei-vendor/Apply-Button' is clicked on

2024-09-29 11:34:54 - [MESSAGE][WARNING] - Timeout '0' is invalid. Using default page load timeout: '120'

2024-09-29 11:34:54 - [MESSAGE][PASSED] - Web element with id: 'Object Repository/PM/Huawei-vendor/Error' located by 'By.xpath: //div[@class='toast-summary title-medium-m']' is not present after '120' second(s)

2024-09-29 11:34:54 - [MESSAGE][WARNING] - Timeout '0' is invalid. Using default page load timeout: '120'

2024-09-29 11:34:56 - [MESSAGE][PASSED] - Object 'Object Repository/PM/Huawei-vendor/Export-Result' is present

2024-09-29 11:34:57 - [MESSAGE][PASSED] - Browser is closed

2024-09-29 11:34:57 - [MESSAGE][PASSED] - PMHwaueiStats.Stats is PASSED

2024-09-29 11:34:57 - [TEST_STEP][PASSED] - Start tear down : tearDownTestCase: Method 'tearDownTestCase' complete successfully

2024-09-29 11:34:57 - [TEST_STEP][PASSED] - closeBrowser(): Browser is closed

2024-09-29 11:34:57 - [MESSAGE][PASSED] - Browser is closed

2024-09-29 11:34:57 - [MESSAGE][PASSED] - Method 'tearDownTestCase' complete successfully]]></system-out>
         <system-err><![CDATA[]]></system-err>
      </testcase>
      <testcase name="Test Cases/PM/Hwauei/Stats/4G/Site/Site" time="127.967" classname="Test Cases/PM/Hwauei/Stats/4G/Site/Site" status="FAILED">
         <failure type="FAILED" message="Test Cases/PM/Hwauei/Stats/4G/Site/Site FAILED.
Reason:
com.kms.katalon.core.exception.StepFailedException: Unable to click on object 'Object Repository/PM/Huawei-vendor/Object-Type/TopX Object Types/TopX Sites/TopX East Amman site1'
	at com.kms.katalon.core.webui.keyword.internal.WebUIKeywordMain.stepFailed(WebUIKeywordMain.groovy:64)
	at com.kms.katalon.core.webui.keyword.internal.WebUIKeywordMain.runKeyword(WebUIKeywordMain.groovy:26)
	at com.kms.katalon.core.webui.keyword.builtin.ClickKeyword.click(ClickKeyword.groovy:74)
	at com.kms.katalon.core.webui.keyword.builtin.ClickKeyword.execute(ClickKeyword.groovy:40)
	at com.kms.katalon.core.keyword.internal.KeywordExecutor.executeKeywordForPlatform(KeywordExecutor.groovy:74)
	at com.kms.katalon.core.webui.keyword.WebUiBuiltInKeywords.click(WebUiBuiltInKeywords.groovy:620)
	at com.kms.katalon.core.webui.keyword.WebUiBuiltInKeywords$click$3.call(Unknown Source)
	at PMHwaueiStats.Stats(PMHwaueiStats.groovy:125)
	at PMHwaueiStats.invokeMethod(PMHwaueiStats.groovy)
	at com.kms.katalon.core.main.CustomKeywordDelegatingMetaClass.invokeStaticMethod(CustomKeywordDelegatingMetaClass.java:55)
	at Site.run(Site:25)
	at com.kms.katalon.core.main.ScriptEngine.run(ScriptEngine.java:194)
	at com.kms.katalon.core.main.ScriptEngine.runScriptAsRawText(ScriptEngine.java:119)
	at com.kms.katalon.core.main.TestCaseExecutor.runScript(TestCaseExecutor.java:448)
	at com.kms.katalon.core.main.TestCaseExecutor.doExecute(TestCaseExecutor.java:439)
	at com.kms.katalon.core.main.TestCaseExecutor.processExecutionPhase(TestCaseExecutor.java:418)
	at com.kms.katalon.core.main.TestCaseExecutor.accessMainPhase(TestCaseExecutor.java:410)
	at com.kms.katalon.core.main.TestCaseExecutor.execute(TestCaseExecutor.java:285)
	at com.kms.katalon.core.common.CommonExecutor.accessTestCaseMainPhase(CommonExecutor.java:65)
	at com.kms.katalon.core.main.TestSuiteExecutor.accessTestSuiteMainPhase(TestSuiteExecutor.java:148)
	at com.kms.katalon.core.main.TestSuiteExecutor.execute(TestSuiteExecutor.java:106)
	at com.kms.katalon.core.main.TestCaseMain.startTestSuite(TestCaseMain.java:187)
	at com.kms.katalon.core.main.TestCaseMain$startTestSuite$0.call(Unknown Source)
	at TempTestSuite1727598771451.run(TempTestSuite1727598771451.groovy:35)
Caused by: org.openqa.selenium.NoSuchWindowException: no such window: target window already closed
from unknown error: web view not found
  (Session info: chrome=128.0.6613.138)
Build info: version: '3.141.59', revision: 'e82be7d358', time: '2018-11-14T08:25:53'
System info: host: 'LP-FATIMAIBEID', ip: '192.168.8.187', os.name: 'Windows 11', os.arch: 'amd64', os.version: '10.0', java.version: '1.8.0_362'
Driver info: org.openqa.selenium.chrome.ChromeDriver
Capabilities {acceptInsecureCerts: true, browserName: chrome, browserVersion: 128.0.6613.138, chrome: {chromedriverVersion: 127.0.6533.88 (a2d0cb026721..., userDataDir: C:\Users\FATIMA~1\AppData\L...}, fedcm:accounts: true, goog:chromeOptions: {debuggerAddress: localhost:50200}, javascriptEnabled: true, networkConnectionEnabled: false, pageLoadStrategy: normal, platform: WINDOWS, platformName: WINDOWS, proxy: Proxy(), setWindowRect: true, strictFileInteractability: false, timeouts: {implicit: 0, pageLoad: 300000, script: 30000}, unhandledPromptBehavior: dismiss and notify, webauthn:extension:credBlob: true, webauthn:extension:largeBlob: true, webauthn:extension:minPinLength: true, webauthn:extension:prf: true, webauthn:virtualAuthenticators: true}
Session ID: 3621bc2ae664d14cc01c5a21a3456d11
*** Element info: {Using=xpath, value=//span[contains(text(),'4812-Nayfeh_Hawouze_PE_O')]}
	at org.openqa.selenium.remote.http.W3CHttpResponseCodec.createException(W3CHttpResponseCodec.java:187)
	at org.openqa.selenium.remote.http.W3CHttpResponseCodec.decode(W3CHttpResponseCodec.java:122)
	at org.openqa.selenium.remote.http.W3CHttpResponseCodec.decode(W3CHttpResponseCodec.java:49)
	at org.openqa.selenium.remote.HttpCommandExecutor.execute(HttpCommandExecutor.java:158)
	at org.openqa.selenium.remote.service.DriverCommandExecutor.execute(DriverCommandExecutor.java:83)
	at org.openqa.selenium.remote.RemoteWebDriver.execute(RemoteWebDriver.java:552)
	at org.openqa.selenium.remote.RemoteWebDriver.findElements(RemoteWebDriver.java:353)
	at org.openqa.selenium.remote.RemoteWebDriver.findElementsByXPath(RemoteWebDriver.java:432)
	at org.openqa.selenium.By$ByXPath.findElements(By.java:348)
	at org.openqa.selenium.remote.RemoteWebDriver.findElements(RemoteWebDriver.java:311)
	at org.openqa.selenium.support.events.EventFiringWebDriver.lambda$new$1(EventFiringWebDriver.java:105)
	at com.sun.proxy.$Proxy11.findElements(Unknown Source)
	at org.openqa.selenium.support.events.EventFiringWebDriver.findElements(EventFiringWebDriver.java:182)
	at com.kms.katalon.core.webui.common.WebUiCommonHelper.findElementByNormalMethods(WebUiCommonHelper.java:1027)
	at com.kms.katalon.core.webui.common.WebUiCommonHelper.findElementsBySelectedMethod(WebUiCommonHelper.java:919)
	at com.kms.katalon.core.webui.common.WebUiCommonHelper.findElementsBySelectedMethod(WebUiCommonHelper.java:901)
	at com.kms.katalon.core.webui.common.WebUiCommonHelper.findElementsBySelectedMethod(WebUiCommonHelper.java:896)
	at com.kms.katalon.core.webui.common.WebUiCommonHelper.findElementsByDefault(WebUiCommonHelper.java:892)
	at com.kms.katalon.core.webui.common.WebUiCommonHelper.findWebElements(WebUiCommonHelper.java:720)
	at com.kms.katalon.core.webui.common.WebUiCommonHelper.findWebElement(WebUiCommonHelper.java:1376)
	at com.kms.katalon.core.webui.keyword.internal.WebUIAbstractKeyword.findWebElement(WebUIAbstractKeyword.groovy:27)
	at com.kms.katalon.core.webui.keyword.builtin.ClickKeyword$_click_closure1.doCall(ClickKeyword.groovy:65)
	at com.kms.katalon.core.webui.keyword.builtin.ClickKeyword$_click_closure1.call(ClickKeyword.groovy)
	at com.kms.katalon.core.webui.keyword.internal.WebUIKeywordMain.runKeyword(WebUIKeywordMain.groovy:20)
	... 22 more
"/>
         <system-out><![CDATA[2024-09-29 11:34:57 - [TEST_CASE][FAILED] - Test Cases/PM/Hwauei/Stats/4G/Site/Site: Test Cases/PM/Hwauei/Stats/4G/Site/Site FAILED.
Reason:
com.kms.katalon.core.exception.StepFailedException: Unable to click on object 'Object Repository/PM/Huawei-vendor/Object-Type/TopX Object Types/TopX Sites/TopX East Amman site1'
	at com.kms.katalon.core.webui.keyword.internal.WebUIKeywordMain.stepFailed(WebUIKeywordMain.groovy:64)
	at com.kms.katalon.core.webui.keyword.internal.WebUIKeywordMain.runKeyword(WebUIKeywordMain.groovy:26)
	at com.kms.katalon.core.webui.keyword.builtin.ClickKeyword.click(ClickKeyword.groovy:74)
	at com.kms.katalon.core.webui.keyword.builtin.ClickKeyword.execute(ClickKeyword.groovy:40)
	at com.kms.katalon.core.keyword.internal.KeywordExecutor.executeKeywordForPlatform(KeywordExecutor.groovy:74)
	at com.kms.katalon.core.webui.keyword.WebUiBuiltInKeywords.click(WebUiBuiltInKeywords.groovy:620)
	at com.kms.katalon.core.webui.keyword.WebUiBuiltInKeywords$click$3.call(Unknown Source)
	at PMHwaueiStats.Stats(PMHwaueiStats.groovy:125)
	at PMHwaueiStats.invokeMethod(PMHwaueiStats.groovy)
	at com.kms.katalon.core.main.CustomKeywordDelegatingMetaClass.invokeStaticMethod(CustomKeywordDelegatingMetaClass.java:55)
	at Site.run(Site:25)
	at com.kms.katalon.core.main.ScriptEngine.run(ScriptEngine.java:194)
	at com.kms.katalon.core.main.ScriptEngine.runScriptAsRawText(ScriptEngine.java:119)
	at com.kms.katalon.core.main.TestCaseExecutor.runScript(TestCaseExecutor.java:448)
	at com.kms.katalon.core.main.TestCaseExecutor.doExecute(TestCaseExecutor.java:439)
	at com.kms.katalon.core.main.TestCaseExecutor.processExecutionPhase(TestCaseExecutor.java:418)
	at com.kms.katalon.core.main.TestCaseExecutor.accessMainPhase(TestCaseExecutor.java:410)
	at com.kms.katalon.core.main.TestCaseExecutor.execute(TestCaseExecutor.java:285)
	at com.kms.katalon.core.common.CommonExecutor.accessTestCaseMainPhase(CommonExecutor.java:65)
	at com.kms.katalon.core.main.TestSuiteExecutor.accessTestSuiteMainPhase(TestSuiteExecutor.java:148)
	at com.kms.katalon.core.main.TestSuiteExecutor.execute(TestSuiteExecutor.java:106)
	at com.kms.katalon.core.main.TestCaseMain.startTestSuite(TestCaseMain.java:187)
	at com.kms.katalon.core.main.TestCaseMain$startTestSuite$0.call(Unknown Source)
	at TempTestSuite1727598771451.run(TempTestSuite1727598771451.groovy:35)
Caused by: org.openqa.selenium.NoSuchWindowException: no such window: target window already closed
from unknown error: web view not found
  (Session info: chrome=128.0.6613.138)
Build info: version: '3.141.59', revision: 'e82be7d358', time: '2018-11-14T08:25:53'
System info: host: 'LP-FATIMAIBEID', ip: '192.168.8.187', os.name: 'Windows 11', os.arch: 'amd64', os.version: '10.0', java.version: '1.8.0_362'
Driver info: org.openqa.selenium.chrome.ChromeDriver
Capabilities {acceptInsecureCerts: true, browserName: chrome, browserVersion: 128.0.6613.138, chrome: {chromedriverVersion: 127.0.6533.88 (a2d0cb026721..., userDataDir: C:\Users\FATIMA~1\AppData\L...}, fedcm:accounts: true, goog:chromeOptions: {debuggerAddress: localhost:50200}, javascriptEnabled: true, networkConnectionEnabled: false, pageLoadStrategy: normal, platform: WINDOWS, platformName: WINDOWS, proxy: Proxy(), setWindowRect: true, strictFileInteractability: false, timeouts: {implicit: 0, pageLoad: 300000, script: 30000}, unhandledPromptBehavior: dismiss and notify, webauthn:extension:credBlob: true, webauthn:extension:largeBlob: true, webauthn:extension:minPinLength: true, webauthn:extension:prf: true, webauthn:virtualAuthenticators: true}
Session ID: 3621bc2ae664d14cc01c5a21a3456d11
*** Element info: {Using=xpath, value=//span[contains(text(),'4812-Nayfeh_Hawouze_PE_O')]}
	at org.openqa.selenium.remote.http.W3CHttpResponseCodec.createException(W3CHttpResponseCodec.java:187)
	at org.openqa.selenium.remote.http.W3CHttpResponseCodec.decode(W3CHttpResponseCodec.java:122)
	at org.openqa.selenium.remote.http.W3CHttpResponseCodec.decode(W3CHttpResponseCodec.java:49)
	at org.openqa.selenium.remote.HttpCommandExecutor.execute(HttpCommandExecutor.java:158)
	at org.openqa.selenium.remote.service.DriverCommandExecutor.execute(DriverCommandExecutor.java:83)
	at org.openqa.selenium.remote.RemoteWebDriver.execute(RemoteWebDriver.java:552)
	at org.openqa.selenium.remote.RemoteWebDriver.findElements(RemoteWebDriver.java:353)
	at org.openqa.selenium.remote.RemoteWebDriver.findElementsByXPath(RemoteWebDriver.java:432)
	at org.openqa.selenium.By$ByXPath.findElements(By.java:348)
	at org.openqa.selenium.remote.RemoteWebDriver.findElements(RemoteWebDriver.java:311)
	at org.openqa.selenium.support.events.EventFiringWebDriver.lambda$new$1(EventFiringWebDriver.java:105)
	at com.sun.proxy.$Proxy11.findElements(Unknown Source)
	at org.openqa.selenium.support.events.EventFiringWebDriver.findElements(EventFiringWebDriver.java:182)
	at com.kms.katalon.core.webui.common.WebUiCommonHelper.findElementByNormalMethods(WebUiCommonHelper.java:1027)
	at com.kms.katalon.core.webui.common.WebUiCommonHelper.findElementsBySelectedMethod(WebUiCommonHelper.java:919)
	at com.kms.katalon.core.webui.common.WebUiCommonHelper.findElementsBySelectedMethod(WebUiCommonHelper.java:901)
	at com.kms.katalon.core.webui.common.WebUiCommonHelper.findElementsBySelectedMethod(WebUiCommonHelper.java:896)
	at com.kms.katalon.core.webui.common.WebUiCommonHelper.findElementsByDefault(WebUiCommonHelper.java:892)
	at com.kms.katalon.core.webui.common.WebUiCommonHelper.findWebElements(WebUiCommonHelper.java:720)
	at com.kms.katalon.core.webui.common.WebUiCommonHelper.findWebElement(WebUiCommonHelper.java:1376)
	at com.kms.katalon.core.webui.keyword.internal.WebUIAbstractKeyword.findWebElement(WebUIAbstractKeyword.groovy:27)
	at com.kms.katalon.core.webui.keyword.builtin.ClickKeyword$_click_closure1.doCall(ClickKeyword.groovy:65)
	at com.kms.katalon.core.webui.keyword.builtin.ClickKeyword$_click_closure1.call(ClickKeyword.groovy)
	at com.kms.katalon.core.webui.keyword.internal.WebUIKeywordMain.runKeyword(WebUIKeywordMain.groovy:20)
	... 22 more


2024-09-29 11:34:57 - [TEST_STEP][PASSED] - callTestCase(findTestCase("LoginNew"), [:], STOP_ON_FAILURE): Call Test Case 'Test Cases/LoginNew' successfully

2024-09-29 11:34:57 - [TEST_CASE][PASSED] - Test Cases/LoginNew: Test Cases/LoginNew

2024-09-29 11:34:57 - [TEST_STEP][PASSED] - driver = general.start(SwagerURL, NetCellURL): general.start is PASSED

2024-09-29 11:34:57 - [MESSAGE][INFO] - >>> chromeDriverPath=C:\Users\FatimaIbeid\.katalon\packages\Katalon_Studio_Windows_64-8.6.9\Katalon_Studio_Windows_64-8.6.9\configuration\resources\drivers\chromedriver_win32\chromedriver.exe

2024-09-29 11:34:58 - [MESSAGE][PASSED] - Current window maximized

2024-09-29 11:34:59 - [MESSAGE][PASSED] - Execute JavaScript 'window.open();' successfully

2024-09-29 11:34:59 - [MESSAGE][PASSED] - Switched to window with index: '1'

2024-09-29 11:35:10 - [MESSAGE][PASSED] - general.start is PASSED

2024-09-29 11:35:10 - [TEST_STEP][PASSED] - delay(1): Delayed 1 second(s)

2024-09-29 11:35:11 - [MESSAGE][PASSED] - Delayed 1 second(s)

2024-09-29 11:35:11 - [TEST_STEP][PASSED] - sendKeys(findTestObject("Object Repository/Login/EnterEmail2"), "homam@zztjg.onmicrosoft.com"): Keys 'homam@zztjg.onmicrosoft.com' sent to object: 'Object Repository/Login/EnterEmail2'

2024-09-29 11:35:12 - [MESSAGE][PASSED] - Keys 'homam@zztjg.onmicrosoft.com' sent to object: 'Object Repository/Login/EnterEmail2'

2024-09-29 11:35:12 - [TEST_STEP][PASSED] - delay(1): Delayed 1 second(s)

2024-09-29 11:35:13 - [MESSAGE][PASSED] - Delayed 1 second(s)

2024-09-29 11:35:13 - [TEST_STEP][PASSED] - sendKeys(findTestObject("Object Repository/Login/EnterPassword2"), "P@ssw0rd"): Keys 'P@ssw0rd' sent to object: 'Object Repository/Login/EnterPassword2'

2024-09-29 11:35:13 - [MESSAGE][PASSED] - Keys 'P@ssw0rd' sent to object: 'Object Repository/Login/EnterPassword2'

2024-09-29 11:35:13 - [TEST_STEP][PASSED] - delay(1): Delayed 1 second(s)

2024-09-29 11:35:14 - [MESSAGE][PASSED] - Delayed 1 second(s)

2024-09-29 11:35:14 - [TEST_STEP][PASSED] - click(findTestObject("Object Repository/Login/LoginButton2")): Object: 'Object Repository/Login/LoginButton2' is clicked on

2024-09-29 11:35:14 - [MESSAGE][PASSED] - Object: 'Object Repository/Login/LoginButton2' is clicked on

2024-09-29 11:35:14 - [TEST_STEP][PASSED] - delay(1): Delayed 1 second(s)

2024-09-29 11:35:15 - [MESSAGE][PASSED] - Delayed 1 second(s)

2024-09-29 11:35:15 - [TEST_STEP][PASSED] - waitForElementPresent(findTestObject("Object Repository/Login/welcome To NetCell"), 0): Object 'Object Repository/Login/welcome To NetCell' is present

2024-09-29 11:35:15 - [MESSAGE][WARNING] - Timeout '0' is invalid. Using default page load timeout: '120'

2024-09-29 11:35:15 - [MESSAGE][PASSED] - Object 'Object Repository/Login/welcome To NetCell' is present

2024-09-29 11:35:15 - [MESSAGE][PASSED] - Call Test Case 'Test Cases/LoginNew' successfully

2024-09-29 11:35:15 - [TEST_STEP][PASSED] - switchToWindowIndex(1): Switched to window with index: '1'

2024-09-29 11:35:15 - [MESSAGE][PASSED] - Switched to window with index: '1'

2024-09-29 11:35:15 - [TEST_STEP][FAILED] - PMHwaueiStats.Stats("4G", "Site", false, "Hourly"): Unable to click on object 'Object Repository/PM/Huawei-vendor/Object-Type/TopX Object Types/TopX Sites/TopX East Amman site1'

2024-09-29 11:35:15 - [MESSAGE][PASSED] - Object: 'Object Repository/PM/PM-Button' is clicked on

2024-09-29 11:35:15 - [MESSAGE][PASSED] - Switched to window with index: '2'

2024-09-29 11:35:27 - [MESSAGE][PASSED] - Object: 'Object Repository/PM/Huawei-vendor/TopX/TopX Object Type' is clicked on

2024-09-29 11:35:28 - [MESSAGE][PASSED] - Delayed 1 second(s)

2024-09-29 11:35:28 - [MESSAGE][PASSED] - Object: 'Object Repository/PM/Huawei-vendor/Object-Type/TopX Object Types/TopX Sites/TopX Site' is clicked on

2024-09-29 11:35:29 - [MESSAGE][PASSED] - Delayed 1 second(s)

2024-09-29 11:35:29 - [MESSAGE][WARNING] - Timeout '0' is invalid. Using default page load timeout: '120'

2024-09-29 11:35:29 - [MESSAGE][PASSED] - Scroll to object 'Object Repository/PM/Huawei-vendor/Object Border' successfully

2024-09-29 11:35:29 - [MESSAGE][PASSED] - Object: 'Object Repository/PM/Huawei-vendor/Object-Type/TopX Object Types/TopX Sites/TopX East Amman Arrow' is clicked on

2024-09-29 11:37:04 - [MESSAGE][WARNING] - Cannot take screenshot

2024-09-29 11:37:04 - [MESSAGE][FAILED] - Unable to click on object 'Object Repository/PM/Huawei-vendor/Object-Type/TopX Object Types/TopX Sites/TopX East Amman site1' (Root cause: com.kms.katalon.core.exception.StepFailedException: Unable to click on object 'Object Repository/PM/Huawei-vendor/Object-Type/TopX Object Types/TopX Sites/TopX East Amman site1'
	at com.kms.katalon.core.webui.keyword.internal.WebUIKeywordMain.stepFailed(WebUIKeywordMain.groovy:64)
	at com.kms.katalon.core.webui.keyword.internal.WebUIKeywordMain.runKeyword(WebUIKeywordMain.groovy:26)
	at com.kms.katalon.core.webui.keyword.builtin.ClickKeyword.click(ClickKeyword.groovy:74)
	at com.kms.katalon.core.webui.keyword.builtin.ClickKeyword.execute(ClickKeyword.groovy:40)
	at com.kms.katalon.core.keyword.internal.KeywordExecutor.executeKeywordForPlatform(KeywordExecutor.groovy:74)
	at com.kms.katalon.core.webui.keyword.WebUiBuiltInKeywords.click(WebUiBuiltInKeywords.groovy:620)
	at com.kms.katalon.core.webui.keyword.WebUiBuiltInKeywords$click$3.call(Unknown Source)
	at PMHwaueiStats.Stats(PMHwaueiStats.groovy:125)
	at PMHwaueiStats.invokeMethod(PMHwaueiStats.groovy)
	at com.kms.katalon.core.main.CustomKeywordDelegatingMetaClass.invokeStaticMethod(CustomKeywordDelegatingMetaClass.java:55)
	at Site.run(Site:25)
	at com.kms.katalon.core.main.ScriptEngine.run(ScriptEngine.java:194)
	at com.kms.katalon.core.main.ScriptEngine.runScriptAsRawText(ScriptEngine.java:119)
	at com.kms.katalon.core.main.TestCaseExecutor.runScript(TestCaseExecutor.java:448)
	at com.kms.katalon.core.main.TestCaseExecutor.doExecute(TestCaseExecutor.java:439)
	at com.kms.katalon.core.main.TestCaseExecutor.processExecutionPhase(TestCaseExecutor.java:418)
	at com.kms.katalon.core.main.TestCaseExecutor.accessMainPhase(TestCaseExecutor.java:410)
	at com.kms.katalon.core.main.TestCaseExecutor.execute(TestCaseExecutor.java:285)
	at com.kms.katalon.core.common.CommonExecutor.accessTestCaseMainPhase(CommonExecutor.java:65)
	at com.kms.katalon.core.main.TestSuiteExecutor.accessTestSuiteMainPhase(TestSuiteExecutor.java:148)
	at com.kms.katalon.core.main.TestSuiteExecutor.execute(TestSuiteExecutor.java:106)
	at com.kms.katalon.core.main.TestCaseMain.startTestSuite(TestCaseMain.java:187)
	at com.kms.katalon.core.main.TestCaseMain$startTestSuite$0.call(Unknown Source)
	at TempTestSuite1727598771451.run(TempTestSuite1727598771451.groovy:35)
Caused by: org.openqa.selenium.NoSuchWindowException: no such window: target window already closed
from unknown error: web view not found
  (Session info: chrome=128.0.6613.138)
Build info: version: '3.141.59', revision: 'e82be7d358', time: '2018-11-14T08:25:53'
System info: host: 'LP-FATIMAIBEID', ip: '192.168.8.187', os.name: 'Windows 11', os.arch: 'amd64', os.version: '10.0', java.version: '1.8.0_362'
Driver info: org.openqa.selenium.chrome.ChromeDriver
Capabilities {acceptInsecureCerts: true, browserName: chrome, browserVersion: 128.0.6613.138, chrome: {chromedriverVersion: 127.0.6533.88 (a2d0cb026721..., userDataDir: C:\Users\FATIMA~1\AppData\L...}, fedcm:accounts: true, goog:chromeOptions: {debuggerAddress: localhost:50200}, javascriptEnabled: true, networkConnectionEnabled: false, pageLoadStrategy: normal, platform: WINDOWS, platformName: WINDOWS, proxy: Proxy(), setWindowRect: true, strictFileInteractability: false, timeouts: {implicit: 0, pageLoad: 300000, script: 30000}, unhandledPromptBehavior: dismiss and notify, webauthn:extension:credBlob: true, webauthn:extension:largeBlob: true, webauthn:extension:minPinLength: true, webauthn:extension:prf: true, webauthn:virtualAuthenticators: true}
Session ID: 3621bc2ae664d14cc01c5a21a3456d11
*** Element info: {Using=xpath, value=//span[contains(text(),'4812-Nayfeh_Hawouze_PE_O')]}
	at org.openqa.selenium.remote.http.W3CHttpResponseCodec.createException(W3CHttpResponseCodec.java:187)
	at org.openqa.selenium.remote.http.W3CHttpResponseCodec.decode(W3CHttpResponseCodec.java:122)
	at org.openqa.selenium.remote.http.W3CHttpResponseCodec.decode(W3CHttpResponseCodec.java:49)
	at org.openqa.selenium.remote.HttpCommandExecutor.execute(HttpCommandExecutor.java:158)
	at org.openqa.selenium.remote.service.DriverCommandExecutor.execute(DriverCommandExecutor.java:83)
	at org.openqa.selenium.remote.RemoteWebDriver.execute(RemoteWebDriver.java:552)
	at org.openqa.selenium.remote.RemoteWebDriver.findElements(RemoteWebDriver.java:353)
	at org.openqa.selenium.remote.RemoteWebDriver.findElementsByXPath(RemoteWebDriver.java:432)
	at org.openqa.selenium.By$ByXPath.findElements(By.java:348)
	at org.openqa.selenium.remote.RemoteWebDriver.findElements(RemoteWebDriver.java:311)
	at org.openqa.selenium.support.events.EventFiringWebDriver.lambda$new$1(EventFiringWebDriver.java:105)
	at com.sun.proxy.$Proxy11.findElements(Unknown Source)
	at org.openqa.selenium.support.events.EventFiringWebDriver.findElements(EventFiringWebDriver.java:182)
	at com.kms.katalon.core.webui.common.WebUiCommonHelper.findElementByNormalMethods(WebUiCommonHelper.java:1027)
	at com.kms.katalon.core.webui.common.WebUiCommonHelper.findElementsBySelectedMethod(WebUiCommonHelper.java:919)
	at com.kms.katalon.core.webui.common.WebUiCommonHelper.findElementsBySelectedMethod(WebUiCommonHelper.java:901)
	at com.kms.katalon.core.webui.common.WebUiCommonHelper.findElementsBySelectedMethod(WebUiCommonHelper.java:896)
	at com.kms.katalon.core.webui.common.WebUiCommonHelper.findElementsByDefault(WebUiCommonHelper.java:892)
	at com.kms.katalon.core.webui.common.WebUiCommonHelper.findWebElements(WebUiCommonHelper.java:720)
	at com.kms.katalon.core.webui.common.WebUiCommonHelper.findWebElement(WebUiCommonHelper.java:1376)
	at com.kms.katalon.core.webui.keyword.internal.WebUIAbstractKeyword.findWebElement(WebUIAbstractKeyword.groovy:27)
	at com.kms.katalon.core.webui.keyword.builtin.ClickKeyword$_click_closure1.doCall(ClickKeyword.groovy:65)
	at com.kms.katalon.core.webui.keyword.builtin.ClickKeyword$_click_closure1.call(ClickKeyword.groovy)
	at com.kms.katalon.core.webui.keyword.internal.WebUIKeywordMain.runKeyword(WebUIKeywordMain.groovy:20)
	at com.kms.katalon.core.webui.keyword.builtin.ClickKeyword.click(ClickKeyword.groovy:74)
	at com.kms.katalon.core.webui.keyword.builtin.ClickKeyword.execute(ClickKeyword.groovy:40)
	at com.kms.katalon.core.keyword.internal.KeywordExecutor.executeKeywordForPlatform(KeywordExecutor.groovy:74)
	at com.kms.katalon.core.webui.keyword.WebUiBuiltInKeywords.click(WebUiBuiltInKeywords.groovy:620)
	at com.kms.katalon.core.webui.keyword.WebUiBuiltInKeywords$click$3.call(Unknown Source)
	at PMHwaueiStats.Stats(PMHwaueiStats.groovy:125)
	at PMHwaueiStats.invokeMethod(PMHwaueiStats.groovy)
	at com.kms.katalon.core.main.CustomKeywordDelegatingMetaClass.invokeStaticMethod(CustomKeywordDelegatingMetaClass.java:55)
	at Script1722259026966.run(Script1722259026966.groovy:25)
	... 13 more
)

2024-09-29 11:37:04 - [MESSAGE][FAILED] - Unable to click on object 'Object Repository/PM/Huawei-vendor/Object-Type/TopX Object Types/TopX Sites/TopX East Amman site1'

2024-09-29 11:37:04 - [TEST_STEP][PASSED] - Start tear down : tearDownTestCase: Method 'tearDownTestCase' complete successfully

2024-09-29 11:37:04 - [TEST_STEP][PASSED] - closeBrowser(): Browser is closed

2024-09-29 11:37:05 - [MESSAGE][PASSED] - Browser is closed

2024-09-29 11:37:05 - [MESSAGE][PASSED] - Method 'tearDownTestCase' complete successfully]]></system-out>
         <system-err><![CDATA[2024-09-29 11:34:57 - [TEST_CASE][FAILED] - Test Cases/PM/Hwauei/Stats/4G/Site/Site: Test Cases/PM/Hwauei/Stats/4G/Site/Site FAILED.
Reason:
com.kms.katalon.core.exception.StepFailedException: Unable to click on object 'Object Repository/PM/Huawei-vendor/Object-Type/TopX Object Types/TopX Sites/TopX East Amman site1'
	at com.kms.katalon.core.webui.keyword.internal.WebUIKeywordMain.stepFailed(WebUIKeywordMain.groovy:64)
	at com.kms.katalon.core.webui.keyword.internal.WebUIKeywordMain.runKeyword(WebUIKeywordMain.groovy:26)
	at com.kms.katalon.core.webui.keyword.builtin.ClickKeyword.click(ClickKeyword.groovy:74)
	at com.kms.katalon.core.webui.keyword.builtin.ClickKeyword.execute(ClickKeyword.groovy:40)
	at com.kms.katalon.core.keyword.internal.KeywordExecutor.executeKeywordForPlatform(KeywordExecutor.groovy:74)
	at com.kms.katalon.core.webui.keyword.WebUiBuiltInKeywords.click(WebUiBuiltInKeywords.groovy:620)
	at com.kms.katalon.core.webui.keyword.WebUiBuiltInKeywords$click$3.call(Unknown Source)
	at PMHwaueiStats.Stats(PMHwaueiStats.groovy:125)
	at PMHwaueiStats.invokeMethod(PMHwaueiStats.groovy)
	at com.kms.katalon.core.main.CustomKeywordDelegatingMetaClass.invokeStaticMethod(CustomKeywordDelegatingMetaClass.java:55)
	at Site.run(Site:25)
	at com.kms.katalon.core.main.ScriptEngine.run(ScriptEngine.java:194)
	at com.kms.katalon.core.main.ScriptEngine.runScriptAsRawText(ScriptEngine.java:119)
	at com.kms.katalon.core.main.TestCaseExecutor.runScript(TestCaseExecutor.java:448)
	at com.kms.katalon.core.main.TestCaseExecutor.doExecute(TestCaseExecutor.java:439)
	at com.kms.katalon.core.main.TestCaseExecutor.processExecutionPhase(TestCaseExecutor.java:418)
	at com.kms.katalon.core.main.TestCaseExecutor.accessMainPhase(TestCaseExecutor.java:410)
	at com.kms.katalon.core.main.TestCaseExecutor.execute(TestCaseExecutor.java:285)
	at com.kms.katalon.core.common.CommonExecutor.accessTestCaseMainPhase(CommonExecutor.java:65)
	at com.kms.katalon.core.main.TestSuiteExecutor.accessTestSuiteMainPhase(TestSuiteExecutor.java:148)
	at com.kms.katalon.core.main.TestSuiteExecutor.execute(TestSuiteExecutor.java:106)
	at com.kms.katalon.core.main.TestCaseMain.startTestSuite(TestCaseMain.java:187)
	at com.kms.katalon.core.main.TestCaseMain$startTestSuite$0.call(Unknown Source)
	at TempTestSuite1727598771451.run(TempTestSuite1727598771451.groovy:35)
Caused by: org.openqa.selenium.NoSuchWindowException: no such window: target window already closed
from unknown error: web view not found
  (Session info: chrome=128.0.6613.138)
Build info: version: '3.141.59', revision: 'e82be7d358', time: '2018-11-14T08:25:53'
System info: host: 'LP-FATIMAIBEID', ip: '192.168.8.187', os.name: 'Windows 11', os.arch: 'amd64', os.version: '10.0', java.version: '1.8.0_362'
Driver info: org.openqa.selenium.chrome.ChromeDriver
Capabilities {acceptInsecureCerts: true, browserName: chrome, browserVersion: 128.0.6613.138, chrome: {chromedriverVersion: 127.0.6533.88 (a2d0cb026721..., userDataDir: C:\Users\FATIMA~1\AppData\L...}, fedcm:accounts: true, goog:chromeOptions: {debuggerAddress: localhost:50200}, javascriptEnabled: true, networkConnectionEnabled: false, pageLoadStrategy: normal, platform: WINDOWS, platformName: WINDOWS, proxy: Proxy(), setWindowRect: true, strictFileInteractability: false, timeouts: {implicit: 0, pageLoad: 300000, script: 30000}, unhandledPromptBehavior: dismiss and notify, webauthn:extension:credBlob: true, webauthn:extension:largeBlob: true, webauthn:extension:minPinLength: true, webauthn:extension:prf: true, webauthn:virtualAuthenticators: true}
Session ID: 3621bc2ae664d14cc01c5a21a3456d11
*** Element info: {Using=xpath, value=//span[contains(text(),'4812-Nayfeh_Hawouze_PE_O')]}
	at org.openqa.selenium.remote.http.W3CHttpResponseCodec.createException(W3CHttpResponseCodec.java:187)
	at org.openqa.selenium.remote.http.W3CHttpResponseCodec.decode(W3CHttpResponseCodec.java:122)
	at org.openqa.selenium.remote.http.W3CHttpResponseCodec.decode(W3CHttpResponseCodec.java:49)
	at org.openqa.selenium.remote.HttpCommandExecutor.execute(HttpCommandExecutor.java:158)
	at org.openqa.selenium.remote.service.DriverCommandExecutor.execute(DriverCommandExecutor.java:83)
	at org.openqa.selenium.remote.RemoteWebDriver.execute(RemoteWebDriver.java:552)
	at org.openqa.selenium.remote.RemoteWebDriver.findElements(RemoteWebDriver.java:353)
	at org.openqa.selenium.remote.RemoteWebDriver.findElementsByXPath(RemoteWebDriver.java:432)
	at org.openqa.selenium.By$ByXPath.findElements(By.java:348)
	at org.openqa.selenium.remote.RemoteWebDriver.findElements(RemoteWebDriver.java:311)
	at org.openqa.selenium.support.events.EventFiringWebDriver.lambda$new$1(EventFiringWebDriver.java:105)
	at com.sun.proxy.$Proxy11.findElements(Unknown Source)
	at org.openqa.selenium.support.events.EventFiringWebDriver.findElements(EventFiringWebDriver.java:182)
	at com.kms.katalon.core.webui.common.WebUiCommonHelper.findElementByNormalMethods(WebUiCommonHelper.java:1027)
	at com.kms.katalon.core.webui.common.WebUiCommonHelper.findElementsBySelectedMethod(WebUiCommonHelper.java:919)
	at com.kms.katalon.core.webui.common.WebUiCommonHelper.findElementsBySelectedMethod(WebUiCommonHelper.java:901)
	at com.kms.katalon.core.webui.common.WebUiCommonHelper.findElementsBySelectedMethod(WebUiCommonHelper.java:896)
	at com.kms.katalon.core.webui.common.WebUiCommonHelper.findElementsByDefault(WebUiCommonHelper.java:892)
	at com.kms.katalon.core.webui.common.WebUiCommonHelper.findWebElements(WebUiCommonHelper.java:720)
	at com.kms.katalon.core.webui.common.WebUiCommonHelper.findWebElement(WebUiCommonHelper.java:1376)
	at com.kms.katalon.core.webui.keyword.internal.WebUIAbstractKeyword.findWebElement(WebUIAbstractKeyword.groovy:27)
	at com.kms.katalon.core.webui.keyword.builtin.ClickKeyword$_click_closure1.doCall(ClickKeyword.groovy:65)
	at com.kms.katalon.core.webui.keyword.builtin.ClickKeyword$_click_closure1.call(ClickKeyword.groovy)
	at com.kms.katalon.core.webui.keyword.internal.WebUIKeywordMain.runKeyword(WebUIKeywordMain.groovy:20)
	... 22 more]]></system-err>
      </testcase>
      <testcase name="Test Cases/PM/Hwauei/Stats/4G/Site/Site-Aggregation" time="40.53" classname="Test Cases/PM/Hwauei/Stats/4G/Site/Site-Aggregation" status="FAILED">
         <failure type="FAILED" message="Test Cases/PM/Hwauei/Stats/4G/Site/Site-Aggregation FAILED.
Reason:
com.kms.katalon.core.exception.StepFailedException: Unable to click on object 'Object Repository/PM/Huawei-vendor/Object-Type/TopX Object Types/TopX Sites/TopX East Amman site1'
	at com.kms.katalon.core.webui.keyword.internal.WebUIKeywordMain.stepFailed(WebUIKeywordMain.groovy:64)
	at com.kms.katalon.core.webui.keyword.internal.WebUIKeywordMain.runKeyword(WebUIKeywordMain.groovy:26)
	at com.kms.katalon.core.webui.keyword.builtin.ClickKeyword.click(ClickKeyword.groovy:74)
	at com.kms.katalon.core.webui.keyword.builtin.ClickKeyword.execute(ClickKeyword.groovy:40)
	at com.kms.katalon.core.keyword.internal.KeywordExecutor.executeKeywordForPlatform(KeywordExecutor.groovy:74)
	at com.kms.katalon.core.webui.keyword.WebUiBuiltInKeywords.click(WebUiBuiltInKeywords.groovy:620)
	at com.kms.katalon.core.webui.keyword.WebUiBuiltInKeywords$click$3.call(Unknown Source)
	at PMHwaueiStats.Stats(PMHwaueiStats.groovy:94)
	at PMHwaueiStats.invokeMethod(PMHwaueiStats.groovy)
	at com.kms.katalon.core.main.CustomKeywordDelegatingMetaClass.invokeStaticMethod(CustomKeywordDelegatingMetaClass.java:55)
	at Site-Aggregation.run(Site-Aggregation:24)
	at com.kms.katalon.core.main.ScriptEngine.run(ScriptEngine.java:194)
	at com.kms.katalon.core.main.ScriptEngine.runScriptAsRawText(ScriptEngine.java:119)
	at com.kms.katalon.core.main.TestCaseExecutor.runScript(TestCaseExecutor.java:448)
	at com.kms.katalon.core.main.TestCaseExecutor.doExecute(TestCaseExecutor.java:439)
	at com.kms.katalon.core.main.TestCaseExecutor.processExecutionPhase(TestCaseExecutor.java:418)
	at com.kms.katalon.core.main.TestCaseExecutor.accessMainPhase(TestCaseExecutor.java:410)
	at com.kms.katalon.core.main.TestCaseExecutor.execute(TestCaseExecutor.java:285)
	at com.kms.katalon.core.common.CommonExecutor.accessTestCaseMainPhase(CommonExecutor.java:65)
	at com.kms.katalon.core.main.TestSuiteExecutor.accessTestSuiteMainPhase(TestSuiteExecutor.java:148)
	at com.kms.katalon.core.main.TestSuiteExecutor.execute(TestSuiteExecutor.java:106)
	at com.kms.katalon.core.main.TestCaseMain.startTestSuite(TestCaseMain.java:187)
	at com.kms.katalon.core.main.TestCaseMain$startTestSuite$0.call(Unknown Source)
	at TempTestSuite1727598771451.run(TempTestSuite1727598771451.groovy:35)
Caused by: org.openqa.selenium.NoSuchWindowException: no such window: target window already closed
from unknown error: web view not found
  (Session info: chrome=128.0.6613.138)
Build info: version: '3.141.59', revision: 'e82be7d358', time: '2018-11-14T08:25:53'
System info: host: 'LP-FATIMAIBEID', ip: '192.168.8.187', os.name: 'Windows 11', os.arch: 'amd64', os.version: '10.0', java.version: '1.8.0_362'
Driver info: org.openqa.selenium.chrome.ChromeDriver
Capabilities {acceptInsecureCerts: true, browserName: chrome, browserVersion: 128.0.6613.138, chrome: {chromedriverVersion: 127.0.6533.88 (a2d0cb026721..., userDataDir: C:\Users\FATIMA~1\AppData\L...}, fedcm:accounts: true, goog:chromeOptions: {debuggerAddress: localhost:50407}, javascriptEnabled: true, networkConnectionEnabled: false, pageLoadStrategy: normal, platform: WINDOWS, platformName: WINDOWS, proxy: Proxy(), setWindowRect: true, strictFileInteractability: false, timeouts: {implicit: 0, pageLoad: 300000, script: 30000}, unhandledPromptBehavior: dismiss and notify, webauthn:extension:credBlob: true, webauthn:extension:largeBlob: true, webauthn:extension:minPinLength: true, webauthn:extension:prf: true, webauthn:virtualAuthenticators: true}
Session ID: 4d5a2c04941e236175ebf2ed1e336ada
*** Element info: {Using=xpath, value=//span[contains(text(),'4812-Nayfeh_Hawouze_PE_O')]}
	at org.openqa.selenium.remote.http.W3CHttpResponseCodec.createException(W3CHttpResponseCodec.java:187)
	at org.openqa.selenium.remote.http.W3CHttpResponseCodec.decode(W3CHttpResponseCodec.java:122)
	at org.openqa.selenium.remote.http.W3CHttpResponseCodec.decode(W3CHttpResponseCodec.java:49)
	at org.openqa.selenium.remote.HttpCommandExecutor.execute(HttpCommandExecutor.java:158)
	at org.openqa.selenium.remote.service.DriverCommandExecutor.execute(DriverCommandExecutor.java:83)
	at org.openqa.selenium.remote.RemoteWebDriver.execute(RemoteWebDriver.java:552)
	at org.openqa.selenium.remote.RemoteWebDriver.findElements(RemoteWebDriver.java:353)
	at org.openqa.selenium.remote.RemoteWebDriver.findElementsByXPath(RemoteWebDriver.java:432)
	at org.openqa.selenium.By$ByXPath.findElements(By.java:348)
	at org.openqa.selenium.remote.RemoteWebDriver.findElements(RemoteWebDriver.java:311)
	at org.openqa.selenium.support.events.EventFiringWebDriver.lambda$new$1(EventFiringWebDriver.java:105)
	at com.sun.proxy.$Proxy11.findElements(Unknown Source)
	at org.openqa.selenium.support.events.EventFiringWebDriver.findElements(EventFiringWebDriver.java:182)
	at com.kms.katalon.core.webui.common.WebUiCommonHelper.findElementByNormalMethods(WebUiCommonHelper.java:1027)
	at com.kms.katalon.core.webui.common.WebUiCommonHelper.findElementsBySelectedMethod(WebUiCommonHelper.java:919)
	at com.kms.katalon.core.webui.common.WebUiCommonHelper.findElementsBySelectedMethod(WebUiCommonHelper.java:901)
	at com.kms.katalon.core.webui.common.WebUiCommonHelper.findElementsBySelectedMethod(WebUiCommonHelper.java:896)
	at com.kms.katalon.core.webui.common.WebUiCommonHelper.findElementsByDefault(WebUiCommonHelper.java:892)
	at com.kms.katalon.core.webui.common.WebUiCommonHelper.findWebElements(WebUiCommonHelper.java:720)
	at com.kms.katalon.core.webui.common.WebUiCommonHelper.findWebElement(WebUiCommonHelper.java:1376)
	at com.kms.katalon.core.webui.keyword.internal.WebUIAbstractKeyword.findWebElement(WebUIAbstractKeyword.groovy:27)
	at com.kms.katalon.core.webui.keyword.builtin.ClickKeyword$_click_closure1.doCall(ClickKeyword.groovy:65)
	at com.kms.katalon.core.webui.keyword.builtin.ClickKeyword$_click_closure1.call(ClickKeyword.groovy)
	at com.kms.katalon.core.webui.keyword.internal.WebUIKeywordMain.runKeyword(WebUIKeywordMain.groovy:20)
	... 22 more
"/>
         <system-out><![CDATA[2024-09-29 11:37:05 - [TEST_CASE][FAILED] - Test Cases/PM/Hwauei/Stats/4G/Site/Site-Aggregation: Test Cases/PM/Hwauei/Stats/4G/Site/Site-Aggregation FAILED.
Reason:
com.kms.katalon.core.exception.StepFailedException: Unable to click on object 'Object Repository/PM/Huawei-vendor/Object-Type/TopX Object Types/TopX Sites/TopX East Amman site1'
	at com.kms.katalon.core.webui.keyword.internal.WebUIKeywordMain.stepFailed(WebUIKeywordMain.groovy:64)
	at com.kms.katalon.core.webui.keyword.internal.WebUIKeywordMain.runKeyword(WebUIKeywordMain.groovy:26)
	at com.kms.katalon.core.webui.keyword.builtin.ClickKeyword.click(ClickKeyword.groovy:74)
	at com.kms.katalon.core.webui.keyword.builtin.ClickKeyword.execute(ClickKeyword.groovy:40)
	at com.kms.katalon.core.keyword.internal.KeywordExecutor.executeKeywordForPlatform(KeywordExecutor.groovy:74)
	at com.kms.katalon.core.webui.keyword.WebUiBuiltInKeywords.click(WebUiBuiltInKeywords.groovy:620)
	at com.kms.katalon.core.webui.keyword.WebUiBuiltInKeywords$click$3.call(Unknown Source)
	at PMHwaueiStats.Stats(PMHwaueiStats.groovy:94)
	at PMHwaueiStats.invokeMethod(PMHwaueiStats.groovy)
	at com.kms.katalon.core.main.CustomKeywordDelegatingMetaClass.invokeStaticMethod(CustomKeywordDelegatingMetaClass.java:55)
	at Site-Aggregation.run(Site-Aggregation:24)
	at com.kms.katalon.core.main.ScriptEngine.run(ScriptEngine.java:194)
	at com.kms.katalon.core.main.ScriptEngine.runScriptAsRawText(ScriptEngine.java:119)
	at com.kms.katalon.core.main.TestCaseExecutor.runScript(TestCaseExecutor.java:448)
	at com.kms.katalon.core.main.TestCaseExecutor.doExecute(TestCaseExecutor.java:439)
	at com.kms.katalon.core.main.TestCaseExecutor.processExecutionPhase(TestCaseExecutor.java:418)
	at com.kms.katalon.core.main.TestCaseExecutor.accessMainPhase(TestCaseExecutor.java:410)
	at com.kms.katalon.core.main.TestCaseExecutor.execute(TestCaseExecutor.java:285)
	at com.kms.katalon.core.common.CommonExecutor.accessTestCaseMainPhase(CommonExecutor.java:65)
	at com.kms.katalon.core.main.TestSuiteExecutor.accessTestSuiteMainPhase(TestSuiteExecutor.java:148)
	at com.kms.katalon.core.main.TestSuiteExecutor.execute(TestSuiteExecutor.java:106)
	at com.kms.katalon.core.main.TestCaseMain.startTestSuite(TestCaseMain.java:187)
	at com.kms.katalon.core.main.TestCaseMain$startTestSuite$0.call(Unknown Source)
	at TempTestSuite1727598771451.run(TempTestSuite1727598771451.groovy:35)
Caused by: org.openqa.selenium.NoSuchWindowException: no such window: target window already closed
from unknown error: web view not found
  (Session info: chrome=128.0.6613.138)
Build info: version: '3.141.59', revision: 'e82be7d358', time: '2018-11-14T08:25:53'
System info: host: 'LP-FATIMAIBEID', ip: '192.168.8.187', os.name: 'Windows 11', os.arch: 'amd64', os.version: '10.0', java.version: '1.8.0_362'
Driver info: org.openqa.selenium.chrome.ChromeDriver
Capabilities {acceptInsecureCerts: true, browserName: chrome, browserVersion: 128.0.6613.138, chrome: {chromedriverVersion: 127.0.6533.88 (a2d0cb026721..., userDataDir: C:\Users\FATIMA~1\AppData\L...}, fedcm:accounts: true, goog:chromeOptions: {debuggerAddress: localhost:50407}, javascriptEnabled: true, networkConnectionEnabled: false, pageLoadStrategy: normal, platform: WINDOWS, platformName: WINDOWS, proxy: Proxy(), setWindowRect: true, strictFileInteractability: false, timeouts: {implicit: 0, pageLoad: 300000, script: 30000}, unhandledPromptBehavior: dismiss and notify, webauthn:extension:credBlob: true, webauthn:extension:largeBlob: true, webauthn:extension:minPinLength: true, webauthn:extension:prf: true, webauthn:virtualAuthenticators: true}
Session ID: 4d5a2c04941e236175ebf2ed1e336ada
*** Element info: {Using=xpath, value=//span[contains(text(),'4812-Nayfeh_Hawouze_PE_O')]}
	at org.openqa.selenium.remote.http.W3CHttpResponseCodec.createException(W3CHttpResponseCodec.java:187)
	at org.openqa.selenium.remote.http.W3CHttpResponseCodec.decode(W3CHttpResponseCodec.java:122)
	at org.openqa.selenium.remote.http.W3CHttpResponseCodec.decode(W3CHttpResponseCodec.java:49)
	at org.openqa.selenium.remote.HttpCommandExecutor.execute(HttpCommandExecutor.java:158)
	at org.openqa.selenium.remote.service.DriverCommandExecutor.execute(DriverCommandExecutor.java:83)
	at org.openqa.selenium.remote.RemoteWebDriver.execute(RemoteWebDriver.java:552)
	at org.openqa.selenium.remote.RemoteWebDriver.findElements(RemoteWebDriver.java:353)
	at org.openqa.selenium.remote.RemoteWebDriver.findElementsByXPath(RemoteWebDriver.java:432)
	at org.openqa.selenium.By$ByXPath.findElements(By.java:348)
	at org.openqa.selenium.remote.RemoteWebDriver.findElements(RemoteWebDriver.java:311)
	at org.openqa.selenium.support.events.EventFiringWebDriver.lambda$new$1(EventFiringWebDriver.java:105)
	at com.sun.proxy.$Proxy11.findElements(Unknown Source)
	at org.openqa.selenium.support.events.EventFiringWebDriver.findElements(EventFiringWebDriver.java:182)
	at com.kms.katalon.core.webui.common.WebUiCommonHelper.findElementByNormalMethods(WebUiCommonHelper.java:1027)
	at com.kms.katalon.core.webui.common.WebUiCommonHelper.findElementsBySelectedMethod(WebUiCommonHelper.java:919)
	at com.kms.katalon.core.webui.common.WebUiCommonHelper.findElementsBySelectedMethod(WebUiCommonHelper.java:901)
	at com.kms.katalon.core.webui.common.WebUiCommonHelper.findElementsBySelectedMethod(WebUiCommonHelper.java:896)
	at com.kms.katalon.core.webui.common.WebUiCommonHelper.findElementsByDefault(WebUiCommonHelper.java:892)
	at com.kms.katalon.core.webui.common.WebUiCommonHelper.findWebElements(WebUiCommonHelper.java:720)
	at com.kms.katalon.core.webui.common.WebUiCommonHelper.findWebElement(WebUiCommonHelper.java:1376)
	at com.kms.katalon.core.webui.keyword.internal.WebUIAbstractKeyword.findWebElement(WebUIAbstractKeyword.groovy:27)
	at com.kms.katalon.core.webui.keyword.builtin.ClickKeyword$_click_closure1.doCall(ClickKeyword.groovy:65)
	at com.kms.katalon.core.webui.keyword.builtin.ClickKeyword$_click_closure1.call(ClickKeyword.groovy)
	at com.kms.katalon.core.webui.keyword.internal.WebUIKeywordMain.runKeyword(WebUIKeywordMain.groovy:20)
	... 22 more


2024-09-29 11:37:05 - [TEST_STEP][PASSED] - callTestCase(findTestCase("LoginNew"), [:], STOP_ON_FAILURE): Call Test Case 'Test Cases/LoginNew' successfully

2024-09-29 11:37:05 - [TEST_CASE][PASSED] - Test Cases/LoginNew: Test Cases/LoginNew

2024-09-29 11:37:05 - [TEST_STEP][PASSED] - driver = general.start(SwagerURL, NetCellURL): general.start is PASSED

2024-09-29 11:37:05 - [MESSAGE][INFO] - >>> chromeDriverPath=C:\Users\FatimaIbeid\.katalon\packages\Katalon_Studio_Windows_64-8.6.9\Katalon_Studio_Windows_64-8.6.9\configuration\resources\drivers\chromedriver_win32\chromedriver.exe

2024-09-29 11:37:07 - [MESSAGE][PASSED] - Current window maximized

2024-09-29 11:37:07 - [MESSAGE][PASSED] - Execute JavaScript 'window.open();' successfully

2024-09-29 11:37:07 - [MESSAGE][PASSED] - Switched to window with index: '1'

2024-09-29 11:37:18 - [MESSAGE][PASSED] - general.start is PASSED

2024-09-29 11:37:18 - [TEST_STEP][PASSED] - delay(1): Delayed 1 second(s)

2024-09-29 11:37:19 - [MESSAGE][PASSED] - Delayed 1 second(s)

2024-09-29 11:37:19 - [TEST_STEP][PASSED] - sendKeys(findTestObject("Object Repository/Login/EnterEmail2"), "homam@zztjg.onmicrosoft.com"): Keys 'homam@zztjg.onmicrosoft.com' sent to object: 'Object Repository/Login/EnterEmail2'

2024-09-29 11:37:20 - [MESSAGE][PASSED] - Keys 'homam@zztjg.onmicrosoft.com' sent to object: 'Object Repository/Login/EnterEmail2'

2024-09-29 11:37:20 - [TEST_STEP][PASSED] - delay(1): Delayed 1 second(s)

2024-09-29 11:37:21 - [MESSAGE][PASSED] - Delayed 1 second(s)

2024-09-29 11:37:21 - [TEST_STEP][PASSED] - sendKeys(findTestObject("Object Repository/Login/EnterPassword2"), "P@ssw0rd"): Keys 'P@ssw0rd' sent to object: 'Object Repository/Login/EnterPassword2'

2024-09-29 11:37:21 - [MESSAGE][PASSED] - Keys 'P@ssw0rd' sent to object: 'Object Repository/Login/EnterPassword2'

2024-09-29 11:37:21 - [TEST_STEP][PASSED] - delay(1): Delayed 1 second(s)

2024-09-29 11:37:22 - [MESSAGE][PASSED] - Delayed 1 second(s)

2024-09-29 11:37:22 - [TEST_STEP][PASSED] - click(findTestObject("Object Repository/Login/LoginButton2")): Object: 'Object Repository/Login/LoginButton2' is clicked on

2024-09-29 11:37:22 - [MESSAGE][PASSED] - Object: 'Object Repository/Login/LoginButton2' is clicked on

2024-09-29 11:37:22 - [TEST_STEP][PASSED] - delay(1): Delayed 1 second(s)

2024-09-29 11:37:23 - [MESSAGE][PASSED] - Delayed 1 second(s)

2024-09-29 11:37:23 - [TEST_STEP][PASSED] - waitForElementPresent(findTestObject("Object Repository/Login/welcome To NetCell"), 0): Object 'Object Repository/Login/welcome To NetCell' is present

2024-09-29 11:37:23 - [MESSAGE][WARNING] - Timeout '0' is invalid. Using default page load timeout: '120'

2024-09-29 11:37:23 - [MESSAGE][PASSED] - Object 'Object Repository/Login/welcome To NetCell' is present

2024-09-29 11:37:23 - [MESSAGE][PASSED] - Call Test Case 'Test Cases/LoginNew' successfully

2024-09-29 11:37:23 - [TEST_STEP][PASSED] - switchToWindowIndex(1): Switched to window with index: '1'

2024-09-29 11:37:23 - [MESSAGE][PASSED] - Switched to window with index: '1'

2024-09-29 11:37:23 - [TEST_STEP][FAILED] - PMHwaueiStats.Stats("4G", "Site", true, "Hourly"): Unable to click on object 'Object Repository/PM/Huawei-vendor/Object-Type/TopX Object Types/TopX Sites/TopX East Amman site1'

2024-09-29 11:37:24 - [MESSAGE][PASSED] - Object: 'Object Repository/PM/PM-Button' is clicked on

2024-09-29 11:37:24 - [MESSAGE][PASSED] - Switched to window with index: '2'

2024-09-29 11:37:24 - [MESSAGE][PASSED] - Object: 'Object Repository/PM/Huawei-vendor/TopX/TopX Object Type' is clicked on

2024-09-29 11:37:25 - [MESSAGE][PASSED] - Delayed 1 second(s)

2024-09-29 11:37:25 - [MESSAGE][PASSED] - Object: 'Object Repository/PM/Huawei-vendor/Object-Type/TopX Object Types/TopX Sites/TopX Site' is clicked on

2024-09-29 11:37:26 - [MESSAGE][PASSED] - Delayed 1 second(s)

2024-09-29 11:37:27 - [MESSAGE][WARNING] - Timeout '0' is invalid. Using default page load timeout: '120'

2024-09-29 11:37:27 - [MESSAGE][PASSED] - Scroll to object 'Object Repository/PM/Huawei-vendor/Object Border' successfully

2024-09-29 11:37:27 - [MESSAGE][PASSED] - Object: 'Object Repository/PM/Huawei-vendor/Object-Type/TopX Object Types/TopX Sites/TopX East Amman Arrow' is clicked on

2024-09-29 11:37:44 - [MESSAGE][WARNING] - Cannot take screenshot

2024-09-29 11:37:44 - [MESSAGE][FAILED] - Unable to click on object 'Object Repository/PM/Huawei-vendor/Object-Type/TopX Object Types/TopX Sites/TopX East Amman site1' (Root cause: com.kms.katalon.core.exception.StepFailedException: Unable to click on object 'Object Repository/PM/Huawei-vendor/Object-Type/TopX Object Types/TopX Sites/TopX East Amman site1'
	at com.kms.katalon.core.webui.keyword.internal.WebUIKeywordMain.stepFailed(WebUIKeywordMain.groovy:64)
	at com.kms.katalon.core.webui.keyword.internal.WebUIKeywordMain.runKeyword(WebUIKeywordMain.groovy:26)
	at com.kms.katalon.core.webui.keyword.builtin.ClickKeyword.click(ClickKeyword.groovy:74)
	at com.kms.katalon.core.webui.keyword.builtin.ClickKeyword.execute(ClickKeyword.groovy:40)
	at com.kms.katalon.core.keyword.internal.KeywordExecutor.executeKeywordForPlatform(KeywordExecutor.groovy:74)
	at com.kms.katalon.core.webui.keyword.WebUiBuiltInKeywords.click(WebUiBuiltInKeywords.groovy:620)
	at com.kms.katalon.core.webui.keyword.WebUiBuiltInKeywords$click$3.call(Unknown Source)
	at PMHwaueiStats.Stats(PMHwaueiStats.groovy:94)
	at PMHwaueiStats.invokeMethod(PMHwaueiStats.groovy)
	at com.kms.katalon.core.main.CustomKeywordDelegatingMetaClass.invokeStaticMethod(CustomKeywordDelegatingMetaClass.java:55)
	at Site-Aggregation.run(Site-Aggregation:24)
	at com.kms.katalon.core.main.ScriptEngine.run(ScriptEngine.java:194)
	at com.kms.katalon.core.main.ScriptEngine.runScriptAsRawText(ScriptEngine.java:119)
	at com.kms.katalon.core.main.TestCaseExecutor.runScript(TestCaseExecutor.java:448)
	at com.kms.katalon.core.main.TestCaseExecutor.doExecute(TestCaseExecutor.java:439)
	at com.kms.katalon.core.main.TestCaseExecutor.processExecutionPhase(TestCaseExecutor.java:418)
	at com.kms.katalon.core.main.TestCaseExecutor.accessMainPhase(TestCaseExecutor.java:410)
	at com.kms.katalon.core.main.TestCaseExecutor.execute(TestCaseExecutor.java:285)
	at com.kms.katalon.core.common.CommonExecutor.accessTestCaseMainPhase(CommonExecutor.java:65)
	at com.kms.katalon.core.main.TestSuiteExecutor.accessTestSuiteMainPhase(TestSuiteExecutor.java:148)
	at com.kms.katalon.core.main.TestSuiteExecutor.execute(TestSuiteExecutor.java:106)
	at com.kms.katalon.core.main.TestCaseMain.startTestSuite(TestCaseMain.java:187)
	at com.kms.katalon.core.main.TestCaseMain$startTestSuite$0.call(Unknown Source)
	at TempTestSuite1727598771451.run(TempTestSuite1727598771451.groovy:35)
Caused by: org.openqa.selenium.NoSuchWindowException: no such window: target window already closed
from unknown error: web view not found
  (Session info: chrome=128.0.6613.138)
Build info: version: '3.141.59', revision: 'e82be7d358', time: '2018-11-14T08:25:53'
System info: host: 'LP-FATIMAIBEID', ip: '192.168.8.187', os.name: 'Windows 11', os.arch: 'amd64', os.version: '10.0', java.version: '1.8.0_362'
Driver info: org.openqa.selenium.chrome.ChromeDriver
Capabilities {acceptInsecureCerts: true, browserName: chrome, browserVersion: 128.0.6613.138, chrome: {chromedriverVersion: 127.0.6533.88 (a2d0cb026721..., userDataDir: C:\Users\FATIMA~1\AppData\L...}, fedcm:accounts: true, goog:chromeOptions: {debuggerAddress: localhost:50407}, javascriptEnabled: true, networkConnectionEnabled: false, pageLoadStrategy: normal, platform: WINDOWS, platformName: WINDOWS, proxy: Proxy(), setWindowRect: true, strictFileInteractability: false, timeouts: {implicit: 0, pageLoad: 300000, script: 30000}, unhandledPromptBehavior: dismiss and notify, webauthn:extension:credBlob: true, webauthn:extension:largeBlob: true, webauthn:extension:minPinLength: true, webauthn:extension:prf: true, webauthn:virtualAuthenticators: true}
Session ID: 4d5a2c04941e236175ebf2ed1e336ada
*** Element info: {Using=xpath, value=//span[contains(text(),'4812-Nayfeh_Hawouze_PE_O')]}
	at org.openqa.selenium.remote.http.W3CHttpResponseCodec.createException(W3CHttpResponseCodec.java:187)
	at org.openqa.selenium.remote.http.W3CHttpResponseCodec.decode(W3CHttpResponseCodec.java:122)
	at org.openqa.selenium.remote.http.W3CHttpResponseCodec.decode(W3CHttpResponseCodec.java:49)
	at org.openqa.selenium.remote.HttpCommandExecutor.execute(HttpCommandExecutor.java:158)
	at org.openqa.selenium.remote.service.DriverCommandExecutor.execute(DriverCommandExecutor.java:83)
	at org.openqa.selenium.remote.RemoteWebDriver.execute(RemoteWebDriver.java:552)
	at org.openqa.selenium.remote.RemoteWebDriver.findElements(RemoteWebDriver.java:353)
	at org.openqa.selenium.remote.RemoteWebDriver.findElementsByXPath(RemoteWebDriver.java:432)
	at org.openqa.selenium.By$ByXPath.findElements(By.java:348)
	at org.openqa.selenium.remote.RemoteWebDriver.findElements(RemoteWebDriver.java:311)
	at org.openqa.selenium.support.events.EventFiringWebDriver.lambda$new$1(EventFiringWebDriver.java:105)
	at com.sun.proxy.$Proxy11.findElements(Unknown Source)
	at org.openqa.selenium.support.events.EventFiringWebDriver.findElements(EventFiringWebDriver.java:182)
	at com.kms.katalon.core.webui.common.WebUiCommonHelper.findElementByNormalMethods(WebUiCommonHelper.java:1027)
	at com.kms.katalon.core.webui.common.WebUiCommonHelper.findElementsBySelectedMethod(WebUiCommonHelper.java:919)
	at com.kms.katalon.core.webui.common.WebUiCommonHelper.findElementsBySelectedMethod(WebUiCommonHelper.java:901)
	at com.kms.katalon.core.webui.common.WebUiCommonHelper.findElementsBySelectedMethod(WebUiCommonHelper.java:896)
	at com.kms.katalon.core.webui.common.WebUiCommonHelper.findElementsByDefault(WebUiCommonHelper.java:892)
	at com.kms.katalon.core.webui.common.WebUiCommonHelper.findWebElements(WebUiCommonHelper.java:720)
	at com.kms.katalon.core.webui.common.WebUiCommonHelper.findWebElement(WebUiCommonHelper.java:1376)
	at com.kms.katalon.core.webui.keyword.internal.WebUIAbstractKeyword.findWebElement(WebUIAbstractKeyword.groovy:27)
	at com.kms.katalon.core.webui.keyword.builtin.ClickKeyword$_click_closure1.doCall(ClickKeyword.groovy:65)
	at com.kms.katalon.core.webui.keyword.builtin.ClickKeyword$_click_closure1.call(ClickKeyword.groovy)
	at com.kms.katalon.core.webui.keyword.internal.WebUIKeywordMain.runKeyword(WebUIKeywordMain.groovy:20)
	at com.kms.katalon.core.webui.keyword.builtin.ClickKeyword.click(ClickKeyword.groovy:74)
	at com.kms.katalon.core.webui.keyword.builtin.ClickKeyword.execute(ClickKeyword.groovy:40)
	at com.kms.katalon.core.keyword.internal.KeywordExecutor.executeKeywordForPlatform(KeywordExecutor.groovy:74)
	at com.kms.katalon.core.webui.keyword.WebUiBuiltInKeywords.click(WebUiBuiltInKeywords.groovy:620)
	at com.kms.katalon.core.webui.keyword.WebUiBuiltInKeywords$click$3.call(Unknown Source)
	at PMHwaueiStats.Stats(PMHwaueiStats.groovy:94)
	at PMHwaueiStats.invokeMethod(PMHwaueiStats.groovy)
	at com.kms.katalon.core.main.CustomKeywordDelegatingMetaClass.invokeStaticMethod(CustomKeywordDelegatingMetaClass.java:55)
	at Script1722259037904.run(Script1722259037904.groovy:24)
	... 13 more
)

2024-09-29 11:37:44 - [MESSAGE][FAILED] - Unable to click on object 'Object Repository/PM/Huawei-vendor/Object-Type/TopX Object Types/TopX Sites/TopX East Amman site1'

2024-09-29 11:37:44 - [TEST_STEP][PASSED] - Start tear down : tearDownTestCase: Method 'tearDownTestCase' complete successfully

2024-09-29 11:37:44 - [TEST_STEP][PASSED] - closeBrowser(): Browser is closed

2024-09-29 11:37:45 - [MESSAGE][PASSED] - Browser is closed

2024-09-29 11:37:45 - [MESSAGE][PASSED] - Method 'tearDownTestCase' complete successfully]]></system-out>
         <system-err><![CDATA[2024-09-29 11:37:05 - [TEST_CASE][FAILED] - Test Cases/PM/Hwauei/Stats/4G/Site/Site-Aggregation: Test Cases/PM/Hwauei/Stats/4G/Site/Site-Aggregation FAILED.
Reason:
com.kms.katalon.core.exception.StepFailedException: Unable to click on object 'Object Repository/PM/Huawei-vendor/Object-Type/TopX Object Types/TopX Sites/TopX East Amman site1'
	at com.kms.katalon.core.webui.keyword.internal.WebUIKeywordMain.stepFailed(WebUIKeywordMain.groovy:64)
	at com.kms.katalon.core.webui.keyword.internal.WebUIKeywordMain.runKeyword(WebUIKeywordMain.groovy:26)
	at com.kms.katalon.core.webui.keyword.builtin.ClickKeyword.click(ClickKeyword.groovy:74)
	at com.kms.katalon.core.webui.keyword.builtin.ClickKeyword.execute(ClickKeyword.groovy:40)
	at com.kms.katalon.core.keyword.internal.KeywordExecutor.executeKeywordForPlatform(KeywordExecutor.groovy:74)
	at com.kms.katalon.core.webui.keyword.WebUiBuiltInKeywords.click(WebUiBuiltInKeywords.groovy:620)
	at com.kms.katalon.core.webui.keyword.WebUiBuiltInKeywords$click$3.call(Unknown Source)
	at PMHwaueiStats.Stats(PMHwaueiStats.groovy:94)
	at PMHwaueiStats.invokeMethod(PMHwaueiStats.groovy)
	at com.kms.katalon.core.main.CustomKeywordDelegatingMetaClass.invokeStaticMethod(CustomKeywordDelegatingMetaClass.java:55)
	at Site-Aggregation.run(Site-Aggregation:24)
	at com.kms.katalon.core.main.ScriptEngine.run(ScriptEngine.java:194)
	at com.kms.katalon.core.main.ScriptEngine.runScriptAsRawText(ScriptEngine.java:119)
	at com.kms.katalon.core.main.TestCaseExecutor.runScript(TestCaseExecutor.java:448)
	at com.kms.katalon.core.main.TestCaseExecutor.doExecute(TestCaseExecutor.java:439)
	at com.kms.katalon.core.main.TestCaseExecutor.processExecutionPhase(TestCaseExecutor.java:418)
	at com.kms.katalon.core.main.TestCaseExecutor.accessMainPhase(TestCaseExecutor.java:410)
	at com.kms.katalon.core.main.TestCaseExecutor.execute(TestCaseExecutor.java:285)
	at com.kms.katalon.core.common.CommonExecutor.accessTestCaseMainPhase(CommonExecutor.java:65)
	at com.kms.katalon.core.main.TestSuiteExecutor.accessTestSuiteMainPhase(TestSuiteExecutor.java:148)
	at com.kms.katalon.core.main.TestSuiteExecutor.execute(TestSuiteExecutor.java:106)
	at com.kms.katalon.core.main.TestCaseMain.startTestSuite(TestCaseMain.java:187)
	at com.kms.katalon.core.main.TestCaseMain$startTestSuite$0.call(Unknown Source)
	at TempTestSuite1727598771451.run(TempTestSuite1727598771451.groovy:35)
Caused by: org.openqa.selenium.NoSuchWindowException: no such window: target window already closed
from unknown error: web view not found
  (Session info: chrome=128.0.6613.138)
Build info: version: '3.141.59', revision: 'e82be7d358', time: '2018-11-14T08:25:53'
System info: host: 'LP-FATIMAIBEID', ip: '192.168.8.187', os.name: 'Windows 11', os.arch: 'amd64', os.version: '10.0', java.version: '1.8.0_362'
Driver info: org.openqa.selenium.chrome.ChromeDriver
Capabilities {acceptInsecureCerts: true, browserName: chrome, browserVersion: 128.0.6613.138, chrome: {chromedriverVersion: 127.0.6533.88 (a2d0cb026721..., userDataDir: C:\Users\FATIMA~1\AppData\L...}, fedcm:accounts: true, goog:chromeOptions: {debuggerAddress: localhost:50407}, javascriptEnabled: true, networkConnectionEnabled: false, pageLoadStrategy: normal, platform: WINDOWS, platformName: WINDOWS, proxy: Proxy(), setWindowRect: true, strictFileInteractability: false, timeouts: {implicit: 0, pageLoad: 300000, script: 30000}, unhandledPromptBehavior: dismiss and notify, webauthn:extension:credBlob: true, webauthn:extension:largeBlob: true, webauthn:extension:minPinLength: true, webauthn:extension:prf: true, webauthn:virtualAuthenticators: true}
Session ID: 4d5a2c04941e236175ebf2ed1e336ada
*** Element info: {Using=xpath, value=//span[contains(text(),'4812-Nayfeh_Hawouze_PE_O')]}
	at org.openqa.selenium.remote.http.W3CHttpResponseCodec.createException(W3CHttpResponseCodec.java:187)
	at org.openqa.selenium.remote.http.W3CHttpResponseCodec.decode(W3CHttpResponseCodec.java:122)
	at org.openqa.selenium.remote.http.W3CHttpResponseCodec.decode(W3CHttpResponseCodec.java:49)
	at org.openqa.selenium.remote.HttpCommandExecutor.execute(HttpCommandExecutor.java:158)
	at org.openqa.selenium.remote.service.DriverCommandExecutor.execute(DriverCommandExecutor.java:83)
	at org.openqa.selenium.remote.RemoteWebDriver.execute(RemoteWebDriver.java:552)
	at org.openqa.selenium.remote.RemoteWebDriver.findElements(RemoteWebDriver.java:353)
	at org.openqa.selenium.remote.RemoteWebDriver.findElementsByXPath(RemoteWebDriver.java:432)
	at org.openqa.selenium.By$ByXPath.findElements(By.java:348)
	at org.openqa.selenium.remote.RemoteWebDriver.findElements(RemoteWebDriver.java:311)
	at org.openqa.selenium.support.events.EventFiringWebDriver.lambda$new$1(EventFiringWebDriver.java:105)
	at com.sun.proxy.$Proxy11.findElements(Unknown Source)
	at org.openqa.selenium.support.events.EventFiringWebDriver.findElements(EventFiringWebDriver.java:182)
	at com.kms.katalon.core.webui.common.WebUiCommonHelper.findElementByNormalMethods(WebUiCommonHelper.java:1027)
	at com.kms.katalon.core.webui.common.WebUiCommonHelper.findElementsBySelectedMethod(WebUiCommonHelper.java:919)
	at com.kms.katalon.core.webui.common.WebUiCommonHelper.findElementsBySelectedMethod(WebUiCommonHelper.java:901)
	at com.kms.katalon.core.webui.common.WebUiCommonHelper.findElementsBySelectedMethod(WebUiCommonHelper.java:896)
	at com.kms.katalon.core.webui.common.WebUiCommonHelper.findElementsByDefault(WebUiCommonHelper.java:892)
	at com.kms.katalon.core.webui.common.WebUiCommonHelper.findWebElements(WebUiCommonHelper.java:720)
	at com.kms.katalon.core.webui.common.WebUiCommonHelper.findWebElement(WebUiCommonHelper.java:1376)
	at com.kms.katalon.core.webui.keyword.internal.WebUIAbstractKeyword.findWebElement(WebUIAbstractKeyword.groovy:27)
	at com.kms.katalon.core.webui.keyword.builtin.ClickKeyword$_click_closure1.doCall(ClickKeyword.groovy:65)
	at com.kms.katalon.core.webui.keyword.builtin.ClickKeyword$_click_closure1.call(ClickKeyword.groovy)
	at com.kms.katalon.core.webui.keyword.internal.WebUIKeywordMain.runKeyword(WebUIKeywordMain.groovy:20)
	... 22 more]]></system-err>
      </testcase>
      <testcase name="Test Cases/PM/Hwauei/Stats/4G/Cell/Cell" time="112.912" classname="Test Cases/PM/Hwauei/Stats/4G/Cell/Cell" status="FAILED">
         <failure type="FAILED" message="Test Cases/PM/Hwauei/Stats/4G/Cell/Cell FAILED.
Reason:
com.kms.katalon.core.exception.StepFailedException: Unable to click on object 'Object Repository/PM/Huawei-vendor/Object-Type/TopX Object Types/TopX Cells/TopX East Amman Site1 Cell1'
	at com.kms.katalon.core.webui.keyword.internal.WebUIKeywordMain.stepFailed(WebUIKeywordMain.groovy:64)
	at com.kms.katalon.core.webui.keyword.internal.WebUIKeywordMain.runKeyword(WebUIKeywordMain.groovy:26)
	at com.kms.katalon.core.webui.keyword.builtin.ClickKeyword.click(ClickKeyword.groovy:74)
	at com.kms.katalon.core.webui.keyword.builtin.ClickKeyword.execute(ClickKeyword.groovy:40)
	at com.kms.katalon.core.keyword.internal.KeywordExecutor.executeKeywordForPlatform(KeywordExecutor.groovy:74)
	at com.kms.katalon.core.webui.keyword.WebUiBuiltInKeywords.click(WebUiBuiltInKeywords.groovy:620)
	at com.kms.katalon.core.webui.keyword.WebUiBuiltInKeywords$click$3.call(Unknown Source)
	at PMHwaueiStats.Stats(PMHwaueiStats.groovy:196)
	at PMHwaueiStats.invokeMethod(PMHwaueiStats.groovy)
	at com.kms.katalon.core.main.CustomKeywordDelegatingMetaClass.invokeStaticMethod(CustomKeywordDelegatingMetaClass.java:55)
	at Cell.run(Cell:23)
	at com.kms.katalon.core.main.ScriptEngine.run(ScriptEngine.java:194)
	at com.kms.katalon.core.main.ScriptEngine.runScriptAsRawText(ScriptEngine.java:119)
	at com.kms.katalon.core.main.TestCaseExecutor.runScript(TestCaseExecutor.java:448)
	at com.kms.katalon.core.main.TestCaseExecutor.doExecute(TestCaseExecutor.java:439)
	at com.kms.katalon.core.main.TestCaseExecutor.processExecutionPhase(TestCaseExecutor.java:418)
	at com.kms.katalon.core.main.TestCaseExecutor.accessMainPhase(TestCaseExecutor.java:410)
	at com.kms.katalon.core.main.TestCaseExecutor.execute(TestCaseExecutor.java:285)
	at com.kms.katalon.core.common.CommonExecutor.accessTestCaseMainPhase(CommonExecutor.java:65)
	at com.kms.katalon.core.main.TestSuiteExecutor.accessTestSuiteMainPhase(TestSuiteExecutor.java:148)
	at com.kms.katalon.core.main.TestSuiteExecutor.execute(TestSuiteExecutor.java:106)
	at com.kms.katalon.core.main.TestCaseMain.startTestSuite(TestCaseMain.java:187)
	at com.kms.katalon.core.main.TestCaseMain$startTestSuite$0.call(Unknown Source)
	at TempTestSuite1727598771451.run(TempTestSuite1727598771451.groovy:35)
Caused by: org.openqa.selenium.NoSuchWindowException: no such window: target window already closed
from unknown error: web view not found
  (Session info: chrome=128.0.6613.138)
Build info: version: '3.141.59', revision: 'e82be7d358', time: '2018-11-14T08:25:53'
System info: host: 'LP-FATIMAIBEID', ip: '192.168.8.187', os.name: 'Windows 11', os.arch: 'amd64', os.version: '10.0', java.version: '1.8.0_362'
Driver info: org.openqa.selenium.chrome.ChromeDriver
Capabilities {acceptInsecureCerts: true, browserName: chrome, browserVersion: 128.0.6613.138, chrome: {chromedriverVersion: 127.0.6533.88 (a2d0cb026721..., userDataDir: C:\Users\FATIMA~1\AppData\L...}, fedcm:accounts: true, goog:chromeOptions: {debuggerAddress: localhost:50468}, javascriptEnabled: true, networkConnectionEnabled: false, pageLoadStrategy: normal, platform: WINDOWS, platformName: WINDOWS, proxy: Proxy(), setWindowRect: true, strictFileInteractability: false, timeouts: {implicit: 0, pageLoad: 300000, script: 30000}, unhandledPromptBehavior: dismiss and notify, webauthn:extension:credBlob: true, webauthn:extension:largeBlob: true, webauthn:extension:minPinLength: true, webauthn:extension:prf: true, webauthn:virtualAuthenticators: true}
Session ID: a6fd57748258f0219710fbc2d0c8e624
*** Element info: {Using=xpath, value=//span[contains(text(),'301-King_Hussein_St_PD_Fiber_Manage-A')]}
	at org.openqa.selenium.remote.http.W3CHttpResponseCodec.createException(W3CHttpResponseCodec.java:187)
	at org.openqa.selenium.remote.http.W3CHttpResponseCodec.decode(W3CHttpResponseCodec.java:122)
	at org.openqa.selenium.remote.http.W3CHttpResponseCodec.decode(W3CHttpResponseCodec.java:49)
	at org.openqa.selenium.remote.HttpCommandExecutor.execute(HttpCommandExecutor.java:158)
	at org.openqa.selenium.remote.service.DriverCommandExecutor.execute(DriverCommandExecutor.java:83)
	at org.openqa.selenium.remote.RemoteWebDriver.execute(RemoteWebDriver.java:552)
	at org.openqa.selenium.remote.RemoteWebDriver.findElements(RemoteWebDriver.java:353)
	at org.openqa.selenium.remote.RemoteWebDriver.findElementsByXPath(RemoteWebDriver.java:432)
	at org.openqa.selenium.By$ByXPath.findElements(By.java:348)
	at org.openqa.selenium.remote.RemoteWebDriver.findElements(RemoteWebDriver.java:311)
	at org.openqa.selenium.support.events.EventFiringWebDriver.lambda$new$1(EventFiringWebDriver.java:105)
	at com.sun.proxy.$Proxy11.findElements(Unknown Source)
	at org.openqa.selenium.support.events.EventFiringWebDriver.findElements(EventFiringWebDriver.java:182)
	at com.kms.katalon.core.webui.common.WebUiCommonHelper.findElementByNormalMethods(WebUiCommonHelper.java:1027)
	at com.kms.katalon.core.webui.common.WebUiCommonHelper.findElementsBySelectedMethod(WebUiCommonHelper.java:919)
	at com.kms.katalon.core.webui.common.WebUiCommonHelper.findElementsBySelectedMethod(WebUiCommonHelper.java:901)
	at com.kms.katalon.core.webui.common.WebUiCommonHelper.findElementsBySelectedMethod(WebUiCommonHelper.java:896)
	at com.kms.katalon.core.webui.common.WebUiCommonHelper.findElementsByDefault(WebUiCommonHelper.java:892)
	at com.kms.katalon.core.webui.common.WebUiCommonHelper.findWebElements(WebUiCommonHelper.java:720)
	at com.kms.katalon.core.webui.common.WebUiCommonHelper.findWebElement(WebUiCommonHelper.java:1376)
	at com.kms.katalon.core.webui.keyword.internal.WebUIAbstractKeyword.findWebElement(WebUIAbstractKeyword.groovy:27)
	at com.kms.katalon.core.webui.keyword.builtin.ClickKeyword$_click_closure1.doCall(ClickKeyword.groovy:65)
	at com.kms.katalon.core.webui.keyword.builtin.ClickKeyword$_click_closure1.call(ClickKeyword.groovy)
	at com.kms.katalon.core.webui.keyword.internal.WebUIKeywordMain.runKeyword(WebUIKeywordMain.groovy:20)
	... 22 more
"/>
         <system-out><![CDATA[2024-09-29 11:37:45 - [TEST_CASE][FAILED] - Test Cases/PM/Hwauei/Stats/4G/Cell/Cell: Test Cases/PM/Hwauei/Stats/4G/Cell/Cell FAILED.
Reason:
com.kms.katalon.core.exception.StepFailedException: Unable to click on object 'Object Repository/PM/Huawei-vendor/Object-Type/TopX Object Types/TopX Cells/TopX East Amman Site1 Cell1'
	at com.kms.katalon.core.webui.keyword.internal.WebUIKeywordMain.stepFailed(WebUIKeywordMain.groovy:64)
	at com.kms.katalon.core.webui.keyword.internal.WebUIKeywordMain.runKeyword(WebUIKeywordMain.groovy:26)
	at com.kms.katalon.core.webui.keyword.builtin.ClickKeyword.click(ClickKeyword.groovy:74)
	at com.kms.katalon.core.webui.keyword.builtin.ClickKeyword.execute(ClickKeyword.groovy:40)
	at com.kms.katalon.core.keyword.internal.KeywordExecutor.executeKeywordForPlatform(KeywordExecutor.groovy:74)
	at com.kms.katalon.core.webui.keyword.WebUiBuiltInKeywords.click(WebUiBuiltInKeywords.groovy:620)
	at com.kms.katalon.core.webui.keyword.WebUiBuiltInKeywords$click$3.call(Unknown Source)
	at PMHwaueiStats.Stats(PMHwaueiStats.groovy:196)
	at PMHwaueiStats.invokeMethod(PMHwaueiStats.groovy)
	at com.kms.katalon.core.main.CustomKeywordDelegatingMetaClass.invokeStaticMethod(CustomKeywordDelegatingMetaClass.java:55)
	at Cell.run(Cell:23)
	at com.kms.katalon.core.main.ScriptEngine.run(ScriptEngine.java:194)
	at com.kms.katalon.core.main.ScriptEngine.runScriptAsRawText(ScriptEngine.java:119)
	at com.kms.katalon.core.main.TestCaseExecutor.runScript(TestCaseExecutor.java:448)
	at com.kms.katalon.core.main.TestCaseExecutor.doExecute(TestCaseExecutor.java:439)
	at com.kms.katalon.core.main.TestCaseExecutor.processExecutionPhase(TestCaseExecutor.java:418)
	at com.kms.katalon.core.main.TestCaseExecutor.accessMainPhase(TestCaseExecutor.java:410)
	at com.kms.katalon.core.main.TestCaseExecutor.execute(TestCaseExecutor.java:285)
	at com.kms.katalon.core.common.CommonExecutor.accessTestCaseMainPhase(CommonExecutor.java:65)
	at com.kms.katalon.core.main.TestSuiteExecutor.accessTestSuiteMainPhase(TestSuiteExecutor.java:148)
	at com.kms.katalon.core.main.TestSuiteExecutor.execute(TestSuiteExecutor.java:106)
	at com.kms.katalon.core.main.TestCaseMain.startTestSuite(TestCaseMain.java:187)
	at com.kms.katalon.core.main.TestCaseMain$startTestSuite$0.call(Unknown Source)
	at TempTestSuite1727598771451.run(TempTestSuite1727598771451.groovy:35)
Caused by: org.openqa.selenium.NoSuchWindowException: no such window: target window already closed
from unknown error: web view not found
  (Session info: chrome=128.0.6613.138)
Build info: version: '3.141.59', revision: 'e82be7d358', time: '2018-11-14T08:25:53'
System info: host: 'LP-FATIMAIBEID', ip: '192.168.8.187', os.name: 'Windows 11', os.arch: 'amd64', os.version: '10.0', java.version: '1.8.0_362'
Driver info: org.openqa.selenium.chrome.ChromeDriver
Capabilities {acceptInsecureCerts: true, browserName: chrome, browserVersion: 128.0.6613.138, chrome: {chromedriverVersion: 127.0.6533.88 (a2d0cb026721..., userDataDir: C:\Users\FATIMA~1\AppData\L...}, fedcm:accounts: true, goog:chromeOptions: {debuggerAddress: localhost:50468}, javascriptEnabled: true, networkConnectionEnabled: false, pageLoadStrategy: normal, platform: WINDOWS, platformName: WINDOWS, proxy: Proxy(), setWindowRect: true, strictFileInteractability: false, timeouts: {implicit: 0, pageLoad: 300000, script: 30000}, unhandledPromptBehavior: dismiss and notify, webauthn:extension:credBlob: true, webauthn:extension:largeBlob: true, webauthn:extension:minPinLength: true, webauthn:extension:prf: true, webauthn:virtualAuthenticators: true}
Session ID: a6fd57748258f0219710fbc2d0c8e624
*** Element info: {Using=xpath, value=//span[contains(text(),'301-King_Hussein_St_PD_Fiber_Manage-A')]}
	at org.openqa.selenium.remote.http.W3CHttpResponseCodec.createException(W3CHttpResponseCodec.java:187)
	at org.openqa.selenium.remote.http.W3CHttpResponseCodec.decode(W3CHttpResponseCodec.java:122)
	at org.openqa.selenium.remote.http.W3CHttpResponseCodec.decode(W3CHttpResponseCodec.java:49)
	at org.openqa.selenium.remote.HttpCommandExecutor.execute(HttpCommandExecutor.java:158)
	at org.openqa.selenium.remote.service.DriverCommandExecutor.execute(DriverCommandExecutor.java:83)
	at org.openqa.selenium.remote.RemoteWebDriver.execute(RemoteWebDriver.java:552)
	at org.openqa.selenium.remote.RemoteWebDriver.findElements(RemoteWebDriver.java:353)
	at org.openqa.selenium.remote.RemoteWebDriver.findElementsByXPath(RemoteWebDriver.java:432)
	at org.openqa.selenium.By$ByXPath.findElements(By.java:348)
	at org.openqa.selenium.remote.RemoteWebDriver.findElements(RemoteWebDriver.java:311)
	at org.openqa.selenium.support.events.EventFiringWebDriver.lambda$new$1(EventFiringWebDriver.java:105)
	at com.sun.proxy.$Proxy11.findElements(Unknown Source)
	at org.openqa.selenium.support.events.EventFiringWebDriver.findElements(EventFiringWebDriver.java:182)
	at com.kms.katalon.core.webui.common.WebUiCommonHelper.findElementByNormalMethods(WebUiCommonHelper.java:1027)
	at com.kms.katalon.core.webui.common.WebUiCommonHelper.findElementsBySelectedMethod(WebUiCommonHelper.java:919)
	at com.kms.katalon.core.webui.common.WebUiCommonHelper.findElementsBySelectedMethod(WebUiCommonHelper.java:901)
	at com.kms.katalon.core.webui.common.WebUiCommonHelper.findElementsBySelectedMethod(WebUiCommonHelper.java:896)
	at com.kms.katalon.core.webui.common.WebUiCommonHelper.findElementsByDefault(WebUiCommonHelper.java:892)
	at com.kms.katalon.core.webui.common.WebUiCommonHelper.findWebElements(WebUiCommonHelper.java:720)
	at com.kms.katalon.core.webui.common.WebUiCommonHelper.findWebElement(WebUiCommonHelper.java:1376)
	at com.kms.katalon.core.webui.keyword.internal.WebUIAbstractKeyword.findWebElement(WebUIAbstractKeyword.groovy:27)
	at com.kms.katalon.core.webui.keyword.builtin.ClickKeyword$_click_closure1.doCall(ClickKeyword.groovy:65)
	at com.kms.katalon.core.webui.keyword.builtin.ClickKeyword$_click_closure1.call(ClickKeyword.groovy)
	at com.kms.katalon.core.webui.keyword.internal.WebUIKeywordMain.runKeyword(WebUIKeywordMain.groovy:20)
	... 22 more


2024-09-29 11:37:45 - [TEST_STEP][PASSED] - callTestCase(findTestCase("LoginNew"), [:], STOP_ON_FAILURE): Call Test Case 'Test Cases/LoginNew' successfully

2024-09-29 11:37:45 - [TEST_CASE][PASSED] - Test Cases/LoginNew: Test Cases/LoginNew

2024-09-29 11:37:45 - [TEST_STEP][PASSED] - driver = general.start(SwagerURL, NetCellURL): general.start is PASSED

2024-09-29 11:37:45 - [MESSAGE][INFO] - >>> chromeDriverPath=C:\Users\FatimaIbeid\.katalon\packages\Katalon_Studio_Windows_64-8.6.9\Katalon_Studio_Windows_64-8.6.9\configuration\resources\drivers\chromedriver_win32\chromedriver.exe

2024-09-29 11:37:47 - [MESSAGE][PASSED] - Current window maximized

2024-09-29 11:37:48 - [MESSAGE][PASSED] - Execute JavaScript 'window.open();' successfully

2024-09-29 11:37:48 - [MESSAGE][PASSED] - Switched to window with index: '1'

2024-09-29 11:37:59 - [MESSAGE][PASSED] - general.start is PASSED

2024-09-29 11:37:59 - [TEST_STEP][PASSED] - delay(1): Delayed 1 second(s)

2024-09-29 11:38:00 - [MESSAGE][PASSED] - Delayed 1 second(s)

2024-09-29 11:38:00 - [TEST_STEP][PASSED] - sendKeys(findTestObject("Object Repository/Login/EnterEmail2"), "homam@zztjg.onmicrosoft.com"): Keys 'homam@zztjg.onmicrosoft.com' sent to object: 'Object Repository/Login/EnterEmail2'

2024-09-29 11:38:00 - [MESSAGE][PASSED] - Keys 'homam@zztjg.onmicrosoft.com' sent to object: 'Object Repository/Login/EnterEmail2'

2024-09-29 11:38:00 - [TEST_STEP][PASSED] - delay(1): Delayed 1 second(s)

2024-09-29 11:38:01 - [MESSAGE][PASSED] - Delayed 1 second(s)

2024-09-29 11:38:01 - [TEST_STEP][PASSED] - sendKeys(findTestObject("Object Repository/Login/EnterPassword2"), "P@ssw0rd"): Keys 'P@ssw0rd' sent to object: 'Object Repository/Login/EnterPassword2'

2024-09-29 11:38:02 - [MESSAGE][PASSED] - Keys 'P@ssw0rd' sent to object: 'Object Repository/Login/EnterPassword2'

2024-09-29 11:38:02 - [TEST_STEP][PASSED] - delay(1): Delayed 1 second(s)

2024-09-29 11:38:03 - [MESSAGE][PASSED] - Delayed 1 second(s)

2024-09-29 11:38:03 - [TEST_STEP][PASSED] - click(findTestObject("Object Repository/Login/LoginButton2")): Object: 'Object Repository/Login/LoginButton2' is clicked on

2024-09-29 11:38:03 - [MESSAGE][PASSED] - Object: 'Object Repository/Login/LoginButton2' is clicked on

2024-09-29 11:38:03 - [TEST_STEP][PASSED] - delay(1): Delayed 1 second(s)

2024-09-29 11:38:04 - [MESSAGE][PASSED] - Delayed 1 second(s)

2024-09-29 11:38:04 - [TEST_STEP][PASSED] - waitForElementPresent(findTestObject("Object Repository/Login/welcome To NetCell"), 0): Object 'Object Repository/Login/welcome To NetCell' is present

2024-09-29 11:38:04 - [MESSAGE][WARNING] - Timeout '0' is invalid. Using default page load timeout: '120'

2024-09-29 11:38:04 - [MESSAGE][PASSED] - Object 'Object Repository/Login/welcome To NetCell' is present

2024-09-29 11:38:04 - [MESSAGE][PASSED] - Call Test Case 'Test Cases/LoginNew' successfully

2024-09-29 11:38:04 - [TEST_STEP][PASSED] - switchToWindowIndex(1): Switched to window with index: '1'

2024-09-29 11:38:04 - [MESSAGE][PASSED] - Switched to window with index: '1'

2024-09-29 11:38:04 - [TEST_STEP][FAILED] - PMHwaueiStats.Stats("4G", "Cell", false, "Hourly"): Unable to click on object 'Object Repository/PM/Huawei-vendor/Object-Type/TopX Object Types/TopX Cells/TopX East Amman Site1 Cell1'

2024-09-29 11:38:04 - [MESSAGE][PASSED] - Object: 'Object Repository/PM/PM-Button' is clicked on

2024-09-29 11:38:05 - [MESSAGE][PASSED] - Switched to window with index: '2'

2024-09-29 11:38:05 - [MESSAGE][PASSED] - Object: 'Object Repository/PM/Huawei-vendor/TopX/TopX Object Type' is clicked on

2024-09-29 11:38:06 - [MESSAGE][PASSED] - Delayed 1 second(s)

2024-09-29 11:38:06 - [MESSAGE][PASSED] - Object: 'Object Repository/PM/Huawei-vendor/Object-Type/TopX Object Types/TopX Cells/TopX Cell' is clicked on

2024-09-29 11:38:07 - [MESSAGE][PASSED] - Delayed 1 second(s)

2024-09-29 11:38:08 - [MESSAGE][WARNING] - Timeout '0' is invalid. Using default page load timeout: '120'

2024-09-29 11:38:08 - [MESSAGE][PASSED] - Scroll to object 'Object Repository/PM/Huawei-vendor/Object Border' successfully

2024-09-29 11:38:08 - [MESSAGE][PASSED] - Object: 'Object Repository/PM/Huawei-vendor/Object-Type/TopX Object Types/TopX Sites/TopX East Amman Arrow' is clicked on

2024-09-29 11:38:09 - [MESSAGE][PASSED] - Object: 'Object Repository/PM/Huawei-vendor/Object-Type/TopX Object Types/TopX Cells/TopX East Amman Site1 Arrow' is clicked on

2024-09-29 11:38:10 - [MESSAGE][PASSED] - Delayed 1 second(s)

2024-09-29 11:39:37 - [MESSAGE][WARNING] - Cannot take screenshot

2024-09-29 11:39:37 - [MESSAGE][FAILED] - Unable to click on object 'Object Repository/PM/Huawei-vendor/Object-Type/TopX Object Types/TopX Cells/TopX East Amman Site1 Cell1' (Root cause: com.kms.katalon.core.exception.StepFailedException: Unable to click on object 'Object Repository/PM/Huawei-vendor/Object-Type/TopX Object Types/TopX Cells/TopX East Amman Site1 Cell1'
	at com.kms.katalon.core.webui.keyword.internal.WebUIKeywordMain.stepFailed(WebUIKeywordMain.groovy:64)
	at com.kms.katalon.core.webui.keyword.internal.WebUIKeywordMain.runKeyword(WebUIKeywordMain.groovy:26)
	at com.kms.katalon.core.webui.keyword.builtin.ClickKeyword.click(ClickKeyword.groovy:74)
	at com.kms.katalon.core.webui.keyword.builtin.ClickKeyword.execute(ClickKeyword.groovy:40)
	at com.kms.katalon.core.keyword.internal.KeywordExecutor.executeKeywordForPlatform(KeywordExecutor.groovy:74)
	at com.kms.katalon.core.webui.keyword.WebUiBuiltInKeywords.click(WebUiBuiltInKeywords.groovy:620)
	at com.kms.katalon.core.webui.keyword.WebUiBuiltInKeywords$click$3.call(Unknown Source)
	at PMHwaueiStats.Stats(PMHwaueiStats.groovy:196)
	at PMHwaueiStats.invokeMethod(PMHwaueiStats.groovy)
	at com.kms.katalon.core.main.CustomKeywordDelegatingMetaClass.invokeStaticMethod(CustomKeywordDelegatingMetaClass.java:55)
	at Cell.run(Cell:23)
	at com.kms.katalon.core.main.ScriptEngine.run(ScriptEngine.java:194)
	at com.kms.katalon.core.main.ScriptEngine.runScriptAsRawText(ScriptEngine.java:119)
	at com.kms.katalon.core.main.TestCaseExecutor.runScript(TestCaseExecutor.java:448)
	at com.kms.katalon.core.main.TestCaseExecutor.doExecute(TestCaseExecutor.java:439)
	at com.kms.katalon.core.main.TestCaseExecutor.processExecutionPhase(TestCaseExecutor.java:418)
	at com.kms.katalon.core.main.TestCaseExecutor.accessMainPhase(TestCaseExecutor.java:410)
	at com.kms.katalon.core.main.TestCaseExecutor.execute(TestCaseExecutor.java:285)
	at com.kms.katalon.core.common.CommonExecutor.accessTestCaseMainPhase(CommonExecutor.java:65)
	at com.kms.katalon.core.main.TestSuiteExecutor.accessTestSuiteMainPhase(TestSuiteExecutor.java:148)
	at com.kms.katalon.core.main.TestSuiteExecutor.execute(TestSuiteExecutor.java:106)
	at com.kms.katalon.core.main.TestCaseMain.startTestSuite(TestCaseMain.java:187)
	at com.kms.katalon.core.main.TestCaseMain$startTestSuite$0.call(Unknown Source)
	at TempTestSuite1727598771451.run(TempTestSuite1727598771451.groovy:35)
Caused by: org.openqa.selenium.NoSuchWindowException: no such window: target window already closed
from unknown error: web view not found
  (Session info: chrome=128.0.6613.138)
Build info: version: '3.141.59', revision: 'e82be7d358', time: '2018-11-14T08:25:53'
System info: host: 'LP-FATIMAIBEID', ip: '192.168.8.187', os.name: 'Windows 11', os.arch: 'amd64', os.version: '10.0', java.version: '1.8.0_362'
Driver info: org.openqa.selenium.chrome.ChromeDriver
Capabilities {acceptInsecureCerts: true, browserName: chrome, browserVersion: 128.0.6613.138, chrome: {chromedriverVersion: 127.0.6533.88 (a2d0cb026721..., userDataDir: C:\Users\FATIMA~1\AppData\L...}, fedcm:accounts: true, goog:chromeOptions: {debuggerAddress: localhost:50468}, javascriptEnabled: true, networkConnectionEnabled: false, pageLoadStrategy: normal, platform: WINDOWS, platformName: WINDOWS, proxy: Proxy(), setWindowRect: true, strictFileInteractability: false, timeouts: {implicit: 0, pageLoad: 300000, script: 30000}, unhandledPromptBehavior: dismiss and notify, webauthn:extension:credBlob: true, webauthn:extension:largeBlob: true, webauthn:extension:minPinLength: true, webauthn:extension:prf: true, webauthn:virtualAuthenticators: true}
Session ID: a6fd57748258f0219710fbc2d0c8e624
*** Element info: {Using=xpath, value=//span[contains(text(),'301-King_Hussein_St_PD_Fiber_Manage-A')]}
	at org.openqa.selenium.remote.http.W3CHttpResponseCodec.createException(W3CHttpResponseCodec.java:187)
	at org.openqa.selenium.remote.http.W3CHttpResponseCodec.decode(W3CHttpResponseCodec.java:122)
	at org.openqa.selenium.remote.http.W3CHttpResponseCodec.decode(W3CHttpResponseCodec.java:49)
	at org.openqa.selenium.remote.HttpCommandExecutor.execute(HttpCommandExecutor.java:158)
	at org.openqa.selenium.remote.service.DriverCommandExecutor.execute(DriverCommandExecutor.java:83)
	at org.openqa.selenium.remote.RemoteWebDriver.execute(RemoteWebDriver.java:552)
	at org.openqa.selenium.remote.RemoteWebDriver.findElements(RemoteWebDriver.java:353)
	at org.openqa.selenium.remote.RemoteWebDriver.findElementsByXPath(RemoteWebDriver.java:432)
	at org.openqa.selenium.By$ByXPath.findElements(By.java:348)
	at org.openqa.selenium.remote.RemoteWebDriver.findElements(RemoteWebDriver.java:311)
	at org.openqa.selenium.support.events.EventFiringWebDriver.lambda$new$1(EventFiringWebDriver.java:105)
	at com.sun.proxy.$Proxy11.findElements(Unknown Source)
	at org.openqa.selenium.support.events.EventFiringWebDriver.findElements(EventFiringWebDriver.java:182)
	at com.kms.katalon.core.webui.common.WebUiCommonHelper.findElementByNormalMethods(WebUiCommonHelper.java:1027)
	at com.kms.katalon.core.webui.common.WebUiCommonHelper.findElementsBySelectedMethod(WebUiCommonHelper.java:919)
	at com.kms.katalon.core.webui.common.WebUiCommonHelper.findElementsBySelectedMethod(WebUiCommonHelper.java:901)
	at com.kms.katalon.core.webui.common.WebUiCommonHelper.findElementsBySelectedMethod(WebUiCommonHelper.java:896)
	at com.kms.katalon.core.webui.common.WebUiCommonHelper.findElementsByDefault(WebUiCommonHelper.java:892)
	at com.kms.katalon.core.webui.common.WebUiCommonHelper.findWebElements(WebUiCommonHelper.java:720)
	at com.kms.katalon.core.webui.common.WebUiCommonHelper.findWebElement(WebUiCommonHelper.java:1376)
	at com.kms.katalon.core.webui.keyword.internal.WebUIAbstractKeyword.findWebElement(WebUIAbstractKeyword.groovy:27)
	at com.kms.katalon.core.webui.keyword.builtin.ClickKeyword$_click_closure1.doCall(ClickKeyword.groovy:65)
	at com.kms.katalon.core.webui.keyword.builtin.ClickKeyword$_click_closure1.call(ClickKeyword.groovy)
	at com.kms.katalon.core.webui.keyword.internal.WebUIKeywordMain.runKeyword(WebUIKeywordMain.groovy:20)
	at com.kms.katalon.core.webui.keyword.builtin.ClickKeyword.click(ClickKeyword.groovy:74)
	at com.kms.katalon.core.webui.keyword.builtin.ClickKeyword.execute(ClickKeyword.groovy:40)
	at com.kms.katalon.core.keyword.internal.KeywordExecutor.executeKeywordForPlatform(KeywordExecutor.groovy:74)
	at com.kms.katalon.core.webui.keyword.WebUiBuiltInKeywords.click(WebUiBuiltInKeywords.groovy:620)
	at com.kms.katalon.core.webui.keyword.WebUiBuiltInKeywords$click$3.call(Unknown Source)
	at PMHwaueiStats.Stats(PMHwaueiStats.groovy:196)
	at PMHwaueiStats.invokeMethod(PMHwaueiStats.groovy)
	at com.kms.katalon.core.main.CustomKeywordDelegatingMetaClass.invokeStaticMethod(CustomKeywordDelegatingMetaClass.java:55)
	at Script1722259321820.run(Script1722259321820.groovy:23)
	... 13 more
)

2024-09-29 11:39:37 - [MESSAGE][FAILED] - Unable to click on object 'Object Repository/PM/Huawei-vendor/Object-Type/TopX Object Types/TopX Cells/TopX East Amman Site1 Cell1'

2024-09-29 11:39:37 - [TEST_STEP][PASSED] - Start tear down : tearDownTestCase: Method 'tearDownTestCase' complete successfully

2024-09-29 11:39:37 - [TEST_STEP][PASSED] - closeBrowser(): Browser is closed

2024-09-29 11:39:38 - [MESSAGE][PASSED] - Browser is closed

2024-09-29 11:39:38 - [MESSAGE][PASSED] - Method 'tearDownTestCase' complete successfully]]></system-out>
         <system-err><![CDATA[2024-09-29 11:37:45 - [TEST_CASE][FAILED] - Test Cases/PM/Hwauei/Stats/4G/Cell/Cell: Test Cases/PM/Hwauei/Stats/4G/Cell/Cell FAILED.
Reason:
com.kms.katalon.core.exception.StepFailedException: Unable to click on object 'Object Repository/PM/Huawei-vendor/Object-Type/TopX Object Types/TopX Cells/TopX East Amman Site1 Cell1'
	at com.kms.katalon.core.webui.keyword.internal.WebUIKeywordMain.stepFailed(WebUIKeywordMain.groovy:64)
	at com.kms.katalon.core.webui.keyword.internal.WebUIKeywordMain.runKeyword(WebUIKeywordMain.groovy:26)
	at com.kms.katalon.core.webui.keyword.builtin.ClickKeyword.click(ClickKeyword.groovy:74)
	at com.kms.katalon.core.webui.keyword.builtin.ClickKeyword.execute(ClickKeyword.groovy:40)
	at com.kms.katalon.core.keyword.internal.KeywordExecutor.executeKeywordForPlatform(KeywordExecutor.groovy:74)
	at com.kms.katalon.core.webui.keyword.WebUiBuiltInKeywords.click(WebUiBuiltInKeywords.groovy:620)
	at com.kms.katalon.core.webui.keyword.WebUiBuiltInKeywords$click$3.call(Unknown Source)
	at PMHwaueiStats.Stats(PMHwaueiStats.groovy:196)
	at PMHwaueiStats.invokeMethod(PMHwaueiStats.groovy)
	at com.kms.katalon.core.main.CustomKeywordDelegatingMetaClass.invokeStaticMethod(CustomKeywordDelegatingMetaClass.java:55)
	at Cell.run(Cell:23)
	at com.kms.katalon.core.main.ScriptEngine.run(ScriptEngine.java:194)
	at com.kms.katalon.core.main.ScriptEngine.runScriptAsRawText(ScriptEngine.java:119)
	at com.kms.katalon.core.main.TestCaseExecutor.runScript(TestCaseExecutor.java:448)
	at com.kms.katalon.core.main.TestCaseExecutor.doExecute(TestCaseExecutor.java:439)
	at com.kms.katalon.core.main.TestCaseExecutor.processExecutionPhase(TestCaseExecutor.java:418)
	at com.kms.katalon.core.main.TestCaseExecutor.accessMainPhase(TestCaseExecutor.java:410)
	at com.kms.katalon.core.main.TestCaseExecutor.execute(TestCaseExecutor.java:285)
	at com.kms.katalon.core.common.CommonExecutor.accessTestCaseMainPhase(CommonExecutor.java:65)
	at com.kms.katalon.core.main.TestSuiteExecutor.accessTestSuiteMainPhase(TestSuiteExecutor.java:148)
	at com.kms.katalon.core.main.TestSuiteExecutor.execute(TestSuiteExecutor.java:106)
	at com.kms.katalon.core.main.TestCaseMain.startTestSuite(TestCaseMain.java:187)
	at com.kms.katalon.core.main.TestCaseMain$startTestSuite$0.call(Unknown Source)
	at TempTestSuite1727598771451.run(TempTestSuite1727598771451.groovy:35)
Caused by: org.openqa.selenium.NoSuchWindowException: no such window: target window already closed
from unknown error: web view not found
  (Session info: chrome=128.0.6613.138)
Build info: version: '3.141.59', revision: 'e82be7d358', time: '2018-11-14T08:25:53'
System info: host: 'LP-FATIMAIBEID', ip: '192.168.8.187', os.name: 'Windows 11', os.arch: 'amd64', os.version: '10.0', java.version: '1.8.0_362'
Driver info: org.openqa.selenium.chrome.ChromeDriver
Capabilities {acceptInsecureCerts: true, browserName: chrome, browserVersion: 128.0.6613.138, chrome: {chromedriverVersion: 127.0.6533.88 (a2d0cb026721..., userDataDir: C:\Users\FATIMA~1\AppData\L...}, fedcm:accounts: true, goog:chromeOptions: {debuggerAddress: localhost:50468}, javascriptEnabled: true, networkConnectionEnabled: false, pageLoadStrategy: normal, platform: WINDOWS, platformName: WINDOWS, proxy: Proxy(), setWindowRect: true, strictFileInteractability: false, timeouts: {implicit: 0, pageLoad: 300000, script: 30000}, unhandledPromptBehavior: dismiss and notify, webauthn:extension:credBlob: true, webauthn:extension:largeBlob: true, webauthn:extension:minPinLength: true, webauthn:extension:prf: true, webauthn:virtualAuthenticators: true}
Session ID: a6fd57748258f0219710fbc2d0c8e624
*** Element info: {Using=xpath, value=//span[contains(text(),'301-King_Hussein_St_PD_Fiber_Manage-A')]}
	at org.openqa.selenium.remote.http.W3CHttpResponseCodec.createException(W3CHttpResponseCodec.java:187)
	at org.openqa.selenium.remote.http.W3CHttpResponseCodec.decode(W3CHttpResponseCodec.java:122)
	at org.openqa.selenium.remote.http.W3CHttpResponseCodec.decode(W3CHttpResponseCodec.java:49)
	at org.openqa.selenium.remote.HttpCommandExecutor.execute(HttpCommandExecutor.java:158)
	at org.openqa.selenium.remote.service.DriverCommandExecutor.execute(DriverCommandExecutor.java:83)
	at org.openqa.selenium.remote.RemoteWebDriver.execute(RemoteWebDriver.java:552)
	at org.openqa.selenium.remote.RemoteWebDriver.findElements(RemoteWebDriver.java:353)
	at org.openqa.selenium.remote.RemoteWebDriver.findElementsByXPath(RemoteWebDriver.java:432)
	at org.openqa.selenium.By$ByXPath.findElements(By.java:348)
	at org.openqa.selenium.remote.RemoteWebDriver.findElements(RemoteWebDriver.java:311)
	at org.openqa.selenium.support.events.EventFiringWebDriver.lambda$new$1(EventFiringWebDriver.java:105)
	at com.sun.proxy.$Proxy11.findElements(Unknown Source)
	at org.openqa.selenium.support.events.EventFiringWebDriver.findElements(EventFiringWebDriver.java:182)
	at com.kms.katalon.core.webui.common.WebUiCommonHelper.findElementByNormalMethods(WebUiCommonHelper.java:1027)
	at com.kms.katalon.core.webui.common.WebUiCommonHelper.findElementsBySelectedMethod(WebUiCommonHelper.java:919)
	at com.kms.katalon.core.webui.common.WebUiCommonHelper.findElementsBySelectedMethod(WebUiCommonHelper.java:901)
	at com.kms.katalon.core.webui.common.WebUiCommonHelper.findElementsBySelectedMethod(WebUiCommonHelper.java:896)
	at com.kms.katalon.core.webui.common.WebUiCommonHelper.findElementsByDefault(WebUiCommonHelper.java:892)
	at com.kms.katalon.core.webui.common.WebUiCommonHelper.findWebElements(WebUiCommonHelper.java:720)
	at com.kms.katalon.core.webui.common.WebUiCommonHelper.findWebElement(WebUiCommonHelper.java:1376)
	at com.kms.katalon.core.webui.keyword.internal.WebUIAbstractKeyword.findWebElement(WebUIAbstractKeyword.groovy:27)
	at com.kms.katalon.core.webui.keyword.builtin.ClickKeyword$_click_closure1.doCall(ClickKeyword.groovy:65)
	at com.kms.katalon.core.webui.keyword.builtin.ClickKeyword$_click_closure1.call(ClickKeyword.groovy)
	at com.kms.katalon.core.webui.keyword.internal.WebUIKeywordMain.runKeyword(WebUIKeywordMain.groovy:20)
	... 22 more]]></system-err>
      </testcase>
      <testcase name="Test Cases/PM/Hwauei/Stats/4G/Cell/Cell-Aggregation" time="51.929" classname="Test Cases/PM/Hwauei/Stats/4G/Cell/Cell-Aggregation" status="FAILED">
         <failure type="FAILED" message="Test Cases/PM/Hwauei/Stats/4G/Cell/Cell-Aggregation FAILED.
Reason:
com.kms.katalon.core.exception.StepFailedException: Unable to click on object 'Object Repository/PM/Huawei-vendor/Object-Type/Object-Type-Selection/Site/East-Amman-Options/East-Amman-Option1'
	at com.kms.katalon.core.webui.keyword.internal.WebUIKeywordMain.stepFailed(WebUIKeywordMain.groovy:64)
	at com.kms.katalon.core.webui.keyword.internal.WebUIKeywordMain.runKeyword(WebUIKeywordMain.groovy:26)
	at com.kms.katalon.core.webui.keyword.builtin.ClickKeyword.click(ClickKeyword.groovy:74)
	at com.kms.katalon.core.webui.keyword.builtin.ClickKeyword.execute(ClickKeyword.groovy:40)
	at com.kms.katalon.core.keyword.internal.KeywordExecutor.executeKeywordForPlatform(KeywordExecutor.groovy:74)
	at com.kms.katalon.core.webui.keyword.WebUiBuiltInKeywords.click(WebUiBuiltInKeywords.groovy:620)
	at com.kms.katalon.core.webui.keyword.WebUiBuiltInKeywords$click$3.call(Unknown Source)
	at Cell-Aggregation.run(Cell-Aggregation:36)
	at com.kms.katalon.core.main.ScriptEngine.run(ScriptEngine.java:194)
	at com.kms.katalon.core.main.ScriptEngine.runScriptAsRawText(ScriptEngine.java:119)
	at com.kms.katalon.core.main.TestCaseExecutor.runScript(TestCaseExecutor.java:448)
	at com.kms.katalon.core.main.TestCaseExecutor.doExecute(TestCaseExecutor.java:439)
	at com.kms.katalon.core.main.TestCaseExecutor.processExecutionPhase(TestCaseExecutor.java:418)
	at com.kms.katalon.core.main.TestCaseExecutor.accessMainPhase(TestCaseExecutor.java:410)
	at com.kms.katalon.core.main.TestCaseExecutor.execute(TestCaseExecutor.java:285)
	at com.kms.katalon.core.common.CommonExecutor.accessTestCaseMainPhase(CommonExecutor.java:65)
	at com.kms.katalon.core.main.TestSuiteExecutor.accessTestSuiteMainPhase(TestSuiteExecutor.java:148)
	at com.kms.katalon.core.main.TestSuiteExecutor.execute(TestSuiteExecutor.java:106)
	at com.kms.katalon.core.main.TestCaseMain.startTestSuite(TestCaseMain.java:187)
	at com.kms.katalon.core.main.TestCaseMain$startTestSuite$0.call(Unknown Source)
	at TempTestSuite1727598771451.run(TempTestSuite1727598771451.groovy:35)
Caused by: org.openqa.selenium.NoSuchWindowException: no such window: target window already closed
from unknown error: web view not found
  (Session info: chrome=128.0.6613.138)
Build info: version: '3.141.59', revision: 'e82be7d358', time: '2018-11-14T08:25:53'
System info: host: 'LP-FATIMAIBEID', ip: '192.168.8.187', os.name: 'Windows 11', os.arch: 'amd64', os.version: '10.0', java.version: '1.8.0_362'
Driver info: org.openqa.selenium.chrome.ChromeDriver
Capabilities {acceptInsecureCerts: true, browserName: chrome, browserVersion: 128.0.6613.138, chrome: {chromedriverVersion: 127.0.6533.88 (a2d0cb026721..., userDataDir: C:\Users\FATIMA~1\AppData\L...}, fedcm:accounts: true, goog:chromeOptions: {debuggerAddress: localhost:50575}, javascriptEnabled: true, networkConnectionEnabled: false, pageLoadStrategy: normal, platform: WINDOWS, platformName: WINDOWS, proxy: Proxy(), setWindowRect: true, strictFileInteractability: false, timeouts: {implicit: 0, pageLoad: 300000, script: 30000}, unhandledPromptBehavior: dismiss and notify, webauthn:extension:credBlob: true, webauthn:extension:largeBlob: true, webauthn:extension:minPinLength: true, webauthn:extension:prf: true, webauthn:virtualAuthenticators: true}
Session ID: 12671fcb8679418916dffc53ae0a96ee
	at org.openqa.selenium.remote.http.W3CHttpResponseCodec.createException(W3CHttpResponseCodec.java:187)
	at org.openqa.selenium.remote.http.W3CHttpResponseCodec.decode(W3CHttpResponseCodec.java:122)
	at org.openqa.selenium.remote.http.W3CHttpResponseCodec.decode(W3CHttpResponseCodec.java:49)
	at org.openqa.selenium.remote.HttpCommandExecutor.execute(HttpCommandExecutor.java:158)
	at org.openqa.selenium.remote.service.DriverCommandExecutor.execute(DriverCommandExecutor.java:83)
	at org.openqa.selenium.remote.RemoteWebDriver.execute(RemoteWebDriver.java:552)
	at org.openqa.selenium.remote.RemoteWebElement.execute(RemoteWebElement.java:285)
	at org.openqa.selenium.remote.RemoteWebElement.click(RemoteWebElement.java:84)
	at org.openqa.selenium.support.events.EventFiringWebDriver$EventFiringWebElement.lambda$new$0(EventFiringWebDriver.java:404)
	at com.sun.proxy.$Proxy12.click(Unknown Source)
	at org.openqa.selenium.support.events.EventFiringWebDriver$EventFiringWebElement.click(EventFiringWebDriver.java:417)
	at org.openqa.selenium.WebElement$click.call(Unknown Source)
	at com.kms.katalon.core.webui.keyword.builtin.ClickKeyword.clickUntilSuccessWithTimeout(ClickKeyword.groovy:81)
	at com.kms.katalon.core.webui.keyword.builtin.ClickKeyword.clickUntilSuccessWithTimeout(ClickKeyword.groovy)
	at com.kms.katalon.core.webui.keyword.builtin.ClickKeyword$_click_closure1.doCall(ClickKeyword.groovy:67)
	at com.kms.katalon.core.webui.keyword.builtin.ClickKeyword$_click_closure1.call(ClickKeyword.groovy)
	at com.kms.katalon.core.webui.keyword.internal.WebUIKeywordMain.runKeyword(WebUIKeywordMain.groovy:20)
	... 19 more
"/>
         <system-out><![CDATA[2024-09-29 11:39:38 - [TEST_CASE][FAILED] - Test Cases/PM/Hwauei/Stats/4G/Cell/Cell-Aggregation: Test Cases/PM/Hwauei/Stats/4G/Cell/Cell-Aggregation FAILED.
Reason:
com.kms.katalon.core.exception.StepFailedException: Unable to click on object 'Object Repository/PM/Huawei-vendor/Object-Type/Object-Type-Selection/Site/East-Amman-Options/East-Amman-Option1'
	at com.kms.katalon.core.webui.keyword.internal.WebUIKeywordMain.stepFailed(WebUIKeywordMain.groovy:64)
	at com.kms.katalon.core.webui.keyword.internal.WebUIKeywordMain.runKeyword(WebUIKeywordMain.groovy:26)
	at com.kms.katalon.core.webui.keyword.builtin.ClickKeyword.click(ClickKeyword.groovy:74)
	at com.kms.katalon.core.webui.keyword.builtin.ClickKeyword.execute(ClickKeyword.groovy:40)
	at com.kms.katalon.core.keyword.internal.KeywordExecutor.executeKeywordForPlatform(KeywordExecutor.groovy:74)
	at com.kms.katalon.core.webui.keyword.WebUiBuiltInKeywords.click(WebUiBuiltInKeywords.groovy:620)
	at com.kms.katalon.core.webui.keyword.WebUiBuiltInKeywords$click$3.call(Unknown Source)
	at Cell-Aggregation.run(Cell-Aggregation:36)
	at com.kms.katalon.core.main.ScriptEngine.run(ScriptEngine.java:194)
	at com.kms.katalon.core.main.ScriptEngine.runScriptAsRawText(ScriptEngine.java:119)
	at com.kms.katalon.core.main.TestCaseExecutor.runScript(TestCaseExecutor.java:448)
	at com.kms.katalon.core.main.TestCaseExecutor.doExecute(TestCaseExecutor.java:439)
	at com.kms.katalon.core.main.TestCaseExecutor.processExecutionPhase(TestCaseExecutor.java:418)
	at com.kms.katalon.core.main.TestCaseExecutor.accessMainPhase(TestCaseExecutor.java:410)
	at com.kms.katalon.core.main.TestCaseExecutor.execute(TestCaseExecutor.java:285)
	at com.kms.katalon.core.common.CommonExecutor.accessTestCaseMainPhase(CommonExecutor.java:65)
	at com.kms.katalon.core.main.TestSuiteExecutor.accessTestSuiteMainPhase(TestSuiteExecutor.java:148)
	at com.kms.katalon.core.main.TestSuiteExecutor.execute(TestSuiteExecutor.java:106)
	at com.kms.katalon.core.main.TestCaseMain.startTestSuite(TestCaseMain.java:187)
	at com.kms.katalon.core.main.TestCaseMain$startTestSuite$0.call(Unknown Source)
	at TempTestSuite1727598771451.run(TempTestSuite1727598771451.groovy:35)
Caused by: org.openqa.selenium.NoSuchWindowException: no such window: target window already closed
from unknown error: web view not found
  (Session info: chrome=128.0.6613.138)
Build info: version: '3.141.59', revision: 'e82be7d358', time: '2018-11-14T08:25:53'
System info: host: 'LP-FATIMAIBEID', ip: '192.168.8.187', os.name: 'Windows 11', os.arch: 'amd64', os.version: '10.0', java.version: '1.8.0_362'
Driver info: org.openqa.selenium.chrome.ChromeDriver
Capabilities {acceptInsecureCerts: true, browserName: chrome, browserVersion: 128.0.6613.138, chrome: {chromedriverVersion: 127.0.6533.88 (a2d0cb026721..., userDataDir: C:\Users\FATIMA~1\AppData\L...}, fedcm:accounts: true, goog:chromeOptions: {debuggerAddress: localhost:50575}, javascriptEnabled: true, networkConnectionEnabled: false, pageLoadStrategy: normal, platform: WINDOWS, platformName: WINDOWS, proxy: Proxy(), setWindowRect: true, strictFileInteractability: false, timeouts: {implicit: 0, pageLoad: 300000, script: 30000}, unhandledPromptBehavior: dismiss and notify, webauthn:extension:credBlob: true, webauthn:extension:largeBlob: true, webauthn:extension:minPinLength: true, webauthn:extension:prf: true, webauthn:virtualAuthenticators: true}
Session ID: 12671fcb8679418916dffc53ae0a96ee
	at org.openqa.selenium.remote.http.W3CHttpResponseCodec.createException(W3CHttpResponseCodec.java:187)
	at org.openqa.selenium.remote.http.W3CHttpResponseCodec.decode(W3CHttpResponseCodec.java:122)
	at org.openqa.selenium.remote.http.W3CHttpResponseCodec.decode(W3CHttpResponseCodec.java:49)
	at org.openqa.selenium.remote.HttpCommandExecutor.execute(HttpCommandExecutor.java:158)
	at org.openqa.selenium.remote.service.DriverCommandExecutor.execute(DriverCommandExecutor.java:83)
	at org.openqa.selenium.remote.RemoteWebDriver.execute(RemoteWebDriver.java:552)
	at org.openqa.selenium.remote.RemoteWebElement.execute(RemoteWebElement.java:285)
	at org.openqa.selenium.remote.RemoteWebElement.click(RemoteWebElement.java:84)
	at org.openqa.selenium.support.events.EventFiringWebDriver$EventFiringWebElement.lambda$new$0(EventFiringWebDriver.java:404)
	at com.sun.proxy.$Proxy12.click(Unknown Source)
	at org.openqa.selenium.support.events.EventFiringWebDriver$EventFiringWebElement.click(EventFiringWebDriver.java:417)
	at org.openqa.selenium.WebElement$click.call(Unknown Source)
	at com.kms.katalon.core.webui.keyword.builtin.ClickKeyword.clickUntilSuccessWithTimeout(ClickKeyword.groovy:81)
	at com.kms.katalon.core.webui.keyword.builtin.ClickKeyword.clickUntilSuccessWithTimeout(ClickKeyword.groovy)
	at com.kms.katalon.core.webui.keyword.builtin.ClickKeyword$_click_closure1.doCall(ClickKeyword.groovy:67)
	at com.kms.katalon.core.webui.keyword.builtin.ClickKeyword$_click_closure1.call(ClickKeyword.groovy)
	at com.kms.katalon.core.webui.keyword.internal.WebUIKeywordMain.runKeyword(WebUIKeywordMain.groovy:20)
	... 19 more


2024-09-29 11:39:38 - [TEST_STEP][PASSED] - callTestCase(findTestCase("LoginNew"), [:], STOP_ON_FAILURE): Call Test Case 'Test Cases/LoginNew' successfully

2024-09-29 11:39:38 - [TEST_CASE][PASSED] - Test Cases/LoginNew: Test Cases/LoginNew

2024-09-29 11:39:38 - [TEST_STEP][PASSED] - driver = general.start(SwagerURL, NetCellURL): general.start is PASSED

2024-09-29 11:39:38 - [MESSAGE][INFO] - >>> chromeDriverPath=C:\Users\FatimaIbeid\.katalon\packages\Katalon_Studio_Windows_64-8.6.9\Katalon_Studio_Windows_64-8.6.9\configuration\resources\drivers\chromedriver_win32\chromedriver.exe

2024-09-29 11:39:40 - [MESSAGE][PASSED] - Current window maximized

2024-09-29 11:39:41 - [MESSAGE][PASSED] - Execute JavaScript 'window.open();' successfully

2024-09-29 11:39:41 - [MESSAGE][PASSED] - Switched to window with index: '1'

2024-09-29 11:39:52 - [MESSAGE][PASSED] - general.start is PASSED

2024-09-29 11:39:52 - [TEST_STEP][PASSED] - delay(1): Delayed 1 second(s)

2024-09-29 11:39:53 - [MESSAGE][PASSED] - Delayed 1 second(s)

2024-09-29 11:39:53 - [TEST_STEP][PASSED] - sendKeys(findTestObject("Object Repository/Login/EnterEmail2"), "homam@zztjg.onmicrosoft.com"): Keys 'homam@zztjg.onmicrosoft.com' sent to object: 'Object Repository/Login/EnterEmail2'

2024-09-29 11:39:53 - [MESSAGE][PASSED] - Keys 'homam@zztjg.onmicrosoft.com' sent to object: 'Object Repository/Login/EnterEmail2'

2024-09-29 11:39:53 - [TEST_STEP][PASSED] - delay(1): Delayed 1 second(s)

2024-09-29 11:39:54 - [MESSAGE][PASSED] - Delayed 1 second(s)

2024-09-29 11:39:54 - [TEST_STEP][PASSED] - sendKeys(findTestObject("Object Repository/Login/EnterPassword2"), "P@ssw0rd"): Keys 'P@ssw0rd' sent to object: 'Object Repository/Login/EnterPassword2'

2024-09-29 11:39:55 - [MESSAGE][PASSED] - Keys 'P@ssw0rd' sent to object: 'Object Repository/Login/EnterPassword2'

2024-09-29 11:39:55 - [TEST_STEP][PASSED] - delay(1): Delayed 1 second(s)

2024-09-29 11:39:56 - [MESSAGE][PASSED] - Delayed 1 second(s)

2024-09-29 11:39:56 - [TEST_STEP][PASSED] - click(findTestObject("Object Repository/Login/LoginButton2")): Object: 'Object Repository/Login/LoginButton2' is clicked on

2024-09-29 11:39:56 - [MESSAGE][PASSED] - Object: 'Object Repository/Login/LoginButton2' is clicked on

2024-09-29 11:39:56 - [TEST_STEP][PASSED] - delay(1): Delayed 1 second(s)

2024-09-29 11:39:57 - [MESSAGE][PASSED] - Delayed 1 second(s)

2024-09-29 11:39:57 - [TEST_STEP][PASSED] - waitForElementPresent(findTestObject("Object Repository/Login/welcome To NetCell"), 0): Object 'Object Repository/Login/welcome To NetCell' is present

2024-09-29 11:39:57 - [MESSAGE][WARNING] - Timeout '0' is invalid. Using default page load timeout: '120'

2024-09-29 11:39:57 - [MESSAGE][PASSED] - Object 'Object Repository/Login/welcome To NetCell' is present

2024-09-29 11:39:57 - [MESSAGE][PASSED] - Call Test Case 'Test Cases/LoginNew' successfully

2024-09-29 11:39:57 - [TEST_STEP][PASSED] - switchToWindowIndex(1): Switched to window with index: '1'

2024-09-29 11:39:57 - [MESSAGE][PASSED] - Switched to window with index: '1'

2024-09-29 11:39:57 - [TEST_STEP][PASSED] - click(findTestObject("Object Repository/PM/PM-Button")): Object: 'Object Repository/PM/PM-Button' is clicked on

2024-09-29 11:39:57 - [MESSAGE][PASSED] - Object: 'Object Repository/PM/PM-Button' is clicked on

2024-09-29 11:39:57 - [TEST_STEP][PASSED] - switchToWindowIndex(2): Switched to window with index: '2'

2024-09-29 11:39:58 - [MESSAGE][PASSED] - Switched to window with index: '2'

2024-09-29 11:39:58 - [TEST_STEP][PASSED] - click(findTestObject("Object Repository/PM/Huawei-vendor/TopX/TopX Object Type")): Object: 'Object Repository/PM/Huawei-vendor/TopX/TopX Object Type' is clicked on

2024-09-29 11:39:58 - [MESSAGE][PASSED] - Object: 'Object Repository/PM/Huawei-vendor/TopX/TopX Object Type' is clicked on

2024-09-29 11:39:58 - [TEST_STEP][PASSED] - click(findTestObject("Object Repository/PM/Huawei-vendor/Object-Type/TopX Object Types/TopX Cells/TopX Cell")): Object: 'Object Repository/PM/Huawei-vendor/Object-Type/TopX Object Types/TopX Cells/TopX Cell' is clicked on

2024-09-29 11:39:58 - [MESSAGE][PASSED] - Object: 'Object Repository/PM/Huawei-vendor/Object-Type/TopX Object Types/TopX Cells/TopX Cell' is clicked on

2024-09-29 11:39:58 - [TEST_STEP][PASSED] - click(findTestObject("Object Repository/PM/Huawei-vendor/Object-Type/Object-Type-Selection/Site/East-Amman-Options/Arrow-East-Amman")): Object: 'Object Repository/PM/Huawei-vendor/Object-Type/Object-Type-Selection/Site/East-Amman-Options/Arrow-East-Amman' is clicked on

2024-09-29 11:39:59 - [MESSAGE][PASSED] - Object: 'Object Repository/PM/Huawei-vendor/Object-Type/Object-Type-Selection/Site/East-Amman-Options/Arrow-East-Amman' is clicked on

2024-09-29 11:39:59 - [TEST_STEP][FAILED] - click(findTestObject("Object Repository/PM/Huawei-vendor/Object-Type/Object-Type-Selection/Site/East-Amman-Options/East-Amman-Option1")): Unable to click on object 'Object Repository/PM/Huawei-vendor/Object-Type/Object-Type-Selection/Site/East-Amman-Options/East-Amman-Option1' (Root cause: com.kms.katalon.core.exception.StepFailedException: Unable to click on object 'Object Repository/PM/Huawei-vendor/Object-Type/Object-Type-Selection/Site/East-Amman-Options/East-Amman-Option1'
	at com.kms.katalon.core.webui.keyword.internal.WebUIKeywordMain.stepFailed(WebUIKeywordMain.groovy:64)
	at com.kms.katalon.core.webui.keyword.internal.WebUIKeywordMain.runKeyword(WebUIKeywordMain.groovy:26)
	at com.kms.katalon.core.webui.keyword.builtin.ClickKeyword.click(ClickKeyword.groovy:74)
	at com.kms.katalon.core.webui.keyword.builtin.ClickKeyword.execute(ClickKeyword.groovy:40)
	at com.kms.katalon.core.keyword.internal.KeywordExecutor.executeKeywordForPlatform(KeywordExecutor.groovy:74)
	at com.kms.katalon.core.webui.keyword.WebUiBuiltInKeywords.click(WebUiBuiltInKeywords.groovy:620)
	at com.kms.katalon.core.webui.keyword.WebUiBuiltInKeywords$click$3.call(Unknown Source)
	at Cell-Aggregation.run(Cell-Aggregation:36)
	at com.kms.katalon.core.main.ScriptEngine.run(ScriptEngine.java:194)
	at com.kms.katalon.core.main.ScriptEngine.runScriptAsRawText(ScriptEngine.java:119)
	at com.kms.katalon.core.main.TestCaseExecutor.runScript(TestCaseExecutor.java:448)
	at com.kms.katalon.core.main.TestCaseExecutor.doExecute(TestCaseExecutor.java:439)
	at com.kms.katalon.core.main.TestCaseExecutor.processExecutionPhase(TestCaseExecutor.java:418)
	at com.kms.katalon.core.main.TestCaseExecutor.accessMainPhase(TestCaseExecutor.java:410)
	at com.kms.katalon.core.main.TestCaseExecutor.execute(TestCaseExecutor.java:285)
	at com.kms.katalon.core.common.CommonExecutor.accessTestCaseMainPhase(CommonExecutor.java:65)
	at com.kms.katalon.core.main.TestSuiteExecutor.accessTestSuiteMainPhase(TestSuiteExecutor.java:148)
	at com.kms.katalon.core.main.TestSuiteExecutor.execute(TestSuiteExecutor.java:106)
	at com.kms.katalon.core.main.TestCaseMain.startTestSuite(TestCaseMain.java:187)
	at com.kms.katalon.core.main.TestCaseMain$startTestSuite$0.call(Unknown Source)
	at TempTestSuite1727598771451.run(TempTestSuite1727598771451.groovy:35)
Caused by: org.openqa.selenium.NoSuchWindowException: no such window: target window already closed
from unknown error: web view not found
  (Session info: chrome=128.0.6613.138)
Build info: version: '3.141.59', revision: 'e82be7d358', time: '2018-11-14T08:25:53'
System info: host: 'LP-FATIMAIBEID', ip: '192.168.8.187', os.name: 'Windows 11', os.arch: 'amd64', os.version: '10.0', java.version: '1.8.0_362'
Driver info: org.openqa.selenium.chrome.ChromeDriver
Capabilities {acceptInsecureCerts: true, browserName: chrome, browserVersion: 128.0.6613.138, chrome: {chromedriverVersion: 127.0.6533.88 (a2d0cb026721..., userDataDir: C:\Users\FATIMA~1\AppData\L...}, fedcm:accounts: true, goog:chromeOptions: {debuggerAddress: localhost:50575}, javascriptEnabled: true, networkConnectionEnabled: false, pageLoadStrategy: normal, platform: WINDOWS, platformName: WINDOWS, proxy: Proxy(), setWindowRect: true, strictFileInteractability: false, timeouts: {implicit: 0, pageLoad: 300000, script: 30000}, unhandledPromptBehavior: dismiss and notify, webauthn:extension:credBlob: true, webauthn:extension:largeBlob: true, webauthn:extension:minPinLength: true, webauthn:extension:prf: true, webauthn:virtualAuthenticators: true}
Session ID: 12671fcb8679418916dffc53ae0a96ee
	at org.openqa.selenium.remote.http.W3CHttpResponseCodec.createException(W3CHttpResponseCodec.java:187)
	at org.openqa.selenium.remote.http.W3CHttpResponseCodec.decode(W3CHttpResponseCodec.java:122)
	at org.openqa.selenium.remote.http.W3CHttpResponseCodec.decode(W3CHttpResponseCodec.java:49)
	at org.openqa.selenium.remote.HttpCommandExecutor.execute(HttpCommandExecutor.java:158)
	at org.openqa.selenium.remote.service.DriverCommandExecutor.execute(DriverCommandExecutor.java:83)
	at org.openqa.selenium.remote.RemoteWebDriver.execute(RemoteWebDriver.java:552)
	at org.openqa.selenium.remote.RemoteWebElement.execute(RemoteWebElement.java:285)
	at org.openqa.selenium.remote.RemoteWebElement.click(RemoteWebElement.java:84)
	at org.openqa.selenium.support.events.EventFiringWebDriver$EventFiringWebElement.lambda$new$0(EventFiringWebDriver.java:404)
	at com.sun.proxy.$Proxy12.click(Unknown Source)
	at org.openqa.selenium.support.events.EventFiringWebDriver$EventFiringWebElement.click(EventFiringWebDriver.java:417)
	at org.openqa.selenium.WebElement$click.call(Unknown Source)
	at com.kms.katalon.core.webui.keyword.builtin.ClickKeyword.clickUntilSuccessWithTimeout(ClickKeyword.groovy:81)
	at com.kms.katalon.core.webui.keyword.builtin.ClickKeyword.clickUntilSuccessWithTimeout(ClickKeyword.groovy)
	at com.kms.katalon.core.webui.keyword.builtin.ClickKeyword$_click_closure1.doCall(ClickKeyword.groovy:67)
	at com.kms.katalon.core.webui.keyword.builtin.ClickKeyword$_click_closure1.call(ClickKeyword.groovy)
	at com.kms.katalon.core.webui.keyword.internal.WebUIKeywordMain.runKeyword(WebUIKeywordMain.groovy:20)
	at com.kms.katalon.core.webui.keyword.builtin.ClickKeyword.click(ClickKeyword.groovy:74)
	at com.kms.katalon.core.webui.keyword.builtin.ClickKeyword.execute(ClickKeyword.groovy:40)
	at com.kms.katalon.core.keyword.internal.KeywordExecutor.executeKeywordForPlatform(KeywordExecutor.groovy:74)
	at com.kms.katalon.core.webui.keyword.WebUiBuiltInKeywords.click(WebUiBuiltInKeywords.groovy:620)
	at com.kms.katalon.core.webui.keyword.WebUiBuiltInKeywords$click$3.call(Unknown Source)
	at Script1722259334974.run(Script1722259334974.groovy:36)
	... 13 more
)

2024-09-29 11:40:29 - [MESSAGE][WARNING] - Cannot take screenshot

2024-09-29 11:40:29 - [MESSAGE][FAILED] - Unable to click on object 'Object Repository/PM/Huawei-vendor/Object-Type/Object-Type-Selection/Site/East-Amman-Options/East-Amman-Option1' (Root cause: com.kms.katalon.core.exception.StepFailedException: Unable to click on object 'Object Repository/PM/Huawei-vendor/Object-Type/Object-Type-Selection/Site/East-Amman-Options/East-Amman-Option1'
	at com.kms.katalon.core.webui.keyword.internal.WebUIKeywordMain.stepFailed(WebUIKeywordMain.groovy:64)
	at com.kms.katalon.core.webui.keyword.internal.WebUIKeywordMain.runKeyword(WebUIKeywordMain.groovy:26)
	at com.kms.katalon.core.webui.keyword.builtin.ClickKeyword.click(ClickKeyword.groovy:74)
	at com.kms.katalon.core.webui.keyword.builtin.ClickKeyword.execute(ClickKeyword.groovy:40)
	at com.kms.katalon.core.keyword.internal.KeywordExecutor.executeKeywordForPlatform(KeywordExecutor.groovy:74)
	at com.kms.katalon.core.webui.keyword.WebUiBuiltInKeywords.click(WebUiBuiltInKeywords.groovy:620)
	at com.kms.katalon.core.webui.keyword.WebUiBuiltInKeywords$click$3.call(Unknown Source)
	at Cell-Aggregation.run(Cell-Aggregation:36)
	at com.kms.katalon.core.main.ScriptEngine.run(ScriptEngine.java:194)
	at com.kms.katalon.core.main.ScriptEngine.runScriptAsRawText(ScriptEngine.java:119)
	at com.kms.katalon.core.main.TestCaseExecutor.runScript(TestCaseExecutor.java:448)
	at com.kms.katalon.core.main.TestCaseExecutor.doExecute(TestCaseExecutor.java:439)
	at com.kms.katalon.core.main.TestCaseExecutor.processExecutionPhase(TestCaseExecutor.java:418)
	at com.kms.katalon.core.main.TestCaseExecutor.accessMainPhase(TestCaseExecutor.java:410)
	at com.kms.katalon.core.main.TestCaseExecutor.execute(TestCaseExecutor.java:285)
	at com.kms.katalon.core.common.CommonExecutor.accessTestCaseMainPhase(CommonExecutor.java:65)
	at com.kms.katalon.core.main.TestSuiteExecutor.accessTestSuiteMainPhase(TestSuiteExecutor.java:148)
	at com.kms.katalon.core.main.TestSuiteExecutor.execute(TestSuiteExecutor.java:106)
	at com.kms.katalon.core.main.TestCaseMain.startTestSuite(TestCaseMain.java:187)
	at com.kms.katalon.core.main.TestCaseMain$startTestSuite$0.call(Unknown Source)
	at TempTestSuite1727598771451.run(TempTestSuite1727598771451.groovy:35)
Caused by: org.openqa.selenium.NoSuchWindowException: no such window: target window already closed
from unknown error: web view not found
  (Session info: chrome=128.0.6613.138)
Build info: version: '3.141.59', revision: 'e82be7d358', time: '2018-11-14T08:25:53'
System info: host: 'LP-FATIMAIBEID', ip: '192.168.8.187', os.name: 'Windows 11', os.arch: 'amd64', os.version: '10.0', java.version: '1.8.0_362'
Driver info: org.openqa.selenium.chrome.ChromeDriver
Capabilities {acceptInsecureCerts: true, browserName: chrome, browserVersion: 128.0.6613.138, chrome: {chromedriverVersion: 127.0.6533.88 (a2d0cb026721..., userDataDir: C:\Users\FATIMA~1\AppData\L...}, fedcm:accounts: true, goog:chromeOptions: {debuggerAddress: localhost:50575}, javascriptEnabled: true, networkConnectionEnabled: false, pageLoadStrategy: normal, platform: WINDOWS, platformName: WINDOWS, proxy: Proxy(), setWindowRect: true, strictFileInteractability: false, timeouts: {implicit: 0, pageLoad: 300000, script: 30000}, unhandledPromptBehavior: dismiss and notify, webauthn:extension:credBlob: true, webauthn:extension:largeBlob: true, webauthn:extension:minPinLength: true, webauthn:extension:prf: true, webauthn:virtualAuthenticators: true}
Session ID: 12671fcb8679418916dffc53ae0a96ee
	at org.openqa.selenium.remote.http.W3CHttpResponseCodec.createException(W3CHttpResponseCodec.java:187)
	at org.openqa.selenium.remote.http.W3CHttpResponseCodec.decode(W3CHttpResponseCodec.java:122)
	at org.openqa.selenium.remote.http.W3CHttpResponseCodec.decode(W3CHttpResponseCodec.java:49)
	at org.openqa.selenium.remote.HttpCommandExecutor.execute(HttpCommandExecutor.java:158)
	at org.openqa.selenium.remote.service.DriverCommandExecutor.execute(DriverCommandExecutor.java:83)
	at org.openqa.selenium.remote.RemoteWebDriver.execute(RemoteWebDriver.java:552)
	at org.openqa.selenium.remote.RemoteWebElement.execute(RemoteWebElement.java:285)
	at org.openqa.selenium.remote.RemoteWebElement.click(RemoteWebElement.java:84)
	at org.openqa.selenium.support.events.EventFiringWebDriver$EventFiringWebElement.lambda$new$0(EventFiringWebDriver.java:404)
	at com.sun.proxy.$Proxy12.click(Unknown Source)
	at org.openqa.selenium.support.events.EventFiringWebDriver$EventFiringWebElement.click(EventFiringWebDriver.java:417)
	at org.openqa.selenium.WebElement$click.call(Unknown Source)
	at com.kms.katalon.core.webui.keyword.builtin.ClickKeyword.clickUntilSuccessWithTimeout(ClickKeyword.groovy:81)
	at com.kms.katalon.core.webui.keyword.builtin.ClickKeyword.clickUntilSuccessWithTimeout(ClickKeyword.groovy)
	at com.kms.katalon.core.webui.keyword.builtin.ClickKeyword$_click_closure1.doCall(ClickKeyword.groovy:67)
	at com.kms.katalon.core.webui.keyword.builtin.ClickKeyword$_click_closure1.call(ClickKeyword.groovy)
	at com.kms.katalon.core.webui.keyword.internal.WebUIKeywordMain.runKeyword(WebUIKeywordMain.groovy:20)
	at com.kms.katalon.core.webui.keyword.builtin.ClickKeyword.click(ClickKeyword.groovy:74)
	at com.kms.katalon.core.webui.keyword.builtin.ClickKeyword.execute(ClickKeyword.groovy:40)
	at com.kms.katalon.core.keyword.internal.KeywordExecutor.executeKeywordForPlatform(KeywordExecutor.groovy:74)
	at com.kms.katalon.core.webui.keyword.WebUiBuiltInKeywords.click(WebUiBuiltInKeywords.groovy:620)
	at com.kms.katalon.core.webui.keyword.WebUiBuiltInKeywords$click$3.call(Unknown Source)
	at Script1722259334974.run(Script1722259334974.groovy:36)
	... 13 more
)

2024-09-29 11:40:29 - [TEST_STEP][PASSED] - Start tear down : tearDownTestCase: Method 'tearDownTestCase' complete successfully

2024-09-29 11:40:29 - [TEST_STEP][PASSED] - closeBrowser(): Browser is closed

2024-09-29 11:40:30 - [MESSAGE][PASSED] - Browser is closed

2024-09-29 11:40:30 - [MESSAGE][PASSED] - Method 'tearDownTestCase' complete successfully]]></system-out>
         <system-err><![CDATA[2024-09-29 11:39:38 - [TEST_CASE][FAILED] - Test Cases/PM/Hwauei/Stats/4G/Cell/Cell-Aggregation: Test Cases/PM/Hwauei/Stats/4G/Cell/Cell-Aggregation FAILED.
Reason:
com.kms.katalon.core.exception.StepFailedException: Unable to click on object 'Object Repository/PM/Huawei-vendor/Object-Type/Object-Type-Selection/Site/East-Amman-Options/East-Amman-Option1'
	at com.kms.katalon.core.webui.keyword.internal.WebUIKeywordMain.stepFailed(WebUIKeywordMain.groovy:64)
	at com.kms.katalon.core.webui.keyword.internal.WebUIKeywordMain.runKeyword(WebUIKeywordMain.groovy:26)
	at com.kms.katalon.core.webui.keyword.builtin.ClickKeyword.click(ClickKeyword.groovy:74)
	at com.kms.katalon.core.webui.keyword.builtin.ClickKeyword.execute(ClickKeyword.groovy:40)
	at com.kms.katalon.core.keyword.internal.KeywordExecutor.executeKeywordForPlatform(KeywordExecutor.groovy:74)
	at com.kms.katalon.core.webui.keyword.WebUiBuiltInKeywords.click(WebUiBuiltInKeywords.groovy:620)
	at com.kms.katalon.core.webui.keyword.WebUiBuiltInKeywords$click$3.call(Unknown Source)
	at Cell-Aggregation.run(Cell-Aggregation:36)
	at com.kms.katalon.core.main.ScriptEngine.run(ScriptEngine.java:194)
	at com.kms.katalon.core.main.ScriptEngine.runScriptAsRawText(ScriptEngine.java:119)
	at com.kms.katalon.core.main.TestCaseExecutor.runScript(TestCaseExecutor.java:448)
	at com.kms.katalon.core.main.TestCaseExecutor.doExecute(TestCaseExecutor.java:439)
	at com.kms.katalon.core.main.TestCaseExecutor.processExecutionPhase(TestCaseExecutor.java:418)
	at com.kms.katalon.core.main.TestCaseExecutor.accessMainPhase(TestCaseExecutor.java:410)
	at com.kms.katalon.core.main.TestCaseExecutor.execute(TestCaseExecutor.java:285)
	at com.kms.katalon.core.common.CommonExecutor.accessTestCaseMainPhase(CommonExecutor.java:65)
	at com.kms.katalon.core.main.TestSuiteExecutor.accessTestSuiteMainPhase(TestSuiteExecutor.java:148)
	at com.kms.katalon.core.main.TestSuiteExecutor.execute(TestSuiteExecutor.java:106)
	at com.kms.katalon.core.main.TestCaseMain.startTestSuite(TestCaseMain.java:187)
	at com.kms.katalon.core.main.TestCaseMain$startTestSuite$0.call(Unknown Source)
	at TempTestSuite1727598771451.run(TempTestSuite1727598771451.groovy:35)
Caused by: org.openqa.selenium.NoSuchWindowException: no such window: target window already closed
from unknown error: web view not found
  (Session info: chrome=128.0.6613.138)
Build info: version: '3.141.59', revision: 'e82be7d358', time: '2018-11-14T08:25:53'
System info: host: 'LP-FATIMAIBEID', ip: '192.168.8.187', os.name: 'Windows 11', os.arch: 'amd64', os.version: '10.0', java.version: '1.8.0_362'
Driver info: org.openqa.selenium.chrome.ChromeDriver
Capabilities {acceptInsecureCerts: true, browserName: chrome, browserVersion: 128.0.6613.138, chrome: {chromedriverVersion: 127.0.6533.88 (a2d0cb026721..., userDataDir: C:\Users\FATIMA~1\AppData\L...}, fedcm:accounts: true, goog:chromeOptions: {debuggerAddress: localhost:50575}, javascriptEnabled: true, networkConnectionEnabled: false, pageLoadStrategy: normal, platform: WINDOWS, platformName: WINDOWS, proxy: Proxy(), setWindowRect: true, strictFileInteractability: false, timeouts: {implicit: 0, pageLoad: 300000, script: 30000}, unhandledPromptBehavior: dismiss and notify, webauthn:extension:credBlob: true, webauthn:extension:largeBlob: true, webauthn:extension:minPinLength: true, webauthn:extension:prf: true, webauthn:virtualAuthenticators: true}
Session ID: 12671fcb8679418916dffc53ae0a96ee
	at org.openqa.selenium.remote.http.W3CHttpResponseCodec.createException(W3CHttpResponseCodec.java:187)
	at org.openqa.selenium.remote.http.W3CHttpResponseCodec.decode(W3CHttpResponseCodec.java:122)
	at org.openqa.selenium.remote.http.W3CHttpResponseCodec.decode(W3CHttpResponseCodec.java:49)
	at org.openqa.selenium.remote.HttpCommandExecutor.execute(HttpCommandExecutor.java:158)
	at org.openqa.selenium.remote.service.DriverCommandExecutor.execute(DriverCommandExecutor.java:83)
	at org.openqa.selenium.remote.RemoteWebDriver.execute(RemoteWebDriver.java:552)
	at org.openqa.selenium.remote.RemoteWebElement.execute(RemoteWebElement.java:285)
	at org.openqa.selenium.remote.RemoteWebElement.click(RemoteWebElement.java:84)
	at org.openqa.selenium.support.events.EventFiringWebDriver$EventFiringWebElement.lambda$new$0(EventFiringWebDriver.java:404)
	at com.sun.proxy.$Proxy12.click(Unknown Source)
	at org.openqa.selenium.support.events.EventFiringWebDriver$EventFiringWebElement.click(EventFiringWebDriver.java:417)
	at org.openqa.selenium.WebElement$click.call(Unknown Source)
	at com.kms.katalon.core.webui.keyword.builtin.ClickKeyword.clickUntilSuccessWithTimeout(ClickKeyword.groovy:81)
	at com.kms.katalon.core.webui.keyword.builtin.ClickKeyword.clickUntilSuccessWithTimeout(ClickKeyword.groovy)
	at com.kms.katalon.core.webui.keyword.builtin.ClickKeyword$_click_closure1.doCall(ClickKeyword.groovy:67)
	at com.kms.katalon.core.webui.keyword.builtin.ClickKeyword$_click_closure1.call(ClickKeyword.groovy)
	at com.kms.katalon.core.webui.keyword.internal.WebUIKeywordMain.runKeyword(WebUIKeywordMain.groovy:20)
	... 19 more]]></system-err>
      </testcase>
      <testcase name="Test Cases/PM/Hwauei/Stats/4G/Cluster/Cluster" time="30.658" classname="Test Cases/PM/Hwauei/Stats/4G/Cluster/Cluster" status="PASSED">
         <system-out><![CDATA[2024-09-29 11:40:30 - [TEST_CASE][PASSED] - Test Cases/PM/Hwauei/Stats/4G/Cluster/Cluster: Test Cases/PM/Hwauei/Stats/4G/Cluster/Cluster

2024-09-29 11:40:30 - [TEST_STEP][PASSED] - callTestCase(findTestCase("LoginNew"), [:], STOP_ON_FAILURE): Call Test Case 'Test Cases/LoginNew' successfully

2024-09-29 11:40:30 - [TEST_CASE][PASSED] - Test Cases/LoginNew: Test Cases/LoginNew

2024-09-29 11:40:30 - [TEST_STEP][PASSED] - driver = general.start(SwagerURL, NetCellURL): general.start is PASSED

2024-09-29 11:40:30 - [MESSAGE][INFO] - >>> chromeDriverPath=C:\Users\FatimaIbeid\.katalon\packages\Katalon_Studio_Windows_64-8.6.9\Katalon_Studio_Windows_64-8.6.9\configuration\resources\drivers\chromedriver_win32\chromedriver.exe

2024-09-29 11:40:32 - [MESSAGE][PASSED] - Current window maximized

2024-09-29 11:40:33 - [MESSAGE][PASSED] - Execute JavaScript 'window.open();' successfully

2024-09-29 11:40:33 - [MESSAGE][PASSED] - Switched to window with index: '1'

2024-09-29 11:40:44 - [MESSAGE][PASSED] - general.start is PASSED

2024-09-29 11:40:44 - [TEST_STEP][PASSED] - delay(1): Delayed 1 second(s)

2024-09-29 11:40:45 - [MESSAGE][PASSED] - Delayed 1 second(s)

2024-09-29 11:40:45 - [TEST_STEP][PASSED] - sendKeys(findTestObject("Object Repository/Login/EnterEmail2"), "homam@zztjg.onmicrosoft.com"): Keys 'homam@zztjg.onmicrosoft.com' sent to object: 'Object Repository/Login/EnterEmail2'

2024-09-29 11:40:46 - [MESSAGE][PASSED] - Keys 'homam@zztjg.onmicrosoft.com' sent to object: 'Object Repository/Login/EnterEmail2'

2024-09-29 11:40:46 - [TEST_STEP][PASSED] - delay(1): Delayed 1 second(s)

2024-09-29 11:40:47 - [MESSAGE][PASSED] - Delayed 1 second(s)

2024-09-29 11:40:47 - [TEST_STEP][PASSED] - sendKeys(findTestObject("Object Repository/Login/EnterPassword2"), "P@ssw0rd"): Keys 'P@ssw0rd' sent to object: 'Object Repository/Login/EnterPassword2'

2024-09-29 11:40:47 - [MESSAGE][PASSED] - Keys 'P@ssw0rd' sent to object: 'Object Repository/Login/EnterPassword2'

2024-09-29 11:40:47 - [TEST_STEP][PASSED] - delay(1): Delayed 1 second(s)

2024-09-29 11:40:48 - [MESSAGE][PASSED] - Delayed 1 second(s)

2024-09-29 11:40:48 - [TEST_STEP][PASSED] - click(findTestObject("Object Repository/Login/LoginButton2")): Object: 'Object Repository/Login/LoginButton2' is clicked on

2024-09-29 11:40:48 - [MESSAGE][PASSED] - Object: 'Object Repository/Login/LoginButton2' is clicked on

2024-09-29 11:40:48 - [TEST_STEP][PASSED] - delay(1): Delayed 1 second(s)

2024-09-29 11:40:49 - [MESSAGE][PASSED] - Delayed 1 second(s)

2024-09-29 11:40:49 - [TEST_STEP][PASSED] - waitForElementPresent(findTestObject("Object Repository/Login/welcome To NetCell"), 0): Object 'Object Repository/Login/welcome To NetCell' is present

2024-09-29 11:40:49 - [MESSAGE][WARNING] - Timeout '0' is invalid. Using default page load timeout: '120'

2024-09-29 11:40:49 - [MESSAGE][PASSED] - Object 'Object Repository/Login/welcome To NetCell' is present

2024-09-29 11:40:49 - [MESSAGE][PASSED] - Call Test Case 'Test Cases/LoginNew' successfully

2024-09-29 11:40:49 - [TEST_STEP][PASSED] - switchToWindowIndex(1): Switched to window with index: '1'

2024-09-29 11:40:49 - [MESSAGE][PASSED] - Switched to window with index: '1'

2024-09-29 11:40:49 - [TEST_STEP][PASSED] - PMHwaueiStats.Stats("4G", "Cluster", false, "Hourly"): PMHwaueiStats.Stats is PASSED

2024-09-29 11:40:49 - [MESSAGE][PASSED] - Object: 'Object Repository/PM/PM-Button' is clicked on

2024-09-29 11:40:50 - [MESSAGE][PASSED] - Switched to window with index: '2'

2024-09-29 11:40:50 - [MESSAGE][PASSED] - Object: 'Object Repository/PM/Huawei-vendor/TopX/TopX Object Type' is clicked on

2024-09-29 11:40:51 - [MESSAGE][PASSED] - Delayed 1 second(s)

2024-09-29 11:40:51 - [MESSAGE][PASSED] - Object: 'Object Repository/PM/Huawei-vendor/Object-Type/TopX Object Types/TopX Clusters/TopX Cluster' is clicked on

2024-09-29 11:40:52 - [MESSAGE][PASSED] - Delayed 1 second(s)

2024-09-29 11:40:52 - [MESSAGE][WARNING] - Timeout '0' is invalid. Using default page load timeout: '120'

2024-09-29 11:40:52 - [MESSAGE][PASSED] - Scroll to object 'Object Repository/PM/Huawei-vendor/Object Border' successfully

2024-09-29 11:40:53 - [MESSAGE][PASSED] - Object: 'Object Repository/PM/Huawei-vendor/Object-Type/TopX Object Types/TopX Region Bands/TopX FDD Arrow' is clicked on

2024-09-29 11:40:53 - [MESSAGE][PASSED] - Object: 'Object Repository/PM/Huawei-vendor/Object-Type/TopX Object Types/TopX Sites/TopX East Amman Arrow' is clicked on

2024-09-29 11:40:53 - [MESSAGE][PASSED] - Object: 'Object Repository/PM/Huawei-vendor/Object-Type/TopX Object Types/TopX Cluster Bands/TopX East Amman Cluster 3' is clicked on

2024-09-29 11:40:53 - [MESSAGE][PASSED] - Object: 'Object Repository/PM/Huawei-vendor/Object-Type/TopX Object Types/TopX Cluster Bands/TopX East Amman Cluster 13' is clicked on

2024-09-29 11:40:53 - [MESSAGE][PASSED] - Object: 'Object Repository/PM/Huawei-vendor/Object-Type/TopX Object Types/TopX Sites/TopX East Amman CloseArrow' is clicked on

2024-09-29 11:40:53 - [MESSAGE][PASSED] - Object: 'Object Repository/PM/Huawei-vendor/Object-Type/TopX Object Types/TopX Sites/TopX North Jordan Arrow' is clicked on

2024-09-29 11:40:54 - [MESSAGE][PASSED] - Object: 'Object Repository/PM/Huawei-vendor/Object-Type/TopX Object Types/TopX Cluster Bands/TopX North Jordan Cluster 4' is clicked on

2024-09-29 11:40:54 - [MESSAGE][PASSED] - Object: 'Object Repository/PM/Huawei-vendor/Object-Type/TopX Object Types/TopX Cluster Bands/TopX North Jordan Cluster 14' is clicked on

2024-09-29 11:40:54 - [MESSAGE][PASSED] - Object: 'Object Repository/PM/Huawei-vendor/Object-Type/TopX Object Types/TopX Sites/TopX North Jordan CloseArrow' is clicked on

2024-09-29 11:40:54 - [MESSAGE][PASSED] - Object: 'Object Repository/PM/Huawei-vendor/Object-Type/TopX Object Types/TopX Region Bands/TopX FDD Close Arrow' is clicked on

2024-09-29 11:40:54 - [MESSAGE][WARNING] - Timeout '0' is invalid. Using default page load timeout: '120'

2024-09-29 11:40:54 - [MESSAGE][PASSED] - Scroll to object 'Object Repository/PM/Huawei-vendor/StarttimeLable' successfully

2024-09-29 11:40:55 - [MESSAGE][PASSED] - Object: 'Object Repository/PM/Huawei-vendor/StartDate/StartDate-Button' is clicked on

2024-09-29 11:40:55 - [MESSAGE][PASSED] - Object: 'Object Repository/PM/Huawei-vendor/StartDate/Monthly-Selection' is clicked on

2024-09-29 11:40:55 - [MESSAGE][PASSED] - Object: 'Object Repository/PM/Huawei-vendor/StartDate/Fep-Selection' is clicked on

2024-09-29 11:40:56 - [MESSAGE][PASSED] - Delayed 1 second(s)

2024-09-29 11:40:56 - [MESSAGE][PASSED] - Object: 'Object Repository/PM/Huawei-vendor/StartDate/1-Fep' is clicked on

2024-09-29 11:40:56 - [MESSAGE][PASSED] - Object: 'Object Repository/PM/Huawei-vendor/Apply-Button' is clicked on

2024-09-29 11:40:56 - [MESSAGE][WARNING] - Timeout '0' is invalid. Using default page load timeout: '120'

2024-09-29 11:40:56 - [MESSAGE][PASSED] - Web element with id: 'Object Repository/PM/Huawei-vendor/Error' located by 'By.xpath: //div[@class='toast-summary title-medium-m']' is not present after '120' second(s)

2024-09-29 11:40:57 - [MESSAGE][WARNING] - Timeout '0' is invalid. Using default page load timeout: '120'

2024-09-29 11:41:00 - [MESSAGE][PASSED] - Object 'Object Repository/PM/Huawei-vendor/Export-Result' is present

2024-09-29 11:41:01 - [MESSAGE][PASSED] - Browser is closed

2024-09-29 11:41:01 - [MESSAGE][PASSED] - PMHwaueiStats.Stats is PASSED

2024-09-29 11:41:01 - [TEST_STEP][PASSED] - Start tear down : tearDownTestCase: Method 'tearDownTestCase' complete successfully

2024-09-29 11:41:01 - [TEST_STEP][PASSED] - closeBrowser(): Browser is closed

2024-09-29 11:41:01 - [MESSAGE][PASSED] - Browser is closed

2024-09-29 11:41:01 - [MESSAGE][PASSED] - Method 'tearDownTestCase' complete successfully]]></system-out>
         <system-err><![CDATA[]]></system-err>
      </testcase>
      <testcase name="Test Cases/PM/Hwauei/Stats/4G/Cluster/Cluster Aggregation" time="29.181" classname="Test Cases/PM/Hwauei/Stats/4G/Cluster/Cluster Aggregation" status="PASSED">
         <system-out><![CDATA[2024-09-29 11:41:01 - [TEST_CASE][PASSED] - Test Cases/PM/Hwauei/Stats/4G/Cluster/Cluster Aggregation: Test Cases/PM/Hwauei/Stats/4G/Cluster/Cluster Aggregation

2024-09-29 11:41:01 - [TEST_STEP][PASSED] - callTestCase(findTestCase("LoginNew"), [:], STOP_ON_FAILURE): Call Test Case 'Test Cases/LoginNew' successfully

2024-09-29 11:41:01 - [TEST_CASE][PASSED] - Test Cases/LoginNew: Test Cases/LoginNew

2024-09-29 11:41:01 - [TEST_STEP][PASSED] - driver = general.start(SwagerURL, NetCellURL): general.start is PASSED

2024-09-29 11:41:01 - [MESSAGE][INFO] - >>> chromeDriverPath=C:\Users\FatimaIbeid\.katalon\packages\Katalon_Studio_Windows_64-8.6.9\Katalon_Studio_Windows_64-8.6.9\configuration\resources\drivers\chromedriver_win32\chromedriver.exe

2024-09-29 11:41:02 - [MESSAGE][PASSED] - Current window maximized

2024-09-29 11:41:03 - [MESSAGE][PASSED] - Execute JavaScript 'window.open();' successfully

2024-09-29 11:41:03 - [MESSAGE][PASSED] - Switched to window with index: '1'

2024-09-29 11:41:15 - [MESSAGE][PASSED] - general.start is PASSED

2024-09-29 11:41:15 - [TEST_STEP][PASSED] - delay(1): Delayed 1 second(s)

2024-09-29 11:41:16 - [MESSAGE][PASSED] - Delayed 1 second(s)

2024-09-29 11:41:16 - [TEST_STEP][PASSED] - sendKeys(findTestObject("Object Repository/Login/EnterEmail2"), "homam@zztjg.onmicrosoft.com"): Keys 'homam@zztjg.onmicrosoft.com' sent to object: 'Object Repository/Login/EnterEmail2'

2024-09-29 11:41:16 - [MESSAGE][PASSED] - Keys 'homam@zztjg.onmicrosoft.com' sent to object: 'Object Repository/Login/EnterEmail2'

2024-09-29 11:41:16 - [TEST_STEP][PASSED] - delay(1): Delayed 1 second(s)

2024-09-29 11:41:17 - [MESSAGE][PASSED] - Delayed 1 second(s)

2024-09-29 11:41:17 - [TEST_STEP][PASSED] - sendKeys(findTestObject("Object Repository/Login/EnterPassword2"), "P@ssw0rd"): Keys 'P@ssw0rd' sent to object: 'Object Repository/Login/EnterPassword2'

2024-09-29 11:41:17 - [MESSAGE][PASSED] - Keys 'P@ssw0rd' sent to object: 'Object Repository/Login/EnterPassword2'

2024-09-29 11:41:17 - [TEST_STEP][PASSED] - delay(1): Delayed 1 second(s)

2024-09-29 11:41:18 - [MESSAGE][PASSED] - Delayed 1 second(s)

2024-09-29 11:41:18 - [TEST_STEP][PASSED] - click(findTestObject("Object Repository/Login/LoginButton2")): Object: 'Object Repository/Login/LoginButton2' is clicked on

2024-09-29 11:41:18 - [MESSAGE][PASSED] - Object: 'Object Repository/Login/LoginButton2' is clicked on

2024-09-29 11:41:18 - [TEST_STEP][PASSED] - delay(1): Delayed 1 second(s)

2024-09-29 11:41:19 - [MESSAGE][PASSED] - Delayed 1 second(s)

2024-09-29 11:41:19 - [TEST_STEP][PASSED] - waitForElementPresent(findTestObject("Object Repository/Login/welcome To NetCell"), 0): Object 'Object Repository/Login/welcome To NetCell' is present

2024-09-29 11:41:20 - [MESSAGE][WARNING] - Timeout '0' is invalid. Using default page load timeout: '120'

2024-09-29 11:41:20 - [MESSAGE][PASSED] - Object 'Object Repository/Login/welcome To NetCell' is present

2024-09-29 11:41:20 - [MESSAGE][PASSED] - Call Test Case 'Test Cases/LoginNew' successfully

2024-09-29 11:41:20 - [TEST_STEP][PASSED] - switchToWindowIndex(1): Switched to window with index: '1'

2024-09-29 11:41:20 - [MESSAGE][PASSED] - Switched to window with index: '1'

2024-09-29 11:41:20 - [TEST_STEP][PASSED] - PMHwaueiStats.Stats("4G", "Cluster", true, "Hourly"): PMHwaueiStats.Stats is PASSED

2024-09-29 11:41:20 - [MESSAGE][PASSED] - Object: 'Object Repository/PM/PM-Button' is clicked on

2024-09-29 11:41:20 - [MESSAGE][PASSED] - Switched to window with index: '2'

2024-09-29 11:41:20 - [MESSAGE][PASSED] - Object: 'Object Repository/PM/Huawei-vendor/TopX/TopX Object Type' is clicked on

2024-09-29 11:41:21 - [MESSAGE][PASSED] - Delayed 1 second(s)

2024-09-29 11:41:22 - [MESSAGE][PASSED] - Object: 'Object Repository/PM/Huawei-vendor/Object-Type/TopX Object Types/TopX Clusters/TopX Cluster' is clicked on

2024-09-29 11:41:23 - [MESSAGE][PASSED] - Delayed 1 second(s)

2024-09-29 11:41:23 - [MESSAGE][WARNING] - Timeout '0' is invalid. Using default page load timeout: '120'

2024-09-29 11:41:23 - [MESSAGE][PASSED] - Scroll to object 'Object Repository/PM/Huawei-vendor/Object Border' successfully

2024-09-29 11:41:23 - [MESSAGE][PASSED] - Object: 'Object Repository/PM/Huawei-vendor/Object-Type/TopX Object Types/TopX Region Bands/TopX FDD Arrow' is clicked on

2024-09-29 11:41:23 - [MESSAGE][PASSED] - Object: 'Object Repository/PM/Huawei-vendor/Object-Type/TopX Object Types/TopX Regions/TopX Region East Amman' is clicked on

2024-09-29 11:41:23 - [MESSAGE][PASSED] - Object: 'Object Repository/PM/Huawei-vendor/Object-Type/TopX Object Types/TopX Regions/TopX Region West Amman' is clicked on

2024-09-29 11:41:23 - [MESSAGE][PASSED] - Object: 'Object Repository/PM/Huawei-vendor/Object-Type/TopX Object Types/TopX Regions/TopX Region South Jordan' is clicked on

2024-09-29 11:41:24 - [MESSAGE][PASSED] - Object: 'Object Repository/PM/Huawei-vendor/Object-Type/TopX Object Types/TopX Regions/TopX Region North Jordan' is clicked on

2024-09-29 11:41:24 - [MESSAGE][PASSED] - Object: 'Object Repository/PM/Huawei-vendor/Object-Type/TopX Object Types/TopX Region Bands/TopX FDD Close Arrow' is clicked on

2024-09-29 11:41:24 - [MESSAGE][PASSED] - Object: 'Object Repository/PM/Huawei-vendor/Object-Type/TopX Object Types/TopX Region Bands/TopX TDD Arrow' is clicked on

2024-09-29 11:41:24 - [MESSAGE][PASSED] - Object: 'Object Repository/PM/Huawei-vendor/Object-Type/TopX Object Types/TopX Regions/TopX Region East Jordan' is clicked on

2024-09-29 11:41:24 - [MESSAGE][PASSED] - Object: 'Object Repository/PM/Huawei-vendor/Object-Type/TopX Object Types/TopX Regions/TopX Region Others' is clicked on

2024-09-29 11:41:24 - [MESSAGE][PASSED] - Object: 'Object Repository/PM/Huawei-vendor/Object-Type/TopX Object Types/TopX Regions/TopX Region South Amman' is clicked on

2024-09-29 11:41:25 - [MESSAGE][PASSED] - Object: 'Object Repository/PM/Huawei-vendor/Object-Type/TopX Object Types/TopX Region Bands/TopX TDD Close Arrow' is clicked on

2024-09-29 11:41:25 - [MESSAGE][PASSED] - Object: 'Object Repository/PM/Huawei-vendor/Aggregation-CheckBox' is clicked on

2024-09-29 11:41:25 - [MESSAGE][WARNING] - Timeout '0' is invalid. Using default page load timeout: '120'

2024-09-29 11:41:25 - [MESSAGE][PASSED] - Scroll to object 'Object Repository/PM/Huawei-vendor/StarttimeLable' successfully

2024-09-29 11:41:25 - [MESSAGE][PASSED] - Object: 'Object Repository/PM/Huawei-vendor/StartDate/StartDate-Button' is clicked on

2024-09-29 11:41:25 - [MESSAGE][PASSED] - Object: 'Object Repository/PM/Huawei-vendor/StartDate/Monthly-Selection' is clicked on

2024-09-29 11:41:26 - [MESSAGE][PASSED] - Object: 'Object Repository/PM/Huawei-vendor/StartDate/Fep-Selection' is clicked on

2024-09-29 11:41:27 - [MESSAGE][PASSED] - Delayed 1 second(s)

2024-09-29 11:41:27 - [MESSAGE][PASSED] - Object: 'Object Repository/PM/Huawei-vendor/StartDate/1-Fep' is clicked on

2024-09-29 11:41:27 - [MESSAGE][PASSED] - Object: 'Object Repository/PM/Huawei-vendor/Apply-Button' is clicked on

2024-09-29 11:41:27 - [MESSAGE][WARNING] - Timeout '0' is invalid. Using default page load timeout: '120'

2024-09-29 11:41:27 - [MESSAGE][PASSED] - Web element with id: 'Object Repository/PM/Huawei-vendor/Error' located by 'By.xpath: //div[@class='toast-summary title-medium-m']' is not present after '120' second(s)

2024-09-29 11:41:27 - [MESSAGE][WARNING] - Timeout '0' is invalid. Using default page load timeout: '120'

2024-09-29 11:41:29 - [MESSAGE][PASSED] - Object 'Object Repository/PM/Huawei-vendor/Export-Result' is present

2024-09-29 11:41:30 - [MESSAGE][PASSED] - Browser is closed

2024-09-29 11:41:30 - [MESSAGE][PASSED] - PMHwaueiStats.Stats is PASSED

2024-09-29 11:41:30 - [TEST_STEP][PASSED] - Start tear down : tearDownTestCase: Method 'tearDownTestCase' complete successfully

2024-09-29 11:41:30 - [TEST_STEP][PASSED] - closeBrowser(): Browser is closed

2024-09-29 11:41:30 - [MESSAGE][PASSED] - Browser is closed

2024-09-29 11:41:30 - [MESSAGE][PASSED] - Method 'tearDownTestCase' complete successfully]]></system-out>
         <system-err><![CDATA[]]></system-err>
      </testcase>
      <testcase name="Test Cases/PM/Hwauei/Stats/4G/Cluster Band/Cluster Band" time="145.997" classname="Test Cases/PM/Hwauei/Stats/4G/Cluster Band/Cluster Band" status="FAILED">
         <failure type="FAILED" message="Test Cases/PM/Hwauei/Stats/4G/Cluster Band/Cluster Band FAILED.
Reason:
com.kms.katalon.core.exception.StepFailedException: Unable to click on object 'Object Repository/PM/Huawei-vendor/Object-Type/TopX Object Types/TopX Cluster Bands/TopX Others Cluster 60'
	at com.kms.katalon.core.webui.keyword.internal.WebUIKeywordMain.stepFailed(WebUIKeywordMain.groovy:64)
	at com.kms.katalon.core.webui.keyword.internal.WebUIKeywordMain.runKeyword(WebUIKeywordMain.groovy:26)
	at com.kms.katalon.core.webui.keyword.builtin.ClickKeyword.click(ClickKeyword.groovy:74)
	at com.kms.katalon.core.webui.keyword.builtin.ClickKeyword.execute(ClickKeyword.groovy:40)
	at com.kms.katalon.core.keyword.internal.KeywordExecutor.executeKeywordForPlatform(KeywordExecutor.groovy:74)
	at com.kms.katalon.core.webui.keyword.WebUiBuiltInKeywords.click(WebUiBuiltInKeywords.groovy:620)
	at com.kms.katalon.core.webui.keyword.WebUiBuiltInKeywords$click$3.call(Unknown Source)
	at PMHwaueiStats.Stats(PMHwaueiStats.groovy:378)
	at PMHwaueiStats.invokeMethod(PMHwaueiStats.groovy)
	at com.kms.katalon.core.main.CustomKeywordDelegatingMetaClass.invokeStaticMethod(CustomKeywordDelegatingMetaClass.java:55)
	at Cluster Band.run(Cluster Band:22)
	at com.kms.katalon.core.main.ScriptEngine.run(ScriptEngine.java:194)
	at com.kms.katalon.core.main.ScriptEngine.runScriptAsRawText(ScriptEngine.java:119)
	at com.kms.katalon.core.main.TestCaseExecutor.runScript(TestCaseExecutor.java:448)
	at com.kms.katalon.core.main.TestCaseExecutor.doExecute(TestCaseExecutor.java:439)
	at com.kms.katalon.core.main.TestCaseExecutor.processExecutionPhase(TestCaseExecutor.java:418)
	at com.kms.katalon.core.main.TestCaseExecutor.accessMainPhase(TestCaseExecutor.java:410)
	at com.kms.katalon.core.main.TestCaseExecutor.execute(TestCaseExecutor.java:285)
	at com.kms.katalon.core.common.CommonExecutor.accessTestCaseMainPhase(CommonExecutor.java:65)
	at com.kms.katalon.core.main.TestSuiteExecutor.accessTestSuiteMainPhase(TestSuiteExecutor.java:148)
	at com.kms.katalon.core.main.TestSuiteExecutor.execute(TestSuiteExecutor.java:106)
	at com.kms.katalon.core.main.TestCaseMain.startTestSuite(TestCaseMain.java:187)
	at com.kms.katalon.core.main.TestCaseMain$startTestSuite$0.call(Unknown Source)
	at TempTestSuite1727598771451.run(TempTestSuite1727598771451.groovy:35)
Caused by: com.kms.katalon.core.webui.exception.WebElementNotFoundException: Web element with id: 'Object Repository/PM/Huawei-vendor/Object-Type/TopX Object Types/TopX Cluster Bands/TopX Others Cluster 60' located by '//span[contains(text(),'Cluster 60')]' not found
	at com.kms.katalon.core.webui.common.WebUiCommonHelper.findWebElement(WebUiCommonHelper.java:1381)
	at com.kms.katalon.core.webui.keyword.internal.WebUIAbstractKeyword.findWebElement(WebUIAbstractKeyword.groovy:27)
	at com.kms.katalon.core.webui.keyword.builtin.ClickKeyword$_click_closure1.doCall(ClickKeyword.groovy:65)
	at com.kms.katalon.core.webui.keyword.builtin.ClickKeyword$_click_closure1.call(ClickKeyword.groovy)
	at com.kms.katalon.core.webui.keyword.internal.WebUIKeywordMain.runKeyword(WebUIKeywordMain.groovy:20)
	... 22 more
"/>
         <system-out><![CDATA[2024-09-29 11:41:30 - [TEST_CASE][FAILED] - Test Cases/PM/Hwauei/Stats/4G/Cluster Band/Cluster Band: Test Cases/PM/Hwauei/Stats/4G/Cluster Band/Cluster Band FAILED.
Reason:
com.kms.katalon.core.exception.StepFailedException: Unable to click on object 'Object Repository/PM/Huawei-vendor/Object-Type/TopX Object Types/TopX Cluster Bands/TopX Others Cluster 60'
	at com.kms.katalon.core.webui.keyword.internal.WebUIKeywordMain.stepFailed(WebUIKeywordMain.groovy:64)
	at com.kms.katalon.core.webui.keyword.internal.WebUIKeywordMain.runKeyword(WebUIKeywordMain.groovy:26)
	at com.kms.katalon.core.webui.keyword.builtin.ClickKeyword.click(ClickKeyword.groovy:74)
	at com.kms.katalon.core.webui.keyword.builtin.ClickKeyword.execute(ClickKeyword.groovy:40)
	at com.kms.katalon.core.keyword.internal.KeywordExecutor.executeKeywordForPlatform(KeywordExecutor.groovy:74)
	at com.kms.katalon.core.webui.keyword.WebUiBuiltInKeywords.click(WebUiBuiltInKeywords.groovy:620)
	at com.kms.katalon.core.webui.keyword.WebUiBuiltInKeywords$click$3.call(Unknown Source)
	at PMHwaueiStats.Stats(PMHwaueiStats.groovy:378)
	at PMHwaueiStats.invokeMethod(PMHwaueiStats.groovy)
	at com.kms.katalon.core.main.CustomKeywordDelegatingMetaClass.invokeStaticMethod(CustomKeywordDelegatingMetaClass.java:55)
	at Cluster Band.run(Cluster Band:22)
	at com.kms.katalon.core.main.ScriptEngine.run(ScriptEngine.java:194)
	at com.kms.katalon.core.main.ScriptEngine.runScriptAsRawText(ScriptEngine.java:119)
	at com.kms.katalon.core.main.TestCaseExecutor.runScript(TestCaseExecutor.java:448)
	at com.kms.katalon.core.main.TestCaseExecutor.doExecute(TestCaseExecutor.java:439)
	at com.kms.katalon.core.main.TestCaseExecutor.processExecutionPhase(TestCaseExecutor.java:418)
	at com.kms.katalon.core.main.TestCaseExecutor.accessMainPhase(TestCaseExecutor.java:410)
	at com.kms.katalon.core.main.TestCaseExecutor.execute(TestCaseExecutor.java:285)
	at com.kms.katalon.core.common.CommonExecutor.accessTestCaseMainPhase(CommonExecutor.java:65)
	at com.kms.katalon.core.main.TestSuiteExecutor.accessTestSuiteMainPhase(TestSuiteExecutor.java:148)
	at com.kms.katalon.core.main.TestSuiteExecutor.execute(TestSuiteExecutor.java:106)
	at com.kms.katalon.core.main.TestCaseMain.startTestSuite(TestCaseMain.java:187)
	at com.kms.katalon.core.main.TestCaseMain$startTestSuite$0.call(Unknown Source)
	at TempTestSuite1727598771451.run(TempTestSuite1727598771451.groovy:35)
Caused by: com.kms.katalon.core.webui.exception.WebElementNotFoundException: Web element with id: 'Object Repository/PM/Huawei-vendor/Object-Type/TopX Object Types/TopX Cluster Bands/TopX Others Cluster 60' located by '//span[contains(text(),'Cluster 60')]' not found
	at com.kms.katalon.core.webui.common.WebUiCommonHelper.findWebElement(WebUiCommonHelper.java:1381)
	at com.kms.katalon.core.webui.keyword.internal.WebUIAbstractKeyword.findWebElement(WebUIAbstractKeyword.groovy:27)
	at com.kms.katalon.core.webui.keyword.builtin.ClickKeyword$_click_closure1.doCall(ClickKeyword.groovy:65)
	at com.kms.katalon.core.webui.keyword.builtin.ClickKeyword$_click_closure1.call(ClickKeyword.groovy)
	at com.kms.katalon.core.webui.keyword.internal.WebUIKeywordMain.runKeyword(WebUIKeywordMain.groovy:20)
	... 22 more


2024-09-29 11:41:30 - [TEST_STEP][PASSED] - callTestCase(findTestCase("LoginNew"), [:], STOP_ON_FAILURE): Call Test Case 'Test Cases/LoginNew' successfully

2024-09-29 11:41:30 - [TEST_CASE][PASSED] - Test Cases/LoginNew: Test Cases/LoginNew

2024-09-29 11:41:30 - [TEST_STEP][PASSED] - driver = general.start(SwagerURL, NetCellURL): general.start is PASSED

2024-09-29 11:41:30 - [MESSAGE][INFO] - >>> chromeDriverPath=C:\Users\FatimaIbeid\.katalon\packages\Katalon_Studio_Windows_64-8.6.9\Katalon_Studio_Windows_64-8.6.9\configuration\resources\drivers\chromedriver_win32\chromedriver.exe

2024-09-29 11:41:32 - [MESSAGE][PASSED] - Current window maximized

2024-09-29 11:41:32 - [MESSAGE][PASSED] - Execute JavaScript 'window.open();' successfully

2024-09-29 11:41:32 - [MESSAGE][PASSED] - Switched to window with index: '1'

2024-09-29 11:41:44 - [MESSAGE][PASSED] - general.start is PASSED

2024-09-29 11:41:44 - [TEST_STEP][PASSED] - delay(1): Delayed 1 second(s)

2024-09-29 11:41:45 - [MESSAGE][PASSED] - Delayed 1 second(s)

2024-09-29 11:41:45 - [TEST_STEP][PASSED] - sendKeys(findTestObject("Object Repository/Login/EnterEmail2"), "homam@zztjg.onmicrosoft.com"): Keys 'homam@zztjg.onmicrosoft.com' sent to object: 'Object Repository/Login/EnterEmail2'

2024-09-29 11:41:45 - [MESSAGE][PASSED] - Keys 'homam@zztjg.onmicrosoft.com' sent to object: 'Object Repository/Login/EnterEmail2'

2024-09-29 11:41:45 - [TEST_STEP][PASSED] - delay(1): Delayed 1 second(s)

2024-09-29 11:41:46 - [MESSAGE][PASSED] - Delayed 1 second(s)

2024-09-29 11:41:46 - [TEST_STEP][PASSED] - sendKeys(findTestObject("Object Repository/Login/EnterPassword2"), "P@ssw0rd"): Keys 'P@ssw0rd' sent to object: 'Object Repository/Login/EnterPassword2'

2024-09-29 11:41:47 - [MESSAGE][PASSED] - Keys 'P@ssw0rd' sent to object: 'Object Repository/Login/EnterPassword2'

2024-09-29 11:41:47 - [TEST_STEP][PASSED] - delay(1): Delayed 1 second(s)

2024-09-29 11:41:48 - [MESSAGE][PASSED] - Delayed 1 second(s)

2024-09-29 11:41:48 - [TEST_STEP][PASSED] - click(findTestObject("Object Repository/Login/LoginButton2")): Object: 'Object Repository/Login/LoginButton2' is clicked on

2024-09-29 11:41:48 - [MESSAGE][PASSED] - Object: 'Object Repository/Login/LoginButton2' is clicked on

2024-09-29 11:41:48 - [TEST_STEP][PASSED] - delay(1): Delayed 1 second(s)

2024-09-29 11:41:49 - [MESSAGE][PASSED] - Delayed 1 second(s)

2024-09-29 11:41:49 - [TEST_STEP][PASSED] - waitForElementPresent(findTestObject("Object Repository/Login/welcome To NetCell"), 0): Object 'Object Repository/Login/welcome To NetCell' is present

2024-09-29 11:41:49 - [MESSAGE][WARNING] - Timeout '0' is invalid. Using default page load timeout: '120'

2024-09-29 11:41:49 - [MESSAGE][PASSED] - Object 'Object Repository/Login/welcome To NetCell' is present

2024-09-29 11:41:49 - [MESSAGE][PASSED] - Call Test Case 'Test Cases/LoginNew' successfully

2024-09-29 11:41:49 - [TEST_STEP][PASSED] - switchToWindowIndex(1): Switched to window with index: '1'

2024-09-29 11:41:49 - [MESSAGE][PASSED] - Switched to window with index: '1'

2024-09-29 11:41:49 - [TEST_STEP][FAILED] - PMHwaueiStats.Stats("4G", "Cluster Band", false, "Hourly"): Unable to click on object 'Object Repository/PM/Huawei-vendor/Object-Type/TopX Object Types/TopX Cluster Bands/TopX Others Cluster 60'

2024-09-29 11:41:49 - [MESSAGE][PASSED] - Object: 'Object Repository/PM/PM-Button' is clicked on

2024-09-29 11:41:49 - [MESSAGE][PASSED] - Switched to window with index: '2'

2024-09-29 11:41:50 - [MESSAGE][PASSED] - Object: 'Object Repository/PM/Huawei-vendor/TopX/TopX Object Type' is clicked on

2024-09-29 11:41:51 - [MESSAGE][PASSED] - Delayed 1 second(s)

2024-09-29 11:41:51 - [MESSAGE][PASSED] - Object: 'Object Repository/PM/Huawei-vendor/Object-Type/TopX Object Types/TopX Cluster Bands/TopX Cluster Band' is clicked on

2024-09-29 11:41:52 - [MESSAGE][PASSED] - Delayed 1 second(s)

2024-09-29 11:41:52 - [MESSAGE][WARNING] - Timeout '0' is invalid. Using default page load timeout: '120'

2024-09-29 11:41:52 - [MESSAGE][PASSED] - Scroll to object 'Object Repository/PM/Huawei-vendor/Object Border' successfully

2024-09-29 11:41:52 - [MESSAGE][PASSED] - Object: 'Object Repository/PM/Huawei-vendor/Object-Type/TopX Object Types/TopX Region Bands/TopX TDD Arrow' is clicked on

2024-09-29 11:41:52 - [MESSAGE][PASSED] - Object: 'Object Repository/PM/Huawei-vendor/Object-Type/TopX Object Types/TopX Sites/TopX South Amman Arrow' is clicked on

2024-09-29 11:41:53 - [MESSAGE][PASSED] - Object: 'Object Repository/PM/Huawei-vendor/Object-Type/TopX Object Types/TopX Cluster Bands/TopX South Amman Cluster 1' is clicked on

2024-09-29 11:41:53 - [MESSAGE][PASSED] - Object: 'Object Repository/PM/Huawei-vendor/Object-Type/TopX Object Types/TopX Cluster Bands/TopX South Amman Cluster 6' is clicked on

2024-09-29 11:41:53 - [MESSAGE][PASSED] - Object: 'Object Repository/PM/Huawei-vendor/Object-Type/TopX Object Types/TopX Sites/TopX South Amman CloseArrow' is clicked on

2024-09-29 11:41:53 - [MESSAGE][PASSED] - Object: 'Object Repository/PM/Huawei-vendor/Object-Type/TopX Object Types/TopX Sites/TopX East Jordan Arrow' is clicked on

2024-09-29 11:41:53 - [MESSAGE][PASSED] - Object: 'Object Repository/PM/Huawei-vendor/Object-Type/TopX Object Types/TopX Cluster Bands/TopX East Jordan Cluster 10' is clicked on

2024-09-29 11:41:53 - [MESSAGE][PASSED] - Object: 'Object Repository/PM/Huawei-vendor/Object-Type/TopX Object Types/TopX Cluster Bands/TopX East Jordan Cluster 11' is clicked on

2024-09-29 11:41:54 - [MESSAGE][PASSED] - Object: 'Object Repository/PM/Huawei-vendor/Object-Type/TopX Object Types/TopX Sites/TopX East Jordan CloseArrow' is clicked on

2024-09-29 11:41:54 - [MESSAGE][PASSED] - Object: 'Object Repository/PM/Huawei-vendor/Object-Type/TopX Object Types/TopX Sites/TopX Others Arrow' is clicked on

2024-09-29 11:43:55 - [MESSAGE][INFO] - Unable to find the element located by 'By.xpath: //span[contains(text(),'Cluster 60')]'. Please recheck the objects properties to make sure the desired element is located. 

2024-09-29 11:43:55 - [MESSAGE][FAILED] - Unable to click on object 'Object Repository/PM/Huawei-vendor/Object-Type/TopX Object Types/TopX Cluster Bands/TopX Others Cluster 60' (Root cause: com.kms.katalon.core.exception.StepFailedException: Unable to click on object 'Object Repository/PM/Huawei-vendor/Object-Type/TopX Object Types/TopX Cluster Bands/TopX Others Cluster 60'
	at com.kms.katalon.core.webui.keyword.internal.WebUIKeywordMain.stepFailed(WebUIKeywordMain.groovy:64)
	at com.kms.katalon.core.webui.keyword.internal.WebUIKeywordMain.runKeyword(WebUIKeywordMain.groovy:26)
	at com.kms.katalon.core.webui.keyword.builtin.ClickKeyword.click(ClickKeyword.groovy:74)
	at com.kms.katalon.core.webui.keyword.builtin.ClickKeyword.execute(ClickKeyword.groovy:40)
	at com.kms.katalon.core.keyword.internal.KeywordExecutor.executeKeywordForPlatform(KeywordExecutor.groovy:74)
	at com.kms.katalon.core.webui.keyword.WebUiBuiltInKeywords.click(WebUiBuiltInKeywords.groovy:620)
	at com.kms.katalon.core.webui.keyword.WebUiBuiltInKeywords$click$3.call(Unknown Source)
	at PMHwaueiStats.Stats(PMHwaueiStats.groovy:378)
	at PMHwaueiStats.invokeMethod(PMHwaueiStats.groovy)
	at com.kms.katalon.core.main.CustomKeywordDelegatingMetaClass.invokeStaticMethod(CustomKeywordDelegatingMetaClass.java:55)
	at Cluster Band.run(Cluster Band:22)
	at com.kms.katalon.core.main.ScriptEngine.run(ScriptEngine.java:194)
	at com.kms.katalon.core.main.ScriptEngine.runScriptAsRawText(ScriptEngine.java:119)
	at com.kms.katalon.core.main.TestCaseExecutor.runScript(TestCaseExecutor.java:448)
	at com.kms.katalon.core.main.TestCaseExecutor.doExecute(TestCaseExecutor.java:439)
	at com.kms.katalon.core.main.TestCaseExecutor.processExecutionPhase(TestCaseExecutor.java:418)
	at com.kms.katalon.core.main.TestCaseExecutor.accessMainPhase(TestCaseExecutor.java:410)
	at com.kms.katalon.core.main.TestCaseExecutor.execute(TestCaseExecutor.java:285)
	at com.kms.katalon.core.common.CommonExecutor.accessTestCaseMainPhase(CommonExecutor.java:65)
	at com.kms.katalon.core.main.TestSuiteExecutor.accessTestSuiteMainPhase(TestSuiteExecutor.java:148)
	at com.kms.katalon.core.main.TestSuiteExecutor.execute(TestSuiteExecutor.java:106)
	at com.kms.katalon.core.main.TestCaseMain.startTestSuite(TestCaseMain.java:187)
	at com.kms.katalon.core.main.TestCaseMain$startTestSuite$0.call(Unknown Source)
	at TempTestSuite1727598771451.run(TempTestSuite1727598771451.groovy:35)
Caused by: com.kms.katalon.core.webui.exception.WebElementNotFoundException: Web element with id: 'Object Repository/PM/Huawei-vendor/Object-Type/TopX Object Types/TopX Cluster Bands/TopX Others Cluster 60' located by '//span[contains(text(),'Cluster 60')]' not found
	at com.kms.katalon.core.webui.common.WebUiCommonHelper.findWebElement(WebUiCommonHelper.java:1381)
	at com.kms.katalon.core.webui.keyword.internal.WebUIAbstractKeyword.findWebElement(WebUIAbstractKeyword.groovy:27)
	at com.kms.katalon.core.webui.keyword.builtin.ClickKeyword$_click_closure1.doCall(ClickKeyword.groovy:65)
	at com.kms.katalon.core.webui.keyword.builtin.ClickKeyword$_click_closure1.call(ClickKeyword.groovy)
	at com.kms.katalon.core.webui.keyword.internal.WebUIKeywordMain.runKeyword(WebUIKeywordMain.groovy:20)
	at com.kms.katalon.core.webui.keyword.builtin.ClickKeyword.click(ClickKeyword.groovy:74)
	at com.kms.katalon.core.webui.keyword.builtin.ClickKeyword.execute(ClickKeyword.groovy:40)
	at com.kms.katalon.core.keyword.internal.KeywordExecutor.executeKeywordForPlatform(KeywordExecutor.groovy:74)
	at com.kms.katalon.core.webui.keyword.WebUiBuiltInKeywords.click(WebUiBuiltInKeywords.groovy:620)
	at com.kms.katalon.core.webui.keyword.WebUiBuiltInKeywords$click$3.call(Unknown Source)
	at PMHwaueiStats.Stats(PMHwaueiStats.groovy:378)
	at PMHwaueiStats.invokeMethod(PMHwaueiStats.groovy)
	at com.kms.katalon.core.main.CustomKeywordDelegatingMetaClass.invokeStaticMethod(CustomKeywordDelegatingMetaClass.java:55)
	at Script1722259756274.run(Script1722259756274.groovy:22)
	... 13 more
)
[[ATTACHMENT|C:\\Users\\FatimaIbeid\\git\\NetCell\\Reports\\20240929_113251\\PM\\Hwauei\\Stats\\Regression Stats 4g\\20240929_113251\\1727599435393.png]]

2024-09-29 11:43:55 - [MESSAGE][FAILED] - Unable to click on object 'Object Repository/PM/Huawei-vendor/Object-Type/TopX Object Types/TopX Cluster Bands/TopX Others Cluster 60'

2024-09-29 11:43:55 - [TEST_STEP][PASSED] - Start tear down : tearDownTestCase: Method 'tearDownTestCase' complete successfully

2024-09-29 11:43:55 - [TEST_STEP][PASSED] - closeBrowser(): Browser is closed

2024-09-29 11:43:56 - [MESSAGE][PASSED] - Browser is closed

2024-09-29 11:43:56 - [MESSAGE][PASSED] - Method 'tearDownTestCase' complete successfully]]></system-out>
         <system-err><![CDATA[2024-09-29 11:41:30 - [TEST_CASE][FAILED] - Test Cases/PM/Hwauei/Stats/4G/Cluster Band/Cluster Band: Test Cases/PM/Hwauei/Stats/4G/Cluster Band/Cluster Band FAILED.
Reason:
com.kms.katalon.core.exception.StepFailedException: Unable to click on object 'Object Repository/PM/Huawei-vendor/Object-Type/TopX Object Types/TopX Cluster Bands/TopX Others Cluster 60'
	at com.kms.katalon.core.webui.keyword.internal.WebUIKeywordMain.stepFailed(WebUIKeywordMain.groovy:64)
	at com.kms.katalon.core.webui.keyword.internal.WebUIKeywordMain.runKeyword(WebUIKeywordMain.groovy:26)
	at com.kms.katalon.core.webui.keyword.builtin.ClickKeyword.click(ClickKeyword.groovy:74)
	at com.kms.katalon.core.webui.keyword.builtin.ClickKeyword.execute(ClickKeyword.groovy:40)
	at com.kms.katalon.core.keyword.internal.KeywordExecutor.executeKeywordForPlatform(KeywordExecutor.groovy:74)
	at com.kms.katalon.core.webui.keyword.WebUiBuiltInKeywords.click(WebUiBuiltInKeywords.groovy:620)
	at com.kms.katalon.core.webui.keyword.WebUiBuiltInKeywords$click$3.call(Unknown Source)
	at PMHwaueiStats.Stats(PMHwaueiStats.groovy:378)
	at PMHwaueiStats.invokeMethod(PMHwaueiStats.groovy)
	at com.kms.katalon.core.main.CustomKeywordDelegatingMetaClass.invokeStaticMethod(CustomKeywordDelegatingMetaClass.java:55)
	at Cluster Band.run(Cluster Band:22)
	at com.kms.katalon.core.main.ScriptEngine.run(ScriptEngine.java:194)
	at com.kms.katalon.core.main.ScriptEngine.runScriptAsRawText(ScriptEngine.java:119)
	at com.kms.katalon.core.main.TestCaseExecutor.runScript(TestCaseExecutor.java:448)
	at com.kms.katalon.core.main.TestCaseExecutor.doExecute(TestCaseExecutor.java:439)
	at com.kms.katalon.core.main.TestCaseExecutor.processExecutionPhase(TestCaseExecutor.java:418)
	at com.kms.katalon.core.main.TestCaseExecutor.accessMainPhase(TestCaseExecutor.java:410)
	at com.kms.katalon.core.main.TestCaseExecutor.execute(TestCaseExecutor.java:285)
	at com.kms.katalon.core.common.CommonExecutor.accessTestCaseMainPhase(CommonExecutor.java:65)
	at com.kms.katalon.core.main.TestSuiteExecutor.accessTestSuiteMainPhase(TestSuiteExecutor.java:148)
	at com.kms.katalon.core.main.TestSuiteExecutor.execute(TestSuiteExecutor.java:106)
	at com.kms.katalon.core.main.TestCaseMain.startTestSuite(TestCaseMain.java:187)
	at com.kms.katalon.core.main.TestCaseMain$startTestSuite$0.call(Unknown Source)
	at TempTestSuite1727598771451.run(TempTestSuite1727598771451.groovy:35)
Caused by: com.kms.katalon.core.webui.exception.WebElementNotFoundException: Web element with id: 'Object Repository/PM/Huawei-vendor/Object-Type/TopX Object Types/TopX Cluster Bands/TopX Others Cluster 60' located by '//span[contains(text(),'Cluster 60')]' not found
	at com.kms.katalon.core.webui.common.WebUiCommonHelper.findWebElement(WebUiCommonHelper.java:1381)
	at com.kms.katalon.core.webui.keyword.internal.WebUIAbstractKeyword.findWebElement(WebUIAbstractKeyword.groovy:27)
	at com.kms.katalon.core.webui.keyword.builtin.ClickKeyword$_click_closure1.doCall(ClickKeyword.groovy:65)
	at com.kms.katalon.core.webui.keyword.builtin.ClickKeyword$_click_closure1.call(ClickKeyword.groovy)
	at com.kms.katalon.core.webui.keyword.internal.WebUIKeywordMain.runKeyword(WebUIKeywordMain.groovy:20)
	... 22 more]]></system-err>
      </testcase>
      <testcase name="Test Cases/PM/Hwauei/Stats/4G/Cluster Band/Cluster Band aggregation" time="37.109" classname="Test Cases/PM/Hwauei/Stats/4G/Cluster Band/Cluster Band aggregation" status="PASSED">
         <system-out><![CDATA[2024-09-29 11:43:56 - [TEST_CASE][PASSED] - Test Cases/PM/Hwauei/Stats/4G/Cluster Band/Cluster Band aggregation: Test Cases/PM/Hwauei/Stats/4G/Cluster Band/Cluster Band aggregation

2024-09-29 11:43:56 - [TEST_STEP][PASSED] - callTestCase(findTestCase("LoginNew"), [:], STOP_ON_FAILURE): Call Test Case 'Test Cases/LoginNew' successfully

2024-09-29 11:43:56 - [TEST_CASE][PASSED] - Test Cases/LoginNew: Test Cases/LoginNew

2024-09-29 11:43:56 - [TEST_STEP][PASSED] - driver = general.start(SwagerURL, NetCellURL): general.start is PASSED

2024-09-29 11:43:56 - [MESSAGE][INFO] - >>> chromeDriverPath=C:\Users\FatimaIbeid\.katalon\packages\Katalon_Studio_Windows_64-8.6.9\Katalon_Studio_Windows_64-8.6.9\configuration\resources\drivers\chromedriver_win32\chromedriver.exe

2024-09-29 11:43:58 - [MESSAGE][PASSED] - Current window maximized

2024-09-29 11:43:58 - [MESSAGE][PASSED] - Execute JavaScript 'window.open();' successfully

2024-09-29 11:43:58 - [MESSAGE][PASSED] - Switched to window with index: '1'

2024-09-29 11:44:10 - [MESSAGE][PASSED] - general.start is PASSED

2024-09-29 11:44:10 - [TEST_STEP][PASSED] - delay(1): Delayed 1 second(s)

2024-09-29 11:44:11 - [MESSAGE][PASSED] - Delayed 1 second(s)

2024-09-29 11:44:11 - [TEST_STEP][PASSED] - sendKeys(findTestObject("Object Repository/Login/EnterEmail2"), "homam@zztjg.onmicrosoft.com"): Keys 'homam@zztjg.onmicrosoft.com' sent to object: 'Object Repository/Login/EnterEmail2'

2024-09-29 11:44:12 - [MESSAGE][PASSED] - Keys 'homam@zztjg.onmicrosoft.com' sent to object: 'Object Repository/Login/EnterEmail2'

2024-09-29 11:44:12 - [TEST_STEP][PASSED] - delay(1): Delayed 1 second(s)

2024-09-29 11:44:13 - [MESSAGE][PASSED] - Delayed 1 second(s)

2024-09-29 11:44:13 - [TEST_STEP][PASSED] - sendKeys(findTestObject("Object Repository/Login/EnterPassword2"), "P@ssw0rd"): Keys 'P@ssw0rd' sent to object: 'Object Repository/Login/EnterPassword2'

2024-09-29 11:44:13 - [MESSAGE][PASSED] - Keys 'P@ssw0rd' sent to object: 'Object Repository/Login/EnterPassword2'

2024-09-29 11:44:13 - [TEST_STEP][PASSED] - delay(1): Delayed 1 second(s)

2024-09-29 11:44:14 - [MESSAGE][PASSED] - Delayed 1 second(s)

2024-09-29 11:44:14 - [TEST_STEP][PASSED] - click(findTestObject("Object Repository/Login/LoginButton2")): Object: 'Object Repository/Login/LoginButton2' is clicked on

2024-09-29 11:44:14 - [MESSAGE][PASSED] - Object: 'Object Repository/Login/LoginButton2' is clicked on

2024-09-29 11:44:14 - [TEST_STEP][PASSED] - delay(1): Delayed 1 second(s)

2024-09-29 11:44:15 - [MESSAGE][PASSED] - Delayed 1 second(s)

2024-09-29 11:44:15 - [TEST_STEP][PASSED] - waitForElementPresent(findTestObject("Object Repository/Login/welcome To NetCell"), 0): Object 'Object Repository/Login/welcome To NetCell' is present

2024-09-29 11:44:15 - [MESSAGE][WARNING] - Timeout '0' is invalid. Using default page load timeout: '120'

2024-09-29 11:44:15 - [MESSAGE][PASSED] - Object 'Object Repository/Login/welcome To NetCell' is present

2024-09-29 11:44:15 - [MESSAGE][PASSED] - Call Test Case 'Test Cases/LoginNew' successfully

2024-09-29 11:44:15 - [TEST_STEP][PASSED] - switchToWindowIndex(1): Switched to window with index: '1'

2024-09-29 11:44:15 - [MESSAGE][PASSED] - Switched to window with index: '1'

2024-09-29 11:44:15 - [TEST_STEP][PASSED] - PMHwaueiStats.Stats("4G", "Region Band", true, "Hourly"): PMHwaueiStats.Stats is PASSED

2024-09-29 11:44:15 - [MESSAGE][PASSED] - Object: 'Object Repository/PM/PM-Button' is clicked on

2024-09-29 11:44:15 - [MESSAGE][PASSED] - Switched to window with index: '2'

2024-09-29 11:44:16 - [MESSAGE][PASSED] - Object: 'Object Repository/PM/Huawei-vendor/TopX/TopX Object Type' is clicked on

2024-09-29 11:44:17 - [MESSAGE][PASSED] - Delayed 1 second(s)

2024-09-29 11:44:17 - [MESSAGE][PASSED] - Object: 'Object Repository/PM/Huawei-vendor/Object-Type/TopX Object Types/TopX Region Bands/TopX Reagion Band' is clicked on

2024-09-29 11:44:18 - [MESSAGE][PASSED] - Delayed 1 second(s)

2024-09-29 11:44:18 - [MESSAGE][WARNING] - Timeout '0' is invalid. Using default page load timeout: '120'

2024-09-29 11:44:19 - [MESSAGE][PASSED] - Scroll to object 'Object Repository/PM/Huawei-vendor/Object Border' successfully

2024-09-29 11:44:19 - [MESSAGE][PASSED] - Object: 'Object Repository/PM/Huawei-vendor/Object-Type/TopX Object Types/TopX Sites/TopX East Amman Arrow' is clicked on

2024-09-29 11:44:19 - [MESSAGE][PASSED] - Object: 'Object Repository/PM/Huawei-vendor/Object-Type/TopX Object Types/TopX Region Bands/TopX FDD' is clicked on

2024-09-29 11:44:19 - [MESSAGE][PASSED] - Object: 'Object Repository/PM/Huawei-vendor/Object-Type/TopX Object Types/TopX Sites/TopX East Amman CloseArrow' is clicked on

2024-09-29 11:44:19 - [MESSAGE][PASSED] - Object: 'Object Repository/PM/Huawei-vendor/Object-Type/TopX Object Types/TopX Sites/TopX West Amman Arrow' is clicked on

2024-09-29 11:44:19 - [MESSAGE][PASSED] - Object: 'Object Repository/PM/Huawei-vendor/Object-Type/TopX Object Types/TopX Region Bands/TopX TDD' is clicked on

2024-09-29 11:44:19 - [MESSAGE][PASSED] - Object: 'Object Repository/PM/Huawei-vendor/Object-Type/TopX Object Types/TopX Sites/TopX West Amman CloseArrow' is clicked on

2024-09-29 11:44:20 - [MESSAGE][PASSED] - Object: 'Object Repository/PM/Huawei-vendor/Object-Type/TopX Object Types/TopX Regions/TopX Region South Amman' is clicked on

2024-09-29 11:44:20 - [MESSAGE][PASSED] - Object: 'Object Repository/PM/Huawei-vendor/Object-Type/TopX Object Types/TopX Regions/TopX Region East Jordan' is clicked on

2024-09-29 11:44:20 - [MESSAGE][PASSED] - Object: 'Object Repository/PM/Huawei-vendor/Object-Type/TopX Object Types/TopX Regions/TopX Region North Jordan' is clicked on

2024-09-29 11:44:20 - [MESSAGE][PASSED] - Object: 'Object Repository/PM/Huawei-vendor/Object-Type/TopX Object Types/TopX Regions/TopX Region South Jordan' is clicked on

2024-09-29 11:44:20 - [MESSAGE][PASSED] - Object: 'Object Repository/PM/Huawei-vendor/Object-Type/TopX Object Types/TopX Regions/TopX Region Others' is clicked on

2024-09-29 11:44:21 - [MESSAGE][PASSED] - Object: 'Object Repository/PM/Huawei-vendor/Aggregation-CheckBox' is clicked on

2024-09-29 11:44:21 - [MESSAGE][WARNING] - Timeout '0' is invalid. Using default page load timeout: '120'

2024-09-29 11:44:21 - [MESSAGE][PASSED] - Scroll to object 'Object Repository/PM/Huawei-vendor/StarttimeLable' successfully

2024-09-29 11:44:21 - [MESSAGE][PASSED] - Object: 'Object Repository/PM/Huawei-vendor/StartDate/StartDate-Button' is clicked on

2024-09-29 11:44:21 - [MESSAGE][PASSED] - Object: 'Object Repository/PM/Huawei-vendor/StartDate/Monthly-Selection' is clicked on

2024-09-29 11:44:21 - [MESSAGE][PASSED] - Object: 'Object Repository/PM/Huawei-vendor/StartDate/Fep-Selection' is clicked on

2024-09-29 11:44:22 - [MESSAGE][PASSED] - Delayed 1 second(s)

2024-09-29 11:44:22 - [MESSAGE][PASSED] - Object: 'Object Repository/PM/Huawei-vendor/StartDate/1-Fep' is clicked on

2024-09-29 11:44:23 - [MESSAGE][PASSED] - Object: 'Object Repository/PM/Huawei-vendor/Apply-Button' is clicked on

2024-09-29 11:44:23 - [MESSAGE][WARNING] - Timeout '0' is invalid. Using default page load timeout: '120'

2024-09-29 11:44:23 - [MESSAGE][PASSED] - Web element with id: 'Object Repository/PM/Huawei-vendor/Error' located by 'By.xpath: //div[@class='toast-summary title-medium-m']' is not present after '120' second(s)

2024-09-29 11:44:23 - [MESSAGE][WARNING] - Timeout '0' is invalid. Using default page load timeout: '120'

2024-09-29 11:44:32 - [MESSAGE][PASSED] - Object 'Object Repository/PM/Huawei-vendor/Export-Result' is present

2024-09-29 11:44:33 - [MESSAGE][PASSED] - Browser is closed

2024-09-29 11:44:33 - [MESSAGE][PASSED] - PMHwaueiStats.Stats is PASSED

2024-09-29 11:44:33 - [TEST_STEP][PASSED] - Start tear down : tearDownTestCase: Method 'tearDownTestCase' complete successfully

2024-09-29 11:44:33 - [TEST_STEP][PASSED] - closeBrowser(): Browser is closed

2024-09-29 11:44:33 - [MESSAGE][PASSED] - Browser is closed

2024-09-29 11:44:33 - [MESSAGE][PASSED] - Method 'tearDownTestCase' complete successfully]]></system-out>
         <system-err><![CDATA[]]></system-err>
      </testcase>
      <testcase name="Test Cases/PM/Hwauei/Stats/4G/Governorate/Governorate" time="29.711" classname="Test Cases/PM/Hwauei/Stats/4G/Governorate/Governorate" status="PASSED">
         <system-out><![CDATA[2024-09-29 11:44:33 - [TEST_CASE][PASSED] - Test Cases/PM/Hwauei/Stats/4G/Governorate/Governorate: Test Cases/PM/Hwauei/Stats/4G/Governorate/Governorate

2024-09-29 11:44:33 - [TEST_STEP][PASSED] - callTestCase(findTestCase("LoginNew"), [:], STOP_ON_FAILURE): Call Test Case 'Test Cases/LoginNew' successfully

2024-09-29 11:44:33 - [TEST_CASE][PASSED] - Test Cases/LoginNew: Test Cases/LoginNew

2024-09-29 11:44:33 - [TEST_STEP][PASSED] - driver = general.start(SwagerURL, NetCellURL): general.start is PASSED

2024-09-29 11:44:33 - [MESSAGE][INFO] - >>> chromeDriverPath=C:\Users\FatimaIbeid\.katalon\packages\Katalon_Studio_Windows_64-8.6.9\Katalon_Studio_Windows_64-8.6.9\configuration\resources\drivers\chromedriver_win32\chromedriver.exe

2024-09-29 11:44:35 - [MESSAGE][PASSED] - Current window maximized

2024-09-29 11:44:36 - [MESSAGE][PASSED] - Execute JavaScript 'window.open();' successfully

2024-09-29 11:44:36 - [MESSAGE][PASSED] - Switched to window with index: '1'

2024-09-29 11:44:47 - [MESSAGE][PASSED] - general.start is PASSED

2024-09-29 11:44:47 - [TEST_STEP][PASSED] - delay(1): Delayed 1 second(s)

2024-09-29 11:44:48 - [MESSAGE][PASSED] - Delayed 1 second(s)

2024-09-29 11:44:48 - [TEST_STEP][PASSED] - sendKeys(findTestObject("Object Repository/Login/EnterEmail2"), "homam@zztjg.onmicrosoft.com"): Keys 'homam@zztjg.onmicrosoft.com' sent to object: 'Object Repository/Login/EnterEmail2'

2024-09-29 11:44:48 - [MESSAGE][PASSED] - Keys 'homam@zztjg.onmicrosoft.com' sent to object: 'Object Repository/Login/EnterEmail2'

2024-09-29 11:44:48 - [TEST_STEP][PASSED] - delay(1): Delayed 1 second(s)

2024-09-29 11:44:49 - [MESSAGE][PASSED] - Delayed 1 second(s)

2024-09-29 11:44:49 - [TEST_STEP][PASSED] - sendKeys(findTestObject("Object Repository/Login/EnterPassword2"), "P@ssw0rd"): Keys 'P@ssw0rd' sent to object: 'Object Repository/Login/EnterPassword2'

2024-09-29 11:44:49 - [MESSAGE][PASSED] - Keys 'P@ssw0rd' sent to object: 'Object Repository/Login/EnterPassword2'

2024-09-29 11:44:49 - [TEST_STEP][PASSED] - delay(1): Delayed 1 second(s)

2024-09-29 11:44:50 - [MESSAGE][PASSED] - Delayed 1 second(s)

2024-09-29 11:44:50 - [TEST_STEP][PASSED] - click(findTestObject("Object Repository/Login/LoginButton2")): Object: 'Object Repository/Login/LoginButton2' is clicked on

2024-09-29 11:44:50 - [MESSAGE][PASSED] - Object: 'Object Repository/Login/LoginButton2' is clicked on

2024-09-29 11:44:50 - [TEST_STEP][PASSED] - delay(1): Delayed 1 second(s)

2024-09-29 11:44:51 - [MESSAGE][PASSED] - Delayed 1 second(s)

2024-09-29 11:44:51 - [TEST_STEP][PASSED] - waitForElementPresent(findTestObject("Object Repository/Login/welcome To NetCell"), 0): Object 'Object Repository/Login/welcome To NetCell' is present

2024-09-29 11:44:51 - [MESSAGE][WARNING] - Timeout '0' is invalid. Using default page load timeout: '120'

2024-09-29 11:44:51 - [MESSAGE][PASSED] - Object 'Object Repository/Login/welcome To NetCell' is present

2024-09-29 11:44:51 - [MESSAGE][PASSED] - Call Test Case 'Test Cases/LoginNew' successfully

2024-09-29 11:44:51 - [TEST_STEP][PASSED] - switchToWindowIndex(1): Switched to window with index: '1'

2024-09-29 11:44:51 - [MESSAGE][PASSED] - Switched to window with index: '1'

2024-09-29 11:44:51 - [TEST_STEP][PASSED] - PMHwaueiStats.Stats("4G", "Governorate", false, "Hourly"): PMHwaueiStats.Stats is PASSED

2024-09-29 11:44:51 - [MESSAGE][PASSED] - Object: 'Object Repository/PM/PM-Button' is clicked on

2024-09-29 11:44:52 - [MESSAGE][PASSED] - Switched to window with index: '2'

2024-09-29 11:44:52 - [MESSAGE][PASSED] - Object: 'Object Repository/PM/Huawei-vendor/TopX/TopX Object Type' is clicked on

2024-09-29 11:44:53 - [MESSAGE][PASSED] - Delayed 1 second(s)

2024-09-29 11:44:53 - [MESSAGE][PASSED] - Object: 'Object Repository/PM/Huawei-vendor/Object-Type/TopX Object Types/TopX Governorates/TopX Governorate' is clicked on

2024-09-29 11:44:54 - [MESSAGE][PASSED] - Delayed 1 second(s)

2024-09-29 11:44:54 - [MESSAGE][WARNING] - Timeout '0' is invalid. Using default page load timeout: '120'

2024-09-29 11:44:54 - [MESSAGE][PASSED] - Scroll to object 'Object Repository/PM/Huawei-vendor/Object Border' successfully

2024-09-29 11:44:55 - [MESSAGE][PASSED] - Object: 'Object Repository/PM/Huawei-vendor/Object-Type/TopX Object Types/TopX Governorates/TopX Amman' is clicked on

2024-09-29 11:44:55 - [MESSAGE][PASSED] - Object: 'Object Repository/PM/Huawei-vendor/Object-Type/TopX Object Types/TopX Governorates/TopX Irbid' is clicked on

2024-09-29 11:44:55 - [MESSAGE][PASSED] - Object: 'Object Repository/PM/Huawei-vendor/Object-Type/TopX Object Types/TopX Governorates/TopX Aqaba' is clicked on

2024-09-29 11:44:55 - [MESSAGE][PASSED] - Object: 'Object Repository/PM/Huawei-vendor/Object-Type/TopX Object Types/TopX Governorates/TopX Jerash' is clicked on

2024-09-29 11:44:55 - [MESSAGE][PASSED] - Object: 'Object Repository/PM/Huawei-vendor/Object-Type/TopX Object Types/TopX Governorates/TopX Mafraq' is clicked on

2024-09-29 11:44:55 - [MESSAGE][PASSED] - Object: 'Object Repository/PM/Huawei-vendor/Object-Type/TopX Object Types/TopX Governorates/TopX Zarqa' is clicked on

2024-09-29 11:44:55 - [MESSAGE][WARNING] - Timeout '0' is invalid. Using default page load timeout: '120'

2024-09-29 11:44:55 - [MESSAGE][PASSED] - Scroll to object 'Object Repository/PM/Huawei-vendor/StarttimeLable' successfully

2024-09-29 11:44:56 - [MESSAGE][PASSED] - Object: 'Object Repository/PM/Huawei-vendor/StartDate/StartDate-Button' is clicked on

2024-09-29 11:44:56 - [MESSAGE][PASSED] - Object: 'Object Repository/PM/Huawei-vendor/StartDate/Monthly-Selection' is clicked on

2024-09-29 11:44:56 - [MESSAGE][PASSED] - Object: 'Object Repository/PM/Huawei-vendor/StartDate/Fep-Selection' is clicked on

2024-09-29 11:44:57 - [MESSAGE][PASSED] - Delayed 1 second(s)

2024-09-29 11:44:57 - [MESSAGE][PASSED] - Object: 'Object Repository/PM/Huawei-vendor/StartDate/1-Fep' is clicked on

2024-09-29 11:44:57 - [MESSAGE][PASSED] - Object: 'Object Repository/PM/Huawei-vendor/Apply-Button' is clicked on

2024-09-29 11:44:57 - [MESSAGE][WARNING] - Timeout '0' is invalid. Using default page load timeout: '120'

2024-09-29 11:44:57 - [MESSAGE][PASSED] - Web element with id: 'Object Repository/PM/Huawei-vendor/Error' located by 'By.xpath: //div[@class='toast-summary title-medium-m']' is not present after '120' second(s)

2024-09-29 11:44:57 - [MESSAGE][WARNING] - Timeout '0' is invalid. Using default page load timeout: '120'

2024-09-29 11:45:02 - [MESSAGE][PASSED] - Object 'Object Repository/PM/Huawei-vendor/Export-Result' is present

2024-09-29 11:45:03 - [MESSAGE][PASSED] - Browser is closed

2024-09-29 11:45:03 - [MESSAGE][PASSED] - PMHwaueiStats.Stats is PASSED

2024-09-29 11:45:03 - [TEST_STEP][PASSED] - Start tear down : tearDownTestCase: Method 'tearDownTestCase' complete successfully

2024-09-29 11:45:03 - [TEST_STEP][PASSED] - closeBrowser(): Browser is closed

2024-09-29 11:45:03 - [MESSAGE][PASSED] - Browser is closed

2024-09-29 11:45:03 - [MESSAGE][PASSED] - Method 'tearDownTestCase' complete successfully]]></system-out>
         <system-err><![CDATA[]]></system-err>
      </testcase>
      <testcase name="Test Cases/PM/Hwauei/Stats/4G/Governorate/Governorate Aggregation" time="27.686" classname="Test Cases/PM/Hwauei/Stats/4G/Governorate/Governorate Aggregation" status="PASSED">
         <system-out><![CDATA[2024-09-29 11:45:03 - [TEST_CASE][PASSED] - Test Cases/PM/Hwauei/Stats/4G/Governorate/Governorate Aggregation: Test Cases/PM/Hwauei/Stats/4G/Governorate/Governorate Aggregation

2024-09-29 11:45:03 - [TEST_STEP][PASSED] - callTestCase(findTestCase("LoginNew"), [:], STOP_ON_FAILURE): Call Test Case 'Test Cases/LoginNew' successfully

2024-09-29 11:45:03 - [TEST_CASE][PASSED] - Test Cases/LoginNew: Test Cases/LoginNew

2024-09-29 11:45:03 - [TEST_STEP][PASSED] - driver = general.start(SwagerURL, NetCellURL): general.start is PASSED

2024-09-29 11:45:03 - [MESSAGE][INFO] - >>> chromeDriverPath=C:\Users\FatimaIbeid\.katalon\packages\Katalon_Studio_Windows_64-8.6.9\Katalon_Studio_Windows_64-8.6.9\configuration\resources\drivers\chromedriver_win32\chromedriver.exe

2024-09-29 11:45:04 - [MESSAGE][PASSED] - Current window maximized

2024-09-29 11:45:05 - [MESSAGE][PASSED] - Execute JavaScript 'window.open();' successfully

2024-09-29 11:45:05 - [MESSAGE][PASSED] - Switched to window with index: '1'

2024-09-29 11:45:17 - [MESSAGE][PASSED] - general.start is PASSED

2024-09-29 11:45:17 - [TEST_STEP][PASSED] - delay(1): Delayed 1 second(s)

2024-09-29 11:45:18 - [MESSAGE][PASSED] - Delayed 1 second(s)

2024-09-29 11:45:18 - [TEST_STEP][PASSED] - sendKeys(findTestObject("Object Repository/Login/EnterEmail2"), "homam@zztjg.onmicrosoft.com"): Keys 'homam@zztjg.onmicrosoft.com' sent to object: 'Object Repository/Login/EnterEmail2'

2024-09-29 11:45:18 - [MESSAGE][PASSED] - Keys 'homam@zztjg.onmicrosoft.com' sent to object: 'Object Repository/Login/EnterEmail2'

2024-09-29 11:45:18 - [TEST_STEP][PASSED] - delay(1): Delayed 1 second(s)

2024-09-29 11:45:19 - [MESSAGE][PASSED] - Delayed 1 second(s)

2024-09-29 11:45:19 - [TEST_STEP][PASSED] - sendKeys(findTestObject("Object Repository/Login/EnterPassword2"), "P@ssw0rd"): Keys 'P@ssw0rd' sent to object: 'Object Repository/Login/EnterPassword2'

2024-09-29 11:45:19 - [MESSAGE][PASSED] - Keys 'P@ssw0rd' sent to object: 'Object Repository/Login/EnterPassword2'

2024-09-29 11:45:19 - [TEST_STEP][PASSED] - delay(1): Delayed 1 second(s)

2024-09-29 11:45:20 - [MESSAGE][PASSED] - Delayed 1 second(s)

2024-09-29 11:45:20 - [TEST_STEP][PASSED] - click(findTestObject("Object Repository/Login/LoginButton2")): Object: 'Object Repository/Login/LoginButton2' is clicked on

2024-09-29 11:45:21 - [MESSAGE][PASSED] - Object: 'Object Repository/Login/LoginButton2' is clicked on

2024-09-29 11:45:21 - [TEST_STEP][PASSED] - delay(1): Delayed 1 second(s)

2024-09-29 11:45:22 - [MESSAGE][PASSED] - Delayed 1 second(s)

2024-09-29 11:45:22 - [TEST_STEP][PASSED] - waitForElementPresent(findTestObject("Object Repository/Login/welcome To NetCell"), 0): Object 'Object Repository/Login/welcome To NetCell' is present

2024-09-29 11:45:22 - [MESSAGE][WARNING] - Timeout '0' is invalid. Using default page load timeout: '120'

2024-09-29 11:45:22 - [MESSAGE][PASSED] - Object 'Object Repository/Login/welcome To NetCell' is present

2024-09-29 11:45:22 - [MESSAGE][PASSED] - Call Test Case 'Test Cases/LoginNew' successfully

2024-09-29 11:45:22 - [TEST_STEP][PASSED] - switchToWindowIndex(1): Switched to window with index: '1'

2024-09-29 11:45:22 - [MESSAGE][PASSED] - Switched to window with index: '1'

2024-09-29 11:45:22 - [TEST_STEP][PASSED] - PMHwaueiStats.Stats("4G", "Governorate", true, "Hourly"): PMHwaueiStats.Stats is PASSED

2024-09-29 11:45:22 - [MESSAGE][PASSED] - Object: 'Object Repository/PM/PM-Button' is clicked on

2024-09-29 11:45:22 - [MESSAGE][PASSED] - Switched to window with index: '2'

2024-09-29 11:45:23 - [MESSAGE][PASSED] - Object: 'Object Repository/PM/Huawei-vendor/TopX/TopX Object Type' is clicked on

2024-09-29 11:45:24 - [MESSAGE][PASSED] - Delayed 1 second(s)

2024-09-29 11:45:24 - [MESSAGE][PASSED] - Object: 'Object Repository/PM/Huawei-vendor/Object-Type/TopX Object Types/TopX Governorates/TopX Governorate' is clicked on

2024-09-29 11:45:25 - [MESSAGE][PASSED] - Delayed 1 second(s)

2024-09-29 11:45:25 - [MESSAGE][WARNING] - Timeout '0' is invalid. Using default page load timeout: '120'

2024-09-29 11:45:25 - [MESSAGE][PASSED] - Scroll to object 'Object Repository/PM/Huawei-vendor/Object Border' successfully

2024-09-29 11:45:25 - [MESSAGE][PASSED] - Object: 'Object Repository/PM/Huawei-vendor/Object-Type/TopX Object Types/TopX PLMNs/TopX PLMN checkbox' is clicked on

2024-09-29 11:45:25 - [MESSAGE][PASSED] - Object: 'Object Repository/PM/Huawei-vendor/Aggregation-CheckBox' is clicked on

2024-09-29 11:45:25 - [MESSAGE][WARNING] - Timeout '0' is invalid. Using default page load timeout: '120'

2024-09-29 11:45:25 - [MESSAGE][PASSED] - Scroll to object 'Object Repository/PM/Huawei-vendor/StarttimeLable' successfully

2024-09-29 11:45:26 - [MESSAGE][PASSED] - Object: 'Object Repository/PM/Huawei-vendor/StartDate/StartDate-Button' is clicked on

2024-09-29 11:45:26 - [MESSAGE][PASSED] - Object: 'Object Repository/PM/Huawei-vendor/StartDate/Monthly-Selection' is clicked on

2024-09-29 11:45:26 - [MESSAGE][PASSED] - Object: 'Object Repository/PM/Huawei-vendor/StartDate/Fep-Selection' is clicked on

2024-09-29 11:45:27 - [MESSAGE][PASSED] - Delayed 1 second(s)

2024-09-29 11:45:27 - [MESSAGE][PASSED] - Object: 'Object Repository/PM/Huawei-vendor/StartDate/1-Fep' is clicked on

2024-09-29 11:45:27 - [MESSAGE][PASSED] - Object: 'Object Repository/PM/Huawei-vendor/Apply-Button' is clicked on

2024-09-29 11:45:27 - [MESSAGE][WARNING] - Timeout '0' is invalid. Using default page load timeout: '120'

2024-09-29 11:45:27 - [MESSAGE][PASSED] - Web element with id: 'Object Repository/PM/Huawei-vendor/Error' located by 'By.xpath: //div[@class='toast-summary title-medium-m']' is not present after '120' second(s)

2024-09-29 11:45:27 - [MESSAGE][WARNING] - Timeout '0' is invalid. Using default page load timeout: '120'

2024-09-29 11:45:30 - [MESSAGE][PASSED] - Object 'Object Repository/PM/Huawei-vendor/Export-Result' is present

2024-09-29 11:45:30 - [MESSAGE][PASSED] - Browser is closed

2024-09-29 11:45:30 - [MESSAGE][PASSED] - PMHwaueiStats.Stats is PASSED

2024-09-29 11:45:30 - [TEST_STEP][PASSED] - Start tear down : tearDownTestCase: Method 'tearDownTestCase' complete successfully

2024-09-29 11:45:30 - [TEST_STEP][PASSED] - closeBrowser(): Browser is closed

2024-09-29 11:45:30 - [MESSAGE][PASSED] - Browser is closed

2024-09-29 11:45:30 - [MESSAGE][PASSED] - Method 'tearDownTestCase' complete successfully]]></system-out>
         <system-err><![CDATA[]]></system-err>
      </testcase>
      <testcase name="Test Cases/PM/Hwauei/Stats/4G/Governorate XDD/Governorate XDD" time="28.83" classname="Test Cases/PM/Hwauei/Stats/4G/Governorate XDD/Governorate XDD" status="PASSED">
         <system-out><![CDATA[2024-09-29 11:45:30 - [TEST_CASE][PASSED] - Test Cases/PM/Hwauei/Stats/4G/Governorate XDD/Governorate XDD: Test Cases/PM/Hwauei/Stats/4G/Governorate XDD/Governorate XDD

2024-09-29 11:45:31 - [TEST_STEP][PASSED] - callTestCase(findTestCase("LoginNew"), [:], STOP_ON_FAILURE): Call Test Case 'Test Cases/LoginNew' successfully

2024-09-29 11:45:31 - [TEST_CASE][PASSED] - Test Cases/LoginNew: Test Cases/LoginNew

2024-09-29 11:45:31 - [TEST_STEP][PASSED] - driver = general.start(SwagerURL, NetCellURL): general.start is PASSED

2024-09-29 11:45:31 - [MESSAGE][INFO] - >>> chromeDriverPath=C:\Users\FatimaIbeid\.katalon\packages\Katalon_Studio_Windows_64-8.6.9\Katalon_Studio_Windows_64-8.6.9\configuration\resources\drivers\chromedriver_win32\chromedriver.exe

2024-09-29 11:45:32 - [MESSAGE][PASSED] - Current window maximized

2024-09-29 11:45:32 - [MESSAGE][PASSED] - Execute JavaScript 'window.open();' successfully

2024-09-29 11:45:32 - [MESSAGE][PASSED] - Switched to window with index: '1'

2024-09-29 11:45:44 - [MESSAGE][PASSED] - general.start is PASSED

2024-09-29 11:45:44 - [TEST_STEP][PASSED] - delay(1): Delayed 1 second(s)

2024-09-29 11:45:45 - [MESSAGE][PASSED] - Delayed 1 second(s)

2024-09-29 11:45:45 - [TEST_STEP][PASSED] - sendKeys(findTestObject("Object Repository/Login/EnterEmail2"), "homam@zztjg.onmicrosoft.com"): Keys 'homam@zztjg.onmicrosoft.com' sent to object: 'Object Repository/Login/EnterEmail2'

2024-09-29 11:45:45 - [MESSAGE][PASSED] - Keys 'homam@zztjg.onmicrosoft.com' sent to object: 'Object Repository/Login/EnterEmail2'

2024-09-29 11:45:45 - [TEST_STEP][PASSED] - delay(1): Delayed 1 second(s)

2024-09-29 11:45:46 - [MESSAGE][PASSED] - Delayed 1 second(s)

2024-09-29 11:45:46 - [TEST_STEP][PASSED] - sendKeys(findTestObject("Object Repository/Login/EnterPassword2"), "P@ssw0rd"): Keys 'P@ssw0rd' sent to object: 'Object Repository/Login/EnterPassword2'

2024-09-29 11:45:46 - [MESSAGE][PASSED] - Keys 'P@ssw0rd' sent to object: 'Object Repository/Login/EnterPassword2'

2024-09-29 11:45:46 - [TEST_STEP][PASSED] - delay(1): Delayed 1 second(s)

2024-09-29 11:45:47 - [MESSAGE][PASSED] - Delayed 1 second(s)

2024-09-29 11:45:47 - [TEST_STEP][PASSED] - click(findTestObject("Object Repository/Login/LoginButton2")): Object: 'Object Repository/Login/LoginButton2' is clicked on

2024-09-29 11:45:48 - [MESSAGE][PASSED] - Object: 'Object Repository/Login/LoginButton2' is clicked on

2024-09-29 11:45:48 - [TEST_STEP][PASSED] - delay(1): Delayed 1 second(s)

2024-09-29 11:45:49 - [MESSAGE][PASSED] - Delayed 1 second(s)

2024-09-29 11:45:49 - [TEST_STEP][PASSED] - waitForElementPresent(findTestObject("Object Repository/Login/welcome To NetCell"), 0): Object 'Object Repository/Login/welcome To NetCell' is present

2024-09-29 11:45:49 - [MESSAGE][WARNING] - Timeout '0' is invalid. Using default page load timeout: '120'

2024-09-29 11:45:49 - [MESSAGE][PASSED] - Object 'Object Repository/Login/welcome To NetCell' is present

2024-09-29 11:45:49 - [MESSAGE][PASSED] - Call Test Case 'Test Cases/LoginNew' successfully

2024-09-29 11:45:49 - [TEST_STEP][PASSED] - switchToWindowIndex(1): Switched to window with index: '1'

2024-09-29 11:45:49 - [MESSAGE][PASSED] - Switched to window with index: '1'

2024-09-29 11:45:49 - [TEST_STEP][PASSED] - PMHwaueiStats.Stats("4G", "Governorate XDD", false, "Hourly"): PMHwaueiStats.Stats is PASSED

2024-09-29 11:45:49 - [MESSAGE][PASSED] - Object: 'Object Repository/PM/PM-Button' is clicked on

2024-09-29 11:45:49 - [MESSAGE][PASSED] - Switched to window with index: '2'

2024-09-29 11:45:50 - [MESSAGE][PASSED] - Object: 'Object Repository/PM/Huawei-vendor/TopX/TopX Object Type' is clicked on

2024-09-29 11:45:51 - [MESSAGE][PASSED] - Delayed 1 second(s)

2024-09-29 11:45:51 - [MESSAGE][PASSED] - Object: 'Object Repository/PM/Huawei-vendor/Object-Type/TopX Object Types/TopX Governorates XDD/TopX Governorate XDD' is clicked on

2024-09-29 11:45:52 - [MESSAGE][PASSED] - Delayed 1 second(s)

2024-09-29 11:45:52 - [MESSAGE][WARNING] - Timeout '0' is invalid. Using default page load timeout: '120'

2024-09-29 11:45:52 - [MESSAGE][PASSED] - Scroll to object 'Object Repository/PM/Huawei-vendor/Object Border' successfully

2024-09-29 11:45:52 - [MESSAGE][PASSED] - Object: 'Object Repository/PM/Huawei-vendor/Object-Type/TopX Object Types/TopX Region Bands/TopX FDD Arrow' is clicked on

2024-09-29 11:45:52 - [MESSAGE][PASSED] - Object: 'Object Repository/PM/Huawei-vendor/Object-Type/TopX Object Types/TopX Governorates/TopX Amman' is clicked on

2024-09-29 11:45:52 - [MESSAGE][PASSED] - Object: 'Object Repository/PM/Huawei-vendor/Object-Type/TopX Object Types/TopX Governorates/TopX Irbid' is clicked on

2024-09-29 11:45:52 - [MESSAGE][PASSED] - Object: 'Object Repository/PM/Huawei-vendor/Object-Type/TopX Object Types/TopX Governorates/TopX Aqaba' is clicked on

2024-09-29 11:45:53 - [MESSAGE][PASSED] - Object: 'Object Repository/PM/Huawei-vendor/Object-Type/TopX Object Types/TopX Governorates/TopX Jerash' is clicked on

2024-09-29 11:45:53 - [MESSAGE][PASSED] - Object: 'Object Repository/PM/Huawei-vendor/Object-Type/TopX Object Types/TopX Governorates/TopX Mafraq' is clicked on

2024-09-29 11:45:53 - [MESSAGE][PASSED] - Object: 'Object Repository/PM/Huawei-vendor/Object-Type/TopX Object Types/TopX Governorates/TopX Zarqa' is clicked on

2024-09-29 11:45:53 - [MESSAGE][PASSED] - Object: 'Object Repository/PM/Huawei-vendor/Object-Type/TopX Object Types/TopX Region Bands/TopX FDD Close Arrow' is clicked on

2024-09-29 11:45:53 - [MESSAGE][PASSED] - Object: 'Object Repository/PM/Huawei-vendor/Object-Type/TopX Object Types/TopX Region Bands/TopX TDD Arrow' is clicked on

2024-09-29 11:45:53 - [MESSAGE][PASSED] - Object: 'Object Repository/PM/Huawei-vendor/Object-Type/TopX Object Types/TopX Governorates/TopX Amman' is clicked on

2024-09-29 11:45:54 - [MESSAGE][PASSED] - Object: 'Object Repository/PM/Huawei-vendor/Object-Type/TopX Object Types/TopX Governorates/TopX Irbid' is clicked on

2024-09-29 11:45:54 - [MESSAGE][PASSED] - Object: 'Object Repository/PM/Huawei-vendor/Object-Type/TopX Object Types/TopX Governorates/TopX Aqaba' is clicked on

2024-09-29 11:45:54 - [MESSAGE][PASSED] - Object: 'Object Repository/PM/Huawei-vendor/Object-Type/TopX Object Types/TopX Governorates/TopX Jerash' is clicked on

2024-09-29 11:45:54 - [MESSAGE][PASSED] - Object: 'Object Repository/PM/Huawei-vendor/Object-Type/TopX Object Types/TopX Governorates/TopX Mafraq' is clicked on

2024-09-29 11:45:54 - [MESSAGE][PASSED] - Object: 'Object Repository/PM/Huawei-vendor/Object-Type/TopX Object Types/TopX Governorates/TopX Zarqa' is clicked on

2024-09-29 11:45:54 - [MESSAGE][PASSED] - Object: 'Object Repository/PM/Huawei-vendor/Object-Type/TopX Object Types/TopX Region Bands/TopX TDD Close Arrow' is clicked on

2024-09-29 11:45:54 - [MESSAGE][WARNING] - Timeout '0' is invalid. Using default page load timeout: '120'

2024-09-29 11:45:54 - [MESSAGE][PASSED] - Scroll to object 'Object Repository/PM/Huawei-vendor/StarttimeLable' successfully

2024-09-29 11:45:55 - [MESSAGE][PASSED] - Object: 'Object Repository/PM/Huawei-vendor/StartDate/StartDate-Button' is clicked on

2024-09-29 11:45:55 - [MESSAGE][PASSED] - Object: 'Object Repository/PM/Huawei-vendor/StartDate/Monthly-Selection' is clicked on

2024-09-29 11:45:55 - [MESSAGE][PASSED] - Object: 'Object Repository/PM/Huawei-vendor/StartDate/Fep-Selection' is clicked on

2024-09-29 11:45:56 - [MESSAGE][PASSED] - Delayed 1 second(s)

2024-09-29 11:45:56 - [MESSAGE][PASSED] - Object: 'Object Repository/PM/Huawei-vendor/StartDate/1-Fep' is clicked on

2024-09-29 11:45:56 - [MESSAGE][PASSED] - Object: 'Object Repository/PM/Huawei-vendor/Apply-Button' is clicked on

2024-09-29 11:45:57 - [MESSAGE][PASSED] - Object: 'Object Repository/PM/Huawei-vendor/buttonOk' is clicked on

2024-09-29 11:45:57 - [MESSAGE][WARNING] - Timeout '0' is invalid. Using default page load timeout: '120'

2024-09-29 11:45:57 - [MESSAGE][PASSED] - Web element with id: 'Object Repository/PM/Huawei-vendor/Error' located by 'By.xpath: //div[@class='toast-summary title-medium-m']' is not present after '120' second(s)

2024-09-29 11:45:57 - [MESSAGE][WARNING] - Timeout '0' is invalid. Using default page load timeout: '120'

2024-09-29 11:45:59 - [MESSAGE][PASSED] - Object 'Object Repository/PM/Huawei-vendor/Export-Result' is present

2024-09-29 11:45:59 - [MESSAGE][PASSED] - Browser is closed

2024-09-29 11:45:59 - [MESSAGE][PASSED] - PMHwaueiStats.Stats is PASSED

2024-09-29 11:45:59 - [TEST_STEP][PASSED] - Start tear down : tearDownTestCase: Method 'tearDownTestCase' complete successfully

2024-09-29 11:45:59 - [TEST_STEP][PASSED] - closeBrowser(): Browser is closed

2024-09-29 11:45:59 - [MESSAGE][PASSED] - Browser is closed

2024-09-29 11:45:59 - [MESSAGE][PASSED] - Method 'tearDownTestCase' complete successfully]]></system-out>
         <system-err><![CDATA[]]></system-err>
      </testcase>
      <testcase name="Test Cases/PM/Hwauei/Stats/4G/Governorate XDD/Governorate XDD Aggregation" time="27.154" classname="Test Cases/PM/Hwauei/Stats/4G/Governorate XDD/Governorate XDD Aggregation" status="PASSED">
         <system-out><![CDATA[2024-09-29 11:45:59 - [TEST_CASE][PASSED] - Test Cases/PM/Hwauei/Stats/4G/Governorate XDD/Governorate XDD Aggregation: Test Cases/PM/Hwauei/Stats/4G/Governorate XDD/Governorate XDD Aggregation

2024-09-29 11:46:00 - [TEST_STEP][PASSED] - callTestCase(findTestCase("LoginNew"), [:], STOP_ON_FAILURE): Call Test Case 'Test Cases/LoginNew' successfully

2024-09-29 11:46:00 - [TEST_CASE][PASSED] - Test Cases/LoginNew: Test Cases/LoginNew

2024-09-29 11:46:00 - [TEST_STEP][PASSED] - driver = general.start(SwagerURL, NetCellURL): general.start is PASSED

2024-09-29 11:46:00 - [MESSAGE][INFO] - >>> chromeDriverPath=C:\Users\FatimaIbeid\.katalon\packages\Katalon_Studio_Windows_64-8.6.9\Katalon_Studio_Windows_64-8.6.9\configuration\resources\drivers\chromedriver_win32\chromedriver.exe

2024-09-29 11:46:01 - [MESSAGE][PASSED] - Current window maximized

2024-09-29 11:46:01 - [MESSAGE][PASSED] - Execute JavaScript 'window.open();' successfully

2024-09-29 11:46:01 - [MESSAGE][PASSED] - Switched to window with index: '1'

2024-09-29 11:46:13 - [MESSAGE][PASSED] - general.start is PASSED

2024-09-29 11:46:13 - [TEST_STEP][PASSED] - delay(1): Delayed 1 second(s)

2024-09-29 11:46:14 - [MESSAGE][PASSED] - Delayed 1 second(s)

2024-09-29 11:46:14 - [TEST_STEP][PASSED] - sendKeys(findTestObject("Object Repository/Login/EnterEmail2"), "homam@zztjg.onmicrosoft.com"): Keys 'homam@zztjg.onmicrosoft.com' sent to object: 'Object Repository/Login/EnterEmail2'

2024-09-29 11:46:14 - [MESSAGE][PASSED] - Keys 'homam@zztjg.onmicrosoft.com' sent to object: 'Object Repository/Login/EnterEmail2'

2024-09-29 11:46:14 - [TEST_STEP][PASSED] - delay(1): Delayed 1 second(s)

2024-09-29 11:46:15 - [MESSAGE][PASSED] - Delayed 1 second(s)

2024-09-29 11:46:15 - [TEST_STEP][PASSED] - sendKeys(findTestObject("Object Repository/Login/EnterPassword2"), "P@ssw0rd"): Keys 'P@ssw0rd' sent to object: 'Object Repository/Login/EnterPassword2'

2024-09-29 11:46:15 - [MESSAGE][PASSED] - Keys 'P@ssw0rd' sent to object: 'Object Repository/Login/EnterPassword2'

2024-09-29 11:46:15 - [TEST_STEP][PASSED] - delay(1): Delayed 1 second(s)

2024-09-29 11:46:17 - [MESSAGE][PASSED] - Delayed 1 second(s)

2024-09-29 11:46:17 - [TEST_STEP][PASSED] - click(findTestObject("Object Repository/Login/LoginButton2")): Object: 'Object Repository/Login/LoginButton2' is clicked on

2024-09-29 11:46:17 - [MESSAGE][PASSED] - Object: 'Object Repository/Login/LoginButton2' is clicked on

2024-09-29 11:46:17 - [TEST_STEP][PASSED] - delay(1): Delayed 1 second(s)

2024-09-29 11:46:18 - [MESSAGE][PASSED] - Delayed 1 second(s)

2024-09-29 11:46:18 - [TEST_STEP][PASSED] - waitForElementPresent(findTestObject("Object Repository/Login/welcome To NetCell"), 0): Object 'Object Repository/Login/welcome To NetCell' is present

2024-09-29 11:46:18 - [MESSAGE][WARNING] - Timeout '0' is invalid. Using default page load timeout: '120'

2024-09-29 11:46:18 - [MESSAGE][PASSED] - Object 'Object Repository/Login/welcome To NetCell' is present

2024-09-29 11:46:18 - [MESSAGE][PASSED] - Call Test Case 'Test Cases/LoginNew' successfully

2024-09-29 11:46:18 - [TEST_STEP][PASSED] - switchToWindowIndex(1): Switched to window with index: '1'

2024-09-29 11:46:18 - [MESSAGE][PASSED] - Switched to window with index: '1'

2024-09-29 11:46:18 - [TEST_STEP][PASSED] - PMHwaueiStats.Stats("4G", "Governorate", true, "Hourly"): PMHwaueiStats.Stats is PASSED

2024-09-29 11:46:18 - [MESSAGE][PASSED] - Object: 'Object Repository/PM/PM-Button' is clicked on

2024-09-29 11:46:18 - [MESSAGE][PASSED] - Switched to window with index: '2'

2024-09-29 11:46:18 - [MESSAGE][PASSED] - Object: 'Object Repository/PM/Huawei-vendor/TopX/TopX Object Type' is clicked on

2024-09-29 11:46:20 - [MESSAGE][PASSED] - Delayed 1 second(s)

2024-09-29 11:46:20 - [MESSAGE][PASSED] - Object: 'Object Repository/PM/Huawei-vendor/Object-Type/TopX Object Types/TopX Governorates/TopX Governorate' is clicked on

2024-09-29 11:46:21 - [MESSAGE][PASSED] - Delayed 1 second(s)

2024-09-29 11:46:21 - [MESSAGE][WARNING] - Timeout '0' is invalid. Using default page load timeout: '120'

2024-09-29 11:46:21 - [MESSAGE][PASSED] - Scroll to object 'Object Repository/PM/Huawei-vendor/Object Border' successfully

2024-09-29 11:46:21 - [MESSAGE][PASSED] - Object: 'Object Repository/PM/Huawei-vendor/Object-Type/TopX Object Types/TopX PLMNs/TopX PLMN checkbox' is clicked on

2024-09-29 11:46:21 - [MESSAGE][PASSED] - Object: 'Object Repository/PM/Huawei-vendor/Aggregation-CheckBox' is clicked on

2024-09-29 11:46:21 - [MESSAGE][WARNING] - Timeout '0' is invalid. Using default page load timeout: '120'

2024-09-29 11:46:21 - [MESSAGE][PASSED] - Scroll to object 'Object Repository/PM/Huawei-vendor/StarttimeLable' successfully

2024-09-29 11:46:21 - [MESSAGE][PASSED] - Object: 'Object Repository/PM/Huawei-vendor/StartDate/StartDate-Button' is clicked on

2024-09-29 11:46:21 - [MESSAGE][PASSED] - Object: 'Object Repository/PM/Huawei-vendor/StartDate/Monthly-Selection' is clicked on

2024-09-29 11:46:22 - [MESSAGE][PASSED] - Object: 'Object Repository/PM/Huawei-vendor/StartDate/Fep-Selection' is clicked on

2024-09-29 11:46:23 - [MESSAGE][PASSED] - Delayed 1 second(s)

2024-09-29 11:46:23 - [MESSAGE][PASSED] - Object: 'Object Repository/PM/Huawei-vendor/StartDate/1-Fep' is clicked on

2024-09-29 11:46:23 - [MESSAGE][PASSED] - Object: 'Object Repository/PM/Huawei-vendor/Apply-Button' is clicked on

2024-09-29 11:46:23 - [MESSAGE][WARNING] - Timeout '0' is invalid. Using default page load timeout: '120'

2024-09-29 11:46:23 - [MESSAGE][PASSED] - Web element with id: 'Object Repository/PM/Huawei-vendor/Error' located by 'By.xpath: //div[@class='toast-summary title-medium-m']' is not present after '120' second(s)

2024-09-29 11:46:23 - [MESSAGE][WARNING] - Timeout '0' is invalid. Using default page load timeout: '120'

2024-09-29 11:46:26 - [MESSAGE][PASSED] - Object 'Object Repository/PM/Huawei-vendor/Export-Result' is present

2024-09-29 11:46:26 - [MESSAGE][PASSED] - Browser is closed

2024-09-29 11:46:26 - [MESSAGE][PASSED] - PMHwaueiStats.Stats is PASSED

2024-09-29 11:46:26 - [TEST_STEP][PASSED] - Start tear down : tearDownTestCase: Method 'tearDownTestCase' complete successfully

2024-09-29 11:46:26 - [TEST_STEP][PASSED] - closeBrowser(): Browser is closed

2024-09-29 11:46:26 - [MESSAGE][PASSED] - Browser is closed

2024-09-29 11:46:26 - [MESSAGE][PASSED] - Method 'tearDownTestCase' complete successfully]]></system-out>
         <system-err><![CDATA[]]></system-err>
      </testcase>
      <testcase name="Test Cases/PM/Hwauei/Stats/4G/PLMN XDD/PLMN XDD" time="29.13" classname="Test Cases/PM/Hwauei/Stats/4G/PLMN XDD/PLMN XDD" status="PASSED">
         <system-out><![CDATA[2024-09-29 11:46:26 - [TEST_CASE][PASSED] - Test Cases/PM/Hwauei/Stats/4G/PLMN XDD/PLMN XDD: Test Cases/PM/Hwauei/Stats/4G/PLMN XDD/PLMN XDD

2024-09-29 11:46:27 - [TEST_STEP][PASSED] - callTestCase(findTestCase("LoginNew"), [:], STOP_ON_FAILURE): Call Test Case 'Test Cases/LoginNew' successfully

2024-09-29 11:46:27 - [TEST_CASE][PASSED] - Test Cases/LoginNew: Test Cases/LoginNew

2024-09-29 11:46:27 - [TEST_STEP][PASSED] - driver = general.start(SwagerURL, NetCellURL): general.start is PASSED

2024-09-29 11:46:27 - [MESSAGE][INFO] - >>> chromeDriverPath=C:\Users\FatimaIbeid\.katalon\packages\Katalon_Studio_Windows_64-8.6.9\Katalon_Studio_Windows_64-8.6.9\configuration\resources\drivers\chromedriver_win32\chromedriver.exe

2024-09-29 11:46:28 - [MESSAGE][PASSED] - Current window maximized

2024-09-29 11:46:29 - [MESSAGE][PASSED] - Execute JavaScript 'window.open();' successfully

2024-09-29 11:46:29 - [MESSAGE][PASSED] - Switched to window with index: '1'

2024-09-29 11:46:40 - [MESSAGE][PASSED] - general.start is PASSED

2024-09-29 11:46:40 - [TEST_STEP][PASSED] - delay(1): Delayed 1 second(s)

2024-09-29 11:46:41 - [MESSAGE][PASSED] - Delayed 1 second(s)

2024-09-29 11:46:41 - [TEST_STEP][PASSED] - sendKeys(findTestObject("Object Repository/Login/EnterEmail2"), "homam@zztjg.onmicrosoft.com"): Keys 'homam@zztjg.onmicrosoft.com' sent to object: 'Object Repository/Login/EnterEmail2'

2024-09-29 11:46:41 - [MESSAGE][PASSED] - Keys 'homam@zztjg.onmicrosoft.com' sent to object: 'Object Repository/Login/EnterEmail2'

2024-09-29 11:46:41 - [TEST_STEP][PASSED] - delay(1): Delayed 1 second(s)

2024-09-29 11:46:42 - [MESSAGE][PASSED] - Delayed 1 second(s)

2024-09-29 11:46:42 - [TEST_STEP][PASSED] - sendKeys(findTestObject("Object Repository/Login/EnterPassword2"), "P@ssw0rd"): Keys 'P@ssw0rd' sent to object: 'Object Repository/Login/EnterPassword2'

2024-09-29 11:46:42 - [MESSAGE][PASSED] - Keys 'P@ssw0rd' sent to object: 'Object Repository/Login/EnterPassword2'

2024-09-29 11:46:42 - [TEST_STEP][PASSED] - delay(1): Delayed 1 second(s)

2024-09-29 11:46:43 - [MESSAGE][PASSED] - Delayed 1 second(s)

2024-09-29 11:46:43 - [TEST_STEP][PASSED] - click(findTestObject("Object Repository/Login/LoginButton2")): Object: 'Object Repository/Login/LoginButton2' is clicked on

2024-09-29 11:46:44 - [MESSAGE][PASSED] - Object: 'Object Repository/Login/LoginButton2' is clicked on

2024-09-29 11:46:44 - [TEST_STEP][PASSED] - delay(1): Delayed 1 second(s)

2024-09-29 11:46:45 - [MESSAGE][PASSED] - Delayed 1 second(s)

2024-09-29 11:46:45 - [TEST_STEP][PASSED] - waitForElementPresent(findTestObject("Object Repository/Login/welcome To NetCell"), 0): Object 'Object Repository/Login/welcome To NetCell' is present

2024-09-29 11:46:45 - [MESSAGE][WARNING] - Timeout '0' is invalid. Using default page load timeout: '120'

2024-09-29 11:46:45 - [MESSAGE][PASSED] - Object 'Object Repository/Login/welcome To NetCell' is present

2024-09-29 11:46:45 - [MESSAGE][PASSED] - Call Test Case 'Test Cases/LoginNew' successfully

2024-09-29 11:46:45 - [TEST_STEP][PASSED] - switchToWindowIndex(1): Switched to window with index: '1'

2024-09-29 11:46:45 - [MESSAGE][PASSED] - Switched to window with index: '1'

2024-09-29 11:46:45 - [TEST_STEP][PASSED] - PMHwaueiStats.Stats("4G", "PLMN XDD", false, "Hourly"): PMHwaueiStats.Stats is PASSED

2024-09-29 11:46:45 - [MESSAGE][PASSED] - Object: 'Object Repository/PM/PM-Button' is clicked on

2024-09-29 11:46:45 - [MESSAGE][PASSED] - Switched to window with index: '2'

2024-09-29 11:46:46 - [MESSAGE][PASSED] - Object: 'Object Repository/PM/Huawei-vendor/TopX/TopX Object Type' is clicked on

2024-09-29 11:46:47 - [MESSAGE][PASSED] - Delayed 1 second(s)

2024-09-29 11:46:47 - [MESSAGE][PASSED] - Object: 'Object Repository/PM/Huawei-vendor/Object-Type/TopX Object Types/TopX PLMNs XDD/TopX PLMN XDD' is clicked on

2024-09-29 11:46:48 - [MESSAGE][PASSED] - Delayed 1 second(s)

2024-09-29 11:46:48 - [MESSAGE][WARNING] - Timeout '0' is invalid. Using default page load timeout: '120'

2024-09-29 11:46:48 - [MESSAGE][PASSED] - Scroll to object 'Object Repository/PM/Huawei-vendor/Object Border' successfully

2024-09-29 11:46:48 - [MESSAGE][PASSED] - Object: 'Object Repository/PM/Huawei-vendor/Object-Type/TopX Object Types/TopX Regions XDD/TopX TDD' is clicked on

2024-09-29 11:46:48 - [MESSAGE][WARNING] - Timeout '0' is invalid. Using default page load timeout: '120'

2024-09-29 11:46:48 - [MESSAGE][PASSED] - Scroll to object 'Object Repository/PM/Huawei-vendor/StarttimeLable' successfully

2024-09-29 11:46:48 - [MESSAGE][PASSED] - Object: 'Object Repository/PM/Huawei-vendor/StartDate/StartDate-Button' is clicked on

2024-09-29 11:46:48 - [MESSAGE][PASSED] - Object: 'Object Repository/PM/Huawei-vendor/StartDate/Monthly-Selection' is clicked on

2024-09-29 11:46:49 - [MESSAGE][PASSED] - Object: 'Object Repository/PM/Huawei-vendor/StartDate/Fep-Selection' is clicked on

2024-09-29 11:46:50 - [MESSAGE][PASSED] - Delayed 1 second(s)

2024-09-29 11:46:50 - [MESSAGE][PASSED] - Object: 'Object Repository/PM/Huawei-vendor/StartDate/1-Fep' is clicked on

2024-09-29 11:46:50 - [MESSAGE][PASSED] - Object: 'Object Repository/PM/Huawei-vendor/Apply-Button' is clicked on

2024-09-29 11:46:50 - [MESSAGE][WARNING] - Timeout '0' is invalid. Using default page load timeout: '120'

2024-09-29 11:46:50 - [MESSAGE][PASSED] - Web element with id: 'Object Repository/PM/Huawei-vendor/Error' located by 'By.xpath: //div[@class='toast-summary title-medium-m']' is not present after '120' second(s)

2024-09-29 11:46:50 - [MESSAGE][WARNING] - Timeout '0' is invalid. Using default page load timeout: '120'

2024-09-29 11:46:55 - [MESSAGE][PASSED] - Object 'Object Repository/PM/Huawei-vendor/Export-Result' is present

2024-09-29 11:46:56 - [MESSAGE][PASSED] - Browser is closed

2024-09-29 11:46:56 - [MESSAGE][PASSED] - PMHwaueiStats.Stats is PASSED

2024-09-29 11:46:56 - [TEST_STEP][PASSED] - Start tear down : tearDownTestCase: Method 'tearDownTestCase' complete successfully

2024-09-29 11:46:56 - [TEST_STEP][PASSED] - closeBrowser(): Browser is closed

2024-09-29 11:46:56 - [MESSAGE][PASSED] - Browser is closed

2024-09-29 11:46:56 - [MESSAGE][PASSED] - Method 'tearDownTestCase' complete successfully]]></system-out>
         <system-err><![CDATA[]]></system-err>
      </testcase>
      <testcase name="Test Cases/PM/Hwauei/Stats/4G/PLMN XDD/PLMN XDD Aggregation" time="36.68" classname="Test Cases/PM/Hwauei/Stats/4G/PLMN XDD/PLMN XDD Aggregation" status="PASSED">
         <system-out><![CDATA[2024-09-29 11:46:56 - [TEST_CASE][PASSED] - Test Cases/PM/Hwauei/Stats/4G/PLMN XDD/PLMN XDD Aggregation: Test Cases/PM/Hwauei/Stats/4G/PLMN XDD/PLMN XDD Aggregation

2024-09-29 11:46:56 - [TEST_STEP][PASSED] - callTestCase(findTestCase("LoginNew"), [:], STOP_ON_FAILURE): Call Test Case 'Test Cases/LoginNew' successfully

2024-09-29 11:46:56 - [TEST_CASE][PASSED] - Test Cases/LoginNew: Test Cases/LoginNew

2024-09-29 11:46:56 - [TEST_STEP][PASSED] - driver = general.start(SwagerURL, NetCellURL): general.start is PASSED

2024-09-29 11:46:56 - [MESSAGE][INFO] - >>> chromeDriverPath=C:\Users\FatimaIbeid\.katalon\packages\Katalon_Studio_Windows_64-8.6.9\Katalon_Studio_Windows_64-8.6.9\configuration\resources\drivers\chromedriver_win32\chromedriver.exe

2024-09-29 11:46:57 - [MESSAGE][PASSED] - Current window maximized

2024-09-29 11:46:58 - [MESSAGE][PASSED] - Execute JavaScript 'window.open();' successfully

2024-09-29 11:46:58 - [MESSAGE][PASSED] - Switched to window with index: '1'

2024-09-29 11:47:10 - [MESSAGE][PASSED] - general.start is PASSED

2024-09-29 11:47:10 - [TEST_STEP][PASSED] - delay(1): Delayed 1 second(s)

2024-09-29 11:47:11 - [MESSAGE][PASSED] - Delayed 1 second(s)

2024-09-29 11:47:11 - [TEST_STEP][PASSED] - sendKeys(findTestObject("Object Repository/Login/EnterEmail2"), "homam@zztjg.onmicrosoft.com"): Keys 'homam@zztjg.onmicrosoft.com' sent to object: 'Object Repository/Login/EnterEmail2'

2024-09-29 11:47:11 - [MESSAGE][PASSED] - Keys 'homam@zztjg.onmicrosoft.com' sent to object: 'Object Repository/Login/EnterEmail2'

2024-09-29 11:47:11 - [TEST_STEP][PASSED] - delay(1): Delayed 1 second(s)

2024-09-29 11:47:12 - [MESSAGE][PASSED] - Delayed 1 second(s)

2024-09-29 11:47:12 - [TEST_STEP][PASSED] - sendKeys(findTestObject("Object Repository/Login/EnterPassword2"), "P@ssw0rd"): Keys 'P@ssw0rd' sent to object: 'Object Repository/Login/EnterPassword2'

2024-09-29 11:47:13 - [MESSAGE][PASSED] - Keys 'P@ssw0rd' sent to object: 'Object Repository/Login/EnterPassword2'

2024-09-29 11:47:13 - [TEST_STEP][PASSED] - delay(1): Delayed 1 second(s)

2024-09-29 11:47:14 - [MESSAGE][PASSED] - Delayed 1 second(s)

2024-09-29 11:47:14 - [TEST_STEP][PASSED] - click(findTestObject("Object Repository/Login/LoginButton2")): Object: 'Object Repository/Login/LoginButton2' is clicked on

2024-09-29 11:47:14 - [MESSAGE][PASSED] - Object: 'Object Repository/Login/LoginButton2' is clicked on

2024-09-29 11:47:14 - [TEST_STEP][PASSED] - delay(1): Delayed 1 second(s)

2024-09-29 11:47:15 - [MESSAGE][PASSED] - Delayed 1 second(s)

2024-09-29 11:47:15 - [TEST_STEP][PASSED] - waitForElementPresent(findTestObject("Object Repository/Login/welcome To NetCell"), 0): Object 'Object Repository/Login/welcome To NetCell' is present

2024-09-29 11:47:15 - [MESSAGE][WARNING] - Timeout '0' is invalid. Using default page load timeout: '120'

2024-09-29 11:47:15 - [MESSAGE][PASSED] - Object 'Object Repository/Login/welcome To NetCell' is present

2024-09-29 11:47:15 - [MESSAGE][PASSED] - Call Test Case 'Test Cases/LoginNew' successfully

2024-09-29 11:47:15 - [TEST_STEP][PASSED] - switchToWindowIndex(1): Switched to window with index: '1'

2024-09-29 11:47:15 - [MESSAGE][PASSED] - Switched to window with index: '1'

2024-09-29 11:47:15 - [TEST_STEP][PASSED] - PMHwaueiStats.Stats("4G", "Region Band", true, "Hourly"): PMHwaueiStats.Stats is PASSED

2024-09-29 11:47:15 - [MESSAGE][PASSED] - Object: 'Object Repository/PM/PM-Button' is clicked on

2024-09-29 11:47:15 - [MESSAGE][PASSED] - Switched to window with index: '2'

2024-09-29 11:47:16 - [MESSAGE][PASSED] - Object: 'Object Repository/PM/Huawei-vendor/TopX/TopX Object Type' is clicked on

2024-09-29 11:47:17 - [MESSAGE][PASSED] - Delayed 1 second(s)

2024-09-29 11:47:17 - [MESSAGE][PASSED] - Object: 'Object Repository/PM/Huawei-vendor/Object-Type/TopX Object Types/TopX Region Bands/TopX Reagion Band' is clicked on

2024-09-29 11:47:18 - [MESSAGE][PASSED] - Delayed 1 second(s)

2024-09-29 11:47:18 - [MESSAGE][WARNING] - Timeout '0' is invalid. Using default page load timeout: '120'

2024-09-29 11:47:18 - [MESSAGE][PASSED] - Scroll to object 'Object Repository/PM/Huawei-vendor/Object Border' successfully

2024-09-29 11:47:18 - [MESSAGE][PASSED] - Object: 'Object Repository/PM/Huawei-vendor/Object-Type/TopX Object Types/TopX Sites/TopX East Amman Arrow' is clicked on

2024-09-29 11:47:18 - [MESSAGE][PASSED] - Object: 'Object Repository/PM/Huawei-vendor/Object-Type/TopX Object Types/TopX Region Bands/TopX FDD' is clicked on

2024-09-29 11:47:18 - [MESSAGE][PASSED] - Object: 'Object Repository/PM/Huawei-vendor/Object-Type/TopX Object Types/TopX Sites/TopX East Amman CloseArrow' is clicked on

2024-09-29 11:47:19 - [MESSAGE][PASSED] - Object: 'Object Repository/PM/Huawei-vendor/Object-Type/TopX Object Types/TopX Sites/TopX West Amman Arrow' is clicked on

2024-09-29 11:47:19 - [MESSAGE][PASSED] - Object: 'Object Repository/PM/Huawei-vendor/Object-Type/TopX Object Types/TopX Region Bands/TopX TDD' is clicked on

2024-09-29 11:47:19 - [MESSAGE][PASSED] - Object: 'Object Repository/PM/Huawei-vendor/Object-Type/TopX Object Types/TopX Sites/TopX West Amman CloseArrow' is clicked on

2024-09-29 11:47:19 - [MESSAGE][PASSED] - Object: 'Object Repository/PM/Huawei-vendor/Object-Type/TopX Object Types/TopX Regions/TopX Region South Amman' is clicked on

2024-09-29 11:47:19 - [MESSAGE][PASSED] - Object: 'Object Repository/PM/Huawei-vendor/Object-Type/TopX Object Types/TopX Regions/TopX Region East Jordan' is clicked on

2024-09-29 11:47:20 - [MESSAGE][PASSED] - Object: 'Object Repository/PM/Huawei-vendor/Object-Type/TopX Object Types/TopX Regions/TopX Region North Jordan' is clicked on

2024-09-29 11:47:20 - [MESSAGE][PASSED] - Object: 'Object Repository/PM/Huawei-vendor/Object-Type/TopX Object Types/TopX Regions/TopX Region South Jordan' is clicked on

2024-09-29 11:47:20 - [MESSAGE][PASSED] - Object: 'Object Repository/PM/Huawei-vendor/Object-Type/TopX Object Types/TopX Regions/TopX Region Others' is clicked on

2024-09-29 11:47:20 - [MESSAGE][PASSED] - Object: 'Object Repository/PM/Huawei-vendor/Aggregation-CheckBox' is clicked on

2024-09-29 11:47:20 - [MESSAGE][WARNING] - Timeout '0' is invalid. Using default page load timeout: '120'

2024-09-29 11:47:20 - [MESSAGE][PASSED] - Scroll to object 'Object Repository/PM/Huawei-vendor/StarttimeLable' successfully

2024-09-29 11:47:20 - [MESSAGE][PASSED] - Object: 'Object Repository/PM/Huawei-vendor/StartDate/StartDate-Button' is clicked on

2024-09-29 11:47:21 - [MESSAGE][PASSED] - Object: 'Object Repository/PM/Huawei-vendor/StartDate/Monthly-Selection' is clicked on

2024-09-29 11:47:21 - [MESSAGE][PASSED] - Object: 'Object Repository/PM/Huawei-vendor/StartDate/Fep-Selection' is clicked on

2024-09-29 11:47:22 - [MESSAGE][PASSED] - Delayed 1 second(s)

2024-09-29 11:47:22 - [MESSAGE][PASSED] - Object: 'Object Repository/PM/Huawei-vendor/StartDate/1-Fep' is clicked on

2024-09-29 11:47:22 - [MESSAGE][PASSED] - Object: 'Object Repository/PM/Huawei-vendor/Apply-Button' is clicked on

2024-09-29 11:47:22 - [MESSAGE][WARNING] - Timeout '0' is invalid. Using default page load timeout: '120'

2024-09-29 11:47:22 - [MESSAGE][PASSED] - Web element with id: 'Object Repository/PM/Huawei-vendor/Error' located by 'By.xpath: //div[@class='toast-summary title-medium-m']' is not present after '120' second(s)

2024-09-29 11:47:22 - [MESSAGE][WARNING] - Timeout '0' is invalid. Using default page load timeout: '120'

2024-09-29 11:47:32 - [MESSAGE][PASSED] - Object 'Object Repository/PM/Huawei-vendor/Export-Result' is present

2024-09-29 11:47:32 - [MESSAGE][PASSED] - Browser is closed

2024-09-29 11:47:32 - [MESSAGE][PASSED] - PMHwaueiStats.Stats is PASSED

2024-09-29 11:47:32 - [TEST_STEP][PASSED] - Start tear down : tearDownTestCase: Method 'tearDownTestCase' complete successfully

2024-09-29 11:47:32 - [TEST_STEP][PASSED] - closeBrowser(): Browser is closed

2024-09-29 11:47:32 - [MESSAGE][PASSED] - Browser is closed

2024-09-29 11:47:32 - [MESSAGE][PASSED] - Method 'tearDownTestCase' complete successfully]]></system-out>
         <system-err><![CDATA[]]></system-err>
      </testcase>
      <testcase name="Test Cases/PM/Hwauei/Stats/4G/Region XDD/Region XDD" time="38.153" classname="Test Cases/PM/Hwauei/Stats/4G/Region XDD/Region XDD" status="PASSED">
         <system-out><![CDATA[2024-09-29 11:47:32 - [TEST_CASE][PASSED] - Test Cases/PM/Hwauei/Stats/4G/Region XDD/Region XDD: Test Cases/PM/Hwauei/Stats/4G/Region XDD/Region XDD

2024-09-29 11:47:33 - [TEST_STEP][PASSED] - callTestCase(findTestCase("LoginNew"), [:], STOP_ON_FAILURE): Call Test Case 'Test Cases/LoginNew' successfully

2024-09-29 11:47:33 - [TEST_CASE][PASSED] - Test Cases/LoginNew: Test Cases/LoginNew

2024-09-29 11:47:33 - [TEST_STEP][PASSED] - driver = general.start(SwagerURL, NetCellURL): general.start is PASSED

2024-09-29 11:47:33 - [MESSAGE][INFO] - >>> chromeDriverPath=C:\Users\FatimaIbeid\.katalon\packages\Katalon_Studio_Windows_64-8.6.9\Katalon_Studio_Windows_64-8.6.9\configuration\resources\drivers\chromedriver_win32\chromedriver.exe

2024-09-29 11:47:34 - [MESSAGE][PASSED] - Current window maximized

2024-09-29 11:47:34 - [MESSAGE][PASSED] - Execute JavaScript 'window.open();' successfully

2024-09-29 11:47:34 - [MESSAGE][PASSED] - Switched to window with index: '1'

2024-09-29 11:47:45 - [MESSAGE][PASSED] - general.start is PASSED

2024-09-29 11:47:45 - [TEST_STEP][PASSED] - delay(1): Delayed 1 second(s)

2024-09-29 11:47:46 - [MESSAGE][PASSED] - Delayed 1 second(s)

2024-09-29 11:47:46 - [TEST_STEP][PASSED] - sendKeys(findTestObject("Object Repository/Login/EnterEmail2"), "homam@zztjg.onmicrosoft.com"): Keys 'homam@zztjg.onmicrosoft.com' sent to object: 'Object Repository/Login/EnterEmail2'

2024-09-29 11:47:47 - [MESSAGE][PASSED] - Keys 'homam@zztjg.onmicrosoft.com' sent to object: 'Object Repository/Login/EnterEmail2'

2024-09-29 11:47:47 - [TEST_STEP][PASSED] - delay(1): Delayed 1 second(s)

2024-09-29 11:47:48 - [MESSAGE][PASSED] - Delayed 1 second(s)

2024-09-29 11:47:48 - [TEST_STEP][PASSED] - sendKeys(findTestObject("Object Repository/Login/EnterPassword2"), "P@ssw0rd"): Keys 'P@ssw0rd' sent to object: 'Object Repository/Login/EnterPassword2'

2024-09-29 11:47:48 - [MESSAGE][PASSED] - Keys 'P@ssw0rd' sent to object: 'Object Repository/Login/EnterPassword2'

2024-09-29 11:47:48 - [TEST_STEP][PASSED] - delay(1): Delayed 1 second(s)

2024-09-29 11:47:49 - [MESSAGE][PASSED] - Delayed 1 second(s)

2024-09-29 11:47:49 - [TEST_STEP][PASSED] - click(findTestObject("Object Repository/Login/LoginButton2")): Object: 'Object Repository/Login/LoginButton2' is clicked on

2024-09-29 11:47:49 - [MESSAGE][PASSED] - Object: 'Object Repository/Login/LoginButton2' is clicked on

2024-09-29 11:47:49 - [TEST_STEP][PASSED] - delay(1): Delayed 1 second(s)

2024-09-29 11:47:50 - [MESSAGE][PASSED] - Delayed 1 second(s)

2024-09-29 11:47:50 - [TEST_STEP][PASSED] - waitForElementPresent(findTestObject("Object Repository/Login/welcome To NetCell"), 0): Object 'Object Repository/Login/welcome To NetCell' is present

2024-09-29 11:47:50 - [MESSAGE][WARNING] - Timeout '0' is invalid. Using default page load timeout: '120'

2024-09-29 11:47:50 - [MESSAGE][PASSED] - Object 'Object Repository/Login/welcome To NetCell' is present

2024-09-29 11:47:50 - [MESSAGE][PASSED] - Call Test Case 'Test Cases/LoginNew' successfully

2024-09-29 11:47:50 - [TEST_STEP][PASSED] - switchToWindowIndex(1): Switched to window with index: '1'

2024-09-29 11:47:50 - [MESSAGE][PASSED] - Switched to window with index: '1'

2024-09-29 11:47:50 - [TEST_STEP][PASSED] - PMHwaueiStats.Stats("4G", "Region XDD", true, "Hourly"): PMHwaueiStats.Stats is PASSED

2024-09-29 11:47:51 - [MESSAGE][PASSED] - Object: 'Object Repository/PM/PM-Button' is clicked on

2024-09-29 11:47:51 - [MESSAGE][PASSED] - Switched to window with index: '2'

2024-09-29 11:48:02 - [MESSAGE][PASSED] - Object: 'Object Repository/PM/Huawei-vendor/TopX/TopX Object Type' is clicked on

2024-09-29 11:48:03 - [MESSAGE][PASSED] - Delayed 1 second(s)

2024-09-29 11:48:03 - [MESSAGE][PASSED] - Object: 'Object Repository/PM/Huawei-vendor/Object-Type/TopX Object Types/TopX Regions XDD/TopX Region XDD' is clicked on

2024-09-29 11:48:04 - [MESSAGE][PASSED] - Delayed 1 second(s)

2024-09-29 11:48:04 - [MESSAGE][WARNING] - Timeout '0' is invalid. Using default page load timeout: '120'

2024-09-29 11:48:04 - [MESSAGE][PASSED] - Scroll to object 'Object Repository/PM/Huawei-vendor/Object Border' successfully

2024-09-29 11:48:04 - [MESSAGE][PASSED] - Object: 'Object Repository/PM/Huawei-vendor/Object-Type/TopX Object Types/TopX Sites/TopX East Amman Arrow' is clicked on

2024-09-29 11:48:04 - [MESSAGE][PASSED] - Object: 'Object Repository/PM/Huawei-vendor/Object-Type/TopX Object Types/TopX Regions XDD/TopX FDD' is clicked on

2024-09-29 11:48:04 - [MESSAGE][PASSED] - Object: 'Object Repository/PM/Huawei-vendor/Object-Type/TopX Object Types/TopX Sites/TopX East Amman CloseArrow' is clicked on

2024-09-29 11:48:05 - [MESSAGE][PASSED] - Object: 'Object Repository/PM/Huawei-vendor/Object-Type/TopX Object Types/TopX Sites/TopX West Amman Arrow' is clicked on

2024-09-29 11:48:05 - [MESSAGE][PASSED] - Object: 'Object Repository/PM/Huawei-vendor/Object-Type/TopX Object Types/TopX Regions XDD/TopX TDD' is clicked on

2024-09-29 11:48:05 - [MESSAGE][PASSED] - Object: 'Object Repository/PM/Huawei-vendor/Object-Type/TopX Object Types/TopX Sites/TopX West Amman CloseArrow' is clicked on

2024-09-29 11:48:05 - [MESSAGE][PASSED] - Object: 'Object Repository/PM/Huawei-vendor/Object-Type/TopX Object Types/TopX Regions/TopX Region South Amman' is clicked on

2024-09-29 11:48:05 - [MESSAGE][PASSED] - Object: 'Object Repository/PM/Huawei-vendor/Object-Type/TopX Object Types/TopX Regions/TopX Region East Jordan' is clicked on

2024-09-29 11:48:05 - [MESSAGE][PASSED] - Object: 'Object Repository/PM/Huawei-vendor/Object-Type/TopX Object Types/TopX Regions/TopX Region North Jordan' is clicked on

2024-09-29 11:48:06 - [MESSAGE][PASSED] - Object: 'Object Repository/PM/Huawei-vendor/Object-Type/TopX Object Types/TopX Regions/TopX Region South Jordan' is clicked on

2024-09-29 11:48:06 - [MESSAGE][PASSED] - Object: 'Object Repository/PM/Huawei-vendor/Object-Type/TopX Object Types/TopX Regions/TopX Region Others' is clicked on

2024-09-29 11:48:06 - [MESSAGE][PASSED] - Object: 'Object Repository/PM/Huawei-vendor/Aggregation-CheckBox' is clicked on

2024-09-29 11:48:06 - [MESSAGE][WARNING] - Timeout '0' is invalid. Using default page load timeout: '120'

2024-09-29 11:48:06 - [MESSAGE][PASSED] - Scroll to object 'Object Repository/PM/Huawei-vendor/StarttimeLable' successfully

2024-09-29 11:48:06 - [MESSAGE][PASSED] - Object: 'Object Repository/PM/Huawei-vendor/StartDate/StartDate-Button' is clicked on

2024-09-29 11:48:06 - [MESSAGE][PASSED] - Object: 'Object Repository/PM/Huawei-vendor/StartDate/Monthly-Selection' is clicked on

2024-09-29 11:48:07 - [MESSAGE][PASSED] - Object: 'Object Repository/PM/Huawei-vendor/StartDate/Fep-Selection' is clicked on

2024-09-29 11:48:08 - [MESSAGE][PASSED] - Delayed 1 second(s)

2024-09-29 11:48:08 - [MESSAGE][PASSED] - Object: 'Object Repository/PM/Huawei-vendor/StartDate/1-Fep' is clicked on

2024-09-29 11:48:08 - [MESSAGE][PASSED] - Object: 'Object Repository/PM/Huawei-vendor/Apply-Button' is clicked on

2024-09-29 11:48:08 - [MESSAGE][WARNING] - Timeout '0' is invalid. Using default page load timeout: '120'

2024-09-29 11:48:08 - [MESSAGE][PASSED] - Web element with id: 'Object Repository/PM/Huawei-vendor/Error' located by 'By.xpath: //div[@class='toast-summary title-medium-m']' is not present after '120' second(s)

2024-09-29 11:48:08 - [MESSAGE][WARNING] - Timeout '0' is invalid. Using default page load timeout: '120'

2024-09-29 11:48:10 - [MESSAGE][PASSED] - Object 'Object Repository/PM/Huawei-vendor/Export-Result' is present

2024-09-29 11:48:10 - [MESSAGE][PASSED] - Browser is closed

2024-09-29 11:48:10 - [MESSAGE][PASSED] - PMHwaueiStats.Stats is PASSED

2024-09-29 11:48:10 - [TEST_STEP][PASSED] - Start tear down : tearDownTestCase: Method 'tearDownTestCase' complete successfully

2024-09-29 11:48:10 - [TEST_STEP][PASSED] - closeBrowser(): Browser is closed

2024-09-29 11:48:10 - [MESSAGE][PASSED] - Browser is closed

2024-09-29 11:48:10 - [MESSAGE][PASSED] - Method 'tearDownTestCase' complete successfully]]></system-out>
         <system-err><![CDATA[]]></system-err>
      </testcase>
      <testcase name="Test Cases/PM/Hwauei/Stats/4G/Region XDD/Region XDD Aggregation" time="39.525" classname="Test Cases/PM/Hwauei/Stats/4G/Region XDD/Region XDD Aggregation" status="PASSED">
         <system-out><![CDATA[2024-09-29 11:48:10 - [TEST_CASE][PASSED] - Test Cases/PM/Hwauei/Stats/4G/Region XDD/Region XDD Aggregation: Test Cases/PM/Hwauei/Stats/4G/Region XDD/Region XDD Aggregation

2024-09-29 11:48:11 - [TEST_STEP][PASSED] - callTestCase(findTestCase("LoginNew"), [:], STOP_ON_FAILURE): Call Test Case 'Test Cases/LoginNew' successfully

2024-09-29 11:48:11 - [TEST_CASE][PASSED] - Test Cases/LoginNew: Test Cases/LoginNew

2024-09-29 11:48:11 - [TEST_STEP][PASSED] - driver = general.start(SwagerURL, NetCellURL): general.start is PASSED

2024-09-29 11:48:11 - [MESSAGE][INFO] - >>> chromeDriverPath=C:\Users\FatimaIbeid\.katalon\packages\Katalon_Studio_Windows_64-8.6.9\Katalon_Studio_Windows_64-8.6.9\configuration\resources\drivers\chromedriver_win32\chromedriver.exe

2024-09-29 11:48:12 - [MESSAGE][PASSED] - Current window maximized

2024-09-29 11:48:13 - [MESSAGE][PASSED] - Execute JavaScript 'window.open();' successfully

2024-09-29 11:48:13 - [MESSAGE][PASSED] - Switched to window with index: '1'

2024-09-29 11:48:24 - [MESSAGE][PASSED] - general.start is PASSED

2024-09-29 11:48:24 - [TEST_STEP][PASSED] - delay(1): Delayed 1 second(s)

2024-09-29 11:48:25 - [MESSAGE][PASSED] - Delayed 1 second(s)

2024-09-29 11:48:25 - [TEST_STEP][PASSED] - sendKeys(findTestObject("Object Repository/Login/EnterEmail2"), "homam@zztjg.onmicrosoft.com"): Keys 'homam@zztjg.onmicrosoft.com' sent to object: 'Object Repository/Login/EnterEmail2'

2024-09-29 11:48:25 - [MESSAGE][PASSED] - Keys 'homam@zztjg.onmicrosoft.com' sent to object: 'Object Repository/Login/EnterEmail2'

2024-09-29 11:48:25 - [TEST_STEP][PASSED] - delay(1): Delayed 1 second(s)

2024-09-29 11:48:26 - [MESSAGE][PASSED] - Delayed 1 second(s)

2024-09-29 11:48:26 - [TEST_STEP][PASSED] - sendKeys(findTestObject("Object Repository/Login/EnterPassword2"), "P@ssw0rd"): Keys 'P@ssw0rd' sent to object: 'Object Repository/Login/EnterPassword2'

2024-09-29 11:48:26 - [MESSAGE][PASSED] - Keys 'P@ssw0rd' sent to object: 'Object Repository/Login/EnterPassword2'

2024-09-29 11:48:26 - [TEST_STEP][PASSED] - delay(1): Delayed 1 second(s)

2024-09-29 11:48:27 - [MESSAGE][PASSED] - Delayed 1 second(s)

2024-09-29 11:48:27 - [TEST_STEP][PASSED] - click(findTestObject("Object Repository/Login/LoginButton2")): Object: 'Object Repository/Login/LoginButton2' is clicked on

2024-09-29 11:48:27 - [MESSAGE][PASSED] - Object: 'Object Repository/Login/LoginButton2' is clicked on

2024-09-29 11:48:27 - [TEST_STEP][PASSED] - delay(1): Delayed 1 second(s)

2024-09-29 11:48:28 - [MESSAGE][PASSED] - Delayed 1 second(s)

2024-09-29 11:48:28 - [TEST_STEP][PASSED] - waitForElementPresent(findTestObject("Object Repository/Login/welcome To NetCell"), 0): Object 'Object Repository/Login/welcome To NetCell' is present

2024-09-29 11:48:28 - [MESSAGE][WARNING] - Timeout '0' is invalid. Using default page load timeout: '120'

2024-09-29 11:48:28 - [MESSAGE][PASSED] - Object 'Object Repository/Login/welcome To NetCell' is present

2024-09-29 11:48:28 - [MESSAGE][PASSED] - Call Test Case 'Test Cases/LoginNew' successfully

2024-09-29 11:48:28 - [TEST_STEP][PASSED] - switchToWindowIndex(1): Switched to window with index: '1'

2024-09-29 11:48:28 - [MESSAGE][PASSED] - Switched to window with index: '1'

2024-09-29 11:48:28 - [TEST_STEP][PASSED] - PMHwaueiStats.Stats("4G", "Region XDD", false, "Hourly"): PMHwaueiStats.Stats is PASSED

2024-09-29 11:48:29 - [MESSAGE][PASSED] - Object: 'Object Repository/PM/PM-Button' is clicked on

2024-09-29 11:48:29 - [MESSAGE][PASSED] - Switched to window with index: '2'

2024-09-29 11:48:40 - [MESSAGE][PASSED] - Object: 'Object Repository/PM/Huawei-vendor/TopX/TopX Object Type' is clicked on

2024-09-29 11:48:41 - [MESSAGE][PASSED] - Delayed 1 second(s)

2024-09-29 11:48:41 - [MESSAGE][PASSED] - Object: 'Object Repository/PM/Huawei-vendor/Object-Type/TopX Object Types/TopX Regions XDD/TopX Region XDD' is clicked on

2024-09-29 11:48:42 - [MESSAGE][PASSED] - Delayed 1 second(s)

2024-09-29 11:48:42 - [MESSAGE][WARNING] - Timeout '0' is invalid. Using default page load timeout: '120'

2024-09-29 11:48:42 - [MESSAGE][PASSED] - Scroll to object 'Object Repository/PM/Huawei-vendor/Object Border' successfully

2024-09-29 11:48:42 - [MESSAGE][PASSED] - Object: 'Object Repository/PM/Huawei-vendor/Object-Type/TopX Object Types/TopX Sites/TopX East Amman Arrow' is clicked on

2024-09-29 11:48:42 - [MESSAGE][PASSED] - Object: 'Object Repository/PM/Huawei-vendor/Object-Type/TopX Object Types/TopX Regions XDD/TopX FDD' is clicked on

2024-09-29 11:48:43 - [MESSAGE][PASSED] - Object: 'Object Repository/PM/Huawei-vendor/Object-Type/TopX Object Types/TopX Sites/TopX East Amman CloseArrow' is clicked on

2024-09-29 11:48:43 - [MESSAGE][PASSED] - Object: 'Object Repository/PM/Huawei-vendor/Object-Type/TopX Object Types/TopX Sites/TopX West Amman Arrow' is clicked on

2024-09-29 11:48:43 - [MESSAGE][PASSED] - Object: 'Object Repository/PM/Huawei-vendor/Object-Type/TopX Object Types/TopX Regions XDD/TopX TDD' is clicked on

2024-09-29 11:48:43 - [MESSAGE][PASSED] - Object: 'Object Repository/PM/Huawei-vendor/Object-Type/TopX Object Types/TopX Sites/TopX West Amman CloseArrow' is clicked on

2024-09-29 11:48:43 - [MESSAGE][PASSED] - Object: 'Object Repository/PM/Huawei-vendor/Object-Type/TopX Object Types/TopX Sites/TopX East Jordan Arrow' is clicked on

2024-09-29 11:48:43 - [MESSAGE][PASSED] - Object: 'Object Repository/PM/Huawei-vendor/Object-Type/TopX Object Types/TopX Regions XDD/TopX FDD' is clicked on

2024-09-29 11:48:44 - [MESSAGE][PASSED] - Object: 'Object Repository/PM/Huawei-vendor/Object-Type/TopX Object Types/TopX Sites/TopX East Jordan CloseArrow' is clicked on

2024-09-29 11:48:44 - [MESSAGE][PASSED] - Object: 'Object Repository/PM/Huawei-vendor/Object-Type/TopX Object Types/TopX Sites/TopX North Jordan Arrow' is clicked on

2024-09-29 11:48:44 - [MESSAGE][PASSED] - Object: 'Object Repository/PM/Huawei-vendor/Object-Type/TopX Object Types/TopX Regions XDD/TopX TDD' is clicked on

2024-09-29 11:48:44 - [MESSAGE][PASSED] - Object: 'Object Repository/PM/Huawei-vendor/Object-Type/TopX Object Types/TopX Sites/TopX North Jordan CloseArrow' is clicked on

2024-09-29 11:48:44 - [MESSAGE][WARNING] - Timeout '0' is invalid. Using default page load timeout: '120'

2024-09-29 11:48:44 - [MESSAGE][PASSED] - Scroll to object 'Object Repository/PM/Huawei-vendor/StarttimeLable' successfully

2024-09-29 11:48:44 - [MESSAGE][PASSED] - Object: 'Object Repository/PM/Huawei-vendor/StartDate/StartDate-Button' is clicked on

2024-09-29 11:48:44 - [MESSAGE][PASSED] - Object: 'Object Repository/PM/Huawei-vendor/StartDate/Monthly-Selection' is clicked on

2024-09-29 11:48:45 - [MESSAGE][PASSED] - Object: 'Object Repository/PM/Huawei-vendor/StartDate/Fep-Selection' is clicked on

2024-09-29 11:48:46 - [MESSAGE][PASSED] - Delayed 1 second(s)

2024-09-29 11:48:46 - [MESSAGE][PASSED] - Object: 'Object Repository/PM/Huawei-vendor/StartDate/1-Fep' is clicked on

2024-09-29 11:48:46 - [MESSAGE][PASSED] - Object: 'Object Repository/PM/Huawei-vendor/Apply-Button' is clicked on

2024-09-29 11:48:46 - [MESSAGE][WARNING] - Timeout '0' is invalid. Using default page load timeout: '120'

2024-09-29 11:48:46 - [MESSAGE][PASSED] - Web element with id: 'Object Repository/PM/Huawei-vendor/Error' located by 'By.xpath: //div[@class='toast-summary title-medium-m']' is not present after '120' second(s)

2024-09-29 11:48:46 - [MESSAGE][WARNING] - Timeout '0' is invalid. Using default page load timeout: '120'

2024-09-29 11:48:49 - [MESSAGE][PASSED] - Object 'Object Repository/PM/Huawei-vendor/Export-Result' is present

2024-09-29 11:48:50 - [MESSAGE][PASSED] - Browser is closed

2024-09-29 11:48:50 - [MESSAGE][PASSED] - PMHwaueiStats.Stats is PASSED

2024-09-29 11:48:50 - [TEST_STEP][PASSED] - Start tear down : tearDownTestCase: Method 'tearDownTestCase' complete successfully

2024-09-29 11:48:50 - [TEST_STEP][PASSED] - closeBrowser(): Browser is closed

2024-09-29 11:48:50 - [MESSAGE][PASSED] - Browser is closed

2024-09-29 11:48:50 - [MESSAGE][PASSED] - Method 'tearDownTestCase' complete successfully]]></system-out>
         <system-err><![CDATA[]]></system-err>
      </testcase>
      <testcase name="Test Cases/PM/Hwauei/Stats/4G/Region-Band/Region Band Aggregation" time="40.913" classname="Test Cases/PM/Hwauei/Stats/4G/Region-Band/Region Band Aggregation" status="PASSED">
         <system-out><![CDATA[2024-09-29 11:48:50 - [TEST_CASE][PASSED] - Test Cases/PM/Hwauei/Stats/4G/Region-Band/Region Band Aggregation: Test Cases/PM/Hwauei/Stats/4G/Region-Band/Region Band Aggregation

2024-09-29 11:48:50 - [TEST_STEP][PASSED] - callTestCase(findTestCase("LoginNew"), [:], STOP_ON_FAILURE): Call Test Case 'Test Cases/LoginNew' successfully

2024-09-29 11:48:50 - [TEST_CASE][PASSED] - Test Cases/LoginNew: Test Cases/LoginNew

2024-09-29 11:48:50 - [TEST_STEP][PASSED] - driver = general.start(SwagerURL, NetCellURL): general.start is PASSED

2024-09-29 11:48:50 - [MESSAGE][INFO] - >>> chromeDriverPath=C:\Users\FatimaIbeid\.katalon\packages\Katalon_Studio_Windows_64-8.6.9\Katalon_Studio_Windows_64-8.6.9\configuration\resources\drivers\chromedriver_win32\chromedriver.exe

2024-09-29 11:48:52 - [MESSAGE][PASSED] - Current window maximized

2024-09-29 11:48:52 - [MESSAGE][PASSED] - Execute JavaScript 'window.open();' successfully

2024-09-29 11:48:52 - [MESSAGE][PASSED] - Switched to window with index: '1'

2024-09-29 11:49:03 - [MESSAGE][PASSED] - general.start is PASSED

2024-09-29 11:49:03 - [TEST_STEP][PASSED] - delay(1): Delayed 1 second(s)

2024-09-29 11:49:04 - [MESSAGE][PASSED] - Delayed 1 second(s)

2024-09-29 11:49:04 - [TEST_STEP][PASSED] - sendKeys(findTestObject("Object Repository/Login/EnterEmail2"), "homam@zztjg.onmicrosoft.com"): Keys 'homam@zztjg.onmicrosoft.com' sent to object: 'Object Repository/Login/EnterEmail2'

2024-09-29 11:49:04 - [MESSAGE][PASSED] - Keys 'homam@zztjg.onmicrosoft.com' sent to object: 'Object Repository/Login/EnterEmail2'

2024-09-29 11:49:04 - [TEST_STEP][PASSED] - delay(1): Delayed 1 second(s)

2024-09-29 11:49:05 - [MESSAGE][PASSED] - Delayed 1 second(s)

2024-09-29 11:49:05 - [TEST_STEP][PASSED] - sendKeys(findTestObject("Object Repository/Login/EnterPassword2"), "P@ssw0rd"): Keys 'P@ssw0rd' sent to object: 'Object Repository/Login/EnterPassword2'

2024-09-29 11:49:06 - [MESSAGE][PASSED] - Keys 'P@ssw0rd' sent to object: 'Object Repository/Login/EnterPassword2'

2024-09-29 11:49:06 - [TEST_STEP][PASSED] - delay(1): Delayed 1 second(s)

2024-09-29 11:49:07 - [MESSAGE][PASSED] - Delayed 1 second(s)

2024-09-29 11:49:07 - [TEST_STEP][PASSED] - click(findTestObject("Object Repository/Login/LoginButton2")): Object: 'Object Repository/Login/LoginButton2' is clicked on

2024-09-29 11:49:07 - [MESSAGE][PASSED] - Object: 'Object Repository/Login/LoginButton2' is clicked on

2024-09-29 11:49:07 - [TEST_STEP][PASSED] - delay(1): Delayed 1 second(s)

2024-09-29 11:49:08 - [MESSAGE][PASSED] - Delayed 1 second(s)

2024-09-29 11:49:08 - [TEST_STEP][PASSED] - waitForElementPresent(findTestObject("Object Repository/Login/welcome To NetCell"), 0): Object 'Object Repository/Login/welcome To NetCell' is present

2024-09-29 11:49:08 - [MESSAGE][WARNING] - Timeout '0' is invalid. Using default page load timeout: '120'

2024-09-29 11:49:08 - [MESSAGE][PASSED] - Object 'Object Repository/Login/welcome To NetCell' is present

2024-09-29 11:49:08 - [MESSAGE][PASSED] - Call Test Case 'Test Cases/LoginNew' successfully

2024-09-29 11:49:08 - [TEST_STEP][PASSED] - switchToWindowIndex(1): Switched to window with index: '1'

2024-09-29 11:49:08 - [MESSAGE][PASSED] - Switched to window with index: '1'

2024-09-29 11:49:08 - [TEST_STEP][PASSED] - PMHwaueiStats.Stats("4G", "Region Band", false, "Hourly"): PMHwaueiStats.Stats is PASSED

2024-09-29 11:49:08 - [MESSAGE][PASSED] - Object: 'Object Repository/PM/PM-Button' is clicked on

2024-09-29 11:49:08 - [MESSAGE][PASSED] - Switched to window with index: '2'

2024-09-29 11:49:20 - [MESSAGE][PASSED] - Object: 'Object Repository/PM/Huawei-vendor/TopX/TopX Object Type' is clicked on

2024-09-29 11:49:21 - [MESSAGE][PASSED] - Delayed 1 second(s)

2024-09-29 11:49:21 - [MESSAGE][PASSED] - Object: 'Object Repository/PM/Huawei-vendor/Object-Type/TopX Object Types/TopX Region Bands/TopX Reagion Band' is clicked on

2024-09-29 11:49:22 - [MESSAGE][PASSED] - Delayed 1 second(s)

2024-09-29 11:49:22 - [MESSAGE][WARNING] - Timeout '0' is invalid. Using default page load timeout: '120'

2024-09-29 11:49:22 - [MESSAGE][PASSED] - Scroll to object 'Object Repository/PM/Huawei-vendor/Object Border' successfully

2024-09-29 11:49:22 - [MESSAGE][PASSED] - Object: 'Object Repository/PM/Huawei-vendor/Object-Type/TopX Object Types/TopX Sites/TopX East Amman Arrow' is clicked on

2024-09-29 11:49:22 - [MESSAGE][PASSED] - Object: 'Object Repository/PM/Huawei-vendor/Object-Type/TopX Object Types/TopX Region Bands/TopX FDD Arrow' is clicked on

2024-09-29 11:49:23 - [MESSAGE][PASSED] - Object: 'Object Repository/PM/Huawei-vendor/Object-Type/TopX Object Types/TopX Region Bands/TopX FDD 900' is clicked on

2024-09-29 11:49:23 - [MESSAGE][PASSED] - Object: 'Object Repository/PM/Huawei-vendor/Object-Type/TopX Object Types/TopX Sites/TopX East Amman CloseArrow' is clicked on

2024-09-29 11:49:23 - [MESSAGE][PASSED] - Object: 'Object Repository/PM/Huawei-vendor/Object-Type/TopX Object Types/TopX Sites/TopX West Amman Arrow' is clicked on

2024-09-29 11:49:23 - [MESSAGE][PASSED] - Object: 'Object Repository/PM/Huawei-vendor/Object-Type/TopX Object Types/TopX Region Bands/TopX TDD Arrow' is clicked on

2024-09-29 11:49:23 - [MESSAGE][PASSED] - Object: 'Object Repository/PM/Huawei-vendor/Object-Type/TopX Object Types/TopX Region Bands/TopX TDD F2' is clicked on

2024-09-29 11:49:23 - [MESSAGE][PASSED] - Object: 'Object Repository/PM/Huawei-vendor/Object-Type/TopX Object Types/TopX Sites/TopX West Amman CloseArrow' is clicked on

2024-09-29 11:49:24 - [MESSAGE][PASSED] - Object: 'Object Repository/PM/Huawei-vendor/Object-Type/TopX Object Types/TopX Sites/TopX North Jordan Arrow' is clicked on

2024-09-29 11:49:24 - [MESSAGE][PASSED] - Object: 'Object Repository/PM/Huawei-vendor/Object-Type/TopX Object Types/TopX Region Bands/TopX FDD Arrow' is clicked on

2024-09-29 11:49:24 - [MESSAGE][PASSED] - Object: 'Object Repository/PM/Huawei-vendor/Object-Type/TopX Object Types/TopX Region Bands/TopX FDD 1800' is clicked on

2024-09-29 11:49:24 - [MESSAGE][PASSED] - Object: 'Object Repository/PM/Huawei-vendor/Object-Type/TopX Object Types/TopX Sites/TopX North Jordan CloseArrow' is clicked on

2024-09-29 11:49:24 - [MESSAGE][PASSED] - Object: 'Object Repository/PM/Huawei-vendor/Object-Type/TopX Object Types/TopX Sites/TopX South Jordan Arrow' is clicked on

2024-09-29 11:49:24 - [MESSAGE][PASSED] - Object: 'Object Repository/PM/Huawei-vendor/Object-Type/TopX Object Types/TopX Region Bands/TopX TDD Arrow' is clicked on

2024-09-29 11:49:25 - [MESSAGE][PASSED] - Object: 'Object Repository/PM/Huawei-vendor/Object-Type/TopX Object Types/TopX Region Bands/TopX TDD F1' is clicked on

2024-09-29 11:49:25 - [MESSAGE][PASSED] - Object: 'Object Repository/PM/Huawei-vendor/Object-Type/TopX Object Types/TopX Sites/TopX South Jordan CloseArrow' is clicked on

2024-09-29 11:49:25 - [MESSAGE][WARNING] - Timeout '0' is invalid. Using default page load timeout: '120'

2024-09-29 11:49:25 - [MESSAGE][PASSED] - Scroll to object 'Object Repository/PM/Huawei-vendor/StarttimeLable' successfully

2024-09-29 11:49:25 - [MESSAGE][PASSED] - Object: 'Object Repository/PM/Huawei-vendor/StartDate/StartDate-Button' is clicked on

2024-09-29 11:49:25 - [MESSAGE][PASSED] - Object: 'Object Repository/PM/Huawei-vendor/StartDate/Monthly-Selection' is clicked on

2024-09-29 11:49:25 - [MESSAGE][PASSED] - Object: 'Object Repository/PM/Huawei-vendor/StartDate/Fep-Selection' is clicked on

2024-09-29 11:49:26 - [MESSAGE][PASSED] - Delayed 1 second(s)

2024-09-29 11:49:27 - [MESSAGE][PASSED] - Object: 'Object Repository/PM/Huawei-vendor/StartDate/1-Fep' is clicked on

2024-09-29 11:49:27 - [MESSAGE][PASSED] - Object: 'Object Repository/PM/Huawei-vendor/Apply-Button' is clicked on

2024-09-29 11:49:27 - [MESSAGE][WARNING] - Timeout '0' is invalid. Using default page load timeout: '120'

2024-09-29 11:49:27 - [MESSAGE][PASSED] - Web element with id: 'Object Repository/PM/Huawei-vendor/Error' located by 'By.xpath: //div[@class='toast-summary title-medium-m']' is not present after '120' second(s)

2024-09-29 11:49:27 - [MESSAGE][WARNING] - Timeout '0' is invalid. Using default page load timeout: '120'

2024-09-29 11:49:30 - [MESSAGE][PASSED] - Object 'Object Repository/PM/Huawei-vendor/Export-Result' is present

2024-09-29 11:49:31 - [MESSAGE][PASSED] - Browser is closed

2024-09-29 11:49:31 - [MESSAGE][PASSED] - PMHwaueiStats.Stats is PASSED

2024-09-29 11:49:31 - [TEST_STEP][PASSED] - Start tear down : tearDownTestCase: Method 'tearDownTestCase' complete successfully

2024-09-29 11:49:31 - [TEST_STEP][PASSED] - closeBrowser(): Browser is closed

2024-09-29 11:49:31 - [MESSAGE][PASSED] - Browser is closed

2024-09-29 11:49:31 - [MESSAGE][PASSED] - Method 'tearDownTestCase' complete successfully]]></system-out>
         <system-err><![CDATA[]]></system-err>
      </testcase>
      <testcase name="Test Cases/PM/Hwauei/Stats/4G/Region-Band/Region-Band" time="45.763" classname="Test Cases/PM/Hwauei/Stats/4G/Region-Band/Region-Band" status="PASSED">
         <system-out><![CDATA[2024-09-29 11:49:31 - [TEST_CASE][PASSED] - Test Cases/PM/Hwauei/Stats/4G/Region-Band/Region-Band: Test Cases/PM/Hwauei/Stats/4G/Region-Band/Region-Band

2024-09-29 11:49:31 - [TEST_STEP][PASSED] - callTestCase(findTestCase("LoginNew"), [:], STOP_ON_FAILURE): Call Test Case 'Test Cases/LoginNew' successfully

2024-09-29 11:49:31 - [TEST_CASE][PASSED] - Test Cases/LoginNew: Test Cases/LoginNew

2024-09-29 11:49:31 - [TEST_STEP][PASSED] - driver = general.start(SwagerURL, NetCellURL): general.start is PASSED

2024-09-29 11:49:31 - [MESSAGE][INFO] - >>> chromeDriverPath=C:\Users\FatimaIbeid\.katalon\packages\Katalon_Studio_Windows_64-8.6.9\Katalon_Studio_Windows_64-8.6.9\configuration\resources\drivers\chromedriver_win32\chromedriver.exe

2024-09-29 11:49:32 - [MESSAGE][PASSED] - Current window maximized

2024-09-29 11:49:33 - [MESSAGE][PASSED] - Execute JavaScript 'window.open();' successfully

2024-09-29 11:49:33 - [MESSAGE][PASSED] - Switched to window with index: '1'

2024-09-29 11:49:44 - [MESSAGE][PASSED] - general.start is PASSED

2024-09-29 11:49:44 - [TEST_STEP][PASSED] - delay(1): Delayed 1 second(s)

2024-09-29 11:49:45 - [MESSAGE][PASSED] - Delayed 1 second(s)

2024-09-29 11:49:45 - [TEST_STEP][PASSED] - sendKeys(findTestObject("Object Repository/Login/EnterEmail2"), "homam@zztjg.onmicrosoft.com"): Keys 'homam@zztjg.onmicrosoft.com' sent to object: 'Object Repository/Login/EnterEmail2'

2024-09-29 11:49:46 - [MESSAGE][PASSED] - Keys 'homam@zztjg.onmicrosoft.com' sent to object: 'Object Repository/Login/EnterEmail2'

2024-09-29 11:49:46 - [TEST_STEP][PASSED] - delay(1): Delayed 1 second(s)

2024-09-29 11:49:47 - [MESSAGE][PASSED] - Delayed 1 second(s)

2024-09-29 11:49:47 - [TEST_STEP][PASSED] - sendKeys(findTestObject("Object Repository/Login/EnterPassword2"), "P@ssw0rd"): Keys 'P@ssw0rd' sent to object: 'Object Repository/Login/EnterPassword2'

2024-09-29 11:49:47 - [MESSAGE][PASSED] - Keys 'P@ssw0rd' sent to object: 'Object Repository/Login/EnterPassword2'

2024-09-29 11:49:47 - [TEST_STEP][PASSED] - delay(1): Delayed 1 second(s)

2024-09-29 11:49:48 - [MESSAGE][PASSED] - Delayed 1 second(s)

2024-09-29 11:49:48 - [TEST_STEP][PASSED] - click(findTestObject("Object Repository/Login/LoginButton2")): Object: 'Object Repository/Login/LoginButton2' is clicked on

2024-09-29 11:49:48 - [MESSAGE][PASSED] - Object: 'Object Repository/Login/LoginButton2' is clicked on

2024-09-29 11:49:48 - [TEST_STEP][PASSED] - delay(1): Delayed 1 second(s)

2024-09-29 11:49:49 - [MESSAGE][PASSED] - Delayed 1 second(s)

2024-09-29 11:49:49 - [TEST_STEP][PASSED] - waitForElementPresent(findTestObject("Object Repository/Login/welcome To NetCell"), 0): Object 'Object Repository/Login/welcome To NetCell' is present

2024-09-29 11:49:49 - [MESSAGE][WARNING] - Timeout '0' is invalid. Using default page load timeout: '120'

2024-09-29 11:49:49 - [MESSAGE][PASSED] - Object 'Object Repository/Login/welcome To NetCell' is present

2024-09-29 11:49:49 - [MESSAGE][PASSED] - Call Test Case 'Test Cases/LoginNew' successfully

2024-09-29 11:49:49 - [TEST_STEP][PASSED] - switchToWindowIndex(1): Switched to window with index: '1'

2024-09-29 11:49:49 - [MESSAGE][PASSED] - Switched to window with index: '1'

2024-09-29 11:49:49 - [TEST_STEP][PASSED] - PMHwaueiStats.Stats("4G", "Region Band", true, "Hourly"): PMHwaueiStats.Stats is PASSED

2024-09-29 11:49:49 - [MESSAGE][PASSED] - Object: 'Object Repository/PM/PM-Button' is clicked on

2024-09-29 11:49:49 - [MESSAGE][PASSED] - Switched to window with index: '2'

2024-09-29 11:50:00 - [MESSAGE][PASSED] - Object: 'Object Repository/PM/Huawei-vendor/TopX/TopX Object Type' is clicked on

2024-09-29 11:50:01 - [MESSAGE][PASSED] - Delayed 1 second(s)

2024-09-29 11:50:02 - [MESSAGE][PASSED] - Object: 'Object Repository/PM/Huawei-vendor/Object-Type/TopX Object Types/TopX Region Bands/TopX Reagion Band' is clicked on

2024-09-29 11:50:03 - [MESSAGE][PASSED] - Delayed 1 second(s)

2024-09-29 11:50:03 - [MESSAGE][WARNING] - Timeout '0' is invalid. Using default page load timeout: '120'

2024-09-29 11:50:03 - [MESSAGE][PASSED] - Scroll to object 'Object Repository/PM/Huawei-vendor/Object Border' successfully

2024-09-29 11:50:03 - [MESSAGE][PASSED] - Object: 'Object Repository/PM/Huawei-vendor/Object-Type/TopX Object Types/TopX Sites/TopX East Amman Arrow' is clicked on

2024-09-29 11:50:03 - [MESSAGE][PASSED] - Object: 'Object Repository/PM/Huawei-vendor/Object-Type/TopX Object Types/TopX Region Bands/TopX FDD' is clicked on

2024-09-29 11:50:03 - [MESSAGE][PASSED] - Object: 'Object Repository/PM/Huawei-vendor/Object-Type/TopX Object Types/TopX Sites/TopX East Amman CloseArrow' is clicked on

2024-09-29 11:50:03 - [MESSAGE][PASSED] - Object: 'Object Repository/PM/Huawei-vendor/Object-Type/TopX Object Types/TopX Sites/TopX West Amman Arrow' is clicked on

2024-09-29 11:50:04 - [MESSAGE][PASSED] - Object: 'Object Repository/PM/Huawei-vendor/Object-Type/TopX Object Types/TopX Region Bands/TopX TDD' is clicked on

2024-09-29 11:50:04 - [MESSAGE][PASSED] - Object: 'Object Repository/PM/Huawei-vendor/Object-Type/TopX Object Types/TopX Sites/TopX West Amman CloseArrow' is clicked on

2024-09-29 11:50:04 - [MESSAGE][PASSED] - Object: 'Object Repository/PM/Huawei-vendor/Object-Type/TopX Object Types/TopX Regions/TopX Region South Amman' is clicked on

2024-09-29 11:50:04 - [MESSAGE][PASSED] - Object: 'Object Repository/PM/Huawei-vendor/Object-Type/TopX Object Types/TopX Regions/TopX Region East Jordan' is clicked on

2024-09-29 11:50:04 - [MESSAGE][PASSED] - Object: 'Object Repository/PM/Huawei-vendor/Object-Type/TopX Object Types/TopX Regions/TopX Region North Jordan' is clicked on

2024-09-29 11:50:04 - [MESSAGE][PASSED] - Object: 'Object Repository/PM/Huawei-vendor/Object-Type/TopX Object Types/TopX Regions/TopX Region South Jordan' is clicked on

2024-09-29 11:50:05 - [MESSAGE][PASSED] - Object: 'Object Repository/PM/Huawei-vendor/Object-Type/TopX Object Types/TopX Regions/TopX Region Others' is clicked on

2024-09-29 11:50:05 - [MESSAGE][PASSED] - Object: 'Object Repository/PM/Huawei-vendor/Aggregation-CheckBox' is clicked on

2024-09-29 11:50:05 - [MESSAGE][WARNING] - Timeout '0' is invalid. Using default page load timeout: '120'

2024-09-29 11:50:05 - [MESSAGE][PASSED] - Scroll to object 'Object Repository/PM/Huawei-vendor/StarttimeLable' successfully

2024-09-29 11:50:05 - [MESSAGE][PASSED] - Object: 'Object Repository/PM/Huawei-vendor/StartDate/StartDate-Button' is clicked on

2024-09-29 11:50:05 - [MESSAGE][PASSED] - Object: 'Object Repository/PM/Huawei-vendor/StartDate/Monthly-Selection' is clicked on

2024-09-29 11:50:05 - [MESSAGE][PASSED] - Object: 'Object Repository/PM/Huawei-vendor/StartDate/Fep-Selection' is clicked on

2024-09-29 11:50:06 - [MESSAGE][PASSED] - Delayed 1 second(s)

2024-09-29 11:50:07 - [MESSAGE][PASSED] - Object: 'Object Repository/PM/Huawei-vendor/StartDate/1-Fep' is clicked on

2024-09-29 11:50:07 - [MESSAGE][PASSED] - Object: 'Object Repository/PM/Huawei-vendor/Apply-Button' is clicked on

2024-09-29 11:50:07 - [MESSAGE][WARNING] - Timeout '0' is invalid. Using default page load timeout: '120'

2024-09-29 11:50:07 - [MESSAGE][PASSED] - Web element with id: 'Object Repository/PM/Huawei-vendor/Error' located by 'By.xpath: //div[@class='toast-summary title-medium-m']' is not present after '120' second(s)

2024-09-29 11:50:07 - [MESSAGE][WARNING] - Timeout '0' is invalid. Using default page load timeout: '120'

2024-09-29 11:50:16 - [MESSAGE][PASSED] - Object 'Object Repository/PM/Huawei-vendor/Export-Result' is present

2024-09-29 11:50:17 - [MESSAGE][PASSED] - Browser is closed

2024-09-29 11:50:17 - [MESSAGE][PASSED] - PMHwaueiStats.Stats is PASSED

2024-09-29 11:50:17 - [TEST_STEP][PASSED] - Start tear down : tearDownTestCase: Method 'tearDownTestCase' complete successfully

2024-09-29 11:50:17 - [TEST_STEP][PASSED] - closeBrowser(): Browser is closed

2024-09-29 11:50:17 - [MESSAGE][PASSED] - Browser is closed

2024-09-29 11:50:17 - [MESSAGE][PASSED] - Method 'tearDownTestCase' complete successfully]]></system-out>
         <system-err><![CDATA[]]></system-err>
      </testcase>
      <testcase name="Test Cases/PM/Hwauei/Stats/4G/Sector/Sector" time="76.586" classname="Test Cases/PM/Hwauei/Stats/4G/Sector/Sector" status="PASSED">
         <system-out><![CDATA[2024-09-29 11:50:17 - [TEST_CASE][PASSED] - Test Cases/PM/Hwauei/Stats/4G/Sector/Sector: Test Cases/PM/Hwauei/Stats/4G/Sector/Sector

2024-09-29 11:50:17 - [TEST_STEP][PASSED] - callTestCase(findTestCase("LoginNew"), [:], STOP_ON_FAILURE): Call Test Case 'Test Cases/LoginNew' successfully

2024-09-29 11:50:17 - [TEST_CASE][PASSED] - Test Cases/LoginNew: Test Cases/LoginNew

2024-09-29 11:50:17 - [TEST_STEP][PASSED] - driver = general.start(SwagerURL, NetCellURL): general.start is PASSED

2024-09-29 11:50:17 - [MESSAGE][INFO] - >>> chromeDriverPath=C:\Users\FatimaIbeid\.katalon\packages\Katalon_Studio_Windows_64-8.6.9\Katalon_Studio_Windows_64-8.6.9\configuration\resources\drivers\chromedriver_win32\chromedriver.exe

2024-09-29 11:50:18 - [MESSAGE][PASSED] - Current window maximized

2024-09-29 11:50:19 - [MESSAGE][PASSED] - Execute JavaScript 'window.open();' successfully

2024-09-29 11:50:19 - [MESSAGE][PASSED] - Switched to window with index: '1'

2024-09-29 11:50:30 - [MESSAGE][PASSED] - general.start is PASSED

2024-09-29 11:50:30 - [TEST_STEP][PASSED] - delay(1): Delayed 1 second(s)

2024-09-29 11:50:31 - [MESSAGE][PASSED] - Delayed 1 second(s)

2024-09-29 11:50:31 - [TEST_STEP][PASSED] - sendKeys(findTestObject("Object Repository/Login/EnterEmail2"), "homam@zztjg.onmicrosoft.com"): Keys 'homam@zztjg.onmicrosoft.com' sent to object: 'Object Repository/Login/EnterEmail2'

2024-09-29 11:50:31 - [MESSAGE][PASSED] - Keys 'homam@zztjg.onmicrosoft.com' sent to object: 'Object Repository/Login/EnterEmail2'

2024-09-29 11:50:31 - [TEST_STEP][PASSED] - delay(1): Delayed 1 second(s)

2024-09-29 11:50:32 - [MESSAGE][PASSED] - Delayed 1 second(s)

2024-09-29 11:50:32 - [TEST_STEP][PASSED] - sendKeys(findTestObject("Object Repository/Login/EnterPassword2"), "P@ssw0rd"): Keys 'P@ssw0rd' sent to object: 'Object Repository/Login/EnterPassword2'

2024-09-29 11:50:33 - [MESSAGE][PASSED] - Keys 'P@ssw0rd' sent to object: 'Object Repository/Login/EnterPassword2'

2024-09-29 11:50:33 - [TEST_STEP][PASSED] - delay(1): Delayed 1 second(s)

2024-09-29 11:50:34 - [MESSAGE][PASSED] - Delayed 1 second(s)

2024-09-29 11:50:34 - [TEST_STEP][PASSED] - click(findTestObject("Object Repository/Login/LoginButton2")): Object: 'Object Repository/Login/LoginButton2' is clicked on

2024-09-29 11:50:34 - [MESSAGE][PASSED] - Object: 'Object Repository/Login/LoginButton2' is clicked on

2024-09-29 11:50:34 - [TEST_STEP][PASSED] - delay(1): Delayed 1 second(s)

2024-09-29 11:50:35 - [MESSAGE][PASSED] - Delayed 1 second(s)

2024-09-29 11:50:35 - [TEST_STEP][PASSED] - waitForElementPresent(findTestObject("Object Repository/Login/welcome To NetCell"), 0): Object 'Object Repository/Login/welcome To NetCell' is present

2024-09-29 11:50:35 - [MESSAGE][WARNING] - Timeout '0' is invalid. Using default page load timeout: '120'

2024-09-29 11:50:35 - [MESSAGE][PASSED] - Object 'Object Repository/Login/welcome To NetCell' is present

2024-09-29 11:50:35 - [MESSAGE][PASSED] - Call Test Case 'Test Cases/LoginNew' successfully

2024-09-29 11:50:35 - [TEST_STEP][PASSED] - switchToWindowIndex(1): Switched to window with index: '1'

2024-09-29 11:50:35 - [MESSAGE][PASSED] - Switched to window with index: '1'

2024-09-29 11:50:35 - [TEST_STEP][PASSED] - PMHwaueiStats.Stats("4G", "Sector", false, "Hourly"): PMHwaueiStats.Stats is PASSED

2024-09-29 11:50:35 - [MESSAGE][PASSED] - Object: 'Object Repository/PM/PM-Button' is clicked on

2024-09-29 11:50:35 - [MESSAGE][PASSED] - Switched to window with index: '2'

2024-09-29 11:50:36 - [MESSAGE][PASSED] - Object: 'Object Repository/PM/Huawei-vendor/TopX/TopX Object Type' is clicked on

2024-09-29 11:50:37 - [MESSAGE][PASSED] - Delayed 1 second(s)

2024-09-29 11:50:37 - [MESSAGE][PASSED] - Object: 'Object Repository/PM/Huawei-vendor/Object-Type/TopX Object Types/TopX Sectors/TopX Sector' is clicked on

2024-09-29 11:50:38 - [MESSAGE][PASSED] - Delayed 1 second(s)

2024-09-29 11:50:38 - [MESSAGE][WARNING] - Timeout '0' is invalid. Using default page load timeout: '120'

2024-09-29 11:50:38 - [MESSAGE][PASSED] - Scroll to object 'Object Repository/PM/Huawei-vendor/Object Border' successfully

2024-09-29 11:50:38 - [MESSAGE][PASSED] - Object: 'Object Repository/PM/Huawei-vendor/Object-Type/TopX Object Types/TopX Regions/TopX Region East Amman' is clicked on

2024-09-29 11:50:38 - [MESSAGE][PASSED] - Object: 'Object Repository/PM/Huawei-vendor/Object-Type/TopX Object Types/TopX Sites/TopX West Amman Arrow' is clicked on

2024-09-29 11:50:42 - [MESSAGE][PASSED] - Object: 'Object Repository/PM/Huawei-vendor/Object-Type/TopX Object Types/TopX Sectors/TopX West Amman 1601A' is clicked on

2024-09-29 11:50:42 - [MESSAGE][PASSED] - Object: 'Object Repository/PM/Huawei-vendor/Object-Type/TopX Object Types/TopX Sites/TopX West Amman CloseArrow' is clicked on

2024-09-29 11:50:42 - [MESSAGE][PASSED] - Object: 'Object Repository/PM/Huawei-vendor/Object-Type/TopX Object Types/TopX Sites/TopX South Amman Arrow' is clicked on

2024-09-29 11:50:46 - [MESSAGE][PASSED] - Object: 'Object Repository/PM/Huawei-vendor/Object-Type/TopX Object Types/TopX Sectors/TopX South Amman 101B' is clicked on

2024-09-29 11:50:47 - [MESSAGE][PASSED] - Object: 'Object Repository/PM/Huawei-vendor/Object-Type/TopX Object Types/TopX Sites/TopX South Amman CloseArrow' is clicked on

2024-09-29 11:50:47 - [MESSAGE][PASSED] - Object: 'Object Repository/PM/Huawei-vendor/Object-Type/TopX Object Types/TopX Sites/TopX East Jordan Arrow' is clicked on

2024-09-29 11:50:49 - [MESSAGE][PASSED] - Object: 'Object Repository/PM/Huawei-vendor/Object-Type/TopX Object Types/TopX Sectors/TopX East Jordan 1001C' is clicked on

2024-09-29 11:50:50 - [MESSAGE][PASSED] - Object: 'Object Repository/PM/Huawei-vendor/Object-Type/TopX Object Types/TopX Sites/TopX East Jordan CloseArrow' is clicked on

2024-09-29 11:50:50 - [MESSAGE][PASSED] - Object: 'Object Repository/PM/Huawei-vendor/Object-Type/TopX Object Types/TopX Sites/TopX North Jordan Arrow' is clicked on

2024-09-29 11:50:57 - [MESSAGE][PASSED] - Object: 'Object Repository/PM/Huawei-vendor/Object-Type/TopX Object Types/TopX Sectors/TopX North Jordan 1401A' is clicked on

2024-09-29 11:50:57 - [MESSAGE][PASSED] - Object: 'Object Repository/PM/Huawei-vendor/Object-Type/TopX Object Types/TopX Sites/TopX North Jordan CloseArrow' is clicked on

2024-09-29 11:50:57 - [MESSAGE][PASSED] - Object: 'Object Repository/PM/Huawei-vendor/Object-Type/TopX Object Types/TopX Sites/TopX South Jordan Arrow' is clicked on

2024-09-29 11:50:59 - [MESSAGE][PASSED] - Object: 'Object Repository/PM/Huawei-vendor/Object-Type/TopX Object Types/TopX Sectors/TopX South Jordan1203B' is clicked on

2024-09-29 11:51:00 - [MESSAGE][PASSED] - Object: 'Object Repository/PM/Huawei-vendor/Object-Type/TopX Object Types/TopX Sites/TopX South Jordan CloseArrow' is clicked on

2024-09-29 11:51:00 - [MESSAGE][PASSED] - Object: 'Object Repository/PM/Huawei-vendor/Object-Type/TopX Object Types/TopX Sites/TopX Others Arrow' is clicked on

2024-09-29 11:51:01 - [MESSAGE][PASSED] - Object: 'Object Repository/PM/Huawei-vendor/Object-Type/TopX Object Types/TopX Sectors/TopX Others 6307C' is clicked on

2024-09-29 11:51:01 - [MESSAGE][PASSED] - Object: 'Object Repository/PM/Huawei-vendor/Object-Type/TopX Object Types/TopX Sites/TopX Others CloseArrow' is clicked on

2024-09-29 11:51:01 - [MESSAGE][WARNING] - Timeout '0' is invalid. Using default page load timeout: '120'

2024-09-29 11:51:01 - [MESSAGE][PASSED] - Scroll to object 'Object Repository/PM/Huawei-vendor/StarttimeLable' successfully

2024-09-29 11:51:01 - [MESSAGE][PASSED] - Object: 'Object Repository/PM/Huawei-vendor/StartDate/StartDate-Button' is clicked on

2024-09-29 11:51:01 - [MESSAGE][PASSED] - Object: 'Object Repository/PM/Huawei-vendor/StartDate/Monthly-Selection' is clicked on

2024-09-29 11:51:01 - [MESSAGE][PASSED] - Object: 'Object Repository/PM/Huawei-vendor/StartDate/Fep-Selection' is clicked on

2024-09-29 11:51:02 - [MESSAGE][PASSED] - Delayed 1 second(s)

2024-09-29 11:51:03 - [MESSAGE][PASSED] - Object: 'Object Repository/PM/Huawei-vendor/StartDate/1-Fep' is clicked on

2024-09-29 11:51:03 - [MESSAGE][PASSED] - Object: 'Object Repository/PM/Huawei-vendor/Apply-Button' is clicked on

2024-09-29 11:51:03 - [MESSAGE][PASSED] - Object: 'Object Repository/PM/Huawei-vendor/buttonOk' is clicked on

2024-09-29 11:51:03 - [MESSAGE][WARNING] - Timeout '0' is invalid. Using default page load timeout: '120'

2024-09-29 11:51:03 - [MESSAGE][PASSED] - Web element with id: 'Object Repository/PM/Huawei-vendor/Error' located by 'By.xpath: //div[@class='toast-summary title-medium-m']' is not present after '120' second(s)

2024-09-29 11:51:03 - [MESSAGE][WARNING] - Timeout '0' is invalid. Using default page load timeout: '120'

2024-09-29 11:51:33 - [MESSAGE][PASSED] - Object 'Object Repository/PM/Huawei-vendor/Export-Result' is present

2024-09-29 11:51:33 - [MESSAGE][PASSED] - Browser is closed

2024-09-29 11:51:33 - [MESSAGE][PASSED] - PMHwaueiStats.Stats is PASSED

2024-09-29 11:51:33 - [TEST_STEP][PASSED] - Start tear down : tearDownTestCase: Method 'tearDownTestCase' complete successfully

2024-09-29 11:51:33 - [TEST_STEP][PASSED] - closeBrowser(): Browser is closed

2024-09-29 11:51:33 - [MESSAGE][PASSED] - Browser is closed

2024-09-29 11:51:33 - [MESSAGE][PASSED] - Method 'tearDownTestCase' complete successfully]]></system-out>
         <system-err><![CDATA[]]></system-err>
      </testcase>
      <testcase name="Test Cases/PM/Hwauei/Stats/4G/Sector/Sector Aggregation" time="156.688" classname="Test Cases/PM/Hwauei/Stats/4G/Sector/Sector Aggregation" status="FAILED">
         <failure type="FAILED" message="Test Cases/PM/Hwauei/Stats/4G/Sector/Sector Aggregation FAILED.
Reason:
com.kms.katalon.core.exception.StepFailedException: Unable to click on object 'Object Repository/PM/Huawei-vendor/buttonOk'
	at com.kms.katalon.core.webui.keyword.internal.WebUIKeywordMain.stepFailed(WebUIKeywordMain.groovy:64)
	at com.kms.katalon.core.webui.keyword.internal.WebUIKeywordMain.runKeyword(WebUIKeywordMain.groovy:26)
	at com.kms.katalon.core.webui.keyword.builtin.ClickKeyword.click(ClickKeyword.groovy:74)
	at com.kms.katalon.core.webui.keyword.builtin.ClickKeyword.execute(ClickKeyword.groovy:40)
	at com.kms.katalon.core.keyword.internal.KeywordExecutor.executeKeywordForPlatform(KeywordExecutor.groovy:74)
	at com.kms.katalon.core.webui.keyword.WebUiBuiltInKeywords.click(WebUiBuiltInKeywords.groovy:620)
	at com.kms.katalon.core.webui.keyword.WebUiBuiltInKeywords$click$3.call(Unknown Source)
	at PMHwaueiStats.Stats(PMHwaueiStats.groovy:1335)
	at PMHwaueiStats.invokeMethod(PMHwaueiStats.groovy)
	at com.kms.katalon.core.main.CustomKeywordDelegatingMetaClass.invokeStaticMethod(CustomKeywordDelegatingMetaClass.java:55)
	at Sector Aggregation.run(Sector Aggregation:22)
	at com.kms.katalon.core.main.ScriptEngine.run(ScriptEngine.java:194)
	at com.kms.katalon.core.main.ScriptEngine.runScriptAsRawText(ScriptEngine.java:119)
	at com.kms.katalon.core.main.TestCaseExecutor.runScript(TestCaseExecutor.java:448)
	at com.kms.katalon.core.main.TestCaseExecutor.doExecute(TestCaseExecutor.java:439)
	at com.kms.katalon.core.main.TestCaseExecutor.processExecutionPhase(TestCaseExecutor.java:418)
	at com.kms.katalon.core.main.TestCaseExecutor.accessMainPhase(TestCaseExecutor.java:410)
	at com.kms.katalon.core.main.TestCaseExecutor.execute(TestCaseExecutor.java:285)
	at com.kms.katalon.core.common.CommonExecutor.accessTestCaseMainPhase(CommonExecutor.java:65)
	at com.kms.katalon.core.main.TestSuiteExecutor.accessTestSuiteMainPhase(TestSuiteExecutor.java:148)
	at com.kms.katalon.core.main.TestSuiteExecutor.execute(TestSuiteExecutor.java:106)
	at com.kms.katalon.core.main.TestCaseMain.startTestSuite(TestCaseMain.java:187)
	at com.kms.katalon.core.main.TestCaseMain$startTestSuite$0.call(Unknown Source)
	at TempTestSuite1727598771451.run(TempTestSuite1727598771451.groovy:35)
Caused by: com.kms.katalon.core.webui.exception.WebElementNotFoundException: Web element with id: 'Object Repository/PM/Huawei-vendor/buttonOk' located by '//button[contains(text(),'Ok')]' not found
	at com.kms.katalon.core.webui.common.WebUiCommonHelper.findWebElement(WebUiCommonHelper.java:1381)
	at com.kms.katalon.core.webui.keyword.internal.WebUIAbstractKeyword.findWebElement(WebUIAbstractKeyword.groovy:27)
	at com.kms.katalon.core.webui.keyword.builtin.ClickKeyword$_click_closure1.doCall(ClickKeyword.groovy:65)
	at com.kms.katalon.core.webui.keyword.builtin.ClickKeyword$_click_closure1.call(ClickKeyword.groovy)
	at com.kms.katalon.core.webui.keyword.internal.WebUIKeywordMain.runKeyword(WebUIKeywordMain.groovy:20)
	... 22 more
"/>
         <system-out><![CDATA[2024-09-29 11:51:33 - [TEST_CASE][FAILED] - Test Cases/PM/Hwauei/Stats/4G/Sector/Sector Aggregation: Test Cases/PM/Hwauei/Stats/4G/Sector/Sector Aggregation FAILED.
Reason:
com.kms.katalon.core.exception.StepFailedException: Unable to click on object 'Object Repository/PM/Huawei-vendor/buttonOk'
	at com.kms.katalon.core.webui.keyword.internal.WebUIKeywordMain.stepFailed(WebUIKeywordMain.groovy:64)
	at com.kms.katalon.core.webui.keyword.internal.WebUIKeywordMain.runKeyword(WebUIKeywordMain.groovy:26)
	at com.kms.katalon.core.webui.keyword.builtin.ClickKeyword.click(ClickKeyword.groovy:74)
	at com.kms.katalon.core.webui.keyword.builtin.ClickKeyword.execute(ClickKeyword.groovy:40)
	at com.kms.katalon.core.keyword.internal.KeywordExecutor.executeKeywordForPlatform(KeywordExecutor.groovy:74)
	at com.kms.katalon.core.webui.keyword.WebUiBuiltInKeywords.click(WebUiBuiltInKeywords.groovy:620)
	at com.kms.katalon.core.webui.keyword.WebUiBuiltInKeywords$click$3.call(Unknown Source)
	at PMHwaueiStats.Stats(PMHwaueiStats.groovy:1335)
	at PMHwaueiStats.invokeMethod(PMHwaueiStats.groovy)
	at com.kms.katalon.core.main.CustomKeywordDelegatingMetaClass.invokeStaticMethod(CustomKeywordDelegatingMetaClass.java:55)
	at Sector Aggregation.run(Sector Aggregation:22)
	at com.kms.katalon.core.main.ScriptEngine.run(ScriptEngine.java:194)
	at com.kms.katalon.core.main.ScriptEngine.runScriptAsRawText(ScriptEngine.java:119)
	at com.kms.katalon.core.main.TestCaseExecutor.runScript(TestCaseExecutor.java:448)
	at com.kms.katalon.core.main.TestCaseExecutor.doExecute(TestCaseExecutor.java:439)
	at com.kms.katalon.core.main.TestCaseExecutor.processExecutionPhase(TestCaseExecutor.java:418)
	at com.kms.katalon.core.main.TestCaseExecutor.accessMainPhase(TestCaseExecutor.java:410)
	at com.kms.katalon.core.main.TestCaseExecutor.execute(TestCaseExecutor.java:285)
	at com.kms.katalon.core.common.CommonExecutor.accessTestCaseMainPhase(CommonExecutor.java:65)
	at com.kms.katalon.core.main.TestSuiteExecutor.accessTestSuiteMainPhase(TestSuiteExecutor.java:148)
	at com.kms.katalon.core.main.TestSuiteExecutor.execute(TestSuiteExecutor.java:106)
	at com.kms.katalon.core.main.TestCaseMain.startTestSuite(TestCaseMain.java:187)
	at com.kms.katalon.core.main.TestCaseMain$startTestSuite$0.call(Unknown Source)
	at TempTestSuite1727598771451.run(TempTestSuite1727598771451.groovy:35)
Caused by: com.kms.katalon.core.webui.exception.WebElementNotFoundException: Web element with id: 'Object Repository/PM/Huawei-vendor/buttonOk' located by '//button[contains(text(),'Ok')]' not found
	at com.kms.katalon.core.webui.common.WebUiCommonHelper.findWebElement(WebUiCommonHelper.java:1381)
	at com.kms.katalon.core.webui.keyword.internal.WebUIAbstractKeyword.findWebElement(WebUIAbstractKeyword.groovy:27)
	at com.kms.katalon.core.webui.keyword.builtin.ClickKeyword$_click_closure1.doCall(ClickKeyword.groovy:65)
	at com.kms.katalon.core.webui.keyword.builtin.ClickKeyword$_click_closure1.call(ClickKeyword.groovy)
	at com.kms.katalon.core.webui.keyword.internal.WebUIKeywordMain.runKeyword(WebUIKeywordMain.groovy:20)
	... 22 more


2024-09-29 11:51:34 - [TEST_STEP][PASSED] - callTestCase(findTestCase("LoginNew"), [:], STOP_ON_FAILURE): Call Test Case 'Test Cases/LoginNew' successfully

2024-09-29 11:51:34 - [TEST_CASE][PASSED] - Test Cases/LoginNew: Test Cases/LoginNew

2024-09-29 11:51:34 - [TEST_STEP][PASSED] - driver = general.start(SwagerURL, NetCellURL): general.start is PASSED

2024-09-29 11:51:34 - [MESSAGE][INFO] - >>> chromeDriverPath=C:\Users\FatimaIbeid\.katalon\packages\Katalon_Studio_Windows_64-8.6.9\Katalon_Studio_Windows_64-8.6.9\configuration\resources\drivers\chromedriver_win32\chromedriver.exe

2024-09-29 11:51:35 - [MESSAGE][PASSED] - Current window maximized

2024-09-29 11:51:35 - [MESSAGE][PASSED] - Execute JavaScript 'window.open();' successfully

2024-09-29 11:51:36 - [MESSAGE][PASSED] - Switched to window with index: '1'

2024-09-29 11:51:46 - [MESSAGE][PASSED] - general.start is PASSED

2024-09-29 11:51:46 - [TEST_STEP][PASSED] - delay(1): Delayed 1 second(s)

2024-09-29 11:51:47 - [MESSAGE][PASSED] - Delayed 1 second(s)

2024-09-29 11:51:47 - [TEST_STEP][PASSED] - sendKeys(findTestObject("Object Repository/Login/EnterEmail2"), "homam@zztjg.onmicrosoft.com"): Keys 'homam@zztjg.onmicrosoft.com' sent to object: 'Object Repository/Login/EnterEmail2'

2024-09-29 11:51:47 - [MESSAGE][PASSED] - Keys 'homam@zztjg.onmicrosoft.com' sent to object: 'Object Repository/Login/EnterEmail2'

2024-09-29 11:51:47 - [TEST_STEP][PASSED] - delay(1): Delayed 1 second(s)

2024-09-29 11:51:48 - [MESSAGE][PASSED] - Delayed 1 second(s)

2024-09-29 11:51:48 - [TEST_STEP][PASSED] - sendKeys(findTestObject("Object Repository/Login/EnterPassword2"), "P@ssw0rd"): Keys 'P@ssw0rd' sent to object: 'Object Repository/Login/EnterPassword2'

2024-09-29 11:51:48 - [MESSAGE][PASSED] - Keys 'P@ssw0rd' sent to object: 'Object Repository/Login/EnterPassword2'

2024-09-29 11:51:48 - [TEST_STEP][PASSED] - delay(1): Delayed 1 second(s)

2024-09-29 11:51:49 - [MESSAGE][PASSED] - Delayed 1 second(s)

2024-09-29 11:51:49 - [TEST_STEP][PASSED] - click(findTestObject("Object Repository/Login/LoginButton2")): Object: 'Object Repository/Login/LoginButton2' is clicked on

2024-09-29 11:51:49 - [MESSAGE][PASSED] - Object: 'Object Repository/Login/LoginButton2' is clicked on

2024-09-29 11:51:49 - [TEST_STEP][PASSED] - delay(1): Delayed 1 second(s)

2024-09-29 11:51:51 - [MESSAGE][PASSED] - Delayed 1 second(s)

2024-09-29 11:51:51 - [TEST_STEP][PASSED] - waitForElementPresent(findTestObject("Object Repository/Login/welcome To NetCell"), 0): Object 'Object Repository/Login/welcome To NetCell' is present

2024-09-29 11:51:51 - [MESSAGE][WARNING] - Timeout '0' is invalid. Using default page load timeout: '120'

2024-09-29 11:51:51 - [MESSAGE][PASSED] - Object 'Object Repository/Login/welcome To NetCell' is present

2024-09-29 11:51:51 - [MESSAGE][PASSED] - Call Test Case 'Test Cases/LoginNew' successfully

2024-09-29 11:51:51 - [TEST_STEP][PASSED] - switchToWindowIndex(1): Switched to window with index: '1'

2024-09-29 11:51:51 - [MESSAGE][PASSED] - Switched to window with index: '1'

2024-09-29 11:51:51 - [TEST_STEP][FAILED] - PMHwaueiStats.Stats("4G", "Sector", true, "Hourly"): Unable to click on object 'Object Repository/PM/Huawei-vendor/buttonOk'

2024-09-29 11:51:51 - [MESSAGE][PASSED] - Object: 'Object Repository/PM/PM-Button' is clicked on

2024-09-29 11:51:51 - [MESSAGE][PASSED] - Switched to window with index: '2'

2024-09-29 11:52:03 - [MESSAGE][PASSED] - Object: 'Object Repository/PM/Huawei-vendor/TopX/TopX Object Type' is clicked on

2024-09-29 11:52:04 - [MESSAGE][PASSED] - Delayed 1 second(s)

2024-09-29 11:52:05 - [MESSAGE][PASSED] - Object: 'Object Repository/PM/Huawei-vendor/Object-Type/TopX Object Types/TopX Sectors/TopX Sector' is clicked on

2024-09-29 11:52:06 - [MESSAGE][PASSED] - Delayed 1 second(s)

2024-09-29 11:52:06 - [MESSAGE][WARNING] - Timeout '0' is invalid. Using default page load timeout: '120'

2024-09-29 11:52:06 - [MESSAGE][PASSED] - Scroll to object 'Object Repository/PM/Huawei-vendor/Object Border' successfully

2024-09-29 11:52:06 - [MESSAGE][PASSED] - Object: 'Object Repository/PM/Huawei-vendor/Object-Type/TopX Object Types/TopX PLMNs/TopX PLMN checkbox' is clicked on

2024-09-29 11:52:06 - [MESSAGE][PASSED] - Object: 'Object Repository/PM/Huawei-vendor/Aggregation-CheckBox' is clicked on

2024-09-29 11:52:06 - [MESSAGE][WARNING] - Timeout '0' is invalid. Using default page load timeout: '120'

2024-09-29 11:52:06 - [MESSAGE][PASSED] - Scroll to object 'Object Repository/PM/Huawei-vendor/StarttimeLable' successfully

2024-09-29 11:52:06 - [MESSAGE][PASSED] - Object: 'Object Repository/PM/Huawei-vendor/StartDate/StartDate-Button' is clicked on

2024-09-29 11:52:07 - [MESSAGE][PASSED] - Object: 'Object Repository/PM/Huawei-vendor/StartDate/Monthly-Selection' is clicked on

2024-09-29 11:52:07 - [MESSAGE][PASSED] - Object: 'Object Repository/PM/Huawei-vendor/StartDate/Fep-Selection' is clicked on

2024-09-29 11:52:08 - [MESSAGE][PASSED] - Delayed 1 second(s)

2024-09-29 11:52:08 - [MESSAGE][PASSED] - Object: 'Object Repository/PM/Huawei-vendor/StartDate/1-Fep' is clicked on

2024-09-29 11:52:08 - [MESSAGE][PASSED] - Object: 'Object Repository/PM/Huawei-vendor/Apply-Button' is clicked on

2024-09-29 11:54:09 - [MESSAGE][INFO] - Unable to find the element located by 'By.xpath: //button[contains(text(),'Ok')]'. Please recheck the objects properties to make sure the desired element is located. 

2024-09-29 11:54:09 - [MESSAGE][FAILED] - Unable to click on object 'Object Repository/PM/Huawei-vendor/buttonOk' (Root cause: com.kms.katalon.core.exception.StepFailedException: Unable to click on object 'Object Repository/PM/Huawei-vendor/buttonOk'
	at com.kms.katalon.core.webui.keyword.internal.WebUIKeywordMain.stepFailed(WebUIKeywordMain.groovy:64)
	at com.kms.katalon.core.webui.keyword.internal.WebUIKeywordMain.runKeyword(WebUIKeywordMain.groovy:26)
	at com.kms.katalon.core.webui.keyword.builtin.ClickKeyword.click(ClickKeyword.groovy:74)
	at com.kms.katalon.core.webui.keyword.builtin.ClickKeyword.execute(ClickKeyword.groovy:40)
	at com.kms.katalon.core.keyword.internal.KeywordExecutor.executeKeywordForPlatform(KeywordExecutor.groovy:74)
	at com.kms.katalon.core.webui.keyword.WebUiBuiltInKeywords.click(WebUiBuiltInKeywords.groovy:620)
	at com.kms.katalon.core.webui.keyword.WebUiBuiltInKeywords$click$3.call(Unknown Source)
	at PMHwaueiStats.Stats(PMHwaueiStats.groovy:1335)
	at PMHwaueiStats.invokeMethod(PMHwaueiStats.groovy)
	at com.kms.katalon.core.main.CustomKeywordDelegatingMetaClass.invokeStaticMethod(CustomKeywordDelegatingMetaClass.java:55)
	at Sector Aggregation.run(Sector Aggregation:22)
	at com.kms.katalon.core.main.ScriptEngine.run(ScriptEngine.java:194)
	at com.kms.katalon.core.main.ScriptEngine.runScriptAsRawText(ScriptEngine.java:119)
	at com.kms.katalon.core.main.TestCaseExecutor.runScript(TestCaseExecutor.java:448)
	at com.kms.katalon.core.main.TestCaseExecutor.doExecute(TestCaseExecutor.java:439)
	at com.kms.katalon.core.main.TestCaseExecutor.processExecutionPhase(TestCaseExecutor.java:418)
	at com.kms.katalon.core.main.TestCaseExecutor.accessMainPhase(TestCaseExecutor.java:410)
	at com.kms.katalon.core.main.TestCaseExecutor.execute(TestCaseExecutor.java:285)
	at com.kms.katalon.core.common.CommonExecutor.accessTestCaseMainPhase(CommonExecutor.java:65)
	at com.kms.katalon.core.main.TestSuiteExecutor.accessTestSuiteMainPhase(TestSuiteExecutor.java:148)
	at com.kms.katalon.core.main.TestSuiteExecutor.execute(TestSuiteExecutor.java:106)
	at com.kms.katalon.core.main.TestCaseMain.startTestSuite(TestCaseMain.java:187)
	at com.kms.katalon.core.main.TestCaseMain$startTestSuite$0.call(Unknown Source)
	at TempTestSuite1727598771451.run(TempTestSuite1727598771451.groovy:35)
Caused by: com.kms.katalon.core.webui.exception.WebElementNotFoundException: Web element with id: 'Object Repository/PM/Huawei-vendor/buttonOk' located by '//button[contains(text(),'Ok')]' not found
	at com.kms.katalon.core.webui.common.WebUiCommonHelper.findWebElement(WebUiCommonHelper.java:1381)
	at com.kms.katalon.core.webui.keyword.internal.WebUIAbstractKeyword.findWebElement(WebUIAbstractKeyword.groovy:27)
	at com.kms.katalon.core.webui.keyword.builtin.ClickKeyword$_click_closure1.doCall(ClickKeyword.groovy:65)
	at com.kms.katalon.core.webui.keyword.builtin.ClickKeyword$_click_closure1.call(ClickKeyword.groovy)
	at com.kms.katalon.core.webui.keyword.internal.WebUIKeywordMain.runKeyword(WebUIKeywordMain.groovy:20)
	at com.kms.katalon.core.webui.keyword.builtin.ClickKeyword.click(ClickKeyword.groovy:74)
	at com.kms.katalon.core.webui.keyword.builtin.ClickKeyword.execute(ClickKeyword.groovy:40)
	at com.kms.katalon.core.keyword.internal.KeywordExecutor.executeKeywordForPlatform(KeywordExecutor.groovy:74)
	at com.kms.katalon.core.webui.keyword.WebUiBuiltInKeywords.click(WebUiBuiltInKeywords.groovy:620)
	at com.kms.katalon.core.webui.keyword.WebUiBuiltInKeywords$click$3.call(Unknown Source)
	at PMHwaueiStats.Stats(PMHwaueiStats.groovy:1335)
	at PMHwaueiStats.invokeMethod(PMHwaueiStats.groovy)
	at com.kms.katalon.core.main.CustomKeywordDelegatingMetaClass.invokeStaticMethod(CustomKeywordDelegatingMetaClass.java:55)
	at Script1722260660499.run(Script1722260660499.groovy:22)
	... 13 more
)
[[ATTACHMENT|C:\\Users\\FatimaIbeid\\git\\NetCell\\Reports\\20240929_113251\\PM\\Hwauei\\Stats\\Regression Stats 4g\\20240929_113251\\1727600049600.png]]

2024-09-29 11:54:09 - [MESSAGE][FAILED] - Unable to click on object 'Object Repository/PM/Huawei-vendor/buttonOk'

2024-09-29 11:54:09 - [TEST_STEP][PASSED] - Start tear down : tearDownTestCase: Method 'tearDownTestCase' complete successfully

2024-09-29 11:54:09 - [TEST_STEP][PASSED] - closeBrowser(): Browser is closed

2024-09-29 11:54:10 - [MESSAGE][PASSED] - Browser is closed

2024-09-29 11:54:10 - [MESSAGE][PASSED] - Method 'tearDownTestCase' complete successfully]]></system-out>
         <system-err><![CDATA[2024-09-29 11:51:33 - [TEST_CASE][FAILED] - Test Cases/PM/Hwauei/Stats/4G/Sector/Sector Aggregation: Test Cases/PM/Hwauei/Stats/4G/Sector/Sector Aggregation FAILED.
Reason:
com.kms.katalon.core.exception.StepFailedException: Unable to click on object 'Object Repository/PM/Huawei-vendor/buttonOk'
	at com.kms.katalon.core.webui.keyword.internal.WebUIKeywordMain.stepFailed(WebUIKeywordMain.groovy:64)
	at com.kms.katalon.core.webui.keyword.internal.WebUIKeywordMain.runKeyword(WebUIKeywordMain.groovy:26)
	at com.kms.katalon.core.webui.keyword.builtin.ClickKeyword.click(ClickKeyword.groovy:74)
	at com.kms.katalon.core.webui.keyword.builtin.ClickKeyword.execute(ClickKeyword.groovy:40)
	at com.kms.katalon.core.keyword.internal.KeywordExecutor.executeKeywordForPlatform(KeywordExecutor.groovy:74)
	at com.kms.katalon.core.webui.keyword.WebUiBuiltInKeywords.click(WebUiBuiltInKeywords.groovy:620)
	at com.kms.katalon.core.webui.keyword.WebUiBuiltInKeywords$click$3.call(Unknown Source)
	at PMHwaueiStats.Stats(PMHwaueiStats.groovy:1335)
	at PMHwaueiStats.invokeMethod(PMHwaueiStats.groovy)
	at com.kms.katalon.core.main.CustomKeywordDelegatingMetaClass.invokeStaticMethod(CustomKeywordDelegatingMetaClass.java:55)
	at Sector Aggregation.run(Sector Aggregation:22)
	at com.kms.katalon.core.main.ScriptEngine.run(ScriptEngine.java:194)
	at com.kms.katalon.core.main.ScriptEngine.runScriptAsRawText(ScriptEngine.java:119)
	at com.kms.katalon.core.main.TestCaseExecutor.runScript(TestCaseExecutor.java:448)
	at com.kms.katalon.core.main.TestCaseExecutor.doExecute(TestCaseExecutor.java:439)
	at com.kms.katalon.core.main.TestCaseExecutor.processExecutionPhase(TestCaseExecutor.java:418)
	at com.kms.katalon.core.main.TestCaseExecutor.accessMainPhase(TestCaseExecutor.java:410)
	at com.kms.katalon.core.main.TestCaseExecutor.execute(TestCaseExecutor.java:285)
	at com.kms.katalon.core.common.CommonExecutor.accessTestCaseMainPhase(CommonExecutor.java:65)
	at com.kms.katalon.core.main.TestSuiteExecutor.accessTestSuiteMainPhase(TestSuiteExecutor.java:148)
	at com.kms.katalon.core.main.TestSuiteExecutor.execute(TestSuiteExecutor.java:106)
	at com.kms.katalon.core.main.TestCaseMain.startTestSuite(TestCaseMain.java:187)
	at com.kms.katalon.core.main.TestCaseMain$startTestSuite$0.call(Unknown Source)
	at TempTestSuite1727598771451.run(TempTestSuite1727598771451.groovy:35)
Caused by: com.kms.katalon.core.webui.exception.WebElementNotFoundException: Web element with id: 'Object Repository/PM/Huawei-vendor/buttonOk' located by '//button[contains(text(),'Ok')]' not found
	at com.kms.katalon.core.webui.common.WebUiCommonHelper.findWebElement(WebUiCommonHelper.java:1381)
	at com.kms.katalon.core.webui.keyword.internal.WebUIAbstractKeyword.findWebElement(WebUIAbstractKeyword.groovy:27)
	at com.kms.katalon.core.webui.keyword.builtin.ClickKeyword$_click_closure1.doCall(ClickKeyword.groovy:65)
	at com.kms.katalon.core.webui.keyword.builtin.ClickKeyword$_click_closure1.call(ClickKeyword.groovy)
	at com.kms.katalon.core.webui.keyword.internal.WebUIKeywordMain.runKeyword(WebUIKeywordMain.groovy:20)
	... 22 more]]></system-err>
      </testcase>
      <system-out><![CDATA[2024-09-29 11:33:07 - [TEST_SUITE][FAILED] - Regression Stats 4g: Test Cases/PM/Hwauei/Stats/4G/Site/Site FAILED.
Reason:
com.kms.katalon.core.exception.StepFailedException: Unable to click on object 'Object Repository/PM/Huawei-vendor/Object-Type/TopX Object Types/TopX Sites/TopX East Amman site1'
	at com.kms.katalon.core.webui.keyword.internal.WebUIKeywordMain.stepFailed(WebUIKeywordMain.groovy:64)
	at com.kms.katalon.core.webui.keyword.internal.WebUIKeywordMain.runKeyword(WebUIKeywordMain.groovy:26)
	at com.kms.katalon.core.webui.keyword.builtin.ClickKeyword.click(ClickKeyword.groovy:74)
	at com.kms.katalon.core.webui.keyword.builtin.ClickKeyword.execute(ClickKeyword.groovy:40)
	at com.kms.katalon.core.keyword.internal.KeywordExecutor.executeKeywordForPlatform(KeywordExecutor.groovy:74)
	at com.kms.katalon.core.webui.keyword.WebUiBuiltInKeywords.click(WebUiBuiltInKeywords.groovy:620)
	at com.kms.katalon.core.webui.keyword.WebUiBuiltInKeywords$click$3.call(Unknown Source)
	at PMHwaueiStats.Stats(PMHwaueiStats.groovy:125)
	at PMHwaueiStats.invokeMethod(PMHwaueiStats.groovy)
	at com.kms.katalon.core.main.CustomKeywordDelegatingMetaClass.invokeStaticMethod(CustomKeywordDelegatingMetaClass.java:55)
	at Site.run(Site:25)
	at com.kms.katalon.core.main.ScriptEngine.run(ScriptEngine.java:194)
	at com.kms.katalon.core.main.ScriptEngine.runScriptAsRawText(ScriptEngine.java:119)
	at com.kms.katalon.core.main.TestCaseExecutor.runScript(TestCaseExecutor.java:448)
	at com.kms.katalon.core.main.TestCaseExecutor.doExecute(TestCaseExecutor.java:439)
	at com.kms.katalon.core.main.TestCaseExecutor.processExecutionPhase(TestCaseExecutor.java:418)
	at com.kms.katalon.core.main.TestCaseExecutor.accessMainPhase(TestCaseExecutor.java:410)
	at com.kms.katalon.core.main.TestCaseExecutor.execute(TestCaseExecutor.java:285)
	at com.kms.katalon.core.common.CommonExecutor.accessTestCaseMainPhase(CommonExecutor.java:65)
	at com.kms.katalon.core.main.TestSuiteExecutor.accessTestSuiteMainPhase(TestSuiteExecutor.java:148)
	at com.kms.katalon.core.main.TestSuiteExecutor.execute(TestSuiteExecutor.java:106)
	at com.kms.katalon.core.main.TestCaseMain.startTestSuite(TestCaseMain.java:187)
	at com.kms.katalon.core.main.TestCaseMain$startTestSuite$0.call(Unknown Source)
	at TempTestSuite1727598771451.run(TempTestSuite1727598771451.groovy:35)
Caused by: org.openqa.selenium.NoSuchWindowException: no such window: target window already closed
from unknown error: web view not found
  (Session info: chrome=128.0.6613.138)
Build info: version: '3.141.59', revision: 'e82be7d358', time: '2018-11-14T08:25:53'
System info: host: 'LP-FATIMAIBEID', ip: '192.168.8.187', os.name: 'Windows 11', os.arch: 'amd64', os.version: '10.0', java.version: '1.8.0_362'
Driver info: org.openqa.selenium.chrome.ChromeDriver
Capabilities {acceptInsecureCerts: true, browserName: chrome, browserVersion: 128.0.6613.138, chrome: {chromedriverVersion: 127.0.6533.88 (a2d0cb026721..., userDataDir: C:\Users\FATIMA~1\AppData\L...}, fedcm:accounts: true, goog:chromeOptions: {debuggerAddress: localhost:50200}, javascriptEnabled: true, networkConnectionEnabled: false, pageLoadStrategy: normal, platform: WINDOWS, platformName: WINDOWS, proxy: Proxy(), setWindowRect: true, strictFileInteractability: false, timeouts: {implicit: 0, pageLoad: 300000, script: 30000}, unhandledPromptBehavior: dismiss and notify, webauthn:extension:credBlob: true, webauthn:extension:largeBlob: true, webauthn:extension:minPinLength: true, webauthn:extension:prf: true, webauthn:virtualAuthenticators: true}
Session ID: 3621bc2ae664d14cc01c5a21a3456d11
*** Element info: {Using=xpath, value=//span[contains(text(),'4812-Nayfeh_Hawouze_PE_O')]}
	at org.openqa.selenium.remote.http.W3CHttpResponseCodec.createException(W3CHttpResponseCodec.java:187)
	at org.openqa.selenium.remote.http.W3CHttpResponseCodec.decode(W3CHttpResponseCodec.java:122)
	at org.openqa.selenium.remote.http.W3CHttpResponseCodec.decode(W3CHttpResponseCodec.java:49)
	at org.openqa.selenium.remote.HttpCommandExecutor.execute(HttpCommandExecutor.java:158)
	at org.openqa.selenium.remote.service.DriverCommandExecutor.execute(DriverCommandExecutor.java:83)
	at org.openqa.selenium.remote.RemoteWebDriver.execute(RemoteWebDriver.java:552)
	at org.openqa.selenium.remote.RemoteWebDriver.findElements(RemoteWebDriver.java:353)
	at org.openqa.selenium.remote.RemoteWebDriver.findElementsByXPath(RemoteWebDriver.java:432)
	at org.openqa.selenium.By$ByXPath.findElements(By.java:348)
	at org.openqa.selenium.remote.RemoteWebDriver.findElements(RemoteWebDriver.java:311)
	at org.openqa.selenium.support.events.EventFiringWebDriver.lambda$new$1(EventFiringWebDriver.java:105)
	at com.sun.proxy.$Proxy11.findElements(Unknown Source)
	at org.openqa.selenium.support.events.EventFiringWebDriver.findElements(EventFiringWebDriver.java:182)
	at com.kms.katalon.core.webui.common.WebUiCommonHelper.findElementByNormalMethods(WebUiCommonHelper.java:1027)
	at com.kms.katalon.core.webui.common.WebUiCommonHelper.findElementsBySelectedMethod(WebUiCommonHelper.java:919)
	at com.kms.katalon.core.webui.common.WebUiCommonHelper.findElementsBySelectedMethod(WebUiCommonHelper.java:901)
	at com.kms.katalon.core.webui.common.WebUiCommonHelper.findElementsBySelectedMethod(WebUiCommonHelper.java:896)
	at com.kms.katalon.core.webui.common.WebUiCommonHelper.findElementsByDefault(WebUiCommonHelper.java:892)
	at com.kms.katalon.core.webui.common.WebUiCommonHelper.findWebElements(WebUiCommonHelper.java:720)
	at com.kms.katalon.core.webui.common.WebUiCommonHelper.findWebElement(WebUiCommonHelper.java:1376)
	at com.kms.katalon.core.webui.keyword.internal.WebUIAbstractKeyword.findWebElement(WebUIAbstractKeyword.groovy:27)
	at com.kms.katalon.core.webui.keyword.builtin.ClickKeyword$_click_closure1.doCall(ClickKeyword.groovy:65)
	at com.kms.katalon.core.webui.keyword.builtin.ClickKeyword$_click_closure1.call(ClickKeyword.groovy)
	at com.kms.katalon.core.webui.keyword.internal.WebUIKeywordMain.runKeyword(WebUIKeywordMain.groovy:20)
	... 22 more]]></system-out>
      <system-err><![CDATA[2024-09-29 11:33:07 - [TEST_SUITE][FAILED] - Regression Stats 4g: Test Cases/PM/Hwauei/Stats/4G/Site/Site FAILED.
Reason:
com.kms.katalon.core.exception.StepFailedException: Unable to click on object 'Object Repository/PM/Huawei-vendor/Object-Type/TopX Object Types/TopX Sites/TopX East Amman site1'
	at com.kms.katalon.core.webui.keyword.internal.WebUIKeywordMain.stepFailed(WebUIKeywordMain.groovy:64)
	at com.kms.katalon.core.webui.keyword.internal.WebUIKeywordMain.runKeyword(WebUIKeywordMain.groovy:26)
	at com.kms.katalon.core.webui.keyword.builtin.ClickKeyword.click(ClickKeyword.groovy:74)
	at com.kms.katalon.core.webui.keyword.builtin.ClickKeyword.execute(ClickKeyword.groovy:40)
	at com.kms.katalon.core.keyword.internal.KeywordExecutor.executeKeywordForPlatform(KeywordExecutor.groovy:74)
	at com.kms.katalon.core.webui.keyword.WebUiBuiltInKeywords.click(WebUiBuiltInKeywords.groovy:620)
	at com.kms.katalon.core.webui.keyword.WebUiBuiltInKeywords$click$3.call(Unknown Source)
	at PMHwaueiStats.Stats(PMHwaueiStats.groovy:125)
	at PMHwaueiStats.invokeMethod(PMHwaueiStats.groovy)
	at com.kms.katalon.core.main.CustomKeywordDelegatingMetaClass.invokeStaticMethod(CustomKeywordDelegatingMetaClass.java:55)
	at Site.run(Site:25)
	at com.kms.katalon.core.main.ScriptEngine.run(ScriptEngine.java:194)
	at com.kms.katalon.core.main.ScriptEngine.runScriptAsRawText(ScriptEngine.java:119)
	at com.kms.katalon.core.main.TestCaseExecutor.runScript(TestCaseExecutor.java:448)
	at com.kms.katalon.core.main.TestCaseExecutor.doExecute(TestCaseExecutor.java:439)
	at com.kms.katalon.core.main.TestCaseExecutor.processExecutionPhase(TestCaseExecutor.java:418)
	at com.kms.katalon.core.main.TestCaseExecutor.accessMainPhase(TestCaseExecutor.java:410)
	at com.kms.katalon.core.main.TestCaseExecutor.execute(TestCaseExecutor.java:285)
	at com.kms.katalon.core.common.CommonExecutor.accessTestCaseMainPhase(CommonExecutor.java:65)
	at com.kms.katalon.core.main.TestSuiteExecutor.accessTestSuiteMainPhase(TestSuiteExecutor.java:148)
	at com.kms.katalon.core.main.TestSuiteExecutor.execute(TestSuiteExecutor.java:106)
	at com.kms.katalon.core.main.TestCaseMain.startTestSuite(TestCaseMain.java:187)
	at com.kms.katalon.core.main.TestCaseMain$startTestSuite$0.call(Unknown Source)
	at TempTestSuite1727598771451.run(TempTestSuite1727598771451.groovy:35)
Caused by: org.openqa.selenium.NoSuchWindowException: no such window: target window already closed
from unknown error: web view not found
  (Session info: chrome=128.0.6613.138)
Build info: version: '3.141.59', revision: 'e82be7d358', time: '2018-11-14T08:25:53'
System info: host: 'LP-FATIMAIBEID', ip: '192.168.8.187', os.name: 'Windows 11', os.arch: 'amd64', os.version: '10.0', java.version: '1.8.0_362'
Driver info: org.openqa.selenium.chrome.ChromeDriver
Capabilities {acceptInsecureCerts: true, browserName: chrome, browserVersion: 128.0.6613.138, chrome: {chromedriverVersion: 127.0.6533.88 (a2d0cb026721..., userDataDir: C:\Users\FATIMA~1\AppData\L...}, fedcm:accounts: true, goog:chromeOptions: {debuggerAddress: localhost:50200}, javascriptEnabled: true, networkConnectionEnabled: false, pageLoadStrategy: normal, platform: WINDOWS, platformName: WINDOWS, proxy: Proxy(), setWindowRect: true, strictFileInteractability: false, timeouts: {implicit: 0, pageLoad: 300000, script: 30000}, unhandledPromptBehavior: dismiss and notify, webauthn:extension:credBlob: true, webauthn:extension:largeBlob: true, webauthn:extension:minPinLength: true, webauthn:extension:prf: true, webauthn:virtualAuthenticators: true}
Session ID: 3621bc2ae664d14cc01c5a21a3456d11
*** Element info: {Using=xpath, value=//span[contains(text(),'4812-Nayfeh_Hawouze_PE_O')]}
	at org.openqa.selenium.remote.http.W3CHttpResponseCodec.createException(W3CHttpResponseCodec.java:187)
	at org.openqa.selenium.remote.http.W3CHttpResponseCodec.decode(W3CHttpResponseCodec.java:122)
	at org.openqa.selenium.remote.http.W3CHttpResponseCodec.decode(W3CHttpResponseCodec.java:49)
	at org.openqa.selenium.remote.HttpCommandExecutor.execute(HttpCommandExecutor.java:158)
	at org.openqa.selenium.remote.service.DriverCommandExecutor.execute(DriverCommandExecutor.java:83)
	at org.openqa.selenium.remote.RemoteWebDriver.execute(RemoteWebDriver.java:552)
	at org.openqa.selenium.remote.RemoteWebDriver.findElements(RemoteWebDriver.java:353)
	at org.openqa.selenium.remote.RemoteWebDriver.findElementsByXPath(RemoteWebDriver.java:432)
	at org.openqa.selenium.By$ByXPath.findElements(By.java:348)
	at org.openqa.selenium.remote.RemoteWebDriver.findElements(RemoteWebDriver.java:311)
	at org.openqa.selenium.support.events.EventFiringWebDriver.lambda$new$1(EventFiringWebDriver.java:105)
	at com.sun.proxy.$Proxy11.findElements(Unknown Source)
	at org.openqa.selenium.support.events.EventFiringWebDriver.findElements(EventFiringWebDriver.java:182)
	at com.kms.katalon.core.webui.common.WebUiCommonHelper.findElementByNormalMethods(WebUiCommonHelper.java:1027)
	at com.kms.katalon.core.webui.common.WebUiCommonHelper.findElementsBySelectedMethod(WebUiCommonHelper.java:919)
	at com.kms.katalon.core.webui.common.WebUiCommonHelper.findElementsBySelectedMethod(WebUiCommonHelper.java:901)
	at com.kms.katalon.core.webui.common.WebUiCommonHelper.findElementsBySelectedMethod(WebUiCommonHelper.java:896)
	at com.kms.katalon.core.webui.common.WebUiCommonHelper.findElementsByDefault(WebUiCommonHelper.java:892)
	at com.kms.katalon.core.webui.common.WebUiCommonHelper.findWebElements(WebUiCommonHelper.java:720)
	at com.kms.katalon.core.webui.common.WebUiCommonHelper.findWebElement(WebUiCommonHelper.java:1376)
	at com.kms.katalon.core.webui.keyword.internal.WebUIAbstractKeyword.findWebElement(WebUIAbstractKeyword.groovy:27)
	at com.kms.katalon.core.webui.keyword.builtin.ClickKeyword$_click_closure1.doCall(ClickKeyword.groovy:65)
	at com.kms.katalon.core.webui.keyword.builtin.ClickKeyword$_click_closure1.call(ClickKeyword.groovy)
	at com.kms.katalon.core.webui.keyword.internal.WebUIKeywordMain.runKeyword(WebUIKeywordMain.groovy:20)
	... 22 more]]></system-err>
   </testsuite>
</testsuites>
