<?xml version="1.0" encoding="UTF-8"?>
<testsuites name="2G Regression" time="340.284" tests="7" failures="0" errors="0">
   <testsuite name="2G Regression" tests="7" failures="0" errors="0" time="340.284" skipped="0" timestamp="2024-08-22 11:23:35" hostname="FatimaIbeid - LP-FatimaIbeid" id="Test Suites/SON/Hwauei/2G/2G Regression">
      <properties>
         <property name="deviceName" value=""/>
         <property name="devicePlatform" value=""/>
         <property name="logFolder" value="C:\\Users\\FatimaIbeid\\git\\NetCell\\Reports\\20240822_112333\\SON\\Hwauei\\2G\\2G Regression\\20240822_112333"/>
         <property name="logFiles" value="C:\\Users\\FatimaIbeid\\git\\NetCell\\Reports\\20240822_112333\\SON\\Hwauei\\2G\\2G Regression\\20240822_112333\\execution0.log"/>
         <property name="attachments" value=""/>
         <property name="hostName" value="FatimaIbeid - LP-FatimaIbeid"/>
         <property name="os" value="Windows 11 64bit"/>
         <property name="katalonVersion" value="8.6.9.208"/>
         <property name="browser" value="Chrome 127.0.0.0"/>
         <property name="hostAddress" value="192.168.9.99"/>
         <property name="sessionId" value="f4136e690a7448c953208b8b42e46326"/>
         <property name="seleniumVersion" value="3.141.59"/>
         <property name="proxyInformation" value="ProxyInformation { proxyOption=NO_PROXY, proxyServerType=HTTP, username=, password=********, proxyServerAddress=, proxyServerPort=0, executionList=&quot;&quot;, isApplyToDesiredCapabilities=true }"/>
         <property name="platform" value="Windows 11"/>
      </properties>
      <testcase name="Test Cases/SON/Huawei/2G/PLMN/PLMN 2G Neighbors" time="48.155" classname="Test Cases/SON/Huawei/2G/PLMN/PLMN 2G Neighbors" status="PASSED">
         <system-out><![CDATA[2024-08-22 11:23:35 - [TEST_CASE][PASSED] - Test Cases/SON/Huawei/2G/PLMN/PLMN 2G Neighbors: Test Cases/SON/Huawei/2G/PLMN/PLMN 2G Neighbors

2024-08-22 11:23:35 - [TEST_STEP][PASSED] - callTestCase(findTestCase("Login"), [:], STOP_ON_FAILURE): Call Test Case 'Test Cases/Login' successfully

2024-08-22 11:23:36 - [TEST_CASE][PASSED] - Test Cases/Login: Test Cases/Login

2024-08-22 11:23:36 - [TEST_STEP][PASSED] - driver = general.start(SwagerURL, NetCellURL): general.start is PASSED

2024-08-22 11:23:36 - [MESSAGE][INFO] - >>> chromeDriverPath=C:\Users\FatimaIbeid\.katalon\packages\Katalon_Studio_Windows_64-8.6.9\Katalon_Studio_Windows_64-8.6.9\configuration\resources\drivers\chromedriver_win32\chromedriver.exe

2024-08-22 11:23:38 - [MESSAGE][PASSED] - Current window maximized

2024-08-22 11:23:39 - [MESSAGE][PASSED] - Execute JavaScript 'window.open();' successfully

2024-08-22 11:23:39 - [MESSAGE][PASSED] - Switched to window with index: '1'

2024-08-22 11:23:52 - [MESSAGE][PASSED] - general.start is PASSED

2024-08-22 11:23:52 - [TEST_STEP][PASSED] - click(findTestObject("Object Repository/Login/LoginButton")): Object: 'Object Repository/Login/LoginButton' is clicked on

2024-08-22 11:23:52 - [MESSAGE][PASSED] - Object: 'Object Repository/Login/LoginButton' is clicked on

2024-08-22 11:23:52 - [TEST_STEP][PASSED] - switchToWindowIndex(2): Switched to window with index: '2'

2024-08-22 11:23:52 - [MESSAGE][PASSED] - Switched to window with index: '2'

2024-08-22 11:23:52 - [TEST_STEP][PASSED] - delay(1): Delayed 1 second(s)

2024-08-22 11:23:53 - [MESSAGE][PASSED] - Delayed 1 second(s)

2024-08-22 11:23:53 - [TEST_STEP][PASSED] - sendKeys(findTestObject("Object Repository/Login/EnterEmail"), "homam@zztjg.onmicrosoft.com"): Keys 'homam@zztjg.onmicrosoft.com' sent to object: 'Object Repository/Login/EnterEmail'

2024-08-22 11:23:54 - [MESSAGE][PASSED] - Keys 'homam@zztjg.onmicrosoft.com' sent to object: 'Object Repository/Login/EnterEmail'

2024-08-22 11:23:54 - [TEST_STEP][PASSED] - delay(1): Delayed 1 second(s)

2024-08-22 11:23:55 - [MESSAGE][PASSED] - Delayed 1 second(s)

2024-08-22 11:23:55 - [TEST_STEP][PASSED] - click(findTestObject("Object Repository/Login/NextButton")): Object: 'Object Repository/Login/NextButton' is clicked on

2024-08-22 11:23:56 - [MESSAGE][PASSED] - Object: 'Object Repository/Login/NextButton' is clicked on

2024-08-22 11:23:56 - [TEST_STEP][PASSED] - delay(2): Delayed 2 second(s)

2024-08-22 11:23:58 - [MESSAGE][PASSED] - Delayed 2 second(s)

2024-08-22 11:23:58 - [TEST_STEP][PASSED] - sendKeys(findTestObject("Object Repository/Login/EnterPassword"), "Holder12345"): Keys 'Holder12345' sent to object: 'Object Repository/Login/EnterPassword'

2024-08-22 11:23:58 - [MESSAGE][PASSED] - Keys 'Holder12345' sent to object: 'Object Repository/Login/EnterPassword'

2024-08-22 11:23:58 - [TEST_STEP][PASSED] - delay(1): Delayed 1 second(s)

2024-08-22 11:23:59 - [MESSAGE][PASSED] - Delayed 1 second(s)

2024-08-22 11:23:59 - [TEST_STEP][PASSED] - click(findTestObject("Object Repository/Login/SigninButton")): Object: 'Object Repository/Login/SigninButton' is clicked on

2024-08-22 11:24:00 - [MESSAGE][PASSED] - Object: 'Object Repository/Login/SigninButton' is clicked on

2024-08-22 11:24:00 - [TEST_STEP][PASSED] - delay(1): Delayed 1 second(s)

2024-08-22 11:24:01 - [MESSAGE][PASSED] - Delayed 1 second(s)

2024-08-22 11:24:01 - [TEST_STEP][PASSED] - click(findTestObject("Object Repository/Login/YesStayInButton")): Object: 'Object Repository/Login/YesStayInButton' is clicked on

2024-08-22 11:24:01 - [MESSAGE][PASSED] - Object: 'Object Repository/Login/YesStayInButton' is clicked on

2024-08-22 11:24:01 - [MESSAGE][PASSED] - Call Test Case 'Test Cases/Login' successfully

2024-08-22 11:24:01 - [TEST_STEP][PASSED] - switchToWindowIndex(1): Switched to window with index: '1'

2024-08-22 11:24:01 - [MESSAGE][PASSED] - Switched to window with index: '1'

2024-08-22 11:24:01 - [TEST_STEP][PASSED] - SON.son("huawei", "2G", "PLMN", "2G Neighbors"): SON.son is PASSED

2024-08-22 11:24:02 - [MESSAGE][PASSED] - Object: 'Object Repository/SON/sonBtn' is clicked on

2024-08-22 11:24:02 - [MESSAGE][PASSED] - Switched to window with index: '2'

2024-08-22 11:24:03 - [MESSAGE][PASSED] - Object: 'Object Repository/PM/Huawei-vendor/Technology/Technology-Arrow' is clicked on

2024-08-22 11:24:03 - [MESSAGE][PASSED] - Object: 'Object Repository/PM/Huawei-vendor/Technology/2G' is clicked on

2024-08-22 11:24:04 - [MESSAGE][PASSED] - Object: 'Object Repository/PM/Huawei-vendor/TopX/TopX Object Type' is clicked on

2024-08-22 11:24:05 - [MESSAGE][PASSED] - Delayed 1 second(s)

2024-08-22 11:24:05 - [MESSAGE][PASSED] - Object: 'Object Repository/PM/Huawei-vendor/Object-Type/TopX Object Types/TopX PLMNs/TopX PLMN' is clicked on

2024-08-22 11:24:06 - [MESSAGE][PASSED] - Delayed 1 second(s)

2024-08-22 11:24:06 - [MESSAGE][PASSED] - Object: 'Object Repository/PM/Huawei-vendor/Object-Type/TopX Object Types/TopX PLMNs/TopX PLMN checkbox' is clicked on

2024-08-22 11:24:08 - [MESSAGE][PASSED] - Delayed 2 second(s)

2024-08-22 11:24:08 - [MESSAGE][PASSED] - Object: 'Object Repository/SON/SonType/Type-Arrow' is clicked on

2024-08-22 11:24:09 - [MESSAGE][PASSED] - Object: 'Object Repository/PM/Huawei-vendor/Apply-Button' is clicked on

2024-08-22 11:24:09 - [MESSAGE][WARNING] - Timeout '0' is invalid. Using default page load timeout: '120'

2024-08-22 11:24:23 - [MESSAGE][PASSED] - Object 'Object Repository/SON/table' is present

2024-08-22 11:24:23 - [MESSAGE][PASSED] - SON.son is PASSED]]></system-out>
         <system-err><![CDATA[]]></system-err>
      </testcase>
      <testcase name="Test Cases/SON/Huawei/2G/Region/Region 2G Neighbors" time="47.259" classname="Test Cases/SON/Huawei/2G/Region/Region 2G Neighbors" status="PASSED">
         <system-out><![CDATA[2024-08-22 11:24:23 - [TEST_CASE][PASSED] - Test Cases/SON/Huawei/2G/Region/Region 2G Neighbors: Test Cases/SON/Huawei/2G/Region/Region 2G Neighbors

2024-08-22 11:24:23 - [TEST_STEP][PASSED] - callTestCase(findTestCase("Login"), [:], STOP_ON_FAILURE): Call Test Case 'Test Cases/Login' successfully

2024-08-22 11:24:24 - [TEST_CASE][PASSED] - Test Cases/Login: Test Cases/Login

2024-08-22 11:24:24 - [TEST_STEP][PASSED] - driver = general.start(SwagerURL, NetCellURL): general.start is PASSED

2024-08-22 11:24:24 - [MESSAGE][INFO] - >>> chromeDriverPath=C:\Users\FatimaIbeid\.katalon\packages\Katalon_Studio_Windows_64-8.6.9\Katalon_Studio_Windows_64-8.6.9\configuration\resources\drivers\chromedriver_win32\chromedriver.exe

2024-08-22 11:24:25 - [MESSAGE][PASSED] - Current window maximized

2024-08-22 11:24:25 - [MESSAGE][PASSED] - Execute JavaScript 'window.open();' successfully

2024-08-22 11:24:25 - [MESSAGE][PASSED] - Switched to window with index: '1'

2024-08-22 11:24:38 - [MESSAGE][PASSED] - general.start is PASSED

2024-08-22 11:24:38 - [TEST_STEP][PASSED] - click(findTestObject("Object Repository/Login/LoginButton")): Object: 'Object Repository/Login/LoginButton' is clicked on

2024-08-22 11:24:39 - [MESSAGE][PASSED] - Object: 'Object Repository/Login/LoginButton' is clicked on

2024-08-22 11:24:39 - [TEST_STEP][PASSED] - switchToWindowIndex(2): Switched to window with index: '2'

2024-08-22 11:24:39 - [MESSAGE][PASSED] - Switched to window with index: '2'

2024-08-22 11:24:39 - [TEST_STEP][PASSED] - delay(1): Delayed 1 second(s)

2024-08-22 11:24:40 - [MESSAGE][PASSED] - Delayed 1 second(s)

2024-08-22 11:24:40 - [TEST_STEP][PASSED] - sendKeys(findTestObject("Object Repository/Login/EnterEmail"), "homam@zztjg.onmicrosoft.com"): Keys 'homam@zztjg.onmicrosoft.com' sent to object: 'Object Repository/Login/EnterEmail'

2024-08-22 11:24:41 - [MESSAGE][PASSED] - Keys 'homam@zztjg.onmicrosoft.com' sent to object: 'Object Repository/Login/EnterEmail'

2024-08-22 11:24:41 - [TEST_STEP][PASSED] - delay(1): Delayed 1 second(s)

2024-08-22 11:24:42 - [MESSAGE][PASSED] - Delayed 1 second(s)

2024-08-22 11:24:42 - [TEST_STEP][PASSED] - click(findTestObject("Object Repository/Login/NextButton")): Object: 'Object Repository/Login/NextButton' is clicked on

2024-08-22 11:24:42 - [MESSAGE][PASSED] - Object: 'Object Repository/Login/NextButton' is clicked on

2024-08-22 11:24:42 - [TEST_STEP][PASSED] - delay(2): Delayed 2 second(s)

2024-08-22 11:24:44 - [MESSAGE][PASSED] - Delayed 2 second(s)

2024-08-22 11:24:44 - [TEST_STEP][PASSED] - sendKeys(findTestObject("Object Repository/Login/EnterPassword"), "Holder12345"): Keys 'Holder12345' sent to object: 'Object Repository/Login/EnterPassword'

2024-08-22 11:24:44 - [MESSAGE][PASSED] - Keys 'Holder12345' sent to object: 'Object Repository/Login/EnterPassword'

2024-08-22 11:24:44 - [TEST_STEP][PASSED] - delay(1): Delayed 1 second(s)

2024-08-22 11:24:45 - [MESSAGE][PASSED] - Delayed 1 second(s)

2024-08-22 11:24:45 - [TEST_STEP][PASSED] - click(findTestObject("Object Repository/Login/SigninButton")): Object: 'Object Repository/Login/SigninButton' is clicked on

2024-08-22 11:24:46 - [MESSAGE][PASSED] - Object: 'Object Repository/Login/SigninButton' is clicked on

2024-08-22 11:24:46 - [TEST_STEP][PASSED] - delay(1): Delayed 1 second(s)

2024-08-22 11:24:47 - [MESSAGE][PASSED] - Delayed 1 second(s)

2024-08-22 11:24:47 - [TEST_STEP][PASSED] - click(findTestObject("Object Repository/Login/YesStayInButton")): Object: 'Object Repository/Login/YesStayInButton' is clicked on

2024-08-22 11:24:47 - [MESSAGE][PASSED] - Object: 'Object Repository/Login/YesStayInButton' is clicked on

2024-08-22 11:24:47 - [MESSAGE][PASSED] - Call Test Case 'Test Cases/Login' successfully

2024-08-22 11:24:47 - [TEST_STEP][PASSED] - switchToWindowIndex(1): Switched to window with index: '1'

2024-08-22 11:24:47 - [MESSAGE][PASSED] - Switched to window with index: '1'

2024-08-22 11:24:47 - [TEST_STEP][PASSED] - SON.son("huawei", "2G", "Region", "2G Neighbors"): SON.son is PASSED

2024-08-22 11:24:49 - [MESSAGE][PASSED] - Object: 'Object Repository/SON/sonBtn' is clicked on

2024-08-22 11:24:49 - [MESSAGE][PASSED] - Switched to window with index: '2'

2024-08-22 11:24:50 - [MESSAGE][PASSED] - Object: 'Object Repository/PM/Huawei-vendor/Technology/Technology-Arrow' is clicked on

2024-08-22 11:24:50 - [MESSAGE][PASSED] - Object: 'Object Repository/PM/Huawei-vendor/Technology/2G' is clicked on

2024-08-22 11:24:50 - [MESSAGE][PASSED] - Object: 'Object Repository/PM/Huawei-vendor/TopX/TopX Object Type' is clicked on

2024-08-22 11:24:51 - [MESSAGE][PASSED] - Delayed 1 second(s)

2024-08-22 11:24:51 - [MESSAGE][PASSED] - Object: 'Object Repository/PM/Huawei-vendor/Object-Type/TopX Object Types/TopX Regions/TopX Region' is clicked on

2024-08-22 11:24:52 - [MESSAGE][PASSED] - Delayed 1 second(s)

2024-08-22 11:24:52 - [MESSAGE][WARNING] - Timeout '0' is invalid. Using default page load timeout: '120'

2024-08-22 11:24:52 - [MESSAGE][PASSED] - Scroll to object 'Object Repository/PM/Huawei-vendor/Object Border' successfully

2024-08-22 11:24:53 - [MESSAGE][PASSED] - Object: 'Object Repository/PM/Huawei-vendor/Object-Type/TopX Object Types/TopX Regions/TopX Region East Amman' is clicked on

2024-08-22 11:24:53 - [MESSAGE][PASSED] - Object: 'Object Repository/PM/Huawei-vendor/Object-Type/TopX Object Types/TopX Regions/TopX Region West Amman' is clicked on

2024-08-22 11:24:53 - [MESSAGE][PASSED] - Object: 'Object Repository/PM/Huawei-vendor/Object-Type/TopX Object Types/TopX Regions/TopX Region South Amman' is clicked on

2024-08-22 11:24:53 - [MESSAGE][PASSED] - Object: 'Object Repository/PM/Huawei-vendor/Object-Type/TopX Object Types/TopX Regions/TopX Region South Jordan' is clicked on

2024-08-22 11:24:53 - [MESSAGE][PASSED] - Object: 'Object Repository/PM/Huawei-vendor/Object-Type/TopX Object Types/TopX Regions/TopX Region North Jordan' is clicked on

2024-08-22 11:24:53 - [MESSAGE][PASSED] - Object: 'Object Repository/PM/Huawei-vendor/Object-Type/TopX Object Types/TopX Regions/TopX Region East Jordan' is clicked on

2024-08-22 11:24:54 - [MESSAGE][PASSED] - Object: 'Object Repository/PM/Huawei-vendor/Object-Type/TopX Object Types/TopX Regions/TopX Region Others' is clicked on

2024-08-22 11:24:56 - [MESSAGE][PASSED] - Delayed 2 second(s)

2024-08-22 11:24:56 - [MESSAGE][PASSED] - Object: 'Object Repository/SON/SonType/Type-Arrow' is clicked on

2024-08-22 11:24:56 - [MESSAGE][PASSED] - Object: 'Object Repository/PM/Huawei-vendor/Apply-Button' is clicked on

2024-08-22 11:24:56 - [MESSAGE][WARNING] - Timeout '0' is invalid. Using default page load timeout: '120'

2024-08-22 11:25:11 - [MESSAGE][PASSED] - Object 'Object Repository/SON/table' is present

2024-08-22 11:25:11 - [MESSAGE][PASSED] - SON.son is PASSED]]></system-out>
         <system-err><![CDATA[]]></system-err>
      </testcase>
      <testcase name="Test Cases/SON/Huawei/2G/Site/Site 2G Neighbors" time="47.447" classname="Test Cases/SON/Huawei/2G/Site/Site 2G Neighbors" status="PASSED">
         <system-out><![CDATA[2024-08-22 11:25:11 - [TEST_CASE][PASSED] - Test Cases/SON/Huawei/2G/Site/Site 2G Neighbors: Test Cases/SON/Huawei/2G/Site/Site 2G Neighbors

2024-08-22 11:25:11 - [TEST_STEP][PASSED] - callTestCase(findTestCase("Login"), [:], STOP_ON_FAILURE): Call Test Case 'Test Cases/Login' successfully

2024-08-22 11:25:11 - [TEST_CASE][PASSED] - Test Cases/Login: Test Cases/Login

2024-08-22 11:25:11 - [TEST_STEP][PASSED] - driver = general.start(SwagerURL, NetCellURL): general.start is PASSED

2024-08-22 11:25:11 - [MESSAGE][INFO] - >>> chromeDriverPath=C:\Users\FatimaIbeid\.katalon\packages\Katalon_Studio_Windows_64-8.6.9\Katalon_Studio_Windows_64-8.6.9\configuration\resources\drivers\chromedriver_win32\chromedriver.exe

2024-08-22 11:25:12 - [MESSAGE][PASSED] - Current window maximized

2024-08-22 11:25:13 - [MESSAGE][PASSED] - Execute JavaScript 'window.open();' successfully

2024-08-22 11:25:13 - [MESSAGE][PASSED] - Switched to window with index: '1'

2024-08-22 11:25:26 - [MESSAGE][PASSED] - general.start is PASSED

2024-08-22 11:25:26 - [TEST_STEP][PASSED] - click(findTestObject("Object Repository/Login/LoginButton")): Object: 'Object Repository/Login/LoginButton' is clicked on

2024-08-22 11:25:26 - [MESSAGE][PASSED] - Object: 'Object Repository/Login/LoginButton' is clicked on

2024-08-22 11:25:26 - [TEST_STEP][PASSED] - switchToWindowIndex(2): Switched to window with index: '2'

2024-08-22 11:25:26 - [MESSAGE][PASSED] - Switched to window with index: '2'

2024-08-22 11:25:26 - [TEST_STEP][PASSED] - delay(1): Delayed 1 second(s)

2024-08-22 11:25:27 - [MESSAGE][PASSED] - Delayed 1 second(s)

2024-08-22 11:25:27 - [TEST_STEP][PASSED] - sendKeys(findTestObject("Object Repository/Login/EnterEmail"), "homam@zztjg.onmicrosoft.com"): Keys 'homam@zztjg.onmicrosoft.com' sent to object: 'Object Repository/Login/EnterEmail'

2024-08-22 11:25:28 - [MESSAGE][PASSED] - Keys 'homam@zztjg.onmicrosoft.com' sent to object: 'Object Repository/Login/EnterEmail'

2024-08-22 11:25:28 - [TEST_STEP][PASSED] - delay(1): Delayed 1 second(s)

2024-08-22 11:25:29 - [MESSAGE][PASSED] - Delayed 1 second(s)

2024-08-22 11:25:29 - [TEST_STEP][PASSED] - click(findTestObject("Object Repository/Login/NextButton")): Object: 'Object Repository/Login/NextButton' is clicked on

2024-08-22 11:25:29 - [MESSAGE][PASSED] - Object: 'Object Repository/Login/NextButton' is clicked on

2024-08-22 11:25:29 - [TEST_STEP][PASSED] - delay(2): Delayed 2 second(s)

2024-08-22 11:25:31 - [MESSAGE][PASSED] - Delayed 2 second(s)

2024-08-22 11:25:31 - [TEST_STEP][PASSED] - sendKeys(findTestObject("Object Repository/Login/EnterPassword"), "Holder12345"): Keys 'Holder12345' sent to object: 'Object Repository/Login/EnterPassword'

2024-08-22 11:25:31 - [MESSAGE][PASSED] - Keys 'Holder12345' sent to object: 'Object Repository/Login/EnterPassword'

2024-08-22 11:25:31 - [TEST_STEP][PASSED] - delay(1): Delayed 1 second(s)

2024-08-22 11:25:32 - [MESSAGE][PASSED] - Delayed 1 second(s)

2024-08-22 11:25:32 - [TEST_STEP][PASSED] - click(findTestObject("Object Repository/Login/SigninButton")): Object: 'Object Repository/Login/SigninButton' is clicked on

2024-08-22 11:25:33 - [MESSAGE][PASSED] - Object: 'Object Repository/Login/SigninButton' is clicked on

2024-08-22 11:25:33 - [TEST_STEP][PASSED] - delay(1): Delayed 1 second(s)

2024-08-22 11:25:34 - [MESSAGE][PASSED] - Delayed 1 second(s)

2024-08-22 11:25:34 - [TEST_STEP][PASSED] - click(findTestObject("Object Repository/Login/YesStayInButton")): Object: 'Object Repository/Login/YesStayInButton' is clicked on

2024-08-22 11:25:35 - [MESSAGE][PASSED] - Object: 'Object Repository/Login/YesStayInButton' is clicked on

2024-08-22 11:25:35 - [MESSAGE][PASSED] - Call Test Case 'Test Cases/Login' successfully

2024-08-22 11:25:35 - [TEST_STEP][PASSED] - switchToWindowIndex(1): Switched to window with index: '1'

2024-08-22 11:25:35 - [MESSAGE][PASSED] - Switched to window with index: '1'

2024-08-22 11:25:35 - [TEST_STEP][PASSED] - SON.son("huawei", "2G", "Site", "2G Neighbors"): SON.son is PASSED

2024-08-22 11:25:37 - [MESSAGE][PASSED] - Object: 'Object Repository/SON/sonBtn' is clicked on

2024-08-22 11:25:37 - [MESSAGE][PASSED] - Switched to window with index: '2'

2024-08-22 11:25:38 - [MESSAGE][PASSED] - Object: 'Object Repository/PM/Huawei-vendor/Technology/Technology-Arrow' is clicked on

2024-08-22 11:25:38 - [MESSAGE][PASSED] - Object: 'Object Repository/PM/Huawei-vendor/Technology/2G' is clicked on

2024-08-22 11:25:38 - [MESSAGE][PASSED] - Object: 'Object Repository/PM/Huawei-vendor/TopX/TopX Object Type' is clicked on

2024-08-22 11:25:39 - [MESSAGE][PASSED] - Delayed 1 second(s)

2024-08-22 11:25:39 - [MESSAGE][PASSED] - Object: 'Object Repository/PM/Huawei-vendor/Object-Type/TopX Object Types/TopX Sites/TopX Site' is clicked on

2024-08-22 11:25:40 - [MESSAGE][PASSED] - Delayed 1 second(s)

2024-08-22 11:25:40 - [MESSAGE][WARNING] - Timeout '0' is invalid. Using default page load timeout: '120'

2024-08-22 11:25:41 - [MESSAGE][PASSED] - Scroll to object 'Object Repository/PM/Huawei-vendor/Object Border' successfully

2024-08-22 11:25:41 - [MESSAGE][PASSED] - Object: 'Object Repository/PM/Huawei-vendor/Object-Type/TopX Object Types/TopX Sites/TopX East Amman Arrow' is clicked on

2024-08-22 11:25:42 - [MESSAGE][PASSED] - Object: 'Object Repository/SON/ObjectType/East Amman site1' is clicked on

2024-08-22 11:25:42 - [MESSAGE][PASSED] - Object: 'Object Repository/PM/Huawei-vendor/Object-Type/TopX Object Types/TopX Sites/TopX East Amman CloseArrow' is clicked on

2024-08-22 11:25:43 - [MESSAGE][PASSED] - Object: 'Object Repository/PM/Huawei-vendor/Object-Type/TopX Object Types/TopX Sites/TopX West Amman Arrow' is clicked on

2024-08-22 11:25:44 - [MESSAGE][PASSED] - Object: 'Object Repository/PM/Huawei-vendor/Object-Type/TopX Object Types/TopX Sites/TopX West Amman site1' is clicked on

2024-08-22 11:25:45 - [MESSAGE][PASSED] - Object: 'Object Repository/PM/Huawei-vendor/Object-Type/TopX Object Types/TopX Sites/TopX West Amman CloseArrow' is clicked on

2024-08-22 11:25:45 - [MESSAGE][PASSED] - Object: 'Object Repository/PM/Huawei-vendor/Object-Type/TopX Object Types/TopX Sites/TopX South Amman Arrow' is clicked on

2024-08-22 11:25:48 - [MESSAGE][PASSED] - Object: 'Object Repository/SON/ObjectType/South Amman site1' is clicked on

2024-08-22 11:25:48 - [MESSAGE][PASSED] - Object: 'Object Repository/PM/Huawei-vendor/Object-Type/TopX Object Types/TopX Sites/TopX South Amman CloseArrow' is clicked on

2024-08-22 11:25:48 - [MESSAGE][PASSED] - Object: 'Object Repository/PM/Huawei-vendor/Object-Type/TopX Object Types/TopX Sites/TopX East Jordan Arrow' is clicked on

2024-08-22 11:25:49 - [MESSAGE][PASSED] - Object: 'Object Repository/SON/ObjectType/East Jordan site1' is clicked on

2024-08-22 11:25:50 - [MESSAGE][PASSED] - Object: 'Object Repository/PM/Huawei-vendor/Object-Type/TopX Object Types/TopX Sites/TopX East Jordan CloseArrow' is clicked on

2024-08-22 11:25:50 - [MESSAGE][PASSED] - Object: 'Object Repository/PM/Huawei-vendor/Object-Type/TopX Object Types/TopX Sites/TopX North Jordan Arrow' is clicked on

2024-08-22 11:25:52 - [MESSAGE][PASSED] - Object: 'Object Repository/SON/ObjectType/North Jordan site1' is clicked on

2024-08-22 11:25:53 - [MESSAGE][PASSED] - Object: 'Object Repository/PM/Huawei-vendor/Object-Type/TopX Object Types/TopX Sites/TopX North Jordan CloseArrow' is clicked on

2024-08-22 11:25:53 - [MESSAGE][PASSED] - Object: 'Object Repository/PM/Huawei-vendor/Object-Type/TopX Object Types/TopX Sites/TopX South Jordan Arrow' is clicked on

2024-08-22 11:25:55 - [MESSAGE][PASSED] - Object: 'Object Repository/SON/ObjectType/South Jordan site1' is clicked on

2024-08-22 11:25:55 - [MESSAGE][PASSED] - Object: 'Object Repository/PM/Huawei-vendor/Object-Type/TopX Object Types/TopX Sites/TopX South Jordan CloseArrow' is clicked on

2024-08-22 11:25:55 - [MESSAGE][PASSED] - Object: 'Object Repository/SON/ObjectType/Other Site' is clicked on

2024-08-22 11:25:57 - [MESSAGE][PASSED] - Delayed 2 second(s)

2024-08-22 11:25:57 - [MESSAGE][PASSED] - Object: 'Object Repository/SON/SonType/Type-Arrow' is clicked on

2024-08-22 11:25:58 - [MESSAGE][PASSED] - Object: 'Object Repository/PM/Huawei-vendor/Apply-Button' is clicked on

2024-08-22 11:25:58 - [MESSAGE][WARNING] - Timeout '0' is invalid. Using default page load timeout: '120'

2024-08-22 11:25:58 - [MESSAGE][PASSED] - Object 'Object Repository/SON/table' is present

2024-08-22 11:25:58 - [MESSAGE][PASSED] - SON.son is PASSED]]></system-out>
         <system-err><![CDATA[]]></system-err>
      </testcase>
      <testcase name="Test Cases/SON/Huawei/2G/Cell/Cell 2G Neighbors" time="54.307" classname="Test Cases/SON/Huawei/2G/Cell/Cell 2G Neighbors" status="PASSED">
         <system-out><![CDATA[2024-08-22 11:25:58 - [TEST_CASE][PASSED] - Test Cases/SON/Huawei/2G/Cell/Cell 2G Neighbors: Test Cases/SON/Huawei/2G/Cell/Cell 2G Neighbors

2024-08-22 11:25:58 - [TEST_STEP][PASSED] - callTestCase(findTestCase("Login"), [:], STOP_ON_FAILURE): Call Test Case 'Test Cases/Login' successfully

2024-08-22 11:25:58 - [TEST_CASE][PASSED] - Test Cases/Login: Test Cases/Login

2024-08-22 11:25:58 - [TEST_STEP][PASSED] - driver = general.start(SwagerURL, NetCellURL): general.start is PASSED

2024-08-22 11:25:58 - [MESSAGE][INFO] - >>> chromeDriverPath=C:\Users\FatimaIbeid\.katalon\packages\Katalon_Studio_Windows_64-8.6.9\Katalon_Studio_Windows_64-8.6.9\configuration\resources\drivers\chromedriver_win32\chromedriver.exe

2024-08-22 11:26:00 - [MESSAGE][PASSED] - Current window maximized

2024-08-22 11:26:00 - [MESSAGE][PASSED] - Execute JavaScript 'window.open();' successfully

2024-08-22 11:26:00 - [MESSAGE][PASSED] - Switched to window with index: '1'

2024-08-22 11:26:15 - [MESSAGE][PASSED] - general.start is PASSED

2024-08-22 11:26:15 - [TEST_STEP][PASSED] - click(findTestObject("Object Repository/Login/LoginButton")): Object: 'Object Repository/Login/LoginButton' is clicked on

2024-08-22 11:26:15 - [MESSAGE][PASSED] - Object: 'Object Repository/Login/LoginButton' is clicked on

2024-08-22 11:26:15 - [TEST_STEP][PASSED] - switchToWindowIndex(2): Switched to window with index: '2'

2024-08-22 11:26:15 - [MESSAGE][PASSED] - Switched to window with index: '2'

2024-08-22 11:26:15 - [TEST_STEP][PASSED] - delay(1): Delayed 1 second(s)

2024-08-22 11:26:16 - [MESSAGE][PASSED] - Delayed 1 second(s)

2024-08-22 11:26:16 - [TEST_STEP][PASSED] - sendKeys(findTestObject("Object Repository/Login/EnterEmail"), "homam@zztjg.onmicrosoft.com"): Keys 'homam@zztjg.onmicrosoft.com' sent to object: 'Object Repository/Login/EnterEmail'

2024-08-22 11:26:17 - [MESSAGE][PASSED] - Keys 'homam@zztjg.onmicrosoft.com' sent to object: 'Object Repository/Login/EnterEmail'

2024-08-22 11:26:17 - [TEST_STEP][PASSED] - delay(1): Delayed 1 second(s)

2024-08-22 11:26:18 - [MESSAGE][PASSED] - Delayed 1 second(s)

2024-08-22 11:26:18 - [TEST_STEP][PASSED] - click(findTestObject("Object Repository/Login/NextButton")): Object: 'Object Repository/Login/NextButton' is clicked on

2024-08-22 11:26:18 - [MESSAGE][PASSED] - Object: 'Object Repository/Login/NextButton' is clicked on

2024-08-22 11:26:18 - [TEST_STEP][PASSED] - delay(2): Delayed 2 second(s)

2024-08-22 11:26:20 - [MESSAGE][PASSED] - Delayed 2 second(s)

2024-08-22 11:26:20 - [TEST_STEP][PASSED] - sendKeys(findTestObject("Object Repository/Login/EnterPassword"), "Holder12345"): Keys 'Holder12345' sent to object: 'Object Repository/Login/EnterPassword'

2024-08-22 11:26:20 - [MESSAGE][PASSED] - Keys 'Holder12345' sent to object: 'Object Repository/Login/EnterPassword'

2024-08-22 11:26:20 - [TEST_STEP][PASSED] - delay(1): Delayed 1 second(s)

2024-08-22 11:26:21 - [MESSAGE][PASSED] - Delayed 1 second(s)

2024-08-22 11:26:21 - [TEST_STEP][PASSED] - click(findTestObject("Object Repository/Login/SigninButton")): Object: 'Object Repository/Login/SigninButton' is clicked on

2024-08-22 11:26:22 - [MESSAGE][PASSED] - Object: 'Object Repository/Login/SigninButton' is clicked on

2024-08-22 11:26:22 - [TEST_STEP][PASSED] - delay(1): Delayed 1 second(s)

2024-08-22 11:26:23 - [MESSAGE][PASSED] - Delayed 1 second(s)

2024-08-22 11:26:23 - [TEST_STEP][PASSED] - click(findTestObject("Object Repository/Login/YesStayInButton")): Object: 'Object Repository/Login/YesStayInButton' is clicked on

2024-08-22 11:26:24 - [MESSAGE][PASSED] - Object: 'Object Repository/Login/YesStayInButton' is clicked on

2024-08-22 11:26:24 - [MESSAGE][PASSED] - Call Test Case 'Test Cases/Login' successfully

2024-08-22 11:26:24 - [TEST_STEP][PASSED] - switchToWindowIndex(1): Switched to window with index: '1'

2024-08-22 11:26:24 - [MESSAGE][PASSED] - Switched to window with index: '1'

2024-08-22 11:26:24 - [TEST_STEP][PASSED] - SON.son("huawei", "2G", "Cell", "2G Neighbors"): SON.son is PASSED

2024-08-22 11:26:25 - [MESSAGE][PASSED] - Object: 'Object Repository/SON/sonBtn' is clicked on

2024-08-22 11:26:25 - [MESSAGE][PASSED] - Switched to window with index: '2'

2024-08-22 11:26:26 - [MESSAGE][PASSED] - Object: 'Object Repository/PM/Huawei-vendor/Technology/Technology-Arrow' is clicked on

2024-08-22 11:26:26 - [MESSAGE][PASSED] - Object: 'Object Repository/PM/Huawei-vendor/Technology/2G' is clicked on

2024-08-22 11:26:26 - [MESSAGE][PASSED] - Object: 'Object Repository/PM/Huawei-vendor/TopX/TopX Object Type' is clicked on

2024-08-22 11:26:27 - [MESSAGE][PASSED] - Delayed 1 second(s)

2024-08-22 11:26:28 - [MESSAGE][PASSED] - Object: 'Object Repository/PM/Huawei-vendor/Object-Type/TopX Object Types/TopX Cells/TopX Cell' is clicked on

2024-08-22 11:26:29 - [MESSAGE][PASSED] - Delayed 1 second(s)

2024-08-22 11:26:29 - [MESSAGE][WARNING] - Timeout '0' is invalid. Using default page load timeout: '120'

2024-08-22 11:26:29 - [MESSAGE][PASSED] - Scroll to object 'Object Repository/PM/Huawei-vendor/Object Border' successfully

2024-08-22 11:26:29 - [MESSAGE][PASSED] - Object: 'Object Repository/PM/Huawei-vendor/Object-Type/TopX Object Types/TopX Sites/TopX East Amman Arrow' is clicked on

2024-08-22 11:26:31 - [MESSAGE][PASSED] - Object: 'Object Repository/PM/Huawei-vendor/Object-Type/TopX Object Types/TopX Cells/TopX East Amman Site1 Arrow' is clicked on

2024-08-22 11:26:33 - [MESSAGE][PASSED] - Delayed 2 second(s)

2024-08-22 11:26:34 - [MESSAGE][PASSED] - Object: 'Object Repository/PM/Huawei-vendor/Object-Type/TopX Object Types/TopX Cells/TopX East Amman Site1 Cell1' is clicked on

2024-08-22 11:26:34 - [MESSAGE][PASSED] - Object: 'Object Repository/PM/Huawei-vendor/Object-Type/TopX Object Types/TopX Sites/TopX East Amman CloseArrow' is clicked on

2024-08-22 11:26:34 - [MESSAGE][PASSED] - Object: 'Object Repository/PM/Huawei-vendor/Object-Type/TopX Object Types/TopX Sites/TopX West Amman Arrow' is clicked on

2024-08-22 11:26:41 - [MESSAGE][PASSED] - Object: 'Object Repository/PM/Huawei-vendor/Object-Type/TopX Object Types/TopX Cells/TopX West Amman Site1 Arrow' is clicked on

2024-08-22 11:26:41 - [MESSAGE][PASSED] - Object: 'Object Repository/PM/Huawei-vendor/Object-Type/TopX Object Types/TopX Cells/TopX West Amman Site1 Cell1' is clicked on

2024-08-22 11:26:42 - [MESSAGE][PASSED] - Object: 'Object Repository/PM/Huawei-vendor/Object-Type/TopX Object Types/TopX Sites/TopX West Amman CloseArrow' is clicked on

2024-08-22 11:26:42 - [MESSAGE][PASSED] - Object: 'Object Repository/PM/Huawei-vendor/Object-Type/TopX Object Types/TopX Sites/TopX South Amman Arrow' is clicked on

2024-08-22 11:26:43 - [MESSAGE][PASSED] - Object: 'Object Repository/PM/Huawei-vendor/Object-Type/TopX Object Types/TopX Cells/TopX South Amman Site1 Arrow' is clicked on

2024-08-22 11:26:43 - [MESSAGE][PASSED] - Object: 'Object Repository/SON/ObjectType/Cell/South Amman Site1 Cell1 2G' is clicked on

2024-08-22 11:26:44 - [MESSAGE][PASSED] - Object: 'Object Repository/PM/Huawei-vendor/Object-Type/TopX Object Types/TopX Sites/TopX South Amman CloseArrow' is clicked on

2024-08-22 11:26:44 - [MESSAGE][PASSED] - Object: 'Object Repository/PM/Huawei-vendor/Object-Type/TopX Object Types/TopX Sites/TopX East Jordan Arrow' is clicked on

2024-08-22 11:26:45 - [MESSAGE][PASSED] - Object: 'Object Repository/PM/Huawei-vendor/Object-Type/TopX Object Types/TopX Cells/TopX East Jordan Site1 Arrow' is clicked on

2024-08-22 11:26:45 - [MESSAGE][PASSED] - Object: 'Object Repository/SON/ObjectType/Cell/East Jordan Site1 Cell1 2G' is clicked on

2024-08-22 11:26:45 - [MESSAGE][PASSED] - Object: 'Object Repository/PM/Huawei-vendor/Object-Type/TopX Object Types/TopX Sites/TopX East Jordan CloseArrow' is clicked on

2024-08-22 11:26:45 - [MESSAGE][PASSED] - Object: 'Object Repository/PM/Huawei-vendor/Object-Type/TopX Object Types/TopX Sites/TopX North Jordan Arrow' is clicked on

2024-08-22 11:26:47 - [MESSAGE][PASSED] - Object: 'Object Repository/PM/Huawei-vendor/Object-Type/TopX Object Types/TopX Cells/TopX North Jordan Site1 Arrow' is clicked on

2024-08-22 11:26:48 - [MESSAGE][PASSED] - Object: 'Object Repository/SON/ObjectType/Cell/North Jordan Site1 Cell1 2G' is clicked on

2024-08-22 11:26:48 - [MESSAGE][PASSED] - Object: 'Object Repository/PM/Huawei-vendor/Object-Type/TopX Object Types/TopX Sites/TopX North Jordan CloseArrow' is clicked on

2024-08-22 11:26:48 - [MESSAGE][PASSED] - Object: 'Object Repository/PM/Huawei-vendor/Object-Type/TopX Object Types/TopX Sites/TopX South Jordan Arrow' is clicked on

2024-08-22 11:26:49 - [MESSAGE][PASSED] - Object: 'Object Repository/PM/Huawei-vendor/Object-Type/TopX Object Types/TopX Cells/TopX South Jordan Site1 Arrow' is clicked on

2024-08-22 11:26:49 - [MESSAGE][PASSED] - Object: 'Object Repository/SON/ObjectType/Cell/South Jordan Site1 Cell1 2G' is clicked on

2024-08-22 11:26:49 - [MESSAGE][PASSED] - Object: 'Object Repository/PM/Huawei-vendor/Object-Type/TopX Object Types/TopX Sites/TopX South Jordan CloseArrow' is clicked on

2024-08-22 11:26:50 - [MESSAGE][PASSED] - Object: 'Object Repository/SON/ObjectType/Other Site' is clicked on

2024-08-22 11:26:52 - [MESSAGE][PASSED] - Delayed 2 second(s)

2024-08-22 11:26:52 - [MESSAGE][PASSED] - Object: 'Object Repository/SON/SonType/Type-Arrow' is clicked on

2024-08-22 11:26:52 - [MESSAGE][PASSED] - Object: 'Object Repository/PM/Huawei-vendor/Apply-Button' is clicked on

2024-08-22 11:26:52 - [MESSAGE][WARNING] - Timeout '0' is invalid. Using default page load timeout: '120'

2024-08-22 11:26:52 - [MESSAGE][PASSED] - Object 'Object Repository/SON/table' is present

2024-08-22 11:26:52 - [MESSAGE][PASSED] - SON.son is PASSED]]></system-out>
         <system-err><![CDATA[]]></system-err>
      </testcase>
      <testcase name="Test Cases/SON/Huawei/2G/BSC/BSC 2G Neighbors" time="40.982" classname="Test Cases/SON/Huawei/2G/BSC/BSC 2G Neighbors" status="PASSED">
         <system-out><![CDATA[2024-08-22 11:26:52 - [TEST_CASE][PASSED] - Test Cases/SON/Huawei/2G/BSC/BSC 2G Neighbors: Test Cases/SON/Huawei/2G/BSC/BSC 2G Neighbors

2024-08-22 11:26:53 - [TEST_STEP][PASSED] - callTestCase(findTestCase("Login"), [:], STOP_ON_FAILURE): Call Test Case 'Test Cases/Login' successfully

2024-08-22 11:26:53 - [TEST_CASE][PASSED] - Test Cases/Login: Test Cases/Login

2024-08-22 11:26:53 - [TEST_STEP][PASSED] - driver = general.start(SwagerURL, NetCellURL): general.start is PASSED

2024-08-22 11:26:53 - [MESSAGE][INFO] - >>> chromeDriverPath=C:\Users\FatimaIbeid\.katalon\packages\Katalon_Studio_Windows_64-8.6.9\Katalon_Studio_Windows_64-8.6.9\configuration\resources\drivers\chromedriver_win32\chromedriver.exe

2024-08-22 11:26:54 - [MESSAGE][PASSED] - Current window maximized

2024-08-22 11:26:55 - [MESSAGE][PASSED] - Execute JavaScript 'window.open();' successfully

2024-08-22 11:26:55 - [MESSAGE][PASSED] - Switched to window with index: '1'

2024-08-22 11:27:08 - [MESSAGE][PASSED] - general.start is PASSED

2024-08-22 11:27:08 - [TEST_STEP][PASSED] - click(findTestObject("Object Repository/Login/LoginButton")): Object: 'Object Repository/Login/LoginButton' is clicked on

2024-08-22 11:27:08 - [MESSAGE][PASSED] - Object: 'Object Repository/Login/LoginButton' is clicked on

2024-08-22 11:27:08 - [TEST_STEP][PASSED] - switchToWindowIndex(2): Switched to window with index: '2'

2024-08-22 11:27:08 - [MESSAGE][PASSED] - Switched to window with index: '2'

2024-08-22 11:27:08 - [TEST_STEP][PASSED] - delay(1): Delayed 1 second(s)

2024-08-22 11:27:09 - [MESSAGE][PASSED] - Delayed 1 second(s)

2024-08-22 11:27:09 - [TEST_STEP][PASSED] - sendKeys(findTestObject("Object Repository/Login/EnterEmail"), "homam@zztjg.onmicrosoft.com"): Keys 'homam@zztjg.onmicrosoft.com' sent to object: 'Object Repository/Login/EnterEmail'

2024-08-22 11:27:10 - [MESSAGE][PASSED] - Keys 'homam@zztjg.onmicrosoft.com' sent to object: 'Object Repository/Login/EnterEmail'

2024-08-22 11:27:10 - [TEST_STEP][PASSED] - delay(1): Delayed 1 second(s)

2024-08-22 11:27:11 - [MESSAGE][PASSED] - Delayed 1 second(s)

2024-08-22 11:27:11 - [TEST_STEP][PASSED] - click(findTestObject("Object Repository/Login/NextButton")): Object: 'Object Repository/Login/NextButton' is clicked on

2024-08-22 11:27:12 - [MESSAGE][PASSED] - Object: 'Object Repository/Login/NextButton' is clicked on

2024-08-22 11:27:12 - [TEST_STEP][PASSED] - delay(2): Delayed 2 second(s)

2024-08-22 11:27:14 - [MESSAGE][PASSED] - Delayed 2 second(s)

2024-08-22 11:27:14 - [TEST_STEP][PASSED] - sendKeys(findTestObject("Object Repository/Login/EnterPassword"), "Holder12345"): Keys 'Holder12345' sent to object: 'Object Repository/Login/EnterPassword'

2024-08-22 11:27:14 - [MESSAGE][PASSED] - Keys 'Holder12345' sent to object: 'Object Repository/Login/EnterPassword'

2024-08-22 11:27:14 - [TEST_STEP][PASSED] - delay(1): Delayed 1 second(s)

2024-08-22 11:27:15 - [MESSAGE][PASSED] - Delayed 1 second(s)

2024-08-22 11:27:15 - [TEST_STEP][PASSED] - click(findTestObject("Object Repository/Login/SigninButton")): Object: 'Object Repository/Login/SigninButton' is clicked on

2024-08-22 11:27:15 - [MESSAGE][PASSED] - Object: 'Object Repository/Login/SigninButton' is clicked on

2024-08-22 11:27:15 - [TEST_STEP][PASSED] - delay(1): Delayed 1 second(s)

2024-08-22 11:27:16 - [MESSAGE][PASSED] - Delayed 1 second(s)

2024-08-22 11:27:16 - [TEST_STEP][PASSED] - click(findTestObject("Object Repository/Login/YesStayInButton")): Object: 'Object Repository/Login/YesStayInButton' is clicked on

2024-08-22 11:27:17 - [MESSAGE][PASSED] - Object: 'Object Repository/Login/YesStayInButton' is clicked on

2024-08-22 11:27:17 - [MESSAGE][PASSED] - Call Test Case 'Test Cases/Login' successfully

2024-08-22 11:27:17 - [TEST_STEP][PASSED] - switchToWindowIndex(1): Switched to window with index: '1'

2024-08-22 11:27:17 - [MESSAGE][PASSED] - Switched to window with index: '1'

2024-08-22 11:27:17 - [TEST_STEP][PASSED] - SON.son("huawei", "2G", "BSC", "2G Neighbors"): SON.son is PASSED

2024-08-22 11:27:18 - [MESSAGE][PASSED] - Object: 'Object Repository/SON/sonBtn' is clicked on

2024-08-22 11:27:18 - [MESSAGE][PASSED] - Switched to window with index: '2'

2024-08-22 11:27:20 - [MESSAGE][PASSED] - Object: 'Object Repository/PM/Huawei-vendor/Technology/Technology-Arrow' is clicked on

2024-08-22 11:27:20 - [MESSAGE][PASSED] - Object: 'Object Repository/PM/Huawei-vendor/Technology/2G' is clicked on

2024-08-22 11:27:20 - [MESSAGE][PASSED] - Object: 'Object Repository/PM/Huawei-vendor/TopX/TopX Object Type' is clicked on

2024-08-22 11:27:21 - [MESSAGE][PASSED] - Delayed 1 second(s)

2024-08-22 11:27:22 - [MESSAGE][PASSED] - Object: 'Object Repository/PM/Huawei-vendor/Object-Type/TopX Object Types/TopX BSCs/TopX BSC' is clicked on

2024-08-22 11:27:23 - [MESSAGE][PASSED] - Delayed 1 second(s)

2024-08-22 11:27:23 - [MESSAGE][WARNING] - Timeout '0' is invalid. Using default page load timeout: '120'

2024-08-22 11:27:23 - [MESSAGE][PASSED] - Scroll to object 'Object Repository/PM/Huawei-vendor/Object Border' successfully

2024-08-22 11:27:23 - [MESSAGE][PASSED] - Object: 'Object Repository/PM/Huawei-vendor/Object-Type/TopX Object Types/TopX BSCs/TopX BSC Ader' is clicked on

2024-08-22 11:27:23 - [MESSAGE][PASSED] - Object: 'Object Repository/PM/Huawei-vendor/Object-Type/TopX Object Types/TopX BSCs/TopX BSC Fifa' is clicked on

2024-08-22 11:27:23 - [MESSAGE][PASSED] - Object: 'Object Repository/PM/Huawei-vendor/Object-Type/TopX Object Types/TopX BSCs/TopX BSC HQ 02' is clicked on

2024-08-22 11:27:23 - [MESSAGE][PASSED] - Object: 'Object Repository/PM/Huawei-vendor/Object-Type/TopX Object Types/TopX BSCs/TopX BSC AA 01' is clicked on

2024-08-22 11:27:24 - [MESSAGE][PASSED] - Object: 'Object Repository/PM/Huawei-vendor/Object-Type/TopX Object Types/TopX BSCs/TopX BSC 415044' is clicked on

2024-08-22 11:27:26 - [MESSAGE][PASSED] - Delayed 2 second(s)

2024-08-22 11:27:26 - [MESSAGE][PASSED] - Object: 'Object Repository/SON/SonType/Type-Arrow' is clicked on

2024-08-22 11:27:28 - [MESSAGE][PASSED] - Object: 'Object Repository/PM/Huawei-vendor/Apply-Button' is clicked on

2024-08-22 11:27:28 - [MESSAGE][WARNING] - Timeout '0' is invalid. Using default page load timeout: '120'

2024-08-22 11:27:33 - [MESSAGE][PASSED] - Object 'Object Repository/SON/table' is present

2024-08-22 11:27:33 - [MESSAGE][PASSED] - SON.son is PASSED]]></system-out>
         <system-err><![CDATA[]]></system-err>
      </testcase>
      <testcase name="Test Cases/SON/Huawei/2G/Cluster/Cluster 2G Neighbors" time="38.642" classname="Test Cases/SON/Huawei/2G/Cluster/Cluster 2G Neighbors" status="PASSED">
         <system-out><![CDATA[2024-08-22 11:27:33 - [TEST_CASE][PASSED] - Test Cases/SON/Huawei/2G/Cluster/Cluster 2G Neighbors: Test Cases/SON/Huawei/2G/Cluster/Cluster 2G Neighbors

2024-08-22 11:27:33 - [TEST_STEP][PASSED] - callTestCase(findTestCase("Login"), [:], STOP_ON_FAILURE): Call Test Case 'Test Cases/Login' successfully

2024-08-22 11:27:34 - [TEST_CASE][PASSED] - Test Cases/Login: Test Cases/Login

2024-08-22 11:27:34 - [TEST_STEP][PASSED] - driver = general.start(SwagerURL, NetCellURL): general.start is PASSED

2024-08-22 11:27:34 - [MESSAGE][INFO] - >>> chromeDriverPath=C:\Users\FatimaIbeid\.katalon\packages\Katalon_Studio_Windows_64-8.6.9\Katalon_Studio_Windows_64-8.6.9\configuration\resources\drivers\chromedriver_win32\chromedriver.exe

2024-08-22 11:27:35 - [MESSAGE][PASSED] - Current window maximized

2024-08-22 11:27:35 - [MESSAGE][PASSED] - Execute JavaScript 'window.open();' successfully

2024-08-22 11:27:35 - [MESSAGE][PASSED] - Switched to window with index: '1'

2024-08-22 11:27:47 - [MESSAGE][PASSED] - general.start is PASSED

2024-08-22 11:27:47 - [TEST_STEP][PASSED] - click(findTestObject("Object Repository/Login/LoginButton")): Object: 'Object Repository/Login/LoginButton' is clicked on

2024-08-22 11:27:47 - [MESSAGE][PASSED] - Object: 'Object Repository/Login/LoginButton' is clicked on

2024-08-22 11:27:47 - [TEST_STEP][PASSED] - switchToWindowIndex(2): Switched to window with index: '2'

2024-08-22 11:27:48 - [MESSAGE][PASSED] - Switched to window with index: '2'

2024-08-22 11:27:48 - [TEST_STEP][PASSED] - delay(1): Delayed 1 second(s)

2024-08-22 11:27:49 - [MESSAGE][PASSED] - Delayed 1 second(s)

2024-08-22 11:27:49 - [TEST_STEP][PASSED] - sendKeys(findTestObject("Object Repository/Login/EnterEmail"), "homam@zztjg.onmicrosoft.com"): Keys 'homam@zztjg.onmicrosoft.com' sent to object: 'Object Repository/Login/EnterEmail'

2024-08-22 11:27:49 - [MESSAGE][PASSED] - Keys 'homam@zztjg.onmicrosoft.com' sent to object: 'Object Repository/Login/EnterEmail'

2024-08-22 11:27:49 - [TEST_STEP][PASSED] - delay(1): Delayed 1 second(s)

2024-08-22 11:27:50 - [MESSAGE][PASSED] - Delayed 1 second(s)

2024-08-22 11:27:50 - [TEST_STEP][PASSED] - click(findTestObject("Object Repository/Login/NextButton")): Object: 'Object Repository/Login/NextButton' is clicked on

2024-08-22 11:27:50 - [MESSAGE][PASSED] - Object: 'Object Repository/Login/NextButton' is clicked on

2024-08-22 11:27:50 - [TEST_STEP][PASSED] - delay(2): Delayed 2 second(s)

2024-08-22 11:27:52 - [MESSAGE][PASSED] - Delayed 2 second(s)

2024-08-22 11:27:52 - [TEST_STEP][PASSED] - sendKeys(findTestObject("Object Repository/Login/EnterPassword"), "Holder12345"): Keys 'Holder12345' sent to object: 'Object Repository/Login/EnterPassword'

2024-08-22 11:27:53 - [MESSAGE][PASSED] - Keys 'Holder12345' sent to object: 'Object Repository/Login/EnterPassword'

2024-08-22 11:27:53 - [TEST_STEP][PASSED] - delay(1): Delayed 1 second(s)

2024-08-22 11:27:54 - [MESSAGE][PASSED] - Delayed 1 second(s)

2024-08-22 11:27:54 - [TEST_STEP][PASSED] - click(findTestObject("Object Repository/Login/SigninButton")): Object: 'Object Repository/Login/SigninButton' is clicked on

2024-08-22 11:27:54 - [MESSAGE][PASSED] - Object: 'Object Repository/Login/SigninButton' is clicked on

2024-08-22 11:27:54 - [TEST_STEP][PASSED] - delay(1): Delayed 1 second(s)

2024-08-22 11:27:55 - [MESSAGE][PASSED] - Delayed 1 second(s)

2024-08-22 11:27:55 - [TEST_STEP][PASSED] - click(findTestObject("Object Repository/Login/YesStayInButton")): Object: 'Object Repository/Login/YesStayInButton' is clicked on

2024-08-22 11:27:56 - [MESSAGE][PASSED] - Object: 'Object Repository/Login/YesStayInButton' is clicked on

2024-08-22 11:27:56 - [MESSAGE][PASSED] - Call Test Case 'Test Cases/Login' successfully

2024-08-22 11:27:56 - [TEST_STEP][PASSED] - switchToWindowIndex(1): Switched to window with index: '1'

2024-08-22 11:27:56 - [MESSAGE][PASSED] - Switched to window with index: '1'

2024-08-22 11:27:56 - [TEST_STEP][PASSED] - SON.son("huawei", "2G", "Cluster", "2G Neighbors"): SON.son is PASSED

2024-08-22 11:27:57 - [MESSAGE][PASSED] - Object: 'Object Repository/SON/sonBtn' is clicked on

2024-08-22 11:27:57 - [MESSAGE][PASSED] - Switched to window with index: '2'

2024-08-22 11:27:57 - [MESSAGE][PASSED] - Object: 'Object Repository/PM/Huawei-vendor/Technology/Technology-Arrow' is clicked on

2024-08-22 11:27:58 - [MESSAGE][PASSED] - Object: 'Object Repository/PM/Huawei-vendor/Technology/2G' is clicked on

2024-08-22 11:27:58 - [MESSAGE][PASSED] - Object: 'Object Repository/PM/Huawei-vendor/TopX/TopX Object Type' is clicked on

2024-08-22 11:27:59 - [MESSAGE][PASSED] - Delayed 1 second(s)

2024-08-22 11:27:59 - [MESSAGE][PASSED] - Object: 'Object Repository/PM/Huawei-vendor/Object-Type/TopX Object Types/TopX Clusters/TopX Cluster' is clicked on

2024-08-22 11:28:00 - [MESSAGE][PASSED] - Delayed 1 second(s)

2024-08-22 11:28:00 - [MESSAGE][WARNING] - Timeout '0' is invalid. Using default page load timeout: '120'

2024-08-22 11:28:00 - [MESSAGE][PASSED] - Scroll to object 'Object Repository/PM/Huawei-vendor/Object Border' successfully

2024-08-22 11:28:00 - [MESSAGE][PASSED] - Object: 'Object Repository/PM/Huawei-vendor/Object-Type/TopX Object Types/TopX Sites/TopX East Amman Arrow' is clicked on

2024-08-22 11:28:00 - [MESSAGE][PASSED] - Object: 'Object Repository/PM/Huawei-vendor/Object-Type/TopX Object Types/TopX Clusters/TopX East Amman Cluster 3' is clicked on

2024-08-22 11:28:01 - [MESSAGE][PASSED] - Object: 'Object Repository/PM/Huawei-vendor/Object-Type/TopX Object Types/TopX Clusters/TopX East Amman Cluster 13' is clicked on

2024-08-22 11:28:01 - [MESSAGE][PASSED] - Object: 'Object Repository/PM/Huawei-vendor/Object-Type/TopX Object Types/TopX Sites/TopX East Amman CloseArrow' is clicked on

2024-08-22 11:28:01 - [MESSAGE][PASSED] - Object: 'Object Repository/PM/Huawei-vendor/Object-Type/TopX Object Types/TopX Sites/TopX West Amman Arrow' is clicked on

2024-08-22 11:28:01 - [MESSAGE][PASSED] - Object: 'Object Repository/PM/Huawei-vendor/Object-Type/TopX Object Types/TopX Clusters/TopX West Amman Cluster 2' is clicked on

2024-08-22 11:28:01 - [MESSAGE][PASSED] - Object: 'Object Repository/PM/Huawei-vendor/Object-Type/TopX Object Types/TopX Clusters/TopX West Amman Cluster 5' is clicked on

2024-08-22 11:28:02 - [MESSAGE][PASSED] - Object: 'Object Repository/PM/Huawei-vendor/Object-Type/TopX Object Types/TopX Sites/TopX West Amman CloseArrow' is clicked on

2024-08-22 11:28:02 - [MESSAGE][PASSED] - Object: 'Object Repository/PM/Huawei-vendor/Object-Type/TopX Object Types/TopX Sites/TopX North Jordan Arrow' is clicked on

2024-08-22 11:28:02 - [MESSAGE][PASSED] - Object: 'Object Repository/PM/Huawei-vendor/Object-Type/TopX Object Types/TopX Clusters/TopX North Jordan Cluster 4' is clicked on

2024-08-22 11:28:02 - [MESSAGE][PASSED] - Object: 'Object Repository/PM/Huawei-vendor/Object-Type/TopX Object Types/TopX Clusters/TopX North Jordan Cluster 14' is clicked on

2024-08-22 11:28:02 - [MESSAGE][PASSED] - Object: 'Object Repository/PM/Huawei-vendor/Object-Type/TopX Object Types/TopX Sites/TopX North Jordan CloseArrow' is clicked on

2024-08-22 11:28:03 - [MESSAGE][PASSED] - Object: 'Object Repository/PM/Huawei-vendor/Object-Type/TopX Object Types/TopX Sites/TopX South Jordan Arrow' is clicked on

2024-08-22 11:28:03 - [MESSAGE][PASSED] - Object: 'Object Repository/PM/Huawei-vendor/Object-Type/TopX Object Types/TopX Clusters/TopX South Jordan Cluster 7' is clicked on

2024-08-22 11:28:03 - [MESSAGE][PASSED] - Object: 'Object Repository/PM/Huawei-vendor/Object-Type/TopX Object Types/TopX Clusters/TopX South Jordan Cluster 8' is clicked on

2024-08-22 11:28:03 - [MESSAGE][PASSED] - Object: 'Object Repository/PM/Huawei-vendor/Object-Type/TopX Object Types/TopX Sites/TopX South Jordan CloseArrow' is clicked on

2024-08-22 11:28:03 - [MESSAGE][PASSED] - Object: 'Object Repository/PM/Huawei-vendor/Object-Type/TopX Object Types/TopX Sites/TopX South Amman Arrow' is clicked on

2024-08-22 11:28:04 - [MESSAGE][PASSED] - Object: 'Object Repository/PM/Huawei-vendor/Object-Type/TopX Object Types/TopX Clusters/TopX South Amman Cluster 1' is clicked on

2024-08-22 11:28:04 - [MESSAGE][PASSED] - Object: 'Object Repository/PM/Huawei-vendor/Object-Type/TopX Object Types/TopX Clusters/TopX South Amman Cluster 6' is clicked on

2024-08-22 11:28:04 - [MESSAGE][PASSED] - Object: 'Object Repository/PM/Huawei-vendor/Object-Type/TopX Object Types/TopX Sites/TopX South Amman CloseArrow' is clicked on

2024-08-22 11:28:04 - [MESSAGE][PASSED] - Object: 'Object Repository/PM/Huawei-vendor/Object-Type/TopX Object Types/TopX Sites/TopX East Jordan Arrow' is clicked on

2024-08-22 11:28:04 - [MESSAGE][PASSED] - Object: 'Object Repository/PM/Huawei-vendor/Object-Type/TopX Object Types/TopX Clusters/TopX East Jordan Cluster 10' is clicked on

2024-08-22 11:28:05 - [MESSAGE][PASSED] - Object: 'Object Repository/PM/Huawei-vendor/Object-Type/TopX Object Types/TopX Clusters/TopX East Jordan Cluster 11' is clicked on

2024-08-22 11:28:05 - [MESSAGE][PASSED] - Object: 'Object Repository/PM/Huawei-vendor/Object-Type/TopX Object Types/TopX Sites/TopX East Jordan CloseArrow' is clicked on

2024-08-22 11:28:05 - [MESSAGE][PASSED] - Object: 'Object Repository/PM/Huawei-vendor/Object-Type/TopX Object Types/TopX Sites/TopX Others Arrow' is clicked on

2024-08-22 11:28:05 - [MESSAGE][PASSED] - Object: 'Object Repository/PM/Huawei-vendor/Object-Type/TopX Object Types/TopX Clusters/TopX Others Cluster 60' is clicked on

2024-08-22 11:28:05 - [MESSAGE][PASSED] - Object: 'Object Repository/PM/Huawei-vendor/Object-Type/TopX Object Types/TopX Clusters/TopX Others Cluster 61' is clicked on

2024-08-22 11:28:06 - [MESSAGE][PASSED] - Object: 'Object Repository/PM/Huawei-vendor/Object-Type/TopX Object Types/TopX Sites/TopX Others CloseArrow' is clicked on

2024-08-22 11:28:08 - [MESSAGE][PASSED] - Delayed 2 second(s)

2024-08-22 11:28:08 - [MESSAGE][PASSED] - Object: 'Object Repository/SON/SonType/Type-Arrow' is clicked on

2024-08-22 11:28:08 - [MESSAGE][PASSED] - Object: 'Object Repository/PM/Huawei-vendor/Apply-Button' is clicked on

2024-08-22 11:28:08 - [MESSAGE][WARNING] - Timeout '0' is invalid. Using default page load timeout: '120'

2024-08-22 11:28:12 - [MESSAGE][PASSED] - Object 'Object Repository/SON/table' is present

2024-08-22 11:28:12 - [MESSAGE][PASSED] - SON.son is PASSED]]></system-out>
         <system-err><![CDATA[]]></system-err>
      </testcase>
      <testcase name="Test Cases/SON/Huawei/2G/Governorate/Governorate 2G Neighbors" time="63.268" classname="Test Cases/SON/Huawei/2G/Governorate/Governorate 2G Neighbors" status="PASSED">
         <system-out><![CDATA[2024-08-22 11:28:12 - [TEST_CASE][PASSED] - Test Cases/SON/Huawei/2G/Governorate/Governorate 2G Neighbors: Test Cases/SON/Huawei/2G/Governorate/Governorate 2G Neighbors

2024-08-22 11:28:12 - [TEST_STEP][PASSED] - callTestCase(findTestCase("Login"), [:], STOP_ON_FAILURE): Call Test Case 'Test Cases/Login' successfully

2024-08-22 11:28:12 - [TEST_CASE][PASSED] - Test Cases/Login: Test Cases/Login

2024-08-22 11:28:12 - [TEST_STEP][PASSED] - driver = general.start(SwagerURL, NetCellURL): general.start is PASSED

2024-08-22 11:28:12 - [MESSAGE][INFO] - >>> chromeDriverPath=C:\Users\FatimaIbeid\.katalon\packages\Katalon_Studio_Windows_64-8.6.9\Katalon_Studio_Windows_64-8.6.9\configuration\resources\drivers\chromedriver_win32\chromedriver.exe

2024-08-22 11:28:13 - [MESSAGE][PASSED] - Current window maximized

2024-08-22 11:28:14 - [MESSAGE][PASSED] - Execute JavaScript 'window.open();' successfully

2024-08-22 11:28:14 - [MESSAGE][PASSED] - Switched to window with index: '1'

2024-08-22 11:28:26 - [MESSAGE][PASSED] - general.start is PASSED

2024-08-22 11:28:26 - [TEST_STEP][PASSED] - click(findTestObject("Object Repository/Login/LoginButton")): Object: 'Object Repository/Login/LoginButton' is clicked on

2024-08-22 11:28:26 - [MESSAGE][PASSED] - Object: 'Object Repository/Login/LoginButton' is clicked on

2024-08-22 11:28:26 - [TEST_STEP][PASSED] - switchToWindowIndex(2): Switched to window with index: '2'

2024-08-22 11:28:27 - [MESSAGE][PASSED] - Switched to window with index: '2'

2024-08-22 11:28:27 - [TEST_STEP][PASSED] - delay(1): Delayed 1 second(s)

2024-08-22 11:28:28 - [MESSAGE][PASSED] - Delayed 1 second(s)

2024-08-22 11:28:28 - [TEST_STEP][PASSED] - sendKeys(findTestObject("Object Repository/Login/EnterEmail"), "homam@zztjg.onmicrosoft.com"): Keys 'homam@zztjg.onmicrosoft.com' sent to object: 'Object Repository/Login/EnterEmail'

2024-08-22 11:28:29 - [MESSAGE][PASSED] - Keys 'homam@zztjg.onmicrosoft.com' sent to object: 'Object Repository/Login/EnterEmail'

2024-08-22 11:28:29 - [TEST_STEP][PASSED] - delay(1): Delayed 1 second(s)

2024-08-22 11:28:30 - [MESSAGE][PASSED] - Delayed 1 second(s)

2024-08-22 11:28:30 - [TEST_STEP][PASSED] - click(findTestObject("Object Repository/Login/NextButton")): Object: 'Object Repository/Login/NextButton' is clicked on

2024-08-22 11:28:30 - [MESSAGE][PASSED] - Object: 'Object Repository/Login/NextButton' is clicked on

2024-08-22 11:28:30 - [TEST_STEP][PASSED] - delay(2): Delayed 2 second(s)

2024-08-22 11:28:32 - [MESSAGE][PASSED] - Delayed 2 second(s)

2024-08-22 11:28:32 - [TEST_STEP][PASSED] - sendKeys(findTestObject("Object Repository/Login/EnterPassword"), "Holder12345"): Keys 'Holder12345' sent to object: 'Object Repository/Login/EnterPassword'

2024-08-22 11:28:33 - [MESSAGE][PASSED] - Keys 'Holder12345' sent to object: 'Object Repository/Login/EnterPassword'

2024-08-22 11:28:33 - [TEST_STEP][PASSED] - delay(1): Delayed 1 second(s)

2024-08-22 11:28:34 - [MESSAGE][PASSED] - Delayed 1 second(s)

2024-08-22 11:28:34 - [TEST_STEP][PASSED] - click(findTestObject("Object Repository/Login/SigninButton")): Object: 'Object Repository/Login/SigninButton' is clicked on

2024-08-22 11:28:34 - [MESSAGE][PASSED] - Object: 'Object Repository/Login/SigninButton' is clicked on

2024-08-22 11:28:34 - [TEST_STEP][PASSED] - delay(1): Delayed 1 second(s)

2024-08-22 11:28:35 - [MESSAGE][PASSED] - Delayed 1 second(s)

2024-08-22 11:28:35 - [TEST_STEP][PASSED] - click(findTestObject("Object Repository/Login/YesStayInButton")): Object: 'Object Repository/Login/YesStayInButton' is clicked on

2024-08-22 11:28:37 - [MESSAGE][PASSED] - Object: 'Object Repository/Login/YesStayInButton' is clicked on

2024-08-22 11:28:37 - [MESSAGE][PASSED] - Call Test Case 'Test Cases/Login' successfully

2024-08-22 11:28:37 - [TEST_STEP][PASSED] - switchToWindowIndex(1): Switched to window with index: '1'

2024-08-22 11:28:37 - [MESSAGE][PASSED] - Switched to window with index: '1'

2024-08-22 11:28:37 - [TEST_STEP][PASSED] - SON.son("huawei", "2G", "Governorate", "2G Neighbors"): SON.son is PASSED

2024-08-22 11:28:44 - [MESSAGE][PASSED] - Object: 'Object Repository/SON/sonBtn' is clicked on

2024-08-22 11:28:44 - [MESSAGE][PASSED] - Switched to window with index: '2'

2024-08-22 11:28:56 - [MESSAGE][PASSED] - Object: 'Object Repository/PM/Huawei-vendor/Technology/Technology-Arrow' is clicked on

2024-08-22 11:28:56 - [MESSAGE][PASSED] - Object: 'Object Repository/PM/Huawei-vendor/Technology/2G' is clicked on

2024-08-22 11:28:56 - [MESSAGE][PASSED] - Object: 'Object Repository/PM/Huawei-vendor/TopX/TopX Object Type' is clicked on

2024-08-22 11:28:57 - [MESSAGE][PASSED] - Delayed 1 second(s)

2024-08-22 11:28:58 - [MESSAGE][PASSED] - Object: 'Object Repository/PM/Huawei-vendor/Object-Type/TopX Object Types/TopX Governorates/TopX Governorate' is clicked on

2024-08-22 11:28:59 - [MESSAGE][PASSED] - Delayed 1 second(s)

2024-08-22 11:28:59 - [MESSAGE][WARNING] - Timeout '0' is invalid. Using default page load timeout: '120'

2024-08-22 11:28:59 - [MESSAGE][PASSED] - Scroll to object 'Object Repository/PM/Huawei-vendor/Object Border' successfully

2024-08-22 11:28:59 - [MESSAGE][PASSED] - Object: 'Object Repository/PM/Huawei-vendor/Object-Type/TopX Object Types/TopX Governorates/TopX Amman' is clicked on

2024-08-22 11:28:59 - [MESSAGE][PASSED] - Object: 'Object Repository/PM/Huawei-vendor/Object-Type/TopX Object Types/TopX Governorates/TopX Irbid' is clicked on

2024-08-22 11:28:59 - [MESSAGE][PASSED] - Object: 'Object Repository/PM/Huawei-vendor/Object-Type/TopX Object Types/TopX Governorates/TopX Aqaba' is clicked on

2024-08-22 11:28:59 - [MESSAGE][PASSED] - Object: 'Object Repository/PM/Huawei-vendor/Object-Type/TopX Object Types/TopX Governorates/TopX Jerash' is clicked on

2024-08-22 11:29:00 - [MESSAGE][PASSED] - Object: 'Object Repository/PM/Huawei-vendor/Object-Type/TopX Object Types/TopX Governorates/TopX Mafraq' is clicked on

2024-08-22 11:29:00 - [MESSAGE][PASSED] - Object: 'Object Repository/PM/Huawei-vendor/Object-Type/TopX Object Types/TopX Governorates/TopX Zarqa' is clicked on

2024-08-22 11:29:02 - [MESSAGE][PASSED] - Delayed 2 second(s)

2024-08-22 11:29:02 - [MESSAGE][PASSED] - Object: 'Object Repository/SON/SonType/Type-Arrow' is clicked on

2024-08-22 11:29:02 - [MESSAGE][PASSED] - Object: 'Object Repository/PM/Huawei-vendor/Apply-Button' is clicked on

2024-08-22 11:29:02 - [MESSAGE][WARNING] - Timeout '0' is invalid. Using default page load timeout: '120'

2024-08-22 11:29:15 - [MESSAGE][PASSED] - Object 'Object Repository/SON/table' is present

2024-08-22 11:29:15 - [MESSAGE][PASSED] - SON.son is PASSED]]></system-out>
         <system-err><![CDATA[]]></system-err>
      </testcase>
      <system-out><![CDATA[2024-08-22 11:23:35 - [TEST_SUITE][PASSED] - 2G Regression: Test Cases/SON/Huawei/2G/Governorate/Governorate 2G Neighbors]]></system-out>
      <system-err><![CDATA[]]></system-err>
   </testsuite>
</testsuites>
