<?xml version="1.0" encoding="UTF-8"?>
<testsuites name="Regression TopX 2G" time="3059.467" tests="28" failures="16" errors="0">
   <testsuite name="Regression TopX 2G" tests="28" failures="16" errors="0" time="3059.467" skipped="0" timestamp="2024-08-04 13:58:36" hostname="FatimaIbeid - LP-FatimaIbeid" id="Test Suites/PM/Hwauei/TopX/Regression TopX 2G">
      <properties>
         <property name="deviceName" value=""/>
         <property name="devicePlatform" value=""/>
         <property name="logFolder" value="C:\\Users\\FatimaIbeid\\git\\NetCell\\Reports\\20240804_135833\\PM\\Hwauei\\TopX\\Regression TopX 2G\\20240804_135833"/>
         <property name="logFiles" value="C:\\Users\\FatimaIbeid\\git\\NetCell\\Reports\\20240804_135833\\PM\\Hwauei\\TopX\\Regression TopX 2G\\20240804_135833\\execution0.log"/>
         <property name="attachments" value="C:\\Users\\FatimaIbeid\\git\\NetCell\\Reports\\20240804_135833\\PM\\Hwauei\\TopX\\Regression TopX 2G\\20240804_135833\\1722769354763.png, C:\\Users\\FatimaIbeid\\git\\NetCell\\Reports\\20240804_135833\\PM\\Hwauei\\TopX\\Regression TopX 2G\\20240804_135833\\1722769354915.png, C:\\Users\\FatimaIbeid\\git\\NetCell\\Reports\\20240804_135833\\PM\\Hwauei\\TopX\\Regression TopX 2G\\20240804_135833\\1722769620166.png, C:\\Users\\FatimaIbeid\\git\\NetCell\\Reports\\20240804_135833\\PM\\Hwauei\\TopX\\Regression TopX 2G\\20240804_135833\\1722769620304.png, C:\\Users\\FatimaIbeid\\git\\NetCell\\Reports\\20240804_135833\\PM\\Hwauei\\TopX\\Regression TopX 2G\\20240804_135833\\1722769896611.png, C:\\Users\\FatimaIbeid\\git\\NetCell\\Reports\\20240804_135833\\PM\\Hwauei\\TopX\\Regression TopX 2G\\20240804_135833\\1722769896772.png, C:\\Users\\FatimaIbeid\\git\\NetCell\\Reports\\20240804_135833\\PM\\Hwauei\\TopX\\Regression TopX 2G\\20240804_135833\\1722770041921.png, C:\\Users\\FatimaIbeid\\git\\NetCell\\Reports\\20240804_135833\\PM\\Hwauei\\TopX\\Regression TopX 2G\\20240804_135833\\1722770214464.png, C:\\Users\\FatimaIbeid\\git\\NetCell\\Reports\\20240804_135833\\PM\\Hwauei\\TopX\\Regression TopX 2G\\20240804_135833\\1722770214603.png, C:\\Users\\FatimaIbeid\\git\\NetCell\\Reports\\20240804_135833\\PM\\Hwauei\\TopX\\Regression TopX 2G\\20240804_135833\\1722770387757.png, C:\\Users\\FatimaIbeid\\git\\NetCell\\Reports\\20240804_135833\\PM\\Hwauei\\TopX\\Regression TopX 2G\\20240804_135833\\1722770387886.png, C:\\Users\\FatimaIbeid\\git\\NetCell\\Reports\\20240804_135833\\PM\\Hwauei\\TopX\\Regression TopX 2G\\20240804_135833\\1722770555513.png, C:\\Users\\FatimaIbeid\\git\\NetCell\\Reports\\20240804_135833\\PM\\Hwauei\\TopX\\Regression TopX 2G\\20240804_135833\\1722770555654.png, C:\\Users\\FatimaIbeid\\git\\NetCell\\Reports\\20240804_135833\\PM\\Hwauei\\TopX\\Regression TopX 2G\\20240804_135833\\1722770733054.png, C:\\Users\\FatimaIbeid\\git\\NetCell\\Reports\\20240804_135833\\PM\\Hwauei\\TopX\\Regression TopX 2G\\20240804_135833\\1722770733185.png, C:\\Users\\FatimaIbeid\\git\\NetCell\\Reports\\20240804_135833\\PM\\Hwauei\\TopX\\Regression TopX 2G\\20240804_135833\\1722770893795.png, C:\\Users\\FatimaIbeid\\git\\NetCell\\Reports\\20240804_135833\\PM\\Hwauei\\TopX\\Regression TopX 2G\\20240804_135833\\1722771043170.png, C:\\Users\\FatimaIbeid\\git\\NetCell\\Reports\\20240804_135833\\PM\\Hwauei\\TopX\\Regression TopX 2G\\20240804_135833\\1722771204098.png, C:\\Users\\FatimaIbeid\\git\\NetCell\\Reports\\20240804_135833\\PM\\Hwauei\\TopX\\Regression TopX 2G\\20240804_135833\\1722771360524.png, C:\\Users\\FatimaIbeid\\git\\NetCell\\Reports\\20240804_135833\\PM\\Hwauei\\TopX\\Regression TopX 2G\\20240804_135833\\1722771522164.png, C:\\Users\\FatimaIbeid\\git\\NetCell\\Reports\\20240804_135833\\PM\\Hwauei\\TopX\\Regression TopX 2G\\20240804_135833\\1722771522327.png, C:\\Users\\FatimaIbeid\\git\\NetCell\\Reports\\20240804_135833\\PM\\Hwauei\\TopX\\Regression TopX 2G\\20240804_135833\\1722771729675.png, C:\\Users\\FatimaIbeid\\git\\NetCell\\Reports\\20240804_135833\\PM\\Hwauei\\TopX\\Regression TopX 2G\\20240804_135833\\1722771729822.png, C:\\Users\\FatimaIbeid\\git\\NetCell\\Reports\\20240804_135833\\PM\\Hwauei\\TopX\\Regression TopX 2G\\20240804_135833\\1722771893281.png, C:\\Users\\FatimaIbeid\\git\\NetCell\\Reports\\20240804_135833\\PM\\Hwauei\\TopX\\Regression TopX 2G\\20240804_135833\\1722771893404.png, C:\\Users\\FatimaIbeid\\git\\NetCell\\Reports\\20240804_135833\\PM\\Hwauei\\TopX\\Regression TopX 2G\\20240804_135833\\1722772175791.png, C:\\Users\\FatimaIbeid\\git\\NetCell\\Reports\\20240804_135833\\PM\\Hwauei\\TopX\\Regression TopX 2G\\20240804_135833\\1722772175984.png"/>
         <property name="hostName" value="FatimaIbeid - LP-FatimaIbeid"/>
         <property name="os" value="Windows 11 64bit"/>
         <property name="katalonVersion" value="8.6.9.208"/>
         <property name="browser" value="Chrome 127.0.0.0"/>
         <property name="hostAddress" value="192.168.9.99"/>
         <property name="sessionId" value="3e90308314c14bf8b0bef35134d95e8d"/>
         <property name="seleniumVersion" value="3.141.59"/>
         <property name="proxyInformation" value="ProxyInformation { proxyOption=NO_PROXY, proxyServerType=HTTP, username=, password=********, proxyServerAddress=, proxyServerPort=0, executionList=&quot;&quot;, isApplyToDesiredCapabilities=true }"/>
         <property name="platform" value="Windows 11"/>
      </properties>
      <testcase name="Test Cases/PM/Hwauei/TopX/2G TopX/XPLMN/TopX 2G PLMN default" time="35.885" classname="Test Cases/PM/Hwauei/TopX/2G TopX/XPLMN/TopX 2G PLMN default" status="PASSED">
         <system-out><![CDATA[2024-08-04 13:58:37 - [TEST_CASE][PASSED] - Test Cases/PM/Hwauei/TopX/2G TopX/XPLMN/TopX 2G PLMN default: Test Cases/PM/Hwauei/TopX/2G TopX/XPLMN/TopX 2G PLMN default

2024-08-04 13:58:37 - [TEST_STEP][PASSED] - callTestCase(findTestCase("Login"), [:], STOP_ON_FAILURE): Call Test Case 'Test Cases/Login' successfully

2024-08-04 13:58:37 - [TEST_CASE][PASSED] - Test Cases/Login: Test Cases/Login

2024-08-04 13:58:38 - [TEST_STEP][PASSED] - driver = general.start(SwagerURL, NetCellURL): general.start is PASSED

2024-08-04 13:58:38 - [MESSAGE][INFO] - >>> chromeDriverPath=C:\Users\FatimaIbeid\.katalon\packages\Katalon_Studio_Windows_64-8.6.9\Katalon_Studio_Windows_64-8.6.9\configuration\resources\drivers\chromedriver_win32\chromedriver.exe

2024-08-04 13:58:41 - [MESSAGE][PASSED] - Current window maximized

2024-08-04 13:58:42 - [MESSAGE][PASSED] - Execute JavaScript 'window.open();' successfully

2024-08-04 13:58:42 - [MESSAGE][PASSED] - Switched to window with index: '1'

2024-08-04 13:58:43 - [MESSAGE][PASSED] - general.start is PASSED

2024-08-04 13:58:43 - [TEST_STEP][PASSED] - click(findTestObject("Object Repository/Login/LoginButton")): Object: 'Object Repository/Login/LoginButton' is clicked on

2024-08-04 13:58:44 - [MESSAGE][PASSED] - Object: 'Object Repository/Login/LoginButton' is clicked on

2024-08-04 13:58:44 - [TEST_STEP][PASSED] - switchToWindowIndex(2): Switched to window with index: '2'

2024-08-04 13:58:45 - [MESSAGE][PASSED] - Switched to window with index: '2'

2024-08-04 13:58:45 - [TEST_STEP][PASSED] - delay(1): Delayed 1 second(s)

2024-08-04 13:58:46 - [MESSAGE][PASSED] - Delayed 1 second(s)

2024-08-04 13:58:46 - [TEST_STEP][PASSED] - sendKeys(findTestObject("Object Repository/Login/EnterEmail"), "homam@zztjg.onmicrosoft.com"): Keys 'homam@zztjg.onmicrosoft.com' sent to object: 'Object Repository/Login/EnterEmail'

2024-08-04 13:58:48 - [MESSAGE][PASSED] - Keys 'homam@zztjg.onmicrosoft.com' sent to object: 'Object Repository/Login/EnterEmail'

2024-08-04 13:58:48 - [TEST_STEP][PASSED] - delay(1): Delayed 1 second(s)

2024-08-04 13:58:49 - [MESSAGE][PASSED] - Delayed 1 second(s)

2024-08-04 13:58:49 - [TEST_STEP][PASSED] - click(findTestObject("Object Repository/Login/NextButton")): Object: 'Object Repository/Login/NextButton' is clicked on

2024-08-04 13:58:49 - [MESSAGE][PASSED] - Object: 'Object Repository/Login/NextButton' is clicked on

2024-08-04 13:58:49 - [TEST_STEP][PASSED] - delay(2): Delayed 2 second(s)

2024-08-04 13:58:51 - [MESSAGE][PASSED] - Delayed 2 second(s)

2024-08-04 13:58:51 - [TEST_STEP][PASSED] - sendKeys(findTestObject("Object Repository/Login/EnterPassword"), "Holder12345"): Keys 'Holder12345' sent to object: 'Object Repository/Login/EnterPassword'

2024-08-04 13:58:51 - [MESSAGE][PASSED] - Keys 'Holder12345' sent to object: 'Object Repository/Login/EnterPassword'

2024-08-04 13:58:51 - [TEST_STEP][PASSED] - delay(1): Delayed 1 second(s)

2024-08-04 13:58:52 - [MESSAGE][PASSED] - Delayed 1 second(s)

2024-08-04 13:58:52 - [TEST_STEP][PASSED] - click(findTestObject("Object Repository/Login/SigninButton")): Object: 'Object Repository/Login/SigninButton' is clicked on

2024-08-04 13:58:53 - [MESSAGE][PASSED] - Object: 'Object Repository/Login/SigninButton' is clicked on

2024-08-04 13:58:53 - [TEST_STEP][PASSED] - delay(1): Delayed 1 second(s)

2024-08-04 13:58:54 - [MESSAGE][PASSED] - Delayed 1 second(s)

2024-08-04 13:58:54 - [TEST_STEP][PASSED] - click(findTestObject("Object Repository/Login/YesStayInButton")): Object: 'Object Repository/Login/YesStayInButton' is clicked on

2024-08-04 13:58:55 - [MESSAGE][PASSED] - Object: 'Object Repository/Login/YesStayInButton' is clicked on

2024-08-04 13:58:55 - [MESSAGE][PASSED] - Call Test Case 'Test Cases/Login' successfully

2024-08-04 13:58:55 - [TEST_STEP][PASSED] - switchToWindowIndex(1): Switched to window with index: '1'

2024-08-04 13:58:55 - [MESSAGE][PASSED] - Switched to window with index: '1'

2024-08-04 13:58:55 - [TEST_STEP][PASSED] - PMHwaueiTopX.TopX("2G", "PLMN", false, "Hourly", false, null): PMHwaueiTopX.TopX is PASSED

2024-08-04 13:58:56 - [MESSAGE][PASSED] - Object: 'Object Repository/PM/PM-Button' is clicked on

2024-08-04 13:58:56 - [MESSAGE][PASSED] - Switched to window with index: '2'

2024-08-04 13:58:57 - [MESSAGE][PASSED] - Object: 'Object Repository/PM/Huawei-vendor/Data-view/TopX' is clicked on

2024-08-04 13:58:58 - [MESSAGE][PASSED] - Object: 'Object Repository/PM/Huawei-vendor/Technology/Technology-Arrow' is clicked on

2024-08-04 13:58:58 - [MESSAGE][PASSED] - Object: 'Object Repository/PM/Huawei-vendor/Technology/2G' is clicked on

2024-08-04 13:58:58 - [MESSAGE][PASSED] - Object: 'Object Repository/PM/Huawei-vendor/TopX/TopX Object Type' is clicked on

2024-08-04 13:58:59 - [MESSAGE][PASSED] - Delayed 1 second(s)

2024-08-04 13:58:59 - [MESSAGE][PASSED] - Object: 'Object Repository/PM/Huawei-vendor/Object-Type/TopX Object Types/TopX PLMNs/TopX PLMN' is clicked on

2024-08-04 13:59:00 - [MESSAGE][PASSED] - Delayed 1 second(s)

2024-08-04 13:59:01 - [MESSAGE][PASSED] - Object: 'Object Repository/PM/Huawei-vendor/Object-Type/TopX Object Types/TopX PLMNs/TopX PLMN checkbox' is clicked on

2024-08-04 13:59:01 - [MESSAGE][WARNING] - Timeout '0' is invalid. Using default page load timeout: '120'

2024-08-04 13:59:01 - [MESSAGE][PASSED] - Scroll to object 'Object Repository/PM/Huawei-vendor/LowXlabel' successfully

2024-08-04 13:59:01 - [MESSAGE][PASSED] - Object: 'Object Repository/PM/Huawei-vendor/TopX/TopXDate/BeforeDate' is clicked on

2024-08-04 13:59:02 - [MESSAGE][PASSED] - Delayed 1 second(s)

2024-08-04 13:59:02 - [MESSAGE][PASSED] - Object: 'Object Repository/PM/Huawei-vendor/TopX/TopXDate/Choose Month' is clicked on

2024-08-04 13:59:03 - [MESSAGE][PASSED] - Delayed 1 second(s)

2024-08-04 13:59:03 - [MESSAGE][PASSED] - Object: 'Object Repository/PM/Huawei-vendor/TopX/TopXDate/Feb' is clicked on

2024-08-04 13:59:04 - [MESSAGE][PASSED] - Object: 'Object Repository/PM/Huawei-vendor/TopX/TopXDate/Day 1' is clicked on

2024-08-04 13:59:04 - [MESSAGE][PASSED] - Object: 'Object Repository/PM/Huawei-vendor/TopX/TopXDate/Button OK' is clicked on

2024-08-04 13:59:04 - [MESSAGE][PASSED] - Object: 'Object Repository/PM/Huawei-vendor/TopX/TopXDate/After Date' is clicked on

2024-08-04 13:59:05 - [MESSAGE][PASSED] - Delayed 1 second(s)

2024-08-04 13:59:05 - [MESSAGE][PASSED] - Object: 'Object Repository/PM/Huawei-vendor/TopX/TopXDate/Choose Month' is clicked on

2024-08-04 13:59:06 - [MESSAGE][PASSED] - Delayed 1 second(s)

2024-08-04 13:59:06 - [MESSAGE][PASSED] - Object: 'Object Repository/PM/Huawei-vendor/TopX/TopXDate/Feb' is clicked on

2024-08-04 13:59:07 - [MESSAGE][PASSED] - Object: 'Object Repository/PM/Huawei-vendor/TopX/TopXDate/Day 7' is clicked on

2024-08-04 13:59:07 - [MESSAGE][PASSED] - Object: 'Object Repository/PM/Huawei-vendor/TopX/TopXDate/Button OK' is clicked on

2024-08-04 13:59:07 - [MESSAGE][PASSED] - Object: 'Object Repository/PM/Huawei-vendor/Apply-Button' is clicked on

2024-08-04 13:59:07 - [MESSAGE][WARNING] - Timeout '0' is invalid. Using default page load timeout: '120'

2024-08-04 13:59:07 - [MESSAGE][PASSED] - Web element with id: 'Object Repository/PM/Huawei-vendor/Error' located by 'By.xpath: //div[@class='toast-summary title-medium-m']' is not present after '120' second(s)

2024-08-04 13:59:07 - [MESSAGE][WARNING] - Timeout '0' is invalid. Using default page load timeout: '120'

2024-08-04 13:59:11 - [MESSAGE][PASSED] - Object 'Object Repository/PM/Huawei-vendor/Chart' is present

2024-08-04 13:59:11 - [MESSAGE][WARNING] - Timeout '0' is invalid. Using default page load timeout: '120'

2024-08-04 13:59:11 - [MESSAGE][PASSED] - Object 'Object Repository/PM/Huawei-vendor/TopX/TopX Export Chart' is present

2024-08-04 13:59:11 - [MESSAGE][WARNING] - Timeout '0' is invalid. Using default page load timeout: '120'

2024-08-04 13:59:11 - [MESSAGE][PASSED] - Object 'Object Repository/PM/Huawei-vendor/TopX/Table View' is present

2024-08-04 13:59:11 - [MESSAGE][PASSED] - Object: 'Object Repository/PM/Huawei-vendor/TopX/Table View' is clicked on

2024-08-04 13:59:12 - [MESSAGE][PASSED] - Object: 'Object Repository/PM/Huawei-vendor/TopX/Reordering the table view' is clicked on

2024-08-04 13:59:12 - [MESSAGE][PASSED] - Browser is closed

2024-08-04 13:59:12 - [MESSAGE][PASSED] - PMHwaueiTopX.TopX is PASSED]]></system-out>
         <system-err><![CDATA[]]></system-err>
      </testcase>
      <testcase name="Test Cases/PM/Hwauei/TopX/2G TopX/XPLMN/TopX 2G PLMN with LowX" time="28.214" classname="Test Cases/PM/Hwauei/TopX/2G TopX/XPLMN/TopX 2G PLMN with LowX" status="PASSED">
         <system-out><![CDATA[2024-08-04 13:59:12 - [TEST_CASE][PASSED] - Test Cases/PM/Hwauei/TopX/2G TopX/XPLMN/TopX 2G PLMN with LowX: Test Cases/PM/Hwauei/TopX/2G TopX/XPLMN/TopX 2G PLMN with LowX

2024-08-04 13:59:13 - [TEST_STEP][PASSED] - callTestCase(findTestCase("Login"), [:], STOP_ON_FAILURE): Call Test Case 'Test Cases/Login' successfully

2024-08-04 13:59:13 - [TEST_CASE][PASSED] - Test Cases/Login: Test Cases/Login

2024-08-04 13:59:13 - [TEST_STEP][PASSED] - driver = general.start(SwagerURL, NetCellURL): general.start is PASSED

2024-08-04 13:59:13 - [MESSAGE][INFO] - >>> chromeDriverPath=C:\Users\FatimaIbeid\.katalon\packages\Katalon_Studio_Windows_64-8.6.9\Katalon_Studio_Windows_64-8.6.9\configuration\resources\drivers\chromedriver_win32\chromedriver.exe

2024-08-04 13:59:14 - [MESSAGE][PASSED] - Current window maximized

2024-08-04 13:59:15 - [MESSAGE][PASSED] - Execute JavaScript 'window.open();' successfully

2024-08-04 13:59:15 - [MESSAGE][PASSED] - Switched to window with index: '1'

2024-08-04 13:59:15 - [MESSAGE][PASSED] - general.start is PASSED

2024-08-04 13:59:15 - [TEST_STEP][PASSED] - click(findTestObject("Object Repository/Login/LoginButton")): Object: 'Object Repository/Login/LoginButton' is clicked on

2024-08-04 13:59:17 - [MESSAGE][PASSED] - Object: 'Object Repository/Login/LoginButton' is clicked on

2024-08-04 13:59:17 - [TEST_STEP][PASSED] - switchToWindowIndex(2): Switched to window with index: '2'

2024-08-04 13:59:17 - [MESSAGE][PASSED] - Switched to window with index: '2'

2024-08-04 13:59:17 - [TEST_STEP][PASSED] - delay(1): Delayed 1 second(s)

2024-08-04 13:59:18 - [MESSAGE][PASSED] - Delayed 1 second(s)

2024-08-04 13:59:18 - [TEST_STEP][PASSED] - sendKeys(findTestObject("Object Repository/Login/EnterEmail"), "homam@zztjg.onmicrosoft.com"): Keys 'homam@zztjg.onmicrosoft.com' sent to object: 'Object Repository/Login/EnterEmail'

2024-08-04 13:59:18 - [MESSAGE][PASSED] - Keys 'homam@zztjg.onmicrosoft.com' sent to object: 'Object Repository/Login/EnterEmail'

2024-08-04 13:59:18 - [TEST_STEP][PASSED] - delay(1): Delayed 1 second(s)

2024-08-04 13:59:19 - [MESSAGE][PASSED] - Delayed 1 second(s)

2024-08-04 13:59:19 - [TEST_STEP][PASSED] - click(findTestObject("Object Repository/Login/NextButton")): Object: 'Object Repository/Login/NextButton' is clicked on

2024-08-04 13:59:20 - [MESSAGE][PASSED] - Object: 'Object Repository/Login/NextButton' is clicked on

2024-08-04 13:59:20 - [TEST_STEP][PASSED] - delay(2): Delayed 2 second(s)

2024-08-04 13:59:22 - [MESSAGE][PASSED] - Delayed 2 second(s)

2024-08-04 13:59:22 - [TEST_STEP][PASSED] - sendKeys(findTestObject("Object Repository/Login/EnterPassword"), "Holder12345"): Keys 'Holder12345' sent to object: 'Object Repository/Login/EnterPassword'

2024-08-04 13:59:22 - [MESSAGE][PASSED] - Keys 'Holder12345' sent to object: 'Object Repository/Login/EnterPassword'

2024-08-04 13:59:22 - [TEST_STEP][PASSED] - delay(1): Delayed 1 second(s)

2024-08-04 13:59:23 - [MESSAGE][PASSED] - Delayed 1 second(s)

2024-08-04 13:59:23 - [TEST_STEP][PASSED] - click(findTestObject("Object Repository/Login/SigninButton")): Object: 'Object Repository/Login/SigninButton' is clicked on

2024-08-04 13:59:23 - [MESSAGE][PASSED] - Object: 'Object Repository/Login/SigninButton' is clicked on

2024-08-04 13:59:23 - [TEST_STEP][PASSED] - delay(1): Delayed 1 second(s)

2024-08-04 13:59:24 - [MESSAGE][PASSED] - Delayed 1 second(s)

2024-08-04 13:59:24 - [TEST_STEP][PASSED] - click(findTestObject("Object Repository/Login/YesStayInButton")): Object: 'Object Repository/Login/YesStayInButton' is clicked on

2024-08-04 13:59:25 - [MESSAGE][PASSED] - Object: 'Object Repository/Login/YesStayInButton' is clicked on

2024-08-04 13:59:25 - [MESSAGE][PASSED] - Call Test Case 'Test Cases/Login' successfully

2024-08-04 13:59:25 - [TEST_STEP][PASSED] - switchToWindowIndex(1): Switched to window with index: '1'

2024-08-04 13:59:25 - [MESSAGE][PASSED] - Switched to window with index: '1'

2024-08-04 13:59:25 - [TEST_STEP][PASSED] - PMHwaueiTopX.TopX("2G", "PLMN", true, "Hourly", true, null): PMHwaueiTopX.TopX is PASSED

2024-08-04 13:59:25 - [MESSAGE][PASSED] - Object: 'Object Repository/PM/PM-Button' is clicked on

2024-08-04 13:59:25 - [MESSAGE][PASSED] - Switched to window with index: '2'

2024-08-04 13:59:26 - [MESSAGE][PASSED] - Object: 'Object Repository/PM/Huawei-vendor/Data-view/TopX' is clicked on

2024-08-04 13:59:27 - [MESSAGE][PASSED] - Object: 'Object Repository/PM/Huawei-vendor/Technology/Technology-Arrow' is clicked on

2024-08-04 13:59:27 - [MESSAGE][PASSED] - Object: 'Object Repository/PM/Huawei-vendor/Technology/2G' is clicked on

2024-08-04 13:59:27 - [MESSAGE][PASSED] - Object: 'Object Repository/PM/Huawei-vendor/TopX/TopX Object Type' is clicked on

2024-08-04 13:59:28 - [MESSAGE][PASSED] - Delayed 1 second(s)

2024-08-04 13:59:28 - [MESSAGE][PASSED] - Object: 'Object Repository/PM/Huawei-vendor/Object-Type/TopX Object Types/TopX PLMNs/TopX PLMN' is clicked on

2024-08-04 13:59:29 - [MESSAGE][PASSED] - Delayed 1 second(s)

2024-08-04 13:59:29 - [MESSAGE][PASSED] - Object: 'Object Repository/PM/Huawei-vendor/Object-Type/TopX Object Types/TopX PLMNs/TopX PLMN checkbox' is clicked on

2024-08-04 13:59:29 - [MESSAGE][WARNING] - Timeout '0' is invalid. Using default page load timeout: '120'

2024-08-04 13:59:29 - [MESSAGE][PASSED] - Scroll to object 'Object Repository/PM/Huawei-vendor/LowXlabel' successfully

2024-08-04 13:59:30 - [MESSAGE][PASSED] - Object: 'Object Repository/PM/Huawei-vendor/TopX/TopXDate/BeforeDate' is clicked on

2024-08-04 13:59:31 - [MESSAGE][PASSED] - Delayed 1 second(s)

2024-08-04 13:59:31 - [MESSAGE][PASSED] - Object: 'Object Repository/PM/Huawei-vendor/TopX/TopXDate/Choose Month' is clicked on

2024-08-04 13:59:32 - [MESSAGE][PASSED] - Delayed 1 second(s)

2024-08-04 13:59:32 - [MESSAGE][PASSED] - Object: 'Object Repository/PM/Huawei-vendor/TopX/TopXDate/Feb' is clicked on

2024-08-04 13:59:32 - [MESSAGE][PASSED] - Object: 'Object Repository/PM/Huawei-vendor/TopX/TopXDate/Day 1' is clicked on

2024-08-04 13:59:32 - [MESSAGE][PASSED] - Object: 'Object Repository/PM/Huawei-vendor/TopX/TopXDate/Button OK' is clicked on

2024-08-04 13:59:33 - [MESSAGE][PASSED] - Object: 'Object Repository/PM/Huawei-vendor/TopX/TopXDate/After Date' is clicked on

2024-08-04 13:59:34 - [MESSAGE][PASSED] - Delayed 1 second(s)

2024-08-04 13:59:34 - [MESSAGE][PASSED] - Object: 'Object Repository/PM/Huawei-vendor/TopX/TopXDate/Choose Month' is clicked on

2024-08-04 13:59:35 - [MESSAGE][PASSED] - Delayed 1 second(s)

2024-08-04 13:59:35 - [MESSAGE][PASSED] - Object: 'Object Repository/PM/Huawei-vendor/TopX/TopXDate/Feb' is clicked on

2024-08-04 13:59:35 - [MESSAGE][PASSED] - Object: 'Object Repository/PM/Huawei-vendor/TopX/TopXDate/Day 7' is clicked on

2024-08-04 13:59:35 - [MESSAGE][PASSED] - Object: 'Object Repository/PM/Huawei-vendor/TopX/TopXDate/Button OK' is clicked on

2024-08-04 13:59:35 - [MESSAGE][PASSED] - Object: 'Object Repository/PM/Huawei-vendor/LowXCheckBox' is clicked on

2024-08-04 13:59:36 - [MESSAGE][PASSED] - Object: 'Object Repository/PM/Huawei-vendor/Apply-Button' is clicked on

2024-08-04 13:59:36 - [MESSAGE][WARNING] - Timeout '0' is invalid. Using default page load timeout: '120'

2024-08-04 13:59:36 - [MESSAGE][PASSED] - Web element with id: 'Object Repository/PM/Huawei-vendor/Error' located by 'By.xpath: //div[@class='toast-summary title-medium-m']' is not present after '120' second(s)

2024-08-04 13:59:36 - [MESSAGE][WARNING] - Timeout '0' is invalid. Using default page load timeout: '120'

2024-08-04 13:59:39 - [MESSAGE][PASSED] - Object 'Object Repository/PM/Huawei-vendor/Chart' is present

2024-08-04 13:59:39 - [MESSAGE][WARNING] - Timeout '0' is invalid. Using default page load timeout: '120'

2024-08-04 13:59:39 - [MESSAGE][PASSED] - Object 'Object Repository/PM/Huawei-vendor/TopX/TopX Export Chart' is present

2024-08-04 13:59:39 - [MESSAGE][WARNING] - Timeout '0' is invalid. Using default page load timeout: '120'

2024-08-04 13:59:40 - [MESSAGE][PASSED] - Object 'Object Repository/PM/Huawei-vendor/TopX/Table View' is present

2024-08-04 13:59:40 - [MESSAGE][PASSED] - Object: 'Object Repository/PM/Huawei-vendor/TopX/Table View' is clicked on

2024-08-04 13:59:40 - [MESSAGE][PASSED] - Object: 'Object Repository/PM/Huawei-vendor/TopX/Reordering the table view' is clicked on

2024-08-04 13:59:41 - [MESSAGE][PASSED] - Browser is closed

2024-08-04 13:59:41 - [MESSAGE][PASSED] - PMHwaueiTopX.TopX is PASSED]]></system-out>
         <system-err><![CDATA[]]></system-err>
      </testcase>
      <testcase name="Test Cases/PM/Hwauei/TopX/2G TopX/XPLMN/TopX 2G PLMN Daily" time="29.007" classname="Test Cases/PM/Hwauei/TopX/2G TopX/XPLMN/TopX 2G PLMN Daily" status="PASSED">
         <system-out><![CDATA[2024-08-04 13:59:41 - [TEST_CASE][PASSED] - Test Cases/PM/Hwauei/TopX/2G TopX/XPLMN/TopX 2G PLMN Daily: Test Cases/PM/Hwauei/TopX/2G TopX/XPLMN/TopX 2G PLMN Daily

2024-08-04 13:59:41 - [TEST_STEP][PASSED] - callTestCase(findTestCase("Login"), [:], STOP_ON_FAILURE): Call Test Case 'Test Cases/Login' successfully

2024-08-04 13:59:41 - [TEST_CASE][PASSED] - Test Cases/Login: Test Cases/Login

2024-08-04 13:59:41 - [TEST_STEP][PASSED] - driver = general.start(SwagerURL, NetCellURL): general.start is PASSED

2024-08-04 13:59:41 - [MESSAGE][INFO] - >>> chromeDriverPath=C:\Users\FatimaIbeid\.katalon\packages\Katalon_Studio_Windows_64-8.6.9\Katalon_Studio_Windows_64-8.6.9\configuration\resources\drivers\chromedriver_win32\chromedriver.exe

2024-08-04 13:59:42 - [MESSAGE][PASSED] - Current window maximized

2024-08-04 13:59:43 - [MESSAGE][PASSED] - Execute JavaScript 'window.open();' successfully

2024-08-04 13:59:43 - [MESSAGE][PASSED] - Switched to window with index: '1'

2024-08-04 13:59:43 - [MESSAGE][PASSED] - general.start is PASSED

2024-08-04 13:59:43 - [TEST_STEP][PASSED] - click(findTestObject("Object Repository/Login/LoginButton")): Object: 'Object Repository/Login/LoginButton' is clicked on

2024-08-04 13:59:44 - [MESSAGE][PASSED] - Object: 'Object Repository/Login/LoginButton' is clicked on

2024-08-04 13:59:44 - [TEST_STEP][PASSED] - switchToWindowIndex(2): Switched to window with index: '2'

2024-08-04 13:59:44 - [MESSAGE][PASSED] - Switched to window with index: '2'

2024-08-04 13:59:44 - [TEST_STEP][PASSED] - delay(1): Delayed 1 second(s)

2024-08-04 13:59:46 - [MESSAGE][PASSED] - Delayed 1 second(s)

2024-08-04 13:59:46 - [TEST_STEP][PASSED] - sendKeys(findTestObject("Object Repository/Login/EnterEmail"), "homam@zztjg.onmicrosoft.com"): Keys 'homam@zztjg.onmicrosoft.com' sent to object: 'Object Repository/Login/EnterEmail'

2024-08-04 13:59:47 - [MESSAGE][PASSED] - Keys 'homam@zztjg.onmicrosoft.com' sent to object: 'Object Repository/Login/EnterEmail'

2024-08-04 13:59:47 - [TEST_STEP][PASSED] - delay(1): Delayed 1 second(s)

2024-08-04 13:59:48 - [MESSAGE][PASSED] - Delayed 1 second(s)

2024-08-04 13:59:48 - [TEST_STEP][PASSED] - click(findTestObject("Object Repository/Login/NextButton")): Object: 'Object Repository/Login/NextButton' is clicked on

2024-08-04 13:59:48 - [MESSAGE][PASSED] - Object: 'Object Repository/Login/NextButton' is clicked on

2024-08-04 13:59:48 - [TEST_STEP][PASSED] - delay(2): Delayed 2 second(s)

2024-08-04 13:59:50 - [MESSAGE][PASSED] - Delayed 2 second(s)

2024-08-04 13:59:50 - [TEST_STEP][PASSED] - sendKeys(findTestObject("Object Repository/Login/EnterPassword"), "Holder12345"): Keys 'Holder12345' sent to object: 'Object Repository/Login/EnterPassword'

2024-08-04 13:59:50 - [MESSAGE][PASSED] - Keys 'Holder12345' sent to object: 'Object Repository/Login/EnterPassword'

2024-08-04 13:59:50 - [TEST_STEP][PASSED] - delay(1): Delayed 1 second(s)

2024-08-04 13:59:51 - [MESSAGE][PASSED] - Delayed 1 second(s)

2024-08-04 13:59:51 - [TEST_STEP][PASSED] - click(findTestObject("Object Repository/Login/SigninButton")): Object: 'Object Repository/Login/SigninButton' is clicked on

2024-08-04 13:59:52 - [MESSAGE][PASSED] - Object: 'Object Repository/Login/SigninButton' is clicked on

2024-08-04 13:59:52 - [TEST_STEP][PASSED] - delay(1): Delayed 1 second(s)

2024-08-04 13:59:53 - [MESSAGE][PASSED] - Delayed 1 second(s)

2024-08-04 13:59:53 - [TEST_STEP][PASSED] - click(findTestObject("Object Repository/Login/YesStayInButton")): Object: 'Object Repository/Login/YesStayInButton' is clicked on

2024-08-04 13:59:53 - [MESSAGE][PASSED] - Object: 'Object Repository/Login/YesStayInButton' is clicked on

2024-08-04 13:59:53 - [MESSAGE][PASSED] - Call Test Case 'Test Cases/Login' successfully

2024-08-04 13:59:53 - [TEST_STEP][PASSED] - switchToWindowIndex(1): Switched to window with index: '1'

2024-08-04 13:59:53 - [MESSAGE][PASSED] - Switched to window with index: '1'

2024-08-04 13:59:53 - [TEST_STEP][PASSED] - PMHwaueiTopX.TopX("2G", "PLMN", false, "Daily", false, null): PMHwaueiTopX.TopX is PASSED

2024-08-04 13:59:54 - [MESSAGE][PASSED] - Object: 'Object Repository/PM/PM-Button' is clicked on

2024-08-04 13:59:54 - [MESSAGE][PASSED] - Switched to window with index: '2'

2024-08-04 13:59:55 - [MESSAGE][PASSED] - Object: 'Object Repository/PM/Huawei-vendor/Data-view/TopX' is clicked on

2024-08-04 13:59:55 - [MESSAGE][PASSED] - Object: 'Object Repository/PM/Huawei-vendor/Technology/Technology-Arrow' is clicked on

2024-08-04 13:59:55 - [MESSAGE][PASSED] - Object: 'Object Repository/PM/Huawei-vendor/Technology/2G' is clicked on

2024-08-04 13:59:55 - [MESSAGE][PASSED] - Object: 'Object Repository/PM/Huawei-vendor/TopX/TopX Object Type' is clicked on

2024-08-04 13:59:56 - [MESSAGE][PASSED] - Delayed 1 second(s)

2024-08-04 13:59:57 - [MESSAGE][PASSED] - Object: 'Object Repository/PM/Huawei-vendor/Object-Type/TopX Object Types/TopX PLMNs/TopX PLMN' is clicked on

2024-08-04 13:59:58 - [MESSAGE][PASSED] - Delayed 1 second(s)

2024-08-04 13:59:58 - [MESSAGE][PASSED] - Object: 'Object Repository/PM/Huawei-vendor/Object-Type/TopX Object Types/TopX PLMNs/TopX PLMN checkbox' is clicked on

2024-08-04 13:59:58 - [MESSAGE][WARNING] - Timeout '0' is invalid. Using default page load timeout: '120'

2024-08-04 13:59:58 - [MESSAGE][PASSED] - Scroll to object 'Object Repository/PM/Huawei-vendor/LowXlabel' successfully

2024-08-04 13:59:58 - [MESSAGE][PASSED] - Object: 'Object Repository/PM/Huawei-vendor/Resolution Temp/Select Resolution temp' is clicked on

2024-08-04 13:59:58 - [MESSAGE][PASSED] - Object: 'Object Repository/PM/Huawei-vendor/Resolution Temp/Resolution Temp Daily' is clicked on

2024-08-04 13:59:58 - [MESSAGE][PASSED] - Object: 'Object Repository/PM/Huawei-vendor/TopX/TopXDate/BeforeDate' is clicked on

2024-08-04 13:59:59 - [MESSAGE][PASSED] - Delayed 1 second(s)

2024-08-04 13:59:59 - [MESSAGE][PASSED] - Object: 'Object Repository/PM/Huawei-vendor/TopX/TopXDate/Choose Month' is clicked on

2024-08-04 14:00:00 - [MESSAGE][PASSED] - Delayed 1 second(s)

2024-08-04 14:00:01 - [MESSAGE][PASSED] - Object: 'Object Repository/PM/Huawei-vendor/TopX/TopXDate/Feb' is clicked on

2024-08-04 14:00:01 - [MESSAGE][PASSED] - Object: 'Object Repository/PM/Huawei-vendor/TopX/TopXDate/Day 1' is clicked on

2024-08-04 14:00:01 - [MESSAGE][PASSED] - Object: 'Object Repository/PM/Huawei-vendor/TopX/TopXDate/Button OK' is clicked on

2024-08-04 14:00:01 - [MESSAGE][PASSED] - Object: 'Object Repository/PM/Huawei-vendor/TopX/TopXDate/After Date' is clicked on

2024-08-04 14:00:02 - [MESSAGE][PASSED] - Delayed 1 second(s)

2024-08-04 14:00:02 - [MESSAGE][PASSED] - Object: 'Object Repository/PM/Huawei-vendor/TopX/TopXDate/Choose Month' is clicked on

2024-08-04 14:00:03 - [MESSAGE][PASSED] - Delayed 1 second(s)

2024-08-04 14:00:04 - [MESSAGE][PASSED] - Object: 'Object Repository/PM/Huawei-vendor/TopX/TopXDate/Feb' is clicked on

2024-08-04 14:00:04 - [MESSAGE][PASSED] - Object: 'Object Repository/PM/Huawei-vendor/TopX/TopXDate/Day 7' is clicked on

2024-08-04 14:00:04 - [MESSAGE][PASSED] - Object: 'Object Repository/PM/Huawei-vendor/TopX/TopXDate/Button OK' is clicked on

2024-08-04 14:00:04 - [MESSAGE][PASSED] - Object: 'Object Repository/PM/Huawei-vendor/Apply-Button' is clicked on

2024-08-04 14:00:04 - [MESSAGE][WARNING] - Timeout '0' is invalid. Using default page load timeout: '120'

2024-08-04 14:00:04 - [MESSAGE][PASSED] - Web element with id: 'Object Repository/PM/Huawei-vendor/Error' located by 'By.xpath: //div[@class='toast-summary title-medium-m']' is not present after '120' second(s)

2024-08-04 14:00:04 - [MESSAGE][WARNING] - Timeout '0' is invalid. Using default page load timeout: '120'

2024-08-04 14:00:08 - [MESSAGE][PASSED] - Object 'Object Repository/PM/Huawei-vendor/Chart' is present

2024-08-04 14:00:08 - [MESSAGE][WARNING] - Timeout '0' is invalid. Using default page load timeout: '120'

2024-08-04 14:00:08 - [MESSAGE][PASSED] - Object 'Object Repository/PM/Huawei-vendor/TopX/TopX Export Chart' is present

2024-08-04 14:00:09 - [MESSAGE][WARNING] - Timeout '0' is invalid. Using default page load timeout: '120'

2024-08-04 14:00:09 - [MESSAGE][PASSED] - Object 'Object Repository/PM/Huawei-vendor/TopX/Table View' is present

2024-08-04 14:00:09 - [MESSAGE][PASSED] - Object: 'Object Repository/PM/Huawei-vendor/TopX/Table View' is clicked on

2024-08-04 14:00:09 - [MESSAGE][PASSED] - Object: 'Object Repository/PM/Huawei-vendor/TopX/Reordering the table view' is clicked on

2024-08-04 14:00:10 - [MESSAGE][PASSED] - Browser is closed

2024-08-04 14:00:10 - [MESSAGE][PASSED] - PMHwaueiTopX.TopX is PASSED]]></system-out>
         <system-err><![CDATA[]]></system-err>
      </testcase>
      <testcase name="Test Cases/PM/Hwauei/TopX/2G TopX/XPLMN/TopX 2G PLMN DailyBH" time="144.904" classname="Test Cases/PM/Hwauei/TopX/2G TopX/XPLMN/TopX 2G PLMN DailyBH" status="FAILED">
         <failure type="FAILED" message="Test Cases/PM/Hwauei/TopX/2G TopX/XPLMN/TopX 2G PLMN DailyBH FAILED.
Reason:
com.kms.katalon.core.exception.StepFailedException: Unable to verify object 'Object Repository/PM/Huawei-vendor/Chart' is present
	at com.kms.katalon.core.webui.keyword.internal.WebUIKeywordMain.stepFailed(WebUIKeywordMain.groovy:64)
	at com.kms.katalon.core.webui.keyword.internal.WebUIKeywordMain.runKeyword(WebUIKeywordMain.groovy:26)
	at com.kms.katalon.core.webui.keyword.builtin.VerifyElementPresentKeyword.verifyElementPresent(VerifyElementPresentKeyword.groovy:92)
	at com.kms.katalon.core.webui.keyword.builtin.VerifyElementPresentKeyword.execute(VerifyElementPresentKeyword.groovy:68)
	at com.kms.katalon.core.keyword.internal.KeywordExecutor.executeKeywordForPlatform(KeywordExecutor.groovy:74)
	at com.kms.katalon.core.webui.keyword.WebUiBuiltInKeywords.verifyElementPresent(WebUiBuiltInKeywords.groovy:1464)
	at com.kms.katalon.core.webui.keyword.WebUiBuiltInKeywords$verifyElementPresent$6.call(Unknown Source)
	at PMHwaueiTopX.TopX(PMHwaueiTopX.groovy:1593)
	at PMHwaueiTopX.invokeMethod(PMHwaueiTopX.groovy)
	at com.kms.katalon.core.main.CustomKeywordDelegatingMetaClass.invokeStaticMethod(CustomKeywordDelegatingMetaClass.java:55)
	at TopX 2G PLMN DailyBH.run(TopX 2G PLMN DailyBH:29)
	at com.kms.katalon.core.main.ScriptEngine.run(ScriptEngine.java:194)
	at com.kms.katalon.core.main.ScriptEngine.runScriptAsRawText(ScriptEngine.java:119)
	at com.kms.katalon.core.main.TestCaseExecutor.runScript(TestCaseExecutor.java:448)
	at com.kms.katalon.core.main.TestCaseExecutor.doExecute(TestCaseExecutor.java:439)
	at com.kms.katalon.core.main.TestCaseExecutor.processExecutionPhase(TestCaseExecutor.java:418)
	at com.kms.katalon.core.main.TestCaseExecutor.accessMainPhase(TestCaseExecutor.java:410)
	at com.kms.katalon.core.main.TestCaseExecutor.execute(TestCaseExecutor.java:285)
	at com.kms.katalon.core.common.CommonExecutor.accessTestCaseMainPhase(CommonExecutor.java:65)
	at com.kms.katalon.core.main.TestSuiteExecutor.accessTestSuiteMainPhase(TestSuiteExecutor.java:148)
	at com.kms.katalon.core.main.TestSuiteExecutor.execute(TestSuiteExecutor.java:106)
	at com.kms.katalon.core.main.TestCaseMain.startTestSuite(TestCaseMain.java:187)
	at com.kms.katalon.core.main.TestCaseMain$startTestSuite$0.call(Unknown Source)
	at TempTestSuite1722769113368.run(TempTestSuite1722769113368.groovy:35)
Caused by: com.kms.katalon.core.exception.StepFailedException: com.kms.katalon.core.webui.exception.WebElementNotFoundException: Web element with id: 'Object Repository/PM/Huawei-vendor/Chart' located by '//*[@id=&quot;chart-container&quot;]/div/app-main-chart-component[1]/div/div[2]/div[2]/div/div/div[1]/canvas' not found
	at com.kms.katalon.core.webui.keyword.internal.WebUIKeywordMain.stepFailed(WebUIKeywordMain.groovy:64)
	at com.kms.katalon.core.webui.keyword.builtin.VerifyElementPresentKeyword$_verifyElementPresent_closure1.doCall(VerifyElementPresentKeyword.groovy:85)
	at com.kms.katalon.core.webui.keyword.builtin.VerifyElementPresentKeyword$_verifyElementPresent_closure1.call(VerifyElementPresentKeyword.groovy)
	at com.kms.katalon.core.webui.keyword.internal.WebUIKeywordMain.runKeyword(WebUIKeywordMain.groovy:20)
	... 22 more
"/>
         <system-out><![CDATA[2024-08-04 14:00:10 - [TEST_CASE][FAILED] - Test Cases/PM/Hwauei/TopX/2G TopX/XPLMN/TopX 2G PLMN DailyBH: Test Cases/PM/Hwauei/TopX/2G TopX/XPLMN/TopX 2G PLMN DailyBH FAILED.
Reason:
com.kms.katalon.core.exception.StepFailedException: Unable to verify object 'Object Repository/PM/Huawei-vendor/Chart' is present
	at com.kms.katalon.core.webui.keyword.internal.WebUIKeywordMain.stepFailed(WebUIKeywordMain.groovy:64)
	at com.kms.katalon.core.webui.keyword.internal.WebUIKeywordMain.runKeyword(WebUIKeywordMain.groovy:26)
	at com.kms.katalon.core.webui.keyword.builtin.VerifyElementPresentKeyword.verifyElementPresent(VerifyElementPresentKeyword.groovy:92)
	at com.kms.katalon.core.webui.keyword.builtin.VerifyElementPresentKeyword.execute(VerifyElementPresentKeyword.groovy:68)
	at com.kms.katalon.core.keyword.internal.KeywordExecutor.executeKeywordForPlatform(KeywordExecutor.groovy:74)
	at com.kms.katalon.core.webui.keyword.WebUiBuiltInKeywords.verifyElementPresent(WebUiBuiltInKeywords.groovy:1464)
	at com.kms.katalon.core.webui.keyword.WebUiBuiltInKeywords$verifyElementPresent$6.call(Unknown Source)
	at PMHwaueiTopX.TopX(PMHwaueiTopX.groovy:1593)
	at PMHwaueiTopX.invokeMethod(PMHwaueiTopX.groovy)
	at com.kms.katalon.core.main.CustomKeywordDelegatingMetaClass.invokeStaticMethod(CustomKeywordDelegatingMetaClass.java:55)
	at TopX 2G PLMN DailyBH.run(TopX 2G PLMN DailyBH:29)
	at com.kms.katalon.core.main.ScriptEngine.run(ScriptEngine.java:194)
	at com.kms.katalon.core.main.ScriptEngine.runScriptAsRawText(ScriptEngine.java:119)
	at com.kms.katalon.core.main.TestCaseExecutor.runScript(TestCaseExecutor.java:448)
	at com.kms.katalon.core.main.TestCaseExecutor.doExecute(TestCaseExecutor.java:439)
	at com.kms.katalon.core.main.TestCaseExecutor.processExecutionPhase(TestCaseExecutor.java:418)
	at com.kms.katalon.core.main.TestCaseExecutor.accessMainPhase(TestCaseExecutor.java:410)
	at com.kms.katalon.core.main.TestCaseExecutor.execute(TestCaseExecutor.java:285)
	at com.kms.katalon.core.common.CommonExecutor.accessTestCaseMainPhase(CommonExecutor.java:65)
	at com.kms.katalon.core.main.TestSuiteExecutor.accessTestSuiteMainPhase(TestSuiteExecutor.java:148)
	at com.kms.katalon.core.main.TestSuiteExecutor.execute(TestSuiteExecutor.java:106)
	at com.kms.katalon.core.main.TestCaseMain.startTestSuite(TestCaseMain.java:187)
	at com.kms.katalon.core.main.TestCaseMain$startTestSuite$0.call(Unknown Source)
	at TempTestSuite1722769113368.run(TempTestSuite1722769113368.groovy:35)
Caused by: com.kms.katalon.core.exception.StepFailedException: com.kms.katalon.core.webui.exception.WebElementNotFoundException: Web element with id: 'Object Repository/PM/Huawei-vendor/Chart' located by '//*[@id="chart-container"]/div/app-main-chart-component[1]/div/div[2]/div[2]/div/div/div[1]/canvas' not found
	at com.kms.katalon.core.webui.keyword.internal.WebUIKeywordMain.stepFailed(WebUIKeywordMain.groovy:64)
	at com.kms.katalon.core.webui.keyword.builtin.VerifyElementPresentKeyword$_verifyElementPresent_closure1.doCall(VerifyElementPresentKeyword.groovy:85)
	at com.kms.katalon.core.webui.keyword.builtin.VerifyElementPresentKeyword$_verifyElementPresent_closure1.call(VerifyElementPresentKeyword.groovy)
	at com.kms.katalon.core.webui.keyword.internal.WebUIKeywordMain.runKeyword(WebUIKeywordMain.groovy:20)
	... 22 more


2024-08-04 14:00:10 - [TEST_STEP][PASSED] - callTestCase(findTestCase("Login"), [:], STOP_ON_FAILURE): Call Test Case 'Test Cases/Login' successfully

2024-08-04 14:00:10 - [TEST_CASE][PASSED] - Test Cases/Login: Test Cases/Login

2024-08-04 14:00:10 - [TEST_STEP][PASSED] - driver = general.start(SwagerURL, NetCellURL): general.start is PASSED

2024-08-04 14:00:10 - [MESSAGE][INFO] - >>> chromeDriverPath=C:\Users\FatimaIbeid\.katalon\packages\Katalon_Studio_Windows_64-8.6.9\Katalon_Studio_Windows_64-8.6.9\configuration\resources\drivers\chromedriver_win32\chromedriver.exe

2024-08-04 14:00:11 - [MESSAGE][PASSED] - Current window maximized

2024-08-04 14:00:12 - [MESSAGE][PASSED] - Execute JavaScript 'window.open();' successfully

2024-08-04 14:00:12 - [MESSAGE][PASSED] - Switched to window with index: '1'

2024-08-04 14:00:13 - [MESSAGE][PASSED] - general.start is PASSED

2024-08-04 14:00:13 - [TEST_STEP][PASSED] - click(findTestObject("Object Repository/Login/LoginButton")): Object: 'Object Repository/Login/LoginButton' is clicked on

2024-08-04 14:00:13 - [MESSAGE][PASSED] - Object: 'Object Repository/Login/LoginButton' is clicked on

2024-08-04 14:00:13 - [TEST_STEP][PASSED] - switchToWindowIndex(2): Switched to window with index: '2'

2024-08-04 14:00:13 - [MESSAGE][PASSED] - Switched to window with index: '2'

2024-08-04 14:00:13 - [TEST_STEP][PASSED] - delay(1): Delayed 1 second(s)

2024-08-04 14:00:14 - [MESSAGE][PASSED] - Delayed 1 second(s)

2024-08-04 14:00:14 - [TEST_STEP][PASSED] - sendKeys(findTestObject("Object Repository/Login/EnterEmail"), "homam@zztjg.onmicrosoft.com"): Keys 'homam@zztjg.onmicrosoft.com' sent to object: 'Object Repository/Login/EnterEmail'

2024-08-04 14:00:16 - [MESSAGE][PASSED] - Keys 'homam@zztjg.onmicrosoft.com' sent to object: 'Object Repository/Login/EnterEmail'

2024-08-04 14:00:16 - [TEST_STEP][PASSED] - delay(1): Delayed 1 second(s)

2024-08-04 14:00:17 - [MESSAGE][PASSED] - Delayed 1 second(s)

2024-08-04 14:00:17 - [TEST_STEP][PASSED] - click(findTestObject("Object Repository/Login/NextButton")): Object: 'Object Repository/Login/NextButton' is clicked on

2024-08-04 14:00:17 - [MESSAGE][PASSED] - Object: 'Object Repository/Login/NextButton' is clicked on

2024-08-04 14:00:17 - [TEST_STEP][PASSED] - delay(2): Delayed 2 second(s)

2024-08-04 14:00:19 - [MESSAGE][PASSED] - Delayed 2 second(s)

2024-08-04 14:00:19 - [TEST_STEP][PASSED] - sendKeys(findTestObject("Object Repository/Login/EnterPassword"), "Holder12345"): Keys 'Holder12345' sent to object: 'Object Repository/Login/EnterPassword'

2024-08-04 14:00:19 - [MESSAGE][PASSED] - Keys 'Holder12345' sent to object: 'Object Repository/Login/EnterPassword'

2024-08-04 14:00:19 - [TEST_STEP][PASSED] - delay(1): Delayed 1 second(s)

2024-08-04 14:00:20 - [MESSAGE][PASSED] - Delayed 1 second(s)

2024-08-04 14:00:20 - [TEST_STEP][PASSED] - click(findTestObject("Object Repository/Login/SigninButton")): Object: 'Object Repository/Login/SigninButton' is clicked on

2024-08-04 14:00:21 - [MESSAGE][PASSED] - Object: 'Object Repository/Login/SigninButton' is clicked on

2024-08-04 14:00:21 - [TEST_STEP][PASSED] - delay(1): Delayed 1 second(s)

2024-08-04 14:00:22 - [MESSAGE][PASSED] - Delayed 1 second(s)

2024-08-04 14:00:22 - [TEST_STEP][PASSED] - click(findTestObject("Object Repository/Login/YesStayInButton")): Object: 'Object Repository/Login/YesStayInButton' is clicked on

2024-08-04 14:00:22 - [MESSAGE][PASSED] - Object: 'Object Repository/Login/YesStayInButton' is clicked on

2024-08-04 14:00:22 - [MESSAGE][PASSED] - Call Test Case 'Test Cases/Login' successfully

2024-08-04 14:00:22 - [TEST_STEP][PASSED] - switchToWindowIndex(1): Switched to window with index: '1'

2024-08-04 14:00:22 - [MESSAGE][PASSED] - Switched to window with index: '1'

2024-08-04 14:00:22 - [TEST_STEP][FAILED] - PMHwaueiTopX.TopX("2G", "PLMN", false, "DailyBH", false, null): Unable to verify object 'Object Repository/PM/Huawei-vendor/Chart' is present

2024-08-04 14:00:23 - [MESSAGE][PASSED] - Object: 'Object Repository/PM/PM-Button' is clicked on

2024-08-04 14:00:23 - [MESSAGE][PASSED] - Switched to window with index: '2'

2024-08-04 14:00:24 - [MESSAGE][PASSED] - Object: 'Object Repository/PM/Huawei-vendor/Data-view/TopX' is clicked on

2024-08-04 14:00:24 - [MESSAGE][PASSED] - Object: 'Object Repository/PM/Huawei-vendor/Technology/Technology-Arrow' is clicked on

2024-08-04 14:00:24 - [MESSAGE][PASSED] - Object: 'Object Repository/PM/Huawei-vendor/Technology/2G' is clicked on

2024-08-04 14:00:24 - [MESSAGE][PASSED] - Object: 'Object Repository/PM/Huawei-vendor/TopX/TopX Object Type' is clicked on

2024-08-04 14:00:25 - [MESSAGE][PASSED] - Delayed 1 second(s)

2024-08-04 14:00:26 - [MESSAGE][PASSED] - Object: 'Object Repository/PM/Huawei-vendor/Object-Type/TopX Object Types/TopX PLMNs/TopX PLMN' is clicked on

2024-08-04 14:00:27 - [MESSAGE][PASSED] - Delayed 1 second(s)

2024-08-04 14:00:27 - [MESSAGE][PASSED] - Object: 'Object Repository/PM/Huawei-vendor/Object-Type/TopX Object Types/TopX PLMNs/TopX PLMN checkbox' is clicked on

2024-08-04 14:00:27 - [MESSAGE][WARNING] - Timeout '0' is invalid. Using default page load timeout: '120'

2024-08-04 14:00:27 - [MESSAGE][PASSED] - Scroll to object 'Object Repository/PM/Huawei-vendor/LowXlabel' successfully

2024-08-04 14:00:27 - [MESSAGE][PASSED] - Object: 'Object Repository/PM/Huawei-vendor/Resolution Temp/Select Resolution temp' is clicked on

2024-08-04 14:00:27 - [MESSAGE][PASSED] - Object: 'Object Repository/PM/Huawei-vendor/Resolution Temp/Resolution Temp DailyBH' is clicked on

2024-08-04 14:00:27 - [MESSAGE][PASSED] - Object: 'Object Repository/PM/Huawei-vendor/TopX/TopXDate/BeforeDate' is clicked on

2024-08-04 14:00:28 - [MESSAGE][PASSED] - Delayed 1 second(s)

2024-08-04 14:00:28 - [MESSAGE][PASSED] - Object: 'Object Repository/PM/Huawei-vendor/TopX/TopXDate/Choose Month' is clicked on

2024-08-04 14:00:29 - [MESSAGE][PASSED] - Delayed 1 second(s)

2024-08-04 14:00:30 - [MESSAGE][PASSED] - Object: 'Object Repository/PM/Huawei-vendor/TopX/TopXDate/Feb' is clicked on

2024-08-04 14:00:30 - [MESSAGE][PASSED] - Object: 'Object Repository/PM/Huawei-vendor/TopX/TopXDate/Day 1' is clicked on

2024-08-04 14:00:30 - [MESSAGE][PASSED] - Object: 'Object Repository/PM/Huawei-vendor/TopX/TopXDate/Button OK' is clicked on

2024-08-04 14:00:30 - [MESSAGE][PASSED] - Object: 'Object Repository/PM/Huawei-vendor/TopX/TopXDate/After Date' is clicked on

2024-08-04 14:00:31 - [MESSAGE][PASSED] - Delayed 1 second(s)

2024-08-04 14:00:31 - [MESSAGE][PASSED] - Object: 'Object Repository/PM/Huawei-vendor/TopX/TopXDate/Choose Month' is clicked on

2024-08-04 14:00:32 - [MESSAGE][PASSED] - Delayed 1 second(s)

2024-08-04 14:00:32 - [MESSAGE][PASSED] - Object: 'Object Repository/PM/Huawei-vendor/TopX/TopXDate/Feb' is clicked on

2024-08-04 14:00:33 - [MESSAGE][PASSED] - Object: 'Object Repository/PM/Huawei-vendor/TopX/TopXDate/Day 7' is clicked on

2024-08-04 14:00:33 - [MESSAGE][PASSED] - Object: 'Object Repository/PM/Huawei-vendor/TopX/TopXDate/Button OK' is clicked on

2024-08-04 14:00:33 - [MESSAGE][PASSED] - Object: 'Object Repository/PM/Huawei-vendor/Apply-Button' is clicked on

2024-08-04 14:00:33 - [MESSAGE][WARNING] - Timeout '0' is invalid. Using default page load timeout: '120'

2024-08-04 14:00:33 - [MESSAGE][PASSED] - Web element with id: 'Object Repository/PM/Huawei-vendor/Error' located by 'By.xpath: //div[@class='toast-summary title-medium-m']' is not present after '120' second(s)

2024-08-04 14:00:33 - [MESSAGE][WARNING] - Timeout '0' is invalid. Using default page load timeout: '120'

2024-08-04 14:02:34 - [MESSAGE][INFO] - Unable to find the element located by 'By.xpath: //*[@id="chart-container"]/div/app-main-chart-component[1]/div/div[2]/div[2]/div/div/div[1]/canvas'. Please recheck the objects properties to make sure the desired element is located. 

2024-08-04 14:02:34 - [MESSAGE][FAILED] - com.kms.katalon.core.webui.exception.WebElementNotFoundException: Web element with id: 'Object Repository/PM/Huawei-vendor/Chart' located by '//*[@id="chart-container"]/div/app-main-chart-component[1]/div/div[2]/div[2]/div/div/div[1]/canvas' not found (Root cause: com.kms.katalon.core.exception.StepFailedException: com.kms.katalon.core.webui.exception.WebElementNotFoundException: Web element with id: 'Object Repository/PM/Huawei-vendor/Chart' located by '//*[@id="chart-container"]/div/app-main-chart-component[1]/div/div[2]/div[2]/div/div/div[1]/canvas' not found
	at com.kms.katalon.core.webui.keyword.internal.WebUIKeywordMain.stepFailed(WebUIKeywordMain.groovy:64)
	at com.kms.katalon.core.webui.keyword.builtin.VerifyElementPresentKeyword$_verifyElementPresent_closure1.doCall(VerifyElementPresentKeyword.groovy:85)
	at com.kms.katalon.core.webui.keyword.builtin.VerifyElementPresentKeyword$_verifyElementPresent_closure1.call(VerifyElementPresentKeyword.groovy)
	at com.kms.katalon.core.webui.keyword.internal.WebUIKeywordMain.runKeyword(WebUIKeywordMain.groovy:20)
	at com.kms.katalon.core.webui.keyword.builtin.VerifyElementPresentKeyword.verifyElementPresent(VerifyElementPresentKeyword.groovy:92)
	at com.kms.katalon.core.webui.keyword.builtin.VerifyElementPresentKeyword.execute(VerifyElementPresentKeyword.groovy:68)
	at com.kms.katalon.core.keyword.internal.KeywordExecutor.executeKeywordForPlatform(KeywordExecutor.groovy:74)
	at com.kms.katalon.core.webui.keyword.WebUiBuiltInKeywords.verifyElementPresent(WebUiBuiltInKeywords.groovy:1464)
	at com.kms.katalon.core.webui.keyword.WebUiBuiltInKeywords$verifyElementPresent$6.call(Unknown Source)
	at PMHwaueiTopX.TopX(PMHwaueiTopX.groovy:1593)
	at PMHwaueiTopX.invokeMethod(PMHwaueiTopX.groovy)
	at com.kms.katalon.core.main.CustomKeywordDelegatingMetaClass.invokeStaticMethod(CustomKeywordDelegatingMetaClass.java:55)
	at TopX 2G PLMN DailyBH.run(TopX 2G PLMN DailyBH:29)
	at com.kms.katalon.core.main.ScriptEngine.run(ScriptEngine.java:194)
	at com.kms.katalon.core.main.ScriptEngine.runScriptAsRawText(ScriptEngine.java:119)
	at com.kms.katalon.core.main.TestCaseExecutor.runScript(TestCaseExecutor.java:448)
	at com.kms.katalon.core.main.TestCaseExecutor.doExecute(TestCaseExecutor.java:439)
	at com.kms.katalon.core.main.TestCaseExecutor.processExecutionPhase(TestCaseExecutor.java:418)
	at com.kms.katalon.core.main.TestCaseExecutor.accessMainPhase(TestCaseExecutor.java:410)
	at com.kms.katalon.core.main.TestCaseExecutor.execute(TestCaseExecutor.java:285)
	at com.kms.katalon.core.common.CommonExecutor.accessTestCaseMainPhase(CommonExecutor.java:65)
	at com.kms.katalon.core.main.TestSuiteExecutor.accessTestSuiteMainPhase(TestSuiteExecutor.java:148)
	at com.kms.katalon.core.main.TestSuiteExecutor.execute(TestSuiteExecutor.java:106)
	at com.kms.katalon.core.main.TestCaseMain.startTestSuite(TestCaseMain.java:187)
	at com.kms.katalon.core.main.TestCaseMain$startTestSuite$0.call(Unknown Source)
	at TempTestSuite1722769113368.run(TempTestSuite1722769113368.groovy:35)
)
[[ATTACHMENT|C:\\Users\\FatimaIbeid\\git\\NetCell\\Reports\\20240804_135833\\PM\\Hwauei\\TopX\\Regression TopX 2G\\20240804_135833\\1722769354763.png]]

2024-08-04 14:02:35 - [MESSAGE][FAILED] - Unable to verify object 'Object Repository/PM/Huawei-vendor/Chart' is present (Root cause: com.kms.katalon.core.exception.StepFailedException: Unable to verify object 'Object Repository/PM/Huawei-vendor/Chart' is present
	at com.kms.katalon.core.webui.keyword.internal.WebUIKeywordMain.stepFailed(WebUIKeywordMain.groovy:64)
	at com.kms.katalon.core.webui.keyword.internal.WebUIKeywordMain.runKeyword(WebUIKeywordMain.groovy:26)
	at com.kms.katalon.core.webui.keyword.builtin.VerifyElementPresentKeyword.verifyElementPresent(VerifyElementPresentKeyword.groovy:92)
	at com.kms.katalon.core.webui.keyword.builtin.VerifyElementPresentKeyword.execute(VerifyElementPresentKeyword.groovy:68)
	at com.kms.katalon.core.keyword.internal.KeywordExecutor.executeKeywordForPlatform(KeywordExecutor.groovy:74)
	at com.kms.katalon.core.webui.keyword.WebUiBuiltInKeywords.verifyElementPresent(WebUiBuiltInKeywords.groovy:1464)
	at com.kms.katalon.core.webui.keyword.WebUiBuiltInKeywords$verifyElementPresent$6.call(Unknown Source)
	at PMHwaueiTopX.TopX(PMHwaueiTopX.groovy:1593)
	at PMHwaueiTopX.invokeMethod(PMHwaueiTopX.groovy)
	at com.kms.katalon.core.main.CustomKeywordDelegatingMetaClass.invokeStaticMethod(CustomKeywordDelegatingMetaClass.java:55)
	at TopX 2G PLMN DailyBH.run(TopX 2G PLMN DailyBH:29)
	at com.kms.katalon.core.main.ScriptEngine.run(ScriptEngine.java:194)
	at com.kms.katalon.core.main.ScriptEngine.runScriptAsRawText(ScriptEngine.java:119)
	at com.kms.katalon.core.main.TestCaseExecutor.runScript(TestCaseExecutor.java:448)
	at com.kms.katalon.core.main.TestCaseExecutor.doExecute(TestCaseExecutor.java:439)
	at com.kms.katalon.core.main.TestCaseExecutor.processExecutionPhase(TestCaseExecutor.java:418)
	at com.kms.katalon.core.main.TestCaseExecutor.accessMainPhase(TestCaseExecutor.java:410)
	at com.kms.katalon.core.main.TestCaseExecutor.execute(TestCaseExecutor.java:285)
	at com.kms.katalon.core.common.CommonExecutor.accessTestCaseMainPhase(CommonExecutor.java:65)
	at com.kms.katalon.core.main.TestSuiteExecutor.accessTestSuiteMainPhase(TestSuiteExecutor.java:148)
	at com.kms.katalon.core.main.TestSuiteExecutor.execute(TestSuiteExecutor.java:106)
	at com.kms.katalon.core.main.TestCaseMain.startTestSuite(TestCaseMain.java:187)
	at com.kms.katalon.core.main.TestCaseMain$startTestSuite$0.call(Unknown Source)
	at TempTestSuite1722769113368.run(TempTestSuite1722769113368.groovy:35)
Caused by: com.kms.katalon.core.exception.StepFailedException: com.kms.katalon.core.webui.exception.WebElementNotFoundException: Web element with id: 'Object Repository/PM/Huawei-vendor/Chart' located by '//*[@id="chart-container"]/div/app-main-chart-component[1]/div/div[2]/div[2]/div/div/div[1]/canvas' not found
	at com.kms.katalon.core.webui.keyword.internal.WebUIKeywordMain.stepFailed(WebUIKeywordMain.groovy:64)
	at com.kms.katalon.core.webui.keyword.builtin.VerifyElementPresentKeyword$_verifyElementPresent_closure1.doCall(VerifyElementPresentKeyword.groovy:85)
	at com.kms.katalon.core.webui.keyword.builtin.VerifyElementPresentKeyword$_verifyElementPresent_closure1.call(VerifyElementPresentKeyword.groovy)
	at com.kms.katalon.core.webui.keyword.internal.WebUIKeywordMain.runKeyword(WebUIKeywordMain.groovy:20)
	... 22 more
)
[[ATTACHMENT|C:\\Users\\FatimaIbeid\\git\\NetCell\\Reports\\20240804_135833\\PM\\Hwauei\\TopX\\Regression TopX 2G\\20240804_135833\\1722769354915.png]]

2024-08-04 14:02:35 - [MESSAGE][FAILED] - Unable to verify object 'Object Repository/PM/Huawei-vendor/Chart' is present]]></system-out>
         <system-err><![CDATA[2024-08-04 14:00:10 - [TEST_CASE][FAILED] - Test Cases/PM/Hwauei/TopX/2G TopX/XPLMN/TopX 2G PLMN DailyBH: Test Cases/PM/Hwauei/TopX/2G TopX/XPLMN/TopX 2G PLMN DailyBH FAILED.
Reason:
com.kms.katalon.core.exception.StepFailedException: Unable to verify object 'Object Repository/PM/Huawei-vendor/Chart' is present
	at com.kms.katalon.core.webui.keyword.internal.WebUIKeywordMain.stepFailed(WebUIKeywordMain.groovy:64)
	at com.kms.katalon.core.webui.keyword.internal.WebUIKeywordMain.runKeyword(WebUIKeywordMain.groovy:26)
	at com.kms.katalon.core.webui.keyword.builtin.VerifyElementPresentKeyword.verifyElementPresent(VerifyElementPresentKeyword.groovy:92)
	at com.kms.katalon.core.webui.keyword.builtin.VerifyElementPresentKeyword.execute(VerifyElementPresentKeyword.groovy:68)
	at com.kms.katalon.core.keyword.internal.KeywordExecutor.executeKeywordForPlatform(KeywordExecutor.groovy:74)
	at com.kms.katalon.core.webui.keyword.WebUiBuiltInKeywords.verifyElementPresent(WebUiBuiltInKeywords.groovy:1464)
	at com.kms.katalon.core.webui.keyword.WebUiBuiltInKeywords$verifyElementPresent$6.call(Unknown Source)
	at PMHwaueiTopX.TopX(PMHwaueiTopX.groovy:1593)
	at PMHwaueiTopX.invokeMethod(PMHwaueiTopX.groovy)
	at com.kms.katalon.core.main.CustomKeywordDelegatingMetaClass.invokeStaticMethod(CustomKeywordDelegatingMetaClass.java:55)
	at TopX 2G PLMN DailyBH.run(TopX 2G PLMN DailyBH:29)
	at com.kms.katalon.core.main.ScriptEngine.run(ScriptEngine.java:194)
	at com.kms.katalon.core.main.ScriptEngine.runScriptAsRawText(ScriptEngine.java:119)
	at com.kms.katalon.core.main.TestCaseExecutor.runScript(TestCaseExecutor.java:448)
	at com.kms.katalon.core.main.TestCaseExecutor.doExecute(TestCaseExecutor.java:439)
	at com.kms.katalon.core.main.TestCaseExecutor.processExecutionPhase(TestCaseExecutor.java:418)
	at com.kms.katalon.core.main.TestCaseExecutor.accessMainPhase(TestCaseExecutor.java:410)
	at com.kms.katalon.core.main.TestCaseExecutor.execute(TestCaseExecutor.java:285)
	at com.kms.katalon.core.common.CommonExecutor.accessTestCaseMainPhase(CommonExecutor.java:65)
	at com.kms.katalon.core.main.TestSuiteExecutor.accessTestSuiteMainPhase(TestSuiteExecutor.java:148)
	at com.kms.katalon.core.main.TestSuiteExecutor.execute(TestSuiteExecutor.java:106)
	at com.kms.katalon.core.main.TestCaseMain.startTestSuite(TestCaseMain.java:187)
	at com.kms.katalon.core.main.TestCaseMain$startTestSuite$0.call(Unknown Source)
	at TempTestSuite1722769113368.run(TempTestSuite1722769113368.groovy:35)
Caused by: com.kms.katalon.core.exception.StepFailedException: com.kms.katalon.core.webui.exception.WebElementNotFoundException: Web element with id: 'Object Repository/PM/Huawei-vendor/Chart' located by '//*[@id="chart-container"]/div/app-main-chart-component[1]/div/div[2]/div[2]/div/div/div[1]/canvas' not found
	at com.kms.katalon.core.webui.keyword.internal.WebUIKeywordMain.stepFailed(WebUIKeywordMain.groovy:64)
	at com.kms.katalon.core.webui.keyword.builtin.VerifyElementPresentKeyword$_verifyElementPresent_closure1.doCall(VerifyElementPresentKeyword.groovy:85)
	at com.kms.katalon.core.webui.keyword.builtin.VerifyElementPresentKeyword$_verifyElementPresent_closure1.call(VerifyElementPresentKeyword.groovy)
	at com.kms.katalon.core.webui.keyword.internal.WebUIKeywordMain.runKeyword(WebUIKeywordMain.groovy:20)
	... 22 more]]></system-err>
      </testcase>
      <testcase name="Test Cases/PM/Hwauei/TopX/2G TopX/XRegion/TopX 2G Region default" time="40.722" classname="Test Cases/PM/Hwauei/TopX/2G TopX/XRegion/TopX 2G Region default" status="PASSED">
         <system-out><![CDATA[2024-08-04 14:02:35 - [TEST_CASE][PASSED] - Test Cases/PM/Hwauei/TopX/2G TopX/XRegion/TopX 2G Region default: Test Cases/PM/Hwauei/TopX/2G TopX/XRegion/TopX 2G Region default

2024-08-04 14:02:35 - [TEST_STEP][PASSED] - callTestCase(findTestCase("Login"), [:], STOP_ON_FAILURE): Call Test Case 'Test Cases/Login' successfully

2024-08-04 14:02:35 - [TEST_CASE][PASSED] - Test Cases/Login: Test Cases/Login

2024-08-04 14:02:35 - [TEST_STEP][PASSED] - driver = general.start(SwagerURL, NetCellURL): general.start is PASSED

2024-08-04 14:02:35 - [MESSAGE][INFO] - >>> chromeDriverPath=C:\Users\FatimaIbeid\.katalon\packages\Katalon_Studio_Windows_64-8.6.9\Katalon_Studio_Windows_64-8.6.9\configuration\resources\drivers\chromedriver_win32\chromedriver.exe

2024-08-04 14:02:36 - [MESSAGE][PASSED] - Current window maximized

2024-08-04 14:02:37 - [MESSAGE][PASSED] - Execute JavaScript 'window.open();' successfully

2024-08-04 14:02:37 - [MESSAGE][PASSED] - Switched to window with index: '1'

2024-08-04 14:02:49 - [MESSAGE][PASSED] - general.start is PASSED

2024-08-04 14:02:49 - [TEST_STEP][PASSED] - click(findTestObject("Object Repository/Login/LoginButton")): Object: 'Object Repository/Login/LoginButton' is clicked on

2024-08-04 14:02:50 - [MESSAGE][PASSED] - Object: 'Object Repository/Login/LoginButton' is clicked on

2024-08-04 14:02:50 - [TEST_STEP][PASSED] - switchToWindowIndex(2): Switched to window with index: '2'

2024-08-04 14:02:50 - [MESSAGE][PASSED] - Switched to window with index: '2'

2024-08-04 14:02:50 - [TEST_STEP][PASSED] - delay(1): Delayed 1 second(s)

2024-08-04 14:02:51 - [MESSAGE][PASSED] - Delayed 1 second(s)

2024-08-04 14:02:51 - [TEST_STEP][PASSED] - sendKeys(findTestObject("Object Repository/Login/EnterEmail"), "homam@zztjg.onmicrosoft.com"): Keys 'homam@zztjg.onmicrosoft.com' sent to object: 'Object Repository/Login/EnterEmail'

2024-08-04 14:02:51 - [MESSAGE][PASSED] - Keys 'homam@zztjg.onmicrosoft.com' sent to object: 'Object Repository/Login/EnterEmail'

2024-08-04 14:02:51 - [TEST_STEP][PASSED] - delay(1): Delayed 1 second(s)

2024-08-04 14:02:53 - [MESSAGE][PASSED] - Delayed 1 second(s)

2024-08-04 14:02:53 - [TEST_STEP][PASSED] - click(findTestObject("Object Repository/Login/NextButton")): Object: 'Object Repository/Login/NextButton' is clicked on

2024-08-04 14:02:53 - [MESSAGE][PASSED] - Object: 'Object Repository/Login/NextButton' is clicked on

2024-08-04 14:02:53 - [TEST_STEP][PASSED] - delay(2): Delayed 2 second(s)

2024-08-04 14:02:55 - [MESSAGE][PASSED] - Delayed 2 second(s)

2024-08-04 14:02:55 - [TEST_STEP][PASSED] - sendKeys(findTestObject("Object Repository/Login/EnterPassword"), "Holder12345"): Keys 'Holder12345' sent to object: 'Object Repository/Login/EnterPassword'

2024-08-04 14:02:55 - [MESSAGE][PASSED] - Keys 'Holder12345' sent to object: 'Object Repository/Login/EnterPassword'

2024-08-04 14:02:55 - [TEST_STEP][PASSED] - delay(1): Delayed 1 second(s)

2024-08-04 14:02:56 - [MESSAGE][PASSED] - Delayed 1 second(s)

2024-08-04 14:02:56 - [TEST_STEP][PASSED] - click(findTestObject("Object Repository/Login/SigninButton")): Object: 'Object Repository/Login/SigninButton' is clicked on

2024-08-04 14:02:57 - [MESSAGE][PASSED] - Object: 'Object Repository/Login/SigninButton' is clicked on

2024-08-04 14:02:57 - [TEST_STEP][PASSED] - delay(1): Delayed 1 second(s)

2024-08-04 14:02:58 - [MESSAGE][PASSED] - Delayed 1 second(s)

2024-08-04 14:02:58 - [TEST_STEP][PASSED] - click(findTestObject("Object Repository/Login/YesStayInButton")): Object: 'Object Repository/Login/YesStayInButton' is clicked on

2024-08-04 14:02:58 - [MESSAGE][PASSED] - Object: 'Object Repository/Login/YesStayInButton' is clicked on

2024-08-04 14:02:58 - [MESSAGE][PASSED] - Call Test Case 'Test Cases/Login' successfully

2024-08-04 14:02:58 - [TEST_STEP][PASSED] - switchToWindowIndex(1): Switched to window with index: '1'

2024-08-04 14:02:58 - [MESSAGE][PASSED] - Switched to window with index: '1'

2024-08-04 14:02:58 - [TEST_STEP][PASSED] - PMHwaueiTopX.TopX("2G", "Region", false, "Hourly", false, null): PMHwaueiTopX.TopX is PASSED

2024-08-04 14:02:59 - [MESSAGE][PASSED] - Object: 'Object Repository/PM/PM-Button' is clicked on

2024-08-04 14:02:59 - [MESSAGE][PASSED] - Switched to window with index: '2'

2024-08-04 14:03:02 - [MESSAGE][PASSED] - Object: 'Object Repository/PM/Huawei-vendor/Data-view/TopX' is clicked on

2024-08-04 14:03:02 - [MESSAGE][PASSED] - Object: 'Object Repository/PM/Huawei-vendor/Technology/Technology-Arrow' is clicked on

2024-08-04 14:03:03 - [MESSAGE][PASSED] - Object: 'Object Repository/PM/Huawei-vendor/Technology/2G' is clicked on

2024-08-04 14:03:03 - [MESSAGE][PASSED] - Object: 'Object Repository/PM/Huawei-vendor/TopX/TopX Object Type' is clicked on

2024-08-04 14:03:04 - [MESSAGE][PASSED] - Delayed 1 second(s)

2024-08-04 14:03:04 - [MESSAGE][PASSED] - Object: 'Object Repository/PM/Huawei-vendor/Object-Type/TopX Object Types/TopX Regions/TopX Region' is clicked on

2024-08-04 14:03:05 - [MESSAGE][PASSED] - Delayed 1 second(s)

2024-08-04 14:03:05 - [MESSAGE][WARNING] - Timeout '0' is invalid. Using default page load timeout: '120'

2024-08-04 14:03:05 - [MESSAGE][PASSED] - Scroll to object 'Object Repository/PM/Huawei-vendor/Object Border' successfully

2024-08-04 14:03:05 - [MESSAGE][PASSED] - Object: 'Object Repository/PM/Huawei-vendor/Object-Type/TopX Object Types/TopX Regions/TopX Region East Amman' is clicked on

2024-08-04 14:03:05 - [MESSAGE][PASSED] - Object: 'Object Repository/PM/Huawei-vendor/Object-Type/TopX Object Types/TopX Regions/TopX Region West Amman' is clicked on

2024-08-04 14:03:05 - [MESSAGE][PASSED] - Object: 'Object Repository/PM/Huawei-vendor/Object-Type/TopX Object Types/TopX Regions/TopX Region South Jordan' is clicked on

2024-08-04 14:03:06 - [MESSAGE][PASSED] - Object: 'Object Repository/PM/Huawei-vendor/Object-Type/TopX Object Types/TopX Regions/TopX Region North Jordan' is clicked on

2024-08-04 14:03:06 - [MESSAGE][WARNING] - Timeout '0' is invalid. Using default page load timeout: '120'

2024-08-04 14:03:06 - [MESSAGE][PASSED] - Scroll to object 'Object Repository/PM/Huawei-vendor/LowXlabel' successfully

2024-08-04 14:03:06 - [MESSAGE][PASSED] - Object: 'Object Repository/PM/Huawei-vendor/TopX/TopXDate/BeforeDate' is clicked on

2024-08-04 14:03:07 - [MESSAGE][PASSED] - Delayed 1 second(s)

2024-08-04 14:03:07 - [MESSAGE][PASSED] - Object: 'Object Repository/PM/Huawei-vendor/TopX/TopXDate/Choose Month' is clicked on

2024-08-04 14:03:08 - [MESSAGE][PASSED] - Delayed 1 second(s)

2024-08-04 14:03:08 - [MESSAGE][PASSED] - Object: 'Object Repository/PM/Huawei-vendor/TopX/TopXDate/Feb' is clicked on

2024-08-04 14:03:08 - [MESSAGE][PASSED] - Object: 'Object Repository/PM/Huawei-vendor/TopX/TopXDate/Day 1' is clicked on

2024-08-04 14:03:08 - [MESSAGE][PASSED] - Object: 'Object Repository/PM/Huawei-vendor/TopX/TopXDate/Button OK' is clicked on

2024-08-04 14:03:09 - [MESSAGE][PASSED] - Object: 'Object Repository/PM/Huawei-vendor/TopX/TopXDate/After Date' is clicked on

2024-08-04 14:03:10 - [MESSAGE][PASSED] - Delayed 1 second(s)

2024-08-04 14:03:10 - [MESSAGE][PASSED] - Object: 'Object Repository/PM/Huawei-vendor/TopX/TopXDate/Choose Month' is clicked on

2024-08-04 14:03:11 - [MESSAGE][PASSED] - Delayed 1 second(s)

2024-08-04 14:03:11 - [MESSAGE][PASSED] - Object: 'Object Repository/PM/Huawei-vendor/TopX/TopXDate/Feb' is clicked on

2024-08-04 14:03:11 - [MESSAGE][PASSED] - Object: 'Object Repository/PM/Huawei-vendor/TopX/TopXDate/Day 7' is clicked on

2024-08-04 14:03:11 - [MESSAGE][PASSED] - Object: 'Object Repository/PM/Huawei-vendor/TopX/TopXDate/Button OK' is clicked on

2024-08-04 14:03:11 - [MESSAGE][PASSED] - Object: 'Object Repository/PM/Huawei-vendor/Apply-Button' is clicked on

2024-08-04 14:03:12 - [MESSAGE][WARNING] - Timeout '0' is invalid. Using default page load timeout: '120'

2024-08-04 14:03:12 - [MESSAGE][PASSED] - Web element with id: 'Object Repository/PM/Huawei-vendor/Error' located by 'By.xpath: //div[@class='toast-summary title-medium-m']' is not present after '120' second(s)

2024-08-04 14:03:12 - [MESSAGE][WARNING] - Timeout '0' is invalid. Using default page load timeout: '120'

2024-08-04 14:03:14 - [MESSAGE][PASSED] - Object 'Object Repository/PM/Huawei-vendor/Chart' is present

2024-08-04 14:03:14 - [MESSAGE][WARNING] - Timeout '0' is invalid. Using default page load timeout: '120'

2024-08-04 14:03:14 - [MESSAGE][PASSED] - Object 'Object Repository/PM/Huawei-vendor/TopX/TopX Export Chart' is present

2024-08-04 14:03:14 - [MESSAGE][WARNING] - Timeout '0' is invalid. Using default page load timeout: '120'

2024-08-04 14:03:14 - [MESSAGE][PASSED] - Object 'Object Repository/PM/Huawei-vendor/TopX/Table View' is present

2024-08-04 14:03:14 - [MESSAGE][PASSED] - Object: 'Object Repository/PM/Huawei-vendor/TopX/Table View' is clicked on

2024-08-04 14:03:15 - [MESSAGE][PASSED] - Object: 'Object Repository/PM/Huawei-vendor/TopX/Reordering the table view' is clicked on

2024-08-04 14:03:15 - [MESSAGE][PASSED] - Browser is closed

2024-08-04 14:03:15 - [MESSAGE][PASSED] - PMHwaueiTopX.TopX is PASSED]]></system-out>
         <system-err><![CDATA[]]></system-err>
      </testcase>
      <testcase name="Test Cases/PM/Hwauei/TopX/2G TopX/XRegion/TopX 2G Region with LowX" time="51.958" classname="Test Cases/PM/Hwauei/TopX/2G TopX/XRegion/TopX 2G Region with LowX" status="PASSED">
         <system-out><![CDATA[2024-08-04 14:03:15 - [TEST_CASE][PASSED] - Test Cases/PM/Hwauei/TopX/2G TopX/XRegion/TopX 2G Region with LowX: Test Cases/PM/Hwauei/TopX/2G TopX/XRegion/TopX 2G Region with LowX

2024-08-04 14:03:16 - [TEST_STEP][PASSED] - callTestCase(findTestCase("Login"), [:], STOP_ON_FAILURE): Call Test Case 'Test Cases/Login' successfully

2024-08-04 14:03:16 - [TEST_CASE][PASSED] - Test Cases/Login: Test Cases/Login

2024-08-04 14:03:16 - [TEST_STEP][PASSED] - driver = general.start(SwagerURL, NetCellURL): general.start is PASSED

2024-08-04 14:03:16 - [MESSAGE][INFO] - >>> chromeDriverPath=C:\Users\FatimaIbeid\.katalon\packages\Katalon_Studio_Windows_64-8.6.9\Katalon_Studio_Windows_64-8.6.9\configuration\resources\drivers\chromedriver_win32\chromedriver.exe

2024-08-04 14:03:17 - [MESSAGE][PASSED] - Current window maximized

2024-08-04 14:03:17 - [MESSAGE][PASSED] - Execute JavaScript 'window.open();' successfully

2024-08-04 14:03:17 - [MESSAGE][PASSED] - Switched to window with index: '1'

2024-08-04 14:03:29 - [MESSAGE][PASSED] - general.start is PASSED

2024-08-04 14:03:29 - [TEST_STEP][PASSED] - click(findTestObject("Object Repository/Login/LoginButton")): Object: 'Object Repository/Login/LoginButton' is clicked on

2024-08-04 14:03:29 - [MESSAGE][PASSED] - Object: 'Object Repository/Login/LoginButton' is clicked on

2024-08-04 14:03:29 - [TEST_STEP][PASSED] - switchToWindowIndex(2): Switched to window with index: '2'

2024-08-04 14:03:30 - [MESSAGE][PASSED] - Switched to window with index: '2'

2024-08-04 14:03:30 - [TEST_STEP][PASSED] - delay(1): Delayed 1 second(s)

2024-08-04 14:03:31 - [MESSAGE][PASSED] - Delayed 1 second(s)

2024-08-04 14:03:31 - [TEST_STEP][PASSED] - sendKeys(findTestObject("Object Repository/Login/EnterEmail"), "homam@zztjg.onmicrosoft.com"): Keys 'homam@zztjg.onmicrosoft.com' sent to object: 'Object Repository/Login/EnterEmail'

2024-08-04 14:03:31 - [MESSAGE][PASSED] - Keys 'homam@zztjg.onmicrosoft.com' sent to object: 'Object Repository/Login/EnterEmail'

2024-08-04 14:03:31 - [TEST_STEP][PASSED] - delay(1): Delayed 1 second(s)

2024-08-04 14:03:32 - [MESSAGE][PASSED] - Delayed 1 second(s)

2024-08-04 14:03:32 - [TEST_STEP][PASSED] - click(findTestObject("Object Repository/Login/NextButton")): Object: 'Object Repository/Login/NextButton' is clicked on

2024-08-04 14:03:33 - [MESSAGE][PASSED] - Object: 'Object Repository/Login/NextButton' is clicked on

2024-08-04 14:03:33 - [TEST_STEP][PASSED] - delay(2): Delayed 2 second(s)

2024-08-04 14:03:35 - [MESSAGE][PASSED] - Delayed 2 second(s)

2024-08-04 14:03:35 - [TEST_STEP][PASSED] - sendKeys(findTestObject("Object Repository/Login/EnterPassword"), "Holder12345"): Keys 'Holder12345' sent to object: 'Object Repository/Login/EnterPassword'

2024-08-04 14:03:35 - [MESSAGE][PASSED] - Keys 'Holder12345' sent to object: 'Object Repository/Login/EnterPassword'

2024-08-04 14:03:35 - [TEST_STEP][PASSED] - delay(1): Delayed 1 second(s)

2024-08-04 14:03:36 - [MESSAGE][PASSED] - Delayed 1 second(s)

2024-08-04 14:03:36 - [TEST_STEP][PASSED] - click(findTestObject("Object Repository/Login/SigninButton")): Object: 'Object Repository/Login/SigninButton' is clicked on

2024-08-04 14:03:37 - [MESSAGE][PASSED] - Object: 'Object Repository/Login/SigninButton' is clicked on

2024-08-04 14:03:37 - [TEST_STEP][PASSED] - delay(1): Delayed 1 second(s)

2024-08-04 14:03:38 - [MESSAGE][PASSED] - Delayed 1 second(s)

2024-08-04 14:03:38 - [TEST_STEP][PASSED] - click(findTestObject("Object Repository/Login/YesStayInButton")): Object: 'Object Repository/Login/YesStayInButton' is clicked on

2024-08-04 14:03:38 - [MESSAGE][PASSED] - Object: 'Object Repository/Login/YesStayInButton' is clicked on

2024-08-04 14:03:38 - [MESSAGE][PASSED] - Call Test Case 'Test Cases/Login' successfully

2024-08-04 14:03:38 - [TEST_STEP][PASSED] - switchToWindowIndex(1): Switched to window with index: '1'

2024-08-04 14:03:39 - [MESSAGE][PASSED] - Switched to window with index: '1'

2024-08-04 14:03:39 - [TEST_STEP][PASSED] - PMHwaueiTopX.TopX("2G", "Region", true, "Hourly", true, null): PMHwaueiTopX.TopX is PASSED

2024-08-04 14:03:39 - [MESSAGE][PASSED] - Object: 'Object Repository/PM/PM-Button' is clicked on

2024-08-04 14:03:39 - [MESSAGE][PASSED] - Switched to window with index: '2'

2024-08-04 14:03:52 - [MESSAGE][PASSED] - Object: 'Object Repository/PM/Huawei-vendor/Data-view/TopX' is clicked on

2024-08-04 14:03:52 - [MESSAGE][PASSED] - Object: 'Object Repository/PM/Huawei-vendor/Technology/Technology-Arrow' is clicked on

2024-08-04 14:03:52 - [MESSAGE][PASSED] - Object: 'Object Repository/PM/Huawei-vendor/Technology/2G' is clicked on

2024-08-04 14:03:52 - [MESSAGE][PASSED] - Object: 'Object Repository/PM/Huawei-vendor/TopX/TopX Object Type' is clicked on

2024-08-04 14:03:53 - [MESSAGE][PASSED] - Delayed 1 second(s)

2024-08-04 14:03:53 - [MESSAGE][PASSED] - Object: 'Object Repository/PM/Huawei-vendor/Object-Type/TopX Object Types/TopX Regions/TopX Region' is clicked on

2024-08-04 14:03:54 - [MESSAGE][PASSED] - Delayed 1 second(s)

2024-08-04 14:03:54 - [MESSAGE][WARNING] - Timeout '0' is invalid. Using default page load timeout: '120'

2024-08-04 14:03:54 - [MESSAGE][PASSED] - Scroll to object 'Object Repository/PM/Huawei-vendor/Object Border' successfully

2024-08-04 14:03:55 - [MESSAGE][PASSED] - Object: 'Object Repository/PM/Huawei-vendor/Object-Type/TopX Object Types/TopX Regions/TopX Region East Amman' is clicked on

2024-08-04 14:03:55 - [MESSAGE][PASSED] - Object: 'Object Repository/PM/Huawei-vendor/Object-Type/TopX Object Types/TopX Regions/TopX Region West Amman' is clicked on

2024-08-04 14:03:55 - [MESSAGE][PASSED] - Object: 'Object Repository/PM/Huawei-vendor/Object-Type/TopX Object Types/TopX Regions/TopX Region South Jordan' is clicked on

2024-08-04 14:03:55 - [MESSAGE][PASSED] - Object: 'Object Repository/PM/Huawei-vendor/Object-Type/TopX Object Types/TopX Regions/TopX Region North Jordan' is clicked on

2024-08-04 14:03:55 - [MESSAGE][PASSED] - Object: 'Object Repository/PM/Huawei-vendor/Object-Type/TopX Object Types/TopX Regions/TopX Region East Jordan' is clicked on

2024-08-04 14:03:55 - [MESSAGE][PASSED] - Object: 'Object Repository/PM/Huawei-vendor/Object-Type/TopX Object Types/TopX Regions/TopX Region Others' is clicked on

2024-08-04 14:03:55 - [MESSAGE][PASSED] - Object: 'Object Repository/PM/Huawei-vendor/Object-Type/TopX Object Types/TopX Regions/TopX Region South Amman' is clicked on

2024-08-04 14:03:55 - [MESSAGE][WARNING] - Timeout '0' is invalid. Using default page load timeout: '120'

2024-08-04 14:03:55 - [MESSAGE][PASSED] - Scroll to object 'Object Repository/PM/Huawei-vendor/LowXlabel' successfully

2024-08-04 14:03:55 - [MESSAGE][PASSED] - Object: 'Object Repository/PM/Huawei-vendor/TopX/TopXDate/BeforeDate' is clicked on

2024-08-04 14:03:56 - [MESSAGE][PASSED] - Delayed 1 second(s)

2024-08-04 14:03:57 - [MESSAGE][PASSED] - Object: 'Object Repository/PM/Huawei-vendor/TopX/TopXDate/Choose Month' is clicked on

2024-08-04 14:03:58 - [MESSAGE][PASSED] - Delayed 1 second(s)

2024-08-04 14:03:58 - [MESSAGE][PASSED] - Object: 'Object Repository/PM/Huawei-vendor/TopX/TopXDate/Feb' is clicked on

2024-08-04 14:03:58 - [MESSAGE][PASSED] - Object: 'Object Repository/PM/Huawei-vendor/TopX/TopXDate/Day 1' is clicked on

2024-08-04 14:03:58 - [MESSAGE][PASSED] - Object: 'Object Repository/PM/Huawei-vendor/TopX/TopXDate/Button OK' is clicked on

2024-08-04 14:03:58 - [MESSAGE][PASSED] - Object: 'Object Repository/PM/Huawei-vendor/TopX/TopXDate/After Date' is clicked on

2024-08-04 14:03:59 - [MESSAGE][PASSED] - Delayed 1 second(s)

2024-08-04 14:04:00 - [MESSAGE][PASSED] - Object: 'Object Repository/PM/Huawei-vendor/TopX/TopXDate/Choose Month' is clicked on

2024-08-04 14:04:01 - [MESSAGE][PASSED] - Delayed 1 second(s)

2024-08-04 14:04:01 - [MESSAGE][PASSED] - Object: 'Object Repository/PM/Huawei-vendor/TopX/TopXDate/Feb' is clicked on

2024-08-04 14:04:01 - [MESSAGE][PASSED] - Object: 'Object Repository/PM/Huawei-vendor/TopX/TopXDate/Day 7' is clicked on

2024-08-04 14:04:01 - [MESSAGE][PASSED] - Object: 'Object Repository/PM/Huawei-vendor/TopX/TopXDate/Button OK' is clicked on

2024-08-04 14:04:01 - [MESSAGE][PASSED] - Object: 'Object Repository/PM/Huawei-vendor/LowXCheckBox' is clicked on

2024-08-04 14:04:01 - [MESSAGE][PASSED] - Object: 'Object Repository/PM/Huawei-vendor/Apply-Button' is clicked on

2024-08-04 14:04:02 - [MESSAGE][WARNING] - Timeout '0' is invalid. Using default page load timeout: '120'

2024-08-04 14:04:02 - [MESSAGE][PASSED] - Web element with id: 'Object Repository/PM/Huawei-vendor/Error' located by 'By.xpath: //div[@class='toast-summary title-medium-m']' is not present after '120' second(s)

2024-08-04 14:04:02 - [MESSAGE][WARNING] - Timeout '0' is invalid. Using default page load timeout: '120'

2024-08-04 14:04:06 - [MESSAGE][PASSED] - Object 'Object Repository/PM/Huawei-vendor/Chart' is present

2024-08-04 14:04:06 - [MESSAGE][WARNING] - Timeout '0' is invalid. Using default page load timeout: '120'

2024-08-04 14:04:06 - [MESSAGE][PASSED] - Object 'Object Repository/PM/Huawei-vendor/TopX/TopX Export Chart' is present

2024-08-04 14:04:06 - [MESSAGE][WARNING] - Timeout '0' is invalid. Using default page load timeout: '120'

2024-08-04 14:04:06 - [MESSAGE][PASSED] - Object 'Object Repository/PM/Huawei-vendor/TopX/Table View' is present

2024-08-04 14:04:06 - [MESSAGE][PASSED] - Object: 'Object Repository/PM/Huawei-vendor/TopX/Table View' is clicked on

2024-08-04 14:04:07 - [MESSAGE][PASSED] - Object: 'Object Repository/PM/Huawei-vendor/TopX/Reordering the table view' is clicked on

2024-08-04 14:04:07 - [MESSAGE][PASSED] - Browser is closed

2024-08-04 14:04:07 - [MESSAGE][PASSED] - PMHwaueiTopX.TopX is PASSED]]></system-out>
         <system-err><![CDATA[]]></system-err>
      </testcase>
      <testcase name="Test Cases/PM/Hwauei/TopX/2G TopX/XRegion/TopX 2G Region Daily" time="27.906" classname="Test Cases/PM/Hwauei/TopX/2G TopX/XRegion/TopX 2G Region Daily" status="PASSED">
         <system-out><![CDATA[2024-08-04 14:04:07 - [TEST_CASE][PASSED] - Test Cases/PM/Hwauei/TopX/2G TopX/XRegion/TopX 2G Region Daily: Test Cases/PM/Hwauei/TopX/2G TopX/XRegion/TopX 2G Region Daily

2024-08-04 14:04:08 - [TEST_STEP][PASSED] - callTestCase(findTestCase("Login"), [:], STOP_ON_FAILURE): Call Test Case 'Test Cases/Login' successfully

2024-08-04 14:04:08 - [TEST_CASE][PASSED] - Test Cases/Login: Test Cases/Login

2024-08-04 14:04:08 - [TEST_STEP][PASSED] - driver = general.start(SwagerURL, NetCellURL): general.start is PASSED

2024-08-04 14:04:08 - [MESSAGE][INFO] - >>> chromeDriverPath=C:\Users\FatimaIbeid\.katalon\packages\Katalon_Studio_Windows_64-8.6.9\Katalon_Studio_Windows_64-8.6.9\configuration\resources\drivers\chromedriver_win32\chromedriver.exe

2024-08-04 14:04:09 - [MESSAGE][PASSED] - Current window maximized

2024-08-04 14:04:09 - [MESSAGE][PASSED] - Execute JavaScript 'window.open();' successfully

2024-08-04 14:04:09 - [MESSAGE][PASSED] - Switched to window with index: '1'

2024-08-04 14:04:10 - [MESSAGE][PASSED] - general.start is PASSED

2024-08-04 14:04:10 - [TEST_STEP][PASSED] - click(findTestObject("Object Repository/Login/LoginButton")): Object: 'Object Repository/Login/LoginButton' is clicked on

2024-08-04 14:04:11 - [MESSAGE][PASSED] - Object: 'Object Repository/Login/LoginButton' is clicked on

2024-08-04 14:04:11 - [TEST_STEP][PASSED] - switchToWindowIndex(2): Switched to window with index: '2'

2024-08-04 14:04:11 - [MESSAGE][PASSED] - Switched to window with index: '2'

2024-08-04 14:04:11 - [TEST_STEP][PASSED] - delay(1): Delayed 1 second(s)

2024-08-04 14:04:12 - [MESSAGE][PASSED] - Delayed 1 second(s)

2024-08-04 14:04:12 - [TEST_STEP][PASSED] - sendKeys(findTestObject("Object Repository/Login/EnterEmail"), "homam@zztjg.onmicrosoft.com"): Keys 'homam@zztjg.onmicrosoft.com' sent to object: 'Object Repository/Login/EnterEmail'

2024-08-04 14:04:13 - [MESSAGE][PASSED] - Keys 'homam@zztjg.onmicrosoft.com' sent to object: 'Object Repository/Login/EnterEmail'

2024-08-04 14:04:13 - [TEST_STEP][PASSED] - delay(1): Delayed 1 second(s)

2024-08-04 14:04:14 - [MESSAGE][PASSED] - Delayed 1 second(s)

2024-08-04 14:04:14 - [TEST_STEP][PASSED] - click(findTestObject("Object Repository/Login/NextButton")): Object: 'Object Repository/Login/NextButton' is clicked on

2024-08-04 14:04:14 - [MESSAGE][PASSED] - Object: 'Object Repository/Login/NextButton' is clicked on

2024-08-04 14:04:14 - [TEST_STEP][PASSED] - delay(2): Delayed 2 second(s)

2024-08-04 14:04:16 - [MESSAGE][PASSED] - Delayed 2 second(s)

2024-08-04 14:04:16 - [TEST_STEP][PASSED] - sendKeys(findTestObject("Object Repository/Login/EnterPassword"), "Holder12345"): Keys 'Holder12345' sent to object: 'Object Repository/Login/EnterPassword'

2024-08-04 14:04:16 - [MESSAGE][PASSED] - Keys 'Holder12345' sent to object: 'Object Repository/Login/EnterPassword'

2024-08-04 14:04:16 - [TEST_STEP][PASSED] - delay(1): Delayed 1 second(s)

2024-08-04 14:04:17 - [MESSAGE][PASSED] - Delayed 1 second(s)

2024-08-04 14:04:17 - [TEST_STEP][PASSED] - click(findTestObject("Object Repository/Login/SigninButton")): Object: 'Object Repository/Login/SigninButton' is clicked on

2024-08-04 14:04:17 - [MESSAGE][PASSED] - Object: 'Object Repository/Login/SigninButton' is clicked on

2024-08-04 14:04:17 - [TEST_STEP][PASSED] - delay(1): Delayed 1 second(s)

2024-08-04 14:04:18 - [MESSAGE][PASSED] - Delayed 1 second(s)

2024-08-04 14:04:18 - [TEST_STEP][PASSED] - click(findTestObject("Object Repository/Login/YesStayInButton")): Object: 'Object Repository/Login/YesStayInButton' is clicked on

2024-08-04 14:04:19 - [MESSAGE][PASSED] - Object: 'Object Repository/Login/YesStayInButton' is clicked on

2024-08-04 14:04:19 - [MESSAGE][PASSED] - Call Test Case 'Test Cases/Login' successfully

2024-08-04 14:04:19 - [TEST_STEP][PASSED] - switchToWindowIndex(1): Switched to window with index: '1'

2024-08-04 14:04:19 - [MESSAGE][PASSED] - Switched to window with index: '1'

2024-08-04 14:04:19 - [TEST_STEP][PASSED] - PMHwaueiTopX.TopX("2G", "Region", false, "Daily", false, null): PMHwaueiTopX.TopX is PASSED

2024-08-04 14:04:19 - [MESSAGE][PASSED] - Object: 'Object Repository/PM/PM-Button' is clicked on

2024-08-04 14:04:19 - [MESSAGE][PASSED] - Switched to window with index: '2'

2024-08-04 14:04:20 - [MESSAGE][PASSED] - Object: 'Object Repository/PM/Huawei-vendor/Data-view/TopX' is clicked on

2024-08-04 14:04:20 - [MESSAGE][PASSED] - Object: 'Object Repository/PM/Huawei-vendor/Technology/Technology-Arrow' is clicked on

2024-08-04 14:04:20 - [MESSAGE][PASSED] - Object: 'Object Repository/PM/Huawei-vendor/Technology/2G' is clicked on

2024-08-04 14:04:21 - [MESSAGE][PASSED] - Object: 'Object Repository/PM/Huawei-vendor/TopX/TopX Object Type' is clicked on

2024-08-04 14:04:22 - [MESSAGE][PASSED] - Delayed 1 second(s)

2024-08-04 14:04:22 - [MESSAGE][PASSED] - Object: 'Object Repository/PM/Huawei-vendor/Object-Type/TopX Object Types/TopX Regions/TopX Region' is clicked on

2024-08-04 14:04:23 - [MESSAGE][PASSED] - Delayed 1 second(s)

2024-08-04 14:04:23 - [MESSAGE][WARNING] - Timeout '0' is invalid. Using default page load timeout: '120'

2024-08-04 14:04:23 - [MESSAGE][PASSED] - Scroll to object 'Object Repository/PM/Huawei-vendor/Object Border' successfully

2024-08-04 14:04:23 - [MESSAGE][PASSED] - Object: 'Object Repository/PM/Huawei-vendor/Object-Type/TopX Object Types/TopX Regions/TopX Region East Amman' is clicked on

2024-08-04 14:04:23 - [MESSAGE][PASSED] - Object: 'Object Repository/PM/Huawei-vendor/Object-Type/TopX Object Types/TopX Regions/TopX Region West Amman' is clicked on

2024-08-04 14:04:23 - [MESSAGE][PASSED] - Object: 'Object Repository/PM/Huawei-vendor/Object-Type/TopX Object Types/TopX Regions/TopX Region South Jordan' is clicked on

2024-08-04 14:04:23 - [MESSAGE][PASSED] - Object: 'Object Repository/PM/Huawei-vendor/Object-Type/TopX Object Types/TopX Regions/TopX Region North Jordan' is clicked on

2024-08-04 14:04:23 - [MESSAGE][WARNING] - Timeout '0' is invalid. Using default page load timeout: '120'

2024-08-04 14:04:24 - [MESSAGE][PASSED] - Scroll to object 'Object Repository/PM/Huawei-vendor/LowXlabel' successfully

2024-08-04 14:04:24 - [MESSAGE][PASSED] - Object: 'Object Repository/PM/Huawei-vendor/Resolution Temp/Select Resolution temp' is clicked on

2024-08-04 14:04:24 - [MESSAGE][PASSED] - Object: 'Object Repository/PM/Huawei-vendor/Resolution Temp/Resolution Temp Daily' is clicked on

2024-08-04 14:04:24 - [MESSAGE][PASSED] - Object: 'Object Repository/PM/Huawei-vendor/TopX/TopXDate/BeforeDate' is clicked on

2024-08-04 14:04:25 - [MESSAGE][PASSED] - Delayed 1 second(s)

2024-08-04 14:04:25 - [MESSAGE][PASSED] - Object: 'Object Repository/PM/Huawei-vendor/TopX/TopXDate/Choose Month' is clicked on

2024-08-04 14:04:26 - [MESSAGE][PASSED] - Delayed 1 second(s)

2024-08-04 14:04:26 - [MESSAGE][PASSED] - Object: 'Object Repository/PM/Huawei-vendor/TopX/TopXDate/Feb' is clicked on

2024-08-04 14:04:26 - [MESSAGE][PASSED] - Object: 'Object Repository/PM/Huawei-vendor/TopX/TopXDate/Day 1' is clicked on

2024-08-04 14:04:27 - [MESSAGE][PASSED] - Object: 'Object Repository/PM/Huawei-vendor/TopX/TopXDate/Button OK' is clicked on

2024-08-04 14:04:27 - [MESSAGE][PASSED] - Object: 'Object Repository/PM/Huawei-vendor/TopX/TopXDate/After Date' is clicked on

2024-08-04 14:04:28 - [MESSAGE][PASSED] - Delayed 1 second(s)

2024-08-04 14:04:28 - [MESSAGE][PASSED] - Object: 'Object Repository/PM/Huawei-vendor/TopX/TopXDate/Choose Month' is clicked on

2024-08-04 14:04:29 - [MESSAGE][PASSED] - Delayed 1 second(s)

2024-08-04 14:04:29 - [MESSAGE][PASSED] - Object: 'Object Repository/PM/Huawei-vendor/TopX/TopXDate/Feb' is clicked on

2024-08-04 14:04:29 - [MESSAGE][PASSED] - Object: 'Object Repository/PM/Huawei-vendor/TopX/TopXDate/Day 7' is clicked on

2024-08-04 14:04:29 - [MESSAGE][PASSED] - Object: 'Object Repository/PM/Huawei-vendor/TopX/TopXDate/Button OK' is clicked on

2024-08-04 14:04:30 - [MESSAGE][PASSED] - Object: 'Object Repository/PM/Huawei-vendor/Apply-Button' is clicked on

2024-08-04 14:04:30 - [MESSAGE][WARNING] - Timeout '0' is invalid. Using default page load timeout: '120'

2024-08-04 14:04:30 - [MESSAGE][PASSED] - Web element with id: 'Object Repository/PM/Huawei-vendor/Error' located by 'By.xpath: //div[@class='toast-summary title-medium-m']' is not present after '120' second(s)

2024-08-04 14:04:30 - [MESSAGE][WARNING] - Timeout '0' is invalid. Using default page load timeout: '120'

2024-08-04 14:04:34 - [MESSAGE][PASSED] - Object 'Object Repository/PM/Huawei-vendor/Chart' is present

2024-08-04 14:04:34 - [MESSAGE][WARNING] - Timeout '0' is invalid. Using default page load timeout: '120'

2024-08-04 14:04:34 - [MESSAGE][PASSED] - Object 'Object Repository/PM/Huawei-vendor/TopX/TopX Export Chart' is present

2024-08-04 14:04:34 - [MESSAGE][WARNING] - Timeout '0' is invalid. Using default page load timeout: '120'

2024-08-04 14:04:34 - [MESSAGE][PASSED] - Object 'Object Repository/PM/Huawei-vendor/TopX/Table View' is present

2024-08-04 14:04:34 - [MESSAGE][PASSED] - Object: 'Object Repository/PM/Huawei-vendor/TopX/Table View' is clicked on

2024-08-04 14:04:34 - [MESSAGE][PASSED] - Object: 'Object Repository/PM/Huawei-vendor/TopX/Reordering the table view' is clicked on

2024-08-04 14:04:35 - [MESSAGE][PASSED] - Browser is closed

2024-08-04 14:04:35 - [MESSAGE][PASSED] - PMHwaueiTopX.TopX is PASSED]]></system-out>
         <system-err><![CDATA[]]></system-err>
      </testcase>
      <testcase name="Test Cases/PM/Hwauei/TopX/2G TopX/XRegion/TopX 2G Region DailyBH" time="144.778" classname="Test Cases/PM/Hwauei/TopX/2G TopX/XRegion/TopX 2G Region DailyBH" status="FAILED">
         <failure type="FAILED" message="Test Cases/PM/Hwauei/TopX/2G TopX/XRegion/TopX 2G Region DailyBH FAILED.
Reason:
com.kms.katalon.core.exception.StepFailedException: Unable to verify object 'Object Repository/PM/Huawei-vendor/Chart' is present
	at com.kms.katalon.core.webui.keyword.internal.WebUIKeywordMain.stepFailed(WebUIKeywordMain.groovy:64)
	at com.kms.katalon.core.webui.keyword.internal.WebUIKeywordMain.runKeyword(WebUIKeywordMain.groovy:26)
	at com.kms.katalon.core.webui.keyword.builtin.VerifyElementPresentKeyword.verifyElementPresent(VerifyElementPresentKeyword.groovy:92)
	at com.kms.katalon.core.webui.keyword.builtin.VerifyElementPresentKeyword.execute(VerifyElementPresentKeyword.groovy:68)
	at com.kms.katalon.core.keyword.internal.KeywordExecutor.executeKeywordForPlatform(KeywordExecutor.groovy:74)
	at com.kms.katalon.core.webui.keyword.WebUiBuiltInKeywords.verifyElementPresent(WebUiBuiltInKeywords.groovy:1464)
	at com.kms.katalon.core.webui.keyword.WebUiBuiltInKeywords$verifyElementPresent$6.call(Unknown Source)
	at PMHwaueiTopX.TopX(PMHwaueiTopX.groovy:1593)
	at PMHwaueiTopX.invokeMethod(PMHwaueiTopX.groovy)
	at com.kms.katalon.core.main.CustomKeywordDelegatingMetaClass.invokeStaticMethod(CustomKeywordDelegatingMetaClass.java:55)
	at TopX 2G Region DailyBH.run(TopX 2G Region DailyBH:29)
	at com.kms.katalon.core.main.ScriptEngine.run(ScriptEngine.java:194)
	at com.kms.katalon.core.main.ScriptEngine.runScriptAsRawText(ScriptEngine.java:119)
	at com.kms.katalon.core.main.TestCaseExecutor.runScript(TestCaseExecutor.java:448)
	at com.kms.katalon.core.main.TestCaseExecutor.doExecute(TestCaseExecutor.java:439)
	at com.kms.katalon.core.main.TestCaseExecutor.processExecutionPhase(TestCaseExecutor.java:418)
	at com.kms.katalon.core.main.TestCaseExecutor.accessMainPhase(TestCaseExecutor.java:410)
	at com.kms.katalon.core.main.TestCaseExecutor.execute(TestCaseExecutor.java:285)
	at com.kms.katalon.core.common.CommonExecutor.accessTestCaseMainPhase(CommonExecutor.java:65)
	at com.kms.katalon.core.main.TestSuiteExecutor.accessTestSuiteMainPhase(TestSuiteExecutor.java:148)
	at com.kms.katalon.core.main.TestSuiteExecutor.execute(TestSuiteExecutor.java:106)
	at com.kms.katalon.core.main.TestCaseMain.startTestSuite(TestCaseMain.java:187)
	at com.kms.katalon.core.main.TestCaseMain$startTestSuite$0.call(Unknown Source)
	at TempTestSuite1722769113368.run(TempTestSuite1722769113368.groovy:35)
Caused by: com.kms.katalon.core.exception.StepFailedException: com.kms.katalon.core.webui.exception.WebElementNotFoundException: Web element with id: 'Object Repository/PM/Huawei-vendor/Chart' located by '//*[@id=&quot;chart-container&quot;]/div/app-main-chart-component[1]/div/div[2]/div[2]/div/div/div[1]/canvas' not found
	at com.kms.katalon.core.webui.keyword.internal.WebUIKeywordMain.stepFailed(WebUIKeywordMain.groovy:64)
	at com.kms.katalon.core.webui.keyword.builtin.VerifyElementPresentKeyword$_verifyElementPresent_closure1.doCall(VerifyElementPresentKeyword.groovy:85)
	at com.kms.katalon.core.webui.keyword.builtin.VerifyElementPresentKeyword$_verifyElementPresent_closure1.call(VerifyElementPresentKeyword.groovy)
	at com.kms.katalon.core.webui.keyword.internal.WebUIKeywordMain.runKeyword(WebUIKeywordMain.groovy:20)
	... 22 more
"/>
         <system-out><![CDATA[2024-08-04 14:04:35 - [TEST_CASE][FAILED] - Test Cases/PM/Hwauei/TopX/2G TopX/XRegion/TopX 2G Region DailyBH: Test Cases/PM/Hwauei/TopX/2G TopX/XRegion/TopX 2G Region DailyBH FAILED.
Reason:
com.kms.katalon.core.exception.StepFailedException: Unable to verify object 'Object Repository/PM/Huawei-vendor/Chart' is present
	at com.kms.katalon.core.webui.keyword.internal.WebUIKeywordMain.stepFailed(WebUIKeywordMain.groovy:64)
	at com.kms.katalon.core.webui.keyword.internal.WebUIKeywordMain.runKeyword(WebUIKeywordMain.groovy:26)
	at com.kms.katalon.core.webui.keyword.builtin.VerifyElementPresentKeyword.verifyElementPresent(VerifyElementPresentKeyword.groovy:92)
	at com.kms.katalon.core.webui.keyword.builtin.VerifyElementPresentKeyword.execute(VerifyElementPresentKeyword.groovy:68)
	at com.kms.katalon.core.keyword.internal.KeywordExecutor.executeKeywordForPlatform(KeywordExecutor.groovy:74)
	at com.kms.katalon.core.webui.keyword.WebUiBuiltInKeywords.verifyElementPresent(WebUiBuiltInKeywords.groovy:1464)
	at com.kms.katalon.core.webui.keyword.WebUiBuiltInKeywords$verifyElementPresent$6.call(Unknown Source)
	at PMHwaueiTopX.TopX(PMHwaueiTopX.groovy:1593)
	at PMHwaueiTopX.invokeMethod(PMHwaueiTopX.groovy)
	at com.kms.katalon.core.main.CustomKeywordDelegatingMetaClass.invokeStaticMethod(CustomKeywordDelegatingMetaClass.java:55)
	at TopX 2G Region DailyBH.run(TopX 2G Region DailyBH:29)
	at com.kms.katalon.core.main.ScriptEngine.run(ScriptEngine.java:194)
	at com.kms.katalon.core.main.ScriptEngine.runScriptAsRawText(ScriptEngine.java:119)
	at com.kms.katalon.core.main.TestCaseExecutor.runScript(TestCaseExecutor.java:448)
	at com.kms.katalon.core.main.TestCaseExecutor.doExecute(TestCaseExecutor.java:439)
	at com.kms.katalon.core.main.TestCaseExecutor.processExecutionPhase(TestCaseExecutor.java:418)
	at com.kms.katalon.core.main.TestCaseExecutor.accessMainPhase(TestCaseExecutor.java:410)
	at com.kms.katalon.core.main.TestCaseExecutor.execute(TestCaseExecutor.java:285)
	at com.kms.katalon.core.common.CommonExecutor.accessTestCaseMainPhase(CommonExecutor.java:65)
	at com.kms.katalon.core.main.TestSuiteExecutor.accessTestSuiteMainPhase(TestSuiteExecutor.java:148)
	at com.kms.katalon.core.main.TestSuiteExecutor.execute(TestSuiteExecutor.java:106)
	at com.kms.katalon.core.main.TestCaseMain.startTestSuite(TestCaseMain.java:187)
	at com.kms.katalon.core.main.TestCaseMain$startTestSuite$0.call(Unknown Source)
	at TempTestSuite1722769113368.run(TempTestSuite1722769113368.groovy:35)
Caused by: com.kms.katalon.core.exception.StepFailedException: com.kms.katalon.core.webui.exception.WebElementNotFoundException: Web element with id: 'Object Repository/PM/Huawei-vendor/Chart' located by '//*[@id="chart-container"]/div/app-main-chart-component[1]/div/div[2]/div[2]/div/div/div[1]/canvas' not found
	at com.kms.katalon.core.webui.keyword.internal.WebUIKeywordMain.stepFailed(WebUIKeywordMain.groovy:64)
	at com.kms.katalon.core.webui.keyword.builtin.VerifyElementPresentKeyword$_verifyElementPresent_closure1.doCall(VerifyElementPresentKeyword.groovy:85)
	at com.kms.katalon.core.webui.keyword.builtin.VerifyElementPresentKeyword$_verifyElementPresent_closure1.call(VerifyElementPresentKeyword.groovy)
	at com.kms.katalon.core.webui.keyword.internal.WebUIKeywordMain.runKeyword(WebUIKeywordMain.groovy:20)
	... 22 more


2024-08-04 14:04:35 - [TEST_STEP][PASSED] - callTestCase(findTestCase("Login"), [:], STOP_ON_FAILURE): Call Test Case 'Test Cases/Login' successfully

2024-08-04 14:04:36 - [TEST_CASE][PASSED] - Test Cases/Login: Test Cases/Login

2024-08-04 14:04:36 - [TEST_STEP][PASSED] - driver = general.start(SwagerURL, NetCellURL): general.start is PASSED

2024-08-04 14:04:36 - [MESSAGE][INFO] - >>> chromeDriverPath=C:\Users\FatimaIbeid\.katalon\packages\Katalon_Studio_Windows_64-8.6.9\Katalon_Studio_Windows_64-8.6.9\configuration\resources\drivers\chromedriver_win32\chromedriver.exe

2024-08-04 14:04:37 - [MESSAGE][PASSED] - Current window maximized

2024-08-04 14:04:37 - [MESSAGE][PASSED] - Execute JavaScript 'window.open();' successfully

2024-08-04 14:04:37 - [MESSAGE][PASSED] - Switched to window with index: '1'

2024-08-04 14:04:38 - [MESSAGE][PASSED] - general.start is PASSED

2024-08-04 14:04:38 - [TEST_STEP][PASSED] - click(findTestObject("Object Repository/Login/LoginButton")): Object: 'Object Repository/Login/LoginButton' is clicked on

2024-08-04 14:04:39 - [MESSAGE][PASSED] - Object: 'Object Repository/Login/LoginButton' is clicked on

2024-08-04 14:04:39 - [TEST_STEP][PASSED] - switchToWindowIndex(2): Switched to window with index: '2'

2024-08-04 14:04:39 - [MESSAGE][PASSED] - Switched to window with index: '2'

2024-08-04 14:04:39 - [TEST_STEP][PASSED] - delay(1): Delayed 1 second(s)

2024-08-04 14:04:40 - [MESSAGE][PASSED] - Delayed 1 second(s)

2024-08-04 14:04:40 - [TEST_STEP][PASSED] - sendKeys(findTestObject("Object Repository/Login/EnterEmail"), "homam@zztjg.onmicrosoft.com"): Keys 'homam@zztjg.onmicrosoft.com' sent to object: 'Object Repository/Login/EnterEmail'

2024-08-04 14:04:41 - [MESSAGE][PASSED] - Keys 'homam@zztjg.onmicrosoft.com' sent to object: 'Object Repository/Login/EnterEmail'

2024-08-04 14:04:41 - [TEST_STEP][PASSED] - delay(1): Delayed 1 second(s)

2024-08-04 14:04:42 - [MESSAGE][PASSED] - Delayed 1 second(s)

2024-08-04 14:04:42 - [TEST_STEP][PASSED] - click(findTestObject("Object Repository/Login/NextButton")): Object: 'Object Repository/Login/NextButton' is clicked on

2024-08-04 14:04:42 - [MESSAGE][PASSED] - Object: 'Object Repository/Login/NextButton' is clicked on

2024-08-04 14:04:42 - [TEST_STEP][PASSED] - delay(2): Delayed 2 second(s)

2024-08-04 14:04:44 - [MESSAGE][PASSED] - Delayed 2 second(s)

2024-08-04 14:04:44 - [TEST_STEP][PASSED] - sendKeys(findTestObject("Object Repository/Login/EnterPassword"), "Holder12345"): Keys 'Holder12345' sent to object: 'Object Repository/Login/EnterPassword'

2024-08-04 14:04:44 - [MESSAGE][PASSED] - Keys 'Holder12345' sent to object: 'Object Repository/Login/EnterPassword'

2024-08-04 14:04:44 - [TEST_STEP][PASSED] - delay(1): Delayed 1 second(s)

2024-08-04 14:04:45 - [MESSAGE][PASSED] - Delayed 1 second(s)

2024-08-04 14:04:45 - [TEST_STEP][PASSED] - click(findTestObject("Object Repository/Login/SigninButton")): Object: 'Object Repository/Login/SigninButton' is clicked on

2024-08-04 14:04:46 - [MESSAGE][PASSED] - Object: 'Object Repository/Login/SigninButton' is clicked on

2024-08-04 14:04:46 - [TEST_STEP][PASSED] - delay(1): Delayed 1 second(s)

2024-08-04 14:04:47 - [MESSAGE][PASSED] - Delayed 1 second(s)

2024-08-04 14:04:47 - [TEST_STEP][PASSED] - click(findTestObject("Object Repository/Login/YesStayInButton")): Object: 'Object Repository/Login/YesStayInButton' is clicked on

2024-08-04 14:04:47 - [MESSAGE][PASSED] - Object: 'Object Repository/Login/YesStayInButton' is clicked on

2024-08-04 14:04:47 - [MESSAGE][PASSED] - Call Test Case 'Test Cases/Login' successfully

2024-08-04 14:04:47 - [TEST_STEP][PASSED] - switchToWindowIndex(1): Switched to window with index: '1'

2024-08-04 14:04:48 - [MESSAGE][PASSED] - Switched to window with index: '1'

2024-08-04 14:04:48 - [TEST_STEP][FAILED] - PMHwaueiTopX.TopX("2G", "Region", false, "DailyBH", false, null): Unable to verify object 'Object Repository/PM/Huawei-vendor/Chart' is present

2024-08-04 14:04:48 - [MESSAGE][PASSED] - Object: 'Object Repository/PM/PM-Button' is clicked on

2024-08-04 14:04:48 - [MESSAGE][PASSED] - Switched to window with index: '2'

2024-08-04 14:04:49 - [MESSAGE][PASSED] - Object: 'Object Repository/PM/Huawei-vendor/Data-view/TopX' is clicked on

2024-08-04 14:04:49 - [MESSAGE][PASSED] - Object: 'Object Repository/PM/Huawei-vendor/Technology/Technology-Arrow' is clicked on

2024-08-04 14:04:49 - [MESSAGE][PASSED] - Object: 'Object Repository/PM/Huawei-vendor/Technology/2G' is clicked on

2024-08-04 14:04:49 - [MESSAGE][PASSED] - Object: 'Object Repository/PM/Huawei-vendor/TopX/TopX Object Type' is clicked on

2024-08-04 14:04:50 - [MESSAGE][PASSED] - Delayed 1 second(s)

2024-08-04 14:04:50 - [MESSAGE][PASSED] - Object: 'Object Repository/PM/Huawei-vendor/Object-Type/TopX Object Types/TopX Regions/TopX Region' is clicked on

2024-08-04 14:04:51 - [MESSAGE][PASSED] - Delayed 1 second(s)

2024-08-04 14:04:52 - [MESSAGE][WARNING] - Timeout '0' is invalid. Using default page load timeout: '120'

2024-08-04 14:04:52 - [MESSAGE][PASSED] - Scroll to object 'Object Repository/PM/Huawei-vendor/Object Border' successfully

2024-08-04 14:04:52 - [MESSAGE][PASSED] - Object: 'Object Repository/PM/Huawei-vendor/Object-Type/TopX Object Types/TopX Regions/TopX Region East Amman' is clicked on

2024-08-04 14:04:52 - [MESSAGE][PASSED] - Object: 'Object Repository/PM/Huawei-vendor/Object-Type/TopX Object Types/TopX Regions/TopX Region West Amman' is clicked on

2024-08-04 14:04:52 - [MESSAGE][PASSED] - Object: 'Object Repository/PM/Huawei-vendor/Object-Type/TopX Object Types/TopX Regions/TopX Region South Jordan' is clicked on

2024-08-04 14:04:52 - [MESSAGE][PASSED] - Object: 'Object Repository/PM/Huawei-vendor/Object-Type/TopX Object Types/TopX Regions/TopX Region North Jordan' is clicked on

2024-08-04 14:04:52 - [MESSAGE][WARNING] - Timeout '0' is invalid. Using default page load timeout: '120'

2024-08-04 14:04:52 - [MESSAGE][PASSED] - Scroll to object 'Object Repository/PM/Huawei-vendor/LowXlabel' successfully

2024-08-04 14:04:52 - [MESSAGE][PASSED] - Object: 'Object Repository/PM/Huawei-vendor/Resolution Temp/Select Resolution temp' is clicked on

2024-08-04 14:04:53 - [MESSAGE][PASSED] - Object: 'Object Repository/PM/Huawei-vendor/Resolution Temp/Resolution Temp DailyBH' is clicked on

2024-08-04 14:04:53 - [MESSAGE][PASSED] - Object: 'Object Repository/PM/Huawei-vendor/TopX/TopXDate/BeforeDate' is clicked on

2024-08-04 14:04:54 - [MESSAGE][PASSED] - Delayed 1 second(s)

2024-08-04 14:04:54 - [MESSAGE][PASSED] - Object: 'Object Repository/PM/Huawei-vendor/TopX/TopXDate/Choose Month' is clicked on

2024-08-04 14:04:55 - [MESSAGE][PASSED] - Delayed 1 second(s)

2024-08-04 14:04:55 - [MESSAGE][PASSED] - Object: 'Object Repository/PM/Huawei-vendor/TopX/TopXDate/Feb' is clicked on

2024-08-04 14:04:55 - [MESSAGE][PASSED] - Object: 'Object Repository/PM/Huawei-vendor/TopX/TopXDate/Day 1' is clicked on

2024-08-04 14:04:55 - [MESSAGE][PASSED] - Object: 'Object Repository/PM/Huawei-vendor/TopX/TopXDate/Button OK' is clicked on

2024-08-04 14:04:56 - [MESSAGE][PASSED] - Object: 'Object Repository/PM/Huawei-vendor/TopX/TopXDate/After Date' is clicked on

2024-08-04 14:04:57 - [MESSAGE][PASSED] - Delayed 1 second(s)

2024-08-04 14:04:57 - [MESSAGE][PASSED] - Object: 'Object Repository/PM/Huawei-vendor/TopX/TopXDate/Choose Month' is clicked on

2024-08-04 14:04:58 - [MESSAGE][PASSED] - Delayed 1 second(s)

2024-08-04 14:04:58 - [MESSAGE][PASSED] - Object: 'Object Repository/PM/Huawei-vendor/TopX/TopXDate/Feb' is clicked on

2024-08-04 14:04:58 - [MESSAGE][PASSED] - Object: 'Object Repository/PM/Huawei-vendor/TopX/TopXDate/Day 7' is clicked on

2024-08-04 14:04:58 - [MESSAGE][PASSED] - Object: 'Object Repository/PM/Huawei-vendor/TopX/TopXDate/Button OK' is clicked on

2024-08-04 14:04:59 - [MESSAGE][PASSED] - Object: 'Object Repository/PM/Huawei-vendor/Apply-Button' is clicked on

2024-08-04 14:04:59 - [MESSAGE][WARNING] - Timeout '0' is invalid. Using default page load timeout: '120'

2024-08-04 14:04:59 - [MESSAGE][PASSED] - Web element with id: 'Object Repository/PM/Huawei-vendor/Error' located by 'By.xpath: //div[@class='toast-summary title-medium-m']' is not present after '120' second(s)

2024-08-04 14:04:59 - [MESSAGE][WARNING] - Timeout '0' is invalid. Using default page load timeout: '120'

2024-08-04 14:07:00 - [MESSAGE][INFO] - Unable to find the element located by 'By.xpath: //*[@id="chart-container"]/div/app-main-chart-component[1]/div/div[2]/div[2]/div/div/div[1]/canvas'. Please recheck the objects properties to make sure the desired element is located. 

2024-08-04 14:07:00 - [MESSAGE][FAILED] - com.kms.katalon.core.webui.exception.WebElementNotFoundException: Web element with id: 'Object Repository/PM/Huawei-vendor/Chart' located by '//*[@id="chart-container"]/div/app-main-chart-component[1]/div/div[2]/div[2]/div/div/div[1]/canvas' not found (Root cause: com.kms.katalon.core.exception.StepFailedException: com.kms.katalon.core.webui.exception.WebElementNotFoundException: Web element with id: 'Object Repository/PM/Huawei-vendor/Chart' located by '//*[@id="chart-container"]/div/app-main-chart-component[1]/div/div[2]/div[2]/div/div/div[1]/canvas' not found
	at com.kms.katalon.core.webui.keyword.internal.WebUIKeywordMain.stepFailed(WebUIKeywordMain.groovy:64)
	at com.kms.katalon.core.webui.keyword.builtin.VerifyElementPresentKeyword$_verifyElementPresent_closure1.doCall(VerifyElementPresentKeyword.groovy:85)
	at com.kms.katalon.core.webui.keyword.builtin.VerifyElementPresentKeyword$_verifyElementPresent_closure1.call(VerifyElementPresentKeyword.groovy)
	at com.kms.katalon.core.webui.keyword.internal.WebUIKeywordMain.runKeyword(WebUIKeywordMain.groovy:20)
	at com.kms.katalon.core.webui.keyword.builtin.VerifyElementPresentKeyword.verifyElementPresent(VerifyElementPresentKeyword.groovy:92)
	at com.kms.katalon.core.webui.keyword.builtin.VerifyElementPresentKeyword.execute(VerifyElementPresentKeyword.groovy:68)
	at com.kms.katalon.core.keyword.internal.KeywordExecutor.executeKeywordForPlatform(KeywordExecutor.groovy:74)
	at com.kms.katalon.core.webui.keyword.WebUiBuiltInKeywords.verifyElementPresent(WebUiBuiltInKeywords.groovy:1464)
	at com.kms.katalon.core.webui.keyword.WebUiBuiltInKeywords$verifyElementPresent$6.call(Unknown Source)
	at PMHwaueiTopX.TopX(PMHwaueiTopX.groovy:1593)
	at PMHwaueiTopX.invokeMethod(PMHwaueiTopX.groovy)
	at com.kms.katalon.core.main.CustomKeywordDelegatingMetaClass.invokeStaticMethod(CustomKeywordDelegatingMetaClass.java:55)
	at TopX 2G Region DailyBH.run(TopX 2G Region DailyBH:29)
	at com.kms.katalon.core.main.ScriptEngine.run(ScriptEngine.java:194)
	at com.kms.katalon.core.main.ScriptEngine.runScriptAsRawText(ScriptEngine.java:119)
	at com.kms.katalon.core.main.TestCaseExecutor.runScript(TestCaseExecutor.java:448)
	at com.kms.katalon.core.main.TestCaseExecutor.doExecute(TestCaseExecutor.java:439)
	at com.kms.katalon.core.main.TestCaseExecutor.processExecutionPhase(TestCaseExecutor.java:418)
	at com.kms.katalon.core.main.TestCaseExecutor.accessMainPhase(TestCaseExecutor.java:410)
	at com.kms.katalon.core.main.TestCaseExecutor.execute(TestCaseExecutor.java:285)
	at com.kms.katalon.core.common.CommonExecutor.accessTestCaseMainPhase(CommonExecutor.java:65)
	at com.kms.katalon.core.main.TestSuiteExecutor.accessTestSuiteMainPhase(TestSuiteExecutor.java:148)
	at com.kms.katalon.core.main.TestSuiteExecutor.execute(TestSuiteExecutor.java:106)
	at com.kms.katalon.core.main.TestCaseMain.startTestSuite(TestCaseMain.java:187)
	at com.kms.katalon.core.main.TestCaseMain$startTestSuite$0.call(Unknown Source)
	at TempTestSuite1722769113368.run(TempTestSuite1722769113368.groovy:35)
)
[[ATTACHMENT|C:\\Users\\FatimaIbeid\\git\\NetCell\\Reports\\20240804_135833\\PM\\Hwauei\\TopX\\Regression TopX 2G\\20240804_135833\\1722769620166.png]]

2024-08-04 14:07:00 - [MESSAGE][FAILED] - Unable to verify object 'Object Repository/PM/Huawei-vendor/Chart' is present (Root cause: com.kms.katalon.core.exception.StepFailedException: Unable to verify object 'Object Repository/PM/Huawei-vendor/Chart' is present
	at com.kms.katalon.core.webui.keyword.internal.WebUIKeywordMain.stepFailed(WebUIKeywordMain.groovy:64)
	at com.kms.katalon.core.webui.keyword.internal.WebUIKeywordMain.runKeyword(WebUIKeywordMain.groovy:26)
	at com.kms.katalon.core.webui.keyword.builtin.VerifyElementPresentKeyword.verifyElementPresent(VerifyElementPresentKeyword.groovy:92)
	at com.kms.katalon.core.webui.keyword.builtin.VerifyElementPresentKeyword.execute(VerifyElementPresentKeyword.groovy:68)
	at com.kms.katalon.core.keyword.internal.KeywordExecutor.executeKeywordForPlatform(KeywordExecutor.groovy:74)
	at com.kms.katalon.core.webui.keyword.WebUiBuiltInKeywords.verifyElementPresent(WebUiBuiltInKeywords.groovy:1464)
	at com.kms.katalon.core.webui.keyword.WebUiBuiltInKeywords$verifyElementPresent$6.call(Unknown Source)
	at PMHwaueiTopX.TopX(PMHwaueiTopX.groovy:1593)
	at PMHwaueiTopX.invokeMethod(PMHwaueiTopX.groovy)
	at com.kms.katalon.core.main.CustomKeywordDelegatingMetaClass.invokeStaticMethod(CustomKeywordDelegatingMetaClass.java:55)
	at TopX 2G Region DailyBH.run(TopX 2G Region DailyBH:29)
	at com.kms.katalon.core.main.ScriptEngine.run(ScriptEngine.java:194)
	at com.kms.katalon.core.main.ScriptEngine.runScriptAsRawText(ScriptEngine.java:119)
	at com.kms.katalon.core.main.TestCaseExecutor.runScript(TestCaseExecutor.java:448)
	at com.kms.katalon.core.main.TestCaseExecutor.doExecute(TestCaseExecutor.java:439)
	at com.kms.katalon.core.main.TestCaseExecutor.processExecutionPhase(TestCaseExecutor.java:418)
	at com.kms.katalon.core.main.TestCaseExecutor.accessMainPhase(TestCaseExecutor.java:410)
	at com.kms.katalon.core.main.TestCaseExecutor.execute(TestCaseExecutor.java:285)
	at com.kms.katalon.core.common.CommonExecutor.accessTestCaseMainPhase(CommonExecutor.java:65)
	at com.kms.katalon.core.main.TestSuiteExecutor.accessTestSuiteMainPhase(TestSuiteExecutor.java:148)
	at com.kms.katalon.core.main.TestSuiteExecutor.execute(TestSuiteExecutor.java:106)
	at com.kms.katalon.core.main.TestCaseMain.startTestSuite(TestCaseMain.java:187)
	at com.kms.katalon.core.main.TestCaseMain$startTestSuite$0.call(Unknown Source)
	at TempTestSuite1722769113368.run(TempTestSuite1722769113368.groovy:35)
Caused by: com.kms.katalon.core.exception.StepFailedException: com.kms.katalon.core.webui.exception.WebElementNotFoundException: Web element with id: 'Object Repository/PM/Huawei-vendor/Chart' located by '//*[@id="chart-container"]/div/app-main-chart-component[1]/div/div[2]/div[2]/div/div/div[1]/canvas' not found
	at com.kms.katalon.core.webui.keyword.internal.WebUIKeywordMain.stepFailed(WebUIKeywordMain.groovy:64)
	at com.kms.katalon.core.webui.keyword.builtin.VerifyElementPresentKeyword$_verifyElementPresent_closure1.doCall(VerifyElementPresentKeyword.groovy:85)
	at com.kms.katalon.core.webui.keyword.builtin.VerifyElementPresentKeyword$_verifyElementPresent_closure1.call(VerifyElementPresentKeyword.groovy)
	at com.kms.katalon.core.webui.keyword.internal.WebUIKeywordMain.runKeyword(WebUIKeywordMain.groovy:20)
	... 22 more
)
[[ATTACHMENT|C:\\Users\\FatimaIbeid\\git\\NetCell\\Reports\\20240804_135833\\PM\\Hwauei\\TopX\\Regression TopX 2G\\20240804_135833\\1722769620304.png]]

2024-08-04 14:07:00 - [MESSAGE][FAILED] - Unable to verify object 'Object Repository/PM/Huawei-vendor/Chart' is present]]></system-out>
         <system-err><![CDATA[2024-08-04 14:04:35 - [TEST_CASE][FAILED] - Test Cases/PM/Hwauei/TopX/2G TopX/XRegion/TopX 2G Region DailyBH: Test Cases/PM/Hwauei/TopX/2G TopX/XRegion/TopX 2G Region DailyBH FAILED.
Reason:
com.kms.katalon.core.exception.StepFailedException: Unable to verify object 'Object Repository/PM/Huawei-vendor/Chart' is present
	at com.kms.katalon.core.webui.keyword.internal.WebUIKeywordMain.stepFailed(WebUIKeywordMain.groovy:64)
	at com.kms.katalon.core.webui.keyword.internal.WebUIKeywordMain.runKeyword(WebUIKeywordMain.groovy:26)
	at com.kms.katalon.core.webui.keyword.builtin.VerifyElementPresentKeyword.verifyElementPresent(VerifyElementPresentKeyword.groovy:92)
	at com.kms.katalon.core.webui.keyword.builtin.VerifyElementPresentKeyword.execute(VerifyElementPresentKeyword.groovy:68)
	at com.kms.katalon.core.keyword.internal.KeywordExecutor.executeKeywordForPlatform(KeywordExecutor.groovy:74)
	at com.kms.katalon.core.webui.keyword.WebUiBuiltInKeywords.verifyElementPresent(WebUiBuiltInKeywords.groovy:1464)
	at com.kms.katalon.core.webui.keyword.WebUiBuiltInKeywords$verifyElementPresent$6.call(Unknown Source)
	at PMHwaueiTopX.TopX(PMHwaueiTopX.groovy:1593)
	at PMHwaueiTopX.invokeMethod(PMHwaueiTopX.groovy)
	at com.kms.katalon.core.main.CustomKeywordDelegatingMetaClass.invokeStaticMethod(CustomKeywordDelegatingMetaClass.java:55)
	at TopX 2G Region DailyBH.run(TopX 2G Region DailyBH:29)
	at com.kms.katalon.core.main.ScriptEngine.run(ScriptEngine.java:194)
	at com.kms.katalon.core.main.ScriptEngine.runScriptAsRawText(ScriptEngine.java:119)
	at com.kms.katalon.core.main.TestCaseExecutor.runScript(TestCaseExecutor.java:448)
	at com.kms.katalon.core.main.TestCaseExecutor.doExecute(TestCaseExecutor.java:439)
	at com.kms.katalon.core.main.TestCaseExecutor.processExecutionPhase(TestCaseExecutor.java:418)
	at com.kms.katalon.core.main.TestCaseExecutor.accessMainPhase(TestCaseExecutor.java:410)
	at com.kms.katalon.core.main.TestCaseExecutor.execute(TestCaseExecutor.java:285)
	at com.kms.katalon.core.common.CommonExecutor.accessTestCaseMainPhase(CommonExecutor.java:65)
	at com.kms.katalon.core.main.TestSuiteExecutor.accessTestSuiteMainPhase(TestSuiteExecutor.java:148)
	at com.kms.katalon.core.main.TestSuiteExecutor.execute(TestSuiteExecutor.java:106)
	at com.kms.katalon.core.main.TestCaseMain.startTestSuite(TestCaseMain.java:187)
	at com.kms.katalon.core.main.TestCaseMain$startTestSuite$0.call(Unknown Source)
	at TempTestSuite1722769113368.run(TempTestSuite1722769113368.groovy:35)
Caused by: com.kms.katalon.core.exception.StepFailedException: com.kms.katalon.core.webui.exception.WebElementNotFoundException: Web element with id: 'Object Repository/PM/Huawei-vendor/Chart' located by '//*[@id="chart-container"]/div/app-main-chart-component[1]/div/div[2]/div[2]/div/div/div[1]/canvas' not found
	at com.kms.katalon.core.webui.keyword.internal.WebUIKeywordMain.stepFailed(WebUIKeywordMain.groovy:64)
	at com.kms.katalon.core.webui.keyword.builtin.VerifyElementPresentKeyword$_verifyElementPresent_closure1.doCall(VerifyElementPresentKeyword.groovy:85)
	at com.kms.katalon.core.webui.keyword.builtin.VerifyElementPresentKeyword$_verifyElementPresent_closure1.call(VerifyElementPresentKeyword.groovy)
	at com.kms.katalon.core.webui.keyword.internal.WebUIKeywordMain.runKeyword(WebUIKeywordMain.groovy:20)
	... 22 more]]></system-err>
      </testcase>
      <testcase name="Test Cases/PM/Hwauei/TopX/2G TopX/XSite/TopX 2G Site default" time="56.393" classname="Test Cases/PM/Hwauei/TopX/2G TopX/XSite/TopX 2G Site default" status="PASSED">
         <system-out><![CDATA[2024-08-04 14:07:00 - [TEST_CASE][PASSED] - Test Cases/PM/Hwauei/TopX/2G TopX/XSite/TopX 2G Site default: Test Cases/PM/Hwauei/TopX/2G TopX/XSite/TopX 2G Site default

2024-08-04 14:07:00 - [TEST_STEP][PASSED] - callTestCase(findTestCase("Login"), [:], STOP_ON_FAILURE): Call Test Case 'Test Cases/Login' successfully

2024-08-04 14:07:00 - [TEST_CASE][PASSED] - Test Cases/Login: Test Cases/Login

2024-08-04 14:07:00 - [TEST_STEP][PASSED] - driver = general.start(SwagerURL, NetCellURL): general.start is PASSED

2024-08-04 14:07:00 - [MESSAGE][INFO] - >>> chromeDriverPath=C:\Users\FatimaIbeid\.katalon\packages\Katalon_Studio_Windows_64-8.6.9\Katalon_Studio_Windows_64-8.6.9\configuration\resources\drivers\chromedriver_win32\chromedriver.exe

2024-08-04 14:07:02 - [MESSAGE][PASSED] - Current window maximized

2024-08-04 14:07:02 - [MESSAGE][PASSED] - Execute JavaScript 'window.open();' successfully

2024-08-04 14:07:02 - [MESSAGE][PASSED] - Switched to window with index: '1'

2024-08-04 14:07:14 - [MESSAGE][PASSED] - general.start is PASSED

2024-08-04 14:07:14 - [TEST_STEP][PASSED] - click(findTestObject("Object Repository/Login/LoginButton")): Object: 'Object Repository/Login/LoginButton' is clicked on

2024-08-04 14:07:14 - [MESSAGE][PASSED] - Object: 'Object Repository/Login/LoginButton' is clicked on

2024-08-04 14:07:14 - [TEST_STEP][PASSED] - switchToWindowIndex(2): Switched to window with index: '2'

2024-08-04 14:07:14 - [MESSAGE][PASSED] - Switched to window with index: '2'

2024-08-04 14:07:14 - [TEST_STEP][PASSED] - delay(1): Delayed 1 second(s)

2024-08-04 14:07:15 - [MESSAGE][PASSED] - Delayed 1 second(s)

2024-08-04 14:07:15 - [TEST_STEP][PASSED] - sendKeys(findTestObject("Object Repository/Login/EnterEmail"), "homam@zztjg.onmicrosoft.com"): Keys 'homam@zztjg.onmicrosoft.com' sent to object: 'Object Repository/Login/EnterEmail'

2024-08-04 14:07:16 - [MESSAGE][PASSED] - Keys 'homam@zztjg.onmicrosoft.com' sent to object: 'Object Repository/Login/EnterEmail'

2024-08-04 14:07:16 - [TEST_STEP][PASSED] - delay(1): Delayed 1 second(s)

2024-08-04 14:07:17 - [MESSAGE][PASSED] - Delayed 1 second(s)

2024-08-04 14:07:17 - [TEST_STEP][PASSED] - click(findTestObject("Object Repository/Login/NextButton")): Object: 'Object Repository/Login/NextButton' is clicked on

2024-08-04 14:07:17 - [MESSAGE][PASSED] - Object: 'Object Repository/Login/NextButton' is clicked on

2024-08-04 14:07:17 - [TEST_STEP][PASSED] - delay(2): Delayed 2 second(s)

2024-08-04 14:07:19 - [MESSAGE][PASSED] - Delayed 2 second(s)

2024-08-04 14:07:19 - [TEST_STEP][PASSED] - sendKeys(findTestObject("Object Repository/Login/EnterPassword"), "Holder12345"): Keys 'Holder12345' sent to object: 'Object Repository/Login/EnterPassword'

2024-08-04 14:07:20 - [MESSAGE][PASSED] - Keys 'Holder12345' sent to object: 'Object Repository/Login/EnterPassword'

2024-08-04 14:07:20 - [TEST_STEP][PASSED] - delay(1): Delayed 1 second(s)

2024-08-04 14:07:21 - [MESSAGE][PASSED] - Delayed 1 second(s)

2024-08-04 14:07:21 - [TEST_STEP][PASSED] - click(findTestObject("Object Repository/Login/SigninButton")): Object: 'Object Repository/Login/SigninButton' is clicked on

2024-08-04 14:07:21 - [MESSAGE][PASSED] - Object: 'Object Repository/Login/SigninButton' is clicked on

2024-08-04 14:07:21 - [TEST_STEP][PASSED] - delay(1): Delayed 1 second(s)

2024-08-04 14:07:22 - [MESSAGE][PASSED] - Delayed 1 second(s)

2024-08-04 14:07:22 - [TEST_STEP][PASSED] - click(findTestObject("Object Repository/Login/YesStayInButton")): Object: 'Object Repository/Login/YesStayInButton' is clicked on

2024-08-04 14:07:23 - [MESSAGE][PASSED] - Object: 'Object Repository/Login/YesStayInButton' is clicked on

2024-08-04 14:07:23 - [MESSAGE][PASSED] - Call Test Case 'Test Cases/Login' successfully

2024-08-04 14:07:23 - [TEST_STEP][PASSED] - switchToWindowIndex(1): Switched to window with index: '1'

2024-08-04 14:07:23 - [MESSAGE][PASSED] - Switched to window with index: '1'

2024-08-04 14:07:23 - [TEST_STEP][PASSED] - PMHwaueiTopX.TopX("2G", "Site", false, "Hourly", false, null): PMHwaueiTopX.TopX is PASSED

2024-08-04 14:07:24 - [MESSAGE][PASSED] - Object: 'Object Repository/PM/PM-Button' is clicked on

2024-08-04 14:07:24 - [MESSAGE][PASSED] - Switched to window with index: '2'

2024-08-04 14:07:37 - [MESSAGE][PASSED] - Object: 'Object Repository/PM/Huawei-vendor/Data-view/TopX' is clicked on

2024-08-04 14:07:37 - [MESSAGE][PASSED] - Object: 'Object Repository/PM/Huawei-vendor/Technology/Technology-Arrow' is clicked on

2024-08-04 14:07:38 - [MESSAGE][PASSED] - Object: 'Object Repository/PM/Huawei-vendor/Technology/2G' is clicked on

2024-08-04 14:07:38 - [MESSAGE][PASSED] - Object: 'Object Repository/PM/Huawei-vendor/TopX/TopX Object Type' is clicked on

2024-08-04 14:07:39 - [MESSAGE][PASSED] - Delayed 1 second(s)

2024-08-04 14:07:39 - [MESSAGE][PASSED] - Object: 'Object Repository/PM/Huawei-vendor/Object-Type/TopX Object Types/TopX Sites/TopX Site' is clicked on

2024-08-04 14:07:40 - [MESSAGE][PASSED] - Delayed 1 second(s)

2024-08-04 14:07:40 - [MESSAGE][WARNING] - Timeout '0' is invalid. Using default page load timeout: '120'

2024-08-04 14:07:40 - [MESSAGE][PASSED] - Scroll to object 'Object Repository/PM/Huawei-vendor/Object Border' successfully

2024-08-04 14:07:40 - [MESSAGE][PASSED] - Object: 'Object Repository/PM/Huawei-vendor/Object-Type/TopX Object Types/TopX Sites/TopX East Amman Arrow' is clicked on

2024-08-04 14:07:41 - [MESSAGE][PASSED] - Object: 'Object Repository/PM/Huawei-vendor/Object-Type/TopX Object Types/TopX Sites/TopX East Amman site1' is clicked on

2024-08-04 14:07:42 - [MESSAGE][PASSED] - Object: 'Object Repository/PM/Huawei-vendor/Object-Type/TopX Object Types/TopX Sites/TopX East Amman CloseArrow' is clicked on

2024-08-04 14:07:42 - [MESSAGE][PASSED] - Object: 'Object Repository/PM/Huawei-vendor/Object-Type/TopX Object Types/TopX Sites/TopX West Amman Arrow' is clicked on

2024-08-04 14:07:43 - [MESSAGE][PASSED] - Object: 'Object Repository/PM/Huawei-vendor/Object-Type/TopX Object Types/TopX Sites/TopX West Amman site1' is clicked on

2024-08-04 14:07:43 - [MESSAGE][PASSED] - Object: 'Object Repository/PM/Huawei-vendor/Object-Type/TopX Object Types/TopX Sites/TopX West Amman CloseArrow' is clicked on

2024-08-04 14:07:43 - [MESSAGE][PASSED] - Object: 'Object Repository/PM/Huawei-vendor/Object-Type/TopX Object Types/TopX Sites/TopX North Jordan Arrow' is clicked on

2024-08-04 14:07:46 - [MESSAGE][PASSED] - Object: 'Object Repository/PM/Huawei-vendor/Object-Type/TopX Object Types/TopX Sites/TopX North Jordan site1' is clicked on

2024-08-04 14:07:46 - [MESSAGE][PASSED] - Object: 'Object Repository/PM/Huawei-vendor/Object-Type/TopX Object Types/TopX Sites/TopX North Jordan CloseArrow' is clicked on

2024-08-04 14:07:46 - [MESSAGE][PASSED] - Object: 'Object Repository/PM/Huawei-vendor/Object-Type/TopX Object Types/TopX Sites/TopX South Jordan Arrow' is clicked on

2024-08-04 14:07:47 - [MESSAGE][PASSED] - Object: 'Object Repository/PM/Huawei-vendor/Object-Type/TopX Object Types/TopX Sites/TopX South Jordan site1' is clicked on

2024-08-04 14:07:47 - [MESSAGE][PASSED] - Object: 'Object Repository/PM/Huawei-vendor/Object-Type/TopX Object Types/TopX Sites/TopX South Jordan CloseArrow' is clicked on

2024-08-04 14:07:47 - [MESSAGE][WARNING] - Timeout '0' is invalid. Using default page load timeout: '120'

2024-08-04 14:07:47 - [MESSAGE][PASSED] - Scroll to object 'Object Repository/PM/Huawei-vendor/LowXlabel' successfully

2024-08-04 14:07:47 - [MESSAGE][PASSED] - Object: 'Object Repository/PM/Huawei-vendor/TopX/TopXDate/BeforeDate' is clicked on

2024-08-04 14:07:49 - [MESSAGE][PASSED] - Delayed 1 second(s)

2024-08-04 14:07:49 - [MESSAGE][PASSED] - Object: 'Object Repository/PM/Huawei-vendor/TopX/TopXDate/Choose Month' is clicked on

2024-08-04 14:07:50 - [MESSAGE][PASSED] - Delayed 1 second(s)

2024-08-04 14:07:50 - [MESSAGE][PASSED] - Object: 'Object Repository/PM/Huawei-vendor/TopX/TopXDate/Feb' is clicked on

2024-08-04 14:07:50 - [MESSAGE][PASSED] - Object: 'Object Repository/PM/Huawei-vendor/TopX/TopXDate/Day 1' is clicked on

2024-08-04 14:07:50 - [MESSAGE][PASSED] - Object: 'Object Repository/PM/Huawei-vendor/TopX/TopXDate/Button OK' is clicked on

2024-08-04 14:07:51 - [MESSAGE][PASSED] - Object: 'Object Repository/PM/Huawei-vendor/TopX/TopXDate/After Date' is clicked on

2024-08-04 14:07:52 - [MESSAGE][PASSED] - Delayed 1 second(s)

2024-08-04 14:07:52 - [MESSAGE][PASSED] - Object: 'Object Repository/PM/Huawei-vendor/TopX/TopXDate/Choose Month' is clicked on

2024-08-04 14:07:53 - [MESSAGE][PASSED] - Delayed 1 second(s)

2024-08-04 14:07:53 - [MESSAGE][PASSED] - Object: 'Object Repository/PM/Huawei-vendor/TopX/TopXDate/Feb' is clicked on

2024-08-04 14:07:53 - [MESSAGE][PASSED] - Object: 'Object Repository/PM/Huawei-vendor/TopX/TopXDate/Day 7' is clicked on

2024-08-04 14:07:53 - [MESSAGE][PASSED] - Object: 'Object Repository/PM/Huawei-vendor/TopX/TopXDate/Button OK' is clicked on

2024-08-04 14:07:54 - [MESSAGE][PASSED] - Object: 'Object Repository/PM/Huawei-vendor/Apply-Button' is clicked on

2024-08-04 14:07:54 - [MESSAGE][WARNING] - Timeout '0' is invalid. Using default page load timeout: '120'

2024-08-04 14:07:54 - [MESSAGE][PASSED] - Web element with id: 'Object Repository/PM/Huawei-vendor/Error' located by 'By.xpath: //div[@class='toast-summary title-medium-m']' is not present after '120' second(s)

2024-08-04 14:07:54 - [MESSAGE][WARNING] - Timeout '0' is invalid. Using default page load timeout: '120'

2024-08-04 14:07:55 - [MESSAGE][PASSED] - Object 'Object Repository/PM/Huawei-vendor/Chart' is present

2024-08-04 14:07:55 - [MESSAGE][WARNING] - Timeout '0' is invalid. Using default page load timeout: '120'

2024-08-04 14:07:55 - [MESSAGE][PASSED] - Object 'Object Repository/PM/Huawei-vendor/TopX/TopX Export Chart' is present

2024-08-04 14:07:55 - [MESSAGE][WARNING] - Timeout '0' is invalid. Using default page load timeout: '120'

2024-08-04 14:07:55 - [MESSAGE][PASSED] - Object 'Object Repository/PM/Huawei-vendor/TopX/Table View' is present

2024-08-04 14:07:55 - [MESSAGE][PASSED] - Object: 'Object Repository/PM/Huawei-vendor/TopX/Table View' is clicked on

2024-08-04 14:07:56 - [MESSAGE][PASSED] - Object: 'Object Repository/PM/Huawei-vendor/TopX/Reordering the table view' is clicked on

2024-08-04 14:07:56 - [MESSAGE][PASSED] - Browser is closed

2024-08-04 14:07:56 - [MESSAGE][PASSED] - PMHwaueiTopX.TopX is PASSED]]></system-out>
         <system-err><![CDATA[]]></system-err>
      </testcase>
      <testcase name="Test Cases/PM/Hwauei/TopX/2G TopX/XSite/TopX 2G Site with LowX" time="54.699" classname="Test Cases/PM/Hwauei/TopX/2G TopX/XSite/TopX 2G Site with LowX" status="PASSED">
         <system-out><![CDATA[2024-08-04 14:07:56 - [TEST_CASE][PASSED] - Test Cases/PM/Hwauei/TopX/2G TopX/XSite/TopX 2G Site with LowX: Test Cases/PM/Hwauei/TopX/2G TopX/XSite/TopX 2G Site with LowX

2024-08-04 14:07:57 - [TEST_STEP][PASSED] - callTestCase(findTestCase("Login"), [:], STOP_ON_FAILURE): Call Test Case 'Test Cases/Login' successfully

2024-08-04 14:07:57 - [TEST_CASE][PASSED] - Test Cases/Login: Test Cases/Login

2024-08-04 14:07:57 - [TEST_STEP][PASSED] - driver = general.start(SwagerURL, NetCellURL): general.start is PASSED

2024-08-04 14:07:57 - [MESSAGE][INFO] - >>> chromeDriverPath=C:\Users\FatimaIbeid\.katalon\packages\Katalon_Studio_Windows_64-8.6.9\Katalon_Studio_Windows_64-8.6.9\configuration\resources\drivers\chromedriver_win32\chromedriver.exe

2024-08-04 14:07:58 - [MESSAGE][PASSED] - Current window maximized

2024-08-04 14:07:58 - [MESSAGE][PASSED] - Execute JavaScript 'window.open();' successfully

2024-08-04 14:07:58 - [MESSAGE][PASSED] - Switched to window with index: '1'

2024-08-04 14:08:10 - [MESSAGE][PASSED] - general.start is PASSED

2024-08-04 14:08:10 - [TEST_STEP][PASSED] - click(findTestObject("Object Repository/Login/LoginButton")): Object: 'Object Repository/Login/LoginButton' is clicked on

2024-08-04 14:08:11 - [MESSAGE][PASSED] - Object: 'Object Repository/Login/LoginButton' is clicked on

2024-08-04 14:08:11 - [TEST_STEP][PASSED] - switchToWindowIndex(2): Switched to window with index: '2'

2024-08-04 14:08:11 - [MESSAGE][PASSED] - Switched to window with index: '2'

2024-08-04 14:08:11 - [TEST_STEP][PASSED] - delay(1): Delayed 1 second(s)

2024-08-04 14:08:12 - [MESSAGE][PASSED] - Delayed 1 second(s)

2024-08-04 14:08:12 - [TEST_STEP][PASSED] - sendKeys(findTestObject("Object Repository/Login/EnterEmail"), "homam@zztjg.onmicrosoft.com"): Keys 'homam@zztjg.onmicrosoft.com' sent to object: 'Object Repository/Login/EnterEmail'

2024-08-04 14:08:13 - [MESSAGE][PASSED] - Keys 'homam@zztjg.onmicrosoft.com' sent to object: 'Object Repository/Login/EnterEmail'

2024-08-04 14:08:13 - [TEST_STEP][PASSED] - delay(1): Delayed 1 second(s)

2024-08-04 14:08:14 - [MESSAGE][PASSED] - Delayed 1 second(s)

2024-08-04 14:08:14 - [TEST_STEP][PASSED] - click(findTestObject("Object Repository/Login/NextButton")): Object: 'Object Repository/Login/NextButton' is clicked on

2024-08-04 14:08:14 - [MESSAGE][PASSED] - Object: 'Object Repository/Login/NextButton' is clicked on

2024-08-04 14:08:14 - [TEST_STEP][PASSED] - delay(2): Delayed 2 second(s)

2024-08-04 14:08:16 - [MESSAGE][PASSED] - Delayed 2 second(s)

2024-08-04 14:08:16 - [TEST_STEP][PASSED] - sendKeys(findTestObject("Object Repository/Login/EnterPassword"), "Holder12345"): Keys 'Holder12345' sent to object: 'Object Repository/Login/EnterPassword'

2024-08-04 14:08:16 - [MESSAGE][PASSED] - Keys 'Holder12345' sent to object: 'Object Repository/Login/EnterPassword'

2024-08-04 14:08:16 - [TEST_STEP][PASSED] - delay(1): Delayed 1 second(s)

2024-08-04 14:08:17 - [MESSAGE][PASSED] - Delayed 1 second(s)

2024-08-04 14:08:17 - [TEST_STEP][PASSED] - click(findTestObject("Object Repository/Login/SigninButton")): Object: 'Object Repository/Login/SigninButton' is clicked on

2024-08-04 14:08:18 - [MESSAGE][PASSED] - Object: 'Object Repository/Login/SigninButton' is clicked on

2024-08-04 14:08:18 - [TEST_STEP][PASSED] - delay(1): Delayed 1 second(s)

2024-08-04 14:08:19 - [MESSAGE][PASSED] - Delayed 1 second(s)

2024-08-04 14:08:19 - [TEST_STEP][PASSED] - click(findTestObject("Object Repository/Login/YesStayInButton")): Object: 'Object Repository/Login/YesStayInButton' is clicked on

2024-08-04 14:08:20 - [MESSAGE][PASSED] - Object: 'Object Repository/Login/YesStayInButton' is clicked on

2024-08-04 14:08:20 - [MESSAGE][PASSED] - Call Test Case 'Test Cases/Login' successfully

2024-08-04 14:08:20 - [TEST_STEP][PASSED] - switchToWindowIndex(1): Switched to window with index: '1'

2024-08-04 14:08:20 - [MESSAGE][PASSED] - Switched to window with index: '1'

2024-08-04 14:08:20 - [TEST_STEP][PASSED] - PMHwaueiTopX.TopX("2G", "Site", false, "Hourly", true, null): PMHwaueiTopX.TopX is PASSED

2024-08-04 14:08:21 - [MESSAGE][PASSED] - Object: 'Object Repository/PM/PM-Button' is clicked on

2024-08-04 14:08:21 - [MESSAGE][PASSED] - Switched to window with index: '2'

2024-08-04 14:08:33 - [MESSAGE][PASSED] - Object: 'Object Repository/PM/Huawei-vendor/Data-view/TopX' is clicked on

2024-08-04 14:08:33 - [MESSAGE][PASSED] - Object: 'Object Repository/PM/Huawei-vendor/Technology/Technology-Arrow' is clicked on

2024-08-04 14:08:34 - [MESSAGE][PASSED] - Object: 'Object Repository/PM/Huawei-vendor/Technology/2G' is clicked on

2024-08-04 14:08:34 - [MESSAGE][PASSED] - Object: 'Object Repository/PM/Huawei-vendor/TopX/TopX Object Type' is clicked on

2024-08-04 14:08:35 - [MESSAGE][PASSED] - Delayed 1 second(s)

2024-08-04 14:08:35 - [MESSAGE][PASSED] - Object: 'Object Repository/PM/Huawei-vendor/Object-Type/TopX Object Types/TopX Sites/TopX Site' is clicked on

2024-08-04 14:08:36 - [MESSAGE][PASSED] - Delayed 1 second(s)

2024-08-04 14:08:36 - [MESSAGE][WARNING] - Timeout '0' is invalid. Using default page load timeout: '120'

2024-08-04 14:08:36 - [MESSAGE][PASSED] - Scroll to object 'Object Repository/PM/Huawei-vendor/Object Border' successfully

2024-08-04 14:08:36 - [MESSAGE][PASSED] - Object: 'Object Repository/PM/Huawei-vendor/Object-Type/TopX Object Types/TopX Sites/TopX East Amman Arrow' is clicked on

2024-08-04 14:08:38 - [MESSAGE][PASSED] - Object: 'Object Repository/PM/Huawei-vendor/Object-Type/TopX Object Types/TopX Sites/TopX East Amman site1' is clicked on

2024-08-04 14:08:38 - [MESSAGE][PASSED] - Object: 'Object Repository/PM/Huawei-vendor/Object-Type/TopX Object Types/TopX Sites/TopX East Amman CloseArrow' is clicked on

2024-08-04 14:08:38 - [MESSAGE][PASSED] - Object: 'Object Repository/PM/Huawei-vendor/Object-Type/TopX Object Types/TopX Sites/TopX West Amman Arrow' is clicked on

2024-08-04 14:08:39 - [MESSAGE][PASSED] - Object: 'Object Repository/PM/Huawei-vendor/Object-Type/TopX Object Types/TopX Sites/TopX West Amman site1' is clicked on

2024-08-04 14:08:39 - [MESSAGE][PASSED] - Object: 'Object Repository/PM/Huawei-vendor/Object-Type/TopX Object Types/TopX Sites/TopX West Amman CloseArrow' is clicked on

2024-08-04 14:08:39 - [MESSAGE][PASSED] - Object: 'Object Repository/PM/Huawei-vendor/Object-Type/TopX Object Types/TopX Sites/TopX North Jordan Arrow' is clicked on

2024-08-04 14:08:42 - [MESSAGE][PASSED] - Object: 'Object Repository/PM/Huawei-vendor/Object-Type/TopX Object Types/TopX Sites/TopX North Jordan site1' is clicked on

2024-08-04 14:08:42 - [MESSAGE][PASSED] - Object: 'Object Repository/PM/Huawei-vendor/Object-Type/TopX Object Types/TopX Sites/TopX North Jordan CloseArrow' is clicked on

2024-08-04 14:08:42 - [MESSAGE][PASSED] - Object: 'Object Repository/PM/Huawei-vendor/Object-Type/TopX Object Types/TopX Sites/TopX South Jordan Arrow' is clicked on

2024-08-04 14:08:43 - [MESSAGE][PASSED] - Object: 'Object Repository/PM/Huawei-vendor/Object-Type/TopX Object Types/TopX Sites/TopX South Jordan site1' is clicked on

2024-08-04 14:08:43 - [MESSAGE][PASSED] - Object: 'Object Repository/PM/Huawei-vendor/Object-Type/TopX Object Types/TopX Sites/TopX South Jordan CloseArrow' is clicked on

2024-08-04 14:08:43 - [MESSAGE][WARNING] - Timeout '0' is invalid. Using default page load timeout: '120'

2024-08-04 14:08:43 - [MESSAGE][PASSED] - Scroll to object 'Object Repository/PM/Huawei-vendor/LowXlabel' successfully

2024-08-04 14:08:43 - [MESSAGE][PASSED] - Object: 'Object Repository/PM/Huawei-vendor/TopX/TopXDate/BeforeDate' is clicked on

2024-08-04 14:08:44 - [MESSAGE][PASSED] - Delayed 1 second(s)

2024-08-04 14:08:44 - [MESSAGE][PASSED] - Object: 'Object Repository/PM/Huawei-vendor/TopX/TopXDate/Choose Month' is clicked on

2024-08-04 14:08:45 - [MESSAGE][PASSED] - Delayed 1 second(s)

2024-08-04 14:08:45 - [MESSAGE][PASSED] - Object: 'Object Repository/PM/Huawei-vendor/TopX/TopXDate/Feb' is clicked on

2024-08-04 14:08:46 - [MESSAGE][PASSED] - Object: 'Object Repository/PM/Huawei-vendor/TopX/TopXDate/Day 1' is clicked on

2024-08-04 14:08:46 - [MESSAGE][PASSED] - Object: 'Object Repository/PM/Huawei-vendor/TopX/TopXDate/Button OK' is clicked on

2024-08-04 14:08:46 - [MESSAGE][PASSED] - Object: 'Object Repository/PM/Huawei-vendor/TopX/TopXDate/After Date' is clicked on

2024-08-04 14:08:47 - [MESSAGE][PASSED] - Delayed 1 second(s)

2024-08-04 14:08:47 - [MESSAGE][PASSED] - Object: 'Object Repository/PM/Huawei-vendor/TopX/TopXDate/Choose Month' is clicked on

2024-08-04 14:08:48 - [MESSAGE][PASSED] - Delayed 1 second(s)

2024-08-04 14:08:48 - [MESSAGE][PASSED] - Object: 'Object Repository/PM/Huawei-vendor/TopX/TopXDate/Feb' is clicked on

2024-08-04 14:08:48 - [MESSAGE][PASSED] - Object: 'Object Repository/PM/Huawei-vendor/TopX/TopXDate/Day 7' is clicked on

2024-08-04 14:08:49 - [MESSAGE][PASSED] - Object: 'Object Repository/PM/Huawei-vendor/TopX/TopXDate/Button OK' is clicked on

2024-08-04 14:08:49 - [MESSAGE][PASSED] - Object: 'Object Repository/PM/Huawei-vendor/LowXCheckBox' is clicked on

2024-08-04 14:08:49 - [MESSAGE][PASSED] - Object: 'Object Repository/PM/Huawei-vendor/Apply-Button' is clicked on

2024-08-04 14:08:49 - [MESSAGE][WARNING] - Timeout '0' is invalid. Using default page load timeout: '120'

2024-08-04 14:08:49 - [MESSAGE][PASSED] - Web element with id: 'Object Repository/PM/Huawei-vendor/Error' located by 'By.xpath: //div[@class='toast-summary title-medium-m']' is not present after '120' second(s)

2024-08-04 14:08:49 - [MESSAGE][WARNING] - Timeout '0' is invalid. Using default page load timeout: '120'

2024-08-04 14:08:50 - [MESSAGE][PASSED] - Object 'Object Repository/PM/Huawei-vendor/Chart' is present

2024-08-04 14:08:50 - [MESSAGE][WARNING] - Timeout '0' is invalid. Using default page load timeout: '120'

2024-08-04 14:08:50 - [MESSAGE][PASSED] - Object 'Object Repository/PM/Huawei-vendor/TopX/TopX Export Chart' is present

2024-08-04 14:08:50 - [MESSAGE][WARNING] - Timeout '0' is invalid. Using default page load timeout: '120'

2024-08-04 14:08:50 - [MESSAGE][PASSED] - Object 'Object Repository/PM/Huawei-vendor/TopX/Table View' is present

2024-08-04 14:08:50 - [MESSAGE][PASSED] - Object: 'Object Repository/PM/Huawei-vendor/TopX/Table View' is clicked on

2024-08-04 14:08:50 - [MESSAGE][PASSED] - Object: 'Object Repository/PM/Huawei-vendor/TopX/Reordering the table view' is clicked on

2024-08-04 14:08:51 - [MESSAGE][PASSED] - Browser is closed

2024-08-04 14:08:51 - [MESSAGE][PASSED] - PMHwaueiTopX.TopX is PASSED]]></system-out>
         <system-err><![CDATA[]]></system-err>
      </testcase>
      <testcase name="Test Cases/PM/Hwauei/TopX/2G TopX/XSite/TopX 2G Site Daily" time="165.369" classname="Test Cases/PM/Hwauei/TopX/2G TopX/XSite/TopX 2G Site Daily" status="FAILED">
         <failure type="FAILED" message="Test Cases/PM/Hwauei/TopX/2G TopX/XSite/TopX 2G Site Daily FAILED.
Reason:
com.kms.katalon.core.exception.StepFailedException: Unable to verify object 'Object Repository/PM/Huawei-vendor/Chart' is present
	at com.kms.katalon.core.webui.keyword.internal.WebUIKeywordMain.stepFailed(WebUIKeywordMain.groovy:64)
	at com.kms.katalon.core.webui.keyword.internal.WebUIKeywordMain.runKeyword(WebUIKeywordMain.groovy:26)
	at com.kms.katalon.core.webui.keyword.builtin.VerifyElementPresentKeyword.verifyElementPresent(VerifyElementPresentKeyword.groovy:92)
	at com.kms.katalon.core.webui.keyword.builtin.VerifyElementPresentKeyword.execute(VerifyElementPresentKeyword.groovy:68)
	at com.kms.katalon.core.keyword.internal.KeywordExecutor.executeKeywordForPlatform(KeywordExecutor.groovy:74)
	at com.kms.katalon.core.webui.keyword.WebUiBuiltInKeywords.verifyElementPresent(WebUiBuiltInKeywords.groovy:1464)
	at com.kms.katalon.core.webui.keyword.WebUiBuiltInKeywords$verifyElementPresent$6.call(Unknown Source)
	at PMHwaueiTopX.TopX(PMHwaueiTopX.groovy:1593)
	at PMHwaueiTopX.invokeMethod(PMHwaueiTopX.groovy)
	at com.kms.katalon.core.main.CustomKeywordDelegatingMetaClass.invokeStaticMethod(CustomKeywordDelegatingMetaClass.java:55)
	at TopX 2G Site Daily.run(TopX 2G Site Daily:29)
	at com.kms.katalon.core.main.ScriptEngine.run(ScriptEngine.java:194)
	at com.kms.katalon.core.main.ScriptEngine.runScriptAsRawText(ScriptEngine.java:119)
	at com.kms.katalon.core.main.TestCaseExecutor.runScript(TestCaseExecutor.java:448)
	at com.kms.katalon.core.main.TestCaseExecutor.doExecute(TestCaseExecutor.java:439)
	at com.kms.katalon.core.main.TestCaseExecutor.processExecutionPhase(TestCaseExecutor.java:418)
	at com.kms.katalon.core.main.TestCaseExecutor.accessMainPhase(TestCaseExecutor.java:410)
	at com.kms.katalon.core.main.TestCaseExecutor.execute(TestCaseExecutor.java:285)
	at com.kms.katalon.core.common.CommonExecutor.accessTestCaseMainPhase(CommonExecutor.java:65)
	at com.kms.katalon.core.main.TestSuiteExecutor.accessTestSuiteMainPhase(TestSuiteExecutor.java:148)
	at com.kms.katalon.core.main.TestSuiteExecutor.execute(TestSuiteExecutor.java:106)
	at com.kms.katalon.core.main.TestCaseMain.startTestSuite(TestCaseMain.java:187)
	at com.kms.katalon.core.main.TestCaseMain$startTestSuite$0.call(Unknown Source)
	at TempTestSuite1722769113368.run(TempTestSuite1722769113368.groovy:35)
Caused by: com.kms.katalon.core.exception.StepFailedException: com.kms.katalon.core.webui.exception.WebElementNotFoundException: Web element with id: 'Object Repository/PM/Huawei-vendor/Chart' located by '//*[@id=&quot;chart-container&quot;]/div/app-main-chart-component[1]/div/div[2]/div[2]/div/div/div[1]/canvas' not found
	at com.kms.katalon.core.webui.keyword.internal.WebUIKeywordMain.stepFailed(WebUIKeywordMain.groovy:64)
	at com.kms.katalon.core.webui.keyword.builtin.VerifyElementPresentKeyword$_verifyElementPresent_closure1.doCall(VerifyElementPresentKeyword.groovy:85)
	at com.kms.katalon.core.webui.keyword.builtin.VerifyElementPresentKeyword$_verifyElementPresent_closure1.call(VerifyElementPresentKeyword.groovy)
	at com.kms.katalon.core.webui.keyword.internal.WebUIKeywordMain.runKeyword(WebUIKeywordMain.groovy:20)
	... 22 more
"/>
         <system-out><![CDATA[2024-08-04 14:08:51 - [TEST_CASE][FAILED] - Test Cases/PM/Hwauei/TopX/2G TopX/XSite/TopX 2G Site Daily: Test Cases/PM/Hwauei/TopX/2G TopX/XSite/TopX 2G Site Daily FAILED.
Reason:
com.kms.katalon.core.exception.StepFailedException: Unable to verify object 'Object Repository/PM/Huawei-vendor/Chart' is present
	at com.kms.katalon.core.webui.keyword.internal.WebUIKeywordMain.stepFailed(WebUIKeywordMain.groovy:64)
	at com.kms.katalon.core.webui.keyword.internal.WebUIKeywordMain.runKeyword(WebUIKeywordMain.groovy:26)
	at com.kms.katalon.core.webui.keyword.builtin.VerifyElementPresentKeyword.verifyElementPresent(VerifyElementPresentKeyword.groovy:92)
	at com.kms.katalon.core.webui.keyword.builtin.VerifyElementPresentKeyword.execute(VerifyElementPresentKeyword.groovy:68)
	at com.kms.katalon.core.keyword.internal.KeywordExecutor.executeKeywordForPlatform(KeywordExecutor.groovy:74)
	at com.kms.katalon.core.webui.keyword.WebUiBuiltInKeywords.verifyElementPresent(WebUiBuiltInKeywords.groovy:1464)
	at com.kms.katalon.core.webui.keyword.WebUiBuiltInKeywords$verifyElementPresent$6.call(Unknown Source)
	at PMHwaueiTopX.TopX(PMHwaueiTopX.groovy:1593)
	at PMHwaueiTopX.invokeMethod(PMHwaueiTopX.groovy)
	at com.kms.katalon.core.main.CustomKeywordDelegatingMetaClass.invokeStaticMethod(CustomKeywordDelegatingMetaClass.java:55)
	at TopX 2G Site Daily.run(TopX 2G Site Daily:29)
	at com.kms.katalon.core.main.ScriptEngine.run(ScriptEngine.java:194)
	at com.kms.katalon.core.main.ScriptEngine.runScriptAsRawText(ScriptEngine.java:119)
	at com.kms.katalon.core.main.TestCaseExecutor.runScript(TestCaseExecutor.java:448)
	at com.kms.katalon.core.main.TestCaseExecutor.doExecute(TestCaseExecutor.java:439)
	at com.kms.katalon.core.main.TestCaseExecutor.processExecutionPhase(TestCaseExecutor.java:418)
	at com.kms.katalon.core.main.TestCaseExecutor.accessMainPhase(TestCaseExecutor.java:410)
	at com.kms.katalon.core.main.TestCaseExecutor.execute(TestCaseExecutor.java:285)
	at com.kms.katalon.core.common.CommonExecutor.accessTestCaseMainPhase(CommonExecutor.java:65)
	at com.kms.katalon.core.main.TestSuiteExecutor.accessTestSuiteMainPhase(TestSuiteExecutor.java:148)
	at com.kms.katalon.core.main.TestSuiteExecutor.execute(TestSuiteExecutor.java:106)
	at com.kms.katalon.core.main.TestCaseMain.startTestSuite(TestCaseMain.java:187)
	at com.kms.katalon.core.main.TestCaseMain$startTestSuite$0.call(Unknown Source)
	at TempTestSuite1722769113368.run(TempTestSuite1722769113368.groovy:35)
Caused by: com.kms.katalon.core.exception.StepFailedException: com.kms.katalon.core.webui.exception.WebElementNotFoundException: Web element with id: 'Object Repository/PM/Huawei-vendor/Chart' located by '//*[@id="chart-container"]/div/app-main-chart-component[1]/div/div[2]/div[2]/div/div/div[1]/canvas' not found
	at com.kms.katalon.core.webui.keyword.internal.WebUIKeywordMain.stepFailed(WebUIKeywordMain.groovy:64)
	at com.kms.katalon.core.webui.keyword.builtin.VerifyElementPresentKeyword$_verifyElementPresent_closure1.doCall(VerifyElementPresentKeyword.groovy:85)
	at com.kms.katalon.core.webui.keyword.builtin.VerifyElementPresentKeyword$_verifyElementPresent_closure1.call(VerifyElementPresentKeyword.groovy)
	at com.kms.katalon.core.webui.keyword.internal.WebUIKeywordMain.runKeyword(WebUIKeywordMain.groovy:20)
	... 22 more


2024-08-04 14:08:51 - [TEST_STEP][PASSED] - callTestCase(findTestCase("Login"), [:], STOP_ON_FAILURE): Call Test Case 'Test Cases/Login' successfully

2024-08-04 14:08:51 - [TEST_CASE][PASSED] - Test Cases/Login: Test Cases/Login

2024-08-04 14:08:51 - [TEST_STEP][PASSED] - driver = general.start(SwagerURL, NetCellURL): general.start is PASSED

2024-08-04 14:08:51 - [MESSAGE][INFO] - >>> chromeDriverPath=C:\Users\FatimaIbeid\.katalon\packages\Katalon_Studio_Windows_64-8.6.9\Katalon_Studio_Windows_64-8.6.9\configuration\resources\drivers\chromedriver_win32\chromedriver.exe

2024-08-04 14:08:53 - [MESSAGE][PASSED] - Current window maximized

2024-08-04 14:08:53 - [MESSAGE][PASSED] - Execute JavaScript 'window.open();' successfully

2024-08-04 14:08:53 - [MESSAGE][PASSED] - Switched to window with index: '1'

2024-08-04 14:08:53 - [MESSAGE][PASSED] - general.start is PASSED

2024-08-04 14:08:53 - [TEST_STEP][PASSED] - click(findTestObject("Object Repository/Login/LoginButton")): Object: 'Object Repository/Login/LoginButton' is clicked on

2024-08-04 14:09:05 - [MESSAGE][PASSED] - Object: 'Object Repository/Login/LoginButton' is clicked on

2024-08-04 14:09:05 - [TEST_STEP][PASSED] - switchToWindowIndex(2): Switched to window with index: '2'

2024-08-04 14:09:05 - [MESSAGE][PASSED] - Switched to window with index: '2'

2024-08-04 14:09:05 - [TEST_STEP][PASSED] - delay(1): Delayed 1 second(s)

2024-08-04 14:09:06 - [MESSAGE][PASSED] - Delayed 1 second(s)

2024-08-04 14:09:06 - [TEST_STEP][PASSED] - sendKeys(findTestObject("Object Repository/Login/EnterEmail"), "homam@zztjg.onmicrosoft.com"): Keys 'homam@zztjg.onmicrosoft.com' sent to object: 'Object Repository/Login/EnterEmail'

2024-08-04 14:09:07 - [MESSAGE][PASSED] - Keys 'homam@zztjg.onmicrosoft.com' sent to object: 'Object Repository/Login/EnterEmail'

2024-08-04 14:09:07 - [TEST_STEP][PASSED] - delay(1): Delayed 1 second(s)

2024-08-04 14:09:08 - [MESSAGE][PASSED] - Delayed 1 second(s)

2024-08-04 14:09:08 - [TEST_STEP][PASSED] - click(findTestObject("Object Repository/Login/NextButton")): Object: 'Object Repository/Login/NextButton' is clicked on

2024-08-04 14:09:08 - [MESSAGE][PASSED] - Object: 'Object Repository/Login/NextButton' is clicked on

2024-08-04 14:09:08 - [TEST_STEP][PASSED] - delay(2): Delayed 2 second(s)

2024-08-04 14:09:10 - [MESSAGE][PASSED] - Delayed 2 second(s)

2024-08-04 14:09:10 - [TEST_STEP][PASSED] - sendKeys(findTestObject("Object Repository/Login/EnterPassword"), "Holder12345"): Keys 'Holder12345' sent to object: 'Object Repository/Login/EnterPassword'

2024-08-04 14:09:10 - [MESSAGE][PASSED] - Keys 'Holder12345' sent to object: 'Object Repository/Login/EnterPassword'

2024-08-04 14:09:10 - [TEST_STEP][PASSED] - delay(1): Delayed 1 second(s)

2024-08-04 14:09:11 - [MESSAGE][PASSED] - Delayed 1 second(s)

2024-08-04 14:09:11 - [TEST_STEP][PASSED] - click(findTestObject("Object Repository/Login/SigninButton")): Object: 'Object Repository/Login/SigninButton' is clicked on

2024-08-04 14:09:12 - [MESSAGE][PASSED] - Object: 'Object Repository/Login/SigninButton' is clicked on

2024-08-04 14:09:12 - [TEST_STEP][PASSED] - delay(1): Delayed 1 second(s)

2024-08-04 14:09:13 - [MESSAGE][PASSED] - Delayed 1 second(s)

2024-08-04 14:09:13 - [TEST_STEP][PASSED] - click(findTestObject("Object Repository/Login/YesStayInButton")): Object: 'Object Repository/Login/YesStayInButton' is clicked on

2024-08-04 14:09:14 - [MESSAGE][PASSED] - Object: 'Object Repository/Login/YesStayInButton' is clicked on

2024-08-04 14:09:14 - [MESSAGE][PASSED] - Call Test Case 'Test Cases/Login' successfully

2024-08-04 14:09:14 - [TEST_STEP][PASSED] - switchToWindowIndex(1): Switched to window with index: '1'

2024-08-04 14:09:14 - [MESSAGE][PASSED] - Switched to window with index: '1'

2024-08-04 14:09:14 - [TEST_STEP][FAILED] - PMHwaueiTopX.TopX("2G", "Site", false, "Daily", false, null): Unable to verify object 'Object Repository/PM/Huawei-vendor/Chart' is present

2024-08-04 14:09:17 - [MESSAGE][PASSED] - Object: 'Object Repository/PM/PM-Button' is clicked on

2024-08-04 14:09:17 - [MESSAGE][PASSED] - Switched to window with index: '2'

2024-08-04 14:09:19 - [MESSAGE][PASSED] - Object: 'Object Repository/PM/Huawei-vendor/Data-view/TopX' is clicked on

2024-08-04 14:09:19 - [MESSAGE][PASSED] - Object: 'Object Repository/PM/Huawei-vendor/Technology/Technology-Arrow' is clicked on

2024-08-04 14:09:19 - [MESSAGE][PASSED] - Object: 'Object Repository/PM/Huawei-vendor/Technology/2G' is clicked on

2024-08-04 14:09:19 - [MESSAGE][PASSED] - Object: 'Object Repository/PM/Huawei-vendor/TopX/TopX Object Type' is clicked on

2024-08-04 14:09:20 - [MESSAGE][PASSED] - Delayed 1 second(s)

2024-08-04 14:09:20 - [MESSAGE][PASSED] - Object: 'Object Repository/PM/Huawei-vendor/Object-Type/TopX Object Types/TopX Sites/TopX Site' is clicked on

2024-08-04 14:09:21 - [MESSAGE][PASSED] - Delayed 1 second(s)

2024-08-04 14:09:21 - [MESSAGE][WARNING] - Timeout '0' is invalid. Using default page load timeout: '120'

2024-08-04 14:09:21 - [MESSAGE][PASSED] - Scroll to object 'Object Repository/PM/Huawei-vendor/Object Border' successfully

2024-08-04 14:09:22 - [MESSAGE][PASSED] - Object: 'Object Repository/PM/Huawei-vendor/Object-Type/TopX Object Types/TopX Sites/TopX East Amman Arrow' is clicked on

2024-08-04 14:09:23 - [MESSAGE][PASSED] - Object: 'Object Repository/PM/Huawei-vendor/Object-Type/TopX Object Types/TopX Sites/TopX East Amman site1' is clicked on

2024-08-04 14:09:24 - [MESSAGE][PASSED] - Object: 'Object Repository/PM/Huawei-vendor/Object-Type/TopX Object Types/TopX Sites/TopX East Amman CloseArrow' is clicked on

2024-08-04 14:09:24 - [MESSAGE][PASSED] - Object: 'Object Repository/PM/Huawei-vendor/Object-Type/TopX Object Types/TopX Sites/TopX West Amman Arrow' is clicked on

2024-08-04 14:09:25 - [MESSAGE][PASSED] - Object: 'Object Repository/PM/Huawei-vendor/Object-Type/TopX Object Types/TopX Sites/TopX West Amman site1' is clicked on

2024-08-04 14:09:25 - [MESSAGE][PASSED] - Object: 'Object Repository/PM/Huawei-vendor/Object-Type/TopX Object Types/TopX Sites/TopX West Amman CloseArrow' is clicked on

2024-08-04 14:09:25 - [MESSAGE][PASSED] - Object: 'Object Repository/PM/Huawei-vendor/Object-Type/TopX Object Types/TopX Sites/TopX North Jordan Arrow' is clicked on

2024-08-04 14:09:27 - [MESSAGE][PASSED] - Object: 'Object Repository/PM/Huawei-vendor/Object-Type/TopX Object Types/TopX Sites/TopX North Jordan site1' is clicked on

2024-08-04 14:09:27 - [MESSAGE][PASSED] - Object: 'Object Repository/PM/Huawei-vendor/Object-Type/TopX Object Types/TopX Sites/TopX North Jordan CloseArrow' is clicked on

2024-08-04 14:09:28 - [MESSAGE][PASSED] - Object: 'Object Repository/PM/Huawei-vendor/Object-Type/TopX Object Types/TopX Sites/TopX South Jordan Arrow' is clicked on

2024-08-04 14:09:28 - [MESSAGE][PASSED] - Object: 'Object Repository/PM/Huawei-vendor/Object-Type/TopX Object Types/TopX Sites/TopX South Jordan site1' is clicked on

2024-08-04 14:09:29 - [MESSAGE][PASSED] - Object: 'Object Repository/PM/Huawei-vendor/Object-Type/TopX Object Types/TopX Sites/TopX South Jordan CloseArrow' is clicked on

2024-08-04 14:09:29 - [MESSAGE][WARNING] - Timeout '0' is invalid. Using default page load timeout: '120'

2024-08-04 14:09:29 - [MESSAGE][PASSED] - Scroll to object 'Object Repository/PM/Huawei-vendor/LowXlabel' successfully

2024-08-04 14:09:29 - [MESSAGE][PASSED] - Object: 'Object Repository/PM/Huawei-vendor/Resolution Temp/Select Resolution temp' is clicked on

2024-08-04 14:09:29 - [MESSAGE][PASSED] - Object: 'Object Repository/PM/Huawei-vendor/Resolution Temp/Resolution Temp Daily' is clicked on

2024-08-04 14:09:29 - [MESSAGE][PASSED] - Object: 'Object Repository/PM/Huawei-vendor/TopX/TopXDate/BeforeDate' is clicked on

2024-08-04 14:09:30 - [MESSAGE][PASSED] - Delayed 1 second(s)

2024-08-04 14:09:30 - [MESSAGE][PASSED] - Object: 'Object Repository/PM/Huawei-vendor/TopX/TopXDate/Choose Month' is clicked on

2024-08-04 14:09:31 - [MESSAGE][PASSED] - Delayed 1 second(s)

2024-08-04 14:09:32 - [MESSAGE][PASSED] - Object: 'Object Repository/PM/Huawei-vendor/TopX/TopXDate/Feb' is clicked on

2024-08-04 14:09:32 - [MESSAGE][PASSED] - Object: 'Object Repository/PM/Huawei-vendor/TopX/TopXDate/Day 1' is clicked on

2024-08-04 14:09:32 - [MESSAGE][PASSED] - Object: 'Object Repository/PM/Huawei-vendor/TopX/TopXDate/Button OK' is clicked on

2024-08-04 14:09:32 - [MESSAGE][PASSED] - Object: 'Object Repository/PM/Huawei-vendor/TopX/TopXDate/After Date' is clicked on

2024-08-04 14:09:33 - [MESSAGE][PASSED] - Delayed 1 second(s)

2024-08-04 14:09:33 - [MESSAGE][PASSED] - Object: 'Object Repository/PM/Huawei-vendor/TopX/TopXDate/Choose Month' is clicked on

2024-08-04 14:09:34 - [MESSAGE][PASSED] - Delayed 1 second(s)

2024-08-04 14:09:34 - [MESSAGE][PASSED] - Object: 'Object Repository/PM/Huawei-vendor/TopX/TopXDate/Feb' is clicked on

2024-08-04 14:09:35 - [MESSAGE][PASSED] - Object: 'Object Repository/PM/Huawei-vendor/TopX/TopXDate/Day 7' is clicked on

2024-08-04 14:09:35 - [MESSAGE][PASSED] - Object: 'Object Repository/PM/Huawei-vendor/TopX/TopXDate/Button OK' is clicked on

2024-08-04 14:09:35 - [MESSAGE][PASSED] - Object: 'Object Repository/PM/Huawei-vendor/Apply-Button' is clicked on

2024-08-04 14:09:35 - [MESSAGE][WARNING] - Timeout '0' is invalid. Using default page load timeout: '120'

2024-08-04 14:09:35 - [MESSAGE][PASSED] - Web element with id: 'Object Repository/PM/Huawei-vendor/Error' located by 'By.xpath: //div[@class='toast-summary title-medium-m']' is not present after '120' second(s)

2024-08-04 14:09:35 - [MESSAGE][WARNING] - Timeout '0' is invalid. Using default page load timeout: '120'

2024-08-04 14:11:36 - [MESSAGE][INFO] - Unable to find the element located by 'By.xpath: //*[@id="chart-container"]/div/app-main-chart-component[1]/div/div[2]/div[2]/div/div/div[1]/canvas'. Please recheck the objects properties to make sure the desired element is located. 

2024-08-04 14:11:36 - [MESSAGE][FAILED] - com.kms.katalon.core.webui.exception.WebElementNotFoundException: Web element with id: 'Object Repository/PM/Huawei-vendor/Chart' located by '//*[@id="chart-container"]/div/app-main-chart-component[1]/div/div[2]/div[2]/div/div/div[1]/canvas' not found (Root cause: com.kms.katalon.core.exception.StepFailedException: com.kms.katalon.core.webui.exception.WebElementNotFoundException: Web element with id: 'Object Repository/PM/Huawei-vendor/Chart' located by '//*[@id="chart-container"]/div/app-main-chart-component[1]/div/div[2]/div[2]/div/div/div[1]/canvas' not found
	at com.kms.katalon.core.webui.keyword.internal.WebUIKeywordMain.stepFailed(WebUIKeywordMain.groovy:64)
	at com.kms.katalon.core.webui.keyword.builtin.VerifyElementPresentKeyword$_verifyElementPresent_closure1.doCall(VerifyElementPresentKeyword.groovy:85)
	at com.kms.katalon.core.webui.keyword.builtin.VerifyElementPresentKeyword$_verifyElementPresent_closure1.call(VerifyElementPresentKeyword.groovy)
	at com.kms.katalon.core.webui.keyword.internal.WebUIKeywordMain.runKeyword(WebUIKeywordMain.groovy:20)
	at com.kms.katalon.core.webui.keyword.builtin.VerifyElementPresentKeyword.verifyElementPresent(VerifyElementPresentKeyword.groovy:92)
	at com.kms.katalon.core.webui.keyword.builtin.VerifyElementPresentKeyword.execute(VerifyElementPresentKeyword.groovy:68)
	at com.kms.katalon.core.keyword.internal.KeywordExecutor.executeKeywordForPlatform(KeywordExecutor.groovy:74)
	at com.kms.katalon.core.webui.keyword.WebUiBuiltInKeywords.verifyElementPresent(WebUiBuiltInKeywords.groovy:1464)
	at com.kms.katalon.core.webui.keyword.WebUiBuiltInKeywords$verifyElementPresent$6.call(Unknown Source)
	at PMHwaueiTopX.TopX(PMHwaueiTopX.groovy:1593)
	at PMHwaueiTopX.invokeMethod(PMHwaueiTopX.groovy)
	at com.kms.katalon.core.main.CustomKeywordDelegatingMetaClass.invokeStaticMethod(CustomKeywordDelegatingMetaClass.java:55)
	at TopX 2G Site Daily.run(TopX 2G Site Daily:29)
	at com.kms.katalon.core.main.ScriptEngine.run(ScriptEngine.java:194)
	at com.kms.katalon.core.main.ScriptEngine.runScriptAsRawText(ScriptEngine.java:119)
	at com.kms.katalon.core.main.TestCaseExecutor.runScript(TestCaseExecutor.java:448)
	at com.kms.katalon.core.main.TestCaseExecutor.doExecute(TestCaseExecutor.java:439)
	at com.kms.katalon.core.main.TestCaseExecutor.processExecutionPhase(TestCaseExecutor.java:418)
	at com.kms.katalon.core.main.TestCaseExecutor.accessMainPhase(TestCaseExecutor.java:410)
	at com.kms.katalon.core.main.TestCaseExecutor.execute(TestCaseExecutor.java:285)
	at com.kms.katalon.core.common.CommonExecutor.accessTestCaseMainPhase(CommonExecutor.java:65)
	at com.kms.katalon.core.main.TestSuiteExecutor.accessTestSuiteMainPhase(TestSuiteExecutor.java:148)
	at com.kms.katalon.core.main.TestSuiteExecutor.execute(TestSuiteExecutor.java:106)
	at com.kms.katalon.core.main.TestCaseMain.startTestSuite(TestCaseMain.java:187)
	at com.kms.katalon.core.main.TestCaseMain$startTestSuite$0.call(Unknown Source)
	at TempTestSuite1722769113368.run(TempTestSuite1722769113368.groovy:35)
)
[[ATTACHMENT|C:\\Users\\FatimaIbeid\\git\\NetCell\\Reports\\20240804_135833\\PM\\Hwauei\\TopX\\Regression TopX 2G\\20240804_135833\\1722769896611.png]]

2024-08-04 14:11:36 - [MESSAGE][FAILED] - Unable to verify object 'Object Repository/PM/Huawei-vendor/Chart' is present (Root cause: com.kms.katalon.core.exception.StepFailedException: Unable to verify object 'Object Repository/PM/Huawei-vendor/Chart' is present
	at com.kms.katalon.core.webui.keyword.internal.WebUIKeywordMain.stepFailed(WebUIKeywordMain.groovy:64)
	at com.kms.katalon.core.webui.keyword.internal.WebUIKeywordMain.runKeyword(WebUIKeywordMain.groovy:26)
	at com.kms.katalon.core.webui.keyword.builtin.VerifyElementPresentKeyword.verifyElementPresent(VerifyElementPresentKeyword.groovy:92)
	at com.kms.katalon.core.webui.keyword.builtin.VerifyElementPresentKeyword.execute(VerifyElementPresentKeyword.groovy:68)
	at com.kms.katalon.core.keyword.internal.KeywordExecutor.executeKeywordForPlatform(KeywordExecutor.groovy:74)
	at com.kms.katalon.core.webui.keyword.WebUiBuiltInKeywords.verifyElementPresent(WebUiBuiltInKeywords.groovy:1464)
	at com.kms.katalon.core.webui.keyword.WebUiBuiltInKeywords$verifyElementPresent$6.call(Unknown Source)
	at PMHwaueiTopX.TopX(PMHwaueiTopX.groovy:1593)
	at PMHwaueiTopX.invokeMethod(PMHwaueiTopX.groovy)
	at com.kms.katalon.core.main.CustomKeywordDelegatingMetaClass.invokeStaticMethod(CustomKeywordDelegatingMetaClass.java:55)
	at TopX 2G Site Daily.run(TopX 2G Site Daily:29)
	at com.kms.katalon.core.main.ScriptEngine.run(ScriptEngine.java:194)
	at com.kms.katalon.core.main.ScriptEngine.runScriptAsRawText(ScriptEngine.java:119)
	at com.kms.katalon.core.main.TestCaseExecutor.runScript(TestCaseExecutor.java:448)
	at com.kms.katalon.core.main.TestCaseExecutor.doExecute(TestCaseExecutor.java:439)
	at com.kms.katalon.core.main.TestCaseExecutor.processExecutionPhase(TestCaseExecutor.java:418)
	at com.kms.katalon.core.main.TestCaseExecutor.accessMainPhase(TestCaseExecutor.java:410)
	at com.kms.katalon.core.main.TestCaseExecutor.execute(TestCaseExecutor.java:285)
	at com.kms.katalon.core.common.CommonExecutor.accessTestCaseMainPhase(CommonExecutor.java:65)
	at com.kms.katalon.core.main.TestSuiteExecutor.accessTestSuiteMainPhase(TestSuiteExecutor.java:148)
	at com.kms.katalon.core.main.TestSuiteExecutor.execute(TestSuiteExecutor.java:106)
	at com.kms.katalon.core.main.TestCaseMain.startTestSuite(TestCaseMain.java:187)
	at com.kms.katalon.core.main.TestCaseMain$startTestSuite$0.call(Unknown Source)
	at TempTestSuite1722769113368.run(TempTestSuite1722769113368.groovy:35)
Caused by: com.kms.katalon.core.exception.StepFailedException: com.kms.katalon.core.webui.exception.WebElementNotFoundException: Web element with id: 'Object Repository/PM/Huawei-vendor/Chart' located by '//*[@id="chart-container"]/div/app-main-chart-component[1]/div/div[2]/div[2]/div/div/div[1]/canvas' not found
	at com.kms.katalon.core.webui.keyword.internal.WebUIKeywordMain.stepFailed(WebUIKeywordMain.groovy:64)
	at com.kms.katalon.core.webui.keyword.builtin.VerifyElementPresentKeyword$_verifyElementPresent_closure1.doCall(VerifyElementPresentKeyword.groovy:85)
	at com.kms.katalon.core.webui.keyword.builtin.VerifyElementPresentKeyword$_verifyElementPresent_closure1.call(VerifyElementPresentKeyword.groovy)
	at com.kms.katalon.core.webui.keyword.internal.WebUIKeywordMain.runKeyword(WebUIKeywordMain.groovy:20)
	... 22 more
)
[[ATTACHMENT|C:\\Users\\FatimaIbeid\\git\\NetCell\\Reports\\20240804_135833\\PM\\Hwauei\\TopX\\Regression TopX 2G\\20240804_135833\\1722769896772.png]]

2024-08-04 14:11:36 - [MESSAGE][FAILED] - Unable to verify object 'Object Repository/PM/Huawei-vendor/Chart' is present]]></system-out>
         <system-err><![CDATA[2024-08-04 14:08:51 - [TEST_CASE][FAILED] - Test Cases/PM/Hwauei/TopX/2G TopX/XSite/TopX 2G Site Daily: Test Cases/PM/Hwauei/TopX/2G TopX/XSite/TopX 2G Site Daily FAILED.
Reason:
com.kms.katalon.core.exception.StepFailedException: Unable to verify object 'Object Repository/PM/Huawei-vendor/Chart' is present
	at com.kms.katalon.core.webui.keyword.internal.WebUIKeywordMain.stepFailed(WebUIKeywordMain.groovy:64)
	at com.kms.katalon.core.webui.keyword.internal.WebUIKeywordMain.runKeyword(WebUIKeywordMain.groovy:26)
	at com.kms.katalon.core.webui.keyword.builtin.VerifyElementPresentKeyword.verifyElementPresent(VerifyElementPresentKeyword.groovy:92)
	at com.kms.katalon.core.webui.keyword.builtin.VerifyElementPresentKeyword.execute(VerifyElementPresentKeyword.groovy:68)
	at com.kms.katalon.core.keyword.internal.KeywordExecutor.executeKeywordForPlatform(KeywordExecutor.groovy:74)
	at com.kms.katalon.core.webui.keyword.WebUiBuiltInKeywords.verifyElementPresent(WebUiBuiltInKeywords.groovy:1464)
	at com.kms.katalon.core.webui.keyword.WebUiBuiltInKeywords$verifyElementPresent$6.call(Unknown Source)
	at PMHwaueiTopX.TopX(PMHwaueiTopX.groovy:1593)
	at PMHwaueiTopX.invokeMethod(PMHwaueiTopX.groovy)
	at com.kms.katalon.core.main.CustomKeywordDelegatingMetaClass.invokeStaticMethod(CustomKeywordDelegatingMetaClass.java:55)
	at TopX 2G Site Daily.run(TopX 2G Site Daily:29)
	at com.kms.katalon.core.main.ScriptEngine.run(ScriptEngine.java:194)
	at com.kms.katalon.core.main.ScriptEngine.runScriptAsRawText(ScriptEngine.java:119)
	at com.kms.katalon.core.main.TestCaseExecutor.runScript(TestCaseExecutor.java:448)
	at com.kms.katalon.core.main.TestCaseExecutor.doExecute(TestCaseExecutor.java:439)
	at com.kms.katalon.core.main.TestCaseExecutor.processExecutionPhase(TestCaseExecutor.java:418)
	at com.kms.katalon.core.main.TestCaseExecutor.accessMainPhase(TestCaseExecutor.java:410)
	at com.kms.katalon.core.main.TestCaseExecutor.execute(TestCaseExecutor.java:285)
	at com.kms.katalon.core.common.CommonExecutor.accessTestCaseMainPhase(CommonExecutor.java:65)
	at com.kms.katalon.core.main.TestSuiteExecutor.accessTestSuiteMainPhase(TestSuiteExecutor.java:148)
	at com.kms.katalon.core.main.TestSuiteExecutor.execute(TestSuiteExecutor.java:106)
	at com.kms.katalon.core.main.TestCaseMain.startTestSuite(TestCaseMain.java:187)
	at com.kms.katalon.core.main.TestCaseMain$startTestSuite$0.call(Unknown Source)
	at TempTestSuite1722769113368.run(TempTestSuite1722769113368.groovy:35)
Caused by: com.kms.katalon.core.exception.StepFailedException: com.kms.katalon.core.webui.exception.WebElementNotFoundException: Web element with id: 'Object Repository/PM/Huawei-vendor/Chart' located by '//*[@id="chart-container"]/div/app-main-chart-component[1]/div/div[2]/div[2]/div/div/div[1]/canvas' not found
	at com.kms.katalon.core.webui.keyword.internal.WebUIKeywordMain.stepFailed(WebUIKeywordMain.groovy:64)
	at com.kms.katalon.core.webui.keyword.builtin.VerifyElementPresentKeyword$_verifyElementPresent_closure1.doCall(VerifyElementPresentKeyword.groovy:85)
	at com.kms.katalon.core.webui.keyword.builtin.VerifyElementPresentKeyword$_verifyElementPresent_closure1.call(VerifyElementPresentKeyword.groovy)
	at com.kms.katalon.core.webui.keyword.internal.WebUIKeywordMain.runKeyword(WebUIKeywordMain.groovy:20)
	... 22 more]]></system-err>
      </testcase>
      <testcase name="Test Cases/PM/Hwauei/TopX/2G TopX/XSite/TopX 2G Site DailyBH" time="145.149" classname="Test Cases/PM/Hwauei/TopX/2G TopX/XSite/TopX 2G Site DailyBH" status="FAILED">
         <failure type="FAILED" message="Test Cases/PM/Hwauei/TopX/2G TopX/XSite/TopX 2G Site DailyBH FAILED.
Reason:
com.kms.katalon.core.exception.StepFailedException: Unable to click on object 'Object Repository/PM/Huawei-vendor/Data-view/TopX'
	at com.kms.katalon.core.webui.keyword.internal.WebUIKeywordMain.stepFailed(WebUIKeywordMain.groovy:64)
	at com.kms.katalon.core.webui.keyword.internal.WebUIKeywordMain.runKeyword(WebUIKeywordMain.groovy:26)
	at com.kms.katalon.core.webui.keyword.builtin.ClickKeyword.click(ClickKeyword.groovy:74)
	at com.kms.katalon.core.webui.keyword.builtin.ClickKeyword.execute(ClickKeyword.groovy:40)
	at com.kms.katalon.core.keyword.internal.KeywordExecutor.executeKeywordForPlatform(KeywordExecutor.groovy:74)
	at com.kms.katalon.core.webui.keyword.WebUiBuiltInKeywords.click(WebUiBuiltInKeywords.groovy:620)
	at com.kms.katalon.core.webui.keyword.WebUiBuiltInKeywords$click$2.call(Unknown Source)
	at PMHwaueiTopX.TopX(PMHwaueiTopX.groovy:41)
	at PMHwaueiTopX.invokeMethod(PMHwaueiTopX.groovy)
	at com.kms.katalon.core.main.CustomKeywordDelegatingMetaClass.invokeStaticMethod(CustomKeywordDelegatingMetaClass.java:55)
	at TopX 2G Site DailyBH.run(TopX 2G Site DailyBH:29)
	at com.kms.katalon.core.main.ScriptEngine.run(ScriptEngine.java:194)
	at com.kms.katalon.core.main.ScriptEngine.runScriptAsRawText(ScriptEngine.java:119)
	at com.kms.katalon.core.main.TestCaseExecutor.runScript(TestCaseExecutor.java:448)
	at com.kms.katalon.core.main.TestCaseExecutor.doExecute(TestCaseExecutor.java:439)
	at com.kms.katalon.core.main.TestCaseExecutor.processExecutionPhase(TestCaseExecutor.java:418)
	at com.kms.katalon.core.main.TestCaseExecutor.accessMainPhase(TestCaseExecutor.java:410)
	at com.kms.katalon.core.main.TestCaseExecutor.execute(TestCaseExecutor.java:285)
	at com.kms.katalon.core.common.CommonExecutor.accessTestCaseMainPhase(CommonExecutor.java:65)
	at com.kms.katalon.core.main.TestSuiteExecutor.accessTestSuiteMainPhase(TestSuiteExecutor.java:148)
	at com.kms.katalon.core.main.TestSuiteExecutor.execute(TestSuiteExecutor.java:106)
	at com.kms.katalon.core.main.TestCaseMain.startTestSuite(TestCaseMain.java:187)
	at com.kms.katalon.core.main.TestCaseMain$startTestSuite$0.call(Unknown Source)
	at TempTestSuite1722769113368.run(TempTestSuite1722769113368.groovy:35)
Caused by: com.kms.katalon.core.webui.exception.WebElementNotFoundException: Web element with id: 'Object Repository/PM/Huawei-vendor/Data-view/TopX' located by '//button[normalize-space()='TopX']' not found
	at com.kms.katalon.core.webui.common.WebUiCommonHelper.findWebElement(WebUiCommonHelper.java:1381)
	at com.kms.katalon.core.webui.keyword.internal.WebUIAbstractKeyword.findWebElement(WebUIAbstractKeyword.groovy:27)
	at com.kms.katalon.core.webui.keyword.builtin.ClickKeyword$_click_closure1.doCall(ClickKeyword.groovy:65)
	at com.kms.katalon.core.webui.keyword.builtin.ClickKeyword$_click_closure1.call(ClickKeyword.groovy)
	at com.kms.katalon.core.webui.keyword.internal.WebUIKeywordMain.runKeyword(WebUIKeywordMain.groovy:20)
	... 22 more
"/>
         <system-out><![CDATA[2024-08-04 14:11:36 - [TEST_CASE][FAILED] - Test Cases/PM/Hwauei/TopX/2G TopX/XSite/TopX 2G Site DailyBH: Test Cases/PM/Hwauei/TopX/2G TopX/XSite/TopX 2G Site DailyBH FAILED.
Reason:
com.kms.katalon.core.exception.StepFailedException: Unable to click on object 'Object Repository/PM/Huawei-vendor/Data-view/TopX'
	at com.kms.katalon.core.webui.keyword.internal.WebUIKeywordMain.stepFailed(WebUIKeywordMain.groovy:64)
	at com.kms.katalon.core.webui.keyword.internal.WebUIKeywordMain.runKeyword(WebUIKeywordMain.groovy:26)
	at com.kms.katalon.core.webui.keyword.builtin.ClickKeyword.click(ClickKeyword.groovy:74)
	at com.kms.katalon.core.webui.keyword.builtin.ClickKeyword.execute(ClickKeyword.groovy:40)
	at com.kms.katalon.core.keyword.internal.KeywordExecutor.executeKeywordForPlatform(KeywordExecutor.groovy:74)
	at com.kms.katalon.core.webui.keyword.WebUiBuiltInKeywords.click(WebUiBuiltInKeywords.groovy:620)
	at com.kms.katalon.core.webui.keyword.WebUiBuiltInKeywords$click$2.call(Unknown Source)
	at PMHwaueiTopX.TopX(PMHwaueiTopX.groovy:41)
	at PMHwaueiTopX.invokeMethod(PMHwaueiTopX.groovy)
	at com.kms.katalon.core.main.CustomKeywordDelegatingMetaClass.invokeStaticMethod(CustomKeywordDelegatingMetaClass.java:55)
	at TopX 2G Site DailyBH.run(TopX 2G Site DailyBH:29)
	at com.kms.katalon.core.main.ScriptEngine.run(ScriptEngine.java:194)
	at com.kms.katalon.core.main.ScriptEngine.runScriptAsRawText(ScriptEngine.java:119)
	at com.kms.katalon.core.main.TestCaseExecutor.runScript(TestCaseExecutor.java:448)
	at com.kms.katalon.core.main.TestCaseExecutor.doExecute(TestCaseExecutor.java:439)
	at com.kms.katalon.core.main.TestCaseExecutor.processExecutionPhase(TestCaseExecutor.java:418)
	at com.kms.katalon.core.main.TestCaseExecutor.accessMainPhase(TestCaseExecutor.java:410)
	at com.kms.katalon.core.main.TestCaseExecutor.execute(TestCaseExecutor.java:285)
	at com.kms.katalon.core.common.CommonExecutor.accessTestCaseMainPhase(CommonExecutor.java:65)
	at com.kms.katalon.core.main.TestSuiteExecutor.accessTestSuiteMainPhase(TestSuiteExecutor.java:148)
	at com.kms.katalon.core.main.TestSuiteExecutor.execute(TestSuiteExecutor.java:106)
	at com.kms.katalon.core.main.TestCaseMain.startTestSuite(TestCaseMain.java:187)
	at com.kms.katalon.core.main.TestCaseMain$startTestSuite$0.call(Unknown Source)
	at TempTestSuite1722769113368.run(TempTestSuite1722769113368.groovy:35)
Caused by: com.kms.katalon.core.webui.exception.WebElementNotFoundException: Web element with id: 'Object Repository/PM/Huawei-vendor/Data-view/TopX' located by '//button[normalize-space()='TopX']' not found
	at com.kms.katalon.core.webui.common.WebUiCommonHelper.findWebElement(WebUiCommonHelper.java:1381)
	at com.kms.katalon.core.webui.keyword.internal.WebUIAbstractKeyword.findWebElement(WebUIAbstractKeyword.groovy:27)
	at com.kms.katalon.core.webui.keyword.builtin.ClickKeyword$_click_closure1.doCall(ClickKeyword.groovy:65)
	at com.kms.katalon.core.webui.keyword.builtin.ClickKeyword$_click_closure1.call(ClickKeyword.groovy)
	at com.kms.katalon.core.webui.keyword.internal.WebUIKeywordMain.runKeyword(WebUIKeywordMain.groovy:20)
	... 22 more


2024-08-04 14:11:37 - [TEST_STEP][PASSED] - callTestCase(findTestCase("Login"), [:], STOP_ON_FAILURE): Call Test Case 'Test Cases/Login' successfully

2024-08-04 14:11:37 - [TEST_CASE][PASSED] - Test Cases/Login: Test Cases/Login

2024-08-04 14:11:37 - [TEST_STEP][PASSED] - driver = general.start(SwagerURL, NetCellURL): general.start is PASSED

2024-08-04 14:11:37 - [MESSAGE][INFO] - >>> chromeDriverPath=C:\Users\FatimaIbeid\.katalon\packages\Katalon_Studio_Windows_64-8.6.9\Katalon_Studio_Windows_64-8.6.9\configuration\resources\drivers\chromedriver_win32\chromedriver.exe

2024-08-04 14:11:38 - [MESSAGE][PASSED] - Current window maximized

2024-08-04 14:11:38 - [MESSAGE][PASSED] - Execute JavaScript 'window.open();' successfully

2024-08-04 14:11:39 - [MESSAGE][PASSED] - Switched to window with index: '1'

2024-08-04 14:11:50 - [MESSAGE][PASSED] - general.start is PASSED

2024-08-04 14:11:50 - [TEST_STEP][PASSED] - click(findTestObject("Object Repository/Login/LoginButton")): Object: 'Object Repository/Login/LoginButton' is clicked on

2024-08-04 14:11:50 - [MESSAGE][PASSED] - Object: 'Object Repository/Login/LoginButton' is clicked on

2024-08-04 14:11:50 - [TEST_STEP][PASSED] - switchToWindowIndex(2): Switched to window with index: '2'

2024-08-04 14:11:50 - [MESSAGE][PASSED] - Switched to window with index: '2'

2024-08-04 14:11:50 - [TEST_STEP][PASSED] - delay(1): Delayed 1 second(s)

2024-08-04 14:11:51 - [MESSAGE][PASSED] - Delayed 1 second(s)

2024-08-04 14:11:51 - [TEST_STEP][PASSED] - sendKeys(findTestObject("Object Repository/Login/EnterEmail"), "homam@zztjg.onmicrosoft.com"): Keys 'homam@zztjg.onmicrosoft.com' sent to object: 'Object Repository/Login/EnterEmail'

2024-08-04 14:11:53 - [MESSAGE][PASSED] - Keys 'homam@zztjg.onmicrosoft.com' sent to object: 'Object Repository/Login/EnterEmail'

2024-08-04 14:11:53 - [TEST_STEP][PASSED] - delay(1): Delayed 1 second(s)

2024-08-04 14:11:54 - [MESSAGE][PASSED] - Delayed 1 second(s)

2024-08-04 14:11:54 - [TEST_STEP][PASSED] - click(findTestObject("Object Repository/Login/NextButton")): Object: 'Object Repository/Login/NextButton' is clicked on

2024-08-04 14:11:54 - [MESSAGE][PASSED] - Object: 'Object Repository/Login/NextButton' is clicked on

2024-08-04 14:11:54 - [TEST_STEP][PASSED] - delay(2): Delayed 2 second(s)

2024-08-04 14:11:56 - [MESSAGE][PASSED] - Delayed 2 second(s)

2024-08-04 14:11:56 - [TEST_STEP][PASSED] - sendKeys(findTestObject("Object Repository/Login/EnterPassword"), "Holder12345"): Keys 'Holder12345' sent to object: 'Object Repository/Login/EnterPassword'

2024-08-04 14:11:56 - [MESSAGE][PASSED] - Keys 'Holder12345' sent to object: 'Object Repository/Login/EnterPassword'

2024-08-04 14:11:56 - [TEST_STEP][PASSED] - delay(1): Delayed 1 second(s)

2024-08-04 14:11:57 - [MESSAGE][PASSED] - Delayed 1 second(s)

2024-08-04 14:11:57 - [TEST_STEP][PASSED] - click(findTestObject("Object Repository/Login/SigninButton")): Object: 'Object Repository/Login/SigninButton' is clicked on

2024-08-04 14:11:58 - [MESSAGE][PASSED] - Object: 'Object Repository/Login/SigninButton' is clicked on

2024-08-04 14:11:58 - [TEST_STEP][PASSED] - delay(1): Delayed 1 second(s)

2024-08-04 14:11:59 - [MESSAGE][PASSED] - Delayed 1 second(s)

2024-08-04 14:11:59 - [TEST_STEP][PASSED] - click(findTestObject("Object Repository/Login/YesStayInButton")): Object: 'Object Repository/Login/YesStayInButton' is clicked on

2024-08-04 14:12:00 - [MESSAGE][PASSED] - Object: 'Object Repository/Login/YesStayInButton' is clicked on

2024-08-04 14:12:00 - [MESSAGE][PASSED] - Call Test Case 'Test Cases/Login' successfully

2024-08-04 14:12:00 - [TEST_STEP][PASSED] - switchToWindowIndex(1): Switched to window with index: '1'

2024-08-04 14:12:00 - [MESSAGE][PASSED] - Switched to window with index: '1'

2024-08-04 14:12:00 - [TEST_STEP][FAILED] - PMHwaueiTopX.TopX("2G", "Site", false, "DailyBH", false, null): Unable to click on object 'Object Repository/PM/Huawei-vendor/Data-view/TopX'

2024-08-04 14:12:00 - [MESSAGE][PASSED] - Object: 'Object Repository/PM/PM-Button' is clicked on

2024-08-04 14:12:00 - [MESSAGE][PASSED] - Switched to window with index: '2'

2024-08-04 14:14:01 - [MESSAGE][INFO] - Unable to find the element located by 'By.xpath: //button[normalize-space()='TopX']'. Please recheck the objects properties to make sure the desired element is located. 

2024-08-04 14:14:02 - [MESSAGE][FAILED] - Unable to click on object 'Object Repository/PM/Huawei-vendor/Data-view/TopX' (Root cause: com.kms.katalon.core.exception.StepFailedException: Unable to click on object 'Object Repository/PM/Huawei-vendor/Data-view/TopX'
	at com.kms.katalon.core.webui.keyword.internal.WebUIKeywordMain.stepFailed(WebUIKeywordMain.groovy:64)
	at com.kms.katalon.core.webui.keyword.internal.WebUIKeywordMain.runKeyword(WebUIKeywordMain.groovy:26)
	at com.kms.katalon.core.webui.keyword.builtin.ClickKeyword.click(ClickKeyword.groovy:74)
	at com.kms.katalon.core.webui.keyword.builtin.ClickKeyword.execute(ClickKeyword.groovy:40)
	at com.kms.katalon.core.keyword.internal.KeywordExecutor.executeKeywordForPlatform(KeywordExecutor.groovy:74)
	at com.kms.katalon.core.webui.keyword.WebUiBuiltInKeywords.click(WebUiBuiltInKeywords.groovy:620)
	at com.kms.katalon.core.webui.keyword.WebUiBuiltInKeywords$click$2.call(Unknown Source)
	at PMHwaueiTopX.TopX(PMHwaueiTopX.groovy:41)
	at PMHwaueiTopX.invokeMethod(PMHwaueiTopX.groovy)
	at com.kms.katalon.core.main.CustomKeywordDelegatingMetaClass.invokeStaticMethod(CustomKeywordDelegatingMetaClass.java:55)
	at TopX 2G Site DailyBH.run(TopX 2G Site DailyBH:29)
	at com.kms.katalon.core.main.ScriptEngine.run(ScriptEngine.java:194)
	at com.kms.katalon.core.main.ScriptEngine.runScriptAsRawText(ScriptEngine.java:119)
	at com.kms.katalon.core.main.TestCaseExecutor.runScript(TestCaseExecutor.java:448)
	at com.kms.katalon.core.main.TestCaseExecutor.doExecute(TestCaseExecutor.java:439)
	at com.kms.katalon.core.main.TestCaseExecutor.processExecutionPhase(TestCaseExecutor.java:418)
	at com.kms.katalon.core.main.TestCaseExecutor.accessMainPhase(TestCaseExecutor.java:410)
	at com.kms.katalon.core.main.TestCaseExecutor.execute(TestCaseExecutor.java:285)
	at com.kms.katalon.core.common.CommonExecutor.accessTestCaseMainPhase(CommonExecutor.java:65)
	at com.kms.katalon.core.main.TestSuiteExecutor.accessTestSuiteMainPhase(TestSuiteExecutor.java:148)
	at com.kms.katalon.core.main.TestSuiteExecutor.execute(TestSuiteExecutor.java:106)
	at com.kms.katalon.core.main.TestCaseMain.startTestSuite(TestCaseMain.java:187)
	at com.kms.katalon.core.main.TestCaseMain$startTestSuite$0.call(Unknown Source)
	at TempTestSuite1722769113368.run(TempTestSuite1722769113368.groovy:35)
Caused by: com.kms.katalon.core.webui.exception.WebElementNotFoundException: Web element with id: 'Object Repository/PM/Huawei-vendor/Data-view/TopX' located by '//button[normalize-space()='TopX']' not found
	at com.kms.katalon.core.webui.common.WebUiCommonHelper.findWebElement(WebUiCommonHelper.java:1381)
	at com.kms.katalon.core.webui.keyword.internal.WebUIAbstractKeyword.findWebElement(WebUIAbstractKeyword.groovy:27)
	at com.kms.katalon.core.webui.keyword.builtin.ClickKeyword$_click_closure1.doCall(ClickKeyword.groovy:65)
	at com.kms.katalon.core.webui.keyword.builtin.ClickKeyword$_click_closure1.call(ClickKeyword.groovy)
	at com.kms.katalon.core.webui.keyword.internal.WebUIKeywordMain.runKeyword(WebUIKeywordMain.groovy:20)
	at com.kms.katalon.core.webui.keyword.builtin.ClickKeyword.click(ClickKeyword.groovy:74)
	at com.kms.katalon.core.webui.keyword.builtin.ClickKeyword.execute(ClickKeyword.groovy:40)
	at com.kms.katalon.core.keyword.internal.KeywordExecutor.executeKeywordForPlatform(KeywordExecutor.groovy:74)
	at com.kms.katalon.core.webui.keyword.WebUiBuiltInKeywords.click(WebUiBuiltInKeywords.groovy:620)
	at com.kms.katalon.core.webui.keyword.WebUiBuiltInKeywords$click$2.call(Unknown Source)
	at PMHwaueiTopX.TopX(PMHwaueiTopX.groovy:41)
	at PMHwaueiTopX.invokeMethod(PMHwaueiTopX.groovy)
	at com.kms.katalon.core.main.CustomKeywordDelegatingMetaClass.invokeStaticMethod(CustomKeywordDelegatingMetaClass.java:55)
	at Script1722342675560.run(Script1722342675560.groovy:29)
	... 13 more
)
[[ATTACHMENT|C:\\Users\\FatimaIbeid\\git\\NetCell\\Reports\\20240804_135833\\PM\\Hwauei\\TopX\\Regression TopX 2G\\20240804_135833\\1722770041921.png]]

2024-08-04 14:14:02 - [MESSAGE][FAILED] - Unable to click on object 'Object Repository/PM/Huawei-vendor/Data-view/TopX']]></system-out>
         <system-err><![CDATA[2024-08-04 14:11:36 - [TEST_CASE][FAILED] - Test Cases/PM/Hwauei/TopX/2G TopX/XSite/TopX 2G Site DailyBH: Test Cases/PM/Hwauei/TopX/2G TopX/XSite/TopX 2G Site DailyBH FAILED.
Reason:
com.kms.katalon.core.exception.StepFailedException: Unable to click on object 'Object Repository/PM/Huawei-vendor/Data-view/TopX'
	at com.kms.katalon.core.webui.keyword.internal.WebUIKeywordMain.stepFailed(WebUIKeywordMain.groovy:64)
	at com.kms.katalon.core.webui.keyword.internal.WebUIKeywordMain.runKeyword(WebUIKeywordMain.groovy:26)
	at com.kms.katalon.core.webui.keyword.builtin.ClickKeyword.click(ClickKeyword.groovy:74)
	at com.kms.katalon.core.webui.keyword.builtin.ClickKeyword.execute(ClickKeyword.groovy:40)
	at com.kms.katalon.core.keyword.internal.KeywordExecutor.executeKeywordForPlatform(KeywordExecutor.groovy:74)
	at com.kms.katalon.core.webui.keyword.WebUiBuiltInKeywords.click(WebUiBuiltInKeywords.groovy:620)
	at com.kms.katalon.core.webui.keyword.WebUiBuiltInKeywords$click$2.call(Unknown Source)
	at PMHwaueiTopX.TopX(PMHwaueiTopX.groovy:41)
	at PMHwaueiTopX.invokeMethod(PMHwaueiTopX.groovy)
	at com.kms.katalon.core.main.CustomKeywordDelegatingMetaClass.invokeStaticMethod(CustomKeywordDelegatingMetaClass.java:55)
	at TopX 2G Site DailyBH.run(TopX 2G Site DailyBH:29)
	at com.kms.katalon.core.main.ScriptEngine.run(ScriptEngine.java:194)
	at com.kms.katalon.core.main.ScriptEngine.runScriptAsRawText(ScriptEngine.java:119)
	at com.kms.katalon.core.main.TestCaseExecutor.runScript(TestCaseExecutor.java:448)
	at com.kms.katalon.core.main.TestCaseExecutor.doExecute(TestCaseExecutor.java:439)
	at com.kms.katalon.core.main.TestCaseExecutor.processExecutionPhase(TestCaseExecutor.java:418)
	at com.kms.katalon.core.main.TestCaseExecutor.accessMainPhase(TestCaseExecutor.java:410)
	at com.kms.katalon.core.main.TestCaseExecutor.execute(TestCaseExecutor.java:285)
	at com.kms.katalon.core.common.CommonExecutor.accessTestCaseMainPhase(CommonExecutor.java:65)
	at com.kms.katalon.core.main.TestSuiteExecutor.accessTestSuiteMainPhase(TestSuiteExecutor.java:148)
	at com.kms.katalon.core.main.TestSuiteExecutor.execute(TestSuiteExecutor.java:106)
	at com.kms.katalon.core.main.TestCaseMain.startTestSuite(TestCaseMain.java:187)
	at com.kms.katalon.core.main.TestCaseMain$startTestSuite$0.call(Unknown Source)
	at TempTestSuite1722769113368.run(TempTestSuite1722769113368.groovy:35)
Caused by: com.kms.katalon.core.webui.exception.WebElementNotFoundException: Web element with id: 'Object Repository/PM/Huawei-vendor/Data-view/TopX' located by '//button[normalize-space()='TopX']' not found
	at com.kms.katalon.core.webui.common.WebUiCommonHelper.findWebElement(WebUiCommonHelper.java:1381)
	at com.kms.katalon.core.webui.keyword.internal.WebUIAbstractKeyword.findWebElement(WebUIAbstractKeyword.groovy:27)
	at com.kms.katalon.core.webui.keyword.builtin.ClickKeyword$_click_closure1.doCall(ClickKeyword.groovy:65)
	at com.kms.katalon.core.webui.keyword.builtin.ClickKeyword$_click_closure1.call(ClickKeyword.groovy)
	at com.kms.katalon.core.webui.keyword.internal.WebUIKeywordMain.runKeyword(WebUIKeywordMain.groovy:20)
	... 22 more]]></system-err>
      </testcase>
      <testcase name="Test Cases/PM/Hwauei/TopX/2G TopX/XCells/TopX 2G Cell default" time="172.682" classname="Test Cases/PM/Hwauei/TopX/2G TopX/XCells/TopX 2G Cell default" status="FAILED">
         <failure type="FAILED" message="Test Cases/PM/Hwauei/TopX/2G TopX/XCells/TopX 2G Cell default FAILED.
Reason:
com.kms.katalon.core.exception.StepFailedException: Unable to verify object 'Object Repository/PM/Huawei-vendor/Chart' is present
	at com.kms.katalon.core.webui.keyword.internal.WebUIKeywordMain.stepFailed(WebUIKeywordMain.groovy:64)
	at com.kms.katalon.core.webui.keyword.internal.WebUIKeywordMain.runKeyword(WebUIKeywordMain.groovy:26)
	at com.kms.katalon.core.webui.keyword.builtin.VerifyElementPresentKeyword.verifyElementPresent(VerifyElementPresentKeyword.groovy:92)
	at com.kms.katalon.core.webui.keyword.builtin.VerifyElementPresentKeyword.execute(VerifyElementPresentKeyword.groovy:68)
	at com.kms.katalon.core.keyword.internal.KeywordExecutor.executeKeywordForPlatform(KeywordExecutor.groovy:74)
	at com.kms.katalon.core.webui.keyword.WebUiBuiltInKeywords.verifyElementPresent(WebUiBuiltInKeywords.groovy:1464)
	at com.kms.katalon.core.webui.keyword.WebUiBuiltInKeywords$verifyElementPresent$6.call(Unknown Source)
	at PMHwaueiTopX.TopX(PMHwaueiTopX.groovy:1593)
	at PMHwaueiTopX.invokeMethod(PMHwaueiTopX.groovy)
	at com.kms.katalon.core.main.CustomKeywordDelegatingMetaClass.invokeStaticMethod(CustomKeywordDelegatingMetaClass.java:55)
	at TopX 2G Cell default.run(TopX 2G Cell default:29)
	at com.kms.katalon.core.main.ScriptEngine.run(ScriptEngine.java:194)
	at com.kms.katalon.core.main.ScriptEngine.runScriptAsRawText(ScriptEngine.java:119)
	at com.kms.katalon.core.main.TestCaseExecutor.runScript(TestCaseExecutor.java:448)
	at com.kms.katalon.core.main.TestCaseExecutor.doExecute(TestCaseExecutor.java:439)
	at com.kms.katalon.core.main.TestCaseExecutor.processExecutionPhase(TestCaseExecutor.java:418)
	at com.kms.katalon.core.main.TestCaseExecutor.accessMainPhase(TestCaseExecutor.java:410)
	at com.kms.katalon.core.main.TestCaseExecutor.execute(TestCaseExecutor.java:285)
	at com.kms.katalon.core.common.CommonExecutor.accessTestCaseMainPhase(CommonExecutor.java:65)
	at com.kms.katalon.core.main.TestSuiteExecutor.accessTestSuiteMainPhase(TestSuiteExecutor.java:148)
	at com.kms.katalon.core.main.TestSuiteExecutor.execute(TestSuiteExecutor.java:106)
	at com.kms.katalon.core.main.TestCaseMain.startTestSuite(TestCaseMain.java:187)
	at com.kms.katalon.core.main.TestCaseMain$startTestSuite$0.call(Unknown Source)
	at TempTestSuite1722769113368.run(TempTestSuite1722769113368.groovy:35)
Caused by: com.kms.katalon.core.exception.StepFailedException: com.kms.katalon.core.webui.exception.WebElementNotFoundException: Web element with id: 'Object Repository/PM/Huawei-vendor/Chart' located by '//*[@id=&quot;chart-container&quot;]/div/app-main-chart-component[1]/div/div[2]/div[2]/div/div/div[1]/canvas' not found
	at com.kms.katalon.core.webui.keyword.internal.WebUIKeywordMain.stepFailed(WebUIKeywordMain.groovy:64)
	at com.kms.katalon.core.webui.keyword.builtin.VerifyElementPresentKeyword$_verifyElementPresent_closure1.doCall(VerifyElementPresentKeyword.groovy:85)
	at com.kms.katalon.core.webui.keyword.builtin.VerifyElementPresentKeyword$_verifyElementPresent_closure1.call(VerifyElementPresentKeyword.groovy)
	at com.kms.katalon.core.webui.keyword.internal.WebUIKeywordMain.runKeyword(WebUIKeywordMain.groovy:20)
	... 22 more
"/>
         <system-out><![CDATA[2024-08-04 14:14:02 - [TEST_CASE][FAILED] - Test Cases/PM/Hwauei/TopX/2G TopX/XCells/TopX 2G Cell default: Test Cases/PM/Hwauei/TopX/2G TopX/XCells/TopX 2G Cell default FAILED.
Reason:
com.kms.katalon.core.exception.StepFailedException: Unable to verify object 'Object Repository/PM/Huawei-vendor/Chart' is present
	at com.kms.katalon.core.webui.keyword.internal.WebUIKeywordMain.stepFailed(WebUIKeywordMain.groovy:64)
	at com.kms.katalon.core.webui.keyword.internal.WebUIKeywordMain.runKeyword(WebUIKeywordMain.groovy:26)
	at com.kms.katalon.core.webui.keyword.builtin.VerifyElementPresentKeyword.verifyElementPresent(VerifyElementPresentKeyword.groovy:92)
	at com.kms.katalon.core.webui.keyword.builtin.VerifyElementPresentKeyword.execute(VerifyElementPresentKeyword.groovy:68)
	at com.kms.katalon.core.keyword.internal.KeywordExecutor.executeKeywordForPlatform(KeywordExecutor.groovy:74)
	at com.kms.katalon.core.webui.keyword.WebUiBuiltInKeywords.verifyElementPresent(WebUiBuiltInKeywords.groovy:1464)
	at com.kms.katalon.core.webui.keyword.WebUiBuiltInKeywords$verifyElementPresent$6.call(Unknown Source)
	at PMHwaueiTopX.TopX(PMHwaueiTopX.groovy:1593)
	at PMHwaueiTopX.invokeMethod(PMHwaueiTopX.groovy)
	at com.kms.katalon.core.main.CustomKeywordDelegatingMetaClass.invokeStaticMethod(CustomKeywordDelegatingMetaClass.java:55)
	at TopX 2G Cell default.run(TopX 2G Cell default:29)
	at com.kms.katalon.core.main.ScriptEngine.run(ScriptEngine.java:194)
	at com.kms.katalon.core.main.ScriptEngine.runScriptAsRawText(ScriptEngine.java:119)
	at com.kms.katalon.core.main.TestCaseExecutor.runScript(TestCaseExecutor.java:448)
	at com.kms.katalon.core.main.TestCaseExecutor.doExecute(TestCaseExecutor.java:439)
	at com.kms.katalon.core.main.TestCaseExecutor.processExecutionPhase(TestCaseExecutor.java:418)
	at com.kms.katalon.core.main.TestCaseExecutor.accessMainPhase(TestCaseExecutor.java:410)
	at com.kms.katalon.core.main.TestCaseExecutor.execute(TestCaseExecutor.java:285)
	at com.kms.katalon.core.common.CommonExecutor.accessTestCaseMainPhase(CommonExecutor.java:65)
	at com.kms.katalon.core.main.TestSuiteExecutor.accessTestSuiteMainPhase(TestSuiteExecutor.java:148)
	at com.kms.katalon.core.main.TestSuiteExecutor.execute(TestSuiteExecutor.java:106)
	at com.kms.katalon.core.main.TestCaseMain.startTestSuite(TestCaseMain.java:187)
	at com.kms.katalon.core.main.TestCaseMain$startTestSuite$0.call(Unknown Source)
	at TempTestSuite1722769113368.run(TempTestSuite1722769113368.groovy:35)
Caused by: com.kms.katalon.core.exception.StepFailedException: com.kms.katalon.core.webui.exception.WebElementNotFoundException: Web element with id: 'Object Repository/PM/Huawei-vendor/Chart' located by '//*[@id="chart-container"]/div/app-main-chart-component[1]/div/div[2]/div[2]/div/div/div[1]/canvas' not found
	at com.kms.katalon.core.webui.keyword.internal.WebUIKeywordMain.stepFailed(WebUIKeywordMain.groovy:64)
	at com.kms.katalon.core.webui.keyword.builtin.VerifyElementPresentKeyword$_verifyElementPresent_closure1.doCall(VerifyElementPresentKeyword.groovy:85)
	at com.kms.katalon.core.webui.keyword.builtin.VerifyElementPresentKeyword$_verifyElementPresent_closure1.call(VerifyElementPresentKeyword.groovy)
	at com.kms.katalon.core.webui.keyword.internal.WebUIKeywordMain.runKeyword(WebUIKeywordMain.groovy:20)
	... 22 more


2024-08-04 14:14:02 - [TEST_STEP][PASSED] - callTestCase(findTestCase("Login"), [:], STOP_ON_FAILURE): Call Test Case 'Test Cases/Login' successfully

2024-08-04 14:14:02 - [TEST_CASE][PASSED] - Test Cases/Login: Test Cases/Login

2024-08-04 14:14:02 - [TEST_STEP][PASSED] - driver = general.start(SwagerURL, NetCellURL): general.start is PASSED

2024-08-04 14:14:02 - [MESSAGE][INFO] - >>> chromeDriverPath=C:\Users\FatimaIbeid\.katalon\packages\Katalon_Studio_Windows_64-8.6.9\Katalon_Studio_Windows_64-8.6.9\configuration\resources\drivers\chromedriver_win32\chromedriver.exe

2024-08-04 14:14:03 - [MESSAGE][PASSED] - Current window maximized

2024-08-04 14:14:06 - [MESSAGE][PASSED] - Execute JavaScript 'window.open();' successfully

2024-08-04 14:14:06 - [MESSAGE][PASSED] - Switched to window with index: '1'

2024-08-04 14:14:20 - [MESSAGE][PASSED] - general.start is PASSED

2024-08-04 14:14:20 - [TEST_STEP][PASSED] - click(findTestObject("Object Repository/Login/LoginButton")): Object: 'Object Repository/Login/LoginButton' is clicked on

2024-08-04 14:14:20 - [MESSAGE][PASSED] - Object: 'Object Repository/Login/LoginButton' is clicked on

2024-08-04 14:14:20 - [TEST_STEP][PASSED] - switchToWindowIndex(2): Switched to window with index: '2'

2024-08-04 14:14:20 - [MESSAGE][PASSED] - Switched to window with index: '2'

2024-08-04 14:14:20 - [TEST_STEP][PASSED] - delay(1): Delayed 1 second(s)

2024-08-04 14:14:21 - [MESSAGE][PASSED] - Delayed 1 second(s)

2024-08-04 14:14:21 - [TEST_STEP][PASSED] - sendKeys(findTestObject("Object Repository/Login/EnterEmail"), "homam@zztjg.onmicrosoft.com"): Keys 'homam@zztjg.onmicrosoft.com' sent to object: 'Object Repository/Login/EnterEmail'

2024-08-04 14:14:22 - [MESSAGE][PASSED] - Keys 'homam@zztjg.onmicrosoft.com' sent to object: 'Object Repository/Login/EnterEmail'

2024-08-04 14:14:22 - [TEST_STEP][PASSED] - delay(1): Delayed 1 second(s)

2024-08-04 14:14:23 - [MESSAGE][PASSED] - Delayed 1 second(s)

2024-08-04 14:14:23 - [TEST_STEP][PASSED] - click(findTestObject("Object Repository/Login/NextButton")): Object: 'Object Repository/Login/NextButton' is clicked on

2024-08-04 14:14:23 - [MESSAGE][PASSED] - Object: 'Object Repository/Login/NextButton' is clicked on

2024-08-04 14:14:23 - [TEST_STEP][PASSED] - delay(2): Delayed 2 second(s)

2024-08-04 14:14:25 - [MESSAGE][PASSED] - Delayed 2 second(s)

2024-08-04 14:14:25 - [TEST_STEP][PASSED] - sendKeys(findTestObject("Object Repository/Login/EnterPassword"), "Holder12345"): Keys 'Holder12345' sent to object: 'Object Repository/Login/EnterPassword'

2024-08-04 14:14:25 - [MESSAGE][PASSED] - Keys 'Holder12345' sent to object: 'Object Repository/Login/EnterPassword'

2024-08-04 14:14:25 - [TEST_STEP][PASSED] - delay(1): Delayed 1 second(s)

2024-08-04 14:14:26 - [MESSAGE][PASSED] - Delayed 1 second(s)

2024-08-04 14:14:26 - [TEST_STEP][PASSED] - click(findTestObject("Object Repository/Login/SigninButton")): Object: 'Object Repository/Login/SigninButton' is clicked on

2024-08-04 14:14:27 - [MESSAGE][PASSED] - Object: 'Object Repository/Login/SigninButton' is clicked on

2024-08-04 14:14:27 - [TEST_STEP][PASSED] - delay(1): Delayed 1 second(s)

2024-08-04 14:14:28 - [MESSAGE][PASSED] - Delayed 1 second(s)

2024-08-04 14:14:28 - [TEST_STEP][PASSED] - click(findTestObject("Object Repository/Login/YesStayInButton")): Object: 'Object Repository/Login/YesStayInButton' is clicked on

2024-08-04 14:14:28 - [MESSAGE][PASSED] - Object: 'Object Repository/Login/YesStayInButton' is clicked on

2024-08-04 14:14:28 - [MESSAGE][PASSED] - Call Test Case 'Test Cases/Login' successfully

2024-08-04 14:14:28 - [TEST_STEP][PASSED] - switchToWindowIndex(1): Switched to window with index: '1'

2024-08-04 14:14:29 - [MESSAGE][PASSED] - Switched to window with index: '1'

2024-08-04 14:14:29 - [TEST_STEP][FAILED] - PMHwaueiTopX.TopX("2G", "Cell", false, "Hourly", false, null): Unable to verify object 'Object Repository/PM/Huawei-vendor/Chart' is present

2024-08-04 14:14:31 - [MESSAGE][PASSED] - Object: 'Object Repository/PM/PM-Button' is clicked on

2024-08-04 14:14:32 - [MESSAGE][PASSED] - Switched to window with index: '2'

2024-08-04 14:14:33 - [MESSAGE][PASSED] - Object: 'Object Repository/PM/Huawei-vendor/Data-view/TopX' is clicked on

2024-08-04 14:14:33 - [MESSAGE][PASSED] - Object: 'Object Repository/PM/Huawei-vendor/Technology/Technology-Arrow' is clicked on

2024-08-04 14:14:33 - [MESSAGE][PASSED] - Object: 'Object Repository/PM/Huawei-vendor/Technology/2G' is clicked on

2024-08-04 14:14:33 - [MESSAGE][PASSED] - Object: 'Object Repository/PM/Huawei-vendor/TopX/TopX Object Type' is clicked on

2024-08-04 14:14:34 - [MESSAGE][PASSED] - Delayed 1 second(s)

2024-08-04 14:14:35 - [MESSAGE][PASSED] - Object: 'Object Repository/PM/Huawei-vendor/Object-Type/TopX Object Types/TopX Cells/TopX Cell' is clicked on

2024-08-04 14:14:36 - [MESSAGE][PASSED] - Delayed 1 second(s)

2024-08-04 14:14:36 - [MESSAGE][WARNING] - Timeout '0' is invalid. Using default page load timeout: '120'

2024-08-04 14:14:36 - [MESSAGE][PASSED] - Scroll to object 'Object Repository/PM/Huawei-vendor/Object Border' successfully

2024-08-04 14:14:36 - [MESSAGE][PASSED] - Object: 'Object Repository/PM/Huawei-vendor/Object-Type/TopX Object Types/TopX Sites/TopX East Amman Arrow' is clicked on

2024-08-04 14:14:38 - [MESSAGE][PASSED] - Object: 'Object Repository/PM/Huawei-vendor/Object-Type/TopX Object Types/TopX Cells/TopX East Amman Site1 Arrow' is clicked on

2024-08-04 14:14:39 - [MESSAGE][PASSED] - Delayed 1 second(s)

2024-08-04 14:14:39 - [MESSAGE][PASSED] - Object: 'Object Repository/PM/Huawei-vendor/Object-Type/TopX Object Types/TopX Cells/TopX East Amman Site1 Cell1' is clicked on

2024-08-04 14:14:40 - [MESSAGE][PASSED] - Object: 'Object Repository/PM/Huawei-vendor/Object-Type/TopX Object Types/TopX Sites/TopX East Amman CloseArrow' is clicked on

2024-08-04 14:14:40 - [MESSAGE][PASSED] - Object: 'Object Repository/PM/Huawei-vendor/Object-Type/TopX Object Types/TopX Sites/TopX West Amman Arrow' is clicked on

2024-08-04 14:14:41 - [MESSAGE][PASSED] - Object: 'Object Repository/PM/Huawei-vendor/Object-Type/TopX Object Types/TopX Cells/TopX West Amman Site1 Arrow' is clicked on

2024-08-04 14:14:42 - [MESSAGE][PASSED] - Object: 'Object Repository/PM/Huawei-vendor/Object-Type/TopX Object Types/TopX Cells/TopX West Amman Site1 Cell1' is clicked on

2024-08-04 14:14:42 - [MESSAGE][PASSED] - Object: 'Object Repository/PM/Huawei-vendor/Object-Type/TopX Object Types/TopX Sites/TopX West Amman CloseArrow' is clicked on

2024-08-04 14:14:42 - [MESSAGE][PASSED] - Object: 'Object Repository/PM/Huawei-vendor/Object-Type/TopX Object Types/TopX Sites/TopX North Jordan Arrow' is clicked on

2024-08-04 14:14:44 - [MESSAGE][PASSED] - Object: 'Object Repository/PM/Huawei-vendor/Object-Type/TopX Object Types/TopX Cells/TopX North Jordan Site1 Arrow' is clicked on

2024-08-04 14:14:44 - [MESSAGE][PASSED] - Object: 'Object Repository/PM/Huawei-vendor/Object-Type/TopX Object Types/TopX Cells/TopX North Jordan Site1 Cell1' is clicked on

2024-08-04 14:14:45 - [MESSAGE][PASSED] - Object: 'Object Repository/PM/Huawei-vendor/Object-Type/TopX Object Types/TopX Sites/TopX North Jordan CloseArrow' is clicked on

2024-08-04 14:14:45 - [MESSAGE][PASSED] - Object: 'Object Repository/PM/Huawei-vendor/Object-Type/TopX Object Types/TopX Sites/TopX South Jordan Arrow' is clicked on

2024-08-04 14:14:46 - [MESSAGE][PASSED] - Object: 'Object Repository/PM/Huawei-vendor/Object-Type/TopX Object Types/TopX Cells/TopX South Jordan Site1 Arrow' is clicked on

2024-08-04 14:14:46 - [MESSAGE][PASSED] - Object: 'Object Repository/PM/Huawei-vendor/Object-Type/TopX Object Types/TopX Cells/TopX South Jordan Site1 Cell1' is clicked on

2024-08-04 14:14:47 - [MESSAGE][PASSED] - Object: 'Object Repository/PM/Huawei-vendor/Object-Type/TopX Object Types/TopX Sites/TopX South Jordan CloseArrow' is clicked on

2024-08-04 14:14:47 - [MESSAGE][WARNING] - Timeout '0' is invalid. Using default page load timeout: '120'

2024-08-04 14:14:47 - [MESSAGE][PASSED] - Scroll to object 'Object Repository/PM/Huawei-vendor/LowXlabel' successfully

2024-08-04 14:14:47 - [MESSAGE][PASSED] - Object: 'Object Repository/PM/Huawei-vendor/TopX/TopXDate/BeforeDate' is clicked on

2024-08-04 14:14:48 - [MESSAGE][PASSED] - Delayed 1 second(s)

2024-08-04 14:14:48 - [MESSAGE][PASSED] - Object: 'Object Repository/PM/Huawei-vendor/TopX/TopXDate/Choose Month' is clicked on

2024-08-04 14:14:49 - [MESSAGE][PASSED] - Delayed 1 second(s)

2024-08-04 14:14:49 - [MESSAGE][PASSED] - Object: 'Object Repository/PM/Huawei-vendor/TopX/TopXDate/Feb' is clicked on

2024-08-04 14:14:49 - [MESSAGE][PASSED] - Object: 'Object Repository/PM/Huawei-vendor/TopX/TopXDate/Day 1' is clicked on

2024-08-04 14:14:50 - [MESSAGE][PASSED] - Object: 'Object Repository/PM/Huawei-vendor/TopX/TopXDate/Button OK' is clicked on

2024-08-04 14:14:50 - [MESSAGE][PASSED] - Object: 'Object Repository/PM/Huawei-vendor/TopX/TopXDate/After Date' is clicked on

2024-08-04 14:14:51 - [MESSAGE][PASSED] - Delayed 1 second(s)

2024-08-04 14:14:51 - [MESSAGE][PASSED] - Object: 'Object Repository/PM/Huawei-vendor/TopX/TopXDate/Choose Month' is clicked on

2024-08-04 14:14:52 - [MESSAGE][PASSED] - Delayed 1 second(s)

2024-08-04 14:14:52 - [MESSAGE][PASSED] - Object: 'Object Repository/PM/Huawei-vendor/TopX/TopXDate/Feb' is clicked on

2024-08-04 14:14:52 - [MESSAGE][PASSED] - Object: 'Object Repository/PM/Huawei-vendor/TopX/TopXDate/Day 7' is clicked on

2024-08-04 14:14:52 - [MESSAGE][PASSED] - Object: 'Object Repository/PM/Huawei-vendor/TopX/TopXDate/Button OK' is clicked on

2024-08-04 14:14:53 - [MESSAGE][PASSED] - Object: 'Object Repository/PM/Huawei-vendor/Apply-Button' is clicked on

2024-08-04 14:14:53 - [MESSAGE][WARNING] - Timeout '0' is invalid. Using default page load timeout: '120'

2024-08-04 14:14:53 - [MESSAGE][PASSED] - Web element with id: 'Object Repository/PM/Huawei-vendor/Error' located by 'By.xpath: //div[@class='toast-summary title-medium-m']' is not present after '120' second(s)

2024-08-04 14:14:53 - [MESSAGE][WARNING] - Timeout '0' is invalid. Using default page load timeout: '120'

2024-08-04 14:16:54 - [MESSAGE][INFO] - Unable to find the element located by 'By.xpath: //*[@id="chart-container"]/div/app-main-chart-component[1]/div/div[2]/div[2]/div/div/div[1]/canvas'. Please recheck the objects properties to make sure the desired element is located. 

2024-08-04 14:16:54 - [MESSAGE][FAILED] - com.kms.katalon.core.webui.exception.WebElementNotFoundException: Web element with id: 'Object Repository/PM/Huawei-vendor/Chart' located by '//*[@id="chart-container"]/div/app-main-chart-component[1]/div/div[2]/div[2]/div/div/div[1]/canvas' not found (Root cause: com.kms.katalon.core.exception.StepFailedException: com.kms.katalon.core.webui.exception.WebElementNotFoundException: Web element with id: 'Object Repository/PM/Huawei-vendor/Chart' located by '//*[@id="chart-container"]/div/app-main-chart-component[1]/div/div[2]/div[2]/div/div/div[1]/canvas' not found
	at com.kms.katalon.core.webui.keyword.internal.WebUIKeywordMain.stepFailed(WebUIKeywordMain.groovy:64)
	at com.kms.katalon.core.webui.keyword.builtin.VerifyElementPresentKeyword$_verifyElementPresent_closure1.doCall(VerifyElementPresentKeyword.groovy:85)
	at com.kms.katalon.core.webui.keyword.builtin.VerifyElementPresentKeyword$_verifyElementPresent_closure1.call(VerifyElementPresentKeyword.groovy)
	at com.kms.katalon.core.webui.keyword.internal.WebUIKeywordMain.runKeyword(WebUIKeywordMain.groovy:20)
	at com.kms.katalon.core.webui.keyword.builtin.VerifyElementPresentKeyword.verifyElementPresent(VerifyElementPresentKeyword.groovy:92)
	at com.kms.katalon.core.webui.keyword.builtin.VerifyElementPresentKeyword.execute(VerifyElementPresentKeyword.groovy:68)
	at com.kms.katalon.core.keyword.internal.KeywordExecutor.executeKeywordForPlatform(KeywordExecutor.groovy:74)
	at com.kms.katalon.core.webui.keyword.WebUiBuiltInKeywords.verifyElementPresent(WebUiBuiltInKeywords.groovy:1464)
	at com.kms.katalon.core.webui.keyword.WebUiBuiltInKeywords$verifyElementPresent$6.call(Unknown Source)
	at PMHwaueiTopX.TopX(PMHwaueiTopX.groovy:1593)
	at PMHwaueiTopX.invokeMethod(PMHwaueiTopX.groovy)
	at com.kms.katalon.core.main.CustomKeywordDelegatingMetaClass.invokeStaticMethod(CustomKeywordDelegatingMetaClass.java:55)
	at TopX 2G Cell default.run(TopX 2G Cell default:29)
	at com.kms.katalon.core.main.ScriptEngine.run(ScriptEngine.java:194)
	at com.kms.katalon.core.main.ScriptEngine.runScriptAsRawText(ScriptEngine.java:119)
	at com.kms.katalon.core.main.TestCaseExecutor.runScript(TestCaseExecutor.java:448)
	at com.kms.katalon.core.main.TestCaseExecutor.doExecute(TestCaseExecutor.java:439)
	at com.kms.katalon.core.main.TestCaseExecutor.processExecutionPhase(TestCaseExecutor.java:418)
	at com.kms.katalon.core.main.TestCaseExecutor.accessMainPhase(TestCaseExecutor.java:410)
	at com.kms.katalon.core.main.TestCaseExecutor.execute(TestCaseExecutor.java:285)
	at com.kms.katalon.core.common.CommonExecutor.accessTestCaseMainPhase(CommonExecutor.java:65)
	at com.kms.katalon.core.main.TestSuiteExecutor.accessTestSuiteMainPhase(TestSuiteExecutor.java:148)
	at com.kms.katalon.core.main.TestSuiteExecutor.execute(TestSuiteExecutor.java:106)
	at com.kms.katalon.core.main.TestCaseMain.startTestSuite(TestCaseMain.java:187)
	at com.kms.katalon.core.main.TestCaseMain$startTestSuite$0.call(Unknown Source)
	at TempTestSuite1722769113368.run(TempTestSuite1722769113368.groovy:35)
)
[[ATTACHMENT|C:\\Users\\FatimaIbeid\\git\\NetCell\\Reports\\20240804_135833\\PM\\Hwauei\\TopX\\Regression TopX 2G\\20240804_135833\\1722770214464.png]]

2024-08-04 14:16:54 - [MESSAGE][FAILED] - Unable to verify object 'Object Repository/PM/Huawei-vendor/Chart' is present (Root cause: com.kms.katalon.core.exception.StepFailedException: Unable to verify object 'Object Repository/PM/Huawei-vendor/Chart' is present
	at com.kms.katalon.core.webui.keyword.internal.WebUIKeywordMain.stepFailed(WebUIKeywordMain.groovy:64)
	at com.kms.katalon.core.webui.keyword.internal.WebUIKeywordMain.runKeyword(WebUIKeywordMain.groovy:26)
	at com.kms.katalon.core.webui.keyword.builtin.VerifyElementPresentKeyword.verifyElementPresent(VerifyElementPresentKeyword.groovy:92)
	at com.kms.katalon.core.webui.keyword.builtin.VerifyElementPresentKeyword.execute(VerifyElementPresentKeyword.groovy:68)
	at com.kms.katalon.core.keyword.internal.KeywordExecutor.executeKeywordForPlatform(KeywordExecutor.groovy:74)
	at com.kms.katalon.core.webui.keyword.WebUiBuiltInKeywords.verifyElementPresent(WebUiBuiltInKeywords.groovy:1464)
	at com.kms.katalon.core.webui.keyword.WebUiBuiltInKeywords$verifyElementPresent$6.call(Unknown Source)
	at PMHwaueiTopX.TopX(PMHwaueiTopX.groovy:1593)
	at PMHwaueiTopX.invokeMethod(PMHwaueiTopX.groovy)
	at com.kms.katalon.core.main.CustomKeywordDelegatingMetaClass.invokeStaticMethod(CustomKeywordDelegatingMetaClass.java:55)
	at TopX 2G Cell default.run(TopX 2G Cell default:29)
	at com.kms.katalon.core.main.ScriptEngine.run(ScriptEngine.java:194)
	at com.kms.katalon.core.main.ScriptEngine.runScriptAsRawText(ScriptEngine.java:119)
	at com.kms.katalon.core.main.TestCaseExecutor.runScript(TestCaseExecutor.java:448)
	at com.kms.katalon.core.main.TestCaseExecutor.doExecute(TestCaseExecutor.java:439)
	at com.kms.katalon.core.main.TestCaseExecutor.processExecutionPhase(TestCaseExecutor.java:418)
	at com.kms.katalon.core.main.TestCaseExecutor.accessMainPhase(TestCaseExecutor.java:410)
	at com.kms.katalon.core.main.TestCaseExecutor.execute(TestCaseExecutor.java:285)
	at com.kms.katalon.core.common.CommonExecutor.accessTestCaseMainPhase(CommonExecutor.java:65)
	at com.kms.katalon.core.main.TestSuiteExecutor.accessTestSuiteMainPhase(TestSuiteExecutor.java:148)
	at com.kms.katalon.core.main.TestSuiteExecutor.execute(TestSuiteExecutor.java:106)
	at com.kms.katalon.core.main.TestCaseMain.startTestSuite(TestCaseMain.java:187)
	at com.kms.katalon.core.main.TestCaseMain$startTestSuite$0.call(Unknown Source)
	at TempTestSuite1722769113368.run(TempTestSuite1722769113368.groovy:35)
Caused by: com.kms.katalon.core.exception.StepFailedException: com.kms.katalon.core.webui.exception.WebElementNotFoundException: Web element with id: 'Object Repository/PM/Huawei-vendor/Chart' located by '//*[@id="chart-container"]/div/app-main-chart-component[1]/div/div[2]/div[2]/div/div/div[1]/canvas' not found
	at com.kms.katalon.core.webui.keyword.internal.WebUIKeywordMain.stepFailed(WebUIKeywordMain.groovy:64)
	at com.kms.katalon.core.webui.keyword.builtin.VerifyElementPresentKeyword$_verifyElementPresent_closure1.doCall(VerifyElementPresentKeyword.groovy:85)
	at com.kms.katalon.core.webui.keyword.builtin.VerifyElementPresentKeyword$_verifyElementPresent_closure1.call(VerifyElementPresentKeyword.groovy)
	at com.kms.katalon.core.webui.keyword.internal.WebUIKeywordMain.runKeyword(WebUIKeywordMain.groovy:20)
	... 22 more
)
[[ATTACHMENT|C:\\Users\\FatimaIbeid\\git\\NetCell\\Reports\\20240804_135833\\PM\\Hwauei\\TopX\\Regression TopX 2G\\20240804_135833\\1722770214603.png]]

2024-08-04 14:16:54 - [MESSAGE][FAILED] - Unable to verify object 'Object Repository/PM/Huawei-vendor/Chart' is present]]></system-out>
         <system-err><![CDATA[2024-08-04 14:14:02 - [TEST_CASE][FAILED] - Test Cases/PM/Hwauei/TopX/2G TopX/XCells/TopX 2G Cell default: Test Cases/PM/Hwauei/TopX/2G TopX/XCells/TopX 2G Cell default FAILED.
Reason:
com.kms.katalon.core.exception.StepFailedException: Unable to verify object 'Object Repository/PM/Huawei-vendor/Chart' is present
	at com.kms.katalon.core.webui.keyword.internal.WebUIKeywordMain.stepFailed(WebUIKeywordMain.groovy:64)
	at com.kms.katalon.core.webui.keyword.internal.WebUIKeywordMain.runKeyword(WebUIKeywordMain.groovy:26)
	at com.kms.katalon.core.webui.keyword.builtin.VerifyElementPresentKeyword.verifyElementPresent(VerifyElementPresentKeyword.groovy:92)
	at com.kms.katalon.core.webui.keyword.builtin.VerifyElementPresentKeyword.execute(VerifyElementPresentKeyword.groovy:68)
	at com.kms.katalon.core.keyword.internal.KeywordExecutor.executeKeywordForPlatform(KeywordExecutor.groovy:74)
	at com.kms.katalon.core.webui.keyword.WebUiBuiltInKeywords.verifyElementPresent(WebUiBuiltInKeywords.groovy:1464)
	at com.kms.katalon.core.webui.keyword.WebUiBuiltInKeywords$verifyElementPresent$6.call(Unknown Source)
	at PMHwaueiTopX.TopX(PMHwaueiTopX.groovy:1593)
	at PMHwaueiTopX.invokeMethod(PMHwaueiTopX.groovy)
	at com.kms.katalon.core.main.CustomKeywordDelegatingMetaClass.invokeStaticMethod(CustomKeywordDelegatingMetaClass.java:55)
	at TopX 2G Cell default.run(TopX 2G Cell default:29)
	at com.kms.katalon.core.main.ScriptEngine.run(ScriptEngine.java:194)
	at com.kms.katalon.core.main.ScriptEngine.runScriptAsRawText(ScriptEngine.java:119)
	at com.kms.katalon.core.main.TestCaseExecutor.runScript(TestCaseExecutor.java:448)
	at com.kms.katalon.core.main.TestCaseExecutor.doExecute(TestCaseExecutor.java:439)
	at com.kms.katalon.core.main.TestCaseExecutor.processExecutionPhase(TestCaseExecutor.java:418)
	at com.kms.katalon.core.main.TestCaseExecutor.accessMainPhase(TestCaseExecutor.java:410)
	at com.kms.katalon.core.main.TestCaseExecutor.execute(TestCaseExecutor.java:285)
	at com.kms.katalon.core.common.CommonExecutor.accessTestCaseMainPhase(CommonExecutor.java:65)
	at com.kms.katalon.core.main.TestSuiteExecutor.accessTestSuiteMainPhase(TestSuiteExecutor.java:148)
	at com.kms.katalon.core.main.TestSuiteExecutor.execute(TestSuiteExecutor.java:106)
	at com.kms.katalon.core.main.TestCaseMain.startTestSuite(TestCaseMain.java:187)
	at com.kms.katalon.core.main.TestCaseMain$startTestSuite$0.call(Unknown Source)
	at TempTestSuite1722769113368.run(TempTestSuite1722769113368.groovy:35)
Caused by: com.kms.katalon.core.exception.StepFailedException: com.kms.katalon.core.webui.exception.WebElementNotFoundException: Web element with id: 'Object Repository/PM/Huawei-vendor/Chart' located by '//*[@id="chart-container"]/div/app-main-chart-component[1]/div/div[2]/div[2]/div/div/div[1]/canvas' not found
	at com.kms.katalon.core.webui.keyword.internal.WebUIKeywordMain.stepFailed(WebUIKeywordMain.groovy:64)
	at com.kms.katalon.core.webui.keyword.builtin.VerifyElementPresentKeyword$_verifyElementPresent_closure1.doCall(VerifyElementPresentKeyword.groovy:85)
	at com.kms.katalon.core.webui.keyword.builtin.VerifyElementPresentKeyword$_verifyElementPresent_closure1.call(VerifyElementPresentKeyword.groovy)
	at com.kms.katalon.core.webui.keyword.internal.WebUIKeywordMain.runKeyword(WebUIKeywordMain.groovy:20)
	... 22 more]]></system-err>
      </testcase>
      <testcase name="Test Cases/PM/Hwauei/TopX/2G TopX/XCells/TopX 2G Cell with LowX" time="173.283" classname="Test Cases/PM/Hwauei/TopX/2G TopX/XCells/TopX 2G Cell with LowX" status="FAILED">
         <failure type="FAILED" message="Test Cases/PM/Hwauei/TopX/2G TopX/XCells/TopX 2G Cell with LowX FAILED.
Reason:
com.kms.katalon.core.exception.StepFailedException: Unable to verify object 'Object Repository/PM/Huawei-vendor/Chart' is present
	at com.kms.katalon.core.webui.keyword.internal.WebUIKeywordMain.stepFailed(WebUIKeywordMain.groovy:64)
	at com.kms.katalon.core.webui.keyword.internal.WebUIKeywordMain.runKeyword(WebUIKeywordMain.groovy:26)
	at com.kms.katalon.core.webui.keyword.builtin.VerifyElementPresentKeyword.verifyElementPresent(VerifyElementPresentKeyword.groovy:92)
	at com.kms.katalon.core.webui.keyword.builtin.VerifyElementPresentKeyword.execute(VerifyElementPresentKeyword.groovy:68)
	at com.kms.katalon.core.keyword.internal.KeywordExecutor.executeKeywordForPlatform(KeywordExecutor.groovy:74)
	at com.kms.katalon.core.webui.keyword.WebUiBuiltInKeywords.verifyElementPresent(WebUiBuiltInKeywords.groovy:1464)
	at com.kms.katalon.core.webui.keyword.WebUiBuiltInKeywords$verifyElementPresent$6.call(Unknown Source)
	at PMHwaueiTopX.TopX(PMHwaueiTopX.groovy:1593)
	at PMHwaueiTopX.invokeMethod(PMHwaueiTopX.groovy)
	at com.kms.katalon.core.main.CustomKeywordDelegatingMetaClass.invokeStaticMethod(CustomKeywordDelegatingMetaClass.java:55)
	at TopX 2G Cell with LowX.run(TopX 2G Cell with LowX:29)
	at com.kms.katalon.core.main.ScriptEngine.run(ScriptEngine.java:194)
	at com.kms.katalon.core.main.ScriptEngine.runScriptAsRawText(ScriptEngine.java:119)
	at com.kms.katalon.core.main.TestCaseExecutor.runScript(TestCaseExecutor.java:448)
	at com.kms.katalon.core.main.TestCaseExecutor.doExecute(TestCaseExecutor.java:439)
	at com.kms.katalon.core.main.TestCaseExecutor.processExecutionPhase(TestCaseExecutor.java:418)
	at com.kms.katalon.core.main.TestCaseExecutor.accessMainPhase(TestCaseExecutor.java:410)
	at com.kms.katalon.core.main.TestCaseExecutor.execute(TestCaseExecutor.java:285)
	at com.kms.katalon.core.common.CommonExecutor.accessTestCaseMainPhase(CommonExecutor.java:65)
	at com.kms.katalon.core.main.TestSuiteExecutor.accessTestSuiteMainPhase(TestSuiteExecutor.java:148)
	at com.kms.katalon.core.main.TestSuiteExecutor.execute(TestSuiteExecutor.java:106)
	at com.kms.katalon.core.main.TestCaseMain.startTestSuite(TestCaseMain.java:187)
	at com.kms.katalon.core.main.TestCaseMain$startTestSuite$0.call(Unknown Source)
	at TempTestSuite1722769113368.run(TempTestSuite1722769113368.groovy:35)
Caused by: com.kms.katalon.core.exception.StepFailedException: com.kms.katalon.core.webui.exception.WebElementNotFoundException: Web element with id: 'Object Repository/PM/Huawei-vendor/Chart' located by '//*[@id=&quot;chart-container&quot;]/div/app-main-chart-component[1]/div/div[2]/div[2]/div/div/div[1]/canvas' not found
	at com.kms.katalon.core.webui.keyword.internal.WebUIKeywordMain.stepFailed(WebUIKeywordMain.groovy:64)
	at com.kms.katalon.core.webui.keyword.builtin.VerifyElementPresentKeyword$_verifyElementPresent_closure1.doCall(VerifyElementPresentKeyword.groovy:85)
	at com.kms.katalon.core.webui.keyword.builtin.VerifyElementPresentKeyword$_verifyElementPresent_closure1.call(VerifyElementPresentKeyword.groovy)
	at com.kms.katalon.core.webui.keyword.internal.WebUIKeywordMain.runKeyword(WebUIKeywordMain.groovy:20)
	... 22 more
"/>
         <system-out><![CDATA[2024-08-04 14:16:54 - [TEST_CASE][FAILED] - Test Cases/PM/Hwauei/TopX/2G TopX/XCells/TopX 2G Cell with LowX: Test Cases/PM/Hwauei/TopX/2G TopX/XCells/TopX 2G Cell with LowX FAILED.
Reason:
com.kms.katalon.core.exception.StepFailedException: Unable to verify object 'Object Repository/PM/Huawei-vendor/Chart' is present
	at com.kms.katalon.core.webui.keyword.internal.WebUIKeywordMain.stepFailed(WebUIKeywordMain.groovy:64)
	at com.kms.katalon.core.webui.keyword.internal.WebUIKeywordMain.runKeyword(WebUIKeywordMain.groovy:26)
	at com.kms.katalon.core.webui.keyword.builtin.VerifyElementPresentKeyword.verifyElementPresent(VerifyElementPresentKeyword.groovy:92)
	at com.kms.katalon.core.webui.keyword.builtin.VerifyElementPresentKeyword.execute(VerifyElementPresentKeyword.groovy:68)
	at com.kms.katalon.core.keyword.internal.KeywordExecutor.executeKeywordForPlatform(KeywordExecutor.groovy:74)
	at com.kms.katalon.core.webui.keyword.WebUiBuiltInKeywords.verifyElementPresent(WebUiBuiltInKeywords.groovy:1464)
	at com.kms.katalon.core.webui.keyword.WebUiBuiltInKeywords$verifyElementPresent$6.call(Unknown Source)
	at PMHwaueiTopX.TopX(PMHwaueiTopX.groovy:1593)
	at PMHwaueiTopX.invokeMethod(PMHwaueiTopX.groovy)
	at com.kms.katalon.core.main.CustomKeywordDelegatingMetaClass.invokeStaticMethod(CustomKeywordDelegatingMetaClass.java:55)
	at TopX 2G Cell with LowX.run(TopX 2G Cell with LowX:29)
	at com.kms.katalon.core.main.ScriptEngine.run(ScriptEngine.java:194)
	at com.kms.katalon.core.main.ScriptEngine.runScriptAsRawText(ScriptEngine.java:119)
	at com.kms.katalon.core.main.TestCaseExecutor.runScript(TestCaseExecutor.java:448)
	at com.kms.katalon.core.main.TestCaseExecutor.doExecute(TestCaseExecutor.java:439)
	at com.kms.katalon.core.main.TestCaseExecutor.processExecutionPhase(TestCaseExecutor.java:418)
	at com.kms.katalon.core.main.TestCaseExecutor.accessMainPhase(TestCaseExecutor.java:410)
	at com.kms.katalon.core.main.TestCaseExecutor.execute(TestCaseExecutor.java:285)
	at com.kms.katalon.core.common.CommonExecutor.accessTestCaseMainPhase(CommonExecutor.java:65)
	at com.kms.katalon.core.main.TestSuiteExecutor.accessTestSuiteMainPhase(TestSuiteExecutor.java:148)
	at com.kms.katalon.core.main.TestSuiteExecutor.execute(TestSuiteExecutor.java:106)
	at com.kms.katalon.core.main.TestCaseMain.startTestSuite(TestCaseMain.java:187)
	at com.kms.katalon.core.main.TestCaseMain$startTestSuite$0.call(Unknown Source)
	at TempTestSuite1722769113368.run(TempTestSuite1722769113368.groovy:35)
Caused by: com.kms.katalon.core.exception.StepFailedException: com.kms.katalon.core.webui.exception.WebElementNotFoundException: Web element with id: 'Object Repository/PM/Huawei-vendor/Chart' located by '//*[@id="chart-container"]/div/app-main-chart-component[1]/div/div[2]/div[2]/div/div/div[1]/canvas' not found
	at com.kms.katalon.core.webui.keyword.internal.WebUIKeywordMain.stepFailed(WebUIKeywordMain.groovy:64)
	at com.kms.katalon.core.webui.keyword.builtin.VerifyElementPresentKeyword$_verifyElementPresent_closure1.doCall(VerifyElementPresentKeyword.groovy:85)
	at com.kms.katalon.core.webui.keyword.builtin.VerifyElementPresentKeyword$_verifyElementPresent_closure1.call(VerifyElementPresentKeyword.groovy)
	at com.kms.katalon.core.webui.keyword.internal.WebUIKeywordMain.runKeyword(WebUIKeywordMain.groovy:20)
	... 22 more


2024-08-04 14:16:54 - [TEST_STEP][PASSED] - callTestCase(findTestCase("Login"), [:], STOP_ON_FAILURE): Call Test Case 'Test Cases/Login' successfully

2024-08-04 14:16:55 - [TEST_CASE][PASSED] - Test Cases/Login: Test Cases/Login

2024-08-04 14:16:55 - [TEST_STEP][PASSED] - driver = general.start(SwagerURL, NetCellURL): general.start is PASSED

2024-08-04 14:16:55 - [MESSAGE][INFO] - >>> chromeDriverPath=C:\Users\FatimaIbeid\.katalon\packages\Katalon_Studio_Windows_64-8.6.9\Katalon_Studio_Windows_64-8.6.9\configuration\resources\drivers\chromedriver_win32\chromedriver.exe

2024-08-04 14:16:56 - [MESSAGE][PASSED] - Current window maximized

2024-08-04 14:16:56 - [MESSAGE][PASSED] - Execute JavaScript 'window.open();' successfully

2024-08-04 14:16:56 - [MESSAGE][PASSED] - Switched to window with index: '1'

2024-08-04 14:16:56 - [MESSAGE][PASSED] - general.start is PASSED

2024-08-04 14:16:56 - [TEST_STEP][PASSED] - click(findTestObject("Object Repository/Login/LoginButton")): Object: 'Object Repository/Login/LoginButton' is clicked on

2024-08-04 14:17:10 - [MESSAGE][PASSED] - Object: 'Object Repository/Login/LoginButton' is clicked on

2024-08-04 14:17:10 - [TEST_STEP][PASSED] - switchToWindowIndex(2): Switched to window with index: '2'

2024-08-04 14:17:11 - [MESSAGE][PASSED] - Switched to window with index: '2'

2024-08-04 14:17:11 - [TEST_STEP][PASSED] - delay(1): Delayed 1 second(s)

2024-08-04 14:17:12 - [MESSAGE][PASSED] - Delayed 1 second(s)

2024-08-04 14:17:12 - [TEST_STEP][PASSED] - sendKeys(findTestObject("Object Repository/Login/EnterEmail"), "homam@zztjg.onmicrosoft.com"): Keys 'homam@zztjg.onmicrosoft.com' sent to object: 'Object Repository/Login/EnterEmail'

2024-08-04 14:17:13 - [MESSAGE][PASSED] - Keys 'homam@zztjg.onmicrosoft.com' sent to object: 'Object Repository/Login/EnterEmail'

2024-08-04 14:17:13 - [TEST_STEP][PASSED] - delay(1): Delayed 1 second(s)

2024-08-04 14:17:14 - [MESSAGE][PASSED] - Delayed 1 second(s)

2024-08-04 14:17:14 - [TEST_STEP][PASSED] - click(findTestObject("Object Repository/Login/NextButton")): Object: 'Object Repository/Login/NextButton' is clicked on

2024-08-04 14:17:14 - [MESSAGE][PASSED] - Object: 'Object Repository/Login/NextButton' is clicked on

2024-08-04 14:17:14 - [TEST_STEP][PASSED] - delay(2): Delayed 2 second(s)

2024-08-04 14:17:16 - [MESSAGE][PASSED] - Delayed 2 second(s)

2024-08-04 14:17:16 - [TEST_STEP][PASSED] - sendKeys(findTestObject("Object Repository/Login/EnterPassword"), "Holder12345"): Keys 'Holder12345' sent to object: 'Object Repository/Login/EnterPassword'

2024-08-04 14:17:16 - [MESSAGE][PASSED] - Keys 'Holder12345' sent to object: 'Object Repository/Login/EnterPassword'

2024-08-04 14:17:16 - [TEST_STEP][PASSED] - delay(1): Delayed 1 second(s)

2024-08-04 14:17:17 - [MESSAGE][PASSED] - Delayed 1 second(s)

2024-08-04 14:17:17 - [TEST_STEP][PASSED] - click(findTestObject("Object Repository/Login/SigninButton")): Object: 'Object Repository/Login/SigninButton' is clicked on

2024-08-04 14:17:18 - [MESSAGE][PASSED] - Object: 'Object Repository/Login/SigninButton' is clicked on

2024-08-04 14:17:18 - [TEST_STEP][PASSED] - delay(1): Delayed 1 second(s)

2024-08-04 14:17:19 - [MESSAGE][PASSED] - Delayed 1 second(s)

2024-08-04 14:17:19 - [TEST_STEP][PASSED] - click(findTestObject("Object Repository/Login/YesStayInButton")): Object: 'Object Repository/Login/YesStayInButton' is clicked on

2024-08-04 14:17:19 - [MESSAGE][PASSED] - Object: 'Object Repository/Login/YesStayInButton' is clicked on

2024-08-04 14:17:19 - [MESSAGE][PASSED] - Call Test Case 'Test Cases/Login' successfully

2024-08-04 14:17:19 - [TEST_STEP][PASSED] - switchToWindowIndex(1): Switched to window with index: '1'

2024-08-04 14:17:19 - [MESSAGE][PASSED] - Switched to window with index: '1'

2024-08-04 14:17:19 - [TEST_STEP][FAILED] - PMHwaueiTopX.TopX("2G", "Cell", true, "Hourly", true, null): Unable to verify object 'Object Repository/PM/Huawei-vendor/Chart' is present

2024-08-04 14:17:20 - [MESSAGE][PASSED] - Object: 'Object Repository/PM/PM-Button' is clicked on

2024-08-04 14:17:20 - [MESSAGE][PASSED] - Switched to window with index: '2'

2024-08-04 14:17:21 - [MESSAGE][PASSED] - Object: 'Object Repository/PM/Huawei-vendor/Data-view/TopX' is clicked on

2024-08-04 14:17:21 - [MESSAGE][PASSED] - Object: 'Object Repository/PM/Huawei-vendor/Technology/Technology-Arrow' is clicked on

2024-08-04 14:17:21 - [MESSAGE][PASSED] - Object: 'Object Repository/PM/Huawei-vendor/Technology/2G' is clicked on

2024-08-04 14:17:21 - [MESSAGE][PASSED] - Object: 'Object Repository/PM/Huawei-vendor/TopX/TopX Object Type' is clicked on

2024-08-04 14:17:22 - [MESSAGE][PASSED] - Delayed 1 second(s)

2024-08-04 14:17:23 - [MESSAGE][PASSED] - Object: 'Object Repository/PM/Huawei-vendor/Object-Type/TopX Object Types/TopX Cells/TopX Cell' is clicked on

2024-08-04 14:17:24 - [MESSAGE][PASSED] - Delayed 1 second(s)

2024-08-04 14:17:24 - [MESSAGE][WARNING] - Timeout '0' is invalid. Using default page load timeout: '120'

2024-08-04 14:17:24 - [MESSAGE][PASSED] - Scroll to object 'Object Repository/PM/Huawei-vendor/Object Border' successfully

2024-08-04 14:17:24 - [MESSAGE][PASSED] - Object: 'Object Repository/PM/Huawei-vendor/Object-Type/TopX Object Types/TopX Sites/TopX East Amman Arrow' is clicked on

2024-08-04 14:17:25 - [MESSAGE][PASSED] - Object: 'Object Repository/PM/Huawei-vendor/Object-Type/TopX Object Types/TopX Cells/TopX East Amman Site1 Arrow' is clicked on

2024-08-04 14:17:27 - [MESSAGE][PASSED] - Delayed 2 second(s)

2024-08-04 14:17:28 - [MESSAGE][PASSED] - Object: 'Object Repository/PM/Huawei-vendor/Object-Type/TopX Object Types/TopX Cells/TopX East Amman Site1 Cell1' is clicked on

2024-08-04 14:17:28 - [MESSAGE][PASSED] - Object: 'Object Repository/PM/Huawei-vendor/Object-Type/TopX Object Types/TopX Sites/TopX East Amman CloseArrow' is clicked on

2024-08-04 14:17:28 - [MESSAGE][PASSED] - Object: 'Object Repository/PM/Huawei-vendor/Object-Type/TopX Object Types/TopX Sites/TopX West Amman Arrow' is clicked on

2024-08-04 14:17:29 - [MESSAGE][PASSED] - Object: 'Object Repository/PM/Huawei-vendor/Object-Type/TopX Object Types/TopX Cells/TopX West Amman Site1 Arrow' is clicked on

2024-08-04 14:17:29 - [MESSAGE][PASSED] - Object: 'Object Repository/PM/Huawei-vendor/Object-Type/TopX Object Types/TopX Cells/TopX West Amman Site1 Cell1' is clicked on

2024-08-04 14:17:30 - [MESSAGE][PASSED] - Object: 'Object Repository/PM/Huawei-vendor/Object-Type/TopX Object Types/TopX Sites/TopX West Amman CloseArrow' is clicked on

2024-08-04 14:17:30 - [MESSAGE][PASSED] - Object: 'Object Repository/PM/Huawei-vendor/Object-Type/TopX Object Types/TopX Sites/TopX South Amman Arrow' is clicked on

2024-08-04 14:17:31 - [MESSAGE][PASSED] - Object: 'Object Repository/PM/Huawei-vendor/Object-Type/TopX Object Types/TopX Cells/TopX South Amman Site1 Arrow' is clicked on

2024-08-04 14:17:31 - [MESSAGE][PASSED] - Object: 'Object Repository/PM/Huawei-vendor/Object-Type/TopX Object Types/TopX Cells/TopX South Amman Site1 Cell1' is clicked on

2024-08-04 14:17:32 - [MESSAGE][PASSED] - Object: 'Object Repository/PM/Huawei-vendor/Object-Type/TopX Object Types/TopX Sites/TopX South Amman CloseArrow' is clicked on

2024-08-04 14:17:32 - [MESSAGE][PASSED] - Object: 'Object Repository/PM/Huawei-vendor/Object-Type/TopX Object Types/TopX Sites/TopX East Jordan Arrow' is clicked on

2024-08-04 14:17:33 - [MESSAGE][PASSED] - Object: 'Object Repository/PM/Huawei-vendor/Object-Type/TopX Object Types/TopX Cells/TopX East Jordan Site1 Arrow' is clicked on

2024-08-04 14:17:33 - [MESSAGE][PASSED] - Object: 'Object Repository/PM/Huawei-vendor/Object-Type/TopX Object Types/TopX Cells/TopX East Jordan Site1 Cell1' is clicked on

2024-08-04 14:17:34 - [MESSAGE][PASSED] - Object: 'Object Repository/PM/Huawei-vendor/Object-Type/TopX Object Types/TopX Sites/TopX East Jordan CloseArrow' is clicked on

2024-08-04 14:17:34 - [MESSAGE][PASSED] - Object: 'Object Repository/PM/Huawei-vendor/Object-Type/TopX Object Types/TopX Sites/TopX North Jordan Arrow' is clicked on

2024-08-04 14:17:36 - [MESSAGE][PASSED] - Object: 'Object Repository/PM/Huawei-vendor/Object-Type/TopX Object Types/TopX Cells/TopX North Jordan Site1 Arrow' is clicked on

2024-08-04 14:17:36 - [MESSAGE][PASSED] - Object: 'Object Repository/PM/Huawei-vendor/Object-Type/TopX Object Types/TopX Cells/TopX North Jordan Site1 Cell1' is clicked on

2024-08-04 14:17:36 - [MESSAGE][PASSED] - Object: 'Object Repository/PM/Huawei-vendor/Object-Type/TopX Object Types/TopX Sites/TopX North Jordan CloseArrow' is clicked on

2024-08-04 14:17:36 - [MESSAGE][PASSED] - Object: 'Object Repository/PM/Huawei-vendor/Object-Type/TopX Object Types/TopX Sites/TopX South Jordan Arrow' is clicked on

2024-08-04 14:17:37 - [MESSAGE][PASSED] - Object: 'Object Repository/PM/Huawei-vendor/Object-Type/TopX Object Types/TopX Cells/TopX South Jordan Site1 Arrow' is clicked on

2024-08-04 14:17:38 - [MESSAGE][PASSED] - Object: 'Object Repository/PM/Huawei-vendor/Object-Type/TopX Object Types/TopX Cells/TopX South Jordan Site1 Cell1' is clicked on

2024-08-04 14:17:38 - [MESSAGE][PASSED] - Object: 'Object Repository/PM/Huawei-vendor/Object-Type/TopX Object Types/TopX Sites/TopX South Jordan CloseArrow' is clicked on

2024-08-04 14:17:38 - [MESSAGE][PASSED] - Object: 'Object Repository/PM/Huawei-vendor/Object-Type/TopX Object Types/TopX Sites/TopX Others Arrow' is clicked on

2024-08-04 14:17:39 - [MESSAGE][PASSED] - Object: 'Object Repository/PM/Huawei-vendor/Object-Type/TopX Object Types/TopX Cells/TopX Others Site1 Arrow' is clicked on

2024-08-04 14:17:39 - [MESSAGE][PASSED] - Object: 'Object Repository/PM/Huawei-vendor/Object-Type/TopX Object Types/TopX Cells/TopX Others Site1 Cell1' is clicked on

2024-08-04 14:17:40 - [MESSAGE][PASSED] - Object: 'Object Repository/PM/Huawei-vendor/Object-Type/TopX Object Types/TopX Sites/TopX Others CloseArrow' is clicked on

2024-08-04 14:17:40 - [MESSAGE][WARNING] - Timeout '0' is invalid. Using default page load timeout: '120'

2024-08-04 14:17:40 - [MESSAGE][PASSED] - Scroll to object 'Object Repository/PM/Huawei-vendor/LowXlabel' successfully

2024-08-04 14:17:40 - [MESSAGE][PASSED] - Object: 'Object Repository/PM/Huawei-vendor/TopX/TopXDate/BeforeDate' is clicked on

2024-08-04 14:17:41 - [MESSAGE][PASSED] - Delayed 1 second(s)

2024-08-04 14:17:41 - [MESSAGE][PASSED] - Object: 'Object Repository/PM/Huawei-vendor/TopX/TopXDate/Choose Month' is clicked on

2024-08-04 14:17:42 - [MESSAGE][PASSED] - Delayed 1 second(s)

2024-08-04 14:17:42 - [MESSAGE][PASSED] - Object: 'Object Repository/PM/Huawei-vendor/TopX/TopXDate/Feb' is clicked on

2024-08-04 14:17:42 - [MESSAGE][PASSED] - Object: 'Object Repository/PM/Huawei-vendor/TopX/TopXDate/Day 1' is clicked on

2024-08-04 14:17:43 - [MESSAGE][PASSED] - Object: 'Object Repository/PM/Huawei-vendor/TopX/TopXDate/Button OK' is clicked on

2024-08-04 14:17:43 - [MESSAGE][PASSED] - Object: 'Object Repository/PM/Huawei-vendor/TopX/TopXDate/After Date' is clicked on

2024-08-04 14:17:44 - [MESSAGE][PASSED] - Delayed 1 second(s)

2024-08-04 14:17:44 - [MESSAGE][PASSED] - Object: 'Object Repository/PM/Huawei-vendor/TopX/TopXDate/Choose Month' is clicked on

2024-08-04 14:17:45 - [MESSAGE][PASSED] - Delayed 1 second(s)

2024-08-04 14:17:45 - [MESSAGE][PASSED] - Object: 'Object Repository/PM/Huawei-vendor/TopX/TopXDate/Feb' is clicked on

2024-08-04 14:17:45 - [MESSAGE][PASSED] - Object: 'Object Repository/PM/Huawei-vendor/TopX/TopXDate/Day 7' is clicked on

2024-08-04 14:17:46 - [MESSAGE][PASSED] - Object: 'Object Repository/PM/Huawei-vendor/TopX/TopXDate/Button OK' is clicked on

2024-08-04 14:17:46 - [MESSAGE][PASSED] - Object: 'Object Repository/PM/Huawei-vendor/LowXCheckBox' is clicked on

2024-08-04 14:17:46 - [MESSAGE][PASSED] - Object: 'Object Repository/PM/Huawei-vendor/Apply-Button' is clicked on

2024-08-04 14:17:46 - [MESSAGE][WARNING] - Timeout '0' is invalid. Using default page load timeout: '120'

2024-08-04 14:17:46 - [MESSAGE][PASSED] - Web element with id: 'Object Repository/PM/Huawei-vendor/Error' located by 'By.xpath: //div[@class='toast-summary title-medium-m']' is not present after '120' second(s)

2024-08-04 14:17:46 - [MESSAGE][WARNING] - Timeout '0' is invalid. Using default page load timeout: '120'

2024-08-04 14:19:47 - [MESSAGE][INFO] - Unable to find the element located by 'By.xpath: //*[@id="chart-container"]/div/app-main-chart-component[1]/div/div[2]/div[2]/div/div/div[1]/canvas'. Please recheck the objects properties to make sure the desired element is located. 

2024-08-04 14:19:47 - [MESSAGE][FAILED] - com.kms.katalon.core.webui.exception.WebElementNotFoundException: Web element with id: 'Object Repository/PM/Huawei-vendor/Chart' located by '//*[@id="chart-container"]/div/app-main-chart-component[1]/div/div[2]/div[2]/div/div/div[1]/canvas' not found (Root cause: com.kms.katalon.core.exception.StepFailedException: com.kms.katalon.core.webui.exception.WebElementNotFoundException: Web element with id: 'Object Repository/PM/Huawei-vendor/Chart' located by '//*[@id="chart-container"]/div/app-main-chart-component[1]/div/div[2]/div[2]/div/div/div[1]/canvas' not found
	at com.kms.katalon.core.webui.keyword.internal.WebUIKeywordMain.stepFailed(WebUIKeywordMain.groovy:64)
	at com.kms.katalon.core.webui.keyword.builtin.VerifyElementPresentKeyword$_verifyElementPresent_closure1.doCall(VerifyElementPresentKeyword.groovy:85)
	at com.kms.katalon.core.webui.keyword.builtin.VerifyElementPresentKeyword$_verifyElementPresent_closure1.call(VerifyElementPresentKeyword.groovy)
	at com.kms.katalon.core.webui.keyword.internal.WebUIKeywordMain.runKeyword(WebUIKeywordMain.groovy:20)
	at com.kms.katalon.core.webui.keyword.builtin.VerifyElementPresentKeyword.verifyElementPresent(VerifyElementPresentKeyword.groovy:92)
	at com.kms.katalon.core.webui.keyword.builtin.VerifyElementPresentKeyword.execute(VerifyElementPresentKeyword.groovy:68)
	at com.kms.katalon.core.keyword.internal.KeywordExecutor.executeKeywordForPlatform(KeywordExecutor.groovy:74)
	at com.kms.katalon.core.webui.keyword.WebUiBuiltInKeywords.verifyElementPresent(WebUiBuiltInKeywords.groovy:1464)
	at com.kms.katalon.core.webui.keyword.WebUiBuiltInKeywords$verifyElementPresent$6.call(Unknown Source)
	at PMHwaueiTopX.TopX(PMHwaueiTopX.groovy:1593)
	at PMHwaueiTopX.invokeMethod(PMHwaueiTopX.groovy)
	at com.kms.katalon.core.main.CustomKeywordDelegatingMetaClass.invokeStaticMethod(CustomKeywordDelegatingMetaClass.java:55)
	at TopX 2G Cell with LowX.run(TopX 2G Cell with LowX:29)
	at com.kms.katalon.core.main.ScriptEngine.run(ScriptEngine.java:194)
	at com.kms.katalon.core.main.ScriptEngine.runScriptAsRawText(ScriptEngine.java:119)
	at com.kms.katalon.core.main.TestCaseExecutor.runScript(TestCaseExecutor.java:448)
	at com.kms.katalon.core.main.TestCaseExecutor.doExecute(TestCaseExecutor.java:439)
	at com.kms.katalon.core.main.TestCaseExecutor.processExecutionPhase(TestCaseExecutor.java:418)
	at com.kms.katalon.core.main.TestCaseExecutor.accessMainPhase(TestCaseExecutor.java:410)
	at com.kms.katalon.core.main.TestCaseExecutor.execute(TestCaseExecutor.java:285)
	at com.kms.katalon.core.common.CommonExecutor.accessTestCaseMainPhase(CommonExecutor.java:65)
	at com.kms.katalon.core.main.TestSuiteExecutor.accessTestSuiteMainPhase(TestSuiteExecutor.java:148)
	at com.kms.katalon.core.main.TestSuiteExecutor.execute(TestSuiteExecutor.java:106)
	at com.kms.katalon.core.main.TestCaseMain.startTestSuite(TestCaseMain.java:187)
	at com.kms.katalon.core.main.TestCaseMain$startTestSuite$0.call(Unknown Source)
	at TempTestSuite1722769113368.run(TempTestSuite1722769113368.groovy:35)
)
[[ATTACHMENT|C:\\Users\\FatimaIbeid\\git\\NetCell\\Reports\\20240804_135833\\PM\\Hwauei\\TopX\\Regression TopX 2G\\20240804_135833\\1722770387757.png]]

2024-08-04 14:19:48 - [MESSAGE][FAILED] - Unable to verify object 'Object Repository/PM/Huawei-vendor/Chart' is present (Root cause: com.kms.katalon.core.exception.StepFailedException: Unable to verify object 'Object Repository/PM/Huawei-vendor/Chart' is present
	at com.kms.katalon.core.webui.keyword.internal.WebUIKeywordMain.stepFailed(WebUIKeywordMain.groovy:64)
	at com.kms.katalon.core.webui.keyword.internal.WebUIKeywordMain.runKeyword(WebUIKeywordMain.groovy:26)
	at com.kms.katalon.core.webui.keyword.builtin.VerifyElementPresentKeyword.verifyElementPresent(VerifyElementPresentKeyword.groovy:92)
	at com.kms.katalon.core.webui.keyword.builtin.VerifyElementPresentKeyword.execute(VerifyElementPresentKeyword.groovy:68)
	at com.kms.katalon.core.keyword.internal.KeywordExecutor.executeKeywordForPlatform(KeywordExecutor.groovy:74)
	at com.kms.katalon.core.webui.keyword.WebUiBuiltInKeywords.verifyElementPresent(WebUiBuiltInKeywords.groovy:1464)
	at com.kms.katalon.core.webui.keyword.WebUiBuiltInKeywords$verifyElementPresent$6.call(Unknown Source)
	at PMHwaueiTopX.TopX(PMHwaueiTopX.groovy:1593)
	at PMHwaueiTopX.invokeMethod(PMHwaueiTopX.groovy)
	at com.kms.katalon.core.main.CustomKeywordDelegatingMetaClass.invokeStaticMethod(CustomKeywordDelegatingMetaClass.java:55)
	at TopX 2G Cell with LowX.run(TopX 2G Cell with LowX:29)
	at com.kms.katalon.core.main.ScriptEngine.run(ScriptEngine.java:194)
	at com.kms.katalon.core.main.ScriptEngine.runScriptAsRawText(ScriptEngine.java:119)
	at com.kms.katalon.core.main.TestCaseExecutor.runScript(TestCaseExecutor.java:448)
	at com.kms.katalon.core.main.TestCaseExecutor.doExecute(TestCaseExecutor.java:439)
	at com.kms.katalon.core.main.TestCaseExecutor.processExecutionPhase(TestCaseExecutor.java:418)
	at com.kms.katalon.core.main.TestCaseExecutor.accessMainPhase(TestCaseExecutor.java:410)
	at com.kms.katalon.core.main.TestCaseExecutor.execute(TestCaseExecutor.java:285)
	at com.kms.katalon.core.common.CommonExecutor.accessTestCaseMainPhase(CommonExecutor.java:65)
	at com.kms.katalon.core.main.TestSuiteExecutor.accessTestSuiteMainPhase(TestSuiteExecutor.java:148)
	at com.kms.katalon.core.main.TestSuiteExecutor.execute(TestSuiteExecutor.java:106)
	at com.kms.katalon.core.main.TestCaseMain.startTestSuite(TestCaseMain.java:187)
	at com.kms.katalon.core.main.TestCaseMain$startTestSuite$0.call(Unknown Source)
	at TempTestSuite1722769113368.run(TempTestSuite1722769113368.groovy:35)
Caused by: com.kms.katalon.core.exception.StepFailedException: com.kms.katalon.core.webui.exception.WebElementNotFoundException: Web element with id: 'Object Repository/PM/Huawei-vendor/Chart' located by '//*[@id="chart-container"]/div/app-main-chart-component[1]/div/div[2]/div[2]/div/div/div[1]/canvas' not found
	at com.kms.katalon.core.webui.keyword.internal.WebUIKeywordMain.stepFailed(WebUIKeywordMain.groovy:64)
	at com.kms.katalon.core.webui.keyword.builtin.VerifyElementPresentKeyword$_verifyElementPresent_closure1.doCall(VerifyElementPresentKeyword.groovy:85)
	at com.kms.katalon.core.webui.keyword.builtin.VerifyElementPresentKeyword$_verifyElementPresent_closure1.call(VerifyElementPresentKeyword.groovy)
	at com.kms.katalon.core.webui.keyword.internal.WebUIKeywordMain.runKeyword(WebUIKeywordMain.groovy:20)
	... 22 more
)
[[ATTACHMENT|C:\\Users\\FatimaIbeid\\git\\NetCell\\Reports\\20240804_135833\\PM\\Hwauei\\TopX\\Regression TopX 2G\\20240804_135833\\1722770387886.png]]

2024-08-04 14:19:48 - [MESSAGE][FAILED] - Unable to verify object 'Object Repository/PM/Huawei-vendor/Chart' is present]]></system-out>
         <system-err><![CDATA[2024-08-04 14:16:54 - [TEST_CASE][FAILED] - Test Cases/PM/Hwauei/TopX/2G TopX/XCells/TopX 2G Cell with LowX: Test Cases/PM/Hwauei/TopX/2G TopX/XCells/TopX 2G Cell with LowX FAILED.
Reason:
com.kms.katalon.core.exception.StepFailedException: Unable to verify object 'Object Repository/PM/Huawei-vendor/Chart' is present
	at com.kms.katalon.core.webui.keyword.internal.WebUIKeywordMain.stepFailed(WebUIKeywordMain.groovy:64)
	at com.kms.katalon.core.webui.keyword.internal.WebUIKeywordMain.runKeyword(WebUIKeywordMain.groovy:26)
	at com.kms.katalon.core.webui.keyword.builtin.VerifyElementPresentKeyword.verifyElementPresent(VerifyElementPresentKeyword.groovy:92)
	at com.kms.katalon.core.webui.keyword.builtin.VerifyElementPresentKeyword.execute(VerifyElementPresentKeyword.groovy:68)
	at com.kms.katalon.core.keyword.internal.KeywordExecutor.executeKeywordForPlatform(KeywordExecutor.groovy:74)
	at com.kms.katalon.core.webui.keyword.WebUiBuiltInKeywords.verifyElementPresent(WebUiBuiltInKeywords.groovy:1464)
	at com.kms.katalon.core.webui.keyword.WebUiBuiltInKeywords$verifyElementPresent$6.call(Unknown Source)
	at PMHwaueiTopX.TopX(PMHwaueiTopX.groovy:1593)
	at PMHwaueiTopX.invokeMethod(PMHwaueiTopX.groovy)
	at com.kms.katalon.core.main.CustomKeywordDelegatingMetaClass.invokeStaticMethod(CustomKeywordDelegatingMetaClass.java:55)
	at TopX 2G Cell with LowX.run(TopX 2G Cell with LowX:29)
	at com.kms.katalon.core.main.ScriptEngine.run(ScriptEngine.java:194)
	at com.kms.katalon.core.main.ScriptEngine.runScriptAsRawText(ScriptEngine.java:119)
	at com.kms.katalon.core.main.TestCaseExecutor.runScript(TestCaseExecutor.java:448)
	at com.kms.katalon.core.main.TestCaseExecutor.doExecute(TestCaseExecutor.java:439)
	at com.kms.katalon.core.main.TestCaseExecutor.processExecutionPhase(TestCaseExecutor.java:418)
	at com.kms.katalon.core.main.TestCaseExecutor.accessMainPhase(TestCaseExecutor.java:410)
	at com.kms.katalon.core.main.TestCaseExecutor.execute(TestCaseExecutor.java:285)
	at com.kms.katalon.core.common.CommonExecutor.accessTestCaseMainPhase(CommonExecutor.java:65)
	at com.kms.katalon.core.main.TestSuiteExecutor.accessTestSuiteMainPhase(TestSuiteExecutor.java:148)
	at com.kms.katalon.core.main.TestSuiteExecutor.execute(TestSuiteExecutor.java:106)
	at com.kms.katalon.core.main.TestCaseMain.startTestSuite(TestCaseMain.java:187)
	at com.kms.katalon.core.main.TestCaseMain$startTestSuite$0.call(Unknown Source)
	at TempTestSuite1722769113368.run(TempTestSuite1722769113368.groovy:35)
Caused by: com.kms.katalon.core.exception.StepFailedException: com.kms.katalon.core.webui.exception.WebElementNotFoundException: Web element with id: 'Object Repository/PM/Huawei-vendor/Chart' located by '//*[@id="chart-container"]/div/app-main-chart-component[1]/div/div[2]/div[2]/div/div/div[1]/canvas' not found
	at com.kms.katalon.core.webui.keyword.internal.WebUIKeywordMain.stepFailed(WebUIKeywordMain.groovy:64)
	at com.kms.katalon.core.webui.keyword.builtin.VerifyElementPresentKeyword$_verifyElementPresent_closure1.doCall(VerifyElementPresentKeyword.groovy:85)
	at com.kms.katalon.core.webui.keyword.builtin.VerifyElementPresentKeyword$_verifyElementPresent_closure1.call(VerifyElementPresentKeyword.groovy)
	at com.kms.katalon.core.webui.keyword.internal.WebUIKeywordMain.runKeyword(WebUIKeywordMain.groovy:20)
	... 22 more]]></system-err>
      </testcase>
      <testcase name="Test Cases/PM/Hwauei/TopX/2G TopX/XCells/TopX 2G Cell Daily" time="167.752" classname="Test Cases/PM/Hwauei/TopX/2G TopX/XCells/TopX 2G Cell Daily" status="FAILED">
         <failure type="FAILED" message="Test Cases/PM/Hwauei/TopX/2G TopX/XCells/TopX 2G Cell Daily FAILED.
Reason:
com.kms.katalon.core.exception.StepFailedException: Unable to verify object 'Object Repository/PM/Huawei-vendor/Chart' is present
	at com.kms.katalon.core.webui.keyword.internal.WebUIKeywordMain.stepFailed(WebUIKeywordMain.groovy:64)
	at com.kms.katalon.core.webui.keyword.internal.WebUIKeywordMain.runKeyword(WebUIKeywordMain.groovy:26)
	at com.kms.katalon.core.webui.keyword.builtin.VerifyElementPresentKeyword.verifyElementPresent(VerifyElementPresentKeyword.groovy:92)
	at com.kms.katalon.core.webui.keyword.builtin.VerifyElementPresentKeyword.execute(VerifyElementPresentKeyword.groovy:68)
	at com.kms.katalon.core.keyword.internal.KeywordExecutor.executeKeywordForPlatform(KeywordExecutor.groovy:74)
	at com.kms.katalon.core.webui.keyword.WebUiBuiltInKeywords.verifyElementPresent(WebUiBuiltInKeywords.groovy:1464)
	at com.kms.katalon.core.webui.keyword.WebUiBuiltInKeywords$verifyElementPresent$6.call(Unknown Source)
	at PMHwaueiTopX.TopX(PMHwaueiTopX.groovy:1593)
	at PMHwaueiTopX.invokeMethod(PMHwaueiTopX.groovy)
	at com.kms.katalon.core.main.CustomKeywordDelegatingMetaClass.invokeStaticMethod(CustomKeywordDelegatingMetaClass.java:55)
	at TopX 2G Cell Daily.run(TopX 2G Cell Daily:29)
	at com.kms.katalon.core.main.ScriptEngine.run(ScriptEngine.java:194)
	at com.kms.katalon.core.main.ScriptEngine.runScriptAsRawText(ScriptEngine.java:119)
	at com.kms.katalon.core.main.TestCaseExecutor.runScript(TestCaseExecutor.java:448)
	at com.kms.katalon.core.main.TestCaseExecutor.doExecute(TestCaseExecutor.java:439)
	at com.kms.katalon.core.main.TestCaseExecutor.processExecutionPhase(TestCaseExecutor.java:418)
	at com.kms.katalon.core.main.TestCaseExecutor.accessMainPhase(TestCaseExecutor.java:410)
	at com.kms.katalon.core.main.TestCaseExecutor.execute(TestCaseExecutor.java:285)
	at com.kms.katalon.core.common.CommonExecutor.accessTestCaseMainPhase(CommonExecutor.java:65)
	at com.kms.katalon.core.main.TestSuiteExecutor.accessTestSuiteMainPhase(TestSuiteExecutor.java:148)
	at com.kms.katalon.core.main.TestSuiteExecutor.execute(TestSuiteExecutor.java:106)
	at com.kms.katalon.core.main.TestCaseMain.startTestSuite(TestCaseMain.java:187)
	at com.kms.katalon.core.main.TestCaseMain$startTestSuite$0.call(Unknown Source)
	at TempTestSuite1722769113368.run(TempTestSuite1722769113368.groovy:35)
Caused by: com.kms.katalon.core.exception.StepFailedException: com.kms.katalon.core.webui.exception.WebElementNotFoundException: Web element with id: 'Object Repository/PM/Huawei-vendor/Chart' located by '//*[@id=&quot;chart-container&quot;]/div/app-main-chart-component[1]/div/div[2]/div[2]/div/div/div[1]/canvas' not found
	at com.kms.katalon.core.webui.keyword.internal.WebUIKeywordMain.stepFailed(WebUIKeywordMain.groovy:64)
	at com.kms.katalon.core.webui.keyword.builtin.VerifyElementPresentKeyword$_verifyElementPresent_closure1.doCall(VerifyElementPresentKeyword.groovy:85)
	at com.kms.katalon.core.webui.keyword.builtin.VerifyElementPresentKeyword$_verifyElementPresent_closure1.call(VerifyElementPresentKeyword.groovy)
	at com.kms.katalon.core.webui.keyword.internal.WebUIKeywordMain.runKeyword(WebUIKeywordMain.groovy:20)
	... 22 more
"/>
         <system-out><![CDATA[2024-08-04 14:19:48 - [TEST_CASE][FAILED] - Test Cases/PM/Hwauei/TopX/2G TopX/XCells/TopX 2G Cell Daily: Test Cases/PM/Hwauei/TopX/2G TopX/XCells/TopX 2G Cell Daily FAILED.
Reason:
com.kms.katalon.core.exception.StepFailedException: Unable to verify object 'Object Repository/PM/Huawei-vendor/Chart' is present
	at com.kms.katalon.core.webui.keyword.internal.WebUIKeywordMain.stepFailed(WebUIKeywordMain.groovy:64)
	at com.kms.katalon.core.webui.keyword.internal.WebUIKeywordMain.runKeyword(WebUIKeywordMain.groovy:26)
	at com.kms.katalon.core.webui.keyword.builtin.VerifyElementPresentKeyword.verifyElementPresent(VerifyElementPresentKeyword.groovy:92)
	at com.kms.katalon.core.webui.keyword.builtin.VerifyElementPresentKeyword.execute(VerifyElementPresentKeyword.groovy:68)
	at com.kms.katalon.core.keyword.internal.KeywordExecutor.executeKeywordForPlatform(KeywordExecutor.groovy:74)
	at com.kms.katalon.core.webui.keyword.WebUiBuiltInKeywords.verifyElementPresent(WebUiBuiltInKeywords.groovy:1464)
	at com.kms.katalon.core.webui.keyword.WebUiBuiltInKeywords$verifyElementPresent$6.call(Unknown Source)
	at PMHwaueiTopX.TopX(PMHwaueiTopX.groovy:1593)
	at PMHwaueiTopX.invokeMethod(PMHwaueiTopX.groovy)
	at com.kms.katalon.core.main.CustomKeywordDelegatingMetaClass.invokeStaticMethod(CustomKeywordDelegatingMetaClass.java:55)
	at TopX 2G Cell Daily.run(TopX 2G Cell Daily:29)
	at com.kms.katalon.core.main.ScriptEngine.run(ScriptEngine.java:194)
	at com.kms.katalon.core.main.ScriptEngine.runScriptAsRawText(ScriptEngine.java:119)
	at com.kms.katalon.core.main.TestCaseExecutor.runScript(TestCaseExecutor.java:448)
	at com.kms.katalon.core.main.TestCaseExecutor.doExecute(TestCaseExecutor.java:439)
	at com.kms.katalon.core.main.TestCaseExecutor.processExecutionPhase(TestCaseExecutor.java:418)
	at com.kms.katalon.core.main.TestCaseExecutor.accessMainPhase(TestCaseExecutor.java:410)
	at com.kms.katalon.core.main.TestCaseExecutor.execute(TestCaseExecutor.java:285)
	at com.kms.katalon.core.common.CommonExecutor.accessTestCaseMainPhase(CommonExecutor.java:65)
	at com.kms.katalon.core.main.TestSuiteExecutor.accessTestSuiteMainPhase(TestSuiteExecutor.java:148)
	at com.kms.katalon.core.main.TestSuiteExecutor.execute(TestSuiteExecutor.java:106)
	at com.kms.katalon.core.main.TestCaseMain.startTestSuite(TestCaseMain.java:187)
	at com.kms.katalon.core.main.TestCaseMain$startTestSuite$0.call(Unknown Source)
	at TempTestSuite1722769113368.run(TempTestSuite1722769113368.groovy:35)
Caused by: com.kms.katalon.core.exception.StepFailedException: com.kms.katalon.core.webui.exception.WebElementNotFoundException: Web element with id: 'Object Repository/PM/Huawei-vendor/Chart' located by '//*[@id="chart-container"]/div/app-main-chart-component[1]/div/div[2]/div[2]/div/div/div[1]/canvas' not found
	at com.kms.katalon.core.webui.keyword.internal.WebUIKeywordMain.stepFailed(WebUIKeywordMain.groovy:64)
	at com.kms.katalon.core.webui.keyword.builtin.VerifyElementPresentKeyword$_verifyElementPresent_closure1.doCall(VerifyElementPresentKeyword.groovy:85)
	at com.kms.katalon.core.webui.keyword.builtin.VerifyElementPresentKeyword$_verifyElementPresent_closure1.call(VerifyElementPresentKeyword.groovy)
	at com.kms.katalon.core.webui.keyword.internal.WebUIKeywordMain.runKeyword(WebUIKeywordMain.groovy:20)
	... 22 more


2024-08-04 14:19:48 - [TEST_STEP][PASSED] - callTestCase(findTestCase("Login"), [:], STOP_ON_FAILURE): Call Test Case 'Test Cases/Login' successfully

2024-08-04 14:19:48 - [TEST_CASE][PASSED] - Test Cases/Login: Test Cases/Login

2024-08-04 14:19:48 - [TEST_STEP][PASSED] - driver = general.start(SwagerURL, NetCellURL): general.start is PASSED

2024-08-04 14:19:48 - [MESSAGE][INFO] - >>> chromeDriverPath=C:\Users\FatimaIbeid\.katalon\packages\Katalon_Studio_Windows_64-8.6.9\Katalon_Studio_Windows_64-8.6.9\configuration\resources\drivers\chromedriver_win32\chromedriver.exe

2024-08-04 14:19:49 - [MESSAGE][PASSED] - Current window maximized

2024-08-04 14:19:50 - [MESSAGE][PASSED] - Execute JavaScript 'window.open();' successfully

2024-08-04 14:19:50 - [MESSAGE][PASSED] - Switched to window with index: '1'

2024-08-04 14:20:04 - [MESSAGE][PASSED] - general.start is PASSED

2024-08-04 14:20:04 - [TEST_STEP][PASSED] - click(findTestObject("Object Repository/Login/LoginButton")): Object: 'Object Repository/Login/LoginButton' is clicked on

2024-08-04 14:20:04 - [MESSAGE][PASSED] - Object: 'Object Repository/Login/LoginButton' is clicked on

2024-08-04 14:20:04 - [TEST_STEP][PASSED] - switchToWindowIndex(2): Switched to window with index: '2'

2024-08-04 14:20:04 - [MESSAGE][PASSED] - Switched to window with index: '2'

2024-08-04 14:20:04 - [TEST_STEP][PASSED] - delay(1): Delayed 1 second(s)

2024-08-04 14:20:05 - [MESSAGE][PASSED] - Delayed 1 second(s)

2024-08-04 14:20:05 - [TEST_STEP][PASSED] - sendKeys(findTestObject("Object Repository/Login/EnterEmail"), "homam@zztjg.onmicrosoft.com"): Keys 'homam@zztjg.onmicrosoft.com' sent to object: 'Object Repository/Login/EnterEmail'

2024-08-04 14:20:06 - [MESSAGE][PASSED] - Keys 'homam@zztjg.onmicrosoft.com' sent to object: 'Object Repository/Login/EnterEmail'

2024-08-04 14:20:06 - [TEST_STEP][PASSED] - delay(1): Delayed 1 second(s)

2024-08-04 14:20:07 - [MESSAGE][PASSED] - Delayed 1 second(s)

2024-08-04 14:20:07 - [TEST_STEP][PASSED] - click(findTestObject("Object Repository/Login/NextButton")): Object: 'Object Repository/Login/NextButton' is clicked on

2024-08-04 14:20:08 - [MESSAGE][PASSED] - Object: 'Object Repository/Login/NextButton' is clicked on

2024-08-04 14:20:08 - [TEST_STEP][PASSED] - delay(2): Delayed 2 second(s)

2024-08-04 14:20:10 - [MESSAGE][PASSED] - Delayed 2 second(s)

2024-08-04 14:20:10 - [TEST_STEP][PASSED] - sendKeys(findTestObject("Object Repository/Login/EnterPassword"), "Holder12345"): Keys 'Holder12345' sent to object: 'Object Repository/Login/EnterPassword'

2024-08-04 14:20:10 - [MESSAGE][PASSED] - Keys 'Holder12345' sent to object: 'Object Repository/Login/EnterPassword'

2024-08-04 14:20:10 - [TEST_STEP][PASSED] - delay(1): Delayed 1 second(s)

2024-08-04 14:20:11 - [MESSAGE][PASSED] - Delayed 1 second(s)

2024-08-04 14:20:11 - [TEST_STEP][PASSED] - click(findTestObject("Object Repository/Login/SigninButton")): Object: 'Object Repository/Login/SigninButton' is clicked on

2024-08-04 14:20:11 - [MESSAGE][PASSED] - Object: 'Object Repository/Login/SigninButton' is clicked on

2024-08-04 14:20:11 - [TEST_STEP][PASSED] - delay(1): Delayed 1 second(s)

2024-08-04 14:20:12 - [MESSAGE][PASSED] - Delayed 1 second(s)

2024-08-04 14:20:12 - [TEST_STEP][PASSED] - click(findTestObject("Object Repository/Login/YesStayInButton")): Object: 'Object Repository/Login/YesStayInButton' is clicked on

2024-08-04 14:20:13 - [MESSAGE][PASSED] - Object: 'Object Repository/Login/YesStayInButton' is clicked on

2024-08-04 14:20:13 - [MESSAGE][PASSED] - Call Test Case 'Test Cases/Login' successfully

2024-08-04 14:20:13 - [TEST_STEP][PASSED] - switchToWindowIndex(1): Switched to window with index: '1'

2024-08-04 14:20:13 - [MESSAGE][PASSED] - Switched to window with index: '1'

2024-08-04 14:20:13 - [TEST_STEP][FAILED] - PMHwaueiTopX.TopX("2G", "Cell", false, "Daily", false, null): Unable to verify object 'Object Repository/PM/Huawei-vendor/Chart' is present

2024-08-04 14:20:13 - [MESSAGE][PASSED] - Object: 'Object Repository/PM/PM-Button' is clicked on

2024-08-04 14:20:13 - [MESSAGE][PASSED] - Switched to window with index: '2'

2024-08-04 14:20:14 - [MESSAGE][PASSED] - Object: 'Object Repository/PM/Huawei-vendor/Data-view/TopX' is clicked on

2024-08-04 14:20:15 - [MESSAGE][PASSED] - Object: 'Object Repository/PM/Huawei-vendor/Technology/Technology-Arrow' is clicked on

2024-08-04 14:20:15 - [MESSAGE][PASSED] - Object: 'Object Repository/PM/Huawei-vendor/Technology/2G' is clicked on

2024-08-04 14:20:15 - [MESSAGE][PASSED] - Object: 'Object Repository/PM/Huawei-vendor/TopX/TopX Object Type' is clicked on

2024-08-04 14:20:16 - [MESSAGE][PASSED] - Delayed 1 second(s)

2024-08-04 14:20:16 - [MESSAGE][PASSED] - Object: 'Object Repository/PM/Huawei-vendor/Object-Type/TopX Object Types/TopX Cells/TopX Cell' is clicked on

2024-08-04 14:20:17 - [MESSAGE][PASSED] - Delayed 1 second(s)

2024-08-04 14:20:17 - [MESSAGE][WARNING] - Timeout '0' is invalid. Using default page load timeout: '120'

2024-08-04 14:20:17 - [MESSAGE][PASSED] - Scroll to object 'Object Repository/PM/Huawei-vendor/Object Border' successfully

2024-08-04 14:20:17 - [MESSAGE][PASSED] - Object: 'Object Repository/PM/Huawei-vendor/Object-Type/TopX Object Types/TopX Sites/TopX East Amman Arrow' is clicked on

2024-08-04 14:20:19 - [MESSAGE][PASSED] - Object: 'Object Repository/PM/Huawei-vendor/Object-Type/TopX Object Types/TopX Cells/TopX East Amman Site1 Arrow' is clicked on

2024-08-04 14:20:20 - [MESSAGE][PASSED] - Delayed 1 second(s)

2024-08-04 14:20:20 - [MESSAGE][PASSED] - Object: 'Object Repository/PM/Huawei-vendor/Object-Type/TopX Object Types/TopX Cells/TopX East Amman Site1 Cell1' is clicked on

2024-08-04 14:20:20 - [MESSAGE][PASSED] - Object: 'Object Repository/PM/Huawei-vendor/Object-Type/TopX Object Types/TopX Sites/TopX East Amman CloseArrow' is clicked on

2024-08-04 14:20:20 - [MESSAGE][PASSED] - Object: 'Object Repository/PM/Huawei-vendor/Object-Type/TopX Object Types/TopX Sites/TopX West Amman Arrow' is clicked on

2024-08-04 14:20:22 - [MESSAGE][PASSED] - Object: 'Object Repository/PM/Huawei-vendor/Object-Type/TopX Object Types/TopX Cells/TopX West Amman Site1 Arrow' is clicked on

2024-08-04 14:20:22 - [MESSAGE][PASSED] - Object: 'Object Repository/PM/Huawei-vendor/Object-Type/TopX Object Types/TopX Cells/TopX West Amman Site1 Cell1' is clicked on

2024-08-04 14:20:22 - [MESSAGE][PASSED] - Object: 'Object Repository/PM/Huawei-vendor/Object-Type/TopX Object Types/TopX Sites/TopX West Amman CloseArrow' is clicked on

2024-08-04 14:20:22 - [MESSAGE][PASSED] - Object: 'Object Repository/PM/Huawei-vendor/Object-Type/TopX Object Types/TopX Sites/TopX North Jordan Arrow' is clicked on

2024-08-04 14:20:24 - [MESSAGE][PASSED] - Object: 'Object Repository/PM/Huawei-vendor/Object-Type/TopX Object Types/TopX Cells/TopX North Jordan Site1 Arrow' is clicked on

2024-08-04 14:20:25 - [MESSAGE][PASSED] - Object: 'Object Repository/PM/Huawei-vendor/Object-Type/TopX Object Types/TopX Cells/TopX North Jordan Site1 Cell1' is clicked on

2024-08-04 14:20:25 - [MESSAGE][PASSED] - Object: 'Object Repository/PM/Huawei-vendor/Object-Type/TopX Object Types/TopX Sites/TopX North Jordan CloseArrow' is clicked on

2024-08-04 14:20:25 - [MESSAGE][PASSED] - Object: 'Object Repository/PM/Huawei-vendor/Object-Type/TopX Object Types/TopX Sites/TopX South Jordan Arrow' is clicked on

2024-08-04 14:20:26 - [MESSAGE][PASSED] - Object: 'Object Repository/PM/Huawei-vendor/Object-Type/TopX Object Types/TopX Cells/TopX South Jordan Site1 Arrow' is clicked on

2024-08-04 14:20:27 - [MESSAGE][PASSED] - Object: 'Object Repository/PM/Huawei-vendor/Object-Type/TopX Object Types/TopX Cells/TopX South Jordan Site1 Cell1' is clicked on

2024-08-04 14:20:27 - [MESSAGE][PASSED] - Object: 'Object Repository/PM/Huawei-vendor/Object-Type/TopX Object Types/TopX Sites/TopX South Jordan CloseArrow' is clicked on

2024-08-04 14:20:27 - [MESSAGE][WARNING] - Timeout '0' is invalid. Using default page load timeout: '120'

2024-08-04 14:20:27 - [MESSAGE][PASSED] - Scroll to object 'Object Repository/PM/Huawei-vendor/LowXlabel' successfully

2024-08-04 14:20:28 - [MESSAGE][PASSED] - Object: 'Object Repository/PM/Huawei-vendor/Resolution Temp/Select Resolution temp' is clicked on

2024-08-04 14:20:28 - [MESSAGE][PASSED] - Object: 'Object Repository/PM/Huawei-vendor/Resolution Temp/Resolution Temp Daily' is clicked on

2024-08-04 14:20:28 - [MESSAGE][PASSED] - Object: 'Object Repository/PM/Huawei-vendor/TopX/TopXDate/BeforeDate' is clicked on

2024-08-04 14:20:29 - [MESSAGE][PASSED] - Delayed 1 second(s)

2024-08-04 14:20:29 - [MESSAGE][PASSED] - Object: 'Object Repository/PM/Huawei-vendor/TopX/TopXDate/Choose Month' is clicked on

2024-08-04 14:20:30 - [MESSAGE][PASSED] - Delayed 1 second(s)

2024-08-04 14:20:30 - [MESSAGE][PASSED] - Object: 'Object Repository/PM/Huawei-vendor/TopX/TopXDate/Feb' is clicked on

2024-08-04 14:20:30 - [MESSAGE][PASSED] - Object: 'Object Repository/PM/Huawei-vendor/TopX/TopXDate/Day 1' is clicked on

2024-08-04 14:20:31 - [MESSAGE][PASSED] - Object: 'Object Repository/PM/Huawei-vendor/TopX/TopXDate/Button OK' is clicked on

2024-08-04 14:20:31 - [MESSAGE][PASSED] - Object: 'Object Repository/PM/Huawei-vendor/TopX/TopXDate/After Date' is clicked on

2024-08-04 14:20:32 - [MESSAGE][PASSED] - Delayed 1 second(s)

2024-08-04 14:20:32 - [MESSAGE][PASSED] - Object: 'Object Repository/PM/Huawei-vendor/TopX/TopXDate/Choose Month' is clicked on

2024-08-04 14:20:33 - [MESSAGE][PASSED] - Delayed 1 second(s)

2024-08-04 14:20:33 - [MESSAGE][PASSED] - Object: 'Object Repository/PM/Huawei-vendor/TopX/TopXDate/Feb' is clicked on

2024-08-04 14:20:33 - [MESSAGE][PASSED] - Object: 'Object Repository/PM/Huawei-vendor/TopX/TopXDate/Day 7' is clicked on

2024-08-04 14:20:34 - [MESSAGE][PASSED] - Object: 'Object Repository/PM/Huawei-vendor/TopX/TopXDate/Button OK' is clicked on

2024-08-04 14:20:34 - [MESSAGE][PASSED] - Object: 'Object Repository/PM/Huawei-vendor/Apply-Button' is clicked on

2024-08-04 14:20:34 - [MESSAGE][WARNING] - Timeout '0' is invalid. Using default page load timeout: '120'

2024-08-04 14:20:34 - [MESSAGE][PASSED] - Web element with id: 'Object Repository/PM/Huawei-vendor/Error' located by 'By.xpath: //div[@class='toast-summary title-medium-m']' is not present after '120' second(s)

2024-08-04 14:20:34 - [MESSAGE][WARNING] - Timeout '0' is invalid. Using default page load timeout: '120'

2024-08-04 14:22:35 - [MESSAGE][INFO] - Unable to find the element located by 'By.xpath: //*[@id="chart-container"]/div/app-main-chart-component[1]/div/div[2]/div[2]/div/div/div[1]/canvas'. Please recheck the objects properties to make sure the desired element is located. 

2024-08-04 14:22:35 - [MESSAGE][FAILED] - com.kms.katalon.core.webui.exception.WebElementNotFoundException: Web element with id: 'Object Repository/PM/Huawei-vendor/Chart' located by '//*[@id="chart-container"]/div/app-main-chart-component[1]/div/div[2]/div[2]/div/div/div[1]/canvas' not found (Root cause: com.kms.katalon.core.exception.StepFailedException: com.kms.katalon.core.webui.exception.WebElementNotFoundException: Web element with id: 'Object Repository/PM/Huawei-vendor/Chart' located by '//*[@id="chart-container"]/div/app-main-chart-component[1]/div/div[2]/div[2]/div/div/div[1]/canvas' not found
	at com.kms.katalon.core.webui.keyword.internal.WebUIKeywordMain.stepFailed(WebUIKeywordMain.groovy:64)
	at com.kms.katalon.core.webui.keyword.builtin.VerifyElementPresentKeyword$_verifyElementPresent_closure1.doCall(VerifyElementPresentKeyword.groovy:85)
	at com.kms.katalon.core.webui.keyword.builtin.VerifyElementPresentKeyword$_verifyElementPresent_closure1.call(VerifyElementPresentKeyword.groovy)
	at com.kms.katalon.core.webui.keyword.internal.WebUIKeywordMain.runKeyword(WebUIKeywordMain.groovy:20)
	at com.kms.katalon.core.webui.keyword.builtin.VerifyElementPresentKeyword.verifyElementPresent(VerifyElementPresentKeyword.groovy:92)
	at com.kms.katalon.core.webui.keyword.builtin.VerifyElementPresentKeyword.execute(VerifyElementPresentKeyword.groovy:68)
	at com.kms.katalon.core.keyword.internal.KeywordExecutor.executeKeywordForPlatform(KeywordExecutor.groovy:74)
	at com.kms.katalon.core.webui.keyword.WebUiBuiltInKeywords.verifyElementPresent(WebUiBuiltInKeywords.groovy:1464)
	at com.kms.katalon.core.webui.keyword.WebUiBuiltInKeywords$verifyElementPresent$6.call(Unknown Source)
	at PMHwaueiTopX.TopX(PMHwaueiTopX.groovy:1593)
	at PMHwaueiTopX.invokeMethod(PMHwaueiTopX.groovy)
	at com.kms.katalon.core.main.CustomKeywordDelegatingMetaClass.invokeStaticMethod(CustomKeywordDelegatingMetaClass.java:55)
	at TopX 2G Cell Daily.run(TopX 2G Cell Daily:29)
	at com.kms.katalon.core.main.ScriptEngine.run(ScriptEngine.java:194)
	at com.kms.katalon.core.main.ScriptEngine.runScriptAsRawText(ScriptEngine.java:119)
	at com.kms.katalon.core.main.TestCaseExecutor.runScript(TestCaseExecutor.java:448)
	at com.kms.katalon.core.main.TestCaseExecutor.doExecute(TestCaseExecutor.java:439)
	at com.kms.katalon.core.main.TestCaseExecutor.processExecutionPhase(TestCaseExecutor.java:418)
	at com.kms.katalon.core.main.TestCaseExecutor.accessMainPhase(TestCaseExecutor.java:410)
	at com.kms.katalon.core.main.TestCaseExecutor.execute(TestCaseExecutor.java:285)
	at com.kms.katalon.core.common.CommonExecutor.accessTestCaseMainPhase(CommonExecutor.java:65)
	at com.kms.katalon.core.main.TestSuiteExecutor.accessTestSuiteMainPhase(TestSuiteExecutor.java:148)
	at com.kms.katalon.core.main.TestSuiteExecutor.execute(TestSuiteExecutor.java:106)
	at com.kms.katalon.core.main.TestCaseMain.startTestSuite(TestCaseMain.java:187)
	at com.kms.katalon.core.main.TestCaseMain$startTestSuite$0.call(Unknown Source)
	at TempTestSuite1722769113368.run(TempTestSuite1722769113368.groovy:35)
)
[[ATTACHMENT|C:\\Users\\FatimaIbeid\\git\\NetCell\\Reports\\20240804_135833\\PM\\Hwauei\\TopX\\Regression TopX 2G\\20240804_135833\\1722770555513.png]]

2024-08-04 14:22:35 - [MESSAGE][FAILED] - Unable to verify object 'Object Repository/PM/Huawei-vendor/Chart' is present (Root cause: com.kms.katalon.core.exception.StepFailedException: Unable to verify object 'Object Repository/PM/Huawei-vendor/Chart' is present
	at com.kms.katalon.core.webui.keyword.internal.WebUIKeywordMain.stepFailed(WebUIKeywordMain.groovy:64)
	at com.kms.katalon.core.webui.keyword.internal.WebUIKeywordMain.runKeyword(WebUIKeywordMain.groovy:26)
	at com.kms.katalon.core.webui.keyword.builtin.VerifyElementPresentKeyword.verifyElementPresent(VerifyElementPresentKeyword.groovy:92)
	at com.kms.katalon.core.webui.keyword.builtin.VerifyElementPresentKeyword.execute(VerifyElementPresentKeyword.groovy:68)
	at com.kms.katalon.core.keyword.internal.KeywordExecutor.executeKeywordForPlatform(KeywordExecutor.groovy:74)
	at com.kms.katalon.core.webui.keyword.WebUiBuiltInKeywords.verifyElementPresent(WebUiBuiltInKeywords.groovy:1464)
	at com.kms.katalon.core.webui.keyword.WebUiBuiltInKeywords$verifyElementPresent$6.call(Unknown Source)
	at PMHwaueiTopX.TopX(PMHwaueiTopX.groovy:1593)
	at PMHwaueiTopX.invokeMethod(PMHwaueiTopX.groovy)
	at com.kms.katalon.core.main.CustomKeywordDelegatingMetaClass.invokeStaticMethod(CustomKeywordDelegatingMetaClass.java:55)
	at TopX 2G Cell Daily.run(TopX 2G Cell Daily:29)
	at com.kms.katalon.core.main.ScriptEngine.run(ScriptEngine.java:194)
	at com.kms.katalon.core.main.ScriptEngine.runScriptAsRawText(ScriptEngine.java:119)
	at com.kms.katalon.core.main.TestCaseExecutor.runScript(TestCaseExecutor.java:448)
	at com.kms.katalon.core.main.TestCaseExecutor.doExecute(TestCaseExecutor.java:439)
	at com.kms.katalon.core.main.TestCaseExecutor.processExecutionPhase(TestCaseExecutor.java:418)
	at com.kms.katalon.core.main.TestCaseExecutor.accessMainPhase(TestCaseExecutor.java:410)
	at com.kms.katalon.core.main.TestCaseExecutor.execute(TestCaseExecutor.java:285)
	at com.kms.katalon.core.common.CommonExecutor.accessTestCaseMainPhase(CommonExecutor.java:65)
	at com.kms.katalon.core.main.TestSuiteExecutor.accessTestSuiteMainPhase(TestSuiteExecutor.java:148)
	at com.kms.katalon.core.main.TestSuiteExecutor.execute(TestSuiteExecutor.java:106)
	at com.kms.katalon.core.main.TestCaseMain.startTestSuite(TestCaseMain.java:187)
	at com.kms.katalon.core.main.TestCaseMain$startTestSuite$0.call(Unknown Source)
	at TempTestSuite1722769113368.run(TempTestSuite1722769113368.groovy:35)
Caused by: com.kms.katalon.core.exception.StepFailedException: com.kms.katalon.core.webui.exception.WebElementNotFoundException: Web element with id: 'Object Repository/PM/Huawei-vendor/Chart' located by '//*[@id="chart-container"]/div/app-main-chart-component[1]/div/div[2]/div[2]/div/div/div[1]/canvas' not found
	at com.kms.katalon.core.webui.keyword.internal.WebUIKeywordMain.stepFailed(WebUIKeywordMain.groovy:64)
	at com.kms.katalon.core.webui.keyword.builtin.VerifyElementPresentKeyword$_verifyElementPresent_closure1.doCall(VerifyElementPresentKeyword.groovy:85)
	at com.kms.katalon.core.webui.keyword.builtin.VerifyElementPresentKeyword$_verifyElementPresent_closure1.call(VerifyElementPresentKeyword.groovy)
	at com.kms.katalon.core.webui.keyword.internal.WebUIKeywordMain.runKeyword(WebUIKeywordMain.groovy:20)
	... 22 more
)
[[ATTACHMENT|C:\\Users\\FatimaIbeid\\git\\NetCell\\Reports\\20240804_135833\\PM\\Hwauei\\TopX\\Regression TopX 2G\\20240804_135833\\1722770555654.png]]

2024-08-04 14:22:35 - [MESSAGE][FAILED] - Unable to verify object 'Object Repository/PM/Huawei-vendor/Chart' is present]]></system-out>
         <system-err><![CDATA[2024-08-04 14:19:48 - [TEST_CASE][FAILED] - Test Cases/PM/Hwauei/TopX/2G TopX/XCells/TopX 2G Cell Daily: Test Cases/PM/Hwauei/TopX/2G TopX/XCells/TopX 2G Cell Daily FAILED.
Reason:
com.kms.katalon.core.exception.StepFailedException: Unable to verify object 'Object Repository/PM/Huawei-vendor/Chart' is present
	at com.kms.katalon.core.webui.keyword.internal.WebUIKeywordMain.stepFailed(WebUIKeywordMain.groovy:64)
	at com.kms.katalon.core.webui.keyword.internal.WebUIKeywordMain.runKeyword(WebUIKeywordMain.groovy:26)
	at com.kms.katalon.core.webui.keyword.builtin.VerifyElementPresentKeyword.verifyElementPresent(VerifyElementPresentKeyword.groovy:92)
	at com.kms.katalon.core.webui.keyword.builtin.VerifyElementPresentKeyword.execute(VerifyElementPresentKeyword.groovy:68)
	at com.kms.katalon.core.keyword.internal.KeywordExecutor.executeKeywordForPlatform(KeywordExecutor.groovy:74)
	at com.kms.katalon.core.webui.keyword.WebUiBuiltInKeywords.verifyElementPresent(WebUiBuiltInKeywords.groovy:1464)
	at com.kms.katalon.core.webui.keyword.WebUiBuiltInKeywords$verifyElementPresent$6.call(Unknown Source)
	at PMHwaueiTopX.TopX(PMHwaueiTopX.groovy:1593)
	at PMHwaueiTopX.invokeMethod(PMHwaueiTopX.groovy)
	at com.kms.katalon.core.main.CustomKeywordDelegatingMetaClass.invokeStaticMethod(CustomKeywordDelegatingMetaClass.java:55)
	at TopX 2G Cell Daily.run(TopX 2G Cell Daily:29)
	at com.kms.katalon.core.main.ScriptEngine.run(ScriptEngine.java:194)
	at com.kms.katalon.core.main.ScriptEngine.runScriptAsRawText(ScriptEngine.java:119)
	at com.kms.katalon.core.main.TestCaseExecutor.runScript(TestCaseExecutor.java:448)
	at com.kms.katalon.core.main.TestCaseExecutor.doExecute(TestCaseExecutor.java:439)
	at com.kms.katalon.core.main.TestCaseExecutor.processExecutionPhase(TestCaseExecutor.java:418)
	at com.kms.katalon.core.main.TestCaseExecutor.accessMainPhase(TestCaseExecutor.java:410)
	at com.kms.katalon.core.main.TestCaseExecutor.execute(TestCaseExecutor.java:285)
	at com.kms.katalon.core.common.CommonExecutor.accessTestCaseMainPhase(CommonExecutor.java:65)
	at com.kms.katalon.core.main.TestSuiteExecutor.accessTestSuiteMainPhase(TestSuiteExecutor.java:148)
	at com.kms.katalon.core.main.TestSuiteExecutor.execute(TestSuiteExecutor.java:106)
	at com.kms.katalon.core.main.TestCaseMain.startTestSuite(TestCaseMain.java:187)
	at com.kms.katalon.core.main.TestCaseMain$startTestSuite$0.call(Unknown Source)
	at TempTestSuite1722769113368.run(TempTestSuite1722769113368.groovy:35)
Caused by: com.kms.katalon.core.exception.StepFailedException: com.kms.katalon.core.webui.exception.WebElementNotFoundException: Web element with id: 'Object Repository/PM/Huawei-vendor/Chart' located by '//*[@id="chart-container"]/div/app-main-chart-component[1]/div/div[2]/div[2]/div/div/div[1]/canvas' not found
	at com.kms.katalon.core.webui.keyword.internal.WebUIKeywordMain.stepFailed(WebUIKeywordMain.groovy:64)
	at com.kms.katalon.core.webui.keyword.builtin.VerifyElementPresentKeyword$_verifyElementPresent_closure1.doCall(VerifyElementPresentKeyword.groovy:85)
	at com.kms.katalon.core.webui.keyword.builtin.VerifyElementPresentKeyword$_verifyElementPresent_closure1.call(VerifyElementPresentKeyword.groovy)
	at com.kms.katalon.core.webui.keyword.internal.WebUIKeywordMain.runKeyword(WebUIKeywordMain.groovy:20)
	... 22 more]]></system-err>
      </testcase>
      <testcase name="Test Cases/PM/Hwauei/TopX/2G TopX/XCells/TopX 2G Cell DailyBH" time="177.488" classname="Test Cases/PM/Hwauei/TopX/2G TopX/XCells/TopX 2G Cell DailyBH" status="FAILED">
         <failure type="FAILED" message="Test Cases/PM/Hwauei/TopX/2G TopX/XCells/TopX 2G Cell DailyBH FAILED.
Reason:
com.kms.katalon.core.exception.StepFailedException: Unable to verify object 'Object Repository/PM/Huawei-vendor/Chart' is present
	at com.kms.katalon.core.webui.keyword.internal.WebUIKeywordMain.stepFailed(WebUIKeywordMain.groovy:64)
	at com.kms.katalon.core.webui.keyword.internal.WebUIKeywordMain.runKeyword(WebUIKeywordMain.groovy:26)
	at com.kms.katalon.core.webui.keyword.builtin.VerifyElementPresentKeyword.verifyElementPresent(VerifyElementPresentKeyword.groovy:92)
	at com.kms.katalon.core.webui.keyword.builtin.VerifyElementPresentKeyword.execute(VerifyElementPresentKeyword.groovy:68)
	at com.kms.katalon.core.keyword.internal.KeywordExecutor.executeKeywordForPlatform(KeywordExecutor.groovy:74)
	at com.kms.katalon.core.webui.keyword.WebUiBuiltInKeywords.verifyElementPresent(WebUiBuiltInKeywords.groovy:1464)
	at com.kms.katalon.core.webui.keyword.WebUiBuiltInKeywords$verifyElementPresent$6.call(Unknown Source)
	at PMHwaueiTopX.TopX(PMHwaueiTopX.groovy:1593)
	at PMHwaueiTopX.invokeMethod(PMHwaueiTopX.groovy)
	at com.kms.katalon.core.main.CustomKeywordDelegatingMetaClass.invokeStaticMethod(CustomKeywordDelegatingMetaClass.java:55)
	at TopX 2G Cell DailyBH.run(TopX 2G Cell DailyBH:29)
	at com.kms.katalon.core.main.ScriptEngine.run(ScriptEngine.java:194)
	at com.kms.katalon.core.main.ScriptEngine.runScriptAsRawText(ScriptEngine.java:119)
	at com.kms.katalon.core.main.TestCaseExecutor.runScript(TestCaseExecutor.java:448)
	at com.kms.katalon.core.main.TestCaseExecutor.doExecute(TestCaseExecutor.java:439)
	at com.kms.katalon.core.main.TestCaseExecutor.processExecutionPhase(TestCaseExecutor.java:418)
	at com.kms.katalon.core.main.TestCaseExecutor.accessMainPhase(TestCaseExecutor.java:410)
	at com.kms.katalon.core.main.TestCaseExecutor.execute(TestCaseExecutor.java:285)
	at com.kms.katalon.core.common.CommonExecutor.accessTestCaseMainPhase(CommonExecutor.java:65)
	at com.kms.katalon.core.main.TestSuiteExecutor.accessTestSuiteMainPhase(TestSuiteExecutor.java:148)
	at com.kms.katalon.core.main.TestSuiteExecutor.execute(TestSuiteExecutor.java:106)
	at com.kms.katalon.core.main.TestCaseMain.startTestSuite(TestCaseMain.java:187)
	at com.kms.katalon.core.main.TestCaseMain$startTestSuite$0.call(Unknown Source)
	at TempTestSuite1722769113368.run(TempTestSuite1722769113368.groovy:35)
Caused by: com.kms.katalon.core.exception.StepFailedException: com.kms.katalon.core.webui.exception.WebElementNotFoundException: Web element with id: 'Object Repository/PM/Huawei-vendor/Chart' located by '//*[@id=&quot;chart-container&quot;]/div/app-main-chart-component[1]/div/div[2]/div[2]/div/div/div[1]/canvas' not found
	at com.kms.katalon.core.webui.keyword.internal.WebUIKeywordMain.stepFailed(WebUIKeywordMain.groovy:64)
	at com.kms.katalon.core.webui.keyword.builtin.VerifyElementPresentKeyword$_verifyElementPresent_closure1.doCall(VerifyElementPresentKeyword.groovy:85)
	at com.kms.katalon.core.webui.keyword.builtin.VerifyElementPresentKeyword$_verifyElementPresent_closure1.call(VerifyElementPresentKeyword.groovy)
	at com.kms.katalon.core.webui.keyword.internal.WebUIKeywordMain.runKeyword(WebUIKeywordMain.groovy:20)
	... 22 more
"/>
         <system-out><![CDATA[2024-08-04 14:22:35 - [TEST_CASE][FAILED] - Test Cases/PM/Hwauei/TopX/2G TopX/XCells/TopX 2G Cell DailyBH: Test Cases/PM/Hwauei/TopX/2G TopX/XCells/TopX 2G Cell DailyBH FAILED.
Reason:
com.kms.katalon.core.exception.StepFailedException: Unable to verify object 'Object Repository/PM/Huawei-vendor/Chart' is present
	at com.kms.katalon.core.webui.keyword.internal.WebUIKeywordMain.stepFailed(WebUIKeywordMain.groovy:64)
	at com.kms.katalon.core.webui.keyword.internal.WebUIKeywordMain.runKeyword(WebUIKeywordMain.groovy:26)
	at com.kms.katalon.core.webui.keyword.builtin.VerifyElementPresentKeyword.verifyElementPresent(VerifyElementPresentKeyword.groovy:92)
	at com.kms.katalon.core.webui.keyword.builtin.VerifyElementPresentKeyword.execute(VerifyElementPresentKeyword.groovy:68)
	at com.kms.katalon.core.keyword.internal.KeywordExecutor.executeKeywordForPlatform(KeywordExecutor.groovy:74)
	at com.kms.katalon.core.webui.keyword.WebUiBuiltInKeywords.verifyElementPresent(WebUiBuiltInKeywords.groovy:1464)
	at com.kms.katalon.core.webui.keyword.WebUiBuiltInKeywords$verifyElementPresent$6.call(Unknown Source)
	at PMHwaueiTopX.TopX(PMHwaueiTopX.groovy:1593)
	at PMHwaueiTopX.invokeMethod(PMHwaueiTopX.groovy)
	at com.kms.katalon.core.main.CustomKeywordDelegatingMetaClass.invokeStaticMethod(CustomKeywordDelegatingMetaClass.java:55)
	at TopX 2G Cell DailyBH.run(TopX 2G Cell DailyBH:29)
	at com.kms.katalon.core.main.ScriptEngine.run(ScriptEngine.java:194)
	at com.kms.katalon.core.main.ScriptEngine.runScriptAsRawText(ScriptEngine.java:119)
	at com.kms.katalon.core.main.TestCaseExecutor.runScript(TestCaseExecutor.java:448)
	at com.kms.katalon.core.main.TestCaseExecutor.doExecute(TestCaseExecutor.java:439)
	at com.kms.katalon.core.main.TestCaseExecutor.processExecutionPhase(TestCaseExecutor.java:418)
	at com.kms.katalon.core.main.TestCaseExecutor.accessMainPhase(TestCaseExecutor.java:410)
	at com.kms.katalon.core.main.TestCaseExecutor.execute(TestCaseExecutor.java:285)
	at com.kms.katalon.core.common.CommonExecutor.accessTestCaseMainPhase(CommonExecutor.java:65)
	at com.kms.katalon.core.main.TestSuiteExecutor.accessTestSuiteMainPhase(TestSuiteExecutor.java:148)
	at com.kms.katalon.core.main.TestSuiteExecutor.execute(TestSuiteExecutor.java:106)
	at com.kms.katalon.core.main.TestCaseMain.startTestSuite(TestCaseMain.java:187)
	at com.kms.katalon.core.main.TestCaseMain$startTestSuite$0.call(Unknown Source)
	at TempTestSuite1722769113368.run(TempTestSuite1722769113368.groovy:35)
Caused by: com.kms.katalon.core.exception.StepFailedException: com.kms.katalon.core.webui.exception.WebElementNotFoundException: Web element with id: 'Object Repository/PM/Huawei-vendor/Chart' located by '//*[@id="chart-container"]/div/app-main-chart-component[1]/div/div[2]/div[2]/div/div/div[1]/canvas' not found
	at com.kms.katalon.core.webui.keyword.internal.WebUIKeywordMain.stepFailed(WebUIKeywordMain.groovy:64)
	at com.kms.katalon.core.webui.keyword.builtin.VerifyElementPresentKeyword$_verifyElementPresent_closure1.doCall(VerifyElementPresentKeyword.groovy:85)
	at com.kms.katalon.core.webui.keyword.builtin.VerifyElementPresentKeyword$_verifyElementPresent_closure1.call(VerifyElementPresentKeyword.groovy)
	at com.kms.katalon.core.webui.keyword.internal.WebUIKeywordMain.runKeyword(WebUIKeywordMain.groovy:20)
	... 22 more


2024-08-04 14:22:36 - [TEST_STEP][PASSED] - callTestCase(findTestCase("Login"), [:], STOP_ON_FAILURE): Call Test Case 'Test Cases/Login' successfully

2024-08-04 14:22:36 - [TEST_CASE][PASSED] - Test Cases/Login: Test Cases/Login

2024-08-04 14:22:36 - [TEST_STEP][PASSED] - driver = general.start(SwagerURL, NetCellURL): general.start is PASSED

2024-08-04 14:22:36 - [MESSAGE][INFO] - >>> chromeDriverPath=C:\Users\FatimaIbeid\.katalon\packages\Katalon_Studio_Windows_64-8.6.9\Katalon_Studio_Windows_64-8.6.9\configuration\resources\drivers\chromedriver_win32\chromedriver.exe

2024-08-04 14:22:37 - [MESSAGE][PASSED] - Current window maximized

2024-08-04 14:22:37 - [MESSAGE][PASSED] - Execute JavaScript 'window.open();' successfully

2024-08-04 14:22:37 - [MESSAGE][PASSED] - Switched to window with index: '1'

2024-08-04 14:22:49 - [MESSAGE][PASSED] - general.start is PASSED

2024-08-04 14:22:49 - [TEST_STEP][PASSED] - click(findTestObject("Object Repository/Login/LoginButton")): Object: 'Object Repository/Login/LoginButton' is clicked on

2024-08-04 14:22:49 - [MESSAGE][PASSED] - Object: 'Object Repository/Login/LoginButton' is clicked on

2024-08-04 14:22:49 - [TEST_STEP][PASSED] - switchToWindowIndex(2): Switched to window with index: '2'

2024-08-04 14:22:50 - [MESSAGE][PASSED] - Switched to window with index: '2'

2024-08-04 14:22:50 - [TEST_STEP][PASSED] - delay(1): Delayed 1 second(s)

2024-08-04 14:22:51 - [MESSAGE][PASSED] - Delayed 1 second(s)

2024-08-04 14:22:51 - [TEST_STEP][PASSED] - sendKeys(findTestObject("Object Repository/Login/EnterEmail"), "homam@zztjg.onmicrosoft.com"): Keys 'homam@zztjg.onmicrosoft.com' sent to object: 'Object Repository/Login/EnterEmail'

2024-08-04 14:22:52 - [MESSAGE][PASSED] - Keys 'homam@zztjg.onmicrosoft.com' sent to object: 'Object Repository/Login/EnterEmail'

2024-08-04 14:22:52 - [TEST_STEP][PASSED] - delay(1): Delayed 1 second(s)

2024-08-04 14:22:53 - [MESSAGE][PASSED] - Delayed 1 second(s)

2024-08-04 14:22:53 - [TEST_STEP][PASSED] - click(findTestObject("Object Repository/Login/NextButton")): Object: 'Object Repository/Login/NextButton' is clicked on

2024-08-04 14:22:53 - [MESSAGE][PASSED] - Object: 'Object Repository/Login/NextButton' is clicked on

2024-08-04 14:22:53 - [TEST_STEP][PASSED] - delay(2): Delayed 2 second(s)

2024-08-04 14:22:55 - [MESSAGE][PASSED] - Delayed 2 second(s)

2024-08-04 14:22:55 - [TEST_STEP][PASSED] - sendKeys(findTestObject("Object Repository/Login/EnterPassword"), "Holder12345"): Keys 'Holder12345' sent to object: 'Object Repository/Login/EnterPassword'

2024-08-04 14:22:55 - [MESSAGE][PASSED] - Keys 'Holder12345' sent to object: 'Object Repository/Login/EnterPassword'

2024-08-04 14:22:55 - [TEST_STEP][PASSED] - delay(1): Delayed 1 second(s)

2024-08-04 14:22:56 - [MESSAGE][PASSED] - Delayed 1 second(s)

2024-08-04 14:22:56 - [TEST_STEP][PASSED] - click(findTestObject("Object Repository/Login/SigninButton")): Object: 'Object Repository/Login/SigninButton' is clicked on

2024-08-04 14:22:57 - [MESSAGE][PASSED] - Object: 'Object Repository/Login/SigninButton' is clicked on

2024-08-04 14:22:57 - [TEST_STEP][PASSED] - delay(1): Delayed 1 second(s)

2024-08-04 14:22:58 - [MESSAGE][PASSED] - Delayed 1 second(s)

2024-08-04 14:22:58 - [TEST_STEP][PASSED] - click(findTestObject("Object Repository/Login/YesStayInButton")): Object: 'Object Repository/Login/YesStayInButton' is clicked on

2024-08-04 14:22:59 - [MESSAGE][PASSED] - Object: 'Object Repository/Login/YesStayInButton' is clicked on

2024-08-04 14:22:59 - [MESSAGE][PASSED] - Call Test Case 'Test Cases/Login' successfully

2024-08-04 14:22:59 - [TEST_STEP][PASSED] - switchToWindowIndex(1): Switched to window with index: '1'

2024-08-04 14:22:59 - [MESSAGE][PASSED] - Switched to window with index: '1'

2024-08-04 14:22:59 - [TEST_STEP][FAILED] - PMHwaueiTopX.TopX("2G", "Cell", false, "DailyBH", false, null): Unable to verify object 'Object Repository/PM/Huawei-vendor/Chart' is present

2024-08-04 14:23:00 - [MESSAGE][PASSED] - Object: 'Object Repository/PM/PM-Button' is clicked on

2024-08-04 14:23:00 - [MESSAGE][PASSED] - Switched to window with index: '2'

2024-08-04 14:23:13 - [MESSAGE][PASSED] - Object: 'Object Repository/PM/Huawei-vendor/Data-view/TopX' is clicked on

2024-08-04 14:23:13 - [MESSAGE][PASSED] - Object: 'Object Repository/PM/Huawei-vendor/Technology/Technology-Arrow' is clicked on

2024-08-04 14:23:13 - [MESSAGE][PASSED] - Object: 'Object Repository/PM/Huawei-vendor/Technology/2G' is clicked on

2024-08-04 14:23:13 - [MESSAGE][PASSED] - Object: 'Object Repository/PM/Huawei-vendor/TopX/TopX Object Type' is clicked on

2024-08-04 14:23:14 - [MESSAGE][PASSED] - Delayed 1 second(s)

2024-08-04 14:23:15 - [MESSAGE][PASSED] - Object: 'Object Repository/PM/Huawei-vendor/Object-Type/TopX Object Types/TopX Cells/TopX Cell' is clicked on

2024-08-04 14:23:16 - [MESSAGE][PASSED] - Delayed 1 second(s)

2024-08-04 14:23:16 - [MESSAGE][WARNING] - Timeout '0' is invalid. Using default page load timeout: '120'

2024-08-04 14:23:16 - [MESSAGE][PASSED] - Scroll to object 'Object Repository/PM/Huawei-vendor/Object Border' successfully

2024-08-04 14:23:16 - [MESSAGE][PASSED] - Object: 'Object Repository/PM/Huawei-vendor/Object-Type/TopX Object Types/TopX Sites/TopX East Amman Arrow' is clicked on

2024-08-04 14:23:17 - [MESSAGE][PASSED] - Object: 'Object Repository/PM/Huawei-vendor/Object-Type/TopX Object Types/TopX Cells/TopX East Amman Site1 Arrow' is clicked on

2024-08-04 14:23:18 - [MESSAGE][PASSED] - Delayed 1 second(s)

2024-08-04 14:23:18 - [MESSAGE][PASSED] - Object: 'Object Repository/PM/Huawei-vendor/Object-Type/TopX Object Types/TopX Cells/TopX East Amman Site1 Cell1' is clicked on

2024-08-04 14:23:19 - [MESSAGE][PASSED] - Object: 'Object Repository/PM/Huawei-vendor/Object-Type/TopX Object Types/TopX Sites/TopX East Amman CloseArrow' is clicked on

2024-08-04 14:23:19 - [MESSAGE][PASSED] - Object: 'Object Repository/PM/Huawei-vendor/Object-Type/TopX Object Types/TopX Sites/TopX West Amman Arrow' is clicked on

2024-08-04 14:23:20 - [MESSAGE][PASSED] - Object: 'Object Repository/PM/Huawei-vendor/Object-Type/TopX Object Types/TopX Cells/TopX West Amman Site1 Arrow' is clicked on

2024-08-04 14:23:20 - [MESSAGE][PASSED] - Object: 'Object Repository/PM/Huawei-vendor/Object-Type/TopX Object Types/TopX Cells/TopX West Amman Site1 Cell1' is clicked on

2024-08-04 14:23:20 - [MESSAGE][PASSED] - Object: 'Object Repository/PM/Huawei-vendor/Object-Type/TopX Object Types/TopX Sites/TopX West Amman CloseArrow' is clicked on

2024-08-04 14:23:21 - [MESSAGE][PASSED] - Object: 'Object Repository/PM/Huawei-vendor/Object-Type/TopX Object Types/TopX Sites/TopX North Jordan Arrow' is clicked on

2024-08-04 14:23:22 - [MESSAGE][PASSED] - Object: 'Object Repository/PM/Huawei-vendor/Object-Type/TopX Object Types/TopX Cells/TopX North Jordan Site1 Arrow' is clicked on

2024-08-04 14:23:23 - [MESSAGE][PASSED] - Object: 'Object Repository/PM/Huawei-vendor/Object-Type/TopX Object Types/TopX Cells/TopX North Jordan Site1 Cell1' is clicked on

2024-08-04 14:23:23 - [MESSAGE][PASSED] - Object: 'Object Repository/PM/Huawei-vendor/Object-Type/TopX Object Types/TopX Sites/TopX North Jordan CloseArrow' is clicked on

2024-08-04 14:23:23 - [MESSAGE][PASSED] - Object: 'Object Repository/PM/Huawei-vendor/Object-Type/TopX Object Types/TopX Sites/TopX South Jordan Arrow' is clicked on

2024-08-04 14:23:24 - [MESSAGE][PASSED] - Object: 'Object Repository/PM/Huawei-vendor/Object-Type/TopX Object Types/TopX Cells/TopX South Jordan Site1 Arrow' is clicked on

2024-08-04 14:23:25 - [MESSAGE][PASSED] - Object: 'Object Repository/PM/Huawei-vendor/Object-Type/TopX Object Types/TopX Cells/TopX South Jordan Site1 Cell1' is clicked on

2024-08-04 14:23:25 - [MESSAGE][PASSED] - Object: 'Object Repository/PM/Huawei-vendor/Object-Type/TopX Object Types/TopX Sites/TopX South Jordan CloseArrow' is clicked on

2024-08-04 14:23:25 - [MESSAGE][WARNING] - Timeout '0' is invalid. Using default page load timeout: '120'

2024-08-04 14:23:25 - [MESSAGE][PASSED] - Scroll to object 'Object Repository/PM/Huawei-vendor/LowXlabel' successfully

2024-08-04 14:23:25 - [MESSAGE][PASSED] - Object: 'Object Repository/PM/Huawei-vendor/Resolution Temp/Select Resolution temp' is clicked on

2024-08-04 14:23:25 - [MESSAGE][PASSED] - Object: 'Object Repository/PM/Huawei-vendor/Resolution Temp/Resolution Temp DailyBH' is clicked on

2024-08-04 14:23:25 - [MESSAGE][PASSED] - Object: 'Object Repository/PM/Huawei-vendor/TopX/TopXDate/BeforeDate' is clicked on

2024-08-04 14:23:26 - [MESSAGE][PASSED] - Delayed 1 second(s)

2024-08-04 14:23:27 - [MESSAGE][PASSED] - Object: 'Object Repository/PM/Huawei-vendor/TopX/TopXDate/Choose Month' is clicked on

2024-08-04 14:23:28 - [MESSAGE][PASSED] - Delayed 1 second(s)

2024-08-04 14:23:28 - [MESSAGE][PASSED] - Object: 'Object Repository/PM/Huawei-vendor/TopX/TopXDate/Feb' is clicked on

2024-08-04 14:23:28 - [MESSAGE][PASSED] - Object: 'Object Repository/PM/Huawei-vendor/TopX/TopXDate/Day 1' is clicked on

2024-08-04 14:23:28 - [MESSAGE][PASSED] - Object: 'Object Repository/PM/Huawei-vendor/TopX/TopXDate/Button OK' is clicked on

2024-08-04 14:23:28 - [MESSAGE][PASSED] - Object: 'Object Repository/PM/Huawei-vendor/TopX/TopXDate/After Date' is clicked on

2024-08-04 14:23:29 - [MESSAGE][PASSED] - Delayed 1 second(s)

2024-08-04 14:23:30 - [MESSAGE][PASSED] - Object: 'Object Repository/PM/Huawei-vendor/TopX/TopXDate/Choose Month' is clicked on

2024-08-04 14:23:31 - [MESSAGE][PASSED] - Delayed 1 second(s)

2024-08-04 14:23:31 - [MESSAGE][PASSED] - Object: 'Object Repository/PM/Huawei-vendor/TopX/TopXDate/Feb' is clicked on

2024-08-04 14:23:31 - [MESSAGE][PASSED] - Object: 'Object Repository/PM/Huawei-vendor/TopX/TopXDate/Day 7' is clicked on

2024-08-04 14:23:31 - [MESSAGE][PASSED] - Object: 'Object Repository/PM/Huawei-vendor/TopX/TopXDate/Button OK' is clicked on

2024-08-04 14:23:31 - [MESSAGE][PASSED] - Object: 'Object Repository/PM/Huawei-vendor/Apply-Button' is clicked on

2024-08-04 14:23:31 - [MESSAGE][WARNING] - Timeout '0' is invalid. Using default page load timeout: '120'

2024-08-04 14:23:32 - [MESSAGE][PASSED] - Web element with id: 'Object Repository/PM/Huawei-vendor/Error' located by 'By.xpath: //div[@class='toast-summary title-medium-m']' is not present after '120' second(s)

2024-08-04 14:23:32 - [MESSAGE][WARNING] - Timeout '0' is invalid. Using default page load timeout: '120'

2024-08-04 14:25:33 - [MESSAGE][INFO] - Unable to find the element located by 'By.xpath: //*[@id="chart-container"]/div/app-main-chart-component[1]/div/div[2]/div[2]/div/div/div[1]/canvas'. Please recheck the objects properties to make sure the desired element is located. 

2024-08-04 14:25:33 - [MESSAGE][FAILED] - com.kms.katalon.core.webui.exception.WebElementNotFoundException: Web element with id: 'Object Repository/PM/Huawei-vendor/Chart' located by '//*[@id="chart-container"]/div/app-main-chart-component[1]/div/div[2]/div[2]/div/div/div[1]/canvas' not found (Root cause: com.kms.katalon.core.exception.StepFailedException: com.kms.katalon.core.webui.exception.WebElementNotFoundException: Web element with id: 'Object Repository/PM/Huawei-vendor/Chart' located by '//*[@id="chart-container"]/div/app-main-chart-component[1]/div/div[2]/div[2]/div/div/div[1]/canvas' not found
	at com.kms.katalon.core.webui.keyword.internal.WebUIKeywordMain.stepFailed(WebUIKeywordMain.groovy:64)
	at com.kms.katalon.core.webui.keyword.builtin.VerifyElementPresentKeyword$_verifyElementPresent_closure1.doCall(VerifyElementPresentKeyword.groovy:85)
	at com.kms.katalon.core.webui.keyword.builtin.VerifyElementPresentKeyword$_verifyElementPresent_closure1.call(VerifyElementPresentKeyword.groovy)
	at com.kms.katalon.core.webui.keyword.internal.WebUIKeywordMain.runKeyword(WebUIKeywordMain.groovy:20)
	at com.kms.katalon.core.webui.keyword.builtin.VerifyElementPresentKeyword.verifyElementPresent(VerifyElementPresentKeyword.groovy:92)
	at com.kms.katalon.core.webui.keyword.builtin.VerifyElementPresentKeyword.execute(VerifyElementPresentKeyword.groovy:68)
	at com.kms.katalon.core.keyword.internal.KeywordExecutor.executeKeywordForPlatform(KeywordExecutor.groovy:74)
	at com.kms.katalon.core.webui.keyword.WebUiBuiltInKeywords.verifyElementPresent(WebUiBuiltInKeywords.groovy:1464)
	at com.kms.katalon.core.webui.keyword.WebUiBuiltInKeywords$verifyElementPresent$6.call(Unknown Source)
	at PMHwaueiTopX.TopX(PMHwaueiTopX.groovy:1593)
	at PMHwaueiTopX.invokeMethod(PMHwaueiTopX.groovy)
	at com.kms.katalon.core.main.CustomKeywordDelegatingMetaClass.invokeStaticMethod(CustomKeywordDelegatingMetaClass.java:55)
	at TopX 2G Cell DailyBH.run(TopX 2G Cell DailyBH:29)
	at com.kms.katalon.core.main.ScriptEngine.run(ScriptEngine.java:194)
	at com.kms.katalon.core.main.ScriptEngine.runScriptAsRawText(ScriptEngine.java:119)
	at com.kms.katalon.core.main.TestCaseExecutor.runScript(TestCaseExecutor.java:448)
	at com.kms.katalon.core.main.TestCaseExecutor.doExecute(TestCaseExecutor.java:439)
	at com.kms.katalon.core.main.TestCaseExecutor.processExecutionPhase(TestCaseExecutor.java:418)
	at com.kms.katalon.core.main.TestCaseExecutor.accessMainPhase(TestCaseExecutor.java:410)
	at com.kms.katalon.core.main.TestCaseExecutor.execute(TestCaseExecutor.java:285)
	at com.kms.katalon.core.common.CommonExecutor.accessTestCaseMainPhase(CommonExecutor.java:65)
	at com.kms.katalon.core.main.TestSuiteExecutor.accessTestSuiteMainPhase(TestSuiteExecutor.java:148)
	at com.kms.katalon.core.main.TestSuiteExecutor.execute(TestSuiteExecutor.java:106)
	at com.kms.katalon.core.main.TestCaseMain.startTestSuite(TestCaseMain.java:187)
	at com.kms.katalon.core.main.TestCaseMain$startTestSuite$0.call(Unknown Source)
	at TempTestSuite1722769113368.run(TempTestSuite1722769113368.groovy:35)
)
[[ATTACHMENT|C:\\Users\\FatimaIbeid\\git\\NetCell\\Reports\\20240804_135833\\PM\\Hwauei\\TopX\\Regression TopX 2G\\20240804_135833\\1722770733054.png]]

2024-08-04 14:25:33 - [MESSAGE][FAILED] - Unable to verify object 'Object Repository/PM/Huawei-vendor/Chart' is present (Root cause: com.kms.katalon.core.exception.StepFailedException: Unable to verify object 'Object Repository/PM/Huawei-vendor/Chart' is present
	at com.kms.katalon.core.webui.keyword.internal.WebUIKeywordMain.stepFailed(WebUIKeywordMain.groovy:64)
	at com.kms.katalon.core.webui.keyword.internal.WebUIKeywordMain.runKeyword(WebUIKeywordMain.groovy:26)
	at com.kms.katalon.core.webui.keyword.builtin.VerifyElementPresentKeyword.verifyElementPresent(VerifyElementPresentKeyword.groovy:92)
	at com.kms.katalon.core.webui.keyword.builtin.VerifyElementPresentKeyword.execute(VerifyElementPresentKeyword.groovy:68)
	at com.kms.katalon.core.keyword.internal.KeywordExecutor.executeKeywordForPlatform(KeywordExecutor.groovy:74)
	at com.kms.katalon.core.webui.keyword.WebUiBuiltInKeywords.verifyElementPresent(WebUiBuiltInKeywords.groovy:1464)
	at com.kms.katalon.core.webui.keyword.WebUiBuiltInKeywords$verifyElementPresent$6.call(Unknown Source)
	at PMHwaueiTopX.TopX(PMHwaueiTopX.groovy:1593)
	at PMHwaueiTopX.invokeMethod(PMHwaueiTopX.groovy)
	at com.kms.katalon.core.main.CustomKeywordDelegatingMetaClass.invokeStaticMethod(CustomKeywordDelegatingMetaClass.java:55)
	at TopX 2G Cell DailyBH.run(TopX 2G Cell DailyBH:29)
	at com.kms.katalon.core.main.ScriptEngine.run(ScriptEngine.java:194)
	at com.kms.katalon.core.main.ScriptEngine.runScriptAsRawText(ScriptEngine.java:119)
	at com.kms.katalon.core.main.TestCaseExecutor.runScript(TestCaseExecutor.java:448)
	at com.kms.katalon.core.main.TestCaseExecutor.doExecute(TestCaseExecutor.java:439)
	at com.kms.katalon.core.main.TestCaseExecutor.processExecutionPhase(TestCaseExecutor.java:418)
	at com.kms.katalon.core.main.TestCaseExecutor.accessMainPhase(TestCaseExecutor.java:410)
	at com.kms.katalon.core.main.TestCaseExecutor.execute(TestCaseExecutor.java:285)
	at com.kms.katalon.core.common.CommonExecutor.accessTestCaseMainPhase(CommonExecutor.java:65)
	at com.kms.katalon.core.main.TestSuiteExecutor.accessTestSuiteMainPhase(TestSuiteExecutor.java:148)
	at com.kms.katalon.core.main.TestSuiteExecutor.execute(TestSuiteExecutor.java:106)
	at com.kms.katalon.core.main.TestCaseMain.startTestSuite(TestCaseMain.java:187)
	at com.kms.katalon.core.main.TestCaseMain$startTestSuite$0.call(Unknown Source)
	at TempTestSuite1722769113368.run(TempTestSuite1722769113368.groovy:35)
Caused by: com.kms.katalon.core.exception.StepFailedException: com.kms.katalon.core.webui.exception.WebElementNotFoundException: Web element with id: 'Object Repository/PM/Huawei-vendor/Chart' located by '//*[@id="chart-container"]/div/app-main-chart-component[1]/div/div[2]/div[2]/div/div/div[1]/canvas' not found
	at com.kms.katalon.core.webui.keyword.internal.WebUIKeywordMain.stepFailed(WebUIKeywordMain.groovy:64)
	at com.kms.katalon.core.webui.keyword.builtin.VerifyElementPresentKeyword$_verifyElementPresent_closure1.doCall(VerifyElementPresentKeyword.groovy:85)
	at com.kms.katalon.core.webui.keyword.builtin.VerifyElementPresentKeyword$_verifyElementPresent_closure1.call(VerifyElementPresentKeyword.groovy)
	at com.kms.katalon.core.webui.keyword.internal.WebUIKeywordMain.runKeyword(WebUIKeywordMain.groovy:20)
	... 22 more
)
[[ATTACHMENT|C:\\Users\\FatimaIbeid\\git\\NetCell\\Reports\\20240804_135833\\PM\\Hwauei\\TopX\\Regression TopX 2G\\20240804_135833\\1722770733185.png]]

2024-08-04 14:25:33 - [MESSAGE][FAILED] - Unable to verify object 'Object Repository/PM/Huawei-vendor/Chart' is present]]></system-out>
         <system-err><![CDATA[2024-08-04 14:22:35 - [TEST_CASE][FAILED] - Test Cases/PM/Hwauei/TopX/2G TopX/XCells/TopX 2G Cell DailyBH: Test Cases/PM/Hwauei/TopX/2G TopX/XCells/TopX 2G Cell DailyBH FAILED.
Reason:
com.kms.katalon.core.exception.StepFailedException: Unable to verify object 'Object Repository/PM/Huawei-vendor/Chart' is present
	at com.kms.katalon.core.webui.keyword.internal.WebUIKeywordMain.stepFailed(WebUIKeywordMain.groovy:64)
	at com.kms.katalon.core.webui.keyword.internal.WebUIKeywordMain.runKeyword(WebUIKeywordMain.groovy:26)
	at com.kms.katalon.core.webui.keyword.builtin.VerifyElementPresentKeyword.verifyElementPresent(VerifyElementPresentKeyword.groovy:92)
	at com.kms.katalon.core.webui.keyword.builtin.VerifyElementPresentKeyword.execute(VerifyElementPresentKeyword.groovy:68)
	at com.kms.katalon.core.keyword.internal.KeywordExecutor.executeKeywordForPlatform(KeywordExecutor.groovy:74)
	at com.kms.katalon.core.webui.keyword.WebUiBuiltInKeywords.verifyElementPresent(WebUiBuiltInKeywords.groovy:1464)
	at com.kms.katalon.core.webui.keyword.WebUiBuiltInKeywords$verifyElementPresent$6.call(Unknown Source)
	at PMHwaueiTopX.TopX(PMHwaueiTopX.groovy:1593)
	at PMHwaueiTopX.invokeMethod(PMHwaueiTopX.groovy)
	at com.kms.katalon.core.main.CustomKeywordDelegatingMetaClass.invokeStaticMethod(CustomKeywordDelegatingMetaClass.java:55)
	at TopX 2G Cell DailyBH.run(TopX 2G Cell DailyBH:29)
	at com.kms.katalon.core.main.ScriptEngine.run(ScriptEngine.java:194)
	at com.kms.katalon.core.main.ScriptEngine.runScriptAsRawText(ScriptEngine.java:119)
	at com.kms.katalon.core.main.TestCaseExecutor.runScript(TestCaseExecutor.java:448)
	at com.kms.katalon.core.main.TestCaseExecutor.doExecute(TestCaseExecutor.java:439)
	at com.kms.katalon.core.main.TestCaseExecutor.processExecutionPhase(TestCaseExecutor.java:418)
	at com.kms.katalon.core.main.TestCaseExecutor.accessMainPhase(TestCaseExecutor.java:410)
	at com.kms.katalon.core.main.TestCaseExecutor.execute(TestCaseExecutor.java:285)
	at com.kms.katalon.core.common.CommonExecutor.accessTestCaseMainPhase(CommonExecutor.java:65)
	at com.kms.katalon.core.main.TestSuiteExecutor.accessTestSuiteMainPhase(TestSuiteExecutor.java:148)
	at com.kms.katalon.core.main.TestSuiteExecutor.execute(TestSuiteExecutor.java:106)
	at com.kms.katalon.core.main.TestCaseMain.startTestSuite(TestCaseMain.java:187)
	at com.kms.katalon.core.main.TestCaseMain$startTestSuite$0.call(Unknown Source)
	at TempTestSuite1722769113368.run(TempTestSuite1722769113368.groovy:35)
Caused by: com.kms.katalon.core.exception.StepFailedException: com.kms.katalon.core.webui.exception.WebElementNotFoundException: Web element with id: 'Object Repository/PM/Huawei-vendor/Chart' located by '//*[@id="chart-container"]/div/app-main-chart-component[1]/div/div[2]/div[2]/div/div/div[1]/canvas' not found
	at com.kms.katalon.core.webui.keyword.internal.WebUIKeywordMain.stepFailed(WebUIKeywordMain.groovy:64)
	at com.kms.katalon.core.webui.keyword.builtin.VerifyElementPresentKeyword$_verifyElementPresent_closure1.doCall(VerifyElementPresentKeyword.groovy:85)
	at com.kms.katalon.core.webui.keyword.builtin.VerifyElementPresentKeyword$_verifyElementPresent_closure1.call(VerifyElementPresentKeyword.groovy)
	at com.kms.katalon.core.webui.keyword.internal.WebUIKeywordMain.runKeyword(WebUIKeywordMain.groovy:20)
	... 22 more]]></system-err>
      </testcase>
      <testcase name="Test Cases/PM/Hwauei/TopX/2G TopX/XBSC/TopX 2G BSC default" time="160.647" classname="Test Cases/PM/Hwauei/TopX/2G TopX/XBSC/TopX 2G BSC default" status="FAILED">
         <failure type="FAILED" message="Test Cases/PM/Hwauei/TopX/2G TopX/XBSC/TopX 2G BSC default FAILED.
Reason:
com.kms.katalon.core.exception.StepFailedException: Unable to click on object 'Object Repository/PM/Huawei-vendor/Object-Type/TopX Object Types/TopX BSCs/TopX BSC'
	at com.kms.katalon.core.webui.keyword.internal.WebUIKeywordMain.stepFailed(WebUIKeywordMain.groovy:64)
	at com.kms.katalon.core.webui.keyword.internal.WebUIKeywordMain.runKeyword(WebUIKeywordMain.groovy:26)
	at com.kms.katalon.core.webui.keyword.builtin.ClickKeyword.click(ClickKeyword.groovy:74)
	at com.kms.katalon.core.webui.keyword.builtin.ClickKeyword.execute(ClickKeyword.groovy:40)
	at com.kms.katalon.core.keyword.internal.KeywordExecutor.executeKeywordForPlatform(KeywordExecutor.groovy:74)
	at com.kms.katalon.core.webui.keyword.WebUiBuiltInKeywords.click(WebUiBuiltInKeywords.groovy:620)
	at com.kms.katalon.core.webui.keyword.WebUiBuiltInKeywords$click$2.call(Unknown Source)
	at PMHwaueiTopX.TopX(PMHwaueiTopX.groovy:915)
	at PMHwaueiTopX.invokeMethod(PMHwaueiTopX.groovy)
	at com.kms.katalon.core.main.CustomKeywordDelegatingMetaClass.invokeStaticMethod(CustomKeywordDelegatingMetaClass.java:55)
	at TopX 2G BSC default.run(TopX 2G BSC default:29)
	at com.kms.katalon.core.main.ScriptEngine.run(ScriptEngine.java:194)
	at com.kms.katalon.core.main.ScriptEngine.runScriptAsRawText(ScriptEngine.java:119)
	at com.kms.katalon.core.main.TestCaseExecutor.runScript(TestCaseExecutor.java:448)
	at com.kms.katalon.core.main.TestCaseExecutor.doExecute(TestCaseExecutor.java:439)
	at com.kms.katalon.core.main.TestCaseExecutor.processExecutionPhase(TestCaseExecutor.java:418)
	at com.kms.katalon.core.main.TestCaseExecutor.accessMainPhase(TestCaseExecutor.java:410)
	at com.kms.katalon.core.main.TestCaseExecutor.execute(TestCaseExecutor.java:285)
	at com.kms.katalon.core.common.CommonExecutor.accessTestCaseMainPhase(CommonExecutor.java:65)
	at com.kms.katalon.core.main.TestSuiteExecutor.accessTestSuiteMainPhase(TestSuiteExecutor.java:148)
	at com.kms.katalon.core.main.TestSuiteExecutor.execute(TestSuiteExecutor.java:106)
	at com.kms.katalon.core.main.TestCaseMain.startTestSuite(TestCaseMain.java:187)
	at com.kms.katalon.core.main.TestCaseMain$startTestSuite$0.call(Unknown Source)
	at TempTestSuite1722769113368.run(TempTestSuite1722769113368.groovy:35)
Caused by: com.kms.katalon.core.webui.exception.WebElementNotFoundException: Web element with id: 'Object Repository/PM/Huawei-vendor/Object-Type/TopX Object Types/TopX BSCs/TopX BSC' located by '//span[@class='ng-star-inserted'][normalize-space()='BSC']' not found
	at com.kms.katalon.core.webui.common.WebUiCommonHelper.findWebElement(WebUiCommonHelper.java:1381)
	at com.kms.katalon.core.webui.keyword.internal.WebUIAbstractKeyword.findWebElement(WebUIAbstractKeyword.groovy:27)
	at com.kms.katalon.core.webui.keyword.builtin.ClickKeyword$_click_closure1.doCall(ClickKeyword.groovy:65)
	at com.kms.katalon.core.webui.keyword.builtin.ClickKeyword$_click_closure1.call(ClickKeyword.groovy)
	at com.kms.katalon.core.webui.keyword.internal.WebUIKeywordMain.runKeyword(WebUIKeywordMain.groovy:20)
	... 22 more
"/>
         <system-out><![CDATA[2024-08-04 14:25:33 - [TEST_CASE][FAILED] - Test Cases/PM/Hwauei/TopX/2G TopX/XBSC/TopX 2G BSC default: Test Cases/PM/Hwauei/TopX/2G TopX/XBSC/TopX 2G BSC default FAILED.
Reason:
com.kms.katalon.core.exception.StepFailedException: Unable to click on object 'Object Repository/PM/Huawei-vendor/Object-Type/TopX Object Types/TopX BSCs/TopX BSC'
	at com.kms.katalon.core.webui.keyword.internal.WebUIKeywordMain.stepFailed(WebUIKeywordMain.groovy:64)
	at com.kms.katalon.core.webui.keyword.internal.WebUIKeywordMain.runKeyword(WebUIKeywordMain.groovy:26)
	at com.kms.katalon.core.webui.keyword.builtin.ClickKeyword.click(ClickKeyword.groovy:74)
	at com.kms.katalon.core.webui.keyword.builtin.ClickKeyword.execute(ClickKeyword.groovy:40)
	at com.kms.katalon.core.keyword.internal.KeywordExecutor.executeKeywordForPlatform(KeywordExecutor.groovy:74)
	at com.kms.katalon.core.webui.keyword.WebUiBuiltInKeywords.click(WebUiBuiltInKeywords.groovy:620)
	at com.kms.katalon.core.webui.keyword.WebUiBuiltInKeywords$click$2.call(Unknown Source)
	at PMHwaueiTopX.TopX(PMHwaueiTopX.groovy:915)
	at PMHwaueiTopX.invokeMethod(PMHwaueiTopX.groovy)
	at com.kms.katalon.core.main.CustomKeywordDelegatingMetaClass.invokeStaticMethod(CustomKeywordDelegatingMetaClass.java:55)
	at TopX 2G BSC default.run(TopX 2G BSC default:29)
	at com.kms.katalon.core.main.ScriptEngine.run(ScriptEngine.java:194)
	at com.kms.katalon.core.main.ScriptEngine.runScriptAsRawText(ScriptEngine.java:119)
	at com.kms.katalon.core.main.TestCaseExecutor.runScript(TestCaseExecutor.java:448)
	at com.kms.katalon.core.main.TestCaseExecutor.doExecute(TestCaseExecutor.java:439)
	at com.kms.katalon.core.main.TestCaseExecutor.processExecutionPhase(TestCaseExecutor.java:418)
	at com.kms.katalon.core.main.TestCaseExecutor.accessMainPhase(TestCaseExecutor.java:410)
	at com.kms.katalon.core.main.TestCaseExecutor.execute(TestCaseExecutor.java:285)
	at com.kms.katalon.core.common.CommonExecutor.accessTestCaseMainPhase(CommonExecutor.java:65)
	at com.kms.katalon.core.main.TestSuiteExecutor.accessTestSuiteMainPhase(TestSuiteExecutor.java:148)
	at com.kms.katalon.core.main.TestSuiteExecutor.execute(TestSuiteExecutor.java:106)
	at com.kms.katalon.core.main.TestCaseMain.startTestSuite(TestCaseMain.java:187)
	at com.kms.katalon.core.main.TestCaseMain$startTestSuite$0.call(Unknown Source)
	at TempTestSuite1722769113368.run(TempTestSuite1722769113368.groovy:35)
Caused by: com.kms.katalon.core.webui.exception.WebElementNotFoundException: Web element with id: 'Object Repository/PM/Huawei-vendor/Object-Type/TopX Object Types/TopX BSCs/TopX BSC' located by '//span[@class='ng-star-inserted'][normalize-space()='BSC']' not found
	at com.kms.katalon.core.webui.common.WebUiCommonHelper.findWebElement(WebUiCommonHelper.java:1381)
	at com.kms.katalon.core.webui.keyword.internal.WebUIAbstractKeyword.findWebElement(WebUIAbstractKeyword.groovy:27)
	at com.kms.katalon.core.webui.keyword.builtin.ClickKeyword$_click_closure1.doCall(ClickKeyword.groovy:65)
	at com.kms.katalon.core.webui.keyword.builtin.ClickKeyword$_click_closure1.call(ClickKeyword.groovy)
	at com.kms.katalon.core.webui.keyword.internal.WebUIKeywordMain.runKeyword(WebUIKeywordMain.groovy:20)
	... 22 more


2024-08-04 14:25:33 - [TEST_STEP][PASSED] - callTestCase(findTestCase("Login"), [:], STOP_ON_FAILURE): Call Test Case 'Test Cases/Login' successfully

2024-08-04 14:25:33 - [TEST_CASE][PASSED] - Test Cases/Login: Test Cases/Login

2024-08-04 14:25:33 - [TEST_STEP][PASSED] - driver = general.start(SwagerURL, NetCellURL): general.start is PASSED

2024-08-04 14:25:33 - [MESSAGE][INFO] - >>> chromeDriverPath=C:\Users\FatimaIbeid\.katalon\packages\Katalon_Studio_Windows_64-8.6.9\Katalon_Studio_Windows_64-8.6.9\configuration\resources\drivers\chromedriver_win32\chromedriver.exe

2024-08-04 14:25:34 - [MESSAGE][PASSED] - Current window maximized

2024-08-04 14:25:35 - [MESSAGE][PASSED] - Execute JavaScript 'window.open();' successfully

2024-08-04 14:25:35 - [MESSAGE][PASSED] - Switched to window with index: '1'

2024-08-04 14:25:48 - [MESSAGE][PASSED] - general.start is PASSED

2024-08-04 14:25:48 - [TEST_STEP][PASSED] - click(findTestObject("Object Repository/Login/LoginButton")): Object: 'Object Repository/Login/LoginButton' is clicked on

2024-08-04 14:25:49 - [MESSAGE][PASSED] - Object: 'Object Repository/Login/LoginButton' is clicked on

2024-08-04 14:25:49 - [TEST_STEP][PASSED] - switchToWindowIndex(2): Switched to window with index: '2'

2024-08-04 14:25:49 - [MESSAGE][PASSED] - Switched to window with index: '2'

2024-08-04 14:25:49 - [TEST_STEP][PASSED] - delay(1): Delayed 1 second(s)

2024-08-04 14:25:50 - [MESSAGE][PASSED] - Delayed 1 second(s)

2024-08-04 14:25:50 - [TEST_STEP][PASSED] - sendKeys(findTestObject("Object Repository/Login/EnterEmail"), "homam@zztjg.onmicrosoft.com"): Keys 'homam@zztjg.onmicrosoft.com' sent to object: 'Object Repository/Login/EnterEmail'

2024-08-04 14:25:51 - [MESSAGE][PASSED] - Keys 'homam@zztjg.onmicrosoft.com' sent to object: 'Object Repository/Login/EnterEmail'

2024-08-04 14:25:51 - [TEST_STEP][PASSED] - delay(1): Delayed 1 second(s)

2024-08-04 14:25:52 - [MESSAGE][PASSED] - Delayed 1 second(s)

2024-08-04 14:25:52 - [TEST_STEP][PASSED] - click(findTestObject("Object Repository/Login/NextButton")): Object: 'Object Repository/Login/NextButton' is clicked on

2024-08-04 14:25:52 - [MESSAGE][PASSED] - Object: 'Object Repository/Login/NextButton' is clicked on

2024-08-04 14:25:52 - [TEST_STEP][PASSED] - delay(2): Delayed 2 second(s)

2024-08-04 14:25:54 - [MESSAGE][PASSED] - Delayed 2 second(s)

2024-08-04 14:25:54 - [TEST_STEP][PASSED] - sendKeys(findTestObject("Object Repository/Login/EnterPassword"), "Holder12345"): Keys 'Holder12345' sent to object: 'Object Repository/Login/EnterPassword'

2024-08-04 14:25:54 - [MESSAGE][PASSED] - Keys 'Holder12345' sent to object: 'Object Repository/Login/EnterPassword'

2024-08-04 14:25:54 - [TEST_STEP][PASSED] - delay(1): Delayed 1 second(s)

2024-08-04 14:25:55 - [MESSAGE][PASSED] - Delayed 1 second(s)

2024-08-04 14:25:55 - [TEST_STEP][PASSED] - click(findTestObject("Object Repository/Login/SigninButton")): Object: 'Object Repository/Login/SigninButton' is clicked on

2024-08-04 14:25:56 - [MESSAGE][PASSED] - Object: 'Object Repository/Login/SigninButton' is clicked on

2024-08-04 14:25:56 - [TEST_STEP][PASSED] - delay(1): Delayed 1 second(s)

2024-08-04 14:25:57 - [MESSAGE][PASSED] - Delayed 1 second(s)

2024-08-04 14:25:57 - [TEST_STEP][PASSED] - click(findTestObject("Object Repository/Login/YesStayInButton")): Object: 'Object Repository/Login/YesStayInButton' is clicked on

2024-08-04 14:25:58 - [MESSAGE][PASSED] - Object: 'Object Repository/Login/YesStayInButton' is clicked on

2024-08-04 14:25:58 - [MESSAGE][PASSED] - Call Test Case 'Test Cases/Login' successfully

2024-08-04 14:25:58 - [TEST_STEP][PASSED] - switchToWindowIndex(1): Switched to window with index: '1'

2024-08-04 14:25:58 - [MESSAGE][PASSED] - Switched to window with index: '1'

2024-08-04 14:25:58 - [TEST_STEP][FAILED] - PMHwaueiTopX.TopX("2G", "BSC", false, "Hourly", false, null): Unable to click on object 'Object Repository/PM/Huawei-vendor/Object-Type/TopX Object Types/TopX BSCs/TopX BSC'

2024-08-04 14:25:59 - [MESSAGE][PASSED] - Object: 'Object Repository/PM/PM-Button' is clicked on

2024-08-04 14:25:59 - [MESSAGE][PASSED] - Switched to window with index: '2'

2024-08-04 14:26:11 - [MESSAGE][PASSED] - Object: 'Object Repository/PM/Huawei-vendor/Data-view/TopX' is clicked on

2024-08-04 14:26:11 - [MESSAGE][PASSED] - Object: 'Object Repository/PM/Huawei-vendor/Technology/Technology-Arrow' is clicked on

2024-08-04 14:26:11 - [MESSAGE][PASSED] - Object: 'Object Repository/PM/Huawei-vendor/Technology/2G' is clicked on

2024-08-04 14:26:11 - [MESSAGE][PASSED] - Object: 'Object Repository/PM/Huawei-vendor/TopX/TopX Object Type' is clicked on

2024-08-04 14:26:12 - [MESSAGE][PASSED] - Delayed 1 second(s)

2024-08-04 14:28:13 - [MESSAGE][INFO] - Unable to find the element located by 'By.xpath: //span[@class='ng-star-inserted'][normalize-space()='BSC']'. Please recheck the objects properties to make sure the desired element is located. 

2024-08-04 14:28:13 - [MESSAGE][FAILED] - Unable to click on object 'Object Repository/PM/Huawei-vendor/Object-Type/TopX Object Types/TopX BSCs/TopX BSC' (Root cause: com.kms.katalon.core.exception.StepFailedException: Unable to click on object 'Object Repository/PM/Huawei-vendor/Object-Type/TopX Object Types/TopX BSCs/TopX BSC'
	at com.kms.katalon.core.webui.keyword.internal.WebUIKeywordMain.stepFailed(WebUIKeywordMain.groovy:64)
	at com.kms.katalon.core.webui.keyword.internal.WebUIKeywordMain.runKeyword(WebUIKeywordMain.groovy:26)
	at com.kms.katalon.core.webui.keyword.builtin.ClickKeyword.click(ClickKeyword.groovy:74)
	at com.kms.katalon.core.webui.keyword.builtin.ClickKeyword.execute(ClickKeyword.groovy:40)
	at com.kms.katalon.core.keyword.internal.KeywordExecutor.executeKeywordForPlatform(KeywordExecutor.groovy:74)
	at com.kms.katalon.core.webui.keyword.WebUiBuiltInKeywords.click(WebUiBuiltInKeywords.groovy:620)
	at com.kms.katalon.core.webui.keyword.WebUiBuiltInKeywords$click$2.call(Unknown Source)
	at PMHwaueiTopX.TopX(PMHwaueiTopX.groovy:915)
	at PMHwaueiTopX.invokeMethod(PMHwaueiTopX.groovy)
	at com.kms.katalon.core.main.CustomKeywordDelegatingMetaClass.invokeStaticMethod(CustomKeywordDelegatingMetaClass.java:55)
	at TopX 2G BSC default.run(TopX 2G BSC default:29)
	at com.kms.katalon.core.main.ScriptEngine.run(ScriptEngine.java:194)
	at com.kms.katalon.core.main.ScriptEngine.runScriptAsRawText(ScriptEngine.java:119)
	at com.kms.katalon.core.main.TestCaseExecutor.runScript(TestCaseExecutor.java:448)
	at com.kms.katalon.core.main.TestCaseExecutor.doExecute(TestCaseExecutor.java:439)
	at com.kms.katalon.core.main.TestCaseExecutor.processExecutionPhase(TestCaseExecutor.java:418)
	at com.kms.katalon.core.main.TestCaseExecutor.accessMainPhase(TestCaseExecutor.java:410)
	at com.kms.katalon.core.main.TestCaseExecutor.execute(TestCaseExecutor.java:285)
	at com.kms.katalon.core.common.CommonExecutor.accessTestCaseMainPhase(CommonExecutor.java:65)
	at com.kms.katalon.core.main.TestSuiteExecutor.accessTestSuiteMainPhase(TestSuiteExecutor.java:148)
	at com.kms.katalon.core.main.TestSuiteExecutor.execute(TestSuiteExecutor.java:106)
	at com.kms.katalon.core.main.TestCaseMain.startTestSuite(TestCaseMain.java:187)
	at com.kms.katalon.core.main.TestCaseMain$startTestSuite$0.call(Unknown Source)
	at TempTestSuite1722769113368.run(TempTestSuite1722769113368.groovy:35)
Caused by: com.kms.katalon.core.webui.exception.WebElementNotFoundException: Web element with id: 'Object Repository/PM/Huawei-vendor/Object-Type/TopX Object Types/TopX BSCs/TopX BSC' located by '//span[@class='ng-star-inserted'][normalize-space()='BSC']' not found
	at com.kms.katalon.core.webui.common.WebUiCommonHelper.findWebElement(WebUiCommonHelper.java:1381)
	at com.kms.katalon.core.webui.keyword.internal.WebUIAbstractKeyword.findWebElement(WebUIAbstractKeyword.groovy:27)
	at com.kms.katalon.core.webui.keyword.builtin.ClickKeyword$_click_closure1.doCall(ClickKeyword.groovy:65)
	at com.kms.katalon.core.webui.keyword.builtin.ClickKeyword$_click_closure1.call(ClickKeyword.groovy)
	at com.kms.katalon.core.webui.keyword.internal.WebUIKeywordMain.runKeyword(WebUIKeywordMain.groovy:20)
	at com.kms.katalon.core.webui.keyword.builtin.ClickKeyword.click(ClickKeyword.groovy:74)
	at com.kms.katalon.core.webui.keyword.builtin.ClickKeyword.execute(ClickKeyword.groovy:40)
	at com.kms.katalon.core.keyword.internal.KeywordExecutor.executeKeywordForPlatform(KeywordExecutor.groovy:74)
	at com.kms.katalon.core.webui.keyword.WebUiBuiltInKeywords.click(WebUiBuiltInKeywords.groovy:620)
	at com.kms.katalon.core.webui.keyword.WebUiBuiltInKeywords$click$2.call(Unknown Source)
	at PMHwaueiTopX.TopX(PMHwaueiTopX.groovy:915)
	at PMHwaueiTopX.invokeMethod(PMHwaueiTopX.groovy)
	at com.kms.katalon.core.main.CustomKeywordDelegatingMetaClass.invokeStaticMethod(CustomKeywordDelegatingMetaClass.java:55)
	at Script1722255097308.run(Script1722255097308.groovy:29)
	... 13 more
)
[[ATTACHMENT|C:\\Users\\FatimaIbeid\\git\\NetCell\\Reports\\20240804_135833\\PM\\Hwauei\\TopX\\Regression TopX 2G\\20240804_135833\\1722770893795.png]]

2024-08-04 14:28:13 - [MESSAGE][FAILED] - Unable to click on object 'Object Repository/PM/Huawei-vendor/Object-Type/TopX Object Types/TopX BSCs/TopX BSC']]></system-out>
         <system-err><![CDATA[2024-08-04 14:25:33 - [TEST_CASE][FAILED] - Test Cases/PM/Hwauei/TopX/2G TopX/XBSC/TopX 2G BSC default: Test Cases/PM/Hwauei/TopX/2G TopX/XBSC/TopX 2G BSC default FAILED.
Reason:
com.kms.katalon.core.exception.StepFailedException: Unable to click on object 'Object Repository/PM/Huawei-vendor/Object-Type/TopX Object Types/TopX BSCs/TopX BSC'
	at com.kms.katalon.core.webui.keyword.internal.WebUIKeywordMain.stepFailed(WebUIKeywordMain.groovy:64)
	at com.kms.katalon.core.webui.keyword.internal.WebUIKeywordMain.runKeyword(WebUIKeywordMain.groovy:26)
	at com.kms.katalon.core.webui.keyword.builtin.ClickKeyword.click(ClickKeyword.groovy:74)
	at com.kms.katalon.core.webui.keyword.builtin.ClickKeyword.execute(ClickKeyword.groovy:40)
	at com.kms.katalon.core.keyword.internal.KeywordExecutor.executeKeywordForPlatform(KeywordExecutor.groovy:74)
	at com.kms.katalon.core.webui.keyword.WebUiBuiltInKeywords.click(WebUiBuiltInKeywords.groovy:620)
	at com.kms.katalon.core.webui.keyword.WebUiBuiltInKeywords$click$2.call(Unknown Source)
	at PMHwaueiTopX.TopX(PMHwaueiTopX.groovy:915)
	at PMHwaueiTopX.invokeMethod(PMHwaueiTopX.groovy)
	at com.kms.katalon.core.main.CustomKeywordDelegatingMetaClass.invokeStaticMethod(CustomKeywordDelegatingMetaClass.java:55)
	at TopX 2G BSC default.run(TopX 2G BSC default:29)
	at com.kms.katalon.core.main.ScriptEngine.run(ScriptEngine.java:194)
	at com.kms.katalon.core.main.ScriptEngine.runScriptAsRawText(ScriptEngine.java:119)
	at com.kms.katalon.core.main.TestCaseExecutor.runScript(TestCaseExecutor.java:448)
	at com.kms.katalon.core.main.TestCaseExecutor.doExecute(TestCaseExecutor.java:439)
	at com.kms.katalon.core.main.TestCaseExecutor.processExecutionPhase(TestCaseExecutor.java:418)
	at com.kms.katalon.core.main.TestCaseExecutor.accessMainPhase(TestCaseExecutor.java:410)
	at com.kms.katalon.core.main.TestCaseExecutor.execute(TestCaseExecutor.java:285)
	at com.kms.katalon.core.common.CommonExecutor.accessTestCaseMainPhase(CommonExecutor.java:65)
	at com.kms.katalon.core.main.TestSuiteExecutor.accessTestSuiteMainPhase(TestSuiteExecutor.java:148)
	at com.kms.katalon.core.main.TestSuiteExecutor.execute(TestSuiteExecutor.java:106)
	at com.kms.katalon.core.main.TestCaseMain.startTestSuite(TestCaseMain.java:187)
	at com.kms.katalon.core.main.TestCaseMain$startTestSuite$0.call(Unknown Source)
	at TempTestSuite1722769113368.run(TempTestSuite1722769113368.groovy:35)
Caused by: com.kms.katalon.core.webui.exception.WebElementNotFoundException: Web element with id: 'Object Repository/PM/Huawei-vendor/Object-Type/TopX Object Types/TopX BSCs/TopX BSC' located by '//span[@class='ng-star-inserted'][normalize-space()='BSC']' not found
	at com.kms.katalon.core.webui.common.WebUiCommonHelper.findWebElement(WebUiCommonHelper.java:1381)
	at com.kms.katalon.core.webui.keyword.internal.WebUIAbstractKeyword.findWebElement(WebUIAbstractKeyword.groovy:27)
	at com.kms.katalon.core.webui.keyword.builtin.ClickKeyword$_click_closure1.doCall(ClickKeyword.groovy:65)
	at com.kms.katalon.core.webui.keyword.builtin.ClickKeyword$_click_closure1.call(ClickKeyword.groovy)
	at com.kms.katalon.core.webui.keyword.internal.WebUIKeywordMain.runKeyword(WebUIKeywordMain.groovy:20)
	... 22 more]]></system-err>
      </testcase>
      <testcase name="Test Cases/PM/Hwauei/TopX/2G TopX/XBSC/TopX 2G BSC with LowX" time="149.349" classname="Test Cases/PM/Hwauei/TopX/2G TopX/XBSC/TopX 2G BSC with LowX" status="FAILED">
         <failure type="FAILED" message="Test Cases/PM/Hwauei/TopX/2G TopX/XBSC/TopX 2G BSC with LowX FAILED.
Reason:
com.kms.katalon.core.exception.StepFailedException: Unable to click on object 'Object Repository/PM/Huawei-vendor/Object-Type/TopX Object Types/TopX BSCs/TopX BSC'
	at com.kms.katalon.core.webui.keyword.internal.WebUIKeywordMain.stepFailed(WebUIKeywordMain.groovy:64)
	at com.kms.katalon.core.webui.keyword.internal.WebUIKeywordMain.runKeyword(WebUIKeywordMain.groovy:26)
	at com.kms.katalon.core.webui.keyword.builtin.ClickKeyword.click(ClickKeyword.groovy:74)
	at com.kms.katalon.core.webui.keyword.builtin.ClickKeyword.execute(ClickKeyword.groovy:40)
	at com.kms.katalon.core.keyword.internal.KeywordExecutor.executeKeywordForPlatform(KeywordExecutor.groovy:74)
	at com.kms.katalon.core.webui.keyword.WebUiBuiltInKeywords.click(WebUiBuiltInKeywords.groovy:620)
	at com.kms.katalon.core.webui.keyword.WebUiBuiltInKeywords$click$2.call(Unknown Source)
	at PMHwaueiTopX.TopX(PMHwaueiTopX.groovy:915)
	at PMHwaueiTopX.invokeMethod(PMHwaueiTopX.groovy)
	at com.kms.katalon.core.main.CustomKeywordDelegatingMetaClass.invokeStaticMethod(CustomKeywordDelegatingMetaClass.java:55)
	at TopX 2G BSC with LowX.run(TopX 2G BSC with LowX:29)
	at com.kms.katalon.core.main.ScriptEngine.run(ScriptEngine.java:194)
	at com.kms.katalon.core.main.ScriptEngine.runScriptAsRawText(ScriptEngine.java:119)
	at com.kms.katalon.core.main.TestCaseExecutor.runScript(TestCaseExecutor.java:448)
	at com.kms.katalon.core.main.TestCaseExecutor.doExecute(TestCaseExecutor.java:439)
	at com.kms.katalon.core.main.TestCaseExecutor.processExecutionPhase(TestCaseExecutor.java:418)
	at com.kms.katalon.core.main.TestCaseExecutor.accessMainPhase(TestCaseExecutor.java:410)
	at com.kms.katalon.core.main.TestCaseExecutor.execute(TestCaseExecutor.java:285)
	at com.kms.katalon.core.common.CommonExecutor.accessTestCaseMainPhase(CommonExecutor.java:65)
	at com.kms.katalon.core.main.TestSuiteExecutor.accessTestSuiteMainPhase(TestSuiteExecutor.java:148)
	at com.kms.katalon.core.main.TestSuiteExecutor.execute(TestSuiteExecutor.java:106)
	at com.kms.katalon.core.main.TestCaseMain.startTestSuite(TestCaseMain.java:187)
	at com.kms.katalon.core.main.TestCaseMain$startTestSuite$0.call(Unknown Source)
	at TempTestSuite1722769113368.run(TempTestSuite1722769113368.groovy:35)
Caused by: com.kms.katalon.core.webui.exception.WebElementNotFoundException: Web element with id: 'Object Repository/PM/Huawei-vendor/Object-Type/TopX Object Types/TopX BSCs/TopX BSC' located by '//span[@class='ng-star-inserted'][normalize-space()='BSC']' not found
	at com.kms.katalon.core.webui.common.WebUiCommonHelper.findWebElement(WebUiCommonHelper.java:1381)
	at com.kms.katalon.core.webui.keyword.internal.WebUIAbstractKeyword.findWebElement(WebUIAbstractKeyword.groovy:27)
	at com.kms.katalon.core.webui.keyword.builtin.ClickKeyword$_click_closure1.doCall(ClickKeyword.groovy:65)
	at com.kms.katalon.core.webui.keyword.builtin.ClickKeyword$_click_closure1.call(ClickKeyword.groovy)
	at com.kms.katalon.core.webui.keyword.internal.WebUIKeywordMain.runKeyword(WebUIKeywordMain.groovy:20)
	... 22 more
"/>
         <system-out><![CDATA[2024-08-04 14:28:13 - [TEST_CASE][FAILED] - Test Cases/PM/Hwauei/TopX/2G TopX/XBSC/TopX 2G BSC with LowX: Test Cases/PM/Hwauei/TopX/2G TopX/XBSC/TopX 2G BSC with LowX FAILED.
Reason:
com.kms.katalon.core.exception.StepFailedException: Unable to click on object 'Object Repository/PM/Huawei-vendor/Object-Type/TopX Object Types/TopX BSCs/TopX BSC'
	at com.kms.katalon.core.webui.keyword.internal.WebUIKeywordMain.stepFailed(WebUIKeywordMain.groovy:64)
	at com.kms.katalon.core.webui.keyword.internal.WebUIKeywordMain.runKeyword(WebUIKeywordMain.groovy:26)
	at com.kms.katalon.core.webui.keyword.builtin.ClickKeyword.click(ClickKeyword.groovy:74)
	at com.kms.katalon.core.webui.keyword.builtin.ClickKeyword.execute(ClickKeyword.groovy:40)
	at com.kms.katalon.core.keyword.internal.KeywordExecutor.executeKeywordForPlatform(KeywordExecutor.groovy:74)
	at com.kms.katalon.core.webui.keyword.WebUiBuiltInKeywords.click(WebUiBuiltInKeywords.groovy:620)
	at com.kms.katalon.core.webui.keyword.WebUiBuiltInKeywords$click$2.call(Unknown Source)
	at PMHwaueiTopX.TopX(PMHwaueiTopX.groovy:915)
	at PMHwaueiTopX.invokeMethod(PMHwaueiTopX.groovy)
	at com.kms.katalon.core.main.CustomKeywordDelegatingMetaClass.invokeStaticMethod(CustomKeywordDelegatingMetaClass.java:55)
	at TopX 2G BSC with LowX.run(TopX 2G BSC with LowX:29)
	at com.kms.katalon.core.main.ScriptEngine.run(ScriptEngine.java:194)
	at com.kms.katalon.core.main.ScriptEngine.runScriptAsRawText(ScriptEngine.java:119)
	at com.kms.katalon.core.main.TestCaseExecutor.runScript(TestCaseExecutor.java:448)
	at com.kms.katalon.core.main.TestCaseExecutor.doExecute(TestCaseExecutor.java:439)
	at com.kms.katalon.core.main.TestCaseExecutor.processExecutionPhase(TestCaseExecutor.java:418)
	at com.kms.katalon.core.main.TestCaseExecutor.accessMainPhase(TestCaseExecutor.java:410)
	at com.kms.katalon.core.main.TestCaseExecutor.execute(TestCaseExecutor.java:285)
	at com.kms.katalon.core.common.CommonExecutor.accessTestCaseMainPhase(CommonExecutor.java:65)
	at com.kms.katalon.core.main.TestSuiteExecutor.accessTestSuiteMainPhase(TestSuiteExecutor.java:148)
	at com.kms.katalon.core.main.TestSuiteExecutor.execute(TestSuiteExecutor.java:106)
	at com.kms.katalon.core.main.TestCaseMain.startTestSuite(TestCaseMain.java:187)
	at com.kms.katalon.core.main.TestCaseMain$startTestSuite$0.call(Unknown Source)
	at TempTestSuite1722769113368.run(TempTestSuite1722769113368.groovy:35)
Caused by: com.kms.katalon.core.webui.exception.WebElementNotFoundException: Web element with id: 'Object Repository/PM/Huawei-vendor/Object-Type/TopX Object Types/TopX BSCs/TopX BSC' located by '//span[@class='ng-star-inserted'][normalize-space()='BSC']' not found
	at com.kms.katalon.core.webui.common.WebUiCommonHelper.findWebElement(WebUiCommonHelper.java:1381)
	at com.kms.katalon.core.webui.keyword.internal.WebUIAbstractKeyword.findWebElement(WebUIAbstractKeyword.groovy:27)
	at com.kms.katalon.core.webui.keyword.builtin.ClickKeyword$_click_closure1.doCall(ClickKeyword.groovy:65)
	at com.kms.katalon.core.webui.keyword.builtin.ClickKeyword$_click_closure1.call(ClickKeyword.groovy)
	at com.kms.katalon.core.webui.keyword.internal.WebUIKeywordMain.runKeyword(WebUIKeywordMain.groovy:20)
	... 22 more


2024-08-04 14:28:14 - [TEST_STEP][PASSED] - callTestCase(findTestCase("Login"), [:], STOP_ON_FAILURE): Call Test Case 'Test Cases/Login' successfully

2024-08-04 14:28:14 - [TEST_CASE][PASSED] - Test Cases/Login: Test Cases/Login

2024-08-04 14:28:14 - [TEST_STEP][PASSED] - driver = general.start(SwagerURL, NetCellURL): general.start is PASSED

2024-08-04 14:28:14 - [MESSAGE][INFO] - >>> chromeDriverPath=C:\Users\FatimaIbeid\.katalon\packages\Katalon_Studio_Windows_64-8.6.9\Katalon_Studio_Windows_64-8.6.9\configuration\resources\drivers\chromedriver_win32\chromedriver.exe

2024-08-04 14:28:15 - [MESSAGE][PASSED] - Current window maximized

2024-08-04 14:28:16 - [MESSAGE][PASSED] - Execute JavaScript 'window.open();' successfully

2024-08-04 14:28:16 - [MESSAGE][PASSED] - Switched to window with index: '1'

2024-08-04 14:28:29 - [MESSAGE][PASSED] - general.start is PASSED

2024-08-04 14:28:29 - [TEST_STEP][PASSED] - click(findTestObject("Object Repository/Login/LoginButton")): Object: 'Object Repository/Login/LoginButton' is clicked on

2024-08-04 14:28:29 - [MESSAGE][PASSED] - Object: 'Object Repository/Login/LoginButton' is clicked on

2024-08-04 14:28:29 - [TEST_STEP][PASSED] - switchToWindowIndex(2): Switched to window with index: '2'

2024-08-04 14:28:29 - [MESSAGE][PASSED] - Switched to window with index: '2'

2024-08-04 14:28:29 - [TEST_STEP][PASSED] - delay(1): Delayed 1 second(s)

2024-08-04 14:28:30 - [MESSAGE][PASSED] - Delayed 1 second(s)

2024-08-04 14:28:30 - [TEST_STEP][PASSED] - sendKeys(findTestObject("Object Repository/Login/EnterEmail"), "homam@zztjg.onmicrosoft.com"): Keys 'homam@zztjg.onmicrosoft.com' sent to object: 'Object Repository/Login/EnterEmail'

2024-08-04 14:28:31 - [MESSAGE][PASSED] - Keys 'homam@zztjg.onmicrosoft.com' sent to object: 'Object Repository/Login/EnterEmail'

2024-08-04 14:28:31 - [TEST_STEP][PASSED] - delay(1): Delayed 1 second(s)

2024-08-04 14:28:32 - [MESSAGE][PASSED] - Delayed 1 second(s)

2024-08-04 14:28:32 - [TEST_STEP][PASSED] - click(findTestObject("Object Repository/Login/NextButton")): Object: 'Object Repository/Login/NextButton' is clicked on

2024-08-04 14:28:32 - [MESSAGE][PASSED] - Object: 'Object Repository/Login/NextButton' is clicked on

2024-08-04 14:28:32 - [TEST_STEP][PASSED] - delay(2): Delayed 2 second(s)

2024-08-04 14:28:34 - [MESSAGE][PASSED] - Delayed 2 second(s)

2024-08-04 14:28:34 - [TEST_STEP][PASSED] - sendKeys(findTestObject("Object Repository/Login/EnterPassword"), "Holder12345"): Keys 'Holder12345' sent to object: 'Object Repository/Login/EnterPassword'

2024-08-04 14:28:35 - [MESSAGE][PASSED] - Keys 'Holder12345' sent to object: 'Object Repository/Login/EnterPassword'

2024-08-04 14:28:35 - [TEST_STEP][PASSED] - delay(1): Delayed 1 second(s)

2024-08-04 14:28:36 - [MESSAGE][PASSED] - Delayed 1 second(s)

2024-08-04 14:28:36 - [TEST_STEP][PASSED] - click(findTestObject("Object Repository/Login/SigninButton")): Object: 'Object Repository/Login/SigninButton' is clicked on

2024-08-04 14:28:37 - [MESSAGE][PASSED] - Object: 'Object Repository/Login/SigninButton' is clicked on

2024-08-04 14:28:37 - [TEST_STEP][PASSED] - delay(1): Delayed 1 second(s)

2024-08-04 14:28:38 - [MESSAGE][PASSED] - Delayed 1 second(s)

2024-08-04 14:28:38 - [TEST_STEP][PASSED] - click(findTestObject("Object Repository/Login/YesStayInButton")): Object: 'Object Repository/Login/YesStayInButton' is clicked on

2024-08-04 14:28:38 - [MESSAGE][PASSED] - Object: 'Object Repository/Login/YesStayInButton' is clicked on

2024-08-04 14:28:38 - [MESSAGE][PASSED] - Call Test Case 'Test Cases/Login' successfully

2024-08-04 14:28:38 - [TEST_STEP][PASSED] - switchToWindowIndex(1): Switched to window with index: '1'

2024-08-04 14:28:39 - [MESSAGE][PASSED] - Switched to window with index: '1'

2024-08-04 14:28:39 - [TEST_STEP][FAILED] - PMHwaueiTopX.TopX("2G", "BSC", true, "Hourly", true, null): Unable to click on object 'Object Repository/PM/Huawei-vendor/Object-Type/TopX Object Types/TopX BSCs/TopX BSC'

2024-08-04 14:28:39 - [MESSAGE][PASSED] - Object: 'Object Repository/PM/PM-Button' is clicked on

2024-08-04 14:28:39 - [MESSAGE][PASSED] - Switched to window with index: '2'

2024-08-04 14:28:40 - [MESSAGE][PASSED] - Object: 'Object Repository/PM/Huawei-vendor/Data-view/TopX' is clicked on

2024-08-04 14:28:40 - [MESSAGE][PASSED] - Object: 'Object Repository/PM/Huawei-vendor/Technology/Technology-Arrow' is clicked on

2024-08-04 14:28:40 - [MESSAGE][PASSED] - Object: 'Object Repository/PM/Huawei-vendor/Technology/2G' is clicked on

2024-08-04 14:28:41 - [MESSAGE][PASSED] - Object: 'Object Repository/PM/Huawei-vendor/TopX/TopX Object Type' is clicked on

2024-08-04 14:28:42 - [MESSAGE][PASSED] - Delayed 1 second(s)

2024-08-04 14:30:43 - [MESSAGE][INFO] - Unable to find the element located by 'By.xpath: //span[@class='ng-star-inserted'][normalize-space()='BSC']'. Please recheck the objects properties to make sure the desired element is located. 

2024-08-04 14:30:43 - [MESSAGE][FAILED] - Unable to click on object 'Object Repository/PM/Huawei-vendor/Object-Type/TopX Object Types/TopX BSCs/TopX BSC' (Root cause: com.kms.katalon.core.exception.StepFailedException: Unable to click on object 'Object Repository/PM/Huawei-vendor/Object-Type/TopX Object Types/TopX BSCs/TopX BSC'
	at com.kms.katalon.core.webui.keyword.internal.WebUIKeywordMain.stepFailed(WebUIKeywordMain.groovy:64)
	at com.kms.katalon.core.webui.keyword.internal.WebUIKeywordMain.runKeyword(WebUIKeywordMain.groovy:26)
	at com.kms.katalon.core.webui.keyword.builtin.ClickKeyword.click(ClickKeyword.groovy:74)
	at com.kms.katalon.core.webui.keyword.builtin.ClickKeyword.execute(ClickKeyword.groovy:40)
	at com.kms.katalon.core.keyword.internal.KeywordExecutor.executeKeywordForPlatform(KeywordExecutor.groovy:74)
	at com.kms.katalon.core.webui.keyword.WebUiBuiltInKeywords.click(WebUiBuiltInKeywords.groovy:620)
	at com.kms.katalon.core.webui.keyword.WebUiBuiltInKeywords$click$2.call(Unknown Source)
	at PMHwaueiTopX.TopX(PMHwaueiTopX.groovy:915)
	at PMHwaueiTopX.invokeMethod(PMHwaueiTopX.groovy)
	at com.kms.katalon.core.main.CustomKeywordDelegatingMetaClass.invokeStaticMethod(CustomKeywordDelegatingMetaClass.java:55)
	at TopX 2G BSC with LowX.run(TopX 2G BSC with LowX:29)
	at com.kms.katalon.core.main.ScriptEngine.run(ScriptEngine.java:194)
	at com.kms.katalon.core.main.ScriptEngine.runScriptAsRawText(ScriptEngine.java:119)
	at com.kms.katalon.core.main.TestCaseExecutor.runScript(TestCaseExecutor.java:448)
	at com.kms.katalon.core.main.TestCaseExecutor.doExecute(TestCaseExecutor.java:439)
	at com.kms.katalon.core.main.TestCaseExecutor.processExecutionPhase(TestCaseExecutor.java:418)
	at com.kms.katalon.core.main.TestCaseExecutor.accessMainPhase(TestCaseExecutor.java:410)
	at com.kms.katalon.core.main.TestCaseExecutor.execute(TestCaseExecutor.java:285)
	at com.kms.katalon.core.common.CommonExecutor.accessTestCaseMainPhase(CommonExecutor.java:65)
	at com.kms.katalon.core.main.TestSuiteExecutor.accessTestSuiteMainPhase(TestSuiteExecutor.java:148)
	at com.kms.katalon.core.main.TestSuiteExecutor.execute(TestSuiteExecutor.java:106)
	at com.kms.katalon.core.main.TestCaseMain.startTestSuite(TestCaseMain.java:187)
	at com.kms.katalon.core.main.TestCaseMain$startTestSuite$0.call(Unknown Source)
	at TempTestSuite1722769113368.run(TempTestSuite1722769113368.groovy:35)
Caused by: com.kms.katalon.core.webui.exception.WebElementNotFoundException: Web element with id: 'Object Repository/PM/Huawei-vendor/Object-Type/TopX Object Types/TopX BSCs/TopX BSC' located by '//span[@class='ng-star-inserted'][normalize-space()='BSC']' not found
	at com.kms.katalon.core.webui.common.WebUiCommonHelper.findWebElement(WebUiCommonHelper.java:1381)
	at com.kms.katalon.core.webui.keyword.internal.WebUIAbstractKeyword.findWebElement(WebUIAbstractKeyword.groovy:27)
	at com.kms.katalon.core.webui.keyword.builtin.ClickKeyword$_click_closure1.doCall(ClickKeyword.groovy:65)
	at com.kms.katalon.core.webui.keyword.builtin.ClickKeyword$_click_closure1.call(ClickKeyword.groovy)
	at com.kms.katalon.core.webui.keyword.internal.WebUIKeywordMain.runKeyword(WebUIKeywordMain.groovy:20)
	at com.kms.katalon.core.webui.keyword.builtin.ClickKeyword.click(ClickKeyword.groovy:74)
	at com.kms.katalon.core.webui.keyword.builtin.ClickKeyword.execute(ClickKeyword.groovy:40)
	at com.kms.katalon.core.keyword.internal.KeywordExecutor.executeKeywordForPlatform(KeywordExecutor.groovy:74)
	at com.kms.katalon.core.webui.keyword.WebUiBuiltInKeywords.click(WebUiBuiltInKeywords.groovy:620)
	at com.kms.katalon.core.webui.keyword.WebUiBuiltInKeywords$click$2.call(Unknown Source)
	at PMHwaueiTopX.TopX(PMHwaueiTopX.groovy:915)
	at PMHwaueiTopX.invokeMethod(PMHwaueiTopX.groovy)
	at com.kms.katalon.core.main.CustomKeywordDelegatingMetaClass.invokeStaticMethod(CustomKeywordDelegatingMetaClass.java:55)
	at Script1722255116518.run(Script1722255116518.groovy:29)
	... 13 more
)
[[ATTACHMENT|C:\\Users\\FatimaIbeid\\git\\NetCell\\Reports\\20240804_135833\\PM\\Hwauei\\TopX\\Regression TopX 2G\\20240804_135833\\1722771043170.png]]

2024-08-04 14:30:43 - [MESSAGE][FAILED] - Unable to click on object 'Object Repository/PM/Huawei-vendor/Object-Type/TopX Object Types/TopX BSCs/TopX BSC']]></system-out>
         <system-err><![CDATA[2024-08-04 14:28:13 - [TEST_CASE][FAILED] - Test Cases/PM/Hwauei/TopX/2G TopX/XBSC/TopX 2G BSC with LowX: Test Cases/PM/Hwauei/TopX/2G TopX/XBSC/TopX 2G BSC with LowX FAILED.
Reason:
com.kms.katalon.core.exception.StepFailedException: Unable to click on object 'Object Repository/PM/Huawei-vendor/Object-Type/TopX Object Types/TopX BSCs/TopX BSC'
	at com.kms.katalon.core.webui.keyword.internal.WebUIKeywordMain.stepFailed(WebUIKeywordMain.groovy:64)
	at com.kms.katalon.core.webui.keyword.internal.WebUIKeywordMain.runKeyword(WebUIKeywordMain.groovy:26)
	at com.kms.katalon.core.webui.keyword.builtin.ClickKeyword.click(ClickKeyword.groovy:74)
	at com.kms.katalon.core.webui.keyword.builtin.ClickKeyword.execute(ClickKeyword.groovy:40)
	at com.kms.katalon.core.keyword.internal.KeywordExecutor.executeKeywordForPlatform(KeywordExecutor.groovy:74)
	at com.kms.katalon.core.webui.keyword.WebUiBuiltInKeywords.click(WebUiBuiltInKeywords.groovy:620)
	at com.kms.katalon.core.webui.keyword.WebUiBuiltInKeywords$click$2.call(Unknown Source)
	at PMHwaueiTopX.TopX(PMHwaueiTopX.groovy:915)
	at PMHwaueiTopX.invokeMethod(PMHwaueiTopX.groovy)
	at com.kms.katalon.core.main.CustomKeywordDelegatingMetaClass.invokeStaticMethod(CustomKeywordDelegatingMetaClass.java:55)
	at TopX 2G BSC with LowX.run(TopX 2G BSC with LowX:29)
	at com.kms.katalon.core.main.ScriptEngine.run(ScriptEngine.java:194)
	at com.kms.katalon.core.main.ScriptEngine.runScriptAsRawText(ScriptEngine.java:119)
	at com.kms.katalon.core.main.TestCaseExecutor.runScript(TestCaseExecutor.java:448)
	at com.kms.katalon.core.main.TestCaseExecutor.doExecute(TestCaseExecutor.java:439)
	at com.kms.katalon.core.main.TestCaseExecutor.processExecutionPhase(TestCaseExecutor.java:418)
	at com.kms.katalon.core.main.TestCaseExecutor.accessMainPhase(TestCaseExecutor.java:410)
	at com.kms.katalon.core.main.TestCaseExecutor.execute(TestCaseExecutor.java:285)
	at com.kms.katalon.core.common.CommonExecutor.accessTestCaseMainPhase(CommonExecutor.java:65)
	at com.kms.katalon.core.main.TestSuiteExecutor.accessTestSuiteMainPhase(TestSuiteExecutor.java:148)
	at com.kms.katalon.core.main.TestSuiteExecutor.execute(TestSuiteExecutor.java:106)
	at com.kms.katalon.core.main.TestCaseMain.startTestSuite(TestCaseMain.java:187)
	at com.kms.katalon.core.main.TestCaseMain$startTestSuite$0.call(Unknown Source)
	at TempTestSuite1722769113368.run(TempTestSuite1722769113368.groovy:35)
Caused by: com.kms.katalon.core.webui.exception.WebElementNotFoundException: Web element with id: 'Object Repository/PM/Huawei-vendor/Object-Type/TopX Object Types/TopX BSCs/TopX BSC' located by '//span[@class='ng-star-inserted'][normalize-space()='BSC']' not found
	at com.kms.katalon.core.webui.common.WebUiCommonHelper.findWebElement(WebUiCommonHelper.java:1381)
	at com.kms.katalon.core.webui.keyword.internal.WebUIAbstractKeyword.findWebElement(WebUIAbstractKeyword.groovy:27)
	at com.kms.katalon.core.webui.keyword.builtin.ClickKeyword$_click_closure1.doCall(ClickKeyword.groovy:65)
	at com.kms.katalon.core.webui.keyword.builtin.ClickKeyword$_click_closure1.call(ClickKeyword.groovy)
	at com.kms.katalon.core.webui.keyword.internal.WebUIKeywordMain.runKeyword(WebUIKeywordMain.groovy:20)
	... 22 more]]></system-err>
      </testcase>
      <testcase name="Test Cases/PM/Hwauei/TopX/2G TopX/XBSC/TopX 2G BSC Daily" time="160.952" classname="Test Cases/PM/Hwauei/TopX/2G TopX/XBSC/TopX 2G BSC Daily" status="FAILED">
         <failure type="FAILED" message="Test Cases/PM/Hwauei/TopX/2G TopX/XBSC/TopX 2G BSC Daily FAILED.
Reason:
com.kms.katalon.core.exception.StepFailedException: Unable to click on object 'Object Repository/PM/Huawei-vendor/Object-Type/TopX Object Types/TopX BSCs/TopX BSC'
	at com.kms.katalon.core.webui.keyword.internal.WebUIKeywordMain.stepFailed(WebUIKeywordMain.groovy:64)
	at com.kms.katalon.core.webui.keyword.internal.WebUIKeywordMain.runKeyword(WebUIKeywordMain.groovy:26)
	at com.kms.katalon.core.webui.keyword.builtin.ClickKeyword.click(ClickKeyword.groovy:74)
	at com.kms.katalon.core.webui.keyword.builtin.ClickKeyword.execute(ClickKeyword.groovy:40)
	at com.kms.katalon.core.keyword.internal.KeywordExecutor.executeKeywordForPlatform(KeywordExecutor.groovy:74)
	at com.kms.katalon.core.webui.keyword.WebUiBuiltInKeywords.click(WebUiBuiltInKeywords.groovy:620)
	at com.kms.katalon.core.webui.keyword.WebUiBuiltInKeywords$click$2.call(Unknown Source)
	at PMHwaueiTopX.TopX(PMHwaueiTopX.groovy:915)
	at PMHwaueiTopX.invokeMethod(PMHwaueiTopX.groovy)
	at com.kms.katalon.core.main.CustomKeywordDelegatingMetaClass.invokeStaticMethod(CustomKeywordDelegatingMetaClass.java:55)
	at TopX 2G BSC Daily.run(TopX 2G BSC Daily:29)
	at com.kms.katalon.core.main.ScriptEngine.run(ScriptEngine.java:194)
	at com.kms.katalon.core.main.ScriptEngine.runScriptAsRawText(ScriptEngine.java:119)
	at com.kms.katalon.core.main.TestCaseExecutor.runScript(TestCaseExecutor.java:448)
	at com.kms.katalon.core.main.TestCaseExecutor.doExecute(TestCaseExecutor.java:439)
	at com.kms.katalon.core.main.TestCaseExecutor.processExecutionPhase(TestCaseExecutor.java:418)
	at com.kms.katalon.core.main.TestCaseExecutor.accessMainPhase(TestCaseExecutor.java:410)
	at com.kms.katalon.core.main.TestCaseExecutor.execute(TestCaseExecutor.java:285)
	at com.kms.katalon.core.common.CommonExecutor.accessTestCaseMainPhase(CommonExecutor.java:65)
	at com.kms.katalon.core.main.TestSuiteExecutor.accessTestSuiteMainPhase(TestSuiteExecutor.java:148)
	at com.kms.katalon.core.main.TestSuiteExecutor.execute(TestSuiteExecutor.java:106)
	at com.kms.katalon.core.main.TestCaseMain.startTestSuite(TestCaseMain.java:187)
	at com.kms.katalon.core.main.TestCaseMain$startTestSuite$0.call(Unknown Source)
	at TempTestSuite1722769113368.run(TempTestSuite1722769113368.groovy:35)
Caused by: com.kms.katalon.core.webui.exception.WebElementNotFoundException: Web element with id: 'Object Repository/PM/Huawei-vendor/Object-Type/TopX Object Types/TopX BSCs/TopX BSC' located by '//span[@class='ng-star-inserted'][normalize-space()='BSC']' not found
	at com.kms.katalon.core.webui.common.WebUiCommonHelper.findWebElement(WebUiCommonHelper.java:1381)
	at com.kms.katalon.core.webui.keyword.internal.WebUIAbstractKeyword.findWebElement(WebUIAbstractKeyword.groovy:27)
	at com.kms.katalon.core.webui.keyword.builtin.ClickKeyword$_click_closure1.doCall(ClickKeyword.groovy:65)
	at com.kms.katalon.core.webui.keyword.builtin.ClickKeyword$_click_closure1.call(ClickKeyword.groovy)
	at com.kms.katalon.core.webui.keyword.internal.WebUIKeywordMain.runKeyword(WebUIKeywordMain.groovy:20)
	... 22 more
"/>
         <system-out><![CDATA[2024-08-04 14:30:43 - [TEST_CASE][FAILED] - Test Cases/PM/Hwauei/TopX/2G TopX/XBSC/TopX 2G BSC Daily: Test Cases/PM/Hwauei/TopX/2G TopX/XBSC/TopX 2G BSC Daily FAILED.
Reason:
com.kms.katalon.core.exception.StepFailedException: Unable to click on object 'Object Repository/PM/Huawei-vendor/Object-Type/TopX Object Types/TopX BSCs/TopX BSC'
	at com.kms.katalon.core.webui.keyword.internal.WebUIKeywordMain.stepFailed(WebUIKeywordMain.groovy:64)
	at com.kms.katalon.core.webui.keyword.internal.WebUIKeywordMain.runKeyword(WebUIKeywordMain.groovy:26)
	at com.kms.katalon.core.webui.keyword.builtin.ClickKeyword.click(ClickKeyword.groovy:74)
	at com.kms.katalon.core.webui.keyword.builtin.ClickKeyword.execute(ClickKeyword.groovy:40)
	at com.kms.katalon.core.keyword.internal.KeywordExecutor.executeKeywordForPlatform(KeywordExecutor.groovy:74)
	at com.kms.katalon.core.webui.keyword.WebUiBuiltInKeywords.click(WebUiBuiltInKeywords.groovy:620)
	at com.kms.katalon.core.webui.keyword.WebUiBuiltInKeywords$click$2.call(Unknown Source)
	at PMHwaueiTopX.TopX(PMHwaueiTopX.groovy:915)
	at PMHwaueiTopX.invokeMethod(PMHwaueiTopX.groovy)
	at com.kms.katalon.core.main.CustomKeywordDelegatingMetaClass.invokeStaticMethod(CustomKeywordDelegatingMetaClass.java:55)
	at TopX 2G BSC Daily.run(TopX 2G BSC Daily:29)
	at com.kms.katalon.core.main.ScriptEngine.run(ScriptEngine.java:194)
	at com.kms.katalon.core.main.ScriptEngine.runScriptAsRawText(ScriptEngine.java:119)
	at com.kms.katalon.core.main.TestCaseExecutor.runScript(TestCaseExecutor.java:448)
	at com.kms.katalon.core.main.TestCaseExecutor.doExecute(TestCaseExecutor.java:439)
	at com.kms.katalon.core.main.TestCaseExecutor.processExecutionPhase(TestCaseExecutor.java:418)
	at com.kms.katalon.core.main.TestCaseExecutor.accessMainPhase(TestCaseExecutor.java:410)
	at com.kms.katalon.core.main.TestCaseExecutor.execute(TestCaseExecutor.java:285)
	at com.kms.katalon.core.common.CommonExecutor.accessTestCaseMainPhase(CommonExecutor.java:65)
	at com.kms.katalon.core.main.TestSuiteExecutor.accessTestSuiteMainPhase(TestSuiteExecutor.java:148)
	at com.kms.katalon.core.main.TestSuiteExecutor.execute(TestSuiteExecutor.java:106)
	at com.kms.katalon.core.main.TestCaseMain.startTestSuite(TestCaseMain.java:187)
	at com.kms.katalon.core.main.TestCaseMain$startTestSuite$0.call(Unknown Source)
	at TempTestSuite1722769113368.run(TempTestSuite1722769113368.groovy:35)
Caused by: com.kms.katalon.core.webui.exception.WebElementNotFoundException: Web element with id: 'Object Repository/PM/Huawei-vendor/Object-Type/TopX Object Types/TopX BSCs/TopX BSC' located by '//span[@class='ng-star-inserted'][normalize-space()='BSC']' not found
	at com.kms.katalon.core.webui.common.WebUiCommonHelper.findWebElement(WebUiCommonHelper.java:1381)
	at com.kms.katalon.core.webui.keyword.internal.WebUIAbstractKeyword.findWebElement(WebUIAbstractKeyword.groovy:27)
	at com.kms.katalon.core.webui.keyword.builtin.ClickKeyword$_click_closure1.doCall(ClickKeyword.groovy:65)
	at com.kms.katalon.core.webui.keyword.builtin.ClickKeyword$_click_closure1.call(ClickKeyword.groovy)
	at com.kms.katalon.core.webui.keyword.internal.WebUIKeywordMain.runKeyword(WebUIKeywordMain.groovy:20)
	... 22 more


2024-08-04 14:30:43 - [TEST_STEP][PASSED] - callTestCase(findTestCase("Login"), [:], STOP_ON_FAILURE): Call Test Case 'Test Cases/Login' successfully

2024-08-04 14:30:43 - [TEST_CASE][PASSED] - Test Cases/Login: Test Cases/Login

2024-08-04 14:30:43 - [TEST_STEP][PASSED] - driver = general.start(SwagerURL, NetCellURL): general.start is PASSED

2024-08-04 14:30:43 - [MESSAGE][INFO] - >>> chromeDriverPath=C:\Users\FatimaIbeid\.katalon\packages\Katalon_Studio_Windows_64-8.6.9\Katalon_Studio_Windows_64-8.6.9\configuration\resources\drivers\chromedriver_win32\chromedriver.exe

2024-08-04 14:30:44 - [MESSAGE][PASSED] - Current window maximized

2024-08-04 14:30:45 - [MESSAGE][PASSED] - Execute JavaScript 'window.open();' successfully

2024-08-04 14:30:45 - [MESSAGE][PASSED] - Switched to window with index: '1'

2024-08-04 14:30:56 - [MESSAGE][PASSED] - general.start is PASSED

2024-08-04 14:30:56 - [TEST_STEP][PASSED] - click(findTestObject("Object Repository/Login/LoginButton")): Object: 'Object Repository/Login/LoginButton' is clicked on

2024-08-04 14:30:56 - [MESSAGE][PASSED] - Object: 'Object Repository/Login/LoginButton' is clicked on

2024-08-04 14:30:56 - [TEST_STEP][PASSED] - switchToWindowIndex(2): Switched to window with index: '2'

2024-08-04 14:30:57 - [MESSAGE][PASSED] - Switched to window with index: '2'

2024-08-04 14:30:57 - [TEST_STEP][PASSED] - delay(1): Delayed 1 second(s)

2024-08-04 14:30:58 - [MESSAGE][PASSED] - Delayed 1 second(s)

2024-08-04 14:30:58 - [TEST_STEP][PASSED] - sendKeys(findTestObject("Object Repository/Login/EnterEmail"), "homam@zztjg.onmicrosoft.com"): Keys 'homam@zztjg.onmicrosoft.com' sent to object: 'Object Repository/Login/EnterEmail'

2024-08-04 14:30:59 - [MESSAGE][PASSED] - Keys 'homam@zztjg.onmicrosoft.com' sent to object: 'Object Repository/Login/EnterEmail'

2024-08-04 14:30:59 - [TEST_STEP][PASSED] - delay(1): Delayed 1 second(s)

2024-08-04 14:31:00 - [MESSAGE][PASSED] - Delayed 1 second(s)

2024-08-04 14:31:00 - [TEST_STEP][PASSED] - click(findTestObject("Object Repository/Login/NextButton")): Object: 'Object Repository/Login/NextButton' is clicked on

2024-08-04 14:31:00 - [MESSAGE][PASSED] - Object: 'Object Repository/Login/NextButton' is clicked on

2024-08-04 14:31:00 - [TEST_STEP][PASSED] - delay(2): Delayed 2 second(s)

2024-08-04 14:31:02 - [MESSAGE][PASSED] - Delayed 2 second(s)

2024-08-04 14:31:02 - [TEST_STEP][PASSED] - sendKeys(findTestObject("Object Repository/Login/EnterPassword"), "Holder12345"): Keys 'Holder12345' sent to object: 'Object Repository/Login/EnterPassword'

2024-08-04 14:31:02 - [MESSAGE][PASSED] - Keys 'Holder12345' sent to object: 'Object Repository/Login/EnterPassword'

2024-08-04 14:31:02 - [TEST_STEP][PASSED] - delay(1): Delayed 1 second(s)

2024-08-04 14:31:03 - [MESSAGE][PASSED] - Delayed 1 second(s)

2024-08-04 14:31:03 - [TEST_STEP][PASSED] - click(findTestObject("Object Repository/Login/SigninButton")): Object: 'Object Repository/Login/SigninButton' is clicked on

2024-08-04 14:31:04 - [MESSAGE][PASSED] - Object: 'Object Repository/Login/SigninButton' is clicked on

2024-08-04 14:31:04 - [TEST_STEP][PASSED] - delay(1): Delayed 1 second(s)

2024-08-04 14:31:05 - [MESSAGE][PASSED] - Delayed 1 second(s)

2024-08-04 14:31:05 - [TEST_STEP][PASSED] - click(findTestObject("Object Repository/Login/YesStayInButton")): Object: 'Object Repository/Login/YesStayInButton' is clicked on

2024-08-04 14:31:06 - [MESSAGE][PASSED] - Object: 'Object Repository/Login/YesStayInButton' is clicked on

2024-08-04 14:31:06 - [MESSAGE][PASSED] - Call Test Case 'Test Cases/Login' successfully

2024-08-04 14:31:06 - [TEST_STEP][PASSED] - switchToWindowIndex(1): Switched to window with index: '1'

2024-08-04 14:31:06 - [MESSAGE][PASSED] - Switched to window with index: '1'

2024-08-04 14:31:06 - [TEST_STEP][FAILED] - PMHwaueiTopX.TopX("2G", "BSC", false, "Daily", false, null): Unable to click on object 'Object Repository/PM/Huawei-vendor/Object-Type/TopX Object Types/TopX BSCs/TopX BSC'

2024-08-04 14:31:08 - [MESSAGE][PASSED] - Object: 'Object Repository/PM/PM-Button' is clicked on

2024-08-04 14:31:08 - [MESSAGE][PASSED] - Switched to window with index: '2'

2024-08-04 14:31:21 - [MESSAGE][PASSED] - Object: 'Object Repository/PM/Huawei-vendor/Data-view/TopX' is clicked on

2024-08-04 14:31:21 - [MESSAGE][PASSED] - Object: 'Object Repository/PM/Huawei-vendor/Technology/Technology-Arrow' is clicked on

2024-08-04 14:31:21 - [MESSAGE][PASSED] - Object: 'Object Repository/PM/Huawei-vendor/Technology/2G' is clicked on

2024-08-04 14:31:22 - [MESSAGE][PASSED] - Object: 'Object Repository/PM/Huawei-vendor/TopX/TopX Object Type' is clicked on

2024-08-04 14:31:23 - [MESSAGE][PASSED] - Delayed 1 second(s)

2024-08-04 14:33:24 - [MESSAGE][INFO] - Unable to find the element located by 'By.xpath: //span[@class='ng-star-inserted'][normalize-space()='BSC']'. Please recheck the objects properties to make sure the desired element is located. 

2024-08-04 14:33:24 - [MESSAGE][FAILED] - Unable to click on object 'Object Repository/PM/Huawei-vendor/Object-Type/TopX Object Types/TopX BSCs/TopX BSC' (Root cause: com.kms.katalon.core.exception.StepFailedException: Unable to click on object 'Object Repository/PM/Huawei-vendor/Object-Type/TopX Object Types/TopX BSCs/TopX BSC'
	at com.kms.katalon.core.webui.keyword.internal.WebUIKeywordMain.stepFailed(WebUIKeywordMain.groovy:64)
	at com.kms.katalon.core.webui.keyword.internal.WebUIKeywordMain.runKeyword(WebUIKeywordMain.groovy:26)
	at com.kms.katalon.core.webui.keyword.builtin.ClickKeyword.click(ClickKeyword.groovy:74)
	at com.kms.katalon.core.webui.keyword.builtin.ClickKeyword.execute(ClickKeyword.groovy:40)
	at com.kms.katalon.core.keyword.internal.KeywordExecutor.executeKeywordForPlatform(KeywordExecutor.groovy:74)
	at com.kms.katalon.core.webui.keyword.WebUiBuiltInKeywords.click(WebUiBuiltInKeywords.groovy:620)
	at com.kms.katalon.core.webui.keyword.WebUiBuiltInKeywords$click$2.call(Unknown Source)
	at PMHwaueiTopX.TopX(PMHwaueiTopX.groovy:915)
	at PMHwaueiTopX.invokeMethod(PMHwaueiTopX.groovy)
	at com.kms.katalon.core.main.CustomKeywordDelegatingMetaClass.invokeStaticMethod(CustomKeywordDelegatingMetaClass.java:55)
	at TopX 2G BSC Daily.run(TopX 2G BSC Daily:29)
	at com.kms.katalon.core.main.ScriptEngine.run(ScriptEngine.java:194)
	at com.kms.katalon.core.main.ScriptEngine.runScriptAsRawText(ScriptEngine.java:119)
	at com.kms.katalon.core.main.TestCaseExecutor.runScript(TestCaseExecutor.java:448)
	at com.kms.katalon.core.main.TestCaseExecutor.doExecute(TestCaseExecutor.java:439)
	at com.kms.katalon.core.main.TestCaseExecutor.processExecutionPhase(TestCaseExecutor.java:418)
	at com.kms.katalon.core.main.TestCaseExecutor.accessMainPhase(TestCaseExecutor.java:410)
	at com.kms.katalon.core.main.TestCaseExecutor.execute(TestCaseExecutor.java:285)
	at com.kms.katalon.core.common.CommonExecutor.accessTestCaseMainPhase(CommonExecutor.java:65)
	at com.kms.katalon.core.main.TestSuiteExecutor.accessTestSuiteMainPhase(TestSuiteExecutor.java:148)
	at com.kms.katalon.core.main.TestSuiteExecutor.execute(TestSuiteExecutor.java:106)
	at com.kms.katalon.core.main.TestCaseMain.startTestSuite(TestCaseMain.java:187)
	at com.kms.katalon.core.main.TestCaseMain$startTestSuite$0.call(Unknown Source)
	at TempTestSuite1722769113368.run(TempTestSuite1722769113368.groovy:35)
Caused by: com.kms.katalon.core.webui.exception.WebElementNotFoundException: Web element with id: 'Object Repository/PM/Huawei-vendor/Object-Type/TopX Object Types/TopX BSCs/TopX BSC' located by '//span[@class='ng-star-inserted'][normalize-space()='BSC']' not found
	at com.kms.katalon.core.webui.common.WebUiCommonHelper.findWebElement(WebUiCommonHelper.java:1381)
	at com.kms.katalon.core.webui.keyword.internal.WebUIAbstractKeyword.findWebElement(WebUIAbstractKeyword.groovy:27)
	at com.kms.katalon.core.webui.keyword.builtin.ClickKeyword$_click_closure1.doCall(ClickKeyword.groovy:65)
	at com.kms.katalon.core.webui.keyword.builtin.ClickKeyword$_click_closure1.call(ClickKeyword.groovy)
	at com.kms.katalon.core.webui.keyword.internal.WebUIKeywordMain.runKeyword(WebUIKeywordMain.groovy:20)
	at com.kms.katalon.core.webui.keyword.builtin.ClickKeyword.click(ClickKeyword.groovy:74)
	at com.kms.katalon.core.webui.keyword.builtin.ClickKeyword.execute(ClickKeyword.groovy:40)
	at com.kms.katalon.core.keyword.internal.KeywordExecutor.executeKeywordForPlatform(KeywordExecutor.groovy:74)
	at com.kms.katalon.core.webui.keyword.WebUiBuiltInKeywords.click(WebUiBuiltInKeywords.groovy:620)
	at com.kms.katalon.core.webui.keyword.WebUiBuiltInKeywords$click$2.call(Unknown Source)
	at PMHwaueiTopX.TopX(PMHwaueiTopX.groovy:915)
	at PMHwaueiTopX.invokeMethod(PMHwaueiTopX.groovy)
	at com.kms.katalon.core.main.CustomKeywordDelegatingMetaClass.invokeStaticMethod(CustomKeywordDelegatingMetaClass.java:55)
	at Script1722342327041.run(Script1722342327041.groovy:29)
	... 13 more
)
[[ATTACHMENT|C:\\Users\\FatimaIbeid\\git\\NetCell\\Reports\\20240804_135833\\PM\\Hwauei\\TopX\\Regression TopX 2G\\20240804_135833\\1722771204098.png]]

2024-08-04 14:33:24 - [MESSAGE][FAILED] - Unable to click on object 'Object Repository/PM/Huawei-vendor/Object-Type/TopX Object Types/TopX BSCs/TopX BSC']]></system-out>
         <system-err><![CDATA[2024-08-04 14:30:43 - [TEST_CASE][FAILED] - Test Cases/PM/Hwauei/TopX/2G TopX/XBSC/TopX 2G BSC Daily: Test Cases/PM/Hwauei/TopX/2G TopX/XBSC/TopX 2G BSC Daily FAILED.
Reason:
com.kms.katalon.core.exception.StepFailedException: Unable to click on object 'Object Repository/PM/Huawei-vendor/Object-Type/TopX Object Types/TopX BSCs/TopX BSC'
	at com.kms.katalon.core.webui.keyword.internal.WebUIKeywordMain.stepFailed(WebUIKeywordMain.groovy:64)
	at com.kms.katalon.core.webui.keyword.internal.WebUIKeywordMain.runKeyword(WebUIKeywordMain.groovy:26)
	at com.kms.katalon.core.webui.keyword.builtin.ClickKeyword.click(ClickKeyword.groovy:74)
	at com.kms.katalon.core.webui.keyword.builtin.ClickKeyword.execute(ClickKeyword.groovy:40)
	at com.kms.katalon.core.keyword.internal.KeywordExecutor.executeKeywordForPlatform(KeywordExecutor.groovy:74)
	at com.kms.katalon.core.webui.keyword.WebUiBuiltInKeywords.click(WebUiBuiltInKeywords.groovy:620)
	at com.kms.katalon.core.webui.keyword.WebUiBuiltInKeywords$click$2.call(Unknown Source)
	at PMHwaueiTopX.TopX(PMHwaueiTopX.groovy:915)
	at PMHwaueiTopX.invokeMethod(PMHwaueiTopX.groovy)
	at com.kms.katalon.core.main.CustomKeywordDelegatingMetaClass.invokeStaticMethod(CustomKeywordDelegatingMetaClass.java:55)
	at TopX 2G BSC Daily.run(TopX 2G BSC Daily:29)
	at com.kms.katalon.core.main.ScriptEngine.run(ScriptEngine.java:194)
	at com.kms.katalon.core.main.ScriptEngine.runScriptAsRawText(ScriptEngine.java:119)
	at com.kms.katalon.core.main.TestCaseExecutor.runScript(TestCaseExecutor.java:448)
	at com.kms.katalon.core.main.TestCaseExecutor.doExecute(TestCaseExecutor.java:439)
	at com.kms.katalon.core.main.TestCaseExecutor.processExecutionPhase(TestCaseExecutor.java:418)
	at com.kms.katalon.core.main.TestCaseExecutor.accessMainPhase(TestCaseExecutor.java:410)
	at com.kms.katalon.core.main.TestCaseExecutor.execute(TestCaseExecutor.java:285)
	at com.kms.katalon.core.common.CommonExecutor.accessTestCaseMainPhase(CommonExecutor.java:65)
	at com.kms.katalon.core.main.TestSuiteExecutor.accessTestSuiteMainPhase(TestSuiteExecutor.java:148)
	at com.kms.katalon.core.main.TestSuiteExecutor.execute(TestSuiteExecutor.java:106)
	at com.kms.katalon.core.main.TestCaseMain.startTestSuite(TestCaseMain.java:187)
	at com.kms.katalon.core.main.TestCaseMain$startTestSuite$0.call(Unknown Source)
	at TempTestSuite1722769113368.run(TempTestSuite1722769113368.groovy:35)
Caused by: com.kms.katalon.core.webui.exception.WebElementNotFoundException: Web element with id: 'Object Repository/PM/Huawei-vendor/Object-Type/TopX Object Types/TopX BSCs/TopX BSC' located by '//span[@class='ng-star-inserted'][normalize-space()='BSC']' not found
	at com.kms.katalon.core.webui.common.WebUiCommonHelper.findWebElement(WebUiCommonHelper.java:1381)
	at com.kms.katalon.core.webui.keyword.internal.WebUIAbstractKeyword.findWebElement(WebUIAbstractKeyword.groovy:27)
	at com.kms.katalon.core.webui.keyword.builtin.ClickKeyword$_click_closure1.doCall(ClickKeyword.groovy:65)
	at com.kms.katalon.core.webui.keyword.builtin.ClickKeyword$_click_closure1.call(ClickKeyword.groovy)
	at com.kms.katalon.core.webui.keyword.internal.WebUIKeywordMain.runKeyword(WebUIKeywordMain.groovy:20)
	... 22 more]]></system-err>
      </testcase>
      <testcase name="Test Cases/PM/Hwauei/TopX/2G TopX/XBSC/TopX 2G BSC DailyBH" time="156.43" classname="Test Cases/PM/Hwauei/TopX/2G TopX/XBSC/TopX 2G BSC DailyBH" status="FAILED">
         <failure type="FAILED" message="Test Cases/PM/Hwauei/TopX/2G TopX/XBSC/TopX 2G BSC DailyBH FAILED.
Reason:
com.kms.katalon.core.exception.StepFailedException: Unable to click on object 'Object Repository/PM/Huawei-vendor/Object-Type/TopX Object Types/TopX BSCs/TopX BSC'
	at com.kms.katalon.core.webui.keyword.internal.WebUIKeywordMain.stepFailed(WebUIKeywordMain.groovy:64)
	at com.kms.katalon.core.webui.keyword.internal.WebUIKeywordMain.runKeyword(WebUIKeywordMain.groovy:26)
	at com.kms.katalon.core.webui.keyword.builtin.ClickKeyword.click(ClickKeyword.groovy:74)
	at com.kms.katalon.core.webui.keyword.builtin.ClickKeyword.execute(ClickKeyword.groovy:40)
	at com.kms.katalon.core.keyword.internal.KeywordExecutor.executeKeywordForPlatform(KeywordExecutor.groovy:74)
	at com.kms.katalon.core.webui.keyword.WebUiBuiltInKeywords.click(WebUiBuiltInKeywords.groovy:620)
	at com.kms.katalon.core.webui.keyword.WebUiBuiltInKeywords$click$2.call(Unknown Source)
	at PMHwaueiTopX.TopX(PMHwaueiTopX.groovy:915)
	at PMHwaueiTopX.invokeMethod(PMHwaueiTopX.groovy)
	at com.kms.katalon.core.main.CustomKeywordDelegatingMetaClass.invokeStaticMethod(CustomKeywordDelegatingMetaClass.java:55)
	at TopX 2G BSC DailyBH.run(TopX 2G BSC DailyBH:29)
	at com.kms.katalon.core.main.ScriptEngine.run(ScriptEngine.java:194)
	at com.kms.katalon.core.main.ScriptEngine.runScriptAsRawText(ScriptEngine.java:119)
	at com.kms.katalon.core.main.TestCaseExecutor.runScript(TestCaseExecutor.java:448)
	at com.kms.katalon.core.main.TestCaseExecutor.doExecute(TestCaseExecutor.java:439)
	at com.kms.katalon.core.main.TestCaseExecutor.processExecutionPhase(TestCaseExecutor.java:418)
	at com.kms.katalon.core.main.TestCaseExecutor.accessMainPhase(TestCaseExecutor.java:410)
	at com.kms.katalon.core.main.TestCaseExecutor.execute(TestCaseExecutor.java:285)
	at com.kms.katalon.core.common.CommonExecutor.accessTestCaseMainPhase(CommonExecutor.java:65)
	at com.kms.katalon.core.main.TestSuiteExecutor.accessTestSuiteMainPhase(TestSuiteExecutor.java:148)
	at com.kms.katalon.core.main.TestSuiteExecutor.execute(TestSuiteExecutor.java:106)
	at com.kms.katalon.core.main.TestCaseMain.startTestSuite(TestCaseMain.java:187)
	at com.kms.katalon.core.main.TestCaseMain$startTestSuite$0.call(Unknown Source)
	at TempTestSuite1722769113368.run(TempTestSuite1722769113368.groovy:35)
Caused by: com.kms.katalon.core.webui.exception.WebElementNotFoundException: Web element with id: 'Object Repository/PM/Huawei-vendor/Object-Type/TopX Object Types/TopX BSCs/TopX BSC' located by '//span[@class='ng-star-inserted'][normalize-space()='BSC']' not found
	at com.kms.katalon.core.webui.common.WebUiCommonHelper.findWebElement(WebUiCommonHelper.java:1381)
	at com.kms.katalon.core.webui.keyword.internal.WebUIAbstractKeyword.findWebElement(WebUIAbstractKeyword.groovy:27)
	at com.kms.katalon.core.webui.keyword.builtin.ClickKeyword$_click_closure1.doCall(ClickKeyword.groovy:65)
	at com.kms.katalon.core.webui.keyword.builtin.ClickKeyword$_click_closure1.call(ClickKeyword.groovy)
	at com.kms.katalon.core.webui.keyword.internal.WebUIKeywordMain.runKeyword(WebUIKeywordMain.groovy:20)
	... 22 more
"/>
         <system-out><![CDATA[2024-08-04 14:33:24 - [TEST_CASE][FAILED] - Test Cases/PM/Hwauei/TopX/2G TopX/XBSC/TopX 2G BSC DailyBH: Test Cases/PM/Hwauei/TopX/2G TopX/XBSC/TopX 2G BSC DailyBH FAILED.
Reason:
com.kms.katalon.core.exception.StepFailedException: Unable to click on object 'Object Repository/PM/Huawei-vendor/Object-Type/TopX Object Types/TopX BSCs/TopX BSC'
	at com.kms.katalon.core.webui.keyword.internal.WebUIKeywordMain.stepFailed(WebUIKeywordMain.groovy:64)
	at com.kms.katalon.core.webui.keyword.internal.WebUIKeywordMain.runKeyword(WebUIKeywordMain.groovy:26)
	at com.kms.katalon.core.webui.keyword.builtin.ClickKeyword.click(ClickKeyword.groovy:74)
	at com.kms.katalon.core.webui.keyword.builtin.ClickKeyword.execute(ClickKeyword.groovy:40)
	at com.kms.katalon.core.keyword.internal.KeywordExecutor.executeKeywordForPlatform(KeywordExecutor.groovy:74)
	at com.kms.katalon.core.webui.keyword.WebUiBuiltInKeywords.click(WebUiBuiltInKeywords.groovy:620)
	at com.kms.katalon.core.webui.keyword.WebUiBuiltInKeywords$click$2.call(Unknown Source)
	at PMHwaueiTopX.TopX(PMHwaueiTopX.groovy:915)
	at PMHwaueiTopX.invokeMethod(PMHwaueiTopX.groovy)
	at com.kms.katalon.core.main.CustomKeywordDelegatingMetaClass.invokeStaticMethod(CustomKeywordDelegatingMetaClass.java:55)
	at TopX 2G BSC DailyBH.run(TopX 2G BSC DailyBH:29)
	at com.kms.katalon.core.main.ScriptEngine.run(ScriptEngine.java:194)
	at com.kms.katalon.core.main.ScriptEngine.runScriptAsRawText(ScriptEngine.java:119)
	at com.kms.katalon.core.main.TestCaseExecutor.runScript(TestCaseExecutor.java:448)
	at com.kms.katalon.core.main.TestCaseExecutor.doExecute(TestCaseExecutor.java:439)
	at com.kms.katalon.core.main.TestCaseExecutor.processExecutionPhase(TestCaseExecutor.java:418)
	at com.kms.katalon.core.main.TestCaseExecutor.accessMainPhase(TestCaseExecutor.java:410)
	at com.kms.katalon.core.main.TestCaseExecutor.execute(TestCaseExecutor.java:285)
	at com.kms.katalon.core.common.CommonExecutor.accessTestCaseMainPhase(CommonExecutor.java:65)
	at com.kms.katalon.core.main.TestSuiteExecutor.accessTestSuiteMainPhase(TestSuiteExecutor.java:148)
	at com.kms.katalon.core.main.TestSuiteExecutor.execute(TestSuiteExecutor.java:106)
	at com.kms.katalon.core.main.TestCaseMain.startTestSuite(TestCaseMain.java:187)
	at com.kms.katalon.core.main.TestCaseMain$startTestSuite$0.call(Unknown Source)
	at TempTestSuite1722769113368.run(TempTestSuite1722769113368.groovy:35)
Caused by: com.kms.katalon.core.webui.exception.WebElementNotFoundException: Web element with id: 'Object Repository/PM/Huawei-vendor/Object-Type/TopX Object Types/TopX BSCs/TopX BSC' located by '//span[@class='ng-star-inserted'][normalize-space()='BSC']' not found
	at com.kms.katalon.core.webui.common.WebUiCommonHelper.findWebElement(WebUiCommonHelper.java:1381)
	at com.kms.katalon.core.webui.keyword.internal.WebUIAbstractKeyword.findWebElement(WebUIAbstractKeyword.groovy:27)
	at com.kms.katalon.core.webui.keyword.builtin.ClickKeyword$_click_closure1.doCall(ClickKeyword.groovy:65)
	at com.kms.katalon.core.webui.keyword.builtin.ClickKeyword$_click_closure1.call(ClickKeyword.groovy)
	at com.kms.katalon.core.webui.keyword.internal.WebUIKeywordMain.runKeyword(WebUIKeywordMain.groovy:20)
	... 22 more


2024-08-04 14:33:24 - [TEST_STEP][PASSED] - callTestCase(findTestCase("Login"), [:], STOP_ON_FAILURE): Call Test Case 'Test Cases/Login' successfully

2024-08-04 14:33:24 - [TEST_CASE][PASSED] - Test Cases/Login: Test Cases/Login

2024-08-04 14:33:24 - [TEST_STEP][PASSED] - driver = general.start(SwagerURL, NetCellURL): general.start is PASSED

2024-08-04 14:33:24 - [MESSAGE][INFO] - >>> chromeDriverPath=C:\Users\FatimaIbeid\.katalon\packages\Katalon_Studio_Windows_64-8.6.9\Katalon_Studio_Windows_64-8.6.9\configuration\resources\drivers\chromedriver_win32\chromedriver.exe

2024-08-04 14:33:25 - [MESSAGE][PASSED] - Current window maximized

2024-08-04 14:33:26 - [MESSAGE][PASSED] - Execute JavaScript 'window.open();' successfully

2024-08-04 14:33:26 - [MESSAGE][PASSED] - Switched to window with index: '1'

2024-08-04 14:33:37 - [MESSAGE][PASSED] - general.start is PASSED

2024-08-04 14:33:37 - [TEST_STEP][PASSED] - click(findTestObject("Object Repository/Login/LoginButton")): Object: 'Object Repository/Login/LoginButton' is clicked on

2024-08-04 14:33:37 - [MESSAGE][PASSED] - Object: 'Object Repository/Login/LoginButton' is clicked on

2024-08-04 14:33:37 - [TEST_STEP][PASSED] - switchToWindowIndex(2): Switched to window with index: '2'

2024-08-04 14:33:37 - [MESSAGE][PASSED] - Switched to window with index: '2'

2024-08-04 14:33:37 - [TEST_STEP][PASSED] - delay(1): Delayed 1 second(s)

2024-08-04 14:33:38 - [MESSAGE][PASSED] - Delayed 1 second(s)

2024-08-04 14:33:38 - [TEST_STEP][PASSED] - sendKeys(findTestObject("Object Repository/Login/EnterEmail"), "homam@zztjg.onmicrosoft.com"): Keys 'homam@zztjg.onmicrosoft.com' sent to object: 'Object Repository/Login/EnterEmail'

2024-08-04 14:33:39 - [MESSAGE][PASSED] - Keys 'homam@zztjg.onmicrosoft.com' sent to object: 'Object Repository/Login/EnterEmail'

2024-08-04 14:33:39 - [TEST_STEP][PASSED] - delay(1): Delayed 1 second(s)

2024-08-04 14:33:40 - [MESSAGE][PASSED] - Delayed 1 second(s)

2024-08-04 14:33:40 - [TEST_STEP][PASSED] - click(findTestObject("Object Repository/Login/NextButton")): Object: 'Object Repository/Login/NextButton' is clicked on

2024-08-04 14:33:40 - [MESSAGE][PASSED] - Object: 'Object Repository/Login/NextButton' is clicked on

2024-08-04 14:33:40 - [TEST_STEP][PASSED] - delay(2): Delayed 2 second(s)

2024-08-04 14:33:42 - [MESSAGE][PASSED] - Delayed 2 second(s)

2024-08-04 14:33:42 - [TEST_STEP][PASSED] - sendKeys(findTestObject("Object Repository/Login/EnterPassword"), "Holder12345"): Keys 'Holder12345' sent to object: 'Object Repository/Login/EnterPassword'

2024-08-04 14:33:42 - [MESSAGE][PASSED] - Keys 'Holder12345' sent to object: 'Object Repository/Login/EnterPassword'

2024-08-04 14:33:42 - [TEST_STEP][PASSED] - delay(1): Delayed 1 second(s)

2024-08-04 14:33:43 - [MESSAGE][PASSED] - Delayed 1 second(s)

2024-08-04 14:33:43 - [TEST_STEP][PASSED] - click(findTestObject("Object Repository/Login/SigninButton")): Object: 'Object Repository/Login/SigninButton' is clicked on

2024-08-04 14:33:44 - [MESSAGE][PASSED] - Object: 'Object Repository/Login/SigninButton' is clicked on

2024-08-04 14:33:44 - [TEST_STEP][PASSED] - delay(1): Delayed 1 second(s)

2024-08-04 14:33:45 - [MESSAGE][PASSED] - Delayed 1 second(s)

2024-08-04 14:33:45 - [TEST_STEP][PASSED] - click(findTestObject("Object Repository/Login/YesStayInButton")): Object: 'Object Repository/Login/YesStayInButton' is clicked on

2024-08-04 14:33:46 - [MESSAGE][PASSED] - Object: 'Object Repository/Login/YesStayInButton' is clicked on

2024-08-04 14:33:46 - [MESSAGE][PASSED] - Call Test Case 'Test Cases/Login' successfully

2024-08-04 14:33:46 - [TEST_STEP][PASSED] - switchToWindowIndex(1): Switched to window with index: '1'

2024-08-04 14:33:46 - [MESSAGE][PASSED] - Switched to window with index: '1'

2024-08-04 14:33:46 - [TEST_STEP][FAILED] - PMHwaueiTopX.TopX("2G", "BSC", false, "DailyBH", false, null): Unable to click on object 'Object Repository/PM/Huawei-vendor/Object-Type/TopX Object Types/TopX BSCs/TopX BSC'

2024-08-04 14:33:46 - [MESSAGE][PASSED] - Object: 'Object Repository/PM/PM-Button' is clicked on

2024-08-04 14:33:46 - [MESSAGE][PASSED] - Switched to window with index: '2'

2024-08-04 14:33:57 - [MESSAGE][PASSED] - Object: 'Object Repository/PM/Huawei-vendor/Data-view/TopX' is clicked on

2024-08-04 14:33:58 - [MESSAGE][PASSED] - Object: 'Object Repository/PM/Huawei-vendor/Technology/Technology-Arrow' is clicked on

2024-08-04 14:33:58 - [MESSAGE][PASSED] - Object: 'Object Repository/PM/Huawei-vendor/Technology/2G' is clicked on

2024-08-04 14:33:58 - [MESSAGE][PASSED] - Object: 'Object Repository/PM/Huawei-vendor/TopX/TopX Object Type' is clicked on

2024-08-04 14:33:59 - [MESSAGE][PASSED] - Delayed 1 second(s)

2024-08-04 14:36:00 - [MESSAGE][INFO] - Unable to find the element located by 'By.xpath: //span[@class='ng-star-inserted'][normalize-space()='BSC']'. Please recheck the objects properties to make sure the desired element is located. 

2024-08-04 14:36:00 - [MESSAGE][FAILED] - Unable to click on object 'Object Repository/PM/Huawei-vendor/Object-Type/TopX Object Types/TopX BSCs/TopX BSC' (Root cause: com.kms.katalon.core.exception.StepFailedException: Unable to click on object 'Object Repository/PM/Huawei-vendor/Object-Type/TopX Object Types/TopX BSCs/TopX BSC'
	at com.kms.katalon.core.webui.keyword.internal.WebUIKeywordMain.stepFailed(WebUIKeywordMain.groovy:64)
	at com.kms.katalon.core.webui.keyword.internal.WebUIKeywordMain.runKeyword(WebUIKeywordMain.groovy:26)
	at com.kms.katalon.core.webui.keyword.builtin.ClickKeyword.click(ClickKeyword.groovy:74)
	at com.kms.katalon.core.webui.keyword.builtin.ClickKeyword.execute(ClickKeyword.groovy:40)
	at com.kms.katalon.core.keyword.internal.KeywordExecutor.executeKeywordForPlatform(KeywordExecutor.groovy:74)
	at com.kms.katalon.core.webui.keyword.WebUiBuiltInKeywords.click(WebUiBuiltInKeywords.groovy:620)
	at com.kms.katalon.core.webui.keyword.WebUiBuiltInKeywords$click$2.call(Unknown Source)
	at PMHwaueiTopX.TopX(PMHwaueiTopX.groovy:915)
	at PMHwaueiTopX.invokeMethod(PMHwaueiTopX.groovy)
	at com.kms.katalon.core.main.CustomKeywordDelegatingMetaClass.invokeStaticMethod(CustomKeywordDelegatingMetaClass.java:55)
	at TopX 2G BSC DailyBH.run(TopX 2G BSC DailyBH:29)
	at com.kms.katalon.core.main.ScriptEngine.run(ScriptEngine.java:194)
	at com.kms.katalon.core.main.ScriptEngine.runScriptAsRawText(ScriptEngine.java:119)
	at com.kms.katalon.core.main.TestCaseExecutor.runScript(TestCaseExecutor.java:448)
	at com.kms.katalon.core.main.TestCaseExecutor.doExecute(TestCaseExecutor.java:439)
	at com.kms.katalon.core.main.TestCaseExecutor.processExecutionPhase(TestCaseExecutor.java:418)
	at com.kms.katalon.core.main.TestCaseExecutor.accessMainPhase(TestCaseExecutor.java:410)
	at com.kms.katalon.core.main.TestCaseExecutor.execute(TestCaseExecutor.java:285)
	at com.kms.katalon.core.common.CommonExecutor.accessTestCaseMainPhase(CommonExecutor.java:65)
	at com.kms.katalon.core.main.TestSuiteExecutor.accessTestSuiteMainPhase(TestSuiteExecutor.java:148)
	at com.kms.katalon.core.main.TestSuiteExecutor.execute(TestSuiteExecutor.java:106)
	at com.kms.katalon.core.main.TestCaseMain.startTestSuite(TestCaseMain.java:187)
	at com.kms.katalon.core.main.TestCaseMain$startTestSuite$0.call(Unknown Source)
	at TempTestSuite1722769113368.run(TempTestSuite1722769113368.groovy:35)
Caused by: com.kms.katalon.core.webui.exception.WebElementNotFoundException: Web element with id: 'Object Repository/PM/Huawei-vendor/Object-Type/TopX Object Types/TopX BSCs/TopX BSC' located by '//span[@class='ng-star-inserted'][normalize-space()='BSC']' not found
	at com.kms.katalon.core.webui.common.WebUiCommonHelper.findWebElement(WebUiCommonHelper.java:1381)
	at com.kms.katalon.core.webui.keyword.internal.WebUIAbstractKeyword.findWebElement(WebUIAbstractKeyword.groovy:27)
	at com.kms.katalon.core.webui.keyword.builtin.ClickKeyword$_click_closure1.doCall(ClickKeyword.groovy:65)
	at com.kms.katalon.core.webui.keyword.builtin.ClickKeyword$_click_closure1.call(ClickKeyword.groovy)
	at com.kms.katalon.core.webui.keyword.internal.WebUIKeywordMain.runKeyword(WebUIKeywordMain.groovy:20)
	at com.kms.katalon.core.webui.keyword.builtin.ClickKeyword.click(ClickKeyword.groovy:74)
	at com.kms.katalon.core.webui.keyword.builtin.ClickKeyword.execute(ClickKeyword.groovy:40)
	at com.kms.katalon.core.keyword.internal.KeywordExecutor.executeKeywordForPlatform(KeywordExecutor.groovy:74)
	at com.kms.katalon.core.webui.keyword.WebUiBuiltInKeywords.click(WebUiBuiltInKeywords.groovy:620)
	at com.kms.katalon.core.webui.keyword.WebUiBuiltInKeywords$click$2.call(Unknown Source)
	at PMHwaueiTopX.TopX(PMHwaueiTopX.groovy:915)
	at PMHwaueiTopX.invokeMethod(PMHwaueiTopX.groovy)
	at com.kms.katalon.core.main.CustomKeywordDelegatingMetaClass.invokeStaticMethod(CustomKeywordDelegatingMetaClass.java:55)
	at Script1722342346051.run(Script1722342346051.groovy:29)
	... 13 more
)
[[ATTACHMENT|C:\\Users\\FatimaIbeid\\git\\NetCell\\Reports\\20240804_135833\\PM\\Hwauei\\TopX\\Regression TopX 2G\\20240804_135833\\1722771360524.png]]

2024-08-04 14:36:00 - [MESSAGE][FAILED] - Unable to click on object 'Object Repository/PM/Huawei-vendor/Object-Type/TopX Object Types/TopX BSCs/TopX BSC']]></system-out>
         <system-err><![CDATA[2024-08-04 14:33:24 - [TEST_CASE][FAILED] - Test Cases/PM/Hwauei/TopX/2G TopX/XBSC/TopX 2G BSC DailyBH: Test Cases/PM/Hwauei/TopX/2G TopX/XBSC/TopX 2G BSC DailyBH FAILED.
Reason:
com.kms.katalon.core.exception.StepFailedException: Unable to click on object 'Object Repository/PM/Huawei-vendor/Object-Type/TopX Object Types/TopX BSCs/TopX BSC'
	at com.kms.katalon.core.webui.keyword.internal.WebUIKeywordMain.stepFailed(WebUIKeywordMain.groovy:64)
	at com.kms.katalon.core.webui.keyword.internal.WebUIKeywordMain.runKeyword(WebUIKeywordMain.groovy:26)
	at com.kms.katalon.core.webui.keyword.builtin.ClickKeyword.click(ClickKeyword.groovy:74)
	at com.kms.katalon.core.webui.keyword.builtin.ClickKeyword.execute(ClickKeyword.groovy:40)
	at com.kms.katalon.core.keyword.internal.KeywordExecutor.executeKeywordForPlatform(KeywordExecutor.groovy:74)
	at com.kms.katalon.core.webui.keyword.WebUiBuiltInKeywords.click(WebUiBuiltInKeywords.groovy:620)
	at com.kms.katalon.core.webui.keyword.WebUiBuiltInKeywords$click$2.call(Unknown Source)
	at PMHwaueiTopX.TopX(PMHwaueiTopX.groovy:915)
	at PMHwaueiTopX.invokeMethod(PMHwaueiTopX.groovy)
	at com.kms.katalon.core.main.CustomKeywordDelegatingMetaClass.invokeStaticMethod(CustomKeywordDelegatingMetaClass.java:55)
	at TopX 2G BSC DailyBH.run(TopX 2G BSC DailyBH:29)
	at com.kms.katalon.core.main.ScriptEngine.run(ScriptEngine.java:194)
	at com.kms.katalon.core.main.ScriptEngine.runScriptAsRawText(ScriptEngine.java:119)
	at com.kms.katalon.core.main.TestCaseExecutor.runScript(TestCaseExecutor.java:448)
	at com.kms.katalon.core.main.TestCaseExecutor.doExecute(TestCaseExecutor.java:439)
	at com.kms.katalon.core.main.TestCaseExecutor.processExecutionPhase(TestCaseExecutor.java:418)
	at com.kms.katalon.core.main.TestCaseExecutor.accessMainPhase(TestCaseExecutor.java:410)
	at com.kms.katalon.core.main.TestCaseExecutor.execute(TestCaseExecutor.java:285)
	at com.kms.katalon.core.common.CommonExecutor.accessTestCaseMainPhase(CommonExecutor.java:65)
	at com.kms.katalon.core.main.TestSuiteExecutor.accessTestSuiteMainPhase(TestSuiteExecutor.java:148)
	at com.kms.katalon.core.main.TestSuiteExecutor.execute(TestSuiteExecutor.java:106)
	at com.kms.katalon.core.main.TestCaseMain.startTestSuite(TestCaseMain.java:187)
	at com.kms.katalon.core.main.TestCaseMain$startTestSuite$0.call(Unknown Source)
	at TempTestSuite1722769113368.run(TempTestSuite1722769113368.groovy:35)
Caused by: com.kms.katalon.core.webui.exception.WebElementNotFoundException: Web element with id: 'Object Repository/PM/Huawei-vendor/Object-Type/TopX Object Types/TopX BSCs/TopX BSC' located by '//span[@class='ng-star-inserted'][normalize-space()='BSC']' not found
	at com.kms.katalon.core.webui.common.WebUiCommonHelper.findWebElement(WebUiCommonHelper.java:1381)
	at com.kms.katalon.core.webui.keyword.internal.WebUIAbstractKeyword.findWebElement(WebUIAbstractKeyword.groovy:27)
	at com.kms.katalon.core.webui.keyword.builtin.ClickKeyword$_click_closure1.doCall(ClickKeyword.groovy:65)
	at com.kms.katalon.core.webui.keyword.builtin.ClickKeyword$_click_closure1.call(ClickKeyword.groovy)
	at com.kms.katalon.core.webui.keyword.internal.WebUIKeywordMain.runKeyword(WebUIKeywordMain.groovy:20)
	... 22 more]]></system-err>
      </testcase>
      <testcase name="Test Cases/PM/Hwauei/TopX/2G TopX/XCluster/TopX 2G Cluster default" time="161.805" classname="Test Cases/PM/Hwauei/TopX/2G TopX/XCluster/TopX 2G Cluster default" status="FAILED">
         <failure type="FAILED" message="Test Cases/PM/Hwauei/TopX/2G TopX/XCluster/TopX 2G Cluster default FAILED.
Reason:
com.kms.katalon.core.exception.StepFailedException: Unable to verify object 'Object Repository/PM/Huawei-vendor/Chart' is present
	at com.kms.katalon.core.webui.keyword.internal.WebUIKeywordMain.stepFailed(WebUIKeywordMain.groovy:64)
	at com.kms.katalon.core.webui.keyword.internal.WebUIKeywordMain.runKeyword(WebUIKeywordMain.groovy:26)
	at com.kms.katalon.core.webui.keyword.builtin.VerifyElementPresentKeyword.verifyElementPresent(VerifyElementPresentKeyword.groovy:92)
	at com.kms.katalon.core.webui.keyword.builtin.VerifyElementPresentKeyword.execute(VerifyElementPresentKeyword.groovy:68)
	at com.kms.katalon.core.keyword.internal.KeywordExecutor.executeKeywordForPlatform(KeywordExecutor.groovy:74)
	at com.kms.katalon.core.webui.keyword.WebUiBuiltInKeywords.verifyElementPresent(WebUiBuiltInKeywords.groovy:1464)
	at com.kms.katalon.core.webui.keyword.WebUiBuiltInKeywords$verifyElementPresent$6.call(Unknown Source)
	at PMHwaueiTopX.TopX(PMHwaueiTopX.groovy:1593)
	at PMHwaueiTopX.invokeMethod(PMHwaueiTopX.groovy)
	at com.kms.katalon.core.main.CustomKeywordDelegatingMetaClass.invokeStaticMethod(CustomKeywordDelegatingMetaClass.java:55)
	at TopX 2G Cluster default.run(TopX 2G Cluster default:29)
	at com.kms.katalon.core.main.ScriptEngine.run(ScriptEngine.java:194)
	at com.kms.katalon.core.main.ScriptEngine.runScriptAsRawText(ScriptEngine.java:119)
	at com.kms.katalon.core.main.TestCaseExecutor.runScript(TestCaseExecutor.java:448)
	at com.kms.katalon.core.main.TestCaseExecutor.doExecute(TestCaseExecutor.java:439)
	at com.kms.katalon.core.main.TestCaseExecutor.processExecutionPhase(TestCaseExecutor.java:418)
	at com.kms.katalon.core.main.TestCaseExecutor.accessMainPhase(TestCaseExecutor.java:410)
	at com.kms.katalon.core.main.TestCaseExecutor.execute(TestCaseExecutor.java:285)
	at com.kms.katalon.core.common.CommonExecutor.accessTestCaseMainPhase(CommonExecutor.java:65)
	at com.kms.katalon.core.main.TestSuiteExecutor.accessTestSuiteMainPhase(TestSuiteExecutor.java:148)
	at com.kms.katalon.core.main.TestSuiteExecutor.execute(TestSuiteExecutor.java:106)
	at com.kms.katalon.core.main.TestCaseMain.startTestSuite(TestCaseMain.java:187)
	at com.kms.katalon.core.main.TestCaseMain$startTestSuite$0.call(Unknown Source)
	at TempTestSuite1722769113368.run(TempTestSuite1722769113368.groovy:35)
Caused by: com.kms.katalon.core.exception.StepFailedException: com.kms.katalon.core.webui.exception.WebElementNotFoundException: Web element with id: 'Object Repository/PM/Huawei-vendor/Chart' located by '//*[@id=&quot;chart-container&quot;]/div/app-main-chart-component[1]/div/div[2]/div[2]/div/div/div[1]/canvas' not found
	at com.kms.katalon.core.webui.keyword.internal.WebUIKeywordMain.stepFailed(WebUIKeywordMain.groovy:64)
	at com.kms.katalon.core.webui.keyword.builtin.VerifyElementPresentKeyword$_verifyElementPresent_closure1.doCall(VerifyElementPresentKeyword.groovy:85)
	at com.kms.katalon.core.webui.keyword.builtin.VerifyElementPresentKeyword$_verifyElementPresent_closure1.call(VerifyElementPresentKeyword.groovy)
	at com.kms.katalon.core.webui.keyword.internal.WebUIKeywordMain.runKeyword(WebUIKeywordMain.groovy:20)
	... 22 more
"/>
         <system-out><![CDATA[2024-08-04 14:36:00 - [TEST_CASE][FAILED] - Test Cases/PM/Hwauei/TopX/2G TopX/XCluster/TopX 2G Cluster default: Test Cases/PM/Hwauei/TopX/2G TopX/XCluster/TopX 2G Cluster default FAILED.
Reason:
com.kms.katalon.core.exception.StepFailedException: Unable to verify object 'Object Repository/PM/Huawei-vendor/Chart' is present
	at com.kms.katalon.core.webui.keyword.internal.WebUIKeywordMain.stepFailed(WebUIKeywordMain.groovy:64)
	at com.kms.katalon.core.webui.keyword.internal.WebUIKeywordMain.runKeyword(WebUIKeywordMain.groovy:26)
	at com.kms.katalon.core.webui.keyword.builtin.VerifyElementPresentKeyword.verifyElementPresent(VerifyElementPresentKeyword.groovy:92)
	at com.kms.katalon.core.webui.keyword.builtin.VerifyElementPresentKeyword.execute(VerifyElementPresentKeyword.groovy:68)
	at com.kms.katalon.core.keyword.internal.KeywordExecutor.executeKeywordForPlatform(KeywordExecutor.groovy:74)
	at com.kms.katalon.core.webui.keyword.WebUiBuiltInKeywords.verifyElementPresent(WebUiBuiltInKeywords.groovy:1464)
	at com.kms.katalon.core.webui.keyword.WebUiBuiltInKeywords$verifyElementPresent$6.call(Unknown Source)
	at PMHwaueiTopX.TopX(PMHwaueiTopX.groovy:1593)
	at PMHwaueiTopX.invokeMethod(PMHwaueiTopX.groovy)
	at com.kms.katalon.core.main.CustomKeywordDelegatingMetaClass.invokeStaticMethod(CustomKeywordDelegatingMetaClass.java:55)
	at TopX 2G Cluster default.run(TopX 2G Cluster default:29)
	at com.kms.katalon.core.main.ScriptEngine.run(ScriptEngine.java:194)
	at com.kms.katalon.core.main.ScriptEngine.runScriptAsRawText(ScriptEngine.java:119)
	at com.kms.katalon.core.main.TestCaseExecutor.runScript(TestCaseExecutor.java:448)
	at com.kms.katalon.core.main.TestCaseExecutor.doExecute(TestCaseExecutor.java:439)
	at com.kms.katalon.core.main.TestCaseExecutor.processExecutionPhase(TestCaseExecutor.java:418)
	at com.kms.katalon.core.main.TestCaseExecutor.accessMainPhase(TestCaseExecutor.java:410)
	at com.kms.katalon.core.main.TestCaseExecutor.execute(TestCaseExecutor.java:285)
	at com.kms.katalon.core.common.CommonExecutor.accessTestCaseMainPhase(CommonExecutor.java:65)
	at com.kms.katalon.core.main.TestSuiteExecutor.accessTestSuiteMainPhase(TestSuiteExecutor.java:148)
	at com.kms.katalon.core.main.TestSuiteExecutor.execute(TestSuiteExecutor.java:106)
	at com.kms.katalon.core.main.TestCaseMain.startTestSuite(TestCaseMain.java:187)
	at com.kms.katalon.core.main.TestCaseMain$startTestSuite$0.call(Unknown Source)
	at TempTestSuite1722769113368.run(TempTestSuite1722769113368.groovy:35)
Caused by: com.kms.katalon.core.exception.StepFailedException: com.kms.katalon.core.webui.exception.WebElementNotFoundException: Web element with id: 'Object Repository/PM/Huawei-vendor/Chart' located by '//*[@id="chart-container"]/div/app-main-chart-component[1]/div/div[2]/div[2]/div/div/div[1]/canvas' not found
	at com.kms.katalon.core.webui.keyword.internal.WebUIKeywordMain.stepFailed(WebUIKeywordMain.groovy:64)
	at com.kms.katalon.core.webui.keyword.builtin.VerifyElementPresentKeyword$_verifyElementPresent_closure1.doCall(VerifyElementPresentKeyword.groovy:85)
	at com.kms.katalon.core.webui.keyword.builtin.VerifyElementPresentKeyword$_verifyElementPresent_closure1.call(VerifyElementPresentKeyword.groovy)
	at com.kms.katalon.core.webui.keyword.internal.WebUIKeywordMain.runKeyword(WebUIKeywordMain.groovy:20)
	... 22 more


2024-08-04 14:36:00 - [TEST_STEP][PASSED] - callTestCase(findTestCase("Login"), [:], STOP_ON_FAILURE): Call Test Case 'Test Cases/Login' successfully

2024-08-04 14:36:01 - [TEST_CASE][PASSED] - Test Cases/Login: Test Cases/Login

2024-08-04 14:36:01 - [TEST_STEP][PASSED] - driver = general.start(SwagerURL, NetCellURL): general.start is PASSED

2024-08-04 14:36:01 - [MESSAGE][INFO] - >>> chromeDriverPath=C:\Users\FatimaIbeid\.katalon\packages\Katalon_Studio_Windows_64-8.6.9\Katalon_Studio_Windows_64-8.6.9\configuration\resources\drivers\chromedriver_win32\chromedriver.exe

2024-08-04 14:36:02 - [MESSAGE][PASSED] - Current window maximized

2024-08-04 14:36:02 - [MESSAGE][PASSED] - Execute JavaScript 'window.open();' successfully

2024-08-04 14:36:02 - [MESSAGE][PASSED] - Switched to window with index: '1'

2024-08-04 14:36:15 - [MESSAGE][PASSED] - general.start is PASSED

2024-08-04 14:36:15 - [TEST_STEP][PASSED] - click(findTestObject("Object Repository/Login/LoginButton")): Object: 'Object Repository/Login/LoginButton' is clicked on

2024-08-04 14:36:15 - [MESSAGE][PASSED] - Object: 'Object Repository/Login/LoginButton' is clicked on

2024-08-04 14:36:15 - [TEST_STEP][PASSED] - switchToWindowIndex(2): Switched to window with index: '2'

2024-08-04 14:36:15 - [MESSAGE][PASSED] - Switched to window with index: '2'

2024-08-04 14:36:15 - [TEST_STEP][PASSED] - delay(1): Delayed 1 second(s)

2024-08-04 14:36:16 - [MESSAGE][PASSED] - Delayed 1 second(s)

2024-08-04 14:36:16 - [TEST_STEP][PASSED] - sendKeys(findTestObject("Object Repository/Login/EnterEmail"), "homam@zztjg.onmicrosoft.com"): Keys 'homam@zztjg.onmicrosoft.com' sent to object: 'Object Repository/Login/EnterEmail'

2024-08-04 14:36:17 - [MESSAGE][PASSED] - Keys 'homam@zztjg.onmicrosoft.com' sent to object: 'Object Repository/Login/EnterEmail'

2024-08-04 14:36:17 - [TEST_STEP][PASSED] - delay(1): Delayed 1 second(s)

2024-08-04 14:36:18 - [MESSAGE][PASSED] - Delayed 1 second(s)

2024-08-04 14:36:18 - [TEST_STEP][PASSED] - click(findTestObject("Object Repository/Login/NextButton")): Object: 'Object Repository/Login/NextButton' is clicked on

2024-08-04 14:36:18 - [MESSAGE][PASSED] - Object: 'Object Repository/Login/NextButton' is clicked on

2024-08-04 14:36:18 - [TEST_STEP][PASSED] - delay(2): Delayed 2 second(s)

2024-08-04 14:36:20 - [MESSAGE][PASSED] - Delayed 2 second(s)

2024-08-04 14:36:20 - [TEST_STEP][PASSED] - sendKeys(findTestObject("Object Repository/Login/EnterPassword"), "Holder12345"): Keys 'Holder12345' sent to object: 'Object Repository/Login/EnterPassword'

2024-08-04 14:36:20 - [MESSAGE][PASSED] - Keys 'Holder12345' sent to object: 'Object Repository/Login/EnterPassword'

2024-08-04 14:36:20 - [TEST_STEP][PASSED] - delay(1): Delayed 1 second(s)

2024-08-04 14:36:21 - [MESSAGE][PASSED] - Delayed 1 second(s)

2024-08-04 14:36:21 - [TEST_STEP][PASSED] - click(findTestObject("Object Repository/Login/SigninButton")): Object: 'Object Repository/Login/SigninButton' is clicked on

2024-08-04 14:36:22 - [MESSAGE][PASSED] - Object: 'Object Repository/Login/SigninButton' is clicked on

2024-08-04 14:36:22 - [TEST_STEP][PASSED] - delay(1): Delayed 1 second(s)

2024-08-04 14:36:23 - [MESSAGE][PASSED] - Delayed 1 second(s)

2024-08-04 14:36:23 - [TEST_STEP][PASSED] - click(findTestObject("Object Repository/Login/YesStayInButton")): Object: 'Object Repository/Login/YesStayInButton' is clicked on

2024-08-04 14:36:24 - [MESSAGE][PASSED] - Object: 'Object Repository/Login/YesStayInButton' is clicked on

2024-08-04 14:36:24 - [MESSAGE][PASSED] - Call Test Case 'Test Cases/Login' successfully

2024-08-04 14:36:24 - [TEST_STEP][PASSED] - switchToWindowIndex(1): Switched to window with index: '1'

2024-08-04 14:36:24 - [MESSAGE][PASSED] - Switched to window with index: '1'

2024-08-04 14:36:24 - [TEST_STEP][FAILED] - PMHwaueiTopX.TopX("2G", "Cluster", false, "Hourly", false, null): Unable to verify object 'Object Repository/PM/Huawei-vendor/Chart' is present

2024-08-04 14:36:25 - [MESSAGE][PASSED] - Object: 'Object Repository/PM/PM-Button' is clicked on

2024-08-04 14:36:26 - [MESSAGE][PASSED] - Switched to window with index: '2'

2024-08-04 14:36:26 - [MESSAGE][PASSED] - Object: 'Object Repository/PM/Huawei-vendor/Data-view/TopX' is clicked on

2024-08-04 14:36:27 - [MESSAGE][PASSED] - Object: 'Object Repository/PM/Huawei-vendor/Technology/Technology-Arrow' is clicked on

2024-08-04 14:36:27 - [MESSAGE][PASSED] - Object: 'Object Repository/PM/Huawei-vendor/Technology/2G' is clicked on

2024-08-04 14:36:27 - [MESSAGE][PASSED] - Object: 'Object Repository/PM/Huawei-vendor/TopX/TopX Object Type' is clicked on

2024-08-04 14:36:28 - [MESSAGE][PASSED] - Delayed 1 second(s)

2024-08-04 14:36:28 - [MESSAGE][PASSED] - Object: 'Object Repository/PM/Huawei-vendor/Object-Type/TopX Object Types/TopX Clusters/TopX Cluster' is clicked on

2024-08-04 14:36:29 - [MESSAGE][PASSED] - Delayed 1 second(s)

2024-08-04 14:36:29 - [MESSAGE][WARNING] - Timeout '0' is invalid. Using default page load timeout: '120'

2024-08-04 14:36:30 - [MESSAGE][PASSED] - Scroll to object 'Object Repository/PM/Huawei-vendor/Object Border' successfully

2024-08-04 14:36:30 - [MESSAGE][PASSED] - Object: 'Object Repository/PM/Huawei-vendor/Object-Type/TopX Object Types/TopX Region Bands/TopX FDD Arrow' is clicked on

2024-08-04 14:36:30 - [MESSAGE][PASSED] - Object: 'Object Repository/PM/Huawei-vendor/Object-Type/TopX Object Types/TopX Sites/TopX East Amman Arrow' is clicked on

2024-08-04 14:36:30 - [MESSAGE][PASSED] - Object: 'Object Repository/PM/Huawei-vendor/Object-Type/TopX Object Types/TopX Cluster Bands/TopX East Amman Cluster 3' is clicked on

2024-08-04 14:36:30 - [MESSAGE][PASSED] - Object: 'Object Repository/PM/Huawei-vendor/Object-Type/TopX Object Types/TopX Cluster Bands/TopX East Amman Cluster 13' is clicked on

2024-08-04 14:36:30 - [MESSAGE][PASSED] - Object: 'Object Repository/PM/Huawei-vendor/Object-Type/TopX Object Types/TopX Sites/TopX East Amman CloseArrow' is clicked on

2024-08-04 14:36:30 - [MESSAGE][PASSED] - Object: 'Object Repository/PM/Huawei-vendor/Object-Type/TopX Object Types/TopX Sites/TopX West Amman Arrow' is clicked on

2024-08-04 14:36:31 - [MESSAGE][PASSED] - Object: 'Object Repository/PM/Huawei-vendor/Object-Type/TopX Object Types/TopX Cluster Bands/TopX West Amman Cluster 2' is clicked on

2024-08-04 14:36:31 - [MESSAGE][PASSED] - Object: 'Object Repository/PM/Huawei-vendor/Object-Type/TopX Object Types/TopX Cluster Bands/TopX West Amman Cluster 5' is clicked on

2024-08-04 14:36:31 - [MESSAGE][PASSED] - Object: 'Object Repository/PM/Huawei-vendor/Object-Type/TopX Object Types/TopX Sites/TopX West Amman CloseArrow' is clicked on

2024-08-04 14:36:31 - [MESSAGE][PASSED] - Object: 'Object Repository/PM/Huawei-vendor/Object-Type/TopX Object Types/TopX Sites/TopX North Jordan Arrow' is clicked on

2024-08-04 14:36:31 - [MESSAGE][PASSED] - Object: 'Object Repository/PM/Huawei-vendor/Object-Type/TopX Object Types/TopX Cluster Bands/TopX North Jordan Cluster 4' is clicked on

2024-08-04 14:36:31 - [MESSAGE][PASSED] - Object: 'Object Repository/PM/Huawei-vendor/Object-Type/TopX Object Types/TopX Cluster Bands/TopX North Jordan Cluster 14' is clicked on

2024-08-04 14:36:31 - [MESSAGE][PASSED] - Object: 'Object Repository/PM/Huawei-vendor/Object-Type/TopX Object Types/TopX Sites/TopX North Jordan CloseArrow' is clicked on

2024-08-04 14:36:32 - [MESSAGE][PASSED] - Object: 'Object Repository/PM/Huawei-vendor/Object-Type/TopX Object Types/TopX Sites/TopX South Jordan Arrow' is clicked on

2024-08-04 14:36:32 - [MESSAGE][PASSED] - Object: 'Object Repository/PM/Huawei-vendor/Object-Type/TopX Object Types/TopX Cluster Bands/TopX South Jordan Cluster 7' is clicked on

2024-08-04 14:36:32 - [MESSAGE][PASSED] - Object: 'Object Repository/PM/Huawei-vendor/Object-Type/TopX Object Types/TopX Cluster Bands/TopX South Jordan Cluster 8' is clicked on

2024-08-04 14:36:32 - [MESSAGE][PASSED] - Object: 'Object Repository/PM/Huawei-vendor/Object-Type/TopX Object Types/TopX Sites/TopX South Jordan CloseArrow' is clicked on

2024-08-04 14:36:32 - [MESSAGE][PASSED] - Object: 'Object Repository/PM/Huawei-vendor/Object-Type/TopX Object Types/TopX Region Bands/TopX FDD Close Arrow' is clicked on

2024-08-04 14:36:32 - [MESSAGE][PASSED] - Object: 'Object Repository/PM/Huawei-vendor/Object-Type/TopX Object Types/TopX Region Bands/TopX TDD Arrow' is clicked on

2024-08-04 14:36:33 - [MESSAGE][PASSED] - Object: 'Object Repository/PM/Huawei-vendor/Object-Type/TopX Object Types/TopX Sites/TopX South Amman Arrow' is clicked on

2024-08-04 14:36:33 - [MESSAGE][PASSED] - Object: 'Object Repository/PM/Huawei-vendor/Object-Type/TopX Object Types/TopX Cluster Bands/TopX South Amman Cluster 1' is clicked on

2024-08-04 14:36:33 - [MESSAGE][PASSED] - Object: 'Object Repository/PM/Huawei-vendor/Object-Type/TopX Object Types/TopX Cluster Bands/TopX South Amman Cluster 6' is clicked on

2024-08-04 14:36:33 - [MESSAGE][PASSED] - Object: 'Object Repository/PM/Huawei-vendor/Object-Type/TopX Object Types/TopX Sites/TopX South Amman CloseArrow' is clicked on

2024-08-04 14:36:33 - [MESSAGE][PASSED] - Object: 'Object Repository/PM/Huawei-vendor/Object-Type/TopX Object Types/TopX Sites/TopX East Jordan Arrow' is clicked on

2024-08-04 14:36:33 - [MESSAGE][PASSED] - Object: 'Object Repository/PM/Huawei-vendor/Object-Type/TopX Object Types/TopX Cluster Bands/TopX East Jordan Cluster 10' is clicked on

2024-08-04 14:36:33 - [MESSAGE][PASSED] - Object: 'Object Repository/PM/Huawei-vendor/Object-Type/TopX Object Types/TopX Cluster Bands/TopX East Jordan Cluster 11' is clicked on

2024-08-04 14:36:33 - [MESSAGE][PASSED] - Object: 'Object Repository/PM/Huawei-vendor/Object-Type/TopX Object Types/TopX Sites/TopX East Jordan CloseArrow' is clicked on

2024-08-04 14:36:34 - [MESSAGE][PASSED] - Object: 'Object Repository/PM/Huawei-vendor/Object-Type/TopX Object Types/TopX Sites/TopX Others Arrow' is clicked on

2024-08-04 14:36:34 - [MESSAGE][PASSED] - Object: 'Object Repository/PM/Huawei-vendor/Object-Type/TopX Object Types/TopX Cluster Bands/TopX Others Cluster 60' is clicked on

2024-08-04 14:36:34 - [MESSAGE][PASSED] - Object: 'Object Repository/PM/Huawei-vendor/Object-Type/TopX Object Types/TopX Cluster Bands/TopX Others Cluster 61' is clicked on

2024-08-04 14:36:34 - [MESSAGE][PASSED] - Object: 'Object Repository/PM/Huawei-vendor/Object-Type/TopX Object Types/TopX Sites/TopX Others CloseArrow' is clicked on

2024-08-04 14:36:34 - [MESSAGE][PASSED] - Object: 'Object Repository/PM/Huawei-vendor/Object-Type/TopX Object Types/TopX Region Bands/TopX TDD Close Arrow' is clicked on

2024-08-04 14:36:34 - [MESSAGE][WARNING] - Timeout '0' is invalid. Using default page load timeout: '120'

2024-08-04 14:36:34 - [MESSAGE][PASSED] - Scroll to object 'Object Repository/PM/Huawei-vendor/LowXlabel' successfully

2024-08-04 14:36:35 - [MESSAGE][PASSED] - Object: 'Object Repository/PM/Huawei-vendor/TopX/TopXDate/BeforeDate' is clicked on

2024-08-04 14:36:36 - [MESSAGE][PASSED] - Delayed 1 second(s)

2024-08-04 14:36:36 - [MESSAGE][PASSED] - Object: 'Object Repository/PM/Huawei-vendor/TopX/TopXDate/Choose Month' is clicked on

2024-08-04 14:36:37 - [MESSAGE][PASSED] - Delayed 1 second(s)

2024-08-04 14:36:37 - [MESSAGE][PASSED] - Object: 'Object Repository/PM/Huawei-vendor/TopX/TopXDate/Feb' is clicked on

2024-08-04 14:36:37 - [MESSAGE][PASSED] - Object: 'Object Repository/PM/Huawei-vendor/TopX/TopXDate/Day 1' is clicked on

2024-08-04 14:36:37 - [MESSAGE][PASSED] - Object: 'Object Repository/PM/Huawei-vendor/TopX/TopXDate/Button OK' is clicked on

2024-08-04 14:36:38 - [MESSAGE][PASSED] - Object: 'Object Repository/PM/Huawei-vendor/TopX/TopXDate/After Date' is clicked on

2024-08-04 14:36:39 - [MESSAGE][PASSED] - Delayed 1 second(s)

2024-08-04 14:36:39 - [MESSAGE][PASSED] - Object: 'Object Repository/PM/Huawei-vendor/TopX/TopXDate/Choose Month' is clicked on

2024-08-04 14:36:40 - [MESSAGE][PASSED] - Delayed 1 second(s)

2024-08-04 14:36:40 - [MESSAGE][PASSED] - Object: 'Object Repository/PM/Huawei-vendor/TopX/TopXDate/Feb' is clicked on

2024-08-04 14:36:40 - [MESSAGE][PASSED] - Object: 'Object Repository/PM/Huawei-vendor/TopX/TopXDate/Day 7' is clicked on

2024-08-04 14:36:40 - [MESSAGE][PASSED] - Object: 'Object Repository/PM/Huawei-vendor/TopX/TopXDate/Button OK' is clicked on

2024-08-04 14:36:41 - [MESSAGE][PASSED] - Object: 'Object Repository/PM/Huawei-vendor/Apply-Button' is clicked on

2024-08-04 14:36:41 - [MESSAGE][WARNING] - Timeout '0' is invalid. Using default page load timeout: '120'

2024-08-04 14:36:41 - [MESSAGE][PASSED] - Web element with id: 'Object Repository/PM/Huawei-vendor/Error' located by 'By.xpath: //div[@class='toast-summary title-medium-m']' is not present after '120' second(s)

2024-08-04 14:36:41 - [MESSAGE][WARNING] - Timeout '0' is invalid. Using default page load timeout: '120'

2024-08-04 14:38:42 - [MESSAGE][INFO] - Unable to find the element located by 'By.xpath: //*[@id="chart-container"]/div/app-main-chart-component[1]/div/div[2]/div[2]/div/div/div[1]/canvas'. Please recheck the objects properties to make sure the desired element is located. 

2024-08-04 14:38:42 - [MESSAGE][FAILED] - com.kms.katalon.core.webui.exception.WebElementNotFoundException: Web element with id: 'Object Repository/PM/Huawei-vendor/Chart' located by '//*[@id="chart-container"]/div/app-main-chart-component[1]/div/div[2]/div[2]/div/div/div[1]/canvas' not found (Root cause: com.kms.katalon.core.exception.StepFailedException: com.kms.katalon.core.webui.exception.WebElementNotFoundException: Web element with id: 'Object Repository/PM/Huawei-vendor/Chart' located by '//*[@id="chart-container"]/div/app-main-chart-component[1]/div/div[2]/div[2]/div/div/div[1]/canvas' not found
	at com.kms.katalon.core.webui.keyword.internal.WebUIKeywordMain.stepFailed(WebUIKeywordMain.groovy:64)
	at com.kms.katalon.core.webui.keyword.builtin.VerifyElementPresentKeyword$_verifyElementPresent_closure1.doCall(VerifyElementPresentKeyword.groovy:85)
	at com.kms.katalon.core.webui.keyword.builtin.VerifyElementPresentKeyword$_verifyElementPresent_closure1.call(VerifyElementPresentKeyword.groovy)
	at com.kms.katalon.core.webui.keyword.internal.WebUIKeywordMain.runKeyword(WebUIKeywordMain.groovy:20)
	at com.kms.katalon.core.webui.keyword.builtin.VerifyElementPresentKeyword.verifyElementPresent(VerifyElementPresentKeyword.groovy:92)
	at com.kms.katalon.core.webui.keyword.builtin.VerifyElementPresentKeyword.execute(VerifyElementPresentKeyword.groovy:68)
	at com.kms.katalon.core.keyword.internal.KeywordExecutor.executeKeywordForPlatform(KeywordExecutor.groovy:74)
	at com.kms.katalon.core.webui.keyword.WebUiBuiltInKeywords.verifyElementPresent(WebUiBuiltInKeywords.groovy:1464)
	at com.kms.katalon.core.webui.keyword.WebUiBuiltInKeywords$verifyElementPresent$6.call(Unknown Source)
	at PMHwaueiTopX.TopX(PMHwaueiTopX.groovy:1593)
	at PMHwaueiTopX.invokeMethod(PMHwaueiTopX.groovy)
	at com.kms.katalon.core.main.CustomKeywordDelegatingMetaClass.invokeStaticMethod(CustomKeywordDelegatingMetaClass.java:55)
	at TopX 2G Cluster default.run(TopX 2G Cluster default:29)
	at com.kms.katalon.core.main.ScriptEngine.run(ScriptEngine.java:194)
	at com.kms.katalon.core.main.ScriptEngine.runScriptAsRawText(ScriptEngine.java:119)
	at com.kms.katalon.core.main.TestCaseExecutor.runScript(TestCaseExecutor.java:448)
	at com.kms.katalon.core.main.TestCaseExecutor.doExecute(TestCaseExecutor.java:439)
	at com.kms.katalon.core.main.TestCaseExecutor.processExecutionPhase(TestCaseExecutor.java:418)
	at com.kms.katalon.core.main.TestCaseExecutor.accessMainPhase(TestCaseExecutor.java:410)
	at com.kms.katalon.core.main.TestCaseExecutor.execute(TestCaseExecutor.java:285)
	at com.kms.katalon.core.common.CommonExecutor.accessTestCaseMainPhase(CommonExecutor.java:65)
	at com.kms.katalon.core.main.TestSuiteExecutor.accessTestSuiteMainPhase(TestSuiteExecutor.java:148)
	at com.kms.katalon.core.main.TestSuiteExecutor.execute(TestSuiteExecutor.java:106)
	at com.kms.katalon.core.main.TestCaseMain.startTestSuite(TestCaseMain.java:187)
	at com.kms.katalon.core.main.TestCaseMain$startTestSuite$0.call(Unknown Source)
	at TempTestSuite1722769113368.run(TempTestSuite1722769113368.groovy:35)
)
[[ATTACHMENT|C:\\Users\\FatimaIbeid\\git\\NetCell\\Reports\\20240804_135833\\PM\\Hwauei\\TopX\\Regression TopX 2G\\20240804_135833\\1722771522164.png]]

2024-08-04 14:38:42 - [MESSAGE][FAILED] - Unable to verify object 'Object Repository/PM/Huawei-vendor/Chart' is present (Root cause: com.kms.katalon.core.exception.StepFailedException: Unable to verify object 'Object Repository/PM/Huawei-vendor/Chart' is present
	at com.kms.katalon.core.webui.keyword.internal.WebUIKeywordMain.stepFailed(WebUIKeywordMain.groovy:64)
	at com.kms.katalon.core.webui.keyword.internal.WebUIKeywordMain.runKeyword(WebUIKeywordMain.groovy:26)
	at com.kms.katalon.core.webui.keyword.builtin.VerifyElementPresentKeyword.verifyElementPresent(VerifyElementPresentKeyword.groovy:92)
	at com.kms.katalon.core.webui.keyword.builtin.VerifyElementPresentKeyword.execute(VerifyElementPresentKeyword.groovy:68)
	at com.kms.katalon.core.keyword.internal.KeywordExecutor.executeKeywordForPlatform(KeywordExecutor.groovy:74)
	at com.kms.katalon.core.webui.keyword.WebUiBuiltInKeywords.verifyElementPresent(WebUiBuiltInKeywords.groovy:1464)
	at com.kms.katalon.core.webui.keyword.WebUiBuiltInKeywords$verifyElementPresent$6.call(Unknown Source)
	at PMHwaueiTopX.TopX(PMHwaueiTopX.groovy:1593)
	at PMHwaueiTopX.invokeMethod(PMHwaueiTopX.groovy)
	at com.kms.katalon.core.main.CustomKeywordDelegatingMetaClass.invokeStaticMethod(CustomKeywordDelegatingMetaClass.java:55)
	at TopX 2G Cluster default.run(TopX 2G Cluster default:29)
	at com.kms.katalon.core.main.ScriptEngine.run(ScriptEngine.java:194)
	at com.kms.katalon.core.main.ScriptEngine.runScriptAsRawText(ScriptEngine.java:119)
	at com.kms.katalon.core.main.TestCaseExecutor.runScript(TestCaseExecutor.java:448)
	at com.kms.katalon.core.main.TestCaseExecutor.doExecute(TestCaseExecutor.java:439)
	at com.kms.katalon.core.main.TestCaseExecutor.processExecutionPhase(TestCaseExecutor.java:418)
	at com.kms.katalon.core.main.TestCaseExecutor.accessMainPhase(TestCaseExecutor.java:410)
	at com.kms.katalon.core.main.TestCaseExecutor.execute(TestCaseExecutor.java:285)
	at com.kms.katalon.core.common.CommonExecutor.accessTestCaseMainPhase(CommonExecutor.java:65)
	at com.kms.katalon.core.main.TestSuiteExecutor.accessTestSuiteMainPhase(TestSuiteExecutor.java:148)
	at com.kms.katalon.core.main.TestSuiteExecutor.execute(TestSuiteExecutor.java:106)
	at com.kms.katalon.core.main.TestCaseMain.startTestSuite(TestCaseMain.java:187)
	at com.kms.katalon.core.main.TestCaseMain$startTestSuite$0.call(Unknown Source)
	at TempTestSuite1722769113368.run(TempTestSuite1722769113368.groovy:35)
Caused by: com.kms.katalon.core.exception.StepFailedException: com.kms.katalon.core.webui.exception.WebElementNotFoundException: Web element with id: 'Object Repository/PM/Huawei-vendor/Chart' located by '//*[@id="chart-container"]/div/app-main-chart-component[1]/div/div[2]/div[2]/div/div/div[1]/canvas' not found
	at com.kms.katalon.core.webui.keyword.internal.WebUIKeywordMain.stepFailed(WebUIKeywordMain.groovy:64)
	at com.kms.katalon.core.webui.keyword.builtin.VerifyElementPresentKeyword$_verifyElementPresent_closure1.doCall(VerifyElementPresentKeyword.groovy:85)
	at com.kms.katalon.core.webui.keyword.builtin.VerifyElementPresentKeyword$_verifyElementPresent_closure1.call(VerifyElementPresentKeyword.groovy)
	at com.kms.katalon.core.webui.keyword.internal.WebUIKeywordMain.runKeyword(WebUIKeywordMain.groovy:20)
	... 22 more
)
[[ATTACHMENT|C:\\Users\\FatimaIbeid\\git\\NetCell\\Reports\\20240804_135833\\PM\\Hwauei\\TopX\\Regression TopX 2G\\20240804_135833\\1722771522327.png]]

2024-08-04 14:38:42 - [MESSAGE][FAILED] - Unable to verify object 'Object Repository/PM/Huawei-vendor/Chart' is present]]></system-out>
         <system-err><![CDATA[2024-08-04 14:36:00 - [TEST_CASE][FAILED] - Test Cases/PM/Hwauei/TopX/2G TopX/XCluster/TopX 2G Cluster default: Test Cases/PM/Hwauei/TopX/2G TopX/XCluster/TopX 2G Cluster default FAILED.
Reason:
com.kms.katalon.core.exception.StepFailedException: Unable to verify object 'Object Repository/PM/Huawei-vendor/Chart' is present
	at com.kms.katalon.core.webui.keyword.internal.WebUIKeywordMain.stepFailed(WebUIKeywordMain.groovy:64)
	at com.kms.katalon.core.webui.keyword.internal.WebUIKeywordMain.runKeyword(WebUIKeywordMain.groovy:26)
	at com.kms.katalon.core.webui.keyword.builtin.VerifyElementPresentKeyword.verifyElementPresent(VerifyElementPresentKeyword.groovy:92)
	at com.kms.katalon.core.webui.keyword.builtin.VerifyElementPresentKeyword.execute(VerifyElementPresentKeyword.groovy:68)
	at com.kms.katalon.core.keyword.internal.KeywordExecutor.executeKeywordForPlatform(KeywordExecutor.groovy:74)
	at com.kms.katalon.core.webui.keyword.WebUiBuiltInKeywords.verifyElementPresent(WebUiBuiltInKeywords.groovy:1464)
	at com.kms.katalon.core.webui.keyword.WebUiBuiltInKeywords$verifyElementPresent$6.call(Unknown Source)
	at PMHwaueiTopX.TopX(PMHwaueiTopX.groovy:1593)
	at PMHwaueiTopX.invokeMethod(PMHwaueiTopX.groovy)
	at com.kms.katalon.core.main.CustomKeywordDelegatingMetaClass.invokeStaticMethod(CustomKeywordDelegatingMetaClass.java:55)
	at TopX 2G Cluster default.run(TopX 2G Cluster default:29)
	at com.kms.katalon.core.main.ScriptEngine.run(ScriptEngine.java:194)
	at com.kms.katalon.core.main.ScriptEngine.runScriptAsRawText(ScriptEngine.java:119)
	at com.kms.katalon.core.main.TestCaseExecutor.runScript(TestCaseExecutor.java:448)
	at com.kms.katalon.core.main.TestCaseExecutor.doExecute(TestCaseExecutor.java:439)
	at com.kms.katalon.core.main.TestCaseExecutor.processExecutionPhase(TestCaseExecutor.java:418)
	at com.kms.katalon.core.main.TestCaseExecutor.accessMainPhase(TestCaseExecutor.java:410)
	at com.kms.katalon.core.main.TestCaseExecutor.execute(TestCaseExecutor.java:285)
	at com.kms.katalon.core.common.CommonExecutor.accessTestCaseMainPhase(CommonExecutor.java:65)
	at com.kms.katalon.core.main.TestSuiteExecutor.accessTestSuiteMainPhase(TestSuiteExecutor.java:148)
	at com.kms.katalon.core.main.TestSuiteExecutor.execute(TestSuiteExecutor.java:106)
	at com.kms.katalon.core.main.TestCaseMain.startTestSuite(TestCaseMain.java:187)
	at com.kms.katalon.core.main.TestCaseMain$startTestSuite$0.call(Unknown Source)
	at TempTestSuite1722769113368.run(TempTestSuite1722769113368.groovy:35)
Caused by: com.kms.katalon.core.exception.StepFailedException: com.kms.katalon.core.webui.exception.WebElementNotFoundException: Web element with id: 'Object Repository/PM/Huawei-vendor/Chart' located by '//*[@id="chart-container"]/div/app-main-chart-component[1]/div/div[2]/div[2]/div/div/div[1]/canvas' not found
	at com.kms.katalon.core.webui.keyword.internal.WebUIKeywordMain.stepFailed(WebUIKeywordMain.groovy:64)
	at com.kms.katalon.core.webui.keyword.builtin.VerifyElementPresentKeyword$_verifyElementPresent_closure1.doCall(VerifyElementPresentKeyword.groovy:85)
	at com.kms.katalon.core.webui.keyword.builtin.VerifyElementPresentKeyword$_verifyElementPresent_closure1.call(VerifyElementPresentKeyword.groovy)
	at com.kms.katalon.core.webui.keyword.internal.WebUIKeywordMain.runKeyword(WebUIKeywordMain.groovy:20)
	... 22 more]]></system-err>
      </testcase>
      <testcase name="Test Cases/PM/Hwauei/TopX/2G TopX/XCluster/TopX 2G Cluster with LowX" time="43.019" classname="Test Cases/PM/Hwauei/TopX/2G TopX/XCluster/TopX 2G Cluster with LowX" status="PASSED">
         <system-out><![CDATA[2024-08-04 14:38:42 - [TEST_CASE][PASSED] - Test Cases/PM/Hwauei/TopX/2G TopX/XCluster/TopX 2G Cluster with LowX: Test Cases/PM/Hwauei/TopX/2G TopX/XCluster/TopX 2G Cluster with LowX

2024-08-04 14:38:42 - [TEST_STEP][PASSED] - callTestCase(findTestCase("Login"), [:], STOP_ON_FAILURE): Call Test Case 'Test Cases/Login' successfully

2024-08-04 14:38:42 - [TEST_CASE][PASSED] - Test Cases/Login: Test Cases/Login

2024-08-04 14:38:42 - [TEST_STEP][PASSED] - driver = general.start(SwagerURL, NetCellURL): general.start is PASSED

2024-08-04 14:38:42 - [MESSAGE][INFO] - >>> chromeDriverPath=C:\Users\FatimaIbeid\.katalon\packages\Katalon_Studio_Windows_64-8.6.9\Katalon_Studio_Windows_64-8.6.9\configuration\resources\drivers\chromedriver_win32\chromedriver.exe

2024-08-04 14:38:44 - [MESSAGE][PASSED] - Current window maximized

2024-08-04 14:38:44 - [MESSAGE][PASSED] - Execute JavaScript 'window.open();' successfully

2024-08-04 14:38:44 - [MESSAGE][PASSED] - Switched to window with index: '1'

2024-08-04 14:38:56 - [MESSAGE][PASSED] - general.start is PASSED

2024-08-04 14:38:56 - [TEST_STEP][PASSED] - click(findTestObject("Object Repository/Login/LoginButton")): Object: 'Object Repository/Login/LoginButton' is clicked on

2024-08-04 14:38:56 - [MESSAGE][PASSED] - Object: 'Object Repository/Login/LoginButton' is clicked on

2024-08-04 14:38:56 - [TEST_STEP][PASSED] - switchToWindowIndex(2): Switched to window with index: '2'

2024-08-04 14:38:57 - [MESSAGE][PASSED] - Switched to window with index: '2'

2024-08-04 14:38:57 - [TEST_STEP][PASSED] - delay(1): Delayed 1 second(s)

2024-08-04 14:38:58 - [MESSAGE][PASSED] - Delayed 1 second(s)

2024-08-04 14:38:58 - [TEST_STEP][PASSED] - sendKeys(findTestObject("Object Repository/Login/EnterEmail"), "homam@zztjg.onmicrosoft.com"): Keys 'homam@zztjg.onmicrosoft.com' sent to object: 'Object Repository/Login/EnterEmail'

2024-08-04 14:38:59 - [MESSAGE][PASSED] - Keys 'homam@zztjg.onmicrosoft.com' sent to object: 'Object Repository/Login/EnterEmail'

2024-08-04 14:38:59 - [TEST_STEP][PASSED] - delay(1): Delayed 1 second(s)

2024-08-04 14:39:00 - [MESSAGE][PASSED] - Delayed 1 second(s)

2024-08-04 14:39:00 - [TEST_STEP][PASSED] - click(findTestObject("Object Repository/Login/NextButton")): Object: 'Object Repository/Login/NextButton' is clicked on

2024-08-04 14:39:00 - [MESSAGE][PASSED] - Object: 'Object Repository/Login/NextButton' is clicked on

2024-08-04 14:39:00 - [TEST_STEP][PASSED] - delay(2): Delayed 2 second(s)

2024-08-04 14:39:02 - [MESSAGE][PASSED] - Delayed 2 second(s)

2024-08-04 14:39:02 - [TEST_STEP][PASSED] - sendKeys(findTestObject("Object Repository/Login/EnterPassword"), "Holder12345"): Keys 'Holder12345' sent to object: 'Object Repository/Login/EnterPassword'

2024-08-04 14:39:02 - [MESSAGE][PASSED] - Keys 'Holder12345' sent to object: 'Object Repository/Login/EnterPassword'

2024-08-04 14:39:02 - [TEST_STEP][PASSED] - delay(1): Delayed 1 second(s)

2024-08-04 14:39:03 - [MESSAGE][PASSED] - Delayed 1 second(s)

2024-08-04 14:39:03 - [TEST_STEP][PASSED] - click(findTestObject("Object Repository/Login/SigninButton")): Object: 'Object Repository/Login/SigninButton' is clicked on

2024-08-04 14:39:04 - [MESSAGE][PASSED] - Object: 'Object Repository/Login/SigninButton' is clicked on

2024-08-04 14:39:04 - [TEST_STEP][PASSED] - delay(1): Delayed 1 second(s)

2024-08-04 14:39:05 - [MESSAGE][PASSED] - Delayed 1 second(s)

2024-08-04 14:39:05 - [TEST_STEP][PASSED] - click(findTestObject("Object Repository/Login/YesStayInButton")): Object: 'Object Repository/Login/YesStayInButton' is clicked on

2024-08-04 14:39:06 - [MESSAGE][PASSED] - Object: 'Object Repository/Login/YesStayInButton' is clicked on

2024-08-04 14:39:06 - [MESSAGE][PASSED] - Call Test Case 'Test Cases/Login' successfully

2024-08-04 14:39:06 - [TEST_STEP][PASSED] - switchToWindowIndex(1): Switched to window with index: '1'

2024-08-04 14:39:06 - [MESSAGE][PASSED] - Switched to window with index: '1'

2024-08-04 14:39:06 - [TEST_STEP][PASSED] - PMHwaueiTopX.TopX("2G", "Cluster", true, "Hourly", true, null): PMHwaueiTopX.TopX is PASSED

2024-08-04 14:39:07 - [MESSAGE][PASSED] - Object: 'Object Repository/PM/PM-Button' is clicked on

2024-08-04 14:39:07 - [MESSAGE][PASSED] - Switched to window with index: '2'

2024-08-04 14:39:09 - [MESSAGE][PASSED] - Object: 'Object Repository/PM/Huawei-vendor/Data-view/TopX' is clicked on

2024-08-04 14:39:09 - [MESSAGE][PASSED] - Object: 'Object Repository/PM/Huawei-vendor/Technology/Technology-Arrow' is clicked on

2024-08-04 14:39:09 - [MESSAGE][PASSED] - Object: 'Object Repository/PM/Huawei-vendor/Technology/2G' is clicked on

2024-08-04 14:39:09 - [MESSAGE][PASSED] - Object: 'Object Repository/PM/Huawei-vendor/TopX/TopX Object Type' is clicked on

2024-08-04 14:39:10 - [MESSAGE][PASSED] - Delayed 1 second(s)

2024-08-04 14:39:11 - [MESSAGE][PASSED] - Object: 'Object Repository/PM/Huawei-vendor/Object-Type/TopX Object Types/TopX Clusters/TopX Cluster' is clicked on

2024-08-04 14:39:12 - [MESSAGE][PASSED] - Delayed 1 second(s)

2024-08-04 14:39:12 - [MESSAGE][WARNING] - Timeout '0' is invalid. Using default page load timeout: '120'

2024-08-04 14:39:12 - [MESSAGE][PASSED] - Scroll to object 'Object Repository/PM/Huawei-vendor/Object Border' successfully

2024-08-04 14:39:12 - [MESSAGE][PASSED] - Object: 'Object Repository/PM/Huawei-vendor/Object-Type/TopX Object Types/TopX Region Bands/TopX FDD Arrow' is clicked on

2024-08-04 14:39:12 - [MESSAGE][PASSED] - Object: 'Object Repository/PM/Huawei-vendor/Object-Type/TopX Object Types/TopX Regions/TopX Region East Amman' is clicked on

2024-08-04 14:39:12 - [MESSAGE][PASSED] - Object: 'Object Repository/PM/Huawei-vendor/Object-Type/TopX Object Types/TopX Regions/TopX Region West Amman' is clicked on

2024-08-04 14:39:12 - [MESSAGE][PASSED] - Object: 'Object Repository/PM/Huawei-vendor/Object-Type/TopX Object Types/TopX Regions/TopX Region South Jordan' is clicked on

2024-08-04 14:39:12 - [MESSAGE][PASSED] - Object: 'Object Repository/PM/Huawei-vendor/Object-Type/TopX Object Types/TopX Regions/TopX Region North Jordan' is clicked on

2024-08-04 14:39:13 - [MESSAGE][PASSED] - Object: 'Object Repository/PM/Huawei-vendor/Object-Type/TopX Object Types/TopX Region Bands/TopX FDD Close Arrow' is clicked on

2024-08-04 14:39:13 - [MESSAGE][PASSED] - Object: 'Object Repository/PM/Huawei-vendor/Object-Type/TopX Object Types/TopX Region Bands/TopX TDD Arrow' is clicked on

2024-08-04 14:39:13 - [MESSAGE][PASSED] - Object: 'Object Repository/PM/Huawei-vendor/Object-Type/TopX Object Types/TopX Regions/TopX Region East Jordan' is clicked on

2024-08-04 14:39:13 - [MESSAGE][PASSED] - Object: 'Object Repository/PM/Huawei-vendor/Object-Type/TopX Object Types/TopX Regions/TopX Region Others' is clicked on

2024-08-04 14:39:13 - [MESSAGE][PASSED] - Object: 'Object Repository/PM/Huawei-vendor/Object-Type/TopX Object Types/TopX Regions/TopX Region South Amman' is clicked on

2024-08-04 14:39:13 - [MESSAGE][PASSED] - Object: 'Object Repository/PM/Huawei-vendor/Object-Type/TopX Object Types/TopX Region Bands/TopX TDD Close Arrow' is clicked on

2024-08-04 14:39:13 - [MESSAGE][WARNING] - Timeout '0' is invalid. Using default page load timeout: '120'

2024-08-04 14:39:13 - [MESSAGE][PASSED] - Scroll to object 'Object Repository/PM/Huawei-vendor/LowXlabel' successfully

2024-08-04 14:39:14 - [MESSAGE][PASSED] - Object: 'Object Repository/PM/Huawei-vendor/TopX/TopXDate/BeforeDate' is clicked on

2024-08-04 14:39:15 - [MESSAGE][PASSED] - Delayed 1 second(s)

2024-08-04 14:39:15 - [MESSAGE][PASSED] - Object: 'Object Repository/PM/Huawei-vendor/TopX/TopXDate/Choose Month' is clicked on

2024-08-04 14:39:16 - [MESSAGE][PASSED] - Delayed 1 second(s)

2024-08-04 14:39:16 - [MESSAGE][PASSED] - Object: 'Object Repository/PM/Huawei-vendor/TopX/TopXDate/Feb' is clicked on

2024-08-04 14:39:16 - [MESSAGE][PASSED] - Object: 'Object Repository/PM/Huawei-vendor/TopX/TopXDate/Day 1' is clicked on

2024-08-04 14:39:16 - [MESSAGE][PASSED] - Object: 'Object Repository/PM/Huawei-vendor/TopX/TopXDate/Button OK' is clicked on

2024-08-04 14:39:17 - [MESSAGE][PASSED] - Object: 'Object Repository/PM/Huawei-vendor/TopX/TopXDate/After Date' is clicked on

2024-08-04 14:39:18 - [MESSAGE][PASSED] - Delayed 1 second(s)

2024-08-04 14:39:18 - [MESSAGE][PASSED] - Object: 'Object Repository/PM/Huawei-vendor/TopX/TopXDate/Choose Month' is clicked on

2024-08-04 14:39:19 - [MESSAGE][PASSED] - Delayed 1 second(s)

2024-08-04 14:39:19 - [MESSAGE][PASSED] - Object: 'Object Repository/PM/Huawei-vendor/TopX/TopXDate/Feb' is clicked on

2024-08-04 14:39:19 - [MESSAGE][PASSED] - Object: 'Object Repository/PM/Huawei-vendor/TopX/TopXDate/Day 7' is clicked on

2024-08-04 14:39:19 - [MESSAGE][PASSED] - Object: 'Object Repository/PM/Huawei-vendor/TopX/TopXDate/Button OK' is clicked on

2024-08-04 14:39:20 - [MESSAGE][PASSED] - Object: 'Object Repository/PM/Huawei-vendor/LowXCheckBox' is clicked on

2024-08-04 14:39:20 - [MESSAGE][PASSED] - Object: 'Object Repository/PM/Huawei-vendor/Apply-Button' is clicked on

2024-08-04 14:39:20 - [MESSAGE][WARNING] - Timeout '0' is invalid. Using default page load timeout: '120'

2024-08-04 14:39:20 - [MESSAGE][PASSED] - Web element with id: 'Object Repository/PM/Huawei-vendor/Error' located by 'By.xpath: //div[@class='toast-summary title-medium-m']' is not present after '120' second(s)

2024-08-04 14:39:20 - [MESSAGE][WARNING] - Timeout '0' is invalid. Using default page load timeout: '120'

2024-08-04 14:39:24 - [MESSAGE][PASSED] - Object 'Object Repository/PM/Huawei-vendor/Chart' is present

2024-08-04 14:39:24 - [MESSAGE][WARNING] - Timeout '0' is invalid. Using default page load timeout: '120'

2024-08-04 14:39:24 - [MESSAGE][PASSED] - Object 'Object Repository/PM/Huawei-vendor/TopX/TopX Export Chart' is present

2024-08-04 14:39:24 - [MESSAGE][WARNING] - Timeout '0' is invalid. Using default page load timeout: '120'

2024-08-04 14:39:24 - [MESSAGE][PASSED] - Object 'Object Repository/PM/Huawei-vendor/TopX/Table View' is present

2024-08-04 14:39:24 - [MESSAGE][PASSED] - Object: 'Object Repository/PM/Huawei-vendor/TopX/Table View' is clicked on

2024-08-04 14:39:24 - [MESSAGE][PASSED] - Object: 'Object Repository/PM/Huawei-vendor/TopX/Reordering the table view' is clicked on

2024-08-04 14:39:25 - [MESSAGE][PASSED] - Browser is closed

2024-08-04 14:39:25 - [MESSAGE][PASSED] - PMHwaueiTopX.TopX is PASSED]]></system-out>
         <system-err><![CDATA[]]></system-err>
      </testcase>
      <testcase name="Test Cases/PM/Hwauei/TopX/2G TopX/XCluster/TopX 2G Cluster Daily" time="164.462" classname="Test Cases/PM/Hwauei/TopX/2G TopX/XCluster/TopX 2G Cluster Daily" status="FAILED">
         <failure type="FAILED" message="Test Cases/PM/Hwauei/TopX/2G TopX/XCluster/TopX 2G Cluster Daily FAILED.
Reason:
com.kms.katalon.core.exception.StepFailedException: Unable to verify object 'Object Repository/PM/Huawei-vendor/Chart' is present
	at com.kms.katalon.core.webui.keyword.internal.WebUIKeywordMain.stepFailed(WebUIKeywordMain.groovy:64)
	at com.kms.katalon.core.webui.keyword.internal.WebUIKeywordMain.runKeyword(WebUIKeywordMain.groovy:26)
	at com.kms.katalon.core.webui.keyword.builtin.VerifyElementPresentKeyword.verifyElementPresent(VerifyElementPresentKeyword.groovy:92)
	at com.kms.katalon.core.webui.keyword.builtin.VerifyElementPresentKeyword.execute(VerifyElementPresentKeyword.groovy:68)
	at com.kms.katalon.core.keyword.internal.KeywordExecutor.executeKeywordForPlatform(KeywordExecutor.groovy:74)
	at com.kms.katalon.core.webui.keyword.WebUiBuiltInKeywords.verifyElementPresent(WebUiBuiltInKeywords.groovy:1464)
	at com.kms.katalon.core.webui.keyword.WebUiBuiltInKeywords$verifyElementPresent$6.call(Unknown Source)
	at PMHwaueiTopX.TopX(PMHwaueiTopX.groovy:1593)
	at PMHwaueiTopX.invokeMethod(PMHwaueiTopX.groovy)
	at com.kms.katalon.core.main.CustomKeywordDelegatingMetaClass.invokeStaticMethod(CustomKeywordDelegatingMetaClass.java:55)
	at TopX 2G Cluster Daily.run(TopX 2G Cluster Daily:29)
	at com.kms.katalon.core.main.ScriptEngine.run(ScriptEngine.java:194)
	at com.kms.katalon.core.main.ScriptEngine.runScriptAsRawText(ScriptEngine.java:119)
	at com.kms.katalon.core.main.TestCaseExecutor.runScript(TestCaseExecutor.java:448)
	at com.kms.katalon.core.main.TestCaseExecutor.doExecute(TestCaseExecutor.java:439)
	at com.kms.katalon.core.main.TestCaseExecutor.processExecutionPhase(TestCaseExecutor.java:418)
	at com.kms.katalon.core.main.TestCaseExecutor.accessMainPhase(TestCaseExecutor.java:410)
	at com.kms.katalon.core.main.TestCaseExecutor.execute(TestCaseExecutor.java:285)
	at com.kms.katalon.core.common.CommonExecutor.accessTestCaseMainPhase(CommonExecutor.java:65)
	at com.kms.katalon.core.main.TestSuiteExecutor.accessTestSuiteMainPhase(TestSuiteExecutor.java:148)
	at com.kms.katalon.core.main.TestSuiteExecutor.execute(TestSuiteExecutor.java:106)
	at com.kms.katalon.core.main.TestCaseMain.startTestSuite(TestCaseMain.java:187)
	at com.kms.katalon.core.main.TestCaseMain$startTestSuite$0.call(Unknown Source)
	at TempTestSuite1722769113368.run(TempTestSuite1722769113368.groovy:35)
Caused by: com.kms.katalon.core.exception.StepFailedException: com.kms.katalon.core.webui.exception.WebElementNotFoundException: Web element with id: 'Object Repository/PM/Huawei-vendor/Chart' located by '//*[@id=&quot;chart-container&quot;]/div/app-main-chart-component[1]/div/div[2]/div[2]/div/div/div[1]/canvas' not found
	at com.kms.katalon.core.webui.keyword.internal.WebUIKeywordMain.stepFailed(WebUIKeywordMain.groovy:64)
	at com.kms.katalon.core.webui.keyword.builtin.VerifyElementPresentKeyword$_verifyElementPresent_closure1.doCall(VerifyElementPresentKeyword.groovy:85)
	at com.kms.katalon.core.webui.keyword.builtin.VerifyElementPresentKeyword$_verifyElementPresent_closure1.call(VerifyElementPresentKeyword.groovy)
	at com.kms.katalon.core.webui.keyword.internal.WebUIKeywordMain.runKeyword(WebUIKeywordMain.groovy:20)
	... 22 more
"/>
         <system-out><![CDATA[2024-08-04 14:39:25 - [TEST_CASE][FAILED] - Test Cases/PM/Hwauei/TopX/2G TopX/XCluster/TopX 2G Cluster Daily: Test Cases/PM/Hwauei/TopX/2G TopX/XCluster/TopX 2G Cluster Daily FAILED.
Reason:
com.kms.katalon.core.exception.StepFailedException: Unable to verify object 'Object Repository/PM/Huawei-vendor/Chart' is present
	at com.kms.katalon.core.webui.keyword.internal.WebUIKeywordMain.stepFailed(WebUIKeywordMain.groovy:64)
	at com.kms.katalon.core.webui.keyword.internal.WebUIKeywordMain.runKeyword(WebUIKeywordMain.groovy:26)
	at com.kms.katalon.core.webui.keyword.builtin.VerifyElementPresentKeyword.verifyElementPresent(VerifyElementPresentKeyword.groovy:92)
	at com.kms.katalon.core.webui.keyword.builtin.VerifyElementPresentKeyword.execute(VerifyElementPresentKeyword.groovy:68)
	at com.kms.katalon.core.keyword.internal.KeywordExecutor.executeKeywordForPlatform(KeywordExecutor.groovy:74)
	at com.kms.katalon.core.webui.keyword.WebUiBuiltInKeywords.verifyElementPresent(WebUiBuiltInKeywords.groovy:1464)
	at com.kms.katalon.core.webui.keyword.WebUiBuiltInKeywords$verifyElementPresent$6.call(Unknown Source)
	at PMHwaueiTopX.TopX(PMHwaueiTopX.groovy:1593)
	at PMHwaueiTopX.invokeMethod(PMHwaueiTopX.groovy)
	at com.kms.katalon.core.main.CustomKeywordDelegatingMetaClass.invokeStaticMethod(CustomKeywordDelegatingMetaClass.java:55)
	at TopX 2G Cluster Daily.run(TopX 2G Cluster Daily:29)
	at com.kms.katalon.core.main.ScriptEngine.run(ScriptEngine.java:194)
	at com.kms.katalon.core.main.ScriptEngine.runScriptAsRawText(ScriptEngine.java:119)
	at com.kms.katalon.core.main.TestCaseExecutor.runScript(TestCaseExecutor.java:448)
	at com.kms.katalon.core.main.TestCaseExecutor.doExecute(TestCaseExecutor.java:439)
	at com.kms.katalon.core.main.TestCaseExecutor.processExecutionPhase(TestCaseExecutor.java:418)
	at com.kms.katalon.core.main.TestCaseExecutor.accessMainPhase(TestCaseExecutor.java:410)
	at com.kms.katalon.core.main.TestCaseExecutor.execute(TestCaseExecutor.java:285)
	at com.kms.katalon.core.common.CommonExecutor.accessTestCaseMainPhase(CommonExecutor.java:65)
	at com.kms.katalon.core.main.TestSuiteExecutor.accessTestSuiteMainPhase(TestSuiteExecutor.java:148)
	at com.kms.katalon.core.main.TestSuiteExecutor.execute(TestSuiteExecutor.java:106)
	at com.kms.katalon.core.main.TestCaseMain.startTestSuite(TestCaseMain.java:187)
	at com.kms.katalon.core.main.TestCaseMain$startTestSuite$0.call(Unknown Source)
	at TempTestSuite1722769113368.run(TempTestSuite1722769113368.groovy:35)
Caused by: com.kms.katalon.core.exception.StepFailedException: com.kms.katalon.core.webui.exception.WebElementNotFoundException: Web element with id: 'Object Repository/PM/Huawei-vendor/Chart' located by '//*[@id="chart-container"]/div/app-main-chart-component[1]/div/div[2]/div[2]/div/div/div[1]/canvas' not found
	at com.kms.katalon.core.webui.keyword.internal.WebUIKeywordMain.stepFailed(WebUIKeywordMain.groovy:64)
	at com.kms.katalon.core.webui.keyword.builtin.VerifyElementPresentKeyword$_verifyElementPresent_closure1.doCall(VerifyElementPresentKeyword.groovy:85)
	at com.kms.katalon.core.webui.keyword.builtin.VerifyElementPresentKeyword$_verifyElementPresent_closure1.call(VerifyElementPresentKeyword.groovy)
	at com.kms.katalon.core.webui.keyword.internal.WebUIKeywordMain.runKeyword(WebUIKeywordMain.groovy:20)
	... 22 more


2024-08-04 14:39:26 - [TEST_STEP][PASSED] - callTestCase(findTestCase("Login"), [:], STOP_ON_FAILURE): Call Test Case 'Test Cases/Login' successfully

2024-08-04 14:39:26 - [TEST_CASE][PASSED] - Test Cases/Login: Test Cases/Login

2024-08-04 14:39:26 - [TEST_STEP][PASSED] - driver = general.start(SwagerURL, NetCellURL): general.start is PASSED

2024-08-04 14:39:26 - [MESSAGE][INFO] - >>> chromeDriverPath=C:\Users\FatimaIbeid\.katalon\packages\Katalon_Studio_Windows_64-8.6.9\Katalon_Studio_Windows_64-8.6.9\configuration\resources\drivers\chromedriver_win32\chromedriver.exe

2024-08-04 14:39:27 - [MESSAGE][PASSED] - Current window maximized

2024-08-04 14:39:28 - [MESSAGE][PASSED] - Execute JavaScript 'window.open();' successfully

2024-08-04 14:39:28 - [MESSAGE][PASSED] - Switched to window with index: '1'

2024-08-04 14:39:41 - [MESSAGE][PASSED] - general.start is PASSED

2024-08-04 14:39:41 - [TEST_STEP][PASSED] - click(findTestObject("Object Repository/Login/LoginButton")): Object: 'Object Repository/Login/LoginButton' is clicked on

2024-08-04 14:39:41 - [MESSAGE][PASSED] - Object: 'Object Repository/Login/LoginButton' is clicked on

2024-08-04 14:39:41 - [TEST_STEP][PASSED] - switchToWindowIndex(2): Switched to window with index: '2'

2024-08-04 14:39:41 - [MESSAGE][PASSED] - Switched to window with index: '2'

2024-08-04 14:39:41 - [TEST_STEP][PASSED] - delay(1): Delayed 1 second(s)

2024-08-04 14:39:42 - [MESSAGE][PASSED] - Delayed 1 second(s)

2024-08-04 14:39:42 - [TEST_STEP][PASSED] - sendKeys(findTestObject("Object Repository/Login/EnterEmail"), "homam@zztjg.onmicrosoft.com"): Keys 'homam@zztjg.onmicrosoft.com' sent to object: 'Object Repository/Login/EnterEmail'

2024-08-04 14:39:44 - [MESSAGE][PASSED] - Keys 'homam@zztjg.onmicrosoft.com' sent to object: 'Object Repository/Login/EnterEmail'

2024-08-04 14:39:44 - [TEST_STEP][PASSED] - delay(1): Delayed 1 second(s)

2024-08-04 14:39:45 - [MESSAGE][PASSED] - Delayed 1 second(s)

2024-08-04 14:39:45 - [TEST_STEP][PASSED] - click(findTestObject("Object Repository/Login/NextButton")): Object: 'Object Repository/Login/NextButton' is clicked on

2024-08-04 14:39:45 - [MESSAGE][PASSED] - Object: 'Object Repository/Login/NextButton' is clicked on

2024-08-04 14:39:45 - [TEST_STEP][PASSED] - delay(2): Delayed 2 second(s)

2024-08-04 14:39:47 - [MESSAGE][PASSED] - Delayed 2 second(s)

2024-08-04 14:39:47 - [TEST_STEP][PASSED] - sendKeys(findTestObject("Object Repository/Login/EnterPassword"), "Holder12345"): Keys 'Holder12345' sent to object: 'Object Repository/Login/EnterPassword'

2024-08-04 14:39:47 - [MESSAGE][PASSED] - Keys 'Holder12345' sent to object: 'Object Repository/Login/EnterPassword'

2024-08-04 14:39:47 - [TEST_STEP][PASSED] - delay(1): Delayed 1 second(s)

2024-08-04 14:39:48 - [MESSAGE][PASSED] - Delayed 1 second(s)

2024-08-04 14:39:48 - [TEST_STEP][PASSED] - click(findTestObject("Object Repository/Login/SigninButton")): Object: 'Object Repository/Login/SigninButton' is clicked on

2024-08-04 14:39:49 - [MESSAGE][PASSED] - Object: 'Object Repository/Login/SigninButton' is clicked on

2024-08-04 14:39:49 - [TEST_STEP][PASSED] - delay(1): Delayed 1 second(s)

2024-08-04 14:39:50 - [MESSAGE][PASSED] - Delayed 1 second(s)

2024-08-04 14:39:50 - [TEST_STEP][PASSED] - click(findTestObject("Object Repository/Login/YesStayInButton")): Object: 'Object Repository/Login/YesStayInButton' is clicked on

2024-08-04 14:39:50 - [MESSAGE][PASSED] - Object: 'Object Repository/Login/YesStayInButton' is clicked on

2024-08-04 14:39:50 - [MESSAGE][PASSED] - Call Test Case 'Test Cases/Login' successfully

2024-08-04 14:39:50 - [TEST_STEP][PASSED] - switchToWindowIndex(1): Switched to window with index: '1'

2024-08-04 14:39:50 - [MESSAGE][PASSED] - Switched to window with index: '1'

2024-08-04 14:39:50 - [TEST_STEP][FAILED] - PMHwaueiTopX.TopX("2G", "Cluster", false, "Daily", false, null): Unable to verify object 'Object Repository/PM/Huawei-vendor/Chart' is present

2024-08-04 14:39:51 - [MESSAGE][PASSED] - Object: 'Object Repository/PM/PM-Button' is clicked on

2024-08-04 14:39:51 - [MESSAGE][PASSED] - Switched to window with index: '2'

2024-08-04 14:39:52 - [MESSAGE][PASSED] - Object: 'Object Repository/PM/Huawei-vendor/Data-view/TopX' is clicked on

2024-08-04 14:39:52 - [MESSAGE][PASSED] - Object: 'Object Repository/PM/Huawei-vendor/Technology/Technology-Arrow' is clicked on

2024-08-04 14:39:53 - [MESSAGE][PASSED] - Object: 'Object Repository/PM/Huawei-vendor/Technology/2G' is clicked on

2024-08-04 14:39:53 - [MESSAGE][PASSED] - Object: 'Object Repository/PM/Huawei-vendor/TopX/TopX Object Type' is clicked on

2024-08-04 14:39:54 - [MESSAGE][PASSED] - Delayed 1 second(s)

2024-08-04 14:39:54 - [MESSAGE][PASSED] - Object: 'Object Repository/PM/Huawei-vendor/Object-Type/TopX Object Types/TopX Clusters/TopX Cluster' is clicked on

2024-08-04 14:39:55 - [MESSAGE][PASSED] - Delayed 1 second(s)

2024-08-04 14:39:55 - [MESSAGE][WARNING] - Timeout '0' is invalid. Using default page load timeout: '120'

2024-08-04 14:39:55 - [MESSAGE][PASSED] - Scroll to object 'Object Repository/PM/Huawei-vendor/Object Border' successfully

2024-08-04 14:39:56 - [MESSAGE][PASSED] - Object: 'Object Repository/PM/Huawei-vendor/Object-Type/TopX Object Types/TopX Region Bands/TopX FDD Arrow' is clicked on

2024-08-04 14:39:56 - [MESSAGE][PASSED] - Object: 'Object Repository/PM/Huawei-vendor/Object-Type/TopX Object Types/TopX Sites/TopX East Amman Arrow' is clicked on

2024-08-04 14:39:56 - [MESSAGE][PASSED] - Object: 'Object Repository/PM/Huawei-vendor/Object-Type/TopX Object Types/TopX Cluster Bands/TopX East Amman Cluster 3' is clicked on

2024-08-04 14:39:56 - [MESSAGE][PASSED] - Object: 'Object Repository/PM/Huawei-vendor/Object-Type/TopX Object Types/TopX Cluster Bands/TopX East Amman Cluster 13' is clicked on

2024-08-04 14:39:56 - [MESSAGE][PASSED] - Object: 'Object Repository/PM/Huawei-vendor/Object-Type/TopX Object Types/TopX Sites/TopX East Amman CloseArrow' is clicked on

2024-08-04 14:39:56 - [MESSAGE][PASSED] - Object: 'Object Repository/PM/Huawei-vendor/Object-Type/TopX Object Types/TopX Sites/TopX West Amman Arrow' is clicked on

2024-08-04 14:39:56 - [MESSAGE][PASSED] - Object: 'Object Repository/PM/Huawei-vendor/Object-Type/TopX Object Types/TopX Cluster Bands/TopX West Amman Cluster 2' is clicked on

2024-08-04 14:39:57 - [MESSAGE][PASSED] - Object: 'Object Repository/PM/Huawei-vendor/Object-Type/TopX Object Types/TopX Cluster Bands/TopX West Amman Cluster 5' is clicked on

2024-08-04 14:39:57 - [MESSAGE][PASSED] - Object: 'Object Repository/PM/Huawei-vendor/Object-Type/TopX Object Types/TopX Sites/TopX West Amman CloseArrow' is clicked on

2024-08-04 14:39:57 - [MESSAGE][PASSED] - Object: 'Object Repository/PM/Huawei-vendor/Object-Type/TopX Object Types/TopX Sites/TopX North Jordan Arrow' is clicked on

2024-08-04 14:39:57 - [MESSAGE][PASSED] - Object: 'Object Repository/PM/Huawei-vendor/Object-Type/TopX Object Types/TopX Cluster Bands/TopX North Jordan Cluster 4' is clicked on

2024-08-04 14:39:57 - [MESSAGE][PASSED] - Object: 'Object Repository/PM/Huawei-vendor/Object-Type/TopX Object Types/TopX Cluster Bands/TopX North Jordan Cluster 14' is clicked on

2024-08-04 14:39:57 - [MESSAGE][PASSED] - Object: 'Object Repository/PM/Huawei-vendor/Object-Type/TopX Object Types/TopX Sites/TopX North Jordan CloseArrow' is clicked on

2024-08-04 14:39:58 - [MESSAGE][PASSED] - Object: 'Object Repository/PM/Huawei-vendor/Object-Type/TopX Object Types/TopX Sites/TopX South Jordan Arrow' is clicked on

2024-08-04 14:39:58 - [MESSAGE][PASSED] - Object: 'Object Repository/PM/Huawei-vendor/Object-Type/TopX Object Types/TopX Cluster Bands/TopX South Jordan Cluster 7' is clicked on

2024-08-04 14:39:58 - [MESSAGE][PASSED] - Object: 'Object Repository/PM/Huawei-vendor/Object-Type/TopX Object Types/TopX Cluster Bands/TopX South Jordan Cluster 8' is clicked on

2024-08-04 14:39:58 - [MESSAGE][PASSED] - Object: 'Object Repository/PM/Huawei-vendor/Object-Type/TopX Object Types/TopX Sites/TopX South Jordan CloseArrow' is clicked on

2024-08-04 14:39:58 - [MESSAGE][PASSED] - Object: 'Object Repository/PM/Huawei-vendor/Object-Type/TopX Object Types/TopX Region Bands/TopX FDD Close Arrow' is clicked on

2024-08-04 14:39:58 - [MESSAGE][PASSED] - Object: 'Object Repository/PM/Huawei-vendor/Object-Type/TopX Object Types/TopX Region Bands/TopX TDD Arrow' is clicked on

2024-08-04 14:39:59 - [MESSAGE][PASSED] - Object: 'Object Repository/PM/Huawei-vendor/Object-Type/TopX Object Types/TopX Sites/TopX South Amman Arrow' is clicked on

2024-08-04 14:39:59 - [MESSAGE][PASSED] - Object: 'Object Repository/PM/Huawei-vendor/Object-Type/TopX Object Types/TopX Cluster Bands/TopX South Amman Cluster 1' is clicked on

2024-08-04 14:39:59 - [MESSAGE][PASSED] - Object: 'Object Repository/PM/Huawei-vendor/Object-Type/TopX Object Types/TopX Cluster Bands/TopX South Amman Cluster 6' is clicked on

2024-08-04 14:39:59 - [MESSAGE][PASSED] - Object: 'Object Repository/PM/Huawei-vendor/Object-Type/TopX Object Types/TopX Sites/TopX South Amman CloseArrow' is clicked on

2024-08-04 14:39:59 - [MESSAGE][PASSED] - Object: 'Object Repository/PM/Huawei-vendor/Object-Type/TopX Object Types/TopX Sites/TopX East Jordan Arrow' is clicked on

2024-08-04 14:39:59 - [MESSAGE][PASSED] - Object: 'Object Repository/PM/Huawei-vendor/Object-Type/TopX Object Types/TopX Cluster Bands/TopX East Jordan Cluster 10' is clicked on

2024-08-04 14:40:00 - [MESSAGE][PASSED] - Object: 'Object Repository/PM/Huawei-vendor/Object-Type/TopX Object Types/TopX Cluster Bands/TopX East Jordan Cluster 11' is clicked on

2024-08-04 14:40:00 - [MESSAGE][PASSED] - Object: 'Object Repository/PM/Huawei-vendor/Object-Type/TopX Object Types/TopX Sites/TopX East Jordan CloseArrow' is clicked on

2024-08-04 14:40:00 - [MESSAGE][PASSED] - Object: 'Object Repository/PM/Huawei-vendor/Object-Type/TopX Object Types/TopX Sites/TopX Others Arrow' is clicked on

2024-08-04 14:40:00 - [MESSAGE][PASSED] - Object: 'Object Repository/PM/Huawei-vendor/Object-Type/TopX Object Types/TopX Cluster Bands/TopX Others Cluster 60' is clicked on

2024-08-04 14:40:00 - [MESSAGE][PASSED] - Object: 'Object Repository/PM/Huawei-vendor/Object-Type/TopX Object Types/TopX Cluster Bands/TopX Others Cluster 61' is clicked on

2024-08-04 14:40:01 - [MESSAGE][PASSED] - Object: 'Object Repository/PM/Huawei-vendor/Object-Type/TopX Object Types/TopX Sites/TopX Others CloseArrow' is clicked on

2024-08-04 14:40:01 - [MESSAGE][PASSED] - Object: 'Object Repository/PM/Huawei-vendor/Object-Type/TopX Object Types/TopX Region Bands/TopX TDD Close Arrow' is clicked on

2024-08-04 14:40:01 - [MESSAGE][WARNING] - Timeout '0' is invalid. Using default page load timeout: '120'

2024-08-04 14:40:01 - [MESSAGE][PASSED] - Scroll to object 'Object Repository/PM/Huawei-vendor/LowXlabel' successfully

2024-08-04 14:40:01 - [MESSAGE][PASSED] - Object: 'Object Repository/PM/Huawei-vendor/Resolution Temp/Select Resolution temp' is clicked on

2024-08-04 14:40:01 - [MESSAGE][PASSED] - Object: 'Object Repository/PM/Huawei-vendor/Resolution Temp/Resolution Temp Daily' is clicked on

2024-08-04 14:40:02 - [MESSAGE][PASSED] - Object: 'Object Repository/PM/Huawei-vendor/TopX/TopXDate/BeforeDate' is clicked on

2024-08-04 14:40:03 - [MESSAGE][PASSED] - Delayed 1 second(s)

2024-08-04 14:40:03 - [MESSAGE][PASSED] - Object: 'Object Repository/PM/Huawei-vendor/TopX/TopXDate/Choose Month' is clicked on

2024-08-04 14:40:04 - [MESSAGE][PASSED] - Delayed 1 second(s)

2024-08-04 14:40:04 - [MESSAGE][PASSED] - Object: 'Object Repository/PM/Huawei-vendor/TopX/TopXDate/Feb' is clicked on

2024-08-04 14:40:04 - [MESSAGE][PASSED] - Object: 'Object Repository/PM/Huawei-vendor/TopX/TopXDate/Day 1' is clicked on

2024-08-04 14:40:05 - [MESSAGE][PASSED] - Object: 'Object Repository/PM/Huawei-vendor/TopX/TopXDate/Button OK' is clicked on

2024-08-04 14:40:05 - [MESSAGE][PASSED] - Object: 'Object Repository/PM/Huawei-vendor/TopX/TopXDate/After Date' is clicked on

2024-08-04 14:40:06 - [MESSAGE][PASSED] - Delayed 1 second(s)

2024-08-04 14:40:06 - [MESSAGE][PASSED] - Object: 'Object Repository/PM/Huawei-vendor/TopX/TopXDate/Choose Month' is clicked on

2024-08-04 14:40:07 - [MESSAGE][PASSED] - Delayed 1 second(s)

2024-08-04 14:40:07 - [MESSAGE][PASSED] - Object: 'Object Repository/PM/Huawei-vendor/TopX/TopXDate/Feb' is clicked on

2024-08-04 14:40:07 - [MESSAGE][PASSED] - Object: 'Object Repository/PM/Huawei-vendor/TopX/TopXDate/Day 7' is clicked on

2024-08-04 14:40:08 - [MESSAGE][PASSED] - Object: 'Object Repository/PM/Huawei-vendor/TopX/TopXDate/Button OK' is clicked on

2024-08-04 14:40:08 - [MESSAGE][PASSED] - Object: 'Object Repository/PM/Huawei-vendor/Apply-Button' is clicked on

2024-08-04 14:40:08 - [MESSAGE][WARNING] - Timeout '0' is invalid. Using default page load timeout: '120'

2024-08-04 14:40:08 - [MESSAGE][PASSED] - Web element with id: 'Object Repository/PM/Huawei-vendor/Error' located by 'By.xpath: //div[@class='toast-summary title-medium-m']' is not present after '120' second(s)

2024-08-04 14:40:08 - [MESSAGE][WARNING] - Timeout '0' is invalid. Using default page load timeout: '120'

2024-08-04 14:42:09 - [MESSAGE][INFO] - Unable to find the element located by 'By.xpath: //*[@id="chart-container"]/div/app-main-chart-component[1]/div/div[2]/div[2]/div/div/div[1]/canvas'. Please recheck the objects properties to make sure the desired element is located. 

2024-08-04 14:42:09 - [MESSAGE][FAILED] - com.kms.katalon.core.webui.exception.WebElementNotFoundException: Web element with id: 'Object Repository/PM/Huawei-vendor/Chart' located by '//*[@id="chart-container"]/div/app-main-chart-component[1]/div/div[2]/div[2]/div/div/div[1]/canvas' not found (Root cause: com.kms.katalon.core.exception.StepFailedException: com.kms.katalon.core.webui.exception.WebElementNotFoundException: Web element with id: 'Object Repository/PM/Huawei-vendor/Chart' located by '//*[@id="chart-container"]/div/app-main-chart-component[1]/div/div[2]/div[2]/div/div/div[1]/canvas' not found
	at com.kms.katalon.core.webui.keyword.internal.WebUIKeywordMain.stepFailed(WebUIKeywordMain.groovy:64)
	at com.kms.katalon.core.webui.keyword.builtin.VerifyElementPresentKeyword$_verifyElementPresent_closure1.doCall(VerifyElementPresentKeyword.groovy:85)
	at com.kms.katalon.core.webui.keyword.builtin.VerifyElementPresentKeyword$_verifyElementPresent_closure1.call(VerifyElementPresentKeyword.groovy)
	at com.kms.katalon.core.webui.keyword.internal.WebUIKeywordMain.runKeyword(WebUIKeywordMain.groovy:20)
	at com.kms.katalon.core.webui.keyword.builtin.VerifyElementPresentKeyword.verifyElementPresent(VerifyElementPresentKeyword.groovy:92)
	at com.kms.katalon.core.webui.keyword.builtin.VerifyElementPresentKeyword.execute(VerifyElementPresentKeyword.groovy:68)
	at com.kms.katalon.core.keyword.internal.KeywordExecutor.executeKeywordForPlatform(KeywordExecutor.groovy:74)
	at com.kms.katalon.core.webui.keyword.WebUiBuiltInKeywords.verifyElementPresent(WebUiBuiltInKeywords.groovy:1464)
	at com.kms.katalon.core.webui.keyword.WebUiBuiltInKeywords$verifyElementPresent$6.call(Unknown Source)
	at PMHwaueiTopX.TopX(PMHwaueiTopX.groovy:1593)
	at PMHwaueiTopX.invokeMethod(PMHwaueiTopX.groovy)
	at com.kms.katalon.core.main.CustomKeywordDelegatingMetaClass.invokeStaticMethod(CustomKeywordDelegatingMetaClass.java:55)
	at TopX 2G Cluster Daily.run(TopX 2G Cluster Daily:29)
	at com.kms.katalon.core.main.ScriptEngine.run(ScriptEngine.java:194)
	at com.kms.katalon.core.main.ScriptEngine.runScriptAsRawText(ScriptEngine.java:119)
	at com.kms.katalon.core.main.TestCaseExecutor.runScript(TestCaseExecutor.java:448)
	at com.kms.katalon.core.main.TestCaseExecutor.doExecute(TestCaseExecutor.java:439)
	at com.kms.katalon.core.main.TestCaseExecutor.processExecutionPhase(TestCaseExecutor.java:418)
	at com.kms.katalon.core.main.TestCaseExecutor.accessMainPhase(TestCaseExecutor.java:410)
	at com.kms.katalon.core.main.TestCaseExecutor.execute(TestCaseExecutor.java:285)
	at com.kms.katalon.core.common.CommonExecutor.accessTestCaseMainPhase(CommonExecutor.java:65)
	at com.kms.katalon.core.main.TestSuiteExecutor.accessTestSuiteMainPhase(TestSuiteExecutor.java:148)
	at com.kms.katalon.core.main.TestSuiteExecutor.execute(TestSuiteExecutor.java:106)
	at com.kms.katalon.core.main.TestCaseMain.startTestSuite(TestCaseMain.java:187)
	at com.kms.katalon.core.main.TestCaseMain$startTestSuite$0.call(Unknown Source)
	at TempTestSuite1722769113368.run(TempTestSuite1722769113368.groovy:35)
)
[[ATTACHMENT|C:\\Users\\FatimaIbeid\\git\\NetCell\\Reports\\20240804_135833\\PM\\Hwauei\\TopX\\Regression TopX 2G\\20240804_135833\\1722771729675.png]]

2024-08-04 14:42:09 - [MESSAGE][FAILED] - Unable to verify object 'Object Repository/PM/Huawei-vendor/Chart' is present (Root cause: com.kms.katalon.core.exception.StepFailedException: Unable to verify object 'Object Repository/PM/Huawei-vendor/Chart' is present
	at com.kms.katalon.core.webui.keyword.internal.WebUIKeywordMain.stepFailed(WebUIKeywordMain.groovy:64)
	at com.kms.katalon.core.webui.keyword.internal.WebUIKeywordMain.runKeyword(WebUIKeywordMain.groovy:26)
	at com.kms.katalon.core.webui.keyword.builtin.VerifyElementPresentKeyword.verifyElementPresent(VerifyElementPresentKeyword.groovy:92)
	at com.kms.katalon.core.webui.keyword.builtin.VerifyElementPresentKeyword.execute(VerifyElementPresentKeyword.groovy:68)
	at com.kms.katalon.core.keyword.internal.KeywordExecutor.executeKeywordForPlatform(KeywordExecutor.groovy:74)
	at com.kms.katalon.core.webui.keyword.WebUiBuiltInKeywords.verifyElementPresent(WebUiBuiltInKeywords.groovy:1464)
	at com.kms.katalon.core.webui.keyword.WebUiBuiltInKeywords$verifyElementPresent$6.call(Unknown Source)
	at PMHwaueiTopX.TopX(PMHwaueiTopX.groovy:1593)
	at PMHwaueiTopX.invokeMethod(PMHwaueiTopX.groovy)
	at com.kms.katalon.core.main.CustomKeywordDelegatingMetaClass.invokeStaticMethod(CustomKeywordDelegatingMetaClass.java:55)
	at TopX 2G Cluster Daily.run(TopX 2G Cluster Daily:29)
	at com.kms.katalon.core.main.ScriptEngine.run(ScriptEngine.java:194)
	at com.kms.katalon.core.main.ScriptEngine.runScriptAsRawText(ScriptEngine.java:119)
	at com.kms.katalon.core.main.TestCaseExecutor.runScript(TestCaseExecutor.java:448)
	at com.kms.katalon.core.main.TestCaseExecutor.doExecute(TestCaseExecutor.java:439)
	at com.kms.katalon.core.main.TestCaseExecutor.processExecutionPhase(TestCaseExecutor.java:418)
	at com.kms.katalon.core.main.TestCaseExecutor.accessMainPhase(TestCaseExecutor.java:410)
	at com.kms.katalon.core.main.TestCaseExecutor.execute(TestCaseExecutor.java:285)
	at com.kms.katalon.core.common.CommonExecutor.accessTestCaseMainPhase(CommonExecutor.java:65)
	at com.kms.katalon.core.main.TestSuiteExecutor.accessTestSuiteMainPhase(TestSuiteExecutor.java:148)
	at com.kms.katalon.core.main.TestSuiteExecutor.execute(TestSuiteExecutor.java:106)
	at com.kms.katalon.core.main.TestCaseMain.startTestSuite(TestCaseMain.java:187)
	at com.kms.katalon.core.main.TestCaseMain$startTestSuite$0.call(Unknown Source)
	at TempTestSuite1722769113368.run(TempTestSuite1722769113368.groovy:35)
Caused by: com.kms.katalon.core.exception.StepFailedException: com.kms.katalon.core.webui.exception.WebElementNotFoundException: Web element with id: 'Object Repository/PM/Huawei-vendor/Chart' located by '//*[@id="chart-container"]/div/app-main-chart-component[1]/div/div[2]/div[2]/div/div/div[1]/canvas' not found
	at com.kms.katalon.core.webui.keyword.internal.WebUIKeywordMain.stepFailed(WebUIKeywordMain.groovy:64)
	at com.kms.katalon.core.webui.keyword.builtin.VerifyElementPresentKeyword$_verifyElementPresent_closure1.doCall(VerifyElementPresentKeyword.groovy:85)
	at com.kms.katalon.core.webui.keyword.builtin.VerifyElementPresentKeyword$_verifyElementPresent_closure1.call(VerifyElementPresentKeyword.groovy)
	at com.kms.katalon.core.webui.keyword.internal.WebUIKeywordMain.runKeyword(WebUIKeywordMain.groovy:20)
	... 22 more
)
[[ATTACHMENT|C:\\Users\\FatimaIbeid\\git\\NetCell\\Reports\\20240804_135833\\PM\\Hwauei\\TopX\\Regression TopX 2G\\20240804_135833\\1722771729822.png]]

2024-08-04 14:42:09 - [MESSAGE][FAILED] - Unable to verify object 'Object Repository/PM/Huawei-vendor/Chart' is present]]></system-out>
         <system-err><![CDATA[2024-08-04 14:39:25 - [TEST_CASE][FAILED] - Test Cases/PM/Hwauei/TopX/2G TopX/XCluster/TopX 2G Cluster Daily: Test Cases/PM/Hwauei/TopX/2G TopX/XCluster/TopX 2G Cluster Daily FAILED.
Reason:
com.kms.katalon.core.exception.StepFailedException: Unable to verify object 'Object Repository/PM/Huawei-vendor/Chart' is present
	at com.kms.katalon.core.webui.keyword.internal.WebUIKeywordMain.stepFailed(WebUIKeywordMain.groovy:64)
	at com.kms.katalon.core.webui.keyword.internal.WebUIKeywordMain.runKeyword(WebUIKeywordMain.groovy:26)
	at com.kms.katalon.core.webui.keyword.builtin.VerifyElementPresentKeyword.verifyElementPresent(VerifyElementPresentKeyword.groovy:92)
	at com.kms.katalon.core.webui.keyword.builtin.VerifyElementPresentKeyword.execute(VerifyElementPresentKeyword.groovy:68)
	at com.kms.katalon.core.keyword.internal.KeywordExecutor.executeKeywordForPlatform(KeywordExecutor.groovy:74)
	at com.kms.katalon.core.webui.keyword.WebUiBuiltInKeywords.verifyElementPresent(WebUiBuiltInKeywords.groovy:1464)
	at com.kms.katalon.core.webui.keyword.WebUiBuiltInKeywords$verifyElementPresent$6.call(Unknown Source)
	at PMHwaueiTopX.TopX(PMHwaueiTopX.groovy:1593)
	at PMHwaueiTopX.invokeMethod(PMHwaueiTopX.groovy)
	at com.kms.katalon.core.main.CustomKeywordDelegatingMetaClass.invokeStaticMethod(CustomKeywordDelegatingMetaClass.java:55)
	at TopX 2G Cluster Daily.run(TopX 2G Cluster Daily:29)
	at com.kms.katalon.core.main.ScriptEngine.run(ScriptEngine.java:194)
	at com.kms.katalon.core.main.ScriptEngine.runScriptAsRawText(ScriptEngine.java:119)
	at com.kms.katalon.core.main.TestCaseExecutor.runScript(TestCaseExecutor.java:448)
	at com.kms.katalon.core.main.TestCaseExecutor.doExecute(TestCaseExecutor.java:439)
	at com.kms.katalon.core.main.TestCaseExecutor.processExecutionPhase(TestCaseExecutor.java:418)
	at com.kms.katalon.core.main.TestCaseExecutor.accessMainPhase(TestCaseExecutor.java:410)
	at com.kms.katalon.core.main.TestCaseExecutor.execute(TestCaseExecutor.java:285)
	at com.kms.katalon.core.common.CommonExecutor.accessTestCaseMainPhase(CommonExecutor.java:65)
	at com.kms.katalon.core.main.TestSuiteExecutor.accessTestSuiteMainPhase(TestSuiteExecutor.java:148)
	at com.kms.katalon.core.main.TestSuiteExecutor.execute(TestSuiteExecutor.java:106)
	at com.kms.katalon.core.main.TestCaseMain.startTestSuite(TestCaseMain.java:187)
	at com.kms.katalon.core.main.TestCaseMain$startTestSuite$0.call(Unknown Source)
	at TempTestSuite1722769113368.run(TempTestSuite1722769113368.groovy:35)
Caused by: com.kms.katalon.core.exception.StepFailedException: com.kms.katalon.core.webui.exception.WebElementNotFoundException: Web element with id: 'Object Repository/PM/Huawei-vendor/Chart' located by '//*[@id="chart-container"]/div/app-main-chart-component[1]/div/div[2]/div[2]/div/div/div[1]/canvas' not found
	at com.kms.katalon.core.webui.keyword.internal.WebUIKeywordMain.stepFailed(WebUIKeywordMain.groovy:64)
	at com.kms.katalon.core.webui.keyword.builtin.VerifyElementPresentKeyword$_verifyElementPresent_closure1.doCall(VerifyElementPresentKeyword.groovy:85)
	at com.kms.katalon.core.webui.keyword.builtin.VerifyElementPresentKeyword$_verifyElementPresent_closure1.call(VerifyElementPresentKeyword.groovy)
	at com.kms.katalon.core.webui.keyword.internal.WebUIKeywordMain.runKeyword(WebUIKeywordMain.groovy:20)
	... 22 more]]></system-err>
      </testcase>
      <testcase name="Test Cases/PM/Hwauei/TopX/2G TopX/XCluster/TopX 2G Cluster DailyBH" time="163.563" classname="Test Cases/PM/Hwauei/TopX/2G TopX/XCluster/TopX 2G Cluster DailyBH" status="FAILED">
         <failure type="FAILED" message="Test Cases/PM/Hwauei/TopX/2G TopX/XCluster/TopX 2G Cluster DailyBH FAILED.
Reason:
com.kms.katalon.core.exception.StepFailedException: Unable to verify object 'Object Repository/PM/Huawei-vendor/Chart' is present
	at com.kms.katalon.core.webui.keyword.internal.WebUIKeywordMain.stepFailed(WebUIKeywordMain.groovy:64)
	at com.kms.katalon.core.webui.keyword.internal.WebUIKeywordMain.runKeyword(WebUIKeywordMain.groovy:26)
	at com.kms.katalon.core.webui.keyword.builtin.VerifyElementPresentKeyword.verifyElementPresent(VerifyElementPresentKeyword.groovy:92)
	at com.kms.katalon.core.webui.keyword.builtin.VerifyElementPresentKeyword.execute(VerifyElementPresentKeyword.groovy:68)
	at com.kms.katalon.core.keyword.internal.KeywordExecutor.executeKeywordForPlatform(KeywordExecutor.groovy:74)
	at com.kms.katalon.core.webui.keyword.WebUiBuiltInKeywords.verifyElementPresent(WebUiBuiltInKeywords.groovy:1464)
	at com.kms.katalon.core.webui.keyword.WebUiBuiltInKeywords$verifyElementPresent$6.call(Unknown Source)
	at PMHwaueiTopX.TopX(PMHwaueiTopX.groovy:1593)
	at PMHwaueiTopX.invokeMethod(PMHwaueiTopX.groovy)
	at com.kms.katalon.core.main.CustomKeywordDelegatingMetaClass.invokeStaticMethod(CustomKeywordDelegatingMetaClass.java:55)
	at TopX 2G Cluster DailyBH.run(TopX 2G Cluster DailyBH:29)
	at com.kms.katalon.core.main.ScriptEngine.run(ScriptEngine.java:194)
	at com.kms.katalon.core.main.ScriptEngine.runScriptAsRawText(ScriptEngine.java:119)
	at com.kms.katalon.core.main.TestCaseExecutor.runScript(TestCaseExecutor.java:448)
	at com.kms.katalon.core.main.TestCaseExecutor.doExecute(TestCaseExecutor.java:439)
	at com.kms.katalon.core.main.TestCaseExecutor.processExecutionPhase(TestCaseExecutor.java:418)
	at com.kms.katalon.core.main.TestCaseExecutor.accessMainPhase(TestCaseExecutor.java:410)
	at com.kms.katalon.core.main.TestCaseExecutor.execute(TestCaseExecutor.java:285)
	at com.kms.katalon.core.common.CommonExecutor.accessTestCaseMainPhase(CommonExecutor.java:65)
	at com.kms.katalon.core.main.TestSuiteExecutor.accessTestSuiteMainPhase(TestSuiteExecutor.java:148)
	at com.kms.katalon.core.main.TestSuiteExecutor.execute(TestSuiteExecutor.java:106)
	at com.kms.katalon.core.main.TestCaseMain.startTestSuite(TestCaseMain.java:187)
	at com.kms.katalon.core.main.TestCaseMain$startTestSuite$0.call(Unknown Source)
	at TempTestSuite1722769113368.run(TempTestSuite1722769113368.groovy:35)
Caused by: com.kms.katalon.core.exception.StepFailedException: com.kms.katalon.core.webui.exception.WebElementNotFoundException: Web element with id: 'Object Repository/PM/Huawei-vendor/Chart' located by '//*[@id=&quot;chart-container&quot;]/div/app-main-chart-component[1]/div/div[2]/div[2]/div/div/div[1]/canvas' not found
	at com.kms.katalon.core.webui.keyword.internal.WebUIKeywordMain.stepFailed(WebUIKeywordMain.groovy:64)
	at com.kms.katalon.core.webui.keyword.builtin.VerifyElementPresentKeyword$_verifyElementPresent_closure1.doCall(VerifyElementPresentKeyword.groovy:85)
	at com.kms.katalon.core.webui.keyword.builtin.VerifyElementPresentKeyword$_verifyElementPresent_closure1.call(VerifyElementPresentKeyword.groovy)
	at com.kms.katalon.core.webui.keyword.internal.WebUIKeywordMain.runKeyword(WebUIKeywordMain.groovy:20)
	... 22 more
"/>
         <system-out><![CDATA[2024-08-04 14:42:09 - [TEST_CASE][FAILED] - Test Cases/PM/Hwauei/TopX/2G TopX/XCluster/TopX 2G Cluster DailyBH: Test Cases/PM/Hwauei/TopX/2G TopX/XCluster/TopX 2G Cluster DailyBH FAILED.
Reason:
com.kms.katalon.core.exception.StepFailedException: Unable to verify object 'Object Repository/PM/Huawei-vendor/Chart' is present
	at com.kms.katalon.core.webui.keyword.internal.WebUIKeywordMain.stepFailed(WebUIKeywordMain.groovy:64)
	at com.kms.katalon.core.webui.keyword.internal.WebUIKeywordMain.runKeyword(WebUIKeywordMain.groovy:26)
	at com.kms.katalon.core.webui.keyword.builtin.VerifyElementPresentKeyword.verifyElementPresent(VerifyElementPresentKeyword.groovy:92)
	at com.kms.katalon.core.webui.keyword.builtin.VerifyElementPresentKeyword.execute(VerifyElementPresentKeyword.groovy:68)
	at com.kms.katalon.core.keyword.internal.KeywordExecutor.executeKeywordForPlatform(KeywordExecutor.groovy:74)
	at com.kms.katalon.core.webui.keyword.WebUiBuiltInKeywords.verifyElementPresent(WebUiBuiltInKeywords.groovy:1464)
	at com.kms.katalon.core.webui.keyword.WebUiBuiltInKeywords$verifyElementPresent$6.call(Unknown Source)
	at PMHwaueiTopX.TopX(PMHwaueiTopX.groovy:1593)
	at PMHwaueiTopX.invokeMethod(PMHwaueiTopX.groovy)
	at com.kms.katalon.core.main.CustomKeywordDelegatingMetaClass.invokeStaticMethod(CustomKeywordDelegatingMetaClass.java:55)
	at TopX 2G Cluster DailyBH.run(TopX 2G Cluster DailyBH:29)
	at com.kms.katalon.core.main.ScriptEngine.run(ScriptEngine.java:194)
	at com.kms.katalon.core.main.ScriptEngine.runScriptAsRawText(ScriptEngine.java:119)
	at com.kms.katalon.core.main.TestCaseExecutor.runScript(TestCaseExecutor.java:448)
	at com.kms.katalon.core.main.TestCaseExecutor.doExecute(TestCaseExecutor.java:439)
	at com.kms.katalon.core.main.TestCaseExecutor.processExecutionPhase(TestCaseExecutor.java:418)
	at com.kms.katalon.core.main.TestCaseExecutor.accessMainPhase(TestCaseExecutor.java:410)
	at com.kms.katalon.core.main.TestCaseExecutor.execute(TestCaseExecutor.java:285)
	at com.kms.katalon.core.common.CommonExecutor.accessTestCaseMainPhase(CommonExecutor.java:65)
	at com.kms.katalon.core.main.TestSuiteExecutor.accessTestSuiteMainPhase(TestSuiteExecutor.java:148)
	at com.kms.katalon.core.main.TestSuiteExecutor.execute(TestSuiteExecutor.java:106)
	at com.kms.katalon.core.main.TestCaseMain.startTestSuite(TestCaseMain.java:187)
	at com.kms.katalon.core.main.TestCaseMain$startTestSuite$0.call(Unknown Source)
	at TempTestSuite1722769113368.run(TempTestSuite1722769113368.groovy:35)
Caused by: com.kms.katalon.core.exception.StepFailedException: com.kms.katalon.core.webui.exception.WebElementNotFoundException: Web element with id: 'Object Repository/PM/Huawei-vendor/Chart' located by '//*[@id="chart-container"]/div/app-main-chart-component[1]/div/div[2]/div[2]/div/div/div[1]/canvas' not found
	at com.kms.katalon.core.webui.keyword.internal.WebUIKeywordMain.stepFailed(WebUIKeywordMain.groovy:64)
	at com.kms.katalon.core.webui.keyword.builtin.VerifyElementPresentKeyword$_verifyElementPresent_closure1.doCall(VerifyElementPresentKeyword.groovy:85)
	at com.kms.katalon.core.webui.keyword.builtin.VerifyElementPresentKeyword$_verifyElementPresent_closure1.call(VerifyElementPresentKeyword.groovy)
	at com.kms.katalon.core.webui.keyword.internal.WebUIKeywordMain.runKeyword(WebUIKeywordMain.groovy:20)
	... 22 more


2024-08-04 14:42:10 - [TEST_STEP][PASSED] - callTestCase(findTestCase("Login"), [:], STOP_ON_FAILURE): Call Test Case 'Test Cases/Login' successfully

2024-08-04 14:42:10 - [TEST_CASE][PASSED] - Test Cases/Login: Test Cases/Login

2024-08-04 14:42:10 - [TEST_STEP][PASSED] - driver = general.start(SwagerURL, NetCellURL): general.start is PASSED

2024-08-04 14:42:10 - [MESSAGE][INFO] - >>> chromeDriverPath=C:\Users\FatimaIbeid\.katalon\packages\Katalon_Studio_Windows_64-8.6.9\Katalon_Studio_Windows_64-8.6.9\configuration\resources\drivers\chromedriver_win32\chromedriver.exe

2024-08-04 14:42:11 - [MESSAGE][PASSED] - Current window maximized

2024-08-04 14:42:12 - [MESSAGE][PASSED] - Execute JavaScript 'window.open();' successfully

2024-08-04 14:42:12 - [MESSAGE][PASSED] - Switched to window with index: '1'

2024-08-04 14:42:24 - [MESSAGE][PASSED] - general.start is PASSED

2024-08-04 14:42:24 - [TEST_STEP][PASSED] - click(findTestObject("Object Repository/Login/LoginButton")): Object: 'Object Repository/Login/LoginButton' is clicked on

2024-08-04 14:42:24 - [MESSAGE][PASSED] - Object: 'Object Repository/Login/LoginButton' is clicked on

2024-08-04 14:42:24 - [TEST_STEP][PASSED] - switchToWindowIndex(2): Switched to window with index: '2'

2024-08-04 14:42:25 - [MESSAGE][PASSED] - Switched to window with index: '2'

2024-08-04 14:42:25 - [TEST_STEP][PASSED] - delay(1): Delayed 1 second(s)

2024-08-04 14:42:26 - [MESSAGE][PASSED] - Delayed 1 second(s)

2024-08-04 14:42:26 - [TEST_STEP][PASSED] - sendKeys(findTestObject("Object Repository/Login/EnterEmail"), "homam@zztjg.onmicrosoft.com"): Keys 'homam@zztjg.onmicrosoft.com' sent to object: 'Object Repository/Login/EnterEmail'

2024-08-04 14:42:27 - [MESSAGE][PASSED] - Keys 'homam@zztjg.onmicrosoft.com' sent to object: 'Object Repository/Login/EnterEmail'

2024-08-04 14:42:27 - [TEST_STEP][PASSED] - delay(1): Delayed 1 second(s)

2024-08-04 14:42:28 - [MESSAGE][PASSED] - Delayed 1 second(s)

2024-08-04 14:42:28 - [TEST_STEP][PASSED] - click(findTestObject("Object Repository/Login/NextButton")): Object: 'Object Repository/Login/NextButton' is clicked on

2024-08-04 14:42:28 - [MESSAGE][PASSED] - Object: 'Object Repository/Login/NextButton' is clicked on

2024-08-04 14:42:28 - [TEST_STEP][PASSED] - delay(2): Delayed 2 second(s)

2024-08-04 14:42:30 - [MESSAGE][PASSED] - Delayed 2 second(s)

2024-08-04 14:42:30 - [TEST_STEP][PASSED] - sendKeys(findTestObject("Object Repository/Login/EnterPassword"), "Holder12345"): Keys 'Holder12345' sent to object: 'Object Repository/Login/EnterPassword'

2024-08-04 14:42:30 - [MESSAGE][PASSED] - Keys 'Holder12345' sent to object: 'Object Repository/Login/EnterPassword'

2024-08-04 14:42:30 - [TEST_STEP][PASSED] - delay(1): Delayed 1 second(s)

2024-08-04 14:42:31 - [MESSAGE][PASSED] - Delayed 1 second(s)

2024-08-04 14:42:31 - [TEST_STEP][PASSED] - click(findTestObject("Object Repository/Login/SigninButton")): Object: 'Object Repository/Login/SigninButton' is clicked on

2024-08-04 14:42:32 - [MESSAGE][PASSED] - Object: 'Object Repository/Login/SigninButton' is clicked on

2024-08-04 14:42:32 - [TEST_STEP][PASSED] - delay(1): Delayed 1 second(s)

2024-08-04 14:42:33 - [MESSAGE][PASSED] - Delayed 1 second(s)

2024-08-04 14:42:33 - [TEST_STEP][PASSED] - click(findTestObject("Object Repository/Login/YesStayInButton")): Object: 'Object Repository/Login/YesStayInButton' is clicked on

2024-08-04 14:42:34 - [MESSAGE][PASSED] - Object: 'Object Repository/Login/YesStayInButton' is clicked on

2024-08-04 14:42:34 - [MESSAGE][PASSED] - Call Test Case 'Test Cases/Login' successfully

2024-08-04 14:42:34 - [TEST_STEP][PASSED] - switchToWindowIndex(1): Switched to window with index: '1'

2024-08-04 14:42:34 - [MESSAGE][PASSED] - Switched to window with index: '1'

2024-08-04 14:42:34 - [TEST_STEP][FAILED] - PMHwaueiTopX.TopX("2G", "Cluster", false, "DailyBH", false, null): Unable to verify object 'Object Repository/PM/Huawei-vendor/Chart' is present

2024-08-04 14:42:35 - [MESSAGE][PASSED] - Object: 'Object Repository/PM/PM-Button' is clicked on

2024-08-04 14:42:35 - [MESSAGE][PASSED] - Switched to window with index: '2'

2024-08-04 14:42:36 - [MESSAGE][PASSED] - Object: 'Object Repository/PM/Huawei-vendor/Data-view/TopX' is clicked on

2024-08-04 14:42:36 - [MESSAGE][PASSED] - Object: 'Object Repository/PM/Huawei-vendor/Technology/Technology-Arrow' is clicked on

2024-08-04 14:42:37 - [MESSAGE][PASSED] - Object: 'Object Repository/PM/Huawei-vendor/Technology/2G' is clicked on

2024-08-04 14:42:37 - [MESSAGE][PASSED] - Object: 'Object Repository/PM/Huawei-vendor/TopX/TopX Object Type' is clicked on

2024-08-04 14:42:38 - [MESSAGE][PASSED] - Delayed 1 second(s)

2024-08-04 14:42:38 - [MESSAGE][PASSED] - Object: 'Object Repository/PM/Huawei-vendor/Object-Type/TopX Object Types/TopX Clusters/TopX Cluster' is clicked on

2024-08-04 14:42:39 - [MESSAGE][PASSED] - Delayed 1 second(s)

2024-08-04 14:42:39 - [MESSAGE][WARNING] - Timeout '0' is invalid. Using default page load timeout: '120'

2024-08-04 14:42:39 - [MESSAGE][PASSED] - Scroll to object 'Object Repository/PM/Huawei-vendor/Object Border' successfully

2024-08-04 14:42:39 - [MESSAGE][PASSED] - Object: 'Object Repository/PM/Huawei-vendor/Object-Type/TopX Object Types/TopX Region Bands/TopX FDD Arrow' is clicked on

2024-08-04 14:42:39 - [MESSAGE][PASSED] - Object: 'Object Repository/PM/Huawei-vendor/Object-Type/TopX Object Types/TopX Sites/TopX East Amman Arrow' is clicked on

2024-08-04 14:42:40 - [MESSAGE][PASSED] - Object: 'Object Repository/PM/Huawei-vendor/Object-Type/TopX Object Types/TopX Cluster Bands/TopX East Amman Cluster 3' is clicked on

2024-08-04 14:42:40 - [MESSAGE][PASSED] - Object: 'Object Repository/PM/Huawei-vendor/Object-Type/TopX Object Types/TopX Cluster Bands/TopX East Amman Cluster 13' is clicked on

2024-08-04 14:42:40 - [MESSAGE][PASSED] - Object: 'Object Repository/PM/Huawei-vendor/Object-Type/TopX Object Types/TopX Sites/TopX East Amman CloseArrow' is clicked on

2024-08-04 14:42:40 - [MESSAGE][PASSED] - Object: 'Object Repository/PM/Huawei-vendor/Object-Type/TopX Object Types/TopX Sites/TopX West Amman Arrow' is clicked on

2024-08-04 14:42:40 - [MESSAGE][PASSED] - Object: 'Object Repository/PM/Huawei-vendor/Object-Type/TopX Object Types/TopX Cluster Bands/TopX West Amman Cluster 2' is clicked on

2024-08-04 14:42:40 - [MESSAGE][PASSED] - Object: 'Object Repository/PM/Huawei-vendor/Object-Type/TopX Object Types/TopX Cluster Bands/TopX West Amman Cluster 5' is clicked on

2024-08-04 14:42:41 - [MESSAGE][PASSED] - Object: 'Object Repository/PM/Huawei-vendor/Object-Type/TopX Object Types/TopX Sites/TopX West Amman CloseArrow' is clicked on

2024-08-04 14:42:41 - [MESSAGE][PASSED] - Object: 'Object Repository/PM/Huawei-vendor/Object-Type/TopX Object Types/TopX Sites/TopX North Jordan Arrow' is clicked on

2024-08-04 14:42:41 - [MESSAGE][PASSED] - Object: 'Object Repository/PM/Huawei-vendor/Object-Type/TopX Object Types/TopX Cluster Bands/TopX North Jordan Cluster 4' is clicked on

2024-08-04 14:42:41 - [MESSAGE][PASSED] - Object: 'Object Repository/PM/Huawei-vendor/Object-Type/TopX Object Types/TopX Cluster Bands/TopX North Jordan Cluster 14' is clicked on

2024-08-04 14:42:41 - [MESSAGE][PASSED] - Object: 'Object Repository/PM/Huawei-vendor/Object-Type/TopX Object Types/TopX Sites/TopX North Jordan CloseArrow' is clicked on

2024-08-04 14:42:42 - [MESSAGE][PASSED] - Object: 'Object Repository/PM/Huawei-vendor/Object-Type/TopX Object Types/TopX Sites/TopX South Jordan Arrow' is clicked on

2024-08-04 14:42:42 - [MESSAGE][PASSED] - Object: 'Object Repository/PM/Huawei-vendor/Object-Type/TopX Object Types/TopX Cluster Bands/TopX South Jordan Cluster 7' is clicked on

2024-08-04 14:42:42 - [MESSAGE][PASSED] - Object: 'Object Repository/PM/Huawei-vendor/Object-Type/TopX Object Types/TopX Cluster Bands/TopX South Jordan Cluster 8' is clicked on

2024-08-04 14:42:42 - [MESSAGE][PASSED] - Object: 'Object Repository/PM/Huawei-vendor/Object-Type/TopX Object Types/TopX Sites/TopX South Jordan CloseArrow' is clicked on

2024-08-04 14:42:42 - [MESSAGE][PASSED] - Object: 'Object Repository/PM/Huawei-vendor/Object-Type/TopX Object Types/TopX Region Bands/TopX FDD Close Arrow' is clicked on

2024-08-04 14:42:42 - [MESSAGE][PASSED] - Object: 'Object Repository/PM/Huawei-vendor/Object-Type/TopX Object Types/TopX Region Bands/TopX TDD Arrow' is clicked on

2024-08-04 14:42:42 - [MESSAGE][PASSED] - Object: 'Object Repository/PM/Huawei-vendor/Object-Type/TopX Object Types/TopX Sites/TopX South Amman Arrow' is clicked on

2024-08-04 14:42:43 - [MESSAGE][PASSED] - Object: 'Object Repository/PM/Huawei-vendor/Object-Type/TopX Object Types/TopX Cluster Bands/TopX South Amman Cluster 1' is clicked on

2024-08-04 14:42:43 - [MESSAGE][PASSED] - Object: 'Object Repository/PM/Huawei-vendor/Object-Type/TopX Object Types/TopX Cluster Bands/TopX South Amman Cluster 6' is clicked on

2024-08-04 14:42:43 - [MESSAGE][PASSED] - Object: 'Object Repository/PM/Huawei-vendor/Object-Type/TopX Object Types/TopX Sites/TopX South Amman CloseArrow' is clicked on

2024-08-04 14:42:43 - [MESSAGE][PASSED] - Object: 'Object Repository/PM/Huawei-vendor/Object-Type/TopX Object Types/TopX Sites/TopX East Jordan Arrow' is clicked on

2024-08-04 14:42:43 - [MESSAGE][PASSED] - Object: 'Object Repository/PM/Huawei-vendor/Object-Type/TopX Object Types/TopX Cluster Bands/TopX East Jordan Cluster 10' is clicked on

2024-08-04 14:42:44 - [MESSAGE][PASSED] - Object: 'Object Repository/PM/Huawei-vendor/Object-Type/TopX Object Types/TopX Cluster Bands/TopX East Jordan Cluster 11' is clicked on

2024-08-04 14:42:44 - [MESSAGE][PASSED] - Object: 'Object Repository/PM/Huawei-vendor/Object-Type/TopX Object Types/TopX Sites/TopX East Jordan CloseArrow' is clicked on

2024-08-04 14:42:44 - [MESSAGE][PASSED] - Object: 'Object Repository/PM/Huawei-vendor/Object-Type/TopX Object Types/TopX Sites/TopX Others Arrow' is clicked on

2024-08-04 14:42:44 - [MESSAGE][PASSED] - Object: 'Object Repository/PM/Huawei-vendor/Object-Type/TopX Object Types/TopX Cluster Bands/TopX Others Cluster 60' is clicked on

2024-08-04 14:42:44 - [MESSAGE][PASSED] - Object: 'Object Repository/PM/Huawei-vendor/Object-Type/TopX Object Types/TopX Cluster Bands/TopX Others Cluster 61' is clicked on

2024-08-04 14:42:45 - [MESSAGE][PASSED] - Object: 'Object Repository/PM/Huawei-vendor/Object-Type/TopX Object Types/TopX Sites/TopX Others CloseArrow' is clicked on

2024-08-04 14:42:45 - [MESSAGE][PASSED] - Object: 'Object Repository/PM/Huawei-vendor/Object-Type/TopX Object Types/TopX Region Bands/TopX TDD Close Arrow' is clicked on

2024-08-04 14:42:45 - [MESSAGE][WARNING] - Timeout '0' is invalid. Using default page load timeout: '120'

2024-08-04 14:42:45 - [MESSAGE][PASSED] - Scroll to object 'Object Repository/PM/Huawei-vendor/LowXlabel' successfully

2024-08-04 14:42:45 - [MESSAGE][PASSED] - Object: 'Object Repository/PM/Huawei-vendor/Resolution Temp/Select Resolution temp' is clicked on

2024-08-04 14:42:45 - [MESSAGE][PASSED] - Object: 'Object Repository/PM/Huawei-vendor/Resolution Temp/Resolution Temp DailyBH' is clicked on

2024-08-04 14:42:45 - [MESSAGE][PASSED] - Object: 'Object Repository/PM/Huawei-vendor/TopX/TopXDate/BeforeDate' is clicked on

2024-08-04 14:42:46 - [MESSAGE][PASSED] - Delayed 1 second(s)

2024-08-04 14:42:47 - [MESSAGE][PASSED] - Object: 'Object Repository/PM/Huawei-vendor/TopX/TopXDate/Choose Month' is clicked on

2024-08-04 14:42:48 - [MESSAGE][PASSED] - Delayed 1 second(s)

2024-08-04 14:42:48 - [MESSAGE][PASSED] - Object: 'Object Repository/PM/Huawei-vendor/TopX/TopXDate/Feb' is clicked on

2024-08-04 14:42:48 - [MESSAGE][PASSED] - Object: 'Object Repository/PM/Huawei-vendor/TopX/TopXDate/Day 1' is clicked on

2024-08-04 14:42:48 - [MESSAGE][PASSED] - Object: 'Object Repository/PM/Huawei-vendor/TopX/TopXDate/Button OK' is clicked on

2024-08-04 14:42:49 - [MESSAGE][PASSED] - Object: 'Object Repository/PM/Huawei-vendor/TopX/TopXDate/After Date' is clicked on

2024-08-04 14:42:50 - [MESSAGE][PASSED] - Delayed 1 second(s)

2024-08-04 14:42:50 - [MESSAGE][PASSED] - Object: 'Object Repository/PM/Huawei-vendor/TopX/TopXDate/Choose Month' is clicked on

2024-08-04 14:42:51 - [MESSAGE][PASSED] - Delayed 1 second(s)

2024-08-04 14:42:51 - [MESSAGE][PASSED] - Object: 'Object Repository/PM/Huawei-vendor/TopX/TopXDate/Feb' is clicked on

2024-08-04 14:42:51 - [MESSAGE][PASSED] - Object: 'Object Repository/PM/Huawei-vendor/TopX/TopXDate/Day 7' is clicked on

2024-08-04 14:42:51 - [MESSAGE][PASSED] - Object: 'Object Repository/PM/Huawei-vendor/TopX/TopXDate/Button OK' is clicked on

2024-08-04 14:42:52 - [MESSAGE][PASSED] - Object: 'Object Repository/PM/Huawei-vendor/Apply-Button' is clicked on

2024-08-04 14:42:52 - [MESSAGE][WARNING] - Timeout '0' is invalid. Using default page load timeout: '120'

2024-08-04 14:42:52 - [MESSAGE][PASSED] - Web element with id: 'Object Repository/PM/Huawei-vendor/Error' located by 'By.xpath: //div[@class='toast-summary title-medium-m']' is not present after '120' second(s)

2024-08-04 14:42:52 - [MESSAGE][WARNING] - Timeout '0' is invalid. Using default page load timeout: '120'

2024-08-04 14:44:53 - [MESSAGE][INFO] - Unable to find the element located by 'By.xpath: //*[@id="chart-container"]/div/app-main-chart-component[1]/div/div[2]/div[2]/div/div/div[1]/canvas'. Please recheck the objects properties to make sure the desired element is located. 

2024-08-04 14:44:53 - [MESSAGE][FAILED] - com.kms.katalon.core.webui.exception.WebElementNotFoundException: Web element with id: 'Object Repository/PM/Huawei-vendor/Chart' located by '//*[@id="chart-container"]/div/app-main-chart-component[1]/div/div[2]/div[2]/div/div/div[1]/canvas' not found (Root cause: com.kms.katalon.core.exception.StepFailedException: com.kms.katalon.core.webui.exception.WebElementNotFoundException: Web element with id: 'Object Repository/PM/Huawei-vendor/Chart' located by '//*[@id="chart-container"]/div/app-main-chart-component[1]/div/div[2]/div[2]/div/div/div[1]/canvas' not found
	at com.kms.katalon.core.webui.keyword.internal.WebUIKeywordMain.stepFailed(WebUIKeywordMain.groovy:64)
	at com.kms.katalon.core.webui.keyword.builtin.VerifyElementPresentKeyword$_verifyElementPresent_closure1.doCall(VerifyElementPresentKeyword.groovy:85)
	at com.kms.katalon.core.webui.keyword.builtin.VerifyElementPresentKeyword$_verifyElementPresent_closure1.call(VerifyElementPresentKeyword.groovy)
	at com.kms.katalon.core.webui.keyword.internal.WebUIKeywordMain.runKeyword(WebUIKeywordMain.groovy:20)
	at com.kms.katalon.core.webui.keyword.builtin.VerifyElementPresentKeyword.verifyElementPresent(VerifyElementPresentKeyword.groovy:92)
	at com.kms.katalon.core.webui.keyword.builtin.VerifyElementPresentKeyword.execute(VerifyElementPresentKeyword.groovy:68)
	at com.kms.katalon.core.keyword.internal.KeywordExecutor.executeKeywordForPlatform(KeywordExecutor.groovy:74)
	at com.kms.katalon.core.webui.keyword.WebUiBuiltInKeywords.verifyElementPresent(WebUiBuiltInKeywords.groovy:1464)
	at com.kms.katalon.core.webui.keyword.WebUiBuiltInKeywords$verifyElementPresent$6.call(Unknown Source)
	at PMHwaueiTopX.TopX(PMHwaueiTopX.groovy:1593)
	at PMHwaueiTopX.invokeMethod(PMHwaueiTopX.groovy)
	at com.kms.katalon.core.main.CustomKeywordDelegatingMetaClass.invokeStaticMethod(CustomKeywordDelegatingMetaClass.java:55)
	at TopX 2G Cluster DailyBH.run(TopX 2G Cluster DailyBH:29)
	at com.kms.katalon.core.main.ScriptEngine.run(ScriptEngine.java:194)
	at com.kms.katalon.core.main.ScriptEngine.runScriptAsRawText(ScriptEngine.java:119)
	at com.kms.katalon.core.main.TestCaseExecutor.runScript(TestCaseExecutor.java:448)
	at com.kms.katalon.core.main.TestCaseExecutor.doExecute(TestCaseExecutor.java:439)
	at com.kms.katalon.core.main.TestCaseExecutor.processExecutionPhase(TestCaseExecutor.java:418)
	at com.kms.katalon.core.main.TestCaseExecutor.accessMainPhase(TestCaseExecutor.java:410)
	at com.kms.katalon.core.main.TestCaseExecutor.execute(TestCaseExecutor.java:285)
	at com.kms.katalon.core.common.CommonExecutor.accessTestCaseMainPhase(CommonExecutor.java:65)
	at com.kms.katalon.core.main.TestSuiteExecutor.accessTestSuiteMainPhase(TestSuiteExecutor.java:148)
	at com.kms.katalon.core.main.TestSuiteExecutor.execute(TestSuiteExecutor.java:106)
	at com.kms.katalon.core.main.TestCaseMain.startTestSuite(TestCaseMain.java:187)
	at com.kms.katalon.core.main.TestCaseMain$startTestSuite$0.call(Unknown Source)
	at TempTestSuite1722769113368.run(TempTestSuite1722769113368.groovy:35)
)
[[ATTACHMENT|C:\\Users\\FatimaIbeid\\git\\NetCell\\Reports\\20240804_135833\\PM\\Hwauei\\TopX\\Regression TopX 2G\\20240804_135833\\1722771893281.png]]

2024-08-04 14:44:53 - [MESSAGE][FAILED] - Unable to verify object 'Object Repository/PM/Huawei-vendor/Chart' is present (Root cause: com.kms.katalon.core.exception.StepFailedException: Unable to verify object 'Object Repository/PM/Huawei-vendor/Chart' is present
	at com.kms.katalon.core.webui.keyword.internal.WebUIKeywordMain.stepFailed(WebUIKeywordMain.groovy:64)
	at com.kms.katalon.core.webui.keyword.internal.WebUIKeywordMain.runKeyword(WebUIKeywordMain.groovy:26)
	at com.kms.katalon.core.webui.keyword.builtin.VerifyElementPresentKeyword.verifyElementPresent(VerifyElementPresentKeyword.groovy:92)
	at com.kms.katalon.core.webui.keyword.builtin.VerifyElementPresentKeyword.execute(VerifyElementPresentKeyword.groovy:68)
	at com.kms.katalon.core.keyword.internal.KeywordExecutor.executeKeywordForPlatform(KeywordExecutor.groovy:74)
	at com.kms.katalon.core.webui.keyword.WebUiBuiltInKeywords.verifyElementPresent(WebUiBuiltInKeywords.groovy:1464)
	at com.kms.katalon.core.webui.keyword.WebUiBuiltInKeywords$verifyElementPresent$6.call(Unknown Source)
	at PMHwaueiTopX.TopX(PMHwaueiTopX.groovy:1593)
	at PMHwaueiTopX.invokeMethod(PMHwaueiTopX.groovy)
	at com.kms.katalon.core.main.CustomKeywordDelegatingMetaClass.invokeStaticMethod(CustomKeywordDelegatingMetaClass.java:55)
	at TopX 2G Cluster DailyBH.run(TopX 2G Cluster DailyBH:29)
	at com.kms.katalon.core.main.ScriptEngine.run(ScriptEngine.java:194)
	at com.kms.katalon.core.main.ScriptEngine.runScriptAsRawText(ScriptEngine.java:119)
	at com.kms.katalon.core.main.TestCaseExecutor.runScript(TestCaseExecutor.java:448)
	at com.kms.katalon.core.main.TestCaseExecutor.doExecute(TestCaseExecutor.java:439)
	at com.kms.katalon.core.main.TestCaseExecutor.processExecutionPhase(TestCaseExecutor.java:418)
	at com.kms.katalon.core.main.TestCaseExecutor.accessMainPhase(TestCaseExecutor.java:410)
	at com.kms.katalon.core.main.TestCaseExecutor.execute(TestCaseExecutor.java:285)
	at com.kms.katalon.core.common.CommonExecutor.accessTestCaseMainPhase(CommonExecutor.java:65)
	at com.kms.katalon.core.main.TestSuiteExecutor.accessTestSuiteMainPhase(TestSuiteExecutor.java:148)
	at com.kms.katalon.core.main.TestSuiteExecutor.execute(TestSuiteExecutor.java:106)
	at com.kms.katalon.core.main.TestCaseMain.startTestSuite(TestCaseMain.java:187)
	at com.kms.katalon.core.main.TestCaseMain$startTestSuite$0.call(Unknown Source)
	at TempTestSuite1722769113368.run(TempTestSuite1722769113368.groovy:35)
Caused by: com.kms.katalon.core.exception.StepFailedException: com.kms.katalon.core.webui.exception.WebElementNotFoundException: Web element with id: 'Object Repository/PM/Huawei-vendor/Chart' located by '//*[@id="chart-container"]/div/app-main-chart-component[1]/div/div[2]/div[2]/div/div/div[1]/canvas' not found
	at com.kms.katalon.core.webui.keyword.internal.WebUIKeywordMain.stepFailed(WebUIKeywordMain.groovy:64)
	at com.kms.katalon.core.webui.keyword.builtin.VerifyElementPresentKeyword$_verifyElementPresent_closure1.doCall(VerifyElementPresentKeyword.groovy:85)
	at com.kms.katalon.core.webui.keyword.builtin.VerifyElementPresentKeyword$_verifyElementPresent_closure1.call(VerifyElementPresentKeyword.groovy)
	at com.kms.katalon.core.webui.keyword.internal.WebUIKeywordMain.runKeyword(WebUIKeywordMain.groovy:20)
	... 22 more
)
[[ATTACHMENT|C:\\Users\\FatimaIbeid\\git\\NetCell\\Reports\\20240804_135833\\PM\\Hwauei\\TopX\\Regression TopX 2G\\20240804_135833\\1722771893404.png]]

2024-08-04 14:44:53 - [MESSAGE][FAILED] - Unable to verify object 'Object Repository/PM/Huawei-vendor/Chart' is present]]></system-out>
         <system-err><![CDATA[2024-08-04 14:42:09 - [TEST_CASE][FAILED] - Test Cases/PM/Hwauei/TopX/2G TopX/XCluster/TopX 2G Cluster DailyBH: Test Cases/PM/Hwauei/TopX/2G TopX/XCluster/TopX 2G Cluster DailyBH FAILED.
Reason:
com.kms.katalon.core.exception.StepFailedException: Unable to verify object 'Object Repository/PM/Huawei-vendor/Chart' is present
	at com.kms.katalon.core.webui.keyword.internal.WebUIKeywordMain.stepFailed(WebUIKeywordMain.groovy:64)
	at com.kms.katalon.core.webui.keyword.internal.WebUIKeywordMain.runKeyword(WebUIKeywordMain.groovy:26)
	at com.kms.katalon.core.webui.keyword.builtin.VerifyElementPresentKeyword.verifyElementPresent(VerifyElementPresentKeyword.groovy:92)
	at com.kms.katalon.core.webui.keyword.builtin.VerifyElementPresentKeyword.execute(VerifyElementPresentKeyword.groovy:68)
	at com.kms.katalon.core.keyword.internal.KeywordExecutor.executeKeywordForPlatform(KeywordExecutor.groovy:74)
	at com.kms.katalon.core.webui.keyword.WebUiBuiltInKeywords.verifyElementPresent(WebUiBuiltInKeywords.groovy:1464)
	at com.kms.katalon.core.webui.keyword.WebUiBuiltInKeywords$verifyElementPresent$6.call(Unknown Source)
	at PMHwaueiTopX.TopX(PMHwaueiTopX.groovy:1593)
	at PMHwaueiTopX.invokeMethod(PMHwaueiTopX.groovy)
	at com.kms.katalon.core.main.CustomKeywordDelegatingMetaClass.invokeStaticMethod(CustomKeywordDelegatingMetaClass.java:55)
	at TopX 2G Cluster DailyBH.run(TopX 2G Cluster DailyBH:29)
	at com.kms.katalon.core.main.ScriptEngine.run(ScriptEngine.java:194)
	at com.kms.katalon.core.main.ScriptEngine.runScriptAsRawText(ScriptEngine.java:119)
	at com.kms.katalon.core.main.TestCaseExecutor.runScript(TestCaseExecutor.java:448)
	at com.kms.katalon.core.main.TestCaseExecutor.doExecute(TestCaseExecutor.java:439)
	at com.kms.katalon.core.main.TestCaseExecutor.processExecutionPhase(TestCaseExecutor.java:418)
	at com.kms.katalon.core.main.TestCaseExecutor.accessMainPhase(TestCaseExecutor.java:410)
	at com.kms.katalon.core.main.TestCaseExecutor.execute(TestCaseExecutor.java:285)
	at com.kms.katalon.core.common.CommonExecutor.accessTestCaseMainPhase(CommonExecutor.java:65)
	at com.kms.katalon.core.main.TestSuiteExecutor.accessTestSuiteMainPhase(TestSuiteExecutor.java:148)
	at com.kms.katalon.core.main.TestSuiteExecutor.execute(TestSuiteExecutor.java:106)
	at com.kms.katalon.core.main.TestCaseMain.startTestSuite(TestCaseMain.java:187)
	at com.kms.katalon.core.main.TestCaseMain$startTestSuite$0.call(Unknown Source)
	at TempTestSuite1722769113368.run(TempTestSuite1722769113368.groovy:35)
Caused by: com.kms.katalon.core.exception.StepFailedException: com.kms.katalon.core.webui.exception.WebElementNotFoundException: Web element with id: 'Object Repository/PM/Huawei-vendor/Chart' located by '//*[@id="chart-container"]/div/app-main-chart-component[1]/div/div[2]/div[2]/div/div/div[1]/canvas' not found
	at com.kms.katalon.core.webui.keyword.internal.WebUIKeywordMain.stepFailed(WebUIKeywordMain.groovy:64)
	at com.kms.katalon.core.webui.keyword.builtin.VerifyElementPresentKeyword$_verifyElementPresent_closure1.doCall(VerifyElementPresentKeyword.groovy:85)
	at com.kms.katalon.core.webui.keyword.builtin.VerifyElementPresentKeyword$_verifyElementPresent_closure1.call(VerifyElementPresentKeyword.groovy)
	at com.kms.katalon.core.webui.keyword.internal.WebUIKeywordMain.runKeyword(WebUIKeywordMain.groovy:20)
	... 22 more]]></system-err>
      </testcase>
      <testcase name="Test Cases/PM/Hwauei/TopX/2G TopX/XGovernorate/TopX 2G Governorate default" time="39.897" classname="Test Cases/PM/Hwauei/TopX/2G TopX/XGovernorate/TopX 2G Governorate default" status="PASSED">
         <system-out><![CDATA[2024-08-04 14:44:53 - [TEST_CASE][PASSED] - Test Cases/PM/Hwauei/TopX/2G TopX/XGovernorate/TopX 2G Governorate default: Test Cases/PM/Hwauei/TopX/2G TopX/XGovernorate/TopX 2G Governorate default

2024-08-04 14:44:53 - [TEST_STEP][PASSED] - callTestCase(findTestCase("Login"), [:], STOP_ON_FAILURE): Call Test Case 'Test Cases/Login' successfully

2024-08-04 14:44:53 - [TEST_CASE][PASSED] - Test Cases/Login: Test Cases/Login

2024-08-04 14:44:53 - [TEST_STEP][PASSED] - driver = general.start(SwagerURL, NetCellURL): general.start is PASSED

2024-08-04 14:44:53 - [MESSAGE][INFO] - >>> chromeDriverPath=C:\Users\FatimaIbeid\.katalon\packages\Katalon_Studio_Windows_64-8.6.9\Katalon_Studio_Windows_64-8.6.9\configuration\resources\drivers\chromedriver_win32\chromedriver.exe

2024-08-04 14:44:55 - [MESSAGE][PASSED] - Current window maximized

2024-08-04 14:44:56 - [MESSAGE][PASSED] - Execute JavaScript 'window.open();' successfully

2024-08-04 14:44:56 - [MESSAGE][PASSED] - Switched to window with index: '1'

2024-08-04 14:45:08 - [MESSAGE][PASSED] - general.start is PASSED

2024-08-04 14:45:08 - [TEST_STEP][PASSED] - click(findTestObject("Object Repository/Login/LoginButton")): Object: 'Object Repository/Login/LoginButton' is clicked on

2024-08-04 14:45:08 - [MESSAGE][PASSED] - Object: 'Object Repository/Login/LoginButton' is clicked on

2024-08-04 14:45:08 - [TEST_STEP][PASSED] - switchToWindowIndex(2): Switched to window with index: '2'

2024-08-04 14:45:08 - [MESSAGE][PASSED] - Switched to window with index: '2'

2024-08-04 14:45:08 - [TEST_STEP][PASSED] - delay(1): Delayed 1 second(s)

2024-08-04 14:45:09 - [MESSAGE][PASSED] - Delayed 1 second(s)

2024-08-04 14:45:09 - [TEST_STEP][PASSED] - sendKeys(findTestObject("Object Repository/Login/EnterEmail"), "homam@zztjg.onmicrosoft.com"): Keys 'homam@zztjg.onmicrosoft.com' sent to object: 'Object Repository/Login/EnterEmail'

2024-08-04 14:45:10 - [MESSAGE][PASSED] - Keys 'homam@zztjg.onmicrosoft.com' sent to object: 'Object Repository/Login/EnterEmail'

2024-08-04 14:45:10 - [TEST_STEP][PASSED] - delay(1): Delayed 1 second(s)

2024-08-04 14:45:11 - [MESSAGE][PASSED] - Delayed 1 second(s)

2024-08-04 14:45:11 - [TEST_STEP][PASSED] - click(findTestObject("Object Repository/Login/NextButton")): Object: 'Object Repository/Login/NextButton' is clicked on

2024-08-04 14:45:11 - [MESSAGE][PASSED] - Object: 'Object Repository/Login/NextButton' is clicked on

2024-08-04 14:45:11 - [TEST_STEP][PASSED] - delay(2): Delayed 2 second(s)

2024-08-04 14:45:13 - [MESSAGE][PASSED] - Delayed 2 second(s)

2024-08-04 14:45:13 - [TEST_STEP][PASSED] - sendKeys(findTestObject("Object Repository/Login/EnterPassword"), "Holder12345"): Keys 'Holder12345' sent to object: 'Object Repository/Login/EnterPassword'

2024-08-04 14:45:13 - [MESSAGE][PASSED] - Keys 'Holder12345' sent to object: 'Object Repository/Login/EnterPassword'

2024-08-04 14:45:13 - [TEST_STEP][PASSED] - delay(1): Delayed 1 second(s)

2024-08-04 14:45:14 - [MESSAGE][PASSED] - Delayed 1 second(s)

2024-08-04 14:45:14 - [TEST_STEP][PASSED] - click(findTestObject("Object Repository/Login/SigninButton")): Object: 'Object Repository/Login/SigninButton' is clicked on

2024-08-04 14:45:15 - [MESSAGE][PASSED] - Object: 'Object Repository/Login/SigninButton' is clicked on

2024-08-04 14:45:15 - [TEST_STEP][PASSED] - delay(1): Delayed 1 second(s)

2024-08-04 14:45:16 - [MESSAGE][PASSED] - Delayed 1 second(s)

2024-08-04 14:45:16 - [TEST_STEP][PASSED] - click(findTestObject("Object Repository/Login/YesStayInButton")): Object: 'Object Repository/Login/YesStayInButton' is clicked on

2024-08-04 14:45:17 - [MESSAGE][PASSED] - Object: 'Object Repository/Login/YesStayInButton' is clicked on

2024-08-04 14:45:17 - [MESSAGE][PASSED] - Call Test Case 'Test Cases/Login' successfully

2024-08-04 14:45:17 - [TEST_STEP][PASSED] - switchToWindowIndex(1): Switched to window with index: '1'

2024-08-04 14:45:17 - [MESSAGE][PASSED] - Switched to window with index: '1'

2024-08-04 14:45:17 - [TEST_STEP][PASSED] - PMHwaueiTopX.TopX("2G", "Governorate", false, "Hourly", false, null): PMHwaueiTopX.TopX is PASSED

2024-08-04 14:45:17 - [MESSAGE][PASSED] - Object: 'Object Repository/PM/PM-Button' is clicked on

2024-08-04 14:45:18 - [MESSAGE][PASSED] - Switched to window with index: '2'

2024-08-04 14:45:18 - [MESSAGE][PASSED] - Object: 'Object Repository/PM/Huawei-vendor/Data-view/TopX' is clicked on

2024-08-04 14:45:19 - [MESSAGE][PASSED] - Object: 'Object Repository/PM/Huawei-vendor/Technology/Technology-Arrow' is clicked on

2024-08-04 14:45:19 - [MESSAGE][PASSED] - Object: 'Object Repository/PM/Huawei-vendor/Technology/2G' is clicked on

2024-08-04 14:45:19 - [MESSAGE][PASSED] - Object: 'Object Repository/PM/Huawei-vendor/TopX/TopX Object Type' is clicked on

2024-08-04 14:45:20 - [MESSAGE][PASSED] - Delayed 1 second(s)

2024-08-04 14:45:20 - [MESSAGE][PASSED] - Object: 'Object Repository/PM/Huawei-vendor/Object-Type/TopX Object Types/TopX Governorates/TopX Governorate' is clicked on

2024-08-04 14:45:21 - [MESSAGE][PASSED] - Delayed 1 second(s)

2024-08-04 14:45:21 - [MESSAGE][WARNING] - Timeout '0' is invalid. Using default page load timeout: '120'

2024-08-04 14:45:21 - [MESSAGE][PASSED] - Scroll to object 'Object Repository/PM/Huawei-vendor/Object Border' successfully

2024-08-04 14:45:21 - [MESSAGE][PASSED] - Object: 'Object Repository/PM/Huawei-vendor/Object-Type/TopX Object Types/TopX Governorates/TopX Amman' is clicked on

2024-08-04 14:45:22 - [MESSAGE][PASSED] - Object: 'Object Repository/PM/Huawei-vendor/Object-Type/TopX Object Types/TopX Governorates/TopX Irbid' is clicked on

2024-08-04 14:45:22 - [MESSAGE][PASSED] - Object: 'Object Repository/PM/Huawei-vendor/Object-Type/TopX Object Types/TopX Governorates/TopX Aqaba' is clicked on

2024-08-04 14:45:22 - [MESSAGE][PASSED] - Object: 'Object Repository/PM/Huawei-vendor/Object-Type/TopX Object Types/TopX Governorates/TopX Jerash' is clicked on

2024-08-04 14:45:22 - [MESSAGE][PASSED] - Object: 'Object Repository/PM/Huawei-vendor/Object-Type/TopX Object Types/TopX Governorates/TopX Mafraq' is clicked on

2024-08-04 14:45:22 - [MESSAGE][PASSED] - Object: 'Object Repository/PM/Huawei-vendor/Object-Type/TopX Object Types/TopX Governorates/TopX Zarqa' is clicked on

2024-08-04 14:45:22 - [MESSAGE][WARNING] - Timeout '0' is invalid. Using default page load timeout: '120'

2024-08-04 14:45:22 - [MESSAGE][PASSED] - Scroll to object 'Object Repository/PM/Huawei-vendor/LowXlabel' successfully

2024-08-04 14:45:22 - [MESSAGE][PASSED] - Object: 'Object Repository/PM/Huawei-vendor/TopX/TopXDate/BeforeDate' is clicked on

2024-08-04 14:45:23 - [MESSAGE][PASSED] - Delayed 1 second(s)

2024-08-04 14:45:24 - [MESSAGE][PASSED] - Object: 'Object Repository/PM/Huawei-vendor/TopX/TopXDate/Choose Month' is clicked on

2024-08-04 14:45:25 - [MESSAGE][PASSED] - Delayed 1 second(s)

2024-08-04 14:45:25 - [MESSAGE][PASSED] - Object: 'Object Repository/PM/Huawei-vendor/TopX/TopXDate/Feb' is clicked on

2024-08-04 14:45:25 - [MESSAGE][PASSED] - Object: 'Object Repository/PM/Huawei-vendor/TopX/TopXDate/Day 1' is clicked on

2024-08-04 14:45:25 - [MESSAGE][PASSED] - Object: 'Object Repository/PM/Huawei-vendor/TopX/TopXDate/Button OK' is clicked on

2024-08-04 14:45:26 - [MESSAGE][PASSED] - Object: 'Object Repository/PM/Huawei-vendor/TopX/TopXDate/After Date' is clicked on

2024-08-04 14:45:27 - [MESSAGE][PASSED] - Delayed 1 second(s)

2024-08-04 14:45:27 - [MESSAGE][PASSED] - Object: 'Object Repository/PM/Huawei-vendor/TopX/TopXDate/Choose Month' is clicked on

2024-08-04 14:45:28 - [MESSAGE][PASSED] - Delayed 1 second(s)

2024-08-04 14:45:28 - [MESSAGE][PASSED] - Object: 'Object Repository/PM/Huawei-vendor/TopX/TopXDate/Feb' is clicked on

2024-08-04 14:45:28 - [MESSAGE][PASSED] - Object: 'Object Repository/PM/Huawei-vendor/TopX/TopXDate/Day 7' is clicked on

2024-08-04 14:45:28 - [MESSAGE][PASSED] - Object: 'Object Repository/PM/Huawei-vendor/TopX/TopXDate/Button OK' is clicked on

2024-08-04 14:45:29 - [MESSAGE][PASSED] - Object: 'Object Repository/PM/Huawei-vendor/Apply-Button' is clicked on

2024-08-04 14:45:29 - [MESSAGE][WARNING] - Timeout '0' is invalid. Using default page load timeout: '120'

2024-08-04 14:45:29 - [MESSAGE][PASSED] - Web element with id: 'Object Repository/PM/Huawei-vendor/Error' located by 'By.xpath: //div[@class='toast-summary title-medium-m']' is not present after '120' second(s)

2024-08-04 14:45:29 - [MESSAGE][WARNING] - Timeout '0' is invalid. Using default page load timeout: '120'

2024-08-04 14:45:32 - [MESSAGE][PASSED] - Object 'Object Repository/PM/Huawei-vendor/Chart' is present

2024-08-04 14:45:32 - [MESSAGE][WARNING] - Timeout '0' is invalid. Using default page load timeout: '120'

2024-08-04 14:45:32 - [MESSAGE][PASSED] - Object 'Object Repository/PM/Huawei-vendor/TopX/TopX Export Chart' is present

2024-08-04 14:45:32 - [MESSAGE][WARNING] - Timeout '0' is invalid. Using default page load timeout: '120'

2024-08-04 14:45:32 - [MESSAGE][PASSED] - Object 'Object Repository/PM/Huawei-vendor/TopX/Table View' is present

2024-08-04 14:45:32 - [MESSAGE][PASSED] - Object: 'Object Repository/PM/Huawei-vendor/TopX/Table View' is clicked on

2024-08-04 14:45:32 - [MESSAGE][PASSED] - Object: 'Object Repository/PM/Huawei-vendor/TopX/Reordering the table view' is clicked on

2024-08-04 14:45:33 - [MESSAGE][PASSED] - Browser is closed

2024-08-04 14:45:33 - [MESSAGE][PASSED] - PMHwaueiTopX.TopX is PASSED]]></system-out>
         <system-err><![CDATA[]]></system-err>
      </testcase>
      <testcase name="Test Cases/PM/Hwauei/TopX/2G TopX/XGovernorate/TopX 2G Governorate with LowX" time="41.531" classname="Test Cases/PM/Hwauei/TopX/2G TopX/XGovernorate/TopX 2G Governorate with LowX" status="PASSED">
         <system-out><![CDATA[2024-08-04 14:45:33 - [TEST_CASE][PASSED] - Test Cases/PM/Hwauei/TopX/2G TopX/XGovernorate/TopX 2G Governorate with LowX: Test Cases/PM/Hwauei/TopX/2G TopX/XGovernorate/TopX 2G Governorate with LowX

2024-08-04 14:45:33 - [TEST_STEP][PASSED] - callTestCase(findTestCase("Login"), [:], STOP_ON_FAILURE): Call Test Case 'Test Cases/Login' successfully

2024-08-04 14:45:33 - [TEST_CASE][PASSED] - Test Cases/Login: Test Cases/Login

2024-08-04 14:45:33 - [TEST_STEP][PASSED] - driver = general.start(SwagerURL, NetCellURL): general.start is PASSED

2024-08-04 14:45:33 - [MESSAGE][INFO] - >>> chromeDriverPath=C:\Users\FatimaIbeid\.katalon\packages\Katalon_Studio_Windows_64-8.6.9\Katalon_Studio_Windows_64-8.6.9\configuration\resources\drivers\chromedriver_win32\chromedriver.exe

2024-08-04 14:45:35 - [MESSAGE][PASSED] - Current window maximized

2024-08-04 14:45:35 - [MESSAGE][PASSED] - Execute JavaScript 'window.open();' successfully

2024-08-04 14:45:35 - [MESSAGE][PASSED] - Switched to window with index: '1'

2024-08-04 14:45:47 - [MESSAGE][PASSED] - general.start is PASSED

2024-08-04 14:45:47 - [TEST_STEP][PASSED] - click(findTestObject("Object Repository/Login/LoginButton")): Object: 'Object Repository/Login/LoginButton' is clicked on

2024-08-04 14:45:47 - [MESSAGE][PASSED] - Object: 'Object Repository/Login/LoginButton' is clicked on

2024-08-04 14:45:47 - [TEST_STEP][PASSED] - switchToWindowIndex(2): Switched to window with index: '2'

2024-08-04 14:45:48 - [MESSAGE][PASSED] - Switched to window with index: '2'

2024-08-04 14:45:48 - [TEST_STEP][PASSED] - delay(1): Delayed 1 second(s)

2024-08-04 14:45:49 - [MESSAGE][PASSED] - Delayed 1 second(s)

2024-08-04 14:45:49 - [TEST_STEP][PASSED] - sendKeys(findTestObject("Object Repository/Login/EnterEmail"), "homam@zztjg.onmicrosoft.com"): Keys 'homam@zztjg.onmicrosoft.com' sent to object: 'Object Repository/Login/EnterEmail'

2024-08-04 14:45:50 - [MESSAGE][PASSED] - Keys 'homam@zztjg.onmicrosoft.com' sent to object: 'Object Repository/Login/EnterEmail'

2024-08-04 14:45:50 - [TEST_STEP][PASSED] - delay(1): Delayed 1 second(s)

2024-08-04 14:45:51 - [MESSAGE][PASSED] - Delayed 1 second(s)

2024-08-04 14:45:51 - [TEST_STEP][PASSED] - click(findTestObject("Object Repository/Login/NextButton")): Object: 'Object Repository/Login/NextButton' is clicked on

2024-08-04 14:45:51 - [MESSAGE][PASSED] - Object: 'Object Repository/Login/NextButton' is clicked on

2024-08-04 14:45:51 - [TEST_STEP][PASSED] - delay(2): Delayed 2 second(s)

2024-08-04 14:45:53 - [MESSAGE][PASSED] - Delayed 2 second(s)

2024-08-04 14:45:53 - [TEST_STEP][PASSED] - sendKeys(findTestObject("Object Repository/Login/EnterPassword"), "Holder12345"): Keys 'Holder12345' sent to object: 'Object Repository/Login/EnterPassword'

2024-08-04 14:45:53 - [MESSAGE][PASSED] - Keys 'Holder12345' sent to object: 'Object Repository/Login/EnterPassword'

2024-08-04 14:45:53 - [TEST_STEP][PASSED] - delay(1): Delayed 1 second(s)

2024-08-04 14:45:54 - [MESSAGE][PASSED] - Delayed 1 second(s)

2024-08-04 14:45:54 - [TEST_STEP][PASSED] - click(findTestObject("Object Repository/Login/SigninButton")): Object: 'Object Repository/Login/SigninButton' is clicked on

2024-08-04 14:45:55 - [MESSAGE][PASSED] - Object: 'Object Repository/Login/SigninButton' is clicked on

2024-08-04 14:45:55 - [TEST_STEP][PASSED] - delay(1): Delayed 1 second(s)

2024-08-04 14:45:56 - [MESSAGE][PASSED] - Delayed 1 second(s)

2024-08-04 14:45:56 - [TEST_STEP][PASSED] - click(findTestObject("Object Repository/Login/YesStayInButton")): Object: 'Object Repository/Login/YesStayInButton' is clicked on

2024-08-04 14:45:57 - [MESSAGE][PASSED] - Object: 'Object Repository/Login/YesStayInButton' is clicked on

2024-08-04 14:45:57 - [MESSAGE][PASSED] - Call Test Case 'Test Cases/Login' successfully

2024-08-04 14:45:57 - [TEST_STEP][PASSED] - switchToWindowIndex(1): Switched to window with index: '1'

2024-08-04 14:45:57 - [MESSAGE][PASSED] - Switched to window with index: '1'

2024-08-04 14:45:57 - [TEST_STEP][PASSED] - PMHwaueiTopX.TopX("2G", "Governorate", true, "Hourly", true, null): PMHwaueiTopX.TopX is PASSED

2024-08-04 14:45:57 - [MESSAGE][PASSED] - Object: 'Object Repository/PM/PM-Button' is clicked on

2024-08-04 14:45:57 - [MESSAGE][PASSED] - Switched to window with index: '2'

2024-08-04 14:45:58 - [MESSAGE][PASSED] - Object: 'Object Repository/PM/Huawei-vendor/Data-view/TopX' is clicked on

2024-08-04 14:45:59 - [MESSAGE][PASSED] - Object: 'Object Repository/PM/Huawei-vendor/Technology/Technology-Arrow' is clicked on

2024-08-04 14:45:59 - [MESSAGE][PASSED] - Object: 'Object Repository/PM/Huawei-vendor/Technology/2G' is clicked on

2024-08-04 14:46:00 - [MESSAGE][PASSED] - Object: 'Object Repository/PM/Huawei-vendor/TopX/TopX Object Type' is clicked on

2024-08-04 14:46:01 - [MESSAGE][PASSED] - Delayed 1 second(s)

2024-08-04 14:46:01 - [MESSAGE][PASSED] - Object: 'Object Repository/PM/Huawei-vendor/Object-Type/TopX Object Types/TopX Governorates/TopX Governorate' is clicked on

2024-08-04 14:46:02 - [MESSAGE][PASSED] - Delayed 1 second(s)

2024-08-04 14:46:02 - [MESSAGE][WARNING] - Timeout '0' is invalid. Using default page load timeout: '120'

2024-08-04 14:46:02 - [MESSAGE][PASSED] - Scroll to object 'Object Repository/PM/Huawei-vendor/Object Border' successfully

2024-08-04 14:46:02 - [MESSAGE][PASSED] - Object: 'Object Repository/PM/Huawei-vendor/Object-Type/TopX Object Types/TopX PLMNs/TopX PLMN checkbox' is clicked on

2024-08-04 14:46:02 - [MESSAGE][WARNING] - Timeout '0' is invalid. Using default page load timeout: '120'

2024-08-04 14:46:02 - [MESSAGE][PASSED] - Scroll to object 'Object Repository/PM/Huawei-vendor/LowXlabel' successfully

2024-08-04 14:46:03 - [MESSAGE][PASSED] - Object: 'Object Repository/PM/Huawei-vendor/TopX/TopXDate/BeforeDate' is clicked on

2024-08-04 14:46:04 - [MESSAGE][PASSED] - Delayed 1 second(s)

2024-08-04 14:46:04 - [MESSAGE][PASSED] - Object: 'Object Repository/PM/Huawei-vendor/TopX/TopXDate/Choose Month' is clicked on

2024-08-04 14:46:05 - [MESSAGE][PASSED] - Delayed 1 second(s)

2024-08-04 14:46:05 - [MESSAGE][PASSED] - Object: 'Object Repository/PM/Huawei-vendor/TopX/TopXDate/Feb' is clicked on

2024-08-04 14:46:05 - [MESSAGE][PASSED] - Object: 'Object Repository/PM/Huawei-vendor/TopX/TopXDate/Day 1' is clicked on

2024-08-04 14:46:06 - [MESSAGE][PASSED] - Object: 'Object Repository/PM/Huawei-vendor/TopX/TopXDate/Button OK' is clicked on

2024-08-04 14:46:06 - [MESSAGE][PASSED] - Object: 'Object Repository/PM/Huawei-vendor/TopX/TopXDate/After Date' is clicked on

2024-08-04 14:46:07 - [MESSAGE][PASSED] - Delayed 1 second(s)

2024-08-04 14:46:07 - [MESSAGE][PASSED] - Object: 'Object Repository/PM/Huawei-vendor/TopX/TopXDate/Choose Month' is clicked on

2024-08-04 14:46:08 - [MESSAGE][PASSED] - Delayed 1 second(s)

2024-08-04 14:46:08 - [MESSAGE][PASSED] - Object: 'Object Repository/PM/Huawei-vendor/TopX/TopXDate/Feb' is clicked on

2024-08-04 14:46:09 - [MESSAGE][PASSED] - Object: 'Object Repository/PM/Huawei-vendor/TopX/TopXDate/Day 7' is clicked on

2024-08-04 14:46:09 - [MESSAGE][PASSED] - Object: 'Object Repository/PM/Huawei-vendor/TopX/TopXDate/Button OK' is clicked on

2024-08-04 14:46:09 - [MESSAGE][PASSED] - Object: 'Object Repository/PM/Huawei-vendor/LowXCheckBox' is clicked on

2024-08-04 14:46:09 - [MESSAGE][PASSED] - Object: 'Object Repository/PM/Huawei-vendor/Apply-Button' is clicked on

2024-08-04 14:46:09 - [MESSAGE][WARNING] - Timeout '0' is invalid. Using default page load timeout: '120'

2024-08-04 14:46:09 - [MESSAGE][PASSED] - Web element with id: 'Object Repository/PM/Huawei-vendor/Error' located by 'By.xpath: //div[@class='toast-summary title-medium-m']' is not present after '120' second(s)

2024-08-04 14:46:09 - [MESSAGE][WARNING] - Timeout '0' is invalid. Using default page load timeout: '120'

2024-08-04 14:46:13 - [MESSAGE][PASSED] - Object 'Object Repository/PM/Huawei-vendor/Chart' is present

2024-08-04 14:46:13 - [MESSAGE][WARNING] - Timeout '0' is invalid. Using default page load timeout: '120'

2024-08-04 14:46:13 - [MESSAGE][PASSED] - Object 'Object Repository/PM/Huawei-vendor/TopX/TopX Export Chart' is present

2024-08-04 14:46:13 - [MESSAGE][WARNING] - Timeout '0' is invalid. Using default page load timeout: '120'

2024-08-04 14:46:13 - [MESSAGE][PASSED] - Object 'Object Repository/PM/Huawei-vendor/TopX/Table View' is present

2024-08-04 14:46:14 - [MESSAGE][PASSED] - Object: 'Object Repository/PM/Huawei-vendor/TopX/Table View' is clicked on

2024-08-04 14:46:14 - [MESSAGE][PASSED] - Object: 'Object Repository/PM/Huawei-vendor/TopX/Reordering the table view' is clicked on

2024-08-04 14:46:14 - [MESSAGE][PASSED] - Browser is closed

2024-08-04 14:46:14 - [MESSAGE][PASSED] - PMHwaueiTopX.TopX is PASSED]]></system-out>
         <system-err><![CDATA[]]></system-err>
      </testcase>
      <testcase name="Test Cases/PM/Hwauei/TopX/2G TopX/XGovernorate/TopX 2G Governorate Daily" time="41.754" classname="Test Cases/PM/Hwauei/TopX/2G TopX/XGovernorate/TopX 2G Governorate Daily" status="PASSED">
         <system-out><![CDATA[2024-08-04 14:46:14 - [TEST_CASE][PASSED] - Test Cases/PM/Hwauei/TopX/2G TopX/XGovernorate/TopX 2G Governorate Daily: Test Cases/PM/Hwauei/TopX/2G TopX/XGovernorate/TopX 2G Governorate Daily

2024-08-04 14:46:15 - [TEST_STEP][PASSED] - callTestCase(findTestCase("Login"), [:], STOP_ON_FAILURE): Call Test Case 'Test Cases/Login' successfully

2024-08-04 14:46:15 - [TEST_CASE][PASSED] - Test Cases/Login: Test Cases/Login

2024-08-04 14:46:15 - [TEST_STEP][PASSED] - driver = general.start(SwagerURL, NetCellURL): general.start is PASSED

2024-08-04 14:46:15 - [MESSAGE][INFO] - >>> chromeDriverPath=C:\Users\FatimaIbeid\.katalon\packages\Katalon_Studio_Windows_64-8.6.9\Katalon_Studio_Windows_64-8.6.9\configuration\resources\drivers\chromedriver_win32\chromedriver.exe

2024-08-04 14:46:16 - [MESSAGE][PASSED] - Current window maximized

2024-08-04 14:46:17 - [MESSAGE][PASSED] - Execute JavaScript 'window.open();' successfully

2024-08-04 14:46:17 - [MESSAGE][PASSED] - Switched to window with index: '1'

2024-08-04 14:46:30 - [MESSAGE][PASSED] - general.start is PASSED

2024-08-04 14:46:30 - [TEST_STEP][PASSED] - click(findTestObject("Object Repository/Login/LoginButton")): Object: 'Object Repository/Login/LoginButton' is clicked on

2024-08-04 14:46:30 - [MESSAGE][PASSED] - Object: 'Object Repository/Login/LoginButton' is clicked on

2024-08-04 14:46:30 - [TEST_STEP][PASSED] - switchToWindowIndex(2): Switched to window with index: '2'

2024-08-04 14:46:30 - [MESSAGE][PASSED] - Switched to window with index: '2'

2024-08-04 14:46:30 - [TEST_STEP][PASSED] - delay(1): Delayed 1 second(s)

2024-08-04 14:46:31 - [MESSAGE][PASSED] - Delayed 1 second(s)

2024-08-04 14:46:31 - [TEST_STEP][PASSED] - sendKeys(findTestObject("Object Repository/Login/EnterEmail"), "homam@zztjg.onmicrosoft.com"): Keys 'homam@zztjg.onmicrosoft.com' sent to object: 'Object Repository/Login/EnterEmail'

2024-08-04 14:46:32 - [MESSAGE][PASSED] - Keys 'homam@zztjg.onmicrosoft.com' sent to object: 'Object Repository/Login/EnterEmail'

2024-08-04 14:46:32 - [TEST_STEP][PASSED] - delay(1): Delayed 1 second(s)

2024-08-04 14:46:33 - [MESSAGE][PASSED] - Delayed 1 second(s)

2024-08-04 14:46:33 - [TEST_STEP][PASSED] - click(findTestObject("Object Repository/Login/NextButton")): Object: 'Object Repository/Login/NextButton' is clicked on

2024-08-04 14:46:33 - [MESSAGE][PASSED] - Object: 'Object Repository/Login/NextButton' is clicked on

2024-08-04 14:46:33 - [TEST_STEP][PASSED] - delay(2): Delayed 2 second(s)

2024-08-04 14:46:35 - [MESSAGE][PASSED] - Delayed 2 second(s)

2024-08-04 14:46:35 - [TEST_STEP][PASSED] - sendKeys(findTestObject("Object Repository/Login/EnterPassword"), "Holder12345"): Keys 'Holder12345' sent to object: 'Object Repository/Login/EnterPassword'

2024-08-04 14:46:36 - [MESSAGE][PASSED] - Keys 'Holder12345' sent to object: 'Object Repository/Login/EnterPassword'

2024-08-04 14:46:36 - [TEST_STEP][PASSED] - delay(1): Delayed 1 second(s)

2024-08-04 14:46:37 - [MESSAGE][PASSED] - Delayed 1 second(s)

2024-08-04 14:46:37 - [TEST_STEP][PASSED] - click(findTestObject("Object Repository/Login/SigninButton")): Object: 'Object Repository/Login/SigninButton' is clicked on

2024-08-04 14:46:37 - [MESSAGE][PASSED] - Object: 'Object Repository/Login/SigninButton' is clicked on

2024-08-04 14:46:37 - [TEST_STEP][PASSED] - delay(1): Delayed 1 second(s)

2024-08-04 14:46:38 - [MESSAGE][PASSED] - Delayed 1 second(s)

2024-08-04 14:46:38 - [TEST_STEP][PASSED] - click(findTestObject("Object Repository/Login/YesStayInButton")): Object: 'Object Repository/Login/YesStayInButton' is clicked on

2024-08-04 14:46:39 - [MESSAGE][PASSED] - Object: 'Object Repository/Login/YesStayInButton' is clicked on

2024-08-04 14:46:39 - [MESSAGE][PASSED] - Call Test Case 'Test Cases/Login' successfully

2024-08-04 14:46:39 - [TEST_STEP][PASSED] - switchToWindowIndex(1): Switched to window with index: '1'

2024-08-04 14:46:39 - [MESSAGE][PASSED] - Switched to window with index: '1'

2024-08-04 14:46:39 - [TEST_STEP][PASSED] - PMHwaueiTopX.TopX("2G", "Governorate", false, "Daily", false, null): PMHwaueiTopX.TopX is PASSED

2024-08-04 14:46:40 - [MESSAGE][PASSED] - Object: 'Object Repository/PM/PM-Button' is clicked on

2024-08-04 14:46:40 - [MESSAGE][PASSED] - Switched to window with index: '2'

2024-08-04 14:46:41 - [MESSAGE][PASSED] - Object: 'Object Repository/PM/Huawei-vendor/Data-view/TopX' is clicked on

2024-08-04 14:46:41 - [MESSAGE][PASSED] - Object: 'Object Repository/PM/Huawei-vendor/Technology/Technology-Arrow' is clicked on

2024-08-04 14:46:41 - [MESSAGE][PASSED] - Object: 'Object Repository/PM/Huawei-vendor/Technology/2G' is clicked on

2024-08-04 14:46:41 - [MESSAGE][PASSED] - Object: 'Object Repository/PM/Huawei-vendor/TopX/TopX Object Type' is clicked on

2024-08-04 14:46:42 - [MESSAGE][PASSED] - Delayed 1 second(s)

2024-08-04 14:46:43 - [MESSAGE][PASSED] - Object: 'Object Repository/PM/Huawei-vendor/Object-Type/TopX Object Types/TopX Governorates/TopX Governorate' is clicked on

2024-08-04 14:46:44 - [MESSAGE][PASSED] - Delayed 1 second(s)

2024-08-04 14:46:44 - [MESSAGE][WARNING] - Timeout '0' is invalid. Using default page load timeout: '120'

2024-08-04 14:46:44 - [MESSAGE][PASSED] - Scroll to object 'Object Repository/PM/Huawei-vendor/Object Border' successfully

2024-08-04 14:46:44 - [MESSAGE][PASSED] - Object: 'Object Repository/PM/Huawei-vendor/Object-Type/TopX Object Types/TopX Governorates/TopX Amman' is clicked on

2024-08-04 14:46:44 - [MESSAGE][PASSED] - Object: 'Object Repository/PM/Huawei-vendor/Object-Type/TopX Object Types/TopX Governorates/TopX Irbid' is clicked on

2024-08-04 14:46:44 - [MESSAGE][PASSED] - Object: 'Object Repository/PM/Huawei-vendor/Object-Type/TopX Object Types/TopX Governorates/TopX Aqaba' is clicked on

2024-08-04 14:46:44 - [MESSAGE][PASSED] - Object: 'Object Repository/PM/Huawei-vendor/Object-Type/TopX Object Types/TopX Governorates/TopX Jerash' is clicked on

2024-08-04 14:46:45 - [MESSAGE][PASSED] - Object: 'Object Repository/PM/Huawei-vendor/Object-Type/TopX Object Types/TopX Governorates/TopX Mafraq' is clicked on

2024-08-04 14:46:45 - [MESSAGE][PASSED] - Object: 'Object Repository/PM/Huawei-vendor/Object-Type/TopX Object Types/TopX Governorates/TopX Zarqa' is clicked on

2024-08-04 14:46:45 - [MESSAGE][WARNING] - Timeout '0' is invalid. Using default page load timeout: '120'

2024-08-04 14:46:45 - [MESSAGE][PASSED] - Scroll to object 'Object Repository/PM/Huawei-vendor/LowXlabel' successfully

2024-08-04 14:46:45 - [MESSAGE][PASSED] - Object: 'Object Repository/PM/Huawei-vendor/Resolution Temp/Select Resolution temp' is clicked on

2024-08-04 14:46:45 - [MESSAGE][PASSED] - Object: 'Object Repository/PM/Huawei-vendor/Resolution Temp/Resolution Temp Daily' is clicked on

2024-08-04 14:46:46 - [MESSAGE][PASSED] - Object: 'Object Repository/PM/Huawei-vendor/TopX/TopXDate/BeforeDate' is clicked on

2024-08-04 14:46:47 - [MESSAGE][PASSED] - Delayed 1 second(s)

2024-08-04 14:46:47 - [MESSAGE][PASSED] - Object: 'Object Repository/PM/Huawei-vendor/TopX/TopXDate/Choose Month' is clicked on

2024-08-04 14:46:48 - [MESSAGE][PASSED] - Delayed 1 second(s)

2024-08-04 14:46:48 - [MESSAGE][PASSED] - Object: 'Object Repository/PM/Huawei-vendor/TopX/TopXDate/Feb' is clicked on

2024-08-04 14:46:48 - [MESSAGE][PASSED] - Object: 'Object Repository/PM/Huawei-vendor/TopX/TopXDate/Day 1' is clicked on

2024-08-04 14:46:48 - [MESSAGE][PASSED] - Object: 'Object Repository/PM/Huawei-vendor/TopX/TopXDate/Button OK' is clicked on

2024-08-04 14:46:49 - [MESSAGE][PASSED] - Object: 'Object Repository/PM/Huawei-vendor/TopX/TopXDate/After Date' is clicked on

2024-08-04 14:46:50 - [MESSAGE][PASSED] - Delayed 1 second(s)

2024-08-04 14:46:50 - [MESSAGE][PASSED] - Object: 'Object Repository/PM/Huawei-vendor/TopX/TopXDate/Choose Month' is clicked on

2024-08-04 14:46:51 - [MESSAGE][PASSED] - Delayed 1 second(s)

2024-08-04 14:46:51 - [MESSAGE][PASSED] - Object: 'Object Repository/PM/Huawei-vendor/TopX/TopXDate/Feb' is clicked on

2024-08-04 14:46:51 - [MESSAGE][PASSED] - Object: 'Object Repository/PM/Huawei-vendor/TopX/TopXDate/Day 7' is clicked on

2024-08-04 14:46:52 - [MESSAGE][PASSED] - Object: 'Object Repository/PM/Huawei-vendor/TopX/TopXDate/Button OK' is clicked on

2024-08-04 14:46:52 - [MESSAGE][PASSED] - Object: 'Object Repository/PM/Huawei-vendor/Apply-Button' is clicked on

2024-08-04 14:46:52 - [MESSAGE][WARNING] - Timeout '0' is invalid. Using default page load timeout: '120'

2024-08-04 14:46:52 - [MESSAGE][PASSED] - Web element with id: 'Object Repository/PM/Huawei-vendor/Error' located by 'By.xpath: //div[@class='toast-summary title-medium-m']' is not present after '120' second(s)

2024-08-04 14:46:52 - [MESSAGE][WARNING] - Timeout '0' is invalid. Using default page load timeout: '120'

2024-08-04 14:46:55 - [MESSAGE][PASSED] - Object 'Object Repository/PM/Huawei-vendor/Chart' is present

2024-08-04 14:46:55 - [MESSAGE][WARNING] - Timeout '0' is invalid. Using default page load timeout: '120'

2024-08-04 14:46:55 - [MESSAGE][PASSED] - Object 'Object Repository/PM/Huawei-vendor/TopX/TopX Export Chart' is present

2024-08-04 14:46:55 - [MESSAGE][WARNING] - Timeout '0' is invalid. Using default page load timeout: '120'

2024-08-04 14:46:55 - [MESSAGE][PASSED] - Object 'Object Repository/PM/Huawei-vendor/TopX/Table View' is present

2024-08-04 14:46:55 - [MESSAGE][PASSED] - Object: 'Object Repository/PM/Huawei-vendor/TopX/Table View' is clicked on

2024-08-04 14:46:55 - [MESSAGE][PASSED] - Object: 'Object Repository/PM/Huawei-vendor/TopX/Reordering the table view' is clicked on

2024-08-04 14:46:56 - [MESSAGE][PASSED] - Browser is closed

2024-08-04 14:46:56 - [MESSAGE][PASSED] - PMHwaueiTopX.TopX is PASSED]]></system-out>
         <system-err><![CDATA[]]></system-err>
      </testcase>
      <testcase name="Test Cases/PM/Hwauei/TopX/2G TopX/XGovernorate/TopX 2G Governorate DailyBH" time="159.424" classname="Test Cases/PM/Hwauei/TopX/2G TopX/XGovernorate/TopX 2G Governorate DailyBH" status="FAILED">
         <failure type="FAILED" message="Test Cases/PM/Hwauei/TopX/2G TopX/XGovernorate/TopX 2G Governorate DailyBH FAILED.
Reason:
com.kms.katalon.core.exception.StepFailedException: Unable to verify object 'Object Repository/PM/Huawei-vendor/Chart' is present
	at com.kms.katalon.core.webui.keyword.internal.WebUIKeywordMain.stepFailed(WebUIKeywordMain.groovy:64)
	at com.kms.katalon.core.webui.keyword.internal.WebUIKeywordMain.runKeyword(WebUIKeywordMain.groovy:26)
	at com.kms.katalon.core.webui.keyword.builtin.VerifyElementPresentKeyword.verifyElementPresent(VerifyElementPresentKeyword.groovy:92)
	at com.kms.katalon.core.webui.keyword.builtin.VerifyElementPresentKeyword.execute(VerifyElementPresentKeyword.groovy:68)
	at com.kms.katalon.core.keyword.internal.KeywordExecutor.executeKeywordForPlatform(KeywordExecutor.groovy:74)
	at com.kms.katalon.core.webui.keyword.WebUiBuiltInKeywords.verifyElementPresent(WebUiBuiltInKeywords.groovy:1464)
	at com.kms.katalon.core.webui.keyword.WebUiBuiltInKeywords$verifyElementPresent$6.call(Unknown Source)
	at PMHwaueiTopX.TopX(PMHwaueiTopX.groovy:1593)
	at PMHwaueiTopX.invokeMethod(PMHwaueiTopX.groovy)
	at com.kms.katalon.core.main.CustomKeywordDelegatingMetaClass.invokeStaticMethod(CustomKeywordDelegatingMetaClass.java:55)
	at TopX 2G Governorate DailyBH.run(TopX 2G Governorate DailyBH:29)
	at com.kms.katalon.core.main.ScriptEngine.run(ScriptEngine.java:194)
	at com.kms.katalon.core.main.ScriptEngine.runScriptAsRawText(ScriptEngine.java:119)
	at com.kms.katalon.core.main.TestCaseExecutor.runScript(TestCaseExecutor.java:448)
	at com.kms.katalon.core.main.TestCaseExecutor.doExecute(TestCaseExecutor.java:439)
	at com.kms.katalon.core.main.TestCaseExecutor.processExecutionPhase(TestCaseExecutor.java:418)
	at com.kms.katalon.core.main.TestCaseExecutor.accessMainPhase(TestCaseExecutor.java:410)
	at com.kms.katalon.core.main.TestCaseExecutor.execute(TestCaseExecutor.java:285)
	at com.kms.katalon.core.common.CommonExecutor.accessTestCaseMainPhase(CommonExecutor.java:65)
	at com.kms.katalon.core.main.TestSuiteExecutor.accessTestSuiteMainPhase(TestSuiteExecutor.java:148)
	at com.kms.katalon.core.main.TestSuiteExecutor.execute(TestSuiteExecutor.java:106)
	at com.kms.katalon.core.main.TestCaseMain.startTestSuite(TestCaseMain.java:187)
	at com.kms.katalon.core.main.TestCaseMain$startTestSuite$0.call(Unknown Source)
	at TempTestSuite1722769113368.run(TempTestSuite1722769113368.groovy:35)
Caused by: com.kms.katalon.core.exception.StepFailedException: com.kms.katalon.core.webui.exception.WebElementNotFoundException: Web element with id: 'Object Repository/PM/Huawei-vendor/Chart' located by '//*[@id=&quot;chart-container&quot;]/div/app-main-chart-component[1]/div/div[2]/div[2]/div/div/div[1]/canvas' not found
	at com.kms.katalon.core.webui.keyword.internal.WebUIKeywordMain.stepFailed(WebUIKeywordMain.groovy:64)
	at com.kms.katalon.core.webui.keyword.builtin.VerifyElementPresentKeyword$_verifyElementPresent_closure1.doCall(VerifyElementPresentKeyword.groovy:85)
	at com.kms.katalon.core.webui.keyword.builtin.VerifyElementPresentKeyword$_verifyElementPresent_closure1.call(VerifyElementPresentKeyword.groovy)
	at com.kms.katalon.core.webui.keyword.internal.WebUIKeywordMain.runKeyword(WebUIKeywordMain.groovy:20)
	... 22 more
"/>
         <system-out><![CDATA[2024-08-04 14:46:56 - [TEST_CASE][FAILED] - Test Cases/PM/Hwauei/TopX/2G TopX/XGovernorate/TopX 2G Governorate DailyBH: Test Cases/PM/Hwauei/TopX/2G TopX/XGovernorate/TopX 2G Governorate DailyBH FAILED.
Reason:
com.kms.katalon.core.exception.StepFailedException: Unable to verify object 'Object Repository/PM/Huawei-vendor/Chart' is present
	at com.kms.katalon.core.webui.keyword.internal.WebUIKeywordMain.stepFailed(WebUIKeywordMain.groovy:64)
	at com.kms.katalon.core.webui.keyword.internal.WebUIKeywordMain.runKeyword(WebUIKeywordMain.groovy:26)
	at com.kms.katalon.core.webui.keyword.builtin.VerifyElementPresentKeyword.verifyElementPresent(VerifyElementPresentKeyword.groovy:92)
	at com.kms.katalon.core.webui.keyword.builtin.VerifyElementPresentKeyword.execute(VerifyElementPresentKeyword.groovy:68)
	at com.kms.katalon.core.keyword.internal.KeywordExecutor.executeKeywordForPlatform(KeywordExecutor.groovy:74)
	at com.kms.katalon.core.webui.keyword.WebUiBuiltInKeywords.verifyElementPresent(WebUiBuiltInKeywords.groovy:1464)
	at com.kms.katalon.core.webui.keyword.WebUiBuiltInKeywords$verifyElementPresent$6.call(Unknown Source)
	at PMHwaueiTopX.TopX(PMHwaueiTopX.groovy:1593)
	at PMHwaueiTopX.invokeMethod(PMHwaueiTopX.groovy)
	at com.kms.katalon.core.main.CustomKeywordDelegatingMetaClass.invokeStaticMethod(CustomKeywordDelegatingMetaClass.java:55)
	at TopX 2G Governorate DailyBH.run(TopX 2G Governorate DailyBH:29)
	at com.kms.katalon.core.main.ScriptEngine.run(ScriptEngine.java:194)
	at com.kms.katalon.core.main.ScriptEngine.runScriptAsRawText(ScriptEngine.java:119)
	at com.kms.katalon.core.main.TestCaseExecutor.runScript(TestCaseExecutor.java:448)
	at com.kms.katalon.core.main.TestCaseExecutor.doExecute(TestCaseExecutor.java:439)
	at com.kms.katalon.core.main.TestCaseExecutor.processExecutionPhase(TestCaseExecutor.java:418)
	at com.kms.katalon.core.main.TestCaseExecutor.accessMainPhase(TestCaseExecutor.java:410)
	at com.kms.katalon.core.main.TestCaseExecutor.execute(TestCaseExecutor.java:285)
	at com.kms.katalon.core.common.CommonExecutor.accessTestCaseMainPhase(CommonExecutor.java:65)
	at com.kms.katalon.core.main.TestSuiteExecutor.accessTestSuiteMainPhase(TestSuiteExecutor.java:148)
	at com.kms.katalon.core.main.TestSuiteExecutor.execute(TestSuiteExecutor.java:106)
	at com.kms.katalon.core.main.TestCaseMain.startTestSuite(TestCaseMain.java:187)
	at com.kms.katalon.core.main.TestCaseMain$startTestSuite$0.call(Unknown Source)
	at TempTestSuite1722769113368.run(TempTestSuite1722769113368.groovy:35)
Caused by: com.kms.katalon.core.exception.StepFailedException: com.kms.katalon.core.webui.exception.WebElementNotFoundException: Web element with id: 'Object Repository/PM/Huawei-vendor/Chart' located by '//*[@id="chart-container"]/div/app-main-chart-component[1]/div/div[2]/div[2]/div/div/div[1]/canvas' not found
	at com.kms.katalon.core.webui.keyword.internal.WebUIKeywordMain.stepFailed(WebUIKeywordMain.groovy:64)
	at com.kms.katalon.core.webui.keyword.builtin.VerifyElementPresentKeyword$_verifyElementPresent_closure1.doCall(VerifyElementPresentKeyword.groovy:85)
	at com.kms.katalon.core.webui.keyword.builtin.VerifyElementPresentKeyword$_verifyElementPresent_closure1.call(VerifyElementPresentKeyword.groovy)
	at com.kms.katalon.core.webui.keyword.internal.WebUIKeywordMain.runKeyword(WebUIKeywordMain.groovy:20)
	... 22 more


2024-08-04 14:46:57 - [TEST_STEP][PASSED] - callTestCase(findTestCase("Login"), [:], STOP_ON_FAILURE): Call Test Case 'Test Cases/Login' successfully

2024-08-04 14:46:57 - [TEST_CASE][PASSED] - Test Cases/Login: Test Cases/Login

2024-08-04 14:46:57 - [TEST_STEP][PASSED] - driver = general.start(SwagerURL, NetCellURL): general.start is PASSED

2024-08-04 14:46:57 - [MESSAGE][INFO] - >>> chromeDriverPath=C:\Users\FatimaIbeid\.katalon\packages\Katalon_Studio_Windows_64-8.6.9\Katalon_Studio_Windows_64-8.6.9\configuration\resources\drivers\chromedriver_win32\chromedriver.exe

2024-08-04 14:46:58 - [MESSAGE][PASSED] - Current window maximized

2024-08-04 14:46:59 - [MESSAGE][PASSED] - Execute JavaScript 'window.open();' successfully

2024-08-04 14:46:59 - [MESSAGE][PASSED] - Switched to window with index: '1'

2024-08-04 14:47:11 - [MESSAGE][PASSED] - general.start is PASSED

2024-08-04 14:47:11 - [TEST_STEP][PASSED] - click(findTestObject("Object Repository/Login/LoginButton")): Object: 'Object Repository/Login/LoginButton' is clicked on

2024-08-04 14:47:11 - [MESSAGE][PASSED] - Object: 'Object Repository/Login/LoginButton' is clicked on

2024-08-04 14:47:11 - [TEST_STEP][PASSED] - switchToWindowIndex(2): Switched to window with index: '2'

2024-08-04 14:47:11 - [MESSAGE][PASSED] - Switched to window with index: '2'

2024-08-04 14:47:11 - [TEST_STEP][PASSED] - delay(1): Delayed 1 second(s)

2024-08-04 14:47:12 - [MESSAGE][PASSED] - Delayed 1 second(s)

2024-08-04 14:47:12 - [TEST_STEP][PASSED] - sendKeys(findTestObject("Object Repository/Login/EnterEmail"), "homam@zztjg.onmicrosoft.com"): Keys 'homam@zztjg.onmicrosoft.com' sent to object: 'Object Repository/Login/EnterEmail'

2024-08-04 14:47:13 - [MESSAGE][PASSED] - Keys 'homam@zztjg.onmicrosoft.com' sent to object: 'Object Repository/Login/EnterEmail'

2024-08-04 14:47:13 - [TEST_STEP][PASSED] - delay(1): Delayed 1 second(s)

2024-08-04 14:47:14 - [MESSAGE][PASSED] - Delayed 1 second(s)

2024-08-04 14:47:14 - [TEST_STEP][PASSED] - click(findTestObject("Object Repository/Login/NextButton")): Object: 'Object Repository/Login/NextButton' is clicked on

2024-08-04 14:47:15 - [MESSAGE][PASSED] - Object: 'Object Repository/Login/NextButton' is clicked on

2024-08-04 14:47:15 - [TEST_STEP][PASSED] - delay(2): Delayed 2 second(s)

2024-08-04 14:47:17 - [MESSAGE][PASSED] - Delayed 2 second(s)

2024-08-04 14:47:17 - [TEST_STEP][PASSED] - sendKeys(findTestObject("Object Repository/Login/EnterPassword"), "Holder12345"): Keys 'Holder12345' sent to object: 'Object Repository/Login/EnterPassword'

2024-08-04 14:47:17 - [MESSAGE][PASSED] - Keys 'Holder12345' sent to object: 'Object Repository/Login/EnterPassword'

2024-08-04 14:47:17 - [TEST_STEP][PASSED] - delay(1): Delayed 1 second(s)

2024-08-04 14:47:18 - [MESSAGE][PASSED] - Delayed 1 second(s)

2024-08-04 14:47:18 - [TEST_STEP][PASSED] - click(findTestObject("Object Repository/Login/SigninButton")): Object: 'Object Repository/Login/SigninButton' is clicked on

2024-08-04 14:47:18 - [MESSAGE][PASSED] - Object: 'Object Repository/Login/SigninButton' is clicked on

2024-08-04 14:47:18 - [TEST_STEP][PASSED] - delay(1): Delayed 1 second(s)

2024-08-04 14:47:19 - [MESSAGE][PASSED] - Delayed 1 second(s)

2024-08-04 14:47:19 - [TEST_STEP][PASSED] - click(findTestObject("Object Repository/Login/YesStayInButton")): Object: 'Object Repository/Login/YesStayInButton' is clicked on

2024-08-04 14:47:20 - [MESSAGE][PASSED] - Object: 'Object Repository/Login/YesStayInButton' is clicked on

2024-08-04 14:47:20 - [MESSAGE][PASSED] - Call Test Case 'Test Cases/Login' successfully

2024-08-04 14:47:20 - [TEST_STEP][PASSED] - switchToWindowIndex(1): Switched to window with index: '1'

2024-08-04 14:47:20 - [MESSAGE][PASSED] - Switched to window with index: '1'

2024-08-04 14:47:20 - [TEST_STEP][FAILED] - PMHwaueiTopX.TopX("2G", "Governorate", false, "DailyBH", false, null): Unable to verify object 'Object Repository/PM/Huawei-vendor/Chart' is present

2024-08-04 14:47:21 - [MESSAGE][PASSED] - Object: 'Object Repository/PM/PM-Button' is clicked on

2024-08-04 14:47:21 - [MESSAGE][PASSED] - Switched to window with index: '2'

2024-08-04 14:47:23 - [MESSAGE][PASSED] - Object: 'Object Repository/PM/Huawei-vendor/Data-view/TopX' is clicked on

2024-08-04 14:47:23 - [MESSAGE][PASSED] - Object: 'Object Repository/PM/Huawei-vendor/Technology/Technology-Arrow' is clicked on

2024-08-04 14:47:24 - [MESSAGE][PASSED] - Object: 'Object Repository/PM/Huawei-vendor/Technology/2G' is clicked on

2024-08-04 14:47:24 - [MESSAGE][PASSED] - Object: 'Object Repository/PM/Huawei-vendor/TopX/TopX Object Type' is clicked on

2024-08-04 14:47:25 - [MESSAGE][PASSED] - Delayed 1 second(s)

2024-08-04 14:47:25 - [MESSAGE][PASSED] - Object: 'Object Repository/PM/Huawei-vendor/Object-Type/TopX Object Types/TopX Governorates/TopX Governorate' is clicked on

2024-08-04 14:47:26 - [MESSAGE][PASSED] - Delayed 1 second(s)

2024-08-04 14:47:26 - [MESSAGE][WARNING] - Timeout '0' is invalid. Using default page load timeout: '120'

2024-08-04 14:47:26 - [MESSAGE][PASSED] - Scroll to object 'Object Repository/PM/Huawei-vendor/Object Border' successfully

2024-08-04 14:47:26 - [MESSAGE][PASSED] - Object: 'Object Repository/PM/Huawei-vendor/Object-Type/TopX Object Types/TopX Governorates/TopX Amman' is clicked on

2024-08-04 14:47:26 - [MESSAGE][PASSED] - Object: 'Object Repository/PM/Huawei-vendor/Object-Type/TopX Object Types/TopX Governorates/TopX Irbid' is clicked on

2024-08-04 14:47:27 - [MESSAGE][PASSED] - Object: 'Object Repository/PM/Huawei-vendor/Object-Type/TopX Object Types/TopX Governorates/TopX Aqaba' is clicked on

2024-08-04 14:47:27 - [MESSAGE][PASSED] - Object: 'Object Repository/PM/Huawei-vendor/Object-Type/TopX Object Types/TopX Governorates/TopX Jerash' is clicked on

2024-08-04 14:47:27 - [MESSAGE][PASSED] - Object: 'Object Repository/PM/Huawei-vendor/Object-Type/TopX Object Types/TopX Governorates/TopX Mafraq' is clicked on

2024-08-04 14:47:27 - [MESSAGE][PASSED] - Object: 'Object Repository/PM/Huawei-vendor/Object-Type/TopX Object Types/TopX Governorates/TopX Zarqa' is clicked on

2024-08-04 14:47:27 - [MESSAGE][WARNING] - Timeout '0' is invalid. Using default page load timeout: '120'

2024-08-04 14:47:27 - [MESSAGE][PASSED] - Scroll to object 'Object Repository/PM/Huawei-vendor/LowXlabel' successfully

2024-08-04 14:47:27 - [MESSAGE][PASSED] - Object: 'Object Repository/PM/Huawei-vendor/Resolution Temp/Select Resolution temp' is clicked on

2024-08-04 14:47:28 - [MESSAGE][PASSED] - Object: 'Object Repository/PM/Huawei-vendor/Resolution Temp/Resolution Temp DailyBH' is clicked on

2024-08-04 14:47:28 - [MESSAGE][PASSED] - Object: 'Object Repository/PM/Huawei-vendor/TopX/TopXDate/BeforeDate' is clicked on

2024-08-04 14:47:29 - [MESSAGE][PASSED] - Delayed 1 second(s)

2024-08-04 14:47:29 - [MESSAGE][PASSED] - Object: 'Object Repository/PM/Huawei-vendor/TopX/TopXDate/Choose Month' is clicked on

2024-08-04 14:47:30 - [MESSAGE][PASSED] - Delayed 1 second(s)

2024-08-04 14:47:30 - [MESSAGE][PASSED] - Object: 'Object Repository/PM/Huawei-vendor/TopX/TopXDate/Feb' is clicked on

2024-08-04 14:47:30 - [MESSAGE][PASSED] - Object: 'Object Repository/PM/Huawei-vendor/TopX/TopXDate/Day 1' is clicked on

2024-08-04 14:47:31 - [MESSAGE][PASSED] - Object: 'Object Repository/PM/Huawei-vendor/TopX/TopXDate/Button OK' is clicked on

2024-08-04 14:47:31 - [MESSAGE][PASSED] - Object: 'Object Repository/PM/Huawei-vendor/TopX/TopXDate/After Date' is clicked on

2024-08-04 14:47:32 - [MESSAGE][PASSED] - Delayed 1 second(s)

2024-08-04 14:47:32 - [MESSAGE][PASSED] - Object: 'Object Repository/PM/Huawei-vendor/TopX/TopXDate/Choose Month' is clicked on

2024-08-04 14:47:33 - [MESSAGE][PASSED] - Delayed 1 second(s)

2024-08-04 14:47:33 - [MESSAGE][PASSED] - Object: 'Object Repository/PM/Huawei-vendor/TopX/TopXDate/Feb' is clicked on

2024-08-04 14:47:34 - [MESSAGE][PASSED] - Object: 'Object Repository/PM/Huawei-vendor/TopX/TopXDate/Day 7' is clicked on

2024-08-04 14:47:34 - [MESSAGE][PASSED] - Object: 'Object Repository/PM/Huawei-vendor/TopX/TopXDate/Button OK' is clicked on

2024-08-04 14:47:34 - [MESSAGE][PASSED] - Object: 'Object Repository/PM/Huawei-vendor/Apply-Button' is clicked on

2024-08-04 14:47:34 - [MESSAGE][WARNING] - Timeout '0' is invalid. Using default page load timeout: '120'

2024-08-04 14:47:34 - [MESSAGE][PASSED] - Web element with id: 'Object Repository/PM/Huawei-vendor/Error' located by 'By.xpath: //div[@class='toast-summary title-medium-m']' is not present after '120' second(s)

2024-08-04 14:47:34 - [MESSAGE][WARNING] - Timeout '0' is invalid. Using default page load timeout: '120'

2024-08-04 14:49:35 - [MESSAGE][INFO] - Unable to find the element located by 'By.xpath: //*[@id="chart-container"]/div/app-main-chart-component[1]/div/div[2]/div[2]/div/div/div[1]/canvas'. Please recheck the objects properties to make sure the desired element is located. 

2024-08-04 14:49:35 - [MESSAGE][FAILED] - com.kms.katalon.core.webui.exception.WebElementNotFoundException: Web element with id: 'Object Repository/PM/Huawei-vendor/Chart' located by '//*[@id="chart-container"]/div/app-main-chart-component[1]/div/div[2]/div[2]/div/div/div[1]/canvas' not found (Root cause: com.kms.katalon.core.exception.StepFailedException: com.kms.katalon.core.webui.exception.WebElementNotFoundException: Web element with id: 'Object Repository/PM/Huawei-vendor/Chart' located by '//*[@id="chart-container"]/div/app-main-chart-component[1]/div/div[2]/div[2]/div/div/div[1]/canvas' not found
	at com.kms.katalon.core.webui.keyword.internal.WebUIKeywordMain.stepFailed(WebUIKeywordMain.groovy:64)
	at com.kms.katalon.core.webui.keyword.builtin.VerifyElementPresentKeyword$_verifyElementPresent_closure1.doCall(VerifyElementPresentKeyword.groovy:85)
	at com.kms.katalon.core.webui.keyword.builtin.VerifyElementPresentKeyword$_verifyElementPresent_closure1.call(VerifyElementPresentKeyword.groovy)
	at com.kms.katalon.core.webui.keyword.internal.WebUIKeywordMain.runKeyword(WebUIKeywordMain.groovy:20)
	at com.kms.katalon.core.webui.keyword.builtin.VerifyElementPresentKeyword.verifyElementPresent(VerifyElementPresentKeyword.groovy:92)
	at com.kms.katalon.core.webui.keyword.builtin.VerifyElementPresentKeyword.execute(VerifyElementPresentKeyword.groovy:68)
	at com.kms.katalon.core.keyword.internal.KeywordExecutor.executeKeywordForPlatform(KeywordExecutor.groovy:74)
	at com.kms.katalon.core.webui.keyword.WebUiBuiltInKeywords.verifyElementPresent(WebUiBuiltInKeywords.groovy:1464)
	at com.kms.katalon.core.webui.keyword.WebUiBuiltInKeywords$verifyElementPresent$6.call(Unknown Source)
	at PMHwaueiTopX.TopX(PMHwaueiTopX.groovy:1593)
	at PMHwaueiTopX.invokeMethod(PMHwaueiTopX.groovy)
	at com.kms.katalon.core.main.CustomKeywordDelegatingMetaClass.invokeStaticMethod(CustomKeywordDelegatingMetaClass.java:55)
	at TopX 2G Governorate DailyBH.run(TopX 2G Governorate DailyBH:29)
	at com.kms.katalon.core.main.ScriptEngine.run(ScriptEngine.java:194)
	at com.kms.katalon.core.main.ScriptEngine.runScriptAsRawText(ScriptEngine.java:119)
	at com.kms.katalon.core.main.TestCaseExecutor.runScript(TestCaseExecutor.java:448)
	at com.kms.katalon.core.main.TestCaseExecutor.doExecute(TestCaseExecutor.java:439)
	at com.kms.katalon.core.main.TestCaseExecutor.processExecutionPhase(TestCaseExecutor.java:418)
	at com.kms.katalon.core.main.TestCaseExecutor.accessMainPhase(TestCaseExecutor.java:410)
	at com.kms.katalon.core.main.TestCaseExecutor.execute(TestCaseExecutor.java:285)
	at com.kms.katalon.core.common.CommonExecutor.accessTestCaseMainPhase(CommonExecutor.java:65)
	at com.kms.katalon.core.main.TestSuiteExecutor.accessTestSuiteMainPhase(TestSuiteExecutor.java:148)
	at com.kms.katalon.core.main.TestSuiteExecutor.execute(TestSuiteExecutor.java:106)
	at com.kms.katalon.core.main.TestCaseMain.startTestSuite(TestCaseMain.java:187)
	at com.kms.katalon.core.main.TestCaseMain$startTestSuite$0.call(Unknown Source)
	at TempTestSuite1722769113368.run(TempTestSuite1722769113368.groovy:35)
)
[[ATTACHMENT|C:\\Users\\FatimaIbeid\\git\\NetCell\\Reports\\20240804_135833\\PM\\Hwauei\\TopX\\Regression TopX 2G\\20240804_135833\\1722772175791.png]]

2024-08-04 14:49:36 - [MESSAGE][FAILED] - Unable to verify object 'Object Repository/PM/Huawei-vendor/Chart' is present (Root cause: com.kms.katalon.core.exception.StepFailedException: Unable to verify object 'Object Repository/PM/Huawei-vendor/Chart' is present
	at com.kms.katalon.core.webui.keyword.internal.WebUIKeywordMain.stepFailed(WebUIKeywordMain.groovy:64)
	at com.kms.katalon.core.webui.keyword.internal.WebUIKeywordMain.runKeyword(WebUIKeywordMain.groovy:26)
	at com.kms.katalon.core.webui.keyword.builtin.VerifyElementPresentKeyword.verifyElementPresent(VerifyElementPresentKeyword.groovy:92)
	at com.kms.katalon.core.webui.keyword.builtin.VerifyElementPresentKeyword.execute(VerifyElementPresentKeyword.groovy:68)
	at com.kms.katalon.core.keyword.internal.KeywordExecutor.executeKeywordForPlatform(KeywordExecutor.groovy:74)
	at com.kms.katalon.core.webui.keyword.WebUiBuiltInKeywords.verifyElementPresent(WebUiBuiltInKeywords.groovy:1464)
	at com.kms.katalon.core.webui.keyword.WebUiBuiltInKeywords$verifyElementPresent$6.call(Unknown Source)
	at PMHwaueiTopX.TopX(PMHwaueiTopX.groovy:1593)
	at PMHwaueiTopX.invokeMethod(PMHwaueiTopX.groovy)
	at com.kms.katalon.core.main.CustomKeywordDelegatingMetaClass.invokeStaticMethod(CustomKeywordDelegatingMetaClass.java:55)
	at TopX 2G Governorate DailyBH.run(TopX 2G Governorate DailyBH:29)
	at com.kms.katalon.core.main.ScriptEngine.run(ScriptEngine.java:194)
	at com.kms.katalon.core.main.ScriptEngine.runScriptAsRawText(ScriptEngine.java:119)
	at com.kms.katalon.core.main.TestCaseExecutor.runScript(TestCaseExecutor.java:448)
	at com.kms.katalon.core.main.TestCaseExecutor.doExecute(TestCaseExecutor.java:439)
	at com.kms.katalon.core.main.TestCaseExecutor.processExecutionPhase(TestCaseExecutor.java:418)
	at com.kms.katalon.core.main.TestCaseExecutor.accessMainPhase(TestCaseExecutor.java:410)
	at com.kms.katalon.core.main.TestCaseExecutor.execute(TestCaseExecutor.java:285)
	at com.kms.katalon.core.common.CommonExecutor.accessTestCaseMainPhase(CommonExecutor.java:65)
	at com.kms.katalon.core.main.TestSuiteExecutor.accessTestSuiteMainPhase(TestSuiteExecutor.java:148)
	at com.kms.katalon.core.main.TestSuiteExecutor.execute(TestSuiteExecutor.java:106)
	at com.kms.katalon.core.main.TestCaseMain.startTestSuite(TestCaseMain.java:187)
	at com.kms.katalon.core.main.TestCaseMain$startTestSuite$0.call(Unknown Source)
	at TempTestSuite1722769113368.run(TempTestSuite1722769113368.groovy:35)
Caused by: com.kms.katalon.core.exception.StepFailedException: com.kms.katalon.core.webui.exception.WebElementNotFoundException: Web element with id: 'Object Repository/PM/Huawei-vendor/Chart' located by '//*[@id="chart-container"]/div/app-main-chart-component[1]/div/div[2]/div[2]/div/div/div[1]/canvas' not found
	at com.kms.katalon.core.webui.keyword.internal.WebUIKeywordMain.stepFailed(WebUIKeywordMain.groovy:64)
	at com.kms.katalon.core.webui.keyword.builtin.VerifyElementPresentKeyword$_verifyElementPresent_closure1.doCall(VerifyElementPresentKeyword.groovy:85)
	at com.kms.katalon.core.webui.keyword.builtin.VerifyElementPresentKeyword$_verifyElementPresent_closure1.call(VerifyElementPresentKeyword.groovy)
	at com.kms.katalon.core.webui.keyword.internal.WebUIKeywordMain.runKeyword(WebUIKeywordMain.groovy:20)
	... 22 more
)
[[ATTACHMENT|C:\\Users\\FatimaIbeid\\git\\NetCell\\Reports\\20240804_135833\\PM\\Hwauei\\TopX\\Regression TopX 2G\\20240804_135833\\1722772175984.png]]

2024-08-04 14:49:36 - [MESSAGE][FAILED] - Unable to verify object 'Object Repository/PM/Huawei-vendor/Chart' is present]]></system-out>
         <system-err><![CDATA[2024-08-04 14:46:56 - [TEST_CASE][FAILED] - Test Cases/PM/Hwauei/TopX/2G TopX/XGovernorate/TopX 2G Governorate DailyBH: Test Cases/PM/Hwauei/TopX/2G TopX/XGovernorate/TopX 2G Governorate DailyBH FAILED.
Reason:
com.kms.katalon.core.exception.StepFailedException: Unable to verify object 'Object Repository/PM/Huawei-vendor/Chart' is present
	at com.kms.katalon.core.webui.keyword.internal.WebUIKeywordMain.stepFailed(WebUIKeywordMain.groovy:64)
	at com.kms.katalon.core.webui.keyword.internal.WebUIKeywordMain.runKeyword(WebUIKeywordMain.groovy:26)
	at com.kms.katalon.core.webui.keyword.builtin.VerifyElementPresentKeyword.verifyElementPresent(VerifyElementPresentKeyword.groovy:92)
	at com.kms.katalon.core.webui.keyword.builtin.VerifyElementPresentKeyword.execute(VerifyElementPresentKeyword.groovy:68)
	at com.kms.katalon.core.keyword.internal.KeywordExecutor.executeKeywordForPlatform(KeywordExecutor.groovy:74)
	at com.kms.katalon.core.webui.keyword.WebUiBuiltInKeywords.verifyElementPresent(WebUiBuiltInKeywords.groovy:1464)
	at com.kms.katalon.core.webui.keyword.WebUiBuiltInKeywords$verifyElementPresent$6.call(Unknown Source)
	at PMHwaueiTopX.TopX(PMHwaueiTopX.groovy:1593)
	at PMHwaueiTopX.invokeMethod(PMHwaueiTopX.groovy)
	at com.kms.katalon.core.main.CustomKeywordDelegatingMetaClass.invokeStaticMethod(CustomKeywordDelegatingMetaClass.java:55)
	at TopX 2G Governorate DailyBH.run(TopX 2G Governorate DailyBH:29)
	at com.kms.katalon.core.main.ScriptEngine.run(ScriptEngine.java:194)
	at com.kms.katalon.core.main.ScriptEngine.runScriptAsRawText(ScriptEngine.java:119)
	at com.kms.katalon.core.main.TestCaseExecutor.runScript(TestCaseExecutor.java:448)
	at com.kms.katalon.core.main.TestCaseExecutor.doExecute(TestCaseExecutor.java:439)
	at com.kms.katalon.core.main.TestCaseExecutor.processExecutionPhase(TestCaseExecutor.java:418)
	at com.kms.katalon.core.main.TestCaseExecutor.accessMainPhase(TestCaseExecutor.java:410)
	at com.kms.katalon.core.main.TestCaseExecutor.execute(TestCaseExecutor.java:285)
	at com.kms.katalon.core.common.CommonExecutor.accessTestCaseMainPhase(CommonExecutor.java:65)
	at com.kms.katalon.core.main.TestSuiteExecutor.accessTestSuiteMainPhase(TestSuiteExecutor.java:148)
	at com.kms.katalon.core.main.TestSuiteExecutor.execute(TestSuiteExecutor.java:106)
	at com.kms.katalon.core.main.TestCaseMain.startTestSuite(TestCaseMain.java:187)
	at com.kms.katalon.core.main.TestCaseMain$startTestSuite$0.call(Unknown Source)
	at TempTestSuite1722769113368.run(TempTestSuite1722769113368.groovy:35)
Caused by: com.kms.katalon.core.exception.StepFailedException: com.kms.katalon.core.webui.exception.WebElementNotFoundException: Web element with id: 'Object Repository/PM/Huawei-vendor/Chart' located by '//*[@id="chart-container"]/div/app-main-chart-component[1]/div/div[2]/div[2]/div/div/div[1]/canvas' not found
	at com.kms.katalon.core.webui.keyword.internal.WebUIKeywordMain.stepFailed(WebUIKeywordMain.groovy:64)
	at com.kms.katalon.core.webui.keyword.builtin.VerifyElementPresentKeyword$_verifyElementPresent_closure1.doCall(VerifyElementPresentKeyword.groovy:85)
	at com.kms.katalon.core.webui.keyword.builtin.VerifyElementPresentKeyword$_verifyElementPresent_closure1.call(VerifyElementPresentKeyword.groovy)
	at com.kms.katalon.core.webui.keyword.internal.WebUIKeywordMain.runKeyword(WebUIKeywordMain.groovy:20)
	... 22 more]]></system-err>
      </testcase>
      <system-out><![CDATA[2024-08-04 13:58:36 - [TEST_SUITE][FAILED] - Regression TopX 2G: Test Cases/PM/Hwauei/TopX/2G TopX/XPLMN/TopX 2G PLMN DailyBH FAILED.
Reason:
com.kms.katalon.core.exception.StepFailedException: Unable to verify object 'Object Repository/PM/Huawei-vendor/Chart' is present
	at com.kms.katalon.core.webui.keyword.internal.WebUIKeywordMain.stepFailed(WebUIKeywordMain.groovy:64)
	at com.kms.katalon.core.webui.keyword.internal.WebUIKeywordMain.runKeyword(WebUIKeywordMain.groovy:26)
	at com.kms.katalon.core.webui.keyword.builtin.VerifyElementPresentKeyword.verifyElementPresent(VerifyElementPresentKeyword.groovy:92)
	at com.kms.katalon.core.webui.keyword.builtin.VerifyElementPresentKeyword.execute(VerifyElementPresentKeyword.groovy:68)
	at com.kms.katalon.core.keyword.internal.KeywordExecutor.executeKeywordForPlatform(KeywordExecutor.groovy:74)
	at com.kms.katalon.core.webui.keyword.WebUiBuiltInKeywords.verifyElementPresent(WebUiBuiltInKeywords.groovy:1464)
	at com.kms.katalon.core.webui.keyword.WebUiBuiltInKeywords$verifyElementPresent$6.call(Unknown Source)
	at PMHwaueiTopX.TopX(PMHwaueiTopX.groovy:1593)
	at PMHwaueiTopX.invokeMethod(PMHwaueiTopX.groovy)
	at com.kms.katalon.core.main.CustomKeywordDelegatingMetaClass.invokeStaticMethod(CustomKeywordDelegatingMetaClass.java:55)
	at TopX 2G PLMN DailyBH.run(TopX 2G PLMN DailyBH:29)
	at com.kms.katalon.core.main.ScriptEngine.run(ScriptEngine.java:194)
	at com.kms.katalon.core.main.ScriptEngine.runScriptAsRawText(ScriptEngine.java:119)
	at com.kms.katalon.core.main.TestCaseExecutor.runScript(TestCaseExecutor.java:448)
	at com.kms.katalon.core.main.TestCaseExecutor.doExecute(TestCaseExecutor.java:439)
	at com.kms.katalon.core.main.TestCaseExecutor.processExecutionPhase(TestCaseExecutor.java:418)
	at com.kms.katalon.core.main.TestCaseExecutor.accessMainPhase(TestCaseExecutor.java:410)
	at com.kms.katalon.core.main.TestCaseExecutor.execute(TestCaseExecutor.java:285)
	at com.kms.katalon.core.common.CommonExecutor.accessTestCaseMainPhase(CommonExecutor.java:65)
	at com.kms.katalon.core.main.TestSuiteExecutor.accessTestSuiteMainPhase(TestSuiteExecutor.java:148)
	at com.kms.katalon.core.main.TestSuiteExecutor.execute(TestSuiteExecutor.java:106)
	at com.kms.katalon.core.main.TestCaseMain.startTestSuite(TestCaseMain.java:187)
	at com.kms.katalon.core.main.TestCaseMain$startTestSuite$0.call(Unknown Source)
	at TempTestSuite1722769113368.run(TempTestSuite1722769113368.groovy:35)
Caused by: com.kms.katalon.core.exception.StepFailedException: com.kms.katalon.core.webui.exception.WebElementNotFoundException: Web element with id: 'Object Repository/PM/Huawei-vendor/Chart' located by '//*[@id="chart-container"]/div/app-main-chart-component[1]/div/div[2]/div[2]/div/div/div[1]/canvas' not found
	at com.kms.katalon.core.webui.keyword.internal.WebUIKeywordMain.stepFailed(WebUIKeywordMain.groovy:64)
	at com.kms.katalon.core.webui.keyword.builtin.VerifyElementPresentKeyword$_verifyElementPresent_closure1.doCall(VerifyElementPresentKeyword.groovy:85)
	at com.kms.katalon.core.webui.keyword.builtin.VerifyElementPresentKeyword$_verifyElementPresent_closure1.call(VerifyElementPresentKeyword.groovy)
	at com.kms.katalon.core.webui.keyword.internal.WebUIKeywordMain.runKeyword(WebUIKeywordMain.groovy:20)
	... 22 more]]></system-out>
      <system-err><![CDATA[2024-08-04 13:58:36 - [TEST_SUITE][FAILED] - Regression TopX 2G: Test Cases/PM/Hwauei/TopX/2G TopX/XPLMN/TopX 2G PLMN DailyBH FAILED.
Reason:
com.kms.katalon.core.exception.StepFailedException: Unable to verify object 'Object Repository/PM/Huawei-vendor/Chart' is present
	at com.kms.katalon.core.webui.keyword.internal.WebUIKeywordMain.stepFailed(WebUIKeywordMain.groovy:64)
	at com.kms.katalon.core.webui.keyword.internal.WebUIKeywordMain.runKeyword(WebUIKeywordMain.groovy:26)
	at com.kms.katalon.core.webui.keyword.builtin.VerifyElementPresentKeyword.verifyElementPresent(VerifyElementPresentKeyword.groovy:92)
	at com.kms.katalon.core.webui.keyword.builtin.VerifyElementPresentKeyword.execute(VerifyElementPresentKeyword.groovy:68)
	at com.kms.katalon.core.keyword.internal.KeywordExecutor.executeKeywordForPlatform(KeywordExecutor.groovy:74)
	at com.kms.katalon.core.webui.keyword.WebUiBuiltInKeywords.verifyElementPresent(WebUiBuiltInKeywords.groovy:1464)
	at com.kms.katalon.core.webui.keyword.WebUiBuiltInKeywords$verifyElementPresent$6.call(Unknown Source)
	at PMHwaueiTopX.TopX(PMHwaueiTopX.groovy:1593)
	at PMHwaueiTopX.invokeMethod(PMHwaueiTopX.groovy)
	at com.kms.katalon.core.main.CustomKeywordDelegatingMetaClass.invokeStaticMethod(CustomKeywordDelegatingMetaClass.java:55)
	at TopX 2G PLMN DailyBH.run(TopX 2G PLMN DailyBH:29)
	at com.kms.katalon.core.main.ScriptEngine.run(ScriptEngine.java:194)
	at com.kms.katalon.core.main.ScriptEngine.runScriptAsRawText(ScriptEngine.java:119)
	at com.kms.katalon.core.main.TestCaseExecutor.runScript(TestCaseExecutor.java:448)
	at com.kms.katalon.core.main.TestCaseExecutor.doExecute(TestCaseExecutor.java:439)
	at com.kms.katalon.core.main.TestCaseExecutor.processExecutionPhase(TestCaseExecutor.java:418)
	at com.kms.katalon.core.main.TestCaseExecutor.accessMainPhase(TestCaseExecutor.java:410)
	at com.kms.katalon.core.main.TestCaseExecutor.execute(TestCaseExecutor.java:285)
	at com.kms.katalon.core.common.CommonExecutor.accessTestCaseMainPhase(CommonExecutor.java:65)
	at com.kms.katalon.core.main.TestSuiteExecutor.accessTestSuiteMainPhase(TestSuiteExecutor.java:148)
	at com.kms.katalon.core.main.TestSuiteExecutor.execute(TestSuiteExecutor.java:106)
	at com.kms.katalon.core.main.TestCaseMain.startTestSuite(TestCaseMain.java:187)
	at com.kms.katalon.core.main.TestCaseMain$startTestSuite$0.call(Unknown Source)
	at TempTestSuite1722769113368.run(TempTestSuite1722769113368.groovy:35)
Caused by: com.kms.katalon.core.exception.StepFailedException: com.kms.katalon.core.webui.exception.WebElementNotFoundException: Web element with id: 'Object Repository/PM/Huawei-vendor/Chart' located by '//*[@id="chart-container"]/div/app-main-chart-component[1]/div/div[2]/div[2]/div/div/div[1]/canvas' not found
	at com.kms.katalon.core.webui.keyword.internal.WebUIKeywordMain.stepFailed(WebUIKeywordMain.groovy:64)
	at com.kms.katalon.core.webui.keyword.builtin.VerifyElementPresentKeyword$_verifyElementPresent_closure1.doCall(VerifyElementPresentKeyword.groovy:85)
	at com.kms.katalon.core.webui.keyword.builtin.VerifyElementPresentKeyword$_verifyElementPresent_closure1.call(VerifyElementPresentKeyword.groovy)
	at com.kms.katalon.core.webui.keyword.internal.WebUIKeywordMain.runKeyword(WebUIKeywordMain.groovy:20)
	... 22 more]]></system-err>
   </testsuite>
</testsuites>
